[2023-03-22T14:53:33.544-0400] {processor.py:153} INFO - Started process (PID=69532) to work on /Users/sunanda/Downloads/airflow/py_env/lib/python3.9/site-packages/airflow/example_dags/subdags/subdag.py
[2023-03-22T14:53:33.546-0400] {processor.py:743} INFO - Processing file /Users/sunanda/Downloads/airflow/py_env/lib/python3.9/site-packages/airflow/example_dags/subdags/subdag.py for tasks to queue
[2023-03-22T14:53:33.546-0400] {logging_mixin.py:137} INFO - [2023-03-22T14:53:33.546-0400] {dagbag.py:538} INFO - Filling up the DagBag from /Users/sunanda/Downloads/airflow/py_env/lib/python3.9/site-packages/airflow/example_dags/subdags/subdag.py
[2023-03-22T14:53:33.552-0400] {processor.py:755} WARNING - No viable dags retrieved from /Users/sunanda/Downloads/airflow/py_env/lib/python3.9/site-packages/airflow/example_dags/subdags/subdag.py
[2023-03-22T14:53:33.745-0400] {processor.py:175} INFO - Processing /Users/sunanda/Downloads/airflow/py_env/lib/python3.9/site-packages/airflow/example_dags/subdags/subdag.py took 0.202 seconds
[2023-03-22T14:54:46.924-0400] {processor.py:153} INFO - Started process (PID=69646) to work on /Users/sunanda/Downloads/airflow/py_env/lib/python3.9/site-packages/airflow/example_dags/subdags/subdag.py
[2023-03-22T14:54:46.926-0400] {processor.py:743} INFO - Processing file /Users/sunanda/Downloads/airflow/py_env/lib/python3.9/site-packages/airflow/example_dags/subdags/subdag.py for tasks to queue
[2023-03-22T14:54:46.927-0400] {logging_mixin.py:137} INFO - [2023-03-22T14:54:46.926-0400] {dagbag.py:538} INFO - Filling up the DagBag from /Users/sunanda/Downloads/airflow/py_env/lib/python3.9/site-packages/airflow/example_dags/subdags/subdag.py
[2023-03-22T14:54:46.932-0400] {processor.py:755} WARNING - No viable dags retrieved from /Users/sunanda/Downloads/airflow/py_env/lib/python3.9/site-packages/airflow/example_dags/subdags/subdag.py
[2023-03-22T14:54:47.124-0400] {processor.py:175} INFO - Processing /Users/sunanda/Downloads/airflow/py_env/lib/python3.9/site-packages/airflow/example_dags/subdags/subdag.py took 0.200 seconds
[2023-03-22T14:55:29.209-0400] {processor.py:153} INFO - Started process (PID=69713) to work on /Users/sunanda/Downloads/airflow/py_env/lib/python3.9/site-packages/airflow/example_dags/subdags/subdag.py
[2023-03-22T14:55:29.211-0400] {processor.py:743} INFO - Processing file /Users/sunanda/Downloads/airflow/py_env/lib/python3.9/site-packages/airflow/example_dags/subdags/subdag.py for tasks to queue
[2023-03-22T14:55:29.212-0400] {logging_mixin.py:137} INFO - [2023-03-22T14:55:29.212-0400] {dagbag.py:538} INFO - Filling up the DagBag from /Users/sunanda/Downloads/airflow/py_env/lib/python3.9/site-packages/airflow/example_dags/subdags/subdag.py
[2023-03-22T14:55:29.217-0400] {processor.py:755} WARNING - No viable dags retrieved from /Users/sunanda/Downloads/airflow/py_env/lib/python3.9/site-packages/airflow/example_dags/subdags/subdag.py
[2023-03-22T14:55:29.412-0400] {processor.py:175} INFO - Processing /Users/sunanda/Downloads/airflow/py_env/lib/python3.9/site-packages/airflow/example_dags/subdags/subdag.py took 0.203 seconds
[2023-03-22T14:56:08.303-0400] {processor.py:153} INFO - Started process (PID=69776) to work on /Users/sunanda/Downloads/airflow/py_env/lib/python3.9/site-packages/airflow/example_dags/subdags/subdag.py
[2023-03-22T14:56:08.306-0400] {processor.py:743} INFO - Processing file /Users/sunanda/Downloads/airflow/py_env/lib/python3.9/site-packages/airflow/example_dags/subdags/subdag.py for tasks to queue
[2023-03-22T14:56:08.306-0400] {logging_mixin.py:137} INFO - [2023-03-22T14:56:08.306-0400] {dagbag.py:538} INFO - Filling up the DagBag from /Users/sunanda/Downloads/airflow/py_env/lib/python3.9/site-packages/airflow/example_dags/subdags/subdag.py
[2023-03-22T14:56:08.312-0400] {processor.py:755} WARNING - No viable dags retrieved from /Users/sunanda/Downloads/airflow/py_env/lib/python3.9/site-packages/airflow/example_dags/subdags/subdag.py
[2023-03-22T14:56:08.520-0400] {processor.py:175} INFO - Processing /Users/sunanda/Downloads/airflow/py_env/lib/python3.9/site-packages/airflow/example_dags/subdags/subdag.py took 0.217 seconds
[2023-03-22T14:56:49.065-0400] {processor.py:153} INFO - Started process (PID=69838) to work on /Users/sunanda/Downloads/airflow/py_env/lib/python3.9/site-packages/airflow/example_dags/subdags/subdag.py
[2023-03-22T14:56:49.067-0400] {processor.py:743} INFO - Processing file /Users/sunanda/Downloads/airflow/py_env/lib/python3.9/site-packages/airflow/example_dags/subdags/subdag.py for tasks to queue
[2023-03-22T14:56:49.067-0400] {logging_mixin.py:137} INFO - [2023-03-22T14:56:49.067-0400] {dagbag.py:538} INFO - Filling up the DagBag from /Users/sunanda/Downloads/airflow/py_env/lib/python3.9/site-packages/airflow/example_dags/subdags/subdag.py
[2023-03-22T14:56:49.074-0400] {processor.py:755} WARNING - No viable dags retrieved from /Users/sunanda/Downloads/airflow/py_env/lib/python3.9/site-packages/airflow/example_dags/subdags/subdag.py
[2023-03-22T14:56:49.269-0400] {processor.py:175} INFO - Processing /Users/sunanda/Downloads/airflow/py_env/lib/python3.9/site-packages/airflow/example_dags/subdags/subdag.py took 0.204 seconds
[2023-03-22T14:57:29.976-0400] {processor.py:153} INFO - Started process (PID=69902) to work on /Users/sunanda/Downloads/airflow/py_env/lib/python3.9/site-packages/airflow/example_dags/subdags/subdag.py
[2023-03-22T14:57:29.978-0400] {processor.py:743} INFO - Processing file /Users/sunanda/Downloads/airflow/py_env/lib/python3.9/site-packages/airflow/example_dags/subdags/subdag.py for tasks to queue
[2023-03-22T14:57:29.979-0400] {logging_mixin.py:137} INFO - [2023-03-22T14:57:29.979-0400] {dagbag.py:538} INFO - Filling up the DagBag from /Users/sunanda/Downloads/airflow/py_env/lib/python3.9/site-packages/airflow/example_dags/subdags/subdag.py
[2023-03-22T14:57:29.984-0400] {processor.py:755} WARNING - No viable dags retrieved from /Users/sunanda/Downloads/airflow/py_env/lib/python3.9/site-packages/airflow/example_dags/subdags/subdag.py
[2023-03-22T14:57:30.181-0400] {processor.py:175} INFO - Processing /Users/sunanda/Downloads/airflow/py_env/lib/python3.9/site-packages/airflow/example_dags/subdags/subdag.py took 0.205 seconds
[2023-03-22T14:58:10.641-0400] {processor.py:153} INFO - Started process (PID=69966) to work on /Users/sunanda/Downloads/airflow/py_env/lib/python3.9/site-packages/airflow/example_dags/subdags/subdag.py
[2023-03-22T14:58:10.644-0400] {processor.py:743} INFO - Processing file /Users/sunanda/Downloads/airflow/py_env/lib/python3.9/site-packages/airflow/example_dags/subdags/subdag.py for tasks to queue
[2023-03-22T14:58:10.644-0400] {logging_mixin.py:137} INFO - [2023-03-22T14:58:10.644-0400] {dagbag.py:538} INFO - Filling up the DagBag from /Users/sunanda/Downloads/airflow/py_env/lib/python3.9/site-packages/airflow/example_dags/subdags/subdag.py
[2023-03-22T14:58:10.651-0400] {processor.py:755} WARNING - No viable dags retrieved from /Users/sunanda/Downloads/airflow/py_env/lib/python3.9/site-packages/airflow/example_dags/subdags/subdag.py
[2023-03-22T14:58:10.853-0400] {processor.py:175} INFO - Processing /Users/sunanda/Downloads/airflow/py_env/lib/python3.9/site-packages/airflow/example_dags/subdags/subdag.py took 0.212 seconds
[2023-03-22T14:58:55.722-0400] {processor.py:153} INFO - Started process (PID=70036) to work on /Users/sunanda/Downloads/airflow/py_env/lib/python3.9/site-packages/airflow/example_dags/subdags/subdag.py
[2023-03-22T14:58:55.725-0400] {processor.py:743} INFO - Processing file /Users/sunanda/Downloads/airflow/py_env/lib/python3.9/site-packages/airflow/example_dags/subdags/subdag.py for tasks to queue
[2023-03-22T14:58:55.725-0400] {logging_mixin.py:137} INFO - [2023-03-22T14:58:55.725-0400] {dagbag.py:538} INFO - Filling up the DagBag from /Users/sunanda/Downloads/airflow/py_env/lib/python3.9/site-packages/airflow/example_dags/subdags/subdag.py
[2023-03-22T14:58:55.731-0400] {processor.py:755} WARNING - No viable dags retrieved from /Users/sunanda/Downloads/airflow/py_env/lib/python3.9/site-packages/airflow/example_dags/subdags/subdag.py
[2023-03-22T14:58:55.972-0400] {processor.py:175} INFO - Processing /Users/sunanda/Downloads/airflow/py_env/lib/python3.9/site-packages/airflow/example_dags/subdags/subdag.py took 0.250 seconds
[2023-03-22T14:59:38.804-0400] {processor.py:153} INFO - Started process (PID=70106) to work on /Users/sunanda/Downloads/airflow/py_env/lib/python3.9/site-packages/airflow/example_dags/subdags/subdag.py
[2023-03-22T14:59:38.807-0400] {processor.py:743} INFO - Processing file /Users/sunanda/Downloads/airflow/py_env/lib/python3.9/site-packages/airflow/example_dags/subdags/subdag.py for tasks to queue
[2023-03-22T14:59:38.807-0400] {logging_mixin.py:137} INFO - [2023-03-22T14:59:38.807-0400] {dagbag.py:538} INFO - Filling up the DagBag from /Users/sunanda/Downloads/airflow/py_env/lib/python3.9/site-packages/airflow/example_dags/subdags/subdag.py
[2023-03-22T14:59:38.812-0400] {processor.py:755} WARNING - No viable dags retrieved from /Users/sunanda/Downloads/airflow/py_env/lib/python3.9/site-packages/airflow/example_dags/subdags/subdag.py
[2023-03-22T14:59:39.013-0400] {processor.py:175} INFO - Processing /Users/sunanda/Downloads/airflow/py_env/lib/python3.9/site-packages/airflow/example_dags/subdags/subdag.py took 0.209 seconds
[2023-03-22T15:00:21.668-0400] {processor.py:153} INFO - Started process (PID=70172) to work on /Users/sunanda/Downloads/airflow/py_env/lib/python3.9/site-packages/airflow/example_dags/subdags/subdag.py
[2023-03-22T15:00:21.670-0400] {processor.py:743} INFO - Processing file /Users/sunanda/Downloads/airflow/py_env/lib/python3.9/site-packages/airflow/example_dags/subdags/subdag.py for tasks to queue
[2023-03-22T15:00:21.670-0400] {logging_mixin.py:137} INFO - [2023-03-22T15:00:21.670-0400] {dagbag.py:538} INFO - Filling up the DagBag from /Users/sunanda/Downloads/airflow/py_env/lib/python3.9/site-packages/airflow/example_dags/subdags/subdag.py
[2023-03-22T15:00:21.675-0400] {processor.py:755} WARNING - No viable dags retrieved from /Users/sunanda/Downloads/airflow/py_env/lib/python3.9/site-packages/airflow/example_dags/subdags/subdag.py
[2023-03-22T15:00:21.877-0400] {processor.py:175} INFO - Processing /Users/sunanda/Downloads/airflow/py_env/lib/python3.9/site-packages/airflow/example_dags/subdags/subdag.py took 0.210 seconds
[2023-03-22T15:01:04.494-0400] {processor.py:153} INFO - Started process (PID=70240) to work on /Users/sunanda/Downloads/airflow/py_env/lib/python3.9/site-packages/airflow/example_dags/subdags/subdag.py
[2023-03-22T15:01:04.496-0400] {processor.py:743} INFO - Processing file /Users/sunanda/Downloads/airflow/py_env/lib/python3.9/site-packages/airflow/example_dags/subdags/subdag.py for tasks to queue
[2023-03-22T15:01:04.496-0400] {logging_mixin.py:137} INFO - [2023-03-22T15:01:04.496-0400] {dagbag.py:538} INFO - Filling up the DagBag from /Users/sunanda/Downloads/airflow/py_env/lib/python3.9/site-packages/airflow/example_dags/subdags/subdag.py
[2023-03-22T15:01:04.502-0400] {processor.py:755} WARNING - No viable dags retrieved from /Users/sunanda/Downloads/airflow/py_env/lib/python3.9/site-packages/airflow/example_dags/subdags/subdag.py
[2023-03-22T15:01:04.718-0400] {processor.py:175} INFO - Processing /Users/sunanda/Downloads/airflow/py_env/lib/python3.9/site-packages/airflow/example_dags/subdags/subdag.py took 0.225 seconds
[2023-03-22T15:01:48.346-0400] {processor.py:153} INFO - Started process (PID=70312) to work on /Users/sunanda/Downloads/airflow/py_env/lib/python3.9/site-packages/airflow/example_dags/subdags/subdag.py
[2023-03-22T15:01:48.348-0400] {processor.py:743} INFO - Processing file /Users/sunanda/Downloads/airflow/py_env/lib/python3.9/site-packages/airflow/example_dags/subdags/subdag.py for tasks to queue
[2023-03-22T15:01:48.348-0400] {logging_mixin.py:137} INFO - [2023-03-22T15:01:48.348-0400] {dagbag.py:538} INFO - Filling up the DagBag from /Users/sunanda/Downloads/airflow/py_env/lib/python3.9/site-packages/airflow/example_dags/subdags/subdag.py
[2023-03-22T15:01:48.354-0400] {processor.py:755} WARNING - No viable dags retrieved from /Users/sunanda/Downloads/airflow/py_env/lib/python3.9/site-packages/airflow/example_dags/subdags/subdag.py
[2023-03-22T15:01:48.556-0400] {processor.py:175} INFO - Processing /Users/sunanda/Downloads/airflow/py_env/lib/python3.9/site-packages/airflow/example_dags/subdags/subdag.py took 0.210 seconds
[2023-03-22T15:02:31.112-0400] {processor.py:153} INFO - Started process (PID=70380) to work on /Users/sunanda/Downloads/airflow/py_env/lib/python3.9/site-packages/airflow/example_dags/subdags/subdag.py
[2023-03-22T15:02:31.114-0400] {processor.py:743} INFO - Processing file /Users/sunanda/Downloads/airflow/py_env/lib/python3.9/site-packages/airflow/example_dags/subdags/subdag.py for tasks to queue
[2023-03-22T15:02:31.115-0400] {logging_mixin.py:137} INFO - [2023-03-22T15:02:31.115-0400] {dagbag.py:538} INFO - Filling up the DagBag from /Users/sunanda/Downloads/airflow/py_env/lib/python3.9/site-packages/airflow/example_dags/subdags/subdag.py
[2023-03-22T15:02:31.121-0400] {processor.py:755} WARNING - No viable dags retrieved from /Users/sunanda/Downloads/airflow/py_env/lib/python3.9/site-packages/airflow/example_dags/subdags/subdag.py
[2023-03-22T15:02:31.316-0400] {processor.py:175} INFO - Processing /Users/sunanda/Downloads/airflow/py_env/lib/python3.9/site-packages/airflow/example_dags/subdags/subdag.py took 0.205 seconds
[2023-03-22T15:03:14.846-0400] {processor.py:153} INFO - Started process (PID=70447) to work on /Users/sunanda/Downloads/airflow/py_env/lib/python3.9/site-packages/airflow/example_dags/subdags/subdag.py
[2023-03-22T15:03:14.848-0400] {processor.py:743} INFO - Processing file /Users/sunanda/Downloads/airflow/py_env/lib/python3.9/site-packages/airflow/example_dags/subdags/subdag.py for tasks to queue
[2023-03-22T15:03:14.848-0400] {logging_mixin.py:137} INFO - [2023-03-22T15:03:14.848-0400] {dagbag.py:538} INFO - Filling up the DagBag from /Users/sunanda/Downloads/airflow/py_env/lib/python3.9/site-packages/airflow/example_dags/subdags/subdag.py
[2023-03-22T15:03:14.854-0400] {processor.py:755} WARNING - No viable dags retrieved from /Users/sunanda/Downloads/airflow/py_env/lib/python3.9/site-packages/airflow/example_dags/subdags/subdag.py
[2023-03-22T15:03:15.056-0400] {processor.py:175} INFO - Processing /Users/sunanda/Downloads/airflow/py_env/lib/python3.9/site-packages/airflow/example_dags/subdags/subdag.py took 0.211 seconds
[2023-03-22T15:03:56.914-0400] {processor.py:153} INFO - Started process (PID=70535) to work on /Users/sunanda/Downloads/airflow/py_env/lib/python3.9/site-packages/airflow/example_dags/subdags/subdag.py
[2023-03-22T15:03:56.918-0400] {processor.py:743} INFO - Processing file /Users/sunanda/Downloads/airflow/py_env/lib/python3.9/site-packages/airflow/example_dags/subdags/subdag.py for tasks to queue
[2023-03-22T15:03:56.918-0400] {logging_mixin.py:137} INFO - [2023-03-22T15:03:56.918-0400] {dagbag.py:538} INFO - Filling up the DagBag from /Users/sunanda/Downloads/airflow/py_env/lib/python3.9/site-packages/airflow/example_dags/subdags/subdag.py
[2023-03-22T15:03:56.924-0400] {processor.py:755} WARNING - No viable dags retrieved from /Users/sunanda/Downloads/airflow/py_env/lib/python3.9/site-packages/airflow/example_dags/subdags/subdag.py
[2023-03-22T15:03:57.122-0400] {processor.py:175} INFO - Processing /Users/sunanda/Downloads/airflow/py_env/lib/python3.9/site-packages/airflow/example_dags/subdags/subdag.py took 0.207 seconds
[2023-03-22T15:04:36.370-0400] {processor.py:153} INFO - Started process (PID=70598) to work on /Users/sunanda/Downloads/airflow/py_env/lib/python3.9/site-packages/airflow/example_dags/subdags/subdag.py
[2023-03-22T15:04:36.373-0400] {processor.py:743} INFO - Processing file /Users/sunanda/Downloads/airflow/py_env/lib/python3.9/site-packages/airflow/example_dags/subdags/subdag.py for tasks to queue
[2023-03-22T15:04:36.373-0400] {logging_mixin.py:137} INFO - [2023-03-22T15:04:36.373-0400] {dagbag.py:538} INFO - Filling up the DagBag from /Users/sunanda/Downloads/airflow/py_env/lib/python3.9/site-packages/airflow/example_dags/subdags/subdag.py
[2023-03-22T15:04:36.379-0400] {processor.py:755} WARNING - No viable dags retrieved from /Users/sunanda/Downloads/airflow/py_env/lib/python3.9/site-packages/airflow/example_dags/subdags/subdag.py
[2023-03-22T15:04:36.577-0400] {processor.py:175} INFO - Processing /Users/sunanda/Downloads/airflow/py_env/lib/python3.9/site-packages/airflow/example_dags/subdags/subdag.py took 0.207 seconds
[2023-03-22T15:05:16.024-0400] {processor.py:153} INFO - Started process (PID=70663) to work on /Users/sunanda/Downloads/airflow/py_env/lib/python3.9/site-packages/airflow/example_dags/subdags/subdag.py
[2023-03-22T15:05:16.027-0400] {processor.py:743} INFO - Processing file /Users/sunanda/Downloads/airflow/py_env/lib/python3.9/site-packages/airflow/example_dags/subdags/subdag.py for tasks to queue
[2023-03-22T15:05:16.027-0400] {logging_mixin.py:137} INFO - [2023-03-22T15:05:16.027-0400] {dagbag.py:538} INFO - Filling up the DagBag from /Users/sunanda/Downloads/airflow/py_env/lib/python3.9/site-packages/airflow/example_dags/subdags/subdag.py
[2023-03-22T15:05:16.033-0400] {processor.py:755} WARNING - No viable dags retrieved from /Users/sunanda/Downloads/airflow/py_env/lib/python3.9/site-packages/airflow/example_dags/subdags/subdag.py
[2023-03-22T15:05:16.317-0400] {processor.py:175} INFO - Processing /Users/sunanda/Downloads/airflow/py_env/lib/python3.9/site-packages/airflow/example_dags/subdags/subdag.py took 0.294 seconds
[2023-03-22T15:05:58.717-0400] {processor.py:153} INFO - Started process (PID=70733) to work on /Users/sunanda/Downloads/airflow/py_env/lib/python3.9/site-packages/airflow/example_dags/subdags/subdag.py
[2023-03-22T15:05:58.721-0400] {processor.py:743} INFO - Processing file /Users/sunanda/Downloads/airflow/py_env/lib/python3.9/site-packages/airflow/example_dags/subdags/subdag.py for tasks to queue
[2023-03-22T15:05:58.721-0400] {logging_mixin.py:137} INFO - [2023-03-22T15:05:58.721-0400] {dagbag.py:538} INFO - Filling up the DagBag from /Users/sunanda/Downloads/airflow/py_env/lib/python3.9/site-packages/airflow/example_dags/subdags/subdag.py
[2023-03-22T15:05:58.727-0400] {processor.py:755} WARNING - No viable dags retrieved from /Users/sunanda/Downloads/airflow/py_env/lib/python3.9/site-packages/airflow/example_dags/subdags/subdag.py
[2023-03-22T15:05:58.922-0400] {processor.py:175} INFO - Processing /Users/sunanda/Downloads/airflow/py_env/lib/python3.9/site-packages/airflow/example_dags/subdags/subdag.py took 0.205 seconds
[2023-03-22T16:18:04.662-0400] {processor.py:153} INFO - Started process (PID=74830) to work on /Users/sunanda/Downloads/airflow/py_env/lib/python3.9/site-packages/airflow/example_dags/subdags/subdag.py
[2023-03-22T16:18:04.665-0400] {processor.py:743} INFO - Processing file /Users/sunanda/Downloads/airflow/py_env/lib/python3.9/site-packages/airflow/example_dags/subdags/subdag.py for tasks to queue
[2023-03-22T16:18:04.666-0400] {logging_mixin.py:137} INFO - [2023-03-22T16:18:04.666-0400] {dagbag.py:538} INFO - Filling up the DagBag from /Users/sunanda/Downloads/airflow/py_env/lib/python3.9/site-packages/airflow/example_dags/subdags/subdag.py
[2023-03-22T16:18:04.671-0400] {processor.py:755} WARNING - No viable dags retrieved from /Users/sunanda/Downloads/airflow/py_env/lib/python3.9/site-packages/airflow/example_dags/subdags/subdag.py
[2023-03-22T16:18:05.132-0400] {processor.py:175} INFO - Processing /Users/sunanda/Downloads/airflow/py_env/lib/python3.9/site-packages/airflow/example_dags/subdags/subdag.py took 0.471 seconds
[2023-03-22T16:26:11.188-0400] {processor.py:153} INFO - Started process (PID=75362) to work on /Users/sunanda/Downloads/airflow/py_env/lib/python3.9/site-packages/airflow/example_dags/subdags/subdag.py
[2023-03-22T16:26:11.192-0400] {processor.py:743} INFO - Processing file /Users/sunanda/Downloads/airflow/py_env/lib/python3.9/site-packages/airflow/example_dags/subdags/subdag.py for tasks to queue
[2023-03-22T16:26:11.192-0400] {logging_mixin.py:137} INFO - [2023-03-22T16:26:11.192-0400] {dagbag.py:538} INFO - Filling up the DagBag from /Users/sunanda/Downloads/airflow/py_env/lib/python3.9/site-packages/airflow/example_dags/subdags/subdag.py
[2023-03-22T16:26:11.198-0400] {processor.py:755} WARNING - No viable dags retrieved from /Users/sunanda/Downloads/airflow/py_env/lib/python3.9/site-packages/airflow/example_dags/subdags/subdag.py
[2023-03-22T16:26:11.748-0400] {processor.py:175} INFO - Processing /Users/sunanda/Downloads/airflow/py_env/lib/python3.9/site-packages/airflow/example_dags/subdags/subdag.py took 0.560 seconds
[2023-03-22T19:11:00.070-0400] {processor.py:153} INFO - Started process (PID=3738) to work on /Users/sunanda/Downloads/airflow/py_env/lib/python3.9/site-packages/airflow/example_dags/subdags/subdag.py
[2023-03-22T19:11:00.073-0400] {processor.py:743} INFO - Processing file /Users/sunanda/Downloads/airflow/py_env/lib/python3.9/site-packages/airflow/example_dags/subdags/subdag.py for tasks to queue
[2023-03-22T19:11:00.073-0400] {logging_mixin.py:137} INFO - [2023-03-22T19:11:00.073-0400] {dagbag.py:538} INFO - Filling up the DagBag from /Users/sunanda/Downloads/airflow/py_env/lib/python3.9/site-packages/airflow/example_dags/subdags/subdag.py
[2023-03-22T19:11:00.079-0400] {processor.py:755} WARNING - No viable dags retrieved from /Users/sunanda/Downloads/airflow/py_env/lib/python3.9/site-packages/airflow/example_dags/subdags/subdag.py
[2023-03-22T19:11:00.271-0400] {processor.py:175} INFO - Processing /Users/sunanda/Downloads/airflow/py_env/lib/python3.9/site-packages/airflow/example_dags/subdags/subdag.py took 0.201 seconds
[2023-03-22T19:12:13.504-0400] {processor.py:153} INFO - Started process (PID=3858) to work on /Users/sunanda/Downloads/airflow/py_env/lib/python3.9/site-packages/airflow/example_dags/subdags/subdag.py
[2023-03-22T19:12:13.507-0400] {processor.py:743} INFO - Processing file /Users/sunanda/Downloads/airflow/py_env/lib/python3.9/site-packages/airflow/example_dags/subdags/subdag.py for tasks to queue
[2023-03-22T19:12:13.507-0400] {logging_mixin.py:137} INFO - [2023-03-22T19:12:13.507-0400] {dagbag.py:538} INFO - Filling up the DagBag from /Users/sunanda/Downloads/airflow/py_env/lib/python3.9/site-packages/airflow/example_dags/subdags/subdag.py
[2023-03-22T19:12:13.512-0400] {processor.py:755} WARNING - No viable dags retrieved from /Users/sunanda/Downloads/airflow/py_env/lib/python3.9/site-packages/airflow/example_dags/subdags/subdag.py
[2023-03-22T19:12:13.708-0400] {processor.py:175} INFO - Processing /Users/sunanda/Downloads/airflow/py_env/lib/python3.9/site-packages/airflow/example_dags/subdags/subdag.py took 0.204 seconds
[2023-03-22T19:12:57.400-0400] {processor.py:153} INFO - Started process (PID=3925) to work on /Users/sunanda/Downloads/airflow/py_env/lib/python3.9/site-packages/airflow/example_dags/subdags/subdag.py
[2023-03-22T19:12:57.402-0400] {processor.py:743} INFO - Processing file /Users/sunanda/Downloads/airflow/py_env/lib/python3.9/site-packages/airflow/example_dags/subdags/subdag.py for tasks to queue
[2023-03-22T19:12:57.403-0400] {logging_mixin.py:137} INFO - [2023-03-22T19:12:57.403-0400] {dagbag.py:538} INFO - Filling up the DagBag from /Users/sunanda/Downloads/airflow/py_env/lib/python3.9/site-packages/airflow/example_dags/subdags/subdag.py
[2023-03-22T19:12:57.408-0400] {processor.py:755} WARNING - No viable dags retrieved from /Users/sunanda/Downloads/airflow/py_env/lib/python3.9/site-packages/airflow/example_dags/subdags/subdag.py
[2023-03-22T19:12:57.600-0400] {processor.py:175} INFO - Processing /Users/sunanda/Downloads/airflow/py_env/lib/python3.9/site-packages/airflow/example_dags/subdags/subdag.py took 0.201 seconds
[2023-03-22T19:13:40.081-0400] {processor.py:153} INFO - Started process (PID=3994) to work on /Users/sunanda/Downloads/airflow/py_env/lib/python3.9/site-packages/airflow/example_dags/subdags/subdag.py
[2023-03-22T19:13:40.083-0400] {processor.py:743} INFO - Processing file /Users/sunanda/Downloads/airflow/py_env/lib/python3.9/site-packages/airflow/example_dags/subdags/subdag.py for tasks to queue
[2023-03-22T19:13:40.083-0400] {logging_mixin.py:137} INFO - [2023-03-22T19:13:40.083-0400] {dagbag.py:538} INFO - Filling up the DagBag from /Users/sunanda/Downloads/airflow/py_env/lib/python3.9/site-packages/airflow/example_dags/subdags/subdag.py
[2023-03-22T19:13:40.089-0400] {processor.py:755} WARNING - No viable dags retrieved from /Users/sunanda/Downloads/airflow/py_env/lib/python3.9/site-packages/airflow/example_dags/subdags/subdag.py
[2023-03-22T19:13:40.287-0400] {processor.py:175} INFO - Processing /Users/sunanda/Downloads/airflow/py_env/lib/python3.9/site-packages/airflow/example_dags/subdags/subdag.py took 0.206 seconds
[2023-03-22T19:13:52.842-0400] {processor.py:153} INFO - Started process (PID=4015) to work on /Users/sunanda/Downloads/airflow/py_env/lib/python3.9/site-packages/airflow/example_dags/subdags/subdag.py
[2023-03-22T19:13:52.844-0400] {processor.py:743} INFO - Processing file /Users/sunanda/Downloads/airflow/py_env/lib/python3.9/site-packages/airflow/example_dags/subdags/subdag.py for tasks to queue
[2023-03-22T19:13:52.845-0400] {logging_mixin.py:137} INFO - [2023-03-22T19:13:52.845-0400] {dagbag.py:538} INFO - Filling up the DagBag from /Users/sunanda/Downloads/airflow/py_env/lib/python3.9/site-packages/airflow/example_dags/subdags/subdag.py
[2023-03-22T19:13:52.850-0400] {processor.py:755} WARNING - No viable dags retrieved from /Users/sunanda/Downloads/airflow/py_env/lib/python3.9/site-packages/airflow/example_dags/subdags/subdag.py
[2023-03-22T19:13:53.041-0400] {processor.py:175} INFO - Processing /Users/sunanda/Downloads/airflow/py_env/lib/python3.9/site-packages/airflow/example_dags/subdags/subdag.py took 0.199 seconds
[2023-03-22T19:20:50.826-0400] {processor.py:153} INFO - Started process (PID=4501) to work on /Users/sunanda/Downloads/airflow/py_env/lib/python3.9/site-packages/airflow/example_dags/subdags/subdag.py
[2023-03-22T19:20:50.829-0400] {processor.py:743} INFO - Processing file /Users/sunanda/Downloads/airflow/py_env/lib/python3.9/site-packages/airflow/example_dags/subdags/subdag.py for tasks to queue
[2023-03-22T19:20:50.829-0400] {logging_mixin.py:137} INFO - [2023-03-22T19:20:50.829-0400] {dagbag.py:538} INFO - Filling up the DagBag from /Users/sunanda/Downloads/airflow/py_env/lib/python3.9/site-packages/airflow/example_dags/subdags/subdag.py
[2023-03-22T19:20:50.834-0400] {processor.py:755} WARNING - No viable dags retrieved from /Users/sunanda/Downloads/airflow/py_env/lib/python3.9/site-packages/airflow/example_dags/subdags/subdag.py
[2023-03-22T19:20:51.028-0400] {processor.py:175} INFO - Processing /Users/sunanda/Downloads/airflow/py_env/lib/python3.9/site-packages/airflow/example_dags/subdags/subdag.py took 0.202 seconds
[2023-03-22T19:23:51.366-0400] {processor.py:153} INFO - Started process (PID=4721) to work on /Users/sunanda/Downloads/airflow/py_env/lib/python3.9/site-packages/airflow/example_dags/subdags/subdag.py
[2023-03-22T19:23:51.369-0400] {processor.py:743} INFO - Processing file /Users/sunanda/Downloads/airflow/py_env/lib/python3.9/site-packages/airflow/example_dags/subdags/subdag.py for tasks to queue
[2023-03-22T19:23:51.370-0400] {logging_mixin.py:137} INFO - [2023-03-22T19:23:51.370-0400] {dagbag.py:538} INFO - Filling up the DagBag from /Users/sunanda/Downloads/airflow/py_env/lib/python3.9/site-packages/airflow/example_dags/subdags/subdag.py
[2023-03-22T19:23:51.375-0400] {processor.py:755} WARNING - No viable dags retrieved from /Users/sunanda/Downloads/airflow/py_env/lib/python3.9/site-packages/airflow/example_dags/subdags/subdag.py
[2023-03-22T19:23:51.571-0400] {processor.py:175} INFO - Processing /Users/sunanda/Downloads/airflow/py_env/lib/python3.9/site-packages/airflow/example_dags/subdags/subdag.py took 0.206 seconds
[2023-03-22T19:25:04.364-0400] {processor.py:153} INFO - Started process (PID=4833) to work on /Users/sunanda/Downloads/airflow/py_env/lib/python3.9/site-packages/airflow/example_dags/subdags/subdag.py
[2023-03-22T19:25:04.366-0400] {processor.py:743} INFO - Processing file /Users/sunanda/Downloads/airflow/py_env/lib/python3.9/site-packages/airflow/example_dags/subdags/subdag.py for tasks to queue
[2023-03-22T19:25:04.367-0400] {logging_mixin.py:137} INFO - [2023-03-22T19:25:04.367-0400] {dagbag.py:538} INFO - Filling up the DagBag from /Users/sunanda/Downloads/airflow/py_env/lib/python3.9/site-packages/airflow/example_dags/subdags/subdag.py
[2023-03-22T19:25:04.373-0400] {processor.py:755} WARNING - No viable dags retrieved from /Users/sunanda/Downloads/airflow/py_env/lib/python3.9/site-packages/airflow/example_dags/subdags/subdag.py
[2023-03-22T19:25:04.574-0400] {processor.py:175} INFO - Processing /Users/sunanda/Downloads/airflow/py_env/lib/python3.9/site-packages/airflow/example_dags/subdags/subdag.py took 0.210 seconds
[2023-03-22T19:25:47.206-0400] {processor.py:153} INFO - Started process (PID=4898) to work on /Users/sunanda/Downloads/airflow/py_env/lib/python3.9/site-packages/airflow/example_dags/subdags/subdag.py
[2023-03-22T19:25:47.208-0400] {processor.py:743} INFO - Processing file /Users/sunanda/Downloads/airflow/py_env/lib/python3.9/site-packages/airflow/example_dags/subdags/subdag.py for tasks to queue
[2023-03-22T19:25:47.208-0400] {logging_mixin.py:137} INFO - [2023-03-22T19:25:47.208-0400] {dagbag.py:538} INFO - Filling up the DagBag from /Users/sunanda/Downloads/airflow/py_env/lib/python3.9/site-packages/airflow/example_dags/subdags/subdag.py
[2023-03-22T19:25:47.214-0400] {processor.py:755} WARNING - No viable dags retrieved from /Users/sunanda/Downloads/airflow/py_env/lib/python3.9/site-packages/airflow/example_dags/subdags/subdag.py
[2023-03-22T19:25:47.406-0400] {processor.py:175} INFO - Processing /Users/sunanda/Downloads/airflow/py_env/lib/python3.9/site-packages/airflow/example_dags/subdags/subdag.py took 0.200 seconds
[2023-03-22T19:26:26.979-0400] {processor.py:153} INFO - Started process (PID=4960) to work on /Users/sunanda/Downloads/airflow/py_env/lib/python3.9/site-packages/airflow/example_dags/subdags/subdag.py
[2023-03-22T19:26:26.982-0400] {processor.py:743} INFO - Processing file /Users/sunanda/Downloads/airflow/py_env/lib/python3.9/site-packages/airflow/example_dags/subdags/subdag.py for tasks to queue
[2023-03-22T19:26:26.982-0400] {logging_mixin.py:137} INFO - [2023-03-22T19:26:26.982-0400] {dagbag.py:538} INFO - Filling up the DagBag from /Users/sunanda/Downloads/airflow/py_env/lib/python3.9/site-packages/airflow/example_dags/subdags/subdag.py
[2023-03-22T19:26:26.988-0400] {processor.py:755} WARNING - No viable dags retrieved from /Users/sunanda/Downloads/airflow/py_env/lib/python3.9/site-packages/airflow/example_dags/subdags/subdag.py
[2023-03-22T19:26:27.184-0400] {processor.py:175} INFO - Processing /Users/sunanda/Downloads/airflow/py_env/lib/python3.9/site-packages/airflow/example_dags/subdags/subdag.py took 0.204 seconds
[2023-03-22T19:27:09.843-0400] {processor.py:153} INFO - Started process (PID=5028) to work on /Users/sunanda/Downloads/airflow/py_env/lib/python3.9/site-packages/airflow/example_dags/subdags/subdag.py
[2023-03-22T19:27:09.847-0400] {processor.py:743} INFO - Processing file /Users/sunanda/Downloads/airflow/py_env/lib/python3.9/site-packages/airflow/example_dags/subdags/subdag.py for tasks to queue
[2023-03-22T19:27:09.847-0400] {logging_mixin.py:137} INFO - [2023-03-22T19:27:09.847-0400] {dagbag.py:538} INFO - Filling up the DagBag from /Users/sunanda/Downloads/airflow/py_env/lib/python3.9/site-packages/airflow/example_dags/subdags/subdag.py
[2023-03-22T19:27:09.854-0400] {processor.py:755} WARNING - No viable dags retrieved from /Users/sunanda/Downloads/airflow/py_env/lib/python3.9/site-packages/airflow/example_dags/subdags/subdag.py
[2023-03-22T19:27:10.055-0400] {processor.py:175} INFO - Processing /Users/sunanda/Downloads/airflow/py_env/lib/python3.9/site-packages/airflow/example_dags/subdags/subdag.py took 0.212 seconds
