[2023-03-24T14:14:14.010-0400] {processor.py:153} INFO - Started process (PID=20737) to work on /Users/sunanda/Downloads/python-demo/venv/lib/python3.9/site-packages/airflow/example_dags/plugins/event_listener.py
[2023-03-24T14:14:14.012-0400] {processor.py:743} INFO - Processing file /Users/sunanda/Downloads/python-demo/venv/lib/python3.9/site-packages/airflow/example_dags/plugins/event_listener.py for tasks to queue
[2023-03-24T14:14:14.012-0400] {logging_mixin.py:137} INFO - [2023-03-24T14:14:14.012-0400] {dagbag.py:532} INFO - Filling up the DagBag from /Users/sunanda/Downloads/python-demo/venv/lib/python3.9/site-packages/airflow/example_dags/plugins/event_listener.py
[2023-03-24T14:14:14.017-0400] {processor.py:755} WARNING - No viable dags retrieved from /Users/sunanda/Downloads/python-demo/venv/lib/python3.9/site-packages/airflow/example_dags/plugins/event_listener.py
[2023-03-24T14:14:14.283-0400] {processor.py:175} INFO - Processing /Users/sunanda/Downloads/python-demo/venv/lib/python3.9/site-packages/airflow/example_dags/plugins/event_listener.py took 0.273 seconds
[2023-03-24T14:15:33.360-0400] {processor.py:153} INFO - Started process (PID=20896) to work on /Users/sunanda/Downloads/python-demo/venv/lib/python3.9/site-packages/airflow/example_dags/plugins/event_listener.py
[2023-03-24T14:15:33.364-0400] {processor.py:743} INFO - Processing file /Users/sunanda/Downloads/python-demo/venv/lib/python3.9/site-packages/airflow/example_dags/plugins/event_listener.py for tasks to queue
[2023-03-24T14:15:33.364-0400] {logging_mixin.py:137} INFO - [2023-03-24T14:15:33.364-0400] {dagbag.py:532} INFO - Filling up the DagBag from /Users/sunanda/Downloads/python-demo/venv/lib/python3.9/site-packages/airflow/example_dags/plugins/event_listener.py
[2023-03-24T14:15:33.370-0400] {processor.py:755} WARNING - No viable dags retrieved from /Users/sunanda/Downloads/python-demo/venv/lib/python3.9/site-packages/airflow/example_dags/plugins/event_listener.py
[2023-03-24T14:15:33.659-0400] {processor.py:175} INFO - Processing /Users/sunanda/Downloads/python-demo/venv/lib/python3.9/site-packages/airflow/example_dags/plugins/event_listener.py took 0.300 seconds
[2023-03-24T14:16:24.351-0400] {processor.py:153} INFO - Started process (PID=20977) to work on /Users/sunanda/Downloads/python-demo/venv/lib/python3.9/site-packages/airflow/example_dags/plugins/event_listener.py
[2023-03-24T14:16:24.354-0400] {processor.py:743} INFO - Processing file /Users/sunanda/Downloads/python-demo/venv/lib/python3.9/site-packages/airflow/example_dags/plugins/event_listener.py for tasks to queue
[2023-03-24T14:16:24.354-0400] {logging_mixin.py:137} INFO - [2023-03-24T14:16:24.354-0400] {dagbag.py:532} INFO - Filling up the DagBag from /Users/sunanda/Downloads/python-demo/venv/lib/python3.9/site-packages/airflow/example_dags/plugins/event_listener.py
[2023-03-24T14:16:24.359-0400] {processor.py:755} WARNING - No viable dags retrieved from /Users/sunanda/Downloads/python-demo/venv/lib/python3.9/site-packages/airflow/example_dags/plugins/event_listener.py
[2023-03-24T14:16:24.627-0400] {processor.py:175} INFO - Processing /Users/sunanda/Downloads/python-demo/venv/lib/python3.9/site-packages/airflow/example_dags/plugins/event_listener.py took 0.277 seconds
[2023-03-24T14:17:11.084-0400] {processor.py:153} INFO - Started process (PID=21060) to work on /Users/sunanda/Downloads/python-demo/venv/lib/python3.9/site-packages/airflow/example_dags/plugins/event_listener.py
[2023-03-24T14:17:11.086-0400] {processor.py:743} INFO - Processing file /Users/sunanda/Downloads/python-demo/venv/lib/python3.9/site-packages/airflow/example_dags/plugins/event_listener.py for tasks to queue
[2023-03-24T14:17:11.086-0400] {logging_mixin.py:137} INFO - [2023-03-24T14:17:11.086-0400] {dagbag.py:532} INFO - Filling up the DagBag from /Users/sunanda/Downloads/python-demo/venv/lib/python3.9/site-packages/airflow/example_dags/plugins/event_listener.py
[2023-03-24T14:17:11.092-0400] {processor.py:755} WARNING - No viable dags retrieved from /Users/sunanda/Downloads/python-demo/venv/lib/python3.9/site-packages/airflow/example_dags/plugins/event_listener.py
[2023-03-24T14:17:11.360-0400] {processor.py:175} INFO - Processing /Users/sunanda/Downloads/python-demo/venv/lib/python3.9/site-packages/airflow/example_dags/plugins/event_listener.py took 0.277 seconds
[2023-03-24T14:17:58.607-0400] {processor.py:153} INFO - Started process (PID=21138) to work on /Users/sunanda/Downloads/python-demo/venv/lib/python3.9/site-packages/airflow/example_dags/plugins/event_listener.py
[2023-03-24T14:17:58.610-0400] {processor.py:743} INFO - Processing file /Users/sunanda/Downloads/python-demo/venv/lib/python3.9/site-packages/airflow/example_dags/plugins/event_listener.py for tasks to queue
[2023-03-24T14:17:58.610-0400] {logging_mixin.py:137} INFO - [2023-03-24T14:17:58.610-0400] {dagbag.py:532} INFO - Filling up the DagBag from /Users/sunanda/Downloads/python-demo/venv/lib/python3.9/site-packages/airflow/example_dags/plugins/event_listener.py
[2023-03-24T14:17:58.615-0400] {processor.py:755} WARNING - No viable dags retrieved from /Users/sunanda/Downloads/python-demo/venv/lib/python3.9/site-packages/airflow/example_dags/plugins/event_listener.py
[2023-03-24T14:17:58.880-0400] {processor.py:175} INFO - Processing /Users/sunanda/Downloads/python-demo/venv/lib/python3.9/site-packages/airflow/example_dags/plugins/event_listener.py took 0.273 seconds
[2023-03-24T14:18:45.313-0400] {processor.py:153} INFO - Started process (PID=21218) to work on /Users/sunanda/Downloads/python-demo/venv/lib/python3.9/site-packages/airflow/example_dags/plugins/event_listener.py
[2023-03-24T14:18:45.316-0400] {processor.py:743} INFO - Processing file /Users/sunanda/Downloads/python-demo/venv/lib/python3.9/site-packages/airflow/example_dags/plugins/event_listener.py for tasks to queue
[2023-03-24T14:18:45.317-0400] {logging_mixin.py:137} INFO - [2023-03-24T14:18:45.317-0400] {dagbag.py:532} INFO - Filling up the DagBag from /Users/sunanda/Downloads/python-demo/venv/lib/python3.9/site-packages/airflow/example_dags/plugins/event_listener.py
[2023-03-24T14:18:45.322-0400] {processor.py:755} WARNING - No viable dags retrieved from /Users/sunanda/Downloads/python-demo/venv/lib/python3.9/site-packages/airflow/example_dags/plugins/event_listener.py
[2023-03-24T14:18:45.586-0400] {processor.py:175} INFO - Processing /Users/sunanda/Downloads/python-demo/venv/lib/python3.9/site-packages/airflow/example_dags/plugins/event_listener.py took 0.273 seconds
[2023-03-24T14:19:32.527-0400] {processor.py:153} INFO - Started process (PID=21296) to work on /Users/sunanda/Downloads/python-demo/venv/lib/python3.9/site-packages/airflow/example_dags/plugins/event_listener.py
[2023-03-24T14:19:32.529-0400] {processor.py:743} INFO - Processing file /Users/sunanda/Downloads/python-demo/venv/lib/python3.9/site-packages/airflow/example_dags/plugins/event_listener.py for tasks to queue
[2023-03-24T14:19:32.529-0400] {logging_mixin.py:137} INFO - [2023-03-24T14:19:32.529-0400] {dagbag.py:532} INFO - Filling up the DagBag from /Users/sunanda/Downloads/python-demo/venv/lib/python3.9/site-packages/airflow/example_dags/plugins/event_listener.py
[2023-03-24T14:19:32.534-0400] {processor.py:755} WARNING - No viable dags retrieved from /Users/sunanda/Downloads/python-demo/venv/lib/python3.9/site-packages/airflow/example_dags/plugins/event_listener.py
[2023-03-24T14:19:32.803-0400] {processor.py:175} INFO - Processing /Users/sunanda/Downloads/python-demo/venv/lib/python3.9/site-packages/airflow/example_dags/plugins/event_listener.py took 0.276 seconds
[2023-03-24T14:20:18.795-0400] {processor.py:153} INFO - Started process (PID=21388) to work on /Users/sunanda/Downloads/python-demo/venv/lib/python3.9/site-packages/airflow/example_dags/plugins/event_listener.py
[2023-03-24T14:20:18.798-0400] {processor.py:743} INFO - Processing file /Users/sunanda/Downloads/python-demo/venv/lib/python3.9/site-packages/airflow/example_dags/plugins/event_listener.py for tasks to queue
[2023-03-24T14:20:18.798-0400] {logging_mixin.py:137} INFO - [2023-03-24T14:20:18.798-0400] {dagbag.py:532} INFO - Filling up the DagBag from /Users/sunanda/Downloads/python-demo/venv/lib/python3.9/site-packages/airflow/example_dags/plugins/event_listener.py
[2023-03-24T14:20:18.803-0400] {processor.py:755} WARNING - No viable dags retrieved from /Users/sunanda/Downloads/python-demo/venv/lib/python3.9/site-packages/airflow/example_dags/plugins/event_listener.py
[2023-03-24T14:20:19.069-0400] {processor.py:175} INFO - Processing /Users/sunanda/Downloads/python-demo/venv/lib/python3.9/site-packages/airflow/example_dags/plugins/event_listener.py took 0.274 seconds
[2023-03-24T14:21:06.102-0400] {processor.py:153} INFO - Started process (PID=21464) to work on /Users/sunanda/Downloads/python-demo/venv/lib/python3.9/site-packages/airflow/example_dags/plugins/event_listener.py
[2023-03-24T14:21:06.104-0400] {processor.py:743} INFO - Processing file /Users/sunanda/Downloads/python-demo/venv/lib/python3.9/site-packages/airflow/example_dags/plugins/event_listener.py for tasks to queue
[2023-03-24T14:21:06.105-0400] {logging_mixin.py:137} INFO - [2023-03-24T14:21:06.104-0400] {dagbag.py:532} INFO - Filling up the DagBag from /Users/sunanda/Downloads/python-demo/venv/lib/python3.9/site-packages/airflow/example_dags/plugins/event_listener.py
[2023-03-24T14:21:06.110-0400] {processor.py:755} WARNING - No viable dags retrieved from /Users/sunanda/Downloads/python-demo/venv/lib/python3.9/site-packages/airflow/example_dags/plugins/event_listener.py
[2023-03-24T14:21:06.400-0400] {processor.py:175} INFO - Processing /Users/sunanda/Downloads/python-demo/venv/lib/python3.9/site-packages/airflow/example_dags/plugins/event_listener.py took 0.299 seconds
[2023-03-24T14:21:50.727-0400] {processor.py:153} INFO - Started process (PID=21548) to work on /Users/sunanda/Downloads/python-demo/venv/lib/python3.9/site-packages/airflow/example_dags/plugins/event_listener.py
[2023-03-24T14:21:50.729-0400] {processor.py:743} INFO - Processing file /Users/sunanda/Downloads/python-demo/venv/lib/python3.9/site-packages/airflow/example_dags/plugins/event_listener.py for tasks to queue
[2023-03-24T14:21:50.729-0400] {logging_mixin.py:137} INFO - [2023-03-24T14:21:50.729-0400] {dagbag.py:532} INFO - Filling up the DagBag from /Users/sunanda/Downloads/python-demo/venv/lib/python3.9/site-packages/airflow/example_dags/plugins/event_listener.py
[2023-03-24T14:21:50.735-0400] {processor.py:755} WARNING - No viable dags retrieved from /Users/sunanda/Downloads/python-demo/venv/lib/python3.9/site-packages/airflow/example_dags/plugins/event_listener.py
[2023-03-24T14:21:50.997-0400] {processor.py:175} INFO - Processing /Users/sunanda/Downloads/python-demo/venv/lib/python3.9/site-packages/airflow/example_dags/plugins/event_listener.py took 0.270 seconds
[2023-03-24T14:22:37.714-0400] {processor.py:153} INFO - Started process (PID=21653) to work on /Users/sunanda/Downloads/python-demo/venv/lib/python3.9/site-packages/airflow/example_dags/plugins/event_listener.py
[2023-03-24T14:22:37.717-0400] {processor.py:743} INFO - Processing file /Users/sunanda/Downloads/python-demo/venv/lib/python3.9/site-packages/airflow/example_dags/plugins/event_listener.py for tasks to queue
[2023-03-24T14:22:37.717-0400] {logging_mixin.py:137} INFO - [2023-03-24T14:22:37.717-0400] {dagbag.py:532} INFO - Filling up the DagBag from /Users/sunanda/Downloads/python-demo/venv/lib/python3.9/site-packages/airflow/example_dags/plugins/event_listener.py
[2023-03-24T14:22:37.723-0400] {processor.py:755} WARNING - No viable dags retrieved from /Users/sunanda/Downloads/python-demo/venv/lib/python3.9/site-packages/airflow/example_dags/plugins/event_listener.py
[2023-03-24T14:22:38.007-0400] {processor.py:175} INFO - Processing /Users/sunanda/Downloads/python-demo/venv/lib/python3.9/site-packages/airflow/example_dags/plugins/event_listener.py took 0.293 seconds
[2023-03-24T14:23:27.595-0400] {processor.py:153} INFO - Started process (PID=21735) to work on /Users/sunanda/Downloads/python-demo/venv/lib/python3.9/site-packages/airflow/example_dags/plugins/event_listener.py
[2023-03-24T14:23:27.599-0400] {processor.py:743} INFO - Processing file /Users/sunanda/Downloads/python-demo/venv/lib/python3.9/site-packages/airflow/example_dags/plugins/event_listener.py for tasks to queue
[2023-03-24T14:23:27.599-0400] {logging_mixin.py:137} INFO - [2023-03-24T14:23:27.599-0400] {dagbag.py:532} INFO - Filling up the DagBag from /Users/sunanda/Downloads/python-demo/venv/lib/python3.9/site-packages/airflow/example_dags/plugins/event_listener.py
[2023-03-24T14:23:27.604-0400] {processor.py:755} WARNING - No viable dags retrieved from /Users/sunanda/Downloads/python-demo/venv/lib/python3.9/site-packages/airflow/example_dags/plugins/event_listener.py
[2023-03-24T14:23:27.891-0400] {processor.py:175} INFO - Processing /Users/sunanda/Downloads/python-demo/venv/lib/python3.9/site-packages/airflow/example_dags/plugins/event_listener.py took 0.295 seconds
[2023-03-24T14:24:18.332-0400] {processor.py:153} INFO - Started process (PID=21814) to work on /Users/sunanda/Downloads/python-demo/venv/lib/python3.9/site-packages/airflow/example_dags/plugins/event_listener.py
[2023-03-24T14:24:18.335-0400] {processor.py:743} INFO - Processing file /Users/sunanda/Downloads/python-demo/venv/lib/python3.9/site-packages/airflow/example_dags/plugins/event_listener.py for tasks to queue
[2023-03-24T14:24:18.335-0400] {logging_mixin.py:137} INFO - [2023-03-24T14:24:18.335-0400] {dagbag.py:532} INFO - Filling up the DagBag from /Users/sunanda/Downloads/python-demo/venv/lib/python3.9/site-packages/airflow/example_dags/plugins/event_listener.py
[2023-03-24T14:24:18.340-0400] {processor.py:755} WARNING - No viable dags retrieved from /Users/sunanda/Downloads/python-demo/venv/lib/python3.9/site-packages/airflow/example_dags/plugins/event_listener.py
[2023-03-24T14:24:18.607-0400] {processor.py:175} INFO - Processing /Users/sunanda/Downloads/python-demo/venv/lib/python3.9/site-packages/airflow/example_dags/plugins/event_listener.py took 0.276 seconds
[2023-03-24T14:25:04.819-0400] {processor.py:153} INFO - Started process (PID=21888) to work on /Users/sunanda/Downloads/python-demo/venv/lib/python3.9/site-packages/airflow/example_dags/plugins/event_listener.py
[2023-03-24T14:25:04.822-0400] {processor.py:743} INFO - Processing file /Users/sunanda/Downloads/python-demo/venv/lib/python3.9/site-packages/airflow/example_dags/plugins/event_listener.py for tasks to queue
[2023-03-24T14:25:04.822-0400] {logging_mixin.py:137} INFO - [2023-03-24T14:25:04.822-0400] {dagbag.py:532} INFO - Filling up the DagBag from /Users/sunanda/Downloads/python-demo/venv/lib/python3.9/site-packages/airflow/example_dags/plugins/event_listener.py
[2023-03-24T14:25:04.827-0400] {processor.py:755} WARNING - No viable dags retrieved from /Users/sunanda/Downloads/python-demo/venv/lib/python3.9/site-packages/airflow/example_dags/plugins/event_listener.py
[2023-03-24T14:25:05.096-0400] {processor.py:175} INFO - Processing /Users/sunanda/Downloads/python-demo/venv/lib/python3.9/site-packages/airflow/example_dags/plugins/event_listener.py took 0.277 seconds
[2023-03-24T14:25:53.869-0400] {processor.py:153} INFO - Started process (PID=21967) to work on /Users/sunanda/Downloads/python-demo/venv/lib/python3.9/site-packages/airflow/example_dags/plugins/event_listener.py
[2023-03-24T14:25:53.872-0400] {processor.py:743} INFO - Processing file /Users/sunanda/Downloads/python-demo/venv/lib/python3.9/site-packages/airflow/example_dags/plugins/event_listener.py for tasks to queue
[2023-03-24T14:25:53.872-0400] {logging_mixin.py:137} INFO - [2023-03-24T14:25:53.872-0400] {dagbag.py:532} INFO - Filling up the DagBag from /Users/sunanda/Downloads/python-demo/venv/lib/python3.9/site-packages/airflow/example_dags/plugins/event_listener.py
[2023-03-24T14:25:53.877-0400] {processor.py:755} WARNING - No viable dags retrieved from /Users/sunanda/Downloads/python-demo/venv/lib/python3.9/site-packages/airflow/example_dags/plugins/event_listener.py
[2023-03-24T14:25:54.160-0400] {processor.py:175} INFO - Processing /Users/sunanda/Downloads/python-demo/venv/lib/python3.9/site-packages/airflow/example_dags/plugins/event_listener.py took 0.291 seconds
[2023-03-24T14:26:42.700-0400] {processor.py:153} INFO - Started process (PID=22053) to work on /Users/sunanda/Downloads/python-demo/venv/lib/python3.9/site-packages/airflow/example_dags/plugins/event_listener.py
[2023-03-24T14:26:42.703-0400] {processor.py:743} INFO - Processing file /Users/sunanda/Downloads/python-demo/venv/lib/python3.9/site-packages/airflow/example_dags/plugins/event_listener.py for tasks to queue
[2023-03-24T14:26:42.704-0400] {logging_mixin.py:137} INFO - [2023-03-24T14:26:42.704-0400] {dagbag.py:532} INFO - Filling up the DagBag from /Users/sunanda/Downloads/python-demo/venv/lib/python3.9/site-packages/airflow/example_dags/plugins/event_listener.py
[2023-03-24T14:26:42.709-0400] {processor.py:755} WARNING - No viable dags retrieved from /Users/sunanda/Downloads/python-demo/venv/lib/python3.9/site-packages/airflow/example_dags/plugins/event_listener.py
[2023-03-24T14:26:42.975-0400] {processor.py:175} INFO - Processing /Users/sunanda/Downloads/python-demo/venv/lib/python3.9/site-packages/airflow/example_dags/plugins/event_listener.py took 0.275 seconds
[2023-03-24T14:27:29.409-0400] {processor.py:153} INFO - Started process (PID=22138) to work on /Users/sunanda/Downloads/python-demo/venv/lib/python3.9/site-packages/airflow/example_dags/plugins/event_listener.py
[2023-03-24T14:27:29.411-0400] {processor.py:743} INFO - Processing file /Users/sunanda/Downloads/python-demo/venv/lib/python3.9/site-packages/airflow/example_dags/plugins/event_listener.py for tasks to queue
[2023-03-24T14:27:29.412-0400] {logging_mixin.py:137} INFO - [2023-03-24T14:27:29.412-0400] {dagbag.py:532} INFO - Filling up the DagBag from /Users/sunanda/Downloads/python-demo/venv/lib/python3.9/site-packages/airflow/example_dags/plugins/event_listener.py
[2023-03-24T14:27:29.417-0400] {processor.py:755} WARNING - No viable dags retrieved from /Users/sunanda/Downloads/python-demo/venv/lib/python3.9/site-packages/airflow/example_dags/plugins/event_listener.py
[2023-03-24T14:27:29.683-0400] {processor.py:175} INFO - Processing /Users/sunanda/Downloads/python-demo/venv/lib/python3.9/site-packages/airflow/example_dags/plugins/event_listener.py took 0.274 seconds
[2023-03-24T14:28:16.536-0400] {processor.py:153} INFO - Started process (PID=22221) to work on /Users/sunanda/Downloads/python-demo/venv/lib/python3.9/site-packages/airflow/example_dags/plugins/event_listener.py
[2023-03-24T14:28:16.539-0400] {processor.py:743} INFO - Processing file /Users/sunanda/Downloads/python-demo/venv/lib/python3.9/site-packages/airflow/example_dags/plugins/event_listener.py for tasks to queue
[2023-03-24T14:28:16.540-0400] {logging_mixin.py:137} INFO - [2023-03-24T14:28:16.540-0400] {dagbag.py:532} INFO - Filling up the DagBag from /Users/sunanda/Downloads/python-demo/venv/lib/python3.9/site-packages/airflow/example_dags/plugins/event_listener.py
[2023-03-24T14:28:16.545-0400] {processor.py:755} WARNING - No viable dags retrieved from /Users/sunanda/Downloads/python-demo/venv/lib/python3.9/site-packages/airflow/example_dags/plugins/event_listener.py
[2023-03-24T14:28:16.811-0400] {processor.py:175} INFO - Processing /Users/sunanda/Downloads/python-demo/venv/lib/python3.9/site-packages/airflow/example_dags/plugins/event_listener.py took 0.275 seconds
[2023-03-24T14:29:03.475-0400] {processor.py:153} INFO - Started process (PID=22295) to work on /Users/sunanda/Downloads/python-demo/venv/lib/python3.9/site-packages/airflow/example_dags/plugins/event_listener.py
[2023-03-24T14:29:03.478-0400] {processor.py:743} INFO - Processing file /Users/sunanda/Downloads/python-demo/venv/lib/python3.9/site-packages/airflow/example_dags/plugins/event_listener.py for tasks to queue
[2023-03-24T14:29:03.478-0400] {logging_mixin.py:137} INFO - [2023-03-24T14:29:03.478-0400] {dagbag.py:532} INFO - Filling up the DagBag from /Users/sunanda/Downloads/python-demo/venv/lib/python3.9/site-packages/airflow/example_dags/plugins/event_listener.py
[2023-03-24T14:29:03.484-0400] {processor.py:755} WARNING - No viable dags retrieved from /Users/sunanda/Downloads/python-demo/venv/lib/python3.9/site-packages/airflow/example_dags/plugins/event_listener.py
[2023-03-24T14:29:03.748-0400] {processor.py:175} INFO - Processing /Users/sunanda/Downloads/python-demo/venv/lib/python3.9/site-packages/airflow/example_dags/plugins/event_listener.py took 0.273 seconds
[2023-03-24T14:29:51.364-0400] {processor.py:153} INFO - Started process (PID=22378) to work on /Users/sunanda/Downloads/python-demo/venv/lib/python3.9/site-packages/airflow/example_dags/plugins/event_listener.py
[2023-03-24T14:29:51.367-0400] {processor.py:743} INFO - Processing file /Users/sunanda/Downloads/python-demo/venv/lib/python3.9/site-packages/airflow/example_dags/plugins/event_listener.py for tasks to queue
[2023-03-24T14:29:51.368-0400] {logging_mixin.py:137} INFO - [2023-03-24T14:29:51.368-0400] {dagbag.py:532} INFO - Filling up the DagBag from /Users/sunanda/Downloads/python-demo/venv/lib/python3.9/site-packages/airflow/example_dags/plugins/event_listener.py
[2023-03-24T14:29:51.373-0400] {processor.py:755} WARNING - No viable dags retrieved from /Users/sunanda/Downloads/python-demo/venv/lib/python3.9/site-packages/airflow/example_dags/plugins/event_listener.py
[2023-03-24T14:29:51.657-0400] {processor.py:175} INFO - Processing /Users/sunanda/Downloads/python-demo/venv/lib/python3.9/site-packages/airflow/example_dags/plugins/event_listener.py took 0.293 seconds
[2023-03-24T14:30:40.695-0400] {processor.py:153} INFO - Started process (PID=22460) to work on /Users/sunanda/Downloads/python-demo/venv/lib/python3.9/site-packages/airflow/example_dags/plugins/event_listener.py
[2023-03-24T14:30:40.698-0400] {processor.py:743} INFO - Processing file /Users/sunanda/Downloads/python-demo/venv/lib/python3.9/site-packages/airflow/example_dags/plugins/event_listener.py for tasks to queue
[2023-03-24T14:30:40.699-0400] {logging_mixin.py:137} INFO - [2023-03-24T14:30:40.699-0400] {dagbag.py:532} INFO - Filling up the DagBag from /Users/sunanda/Downloads/python-demo/venv/lib/python3.9/site-packages/airflow/example_dags/plugins/event_listener.py
[2023-03-24T14:30:40.704-0400] {processor.py:755} WARNING - No viable dags retrieved from /Users/sunanda/Downloads/python-demo/venv/lib/python3.9/site-packages/airflow/example_dags/plugins/event_listener.py
[2023-03-24T14:30:40.989-0400] {processor.py:175} INFO - Processing /Users/sunanda/Downloads/python-demo/venv/lib/python3.9/site-packages/airflow/example_dags/plugins/event_listener.py took 0.294 seconds
[2023-03-24T14:31:31.220-0400] {processor.py:153} INFO - Started process (PID=22543) to work on /Users/sunanda/Downloads/python-demo/venv/lib/python3.9/site-packages/airflow/example_dags/plugins/event_listener.py
[2023-03-24T14:31:31.223-0400] {processor.py:743} INFO - Processing file /Users/sunanda/Downloads/python-demo/venv/lib/python3.9/site-packages/airflow/example_dags/plugins/event_listener.py for tasks to queue
[2023-03-24T14:31:31.223-0400] {logging_mixin.py:137} INFO - [2023-03-24T14:31:31.223-0400] {dagbag.py:532} INFO - Filling up the DagBag from /Users/sunanda/Downloads/python-demo/venv/lib/python3.9/site-packages/airflow/example_dags/plugins/event_listener.py
[2023-03-24T14:31:31.229-0400] {processor.py:755} WARNING - No viable dags retrieved from /Users/sunanda/Downloads/python-demo/venv/lib/python3.9/site-packages/airflow/example_dags/plugins/event_listener.py
[2023-03-24T14:31:31.513-0400] {processor.py:175} INFO - Processing /Users/sunanda/Downloads/python-demo/venv/lib/python3.9/site-packages/airflow/example_dags/plugins/event_listener.py took 0.293 seconds
[2023-03-24T14:32:22.407-0400] {processor.py:153} INFO - Started process (PID=22646) to work on /Users/sunanda/Downloads/python-demo/venv/lib/python3.9/site-packages/airflow/example_dags/plugins/event_listener.py
[2023-03-24T14:32:22.410-0400] {processor.py:743} INFO - Processing file /Users/sunanda/Downloads/python-demo/venv/lib/python3.9/site-packages/airflow/example_dags/plugins/event_listener.py for tasks to queue
[2023-03-24T14:32:22.410-0400] {logging_mixin.py:137} INFO - [2023-03-24T14:32:22.410-0400] {dagbag.py:532} INFO - Filling up the DagBag from /Users/sunanda/Downloads/python-demo/venv/lib/python3.9/site-packages/airflow/example_dags/plugins/event_listener.py
[2023-03-24T14:32:22.416-0400] {processor.py:755} WARNING - No viable dags retrieved from /Users/sunanda/Downloads/python-demo/venv/lib/python3.9/site-packages/airflow/example_dags/plugins/event_listener.py
[2023-03-24T14:32:22.730-0400] {processor.py:175} INFO - Processing /Users/sunanda/Downloads/python-demo/venv/lib/python3.9/site-packages/airflow/example_dags/plugins/event_listener.py took 0.324 seconds
[2023-03-24T14:33:12.060-0400] {processor.py:153} INFO - Started process (PID=22826) to work on /Users/sunanda/Downloads/python-demo/venv/lib/python3.9/site-packages/airflow/example_dags/plugins/event_listener.py
[2023-03-24T14:33:12.063-0400] {processor.py:743} INFO - Processing file /Users/sunanda/Downloads/python-demo/venv/lib/python3.9/site-packages/airflow/example_dags/plugins/event_listener.py for tasks to queue
[2023-03-24T14:33:12.063-0400] {logging_mixin.py:137} INFO - [2023-03-24T14:33:12.063-0400] {dagbag.py:532} INFO - Filling up the DagBag from /Users/sunanda/Downloads/python-demo/venv/lib/python3.9/site-packages/airflow/example_dags/plugins/event_listener.py
[2023-03-24T14:33:12.069-0400] {processor.py:755} WARNING - No viable dags retrieved from /Users/sunanda/Downloads/python-demo/venv/lib/python3.9/site-packages/airflow/example_dags/plugins/event_listener.py
[2023-03-24T14:33:12.337-0400] {processor.py:175} INFO - Processing /Users/sunanda/Downloads/python-demo/venv/lib/python3.9/site-packages/airflow/example_dags/plugins/event_listener.py took 0.277 seconds
[2023-03-24T14:34:02.034-0400] {processor.py:153} INFO - Started process (PID=22920) to work on /Users/sunanda/Downloads/python-demo/venv/lib/python3.9/site-packages/airflow/example_dags/plugins/event_listener.py
[2023-03-24T14:34:02.036-0400] {processor.py:743} INFO - Processing file /Users/sunanda/Downloads/python-demo/venv/lib/python3.9/site-packages/airflow/example_dags/plugins/event_listener.py for tasks to queue
[2023-03-24T14:34:02.036-0400] {logging_mixin.py:137} INFO - [2023-03-24T14:34:02.036-0400] {dagbag.py:532} INFO - Filling up the DagBag from /Users/sunanda/Downloads/python-demo/venv/lib/python3.9/site-packages/airflow/example_dags/plugins/event_listener.py
[2023-03-24T14:34:02.041-0400] {processor.py:755} WARNING - No viable dags retrieved from /Users/sunanda/Downloads/python-demo/venv/lib/python3.9/site-packages/airflow/example_dags/plugins/event_listener.py
[2023-03-24T14:34:02.315-0400] {processor.py:175} INFO - Processing /Users/sunanda/Downloads/python-demo/venv/lib/python3.9/site-packages/airflow/example_dags/plugins/event_listener.py took 0.282 seconds
[2023-03-24T14:34:49.502-0400] {processor.py:153} INFO - Started process (PID=23047) to work on /Users/sunanda/Downloads/python-demo/venv/lib/python3.9/site-packages/airflow/example_dags/plugins/event_listener.py
[2023-03-24T14:34:49.505-0400] {processor.py:743} INFO - Processing file /Users/sunanda/Downloads/python-demo/venv/lib/python3.9/site-packages/airflow/example_dags/plugins/event_listener.py for tasks to queue
[2023-03-24T14:34:49.505-0400] {logging_mixin.py:137} INFO - [2023-03-24T14:34:49.505-0400] {dagbag.py:532} INFO - Filling up the DagBag from /Users/sunanda/Downloads/python-demo/venv/lib/python3.9/site-packages/airflow/example_dags/plugins/event_listener.py
[2023-03-24T14:34:49.510-0400] {processor.py:755} WARNING - No viable dags retrieved from /Users/sunanda/Downloads/python-demo/venv/lib/python3.9/site-packages/airflow/example_dags/plugins/event_listener.py
[2023-03-24T14:34:49.785-0400] {processor.py:175} INFO - Processing /Users/sunanda/Downloads/python-demo/venv/lib/python3.9/site-packages/airflow/example_dags/plugins/event_listener.py took 0.283 seconds
[2023-03-24T14:35:35.830-0400] {processor.py:153} INFO - Started process (PID=23139) to work on /Users/sunanda/Downloads/python-demo/venv/lib/python3.9/site-packages/airflow/example_dags/plugins/event_listener.py
[2023-03-24T14:35:35.833-0400] {processor.py:743} INFO - Processing file /Users/sunanda/Downloads/python-demo/venv/lib/python3.9/site-packages/airflow/example_dags/plugins/event_listener.py for tasks to queue
[2023-03-24T14:35:35.833-0400] {logging_mixin.py:137} INFO - [2023-03-24T14:35:35.833-0400] {dagbag.py:532} INFO - Filling up the DagBag from /Users/sunanda/Downloads/python-demo/venv/lib/python3.9/site-packages/airflow/example_dags/plugins/event_listener.py
[2023-03-24T14:35:35.838-0400] {processor.py:755} WARNING - No viable dags retrieved from /Users/sunanda/Downloads/python-demo/venv/lib/python3.9/site-packages/airflow/example_dags/plugins/event_listener.py
[2023-03-24T14:35:36.109-0400] {processor.py:175} INFO - Processing /Users/sunanda/Downloads/python-demo/venv/lib/python3.9/site-packages/airflow/example_dags/plugins/event_listener.py took 0.279 seconds
[2023-03-24T14:36:21.766-0400] {processor.py:153} INFO - Started process (PID=23225) to work on /Users/sunanda/Downloads/python-demo/venv/lib/python3.9/site-packages/airflow/example_dags/plugins/event_listener.py
[2023-03-24T14:36:21.768-0400] {processor.py:743} INFO - Processing file /Users/sunanda/Downloads/python-demo/venv/lib/python3.9/site-packages/airflow/example_dags/plugins/event_listener.py for tasks to queue
[2023-03-24T14:36:21.769-0400] {logging_mixin.py:137} INFO - [2023-03-24T14:36:21.769-0400] {dagbag.py:532} INFO - Filling up the DagBag from /Users/sunanda/Downloads/python-demo/venv/lib/python3.9/site-packages/airflow/example_dags/plugins/event_listener.py
[2023-03-24T14:36:21.775-0400] {processor.py:755} WARNING - No viable dags retrieved from /Users/sunanda/Downloads/python-demo/venv/lib/python3.9/site-packages/airflow/example_dags/plugins/event_listener.py
[2023-03-24T14:36:22.047-0400] {processor.py:175} INFO - Processing /Users/sunanda/Downloads/python-demo/venv/lib/python3.9/site-packages/airflow/example_dags/plugins/event_listener.py took 0.281 seconds
[2023-03-24T14:37:08.321-0400] {processor.py:153} INFO - Started process (PID=23307) to work on /Users/sunanda/Downloads/python-demo/venv/lib/python3.9/site-packages/airflow/example_dags/plugins/event_listener.py
[2023-03-24T14:37:08.324-0400] {processor.py:743} INFO - Processing file /Users/sunanda/Downloads/python-demo/venv/lib/python3.9/site-packages/airflow/example_dags/plugins/event_listener.py for tasks to queue
[2023-03-24T14:37:08.324-0400] {logging_mixin.py:137} INFO - [2023-03-24T14:37:08.324-0400] {dagbag.py:532} INFO - Filling up the DagBag from /Users/sunanda/Downloads/python-demo/venv/lib/python3.9/site-packages/airflow/example_dags/plugins/event_listener.py
[2023-03-24T14:37:08.329-0400] {processor.py:755} WARNING - No viable dags retrieved from /Users/sunanda/Downloads/python-demo/venv/lib/python3.9/site-packages/airflow/example_dags/plugins/event_listener.py
[2023-03-24T14:37:08.605-0400] {processor.py:175} INFO - Processing /Users/sunanda/Downloads/python-demo/venv/lib/python3.9/site-packages/airflow/example_dags/plugins/event_listener.py took 0.284 seconds
[2023-03-24T14:37:57.635-0400] {processor.py:153} INFO - Started process (PID=23396) to work on /Users/sunanda/Downloads/python-demo/venv/lib/python3.9/site-packages/airflow/example_dags/plugins/event_listener.py
[2023-03-24T14:37:57.637-0400] {processor.py:743} INFO - Processing file /Users/sunanda/Downloads/python-demo/venv/lib/python3.9/site-packages/airflow/example_dags/plugins/event_listener.py for tasks to queue
[2023-03-24T14:37:57.637-0400] {logging_mixin.py:137} INFO - [2023-03-24T14:37:57.637-0400] {dagbag.py:532} INFO - Filling up the DagBag from /Users/sunanda/Downloads/python-demo/venv/lib/python3.9/site-packages/airflow/example_dags/plugins/event_listener.py
[2023-03-24T14:37:57.643-0400] {processor.py:755} WARNING - No viable dags retrieved from /Users/sunanda/Downloads/python-demo/venv/lib/python3.9/site-packages/airflow/example_dags/plugins/event_listener.py
[2023-03-24T14:37:57.932-0400] {processor.py:175} INFO - Processing /Users/sunanda/Downloads/python-demo/venv/lib/python3.9/site-packages/airflow/example_dags/plugins/event_listener.py took 0.297 seconds
[2023-03-24T14:38:50.653-0400] {processor.py:153} INFO - Started process (PID=23485) to work on /Users/sunanda/Downloads/python-demo/venv/lib/python3.9/site-packages/airflow/example_dags/plugins/event_listener.py
[2023-03-24T14:38:50.656-0400] {processor.py:743} INFO - Processing file /Users/sunanda/Downloads/python-demo/venv/lib/python3.9/site-packages/airflow/example_dags/plugins/event_listener.py for tasks to queue
[2023-03-24T14:38:50.656-0400] {logging_mixin.py:137} INFO - [2023-03-24T14:38:50.656-0400] {dagbag.py:532} INFO - Filling up the DagBag from /Users/sunanda/Downloads/python-demo/venv/lib/python3.9/site-packages/airflow/example_dags/plugins/event_listener.py
[2023-03-24T14:38:50.661-0400] {processor.py:755} WARNING - No viable dags retrieved from /Users/sunanda/Downloads/python-demo/venv/lib/python3.9/site-packages/airflow/example_dags/plugins/event_listener.py
[2023-03-24T14:38:50.933-0400] {processor.py:175} INFO - Processing /Users/sunanda/Downloads/python-demo/venv/lib/python3.9/site-packages/airflow/example_dags/plugins/event_listener.py took 0.280 seconds
[2023-03-24T14:39:44.046-0400] {processor.py:153} INFO - Started process (PID=23572) to work on /Users/sunanda/Downloads/python-demo/venv/lib/python3.9/site-packages/airflow/example_dags/plugins/event_listener.py
[2023-03-24T14:39:44.048-0400] {processor.py:743} INFO - Processing file /Users/sunanda/Downloads/python-demo/venv/lib/python3.9/site-packages/airflow/example_dags/plugins/event_listener.py for tasks to queue
[2023-03-24T14:39:44.049-0400] {logging_mixin.py:137} INFO - [2023-03-24T14:39:44.048-0400] {dagbag.py:532} INFO - Filling up the DagBag from /Users/sunanda/Downloads/python-demo/venv/lib/python3.9/site-packages/airflow/example_dags/plugins/event_listener.py
[2023-03-24T14:39:44.054-0400] {processor.py:755} WARNING - No viable dags retrieved from /Users/sunanda/Downloads/python-demo/venv/lib/python3.9/site-packages/airflow/example_dags/plugins/event_listener.py
[2023-03-24T14:39:44.350-0400] {processor.py:175} INFO - Processing /Users/sunanda/Downloads/python-demo/venv/lib/python3.9/site-packages/airflow/example_dags/plugins/event_listener.py took 0.304 seconds
[2023-03-24T14:40:35.139-0400] {processor.py:153} INFO - Started process (PID=23653) to work on /Users/sunanda/Downloads/python-demo/venv/lib/python3.9/site-packages/airflow/example_dags/plugins/event_listener.py
[2023-03-24T14:40:35.143-0400] {processor.py:743} INFO - Processing file /Users/sunanda/Downloads/python-demo/venv/lib/python3.9/site-packages/airflow/example_dags/plugins/event_listener.py for tasks to queue
[2023-03-24T14:40:35.143-0400] {logging_mixin.py:137} INFO - [2023-03-24T14:40:35.143-0400] {dagbag.py:532} INFO - Filling up the DagBag from /Users/sunanda/Downloads/python-demo/venv/lib/python3.9/site-packages/airflow/example_dags/plugins/event_listener.py
[2023-03-24T14:40:35.148-0400] {processor.py:755} WARNING - No viable dags retrieved from /Users/sunanda/Downloads/python-demo/venv/lib/python3.9/site-packages/airflow/example_dags/plugins/event_listener.py
[2023-03-24T14:40:35.434-0400] {processor.py:175} INFO - Processing /Users/sunanda/Downloads/python-demo/venv/lib/python3.9/site-packages/airflow/example_dags/plugins/event_listener.py took 0.295 seconds
[2023-03-24T14:41:21.485-0400] {processor.py:153} INFO - Started process (PID=23729) to work on /Users/sunanda/Downloads/python-demo/venv/lib/python3.9/site-packages/airflow/example_dags/plugins/event_listener.py
[2023-03-24T14:41:21.489-0400] {processor.py:743} INFO - Processing file /Users/sunanda/Downloads/python-demo/venv/lib/python3.9/site-packages/airflow/example_dags/plugins/event_listener.py for tasks to queue
[2023-03-24T14:41:21.489-0400] {logging_mixin.py:137} INFO - [2023-03-24T14:41:21.489-0400] {dagbag.py:532} INFO - Filling up the DagBag from /Users/sunanda/Downloads/python-demo/venv/lib/python3.9/site-packages/airflow/example_dags/plugins/event_listener.py
[2023-03-24T14:41:21.494-0400] {processor.py:755} WARNING - No viable dags retrieved from /Users/sunanda/Downloads/python-demo/venv/lib/python3.9/site-packages/airflow/example_dags/plugins/event_listener.py
[2023-03-24T14:41:21.765-0400] {processor.py:175} INFO - Processing /Users/sunanda/Downloads/python-demo/venv/lib/python3.9/site-packages/airflow/example_dags/plugins/event_listener.py took 0.280 seconds
[2023-03-24T14:42:08.045-0400] {processor.py:153} INFO - Started process (PID=23827) to work on /Users/sunanda/Downloads/python-demo/venv/lib/python3.9/site-packages/airflow/example_dags/plugins/event_listener.py
[2023-03-24T14:42:08.047-0400] {processor.py:743} INFO - Processing file /Users/sunanda/Downloads/python-demo/venv/lib/python3.9/site-packages/airflow/example_dags/plugins/event_listener.py for tasks to queue
[2023-03-24T14:42:08.048-0400] {logging_mixin.py:137} INFO - [2023-03-24T14:42:08.047-0400] {dagbag.py:532} INFO - Filling up the DagBag from /Users/sunanda/Downloads/python-demo/venv/lib/python3.9/site-packages/airflow/example_dags/plugins/event_listener.py
[2023-03-24T14:42:08.053-0400] {processor.py:755} WARNING - No viable dags retrieved from /Users/sunanda/Downloads/python-demo/venv/lib/python3.9/site-packages/airflow/example_dags/plugins/event_listener.py
[2023-03-24T14:42:08.351-0400] {processor.py:175} INFO - Processing /Users/sunanda/Downloads/python-demo/venv/lib/python3.9/site-packages/airflow/example_dags/plugins/event_listener.py took 0.306 seconds
[2023-03-24T14:42:56.935-0400] {processor.py:153} INFO - Started process (PID=23953) to work on /Users/sunanda/Downloads/python-demo/venv/lib/python3.9/site-packages/airflow/example_dags/plugins/event_listener.py
[2023-03-24T14:42:56.938-0400] {processor.py:743} INFO - Processing file /Users/sunanda/Downloads/python-demo/venv/lib/python3.9/site-packages/airflow/example_dags/plugins/event_listener.py for tasks to queue
[2023-03-24T14:42:56.939-0400] {logging_mixin.py:137} INFO - [2023-03-24T14:42:56.938-0400] {dagbag.py:532} INFO - Filling up the DagBag from /Users/sunanda/Downloads/python-demo/venv/lib/python3.9/site-packages/airflow/example_dags/plugins/event_listener.py
[2023-03-24T14:42:56.944-0400] {processor.py:755} WARNING - No viable dags retrieved from /Users/sunanda/Downloads/python-demo/venv/lib/python3.9/site-packages/airflow/example_dags/plugins/event_listener.py
[2023-03-24T14:42:57.212-0400] {processor.py:175} INFO - Processing /Users/sunanda/Downloads/python-demo/venv/lib/python3.9/site-packages/airflow/example_dags/plugins/event_listener.py took 0.277 seconds
[2023-03-24T14:43:42.778-0400] {processor.py:153} INFO - Started process (PID=24038) to work on /Users/sunanda/Downloads/python-demo/venv/lib/python3.9/site-packages/airflow/example_dags/plugins/event_listener.py
[2023-03-24T14:43:42.780-0400] {processor.py:743} INFO - Processing file /Users/sunanda/Downloads/python-demo/venv/lib/python3.9/site-packages/airflow/example_dags/plugins/event_listener.py for tasks to queue
[2023-03-24T14:43:42.781-0400] {logging_mixin.py:137} INFO - [2023-03-24T14:43:42.781-0400] {dagbag.py:532} INFO - Filling up the DagBag from /Users/sunanda/Downloads/python-demo/venv/lib/python3.9/site-packages/airflow/example_dags/plugins/event_listener.py
[2023-03-24T14:43:42.786-0400] {processor.py:755} WARNING - No viable dags retrieved from /Users/sunanda/Downloads/python-demo/venv/lib/python3.9/site-packages/airflow/example_dags/plugins/event_listener.py
[2023-03-24T14:43:43.057-0400] {processor.py:175} INFO - Processing /Users/sunanda/Downloads/python-demo/venv/lib/python3.9/site-packages/airflow/example_dags/plugins/event_listener.py took 0.279 seconds
[2023-03-24T14:44:27.329-0400] {processor.py:153} INFO - Started process (PID=24109) to work on /Users/sunanda/Downloads/python-demo/venv/lib/python3.9/site-packages/airflow/example_dags/plugins/event_listener.py
[2023-03-24T14:44:27.331-0400] {processor.py:743} INFO - Processing file /Users/sunanda/Downloads/python-demo/venv/lib/python3.9/site-packages/airflow/example_dags/plugins/event_listener.py for tasks to queue
[2023-03-24T14:44:27.331-0400] {logging_mixin.py:137} INFO - [2023-03-24T14:44:27.331-0400] {dagbag.py:532} INFO - Filling up the DagBag from /Users/sunanda/Downloads/python-demo/venv/lib/python3.9/site-packages/airflow/example_dags/plugins/event_listener.py
[2023-03-24T14:44:27.336-0400] {processor.py:755} WARNING - No viable dags retrieved from /Users/sunanda/Downloads/python-demo/venv/lib/python3.9/site-packages/airflow/example_dags/plugins/event_listener.py
[2023-03-24T14:44:27.619-0400] {processor.py:175} INFO - Processing /Users/sunanda/Downloads/python-demo/venv/lib/python3.9/site-packages/airflow/example_dags/plugins/event_listener.py took 0.290 seconds
[2023-03-24T14:45:14.417-0400] {processor.py:153} INFO - Started process (PID=24183) to work on /Users/sunanda/Downloads/python-demo/venv/lib/python3.9/site-packages/airflow/example_dags/plugins/event_listener.py
[2023-03-24T14:45:14.419-0400] {processor.py:743} INFO - Processing file /Users/sunanda/Downloads/python-demo/venv/lib/python3.9/site-packages/airflow/example_dags/plugins/event_listener.py for tasks to queue
[2023-03-24T14:45:14.420-0400] {logging_mixin.py:137} INFO - [2023-03-24T14:45:14.419-0400] {dagbag.py:532} INFO - Filling up the DagBag from /Users/sunanda/Downloads/python-demo/venv/lib/python3.9/site-packages/airflow/example_dags/plugins/event_listener.py
[2023-03-24T14:45:14.424-0400] {processor.py:755} WARNING - No viable dags retrieved from /Users/sunanda/Downloads/python-demo/venv/lib/python3.9/site-packages/airflow/example_dags/plugins/event_listener.py
[2023-03-24T14:45:14.691-0400] {processor.py:175} INFO - Processing /Users/sunanda/Downloads/python-demo/venv/lib/python3.9/site-packages/airflow/example_dags/plugins/event_listener.py took 0.274 seconds
[2023-03-24T14:46:03.745-0400] {processor.py:153} INFO - Started process (PID=24260) to work on /Users/sunanda/Downloads/python-demo/venv/lib/python3.9/site-packages/airflow/example_dags/plugins/event_listener.py
[2023-03-24T14:46:03.747-0400] {processor.py:743} INFO - Processing file /Users/sunanda/Downloads/python-demo/venv/lib/python3.9/site-packages/airflow/example_dags/plugins/event_listener.py for tasks to queue
[2023-03-24T14:46:03.747-0400] {logging_mixin.py:137} INFO - [2023-03-24T14:46:03.747-0400] {dagbag.py:532} INFO - Filling up the DagBag from /Users/sunanda/Downloads/python-demo/venv/lib/python3.9/site-packages/airflow/example_dags/plugins/event_listener.py
[2023-03-24T14:46:03.752-0400] {processor.py:755} WARNING - No viable dags retrieved from /Users/sunanda/Downloads/python-demo/venv/lib/python3.9/site-packages/airflow/example_dags/plugins/event_listener.py
[2023-03-24T14:46:04.037-0400] {processor.py:175} INFO - Processing /Users/sunanda/Downloads/python-demo/venv/lib/python3.9/site-packages/airflow/example_dags/plugins/event_listener.py took 0.293 seconds
[2023-03-24T14:46:49.628-0400] {processor.py:153} INFO - Started process (PID=24339) to work on /Users/sunanda/Downloads/python-demo/venv/lib/python3.9/site-packages/airflow/example_dags/plugins/event_listener.py
[2023-03-24T14:46:49.631-0400] {processor.py:743} INFO - Processing file /Users/sunanda/Downloads/python-demo/venv/lib/python3.9/site-packages/airflow/example_dags/plugins/event_listener.py for tasks to queue
[2023-03-24T14:46:49.631-0400] {logging_mixin.py:137} INFO - [2023-03-24T14:46:49.631-0400] {dagbag.py:532} INFO - Filling up the DagBag from /Users/sunanda/Downloads/python-demo/venv/lib/python3.9/site-packages/airflow/example_dags/plugins/event_listener.py
[2023-03-24T14:46:49.637-0400] {processor.py:755} WARNING - No viable dags retrieved from /Users/sunanda/Downloads/python-demo/venv/lib/python3.9/site-packages/airflow/example_dags/plugins/event_listener.py
[2023-03-24T14:46:49.906-0400] {processor.py:175} INFO - Processing /Users/sunanda/Downloads/python-demo/venv/lib/python3.9/site-packages/airflow/example_dags/plugins/event_listener.py took 0.278 seconds
[2023-03-24T14:47:39.248-0400] {processor.py:153} INFO - Started process (PID=24431) to work on /Users/sunanda/Downloads/python-demo/venv/lib/python3.9/site-packages/airflow/example_dags/plugins/event_listener.py
[2023-03-24T14:47:39.253-0400] {processor.py:743} INFO - Processing file /Users/sunanda/Downloads/python-demo/venv/lib/python3.9/site-packages/airflow/example_dags/plugins/event_listener.py for tasks to queue
[2023-03-24T14:47:39.253-0400] {logging_mixin.py:137} INFO - [2023-03-24T14:47:39.253-0400] {dagbag.py:532} INFO - Filling up the DagBag from /Users/sunanda/Downloads/python-demo/venv/lib/python3.9/site-packages/airflow/example_dags/plugins/event_listener.py
[2023-03-24T14:47:39.259-0400] {processor.py:755} WARNING - No viable dags retrieved from /Users/sunanda/Downloads/python-demo/venv/lib/python3.9/site-packages/airflow/example_dags/plugins/event_listener.py
[2023-03-24T14:47:39.602-0400] {processor.py:175} INFO - Processing /Users/sunanda/Downloads/python-demo/venv/lib/python3.9/site-packages/airflow/example_dags/plugins/event_listener.py took 0.355 seconds
[2023-03-24T14:48:28.056-0400] {processor.py:153} INFO - Started process (PID=24518) to work on /Users/sunanda/Downloads/python-demo/venv/lib/python3.9/site-packages/airflow/example_dags/plugins/event_listener.py
[2023-03-24T14:48:28.059-0400] {processor.py:743} INFO - Processing file /Users/sunanda/Downloads/python-demo/venv/lib/python3.9/site-packages/airflow/example_dags/plugins/event_listener.py for tasks to queue
[2023-03-24T14:48:28.059-0400] {logging_mixin.py:137} INFO - [2023-03-24T14:48:28.059-0400] {dagbag.py:532} INFO - Filling up the DagBag from /Users/sunanda/Downloads/python-demo/venv/lib/python3.9/site-packages/airflow/example_dags/plugins/event_listener.py
[2023-03-24T14:48:28.064-0400] {processor.py:755} WARNING - No viable dags retrieved from /Users/sunanda/Downloads/python-demo/venv/lib/python3.9/site-packages/airflow/example_dags/plugins/event_listener.py
[2023-03-24T14:48:28.344-0400] {processor.py:175} INFO - Processing /Users/sunanda/Downloads/python-demo/venv/lib/python3.9/site-packages/airflow/example_dags/plugins/event_listener.py took 0.288 seconds
[2023-03-24T14:49:17.539-0400] {processor.py:153} INFO - Started process (PID=24598) to work on /Users/sunanda/Downloads/python-demo/venv/lib/python3.9/site-packages/airflow/example_dags/plugins/event_listener.py
[2023-03-24T14:49:17.542-0400] {processor.py:743} INFO - Processing file /Users/sunanda/Downloads/python-demo/venv/lib/python3.9/site-packages/airflow/example_dags/plugins/event_listener.py for tasks to queue
[2023-03-24T14:49:17.542-0400] {logging_mixin.py:137} INFO - [2023-03-24T14:49:17.542-0400] {dagbag.py:532} INFO - Filling up the DagBag from /Users/sunanda/Downloads/python-demo/venv/lib/python3.9/site-packages/airflow/example_dags/plugins/event_listener.py
[2023-03-24T14:49:17.547-0400] {processor.py:755} WARNING - No viable dags retrieved from /Users/sunanda/Downloads/python-demo/venv/lib/python3.9/site-packages/airflow/example_dags/plugins/event_listener.py
[2023-03-24T14:49:17.820-0400] {processor.py:175} INFO - Processing /Users/sunanda/Downloads/python-demo/venv/lib/python3.9/site-packages/airflow/example_dags/plugins/event_listener.py took 0.282 seconds
[2023-03-24T14:50:02.519-0400] {processor.py:153} INFO - Started process (PID=24668) to work on /Users/sunanda/Downloads/python-demo/venv/lib/python3.9/site-packages/airflow/example_dags/plugins/event_listener.py
[2023-03-24T14:50:02.521-0400] {processor.py:743} INFO - Processing file /Users/sunanda/Downloads/python-demo/venv/lib/python3.9/site-packages/airflow/example_dags/plugins/event_listener.py for tasks to queue
[2023-03-24T14:50:02.521-0400] {logging_mixin.py:137} INFO - [2023-03-24T14:50:02.521-0400] {dagbag.py:532} INFO - Filling up the DagBag from /Users/sunanda/Downloads/python-demo/venv/lib/python3.9/site-packages/airflow/example_dags/plugins/event_listener.py
[2023-03-24T14:50:02.526-0400] {processor.py:755} WARNING - No viable dags retrieved from /Users/sunanda/Downloads/python-demo/venv/lib/python3.9/site-packages/airflow/example_dags/plugins/event_listener.py
[2023-03-24T14:50:02.792-0400] {processor.py:175} INFO - Processing /Users/sunanda/Downloads/python-demo/venv/lib/python3.9/site-packages/airflow/example_dags/plugins/event_listener.py took 0.274 seconds
[2023-03-24T14:50:47.713-0400] {processor.py:153} INFO - Started process (PID=24741) to work on /Users/sunanda/Downloads/python-demo/venv/lib/python3.9/site-packages/airflow/example_dags/plugins/event_listener.py
[2023-03-24T14:50:47.716-0400] {processor.py:743} INFO - Processing file /Users/sunanda/Downloads/python-demo/venv/lib/python3.9/site-packages/airflow/example_dags/plugins/event_listener.py for tasks to queue
[2023-03-24T14:50:47.717-0400] {logging_mixin.py:137} INFO - [2023-03-24T14:50:47.717-0400] {dagbag.py:532} INFO - Filling up the DagBag from /Users/sunanda/Downloads/python-demo/venv/lib/python3.9/site-packages/airflow/example_dags/plugins/event_listener.py
[2023-03-24T14:50:47.722-0400] {processor.py:755} WARNING - No viable dags retrieved from /Users/sunanda/Downloads/python-demo/venv/lib/python3.9/site-packages/airflow/example_dags/plugins/event_listener.py
[2023-03-24T14:50:47.987-0400] {processor.py:175} INFO - Processing /Users/sunanda/Downloads/python-demo/venv/lib/python3.9/site-packages/airflow/example_dags/plugins/event_listener.py took 0.274 seconds
[2023-03-24T14:51:34.110-0400] {processor.py:153} INFO - Started process (PID=24817) to work on /Users/sunanda/Downloads/python-demo/venv/lib/python3.9/site-packages/airflow/example_dags/plugins/event_listener.py
[2023-03-24T14:51:34.112-0400] {processor.py:743} INFO - Processing file /Users/sunanda/Downloads/python-demo/venv/lib/python3.9/site-packages/airflow/example_dags/plugins/event_listener.py for tasks to queue
[2023-03-24T14:51:34.113-0400] {logging_mixin.py:137} INFO - [2023-03-24T14:51:34.113-0400] {dagbag.py:532} INFO - Filling up the DagBag from /Users/sunanda/Downloads/python-demo/venv/lib/python3.9/site-packages/airflow/example_dags/plugins/event_listener.py
[2023-03-24T14:51:34.118-0400] {processor.py:755} WARNING - No viable dags retrieved from /Users/sunanda/Downloads/python-demo/venv/lib/python3.9/site-packages/airflow/example_dags/plugins/event_listener.py
[2023-03-24T14:51:34.384-0400] {processor.py:175} INFO - Processing /Users/sunanda/Downloads/python-demo/venv/lib/python3.9/site-packages/airflow/example_dags/plugins/event_listener.py took 0.275 seconds
[2023-03-24T14:52:22.034-0400] {processor.py:153} INFO - Started process (PID=24893) to work on /Users/sunanda/Downloads/python-demo/venv/lib/python3.9/site-packages/airflow/example_dags/plugins/event_listener.py
[2023-03-24T14:52:22.036-0400] {processor.py:743} INFO - Processing file /Users/sunanda/Downloads/python-demo/venv/lib/python3.9/site-packages/airflow/example_dags/plugins/event_listener.py for tasks to queue
[2023-03-24T14:52:22.036-0400] {logging_mixin.py:137} INFO - [2023-03-24T14:52:22.036-0400] {dagbag.py:532} INFO - Filling up the DagBag from /Users/sunanda/Downloads/python-demo/venv/lib/python3.9/site-packages/airflow/example_dags/plugins/event_listener.py
[2023-03-24T14:52:22.041-0400] {processor.py:755} WARNING - No viable dags retrieved from /Users/sunanda/Downloads/python-demo/venv/lib/python3.9/site-packages/airflow/example_dags/plugins/event_listener.py
[2023-03-24T14:52:22.308-0400] {processor.py:175} INFO - Processing /Users/sunanda/Downloads/python-demo/venv/lib/python3.9/site-packages/airflow/example_dags/plugins/event_listener.py took 0.275 seconds
[2023-03-24T14:53:09.092-0400] {processor.py:153} INFO - Started process (PID=24966) to work on /Users/sunanda/Downloads/python-demo/venv/lib/python3.9/site-packages/airflow/example_dags/plugins/event_listener.py
[2023-03-24T14:53:09.095-0400] {processor.py:743} INFO - Processing file /Users/sunanda/Downloads/python-demo/venv/lib/python3.9/site-packages/airflow/example_dags/plugins/event_listener.py for tasks to queue
[2023-03-24T14:53:09.095-0400] {logging_mixin.py:137} INFO - [2023-03-24T14:53:09.095-0400] {dagbag.py:532} INFO - Filling up the DagBag from /Users/sunanda/Downloads/python-demo/venv/lib/python3.9/site-packages/airflow/example_dags/plugins/event_listener.py
[2023-03-24T14:53:09.100-0400] {processor.py:755} WARNING - No viable dags retrieved from /Users/sunanda/Downloads/python-demo/venv/lib/python3.9/site-packages/airflow/example_dags/plugins/event_listener.py
[2023-03-24T14:53:09.368-0400] {processor.py:175} INFO - Processing /Users/sunanda/Downloads/python-demo/venv/lib/python3.9/site-packages/airflow/example_dags/plugins/event_listener.py took 0.276 seconds
[2023-03-24T14:53:53.730-0400] {processor.py:153} INFO - Started process (PID=25038) to work on /Users/sunanda/Downloads/python-demo/venv/lib/python3.9/site-packages/airflow/example_dags/plugins/event_listener.py
[2023-03-24T14:53:53.733-0400] {processor.py:743} INFO - Processing file /Users/sunanda/Downloads/python-demo/venv/lib/python3.9/site-packages/airflow/example_dags/plugins/event_listener.py for tasks to queue
[2023-03-24T14:53:53.733-0400] {logging_mixin.py:137} INFO - [2023-03-24T14:53:53.733-0400] {dagbag.py:532} INFO - Filling up the DagBag from /Users/sunanda/Downloads/python-demo/venv/lib/python3.9/site-packages/airflow/example_dags/plugins/event_listener.py
[2023-03-24T14:53:53.738-0400] {processor.py:755} WARNING - No viable dags retrieved from /Users/sunanda/Downloads/python-demo/venv/lib/python3.9/site-packages/airflow/example_dags/plugins/event_listener.py
[2023-03-24T14:53:54.006-0400] {processor.py:175} INFO - Processing /Users/sunanda/Downloads/python-demo/venv/lib/python3.9/site-packages/airflow/example_dags/plugins/event_listener.py took 0.276 seconds
[2023-03-24T14:54:36.242-0400] {processor.py:153} INFO - Started process (PID=25112) to work on /Users/sunanda/Downloads/python-demo/venv/lib/python3.9/site-packages/airflow/example_dags/plugins/event_listener.py
[2023-03-24T14:54:36.245-0400] {processor.py:743} INFO - Processing file /Users/sunanda/Downloads/python-demo/venv/lib/python3.9/site-packages/airflow/example_dags/plugins/event_listener.py for tasks to queue
[2023-03-24T14:54:36.245-0400] {logging_mixin.py:137} INFO - [2023-03-24T14:54:36.245-0400] {dagbag.py:532} INFO - Filling up the DagBag from /Users/sunanda/Downloads/python-demo/venv/lib/python3.9/site-packages/airflow/example_dags/plugins/event_listener.py
[2023-03-24T14:54:36.251-0400] {processor.py:755} WARNING - No viable dags retrieved from /Users/sunanda/Downloads/python-demo/venv/lib/python3.9/site-packages/airflow/example_dags/plugins/event_listener.py
[2023-03-24T14:54:36.528-0400] {processor.py:175} INFO - Processing /Users/sunanda/Downloads/python-demo/venv/lib/python3.9/site-packages/airflow/example_dags/plugins/event_listener.py took 0.287 seconds
[2023-03-24T14:55:23.337-0400] {processor.py:153} INFO - Started process (PID=25184) to work on /Users/sunanda/Downloads/python-demo/venv/lib/python3.9/site-packages/airflow/example_dags/plugins/event_listener.py
[2023-03-24T14:55:23.340-0400] {processor.py:743} INFO - Processing file /Users/sunanda/Downloads/python-demo/venv/lib/python3.9/site-packages/airflow/example_dags/plugins/event_listener.py for tasks to queue
[2023-03-24T14:55:23.340-0400] {logging_mixin.py:137} INFO - [2023-03-24T14:55:23.340-0400] {dagbag.py:532} INFO - Filling up the DagBag from /Users/sunanda/Downloads/python-demo/venv/lib/python3.9/site-packages/airflow/example_dags/plugins/event_listener.py
[2023-03-24T14:55:23.345-0400] {processor.py:755} WARNING - No viable dags retrieved from /Users/sunanda/Downloads/python-demo/venv/lib/python3.9/site-packages/airflow/example_dags/plugins/event_listener.py
[2023-03-24T14:55:23.624-0400] {processor.py:175} INFO - Processing /Users/sunanda/Downloads/python-demo/venv/lib/python3.9/site-packages/airflow/example_dags/plugins/event_listener.py took 0.288 seconds
[2023-03-24T14:56:08.685-0400] {processor.py:153} INFO - Started process (PID=25262) to work on /Users/sunanda/Downloads/python-demo/venv/lib/python3.9/site-packages/airflow/example_dags/plugins/event_listener.py
[2023-03-24T14:56:08.688-0400] {processor.py:743} INFO - Processing file /Users/sunanda/Downloads/python-demo/venv/lib/python3.9/site-packages/airflow/example_dags/plugins/event_listener.py for tasks to queue
[2023-03-24T14:56:08.688-0400] {logging_mixin.py:137} INFO - [2023-03-24T14:56:08.688-0400] {dagbag.py:532} INFO - Filling up the DagBag from /Users/sunanda/Downloads/python-demo/venv/lib/python3.9/site-packages/airflow/example_dags/plugins/event_listener.py
[2023-03-24T14:56:08.693-0400] {processor.py:755} WARNING - No viable dags retrieved from /Users/sunanda/Downloads/python-demo/venv/lib/python3.9/site-packages/airflow/example_dags/plugins/event_listener.py
[2023-03-24T14:56:08.961-0400] {processor.py:175} INFO - Processing /Users/sunanda/Downloads/python-demo/venv/lib/python3.9/site-packages/airflow/example_dags/plugins/event_listener.py took 0.277 seconds
[2023-03-24T15:06:44.631-0400] {processor.py:153} INFO - Started process (PID=25357) to work on /Users/sunanda/Downloads/python-demo/venv/lib/python3.9/site-packages/airflow/example_dags/plugins/event_listener.py
[2023-03-24T15:06:44.634-0400] {processor.py:743} INFO - Processing file /Users/sunanda/Downloads/python-demo/venv/lib/python3.9/site-packages/airflow/example_dags/plugins/event_listener.py for tasks to queue
[2023-03-24T15:06:44.634-0400] {logging_mixin.py:137} INFO - [2023-03-24T15:06:44.634-0400] {dagbag.py:532} INFO - Filling up the DagBag from /Users/sunanda/Downloads/python-demo/venv/lib/python3.9/site-packages/airflow/example_dags/plugins/event_listener.py
[2023-03-24T15:06:44.639-0400] {processor.py:755} WARNING - No viable dags retrieved from /Users/sunanda/Downloads/python-demo/venv/lib/python3.9/site-packages/airflow/example_dags/plugins/event_listener.py
[2023-03-24T15:06:44.904-0400] {processor.py:175} INFO - Processing /Users/sunanda/Downloads/python-demo/venv/lib/python3.9/site-packages/airflow/example_dags/plugins/event_listener.py took 0.274 seconds
[2023-03-24T15:07:31.905-0400] {processor.py:153} INFO - Started process (PID=25432) to work on /Users/sunanda/Downloads/python-demo/venv/lib/python3.9/site-packages/airflow/example_dags/plugins/event_listener.py
[2023-03-24T15:07:31.907-0400] {processor.py:743} INFO - Processing file /Users/sunanda/Downloads/python-demo/venv/lib/python3.9/site-packages/airflow/example_dags/plugins/event_listener.py for tasks to queue
[2023-03-24T15:07:31.908-0400] {logging_mixin.py:137} INFO - [2023-03-24T15:07:31.907-0400] {dagbag.py:532} INFO - Filling up the DagBag from /Users/sunanda/Downloads/python-demo/venv/lib/python3.9/site-packages/airflow/example_dags/plugins/event_listener.py
[2023-03-24T15:07:31.912-0400] {processor.py:755} WARNING - No viable dags retrieved from /Users/sunanda/Downloads/python-demo/venv/lib/python3.9/site-packages/airflow/example_dags/plugins/event_listener.py
[2023-03-24T15:07:32.178-0400] {processor.py:175} INFO - Processing /Users/sunanda/Downloads/python-demo/venv/lib/python3.9/site-packages/airflow/example_dags/plugins/event_listener.py took 0.274 seconds
[2023-03-24T15:08:17.977-0400] {processor.py:153} INFO - Started process (PID=25506) to work on /Users/sunanda/Downloads/python-demo/venv/lib/python3.9/site-packages/airflow/example_dags/plugins/event_listener.py
[2023-03-24T15:08:17.979-0400] {processor.py:743} INFO - Processing file /Users/sunanda/Downloads/python-demo/venv/lib/python3.9/site-packages/airflow/example_dags/plugins/event_listener.py for tasks to queue
[2023-03-24T15:08:17.980-0400] {logging_mixin.py:137} INFO - [2023-03-24T15:08:17.980-0400] {dagbag.py:532} INFO - Filling up the DagBag from /Users/sunanda/Downloads/python-demo/venv/lib/python3.9/site-packages/airflow/example_dags/plugins/event_listener.py
[2023-03-24T15:08:17.985-0400] {processor.py:755} WARNING - No viable dags retrieved from /Users/sunanda/Downloads/python-demo/venv/lib/python3.9/site-packages/airflow/example_dags/plugins/event_listener.py
[2023-03-24T15:08:18.253-0400] {processor.py:175} INFO - Processing /Users/sunanda/Downloads/python-demo/venv/lib/python3.9/site-packages/airflow/example_dags/plugins/event_listener.py took 0.276 seconds
[2023-03-24T15:14:57.943-0400] {processor.py:153} INFO - Started process (PID=25595) to work on /Users/sunanda/Downloads/python-demo/venv/lib/python3.9/site-packages/airflow/example_dags/plugins/event_listener.py
[2023-03-24T15:14:57.946-0400] {processor.py:743} INFO - Processing file /Users/sunanda/Downloads/python-demo/venv/lib/python3.9/site-packages/airflow/example_dags/plugins/event_listener.py for tasks to queue
[2023-03-24T15:14:57.946-0400] {logging_mixin.py:137} INFO - [2023-03-24T15:14:57.946-0400] {dagbag.py:532} INFO - Filling up the DagBag from /Users/sunanda/Downloads/python-demo/venv/lib/python3.9/site-packages/airflow/example_dags/plugins/event_listener.py
[2023-03-24T15:14:57.951-0400] {processor.py:755} WARNING - No viable dags retrieved from /Users/sunanda/Downloads/python-demo/venv/lib/python3.9/site-packages/airflow/example_dags/plugins/event_listener.py
[2023-03-24T15:14:58.221-0400] {processor.py:175} INFO - Processing /Users/sunanda/Downloads/python-demo/venv/lib/python3.9/site-packages/airflow/example_dags/plugins/event_listener.py took 0.278 seconds
[2023-03-24T15:15:51.021-0400] {processor.py:153} INFO - Started process (PID=25677) to work on /Users/sunanda/Downloads/python-demo/venv/lib/python3.9/site-packages/airflow/example_dags/plugins/event_listener.py
[2023-03-24T15:15:51.024-0400] {processor.py:743} INFO - Processing file /Users/sunanda/Downloads/python-demo/venv/lib/python3.9/site-packages/airflow/example_dags/plugins/event_listener.py for tasks to queue
[2023-03-24T15:15:51.025-0400] {logging_mixin.py:137} INFO - [2023-03-24T15:15:51.025-0400] {dagbag.py:532} INFO - Filling up the DagBag from /Users/sunanda/Downloads/python-demo/venv/lib/python3.9/site-packages/airflow/example_dags/plugins/event_listener.py
[2023-03-24T15:15:51.030-0400] {processor.py:755} WARNING - No viable dags retrieved from /Users/sunanda/Downloads/python-demo/venv/lib/python3.9/site-packages/airflow/example_dags/plugins/event_listener.py
[2023-03-24T15:15:51.296-0400] {processor.py:175} INFO - Processing /Users/sunanda/Downloads/python-demo/venv/lib/python3.9/site-packages/airflow/example_dags/plugins/event_listener.py took 0.275 seconds
[2023-03-24T15:16:36.071-0400] {processor.py:153} INFO - Started process (PID=25749) to work on /Users/sunanda/Downloads/python-demo/venv/lib/python3.9/site-packages/airflow/example_dags/plugins/event_listener.py
[2023-03-24T15:16:36.075-0400] {processor.py:743} INFO - Processing file /Users/sunanda/Downloads/python-demo/venv/lib/python3.9/site-packages/airflow/example_dags/plugins/event_listener.py for tasks to queue
[2023-03-24T15:16:36.075-0400] {logging_mixin.py:137} INFO - [2023-03-24T15:16:36.075-0400] {dagbag.py:532} INFO - Filling up the DagBag from /Users/sunanda/Downloads/python-demo/venv/lib/python3.9/site-packages/airflow/example_dags/plugins/event_listener.py
[2023-03-24T15:16:36.080-0400] {processor.py:755} WARNING - No viable dags retrieved from /Users/sunanda/Downloads/python-demo/venv/lib/python3.9/site-packages/airflow/example_dags/plugins/event_listener.py
[2023-03-24T15:16:36.345-0400] {processor.py:175} INFO - Processing /Users/sunanda/Downloads/python-demo/venv/lib/python3.9/site-packages/airflow/example_dags/plugins/event_listener.py took 0.274 seconds
[2023-03-24T15:17:21.664-0400] {processor.py:153} INFO - Started process (PID=25825) to work on /Users/sunanda/Downloads/python-demo/venv/lib/python3.9/site-packages/airflow/example_dags/plugins/event_listener.py
[2023-03-24T15:17:21.666-0400] {processor.py:743} INFO - Processing file /Users/sunanda/Downloads/python-demo/venv/lib/python3.9/site-packages/airflow/example_dags/plugins/event_listener.py for tasks to queue
[2023-03-24T15:17:21.666-0400] {logging_mixin.py:137} INFO - [2023-03-24T15:17:21.666-0400] {dagbag.py:532} INFO - Filling up the DagBag from /Users/sunanda/Downloads/python-demo/venv/lib/python3.9/site-packages/airflow/example_dags/plugins/event_listener.py
[2023-03-24T15:17:21.671-0400] {processor.py:755} WARNING - No viable dags retrieved from /Users/sunanda/Downloads/python-demo/venv/lib/python3.9/site-packages/airflow/example_dags/plugins/event_listener.py
[2023-03-24T15:17:21.941-0400] {processor.py:175} INFO - Processing /Users/sunanda/Downloads/python-demo/venv/lib/python3.9/site-packages/airflow/example_dags/plugins/event_listener.py took 0.278 seconds
[2023-03-24T15:18:07.232-0400] {processor.py:153} INFO - Started process (PID=25910) to work on /Users/sunanda/Downloads/python-demo/venv/lib/python3.9/site-packages/airflow/example_dags/plugins/event_listener.py
[2023-03-24T15:18:07.234-0400] {processor.py:743} INFO - Processing file /Users/sunanda/Downloads/python-demo/venv/lib/python3.9/site-packages/airflow/example_dags/plugins/event_listener.py for tasks to queue
[2023-03-24T15:18:07.234-0400] {logging_mixin.py:137} INFO - [2023-03-24T15:18:07.234-0400] {dagbag.py:532} INFO - Filling up the DagBag from /Users/sunanda/Downloads/python-demo/venv/lib/python3.9/site-packages/airflow/example_dags/plugins/event_listener.py
[2023-03-24T15:18:07.239-0400] {processor.py:755} WARNING - No viable dags retrieved from /Users/sunanda/Downloads/python-demo/venv/lib/python3.9/site-packages/airflow/example_dags/plugins/event_listener.py
[2023-03-24T15:18:07.507-0400] {processor.py:175} INFO - Processing /Users/sunanda/Downloads/python-demo/venv/lib/python3.9/site-packages/airflow/example_dags/plugins/event_listener.py took 0.276 seconds
[2023-03-24T15:18:55.533-0400] {processor.py:153} INFO - Started process (PID=25995) to work on /Users/sunanda/Downloads/python-demo/venv/lib/python3.9/site-packages/airflow/example_dags/plugins/event_listener.py
[2023-03-24T15:18:55.535-0400] {processor.py:743} INFO - Processing file /Users/sunanda/Downloads/python-demo/venv/lib/python3.9/site-packages/airflow/example_dags/plugins/event_listener.py for tasks to queue
[2023-03-24T15:18:55.535-0400] {logging_mixin.py:137} INFO - [2023-03-24T15:18:55.535-0400] {dagbag.py:532} INFO - Filling up the DagBag from /Users/sunanda/Downloads/python-demo/venv/lib/python3.9/site-packages/airflow/example_dags/plugins/event_listener.py
[2023-03-24T15:18:55.542-0400] {processor.py:755} WARNING - No viable dags retrieved from /Users/sunanda/Downloads/python-demo/venv/lib/python3.9/site-packages/airflow/example_dags/plugins/event_listener.py
[2023-03-24T15:18:55.812-0400] {processor.py:175} INFO - Processing /Users/sunanda/Downloads/python-demo/venv/lib/python3.9/site-packages/airflow/example_dags/plugins/event_listener.py took 0.280 seconds
[2023-03-24T15:19:41.861-0400] {processor.py:153} INFO - Started process (PID=26067) to work on /Users/sunanda/Downloads/python-demo/venv/lib/python3.9/site-packages/airflow/example_dags/plugins/event_listener.py
[2023-03-24T15:19:41.864-0400] {processor.py:743} INFO - Processing file /Users/sunanda/Downloads/python-demo/venv/lib/python3.9/site-packages/airflow/example_dags/plugins/event_listener.py for tasks to queue
[2023-03-24T15:19:41.864-0400] {logging_mixin.py:137} INFO - [2023-03-24T15:19:41.864-0400] {dagbag.py:532} INFO - Filling up the DagBag from /Users/sunanda/Downloads/python-demo/venv/lib/python3.9/site-packages/airflow/example_dags/plugins/event_listener.py
[2023-03-24T15:19:41.870-0400] {processor.py:755} WARNING - No viable dags retrieved from /Users/sunanda/Downloads/python-demo/venv/lib/python3.9/site-packages/airflow/example_dags/plugins/event_listener.py
[2023-03-24T15:19:42.156-0400] {processor.py:175} INFO - Processing /Users/sunanda/Downloads/python-demo/venv/lib/python3.9/site-packages/airflow/example_dags/plugins/event_listener.py took 0.295 seconds
[2023-03-24T15:20:29.287-0400] {processor.py:153} INFO - Started process (PID=26156) to work on /Users/sunanda/Downloads/python-demo/venv/lib/python3.9/site-packages/airflow/example_dags/plugins/event_listener.py
[2023-03-24T15:20:29.290-0400] {processor.py:743} INFO - Processing file /Users/sunanda/Downloads/python-demo/venv/lib/python3.9/site-packages/airflow/example_dags/plugins/event_listener.py for tasks to queue
[2023-03-24T15:20:29.291-0400] {logging_mixin.py:137} INFO - [2023-03-24T15:20:29.291-0400] {dagbag.py:532} INFO - Filling up the DagBag from /Users/sunanda/Downloads/python-demo/venv/lib/python3.9/site-packages/airflow/example_dags/plugins/event_listener.py
[2023-03-24T15:20:29.296-0400] {processor.py:755} WARNING - No viable dags retrieved from /Users/sunanda/Downloads/python-demo/venv/lib/python3.9/site-packages/airflow/example_dags/plugins/event_listener.py
[2023-03-24T15:20:29.560-0400] {processor.py:175} INFO - Processing /Users/sunanda/Downloads/python-demo/venv/lib/python3.9/site-packages/airflow/example_dags/plugins/event_listener.py took 0.273 seconds
[2023-03-24T15:21:16.637-0400] {processor.py:153} INFO - Started process (PID=26230) to work on /Users/sunanda/Downloads/python-demo/venv/lib/python3.9/site-packages/airflow/example_dags/plugins/event_listener.py
[2023-03-24T15:21:16.640-0400] {processor.py:743} INFO - Processing file /Users/sunanda/Downloads/python-demo/venv/lib/python3.9/site-packages/airflow/example_dags/plugins/event_listener.py for tasks to queue
[2023-03-24T15:21:16.640-0400] {logging_mixin.py:137} INFO - [2023-03-24T15:21:16.640-0400] {dagbag.py:532} INFO - Filling up the DagBag from /Users/sunanda/Downloads/python-demo/venv/lib/python3.9/site-packages/airflow/example_dags/plugins/event_listener.py
[2023-03-24T15:21:16.646-0400] {processor.py:755} WARNING - No viable dags retrieved from /Users/sunanda/Downloads/python-demo/venv/lib/python3.9/site-packages/airflow/example_dags/plugins/event_listener.py
[2023-03-24T15:21:16.917-0400] {processor.py:175} INFO - Processing /Users/sunanda/Downloads/python-demo/venv/lib/python3.9/site-packages/airflow/example_dags/plugins/event_listener.py took 0.280 seconds
[2023-03-24T15:22:07.352-0400] {processor.py:153} INFO - Started process (PID=26313) to work on /Users/sunanda/Downloads/python-demo/venv/lib/python3.9/site-packages/airflow/example_dags/plugins/event_listener.py
[2023-03-24T15:22:07.355-0400] {processor.py:743} INFO - Processing file /Users/sunanda/Downloads/python-demo/venv/lib/python3.9/site-packages/airflow/example_dags/plugins/event_listener.py for tasks to queue
[2023-03-24T15:22:07.355-0400] {logging_mixin.py:137} INFO - [2023-03-24T15:22:07.355-0400] {dagbag.py:532} INFO - Filling up the DagBag from /Users/sunanda/Downloads/python-demo/venv/lib/python3.9/site-packages/airflow/example_dags/plugins/event_listener.py
[2023-03-24T15:22:07.360-0400] {processor.py:755} WARNING - No viable dags retrieved from /Users/sunanda/Downloads/python-demo/venv/lib/python3.9/site-packages/airflow/example_dags/plugins/event_listener.py
[2023-03-24T15:22:07.632-0400] {processor.py:175} INFO - Processing /Users/sunanda/Downloads/python-demo/venv/lib/python3.9/site-packages/airflow/example_dags/plugins/event_listener.py took 0.280 seconds
[2023-03-24T15:22:54.546-0400] {processor.py:153} INFO - Started process (PID=26397) to work on /Users/sunanda/Downloads/python-demo/venv/lib/python3.9/site-packages/airflow/example_dags/plugins/event_listener.py
[2023-03-24T15:22:54.550-0400] {processor.py:743} INFO - Processing file /Users/sunanda/Downloads/python-demo/venv/lib/python3.9/site-packages/airflow/example_dags/plugins/event_listener.py for tasks to queue
[2023-03-24T15:22:54.550-0400] {logging_mixin.py:137} INFO - [2023-03-24T15:22:54.550-0400] {dagbag.py:532} INFO - Filling up the DagBag from /Users/sunanda/Downloads/python-demo/venv/lib/python3.9/site-packages/airflow/example_dags/plugins/event_listener.py
[2023-03-24T15:22:54.555-0400] {processor.py:755} WARNING - No viable dags retrieved from /Users/sunanda/Downloads/python-demo/venv/lib/python3.9/site-packages/airflow/example_dags/plugins/event_listener.py
[2023-03-24T15:22:54.853-0400] {processor.py:175} INFO - Processing /Users/sunanda/Downloads/python-demo/venv/lib/python3.9/site-packages/airflow/example_dags/plugins/event_listener.py took 0.307 seconds
[2023-03-24T15:23:42.241-0400] {processor.py:153} INFO - Started process (PID=26492) to work on /Users/sunanda/Downloads/python-demo/venv/lib/python3.9/site-packages/airflow/example_dags/plugins/event_listener.py
[2023-03-24T15:23:42.244-0400] {processor.py:743} INFO - Processing file /Users/sunanda/Downloads/python-demo/venv/lib/python3.9/site-packages/airflow/example_dags/plugins/event_listener.py for tasks to queue
[2023-03-24T15:23:42.244-0400] {logging_mixin.py:137} INFO - [2023-03-24T15:23:42.244-0400] {dagbag.py:532} INFO - Filling up the DagBag from /Users/sunanda/Downloads/python-demo/venv/lib/python3.9/site-packages/airflow/example_dags/plugins/event_listener.py
[2023-03-24T15:23:42.249-0400] {processor.py:755} WARNING - No viable dags retrieved from /Users/sunanda/Downloads/python-demo/venv/lib/python3.9/site-packages/airflow/example_dags/plugins/event_listener.py
[2023-03-24T15:23:42.526-0400] {processor.py:175} INFO - Processing /Users/sunanda/Downloads/python-demo/venv/lib/python3.9/site-packages/airflow/example_dags/plugins/event_listener.py took 0.285 seconds
[2023-03-24T15:24:28.638-0400] {processor.py:153} INFO - Started process (PID=26563) to work on /Users/sunanda/Downloads/python-demo/venv/lib/python3.9/site-packages/airflow/example_dags/plugins/event_listener.py
[2023-03-24T15:24:28.640-0400] {processor.py:743} INFO - Processing file /Users/sunanda/Downloads/python-demo/venv/lib/python3.9/site-packages/airflow/example_dags/plugins/event_listener.py for tasks to queue
[2023-03-24T15:24:28.640-0400] {logging_mixin.py:137} INFO - [2023-03-24T15:24:28.640-0400] {dagbag.py:532} INFO - Filling up the DagBag from /Users/sunanda/Downloads/python-demo/venv/lib/python3.9/site-packages/airflow/example_dags/plugins/event_listener.py
[2023-03-24T15:24:28.645-0400] {processor.py:755} WARNING - No viable dags retrieved from /Users/sunanda/Downloads/python-demo/venv/lib/python3.9/site-packages/airflow/example_dags/plugins/event_listener.py
[2023-03-24T15:24:28.913-0400] {processor.py:175} INFO - Processing /Users/sunanda/Downloads/python-demo/venv/lib/python3.9/site-packages/airflow/example_dags/plugins/event_listener.py took 0.276 seconds
[2023-03-24T15:25:14.233-0400] {processor.py:153} INFO - Started process (PID=26647) to work on /Users/sunanda/Downloads/python-demo/venv/lib/python3.9/site-packages/airflow/example_dags/plugins/event_listener.py
[2023-03-24T15:25:14.235-0400] {processor.py:743} INFO - Processing file /Users/sunanda/Downloads/python-demo/venv/lib/python3.9/site-packages/airflow/example_dags/plugins/event_listener.py for tasks to queue
[2023-03-24T15:25:14.235-0400] {logging_mixin.py:137} INFO - [2023-03-24T15:25:14.235-0400] {dagbag.py:532} INFO - Filling up the DagBag from /Users/sunanda/Downloads/python-demo/venv/lib/python3.9/site-packages/airflow/example_dags/plugins/event_listener.py
[2023-03-24T15:25:14.240-0400] {processor.py:755} WARNING - No viable dags retrieved from /Users/sunanda/Downloads/python-demo/venv/lib/python3.9/site-packages/airflow/example_dags/plugins/event_listener.py
[2023-03-24T15:25:14.515-0400] {processor.py:175} INFO - Processing /Users/sunanda/Downloads/python-demo/venv/lib/python3.9/site-packages/airflow/example_dags/plugins/event_listener.py took 0.283 seconds
[2023-03-24T15:26:01.079-0400] {processor.py:153} INFO - Started process (PID=26717) to work on /Users/sunanda/Downloads/python-demo/venv/lib/python3.9/site-packages/airflow/example_dags/plugins/event_listener.py
[2023-03-24T15:26:01.083-0400] {processor.py:743} INFO - Processing file /Users/sunanda/Downloads/python-demo/venv/lib/python3.9/site-packages/airflow/example_dags/plugins/event_listener.py for tasks to queue
[2023-03-24T15:26:01.083-0400] {logging_mixin.py:137} INFO - [2023-03-24T15:26:01.083-0400] {dagbag.py:532} INFO - Filling up the DagBag from /Users/sunanda/Downloads/python-demo/venv/lib/python3.9/site-packages/airflow/example_dags/plugins/event_listener.py
[2023-03-24T15:26:01.088-0400] {processor.py:755} WARNING - No viable dags retrieved from /Users/sunanda/Downloads/python-demo/venv/lib/python3.9/site-packages/airflow/example_dags/plugins/event_listener.py
[2023-03-24T15:26:01.361-0400] {processor.py:175} INFO - Processing /Users/sunanda/Downloads/python-demo/venv/lib/python3.9/site-packages/airflow/example_dags/plugins/event_listener.py took 0.282 seconds
[2023-03-24T15:26:48.826-0400] {processor.py:153} INFO - Started process (PID=26791) to work on /Users/sunanda/Downloads/python-demo/venv/lib/python3.9/site-packages/airflow/example_dags/plugins/event_listener.py
[2023-03-24T15:26:48.829-0400] {processor.py:743} INFO - Processing file /Users/sunanda/Downloads/python-demo/venv/lib/python3.9/site-packages/airflow/example_dags/plugins/event_listener.py for tasks to queue
[2023-03-24T15:26:48.829-0400] {logging_mixin.py:137} INFO - [2023-03-24T15:26:48.829-0400] {dagbag.py:532} INFO - Filling up the DagBag from /Users/sunanda/Downloads/python-demo/venv/lib/python3.9/site-packages/airflow/example_dags/plugins/event_listener.py
[2023-03-24T15:26:48.835-0400] {processor.py:755} WARNING - No viable dags retrieved from /Users/sunanda/Downloads/python-demo/venv/lib/python3.9/site-packages/airflow/example_dags/plugins/event_listener.py
[2023-03-24T15:26:49.108-0400] {processor.py:175} INFO - Processing /Users/sunanda/Downloads/python-demo/venv/lib/python3.9/site-packages/airflow/example_dags/plugins/event_listener.py took 0.282 seconds
[2023-03-24T15:27:34.456-0400] {processor.py:153} INFO - Started process (PID=26878) to work on /Users/sunanda/Downloads/python-demo/venv/lib/python3.9/site-packages/airflow/example_dags/plugins/event_listener.py
[2023-03-24T15:27:34.459-0400] {processor.py:743} INFO - Processing file /Users/sunanda/Downloads/python-demo/venv/lib/python3.9/site-packages/airflow/example_dags/plugins/event_listener.py for tasks to queue
[2023-03-24T15:27:34.459-0400] {logging_mixin.py:137} INFO - [2023-03-24T15:27:34.459-0400] {dagbag.py:532} INFO - Filling up the DagBag from /Users/sunanda/Downloads/python-demo/venv/lib/python3.9/site-packages/airflow/example_dags/plugins/event_listener.py
[2023-03-24T15:27:34.464-0400] {processor.py:755} WARNING - No viable dags retrieved from /Users/sunanda/Downloads/python-demo/venv/lib/python3.9/site-packages/airflow/example_dags/plugins/event_listener.py
[2023-03-24T15:27:34.739-0400] {processor.py:175} INFO - Processing /Users/sunanda/Downloads/python-demo/venv/lib/python3.9/site-packages/airflow/example_dags/plugins/event_listener.py took 0.283 seconds
[2023-03-24T15:28:20.060-0400] {processor.py:153} INFO - Started process (PID=26948) to work on /Users/sunanda/Downloads/python-demo/venv/lib/python3.9/site-packages/airflow/example_dags/plugins/event_listener.py
[2023-03-24T15:28:20.062-0400] {processor.py:743} INFO - Processing file /Users/sunanda/Downloads/python-demo/venv/lib/python3.9/site-packages/airflow/example_dags/plugins/event_listener.py for tasks to queue
[2023-03-24T15:28:20.062-0400] {logging_mixin.py:137} INFO - [2023-03-24T15:28:20.062-0400] {dagbag.py:532} INFO - Filling up the DagBag from /Users/sunanda/Downloads/python-demo/venv/lib/python3.9/site-packages/airflow/example_dags/plugins/event_listener.py
[2023-03-24T15:28:20.067-0400] {processor.py:755} WARNING - No viable dags retrieved from /Users/sunanda/Downloads/python-demo/venv/lib/python3.9/site-packages/airflow/example_dags/plugins/event_listener.py
[2023-03-24T15:28:20.346-0400] {processor.py:175} INFO - Processing /Users/sunanda/Downloads/python-demo/venv/lib/python3.9/site-packages/airflow/example_dags/plugins/event_listener.py took 0.287 seconds
[2023-03-24T15:29:10.253-0400] {processor.py:153} INFO - Started process (PID=27049) to work on /Users/sunanda/Downloads/python-demo/venv/lib/python3.9/site-packages/airflow/example_dags/plugins/event_listener.py
[2023-03-24T15:29:10.257-0400] {processor.py:743} INFO - Processing file /Users/sunanda/Downloads/python-demo/venv/lib/python3.9/site-packages/airflow/example_dags/plugins/event_listener.py for tasks to queue
[2023-03-24T15:29:10.257-0400] {logging_mixin.py:137} INFO - [2023-03-24T15:29:10.257-0400] {dagbag.py:532} INFO - Filling up the DagBag from /Users/sunanda/Downloads/python-demo/venv/lib/python3.9/site-packages/airflow/example_dags/plugins/event_listener.py
[2023-03-24T15:29:10.263-0400] {processor.py:755} WARNING - No viable dags retrieved from /Users/sunanda/Downloads/python-demo/venv/lib/python3.9/site-packages/airflow/example_dags/plugins/event_listener.py
[2023-03-24T15:29:10.570-0400] {processor.py:175} INFO - Processing /Users/sunanda/Downloads/python-demo/venv/lib/python3.9/site-packages/airflow/example_dags/plugins/event_listener.py took 0.317 seconds
[2023-03-24T15:30:04.691-0400] {processor.py:153} INFO - Started process (PID=27146) to work on /Users/sunanda/Downloads/python-demo/venv/lib/python3.9/site-packages/airflow/example_dags/plugins/event_listener.py
[2023-03-24T15:30:04.696-0400] {processor.py:743} INFO - Processing file /Users/sunanda/Downloads/python-demo/venv/lib/python3.9/site-packages/airflow/example_dags/plugins/event_listener.py for tasks to queue
[2023-03-24T15:30:04.697-0400] {logging_mixin.py:137} INFO - [2023-03-24T15:30:04.697-0400] {dagbag.py:532} INFO - Filling up the DagBag from /Users/sunanda/Downloads/python-demo/venv/lib/python3.9/site-packages/airflow/example_dags/plugins/event_listener.py
[2023-03-24T15:30:04.702-0400] {processor.py:755} WARNING - No viable dags retrieved from /Users/sunanda/Downloads/python-demo/venv/lib/python3.9/site-packages/airflow/example_dags/plugins/event_listener.py
[2023-03-24T15:30:05.002-0400] {processor.py:175} INFO - Processing /Users/sunanda/Downloads/python-demo/venv/lib/python3.9/site-packages/airflow/example_dags/plugins/event_listener.py took 0.311 seconds
