[2023-03-24T14:14:12.123-0400] {processor.py:153} INFO - Started process (PID=20734) to work on /Users/sunanda/Downloads/python-demo/venv/lib/python3.9/site-packages/airflow/example_dags/plugins/listener_plugin.py
[2023-03-24T14:14:12.125-0400] {processor.py:743} INFO - Processing file /Users/sunanda/Downloads/python-demo/venv/lib/python3.9/site-packages/airflow/example_dags/plugins/listener_plugin.py for tasks to queue
[2023-03-24T14:14:12.126-0400] {logging_mixin.py:137} INFO - [2023-03-24T14:14:12.126-0400] {dagbag.py:532} INFO - Filling up the DagBag from /Users/sunanda/Downloads/python-demo/venv/lib/python3.9/site-packages/airflow/example_dags/plugins/listener_plugin.py
[2023-03-24T14:14:12.132-0400] {processor.py:755} WARNING - No viable dags retrieved from /Users/sunanda/Downloads/python-demo/venv/lib/python3.9/site-packages/airflow/example_dags/plugins/listener_plugin.py
[2023-03-24T14:14:12.401-0400] {processor.py:175} INFO - Processing /Users/sunanda/Downloads/python-demo/venv/lib/python3.9/site-packages/airflow/example_dags/plugins/listener_plugin.py took 0.278 seconds
[2023-03-24T14:15:31.382-0400] {processor.py:153} INFO - Started process (PID=20893) to work on /Users/sunanda/Downloads/python-demo/venv/lib/python3.9/site-packages/airflow/example_dags/plugins/listener_plugin.py
[2023-03-24T14:15:31.385-0400] {processor.py:743} INFO - Processing file /Users/sunanda/Downloads/python-demo/venv/lib/python3.9/site-packages/airflow/example_dags/plugins/listener_plugin.py for tasks to queue
[2023-03-24T14:15:31.385-0400] {logging_mixin.py:137} INFO - [2023-03-24T14:15:31.385-0400] {dagbag.py:532} INFO - Filling up the DagBag from /Users/sunanda/Downloads/python-demo/venv/lib/python3.9/site-packages/airflow/example_dags/plugins/listener_plugin.py
[2023-03-24T14:15:31.391-0400] {processor.py:755} WARNING - No viable dags retrieved from /Users/sunanda/Downloads/python-demo/venv/lib/python3.9/site-packages/airflow/example_dags/plugins/listener_plugin.py
[2023-03-24T14:15:31.683-0400] {processor.py:175} INFO - Processing /Users/sunanda/Downloads/python-demo/venv/lib/python3.9/site-packages/airflow/example_dags/plugins/listener_plugin.py took 0.301 seconds
[2023-03-24T14:16:23.270-0400] {processor.py:153} INFO - Started process (PID=20975) to work on /Users/sunanda/Downloads/python-demo/venv/lib/python3.9/site-packages/airflow/example_dags/plugins/listener_plugin.py
[2023-03-24T14:16:23.273-0400] {processor.py:743} INFO - Processing file /Users/sunanda/Downloads/python-demo/venv/lib/python3.9/site-packages/airflow/example_dags/plugins/listener_plugin.py for tasks to queue
[2023-03-24T14:16:23.274-0400] {logging_mixin.py:137} INFO - [2023-03-24T14:16:23.274-0400] {dagbag.py:532} INFO - Filling up the DagBag from /Users/sunanda/Downloads/python-demo/venv/lib/python3.9/site-packages/airflow/example_dags/plugins/listener_plugin.py
[2023-03-24T14:16:23.280-0400] {processor.py:755} WARNING - No viable dags retrieved from /Users/sunanda/Downloads/python-demo/venv/lib/python3.9/site-packages/airflow/example_dags/plugins/listener_plugin.py
[2023-03-24T14:16:23.546-0400] {processor.py:175} INFO - Processing /Users/sunanda/Downloads/python-demo/venv/lib/python3.9/site-packages/airflow/example_dags/plugins/listener_plugin.py took 0.276 seconds
[2023-03-24T14:17:09.217-0400] {processor.py:153} INFO - Started process (PID=21057) to work on /Users/sunanda/Downloads/python-demo/venv/lib/python3.9/site-packages/airflow/example_dags/plugins/listener_plugin.py
[2023-03-24T14:17:09.219-0400] {processor.py:743} INFO - Processing file /Users/sunanda/Downloads/python-demo/venv/lib/python3.9/site-packages/airflow/example_dags/plugins/listener_plugin.py for tasks to queue
[2023-03-24T14:17:09.219-0400] {logging_mixin.py:137} INFO - [2023-03-24T14:17:09.219-0400] {dagbag.py:532} INFO - Filling up the DagBag from /Users/sunanda/Downloads/python-demo/venv/lib/python3.9/site-packages/airflow/example_dags/plugins/listener_plugin.py
[2023-03-24T14:17:09.226-0400] {processor.py:755} WARNING - No viable dags retrieved from /Users/sunanda/Downloads/python-demo/venv/lib/python3.9/site-packages/airflow/example_dags/plugins/listener_plugin.py
[2023-03-24T14:17:09.489-0400] {processor.py:175} INFO - Processing /Users/sunanda/Downloads/python-demo/venv/lib/python3.9/site-packages/airflow/example_dags/plugins/listener_plugin.py took 0.272 seconds
[2023-03-24T14:17:56.672-0400] {processor.py:153} INFO - Started process (PID=21135) to work on /Users/sunanda/Downloads/python-demo/venv/lib/python3.9/site-packages/airflow/example_dags/plugins/listener_plugin.py
[2023-03-24T14:17:56.675-0400] {processor.py:743} INFO - Processing file /Users/sunanda/Downloads/python-demo/venv/lib/python3.9/site-packages/airflow/example_dags/plugins/listener_plugin.py for tasks to queue
[2023-03-24T14:17:56.676-0400] {logging_mixin.py:137} INFO - [2023-03-24T14:17:56.676-0400] {dagbag.py:532} INFO - Filling up the DagBag from /Users/sunanda/Downloads/python-demo/venv/lib/python3.9/site-packages/airflow/example_dags/plugins/listener_plugin.py
[2023-03-24T14:17:56.682-0400] {processor.py:755} WARNING - No viable dags retrieved from /Users/sunanda/Downloads/python-demo/venv/lib/python3.9/site-packages/airflow/example_dags/plugins/listener_plugin.py
[2023-03-24T14:17:56.954-0400] {processor.py:175} INFO - Processing /Users/sunanda/Downloads/python-demo/venv/lib/python3.9/site-packages/airflow/example_dags/plugins/listener_plugin.py took 0.282 seconds
[2023-03-24T14:18:44.182-0400] {processor.py:153} INFO - Started process (PID=21215) to work on /Users/sunanda/Downloads/python-demo/venv/lib/python3.9/site-packages/airflow/example_dags/plugins/listener_plugin.py
[2023-03-24T14:18:44.185-0400] {processor.py:743} INFO - Processing file /Users/sunanda/Downloads/python-demo/venv/lib/python3.9/site-packages/airflow/example_dags/plugins/listener_plugin.py for tasks to queue
[2023-03-24T14:18:44.185-0400] {logging_mixin.py:137} INFO - [2023-03-24T14:18:44.185-0400] {dagbag.py:532} INFO - Filling up the DagBag from /Users/sunanda/Downloads/python-demo/venv/lib/python3.9/site-packages/airflow/example_dags/plugins/listener_plugin.py
[2023-03-24T14:18:44.191-0400] {processor.py:755} WARNING - No viable dags retrieved from /Users/sunanda/Downloads/python-demo/venv/lib/python3.9/site-packages/airflow/example_dags/plugins/listener_plugin.py
[2023-03-24T14:18:44.475-0400] {processor.py:175} INFO - Processing /Users/sunanda/Downloads/python-demo/venv/lib/python3.9/site-packages/airflow/example_dags/plugins/listener_plugin.py took 0.294 seconds
[2023-03-24T14:19:30.655-0400] {processor.py:153} INFO - Started process (PID=21293) to work on /Users/sunanda/Downloads/python-demo/venv/lib/python3.9/site-packages/airflow/example_dags/plugins/listener_plugin.py
[2023-03-24T14:19:30.658-0400] {processor.py:743} INFO - Processing file /Users/sunanda/Downloads/python-demo/venv/lib/python3.9/site-packages/airflow/example_dags/plugins/listener_plugin.py for tasks to queue
[2023-03-24T14:19:30.658-0400] {logging_mixin.py:137} INFO - [2023-03-24T14:19:30.658-0400] {dagbag.py:532} INFO - Filling up the DagBag from /Users/sunanda/Downloads/python-demo/venv/lib/python3.9/site-packages/airflow/example_dags/plugins/listener_plugin.py
[2023-03-24T14:19:30.664-0400] {processor.py:755} WARNING - No viable dags retrieved from /Users/sunanda/Downloads/python-demo/venv/lib/python3.9/site-packages/airflow/example_dags/plugins/listener_plugin.py
[2023-03-24T14:19:30.928-0400] {processor.py:175} INFO - Processing /Users/sunanda/Downloads/python-demo/venv/lib/python3.9/site-packages/airflow/example_dags/plugins/listener_plugin.py took 0.273 seconds
[2023-03-24T14:20:16.921-0400] {processor.py:153} INFO - Started process (PID=21384) to work on /Users/sunanda/Downloads/python-demo/venv/lib/python3.9/site-packages/airflow/example_dags/plugins/listener_plugin.py
[2023-03-24T14:20:16.924-0400] {processor.py:743} INFO - Processing file /Users/sunanda/Downloads/python-demo/venv/lib/python3.9/site-packages/airflow/example_dags/plugins/listener_plugin.py for tasks to queue
[2023-03-24T14:20:16.924-0400] {logging_mixin.py:137} INFO - [2023-03-24T14:20:16.924-0400] {dagbag.py:532} INFO - Filling up the DagBag from /Users/sunanda/Downloads/python-demo/venv/lib/python3.9/site-packages/airflow/example_dags/plugins/listener_plugin.py
[2023-03-24T14:20:16.930-0400] {processor.py:755} WARNING - No viable dags retrieved from /Users/sunanda/Downloads/python-demo/venv/lib/python3.9/site-packages/airflow/example_dags/plugins/listener_plugin.py
[2023-03-24T14:20:17.193-0400] {processor.py:175} INFO - Processing /Users/sunanda/Downloads/python-demo/venv/lib/python3.9/site-packages/airflow/example_dags/plugins/listener_plugin.py took 0.272 seconds
[2023-03-24T14:21:04.153-0400] {processor.py:153} INFO - Started process (PID=21461) to work on /Users/sunanda/Downloads/python-demo/venv/lib/python3.9/site-packages/airflow/example_dags/plugins/listener_plugin.py
[2023-03-24T14:21:04.156-0400] {processor.py:743} INFO - Processing file /Users/sunanda/Downloads/python-demo/venv/lib/python3.9/site-packages/airflow/example_dags/plugins/listener_plugin.py for tasks to queue
[2023-03-24T14:21:04.156-0400] {logging_mixin.py:137} INFO - [2023-03-24T14:21:04.156-0400] {dagbag.py:532} INFO - Filling up the DagBag from /Users/sunanda/Downloads/python-demo/venv/lib/python3.9/site-packages/airflow/example_dags/plugins/listener_plugin.py
[2023-03-24T14:21:04.162-0400] {processor.py:755} WARNING - No viable dags retrieved from /Users/sunanda/Downloads/python-demo/venv/lib/python3.9/site-packages/airflow/example_dags/plugins/listener_plugin.py
[2023-03-24T14:21:04.430-0400] {processor.py:175} INFO - Processing /Users/sunanda/Downloads/python-demo/venv/lib/python3.9/site-packages/airflow/example_dags/plugins/listener_plugin.py took 0.277 seconds
[2023-03-24T14:21:48.844-0400] {processor.py:153} INFO - Started process (PID=21545) to work on /Users/sunanda/Downloads/python-demo/venv/lib/python3.9/site-packages/airflow/example_dags/plugins/listener_plugin.py
[2023-03-24T14:21:48.846-0400] {processor.py:743} INFO - Processing file /Users/sunanda/Downloads/python-demo/venv/lib/python3.9/site-packages/airflow/example_dags/plugins/listener_plugin.py for tasks to queue
[2023-03-24T14:21:48.846-0400] {logging_mixin.py:137} INFO - [2023-03-24T14:21:48.846-0400] {dagbag.py:532} INFO - Filling up the DagBag from /Users/sunanda/Downloads/python-demo/venv/lib/python3.9/site-packages/airflow/example_dags/plugins/listener_plugin.py
[2023-03-24T14:21:48.853-0400] {processor.py:755} WARNING - No viable dags retrieved from /Users/sunanda/Downloads/python-demo/venv/lib/python3.9/site-packages/airflow/example_dags/plugins/listener_plugin.py
[2023-03-24T14:21:49.122-0400] {processor.py:175} INFO - Processing /Users/sunanda/Downloads/python-demo/venv/lib/python3.9/site-packages/airflow/example_dags/plugins/listener_plugin.py took 0.278 seconds
[2023-03-24T14:22:35.708-0400] {processor.py:153} INFO - Started process (PID=21646) to work on /Users/sunanda/Downloads/python-demo/venv/lib/python3.9/site-packages/airflow/example_dags/plugins/listener_plugin.py
[2023-03-24T14:22:35.710-0400] {processor.py:743} INFO - Processing file /Users/sunanda/Downloads/python-demo/venv/lib/python3.9/site-packages/airflow/example_dags/plugins/listener_plugin.py for tasks to queue
[2023-03-24T14:22:35.711-0400] {logging_mixin.py:137} INFO - [2023-03-24T14:22:35.711-0400] {dagbag.py:532} INFO - Filling up the DagBag from /Users/sunanda/Downloads/python-demo/venv/lib/python3.9/site-packages/airflow/example_dags/plugins/listener_plugin.py
[2023-03-24T14:22:35.718-0400] {processor.py:755} WARNING - No viable dags retrieved from /Users/sunanda/Downloads/python-demo/venv/lib/python3.9/site-packages/airflow/example_dags/plugins/listener_plugin.py
[2023-03-24T14:22:36.036-0400] {processor.py:175} INFO - Processing /Users/sunanda/Downloads/python-demo/venv/lib/python3.9/site-packages/airflow/example_dags/plugins/listener_plugin.py took 0.329 seconds
[2023-03-24T14:23:25.611-0400] {processor.py:153} INFO - Started process (PID=21733) to work on /Users/sunanda/Downloads/python-demo/venv/lib/python3.9/site-packages/airflow/example_dags/plugins/listener_plugin.py
[2023-03-24T14:23:25.614-0400] {processor.py:743} INFO - Processing file /Users/sunanda/Downloads/python-demo/venv/lib/python3.9/site-packages/airflow/example_dags/plugins/listener_plugin.py for tasks to queue
[2023-03-24T14:23:25.614-0400] {logging_mixin.py:137} INFO - [2023-03-24T14:23:25.614-0400] {dagbag.py:532} INFO - Filling up the DagBag from /Users/sunanda/Downloads/python-demo/venv/lib/python3.9/site-packages/airflow/example_dags/plugins/listener_plugin.py
[2023-03-24T14:23:25.621-0400] {processor.py:755} WARNING - No viable dags retrieved from /Users/sunanda/Downloads/python-demo/venv/lib/python3.9/site-packages/airflow/example_dags/plugins/listener_plugin.py
[2023-03-24T14:23:25.907-0400] {processor.py:175} INFO - Processing /Users/sunanda/Downloads/python-demo/venv/lib/python3.9/site-packages/airflow/example_dags/plugins/listener_plugin.py took 0.297 seconds
[2023-03-24T14:24:16.369-0400] {processor.py:153} INFO - Started process (PID=21811) to work on /Users/sunanda/Downloads/python-demo/venv/lib/python3.9/site-packages/airflow/example_dags/plugins/listener_plugin.py
[2023-03-24T14:24:16.372-0400] {processor.py:743} INFO - Processing file /Users/sunanda/Downloads/python-demo/venv/lib/python3.9/site-packages/airflow/example_dags/plugins/listener_plugin.py for tasks to queue
[2023-03-24T14:24:16.372-0400] {logging_mixin.py:137} INFO - [2023-03-24T14:24:16.372-0400] {dagbag.py:532} INFO - Filling up the DagBag from /Users/sunanda/Downloads/python-demo/venv/lib/python3.9/site-packages/airflow/example_dags/plugins/listener_plugin.py
[2023-03-24T14:24:16.378-0400] {processor.py:755} WARNING - No viable dags retrieved from /Users/sunanda/Downloads/python-demo/venv/lib/python3.9/site-packages/airflow/example_dags/plugins/listener_plugin.py
[2023-03-24T14:24:16.654-0400] {processor.py:175} INFO - Processing /Users/sunanda/Downloads/python-demo/venv/lib/python3.9/site-packages/airflow/example_dags/plugins/listener_plugin.py took 0.285 seconds
[2023-03-24T14:25:03.825-0400] {processor.py:153} INFO - Started process (PID=21886) to work on /Users/sunanda/Downloads/python-demo/venv/lib/python3.9/site-packages/airflow/example_dags/plugins/listener_plugin.py
[2023-03-24T14:25:03.828-0400] {processor.py:743} INFO - Processing file /Users/sunanda/Downloads/python-demo/venv/lib/python3.9/site-packages/airflow/example_dags/plugins/listener_plugin.py for tasks to queue
[2023-03-24T14:25:03.829-0400] {logging_mixin.py:137} INFO - [2023-03-24T14:25:03.829-0400] {dagbag.py:532} INFO - Filling up the DagBag from /Users/sunanda/Downloads/python-demo/venv/lib/python3.9/site-packages/airflow/example_dags/plugins/listener_plugin.py
[2023-03-24T14:25:03.836-0400] {processor.py:755} WARNING - No viable dags retrieved from /Users/sunanda/Downloads/python-demo/venv/lib/python3.9/site-packages/airflow/example_dags/plugins/listener_plugin.py
[2023-03-24T14:25:04.095-0400] {processor.py:175} INFO - Processing /Users/sunanda/Downloads/python-demo/venv/lib/python3.9/site-packages/airflow/example_dags/plugins/listener_plugin.py took 0.270 seconds
[2023-03-24T14:25:51.957-0400] {processor.py:153} INFO - Started process (PID=21963) to work on /Users/sunanda/Downloads/python-demo/venv/lib/python3.9/site-packages/airflow/example_dags/plugins/listener_plugin.py
[2023-03-24T14:25:51.960-0400] {processor.py:743} INFO - Processing file /Users/sunanda/Downloads/python-demo/venv/lib/python3.9/site-packages/airflow/example_dags/plugins/listener_plugin.py for tasks to queue
[2023-03-24T14:25:51.960-0400] {logging_mixin.py:137} INFO - [2023-03-24T14:25:51.960-0400] {dagbag.py:532} INFO - Filling up the DagBag from /Users/sunanda/Downloads/python-demo/venv/lib/python3.9/site-packages/airflow/example_dags/plugins/listener_plugin.py
[2023-03-24T14:25:51.966-0400] {processor.py:755} WARNING - No viable dags retrieved from /Users/sunanda/Downloads/python-demo/venv/lib/python3.9/site-packages/airflow/example_dags/plugins/listener_plugin.py
[2023-03-24T14:25:52.247-0400] {processor.py:175} INFO - Processing /Users/sunanda/Downloads/python-demo/venv/lib/python3.9/site-packages/airflow/example_dags/plugins/listener_plugin.py took 0.290 seconds
[2023-03-24T14:26:41.814-0400] {processor.py:153} INFO - Started process (PID=22051) to work on /Users/sunanda/Downloads/python-demo/venv/lib/python3.9/site-packages/airflow/example_dags/plugins/listener_plugin.py
[2023-03-24T14:26:41.819-0400] {processor.py:743} INFO - Processing file /Users/sunanda/Downloads/python-demo/venv/lib/python3.9/site-packages/airflow/example_dags/plugins/listener_plugin.py for tasks to queue
[2023-03-24T14:26:41.819-0400] {logging_mixin.py:137} INFO - [2023-03-24T14:26:41.819-0400] {dagbag.py:532} INFO - Filling up the DagBag from /Users/sunanda/Downloads/python-demo/venv/lib/python3.9/site-packages/airflow/example_dags/plugins/listener_plugin.py
[2023-03-24T14:26:41.825-0400] {processor.py:755} WARNING - No viable dags retrieved from /Users/sunanda/Downloads/python-demo/venv/lib/python3.9/site-packages/airflow/example_dags/plugins/listener_plugin.py
[2023-03-24T14:26:42.092-0400] {processor.py:175} INFO - Processing /Users/sunanda/Downloads/python-demo/venv/lib/python3.9/site-packages/airflow/example_dags/plugins/listener_plugin.py took 0.278 seconds
[2023-03-24T14:27:27.961-0400] {processor.py:153} INFO - Started process (PID=22135) to work on /Users/sunanda/Downloads/python-demo/venv/lib/python3.9/site-packages/airflow/example_dags/plugins/listener_plugin.py
[2023-03-24T14:27:27.963-0400] {processor.py:743} INFO - Processing file /Users/sunanda/Downloads/python-demo/venv/lib/python3.9/site-packages/airflow/example_dags/plugins/listener_plugin.py for tasks to queue
[2023-03-24T14:27:27.964-0400] {logging_mixin.py:137} INFO - [2023-03-24T14:27:27.964-0400] {dagbag.py:532} INFO - Filling up the DagBag from /Users/sunanda/Downloads/python-demo/venv/lib/python3.9/site-packages/airflow/example_dags/plugins/listener_plugin.py
[2023-03-24T14:27:27.971-0400] {processor.py:755} WARNING - No viable dags retrieved from /Users/sunanda/Downloads/python-demo/venv/lib/python3.9/site-packages/airflow/example_dags/plugins/listener_plugin.py
[2023-03-24T14:27:28.239-0400] {processor.py:175} INFO - Processing /Users/sunanda/Downloads/python-demo/venv/lib/python3.9/site-packages/airflow/example_dags/plugins/listener_plugin.py took 0.278 seconds
[2023-03-24T14:28:15.266-0400] {processor.py:153} INFO - Started process (PID=22218) to work on /Users/sunanda/Downloads/python-demo/venv/lib/python3.9/site-packages/airflow/example_dags/plugins/listener_plugin.py
[2023-03-24T14:28:15.268-0400] {processor.py:743} INFO - Processing file /Users/sunanda/Downloads/python-demo/venv/lib/python3.9/site-packages/airflow/example_dags/plugins/listener_plugin.py for tasks to queue
[2023-03-24T14:28:15.269-0400] {logging_mixin.py:137} INFO - [2023-03-24T14:28:15.269-0400] {dagbag.py:532} INFO - Filling up the DagBag from /Users/sunanda/Downloads/python-demo/venv/lib/python3.9/site-packages/airflow/example_dags/plugins/listener_plugin.py
[2023-03-24T14:28:15.275-0400] {processor.py:755} WARNING - No viable dags retrieved from /Users/sunanda/Downloads/python-demo/venv/lib/python3.9/site-packages/airflow/example_dags/plugins/listener_plugin.py
[2023-03-24T14:28:15.565-0400] {processor.py:175} INFO - Processing /Users/sunanda/Downloads/python-demo/venv/lib/python3.9/site-packages/airflow/example_dags/plugins/listener_plugin.py took 0.300 seconds
[2023-03-24T14:29:01.545-0400] {processor.py:153} INFO - Started process (PID=22291) to work on /Users/sunanda/Downloads/python-demo/venv/lib/python3.9/site-packages/airflow/example_dags/plugins/listener_plugin.py
[2023-03-24T14:29:01.547-0400] {processor.py:743} INFO - Processing file /Users/sunanda/Downloads/python-demo/venv/lib/python3.9/site-packages/airflow/example_dags/plugins/listener_plugin.py for tasks to queue
[2023-03-24T14:29:01.547-0400] {logging_mixin.py:137} INFO - [2023-03-24T14:29:01.547-0400] {dagbag.py:532} INFO - Filling up the DagBag from /Users/sunanda/Downloads/python-demo/venv/lib/python3.9/site-packages/airflow/example_dags/plugins/listener_plugin.py
[2023-03-24T14:29:01.553-0400] {processor.py:755} WARNING - No viable dags retrieved from /Users/sunanda/Downloads/python-demo/venv/lib/python3.9/site-packages/airflow/example_dags/plugins/listener_plugin.py
[2023-03-24T14:29:01.832-0400] {processor.py:175} INFO - Processing /Users/sunanda/Downloads/python-demo/venv/lib/python3.9/site-packages/airflow/example_dags/plugins/listener_plugin.py took 0.288 seconds
[2023-03-24T14:29:50.372-0400] {processor.py:153} INFO - Started process (PID=22375) to work on /Users/sunanda/Downloads/python-demo/venv/lib/python3.9/site-packages/airflow/example_dags/plugins/listener_plugin.py
[2023-03-24T14:29:50.375-0400] {processor.py:743} INFO - Processing file /Users/sunanda/Downloads/python-demo/venv/lib/python3.9/site-packages/airflow/example_dags/plugins/listener_plugin.py for tasks to queue
[2023-03-24T14:29:50.375-0400] {logging_mixin.py:137} INFO - [2023-03-24T14:29:50.375-0400] {dagbag.py:532} INFO - Filling up the DagBag from /Users/sunanda/Downloads/python-demo/venv/lib/python3.9/site-packages/airflow/example_dags/plugins/listener_plugin.py
[2023-03-24T14:29:50.382-0400] {processor.py:755} WARNING - No viable dags retrieved from /Users/sunanda/Downloads/python-demo/venv/lib/python3.9/site-packages/airflow/example_dags/plugins/listener_plugin.py
[2023-03-24T14:29:50.668-0400] {processor.py:175} INFO - Processing /Users/sunanda/Downloads/python-demo/venv/lib/python3.9/site-packages/airflow/example_dags/plugins/listener_plugin.py took 0.297 seconds
[2023-03-24T14:30:38.736-0400] {processor.py:153} INFO - Started process (PID=22457) to work on /Users/sunanda/Downloads/python-demo/venv/lib/python3.9/site-packages/airflow/example_dags/plugins/listener_plugin.py
[2023-03-24T14:30:38.739-0400] {processor.py:743} INFO - Processing file /Users/sunanda/Downloads/python-demo/venv/lib/python3.9/site-packages/airflow/example_dags/plugins/listener_plugin.py for tasks to queue
[2023-03-24T14:30:38.739-0400] {logging_mixin.py:137} INFO - [2023-03-24T14:30:38.739-0400] {dagbag.py:532} INFO - Filling up the DagBag from /Users/sunanda/Downloads/python-demo/venv/lib/python3.9/site-packages/airflow/example_dags/plugins/listener_plugin.py
[2023-03-24T14:30:38.745-0400] {processor.py:755} WARNING - No viable dags retrieved from /Users/sunanda/Downloads/python-demo/venv/lib/python3.9/site-packages/airflow/example_dags/plugins/listener_plugin.py
[2023-03-24T14:30:39.032-0400] {processor.py:175} INFO - Processing /Users/sunanda/Downloads/python-demo/venv/lib/python3.9/site-packages/airflow/example_dags/plugins/listener_plugin.py took 0.296 seconds
[2023-03-24T14:31:29.293-0400] {processor.py:153} INFO - Started process (PID=22540) to work on /Users/sunanda/Downloads/python-demo/venv/lib/python3.9/site-packages/airflow/example_dags/plugins/listener_plugin.py
[2023-03-24T14:31:29.296-0400] {processor.py:743} INFO - Processing file /Users/sunanda/Downloads/python-demo/venv/lib/python3.9/site-packages/airflow/example_dags/plugins/listener_plugin.py for tasks to queue
[2023-03-24T14:31:29.296-0400] {logging_mixin.py:137} INFO - [2023-03-24T14:31:29.296-0400] {dagbag.py:532} INFO - Filling up the DagBag from /Users/sunanda/Downloads/python-demo/venv/lib/python3.9/site-packages/airflow/example_dags/plugins/listener_plugin.py
[2023-03-24T14:31:29.302-0400] {processor.py:755} WARNING - No viable dags retrieved from /Users/sunanda/Downloads/python-demo/venv/lib/python3.9/site-packages/airflow/example_dags/plugins/listener_plugin.py
[2023-03-24T14:31:29.584-0400] {processor.py:175} INFO - Processing /Users/sunanda/Downloads/python-demo/venv/lib/python3.9/site-packages/airflow/example_dags/plugins/listener_plugin.py took 0.291 seconds
[2023-03-24T14:32:20.413-0400] {processor.py:153} INFO - Started process (PID=22640) to work on /Users/sunanda/Downloads/python-demo/venv/lib/python3.9/site-packages/airflow/example_dags/plugins/listener_plugin.py
[2023-03-24T14:32:20.416-0400] {processor.py:743} INFO - Processing file /Users/sunanda/Downloads/python-demo/venv/lib/python3.9/site-packages/airflow/example_dags/plugins/listener_plugin.py for tasks to queue
[2023-03-24T14:32:20.417-0400] {logging_mixin.py:137} INFO - [2023-03-24T14:32:20.416-0400] {dagbag.py:532} INFO - Filling up the DagBag from /Users/sunanda/Downloads/python-demo/venv/lib/python3.9/site-packages/airflow/example_dags/plugins/listener_plugin.py
[2023-03-24T14:32:20.423-0400] {processor.py:755} WARNING - No viable dags retrieved from /Users/sunanda/Downloads/python-demo/venv/lib/python3.9/site-packages/airflow/example_dags/plugins/listener_plugin.py
[2023-03-24T14:32:20.737-0400] {processor.py:175} INFO - Processing /Users/sunanda/Downloads/python-demo/venv/lib/python3.9/site-packages/airflow/example_dags/plugins/listener_plugin.py took 0.324 seconds
[2023-03-24T14:33:11.093-0400] {processor.py:153} INFO - Started process (PID=22824) to work on /Users/sunanda/Downloads/python-demo/venv/lib/python3.9/site-packages/airflow/example_dags/plugins/listener_plugin.py
[2023-03-24T14:33:11.096-0400] {processor.py:743} INFO - Processing file /Users/sunanda/Downloads/python-demo/venv/lib/python3.9/site-packages/airflow/example_dags/plugins/listener_plugin.py for tasks to queue
[2023-03-24T14:33:11.096-0400] {logging_mixin.py:137} INFO - [2023-03-24T14:33:11.096-0400] {dagbag.py:532} INFO - Filling up the DagBag from /Users/sunanda/Downloads/python-demo/venv/lib/python3.9/site-packages/airflow/example_dags/plugins/listener_plugin.py
[2023-03-24T14:33:11.102-0400] {processor.py:755} WARNING - No viable dags retrieved from /Users/sunanda/Downloads/python-demo/venv/lib/python3.9/site-packages/airflow/example_dags/plugins/listener_plugin.py
[2023-03-24T14:33:11.372-0400] {processor.py:175} INFO - Processing /Users/sunanda/Downloads/python-demo/venv/lib/python3.9/site-packages/airflow/example_dags/plugins/listener_plugin.py took 0.280 seconds
[2023-03-24T14:34:00.838-0400] {processor.py:153} INFO - Started process (PID=22918) to work on /Users/sunanda/Downloads/python-demo/venv/lib/python3.9/site-packages/airflow/example_dags/plugins/listener_plugin.py
[2023-03-24T14:34:00.840-0400] {processor.py:743} INFO - Processing file /Users/sunanda/Downloads/python-demo/venv/lib/python3.9/site-packages/airflow/example_dags/plugins/listener_plugin.py for tasks to queue
[2023-03-24T14:34:00.841-0400] {logging_mixin.py:137} INFO - [2023-03-24T14:34:00.841-0400] {dagbag.py:532} INFO - Filling up the DagBag from /Users/sunanda/Downloads/python-demo/venv/lib/python3.9/site-packages/airflow/example_dags/plugins/listener_plugin.py
[2023-03-24T14:34:00.846-0400] {processor.py:755} WARNING - No viable dags retrieved from /Users/sunanda/Downloads/python-demo/venv/lib/python3.9/site-packages/airflow/example_dags/plugins/listener_plugin.py
[2023-03-24T14:34:01.121-0400] {processor.py:175} INFO - Processing /Users/sunanda/Downloads/python-demo/venv/lib/python3.9/site-packages/airflow/example_dags/plugins/listener_plugin.py took 0.283 seconds
[2023-03-24T14:34:47.584-0400] {processor.py:153} INFO - Started process (PID=23045) to work on /Users/sunanda/Downloads/python-demo/venv/lib/python3.9/site-packages/airflow/example_dags/plugins/listener_plugin.py
[2023-03-24T14:34:47.588-0400] {processor.py:743} INFO - Processing file /Users/sunanda/Downloads/python-demo/venv/lib/python3.9/site-packages/airflow/example_dags/plugins/listener_plugin.py for tasks to queue
[2023-03-24T14:34:47.588-0400] {logging_mixin.py:137} INFO - [2023-03-24T14:34:47.588-0400] {dagbag.py:532} INFO - Filling up the DagBag from /Users/sunanda/Downloads/python-demo/venv/lib/python3.9/site-packages/airflow/example_dags/plugins/listener_plugin.py
[2023-03-24T14:34:47.594-0400] {processor.py:755} WARNING - No viable dags retrieved from /Users/sunanda/Downloads/python-demo/venv/lib/python3.9/site-packages/airflow/example_dags/plugins/listener_plugin.py
[2023-03-24T14:34:47.860-0400] {processor.py:175} INFO - Processing /Users/sunanda/Downloads/python-demo/venv/lib/python3.9/site-packages/airflow/example_dags/plugins/listener_plugin.py took 0.276 seconds
[2023-03-24T14:35:33.938-0400] {processor.py:153} INFO - Started process (PID=23136) to work on /Users/sunanda/Downloads/python-demo/venv/lib/python3.9/site-packages/airflow/example_dags/plugins/listener_plugin.py
[2023-03-24T14:35:33.940-0400] {processor.py:743} INFO - Processing file /Users/sunanda/Downloads/python-demo/venv/lib/python3.9/site-packages/airflow/example_dags/plugins/listener_plugin.py for tasks to queue
[2023-03-24T14:35:33.940-0400] {logging_mixin.py:137} INFO - [2023-03-24T14:35:33.940-0400] {dagbag.py:532} INFO - Filling up the DagBag from /Users/sunanda/Downloads/python-demo/venv/lib/python3.9/site-packages/airflow/example_dags/plugins/listener_plugin.py
[2023-03-24T14:35:33.947-0400] {processor.py:755} WARNING - No viable dags retrieved from /Users/sunanda/Downloads/python-demo/venv/lib/python3.9/site-packages/airflow/example_dags/plugins/listener_plugin.py
[2023-03-24T14:35:34.216-0400] {processor.py:175} INFO - Processing /Users/sunanda/Downloads/python-demo/venv/lib/python3.9/site-packages/airflow/example_dags/plugins/listener_plugin.py took 0.278 seconds
[2023-03-24T14:36:19.881-0400] {processor.py:153} INFO - Started process (PID=23223) to work on /Users/sunanda/Downloads/python-demo/venv/lib/python3.9/site-packages/airflow/example_dags/plugins/listener_plugin.py
[2023-03-24T14:36:19.883-0400] {processor.py:743} INFO - Processing file /Users/sunanda/Downloads/python-demo/venv/lib/python3.9/site-packages/airflow/example_dags/plugins/listener_plugin.py for tasks to queue
[2023-03-24T14:36:19.883-0400] {logging_mixin.py:137} INFO - [2023-03-24T14:36:19.883-0400] {dagbag.py:532} INFO - Filling up the DagBag from /Users/sunanda/Downloads/python-demo/venv/lib/python3.9/site-packages/airflow/example_dags/plugins/listener_plugin.py
[2023-03-24T14:36:19.890-0400] {processor.py:755} WARNING - No viable dags retrieved from /Users/sunanda/Downloads/python-demo/venv/lib/python3.9/site-packages/airflow/example_dags/plugins/listener_plugin.py
[2023-03-24T14:36:20.160-0400] {processor.py:175} INFO - Processing /Users/sunanda/Downloads/python-demo/venv/lib/python3.9/site-packages/airflow/example_dags/plugins/listener_plugin.py took 0.279 seconds
[2023-03-24T14:37:06.430-0400] {processor.py:153} INFO - Started process (PID=23303) to work on /Users/sunanda/Downloads/python-demo/venv/lib/python3.9/site-packages/airflow/example_dags/plugins/listener_plugin.py
[2023-03-24T14:37:06.432-0400] {processor.py:743} INFO - Processing file /Users/sunanda/Downloads/python-demo/venv/lib/python3.9/site-packages/airflow/example_dags/plugins/listener_plugin.py for tasks to queue
[2023-03-24T14:37:06.432-0400] {logging_mixin.py:137} INFO - [2023-03-24T14:37:06.432-0400] {dagbag.py:532} INFO - Filling up the DagBag from /Users/sunanda/Downloads/python-demo/venv/lib/python3.9/site-packages/airflow/example_dags/plugins/listener_plugin.py
[2023-03-24T14:37:06.438-0400] {processor.py:755} WARNING - No viable dags retrieved from /Users/sunanda/Downloads/python-demo/venv/lib/python3.9/site-packages/airflow/example_dags/plugins/listener_plugin.py
[2023-03-24T14:37:06.706-0400] {processor.py:175} INFO - Processing /Users/sunanda/Downloads/python-demo/venv/lib/python3.9/site-packages/airflow/example_dags/plugins/listener_plugin.py took 0.276 seconds
[2023-03-24T14:37:55.656-0400] {processor.py:153} INFO - Started process (PID=23393) to work on /Users/sunanda/Downloads/python-demo/venv/lib/python3.9/site-packages/airflow/example_dags/plugins/listener_plugin.py
[2023-03-24T14:37:55.659-0400] {processor.py:743} INFO - Processing file /Users/sunanda/Downloads/python-demo/venv/lib/python3.9/site-packages/airflow/example_dags/plugins/listener_plugin.py for tasks to queue
[2023-03-24T14:37:55.659-0400] {logging_mixin.py:137} INFO - [2023-03-24T14:37:55.659-0400] {dagbag.py:532} INFO - Filling up the DagBag from /Users/sunanda/Downloads/python-demo/venv/lib/python3.9/site-packages/airflow/example_dags/plugins/listener_plugin.py
[2023-03-24T14:37:55.664-0400] {processor.py:755} WARNING - No viable dags retrieved from /Users/sunanda/Downloads/python-demo/venv/lib/python3.9/site-packages/airflow/example_dags/plugins/listener_plugin.py
[2023-03-24T14:37:55.955-0400] {processor.py:175} INFO - Processing /Users/sunanda/Downloads/python-demo/venv/lib/python3.9/site-packages/airflow/example_dags/plugins/listener_plugin.py took 0.299 seconds
[2023-03-24T14:38:48.722-0400] {processor.py:153} INFO - Started process (PID=23481) to work on /Users/sunanda/Downloads/python-demo/venv/lib/python3.9/site-packages/airflow/example_dags/plugins/listener_plugin.py
[2023-03-24T14:38:48.725-0400] {processor.py:743} INFO - Processing file /Users/sunanda/Downloads/python-demo/venv/lib/python3.9/site-packages/airflow/example_dags/plugins/listener_plugin.py for tasks to queue
[2023-03-24T14:38:48.725-0400] {logging_mixin.py:137} INFO - [2023-03-24T14:38:48.725-0400] {dagbag.py:532} INFO - Filling up the DagBag from /Users/sunanda/Downloads/python-demo/venv/lib/python3.9/site-packages/airflow/example_dags/plugins/listener_plugin.py
[2023-03-24T14:38:48.730-0400] {processor.py:755} WARNING - No viable dags retrieved from /Users/sunanda/Downloads/python-demo/venv/lib/python3.9/site-packages/airflow/example_dags/plugins/listener_plugin.py
[2023-03-24T14:38:49.016-0400] {processor.py:175} INFO - Processing /Users/sunanda/Downloads/python-demo/venv/lib/python3.9/site-packages/airflow/example_dags/plugins/listener_plugin.py took 0.294 seconds
[2023-03-24T14:39:42.086-0400] {processor.py:153} INFO - Started process (PID=23568) to work on /Users/sunanda/Downloads/python-demo/venv/lib/python3.9/site-packages/airflow/example_dags/plugins/listener_plugin.py
[2023-03-24T14:39:42.089-0400] {processor.py:743} INFO - Processing file /Users/sunanda/Downloads/python-demo/venv/lib/python3.9/site-packages/airflow/example_dags/plugins/listener_plugin.py for tasks to queue
[2023-03-24T14:39:42.089-0400] {logging_mixin.py:137} INFO - [2023-03-24T14:39:42.089-0400] {dagbag.py:532} INFO - Filling up the DagBag from /Users/sunanda/Downloads/python-demo/venv/lib/python3.9/site-packages/airflow/example_dags/plugins/listener_plugin.py
[2023-03-24T14:39:42.094-0400] {processor.py:755} WARNING - No viable dags retrieved from /Users/sunanda/Downloads/python-demo/venv/lib/python3.9/site-packages/airflow/example_dags/plugins/listener_plugin.py
[2023-03-24T14:39:42.387-0400] {processor.py:175} INFO - Processing /Users/sunanda/Downloads/python-demo/venv/lib/python3.9/site-packages/airflow/example_dags/plugins/listener_plugin.py took 0.301 seconds
[2023-03-24T14:40:33.175-0400] {processor.py:153} INFO - Started process (PID=23650) to work on /Users/sunanda/Downloads/python-demo/venv/lib/python3.9/site-packages/airflow/example_dags/plugins/listener_plugin.py
[2023-03-24T14:40:33.178-0400] {processor.py:743} INFO - Processing file /Users/sunanda/Downloads/python-demo/venv/lib/python3.9/site-packages/airflow/example_dags/plugins/listener_plugin.py for tasks to queue
[2023-03-24T14:40:33.179-0400] {logging_mixin.py:137} INFO - [2023-03-24T14:40:33.179-0400] {dagbag.py:532} INFO - Filling up the DagBag from /Users/sunanda/Downloads/python-demo/venv/lib/python3.9/site-packages/airflow/example_dags/plugins/listener_plugin.py
[2023-03-24T14:40:33.185-0400] {processor.py:755} WARNING - No viable dags retrieved from /Users/sunanda/Downloads/python-demo/venv/lib/python3.9/site-packages/airflow/example_dags/plugins/listener_plugin.py
[2023-03-24T14:40:33.481-0400] {processor.py:175} INFO - Processing /Users/sunanda/Downloads/python-demo/venv/lib/python3.9/site-packages/airflow/example_dags/plugins/listener_plugin.py took 0.306 seconds
[2023-03-24T14:41:19.549-0400] {processor.py:153} INFO - Started process (PID=23726) to work on /Users/sunanda/Downloads/python-demo/venv/lib/python3.9/site-packages/airflow/example_dags/plugins/listener_plugin.py
[2023-03-24T14:41:19.552-0400] {processor.py:743} INFO - Processing file /Users/sunanda/Downloads/python-demo/venv/lib/python3.9/site-packages/airflow/example_dags/plugins/listener_plugin.py for tasks to queue
[2023-03-24T14:41:19.552-0400] {logging_mixin.py:137} INFO - [2023-03-24T14:41:19.552-0400] {dagbag.py:532} INFO - Filling up the DagBag from /Users/sunanda/Downloads/python-demo/venv/lib/python3.9/site-packages/airflow/example_dags/plugins/listener_plugin.py
[2023-03-24T14:41:19.559-0400] {processor.py:755} WARNING - No viable dags retrieved from /Users/sunanda/Downloads/python-demo/venv/lib/python3.9/site-packages/airflow/example_dags/plugins/listener_plugin.py
[2023-03-24T14:41:19.834-0400] {processor.py:175} INFO - Processing /Users/sunanda/Downloads/python-demo/venv/lib/python3.9/site-packages/airflow/example_dags/plugins/listener_plugin.py took 0.286 seconds
[2023-03-24T14:42:06.138-0400] {processor.py:153} INFO - Started process (PID=23821) to work on /Users/sunanda/Downloads/python-demo/venv/lib/python3.9/site-packages/airflow/example_dags/plugins/listener_plugin.py
[2023-03-24T14:42:06.140-0400] {processor.py:743} INFO - Processing file /Users/sunanda/Downloads/python-demo/venv/lib/python3.9/site-packages/airflow/example_dags/plugins/listener_plugin.py for tasks to queue
[2023-03-24T14:42:06.140-0400] {logging_mixin.py:137} INFO - [2023-03-24T14:42:06.140-0400] {dagbag.py:532} INFO - Filling up the DagBag from /Users/sunanda/Downloads/python-demo/venv/lib/python3.9/site-packages/airflow/example_dags/plugins/listener_plugin.py
[2023-03-24T14:42:06.147-0400] {processor.py:755} WARNING - No viable dags retrieved from /Users/sunanda/Downloads/python-demo/venv/lib/python3.9/site-packages/airflow/example_dags/plugins/listener_plugin.py
[2023-03-24T14:42:06.416-0400] {processor.py:175} INFO - Processing /Users/sunanda/Downloads/python-demo/venv/lib/python3.9/site-packages/airflow/example_dags/plugins/listener_plugin.py took 0.278 seconds
[2023-03-24T14:42:55.026-0400] {processor.py:153} INFO - Started process (PID=23950) to work on /Users/sunanda/Downloads/python-demo/venv/lib/python3.9/site-packages/airflow/example_dags/plugins/listener_plugin.py
[2023-03-24T14:42:55.029-0400] {processor.py:743} INFO - Processing file /Users/sunanda/Downloads/python-demo/venv/lib/python3.9/site-packages/airflow/example_dags/plugins/listener_plugin.py for tasks to queue
[2023-03-24T14:42:55.029-0400] {logging_mixin.py:137} INFO - [2023-03-24T14:42:55.029-0400] {dagbag.py:532} INFO - Filling up the DagBag from /Users/sunanda/Downloads/python-demo/venv/lib/python3.9/site-packages/airflow/example_dags/plugins/listener_plugin.py
[2023-03-24T14:42:55.035-0400] {processor.py:755} WARNING - No viable dags retrieved from /Users/sunanda/Downloads/python-demo/venv/lib/python3.9/site-packages/airflow/example_dags/plugins/listener_plugin.py
[2023-03-24T14:42:55.310-0400] {processor.py:175} INFO - Processing /Users/sunanda/Downloads/python-demo/venv/lib/python3.9/site-packages/airflow/example_dags/plugins/listener_plugin.py took 0.284 seconds
[2023-03-24T14:43:41.580-0400] {processor.py:153} INFO - Started process (PID=24036) to work on /Users/sunanda/Downloads/python-demo/venv/lib/python3.9/site-packages/airflow/example_dags/plugins/listener_plugin.py
[2023-03-24T14:43:41.583-0400] {processor.py:743} INFO - Processing file /Users/sunanda/Downloads/python-demo/venv/lib/python3.9/site-packages/airflow/example_dags/plugins/listener_plugin.py for tasks to queue
[2023-03-24T14:43:41.584-0400] {logging_mixin.py:137} INFO - [2023-03-24T14:43:41.584-0400] {dagbag.py:532} INFO - Filling up the DagBag from /Users/sunanda/Downloads/python-demo/venv/lib/python3.9/site-packages/airflow/example_dags/plugins/listener_plugin.py
[2023-03-24T14:43:41.590-0400] {processor.py:755} WARNING - No viable dags retrieved from /Users/sunanda/Downloads/python-demo/venv/lib/python3.9/site-packages/airflow/example_dags/plugins/listener_plugin.py
[2023-03-24T14:43:41.860-0400] {processor.py:175} INFO - Processing /Users/sunanda/Downloads/python-demo/venv/lib/python3.9/site-packages/airflow/example_dags/plugins/listener_plugin.py took 0.280 seconds
[2023-03-24T14:44:26.042-0400] {processor.py:153} INFO - Started process (PID=24106) to work on /Users/sunanda/Downloads/python-demo/venv/lib/python3.9/site-packages/airflow/example_dags/plugins/listener_plugin.py
[2023-03-24T14:44:26.044-0400] {processor.py:743} INFO - Processing file /Users/sunanda/Downloads/python-demo/venv/lib/python3.9/site-packages/airflow/example_dags/plugins/listener_plugin.py for tasks to queue
[2023-03-24T14:44:26.044-0400] {logging_mixin.py:137} INFO - [2023-03-24T14:44:26.044-0400] {dagbag.py:532} INFO - Filling up the DagBag from /Users/sunanda/Downloads/python-demo/venv/lib/python3.9/site-packages/airflow/example_dags/plugins/listener_plugin.py
[2023-03-24T14:44:26.050-0400] {processor.py:755} WARNING - No viable dags retrieved from /Users/sunanda/Downloads/python-demo/venv/lib/python3.9/site-packages/airflow/example_dags/plugins/listener_plugin.py
[2023-03-24T14:44:26.318-0400] {processor.py:175} INFO - Processing /Users/sunanda/Downloads/python-demo/venv/lib/python3.9/site-packages/airflow/example_dags/plugins/listener_plugin.py took 0.276 seconds
[2023-03-24T14:45:12.512-0400] {processor.py:153} INFO - Started process (PID=24180) to work on /Users/sunanda/Downloads/python-demo/venv/lib/python3.9/site-packages/airflow/example_dags/plugins/listener_plugin.py
[2023-03-24T14:45:12.514-0400] {processor.py:743} INFO - Processing file /Users/sunanda/Downloads/python-demo/venv/lib/python3.9/site-packages/airflow/example_dags/plugins/listener_plugin.py for tasks to queue
[2023-03-24T14:45:12.514-0400] {logging_mixin.py:137} INFO - [2023-03-24T14:45:12.514-0400] {dagbag.py:532} INFO - Filling up the DagBag from /Users/sunanda/Downloads/python-demo/venv/lib/python3.9/site-packages/airflow/example_dags/plugins/listener_plugin.py
[2023-03-24T14:45:12.519-0400] {processor.py:755} WARNING - No viable dags retrieved from /Users/sunanda/Downloads/python-demo/venv/lib/python3.9/site-packages/airflow/example_dags/plugins/listener_plugin.py
[2023-03-24T14:45:12.793-0400] {processor.py:175} INFO - Processing /Users/sunanda/Downloads/python-demo/venv/lib/python3.9/site-packages/airflow/example_dags/plugins/listener_plugin.py took 0.282 seconds
[2023-03-24T14:46:01.837-0400] {processor.py:153} INFO - Started process (PID=24257) to work on /Users/sunanda/Downloads/python-demo/venv/lib/python3.9/site-packages/airflow/example_dags/plugins/listener_plugin.py
[2023-03-24T14:46:01.839-0400] {processor.py:743} INFO - Processing file /Users/sunanda/Downloads/python-demo/venv/lib/python3.9/site-packages/airflow/example_dags/plugins/listener_plugin.py for tasks to queue
[2023-03-24T14:46:01.839-0400] {logging_mixin.py:137} INFO - [2023-03-24T14:46:01.839-0400] {dagbag.py:532} INFO - Filling up the DagBag from /Users/sunanda/Downloads/python-demo/venv/lib/python3.9/site-packages/airflow/example_dags/plugins/listener_plugin.py
[2023-03-24T14:46:01.844-0400] {processor.py:755} WARNING - No viable dags retrieved from /Users/sunanda/Downloads/python-demo/venv/lib/python3.9/site-packages/airflow/example_dags/plugins/listener_plugin.py
[2023-03-24T14:46:02.109-0400] {processor.py:175} INFO - Processing /Users/sunanda/Downloads/python-demo/venv/lib/python3.9/site-packages/airflow/example_dags/plugins/listener_plugin.py took 0.273 seconds
[2023-03-24T14:46:48.727-0400] {processor.py:153} INFO - Started process (PID=24337) to work on /Users/sunanda/Downloads/python-demo/venv/lib/python3.9/site-packages/airflow/example_dags/plugins/listener_plugin.py
[2023-03-24T14:46:48.731-0400] {processor.py:743} INFO - Processing file /Users/sunanda/Downloads/python-demo/venv/lib/python3.9/site-packages/airflow/example_dags/plugins/listener_plugin.py for tasks to queue
[2023-03-24T14:46:48.731-0400] {logging_mixin.py:137} INFO - [2023-03-24T14:46:48.731-0400] {dagbag.py:532} INFO - Filling up the DagBag from /Users/sunanda/Downloads/python-demo/venv/lib/python3.9/site-packages/airflow/example_dags/plugins/listener_plugin.py
[2023-03-24T14:46:48.737-0400] {processor.py:755} WARNING - No viable dags retrieved from /Users/sunanda/Downloads/python-demo/venv/lib/python3.9/site-packages/airflow/example_dags/plugins/listener_plugin.py
[2023-03-24T14:46:49.004-0400] {processor.py:175} INFO - Processing /Users/sunanda/Downloads/python-demo/venv/lib/python3.9/site-packages/airflow/example_dags/plugins/listener_plugin.py took 0.277 seconds
[2023-03-24T14:47:38.143-0400] {processor.py:153} INFO - Started process (PID=24429) to work on /Users/sunanda/Downloads/python-demo/venv/lib/python3.9/site-packages/airflow/example_dags/plugins/listener_plugin.py
[2023-03-24T14:47:38.145-0400] {processor.py:743} INFO - Processing file /Users/sunanda/Downloads/python-demo/venv/lib/python3.9/site-packages/airflow/example_dags/plugins/listener_plugin.py for tasks to queue
[2023-03-24T14:47:38.146-0400] {logging_mixin.py:137} INFO - [2023-03-24T14:47:38.146-0400] {dagbag.py:532} INFO - Filling up the DagBag from /Users/sunanda/Downloads/python-demo/venv/lib/python3.9/site-packages/airflow/example_dags/plugins/listener_plugin.py
[2023-03-24T14:47:38.152-0400] {processor.py:755} WARNING - No viable dags retrieved from /Users/sunanda/Downloads/python-demo/venv/lib/python3.9/site-packages/airflow/example_dags/plugins/listener_plugin.py
[2023-03-24T14:47:38.508-0400] {processor.py:175} INFO - Processing /Users/sunanda/Downloads/python-demo/venv/lib/python3.9/site-packages/airflow/example_dags/plugins/listener_plugin.py took 0.366 seconds
[2023-03-24T14:48:26.117-0400] {processor.py:153} INFO - Started process (PID=24514) to work on /Users/sunanda/Downloads/python-demo/venv/lib/python3.9/site-packages/airflow/example_dags/plugins/listener_plugin.py
[2023-03-24T14:48:26.119-0400] {processor.py:743} INFO - Processing file /Users/sunanda/Downloads/python-demo/venv/lib/python3.9/site-packages/airflow/example_dags/plugins/listener_plugin.py for tasks to queue
[2023-03-24T14:48:26.119-0400] {logging_mixin.py:137} INFO - [2023-03-24T14:48:26.119-0400] {dagbag.py:532} INFO - Filling up the DagBag from /Users/sunanda/Downloads/python-demo/venv/lib/python3.9/site-packages/airflow/example_dags/plugins/listener_plugin.py
[2023-03-24T14:48:26.126-0400] {processor.py:755} WARNING - No viable dags retrieved from /Users/sunanda/Downloads/python-demo/venv/lib/python3.9/site-packages/airflow/example_dags/plugins/listener_plugin.py
[2023-03-24T14:48:26.416-0400] {processor.py:175} INFO - Processing /Users/sunanda/Downloads/python-demo/venv/lib/python3.9/site-packages/airflow/example_dags/plugins/listener_plugin.py took 0.300 seconds
[2023-03-24T14:49:15.613-0400] {processor.py:153} INFO - Started process (PID=24594) to work on /Users/sunanda/Downloads/python-demo/venv/lib/python3.9/site-packages/airflow/example_dags/plugins/listener_plugin.py
[2023-03-24T14:49:15.616-0400] {processor.py:743} INFO - Processing file /Users/sunanda/Downloads/python-demo/venv/lib/python3.9/site-packages/airflow/example_dags/plugins/listener_plugin.py for tasks to queue
[2023-03-24T14:49:15.617-0400] {logging_mixin.py:137} INFO - [2023-03-24T14:49:15.617-0400] {dagbag.py:532} INFO - Filling up the DagBag from /Users/sunanda/Downloads/python-demo/venv/lib/python3.9/site-packages/airflow/example_dags/plugins/listener_plugin.py
[2023-03-24T14:49:15.623-0400] {processor.py:755} WARNING - No viable dags retrieved from /Users/sunanda/Downloads/python-demo/venv/lib/python3.9/site-packages/airflow/example_dags/plugins/listener_plugin.py
[2023-03-24T14:49:15.906-0400] {processor.py:175} INFO - Processing /Users/sunanda/Downloads/python-demo/venv/lib/python3.9/site-packages/airflow/example_dags/plugins/listener_plugin.py took 0.293 seconds
[2023-03-24T14:50:00.628-0400] {processor.py:153} INFO - Started process (PID=24666) to work on /Users/sunanda/Downloads/python-demo/venv/lib/python3.9/site-packages/airflow/example_dags/plugins/listener_plugin.py
[2023-03-24T14:50:00.630-0400] {processor.py:743} INFO - Processing file /Users/sunanda/Downloads/python-demo/venv/lib/python3.9/site-packages/airflow/example_dags/plugins/listener_plugin.py for tasks to queue
[2023-03-24T14:50:00.630-0400] {logging_mixin.py:137} INFO - [2023-03-24T14:50:00.630-0400] {dagbag.py:532} INFO - Filling up the DagBag from /Users/sunanda/Downloads/python-demo/venv/lib/python3.9/site-packages/airflow/example_dags/plugins/listener_plugin.py
[2023-03-24T14:50:00.635-0400] {processor.py:755} WARNING - No viable dags retrieved from /Users/sunanda/Downloads/python-demo/venv/lib/python3.9/site-packages/airflow/example_dags/plugins/listener_plugin.py
[2023-03-24T14:50:00.902-0400] {processor.py:175} INFO - Processing /Users/sunanda/Downloads/python-demo/venv/lib/python3.9/site-packages/airflow/example_dags/plugins/listener_plugin.py took 0.274 seconds
[2023-03-24T14:50:46.757-0400] {processor.py:153} INFO - Started process (PID=24739) to work on /Users/sunanda/Downloads/python-demo/venv/lib/python3.9/site-packages/airflow/example_dags/plugins/listener_plugin.py
[2023-03-24T14:50:46.760-0400] {processor.py:743} INFO - Processing file /Users/sunanda/Downloads/python-demo/venv/lib/python3.9/site-packages/airflow/example_dags/plugins/listener_plugin.py for tasks to queue
[2023-03-24T14:50:46.760-0400] {logging_mixin.py:137} INFO - [2023-03-24T14:50:46.760-0400] {dagbag.py:532} INFO - Filling up the DagBag from /Users/sunanda/Downloads/python-demo/venv/lib/python3.9/site-packages/airflow/example_dags/plugins/listener_plugin.py
[2023-03-24T14:50:46.766-0400] {processor.py:755} WARNING - No viable dags retrieved from /Users/sunanda/Downloads/python-demo/venv/lib/python3.9/site-packages/airflow/example_dags/plugins/listener_plugin.py
[2023-03-24T14:50:47.032-0400] {processor.py:175} INFO - Processing /Users/sunanda/Downloads/python-demo/venv/lib/python3.9/site-packages/airflow/example_dags/plugins/listener_plugin.py took 0.275 seconds
[2023-03-24T14:51:32.755-0400] {processor.py:153} INFO - Started process (PID=24815) to work on /Users/sunanda/Downloads/python-demo/venv/lib/python3.9/site-packages/airflow/example_dags/plugins/listener_plugin.py
[2023-03-24T14:51:32.757-0400] {processor.py:743} INFO - Processing file /Users/sunanda/Downloads/python-demo/venv/lib/python3.9/site-packages/airflow/example_dags/plugins/listener_plugin.py for tasks to queue
[2023-03-24T14:51:32.757-0400] {logging_mixin.py:137} INFO - [2023-03-24T14:51:32.757-0400] {dagbag.py:532} INFO - Filling up the DagBag from /Users/sunanda/Downloads/python-demo/venv/lib/python3.9/site-packages/airflow/example_dags/plugins/listener_plugin.py
[2023-03-24T14:51:32.762-0400] {processor.py:755} WARNING - No viable dags retrieved from /Users/sunanda/Downloads/python-demo/venv/lib/python3.9/site-packages/airflow/example_dags/plugins/listener_plugin.py
[2023-03-24T14:51:33.030-0400] {processor.py:175} INFO - Processing /Users/sunanda/Downloads/python-demo/venv/lib/python3.9/site-packages/airflow/example_dags/plugins/listener_plugin.py took 0.275 seconds
[2023-03-24T14:52:20.129-0400] {processor.py:153} INFO - Started process (PID=24890) to work on /Users/sunanda/Downloads/python-demo/venv/lib/python3.9/site-packages/airflow/example_dags/plugins/listener_plugin.py
[2023-03-24T14:52:20.131-0400] {processor.py:743} INFO - Processing file /Users/sunanda/Downloads/python-demo/venv/lib/python3.9/site-packages/airflow/example_dags/plugins/listener_plugin.py for tasks to queue
[2023-03-24T14:52:20.132-0400] {logging_mixin.py:137} INFO - [2023-03-24T14:52:20.132-0400] {dagbag.py:532} INFO - Filling up the DagBag from /Users/sunanda/Downloads/python-demo/venv/lib/python3.9/site-packages/airflow/example_dags/plugins/listener_plugin.py
[2023-03-24T14:52:20.137-0400] {processor.py:755} WARNING - No viable dags retrieved from /Users/sunanda/Downloads/python-demo/venv/lib/python3.9/site-packages/airflow/example_dags/plugins/listener_plugin.py
[2023-03-24T14:52:20.403-0400] {processor.py:175} INFO - Processing /Users/sunanda/Downloads/python-demo/venv/lib/python3.9/site-packages/airflow/example_dags/plugins/listener_plugin.py took 0.274 seconds
[2023-03-24T14:53:07.941-0400] {processor.py:153} INFO - Started process (PID=24964) to work on /Users/sunanda/Downloads/python-demo/venv/lib/python3.9/site-packages/airflow/example_dags/plugins/listener_plugin.py
[2023-03-24T14:53:07.944-0400] {processor.py:743} INFO - Processing file /Users/sunanda/Downloads/python-demo/venv/lib/python3.9/site-packages/airflow/example_dags/plugins/listener_plugin.py for tasks to queue
[2023-03-24T14:53:07.944-0400] {logging_mixin.py:137} INFO - [2023-03-24T14:53:07.944-0400] {dagbag.py:532} INFO - Filling up the DagBag from /Users/sunanda/Downloads/python-demo/venv/lib/python3.9/site-packages/airflow/example_dags/plugins/listener_plugin.py
[2023-03-24T14:53:07.950-0400] {processor.py:755} WARNING - No viable dags retrieved from /Users/sunanda/Downloads/python-demo/venv/lib/python3.9/site-packages/airflow/example_dags/plugins/listener_plugin.py
[2023-03-24T14:53:08.229-0400] {processor.py:175} INFO - Processing /Users/sunanda/Downloads/python-demo/venv/lib/python3.9/site-packages/airflow/example_dags/plugins/listener_plugin.py took 0.289 seconds
[2023-03-24T14:53:52.836-0400] {processor.py:153} INFO - Started process (PID=25036) to work on /Users/sunanda/Downloads/python-demo/venv/lib/python3.9/site-packages/airflow/example_dags/plugins/listener_plugin.py
[2023-03-24T14:53:52.839-0400] {processor.py:743} INFO - Processing file /Users/sunanda/Downloads/python-demo/venv/lib/python3.9/site-packages/airflow/example_dags/plugins/listener_plugin.py for tasks to queue
[2023-03-24T14:53:52.840-0400] {logging_mixin.py:137} INFO - [2023-03-24T14:53:52.840-0400] {dagbag.py:532} INFO - Filling up the DagBag from /Users/sunanda/Downloads/python-demo/venv/lib/python3.9/site-packages/airflow/example_dags/plugins/listener_plugin.py
[2023-03-24T14:53:52.846-0400] {processor.py:755} WARNING - No viable dags retrieved from /Users/sunanda/Downloads/python-demo/venv/lib/python3.9/site-packages/airflow/example_dags/plugins/listener_plugin.py
[2023-03-24T14:53:53.112-0400] {processor.py:175} INFO - Processing /Users/sunanda/Downloads/python-demo/venv/lib/python3.9/site-packages/airflow/example_dags/plugins/listener_plugin.py took 0.276 seconds
[2023-03-24T14:54:34.336-0400] {processor.py:153} INFO - Started process (PID=25108) to work on /Users/sunanda/Downloads/python-demo/venv/lib/python3.9/site-packages/airflow/example_dags/plugins/listener_plugin.py
[2023-03-24T14:54:34.339-0400] {processor.py:743} INFO - Processing file /Users/sunanda/Downloads/python-demo/venv/lib/python3.9/site-packages/airflow/example_dags/plugins/listener_plugin.py for tasks to queue
[2023-03-24T14:54:34.339-0400] {logging_mixin.py:137} INFO - [2023-03-24T14:54:34.339-0400] {dagbag.py:532} INFO - Filling up the DagBag from /Users/sunanda/Downloads/python-demo/venv/lib/python3.9/site-packages/airflow/example_dags/plugins/listener_plugin.py
[2023-03-24T14:54:34.345-0400] {processor.py:755} WARNING - No viable dags retrieved from /Users/sunanda/Downloads/python-demo/venv/lib/python3.9/site-packages/airflow/example_dags/plugins/listener_plugin.py
[2023-03-24T14:54:34.612-0400] {processor.py:175} INFO - Processing /Users/sunanda/Downloads/python-demo/venv/lib/python3.9/site-packages/airflow/example_dags/plugins/listener_plugin.py took 0.277 seconds
[2023-03-24T14:55:21.444-0400] {processor.py:153} INFO - Started process (PID=25181) to work on /Users/sunanda/Downloads/python-demo/venv/lib/python3.9/site-packages/airflow/example_dags/plugins/listener_plugin.py
[2023-03-24T14:55:21.447-0400] {processor.py:743} INFO - Processing file /Users/sunanda/Downloads/python-demo/venv/lib/python3.9/site-packages/airflow/example_dags/plugins/listener_plugin.py for tasks to queue
[2023-03-24T14:55:21.447-0400] {logging_mixin.py:137} INFO - [2023-03-24T14:55:21.447-0400] {dagbag.py:532} INFO - Filling up the DagBag from /Users/sunanda/Downloads/python-demo/venv/lib/python3.9/site-packages/airflow/example_dags/plugins/listener_plugin.py
[2023-03-24T14:55:21.453-0400] {processor.py:755} WARNING - No viable dags retrieved from /Users/sunanda/Downloads/python-demo/venv/lib/python3.9/site-packages/airflow/example_dags/plugins/listener_plugin.py
[2023-03-24T14:55:21.718-0400] {processor.py:175} INFO - Processing /Users/sunanda/Downloads/python-demo/venv/lib/python3.9/site-packages/airflow/example_dags/plugins/listener_plugin.py took 0.274 seconds
[2023-03-24T14:56:07.500-0400] {processor.py:153} INFO - Started process (PID=25257) to work on /Users/sunanda/Downloads/python-demo/venv/lib/python3.9/site-packages/airflow/example_dags/plugins/listener_plugin.py
[2023-03-24T14:56:07.504-0400] {processor.py:743} INFO - Processing file /Users/sunanda/Downloads/python-demo/venv/lib/python3.9/site-packages/airflow/example_dags/plugins/listener_plugin.py for tasks to queue
[2023-03-24T14:56:07.505-0400] {logging_mixin.py:137} INFO - [2023-03-24T14:56:07.505-0400] {dagbag.py:532} INFO - Filling up the DagBag from /Users/sunanda/Downloads/python-demo/venv/lib/python3.9/site-packages/airflow/example_dags/plugins/listener_plugin.py
[2023-03-24T14:56:07.511-0400] {processor.py:755} WARNING - No viable dags retrieved from /Users/sunanda/Downloads/python-demo/venv/lib/python3.9/site-packages/airflow/example_dags/plugins/listener_plugin.py
[2023-03-24T14:56:07.793-0400] {processor.py:175} INFO - Processing /Users/sunanda/Downloads/python-demo/venv/lib/python3.9/site-packages/airflow/example_dags/plugins/listener_plugin.py took 0.293 seconds
[2023-03-24T15:06:43.327-0400] {processor.py:153} INFO - Started process (PID=25355) to work on /Users/sunanda/Downloads/python-demo/venv/lib/python3.9/site-packages/airflow/example_dags/plugins/listener_plugin.py
[2023-03-24T15:06:43.330-0400] {processor.py:743} INFO - Processing file /Users/sunanda/Downloads/python-demo/venv/lib/python3.9/site-packages/airflow/example_dags/plugins/listener_plugin.py for tasks to queue
[2023-03-24T15:06:43.330-0400] {logging_mixin.py:137} INFO - [2023-03-24T15:06:43.330-0400] {dagbag.py:532} INFO - Filling up the DagBag from /Users/sunanda/Downloads/python-demo/venv/lib/python3.9/site-packages/airflow/example_dags/plugins/listener_plugin.py
[2023-03-24T15:06:43.336-0400] {processor.py:755} WARNING - No viable dags retrieved from /Users/sunanda/Downloads/python-demo/venv/lib/python3.9/site-packages/airflow/example_dags/plugins/listener_plugin.py
[2023-03-24T15:06:43.601-0400] {processor.py:175} INFO - Processing /Users/sunanda/Downloads/python-demo/venv/lib/python3.9/site-packages/airflow/example_dags/plugins/listener_plugin.py took 0.275 seconds
[2023-03-24T15:07:30.013-0400] {processor.py:153} INFO - Started process (PID=25429) to work on /Users/sunanda/Downloads/python-demo/venv/lib/python3.9/site-packages/airflow/example_dags/plugins/listener_plugin.py
[2023-03-24T15:07:30.015-0400] {processor.py:743} INFO - Processing file /Users/sunanda/Downloads/python-demo/venv/lib/python3.9/site-packages/airflow/example_dags/plugins/listener_plugin.py for tasks to queue
[2023-03-24T15:07:30.016-0400] {logging_mixin.py:137} INFO - [2023-03-24T15:07:30.016-0400] {dagbag.py:532} INFO - Filling up the DagBag from /Users/sunanda/Downloads/python-demo/venv/lib/python3.9/site-packages/airflow/example_dags/plugins/listener_plugin.py
[2023-03-24T15:07:30.021-0400] {processor.py:755} WARNING - No viable dags retrieved from /Users/sunanda/Downloads/python-demo/venv/lib/python3.9/site-packages/airflow/example_dags/plugins/listener_plugin.py
[2023-03-24T15:07:30.286-0400] {processor.py:175} INFO - Processing /Users/sunanda/Downloads/python-demo/venv/lib/python3.9/site-packages/airflow/example_dags/plugins/listener_plugin.py took 0.273 seconds
[2023-03-24T15:08:16.083-0400] {processor.py:153} INFO - Started process (PID=25503) to work on /Users/sunanda/Downloads/python-demo/venv/lib/python3.9/site-packages/airflow/example_dags/plugins/listener_plugin.py
[2023-03-24T15:08:16.085-0400] {processor.py:743} INFO - Processing file /Users/sunanda/Downloads/python-demo/venv/lib/python3.9/site-packages/airflow/example_dags/plugins/listener_plugin.py for tasks to queue
[2023-03-24T15:08:16.086-0400] {logging_mixin.py:137} INFO - [2023-03-24T15:08:16.086-0400] {dagbag.py:532} INFO - Filling up the DagBag from /Users/sunanda/Downloads/python-demo/venv/lib/python3.9/site-packages/airflow/example_dags/plugins/listener_plugin.py
[2023-03-24T15:08:16.091-0400] {processor.py:755} WARNING - No viable dags retrieved from /Users/sunanda/Downloads/python-demo/venv/lib/python3.9/site-packages/airflow/example_dags/plugins/listener_plugin.py
[2023-03-24T15:08:16.356-0400] {processor.py:175} INFO - Processing /Users/sunanda/Downloads/python-demo/venv/lib/python3.9/site-packages/airflow/example_dags/plugins/listener_plugin.py took 0.273 seconds
[2023-03-24T15:14:56.925-0400] {processor.py:153} INFO - Started process (PID=25593) to work on /Users/sunanda/Downloads/python-demo/venv/lib/python3.9/site-packages/airflow/example_dags/plugins/listener_plugin.py
[2023-03-24T15:14:56.928-0400] {processor.py:743} INFO - Processing file /Users/sunanda/Downloads/python-demo/venv/lib/python3.9/site-packages/airflow/example_dags/plugins/listener_plugin.py for tasks to queue
[2023-03-24T15:14:56.928-0400] {logging_mixin.py:137} INFO - [2023-03-24T15:14:56.928-0400] {dagbag.py:532} INFO - Filling up the DagBag from /Users/sunanda/Downloads/python-demo/venv/lib/python3.9/site-packages/airflow/example_dags/plugins/listener_plugin.py
[2023-03-24T15:14:56.934-0400] {processor.py:755} WARNING - No viable dags retrieved from /Users/sunanda/Downloads/python-demo/venv/lib/python3.9/site-packages/airflow/example_dags/plugins/listener_plugin.py
[2023-03-24T15:14:57.200-0400] {processor.py:175} INFO - Processing /Users/sunanda/Downloads/python-demo/venv/lib/python3.9/site-packages/airflow/example_dags/plugins/listener_plugin.py took 0.276 seconds
[2023-03-24T15:15:49.130-0400] {processor.py:153} INFO - Started process (PID=25675) to work on /Users/sunanda/Downloads/python-demo/venv/lib/python3.9/site-packages/airflow/example_dags/plugins/listener_plugin.py
[2023-03-24T15:15:49.134-0400] {processor.py:743} INFO - Processing file /Users/sunanda/Downloads/python-demo/venv/lib/python3.9/site-packages/airflow/example_dags/plugins/listener_plugin.py for tasks to queue
[2023-03-24T15:15:49.134-0400] {logging_mixin.py:137} INFO - [2023-03-24T15:15:49.134-0400] {dagbag.py:532} INFO - Filling up the DagBag from /Users/sunanda/Downloads/python-demo/venv/lib/python3.9/site-packages/airflow/example_dags/plugins/listener_plugin.py
[2023-03-24T15:15:49.140-0400] {processor.py:755} WARNING - No viable dags retrieved from /Users/sunanda/Downloads/python-demo/venv/lib/python3.9/site-packages/airflow/example_dags/plugins/listener_plugin.py
[2023-03-24T15:15:49.405-0400] {processor.py:175} INFO - Processing /Users/sunanda/Downloads/python-demo/venv/lib/python3.9/site-packages/airflow/example_dags/plugins/listener_plugin.py took 0.275 seconds
[2023-03-24T15:16:34.695-0400] {processor.py:153} INFO - Started process (PID=25746) to work on /Users/sunanda/Downloads/python-demo/venv/lib/python3.9/site-packages/airflow/example_dags/plugins/listener_plugin.py
[2023-03-24T15:16:34.698-0400] {processor.py:743} INFO - Processing file /Users/sunanda/Downloads/python-demo/venv/lib/python3.9/site-packages/airflow/example_dags/plugins/listener_plugin.py for tasks to queue
[2023-03-24T15:16:34.699-0400] {logging_mixin.py:137} INFO - [2023-03-24T15:16:34.699-0400] {dagbag.py:532} INFO - Filling up the DagBag from /Users/sunanda/Downloads/python-demo/venv/lib/python3.9/site-packages/airflow/example_dags/plugins/listener_plugin.py
[2023-03-24T15:16:34.704-0400] {processor.py:755} WARNING - No viable dags retrieved from /Users/sunanda/Downloads/python-demo/venv/lib/python3.9/site-packages/airflow/example_dags/plugins/listener_plugin.py
[2023-03-24T15:16:34.970-0400] {processor.py:175} INFO - Processing /Users/sunanda/Downloads/python-demo/venv/lib/python3.9/site-packages/airflow/example_dags/plugins/listener_plugin.py took 0.276 seconds
[2023-03-24T15:17:19.729-0400] {processor.py:153} INFO - Started process (PID=25822) to work on /Users/sunanda/Downloads/python-demo/venv/lib/python3.9/site-packages/airflow/example_dags/plugins/listener_plugin.py
[2023-03-24T15:17:19.731-0400] {processor.py:743} INFO - Processing file /Users/sunanda/Downloads/python-demo/venv/lib/python3.9/site-packages/airflow/example_dags/plugins/listener_plugin.py for tasks to queue
[2023-03-24T15:17:19.731-0400] {logging_mixin.py:137} INFO - [2023-03-24T15:17:19.731-0400] {dagbag.py:532} INFO - Filling up the DagBag from /Users/sunanda/Downloads/python-demo/venv/lib/python3.9/site-packages/airflow/example_dags/plugins/listener_plugin.py
[2023-03-24T15:17:19.737-0400] {processor.py:755} WARNING - No viable dags retrieved from /Users/sunanda/Downloads/python-demo/venv/lib/python3.9/site-packages/airflow/example_dags/plugins/listener_plugin.py
[2023-03-24T15:17:20.016-0400] {processor.py:175} INFO - Processing /Users/sunanda/Downloads/python-demo/venv/lib/python3.9/site-packages/airflow/example_dags/plugins/listener_plugin.py took 0.288 seconds
[2023-03-24T15:18:05.330-0400] {processor.py:153} INFO - Started process (PID=25907) to work on /Users/sunanda/Downloads/python-demo/venv/lib/python3.9/site-packages/airflow/example_dags/plugins/listener_plugin.py
[2023-03-24T15:18:05.332-0400] {processor.py:743} INFO - Processing file /Users/sunanda/Downloads/python-demo/venv/lib/python3.9/site-packages/airflow/example_dags/plugins/listener_plugin.py for tasks to queue
[2023-03-24T15:18:05.332-0400] {logging_mixin.py:137} INFO - [2023-03-24T15:18:05.332-0400] {dagbag.py:532} INFO - Filling up the DagBag from /Users/sunanda/Downloads/python-demo/venv/lib/python3.9/site-packages/airflow/example_dags/plugins/listener_plugin.py
[2023-03-24T15:18:05.339-0400] {processor.py:755} WARNING - No viable dags retrieved from /Users/sunanda/Downloads/python-demo/venv/lib/python3.9/site-packages/airflow/example_dags/plugins/listener_plugin.py
[2023-03-24T15:18:05.608-0400] {processor.py:175} INFO - Processing /Users/sunanda/Downloads/python-demo/venv/lib/python3.9/site-packages/airflow/example_dags/plugins/listener_plugin.py took 0.278 seconds
[2023-03-24T15:18:53.521-0400] {processor.py:153} INFO - Started process (PID=25991) to work on /Users/sunanda/Downloads/python-demo/venv/lib/python3.9/site-packages/airflow/example_dags/plugins/listener_plugin.py
[2023-03-24T15:18:53.523-0400] {processor.py:743} INFO - Processing file /Users/sunanda/Downloads/python-demo/venv/lib/python3.9/site-packages/airflow/example_dags/plugins/listener_plugin.py for tasks to queue
[2023-03-24T15:18:53.523-0400] {logging_mixin.py:137} INFO - [2023-03-24T15:18:53.523-0400] {dagbag.py:532} INFO - Filling up the DagBag from /Users/sunanda/Downloads/python-demo/venv/lib/python3.9/site-packages/airflow/example_dags/plugins/listener_plugin.py
[2023-03-24T15:18:53.530-0400] {processor.py:755} WARNING - No viable dags retrieved from /Users/sunanda/Downloads/python-demo/venv/lib/python3.9/site-packages/airflow/example_dags/plugins/listener_plugin.py
[2023-03-24T15:18:53.829-0400] {processor.py:175} INFO - Processing /Users/sunanda/Downloads/python-demo/venv/lib/python3.9/site-packages/airflow/example_dags/plugins/listener_plugin.py took 0.308 seconds
[2023-03-24T15:19:39.947-0400] {processor.py:153} INFO - Started process (PID=26064) to work on /Users/sunanda/Downloads/python-demo/venv/lib/python3.9/site-packages/airflow/example_dags/plugins/listener_plugin.py
[2023-03-24T15:19:39.950-0400] {processor.py:743} INFO - Processing file /Users/sunanda/Downloads/python-demo/venv/lib/python3.9/site-packages/airflow/example_dags/plugins/listener_plugin.py for tasks to queue
[2023-03-24T15:19:39.951-0400] {logging_mixin.py:137} INFO - [2023-03-24T15:19:39.951-0400] {dagbag.py:532} INFO - Filling up the DagBag from /Users/sunanda/Downloads/python-demo/venv/lib/python3.9/site-packages/airflow/example_dags/plugins/listener_plugin.py
[2023-03-24T15:19:39.956-0400] {processor.py:755} WARNING - No viable dags retrieved from /Users/sunanda/Downloads/python-demo/venv/lib/python3.9/site-packages/airflow/example_dags/plugins/listener_plugin.py
[2023-03-24T15:19:40.224-0400] {processor.py:175} INFO - Processing /Users/sunanda/Downloads/python-demo/venv/lib/python3.9/site-packages/airflow/example_dags/plugins/listener_plugin.py took 0.277 seconds
[2023-03-24T15:20:27.397-0400] {processor.py:153} INFO - Started process (PID=26154) to work on /Users/sunanda/Downloads/python-demo/venv/lib/python3.9/site-packages/airflow/example_dags/plugins/listener_plugin.py
[2023-03-24T15:20:27.400-0400] {processor.py:743} INFO - Processing file /Users/sunanda/Downloads/python-demo/venv/lib/python3.9/site-packages/airflow/example_dags/plugins/listener_plugin.py for tasks to queue
[2023-03-24T15:20:27.401-0400] {logging_mixin.py:137} INFO - [2023-03-24T15:20:27.401-0400] {dagbag.py:532} INFO - Filling up the DagBag from /Users/sunanda/Downloads/python-demo/venv/lib/python3.9/site-packages/airflow/example_dags/plugins/listener_plugin.py
[2023-03-24T15:20:27.407-0400] {processor.py:755} WARNING - No viable dags retrieved from /Users/sunanda/Downloads/python-demo/venv/lib/python3.9/site-packages/airflow/example_dags/plugins/listener_plugin.py
[2023-03-24T15:20:27.676-0400] {processor.py:175} INFO - Processing /Users/sunanda/Downloads/python-demo/venv/lib/python3.9/site-packages/airflow/example_dags/plugins/listener_plugin.py took 0.280 seconds
[2023-03-24T15:21:14.727-0400] {processor.py:153} INFO - Started process (PID=26227) to work on /Users/sunanda/Downloads/python-demo/venv/lib/python3.9/site-packages/airflow/example_dags/plugins/listener_plugin.py
[2023-03-24T15:21:14.730-0400] {processor.py:743} INFO - Processing file /Users/sunanda/Downloads/python-demo/venv/lib/python3.9/site-packages/airflow/example_dags/plugins/listener_plugin.py for tasks to queue
[2023-03-24T15:21:14.730-0400] {logging_mixin.py:137} INFO - [2023-03-24T15:21:14.730-0400] {dagbag.py:532} INFO - Filling up the DagBag from /Users/sunanda/Downloads/python-demo/venv/lib/python3.9/site-packages/airflow/example_dags/plugins/listener_plugin.py
[2023-03-24T15:21:14.736-0400] {processor.py:755} WARNING - No viable dags retrieved from /Users/sunanda/Downloads/python-demo/venv/lib/python3.9/site-packages/airflow/example_dags/plugins/listener_plugin.py
[2023-03-24T15:21:15.011-0400] {processor.py:175} INFO - Processing /Users/sunanda/Downloads/python-demo/venv/lib/python3.9/site-packages/airflow/example_dags/plugins/listener_plugin.py took 0.284 seconds
[2023-03-24T15:22:05.430-0400] {processor.py:153} INFO - Started process (PID=26310) to work on /Users/sunanda/Downloads/python-demo/venv/lib/python3.9/site-packages/airflow/example_dags/plugins/listener_plugin.py
[2023-03-24T15:22:05.433-0400] {processor.py:743} INFO - Processing file /Users/sunanda/Downloads/python-demo/venv/lib/python3.9/site-packages/airflow/example_dags/plugins/listener_plugin.py for tasks to queue
[2023-03-24T15:22:05.433-0400] {logging_mixin.py:137} INFO - [2023-03-24T15:22:05.433-0400] {dagbag.py:532} INFO - Filling up the DagBag from /Users/sunanda/Downloads/python-demo/venv/lib/python3.9/site-packages/airflow/example_dags/plugins/listener_plugin.py
[2023-03-24T15:22:05.439-0400] {processor.py:755} WARNING - No viable dags retrieved from /Users/sunanda/Downloads/python-demo/venv/lib/python3.9/site-packages/airflow/example_dags/plugins/listener_plugin.py
[2023-03-24T15:22:05.716-0400] {processor.py:175} INFO - Processing /Users/sunanda/Downloads/python-demo/venv/lib/python3.9/site-packages/airflow/example_dags/plugins/listener_plugin.py took 0.287 seconds
[2023-03-24T15:22:53.571-0400] {processor.py:153} INFO - Started process (PID=26395) to work on /Users/sunanda/Downloads/python-demo/venv/lib/python3.9/site-packages/airflow/example_dags/plugins/listener_plugin.py
[2023-03-24T15:22:53.574-0400] {processor.py:743} INFO - Processing file /Users/sunanda/Downloads/python-demo/venv/lib/python3.9/site-packages/airflow/example_dags/plugins/listener_plugin.py for tasks to queue
[2023-03-24T15:22:53.574-0400] {logging_mixin.py:137} INFO - [2023-03-24T15:22:53.574-0400] {dagbag.py:532} INFO - Filling up the DagBag from /Users/sunanda/Downloads/python-demo/venv/lib/python3.9/site-packages/airflow/example_dags/plugins/listener_plugin.py
[2023-03-24T15:22:53.580-0400] {processor.py:755} WARNING - No viable dags retrieved from /Users/sunanda/Downloads/python-demo/venv/lib/python3.9/site-packages/airflow/example_dags/plugins/listener_plugin.py
[2023-03-24T15:22:53.855-0400] {processor.py:175} INFO - Processing /Users/sunanda/Downloads/python-demo/venv/lib/python3.9/site-packages/airflow/example_dags/plugins/listener_plugin.py took 0.284 seconds
[2023-03-24T15:23:40.280-0400] {processor.py:153} INFO - Started process (PID=26489) to work on /Users/sunanda/Downloads/python-demo/venv/lib/python3.9/site-packages/airflow/example_dags/plugins/listener_plugin.py
[2023-03-24T15:23:40.284-0400] {processor.py:743} INFO - Processing file /Users/sunanda/Downloads/python-demo/venv/lib/python3.9/site-packages/airflow/example_dags/plugins/listener_plugin.py for tasks to queue
[2023-03-24T15:23:40.284-0400] {logging_mixin.py:137} INFO - [2023-03-24T15:23:40.284-0400] {dagbag.py:532} INFO - Filling up the DagBag from /Users/sunanda/Downloads/python-demo/venv/lib/python3.9/site-packages/airflow/example_dags/plugins/listener_plugin.py
[2023-03-24T15:23:40.290-0400] {processor.py:755} WARNING - No viable dags retrieved from /Users/sunanda/Downloads/python-demo/venv/lib/python3.9/site-packages/airflow/example_dags/plugins/listener_plugin.py
[2023-03-24T15:23:40.567-0400] {processor.py:175} INFO - Processing /Users/sunanda/Downloads/python-demo/venv/lib/python3.9/site-packages/airflow/example_dags/plugins/listener_plugin.py took 0.287 seconds
[2023-03-24T15:24:26.734-0400] {processor.py:153} INFO - Started process (PID=26560) to work on /Users/sunanda/Downloads/python-demo/venv/lib/python3.9/site-packages/airflow/example_dags/plugins/listener_plugin.py
[2023-03-24T15:24:26.736-0400] {processor.py:743} INFO - Processing file /Users/sunanda/Downloads/python-demo/venv/lib/python3.9/site-packages/airflow/example_dags/plugins/listener_plugin.py for tasks to queue
[2023-03-24T15:24:26.736-0400] {logging_mixin.py:137} INFO - [2023-03-24T15:24:26.736-0400] {dagbag.py:532} INFO - Filling up the DagBag from /Users/sunanda/Downloads/python-demo/venv/lib/python3.9/site-packages/airflow/example_dags/plugins/listener_plugin.py
[2023-03-24T15:24:26.741-0400] {processor.py:755} WARNING - No viable dags retrieved from /Users/sunanda/Downloads/python-demo/venv/lib/python3.9/site-packages/airflow/example_dags/plugins/listener_plugin.py
[2023-03-24T15:24:27.009-0400] {processor.py:175} INFO - Processing /Users/sunanda/Downloads/python-demo/venv/lib/python3.9/site-packages/airflow/example_dags/plugins/listener_plugin.py took 0.276 seconds
[2023-03-24T15:25:12.332-0400] {processor.py:153} INFO - Started process (PID=26644) to work on /Users/sunanda/Downloads/python-demo/venv/lib/python3.9/site-packages/airflow/example_dags/plugins/listener_plugin.py
[2023-03-24T15:25:12.335-0400] {processor.py:743} INFO - Processing file /Users/sunanda/Downloads/python-demo/venv/lib/python3.9/site-packages/airflow/example_dags/plugins/listener_plugin.py for tasks to queue
[2023-03-24T15:25:12.335-0400] {logging_mixin.py:137} INFO - [2023-03-24T15:25:12.335-0400] {dagbag.py:532} INFO - Filling up the DagBag from /Users/sunanda/Downloads/python-demo/venv/lib/python3.9/site-packages/airflow/example_dags/plugins/listener_plugin.py
[2023-03-24T15:25:12.340-0400] {processor.py:755} WARNING - No viable dags retrieved from /Users/sunanda/Downloads/python-demo/venv/lib/python3.9/site-packages/airflow/example_dags/plugins/listener_plugin.py
[2023-03-24T15:25:12.612-0400] {processor.py:175} INFO - Processing /Users/sunanda/Downloads/python-demo/venv/lib/python3.9/site-packages/airflow/example_dags/plugins/listener_plugin.py took 0.280 seconds
[2023-03-24T15:25:59.167-0400] {processor.py:153} INFO - Started process (PID=26714) to work on /Users/sunanda/Downloads/python-demo/venv/lib/python3.9/site-packages/airflow/example_dags/plugins/listener_plugin.py
[2023-03-24T15:25:59.170-0400] {processor.py:743} INFO - Processing file /Users/sunanda/Downloads/python-demo/venv/lib/python3.9/site-packages/airflow/example_dags/plugins/listener_plugin.py for tasks to queue
[2023-03-24T15:25:59.170-0400] {logging_mixin.py:137} INFO - [2023-03-24T15:25:59.170-0400] {dagbag.py:532} INFO - Filling up the DagBag from /Users/sunanda/Downloads/python-demo/venv/lib/python3.9/site-packages/airflow/example_dags/plugins/listener_plugin.py
[2023-03-24T15:25:59.176-0400] {processor.py:755} WARNING - No viable dags retrieved from /Users/sunanda/Downloads/python-demo/venv/lib/python3.9/site-packages/airflow/example_dags/plugins/listener_plugin.py
[2023-03-24T15:25:59.453-0400] {processor.py:175} INFO - Processing /Users/sunanda/Downloads/python-demo/venv/lib/python3.9/site-packages/airflow/example_dags/plugins/listener_plugin.py took 0.287 seconds
[2023-03-24T15:26:47.658-0400] {processor.py:153} INFO - Started process (PID=26789) to work on /Users/sunanda/Downloads/python-demo/venv/lib/python3.9/site-packages/airflow/example_dags/plugins/listener_plugin.py
[2023-03-24T15:26:47.662-0400] {processor.py:743} INFO - Processing file /Users/sunanda/Downloads/python-demo/venv/lib/python3.9/site-packages/airflow/example_dags/plugins/listener_plugin.py for tasks to queue
[2023-03-24T15:26:47.662-0400] {logging_mixin.py:137} INFO - [2023-03-24T15:26:47.662-0400] {dagbag.py:532} INFO - Filling up the DagBag from /Users/sunanda/Downloads/python-demo/venv/lib/python3.9/site-packages/airflow/example_dags/plugins/listener_plugin.py
[2023-03-24T15:26:47.669-0400] {processor.py:755} WARNING - No viable dags retrieved from /Users/sunanda/Downloads/python-demo/venv/lib/python3.9/site-packages/airflow/example_dags/plugins/listener_plugin.py
[2023-03-24T15:26:47.955-0400] {processor.py:175} INFO - Processing /Users/sunanda/Downloads/python-demo/venv/lib/python3.9/site-packages/airflow/example_dags/plugins/listener_plugin.py took 0.297 seconds
[2023-03-24T15:27:33.392-0400] {processor.py:153} INFO - Started process (PID=26876) to work on /Users/sunanda/Downloads/python-demo/venv/lib/python3.9/site-packages/airflow/example_dags/plugins/listener_plugin.py
[2023-03-24T15:27:33.395-0400] {processor.py:743} INFO - Processing file /Users/sunanda/Downloads/python-demo/venv/lib/python3.9/site-packages/airflow/example_dags/plugins/listener_plugin.py for tasks to queue
[2023-03-24T15:27:33.395-0400] {logging_mixin.py:137} INFO - [2023-03-24T15:27:33.395-0400] {dagbag.py:532} INFO - Filling up the DagBag from /Users/sunanda/Downloads/python-demo/venv/lib/python3.9/site-packages/airflow/example_dags/plugins/listener_plugin.py
[2023-03-24T15:27:33.401-0400] {processor.py:755} WARNING - No viable dags retrieved from /Users/sunanda/Downloads/python-demo/venv/lib/python3.9/site-packages/airflow/example_dags/plugins/listener_plugin.py
[2023-03-24T15:27:33.680-0400] {processor.py:175} INFO - Processing /Users/sunanda/Downloads/python-demo/venv/lib/python3.9/site-packages/airflow/example_dags/plugins/listener_plugin.py took 0.288 seconds
[2023-03-24T15:28:19.169-0400] {processor.py:153} INFO - Started process (PID=26946) to work on /Users/sunanda/Downloads/python-demo/venv/lib/python3.9/site-packages/airflow/example_dags/plugins/listener_plugin.py
[2023-03-24T15:28:19.171-0400] {processor.py:743} INFO - Processing file /Users/sunanda/Downloads/python-demo/venv/lib/python3.9/site-packages/airflow/example_dags/plugins/listener_plugin.py for tasks to queue
[2023-03-24T15:28:19.171-0400] {logging_mixin.py:137} INFO - [2023-03-24T15:28:19.171-0400] {dagbag.py:532} INFO - Filling up the DagBag from /Users/sunanda/Downloads/python-demo/venv/lib/python3.9/site-packages/airflow/example_dags/plugins/listener_plugin.py
[2023-03-24T15:28:19.177-0400] {processor.py:755} WARNING - No viable dags retrieved from /Users/sunanda/Downloads/python-demo/venv/lib/python3.9/site-packages/airflow/example_dags/plugins/listener_plugin.py
[2023-03-24T15:28:19.445-0400] {processor.py:175} INFO - Processing /Users/sunanda/Downloads/python-demo/venv/lib/python3.9/site-packages/airflow/example_dags/plugins/listener_plugin.py took 0.276 seconds
[2023-03-24T15:29:08.246-0400] {processor.py:153} INFO - Started process (PID=27046) to work on /Users/sunanda/Downloads/python-demo/venv/lib/python3.9/site-packages/airflow/example_dags/plugins/listener_plugin.py
[2023-03-24T15:29:08.250-0400] {processor.py:743} INFO - Processing file /Users/sunanda/Downloads/python-demo/venv/lib/python3.9/site-packages/airflow/example_dags/plugins/listener_plugin.py for tasks to queue
[2023-03-24T15:29:08.250-0400] {logging_mixin.py:137} INFO - [2023-03-24T15:29:08.250-0400] {dagbag.py:532} INFO - Filling up the DagBag from /Users/sunanda/Downloads/python-demo/venv/lib/python3.9/site-packages/airflow/example_dags/plugins/listener_plugin.py
[2023-03-24T15:29:08.257-0400] {processor.py:755} WARNING - No viable dags retrieved from /Users/sunanda/Downloads/python-demo/venv/lib/python3.9/site-packages/airflow/example_dags/plugins/listener_plugin.py
[2023-03-24T15:29:08.566-0400] {processor.py:175} INFO - Processing /Users/sunanda/Downloads/python-demo/venv/lib/python3.9/site-packages/airflow/example_dags/plugins/listener_plugin.py took 0.321 seconds
[2023-03-24T15:30:02.709-0400] {processor.py:153} INFO - Started process (PID=27143) to work on /Users/sunanda/Downloads/python-demo/venv/lib/python3.9/site-packages/airflow/example_dags/plugins/listener_plugin.py
[2023-03-24T15:30:02.711-0400] {processor.py:743} INFO - Processing file /Users/sunanda/Downloads/python-demo/venv/lib/python3.9/site-packages/airflow/example_dags/plugins/listener_plugin.py for tasks to queue
[2023-03-24T15:30:02.712-0400] {logging_mixin.py:137} INFO - [2023-03-24T15:30:02.712-0400] {dagbag.py:532} INFO - Filling up the DagBag from /Users/sunanda/Downloads/python-demo/venv/lib/python3.9/site-packages/airflow/example_dags/plugins/listener_plugin.py
[2023-03-24T15:30:02.718-0400] {processor.py:755} WARNING - No viable dags retrieved from /Users/sunanda/Downloads/python-demo/venv/lib/python3.9/site-packages/airflow/example_dags/plugins/listener_plugin.py
[2023-03-24T15:30:03.003-0400] {processor.py:175} INFO - Processing /Users/sunanda/Downloads/python-demo/venv/lib/python3.9/site-packages/airflow/example_dags/plugins/listener_plugin.py took 0.294 seconds
