[2023-03-25T14:19:58.318-0400] {taskinstance.py:1084} INFO - Dependencies all met for dep_context=non-requeueable deps ti=<TaskInstance: api_dag.wait_for_file1 manual__2023-03-22T23:39:09.715241+00:00 [queued]>
[2023-03-25T14:19:58.322-0400] {taskinstance.py:1084} INFO - Dependencies all met for dep_context=requeueable deps ti=<TaskInstance: api_dag.wait_for_file1 manual__2023-03-22T23:39:09.715241+00:00 [queued]>
[2023-03-25T14:19:58.322-0400] {taskinstance.py:1282} INFO - 
--------------------------------------------------------------------------------
[2023-03-25T14:19:58.322-0400] {taskinstance.py:1283} INFO - Starting attempt 1 of 1
[2023-03-25T14:19:58.322-0400] {taskinstance.py:1284} INFO - 
--------------------------------------------------------------------------------
[2023-03-25T14:19:58.326-0400] {taskinstance.py:1303} INFO - Executing <Task(FileSensor): wait_for_file1> on 2023-03-22 23:39:09.715241+00:00
[2023-03-25T14:19:58.328-0400] {standard_task_runner.py:55} INFO - Started process 9138 to run task
[2023-03-25T14:19:58.330-0400] {standard_task_runner.py:82} INFO - Running: ['airflow', 'tasks', 'run', 'api_dag', 'wait_for_file1', 'manual__2023-03-22T23:39:09.715241+00:00', '--job-id', '102', '--raw', '--subdir', 'DAGS_FOLDER/weatherapi_test.py', '--cfg-path', '/var/folders/71/zhs_yc7n05l7c97rnhn92bb80000gn/T/tmpdsdsrcct']
[2023-03-25T14:19:58.331-0400] {standard_task_runner.py:83} INFO - Job 102: Subtask wait_for_file1
[2023-03-25T14:19:58.348-0400] {task_command.py:388} INFO - Running <TaskInstance: api_dag.wait_for_file1 manual__2023-03-22T23:39:09.715241+00:00 [running]> on host sunandas-laptop.hsd1.ga.comcast.net
[2023-03-25T14:19:58.366-0400] {taskinstance.py:1509} INFO - Exporting the following env vars:
AIRFLOW_CTX_DAG_OWNER=airflow
AIRFLOW_CTX_DAG_ID=api_dag
AIRFLOW_CTX_TASK_ID=wait_for_file1
AIRFLOW_CTX_EXECUTION_DATE=2023-03-22T23:39:09.715241+00:00
AIRFLOW_CTX_TRY_NUMBER=1
AIRFLOW_CTX_DAG_RUN_ID=manual__2023-03-22T23:39:09.715241+00:00
[2023-03-25T14:19:58.368-0400] {base.py:73} INFO - Using connection ID 'fs_default' for task execution.
[2023-03-25T14:19:58.368-0400] {filesystem.py:64} INFO - Poking for file /Users/sunanda/Downloads/airflow/georgia_cities_data.csv
[2023-03-25T14:19:58.369-0400] {filesystem.py:69} INFO - Found File /Users/sunanda/Downloads/airflow/georgia_cities_data.csv last modified: 20230322233449
[2023-03-25T14:19:58.369-0400] {base.py:228} INFO - Success criteria met. Exiting.
[2023-03-25T14:19:58.371-0400] {taskinstance.py:1321} INFO - Marking task as SUCCESS. dag_id=api_dag, task_id=wait_for_file1, execution_date=20230322T233909, start_date=20230325T181958, end_date=20230325T181958
[2023-03-25T14:19:58.392-0400] {local_task_job.py:212} INFO - Task exited with return code 0
[2023-03-25T14:19:58.398-0400] {taskinstance.py:2585} INFO - 0 downstream tasks scheduled from follow-on schedule check
