[2023-03-24T19:08:45.926-0400] {taskinstance.py:1083} INFO - Dependencies all met for <TaskInstance: api_dag.is_api_active scheduled__2023-03-22T00:00:00+00:00 [queued]>
[2023-03-24T19:08:45.931-0400] {taskinstance.py:1083} INFO - Dependencies all met for <TaskInstance: api_dag.is_api_active scheduled__2023-03-22T00:00:00+00:00 [queued]>
[2023-03-24T19:08:45.931-0400] {taskinstance.py:1279} INFO - 
--------------------------------------------------------------------------------
[2023-03-24T19:08:45.931-0400] {taskinstance.py:1280} INFO - Starting attempt 2 of 1
[2023-03-24T19:08:45.931-0400] {taskinstance.py:1281} INFO - 
--------------------------------------------------------------------------------
[2023-03-24T19:08:45.935-0400] {taskinstance.py:1300} INFO - Executing <Task(HttpSensor): is_api_active> on 2023-03-22 00:00:00+00:00
[2023-03-24T19:08:45.937-0400] {standard_task_runner.py:55} INFO - Started process 36111 to run task
[2023-03-24T19:08:45.940-0400] {standard_task_runner.py:82} INFO - Running: ['airflow', 'tasks', 'run', 'api_dag', 'is_api_active', 'scheduled__2023-03-22T00:00:00+00:00', '--job-id', '87', '--raw', '--subdir', 'DAGS_FOLDER/weatherapi_test.py', '--cfg-path', '/var/folders/71/zhs_yc7n05l7c97rnhn92bb80000gn/T/tmpq76gvvod']
[2023-03-24T19:08:45.940-0400] {standard_task_runner.py:83} INFO - Job 87: Subtask is_api_active
[2023-03-24T19:08:45.960-0400] {task_command.py:388} INFO - Running <TaskInstance: api_dag.is_api_active scheduled__2023-03-22T00:00:00+00:00 [running]> on host sunandas-laptop.hsd1.ga.comcast.net
[2023-03-24T19:08:45.978-0400] {taskinstance.py:1507} INFO - Exporting the following env vars:
AIRFLOW_CTX_DAG_OWNER=airflow
AIRFLOW_CTX_DAG_ID=api_dag
AIRFLOW_CTX_TASK_ID=is_api_active
AIRFLOW_CTX_EXECUTION_DATE=2023-03-22T00:00:00+00:00
AIRFLOW_CTX_TRY_NUMBER=2
AIRFLOW_CTX_DAG_RUN_ID=scheduled__2023-03-22T00:00:00+00:00
[2023-03-24T19:08:45.979-0400] {http.py:122} INFO - Poking: weather?q=Atlanta,Georgia,US&units=standard&appid=94ca56afa3eee20f7100985fdfe682aa
[2023-03-24T19:08:45.981-0400] {base.py:73} INFO - Using connection ID 'my_api_connection' for task execution.
