[2023-03-27T23:37:04.725-0400] {processor.py:153} INFO - Started process (PID=79100) to work on /Users/sunanda/Downloads/airflow/py_env/lib/python3.9/site-packages/airflow/example_dags/subdags/subdag.py
[2023-03-27T23:37:04.729-0400] {processor.py:743} INFO - Processing file /Users/sunanda/Downloads/airflow/py_env/lib/python3.9/site-packages/airflow/example_dags/subdags/subdag.py for tasks to queue
[2023-03-27T23:37:04.730-0400] {logging_mixin.py:137} INFO - [2023-03-27T23:37:04.729-0400] {dagbag.py:532} INFO - Filling up the DagBag from /Users/sunanda/Downloads/airflow/py_env/lib/python3.9/site-packages/airflow/example_dags/subdags/subdag.py
[2023-03-27T23:37:04.736-0400] {processor.py:755} WARNING - No viable dags retrieved from /Users/sunanda/Downloads/airflow/py_env/lib/python3.9/site-packages/airflow/example_dags/subdags/subdag.py
[2023-03-27T23:37:04.988-0400] {processor.py:175} INFO - Processing /Users/sunanda/Downloads/airflow/py_env/lib/python3.9/site-packages/airflow/example_dags/subdags/subdag.py took 0.264 seconds
[2023-03-27T23:38:29.784-0400] {processor.py:153} INFO - Started process (PID=79271) to work on /Users/sunanda/Downloads/airflow/py_env/lib/python3.9/site-packages/airflow/example_dags/subdags/subdag.py
[2023-03-27T23:38:29.789-0400] {processor.py:743} INFO - Processing file /Users/sunanda/Downloads/airflow/py_env/lib/python3.9/site-packages/airflow/example_dags/subdags/subdag.py for tasks to queue
[2023-03-27T23:38:29.790-0400] {logging_mixin.py:137} INFO - [2023-03-27T23:38:29.790-0400] {dagbag.py:532} INFO - Filling up the DagBag from /Users/sunanda/Downloads/airflow/py_env/lib/python3.9/site-packages/airflow/example_dags/subdags/subdag.py
[2023-03-27T23:38:29.802-0400] {processor.py:755} WARNING - No viable dags retrieved from /Users/sunanda/Downloads/airflow/py_env/lib/python3.9/site-packages/airflow/example_dags/subdags/subdag.py
[2023-03-27T23:38:30.062-0400] {processor.py:175} INFO - Processing /Users/sunanda/Downloads/airflow/py_env/lib/python3.9/site-packages/airflow/example_dags/subdags/subdag.py took 0.279 seconds
[2023-03-27T23:39:24.323-0400] {processor.py:153} INFO - Started process (PID=79364) to work on /Users/sunanda/Downloads/airflow/py_env/lib/python3.9/site-packages/airflow/example_dags/subdags/subdag.py
[2023-03-27T23:39:24.331-0400] {processor.py:743} INFO - Processing file /Users/sunanda/Downloads/airflow/py_env/lib/python3.9/site-packages/airflow/example_dags/subdags/subdag.py for tasks to queue
[2023-03-27T23:39:24.331-0400] {logging_mixin.py:137} INFO - [2023-03-27T23:39:24.331-0400] {dagbag.py:532} INFO - Filling up the DagBag from /Users/sunanda/Downloads/airflow/py_env/lib/python3.9/site-packages/airflow/example_dags/subdags/subdag.py
[2023-03-27T23:39:24.338-0400] {processor.py:755} WARNING - No viable dags retrieved from /Users/sunanda/Downloads/airflow/py_env/lib/python3.9/site-packages/airflow/example_dags/subdags/subdag.py
[2023-03-27T23:39:24.572-0400] {processor.py:175} INFO - Processing /Users/sunanda/Downloads/airflow/py_env/lib/python3.9/site-packages/airflow/example_dags/subdags/subdag.py took 0.250 seconds
[2023-03-27T23:40:19.818-0400] {processor.py:153} INFO - Started process (PID=79446) to work on /Users/sunanda/Downloads/airflow/py_env/lib/python3.9/site-packages/airflow/example_dags/subdags/subdag.py
[2023-03-27T23:40:19.826-0400] {processor.py:743} INFO - Processing file /Users/sunanda/Downloads/airflow/py_env/lib/python3.9/site-packages/airflow/example_dags/subdags/subdag.py for tasks to queue
[2023-03-27T23:40:19.826-0400] {logging_mixin.py:137} INFO - [2023-03-27T23:40:19.826-0400] {dagbag.py:532} INFO - Filling up the DagBag from /Users/sunanda/Downloads/airflow/py_env/lib/python3.9/site-packages/airflow/example_dags/subdags/subdag.py
[2023-03-27T23:40:19.833-0400] {processor.py:755} WARNING - No viable dags retrieved from /Users/sunanda/Downloads/airflow/py_env/lib/python3.9/site-packages/airflow/example_dags/subdags/subdag.py
[2023-03-27T23:40:20.055-0400] {processor.py:175} INFO - Processing /Users/sunanda/Downloads/airflow/py_env/lib/python3.9/site-packages/airflow/example_dags/subdags/subdag.py took 0.238 seconds
[2023-03-27T23:41:14.619-0400] {processor.py:153} INFO - Started process (PID=79567) to work on /Users/sunanda/Downloads/airflow/py_env/lib/python3.9/site-packages/airflow/example_dags/subdags/subdag.py
[2023-03-27T23:41:14.622-0400] {processor.py:743} INFO - Processing file /Users/sunanda/Downloads/airflow/py_env/lib/python3.9/site-packages/airflow/example_dags/subdags/subdag.py for tasks to queue
[2023-03-27T23:41:14.622-0400] {logging_mixin.py:137} INFO - [2023-03-27T23:41:14.622-0400] {dagbag.py:532} INFO - Filling up the DagBag from /Users/sunanda/Downloads/airflow/py_env/lib/python3.9/site-packages/airflow/example_dags/subdags/subdag.py
[2023-03-27T23:41:14.629-0400] {processor.py:755} WARNING - No viable dags retrieved from /Users/sunanda/Downloads/airflow/py_env/lib/python3.9/site-packages/airflow/example_dags/subdags/subdag.py
[2023-03-27T23:41:14.900-0400] {processor.py:175} INFO - Processing /Users/sunanda/Downloads/airflow/py_env/lib/python3.9/site-packages/airflow/example_dags/subdags/subdag.py took 0.283 seconds
[2023-03-27T23:54:15.967-0400] {processor.py:153} INFO - Started process (PID=80475) to work on /Users/sunanda/Downloads/airflow/py_env/lib/python3.9/site-packages/airflow/example_dags/subdags/subdag.py
[2023-03-27T23:54:15.971-0400] {processor.py:743} INFO - Processing file /Users/sunanda/Downloads/airflow/py_env/lib/python3.9/site-packages/airflow/example_dags/subdags/subdag.py for tasks to queue
[2023-03-27T23:54:15.972-0400] {logging_mixin.py:137} INFO - [2023-03-27T23:54:15.972-0400] {dagbag.py:532} INFO - Filling up the DagBag from /Users/sunanda/Downloads/airflow/py_env/lib/python3.9/site-packages/airflow/example_dags/subdags/subdag.py
[2023-03-27T23:54:15.978-0400] {processor.py:755} WARNING - No viable dags retrieved from /Users/sunanda/Downloads/airflow/py_env/lib/python3.9/site-packages/airflow/example_dags/subdags/subdag.py
[2023-03-27T23:54:16.282-0400] {processor.py:175} INFO - Processing /Users/sunanda/Downloads/airflow/py_env/lib/python3.9/site-packages/airflow/example_dags/subdags/subdag.py took 0.323 seconds
[2023-03-28T00:18:58.885-0400] {processor.py:153} INFO - Started process (PID=82402) to work on /Users/sunanda/Downloads/airflow/py_env/lib/python3.9/site-packages/airflow/example_dags/subdags/subdag.py
[2023-03-28T00:18:58.895-0400] {processor.py:743} INFO - Processing file /Users/sunanda/Downloads/airflow/py_env/lib/python3.9/site-packages/airflow/example_dags/subdags/subdag.py for tasks to queue
[2023-03-28T00:18:58.895-0400] {logging_mixin.py:137} INFO - [2023-03-28T00:18:58.895-0400] {dagbag.py:532} INFO - Filling up the DagBag from /Users/sunanda/Downloads/airflow/py_env/lib/python3.9/site-packages/airflow/example_dags/subdags/subdag.py
[2023-03-28T00:18:58.907-0400] {processor.py:755} WARNING - No viable dags retrieved from /Users/sunanda/Downloads/airflow/py_env/lib/python3.9/site-packages/airflow/example_dags/subdags/subdag.py
[2023-03-28T00:18:59.291-0400] {processor.py:175} INFO - Processing /Users/sunanda/Downloads/airflow/py_env/lib/python3.9/site-packages/airflow/example_dags/subdags/subdag.py took 0.407 seconds
[2023-03-28T00:21:14.697-0400] {processor.py:153} INFO - Started process (PID=82573) to work on /Users/sunanda/Downloads/airflow/py_env/lib/python3.9/site-packages/airflow/example_dags/subdags/subdag.py
[2023-03-28T00:21:14.710-0400] {processor.py:743} INFO - Processing file /Users/sunanda/Downloads/airflow/py_env/lib/python3.9/site-packages/airflow/example_dags/subdags/subdag.py for tasks to queue
[2023-03-28T00:21:14.710-0400] {logging_mixin.py:137} INFO - [2023-03-28T00:21:14.710-0400] {dagbag.py:532} INFO - Filling up the DagBag from /Users/sunanda/Downloads/airflow/py_env/lib/python3.9/site-packages/airflow/example_dags/subdags/subdag.py
[2023-03-28T00:21:14.749-0400] {processor.py:755} WARNING - No viable dags retrieved from /Users/sunanda/Downloads/airflow/py_env/lib/python3.9/site-packages/airflow/example_dags/subdags/subdag.py
[2023-03-28T00:21:15.113-0400] {processor.py:175} INFO - Processing /Users/sunanda/Downloads/airflow/py_env/lib/python3.9/site-packages/airflow/example_dags/subdags/subdag.py took 0.417 seconds
[2023-03-28T00:22:51.932-0400] {processor.py:153} INFO - Started process (PID=82728) to work on /Users/sunanda/Downloads/airflow/py_env/lib/python3.9/site-packages/airflow/example_dags/subdags/subdag.py
[2023-03-28T00:22:51.938-0400] {processor.py:743} INFO - Processing file /Users/sunanda/Downloads/airflow/py_env/lib/python3.9/site-packages/airflow/example_dags/subdags/subdag.py for tasks to queue
[2023-03-28T00:22:51.938-0400] {logging_mixin.py:137} INFO - [2023-03-28T00:22:51.938-0400] {dagbag.py:532} INFO - Filling up the DagBag from /Users/sunanda/Downloads/airflow/py_env/lib/python3.9/site-packages/airflow/example_dags/subdags/subdag.py
[2023-03-28T00:22:51.949-0400] {processor.py:755} WARNING - No viable dags retrieved from /Users/sunanda/Downloads/airflow/py_env/lib/python3.9/site-packages/airflow/example_dags/subdags/subdag.py
[2023-03-28T00:22:52.317-0400] {processor.py:175} INFO - Processing /Users/sunanda/Downloads/airflow/py_env/lib/python3.9/site-packages/airflow/example_dags/subdags/subdag.py took 0.385 seconds
[2023-03-28T00:24:27.121-0400] {processor.py:153} INFO - Started process (PID=82842) to work on /Users/sunanda/Downloads/airflow/py_env/lib/python3.9/site-packages/airflow/example_dags/subdags/subdag.py
[2023-03-28T00:24:27.127-0400] {processor.py:743} INFO - Processing file /Users/sunanda/Downloads/airflow/py_env/lib/python3.9/site-packages/airflow/example_dags/subdags/subdag.py for tasks to queue
[2023-03-28T00:24:27.127-0400] {logging_mixin.py:137} INFO - [2023-03-28T00:24:27.127-0400] {dagbag.py:532} INFO - Filling up the DagBag from /Users/sunanda/Downloads/airflow/py_env/lib/python3.9/site-packages/airflow/example_dags/subdags/subdag.py
[2023-03-28T00:24:27.136-0400] {processor.py:755} WARNING - No viable dags retrieved from /Users/sunanda/Downloads/airflow/py_env/lib/python3.9/site-packages/airflow/example_dags/subdags/subdag.py
[2023-03-28T00:24:27.470-0400] {processor.py:175} INFO - Processing /Users/sunanda/Downloads/airflow/py_env/lib/python3.9/site-packages/airflow/example_dags/subdags/subdag.py took 0.350 seconds
[2023-03-28T10:07:19.896-0400] {processor.py:153} INFO - Started process (PID=90985) to work on /Users/sunanda/Downloads/airflow/py_env/lib/python3.9/site-packages/airflow/example_dags/subdags/subdag.py
[2023-03-28T10:07:19.903-0400] {processor.py:743} INFO - Processing file /Users/sunanda/Downloads/airflow/py_env/lib/python3.9/site-packages/airflow/example_dags/subdags/subdag.py for tasks to queue
[2023-03-28T10:07:19.904-0400] {logging_mixin.py:137} INFO - [2023-03-28T10:07:19.904-0400] {dagbag.py:532} INFO - Filling up the DagBag from /Users/sunanda/Downloads/airflow/py_env/lib/python3.9/site-packages/airflow/example_dags/subdags/subdag.py
[2023-03-28T10:07:19.942-0400] {processor.py:755} WARNING - No viable dags retrieved from /Users/sunanda/Downloads/airflow/py_env/lib/python3.9/site-packages/airflow/example_dags/subdags/subdag.py
[2023-03-28T10:07:20.513-0400] {processor.py:175} INFO - Processing /Users/sunanda/Downloads/airflow/py_env/lib/python3.9/site-packages/airflow/example_dags/subdags/subdag.py took 0.618 seconds
[2023-03-28T10:09:32.327-0400] {processor.py:153} INFO - Started process (PID=91197) to work on /Users/sunanda/Downloads/airflow/py_env/lib/python3.9/site-packages/airflow/example_dags/subdags/subdag.py
[2023-03-28T10:09:32.340-0400] {processor.py:743} INFO - Processing file /Users/sunanda/Downloads/airflow/py_env/lib/python3.9/site-packages/airflow/example_dags/subdags/subdag.py for tasks to queue
[2023-03-28T10:09:32.340-0400] {logging_mixin.py:137} INFO - [2023-03-28T10:09:32.340-0400] {dagbag.py:532} INFO - Filling up the DagBag from /Users/sunanda/Downloads/airflow/py_env/lib/python3.9/site-packages/airflow/example_dags/subdags/subdag.py
[2023-03-28T10:09:32.351-0400] {processor.py:755} WARNING - No viable dags retrieved from /Users/sunanda/Downloads/airflow/py_env/lib/python3.9/site-packages/airflow/example_dags/subdags/subdag.py
[2023-03-28T10:09:33.038-0400] {processor.py:175} INFO - Processing /Users/sunanda/Downloads/airflow/py_env/lib/python3.9/site-packages/airflow/example_dags/subdags/subdag.py took 0.714 seconds
[2023-03-28T10:12:22.764-0400] {processor.py:153} INFO - Started process (PID=91411) to work on /Users/sunanda/Downloads/airflow/py_env/lib/python3.9/site-packages/airflow/example_dags/subdags/subdag.py
[2023-03-28T10:12:22.813-0400] {processor.py:743} INFO - Processing file /Users/sunanda/Downloads/airflow/py_env/lib/python3.9/site-packages/airflow/example_dags/subdags/subdag.py for tasks to queue
[2023-03-28T10:12:22.814-0400] {logging_mixin.py:137} INFO - [2023-03-28T10:12:22.814-0400] {dagbag.py:532} INFO - Filling up the DagBag from /Users/sunanda/Downloads/airflow/py_env/lib/python3.9/site-packages/airflow/example_dags/subdags/subdag.py
[2023-03-28T10:12:22.821-0400] {processor.py:755} WARNING - No viable dags retrieved from /Users/sunanda/Downloads/airflow/py_env/lib/python3.9/site-packages/airflow/example_dags/subdags/subdag.py
[2023-03-28T10:12:23.382-0400] {processor.py:175} INFO - Processing /Users/sunanda/Downloads/airflow/py_env/lib/python3.9/site-packages/airflow/example_dags/subdags/subdag.py took 0.618 seconds
[2023-03-28T10:14:43.149-0400] {processor.py:153} INFO - Started process (PID=91594) to work on /Users/sunanda/Downloads/airflow/py_env/lib/python3.9/site-packages/airflow/example_dags/subdags/subdag.py
[2023-03-28T10:14:43.154-0400] {processor.py:743} INFO - Processing file /Users/sunanda/Downloads/airflow/py_env/lib/python3.9/site-packages/airflow/example_dags/subdags/subdag.py for tasks to queue
[2023-03-28T10:14:43.155-0400] {logging_mixin.py:137} INFO - [2023-03-28T10:14:43.155-0400] {dagbag.py:532} INFO - Filling up the DagBag from /Users/sunanda/Downloads/airflow/py_env/lib/python3.9/site-packages/airflow/example_dags/subdags/subdag.py
[2023-03-28T10:14:43.172-0400] {processor.py:755} WARNING - No viable dags retrieved from /Users/sunanda/Downloads/airflow/py_env/lib/python3.9/site-packages/airflow/example_dags/subdags/subdag.py
[2023-03-28T10:14:43.752-0400] {processor.py:175} INFO - Processing /Users/sunanda/Downloads/airflow/py_env/lib/python3.9/site-packages/airflow/example_dags/subdags/subdag.py took 0.603 seconds
[2023-03-28T10:17:01.836-0400] {processor.py:153} INFO - Started process (PID=91765) to work on /Users/sunanda/Downloads/airflow/py_env/lib/python3.9/site-packages/airflow/example_dags/subdags/subdag.py
[2023-03-28T10:17:01.838-0400] {processor.py:743} INFO - Processing file /Users/sunanda/Downloads/airflow/py_env/lib/python3.9/site-packages/airflow/example_dags/subdags/subdag.py for tasks to queue
[2023-03-28T10:17:01.838-0400] {logging_mixin.py:137} INFO - [2023-03-28T10:17:01.838-0400] {dagbag.py:532} INFO - Filling up the DagBag from /Users/sunanda/Downloads/airflow/py_env/lib/python3.9/site-packages/airflow/example_dags/subdags/subdag.py
[2023-03-28T10:17:01.845-0400] {processor.py:755} WARNING - No viable dags retrieved from /Users/sunanda/Downloads/airflow/py_env/lib/python3.9/site-packages/airflow/example_dags/subdags/subdag.py
[2023-03-28T10:17:02.498-0400] {processor.py:175} INFO - Processing /Users/sunanda/Downloads/airflow/py_env/lib/python3.9/site-packages/airflow/example_dags/subdags/subdag.py took 0.662 seconds
[2023-03-28T10:19:11.290-0400] {processor.py:153} INFO - Started process (PID=91940) to work on /Users/sunanda/Downloads/airflow/py_env/lib/python3.9/site-packages/airflow/example_dags/subdags/subdag.py
[2023-03-28T10:19:11.294-0400] {processor.py:743} INFO - Processing file /Users/sunanda/Downloads/airflow/py_env/lib/python3.9/site-packages/airflow/example_dags/subdags/subdag.py for tasks to queue
[2023-03-28T10:19:11.294-0400] {logging_mixin.py:137} INFO - [2023-03-28T10:19:11.294-0400] {dagbag.py:532} INFO - Filling up the DagBag from /Users/sunanda/Downloads/airflow/py_env/lib/python3.9/site-packages/airflow/example_dags/subdags/subdag.py
[2023-03-28T10:19:11.300-0400] {processor.py:755} WARNING - No viable dags retrieved from /Users/sunanda/Downloads/airflow/py_env/lib/python3.9/site-packages/airflow/example_dags/subdags/subdag.py
[2023-03-28T10:19:11.736-0400] {processor.py:175} INFO - Processing /Users/sunanda/Downloads/airflow/py_env/lib/python3.9/site-packages/airflow/example_dags/subdags/subdag.py took 0.446 seconds
[2023-03-28T10:21:11.344-0400] {processor.py:153} INFO - Started process (PID=92139) to work on /Users/sunanda/Downloads/airflow/py_env/lib/python3.9/site-packages/airflow/example_dags/subdags/subdag.py
[2023-03-28T10:21:11.347-0400] {processor.py:743} INFO - Processing file /Users/sunanda/Downloads/airflow/py_env/lib/python3.9/site-packages/airflow/example_dags/subdags/subdag.py for tasks to queue
[2023-03-28T10:21:11.349-0400] {logging_mixin.py:137} INFO - [2023-03-28T10:21:11.348-0400] {dagbag.py:532} INFO - Filling up the DagBag from /Users/sunanda/Downloads/airflow/py_env/lib/python3.9/site-packages/airflow/example_dags/subdags/subdag.py
[2023-03-28T10:21:11.356-0400] {processor.py:755} WARNING - No viable dags retrieved from /Users/sunanda/Downloads/airflow/py_env/lib/python3.9/site-packages/airflow/example_dags/subdags/subdag.py
[2023-03-28T10:21:11.946-0400] {processor.py:175} INFO - Processing /Users/sunanda/Downloads/airflow/py_env/lib/python3.9/site-packages/airflow/example_dags/subdags/subdag.py took 0.602 seconds
[2023-03-28T10:23:15.570-0400] {processor.py:153} INFO - Started process (PID=92293) to work on /Users/sunanda/Downloads/airflow/py_env/lib/python3.9/site-packages/airflow/example_dags/subdags/subdag.py
[2023-03-28T10:23:15.578-0400] {processor.py:743} INFO - Processing file /Users/sunanda/Downloads/airflow/py_env/lib/python3.9/site-packages/airflow/example_dags/subdags/subdag.py for tasks to queue
[2023-03-28T10:23:15.578-0400] {logging_mixin.py:137} INFO - [2023-03-28T10:23:15.578-0400] {dagbag.py:532} INFO - Filling up the DagBag from /Users/sunanda/Downloads/airflow/py_env/lib/python3.9/site-packages/airflow/example_dags/subdags/subdag.py
[2023-03-28T10:23:15.584-0400] {processor.py:755} WARNING - No viable dags retrieved from /Users/sunanda/Downloads/airflow/py_env/lib/python3.9/site-packages/airflow/example_dags/subdags/subdag.py
[2023-03-28T10:23:16.083-0400] {processor.py:175} INFO - Processing /Users/sunanda/Downloads/airflow/py_env/lib/python3.9/site-packages/airflow/example_dags/subdags/subdag.py took 0.514 seconds
[2023-03-28T10:25:20.662-0400] {processor.py:153} INFO - Started process (PID=92552) to work on /Users/sunanda/Downloads/airflow/py_env/lib/python3.9/site-packages/airflow/example_dags/subdags/subdag.py
[2023-03-28T10:25:20.665-0400] {processor.py:743} INFO - Processing file /Users/sunanda/Downloads/airflow/py_env/lib/python3.9/site-packages/airflow/example_dags/subdags/subdag.py for tasks to queue
[2023-03-28T10:25:20.665-0400] {logging_mixin.py:137} INFO - [2023-03-28T10:25:20.665-0400] {dagbag.py:532} INFO - Filling up the DagBag from /Users/sunanda/Downloads/airflow/py_env/lib/python3.9/site-packages/airflow/example_dags/subdags/subdag.py
[2023-03-28T10:25:20.672-0400] {processor.py:755} WARNING - No viable dags retrieved from /Users/sunanda/Downloads/airflow/py_env/lib/python3.9/site-packages/airflow/example_dags/subdags/subdag.py
[2023-03-28T10:25:21.574-0400] {processor.py:175} INFO - Processing /Users/sunanda/Downloads/airflow/py_env/lib/python3.9/site-packages/airflow/example_dags/subdags/subdag.py took 0.912 seconds
[2023-03-28T10:27:34.479-0400] {processor.py:153} INFO - Started process (PID=92762) to work on /Users/sunanda/Downloads/airflow/py_env/lib/python3.9/site-packages/airflow/example_dags/subdags/subdag.py
[2023-03-28T10:27:34.482-0400] {processor.py:743} INFO - Processing file /Users/sunanda/Downloads/airflow/py_env/lib/python3.9/site-packages/airflow/example_dags/subdags/subdag.py for tasks to queue
[2023-03-28T10:27:34.482-0400] {logging_mixin.py:137} INFO - [2023-03-28T10:27:34.482-0400] {dagbag.py:532} INFO - Filling up the DagBag from /Users/sunanda/Downloads/airflow/py_env/lib/python3.9/site-packages/airflow/example_dags/subdags/subdag.py
[2023-03-28T10:27:34.492-0400] {processor.py:755} WARNING - No viable dags retrieved from /Users/sunanda/Downloads/airflow/py_env/lib/python3.9/site-packages/airflow/example_dags/subdags/subdag.py
[2023-03-28T10:27:34.998-0400] {processor.py:175} INFO - Processing /Users/sunanda/Downloads/airflow/py_env/lib/python3.9/site-packages/airflow/example_dags/subdags/subdag.py took 0.538 seconds
[2023-03-28T10:29:49.961-0400] {processor.py:153} INFO - Started process (PID=93037) to work on /Users/sunanda/Downloads/airflow/py_env/lib/python3.9/site-packages/airflow/example_dags/subdags/subdag.py
[2023-03-28T10:29:49.964-0400] {processor.py:743} INFO - Processing file /Users/sunanda/Downloads/airflow/py_env/lib/python3.9/site-packages/airflow/example_dags/subdags/subdag.py for tasks to queue
[2023-03-28T10:29:49.965-0400] {logging_mixin.py:137} INFO - [2023-03-28T10:29:49.965-0400] {dagbag.py:532} INFO - Filling up the DagBag from /Users/sunanda/Downloads/airflow/py_env/lib/python3.9/site-packages/airflow/example_dags/subdags/subdag.py
[2023-03-28T10:29:49.972-0400] {processor.py:755} WARNING - No viable dags retrieved from /Users/sunanda/Downloads/airflow/py_env/lib/python3.9/site-packages/airflow/example_dags/subdags/subdag.py
[2023-03-28T10:29:50.509-0400] {processor.py:175} INFO - Processing /Users/sunanda/Downloads/airflow/py_env/lib/python3.9/site-packages/airflow/example_dags/subdags/subdag.py took 0.548 seconds
[2023-03-28T10:31:53.655-0400] {processor.py:153} INFO - Started process (PID=93263) to work on /Users/sunanda/Downloads/airflow/py_env/lib/python3.9/site-packages/airflow/example_dags/subdags/subdag.py
[2023-03-28T10:31:53.658-0400] {processor.py:743} INFO - Processing file /Users/sunanda/Downloads/airflow/py_env/lib/python3.9/site-packages/airflow/example_dags/subdags/subdag.py for tasks to queue
[2023-03-28T10:31:53.658-0400] {logging_mixin.py:137} INFO - [2023-03-28T10:31:53.658-0400] {dagbag.py:532} INFO - Filling up the DagBag from /Users/sunanda/Downloads/airflow/py_env/lib/python3.9/site-packages/airflow/example_dags/subdags/subdag.py
[2023-03-28T10:31:53.686-0400] {processor.py:755} WARNING - No viable dags retrieved from /Users/sunanda/Downloads/airflow/py_env/lib/python3.9/site-packages/airflow/example_dags/subdags/subdag.py
[2023-03-28T10:31:54.392-0400] {processor.py:175} INFO - Processing /Users/sunanda/Downloads/airflow/py_env/lib/python3.9/site-packages/airflow/example_dags/subdags/subdag.py took 0.739 seconds
[2023-03-28T10:33:54.033-0400] {processor.py:153} INFO - Started process (PID=93418) to work on /Users/sunanda/Downloads/airflow/py_env/lib/python3.9/site-packages/airflow/example_dags/subdags/subdag.py
[2023-03-28T10:33:54.036-0400] {processor.py:743} INFO - Processing file /Users/sunanda/Downloads/airflow/py_env/lib/python3.9/site-packages/airflow/example_dags/subdags/subdag.py for tasks to queue
[2023-03-28T10:33:54.036-0400] {logging_mixin.py:137} INFO - [2023-03-28T10:33:54.036-0400] {dagbag.py:532} INFO - Filling up the DagBag from /Users/sunanda/Downloads/airflow/py_env/lib/python3.9/site-packages/airflow/example_dags/subdags/subdag.py
[2023-03-28T10:33:54.046-0400] {processor.py:755} WARNING - No viable dags retrieved from /Users/sunanda/Downloads/airflow/py_env/lib/python3.9/site-packages/airflow/example_dags/subdags/subdag.py
[2023-03-28T10:33:54.553-0400] {processor.py:175} INFO - Processing /Users/sunanda/Downloads/airflow/py_env/lib/python3.9/site-packages/airflow/example_dags/subdags/subdag.py took 0.520 seconds
[2023-03-28T10:35:54.338-0400] {processor.py:153} INFO - Started process (PID=93647) to work on /Users/sunanda/Downloads/airflow/py_env/lib/python3.9/site-packages/airflow/example_dags/subdags/subdag.py
[2023-03-28T10:35:54.346-0400] {processor.py:743} INFO - Processing file /Users/sunanda/Downloads/airflow/py_env/lib/python3.9/site-packages/airflow/example_dags/subdags/subdag.py for tasks to queue
[2023-03-28T10:35:54.347-0400] {logging_mixin.py:137} INFO - [2023-03-28T10:35:54.347-0400] {dagbag.py:532} INFO - Filling up the DagBag from /Users/sunanda/Downloads/airflow/py_env/lib/python3.9/site-packages/airflow/example_dags/subdags/subdag.py
[2023-03-28T10:35:54.366-0400] {processor.py:755} WARNING - No viable dags retrieved from /Users/sunanda/Downloads/airflow/py_env/lib/python3.9/site-packages/airflow/example_dags/subdags/subdag.py
[2023-03-28T10:35:55.103-0400] {processor.py:175} INFO - Processing /Users/sunanda/Downloads/airflow/py_env/lib/python3.9/site-packages/airflow/example_dags/subdags/subdag.py took 0.767 seconds
[2023-03-28T10:38:15.561-0400] {processor.py:153} INFO - Started process (PID=95203) to work on /Users/sunanda/Downloads/airflow/py_env/lib/python3.9/site-packages/airflow/example_dags/subdags/subdag.py
[2023-03-28T10:38:15.563-0400] {processor.py:743} INFO - Processing file /Users/sunanda/Downloads/airflow/py_env/lib/python3.9/site-packages/airflow/example_dags/subdags/subdag.py for tasks to queue
[2023-03-28T10:38:15.563-0400] {logging_mixin.py:137} INFO - [2023-03-28T10:38:15.563-0400] {dagbag.py:532} INFO - Filling up the DagBag from /Users/sunanda/Downloads/airflow/py_env/lib/python3.9/site-packages/airflow/example_dags/subdags/subdag.py
[2023-03-28T10:38:15.575-0400] {processor.py:755} WARNING - No viable dags retrieved from /Users/sunanda/Downloads/airflow/py_env/lib/python3.9/site-packages/airflow/example_dags/subdags/subdag.py
[2023-03-28T10:38:16.533-0400] {processor.py:175} INFO - Processing /Users/sunanda/Downloads/airflow/py_env/lib/python3.9/site-packages/airflow/example_dags/subdags/subdag.py took 0.973 seconds
[2023-03-28T10:40:41.375-0400] {processor.py:153} INFO - Started process (PID=95486) to work on /Users/sunanda/Downloads/airflow/py_env/lib/python3.9/site-packages/airflow/example_dags/subdags/subdag.py
[2023-03-28T10:40:41.385-0400] {processor.py:743} INFO - Processing file /Users/sunanda/Downloads/airflow/py_env/lib/python3.9/site-packages/airflow/example_dags/subdags/subdag.py for tasks to queue
[2023-03-28T10:40:41.386-0400] {logging_mixin.py:137} INFO - [2023-03-28T10:40:41.386-0400] {dagbag.py:532} INFO - Filling up the DagBag from /Users/sunanda/Downloads/airflow/py_env/lib/python3.9/site-packages/airflow/example_dags/subdags/subdag.py
[2023-03-28T10:40:41.393-0400] {processor.py:755} WARNING - No viable dags retrieved from /Users/sunanda/Downloads/airflow/py_env/lib/python3.9/site-packages/airflow/example_dags/subdags/subdag.py
[2023-03-28T10:40:41.884-0400] {processor.py:175} INFO - Processing /Users/sunanda/Downloads/airflow/py_env/lib/python3.9/site-packages/airflow/example_dags/subdags/subdag.py took 0.514 seconds
[2023-03-28T10:42:47.015-0400] {processor.py:153} INFO - Started process (PID=95720) to work on /Users/sunanda/Downloads/airflow/py_env/lib/python3.9/site-packages/airflow/example_dags/subdags/subdag.py
[2023-03-28T10:42:47.017-0400] {processor.py:743} INFO - Processing file /Users/sunanda/Downloads/airflow/py_env/lib/python3.9/site-packages/airflow/example_dags/subdags/subdag.py for tasks to queue
[2023-03-28T10:42:47.018-0400] {logging_mixin.py:137} INFO - [2023-03-28T10:42:47.018-0400] {dagbag.py:532} INFO - Filling up the DagBag from /Users/sunanda/Downloads/airflow/py_env/lib/python3.9/site-packages/airflow/example_dags/subdags/subdag.py
[2023-03-28T10:42:47.024-0400] {processor.py:755} WARNING - No viable dags retrieved from /Users/sunanda/Downloads/airflow/py_env/lib/python3.9/site-packages/airflow/example_dags/subdags/subdag.py
[2023-03-28T10:42:47.502-0400] {processor.py:175} INFO - Processing /Users/sunanda/Downloads/airflow/py_env/lib/python3.9/site-packages/airflow/example_dags/subdags/subdag.py took 0.488 seconds
[2023-03-28T10:44:42.705-0400] {processor.py:153} INFO - Started process (PID=95971) to work on /Users/sunanda/Downloads/airflow/py_env/lib/python3.9/site-packages/airflow/example_dags/subdags/subdag.py
[2023-03-28T10:44:42.708-0400] {processor.py:743} INFO - Processing file /Users/sunanda/Downloads/airflow/py_env/lib/python3.9/site-packages/airflow/example_dags/subdags/subdag.py for tasks to queue
[2023-03-28T10:44:42.708-0400] {logging_mixin.py:137} INFO - [2023-03-28T10:44:42.708-0400] {dagbag.py:532} INFO - Filling up the DagBag from /Users/sunanda/Downloads/airflow/py_env/lib/python3.9/site-packages/airflow/example_dags/subdags/subdag.py
[2023-03-28T10:44:42.714-0400] {processor.py:755} WARNING - No viable dags retrieved from /Users/sunanda/Downloads/airflow/py_env/lib/python3.9/site-packages/airflow/example_dags/subdags/subdag.py
[2023-03-28T10:44:43.390-0400] {processor.py:175} INFO - Processing /Users/sunanda/Downloads/airflow/py_env/lib/python3.9/site-packages/airflow/example_dags/subdags/subdag.py took 0.685 seconds
[2023-03-28T10:46:42.831-0400] {processor.py:153} INFO - Started process (PID=96210) to work on /Users/sunanda/Downloads/airflow/py_env/lib/python3.9/site-packages/airflow/example_dags/subdags/subdag.py
[2023-03-28T10:46:42.833-0400] {processor.py:743} INFO - Processing file /Users/sunanda/Downloads/airflow/py_env/lib/python3.9/site-packages/airflow/example_dags/subdags/subdag.py for tasks to queue
[2023-03-28T10:46:42.834-0400] {logging_mixin.py:137} INFO - [2023-03-28T10:46:42.834-0400] {dagbag.py:532} INFO - Filling up the DagBag from /Users/sunanda/Downloads/airflow/py_env/lib/python3.9/site-packages/airflow/example_dags/subdags/subdag.py
[2023-03-28T10:46:42.840-0400] {processor.py:755} WARNING - No viable dags retrieved from /Users/sunanda/Downloads/airflow/py_env/lib/python3.9/site-packages/airflow/example_dags/subdags/subdag.py
[2023-03-28T10:46:43.547-0400] {processor.py:175} INFO - Processing /Users/sunanda/Downloads/airflow/py_env/lib/python3.9/site-packages/airflow/example_dags/subdags/subdag.py took 0.717 seconds
[2023-03-28T10:48:50.167-0400] {processor.py:153} INFO - Started process (PID=96515) to work on /Users/sunanda/Downloads/airflow/py_env/lib/python3.9/site-packages/airflow/example_dags/subdags/subdag.py
[2023-03-28T10:48:50.172-0400] {processor.py:743} INFO - Processing file /Users/sunanda/Downloads/airflow/py_env/lib/python3.9/site-packages/airflow/example_dags/subdags/subdag.py for tasks to queue
[2023-03-28T10:48:50.172-0400] {logging_mixin.py:137} INFO - [2023-03-28T10:48:50.172-0400] {dagbag.py:532} INFO - Filling up the DagBag from /Users/sunanda/Downloads/airflow/py_env/lib/python3.9/site-packages/airflow/example_dags/subdags/subdag.py
[2023-03-28T10:48:50.178-0400] {processor.py:755} WARNING - No viable dags retrieved from /Users/sunanda/Downloads/airflow/py_env/lib/python3.9/site-packages/airflow/example_dags/subdags/subdag.py
[2023-03-28T10:48:50.641-0400] {processor.py:175} INFO - Processing /Users/sunanda/Downloads/airflow/py_env/lib/python3.9/site-packages/airflow/example_dags/subdags/subdag.py took 0.474 seconds
[2023-03-28T10:50:54.758-0400] {processor.py:153} INFO - Started process (PID=96696) to work on /Users/sunanda/Downloads/airflow/py_env/lib/python3.9/site-packages/airflow/example_dags/subdags/subdag.py
[2023-03-28T10:50:54.770-0400] {processor.py:743} INFO - Processing file /Users/sunanda/Downloads/airflow/py_env/lib/python3.9/site-packages/airflow/example_dags/subdags/subdag.py for tasks to queue
[2023-03-28T10:50:54.771-0400] {logging_mixin.py:137} INFO - [2023-03-28T10:50:54.771-0400] {dagbag.py:532} INFO - Filling up the DagBag from /Users/sunanda/Downloads/airflow/py_env/lib/python3.9/site-packages/airflow/example_dags/subdags/subdag.py
[2023-03-28T10:50:54.782-0400] {processor.py:755} WARNING - No viable dags retrieved from /Users/sunanda/Downloads/airflow/py_env/lib/python3.9/site-packages/airflow/example_dags/subdags/subdag.py
[2023-03-28T10:50:55.547-0400] {processor.py:175} INFO - Processing /Users/sunanda/Downloads/airflow/py_env/lib/python3.9/site-packages/airflow/example_dags/subdags/subdag.py took 0.789 seconds
[2023-03-28T10:53:02.447-0400] {processor.py:153} INFO - Started process (PID=96962) to work on /Users/sunanda/Downloads/airflow/py_env/lib/python3.9/site-packages/airflow/example_dags/subdags/subdag.py
[2023-03-28T10:53:02.450-0400] {processor.py:743} INFO - Processing file /Users/sunanda/Downloads/airflow/py_env/lib/python3.9/site-packages/airflow/example_dags/subdags/subdag.py for tasks to queue
[2023-03-28T10:53:02.450-0400] {logging_mixin.py:137} INFO - [2023-03-28T10:53:02.450-0400] {dagbag.py:532} INFO - Filling up the DagBag from /Users/sunanda/Downloads/airflow/py_env/lib/python3.9/site-packages/airflow/example_dags/subdags/subdag.py
[2023-03-28T10:53:02.458-0400] {processor.py:755} WARNING - No viable dags retrieved from /Users/sunanda/Downloads/airflow/py_env/lib/python3.9/site-packages/airflow/example_dags/subdags/subdag.py
[2023-03-28T10:53:02.920-0400] {processor.py:175} INFO - Processing /Users/sunanda/Downloads/airflow/py_env/lib/python3.9/site-packages/airflow/example_dags/subdags/subdag.py took 0.476 seconds
[2023-03-28T10:54:41.783-0400] {processor.py:153} INFO - Started process (PID=97100) to work on /Users/sunanda/Downloads/airflow/py_env/lib/python3.9/site-packages/airflow/example_dags/subdags/subdag.py
[2023-03-28T10:54:41.788-0400] {processor.py:743} INFO - Processing file /Users/sunanda/Downloads/airflow/py_env/lib/python3.9/site-packages/airflow/example_dags/subdags/subdag.py for tasks to queue
[2023-03-28T10:54:41.788-0400] {logging_mixin.py:137} INFO - [2023-03-28T10:54:41.788-0400] {dagbag.py:532} INFO - Filling up the DagBag from /Users/sunanda/Downloads/airflow/py_env/lib/python3.9/site-packages/airflow/example_dags/subdags/subdag.py
[2023-03-28T10:54:41.819-0400] {processor.py:755} WARNING - No viable dags retrieved from /Users/sunanda/Downloads/airflow/py_env/lib/python3.9/site-packages/airflow/example_dags/subdags/subdag.py
[2023-03-28T10:54:42.263-0400] {processor.py:175} INFO - Processing /Users/sunanda/Downloads/airflow/py_env/lib/python3.9/site-packages/airflow/example_dags/subdags/subdag.py took 0.480 seconds
[2023-03-28T10:56:31.878-0400] {processor.py:153} INFO - Started process (PID=97246) to work on /Users/sunanda/Downloads/airflow/py_env/lib/python3.9/site-packages/airflow/example_dags/subdags/subdag.py
[2023-03-28T10:56:31.885-0400] {processor.py:743} INFO - Processing file /Users/sunanda/Downloads/airflow/py_env/lib/python3.9/site-packages/airflow/example_dags/subdags/subdag.py for tasks to queue
[2023-03-28T10:56:31.886-0400] {logging_mixin.py:137} INFO - [2023-03-28T10:56:31.886-0400] {dagbag.py:532} INFO - Filling up the DagBag from /Users/sunanda/Downloads/airflow/py_env/lib/python3.9/site-packages/airflow/example_dags/subdags/subdag.py
[2023-03-28T10:56:31.900-0400] {processor.py:755} WARNING - No viable dags retrieved from /Users/sunanda/Downloads/airflow/py_env/lib/python3.9/site-packages/airflow/example_dags/subdags/subdag.py
[2023-03-28T10:56:32.484-0400] {processor.py:175} INFO - Processing /Users/sunanda/Downloads/airflow/py_env/lib/python3.9/site-packages/airflow/example_dags/subdags/subdag.py took 0.631 seconds
[2023-03-28T10:58:21.995-0400] {processor.py:153} INFO - Started process (PID=97529) to work on /Users/sunanda/Downloads/airflow/py_env/lib/python3.9/site-packages/airflow/example_dags/subdags/subdag.py
[2023-03-28T10:58:21.999-0400] {processor.py:743} INFO - Processing file /Users/sunanda/Downloads/airflow/py_env/lib/python3.9/site-packages/airflow/example_dags/subdags/subdag.py for tasks to queue
[2023-03-28T10:58:21.999-0400] {logging_mixin.py:137} INFO - [2023-03-28T10:58:21.999-0400] {dagbag.py:532} INFO - Filling up the DagBag from /Users/sunanda/Downloads/airflow/py_env/lib/python3.9/site-packages/airflow/example_dags/subdags/subdag.py
[2023-03-28T10:58:22.006-0400] {processor.py:755} WARNING - No viable dags retrieved from /Users/sunanda/Downloads/airflow/py_env/lib/python3.9/site-packages/airflow/example_dags/subdags/subdag.py
[2023-03-28T10:58:22.828-0400] {processor.py:175} INFO - Processing /Users/sunanda/Downloads/airflow/py_env/lib/python3.9/site-packages/airflow/example_dags/subdags/subdag.py took 0.834 seconds
[2023-03-28T11:00:16.152-0400] {processor.py:153} INFO - Started process (PID=97735) to work on /Users/sunanda/Downloads/airflow/py_env/lib/python3.9/site-packages/airflow/example_dags/subdags/subdag.py
[2023-03-28T11:00:16.155-0400] {processor.py:743} INFO - Processing file /Users/sunanda/Downloads/airflow/py_env/lib/python3.9/site-packages/airflow/example_dags/subdags/subdag.py for tasks to queue
[2023-03-28T11:00:16.155-0400] {logging_mixin.py:137} INFO - [2023-03-28T11:00:16.155-0400] {dagbag.py:532} INFO - Filling up the DagBag from /Users/sunanda/Downloads/airflow/py_env/lib/python3.9/site-packages/airflow/example_dags/subdags/subdag.py
[2023-03-28T11:00:16.166-0400] {processor.py:755} WARNING - No viable dags retrieved from /Users/sunanda/Downloads/airflow/py_env/lib/python3.9/site-packages/airflow/example_dags/subdags/subdag.py
[2023-03-28T11:00:16.672-0400] {processor.py:175} INFO - Processing /Users/sunanda/Downloads/airflow/py_env/lib/python3.9/site-packages/airflow/example_dags/subdags/subdag.py took 0.521 seconds
[2023-03-28T11:02:06.502-0400] {processor.py:153} INFO - Started process (PID=97899) to work on /Users/sunanda/Downloads/airflow/py_env/lib/python3.9/site-packages/airflow/example_dags/subdags/subdag.py
[2023-03-28T11:02:06.507-0400] {processor.py:743} INFO - Processing file /Users/sunanda/Downloads/airflow/py_env/lib/python3.9/site-packages/airflow/example_dags/subdags/subdag.py for tasks to queue
[2023-03-28T11:02:06.507-0400] {logging_mixin.py:137} INFO - [2023-03-28T11:02:06.507-0400] {dagbag.py:532} INFO - Filling up the DagBag from /Users/sunanda/Downloads/airflow/py_env/lib/python3.9/site-packages/airflow/example_dags/subdags/subdag.py
[2023-03-28T11:02:06.515-0400] {processor.py:755} WARNING - No viable dags retrieved from /Users/sunanda/Downloads/airflow/py_env/lib/python3.9/site-packages/airflow/example_dags/subdags/subdag.py
[2023-03-28T11:02:06.912-0400] {processor.py:175} INFO - Processing /Users/sunanda/Downloads/airflow/py_env/lib/python3.9/site-packages/airflow/example_dags/subdags/subdag.py took 0.411 seconds
[2023-03-28T11:03:55.623-0400] {processor.py:153} INFO - Started process (PID=98052) to work on /Users/sunanda/Downloads/airflow/py_env/lib/python3.9/site-packages/airflow/example_dags/subdags/subdag.py
[2023-03-28T11:03:55.628-0400] {processor.py:743} INFO - Processing file /Users/sunanda/Downloads/airflow/py_env/lib/python3.9/site-packages/airflow/example_dags/subdags/subdag.py for tasks to queue
[2023-03-28T11:03:55.628-0400] {logging_mixin.py:137} INFO - [2023-03-28T11:03:55.628-0400] {dagbag.py:532} INFO - Filling up the DagBag from /Users/sunanda/Downloads/airflow/py_env/lib/python3.9/site-packages/airflow/example_dags/subdags/subdag.py
[2023-03-28T11:03:55.640-0400] {processor.py:755} WARNING - No viable dags retrieved from /Users/sunanda/Downloads/airflow/py_env/lib/python3.9/site-packages/airflow/example_dags/subdags/subdag.py
[2023-03-28T11:03:56.094-0400] {processor.py:175} INFO - Processing /Users/sunanda/Downloads/airflow/py_env/lib/python3.9/site-packages/airflow/example_dags/subdags/subdag.py took 0.474 seconds
[2023-03-28T11:05:44.570-0400] {processor.py:153} INFO - Started process (PID=98202) to work on /Users/sunanda/Downloads/airflow/py_env/lib/python3.9/site-packages/airflow/example_dags/subdags/subdag.py
[2023-03-28T11:05:44.586-0400] {processor.py:743} INFO - Processing file /Users/sunanda/Downloads/airflow/py_env/lib/python3.9/site-packages/airflow/example_dags/subdags/subdag.py for tasks to queue
[2023-03-28T11:05:44.586-0400] {logging_mixin.py:137} INFO - [2023-03-28T11:05:44.586-0400] {dagbag.py:532} INFO - Filling up the DagBag from /Users/sunanda/Downloads/airflow/py_env/lib/python3.9/site-packages/airflow/example_dags/subdags/subdag.py
[2023-03-28T11:05:44.593-0400] {processor.py:755} WARNING - No viable dags retrieved from /Users/sunanda/Downloads/airflow/py_env/lib/python3.9/site-packages/airflow/example_dags/subdags/subdag.py
[2023-03-28T11:05:45.170-0400] {processor.py:175} INFO - Processing /Users/sunanda/Downloads/airflow/py_env/lib/python3.9/site-packages/airflow/example_dags/subdags/subdag.py took 0.602 seconds
[2023-03-28T11:07:34.739-0400] {processor.py:153} INFO - Started process (PID=98345) to work on /Users/sunanda/Downloads/airflow/py_env/lib/python3.9/site-packages/airflow/example_dags/subdags/subdag.py
[2023-03-28T11:07:34.742-0400] {processor.py:743} INFO - Processing file /Users/sunanda/Downloads/airflow/py_env/lib/python3.9/site-packages/airflow/example_dags/subdags/subdag.py for tasks to queue
[2023-03-28T11:07:34.743-0400] {logging_mixin.py:137} INFO - [2023-03-28T11:07:34.743-0400] {dagbag.py:532} INFO - Filling up the DagBag from /Users/sunanda/Downloads/airflow/py_env/lib/python3.9/site-packages/airflow/example_dags/subdags/subdag.py
[2023-03-28T11:07:34.750-0400] {processor.py:755} WARNING - No viable dags retrieved from /Users/sunanda/Downloads/airflow/py_env/lib/python3.9/site-packages/airflow/example_dags/subdags/subdag.py
[2023-03-28T11:07:35.199-0400] {processor.py:175} INFO - Processing /Users/sunanda/Downloads/airflow/py_env/lib/python3.9/site-packages/airflow/example_dags/subdags/subdag.py took 0.460 seconds
[2023-03-28T11:09:37.096-0400] {processor.py:153} INFO - Started process (PID=98523) to work on /Users/sunanda/Downloads/airflow/py_env/lib/python3.9/site-packages/airflow/example_dags/subdags/subdag.py
[2023-03-28T11:09:37.103-0400] {processor.py:743} INFO - Processing file /Users/sunanda/Downloads/airflow/py_env/lib/python3.9/site-packages/airflow/example_dags/subdags/subdag.py for tasks to queue
[2023-03-28T11:09:37.103-0400] {logging_mixin.py:137} INFO - [2023-03-28T11:09:37.103-0400] {dagbag.py:532} INFO - Filling up the DagBag from /Users/sunanda/Downloads/airflow/py_env/lib/python3.9/site-packages/airflow/example_dags/subdags/subdag.py
[2023-03-28T11:09:37.116-0400] {processor.py:755} WARNING - No viable dags retrieved from /Users/sunanda/Downloads/airflow/py_env/lib/python3.9/site-packages/airflow/example_dags/subdags/subdag.py
[2023-03-28T11:09:37.601-0400] {processor.py:175} INFO - Processing /Users/sunanda/Downloads/airflow/py_env/lib/python3.9/site-packages/airflow/example_dags/subdags/subdag.py took 0.506 seconds
[2023-03-28T11:11:40.616-0400] {processor.py:153} INFO - Started process (PID=98682) to work on /Users/sunanda/Downloads/airflow/py_env/lib/python3.9/site-packages/airflow/example_dags/subdags/subdag.py
[2023-03-28T11:11:40.622-0400] {processor.py:743} INFO - Processing file /Users/sunanda/Downloads/airflow/py_env/lib/python3.9/site-packages/airflow/example_dags/subdags/subdag.py for tasks to queue
[2023-03-28T11:11:40.622-0400] {logging_mixin.py:137} INFO - [2023-03-28T11:11:40.622-0400] {dagbag.py:532} INFO - Filling up the DagBag from /Users/sunanda/Downloads/airflow/py_env/lib/python3.9/site-packages/airflow/example_dags/subdags/subdag.py
[2023-03-28T11:11:40.643-0400] {processor.py:755} WARNING - No viable dags retrieved from /Users/sunanda/Downloads/airflow/py_env/lib/python3.9/site-packages/airflow/example_dags/subdags/subdag.py
[2023-03-28T11:11:41.060-0400] {processor.py:175} INFO - Processing /Users/sunanda/Downloads/airflow/py_env/lib/python3.9/site-packages/airflow/example_dags/subdags/subdag.py took 0.445 seconds
[2023-03-28T11:13:33.419-0400] {processor.py:153} INFO - Started process (PID=98824) to work on /Users/sunanda/Downloads/airflow/py_env/lib/python3.9/site-packages/airflow/example_dags/subdags/subdag.py
[2023-03-28T11:13:33.427-0400] {processor.py:743} INFO - Processing file /Users/sunanda/Downloads/airflow/py_env/lib/python3.9/site-packages/airflow/example_dags/subdags/subdag.py for tasks to queue
[2023-03-28T11:13:33.427-0400] {logging_mixin.py:137} INFO - [2023-03-28T11:13:33.427-0400] {dagbag.py:532} INFO - Filling up the DagBag from /Users/sunanda/Downloads/airflow/py_env/lib/python3.9/site-packages/airflow/example_dags/subdags/subdag.py
[2023-03-28T11:13:33.434-0400] {processor.py:755} WARNING - No viable dags retrieved from /Users/sunanda/Downloads/airflow/py_env/lib/python3.9/site-packages/airflow/example_dags/subdags/subdag.py
[2023-03-28T11:13:33.965-0400] {processor.py:175} INFO - Processing /Users/sunanda/Downloads/airflow/py_env/lib/python3.9/site-packages/airflow/example_dags/subdags/subdag.py took 0.547 seconds
[2023-03-28T11:15:30.550-0400] {processor.py:153} INFO - Started process (PID=98980) to work on /Users/sunanda/Downloads/airflow/py_env/lib/python3.9/site-packages/airflow/example_dags/subdags/subdag.py
[2023-03-28T11:15:30.553-0400] {processor.py:743} INFO - Processing file /Users/sunanda/Downloads/airflow/py_env/lib/python3.9/site-packages/airflow/example_dags/subdags/subdag.py for tasks to queue
[2023-03-28T11:15:30.553-0400] {logging_mixin.py:137} INFO - [2023-03-28T11:15:30.553-0400] {dagbag.py:532} INFO - Filling up the DagBag from /Users/sunanda/Downloads/airflow/py_env/lib/python3.9/site-packages/airflow/example_dags/subdags/subdag.py
[2023-03-28T11:15:30.591-0400] {processor.py:755} WARNING - No viable dags retrieved from /Users/sunanda/Downloads/airflow/py_env/lib/python3.9/site-packages/airflow/example_dags/subdags/subdag.py
[2023-03-28T11:15:31.410-0400] {processor.py:175} INFO - Processing /Users/sunanda/Downloads/airflow/py_env/lib/python3.9/site-packages/airflow/example_dags/subdags/subdag.py took 0.867 seconds
[2023-03-28T11:17:28.046-0400] {processor.py:153} INFO - Started process (PID=99132) to work on /Users/sunanda/Downloads/airflow/py_env/lib/python3.9/site-packages/airflow/example_dags/subdags/subdag.py
[2023-03-28T11:17:28.061-0400] {processor.py:743} INFO - Processing file /Users/sunanda/Downloads/airflow/py_env/lib/python3.9/site-packages/airflow/example_dags/subdags/subdag.py for tasks to queue
[2023-03-28T11:17:28.062-0400] {logging_mixin.py:137} INFO - [2023-03-28T11:17:28.061-0400] {dagbag.py:532} INFO - Filling up the DagBag from /Users/sunanda/Downloads/airflow/py_env/lib/python3.9/site-packages/airflow/example_dags/subdags/subdag.py
[2023-03-28T11:17:28.120-0400] {processor.py:755} WARNING - No viable dags retrieved from /Users/sunanda/Downloads/airflow/py_env/lib/python3.9/site-packages/airflow/example_dags/subdags/subdag.py
[2023-03-28T11:17:28.604-0400] {processor.py:175} INFO - Processing /Users/sunanda/Downloads/airflow/py_env/lib/python3.9/site-packages/airflow/example_dags/subdags/subdag.py took 0.613 seconds
[2023-03-28T11:19:24.422-0400] {processor.py:153} INFO - Started process (PID=99278) to work on /Users/sunanda/Downloads/airflow/py_env/lib/python3.9/site-packages/airflow/example_dags/subdags/subdag.py
[2023-03-28T11:19:24.453-0400] {processor.py:743} INFO - Processing file /Users/sunanda/Downloads/airflow/py_env/lib/python3.9/site-packages/airflow/example_dags/subdags/subdag.py for tasks to queue
[2023-03-28T11:19:24.454-0400] {logging_mixin.py:137} INFO - [2023-03-28T11:19:24.453-0400] {dagbag.py:532} INFO - Filling up the DagBag from /Users/sunanda/Downloads/airflow/py_env/lib/python3.9/site-packages/airflow/example_dags/subdags/subdag.py
[2023-03-28T11:19:24.476-0400] {processor.py:755} WARNING - No viable dags retrieved from /Users/sunanda/Downloads/airflow/py_env/lib/python3.9/site-packages/airflow/example_dags/subdags/subdag.py
[2023-03-28T11:19:24.989-0400] {processor.py:175} INFO - Processing /Users/sunanda/Downloads/airflow/py_env/lib/python3.9/site-packages/airflow/example_dags/subdags/subdag.py took 0.568 seconds
[2023-03-28T11:21:19.340-0400] {processor.py:153} INFO - Started process (PID=99423) to work on /Users/sunanda/Downloads/airflow/py_env/lib/python3.9/site-packages/airflow/example_dags/subdags/subdag.py
[2023-03-28T11:21:19.350-0400] {processor.py:743} INFO - Processing file /Users/sunanda/Downloads/airflow/py_env/lib/python3.9/site-packages/airflow/example_dags/subdags/subdag.py for tasks to queue
[2023-03-28T11:21:19.351-0400] {logging_mixin.py:137} INFO - [2023-03-28T11:21:19.350-0400] {dagbag.py:532} INFO - Filling up the DagBag from /Users/sunanda/Downloads/airflow/py_env/lib/python3.9/site-packages/airflow/example_dags/subdags/subdag.py
[2023-03-28T11:21:19.357-0400] {processor.py:755} WARNING - No viable dags retrieved from /Users/sunanda/Downloads/airflow/py_env/lib/python3.9/site-packages/airflow/example_dags/subdags/subdag.py
[2023-03-28T11:21:19.931-0400] {processor.py:175} INFO - Processing /Users/sunanda/Downloads/airflow/py_env/lib/python3.9/site-packages/airflow/example_dags/subdags/subdag.py took 0.592 seconds
[2023-03-28T11:23:13.981-0400] {processor.py:153} INFO - Started process (PID=99568) to work on /Users/sunanda/Downloads/airflow/py_env/lib/python3.9/site-packages/airflow/example_dags/subdags/subdag.py
[2023-03-28T11:23:13.986-0400] {processor.py:743} INFO - Processing file /Users/sunanda/Downloads/airflow/py_env/lib/python3.9/site-packages/airflow/example_dags/subdags/subdag.py for tasks to queue
[2023-03-28T11:23:13.986-0400] {logging_mixin.py:137} INFO - [2023-03-28T11:23:13.986-0400] {dagbag.py:532} INFO - Filling up the DagBag from /Users/sunanda/Downloads/airflow/py_env/lib/python3.9/site-packages/airflow/example_dags/subdags/subdag.py
[2023-03-28T11:23:14.005-0400] {processor.py:755} WARNING - No viable dags retrieved from /Users/sunanda/Downloads/airflow/py_env/lib/python3.9/site-packages/airflow/example_dags/subdags/subdag.py
[2023-03-28T11:23:14.746-0400] {processor.py:175} INFO - Processing /Users/sunanda/Downloads/airflow/py_env/lib/python3.9/site-packages/airflow/example_dags/subdags/subdag.py took 0.766 seconds
[2023-03-28T11:25:12.089-0400] {processor.py:153} INFO - Started process (PID=99721) to work on /Users/sunanda/Downloads/airflow/py_env/lib/python3.9/site-packages/airflow/example_dags/subdags/subdag.py
[2023-03-28T11:25:12.103-0400] {processor.py:743} INFO - Processing file /Users/sunanda/Downloads/airflow/py_env/lib/python3.9/site-packages/airflow/example_dags/subdags/subdag.py for tasks to queue
[2023-03-28T11:25:12.103-0400] {logging_mixin.py:137} INFO - [2023-03-28T11:25:12.103-0400] {dagbag.py:532} INFO - Filling up the DagBag from /Users/sunanda/Downloads/airflow/py_env/lib/python3.9/site-packages/airflow/example_dags/subdags/subdag.py
[2023-03-28T11:25:12.117-0400] {processor.py:755} WARNING - No viable dags retrieved from /Users/sunanda/Downloads/airflow/py_env/lib/python3.9/site-packages/airflow/example_dags/subdags/subdag.py
[2023-03-28T11:25:12.604-0400] {processor.py:175} INFO - Processing /Users/sunanda/Downloads/airflow/py_env/lib/python3.9/site-packages/airflow/example_dags/subdags/subdag.py took 0.515 seconds
[2023-03-28T11:27:11.312-0400] {processor.py:153} INFO - Started process (PID=99872) to work on /Users/sunanda/Downloads/airflow/py_env/lib/python3.9/site-packages/airflow/example_dags/subdags/subdag.py
[2023-03-28T11:27:11.323-0400] {processor.py:743} INFO - Processing file /Users/sunanda/Downloads/airflow/py_env/lib/python3.9/site-packages/airflow/example_dags/subdags/subdag.py for tasks to queue
[2023-03-28T11:27:11.323-0400] {logging_mixin.py:137} INFO - [2023-03-28T11:27:11.323-0400] {dagbag.py:532} INFO - Filling up the DagBag from /Users/sunanda/Downloads/airflow/py_env/lib/python3.9/site-packages/airflow/example_dags/subdags/subdag.py
[2023-03-28T11:27:11.330-0400] {processor.py:755} WARNING - No viable dags retrieved from /Users/sunanda/Downloads/airflow/py_env/lib/python3.9/site-packages/airflow/example_dags/subdags/subdag.py
[2023-03-28T11:27:11.919-0400] {processor.py:175} INFO - Processing /Users/sunanda/Downloads/airflow/py_env/lib/python3.9/site-packages/airflow/example_dags/subdags/subdag.py took 0.609 seconds
[2023-03-28T11:29:45.002-0400] {processor.py:153} INFO - Started process (PID=189) to work on /Users/sunanda/Downloads/airflow/py_env/lib/python3.9/site-packages/airflow/example_dags/subdags/subdag.py
[2023-03-28T11:29:45.019-0400] {processor.py:743} INFO - Processing file /Users/sunanda/Downloads/airflow/py_env/lib/python3.9/site-packages/airflow/example_dags/subdags/subdag.py for tasks to queue
[2023-03-28T11:29:45.020-0400] {logging_mixin.py:137} INFO - [2023-03-28T11:29:45.020-0400] {dagbag.py:532} INFO - Filling up the DagBag from /Users/sunanda/Downloads/airflow/py_env/lib/python3.9/site-packages/airflow/example_dags/subdags/subdag.py
[2023-03-28T11:29:45.027-0400] {processor.py:755} WARNING - No viable dags retrieved from /Users/sunanda/Downloads/airflow/py_env/lib/python3.9/site-packages/airflow/example_dags/subdags/subdag.py
[2023-03-28T11:29:45.528-0400] {processor.py:175} INFO - Processing /Users/sunanda/Downloads/airflow/py_env/lib/python3.9/site-packages/airflow/example_dags/subdags/subdag.py took 0.528 seconds
[2023-03-28T11:38:15.135-0400] {processor.py:153} INFO - Started process (PID=447) to work on /Users/sunanda/Downloads/airflow/py_env/lib/python3.9/site-packages/airflow/example_dags/subdags/subdag.py
[2023-03-28T11:38:15.137-0400] {processor.py:743} INFO - Processing file /Users/sunanda/Downloads/airflow/py_env/lib/python3.9/site-packages/airflow/example_dags/subdags/subdag.py for tasks to queue
[2023-03-28T11:38:15.137-0400] {logging_mixin.py:137} INFO - [2023-03-28T11:38:15.137-0400] {dagbag.py:532} INFO - Filling up the DagBag from /Users/sunanda/Downloads/airflow/py_env/lib/python3.9/site-packages/airflow/example_dags/subdags/subdag.py
[2023-03-28T11:38:15.144-0400] {processor.py:755} WARNING - No viable dags retrieved from /Users/sunanda/Downloads/airflow/py_env/lib/python3.9/site-packages/airflow/example_dags/subdags/subdag.py
[2023-03-28T11:38:15.797-0400] {processor.py:175} INFO - Processing /Users/sunanda/Downloads/airflow/py_env/lib/python3.9/site-packages/airflow/example_dags/subdags/subdag.py took 0.663 seconds
[2023-03-28T11:40:12.512-0400] {processor.py:153} INFO - Started process (PID=671) to work on /Users/sunanda/Downloads/airflow/py_env/lib/python3.9/site-packages/airflow/example_dags/subdags/subdag.py
[2023-03-28T11:40:12.514-0400] {processor.py:743} INFO - Processing file /Users/sunanda/Downloads/airflow/py_env/lib/python3.9/site-packages/airflow/example_dags/subdags/subdag.py for tasks to queue
[2023-03-28T11:40:12.514-0400] {logging_mixin.py:137} INFO - [2023-03-28T11:40:12.514-0400] {dagbag.py:532} INFO - Filling up the DagBag from /Users/sunanda/Downloads/airflow/py_env/lib/python3.9/site-packages/airflow/example_dags/subdags/subdag.py
[2023-03-28T11:40:12.525-0400] {processor.py:755} WARNING - No viable dags retrieved from /Users/sunanda/Downloads/airflow/py_env/lib/python3.9/site-packages/airflow/example_dags/subdags/subdag.py
[2023-03-28T11:40:13.018-0400] {processor.py:175} INFO - Processing /Users/sunanda/Downloads/airflow/py_env/lib/python3.9/site-packages/airflow/example_dags/subdags/subdag.py took 0.507 seconds
[2023-03-28T11:42:02.834-0400] {processor.py:153} INFO - Started process (PID=825) to work on /Users/sunanda/Downloads/airflow/py_env/lib/python3.9/site-packages/airflow/example_dags/subdags/subdag.py
[2023-03-28T11:42:02.843-0400] {processor.py:743} INFO - Processing file /Users/sunanda/Downloads/airflow/py_env/lib/python3.9/site-packages/airflow/example_dags/subdags/subdag.py for tasks to queue
[2023-03-28T11:42:02.843-0400] {logging_mixin.py:137} INFO - [2023-03-28T11:42:02.843-0400] {dagbag.py:532} INFO - Filling up the DagBag from /Users/sunanda/Downloads/airflow/py_env/lib/python3.9/site-packages/airflow/example_dags/subdags/subdag.py
[2023-03-28T11:42:02.866-0400] {processor.py:755} WARNING - No viable dags retrieved from /Users/sunanda/Downloads/airflow/py_env/lib/python3.9/site-packages/airflow/example_dags/subdags/subdag.py
[2023-03-28T11:42:03.507-0400] {processor.py:175} INFO - Processing /Users/sunanda/Downloads/airflow/py_env/lib/python3.9/site-packages/airflow/example_dags/subdags/subdag.py took 0.674 seconds
[2023-03-28T11:44:03.206-0400] {processor.py:153} INFO - Started process (PID=982) to work on /Users/sunanda/Downloads/airflow/py_env/lib/python3.9/site-packages/airflow/example_dags/subdags/subdag.py
[2023-03-28T11:44:03.209-0400] {processor.py:743} INFO - Processing file /Users/sunanda/Downloads/airflow/py_env/lib/python3.9/site-packages/airflow/example_dags/subdags/subdag.py for tasks to queue
[2023-03-28T11:44:03.209-0400] {logging_mixin.py:137} INFO - [2023-03-28T11:44:03.209-0400] {dagbag.py:532} INFO - Filling up the DagBag from /Users/sunanda/Downloads/airflow/py_env/lib/python3.9/site-packages/airflow/example_dags/subdags/subdag.py
[2023-03-28T11:44:03.216-0400] {processor.py:755} WARNING - No viable dags retrieved from /Users/sunanda/Downloads/airflow/py_env/lib/python3.9/site-packages/airflow/example_dags/subdags/subdag.py
[2023-03-28T11:44:03.810-0400] {processor.py:175} INFO - Processing /Users/sunanda/Downloads/airflow/py_env/lib/python3.9/site-packages/airflow/example_dags/subdags/subdag.py took 0.604 seconds
[2023-03-28T11:45:48.755-0400] {processor.py:153} INFO - Started process (PID=1120) to work on /Users/sunanda/Downloads/airflow/py_env/lib/python3.9/site-packages/airflow/example_dags/subdags/subdag.py
[2023-03-28T11:45:48.770-0400] {processor.py:743} INFO - Processing file /Users/sunanda/Downloads/airflow/py_env/lib/python3.9/site-packages/airflow/example_dags/subdags/subdag.py for tasks to queue
[2023-03-28T11:45:48.772-0400] {logging_mixin.py:137} INFO - [2023-03-28T11:45:48.772-0400] {dagbag.py:532} INFO - Filling up the DagBag from /Users/sunanda/Downloads/airflow/py_env/lib/python3.9/site-packages/airflow/example_dags/subdags/subdag.py
[2023-03-28T11:45:48.781-0400] {processor.py:755} WARNING - No viable dags retrieved from /Users/sunanda/Downloads/airflow/py_env/lib/python3.9/site-packages/airflow/example_dags/subdags/subdag.py
[2023-03-28T11:45:49.220-0400] {processor.py:175} INFO - Processing /Users/sunanda/Downloads/airflow/py_env/lib/python3.9/site-packages/airflow/example_dags/subdags/subdag.py took 0.468 seconds
[2023-03-28T11:47:41.856-0400] {processor.py:153} INFO - Started process (PID=1307) to work on /Users/sunanda/Downloads/airflow/py_env/lib/python3.9/site-packages/airflow/example_dags/subdags/subdag.py
[2023-03-28T11:47:41.863-0400] {processor.py:743} INFO - Processing file /Users/sunanda/Downloads/airflow/py_env/lib/python3.9/site-packages/airflow/example_dags/subdags/subdag.py for tasks to queue
[2023-03-28T11:47:41.864-0400] {logging_mixin.py:137} INFO - [2023-03-28T11:47:41.864-0400] {dagbag.py:532} INFO - Filling up the DagBag from /Users/sunanda/Downloads/airflow/py_env/lib/python3.9/site-packages/airflow/example_dags/subdags/subdag.py
[2023-03-28T11:47:41.872-0400] {processor.py:755} WARNING - No viable dags retrieved from /Users/sunanda/Downloads/airflow/py_env/lib/python3.9/site-packages/airflow/example_dags/subdags/subdag.py
[2023-03-28T11:47:42.335-0400] {processor.py:175} INFO - Processing /Users/sunanda/Downloads/airflow/py_env/lib/python3.9/site-packages/airflow/example_dags/subdags/subdag.py took 0.486 seconds
[2023-03-28T11:49:39.395-0400] {processor.py:153} INFO - Started process (PID=1472) to work on /Users/sunanda/Downloads/airflow/py_env/lib/python3.9/site-packages/airflow/example_dags/subdags/subdag.py
[2023-03-28T11:49:39.398-0400] {processor.py:743} INFO - Processing file /Users/sunanda/Downloads/airflow/py_env/lib/python3.9/site-packages/airflow/example_dags/subdags/subdag.py for tasks to queue
[2023-03-28T11:49:39.398-0400] {logging_mixin.py:137} INFO - [2023-03-28T11:49:39.398-0400] {dagbag.py:532} INFO - Filling up the DagBag from /Users/sunanda/Downloads/airflow/py_env/lib/python3.9/site-packages/airflow/example_dags/subdags/subdag.py
[2023-03-28T11:49:39.405-0400] {processor.py:755} WARNING - No viable dags retrieved from /Users/sunanda/Downloads/airflow/py_env/lib/python3.9/site-packages/airflow/example_dags/subdags/subdag.py
[2023-03-28T11:49:39.995-0400] {processor.py:175} INFO - Processing /Users/sunanda/Downloads/airflow/py_env/lib/python3.9/site-packages/airflow/example_dags/subdags/subdag.py took 0.601 seconds
[2023-03-28T11:51:55.266-0400] {processor.py:153} INFO - Started process (PID=1705) to work on /Users/sunanda/Downloads/airflow/py_env/lib/python3.9/site-packages/airflow/example_dags/subdags/subdag.py
[2023-03-28T11:51:55.270-0400] {processor.py:743} INFO - Processing file /Users/sunanda/Downloads/airflow/py_env/lib/python3.9/site-packages/airflow/example_dags/subdags/subdag.py for tasks to queue
[2023-03-28T11:51:55.270-0400] {logging_mixin.py:137} INFO - [2023-03-28T11:51:55.270-0400] {dagbag.py:532} INFO - Filling up the DagBag from /Users/sunanda/Downloads/airflow/py_env/lib/python3.9/site-packages/airflow/example_dags/subdags/subdag.py
[2023-03-28T11:51:55.278-0400] {processor.py:755} WARNING - No viable dags retrieved from /Users/sunanda/Downloads/airflow/py_env/lib/python3.9/site-packages/airflow/example_dags/subdags/subdag.py
[2023-03-28T11:51:55.799-0400] {processor.py:175} INFO - Processing /Users/sunanda/Downloads/airflow/py_env/lib/python3.9/site-packages/airflow/example_dags/subdags/subdag.py took 0.534 seconds
[2023-03-28T11:53:56.256-0400] {processor.py:153} INFO - Started process (PID=1858) to work on /Users/sunanda/Downloads/airflow/py_env/lib/python3.9/site-packages/airflow/example_dags/subdags/subdag.py
[2023-03-28T11:53:56.259-0400] {processor.py:743} INFO - Processing file /Users/sunanda/Downloads/airflow/py_env/lib/python3.9/site-packages/airflow/example_dags/subdags/subdag.py for tasks to queue
[2023-03-28T11:53:56.259-0400] {logging_mixin.py:137} INFO - [2023-03-28T11:53:56.259-0400] {dagbag.py:532} INFO - Filling up the DagBag from /Users/sunanda/Downloads/airflow/py_env/lib/python3.9/site-packages/airflow/example_dags/subdags/subdag.py
[2023-03-28T11:53:56.268-0400] {processor.py:755} WARNING - No viable dags retrieved from /Users/sunanda/Downloads/airflow/py_env/lib/python3.9/site-packages/airflow/example_dags/subdags/subdag.py
[2023-03-28T11:53:56.836-0400] {processor.py:175} INFO - Processing /Users/sunanda/Downloads/airflow/py_env/lib/python3.9/site-packages/airflow/example_dags/subdags/subdag.py took 0.584 seconds
[2023-03-28T11:56:00.704-0400] {processor.py:153} INFO - Started process (PID=2023) to work on /Users/sunanda/Downloads/airflow/py_env/lib/python3.9/site-packages/airflow/example_dags/subdags/subdag.py
[2023-03-28T11:56:00.717-0400] {processor.py:743} INFO - Processing file /Users/sunanda/Downloads/airflow/py_env/lib/python3.9/site-packages/airflow/example_dags/subdags/subdag.py for tasks to queue
[2023-03-28T11:56:00.718-0400] {logging_mixin.py:137} INFO - [2023-03-28T11:56:00.717-0400] {dagbag.py:532} INFO - Filling up the DagBag from /Users/sunanda/Downloads/airflow/py_env/lib/python3.9/site-packages/airflow/example_dags/subdags/subdag.py
[2023-03-28T11:56:00.731-0400] {processor.py:755} WARNING - No viable dags retrieved from /Users/sunanda/Downloads/airflow/py_env/lib/python3.9/site-packages/airflow/example_dags/subdags/subdag.py
[2023-03-28T11:56:01.229-0400] {processor.py:175} INFO - Processing /Users/sunanda/Downloads/airflow/py_env/lib/python3.9/site-packages/airflow/example_dags/subdags/subdag.py took 0.525 seconds
[2023-03-28T11:57:52.412-0400] {processor.py:153} INFO - Started process (PID=2170) to work on /Users/sunanda/Downloads/airflow/py_env/lib/python3.9/site-packages/airflow/example_dags/subdags/subdag.py
[2023-03-28T11:57:52.418-0400] {processor.py:743} INFO - Processing file /Users/sunanda/Downloads/airflow/py_env/lib/python3.9/site-packages/airflow/example_dags/subdags/subdag.py for tasks to queue
[2023-03-28T11:57:52.418-0400] {logging_mixin.py:137} INFO - [2023-03-28T11:57:52.418-0400] {dagbag.py:532} INFO - Filling up the DagBag from /Users/sunanda/Downloads/airflow/py_env/lib/python3.9/site-packages/airflow/example_dags/subdags/subdag.py
[2023-03-28T11:57:52.426-0400] {processor.py:755} WARNING - No viable dags retrieved from /Users/sunanda/Downloads/airflow/py_env/lib/python3.9/site-packages/airflow/example_dags/subdags/subdag.py
[2023-03-28T11:57:52.810-0400] {processor.py:175} INFO - Processing /Users/sunanda/Downloads/airflow/py_env/lib/python3.9/site-packages/airflow/example_dags/subdags/subdag.py took 0.400 seconds
[2023-03-28T11:59:43.536-0400] {processor.py:153} INFO - Started process (PID=2332) to work on /Users/sunanda/Downloads/airflow/py_env/lib/python3.9/site-packages/airflow/example_dags/subdags/subdag.py
[2023-03-28T11:59:43.601-0400] {processor.py:743} INFO - Processing file /Users/sunanda/Downloads/airflow/py_env/lib/python3.9/site-packages/airflow/example_dags/subdags/subdag.py for tasks to queue
[2023-03-28T11:59:43.601-0400] {logging_mixin.py:137} INFO - [2023-03-28T11:59:43.601-0400] {dagbag.py:532} INFO - Filling up the DagBag from /Users/sunanda/Downloads/airflow/py_env/lib/python3.9/site-packages/airflow/example_dags/subdags/subdag.py
[2023-03-28T11:59:43.609-0400] {processor.py:755} WARNING - No viable dags retrieved from /Users/sunanda/Downloads/airflow/py_env/lib/python3.9/site-packages/airflow/example_dags/subdags/subdag.py
[2023-03-28T11:59:44.192-0400] {processor.py:175} INFO - Processing /Users/sunanda/Downloads/airflow/py_env/lib/python3.9/site-packages/airflow/example_dags/subdags/subdag.py took 0.657 seconds
[2023-03-28T12:01:32.387-0400] {processor.py:153} INFO - Started process (PID=2483) to work on /Users/sunanda/Downloads/airflow/py_env/lib/python3.9/site-packages/airflow/example_dags/subdags/subdag.py
[2023-03-28T12:01:32.390-0400] {processor.py:743} INFO - Processing file /Users/sunanda/Downloads/airflow/py_env/lib/python3.9/site-packages/airflow/example_dags/subdags/subdag.py for tasks to queue
[2023-03-28T12:01:32.390-0400] {logging_mixin.py:137} INFO - [2023-03-28T12:01:32.390-0400] {dagbag.py:532} INFO - Filling up the DagBag from /Users/sunanda/Downloads/airflow/py_env/lib/python3.9/site-packages/airflow/example_dags/subdags/subdag.py
[2023-03-28T12:01:32.397-0400] {processor.py:755} WARNING - No viable dags retrieved from /Users/sunanda/Downloads/airflow/py_env/lib/python3.9/site-packages/airflow/example_dags/subdags/subdag.py
[2023-03-28T12:01:33.062-0400] {processor.py:175} INFO - Processing /Users/sunanda/Downloads/airflow/py_env/lib/python3.9/site-packages/airflow/example_dags/subdags/subdag.py took 0.675 seconds
[2023-03-28T12:03:35.076-0400] {processor.py:153} INFO - Started process (PID=2680) to work on /Users/sunanda/Downloads/airflow/py_env/lib/python3.9/site-packages/airflow/example_dags/subdags/subdag.py
[2023-03-28T12:03:35.079-0400] {processor.py:743} INFO - Processing file /Users/sunanda/Downloads/airflow/py_env/lib/python3.9/site-packages/airflow/example_dags/subdags/subdag.py for tasks to queue
[2023-03-28T12:03:35.079-0400] {logging_mixin.py:137} INFO - [2023-03-28T12:03:35.079-0400] {dagbag.py:532} INFO - Filling up the DagBag from /Users/sunanda/Downloads/airflow/py_env/lib/python3.9/site-packages/airflow/example_dags/subdags/subdag.py
[2023-03-28T12:03:35.086-0400] {processor.py:755} WARNING - No viable dags retrieved from /Users/sunanda/Downloads/airflow/py_env/lib/python3.9/site-packages/airflow/example_dags/subdags/subdag.py
[2023-03-28T12:03:35.607-0400] {processor.py:175} INFO - Processing /Users/sunanda/Downloads/airflow/py_env/lib/python3.9/site-packages/airflow/example_dags/subdags/subdag.py took 0.531 seconds
[2023-03-28T12:05:27.180-0400] {processor.py:153} INFO - Started process (PID=2833) to work on /Users/sunanda/Downloads/airflow/py_env/lib/python3.9/site-packages/airflow/example_dags/subdags/subdag.py
[2023-03-28T12:05:27.185-0400] {processor.py:743} INFO - Processing file /Users/sunanda/Downloads/airflow/py_env/lib/python3.9/site-packages/airflow/example_dags/subdags/subdag.py for tasks to queue
[2023-03-28T12:05:27.186-0400] {logging_mixin.py:137} INFO - [2023-03-28T12:05:27.186-0400] {dagbag.py:532} INFO - Filling up the DagBag from /Users/sunanda/Downloads/airflow/py_env/lib/python3.9/site-packages/airflow/example_dags/subdags/subdag.py
[2023-03-28T12:05:27.192-0400] {processor.py:755} WARNING - No viable dags retrieved from /Users/sunanda/Downloads/airflow/py_env/lib/python3.9/site-packages/airflow/example_dags/subdags/subdag.py
[2023-03-28T12:05:27.769-0400] {processor.py:175} INFO - Processing /Users/sunanda/Downloads/airflow/py_env/lib/python3.9/site-packages/airflow/example_dags/subdags/subdag.py took 0.592 seconds
[2023-03-28T12:07:25.173-0400] {processor.py:153} INFO - Started process (PID=3028) to work on /Users/sunanda/Downloads/airflow/py_env/lib/python3.9/site-packages/airflow/example_dags/subdags/subdag.py
[2023-03-28T12:07:25.176-0400] {processor.py:743} INFO - Processing file /Users/sunanda/Downloads/airflow/py_env/lib/python3.9/site-packages/airflow/example_dags/subdags/subdag.py for tasks to queue
[2023-03-28T12:07:25.176-0400] {logging_mixin.py:137} INFO - [2023-03-28T12:07:25.176-0400] {dagbag.py:532} INFO - Filling up the DagBag from /Users/sunanda/Downloads/airflow/py_env/lib/python3.9/site-packages/airflow/example_dags/subdags/subdag.py
[2023-03-28T12:07:25.186-0400] {processor.py:755} WARNING - No viable dags retrieved from /Users/sunanda/Downloads/airflow/py_env/lib/python3.9/site-packages/airflow/example_dags/subdags/subdag.py
[2023-03-28T12:07:25.641-0400] {processor.py:175} INFO - Processing /Users/sunanda/Downloads/airflow/py_env/lib/python3.9/site-packages/airflow/example_dags/subdags/subdag.py took 0.508 seconds
[2023-03-28T12:09:31.436-0400] {processor.py:153} INFO - Started process (PID=3291) to work on /Users/sunanda/Downloads/airflow/py_env/lib/python3.9/site-packages/airflow/example_dags/subdags/subdag.py
[2023-03-28T12:09:31.440-0400] {processor.py:743} INFO - Processing file /Users/sunanda/Downloads/airflow/py_env/lib/python3.9/site-packages/airflow/example_dags/subdags/subdag.py for tasks to queue
[2023-03-28T12:09:31.440-0400] {logging_mixin.py:137} INFO - [2023-03-28T12:09:31.440-0400] {dagbag.py:532} INFO - Filling up the DagBag from /Users/sunanda/Downloads/airflow/py_env/lib/python3.9/site-packages/airflow/example_dags/subdags/subdag.py
[2023-03-28T12:09:31.446-0400] {processor.py:755} WARNING - No viable dags retrieved from /Users/sunanda/Downloads/airflow/py_env/lib/python3.9/site-packages/airflow/example_dags/subdags/subdag.py
[2023-03-28T12:09:31.928-0400] {processor.py:175} INFO - Processing /Users/sunanda/Downloads/airflow/py_env/lib/python3.9/site-packages/airflow/example_dags/subdags/subdag.py took 0.493 seconds
[2023-03-28T12:11:28.794-0400] {processor.py:153} INFO - Started process (PID=3472) to work on /Users/sunanda/Downloads/airflow/py_env/lib/python3.9/site-packages/airflow/example_dags/subdags/subdag.py
[2023-03-28T12:11:28.797-0400] {processor.py:743} INFO - Processing file /Users/sunanda/Downloads/airflow/py_env/lib/python3.9/site-packages/airflow/example_dags/subdags/subdag.py for tasks to queue
[2023-03-28T12:11:28.798-0400] {logging_mixin.py:137} INFO - [2023-03-28T12:11:28.798-0400] {dagbag.py:532} INFO - Filling up the DagBag from /Users/sunanda/Downloads/airflow/py_env/lib/python3.9/site-packages/airflow/example_dags/subdags/subdag.py
[2023-03-28T12:11:28.810-0400] {processor.py:755} WARNING - No viable dags retrieved from /Users/sunanda/Downloads/airflow/py_env/lib/python3.9/site-packages/airflow/example_dags/subdags/subdag.py
[2023-03-28T12:11:29.316-0400] {processor.py:175} INFO - Processing /Users/sunanda/Downloads/airflow/py_env/lib/python3.9/site-packages/airflow/example_dags/subdags/subdag.py took 0.522 seconds
[2023-03-28T12:13:24.006-0400] {processor.py:153} INFO - Started process (PID=3653) to work on /Users/sunanda/Downloads/airflow/py_env/lib/python3.9/site-packages/airflow/example_dags/subdags/subdag.py
[2023-03-28T12:13:24.009-0400] {processor.py:743} INFO - Processing file /Users/sunanda/Downloads/airflow/py_env/lib/python3.9/site-packages/airflow/example_dags/subdags/subdag.py for tasks to queue
[2023-03-28T12:13:24.009-0400] {logging_mixin.py:137} INFO - [2023-03-28T12:13:24.009-0400] {dagbag.py:532} INFO - Filling up the DagBag from /Users/sunanda/Downloads/airflow/py_env/lib/python3.9/site-packages/airflow/example_dags/subdags/subdag.py
[2023-03-28T12:13:24.016-0400] {processor.py:755} WARNING - No viable dags retrieved from /Users/sunanda/Downloads/airflow/py_env/lib/python3.9/site-packages/airflow/example_dags/subdags/subdag.py
[2023-03-28T12:13:24.498-0400] {processor.py:175} INFO - Processing /Users/sunanda/Downloads/airflow/py_env/lib/python3.9/site-packages/airflow/example_dags/subdags/subdag.py took 0.492 seconds
[2023-03-28T12:13:50.428-0400] {processor.py:153} INFO - Started process (PID=3690) to work on /Users/sunanda/Downloads/airflow/py_env/lib/python3.9/site-packages/airflow/example_dags/subdags/subdag.py
[2023-03-28T12:13:50.433-0400] {processor.py:743} INFO - Processing file /Users/sunanda/Downloads/airflow/py_env/lib/python3.9/site-packages/airflow/example_dags/subdags/subdag.py for tasks to queue
[2023-03-28T12:13:50.433-0400] {logging_mixin.py:137} INFO - [2023-03-28T12:13:50.433-0400] {dagbag.py:532} INFO - Filling up the DagBag from /Users/sunanda/Downloads/airflow/py_env/lib/python3.9/site-packages/airflow/example_dags/subdags/subdag.py
[2023-03-28T12:13:50.450-0400] {processor.py:755} WARNING - No viable dags retrieved from /Users/sunanda/Downloads/airflow/py_env/lib/python3.9/site-packages/airflow/example_dags/subdags/subdag.py
[2023-03-28T12:13:50.912-0400] {processor.py:175} INFO - Processing /Users/sunanda/Downloads/airflow/py_env/lib/python3.9/site-packages/airflow/example_dags/subdags/subdag.py took 0.485 seconds
[2023-03-28T12:16:08.431-0400] {processor.py:153} INFO - Started process (PID=3922) to work on /Users/sunanda/Downloads/airflow/py_env/lib/python3.9/site-packages/airflow/example_dags/subdags/subdag.py
[2023-03-28T12:16:08.436-0400] {processor.py:743} INFO - Processing file /Users/sunanda/Downloads/airflow/py_env/lib/python3.9/site-packages/airflow/example_dags/subdags/subdag.py for tasks to queue
[2023-03-28T12:16:08.437-0400] {logging_mixin.py:137} INFO - [2023-03-28T12:16:08.437-0400] {dagbag.py:532} INFO - Filling up the DagBag from /Users/sunanda/Downloads/airflow/py_env/lib/python3.9/site-packages/airflow/example_dags/subdags/subdag.py
[2023-03-28T12:16:08.444-0400] {processor.py:755} WARNING - No viable dags retrieved from /Users/sunanda/Downloads/airflow/py_env/lib/python3.9/site-packages/airflow/example_dags/subdags/subdag.py
[2023-03-28T12:16:08.946-0400] {processor.py:175} INFO - Processing /Users/sunanda/Downloads/airflow/py_env/lib/python3.9/site-packages/airflow/example_dags/subdags/subdag.py took 0.516 seconds
[2023-03-28T12:18:04.894-0400] {processor.py:153} INFO - Started process (PID=4085) to work on /Users/sunanda/Downloads/airflow/py_env/lib/python3.9/site-packages/airflow/example_dags/subdags/subdag.py
[2023-03-28T12:18:04.898-0400] {processor.py:743} INFO - Processing file /Users/sunanda/Downloads/airflow/py_env/lib/python3.9/site-packages/airflow/example_dags/subdags/subdag.py for tasks to queue
[2023-03-28T12:18:04.898-0400] {logging_mixin.py:137} INFO - [2023-03-28T12:18:04.898-0400] {dagbag.py:532} INFO - Filling up the DagBag from /Users/sunanda/Downloads/airflow/py_env/lib/python3.9/site-packages/airflow/example_dags/subdags/subdag.py
[2023-03-28T12:18:04.913-0400] {processor.py:755} WARNING - No viable dags retrieved from /Users/sunanda/Downloads/airflow/py_env/lib/python3.9/site-packages/airflow/example_dags/subdags/subdag.py
[2023-03-28T12:18:05.479-0400] {processor.py:175} INFO - Processing /Users/sunanda/Downloads/airflow/py_env/lib/python3.9/site-packages/airflow/example_dags/subdags/subdag.py took 0.597 seconds
[2023-03-28T12:19:55.511-0400] {processor.py:153} INFO - Started process (PID=4227) to work on /Users/sunanda/Downloads/airflow/py_env/lib/python3.9/site-packages/airflow/example_dags/subdags/subdag.py
[2023-03-28T12:19:55.514-0400] {processor.py:743} INFO - Processing file /Users/sunanda/Downloads/airflow/py_env/lib/python3.9/site-packages/airflow/example_dags/subdags/subdag.py for tasks to queue
[2023-03-28T12:19:55.514-0400] {logging_mixin.py:137} INFO - [2023-03-28T12:19:55.514-0400] {dagbag.py:532} INFO - Filling up the DagBag from /Users/sunanda/Downloads/airflow/py_env/lib/python3.9/site-packages/airflow/example_dags/subdags/subdag.py
[2023-03-28T12:19:55.521-0400] {processor.py:755} WARNING - No viable dags retrieved from /Users/sunanda/Downloads/airflow/py_env/lib/python3.9/site-packages/airflow/example_dags/subdags/subdag.py
[2023-03-28T12:19:56.011-0400] {processor.py:175} INFO - Processing /Users/sunanda/Downloads/airflow/py_env/lib/python3.9/site-packages/airflow/example_dags/subdags/subdag.py took 0.500 seconds
[2023-03-28T12:21:52.044-0400] {processor.py:153} INFO - Started process (PID=4371) to work on /Users/sunanda/Downloads/airflow/py_env/lib/python3.9/site-packages/airflow/example_dags/subdags/subdag.py
[2023-03-28T12:21:52.050-0400] {processor.py:743} INFO - Processing file /Users/sunanda/Downloads/airflow/py_env/lib/python3.9/site-packages/airflow/example_dags/subdags/subdag.py for tasks to queue
[2023-03-28T12:21:52.050-0400] {logging_mixin.py:137} INFO - [2023-03-28T12:21:52.050-0400] {dagbag.py:532} INFO - Filling up the DagBag from /Users/sunanda/Downloads/airflow/py_env/lib/python3.9/site-packages/airflow/example_dags/subdags/subdag.py
[2023-03-28T12:21:52.064-0400] {processor.py:755} WARNING - No viable dags retrieved from /Users/sunanda/Downloads/airflow/py_env/lib/python3.9/site-packages/airflow/example_dags/subdags/subdag.py
[2023-03-28T12:21:52.641-0400] {processor.py:175} INFO - Processing /Users/sunanda/Downloads/airflow/py_env/lib/python3.9/site-packages/airflow/example_dags/subdags/subdag.py took 0.597 seconds
[2023-03-28T12:23:49.628-0400] {processor.py:153} INFO - Started process (PID=4535) to work on /Users/sunanda/Downloads/airflow/py_env/lib/python3.9/site-packages/airflow/example_dags/subdags/subdag.py
[2023-03-28T12:23:49.630-0400] {processor.py:743} INFO - Processing file /Users/sunanda/Downloads/airflow/py_env/lib/python3.9/site-packages/airflow/example_dags/subdags/subdag.py for tasks to queue
[2023-03-28T12:23:49.631-0400] {logging_mixin.py:137} INFO - [2023-03-28T12:23:49.630-0400] {dagbag.py:532} INFO - Filling up the DagBag from /Users/sunanda/Downloads/airflow/py_env/lib/python3.9/site-packages/airflow/example_dags/subdags/subdag.py
[2023-03-28T12:23:49.637-0400] {processor.py:755} WARNING - No viable dags retrieved from /Users/sunanda/Downloads/airflow/py_env/lib/python3.9/site-packages/airflow/example_dags/subdags/subdag.py
[2023-03-28T12:23:49.985-0400] {processor.py:175} INFO - Processing /Users/sunanda/Downloads/airflow/py_env/lib/python3.9/site-packages/airflow/example_dags/subdags/subdag.py took 0.358 seconds
[2023-03-28T12:28:37.215-0400] {processor.py:153} INFO - Started process (PID=4710) to work on /Users/sunanda/Downloads/airflow/py_env/lib/python3.9/site-packages/airflow/example_dags/subdags/subdag.py
[2023-03-28T12:28:37.218-0400] {processor.py:743} INFO - Processing file /Users/sunanda/Downloads/airflow/py_env/lib/python3.9/site-packages/airflow/example_dags/subdags/subdag.py for tasks to queue
[2023-03-28T12:28:37.218-0400] {logging_mixin.py:137} INFO - [2023-03-28T12:28:37.218-0400] {dagbag.py:532} INFO - Filling up the DagBag from /Users/sunanda/Downloads/airflow/py_env/lib/python3.9/site-packages/airflow/example_dags/subdags/subdag.py
[2023-03-28T12:28:37.226-0400] {processor.py:755} WARNING - No viable dags retrieved from /Users/sunanda/Downloads/airflow/py_env/lib/python3.9/site-packages/airflow/example_dags/subdags/subdag.py
[2023-03-28T12:28:37.798-0400] {processor.py:175} INFO - Processing /Users/sunanda/Downloads/airflow/py_env/lib/python3.9/site-packages/airflow/example_dags/subdags/subdag.py took 0.584 seconds
[2023-03-28T12:30:36.206-0400] {processor.py:153} INFO - Started process (PID=4869) to work on /Users/sunanda/Downloads/airflow/py_env/lib/python3.9/site-packages/airflow/example_dags/subdags/subdag.py
[2023-03-28T12:30:36.210-0400] {processor.py:743} INFO - Processing file /Users/sunanda/Downloads/airflow/py_env/lib/python3.9/site-packages/airflow/example_dags/subdags/subdag.py for tasks to queue
[2023-03-28T12:30:36.211-0400] {logging_mixin.py:137} INFO - [2023-03-28T12:30:36.211-0400] {dagbag.py:532} INFO - Filling up the DagBag from /Users/sunanda/Downloads/airflow/py_env/lib/python3.9/site-packages/airflow/example_dags/subdags/subdag.py
[2023-03-28T12:30:36.222-0400] {processor.py:755} WARNING - No viable dags retrieved from /Users/sunanda/Downloads/airflow/py_env/lib/python3.9/site-packages/airflow/example_dags/subdags/subdag.py
[2023-03-28T12:30:36.663-0400] {processor.py:175} INFO - Processing /Users/sunanda/Downloads/airflow/py_env/lib/python3.9/site-packages/airflow/example_dags/subdags/subdag.py took 0.458 seconds
[2023-03-28T16:51:16.483-0400] {processor.py:153} INFO - Started process (PID=18023) to work on /Users/sunanda/Downloads/airflow/py_env/lib/python3.9/site-packages/airflow/example_dags/subdags/subdag.py
[2023-03-28T16:51:16.506-0400] {processor.py:743} INFO - Processing file /Users/sunanda/Downloads/airflow/py_env/lib/python3.9/site-packages/airflow/example_dags/subdags/subdag.py for tasks to queue
[2023-03-28T16:51:16.506-0400] {logging_mixin.py:137} INFO - [2023-03-28T16:51:16.506-0400] {dagbag.py:532} INFO - Filling up the DagBag from /Users/sunanda/Downloads/airflow/py_env/lib/python3.9/site-packages/airflow/example_dags/subdags/subdag.py
[2023-03-28T16:51:16.513-0400] {processor.py:755} WARNING - No viable dags retrieved from /Users/sunanda/Downloads/airflow/py_env/lib/python3.9/site-packages/airflow/example_dags/subdags/subdag.py
[2023-03-28T16:51:18.092-0400] {processor.py:175} INFO - Processing /Users/sunanda/Downloads/airflow/py_env/lib/python3.9/site-packages/airflow/example_dags/subdags/subdag.py took 1.616 seconds
