[2023-03-20T00:23:25.268-0400] {processor.py:153} INFO - Started process (PID=59755) to work on /Users/sunanda/Downloads/python-demo/venv/lib/python3.9/site-packages/airflow/example_dags/subdags/subdag.py
[2023-03-20T00:23:25.270-0400] {processor.py:743} INFO - Processing file /Users/sunanda/Downloads/python-demo/venv/lib/python3.9/site-packages/airflow/example_dags/subdags/subdag.py for tasks to queue
[2023-03-20T00:23:25.270-0400] {logging_mixin.py:137} INFO - [2023-03-20T00:23:25.270-0400] {dagbag.py:532} INFO - Filling up the DagBag from /Users/sunanda/Downloads/python-demo/venv/lib/python3.9/site-packages/airflow/example_dags/subdags/subdag.py
[2023-03-20T00:23:25.276-0400] {processor.py:755} WARNING - No viable dags retrieved from /Users/sunanda/Downloads/python-demo/venv/lib/python3.9/site-packages/airflow/example_dags/subdags/subdag.py
[2023-03-20T00:23:25.542-0400] {processor.py:175} INFO - Processing /Users/sunanda/Downloads/python-demo/venv/lib/python3.9/site-packages/airflow/example_dags/subdags/subdag.py took 0.274 seconds
[2023-03-20T00:24:46.249-0400] {processor.py:153} INFO - Started process (PID=59882) to work on /Users/sunanda/Downloads/python-demo/venv/lib/python3.9/site-packages/airflow/example_dags/subdags/subdag.py
[2023-03-20T00:24:46.251-0400] {processor.py:743} INFO - Processing file /Users/sunanda/Downloads/python-demo/venv/lib/python3.9/site-packages/airflow/example_dags/subdags/subdag.py for tasks to queue
[2023-03-20T00:24:46.251-0400] {logging_mixin.py:137} INFO - [2023-03-20T00:24:46.251-0400] {dagbag.py:532} INFO - Filling up the DagBag from /Users/sunanda/Downloads/python-demo/venv/lib/python3.9/site-packages/airflow/example_dags/subdags/subdag.py
[2023-03-20T00:24:46.258-0400] {processor.py:755} WARNING - No viable dags retrieved from /Users/sunanda/Downloads/python-demo/venv/lib/python3.9/site-packages/airflow/example_dags/subdags/subdag.py
[2023-03-20T00:24:46.525-0400] {processor.py:175} INFO - Processing /Users/sunanda/Downloads/python-demo/venv/lib/python3.9/site-packages/airflow/example_dags/subdags/subdag.py took 0.276 seconds
[2023-03-20T00:25:38.438-0400] {processor.py:153} INFO - Started process (PID=59973) to work on /Users/sunanda/Downloads/python-demo/venv/lib/python3.9/site-packages/airflow/example_dags/subdags/subdag.py
[2023-03-20T00:25:38.440-0400] {processor.py:743} INFO - Processing file /Users/sunanda/Downloads/python-demo/venv/lib/python3.9/site-packages/airflow/example_dags/subdags/subdag.py for tasks to queue
[2023-03-20T00:25:38.441-0400] {logging_mixin.py:137} INFO - [2023-03-20T00:25:38.441-0400] {dagbag.py:532} INFO - Filling up the DagBag from /Users/sunanda/Downloads/python-demo/venv/lib/python3.9/site-packages/airflow/example_dags/subdags/subdag.py
[2023-03-20T00:25:38.447-0400] {processor.py:755} WARNING - No viable dags retrieved from /Users/sunanda/Downloads/python-demo/venv/lib/python3.9/site-packages/airflow/example_dags/subdags/subdag.py
[2023-03-20T00:25:38.732-0400] {processor.py:175} INFO - Processing /Users/sunanda/Downloads/python-demo/venv/lib/python3.9/site-packages/airflow/example_dags/subdags/subdag.py took 0.295 seconds
[2023-03-20T00:26:27.952-0400] {processor.py:153} INFO - Started process (PID=60047) to work on /Users/sunanda/Downloads/python-demo/venv/lib/python3.9/site-packages/airflow/example_dags/subdags/subdag.py
[2023-03-20T00:26:27.955-0400] {processor.py:743} INFO - Processing file /Users/sunanda/Downloads/python-demo/venv/lib/python3.9/site-packages/airflow/example_dags/subdags/subdag.py for tasks to queue
[2023-03-20T00:26:27.955-0400] {logging_mixin.py:137} INFO - [2023-03-20T00:26:27.955-0400] {dagbag.py:532} INFO - Filling up the DagBag from /Users/sunanda/Downloads/python-demo/venv/lib/python3.9/site-packages/airflow/example_dags/subdags/subdag.py
[2023-03-20T00:26:27.961-0400] {processor.py:755} WARNING - No viable dags retrieved from /Users/sunanda/Downloads/python-demo/venv/lib/python3.9/site-packages/airflow/example_dags/subdags/subdag.py
[2023-03-20T00:26:28.227-0400] {processor.py:175} INFO - Processing /Users/sunanda/Downloads/python-demo/venv/lib/python3.9/site-packages/airflow/example_dags/subdags/subdag.py took 0.275 seconds
[2023-03-20T08:53:49.451-0400] {processor.py:153} INFO - Started process (PID=5823) to work on /Users/sunanda/Downloads/airflow/py_env/lib/python3.9/site-packages/airflow/example_dags/subdags/subdag.py
[2023-03-20T08:53:49.454-0400] {processor.py:743} INFO - Processing file /Users/sunanda/Downloads/airflow/py_env/lib/python3.9/site-packages/airflow/example_dags/subdags/subdag.py for tasks to queue
[2023-03-20T08:53:49.455-0400] {logging_mixin.py:137} INFO - [2023-03-20T08:53:49.455-0400] {dagbag.py:538} INFO - Filling up the DagBag from /Users/sunanda/Downloads/airflow/py_env/lib/python3.9/site-packages/airflow/example_dags/subdags/subdag.py
[2023-03-20T08:53:49.461-0400] {processor.py:755} WARNING - No viable dags retrieved from /Users/sunanda/Downloads/airflow/py_env/lib/python3.9/site-packages/airflow/example_dags/subdags/subdag.py
[2023-03-20T08:53:49.650-0400] {processor.py:175} INFO - Processing /Users/sunanda/Downloads/airflow/py_env/lib/python3.9/site-packages/airflow/example_dags/subdags/subdag.py took 0.199 seconds
[2023-03-20T08:55:04.161-0400] {processor.py:153} INFO - Started process (PID=5939) to work on /Users/sunanda/Downloads/airflow/py_env/lib/python3.9/site-packages/airflow/example_dags/subdags/subdag.py
[2023-03-20T08:55:04.164-0400] {processor.py:743} INFO - Processing file /Users/sunanda/Downloads/airflow/py_env/lib/python3.9/site-packages/airflow/example_dags/subdags/subdag.py for tasks to queue
[2023-03-20T08:55:04.165-0400] {logging_mixin.py:137} INFO - [2023-03-20T08:55:04.165-0400] {dagbag.py:538} INFO - Filling up the DagBag from /Users/sunanda/Downloads/airflow/py_env/lib/python3.9/site-packages/airflow/example_dags/subdags/subdag.py
[2023-03-20T08:55:04.170-0400] {processor.py:755} WARNING - No viable dags retrieved from /Users/sunanda/Downloads/airflow/py_env/lib/python3.9/site-packages/airflow/example_dags/subdags/subdag.py
[2023-03-20T08:55:04.362-0400] {processor.py:175} INFO - Processing /Users/sunanda/Downloads/airflow/py_env/lib/python3.9/site-packages/airflow/example_dags/subdags/subdag.py took 0.201 seconds
[2023-03-20T18:49:54.739-0400] {processor.py:153} INFO - Started process (PID=1122) to work on /Users/sunanda/Downloads/airflow/py_env/lib/python3.9/site-packages/airflow/example_dags/subdags/subdag.py
[2023-03-20T18:49:54.741-0400] {processor.py:743} INFO - Processing file /Users/sunanda/Downloads/airflow/py_env/lib/python3.9/site-packages/airflow/example_dags/subdags/subdag.py for tasks to queue
[2023-03-20T18:49:54.741-0400] {logging_mixin.py:137} INFO - [2023-03-20T18:49:54.741-0400] {dagbag.py:538} INFO - Filling up the DagBag from /Users/sunanda/Downloads/airflow/py_env/lib/python3.9/site-packages/airflow/example_dags/subdags/subdag.py
[2023-03-20T18:49:54.747-0400] {processor.py:755} WARNING - No viable dags retrieved from /Users/sunanda/Downloads/airflow/py_env/lib/python3.9/site-packages/airflow/example_dags/subdags/subdag.py
[2023-03-20T18:49:54.931-0400] {processor.py:175} INFO - Processing /Users/sunanda/Downloads/airflow/py_env/lib/python3.9/site-packages/airflow/example_dags/subdags/subdag.py took 0.193 seconds
[2023-03-20T18:51:04.877-0400] {processor.py:153} INFO - Started process (PID=1260) to work on /Users/sunanda/Downloads/airflow/py_env/lib/python3.9/site-packages/airflow/example_dags/subdags/subdag.py
[2023-03-20T18:51:04.879-0400] {processor.py:743} INFO - Processing file /Users/sunanda/Downloads/airflow/py_env/lib/python3.9/site-packages/airflow/example_dags/subdags/subdag.py for tasks to queue
[2023-03-20T18:51:04.879-0400] {logging_mixin.py:137} INFO - [2023-03-20T18:51:04.879-0400] {dagbag.py:538} INFO - Filling up the DagBag from /Users/sunanda/Downloads/airflow/py_env/lib/python3.9/site-packages/airflow/example_dags/subdags/subdag.py
[2023-03-20T18:51:04.885-0400] {processor.py:755} WARNING - No viable dags retrieved from /Users/sunanda/Downloads/airflow/py_env/lib/python3.9/site-packages/airflow/example_dags/subdags/subdag.py
[2023-03-20T18:51:05.069-0400] {processor.py:175} INFO - Processing /Users/sunanda/Downloads/airflow/py_env/lib/python3.9/site-packages/airflow/example_dags/subdags/subdag.py took 0.193 seconds
[2023-03-20T18:51:45.832-0400] {processor.py:153} INFO - Started process (PID=1325) to work on /Users/sunanda/Downloads/airflow/py_env/lib/python3.9/site-packages/airflow/example_dags/subdags/subdag.py
[2023-03-20T18:51:45.834-0400] {processor.py:743} INFO - Processing file /Users/sunanda/Downloads/airflow/py_env/lib/python3.9/site-packages/airflow/example_dags/subdags/subdag.py for tasks to queue
[2023-03-20T18:51:45.834-0400] {logging_mixin.py:137} INFO - [2023-03-20T18:51:45.834-0400] {dagbag.py:538} INFO - Filling up the DagBag from /Users/sunanda/Downloads/airflow/py_env/lib/python3.9/site-packages/airflow/example_dags/subdags/subdag.py
[2023-03-20T18:51:45.840-0400] {processor.py:755} WARNING - No viable dags retrieved from /Users/sunanda/Downloads/airflow/py_env/lib/python3.9/site-packages/airflow/example_dags/subdags/subdag.py
[2023-03-20T18:51:46.023-0400] {processor.py:175} INFO - Processing /Users/sunanda/Downloads/airflow/py_env/lib/python3.9/site-packages/airflow/example_dags/subdags/subdag.py took 0.191 seconds
