[2023-03-22T20:12:55.377-0400] {taskinstance.py:1083} INFO - Dependencies all met for <TaskInstance: api_dag.is_api_active manual__2023-03-22T23:23:18.183116+00:00 [None]>
[2023-03-22T20:12:55.388-0400] {taskinstance.py:1083} INFO - Dependencies all met for <TaskInstance: api_dag.is_api_active manual__2023-03-22T23:23:18.183116+00:00 [None]>
[2023-03-22T20:12:55.388-0400] {taskinstance.py:1279} INFO - 
--------------------------------------------------------------------------------
[2023-03-22T20:12:55.388-0400] {taskinstance.py:1280} INFO - Starting attempt 1 of 1
[2023-03-22T20:12:55.388-0400] {taskinstance.py:1281} INFO - 
--------------------------------------------------------------------------------
[2023-03-22T20:12:55.400-0400] {taskinstance.py:1300} INFO - Executing <Task(HttpSensor): is_api_active> on 2023-03-22 23:23:18.183116+00:00
[2023-03-22T20:12:55.404-0400] {standard_task_runner.py:55} INFO - Started process 8093 to run task
[2023-03-22T20:12:55.409-0400] {standard_task_runner.py:82} INFO - Running: ['airflow', 'tasks', 'run', 'api_dag', 'is_api_active', 'manual__2023-03-22T23:23:18.183116+00:00', '--job-id', '83', '--raw', '--subdir', 'DAGS_FOLDER/weatherapi_test.py', '--cfg-path', '/var/folders/71/zhs_yc7n05l7c97rnhn92bb80000gn/T/tmp2be3sfso']
[2023-03-22T20:12:55.417-0400] {standard_task_runner.py:83} INFO - Job 83: Subtask is_api_active
[2023-03-22T20:12:55.460-0400] {task_command.py:388} INFO - Running <TaskInstance: api_dag.is_api_active manual__2023-03-22T23:23:18.183116+00:00 [running]> on host sunandas-laptop.hsd1.ga.comcast.net
[2023-03-22T20:12:55.506-0400] {taskinstance.py:1507} INFO - Exporting the following env vars:
AIRFLOW_CTX_DAG_OWNER=airflow
AIRFLOW_CTX_DAG_ID=api_dag
AIRFLOW_CTX_TASK_ID=is_api_active
AIRFLOW_CTX_EXECUTION_DATE=2023-03-22T23:23:18.183116+00:00
AIRFLOW_CTX_TRY_NUMBER=1
AIRFLOW_CTX_DAG_RUN_ID=manual__2023-03-22T23:23:18.183116+00:00
[2023-03-22T20:12:55.507-0400] {http.py:122} INFO - Poking: weather?q=Monroe,GA,US&units=standard&appid=94ca56afa3eee20f7100985fdfe682aa
[2023-03-22T20:12:55.509-0400] {base.py:73} INFO - Using connection ID 'my_api_connection' for task execution.
[2023-03-24T00:09:05.332-0400] {local_task_job.py:112} ERROR - Received SIGTERM. Terminating subprocesses
[2023-03-24T00:09:05.408-0400] {process_utils.py:129} INFO - Sending Signals.SIGTERM to group 8093. PIDs of all processes in the group: [8093]
[2023-03-24T00:09:05.409-0400] {process_utils.py:84} INFO - Sending the signal Signals.SIGTERM to group 8093
