[2023-03-27T23:38:05.563-0400] {processor.py:153} INFO - Started process (PID=79227) to work on /Users/sunanda/Downloads/airflow/py_env/lib/python3.9/site-packages/airflow/example_dags/example_dynamic_task_mapping.py
[2023-03-27T23:38:05.565-0400] {processor.py:743} INFO - Processing file /Users/sunanda/Downloads/airflow/py_env/lib/python3.9/site-packages/airflow/example_dags/example_dynamic_task_mapping.py for tasks to queue
[2023-03-27T23:38:05.566-0400] {logging_mixin.py:137} INFO - [2023-03-27T23:38:05.566-0400] {dagbag.py:532} INFO - Filling up the DagBag from /Users/sunanda/Downloads/airflow/py_env/lib/python3.9/site-packages/airflow/example_dags/example_dynamic_task_mapping.py
[2023-03-27T23:38:05.588-0400] {processor.py:753} INFO - DAG(s) dict_keys(['example_dynamic_task_mapping']) retrieved from /Users/sunanda/Downloads/airflow/py_env/lib/python3.9/site-packages/airflow/example_dags/example_dynamic_task_mapping.py
[2023-03-27T23:38:05.869-0400] {logging_mixin.py:137} INFO - [2023-03-27T23:38:05.869-0400] {dag.py:2693} INFO - Sync 1 DAGs
[2023-03-27T23:38:05.875-0400] {logging_mixin.py:137} INFO - [2023-03-27T23:38:05.875-0400] {dag.py:3440} INFO - Setting next_dagrun for example_dynamic_task_mapping to 2022-03-04T00:00:00+00:00, run_after=2022-03-05T00:00:00+00:00
[2023-03-27T23:38:05.882-0400] {processor.py:175} INFO - Processing /Users/sunanda/Downloads/airflow/py_env/lib/python3.9/site-packages/airflow/example_dags/example_dynamic_task_mapping.py took 0.320 seconds
[2023-03-27T23:39:55.432-0400] {processor.py:153} INFO - Started process (PID=79410) to work on /Users/sunanda/Downloads/airflow/py_env/lib/python3.9/site-packages/airflow/example_dags/example_dynamic_task_mapping.py
[2023-03-27T23:39:55.441-0400] {processor.py:743} INFO - Processing file /Users/sunanda/Downloads/airflow/py_env/lib/python3.9/site-packages/airflow/example_dags/example_dynamic_task_mapping.py for tasks to queue
[2023-03-27T23:39:55.441-0400] {logging_mixin.py:137} INFO - [2023-03-27T23:39:55.441-0400] {dagbag.py:532} INFO - Filling up the DagBag from /Users/sunanda/Downloads/airflow/py_env/lib/python3.9/site-packages/airflow/example_dags/example_dynamic_task_mapping.py
[2023-03-27T23:39:55.462-0400] {processor.py:753} INFO - DAG(s) dict_keys(['example_dynamic_task_mapping']) retrieved from /Users/sunanda/Downloads/airflow/py_env/lib/python3.9/site-packages/airflow/example_dags/example_dynamic_task_mapping.py
[2023-03-27T23:39:55.709-0400] {logging_mixin.py:137} INFO - [2023-03-27T23:39:55.709-0400] {dag.py:2693} INFO - Sync 1 DAGs
[2023-03-27T23:39:55.716-0400] {logging_mixin.py:137} INFO - [2023-03-27T23:39:55.716-0400] {dag.py:3440} INFO - Setting next_dagrun for example_dynamic_task_mapping to 2022-03-04T00:00:00+00:00, run_after=2022-03-05T00:00:00+00:00
[2023-03-27T23:39:55.722-0400] {processor.py:175} INFO - Processing /Users/sunanda/Downloads/airflow/py_env/lib/python3.9/site-packages/airflow/example_dags/example_dynamic_task_mapping.py took 0.293 seconds
[2023-03-28T00:22:35.901-0400] {processor.py:153} INFO - Started process (PID=82703) to work on /Users/sunanda/Downloads/airflow/py_env/lib/python3.9/site-packages/airflow/example_dags/example_dynamic_task_mapping.py
[2023-03-28T00:22:35.927-0400] {processor.py:743} INFO - Processing file /Users/sunanda/Downloads/airflow/py_env/lib/python3.9/site-packages/airflow/example_dags/example_dynamic_task_mapping.py for tasks to queue
[2023-03-28T00:22:35.928-0400] {logging_mixin.py:137} INFO - [2023-03-28T00:22:35.927-0400] {dagbag.py:532} INFO - Filling up the DagBag from /Users/sunanda/Downloads/airflow/py_env/lib/python3.9/site-packages/airflow/example_dags/example_dynamic_task_mapping.py
[2023-03-28T00:22:35.965-0400] {processor.py:753} INFO - DAG(s) dict_keys(['example_dynamic_task_mapping']) retrieved from /Users/sunanda/Downloads/airflow/py_env/lib/python3.9/site-packages/airflow/example_dags/example_dynamic_task_mapping.py
[2023-03-28T00:22:36.282-0400] {logging_mixin.py:137} INFO - [2023-03-28T00:22:36.282-0400] {dag.py:2693} INFO - Sync 1 DAGs
[2023-03-28T00:22:36.294-0400] {logging_mixin.py:137} INFO - [2023-03-28T00:22:36.294-0400] {dag.py:3440} INFO - Setting next_dagrun for example_dynamic_task_mapping to 2022-03-04T00:00:00+00:00, run_after=2022-03-05T00:00:00+00:00
[2023-03-28T00:22:36.305-0400] {processor.py:175} INFO - Processing /Users/sunanda/Downloads/airflow/py_env/lib/python3.9/site-packages/airflow/example_dags/example_dynamic_task_mapping.py took 0.405 seconds
[2023-03-28T10:11:32.937-0400] {processor.py:153} INFO - Started process (PID=91351) to work on /Users/sunanda/Downloads/airflow/py_env/lib/python3.9/site-packages/airflow/example_dags/example_dynamic_task_mapping.py
[2023-03-28T10:11:32.942-0400] {processor.py:743} INFO - Processing file /Users/sunanda/Downloads/airflow/py_env/lib/python3.9/site-packages/airflow/example_dags/example_dynamic_task_mapping.py for tasks to queue
[2023-03-28T10:11:32.943-0400] {logging_mixin.py:137} INFO - [2023-03-28T10:11:32.943-0400] {dagbag.py:532} INFO - Filling up the DagBag from /Users/sunanda/Downloads/airflow/py_env/lib/python3.9/site-packages/airflow/example_dags/example_dynamic_task_mapping.py
[2023-03-28T10:11:32.972-0400] {processor.py:753} INFO - DAG(s) dict_keys(['example_dynamic_task_mapping']) retrieved from /Users/sunanda/Downloads/airflow/py_env/lib/python3.9/site-packages/airflow/example_dags/example_dynamic_task_mapping.py
[2023-03-28T10:11:33.701-0400] {logging_mixin.py:137} INFO - [2023-03-28T10:11:33.701-0400] {dag.py:2693} INFO - Sync 1 DAGs
[2023-03-28T10:11:33.729-0400] {logging_mixin.py:137} INFO - [2023-03-28T10:11:33.729-0400] {dag.py:3440} INFO - Setting next_dagrun for example_dynamic_task_mapping to 2022-03-04T00:00:00+00:00, run_after=2022-03-05T00:00:00+00:00
[2023-03-28T10:11:33.748-0400] {processor.py:175} INFO - Processing /Users/sunanda/Downloads/airflow/py_env/lib/python3.9/site-packages/airflow/example_dags/example_dynamic_task_mapping.py took 0.812 seconds
[2023-03-28T10:14:24.945-0400] {processor.py:153} INFO - Started process (PID=91571) to work on /Users/sunanda/Downloads/airflow/py_env/lib/python3.9/site-packages/airflow/example_dags/example_dynamic_task_mapping.py
[2023-03-28T10:14:24.948-0400] {processor.py:743} INFO - Processing file /Users/sunanda/Downloads/airflow/py_env/lib/python3.9/site-packages/airflow/example_dags/example_dynamic_task_mapping.py for tasks to queue
[2023-03-28T10:14:24.948-0400] {logging_mixin.py:137} INFO - [2023-03-28T10:14:24.948-0400] {dagbag.py:532} INFO - Filling up the DagBag from /Users/sunanda/Downloads/airflow/py_env/lib/python3.9/site-packages/airflow/example_dags/example_dynamic_task_mapping.py
[2023-03-28T10:14:24.974-0400] {processor.py:753} INFO - DAG(s) dict_keys(['example_dynamic_task_mapping']) retrieved from /Users/sunanda/Downloads/airflow/py_env/lib/python3.9/site-packages/airflow/example_dags/example_dynamic_task_mapping.py
[2023-03-28T10:14:25.591-0400] {logging_mixin.py:137} INFO - [2023-03-28T10:14:25.590-0400] {dag.py:2693} INFO - Sync 1 DAGs
[2023-03-28T10:14:25.633-0400] {logging_mixin.py:137} INFO - [2023-03-28T10:14:25.633-0400] {dag.py:3440} INFO - Setting next_dagrun for example_dynamic_task_mapping to 2022-03-04T00:00:00+00:00, run_after=2022-03-05T00:00:00+00:00
[2023-03-28T10:14:25.646-0400] {processor.py:175} INFO - Processing /Users/sunanda/Downloads/airflow/py_env/lib/python3.9/site-packages/airflow/example_dags/example_dynamic_task_mapping.py took 0.701 seconds
[2023-03-28T10:18:56.538-0400] {processor.py:153} INFO - Started process (PID=91921) to work on /Users/sunanda/Downloads/airflow/py_env/lib/python3.9/site-packages/airflow/example_dags/example_dynamic_task_mapping.py
[2023-03-28T10:18:56.542-0400] {processor.py:743} INFO - Processing file /Users/sunanda/Downloads/airflow/py_env/lib/python3.9/site-packages/airflow/example_dags/example_dynamic_task_mapping.py for tasks to queue
[2023-03-28T10:18:56.543-0400] {logging_mixin.py:137} INFO - [2023-03-28T10:18:56.543-0400] {dagbag.py:532} INFO - Filling up the DagBag from /Users/sunanda/Downloads/airflow/py_env/lib/python3.9/site-packages/airflow/example_dags/example_dynamic_task_mapping.py
[2023-03-28T10:18:56.576-0400] {processor.py:753} INFO - DAG(s) dict_keys(['example_dynamic_task_mapping']) retrieved from /Users/sunanda/Downloads/airflow/py_env/lib/python3.9/site-packages/airflow/example_dags/example_dynamic_task_mapping.py
[2023-03-28T10:18:56.997-0400] {logging_mixin.py:137} INFO - [2023-03-28T10:18:56.997-0400] {dag.py:2693} INFO - Sync 1 DAGs
[2023-03-28T10:18:57.011-0400] {logging_mixin.py:137} INFO - [2023-03-28T10:18:57.011-0400] {dag.py:3440} INFO - Setting next_dagrun for example_dynamic_task_mapping to 2022-03-04T00:00:00+00:00, run_after=2022-03-05T00:00:00+00:00
[2023-03-28T10:18:57.031-0400] {processor.py:175} INFO - Processing /Users/sunanda/Downloads/airflow/py_env/lib/python3.9/site-packages/airflow/example_dags/example_dynamic_task_mapping.py took 0.493 seconds
[2023-03-28T10:23:00.293-0400] {processor.py:153} INFO - Started process (PID=92275) to work on /Users/sunanda/Downloads/airflow/py_env/lib/python3.9/site-packages/airflow/example_dags/example_dynamic_task_mapping.py
[2023-03-28T10:23:00.297-0400] {processor.py:743} INFO - Processing file /Users/sunanda/Downloads/airflow/py_env/lib/python3.9/site-packages/airflow/example_dags/example_dynamic_task_mapping.py for tasks to queue
[2023-03-28T10:23:00.297-0400] {logging_mixin.py:137} INFO - [2023-03-28T10:23:00.297-0400] {dagbag.py:532} INFO - Filling up the DagBag from /Users/sunanda/Downloads/airflow/py_env/lib/python3.9/site-packages/airflow/example_dags/example_dynamic_task_mapping.py
[2023-03-28T10:23:00.318-0400] {processor.py:753} INFO - DAG(s) dict_keys(['example_dynamic_task_mapping']) retrieved from /Users/sunanda/Downloads/airflow/py_env/lib/python3.9/site-packages/airflow/example_dags/example_dynamic_task_mapping.py
[2023-03-28T10:23:01.040-0400] {logging_mixin.py:137} INFO - [2023-03-28T10:23:01.040-0400] {dag.py:2693} INFO - Sync 1 DAGs
[2023-03-28T10:23:01.061-0400] {logging_mixin.py:137} INFO - [2023-03-28T10:23:01.061-0400] {dag.py:3440} INFO - Setting next_dagrun for example_dynamic_task_mapping to 2022-03-04T00:00:00+00:00, run_after=2022-03-05T00:00:00+00:00
[2023-03-28T10:23:01.079-0400] {processor.py:175} INFO - Processing /Users/sunanda/Downloads/airflow/py_env/lib/python3.9/site-packages/airflow/example_dags/example_dynamic_task_mapping.py took 0.786 seconds
[2023-03-28T10:27:19.276-0400] {processor.py:153} INFO - Started process (PID=92743) to work on /Users/sunanda/Downloads/airflow/py_env/lib/python3.9/site-packages/airflow/example_dags/example_dynamic_task_mapping.py
[2023-03-28T10:27:19.283-0400] {processor.py:743} INFO - Processing file /Users/sunanda/Downloads/airflow/py_env/lib/python3.9/site-packages/airflow/example_dags/example_dynamic_task_mapping.py for tasks to queue
[2023-03-28T10:27:19.284-0400] {logging_mixin.py:137} INFO - [2023-03-28T10:27:19.284-0400] {dagbag.py:532} INFO - Filling up the DagBag from /Users/sunanda/Downloads/airflow/py_env/lib/python3.9/site-packages/airflow/example_dags/example_dynamic_task_mapping.py
[2023-03-28T10:27:19.344-0400] {processor.py:753} INFO - DAG(s) dict_keys(['example_dynamic_task_mapping']) retrieved from /Users/sunanda/Downloads/airflow/py_env/lib/python3.9/site-packages/airflow/example_dags/example_dynamic_task_mapping.py
[2023-03-28T10:27:19.822-0400] {logging_mixin.py:137} INFO - [2023-03-28T10:27:19.822-0400] {dag.py:2693} INFO - Sync 1 DAGs
[2023-03-28T10:27:19.832-0400] {logging_mixin.py:137} INFO - [2023-03-28T10:27:19.832-0400] {dag.py:3440} INFO - Setting next_dagrun for example_dynamic_task_mapping to 2022-03-04T00:00:00+00:00, run_after=2022-03-05T00:00:00+00:00
[2023-03-28T10:27:19.844-0400] {processor.py:175} INFO - Processing /Users/sunanda/Downloads/airflow/py_env/lib/python3.9/site-packages/airflow/example_dags/example_dynamic_task_mapping.py took 0.568 seconds
[2023-03-28T10:31:39.068-0400] {processor.py:153} INFO - Started process (PID=93244) to work on /Users/sunanda/Downloads/airflow/py_env/lib/python3.9/site-packages/airflow/example_dags/example_dynamic_task_mapping.py
[2023-03-28T10:31:39.072-0400] {processor.py:743} INFO - Processing file /Users/sunanda/Downloads/airflow/py_env/lib/python3.9/site-packages/airflow/example_dags/example_dynamic_task_mapping.py for tasks to queue
[2023-03-28T10:31:39.072-0400] {logging_mixin.py:137} INFO - [2023-03-28T10:31:39.072-0400] {dagbag.py:532} INFO - Filling up the DagBag from /Users/sunanda/Downloads/airflow/py_env/lib/python3.9/site-packages/airflow/example_dags/example_dynamic_task_mapping.py
[2023-03-28T10:31:39.103-0400] {processor.py:753} INFO - DAG(s) dict_keys(['example_dynamic_task_mapping']) retrieved from /Users/sunanda/Downloads/airflow/py_env/lib/python3.9/site-packages/airflow/example_dags/example_dynamic_task_mapping.py
[2023-03-28T10:31:39.697-0400] {logging_mixin.py:137} INFO - [2023-03-28T10:31:39.697-0400] {dag.py:2693} INFO - Sync 1 DAGs
[2023-03-28T10:31:39.707-0400] {logging_mixin.py:137} INFO - [2023-03-28T10:31:39.707-0400] {dag.py:3440} INFO - Setting next_dagrun for example_dynamic_task_mapping to 2022-03-04T00:00:00+00:00, run_after=2022-03-05T00:00:00+00:00
[2023-03-28T10:31:39.719-0400] {processor.py:175} INFO - Processing /Users/sunanda/Downloads/airflow/py_env/lib/python3.9/site-packages/airflow/example_dags/example_dynamic_task_mapping.py took 0.651 seconds
[2023-03-28T10:35:38.331-0400] {processor.py:153} INFO - Started process (PID=93549) to work on /Users/sunanda/Downloads/airflow/py_env/lib/python3.9/site-packages/airflow/example_dags/example_dynamic_task_mapping.py
[2023-03-28T10:35:38.334-0400] {processor.py:743} INFO - Processing file /Users/sunanda/Downloads/airflow/py_env/lib/python3.9/site-packages/airflow/example_dags/example_dynamic_task_mapping.py for tasks to queue
[2023-03-28T10:35:38.335-0400] {logging_mixin.py:137} INFO - [2023-03-28T10:35:38.335-0400] {dagbag.py:532} INFO - Filling up the DagBag from /Users/sunanda/Downloads/airflow/py_env/lib/python3.9/site-packages/airflow/example_dags/example_dynamic_task_mapping.py
[2023-03-28T10:35:38.377-0400] {processor.py:753} INFO - DAG(s) dict_keys(['example_dynamic_task_mapping']) retrieved from /Users/sunanda/Downloads/airflow/py_env/lib/python3.9/site-packages/airflow/example_dags/example_dynamic_task_mapping.py
[2023-03-28T10:35:38.913-0400] {logging_mixin.py:137} INFO - [2023-03-28T10:35:38.913-0400] {dag.py:2693} INFO - Sync 1 DAGs
[2023-03-28T10:35:38.933-0400] {logging_mixin.py:137} INFO - [2023-03-28T10:35:38.933-0400] {dag.py:3440} INFO - Setting next_dagrun for example_dynamic_task_mapping to 2022-03-04T00:00:00+00:00, run_after=2022-03-05T00:00:00+00:00
[2023-03-28T10:35:38.961-0400] {processor.py:175} INFO - Processing /Users/sunanda/Downloads/airflow/py_env/lib/python3.9/site-packages/airflow/example_dags/example_dynamic_task_mapping.py took 0.631 seconds
[2023-03-28T10:40:26.042-0400] {processor.py:153} INFO - Started process (PID=95467) to work on /Users/sunanda/Downloads/airflow/py_env/lib/python3.9/site-packages/airflow/example_dags/example_dynamic_task_mapping.py
[2023-03-28T10:40:26.051-0400] {processor.py:743} INFO - Processing file /Users/sunanda/Downloads/airflow/py_env/lib/python3.9/site-packages/airflow/example_dags/example_dynamic_task_mapping.py for tasks to queue
[2023-03-28T10:40:26.052-0400] {logging_mixin.py:137} INFO - [2023-03-28T10:40:26.052-0400] {dagbag.py:532} INFO - Filling up the DagBag from /Users/sunanda/Downloads/airflow/py_env/lib/python3.9/site-packages/airflow/example_dags/example_dynamic_task_mapping.py
[2023-03-28T10:40:26.095-0400] {processor.py:753} INFO - DAG(s) dict_keys(['example_dynamic_task_mapping']) retrieved from /Users/sunanda/Downloads/airflow/py_env/lib/python3.9/site-packages/airflow/example_dags/example_dynamic_task_mapping.py
[2023-03-28T10:40:26.614-0400] {logging_mixin.py:137} INFO - [2023-03-28T10:40:26.614-0400] {dag.py:2693} INFO - Sync 1 DAGs
[2023-03-28T10:40:26.627-0400] {logging_mixin.py:137} INFO - [2023-03-28T10:40:26.627-0400] {dag.py:3440} INFO - Setting next_dagrun for example_dynamic_task_mapping to 2022-03-04T00:00:00+00:00, run_after=2022-03-05T00:00:00+00:00
[2023-03-28T10:40:26.637-0400] {processor.py:175} INFO - Processing /Users/sunanda/Downloads/airflow/py_env/lib/python3.9/site-packages/airflow/example_dags/example_dynamic_task_mapping.py took 0.596 seconds
[2023-03-28T10:44:28.893-0400] {processor.py:153} INFO - Started process (PID=95896) to work on /Users/sunanda/Downloads/airflow/py_env/lib/python3.9/site-packages/airflow/example_dags/example_dynamic_task_mapping.py
[2023-03-28T10:44:28.896-0400] {processor.py:743} INFO - Processing file /Users/sunanda/Downloads/airflow/py_env/lib/python3.9/site-packages/airflow/example_dags/example_dynamic_task_mapping.py for tasks to queue
[2023-03-28T10:44:28.896-0400] {logging_mixin.py:137} INFO - [2023-03-28T10:44:28.896-0400] {dagbag.py:532} INFO - Filling up the DagBag from /Users/sunanda/Downloads/airflow/py_env/lib/python3.9/site-packages/airflow/example_dags/example_dynamic_task_mapping.py
[2023-03-28T10:44:28.917-0400] {processor.py:753} INFO - DAG(s) dict_keys(['example_dynamic_task_mapping']) retrieved from /Users/sunanda/Downloads/airflow/py_env/lib/python3.9/site-packages/airflow/example_dags/example_dynamic_task_mapping.py
[2023-03-28T10:44:29.427-0400] {logging_mixin.py:137} INFO - [2023-03-28T10:44:29.427-0400] {dag.py:2693} INFO - Sync 1 DAGs
[2023-03-28T10:44:29.447-0400] {logging_mixin.py:137} INFO - [2023-03-28T10:44:29.447-0400] {dag.py:3440} INFO - Setting next_dagrun for example_dynamic_task_mapping to 2022-03-04T00:00:00+00:00, run_after=2022-03-05T00:00:00+00:00
[2023-03-28T10:44:29.463-0400] {processor.py:175} INFO - Processing /Users/sunanda/Downloads/airflow/py_env/lib/python3.9/site-packages/airflow/example_dags/example_dynamic_task_mapping.py took 0.570 seconds
[2023-03-28T10:48:34.843-0400] {processor.py:153} INFO - Started process (PID=96456) to work on /Users/sunanda/Downloads/airflow/py_env/lib/python3.9/site-packages/airflow/example_dags/example_dynamic_task_mapping.py
[2023-03-28T10:48:34.846-0400] {processor.py:743} INFO - Processing file /Users/sunanda/Downloads/airflow/py_env/lib/python3.9/site-packages/airflow/example_dags/example_dynamic_task_mapping.py for tasks to queue
[2023-03-28T10:48:34.846-0400] {logging_mixin.py:137} INFO - [2023-03-28T10:48:34.846-0400] {dagbag.py:532} INFO - Filling up the DagBag from /Users/sunanda/Downloads/airflow/py_env/lib/python3.9/site-packages/airflow/example_dags/example_dynamic_task_mapping.py
[2023-03-28T10:48:34.896-0400] {processor.py:753} INFO - DAG(s) dict_keys(['example_dynamic_task_mapping']) retrieved from /Users/sunanda/Downloads/airflow/py_env/lib/python3.9/site-packages/airflow/example_dags/example_dynamic_task_mapping.py
[2023-03-28T10:48:35.420-0400] {logging_mixin.py:137} INFO - [2023-03-28T10:48:35.420-0400] {dag.py:2693} INFO - Sync 1 DAGs
[2023-03-28T10:48:35.436-0400] {logging_mixin.py:137} INFO - [2023-03-28T10:48:35.436-0400] {dag.py:3440} INFO - Setting next_dagrun for example_dynamic_task_mapping to 2022-03-04T00:00:00+00:00, run_after=2022-03-05T00:00:00+00:00
[2023-03-28T10:48:35.450-0400] {processor.py:175} INFO - Processing /Users/sunanda/Downloads/airflow/py_env/lib/python3.9/site-packages/airflow/example_dags/example_dynamic_task_mapping.py took 0.622 seconds
[2023-03-28T10:52:46.853-0400] {processor.py:153} INFO - Started process (PID=96942) to work on /Users/sunanda/Downloads/airflow/py_env/lib/python3.9/site-packages/airflow/example_dags/example_dynamic_task_mapping.py
[2023-03-28T10:52:46.859-0400] {processor.py:743} INFO - Processing file /Users/sunanda/Downloads/airflow/py_env/lib/python3.9/site-packages/airflow/example_dags/example_dynamic_task_mapping.py for tasks to queue
[2023-03-28T10:52:46.860-0400] {logging_mixin.py:137} INFO - [2023-03-28T10:52:46.859-0400] {dagbag.py:532} INFO - Filling up the DagBag from /Users/sunanda/Downloads/airflow/py_env/lib/python3.9/site-packages/airflow/example_dags/example_dynamic_task_mapping.py
[2023-03-28T10:52:46.915-0400] {processor.py:753} INFO - DAG(s) dict_keys(['example_dynamic_task_mapping']) retrieved from /Users/sunanda/Downloads/airflow/py_env/lib/python3.9/site-packages/airflow/example_dags/example_dynamic_task_mapping.py
[2023-03-28T10:52:47.397-0400] {logging_mixin.py:137} INFO - [2023-03-28T10:52:47.397-0400] {dag.py:2693} INFO - Sync 1 DAGs
[2023-03-28T10:52:47.410-0400] {logging_mixin.py:137} INFO - [2023-03-28T10:52:47.410-0400] {dag.py:3440} INFO - Setting next_dagrun for example_dynamic_task_mapping to 2022-03-04T00:00:00+00:00, run_after=2022-03-05T00:00:00+00:00
[2023-03-28T10:52:47.421-0400] {processor.py:175} INFO - Processing /Users/sunanda/Downloads/airflow/py_env/lib/python3.9/site-packages/airflow/example_dags/example_dynamic_task_mapping.py took 0.569 seconds
[2023-03-28T10:56:13.920-0400] {processor.py:153} INFO - Started process (PID=97217) to work on /Users/sunanda/Downloads/airflow/py_env/lib/python3.9/site-packages/airflow/example_dags/example_dynamic_task_mapping.py
[2023-03-28T10:56:13.933-0400] {processor.py:743} INFO - Processing file /Users/sunanda/Downloads/airflow/py_env/lib/python3.9/site-packages/airflow/example_dags/example_dynamic_task_mapping.py for tasks to queue
[2023-03-28T10:56:13.934-0400] {logging_mixin.py:137} INFO - [2023-03-28T10:56:13.934-0400] {dagbag.py:532} INFO - Filling up the DagBag from /Users/sunanda/Downloads/airflow/py_env/lib/python3.9/site-packages/airflow/example_dags/example_dynamic_task_mapping.py
[2023-03-28T10:56:14.004-0400] {processor.py:753} INFO - DAG(s) dict_keys(['example_dynamic_task_mapping']) retrieved from /Users/sunanda/Downloads/airflow/py_env/lib/python3.9/site-packages/airflow/example_dags/example_dynamic_task_mapping.py
[2023-03-28T10:56:14.489-0400] {logging_mixin.py:137} INFO - [2023-03-28T10:56:14.489-0400] {dag.py:2693} INFO - Sync 1 DAGs
[2023-03-28T10:56:14.502-0400] {logging_mixin.py:137} INFO - [2023-03-28T10:56:14.502-0400] {dag.py:3440} INFO - Setting next_dagrun for example_dynamic_task_mapping to 2022-03-04T00:00:00+00:00, run_after=2022-03-05T00:00:00+00:00
[2023-03-28T10:56:14.514-0400] {processor.py:175} INFO - Processing /Users/sunanda/Downloads/airflow/py_env/lib/python3.9/site-packages/airflow/example_dags/example_dynamic_task_mapping.py took 0.595 seconds
[2023-03-28T10:59:58.924-0400] {processor.py:153} INFO - Started process (PID=97712) to work on /Users/sunanda/Downloads/airflow/py_env/lib/python3.9/site-packages/airflow/example_dags/example_dynamic_task_mapping.py
[2023-03-28T10:59:58.939-0400] {processor.py:743} INFO - Processing file /Users/sunanda/Downloads/airflow/py_env/lib/python3.9/site-packages/airflow/example_dags/example_dynamic_task_mapping.py for tasks to queue
[2023-03-28T10:59:58.939-0400] {logging_mixin.py:137} INFO - [2023-03-28T10:59:58.939-0400] {dagbag.py:532} INFO - Filling up the DagBag from /Users/sunanda/Downloads/airflow/py_env/lib/python3.9/site-packages/airflow/example_dags/example_dynamic_task_mapping.py
[2023-03-28T10:59:58.962-0400] {processor.py:753} INFO - DAG(s) dict_keys(['example_dynamic_task_mapping']) retrieved from /Users/sunanda/Downloads/airflow/py_env/lib/python3.9/site-packages/airflow/example_dags/example_dynamic_task_mapping.py
[2023-03-28T10:59:59.426-0400] {logging_mixin.py:137} INFO - [2023-03-28T10:59:59.425-0400] {dag.py:2693} INFO - Sync 1 DAGs
[2023-03-28T10:59:59.433-0400] {logging_mixin.py:137} INFO - [2023-03-28T10:59:59.433-0400] {dag.py:3440} INFO - Setting next_dagrun for example_dynamic_task_mapping to 2022-03-04T00:00:00+00:00, run_after=2022-03-05T00:00:00+00:00
[2023-03-28T10:59:59.452-0400] {processor.py:175} INFO - Processing /Users/sunanda/Downloads/airflow/py_env/lib/python3.9/site-packages/airflow/example_dags/example_dynamic_task_mapping.py took 0.531 seconds
[2023-03-28T11:03:38.628-0400] {processor.py:153} INFO - Started process (PID=98031) to work on /Users/sunanda/Downloads/airflow/py_env/lib/python3.9/site-packages/airflow/example_dags/example_dynamic_task_mapping.py
[2023-03-28T11:03:38.641-0400] {processor.py:743} INFO - Processing file /Users/sunanda/Downloads/airflow/py_env/lib/python3.9/site-packages/airflow/example_dags/example_dynamic_task_mapping.py for tasks to queue
[2023-03-28T11:03:38.641-0400] {logging_mixin.py:137} INFO - [2023-03-28T11:03:38.641-0400] {dagbag.py:532} INFO - Filling up the DagBag from /Users/sunanda/Downloads/airflow/py_env/lib/python3.9/site-packages/airflow/example_dags/example_dynamic_task_mapping.py
[2023-03-28T11:03:38.667-0400] {processor.py:753} INFO - DAG(s) dict_keys(['example_dynamic_task_mapping']) retrieved from /Users/sunanda/Downloads/airflow/py_env/lib/python3.9/site-packages/airflow/example_dags/example_dynamic_task_mapping.py
[2023-03-28T11:03:39.098-0400] {logging_mixin.py:137} INFO - [2023-03-28T11:03:39.098-0400] {dag.py:2693} INFO - Sync 1 DAGs
[2023-03-28T11:03:39.106-0400] {logging_mixin.py:137} INFO - [2023-03-28T11:03:39.106-0400] {dag.py:3440} INFO - Setting next_dagrun for example_dynamic_task_mapping to 2022-03-04T00:00:00+00:00, run_after=2022-03-05T00:00:00+00:00
[2023-03-28T11:03:39.114-0400] {processor.py:175} INFO - Processing /Users/sunanda/Downloads/airflow/py_env/lib/python3.9/site-packages/airflow/example_dags/example_dynamic_task_mapping.py took 0.486 seconds
[2023-03-28T11:07:18.833-0400] {processor.py:153} INFO - Started process (PID=98322) to work on /Users/sunanda/Downloads/airflow/py_env/lib/python3.9/site-packages/airflow/example_dags/example_dynamic_task_mapping.py
[2023-03-28T11:07:18.857-0400] {processor.py:743} INFO - Processing file /Users/sunanda/Downloads/airflow/py_env/lib/python3.9/site-packages/airflow/example_dags/example_dynamic_task_mapping.py for tasks to queue
[2023-03-28T11:07:18.857-0400] {logging_mixin.py:137} INFO - [2023-03-28T11:07:18.857-0400] {dagbag.py:532} INFO - Filling up the DagBag from /Users/sunanda/Downloads/airflow/py_env/lib/python3.9/site-packages/airflow/example_dags/example_dynamic_task_mapping.py
[2023-03-28T11:07:18.896-0400] {processor.py:753} INFO - DAG(s) dict_keys(['example_dynamic_task_mapping']) retrieved from /Users/sunanda/Downloads/airflow/py_env/lib/python3.9/site-packages/airflow/example_dags/example_dynamic_task_mapping.py
[2023-03-28T11:07:19.318-0400] {logging_mixin.py:137} INFO - [2023-03-28T11:07:19.317-0400] {dag.py:2693} INFO - Sync 1 DAGs
[2023-03-28T11:07:19.349-0400] {logging_mixin.py:137} INFO - [2023-03-28T11:07:19.348-0400] {dag.py:3440} INFO - Setting next_dagrun for example_dynamic_task_mapping to 2022-03-04T00:00:00+00:00, run_after=2022-03-05T00:00:00+00:00
[2023-03-28T11:07:19.360-0400] {processor.py:175} INFO - Processing /Users/sunanda/Downloads/airflow/py_env/lib/python3.9/site-packages/airflow/example_dags/example_dynamic_task_mapping.py took 0.527 seconds
[2023-03-28T11:11:22.991-0400] {processor.py:153} INFO - Started process (PID=98658) to work on /Users/sunanda/Downloads/airflow/py_env/lib/python3.9/site-packages/airflow/example_dags/example_dynamic_task_mapping.py
[2023-03-28T11:11:23.006-0400] {processor.py:743} INFO - Processing file /Users/sunanda/Downloads/airflow/py_env/lib/python3.9/site-packages/airflow/example_dags/example_dynamic_task_mapping.py for tasks to queue
[2023-03-28T11:11:23.006-0400] {logging_mixin.py:137} INFO - [2023-03-28T11:11:23.006-0400] {dagbag.py:532} INFO - Filling up the DagBag from /Users/sunanda/Downloads/airflow/py_env/lib/python3.9/site-packages/airflow/example_dags/example_dynamic_task_mapping.py
[2023-03-28T11:11:23.033-0400] {processor.py:753} INFO - DAG(s) dict_keys(['example_dynamic_task_mapping']) retrieved from /Users/sunanda/Downloads/airflow/py_env/lib/python3.9/site-packages/airflow/example_dags/example_dynamic_task_mapping.py
[2023-03-28T11:11:23.626-0400] {logging_mixin.py:137} INFO - [2023-03-28T11:11:23.626-0400] {dag.py:2693} INFO - Sync 1 DAGs
[2023-03-28T11:11:23.635-0400] {logging_mixin.py:137} INFO - [2023-03-28T11:11:23.635-0400] {dag.py:3440} INFO - Setting next_dagrun for example_dynamic_task_mapping to 2022-03-04T00:00:00+00:00, run_after=2022-03-05T00:00:00+00:00
[2023-03-28T11:11:23.654-0400] {processor.py:175} INFO - Processing /Users/sunanda/Downloads/airflow/py_env/lib/python3.9/site-packages/airflow/example_dags/example_dynamic_task_mapping.py took 0.664 seconds
[2023-03-28T11:15:12.515-0400] {processor.py:153} INFO - Started process (PID=98953) to work on /Users/sunanda/Downloads/airflow/py_env/lib/python3.9/site-packages/airflow/example_dags/example_dynamic_task_mapping.py
[2023-03-28T11:15:12.524-0400] {processor.py:743} INFO - Processing file /Users/sunanda/Downloads/airflow/py_env/lib/python3.9/site-packages/airflow/example_dags/example_dynamic_task_mapping.py for tasks to queue
[2023-03-28T11:15:12.524-0400] {logging_mixin.py:137} INFO - [2023-03-28T11:15:12.524-0400] {dagbag.py:532} INFO - Filling up the DagBag from /Users/sunanda/Downloads/airflow/py_env/lib/python3.9/site-packages/airflow/example_dags/example_dynamic_task_mapping.py
[2023-03-28T11:15:12.559-0400] {processor.py:753} INFO - DAG(s) dict_keys(['example_dynamic_task_mapping']) retrieved from /Users/sunanda/Downloads/airflow/py_env/lib/python3.9/site-packages/airflow/example_dags/example_dynamic_task_mapping.py
[2023-03-28T11:15:13.083-0400] {logging_mixin.py:137} INFO - [2023-03-28T11:15:13.083-0400] {dag.py:2693} INFO - Sync 1 DAGs
[2023-03-28T11:15:13.097-0400] {logging_mixin.py:137} INFO - [2023-03-28T11:15:13.097-0400] {dag.py:3440} INFO - Setting next_dagrun for example_dynamic_task_mapping to 2022-03-04T00:00:00+00:00, run_after=2022-03-05T00:00:00+00:00
[2023-03-28T11:15:13.118-0400] {processor.py:175} INFO - Processing /Users/sunanda/Downloads/airflow/py_env/lib/python3.9/site-packages/airflow/example_dags/example_dynamic_task_mapping.py took 0.603 seconds
[2023-03-28T11:19:07.367-0400] {processor.py:153} INFO - Started process (PID=99257) to work on /Users/sunanda/Downloads/airflow/py_env/lib/python3.9/site-packages/airflow/example_dags/example_dynamic_task_mapping.py
[2023-03-28T11:19:07.385-0400] {processor.py:743} INFO - Processing file /Users/sunanda/Downloads/airflow/py_env/lib/python3.9/site-packages/airflow/example_dags/example_dynamic_task_mapping.py for tasks to queue
[2023-03-28T11:19:07.385-0400] {logging_mixin.py:137} INFO - [2023-03-28T11:19:07.385-0400] {dagbag.py:532} INFO - Filling up the DagBag from /Users/sunanda/Downloads/airflow/py_env/lib/python3.9/site-packages/airflow/example_dags/example_dynamic_task_mapping.py
[2023-03-28T11:19:07.428-0400] {processor.py:753} INFO - DAG(s) dict_keys(['example_dynamic_task_mapping']) retrieved from /Users/sunanda/Downloads/airflow/py_env/lib/python3.9/site-packages/airflow/example_dags/example_dynamic_task_mapping.py
[2023-03-28T11:19:07.877-0400] {logging_mixin.py:137} INFO - [2023-03-28T11:19:07.877-0400] {dag.py:2693} INFO - Sync 1 DAGs
[2023-03-28T11:19:07.903-0400] {logging_mixin.py:137} INFO - [2023-03-28T11:19:07.903-0400] {dag.py:3440} INFO - Setting next_dagrun for example_dynamic_task_mapping to 2022-03-04T00:00:00+00:00, run_after=2022-03-05T00:00:00+00:00
[2023-03-28T11:19:07.911-0400] {processor.py:175} INFO - Processing /Users/sunanda/Downloads/airflow/py_env/lib/python3.9/site-packages/airflow/example_dags/example_dynamic_task_mapping.py took 0.546 seconds
[2023-03-28T11:22:56.092-0400] {processor.py:153} INFO - Started process (PID=99545) to work on /Users/sunanda/Downloads/airflow/py_env/lib/python3.9/site-packages/airflow/example_dags/example_dynamic_task_mapping.py
[2023-03-28T11:22:56.094-0400] {processor.py:743} INFO - Processing file /Users/sunanda/Downloads/airflow/py_env/lib/python3.9/site-packages/airflow/example_dags/example_dynamic_task_mapping.py for tasks to queue
[2023-03-28T11:22:56.095-0400] {logging_mixin.py:137} INFO - [2023-03-28T11:22:56.094-0400] {dagbag.py:532} INFO - Filling up the DagBag from /Users/sunanda/Downloads/airflow/py_env/lib/python3.9/site-packages/airflow/example_dags/example_dynamic_task_mapping.py
[2023-03-28T11:22:56.146-0400] {processor.py:753} INFO - DAG(s) dict_keys(['example_dynamic_task_mapping']) retrieved from /Users/sunanda/Downloads/airflow/py_env/lib/python3.9/site-packages/airflow/example_dags/example_dynamic_task_mapping.py
[2023-03-28T11:22:56.539-0400] {logging_mixin.py:137} INFO - [2023-03-28T11:22:56.539-0400] {dag.py:2693} INFO - Sync 1 DAGs
[2023-03-28T11:22:56.551-0400] {logging_mixin.py:137} INFO - [2023-03-28T11:22:56.551-0400] {dag.py:3440} INFO - Setting next_dagrun for example_dynamic_task_mapping to 2022-03-04T00:00:00+00:00, run_after=2022-03-05T00:00:00+00:00
[2023-03-28T11:22:56.565-0400] {processor.py:175} INFO - Processing /Users/sunanda/Downloads/airflow/py_env/lib/python3.9/site-packages/airflow/example_dags/example_dynamic_task_mapping.py took 0.475 seconds
[2023-03-28T11:26:51.500-0400] {processor.py:153} INFO - Started process (PID=99848) to work on /Users/sunanda/Downloads/airflow/py_env/lib/python3.9/site-packages/airflow/example_dags/example_dynamic_task_mapping.py
[2023-03-28T11:26:51.503-0400] {processor.py:743} INFO - Processing file /Users/sunanda/Downloads/airflow/py_env/lib/python3.9/site-packages/airflow/example_dags/example_dynamic_task_mapping.py for tasks to queue
[2023-03-28T11:26:51.503-0400] {logging_mixin.py:137} INFO - [2023-03-28T11:26:51.503-0400] {dagbag.py:532} INFO - Filling up the DagBag from /Users/sunanda/Downloads/airflow/py_env/lib/python3.9/site-packages/airflow/example_dags/example_dynamic_task_mapping.py
[2023-03-28T11:26:51.529-0400] {processor.py:753} INFO - DAG(s) dict_keys(['example_dynamic_task_mapping']) retrieved from /Users/sunanda/Downloads/airflow/py_env/lib/python3.9/site-packages/airflow/example_dags/example_dynamic_task_mapping.py
[2023-03-28T11:26:52.133-0400] {logging_mixin.py:137} INFO - [2023-03-28T11:26:52.133-0400] {dag.py:2693} INFO - Sync 1 DAGs
[2023-03-28T11:26:52.147-0400] {logging_mixin.py:137} INFO - [2023-03-28T11:26:52.147-0400] {dag.py:3440} INFO - Setting next_dagrun for example_dynamic_task_mapping to 2022-03-04T00:00:00+00:00, run_after=2022-03-05T00:00:00+00:00
[2023-03-28T11:26:52.165-0400] {processor.py:175} INFO - Processing /Users/sunanda/Downloads/airflow/py_env/lib/python3.9/site-packages/airflow/example_dags/example_dynamic_task_mapping.py took 0.665 seconds
[2023-03-28T11:37:52.883-0400] {processor.py:153} INFO - Started process (PID=383) to work on /Users/sunanda/Downloads/airflow/py_env/lib/python3.9/site-packages/airflow/example_dags/example_dynamic_task_mapping.py
[2023-03-28T11:37:52.893-0400] {processor.py:743} INFO - Processing file /Users/sunanda/Downloads/airflow/py_env/lib/python3.9/site-packages/airflow/example_dags/example_dynamic_task_mapping.py for tasks to queue
[2023-03-28T11:37:52.894-0400] {logging_mixin.py:137} INFO - [2023-03-28T11:37:52.894-0400] {dagbag.py:532} INFO - Filling up the DagBag from /Users/sunanda/Downloads/airflow/py_env/lib/python3.9/site-packages/airflow/example_dags/example_dynamic_task_mapping.py
[2023-03-28T11:37:52.940-0400] {processor.py:753} INFO - DAG(s) dict_keys(['example_dynamic_task_mapping']) retrieved from /Users/sunanda/Downloads/airflow/py_env/lib/python3.9/site-packages/airflow/example_dags/example_dynamic_task_mapping.py
[2023-03-28T11:37:53.369-0400] {logging_mixin.py:137} INFO - [2023-03-28T11:37:53.369-0400] {dag.py:2693} INFO - Sync 1 DAGs
[2023-03-28T11:37:53.390-0400] {logging_mixin.py:137} INFO - [2023-03-28T11:37:53.389-0400] {dag.py:3440} INFO - Setting next_dagrun for example_dynamic_task_mapping to 2022-03-04T00:00:00+00:00, run_after=2022-03-05T00:00:00+00:00
[2023-03-28T11:37:53.430-0400] {processor.py:175} INFO - Processing /Users/sunanda/Downloads/airflow/py_env/lib/python3.9/site-packages/airflow/example_dags/example_dynamic_task_mapping.py took 0.548 seconds
[2023-03-28T11:41:46.765-0400] {processor.py:153} INFO - Started process (PID=801) to work on /Users/sunanda/Downloads/airflow/py_env/lib/python3.9/site-packages/airflow/example_dags/example_dynamic_task_mapping.py
[2023-03-28T11:41:46.768-0400] {processor.py:743} INFO - Processing file /Users/sunanda/Downloads/airflow/py_env/lib/python3.9/site-packages/airflow/example_dags/example_dynamic_task_mapping.py for tasks to queue
[2023-03-28T11:41:46.768-0400] {logging_mixin.py:137} INFO - [2023-03-28T11:41:46.768-0400] {dagbag.py:532} INFO - Filling up the DagBag from /Users/sunanda/Downloads/airflow/py_env/lib/python3.9/site-packages/airflow/example_dags/example_dynamic_task_mapping.py
[2023-03-28T11:41:46.824-0400] {processor.py:753} INFO - DAG(s) dict_keys(['example_dynamic_task_mapping']) retrieved from /Users/sunanda/Downloads/airflow/py_env/lib/python3.9/site-packages/airflow/example_dags/example_dynamic_task_mapping.py
[2023-03-28T11:41:47.316-0400] {logging_mixin.py:137} INFO - [2023-03-28T11:41:47.315-0400] {dag.py:2693} INFO - Sync 1 DAGs
[2023-03-28T11:41:47.339-0400] {logging_mixin.py:137} INFO - [2023-03-28T11:41:47.339-0400] {dag.py:3440} INFO - Setting next_dagrun for example_dynamic_task_mapping to 2022-03-04T00:00:00+00:00, run_after=2022-03-05T00:00:00+00:00
[2023-03-28T11:41:47.353-0400] {processor.py:175} INFO - Processing /Users/sunanda/Downloads/airflow/py_env/lib/python3.9/site-packages/airflow/example_dags/example_dynamic_task_mapping.py took 0.591 seconds
[2023-03-28T11:45:31.869-0400] {processor.py:153} INFO - Started process (PID=1099) to work on /Users/sunanda/Downloads/airflow/py_env/lib/python3.9/site-packages/airflow/example_dags/example_dynamic_task_mapping.py
[2023-03-28T11:45:31.893-0400] {processor.py:743} INFO - Processing file /Users/sunanda/Downloads/airflow/py_env/lib/python3.9/site-packages/airflow/example_dags/example_dynamic_task_mapping.py for tasks to queue
[2023-03-28T11:45:31.893-0400] {logging_mixin.py:137} INFO - [2023-03-28T11:45:31.893-0400] {dagbag.py:532} INFO - Filling up the DagBag from /Users/sunanda/Downloads/airflow/py_env/lib/python3.9/site-packages/airflow/example_dags/example_dynamic_task_mapping.py
[2023-03-28T11:45:31.915-0400] {processor.py:753} INFO - DAG(s) dict_keys(['example_dynamic_task_mapping']) retrieved from /Users/sunanda/Downloads/airflow/py_env/lib/python3.9/site-packages/airflow/example_dags/example_dynamic_task_mapping.py
[2023-03-28T11:45:32.357-0400] {logging_mixin.py:137} INFO - [2023-03-28T11:45:32.356-0400] {dag.py:2693} INFO - Sync 1 DAGs
[2023-03-28T11:45:32.370-0400] {logging_mixin.py:137} INFO - [2023-03-28T11:45:32.370-0400] {dag.py:3440} INFO - Setting next_dagrun for example_dynamic_task_mapping to 2022-03-04T00:00:00+00:00, run_after=2022-03-05T00:00:00+00:00
[2023-03-28T11:45:32.384-0400] {processor.py:175} INFO - Processing /Users/sunanda/Downloads/airflow/py_env/lib/python3.9/site-packages/airflow/example_dags/example_dynamic_task_mapping.py took 0.516 seconds
[2023-03-28T11:49:17.931-0400] {processor.py:153} INFO - Started process (PID=1432) to work on /Users/sunanda/Downloads/airflow/py_env/lib/python3.9/site-packages/airflow/example_dags/example_dynamic_task_mapping.py
[2023-03-28T11:49:17.934-0400] {processor.py:743} INFO - Processing file /Users/sunanda/Downloads/airflow/py_env/lib/python3.9/site-packages/airflow/example_dags/example_dynamic_task_mapping.py for tasks to queue
[2023-03-28T11:49:17.934-0400] {logging_mixin.py:137} INFO - [2023-03-28T11:49:17.934-0400] {dagbag.py:532} INFO - Filling up the DagBag from /Users/sunanda/Downloads/airflow/py_env/lib/python3.9/site-packages/airflow/example_dags/example_dynamic_task_mapping.py
[2023-03-28T11:49:17.958-0400] {processor.py:753} INFO - DAG(s) dict_keys(['example_dynamic_task_mapping']) retrieved from /Users/sunanda/Downloads/airflow/py_env/lib/python3.9/site-packages/airflow/example_dags/example_dynamic_task_mapping.py
[2023-03-28T11:49:18.370-0400] {logging_mixin.py:137} INFO - [2023-03-28T11:49:18.370-0400] {dag.py:2693} INFO - Sync 1 DAGs
[2023-03-28T11:49:18.392-0400] {logging_mixin.py:137} INFO - [2023-03-28T11:49:18.392-0400] {dag.py:3440} INFO - Setting next_dagrun for example_dynamic_task_mapping to 2022-03-04T00:00:00+00:00, run_after=2022-03-05T00:00:00+00:00
[2023-03-28T11:49:18.402-0400] {processor.py:175} INFO - Processing /Users/sunanda/Downloads/airflow/py_env/lib/python3.9/site-packages/airflow/example_dags/example_dynamic_task_mapping.py took 0.483 seconds
[2023-03-28T11:53:38.656-0400] {processor.py:153} INFO - Started process (PID=1837) to work on /Users/sunanda/Downloads/airflow/py_env/lib/python3.9/site-packages/airflow/example_dags/example_dynamic_task_mapping.py
[2023-03-28T11:53:38.664-0400] {processor.py:743} INFO - Processing file /Users/sunanda/Downloads/airflow/py_env/lib/python3.9/site-packages/airflow/example_dags/example_dynamic_task_mapping.py for tasks to queue
[2023-03-28T11:53:38.665-0400] {logging_mixin.py:137} INFO - [2023-03-28T11:53:38.665-0400] {dagbag.py:532} INFO - Filling up the DagBag from /Users/sunanda/Downloads/airflow/py_env/lib/python3.9/site-packages/airflow/example_dags/example_dynamic_task_mapping.py
[2023-03-28T11:53:38.707-0400] {processor.py:753} INFO - DAG(s) dict_keys(['example_dynamic_task_mapping']) retrieved from /Users/sunanda/Downloads/airflow/py_env/lib/python3.9/site-packages/airflow/example_dags/example_dynamic_task_mapping.py
[2023-03-28T11:53:39.117-0400] {logging_mixin.py:137} INFO - [2023-03-28T11:53:39.117-0400] {dag.py:2693} INFO - Sync 1 DAGs
[2023-03-28T11:53:39.136-0400] {logging_mixin.py:137} INFO - [2023-03-28T11:53:39.136-0400] {dag.py:3440} INFO - Setting next_dagrun for example_dynamic_task_mapping to 2022-03-04T00:00:00+00:00, run_after=2022-03-05T00:00:00+00:00
[2023-03-28T11:53:39.157-0400] {processor.py:175} INFO - Processing /Users/sunanda/Downloads/airflow/py_env/lib/python3.9/site-packages/airflow/example_dags/example_dynamic_task_mapping.py took 0.502 seconds
[2023-03-28T11:57:34.128-0400] {processor.py:153} INFO - Started process (PID=2144) to work on /Users/sunanda/Downloads/airflow/py_env/lib/python3.9/site-packages/airflow/example_dags/example_dynamic_task_mapping.py
[2023-03-28T11:57:34.130-0400] {processor.py:743} INFO - Processing file /Users/sunanda/Downloads/airflow/py_env/lib/python3.9/site-packages/airflow/example_dags/example_dynamic_task_mapping.py for tasks to queue
[2023-03-28T11:57:34.130-0400] {logging_mixin.py:137} INFO - [2023-03-28T11:57:34.130-0400] {dagbag.py:532} INFO - Filling up the DagBag from /Users/sunanda/Downloads/airflow/py_env/lib/python3.9/site-packages/airflow/example_dags/example_dynamic_task_mapping.py
[2023-03-28T11:57:34.189-0400] {processor.py:753} INFO - DAG(s) dict_keys(['example_dynamic_task_mapping']) retrieved from /Users/sunanda/Downloads/airflow/py_env/lib/python3.9/site-packages/airflow/example_dags/example_dynamic_task_mapping.py
[2023-03-28T11:57:34.719-0400] {logging_mixin.py:137} INFO - [2023-03-28T11:57:34.719-0400] {dag.py:2693} INFO - Sync 1 DAGs
[2023-03-28T11:57:34.741-0400] {logging_mixin.py:137} INFO - [2023-03-28T11:57:34.741-0400] {dag.py:3440} INFO - Setting next_dagrun for example_dynamic_task_mapping to 2022-03-04T00:00:00+00:00, run_after=2022-03-05T00:00:00+00:00
[2023-03-28T11:57:34.761-0400] {processor.py:175} INFO - Processing /Users/sunanda/Downloads/airflow/py_env/lib/python3.9/site-packages/airflow/example_dags/example_dynamic_task_mapping.py took 0.633 seconds
[2023-03-28T12:01:15.021-0400] {processor.py:153} INFO - Started process (PID=2459) to work on /Users/sunanda/Downloads/airflow/py_env/lib/python3.9/site-packages/airflow/example_dags/example_dynamic_task_mapping.py
[2023-03-28T12:01:15.024-0400] {processor.py:743} INFO - Processing file /Users/sunanda/Downloads/airflow/py_env/lib/python3.9/site-packages/airflow/example_dags/example_dynamic_task_mapping.py for tasks to queue
[2023-03-28T12:01:15.024-0400] {logging_mixin.py:137} INFO - [2023-03-28T12:01:15.024-0400] {dagbag.py:532} INFO - Filling up the DagBag from /Users/sunanda/Downloads/airflow/py_env/lib/python3.9/site-packages/airflow/example_dags/example_dynamic_task_mapping.py
[2023-03-28T12:01:15.057-0400] {processor.py:753} INFO - DAG(s) dict_keys(['example_dynamic_task_mapping']) retrieved from /Users/sunanda/Downloads/airflow/py_env/lib/python3.9/site-packages/airflow/example_dags/example_dynamic_task_mapping.py
[2023-03-28T12:01:15.589-0400] {logging_mixin.py:137} INFO - [2023-03-28T12:01:15.586-0400] {dag.py:2693} INFO - Sync 1 DAGs
[2023-03-28T12:01:15.596-0400] {logging_mixin.py:137} INFO - [2023-03-28T12:01:15.596-0400] {dag.py:3440} INFO - Setting next_dagrun for example_dynamic_task_mapping to 2022-03-04T00:00:00+00:00, run_after=2022-03-05T00:00:00+00:00
[2023-03-28T12:01:15.609-0400] {processor.py:175} INFO - Processing /Users/sunanda/Downloads/airflow/py_env/lib/python3.9/site-packages/airflow/example_dags/example_dynamic_task_mapping.py took 0.589 seconds
[2023-03-28T12:05:09.520-0400] {processor.py:153} INFO - Started process (PID=2810) to work on /Users/sunanda/Downloads/airflow/py_env/lib/python3.9/site-packages/airflow/example_dags/example_dynamic_task_mapping.py
[2023-03-28T12:05:09.524-0400] {processor.py:743} INFO - Processing file /Users/sunanda/Downloads/airflow/py_env/lib/python3.9/site-packages/airflow/example_dags/example_dynamic_task_mapping.py for tasks to queue
[2023-03-28T12:05:09.524-0400] {logging_mixin.py:137} INFO - [2023-03-28T12:05:09.524-0400] {dagbag.py:532} INFO - Filling up the DagBag from /Users/sunanda/Downloads/airflow/py_env/lib/python3.9/site-packages/airflow/example_dags/example_dynamic_task_mapping.py
[2023-03-28T12:05:09.547-0400] {processor.py:753} INFO - DAG(s) dict_keys(['example_dynamic_task_mapping']) retrieved from /Users/sunanda/Downloads/airflow/py_env/lib/python3.9/site-packages/airflow/example_dags/example_dynamic_task_mapping.py
[2023-03-28T12:05:09.949-0400] {logging_mixin.py:137} INFO - [2023-03-28T12:05:09.949-0400] {dag.py:2693} INFO - Sync 1 DAGs
[2023-03-28T12:05:09.967-0400] {logging_mixin.py:137} INFO - [2023-03-28T12:05:09.966-0400] {dag.py:3440} INFO - Setting next_dagrun for example_dynamic_task_mapping to 2022-03-04T00:00:00+00:00, run_after=2022-03-05T00:00:00+00:00
[2023-03-28T12:05:09.985-0400] {processor.py:175} INFO - Processing /Users/sunanda/Downloads/airflow/py_env/lib/python3.9/site-packages/airflow/example_dags/example_dynamic_task_mapping.py took 0.465 seconds
[2023-03-28T12:09:13.138-0400] {processor.py:153} INFO - Started process (PID=3268) to work on /Users/sunanda/Downloads/airflow/py_env/lib/python3.9/site-packages/airflow/example_dags/example_dynamic_task_mapping.py
[2023-03-28T12:09:13.145-0400] {processor.py:743} INFO - Processing file /Users/sunanda/Downloads/airflow/py_env/lib/python3.9/site-packages/airflow/example_dags/example_dynamic_task_mapping.py for tasks to queue
[2023-03-28T12:09:13.145-0400] {logging_mixin.py:137} INFO - [2023-03-28T12:09:13.145-0400] {dagbag.py:532} INFO - Filling up the DagBag from /Users/sunanda/Downloads/airflow/py_env/lib/python3.9/site-packages/airflow/example_dags/example_dynamic_task_mapping.py
[2023-03-28T12:09:13.199-0400] {processor.py:753} INFO - DAG(s) dict_keys(['example_dynamic_task_mapping']) retrieved from /Users/sunanda/Downloads/airflow/py_env/lib/python3.9/site-packages/airflow/example_dags/example_dynamic_task_mapping.py
[2023-03-28T12:09:13.752-0400] {logging_mixin.py:137} INFO - [2023-03-28T12:09:13.752-0400] {dag.py:2693} INFO - Sync 1 DAGs
[2023-03-28T12:09:13.776-0400] {logging_mixin.py:137} INFO - [2023-03-28T12:09:13.776-0400] {dag.py:3440} INFO - Setting next_dagrun for example_dynamic_task_mapping to 2022-03-04T00:00:00+00:00, run_after=2022-03-05T00:00:00+00:00
[2023-03-28T12:09:13.794-0400] {processor.py:175} INFO - Processing /Users/sunanda/Downloads/airflow/py_env/lib/python3.9/site-packages/airflow/example_dags/example_dynamic_task_mapping.py took 0.659 seconds
[2023-03-28T12:13:07.099-0400] {processor.py:153} INFO - Started process (PID=3627) to work on /Users/sunanda/Downloads/airflow/py_env/lib/python3.9/site-packages/airflow/example_dags/example_dynamic_task_mapping.py
[2023-03-28T12:13:07.103-0400] {processor.py:743} INFO - Processing file /Users/sunanda/Downloads/airflow/py_env/lib/python3.9/site-packages/airflow/example_dags/example_dynamic_task_mapping.py for tasks to queue
[2023-03-28T12:13:07.103-0400] {logging_mixin.py:137} INFO - [2023-03-28T12:13:07.103-0400] {dagbag.py:532} INFO - Filling up the DagBag from /Users/sunanda/Downloads/airflow/py_env/lib/python3.9/site-packages/airflow/example_dags/example_dynamic_task_mapping.py
[2023-03-28T12:13:07.128-0400] {processor.py:753} INFO - DAG(s) dict_keys(['example_dynamic_task_mapping']) retrieved from /Users/sunanda/Downloads/airflow/py_env/lib/python3.9/site-packages/airflow/example_dags/example_dynamic_task_mapping.py
[2023-03-28T12:13:07.695-0400] {logging_mixin.py:137} INFO - [2023-03-28T12:13:07.695-0400] {dag.py:2693} INFO - Sync 1 DAGs
[2023-03-28T12:13:07.724-0400] {logging_mixin.py:137} INFO - [2023-03-28T12:13:07.724-0400] {dag.py:3440} INFO - Setting next_dagrun for example_dynamic_task_mapping to 2022-03-04T00:00:00+00:00, run_after=2022-03-05T00:00:00+00:00
[2023-03-28T12:13:07.740-0400] {processor.py:175} INFO - Processing /Users/sunanda/Downloads/airflow/py_env/lib/python3.9/site-packages/airflow/example_dags/example_dynamic_task_mapping.py took 0.641 seconds
[2023-03-28T12:15:27.054-0400] {processor.py:153} INFO - Started process (PID=3828) to work on /Users/sunanda/Downloads/airflow/py_env/lib/python3.9/site-packages/airflow/example_dags/example_dynamic_task_mapping.py
[2023-03-28T12:15:27.057-0400] {processor.py:743} INFO - Processing file /Users/sunanda/Downloads/airflow/py_env/lib/python3.9/site-packages/airflow/example_dags/example_dynamic_task_mapping.py for tasks to queue
[2023-03-28T12:15:27.057-0400] {logging_mixin.py:137} INFO - [2023-03-28T12:15:27.057-0400] {dagbag.py:532} INFO - Filling up the DagBag from /Users/sunanda/Downloads/airflow/py_env/lib/python3.9/site-packages/airflow/example_dags/example_dynamic_task_mapping.py
[2023-03-28T12:15:27.091-0400] {processor.py:753} INFO - DAG(s) dict_keys(['example_dynamic_task_mapping']) retrieved from /Users/sunanda/Downloads/airflow/py_env/lib/python3.9/site-packages/airflow/example_dags/example_dynamic_task_mapping.py
[2023-03-28T12:15:27.493-0400] {logging_mixin.py:137} INFO - [2023-03-28T12:15:27.488-0400] {dag.py:2693} INFO - Sync 1 DAGs
[2023-03-28T12:15:27.509-0400] {logging_mixin.py:137} INFO - [2023-03-28T12:15:27.509-0400] {dag.py:3440} INFO - Setting next_dagrun for example_dynamic_task_mapping to 2022-03-04T00:00:00+00:00, run_after=2022-03-05T00:00:00+00:00
[2023-03-28T12:15:27.522-0400] {processor.py:175} INFO - Processing /Users/sunanda/Downloads/airflow/py_env/lib/python3.9/site-packages/airflow/example_dags/example_dynamic_task_mapping.py took 0.469 seconds
[2023-03-28T12:17:54.068-0400] {processor.py:153} INFO - Started process (PID=4072) to work on /Users/sunanda/Downloads/airflow/py_env/lib/python3.9/site-packages/airflow/example_dags/example_dynamic_task_mapping.py
[2023-03-28T12:17:54.074-0400] {processor.py:743} INFO - Processing file /Users/sunanda/Downloads/airflow/py_env/lib/python3.9/site-packages/airflow/example_dags/example_dynamic_task_mapping.py for tasks to queue
[2023-03-28T12:17:54.074-0400] {logging_mixin.py:137} INFO - [2023-03-28T12:17:54.074-0400] {dagbag.py:532} INFO - Filling up the DagBag from /Users/sunanda/Downloads/airflow/py_env/lib/python3.9/site-packages/airflow/example_dags/example_dynamic_task_mapping.py
[2023-03-28T12:17:54.101-0400] {processor.py:753} INFO - DAG(s) dict_keys(['example_dynamic_task_mapping']) retrieved from /Users/sunanda/Downloads/airflow/py_env/lib/python3.9/site-packages/airflow/example_dags/example_dynamic_task_mapping.py
[2023-03-28T12:17:54.637-0400] {logging_mixin.py:137} INFO - [2023-03-28T12:17:54.637-0400] {dag.py:2693} INFO - Sync 1 DAGs
[2023-03-28T12:17:54.653-0400] {logging_mixin.py:137} INFO - [2023-03-28T12:17:54.653-0400] {dag.py:3440} INFO - Setting next_dagrun for example_dynamic_task_mapping to 2022-03-04T00:00:00+00:00, run_after=2022-03-05T00:00:00+00:00
[2023-03-28T12:17:54.692-0400] {processor.py:175} INFO - Processing /Users/sunanda/Downloads/airflow/py_env/lib/python3.9/site-packages/airflow/example_dags/example_dynamic_task_mapping.py took 0.626 seconds
[2023-03-28T12:21:39.600-0400] {processor.py:153} INFO - Started process (PID=4356) to work on /Users/sunanda/Downloads/airflow/py_env/lib/python3.9/site-packages/airflow/example_dags/example_dynamic_task_mapping.py
[2023-03-28T12:21:39.616-0400] {processor.py:743} INFO - Processing file /Users/sunanda/Downloads/airflow/py_env/lib/python3.9/site-packages/airflow/example_dags/example_dynamic_task_mapping.py for tasks to queue
[2023-03-28T12:21:39.616-0400] {logging_mixin.py:137} INFO - [2023-03-28T12:21:39.616-0400] {dagbag.py:532} INFO - Filling up the DagBag from /Users/sunanda/Downloads/airflow/py_env/lib/python3.9/site-packages/airflow/example_dags/example_dynamic_task_mapping.py
[2023-03-28T12:21:39.676-0400] {processor.py:753} INFO - DAG(s) dict_keys(['example_dynamic_task_mapping']) retrieved from /Users/sunanda/Downloads/airflow/py_env/lib/python3.9/site-packages/airflow/example_dags/example_dynamic_task_mapping.py
[2023-03-28T12:21:40.103-0400] {logging_mixin.py:137} INFO - [2023-03-28T12:21:40.103-0400] {dag.py:2693} INFO - Sync 1 DAGs
[2023-03-28T12:21:40.118-0400] {logging_mixin.py:137} INFO - [2023-03-28T12:21:40.118-0400] {dag.py:3440} INFO - Setting next_dagrun for example_dynamic_task_mapping to 2022-03-04T00:00:00+00:00, run_after=2022-03-05T00:00:00+00:00
[2023-03-28T12:21:40.135-0400] {processor.py:175} INFO - Processing /Users/sunanda/Downloads/airflow/py_env/lib/python3.9/site-packages/airflow/example_dags/example_dynamic_task_mapping.py took 0.538 seconds
[2023-03-28T12:28:25.687-0400] {processor.py:153} INFO - Started process (PID=4697) to work on /Users/sunanda/Downloads/airflow/py_env/lib/python3.9/site-packages/airflow/example_dags/example_dynamic_task_mapping.py
[2023-03-28T12:28:25.693-0400] {processor.py:743} INFO - Processing file /Users/sunanda/Downloads/airflow/py_env/lib/python3.9/site-packages/airflow/example_dags/example_dynamic_task_mapping.py for tasks to queue
[2023-03-28T12:28:25.694-0400] {logging_mixin.py:137} INFO - [2023-03-28T12:28:25.694-0400] {dagbag.py:532} INFO - Filling up the DagBag from /Users/sunanda/Downloads/airflow/py_env/lib/python3.9/site-packages/airflow/example_dags/example_dynamic_task_mapping.py
[2023-03-28T12:28:25.750-0400] {processor.py:753} INFO - DAG(s) dict_keys(['example_dynamic_task_mapping']) retrieved from /Users/sunanda/Downloads/airflow/py_env/lib/python3.9/site-packages/airflow/example_dags/example_dynamic_task_mapping.py
[2023-03-28T12:28:26.309-0400] {logging_mixin.py:137} INFO - [2023-03-28T12:28:26.309-0400] {dag.py:2693} INFO - Sync 1 DAGs
[2023-03-28T12:28:26.324-0400] {logging_mixin.py:137} INFO - [2023-03-28T12:28:26.316-0400] {dag.py:3440} INFO - Setting next_dagrun for example_dynamic_task_mapping to 2022-03-04T00:00:00+00:00, run_after=2022-03-05T00:00:00+00:00
[2023-03-28T12:28:26.338-0400] {processor.py:175} INFO - Processing /Users/sunanda/Downloads/airflow/py_env/lib/python3.9/site-packages/airflow/example_dags/example_dynamic_task_mapping.py took 0.651 seconds
