[2023-03-27T23:37:58.352-0400] {processor.py:153} INFO - Started process (PID=79215) to work on /Users/sunanda/Downloads/airflow/py_env/lib/python3.9/site-packages/airflow/example_dags/example_latest_only_with_trigger.py
[2023-03-27T23:37:58.359-0400] {processor.py:743} INFO - Processing file /Users/sunanda/Downloads/airflow/py_env/lib/python3.9/site-packages/airflow/example_dags/example_latest_only_with_trigger.py for tasks to queue
[2023-03-27T23:37:58.359-0400] {logging_mixin.py:137} INFO - [2023-03-27T23:37:58.359-0400] {dagbag.py:532} INFO - Filling up the DagBag from /Users/sunanda/Downloads/airflow/py_env/lib/python3.9/site-packages/airflow/example_dags/example_latest_only_with_trigger.py
[2023-03-27T23:37:58.371-0400] {processor.py:753} INFO - DAG(s) dict_keys(['latest_only_with_trigger']) retrieved from /Users/sunanda/Downloads/airflow/py_env/lib/python3.9/site-packages/airflow/example_dags/example_latest_only_with_trigger.py
[2023-03-27T23:37:58.632-0400] {logging_mixin.py:137} INFO - [2023-03-27T23:37:58.632-0400] {dag.py:2693} INFO - Sync 1 DAGs
[2023-03-27T23:37:58.639-0400] {logging_mixin.py:137} INFO - [2023-03-27T23:37:58.639-0400] {dag.py:3440} INFO - Setting next_dagrun for latest_only_with_trigger to 2023-03-27T23:37:58.639723+00:00, run_after=2023-03-28T03:37:58.639723+00:00
[2023-03-27T23:37:58.647-0400] {processor.py:175} INFO - Processing /Users/sunanda/Downloads/airflow/py_env/lib/python3.9/site-packages/airflow/example_dags/example_latest_only_with_trigger.py took 0.296 seconds
[2023-03-27T23:39:47.318-0400] {processor.py:153} INFO - Started process (PID=79397) to work on /Users/sunanda/Downloads/airflow/py_env/lib/python3.9/site-packages/airflow/example_dags/example_latest_only_with_trigger.py
[2023-03-27T23:39:47.326-0400] {processor.py:743} INFO - Processing file /Users/sunanda/Downloads/airflow/py_env/lib/python3.9/site-packages/airflow/example_dags/example_latest_only_with_trigger.py for tasks to queue
[2023-03-27T23:39:47.326-0400] {logging_mixin.py:137} INFO - [2023-03-27T23:39:47.326-0400] {dagbag.py:532} INFO - Filling up the DagBag from /Users/sunanda/Downloads/airflow/py_env/lib/python3.9/site-packages/airflow/example_dags/example_latest_only_with_trigger.py
[2023-03-27T23:39:47.337-0400] {processor.py:753} INFO - DAG(s) dict_keys(['latest_only_with_trigger']) retrieved from /Users/sunanda/Downloads/airflow/py_env/lib/python3.9/site-packages/airflow/example_dags/example_latest_only_with_trigger.py
[2023-03-27T23:39:47.589-0400] {logging_mixin.py:137} INFO - [2023-03-27T23:39:47.589-0400] {dag.py:2693} INFO - Sync 1 DAGs
[2023-03-27T23:39:47.595-0400] {logging_mixin.py:137} INFO - [2023-03-27T23:39:47.595-0400] {dag.py:3440} INFO - Setting next_dagrun for latest_only_with_trigger to 2023-03-27T23:39:47.595695+00:00, run_after=2023-03-28T03:39:47.595695+00:00
[2023-03-27T23:39:47.604-0400] {processor.py:175} INFO - Processing /Users/sunanda/Downloads/airflow/py_env/lib/python3.9/site-packages/airflow/example_dags/example_latest_only_with_trigger.py took 0.286 seconds
[2023-03-28T00:22:24.821-0400] {processor.py:153} INFO - Started process (PID=82686) to work on /Users/sunanda/Downloads/airflow/py_env/lib/python3.9/site-packages/airflow/example_dags/example_latest_only_with_trigger.py
[2023-03-28T00:22:24.824-0400] {processor.py:743} INFO - Processing file /Users/sunanda/Downloads/airflow/py_env/lib/python3.9/site-packages/airflow/example_dags/example_latest_only_with_trigger.py for tasks to queue
[2023-03-28T00:22:24.825-0400] {logging_mixin.py:137} INFO - [2023-03-28T00:22:24.825-0400] {dagbag.py:532} INFO - Filling up the DagBag from /Users/sunanda/Downloads/airflow/py_env/lib/python3.9/site-packages/airflow/example_dags/example_latest_only_with_trigger.py
[2023-03-28T00:22:24.846-0400] {processor.py:753} INFO - DAG(s) dict_keys(['latest_only_with_trigger']) retrieved from /Users/sunanda/Downloads/airflow/py_env/lib/python3.9/site-packages/airflow/example_dags/example_latest_only_with_trigger.py
[2023-03-28T00:22:25.216-0400] {logging_mixin.py:137} INFO - [2023-03-28T00:22:25.216-0400] {dag.py:2693} INFO - Sync 1 DAGs
[2023-03-28T00:22:25.243-0400] {logging_mixin.py:137} INFO - [2023-03-28T00:22:25.243-0400] {dag.py:3440} INFO - Setting next_dagrun for latest_only_with_trigger to 2023-03-28T00:22:25.243459+00:00, run_after=2023-03-28T04:22:25.243459+00:00
[2023-03-28T00:22:25.258-0400] {processor.py:175} INFO - Processing /Users/sunanda/Downloads/airflow/py_env/lib/python3.9/site-packages/airflow/example_dags/example_latest_only_with_trigger.py took 0.437 seconds
[2023-03-28T10:11:17.379-0400] {processor.py:153} INFO - Started process (PID=91331) to work on /Users/sunanda/Downloads/airflow/py_env/lib/python3.9/site-packages/airflow/example_dags/example_latest_only_with_trigger.py
[2023-03-28T10:11:17.389-0400] {processor.py:743} INFO - Processing file /Users/sunanda/Downloads/airflow/py_env/lib/python3.9/site-packages/airflow/example_dags/example_latest_only_with_trigger.py for tasks to queue
[2023-03-28T10:11:17.390-0400] {logging_mixin.py:137} INFO - [2023-03-28T10:11:17.389-0400] {dagbag.py:532} INFO - Filling up the DagBag from /Users/sunanda/Downloads/airflow/py_env/lib/python3.9/site-packages/airflow/example_dags/example_latest_only_with_trigger.py
[2023-03-28T10:11:17.432-0400] {processor.py:753} INFO - DAG(s) dict_keys(['latest_only_with_trigger']) retrieved from /Users/sunanda/Downloads/airflow/py_env/lib/python3.9/site-packages/airflow/example_dags/example_latest_only_with_trigger.py
[2023-03-28T10:11:18.115-0400] {logging_mixin.py:137} INFO - [2023-03-28T10:11:18.115-0400] {dag.py:2693} INFO - Sync 1 DAGs
[2023-03-28T10:11:18.122-0400] {logging_mixin.py:137} INFO - [2023-03-28T10:11:18.122-0400] {dag.py:3440} INFO - Setting next_dagrun for latest_only_with_trigger to 2023-03-28T10:11:18.122485+00:00, run_after=2023-03-28T14:11:18.122485+00:00
[2023-03-28T10:11:18.138-0400] {processor.py:175} INFO - Processing /Users/sunanda/Downloads/airflow/py_env/lib/python3.9/site-packages/airflow/example_dags/example_latest_only_with_trigger.py took 0.759 seconds
[2023-03-28T10:14:08.836-0400] {processor.py:153} INFO - Started process (PID=91551) to work on /Users/sunanda/Downloads/airflow/py_env/lib/python3.9/site-packages/airflow/example_dags/example_latest_only_with_trigger.py
[2023-03-28T10:14:08.840-0400] {processor.py:743} INFO - Processing file /Users/sunanda/Downloads/airflow/py_env/lib/python3.9/site-packages/airflow/example_dags/example_latest_only_with_trigger.py for tasks to queue
[2023-03-28T10:14:08.840-0400] {logging_mixin.py:137} INFO - [2023-03-28T10:14:08.840-0400] {dagbag.py:532} INFO - Filling up the DagBag from /Users/sunanda/Downloads/airflow/py_env/lib/python3.9/site-packages/airflow/example_dags/example_latest_only_with_trigger.py
[2023-03-28T10:14:08.853-0400] {processor.py:753} INFO - DAG(s) dict_keys(['latest_only_with_trigger']) retrieved from /Users/sunanda/Downloads/airflow/py_env/lib/python3.9/site-packages/airflow/example_dags/example_latest_only_with_trigger.py
[2023-03-28T10:14:09.490-0400] {logging_mixin.py:137} INFO - [2023-03-28T10:14:09.490-0400] {dag.py:2693} INFO - Sync 1 DAGs
[2023-03-28T10:14:09.500-0400] {logging_mixin.py:137} INFO - [2023-03-28T10:14:09.499-0400] {dag.py:3440} INFO - Setting next_dagrun for latest_only_with_trigger to 2023-03-28T10:14:09.499811+00:00, run_after=2023-03-28T14:14:09.499811+00:00
[2023-03-28T10:14:09.517-0400] {processor.py:175} INFO - Processing /Users/sunanda/Downloads/airflow/py_env/lib/python3.9/site-packages/airflow/example_dags/example_latest_only_with_trigger.py took 0.681 seconds
[2023-03-28T10:18:42.645-0400] {processor.py:153} INFO - Started process (PID=91904) to work on /Users/sunanda/Downloads/airflow/py_env/lib/python3.9/site-packages/airflow/example_dags/example_latest_only_with_trigger.py
[2023-03-28T10:18:42.649-0400] {processor.py:743} INFO - Processing file /Users/sunanda/Downloads/airflow/py_env/lib/python3.9/site-packages/airflow/example_dags/example_latest_only_with_trigger.py for tasks to queue
[2023-03-28T10:18:42.649-0400] {logging_mixin.py:137} INFO - [2023-03-28T10:18:42.649-0400] {dagbag.py:532} INFO - Filling up the DagBag from /Users/sunanda/Downloads/airflow/py_env/lib/python3.9/site-packages/airflow/example_dags/example_latest_only_with_trigger.py
[2023-03-28T10:18:42.662-0400] {processor.py:753} INFO - DAG(s) dict_keys(['latest_only_with_trigger']) retrieved from /Users/sunanda/Downloads/airflow/py_env/lib/python3.9/site-packages/airflow/example_dags/example_latest_only_with_trigger.py
[2023-03-28T10:18:43.203-0400] {logging_mixin.py:137} INFO - [2023-03-28T10:18:43.202-0400] {dag.py:2693} INFO - Sync 1 DAGs
[2023-03-28T10:18:43.221-0400] {logging_mixin.py:137} INFO - [2023-03-28T10:18:43.220-0400] {dag.py:3440} INFO - Setting next_dagrun for latest_only_with_trigger to 2023-03-28T10:18:43.220764+00:00, run_after=2023-03-28T14:18:43.220764+00:00
[2023-03-28T10:18:43.245-0400] {processor.py:175} INFO - Processing /Users/sunanda/Downloads/airflow/py_env/lib/python3.9/site-packages/airflow/example_dags/example_latest_only_with_trigger.py took 0.600 seconds
[2023-03-28T10:22:46.158-0400] {processor.py:153} INFO - Started process (PID=92258) to work on /Users/sunanda/Downloads/airflow/py_env/lib/python3.9/site-packages/airflow/example_dags/example_latest_only_with_trigger.py
[2023-03-28T10:22:46.163-0400] {processor.py:743} INFO - Processing file /Users/sunanda/Downloads/airflow/py_env/lib/python3.9/site-packages/airflow/example_dags/example_latest_only_with_trigger.py for tasks to queue
[2023-03-28T10:22:46.164-0400] {logging_mixin.py:137} INFO - [2023-03-28T10:22:46.164-0400] {dagbag.py:532} INFO - Filling up the DagBag from /Users/sunanda/Downloads/airflow/py_env/lib/python3.9/site-packages/airflow/example_dags/example_latest_only_with_trigger.py
[2023-03-28T10:22:46.175-0400] {processor.py:753} INFO - DAG(s) dict_keys(['latest_only_with_trigger']) retrieved from /Users/sunanda/Downloads/airflow/py_env/lib/python3.9/site-packages/airflow/example_dags/example_latest_only_with_trigger.py
[2023-03-28T10:22:46.768-0400] {logging_mixin.py:137} INFO - [2023-03-28T10:22:46.768-0400] {dag.py:2693} INFO - Sync 1 DAGs
[2023-03-28T10:22:46.788-0400] {logging_mixin.py:137} INFO - [2023-03-28T10:22:46.788-0400] {dag.py:3440} INFO - Setting next_dagrun for latest_only_with_trigger to 2023-03-28T10:22:46.788009+00:00, run_after=2023-03-28T14:22:46.788009+00:00
[2023-03-28T10:22:46.802-0400] {processor.py:175} INFO - Processing /Users/sunanda/Downloads/airflow/py_env/lib/python3.9/site-packages/airflow/example_dags/example_latest_only_with_trigger.py took 0.644 seconds
[2023-03-28T10:27:01.095-0400] {processor.py:153} INFO - Started process (PID=92716) to work on /Users/sunanda/Downloads/airflow/py_env/lib/python3.9/site-packages/airflow/example_dags/example_latest_only_with_trigger.py
[2023-03-28T10:27:01.106-0400] {processor.py:743} INFO - Processing file /Users/sunanda/Downloads/airflow/py_env/lib/python3.9/site-packages/airflow/example_dags/example_latest_only_with_trigger.py for tasks to queue
[2023-03-28T10:27:01.106-0400] {logging_mixin.py:137} INFO - [2023-03-28T10:27:01.106-0400] {dagbag.py:532} INFO - Filling up the DagBag from /Users/sunanda/Downloads/airflow/py_env/lib/python3.9/site-packages/airflow/example_dags/example_latest_only_with_trigger.py
[2023-03-28T10:27:01.173-0400] {processor.py:753} INFO - DAG(s) dict_keys(['latest_only_with_trigger']) retrieved from /Users/sunanda/Downloads/airflow/py_env/lib/python3.9/site-packages/airflow/example_dags/example_latest_only_with_trigger.py
[2023-03-28T10:27:02.145-0400] {logging_mixin.py:137} INFO - [2023-03-28T10:27:02.145-0400] {dag.py:2693} INFO - Sync 1 DAGs
[2023-03-28T10:27:02.152-0400] {logging_mixin.py:137} INFO - [2023-03-28T10:27:02.152-0400] {dag.py:3440} INFO - Setting next_dagrun for latest_only_with_trigger to 2023-03-28T10:27:02.152087+00:00, run_after=2023-03-28T14:27:02.152087+00:00
[2023-03-28T10:27:02.162-0400] {processor.py:175} INFO - Processing /Users/sunanda/Downloads/airflow/py_env/lib/python3.9/site-packages/airflow/example_dags/example_latest_only_with_trigger.py took 1.068 seconds
[2023-03-28T10:31:25.078-0400] {processor.py:153} INFO - Started process (PID=93212) to work on /Users/sunanda/Downloads/airflow/py_env/lib/python3.9/site-packages/airflow/example_dags/example_latest_only_with_trigger.py
[2023-03-28T10:31:25.083-0400] {processor.py:743} INFO - Processing file /Users/sunanda/Downloads/airflow/py_env/lib/python3.9/site-packages/airflow/example_dags/example_latest_only_with_trigger.py for tasks to queue
[2023-03-28T10:31:25.083-0400] {logging_mixin.py:137} INFO - [2023-03-28T10:31:25.083-0400] {dagbag.py:532} INFO - Filling up the DagBag from /Users/sunanda/Downloads/airflow/py_env/lib/python3.9/site-packages/airflow/example_dags/example_latest_only_with_trigger.py
[2023-03-28T10:31:25.096-0400] {processor.py:753} INFO - DAG(s) dict_keys(['latest_only_with_trigger']) retrieved from /Users/sunanda/Downloads/airflow/py_env/lib/python3.9/site-packages/airflow/example_dags/example_latest_only_with_trigger.py
[2023-03-28T10:31:25.636-0400] {logging_mixin.py:137} INFO - [2023-03-28T10:31:25.636-0400] {dag.py:2693} INFO - Sync 1 DAGs
[2023-03-28T10:31:25.669-0400] {logging_mixin.py:137} INFO - [2023-03-28T10:31:25.668-0400] {dag.py:3440} INFO - Setting next_dagrun for latest_only_with_trigger to 2023-03-28T10:31:25.668759+00:00, run_after=2023-03-28T14:31:25.668759+00:00
[2023-03-28T10:31:25.682-0400] {processor.py:175} INFO - Processing /Users/sunanda/Downloads/airflow/py_env/lib/python3.9/site-packages/airflow/example_dags/example_latest_only_with_trigger.py took 0.604 seconds
[2023-03-28T10:35:23.689-0400] {processor.py:153} INFO - Started process (PID=93531) to work on /Users/sunanda/Downloads/airflow/py_env/lib/python3.9/site-packages/airflow/example_dags/example_latest_only_with_trigger.py
[2023-03-28T10:35:23.715-0400] {processor.py:743} INFO - Processing file /Users/sunanda/Downloads/airflow/py_env/lib/python3.9/site-packages/airflow/example_dags/example_latest_only_with_trigger.py for tasks to queue
[2023-03-28T10:35:23.715-0400] {logging_mixin.py:137} INFO - [2023-03-28T10:35:23.715-0400] {dagbag.py:532} INFO - Filling up the DagBag from /Users/sunanda/Downloads/airflow/py_env/lib/python3.9/site-packages/airflow/example_dags/example_latest_only_with_trigger.py
[2023-03-28T10:35:23.727-0400] {processor.py:753} INFO - DAG(s) dict_keys(['latest_only_with_trigger']) retrieved from /Users/sunanda/Downloads/airflow/py_env/lib/python3.9/site-packages/airflow/example_dags/example_latest_only_with_trigger.py
[2023-03-28T10:35:24.219-0400] {logging_mixin.py:137} INFO - [2023-03-28T10:35:24.218-0400] {dag.py:2693} INFO - Sync 1 DAGs
[2023-03-28T10:35:24.235-0400] {logging_mixin.py:137} INFO - [2023-03-28T10:35:24.234-0400] {dag.py:3440} INFO - Setting next_dagrun for latest_only_with_trigger to 2023-03-28T10:35:24.234698+00:00, run_after=2023-03-28T14:35:24.234698+00:00
[2023-03-28T10:35:24.267-0400] {processor.py:175} INFO - Processing /Users/sunanda/Downloads/airflow/py_env/lib/python3.9/site-packages/airflow/example_dags/example_latest_only_with_trigger.py took 0.582 seconds
[2023-03-28T10:40:09.726-0400] {processor.py:153} INFO - Started process (PID=95447) to work on /Users/sunanda/Downloads/airflow/py_env/lib/python3.9/site-packages/airflow/example_dags/example_latest_only_with_trigger.py
[2023-03-28T10:40:09.728-0400] {processor.py:743} INFO - Processing file /Users/sunanda/Downloads/airflow/py_env/lib/python3.9/site-packages/airflow/example_dags/example_latest_only_with_trigger.py for tasks to queue
[2023-03-28T10:40:09.729-0400] {logging_mixin.py:137} INFO - [2023-03-28T10:40:09.729-0400] {dagbag.py:532} INFO - Filling up the DagBag from /Users/sunanda/Downloads/airflow/py_env/lib/python3.9/site-packages/airflow/example_dags/example_latest_only_with_trigger.py
[2023-03-28T10:40:09.741-0400] {processor.py:753} INFO - DAG(s) dict_keys(['latest_only_with_trigger']) retrieved from /Users/sunanda/Downloads/airflow/py_env/lib/python3.9/site-packages/airflow/example_dags/example_latest_only_with_trigger.py
[2023-03-28T10:40:10.506-0400] {logging_mixin.py:137} INFO - [2023-03-28T10:40:10.506-0400] {dag.py:2693} INFO - Sync 1 DAGs
[2023-03-28T10:40:10.525-0400] {logging_mixin.py:137} INFO - [2023-03-28T10:40:10.525-0400] {dag.py:3440} INFO - Setting next_dagrun for latest_only_with_trigger to 2023-03-28T10:40:10.525468+00:00, run_after=2023-03-28T14:40:10.525468+00:00
[2023-03-28T10:40:10.544-0400] {processor.py:175} INFO - Processing /Users/sunanda/Downloads/airflow/py_env/lib/python3.9/site-packages/airflow/example_dags/example_latest_only_with_trigger.py took 0.818 seconds
[2023-03-28T10:44:15.352-0400] {processor.py:153} INFO - Started process (PID=95879) to work on /Users/sunanda/Downloads/airflow/py_env/lib/python3.9/site-packages/airflow/example_dags/example_latest_only_with_trigger.py
[2023-03-28T10:44:15.355-0400] {processor.py:743} INFO - Processing file /Users/sunanda/Downloads/airflow/py_env/lib/python3.9/site-packages/airflow/example_dags/example_latest_only_with_trigger.py for tasks to queue
[2023-03-28T10:44:15.356-0400] {logging_mixin.py:137} INFO - [2023-03-28T10:44:15.356-0400] {dagbag.py:532} INFO - Filling up the DagBag from /Users/sunanda/Downloads/airflow/py_env/lib/python3.9/site-packages/airflow/example_dags/example_latest_only_with_trigger.py
[2023-03-28T10:44:15.367-0400] {processor.py:753} INFO - DAG(s) dict_keys(['latest_only_with_trigger']) retrieved from /Users/sunanda/Downloads/airflow/py_env/lib/python3.9/site-packages/airflow/example_dags/example_latest_only_with_trigger.py
[2023-03-28T10:44:15.999-0400] {logging_mixin.py:137} INFO - [2023-03-28T10:44:15.999-0400] {dag.py:2693} INFO - Sync 1 DAGs
[2023-03-28T10:44:16.017-0400] {logging_mixin.py:137} INFO - [2023-03-28T10:44:16.016-0400] {dag.py:3440} INFO - Setting next_dagrun for latest_only_with_trigger to 2023-03-28T10:44:16.016623+00:00, run_after=2023-03-28T14:44:16.016623+00:00
[2023-03-28T10:44:16.035-0400] {processor.py:175} INFO - Processing /Users/sunanda/Downloads/airflow/py_env/lib/python3.9/site-packages/airflow/example_dags/example_latest_only_with_trigger.py took 0.683 seconds
[2023-03-28T10:48:21.162-0400] {processor.py:153} INFO - Started process (PID=96439) to work on /Users/sunanda/Downloads/airflow/py_env/lib/python3.9/site-packages/airflow/example_dags/example_latest_only_with_trigger.py
[2023-03-28T10:48:21.175-0400] {processor.py:743} INFO - Processing file /Users/sunanda/Downloads/airflow/py_env/lib/python3.9/site-packages/airflow/example_dags/example_latest_only_with_trigger.py for tasks to queue
[2023-03-28T10:48:21.175-0400] {logging_mixin.py:137} INFO - [2023-03-28T10:48:21.175-0400] {dagbag.py:532} INFO - Filling up the DagBag from /Users/sunanda/Downloads/airflow/py_env/lib/python3.9/site-packages/airflow/example_dags/example_latest_only_with_trigger.py
[2023-03-28T10:48:21.188-0400] {processor.py:753} INFO - DAG(s) dict_keys(['latest_only_with_trigger']) retrieved from /Users/sunanda/Downloads/airflow/py_env/lib/python3.9/site-packages/airflow/example_dags/example_latest_only_with_trigger.py
[2023-03-28T10:48:21.659-0400] {logging_mixin.py:137} INFO - [2023-03-28T10:48:21.658-0400] {dag.py:2693} INFO - Sync 1 DAGs
[2023-03-28T10:48:21.665-0400] {logging_mixin.py:137} INFO - [2023-03-28T10:48:21.665-0400] {dag.py:3440} INFO - Setting next_dagrun for latest_only_with_trigger to 2023-03-28T10:48:21.665550+00:00, run_after=2023-03-28T14:48:21.665550+00:00
[2023-03-28T10:48:21.692-0400] {processor.py:175} INFO - Processing /Users/sunanda/Downloads/airflow/py_env/lib/python3.9/site-packages/airflow/example_dags/example_latest_only_with_trigger.py took 0.533 seconds
[2023-03-28T10:52:34.184-0400] {processor.py:153} INFO - Started process (PID=96926) to work on /Users/sunanda/Downloads/airflow/py_env/lib/python3.9/site-packages/airflow/example_dags/example_latest_only_with_trigger.py
[2023-03-28T10:52:34.237-0400] {processor.py:743} INFO - Processing file /Users/sunanda/Downloads/airflow/py_env/lib/python3.9/site-packages/airflow/example_dags/example_latest_only_with_trigger.py for tasks to queue
[2023-03-28T10:52:34.237-0400] {logging_mixin.py:137} INFO - [2023-03-28T10:52:34.237-0400] {dagbag.py:532} INFO - Filling up the DagBag from /Users/sunanda/Downloads/airflow/py_env/lib/python3.9/site-packages/airflow/example_dags/example_latest_only_with_trigger.py
[2023-03-28T10:52:34.250-0400] {processor.py:753} INFO - DAG(s) dict_keys(['latest_only_with_trigger']) retrieved from /Users/sunanda/Downloads/airflow/py_env/lib/python3.9/site-packages/airflow/example_dags/example_latest_only_with_trigger.py
[2023-03-28T10:52:34.740-0400] {logging_mixin.py:137} INFO - [2023-03-28T10:52:34.739-0400] {dag.py:2693} INFO - Sync 1 DAGs
[2023-03-28T10:52:34.753-0400] {logging_mixin.py:137} INFO - [2023-03-28T10:52:34.753-0400] {dag.py:3440} INFO - Setting next_dagrun for latest_only_with_trigger to 2023-03-28T10:52:34.753352+00:00, run_after=2023-03-28T14:52:34.753352+00:00
[2023-03-28T10:52:34.765-0400] {processor.py:175} INFO - Processing /Users/sunanda/Downloads/airflow/py_env/lib/python3.9/site-packages/airflow/example_dags/example_latest_only_with_trigger.py took 0.583 seconds
[2023-03-28T10:55:59.957-0400] {processor.py:153} INFO - Started process (PID=97200) to work on /Users/sunanda/Downloads/airflow/py_env/lib/python3.9/site-packages/airflow/example_dags/example_latest_only_with_trigger.py
[2023-03-28T10:55:59.960-0400] {processor.py:743} INFO - Processing file /Users/sunanda/Downloads/airflow/py_env/lib/python3.9/site-packages/airflow/example_dags/example_latest_only_with_trigger.py for tasks to queue
[2023-03-28T10:55:59.961-0400] {logging_mixin.py:137} INFO - [2023-03-28T10:55:59.961-0400] {dagbag.py:532} INFO - Filling up the DagBag from /Users/sunanda/Downloads/airflow/py_env/lib/python3.9/site-packages/airflow/example_dags/example_latest_only_with_trigger.py
[2023-03-28T10:55:59.973-0400] {processor.py:753} INFO - DAG(s) dict_keys(['latest_only_with_trigger']) retrieved from /Users/sunanda/Downloads/airflow/py_env/lib/python3.9/site-packages/airflow/example_dags/example_latest_only_with_trigger.py
[2023-03-28T10:56:00.480-0400] {logging_mixin.py:137} INFO - [2023-03-28T10:56:00.480-0400] {dag.py:2693} INFO - Sync 1 DAGs
[2023-03-28T10:56:00.486-0400] {logging_mixin.py:137} INFO - [2023-03-28T10:56:00.486-0400] {dag.py:3440} INFO - Setting next_dagrun for latest_only_with_trigger to 2023-03-28T10:56:00.486778+00:00, run_after=2023-03-28T14:56:00.486778+00:00
[2023-03-28T10:56:00.498-0400] {processor.py:175} INFO - Processing /Users/sunanda/Downloads/airflow/py_env/lib/python3.9/site-packages/airflow/example_dags/example_latest_only_with_trigger.py took 0.541 seconds
[2023-03-28T10:59:44.702-0400] {processor.py:153} INFO - Started process (PID=97685) to work on /Users/sunanda/Downloads/airflow/py_env/lib/python3.9/site-packages/airflow/example_dags/example_latest_only_with_trigger.py
[2023-03-28T10:59:44.716-0400] {processor.py:743} INFO - Processing file /Users/sunanda/Downloads/airflow/py_env/lib/python3.9/site-packages/airflow/example_dags/example_latest_only_with_trigger.py for tasks to queue
[2023-03-28T10:59:44.716-0400] {logging_mixin.py:137} INFO - [2023-03-28T10:59:44.716-0400] {dagbag.py:532} INFO - Filling up the DagBag from /Users/sunanda/Downloads/airflow/py_env/lib/python3.9/site-packages/airflow/example_dags/example_latest_only_with_trigger.py
[2023-03-28T10:59:44.728-0400] {processor.py:753} INFO - DAG(s) dict_keys(['latest_only_with_trigger']) retrieved from /Users/sunanda/Downloads/airflow/py_env/lib/python3.9/site-packages/airflow/example_dags/example_latest_only_with_trigger.py
[2023-03-28T10:59:45.162-0400] {logging_mixin.py:137} INFO - [2023-03-28T10:59:45.162-0400] {dag.py:2693} INFO - Sync 1 DAGs
[2023-03-28T10:59:45.169-0400] {logging_mixin.py:137} INFO - [2023-03-28T10:59:45.169-0400] {dag.py:3440} INFO - Setting next_dagrun for latest_only_with_trigger to 2023-03-28T10:59:45.169337+00:00, run_after=2023-03-28T14:59:45.169337+00:00
[2023-03-28T10:59:45.213-0400] {processor.py:175} INFO - Processing /Users/sunanda/Downloads/airflow/py_env/lib/python3.9/site-packages/airflow/example_dags/example_latest_only_with_trigger.py took 0.518 seconds
[2023-03-28T11:03:25.421-0400] {processor.py:153} INFO - Started process (PID=98014) to work on /Users/sunanda/Downloads/airflow/py_env/lib/python3.9/site-packages/airflow/example_dags/example_latest_only_with_trigger.py
[2023-03-28T11:03:25.424-0400] {processor.py:743} INFO - Processing file /Users/sunanda/Downloads/airflow/py_env/lib/python3.9/site-packages/airflow/example_dags/example_latest_only_with_trigger.py for tasks to queue
[2023-03-28T11:03:25.425-0400] {logging_mixin.py:137} INFO - [2023-03-28T11:03:25.425-0400] {dagbag.py:532} INFO - Filling up the DagBag from /Users/sunanda/Downloads/airflow/py_env/lib/python3.9/site-packages/airflow/example_dags/example_latest_only_with_trigger.py
[2023-03-28T11:03:25.438-0400] {processor.py:753} INFO - DAG(s) dict_keys(['latest_only_with_trigger']) retrieved from /Users/sunanda/Downloads/airflow/py_env/lib/python3.9/site-packages/airflow/example_dags/example_latest_only_with_trigger.py
[2023-03-28T11:03:25.943-0400] {logging_mixin.py:137} INFO - [2023-03-28T11:03:25.943-0400] {dag.py:2693} INFO - Sync 1 DAGs
[2023-03-28T11:03:25.958-0400] {logging_mixin.py:137} INFO - [2023-03-28T11:03:25.958-0400] {dag.py:3440} INFO - Setting next_dagrun for latest_only_with_trigger to 2023-03-28T11:03:25.958227+00:00, run_after=2023-03-28T15:03:25.958227+00:00
[2023-03-28T11:03:25.972-0400] {processor.py:175} INFO - Processing /Users/sunanda/Downloads/airflow/py_env/lib/python3.9/site-packages/airflow/example_dags/example_latest_only_with_trigger.py took 0.552 seconds
[2023-03-28T11:07:06.259-0400] {processor.py:153} INFO - Started process (PID=98305) to work on /Users/sunanda/Downloads/airflow/py_env/lib/python3.9/site-packages/airflow/example_dags/example_latest_only_with_trigger.py
[2023-03-28T11:07:06.262-0400] {processor.py:743} INFO - Processing file /Users/sunanda/Downloads/airflow/py_env/lib/python3.9/site-packages/airflow/example_dags/example_latest_only_with_trigger.py for tasks to queue
[2023-03-28T11:07:06.262-0400] {logging_mixin.py:137} INFO - [2023-03-28T11:07:06.262-0400] {dagbag.py:532} INFO - Filling up the DagBag from /Users/sunanda/Downloads/airflow/py_env/lib/python3.9/site-packages/airflow/example_dags/example_latest_only_with_trigger.py
[2023-03-28T11:07:06.275-0400] {processor.py:753} INFO - DAG(s) dict_keys(['latest_only_with_trigger']) retrieved from /Users/sunanda/Downloads/airflow/py_env/lib/python3.9/site-packages/airflow/example_dags/example_latest_only_with_trigger.py
[2023-03-28T11:07:06.647-0400] {logging_mixin.py:137} INFO - [2023-03-28T11:07:06.647-0400] {dag.py:2693} INFO - Sync 1 DAGs
[2023-03-28T11:07:06.659-0400] {logging_mixin.py:137} INFO - [2023-03-28T11:07:06.659-0400] {dag.py:3440} INFO - Setting next_dagrun for latest_only_with_trigger to 2023-03-28T11:07:06.659411+00:00, run_after=2023-03-28T15:07:06.659411+00:00
[2023-03-28T11:07:06.669-0400] {processor.py:175} INFO - Processing /Users/sunanda/Downloads/airflow/py_env/lib/python3.9/site-packages/airflow/example_dags/example_latest_only_with_trigger.py took 0.411 seconds
[2023-03-28T11:11:09.786-0400] {processor.py:153} INFO - Started process (PID=98642) to work on /Users/sunanda/Downloads/airflow/py_env/lib/python3.9/site-packages/airflow/example_dags/example_latest_only_with_trigger.py
[2023-03-28T11:11:09.789-0400] {processor.py:743} INFO - Processing file /Users/sunanda/Downloads/airflow/py_env/lib/python3.9/site-packages/airflow/example_dags/example_latest_only_with_trigger.py for tasks to queue
[2023-03-28T11:11:09.790-0400] {logging_mixin.py:137} INFO - [2023-03-28T11:11:09.790-0400] {dagbag.py:532} INFO - Filling up the DagBag from /Users/sunanda/Downloads/airflow/py_env/lib/python3.9/site-packages/airflow/example_dags/example_latest_only_with_trigger.py
[2023-03-28T11:11:09.806-0400] {processor.py:753} INFO - DAG(s) dict_keys(['latest_only_with_trigger']) retrieved from /Users/sunanda/Downloads/airflow/py_env/lib/python3.9/site-packages/airflow/example_dags/example_latest_only_with_trigger.py
[2023-03-28T11:11:10.219-0400] {logging_mixin.py:137} INFO - [2023-03-28T11:11:10.218-0400] {dag.py:2693} INFO - Sync 1 DAGs
[2023-03-28T11:11:10.225-0400] {logging_mixin.py:137} INFO - [2023-03-28T11:11:10.225-0400] {dag.py:3440} INFO - Setting next_dagrun for latest_only_with_trigger to 2023-03-28T11:11:10.225563+00:00, run_after=2023-03-28T15:11:10.225563+00:00
[2023-03-28T11:11:10.241-0400] {processor.py:175} INFO - Processing /Users/sunanda/Downloads/airflow/py_env/lib/python3.9/site-packages/airflow/example_dags/example_latest_only_with_trigger.py took 0.459 seconds
[2023-03-28T11:14:59.468-0400] {processor.py:153} INFO - Started process (PID=98938) to work on /Users/sunanda/Downloads/airflow/py_env/lib/python3.9/site-packages/airflow/example_dags/example_latest_only_with_trigger.py
[2023-03-28T11:14:59.472-0400] {processor.py:743} INFO - Processing file /Users/sunanda/Downloads/airflow/py_env/lib/python3.9/site-packages/airflow/example_dags/example_latest_only_with_trigger.py for tasks to queue
[2023-03-28T11:14:59.472-0400] {logging_mixin.py:137} INFO - [2023-03-28T11:14:59.472-0400] {dagbag.py:532} INFO - Filling up the DagBag from /Users/sunanda/Downloads/airflow/py_env/lib/python3.9/site-packages/airflow/example_dags/example_latest_only_with_trigger.py
[2023-03-28T11:14:59.485-0400] {processor.py:753} INFO - DAG(s) dict_keys(['latest_only_with_trigger']) retrieved from /Users/sunanda/Downloads/airflow/py_env/lib/python3.9/site-packages/airflow/example_dags/example_latest_only_with_trigger.py
[2023-03-28T11:15:00.033-0400] {logging_mixin.py:137} INFO - [2023-03-28T11:15:00.033-0400] {dag.py:2693} INFO - Sync 1 DAGs
[2023-03-28T11:15:00.048-0400] {logging_mixin.py:137} INFO - [2023-03-28T11:15:00.048-0400] {dag.py:3440} INFO - Setting next_dagrun for latest_only_with_trigger to 2023-03-28T11:15:00.048251+00:00, run_after=2023-03-28T15:15:00.048251+00:00
[2023-03-28T11:15:00.065-0400] {processor.py:175} INFO - Processing /Users/sunanda/Downloads/airflow/py_env/lib/python3.9/site-packages/airflow/example_dags/example_latest_only_with_trigger.py took 0.597 seconds
[2023-03-28T11:18:53.536-0400] {processor.py:153} INFO - Started process (PID=99240) to work on /Users/sunanda/Downloads/airflow/py_env/lib/python3.9/site-packages/airflow/example_dags/example_latest_only_with_trigger.py
[2023-03-28T11:18:53.542-0400] {processor.py:743} INFO - Processing file /Users/sunanda/Downloads/airflow/py_env/lib/python3.9/site-packages/airflow/example_dags/example_latest_only_with_trigger.py for tasks to queue
[2023-03-28T11:18:53.542-0400] {logging_mixin.py:137} INFO - [2023-03-28T11:18:53.542-0400] {dagbag.py:532} INFO - Filling up the DagBag from /Users/sunanda/Downloads/airflow/py_env/lib/python3.9/site-packages/airflow/example_dags/example_latest_only_with_trigger.py
[2023-03-28T11:18:53.554-0400] {processor.py:753} INFO - DAG(s) dict_keys(['latest_only_with_trigger']) retrieved from /Users/sunanda/Downloads/airflow/py_env/lib/python3.9/site-packages/airflow/example_dags/example_latest_only_with_trigger.py
[2023-03-28T11:18:54.102-0400] {logging_mixin.py:137} INFO - [2023-03-28T11:18:54.101-0400] {dag.py:2693} INFO - Sync 1 DAGs
[2023-03-28T11:18:54.116-0400] {logging_mixin.py:137} INFO - [2023-03-28T11:18:54.116-0400] {dag.py:3440} INFO - Setting next_dagrun for latest_only_with_trigger to 2023-03-28T11:18:54.116078+00:00, run_after=2023-03-28T15:18:54.116078+00:00
[2023-03-28T11:18:54.132-0400] {processor.py:175} INFO - Processing /Users/sunanda/Downloads/airflow/py_env/lib/python3.9/site-packages/airflow/example_dags/example_latest_only_with_trigger.py took 0.597 seconds
[2023-03-28T11:22:43.502-0400] {processor.py:153} INFO - Started process (PID=99529) to work on /Users/sunanda/Downloads/airflow/py_env/lib/python3.9/site-packages/airflow/example_dags/example_latest_only_with_trigger.py
[2023-03-28T11:22:43.507-0400] {processor.py:743} INFO - Processing file /Users/sunanda/Downloads/airflow/py_env/lib/python3.9/site-packages/airflow/example_dags/example_latest_only_with_trigger.py for tasks to queue
[2023-03-28T11:22:43.508-0400] {logging_mixin.py:137} INFO - [2023-03-28T11:22:43.508-0400] {dagbag.py:532} INFO - Filling up the DagBag from /Users/sunanda/Downloads/airflow/py_env/lib/python3.9/site-packages/airflow/example_dags/example_latest_only_with_trigger.py
[2023-03-28T11:22:43.560-0400] {processor.py:753} INFO - DAG(s) dict_keys(['latest_only_with_trigger']) retrieved from /Users/sunanda/Downloads/airflow/py_env/lib/python3.9/site-packages/airflow/example_dags/example_latest_only_with_trigger.py
[2023-03-28T11:22:44.011-0400] {logging_mixin.py:137} INFO - [2023-03-28T11:22:44.011-0400] {dag.py:2693} INFO - Sync 1 DAGs
[2023-03-28T11:22:44.028-0400] {logging_mixin.py:137} INFO - [2023-03-28T11:22:44.028-0400] {dag.py:3440} INFO - Setting next_dagrun for latest_only_with_trigger to 2023-03-28T11:22:44.027849+00:00, run_after=2023-03-28T15:22:44.027849+00:00
[2023-03-28T11:22:44.046-0400] {processor.py:175} INFO - Processing /Users/sunanda/Downloads/airflow/py_env/lib/python3.9/site-packages/airflow/example_dags/example_latest_only_with_trigger.py took 0.545 seconds
[2023-03-28T11:26:37.605-0400] {processor.py:153} INFO - Started process (PID=99830) to work on /Users/sunanda/Downloads/airflow/py_env/lib/python3.9/site-packages/airflow/example_dags/example_latest_only_with_trigger.py
[2023-03-28T11:26:37.608-0400] {processor.py:743} INFO - Processing file /Users/sunanda/Downloads/airflow/py_env/lib/python3.9/site-packages/airflow/example_dags/example_latest_only_with_trigger.py for tasks to queue
[2023-03-28T11:26:37.608-0400] {logging_mixin.py:137} INFO - [2023-03-28T11:26:37.608-0400] {dagbag.py:532} INFO - Filling up the DagBag from /Users/sunanda/Downloads/airflow/py_env/lib/python3.9/site-packages/airflow/example_dags/example_latest_only_with_trigger.py
[2023-03-28T11:26:37.620-0400] {processor.py:753} INFO - DAG(s) dict_keys(['latest_only_with_trigger']) retrieved from /Users/sunanda/Downloads/airflow/py_env/lib/python3.9/site-packages/airflow/example_dags/example_latest_only_with_trigger.py
[2023-03-28T11:26:38.204-0400] {logging_mixin.py:137} INFO - [2023-03-28T11:26:38.204-0400] {dag.py:2693} INFO - Sync 1 DAGs
[2023-03-28T11:26:38.216-0400] {logging_mixin.py:137} INFO - [2023-03-28T11:26:38.216-0400] {dag.py:3440} INFO - Setting next_dagrun for latest_only_with_trigger to 2023-03-28T11:26:38.216514+00:00, run_after=2023-03-28T15:26:38.216514+00:00
[2023-03-28T11:26:38.239-0400] {processor.py:175} INFO - Processing /Users/sunanda/Downloads/airflow/py_env/lib/python3.9/site-packages/airflow/example_dags/example_latest_only_with_trigger.py took 0.634 seconds
[2023-03-28T11:37:38.487-0400] {processor.py:153} INFO - Started process (PID=361) to work on /Users/sunanda/Downloads/airflow/py_env/lib/python3.9/site-packages/airflow/example_dags/example_latest_only_with_trigger.py
[2023-03-28T11:37:38.514-0400] {processor.py:743} INFO - Processing file /Users/sunanda/Downloads/airflow/py_env/lib/python3.9/site-packages/airflow/example_dags/example_latest_only_with_trigger.py for tasks to queue
[2023-03-28T11:37:38.514-0400] {logging_mixin.py:137} INFO - [2023-03-28T11:37:38.514-0400] {dagbag.py:532} INFO - Filling up the DagBag from /Users/sunanda/Downloads/airflow/py_env/lib/python3.9/site-packages/airflow/example_dags/example_latest_only_with_trigger.py
[2023-03-28T11:37:38.526-0400] {processor.py:753} INFO - DAG(s) dict_keys(['latest_only_with_trigger']) retrieved from /Users/sunanda/Downloads/airflow/py_env/lib/python3.9/site-packages/airflow/example_dags/example_latest_only_with_trigger.py
[2023-03-28T11:37:38.927-0400] {logging_mixin.py:137} INFO - [2023-03-28T11:37:38.927-0400] {dag.py:2693} INFO - Sync 1 DAGs
[2023-03-28T11:37:38.949-0400] {logging_mixin.py:137} INFO - [2023-03-28T11:37:38.949-0400] {dag.py:3440} INFO - Setting next_dagrun for latest_only_with_trigger to 2023-03-28T11:37:38.949728+00:00, run_after=2023-03-28T15:37:38.949728+00:00
[2023-03-28T11:37:38.971-0400] {processor.py:175} INFO - Processing /Users/sunanda/Downloads/airflow/py_env/lib/python3.9/site-packages/airflow/example_dags/example_latest_only_with_trigger.py took 0.484 seconds
[2023-03-28T11:41:32.931-0400] {processor.py:153} INFO - Started process (PID=782) to work on /Users/sunanda/Downloads/airflow/py_env/lib/python3.9/site-packages/airflow/example_dags/example_latest_only_with_trigger.py
[2023-03-28T11:41:32.950-0400] {processor.py:743} INFO - Processing file /Users/sunanda/Downloads/airflow/py_env/lib/python3.9/site-packages/airflow/example_dags/example_latest_only_with_trigger.py for tasks to queue
[2023-03-28T11:41:32.951-0400] {logging_mixin.py:137} INFO - [2023-03-28T11:41:32.951-0400] {dagbag.py:532} INFO - Filling up the DagBag from /Users/sunanda/Downloads/airflow/py_env/lib/python3.9/site-packages/airflow/example_dags/example_latest_only_with_trigger.py
[2023-03-28T11:41:32.983-0400] {processor.py:753} INFO - DAG(s) dict_keys(['latest_only_with_trigger']) retrieved from /Users/sunanda/Downloads/airflow/py_env/lib/python3.9/site-packages/airflow/example_dags/example_latest_only_with_trigger.py
[2023-03-28T11:41:33.424-0400] {logging_mixin.py:137} INFO - [2023-03-28T11:41:33.424-0400] {dag.py:2693} INFO - Sync 1 DAGs
[2023-03-28T11:41:33.433-0400] {logging_mixin.py:137} INFO - [2023-03-28T11:41:33.433-0400] {dag.py:3440} INFO - Setting next_dagrun for latest_only_with_trigger to 2023-03-28T11:41:33.433647+00:00, run_after=2023-03-28T15:41:33.433647+00:00
[2023-03-28T11:41:33.483-0400] {processor.py:175} INFO - Processing /Users/sunanda/Downloads/airflow/py_env/lib/python3.9/site-packages/airflow/example_dags/example_latest_only_with_trigger.py took 0.553 seconds
[2023-03-28T11:45:18.506-0400] {processor.py:153} INFO - Started process (PID=1081) to work on /Users/sunanda/Downloads/airflow/py_env/lib/python3.9/site-packages/airflow/example_dags/example_latest_only_with_trigger.py
[2023-03-28T11:45:18.513-0400] {processor.py:743} INFO - Processing file /Users/sunanda/Downloads/airflow/py_env/lib/python3.9/site-packages/airflow/example_dags/example_latest_only_with_trigger.py for tasks to queue
[2023-03-28T11:45:18.513-0400] {logging_mixin.py:137} INFO - [2023-03-28T11:45:18.513-0400] {dagbag.py:532} INFO - Filling up the DagBag from /Users/sunanda/Downloads/airflow/py_env/lib/python3.9/site-packages/airflow/example_dags/example_latest_only_with_trigger.py
[2023-03-28T11:45:18.524-0400] {processor.py:753} INFO - DAG(s) dict_keys(['latest_only_with_trigger']) retrieved from /Users/sunanda/Downloads/airflow/py_env/lib/python3.9/site-packages/airflow/example_dags/example_latest_only_with_trigger.py
[2023-03-28T11:45:18.936-0400] {logging_mixin.py:137} INFO - [2023-03-28T11:45:18.936-0400] {dag.py:2693} INFO - Sync 1 DAGs
[2023-03-28T11:45:18.957-0400] {logging_mixin.py:137} INFO - [2023-03-28T11:45:18.957-0400] {dag.py:3440} INFO - Setting next_dagrun for latest_only_with_trigger to 2023-03-28T11:45:18.957705+00:00, run_after=2023-03-28T15:45:18.957705+00:00
[2023-03-28T11:45:18.982-0400] {processor.py:175} INFO - Processing /Users/sunanda/Downloads/airflow/py_env/lib/python3.9/site-packages/airflow/example_dags/example_latest_only_with_trigger.py took 0.476 seconds
[2023-03-28T11:49:05.547-0400] {processor.py:153} INFO - Started process (PID=1416) to work on /Users/sunanda/Downloads/airflow/py_env/lib/python3.9/site-packages/airflow/example_dags/example_latest_only_with_trigger.py
[2023-03-28T11:49:05.550-0400] {processor.py:743} INFO - Processing file /Users/sunanda/Downloads/airflow/py_env/lib/python3.9/site-packages/airflow/example_dags/example_latest_only_with_trigger.py for tasks to queue
[2023-03-28T11:49:05.550-0400] {logging_mixin.py:137} INFO - [2023-03-28T11:49:05.550-0400] {dagbag.py:532} INFO - Filling up the DagBag from /Users/sunanda/Downloads/airflow/py_env/lib/python3.9/site-packages/airflow/example_dags/example_latest_only_with_trigger.py
[2023-03-28T11:49:05.563-0400] {processor.py:753} INFO - DAG(s) dict_keys(['latest_only_with_trigger']) retrieved from /Users/sunanda/Downloads/airflow/py_env/lib/python3.9/site-packages/airflow/example_dags/example_latest_only_with_trigger.py
[2023-03-28T11:49:06.138-0400] {logging_mixin.py:137} INFO - [2023-03-28T11:49:06.138-0400] {dag.py:2693} INFO - Sync 1 DAGs
[2023-03-28T11:49:06.148-0400] {logging_mixin.py:137} INFO - [2023-03-28T11:49:06.148-0400] {dag.py:3440} INFO - Setting next_dagrun for latest_only_with_trigger to 2023-03-28T11:49:06.148694+00:00, run_after=2023-03-28T15:49:06.148694+00:00
[2023-03-28T11:49:06.162-0400] {processor.py:175} INFO - Processing /Users/sunanda/Downloads/airflow/py_env/lib/python3.9/site-packages/airflow/example_dags/example_latest_only_with_trigger.py took 0.639 seconds
[2023-03-28T11:53:23.400-0400] {processor.py:153} INFO - Started process (PID=1819) to work on /Users/sunanda/Downloads/airflow/py_env/lib/python3.9/site-packages/airflow/example_dags/example_latest_only_with_trigger.py
[2023-03-28T11:53:23.420-0400] {processor.py:743} INFO - Processing file /Users/sunanda/Downloads/airflow/py_env/lib/python3.9/site-packages/airflow/example_dags/example_latest_only_with_trigger.py for tasks to queue
[2023-03-28T11:53:23.420-0400] {logging_mixin.py:137} INFO - [2023-03-28T11:53:23.420-0400] {dagbag.py:532} INFO - Filling up the DagBag from /Users/sunanda/Downloads/airflow/py_env/lib/python3.9/site-packages/airflow/example_dags/example_latest_only_with_trigger.py
[2023-03-28T11:53:23.433-0400] {processor.py:753} INFO - DAG(s) dict_keys(['latest_only_with_trigger']) retrieved from /Users/sunanda/Downloads/airflow/py_env/lib/python3.9/site-packages/airflow/example_dags/example_latest_only_with_trigger.py
[2023-03-28T11:53:24.035-0400] {logging_mixin.py:137} INFO - [2023-03-28T11:53:24.035-0400] {dag.py:2693} INFO - Sync 1 DAGs
[2023-03-28T11:53:24.050-0400] {logging_mixin.py:137} INFO - [2023-03-28T11:53:24.050-0400] {dag.py:3440} INFO - Setting next_dagrun for latest_only_with_trigger to 2023-03-28T11:53:24.050190+00:00, run_after=2023-03-28T15:53:24.050190+00:00
[2023-03-28T11:53:24.077-0400] {processor.py:175} INFO - Processing /Users/sunanda/Downloads/airflow/py_env/lib/python3.9/site-packages/airflow/example_dags/example_latest_only_with_trigger.py took 0.680 seconds
[2023-03-28T11:57:21.865-0400] {processor.py:153} INFO - Started process (PID=2128) to work on /Users/sunanda/Downloads/airflow/py_env/lib/python3.9/site-packages/airflow/example_dags/example_latest_only_with_trigger.py
[2023-03-28T11:57:21.869-0400] {processor.py:743} INFO - Processing file /Users/sunanda/Downloads/airflow/py_env/lib/python3.9/site-packages/airflow/example_dags/example_latest_only_with_trigger.py for tasks to queue
[2023-03-28T11:57:21.869-0400] {logging_mixin.py:137} INFO - [2023-03-28T11:57:21.869-0400] {dagbag.py:532} INFO - Filling up the DagBag from /Users/sunanda/Downloads/airflow/py_env/lib/python3.9/site-packages/airflow/example_dags/example_latest_only_with_trigger.py
[2023-03-28T11:57:21.888-0400] {processor.py:753} INFO - DAG(s) dict_keys(['latest_only_with_trigger']) retrieved from /Users/sunanda/Downloads/airflow/py_env/lib/python3.9/site-packages/airflow/example_dags/example_latest_only_with_trigger.py
[2023-03-28T11:57:22.331-0400] {logging_mixin.py:137} INFO - [2023-03-28T11:57:22.330-0400] {dag.py:2693} INFO - Sync 1 DAGs
[2023-03-28T11:57:22.349-0400] {logging_mixin.py:137} INFO - [2023-03-28T11:57:22.349-0400] {dag.py:3440} INFO - Setting next_dagrun for latest_only_with_trigger to 2023-03-28T11:57:22.349679+00:00, run_after=2023-03-28T15:57:22.349679+00:00
[2023-03-28T11:57:22.361-0400] {processor.py:175} INFO - Processing /Users/sunanda/Downloads/airflow/py_env/lib/python3.9/site-packages/airflow/example_dags/example_latest_only_with_trigger.py took 0.496 seconds
[2023-03-28T12:01:01.404-0400] {processor.py:153} INFO - Started process (PID=2442) to work on /Users/sunanda/Downloads/airflow/py_env/lib/python3.9/site-packages/airflow/example_dags/example_latest_only_with_trigger.py
[2023-03-28T12:01:01.418-0400] {processor.py:743} INFO - Processing file /Users/sunanda/Downloads/airflow/py_env/lib/python3.9/site-packages/airflow/example_dags/example_latest_only_with_trigger.py for tasks to queue
[2023-03-28T12:01:01.419-0400] {logging_mixin.py:137} INFO - [2023-03-28T12:01:01.419-0400] {dagbag.py:532} INFO - Filling up the DagBag from /Users/sunanda/Downloads/airflow/py_env/lib/python3.9/site-packages/airflow/example_dags/example_latest_only_with_trigger.py
[2023-03-28T12:01:01.431-0400] {processor.py:753} INFO - DAG(s) dict_keys(['latest_only_with_trigger']) retrieved from /Users/sunanda/Downloads/airflow/py_env/lib/python3.9/site-packages/airflow/example_dags/example_latest_only_with_trigger.py
[2023-03-28T12:01:01.890-0400] {logging_mixin.py:137} INFO - [2023-03-28T12:01:01.890-0400] {dag.py:2693} INFO - Sync 1 DAGs
[2023-03-28T12:01:01.909-0400] {logging_mixin.py:137} INFO - [2023-03-28T12:01:01.909-0400] {dag.py:3440} INFO - Setting next_dagrun for latest_only_with_trigger to 2023-03-28T12:01:01.908965+00:00, run_after=2023-03-28T16:01:01.908965+00:00
[2023-03-28T12:01:01.927-0400] {processor.py:175} INFO - Processing /Users/sunanda/Downloads/airflow/py_env/lib/python3.9/site-packages/airflow/example_dags/example_latest_only_with_trigger.py took 0.523 seconds
[2023-03-28T12:04:55.931-0400] {processor.py:153} INFO - Started process (PID=2794) to work on /Users/sunanda/Downloads/airflow/py_env/lib/python3.9/site-packages/airflow/example_dags/example_latest_only_with_trigger.py
[2023-03-28T12:04:55.934-0400] {processor.py:743} INFO - Processing file /Users/sunanda/Downloads/airflow/py_env/lib/python3.9/site-packages/airflow/example_dags/example_latest_only_with_trigger.py for tasks to queue
[2023-03-28T12:04:55.934-0400] {logging_mixin.py:137} INFO - [2023-03-28T12:04:55.934-0400] {dagbag.py:532} INFO - Filling up the DagBag from /Users/sunanda/Downloads/airflow/py_env/lib/python3.9/site-packages/airflow/example_dags/example_latest_only_with_trigger.py
[2023-03-28T12:04:55.947-0400] {processor.py:753} INFO - DAG(s) dict_keys(['latest_only_with_trigger']) retrieved from /Users/sunanda/Downloads/airflow/py_env/lib/python3.9/site-packages/airflow/example_dags/example_latest_only_with_trigger.py
[2023-03-28T12:04:56.478-0400] {logging_mixin.py:137} INFO - [2023-03-28T12:04:56.478-0400] {dag.py:2693} INFO - Sync 1 DAGs
[2023-03-28T12:04:56.498-0400] {logging_mixin.py:137} INFO - [2023-03-28T12:04:56.498-0400] {dag.py:3440} INFO - Setting next_dagrun for latest_only_with_trigger to 2023-03-28T12:04:56.498535+00:00, run_after=2023-03-28T16:04:56.498535+00:00
[2023-03-28T12:04:56.513-0400] {processor.py:175} INFO - Processing /Users/sunanda/Downloads/airflow/py_env/lib/python3.9/site-packages/airflow/example_dags/example_latest_only_with_trigger.py took 0.582 seconds
[2023-03-28T12:08:58.186-0400] {processor.py:153} INFO - Started process (PID=3248) to work on /Users/sunanda/Downloads/airflow/py_env/lib/python3.9/site-packages/airflow/example_dags/example_latest_only_with_trigger.py
[2023-03-28T12:08:58.189-0400] {processor.py:743} INFO - Processing file /Users/sunanda/Downloads/airflow/py_env/lib/python3.9/site-packages/airflow/example_dags/example_latest_only_with_trigger.py for tasks to queue
[2023-03-28T12:08:58.189-0400] {logging_mixin.py:137} INFO - [2023-03-28T12:08:58.189-0400] {dagbag.py:532} INFO - Filling up the DagBag from /Users/sunanda/Downloads/airflow/py_env/lib/python3.9/site-packages/airflow/example_dags/example_latest_only_with_trigger.py
[2023-03-28T12:08:58.203-0400] {processor.py:753} INFO - DAG(s) dict_keys(['latest_only_with_trigger']) retrieved from /Users/sunanda/Downloads/airflow/py_env/lib/python3.9/site-packages/airflow/example_dags/example_latest_only_with_trigger.py
[2023-03-28T12:08:58.817-0400] {logging_mixin.py:137} INFO - [2023-03-28T12:08:58.817-0400] {dag.py:2693} INFO - Sync 1 DAGs
[2023-03-28T12:08:58.838-0400] {logging_mixin.py:137} INFO - [2023-03-28T12:08:58.838-0400] {dag.py:3440} INFO - Setting next_dagrun for latest_only_with_trigger to 2023-03-28T12:08:58.838117+00:00, run_after=2023-03-28T16:08:58.838117+00:00
[2023-03-28T12:08:58.866-0400] {processor.py:175} INFO - Processing /Users/sunanda/Downloads/airflow/py_env/lib/python3.9/site-packages/airflow/example_dags/example_latest_only_with_trigger.py took 0.681 seconds
[2023-03-28T12:12:53.892-0400] {processor.py:153} INFO - Started process (PID=3609) to work on /Users/sunanda/Downloads/airflow/py_env/lib/python3.9/site-packages/airflow/example_dags/example_latest_only_with_trigger.py
[2023-03-28T12:12:53.897-0400] {processor.py:743} INFO - Processing file /Users/sunanda/Downloads/airflow/py_env/lib/python3.9/site-packages/airflow/example_dags/example_latest_only_with_trigger.py for tasks to queue
[2023-03-28T12:12:53.897-0400] {logging_mixin.py:137} INFO - [2023-03-28T12:12:53.897-0400] {dagbag.py:532} INFO - Filling up the DagBag from /Users/sunanda/Downloads/airflow/py_env/lib/python3.9/site-packages/airflow/example_dags/example_latest_only_with_trigger.py
[2023-03-28T12:12:53.911-0400] {processor.py:753} INFO - DAG(s) dict_keys(['latest_only_with_trigger']) retrieved from /Users/sunanda/Downloads/airflow/py_env/lib/python3.9/site-packages/airflow/example_dags/example_latest_only_with_trigger.py
[2023-03-28T12:12:54.467-0400] {logging_mixin.py:137} INFO - [2023-03-28T12:12:54.467-0400] {dag.py:2693} INFO - Sync 1 DAGs
[2023-03-28T12:12:54.477-0400] {logging_mixin.py:137} INFO - [2023-03-28T12:12:54.477-0400] {dag.py:3440} INFO - Setting next_dagrun for latest_only_with_trigger to 2023-03-28T12:12:54.477465+00:00, run_after=2023-03-28T16:12:54.477465+00:00
[2023-03-28T12:12:54.488-0400] {processor.py:175} INFO - Processing /Users/sunanda/Downloads/airflow/py_env/lib/python3.9/site-packages/airflow/example_dags/example_latest_only_with_trigger.py took 0.600 seconds
[2023-03-28T12:15:13.421-0400] {processor.py:153} INFO - Started process (PID=3809) to work on /Users/sunanda/Downloads/airflow/py_env/lib/python3.9/site-packages/airflow/example_dags/example_latest_only_with_trigger.py
[2023-03-28T12:15:13.425-0400] {processor.py:743} INFO - Processing file /Users/sunanda/Downloads/airflow/py_env/lib/python3.9/site-packages/airflow/example_dags/example_latest_only_with_trigger.py for tasks to queue
[2023-03-28T12:15:13.426-0400] {logging_mixin.py:137} INFO - [2023-03-28T12:15:13.426-0400] {dagbag.py:532} INFO - Filling up the DagBag from /Users/sunanda/Downloads/airflow/py_env/lib/python3.9/site-packages/airflow/example_dags/example_latest_only_with_trigger.py
[2023-03-28T12:15:13.439-0400] {processor.py:753} INFO - DAG(s) dict_keys(['latest_only_with_trigger']) retrieved from /Users/sunanda/Downloads/airflow/py_env/lib/python3.9/site-packages/airflow/example_dags/example_latest_only_with_trigger.py
[2023-03-28T12:15:13.880-0400] {logging_mixin.py:137} INFO - [2023-03-28T12:15:13.880-0400] {dag.py:2693} INFO - Sync 1 DAGs
[2023-03-28T12:15:13.891-0400] {logging_mixin.py:137} INFO - [2023-03-28T12:15:13.891-0400] {dag.py:3440} INFO - Setting next_dagrun for latest_only_with_trigger to 2023-03-28T12:15:13.891213+00:00, run_after=2023-03-28T16:15:13.891213+00:00
[2023-03-28T12:15:13.917-0400] {processor.py:175} INFO - Processing /Users/sunanda/Downloads/airflow/py_env/lib/python3.9/site-packages/airflow/example_dags/example_latest_only_with_trigger.py took 0.496 seconds
[2023-03-28T12:17:41.330-0400] {processor.py:153} INFO - Started process (PID=4056) to work on /Users/sunanda/Downloads/airflow/py_env/lib/python3.9/site-packages/airflow/example_dags/example_latest_only_with_trigger.py
[2023-03-28T12:17:41.334-0400] {processor.py:743} INFO - Processing file /Users/sunanda/Downloads/airflow/py_env/lib/python3.9/site-packages/airflow/example_dags/example_latest_only_with_trigger.py for tasks to queue
[2023-03-28T12:17:41.334-0400] {logging_mixin.py:137} INFO - [2023-03-28T12:17:41.334-0400] {dagbag.py:532} INFO - Filling up the DagBag from /Users/sunanda/Downloads/airflow/py_env/lib/python3.9/site-packages/airflow/example_dags/example_latest_only_with_trigger.py
[2023-03-28T12:17:41.358-0400] {processor.py:753} INFO - DAG(s) dict_keys(['latest_only_with_trigger']) retrieved from /Users/sunanda/Downloads/airflow/py_env/lib/python3.9/site-packages/airflow/example_dags/example_latest_only_with_trigger.py
[2023-03-28T12:17:41.829-0400] {logging_mixin.py:137} INFO - [2023-03-28T12:17:41.829-0400] {dag.py:2693} INFO - Sync 1 DAGs
[2023-03-28T12:17:41.840-0400] {logging_mixin.py:137} INFO - [2023-03-28T12:17:41.840-0400] {dag.py:3440} INFO - Setting next_dagrun for latest_only_with_trigger to 2023-03-28T12:17:41.840741+00:00, run_after=2023-03-28T16:17:41.840741+00:00
[2023-03-28T12:17:41.849-0400] {processor.py:175} INFO - Processing /Users/sunanda/Downloads/airflow/py_env/lib/python3.9/site-packages/airflow/example_dags/example_latest_only_with_trigger.py took 0.520 seconds
[2023-03-28T12:21:25.868-0400] {processor.py:153} INFO - Started process (PID=4339) to work on /Users/sunanda/Downloads/airflow/py_env/lib/python3.9/site-packages/airflow/example_dags/example_latest_only_with_trigger.py
[2023-03-28T12:21:25.871-0400] {processor.py:743} INFO - Processing file /Users/sunanda/Downloads/airflow/py_env/lib/python3.9/site-packages/airflow/example_dags/example_latest_only_with_trigger.py for tasks to queue
[2023-03-28T12:21:25.871-0400] {logging_mixin.py:137} INFO - [2023-03-28T12:21:25.871-0400] {dagbag.py:532} INFO - Filling up the DagBag from /Users/sunanda/Downloads/airflow/py_env/lib/python3.9/site-packages/airflow/example_dags/example_latest_only_with_trigger.py
[2023-03-28T12:21:25.888-0400] {processor.py:753} INFO - DAG(s) dict_keys(['latest_only_with_trigger']) retrieved from /Users/sunanda/Downloads/airflow/py_env/lib/python3.9/site-packages/airflow/example_dags/example_latest_only_with_trigger.py
[2023-03-28T12:21:26.399-0400] {logging_mixin.py:137} INFO - [2023-03-28T12:21:26.393-0400] {dag.py:2693} INFO - Sync 1 DAGs
[2023-03-28T12:21:26.418-0400] {logging_mixin.py:137} INFO - [2023-03-28T12:21:26.417-0400] {dag.py:3440} INFO - Setting next_dagrun for latest_only_with_trigger to 2023-03-28T12:21:26.417824+00:00, run_after=2023-03-28T16:21:26.417824+00:00
[2023-03-28T12:21:26.430-0400] {processor.py:175} INFO - Processing /Users/sunanda/Downloads/airflow/py_env/lib/python3.9/site-packages/airflow/example_dags/example_latest_only_with_trigger.py took 0.562 seconds
[2023-03-28T12:28:11.495-0400] {processor.py:153} INFO - Started process (PID=4678) to work on /Users/sunanda/Downloads/airflow/py_env/lib/python3.9/site-packages/airflow/example_dags/example_latest_only_with_trigger.py
[2023-03-28T12:28:11.516-0400] {processor.py:743} INFO - Processing file /Users/sunanda/Downloads/airflow/py_env/lib/python3.9/site-packages/airflow/example_dags/example_latest_only_with_trigger.py for tasks to queue
[2023-03-28T12:28:11.516-0400] {logging_mixin.py:137} INFO - [2023-03-28T12:28:11.516-0400] {dagbag.py:532} INFO - Filling up the DagBag from /Users/sunanda/Downloads/airflow/py_env/lib/python3.9/site-packages/airflow/example_dags/example_latest_only_with_trigger.py
[2023-03-28T12:28:11.528-0400] {processor.py:753} INFO - DAG(s) dict_keys(['latest_only_with_trigger']) retrieved from /Users/sunanda/Downloads/airflow/py_env/lib/python3.9/site-packages/airflow/example_dags/example_latest_only_with_trigger.py
[2023-03-28T12:28:12.050-0400] {logging_mixin.py:137} INFO - [2023-03-28T12:28:12.050-0400] {dag.py:2693} INFO - Sync 1 DAGs
[2023-03-28T12:28:12.069-0400] {logging_mixin.py:137} INFO - [2023-03-28T12:28:12.069-0400] {dag.py:3440} INFO - Setting next_dagrun for latest_only_with_trigger to 2023-03-28T12:28:12.069583+00:00, run_after=2023-03-28T16:28:12.069583+00:00
[2023-03-28T12:28:12.109-0400] {processor.py:175} INFO - Processing /Users/sunanda/Downloads/airflow/py_env/lib/python3.9/site-packages/airflow/example_dags/example_latest_only_with_trigger.py took 0.614 seconds
