[2023-03-27T23:38:21.611-0400] {processor.py:153} INFO - Started process (PID=79251) to work on /Users/sunanda/Downloads/airflow/py_env/lib/python3.9/site-packages/airflow/example_dags/example_branch_day_of_week_operator.py
[2023-03-27T23:38:21.613-0400] {processor.py:743} INFO - Processing file /Users/sunanda/Downloads/airflow/py_env/lib/python3.9/site-packages/airflow/example_dags/example_branch_day_of_week_operator.py for tasks to queue
[2023-03-27T23:38:21.614-0400] {logging_mixin.py:137} INFO - [2023-03-27T23:38:21.613-0400] {dagbag.py:532} INFO - Filling up the DagBag from /Users/sunanda/Downloads/airflow/py_env/lib/python3.9/site-packages/airflow/example_dags/example_branch_day_of_week_operator.py
[2023-03-27T23:38:21.627-0400] {processor.py:753} INFO - DAG(s) dict_keys(['example_weekday_branch_operator']) retrieved from /Users/sunanda/Downloads/airflow/py_env/lib/python3.9/site-packages/airflow/example_dags/example_branch_day_of_week_operator.py
[2023-03-27T23:38:21.917-0400] {logging_mixin.py:137} INFO - [2023-03-27T23:38:21.917-0400] {dag.py:2693} INFO - Sync 1 DAGs
[2023-03-27T23:38:21.925-0400] {logging_mixin.py:137} INFO - [2023-03-27T23:38:21.925-0400] {dag.py:3440} INFO - Setting next_dagrun for example_weekday_branch_operator to 2023-03-27T00:00:00+00:00, run_after=2023-03-28T00:00:00+00:00
[2023-03-27T23:38:21.934-0400] {processor.py:175} INFO - Processing /Users/sunanda/Downloads/airflow/py_env/lib/python3.9/site-packages/airflow/example_dags/example_branch_day_of_week_operator.py took 0.324 seconds
[2023-03-27T23:40:11.484-0400] {processor.py:153} INFO - Started process (PID=79434) to work on /Users/sunanda/Downloads/airflow/py_env/lib/python3.9/site-packages/airflow/example_dags/example_branch_day_of_week_operator.py
[2023-03-27T23:40:11.492-0400] {processor.py:743} INFO - Processing file /Users/sunanda/Downloads/airflow/py_env/lib/python3.9/site-packages/airflow/example_dags/example_branch_day_of_week_operator.py for tasks to queue
[2023-03-27T23:40:11.492-0400] {logging_mixin.py:137} INFO - [2023-03-27T23:40:11.492-0400] {dagbag.py:532} INFO - Filling up the DagBag from /Users/sunanda/Downloads/airflow/py_env/lib/python3.9/site-packages/airflow/example_dags/example_branch_day_of_week_operator.py
[2023-03-27T23:40:11.505-0400] {processor.py:753} INFO - DAG(s) dict_keys(['example_weekday_branch_operator']) retrieved from /Users/sunanda/Downloads/airflow/py_env/lib/python3.9/site-packages/airflow/example_dags/example_branch_day_of_week_operator.py
[2023-03-27T23:40:11.764-0400] {logging_mixin.py:137} INFO - [2023-03-27T23:40:11.764-0400] {dag.py:2693} INFO - Sync 1 DAGs
[2023-03-27T23:40:11.771-0400] {logging_mixin.py:137} INFO - [2023-03-27T23:40:11.771-0400] {dag.py:3440} INFO - Setting next_dagrun for example_weekday_branch_operator to 2023-03-27T00:00:00+00:00, run_after=2023-03-28T00:00:00+00:00
[2023-03-27T23:40:11.778-0400] {processor.py:175} INFO - Processing /Users/sunanda/Downloads/airflow/py_env/lib/python3.9/site-packages/airflow/example_dags/example_branch_day_of_week_operator.py took 0.295 seconds
[2023-03-28T10:12:05.081-0400] {processor.py:153} INFO - Started process (PID=91390) to work on /Users/sunanda/Downloads/airflow/py_env/lib/python3.9/site-packages/airflow/example_dags/example_branch_day_of_week_operator.py
[2023-03-28T10:12:05.093-0400] {processor.py:743} INFO - Processing file /Users/sunanda/Downloads/airflow/py_env/lib/python3.9/site-packages/airflow/example_dags/example_branch_day_of_week_operator.py for tasks to queue
[2023-03-28T10:12:05.093-0400] {logging_mixin.py:137} INFO - [2023-03-28T10:12:05.093-0400] {dagbag.py:532} INFO - Filling up the DagBag from /Users/sunanda/Downloads/airflow/py_env/lib/python3.9/site-packages/airflow/example_dags/example_branch_day_of_week_operator.py
[2023-03-28T10:12:05.106-0400] {processor.py:753} INFO - DAG(s) dict_keys(['example_weekday_branch_operator']) retrieved from /Users/sunanda/Downloads/airflow/py_env/lib/python3.9/site-packages/airflow/example_dags/example_branch_day_of_week_operator.py
[2023-03-28T10:12:05.916-0400] {logging_mixin.py:137} INFO - [2023-03-28T10:12:05.916-0400] {dag.py:2693} INFO - Sync 1 DAGs
[2023-03-28T10:12:05.944-0400] {logging_mixin.py:137} INFO - [2023-03-28T10:12:05.944-0400] {dag.py:3440} INFO - Setting next_dagrun for example_weekday_branch_operator to 2023-03-27T00:00:00+00:00, run_after=2023-03-28T00:00:00+00:00
[2023-03-28T10:12:05.973-0400] {processor.py:175} INFO - Processing /Users/sunanda/Downloads/airflow/py_env/lib/python3.9/site-packages/airflow/example_dags/example_branch_day_of_week_operator.py took 0.894 seconds
[2023-03-28T10:16:44.830-0400] {processor.py:153} INFO - Started process (PID=91744) to work on /Users/sunanda/Downloads/airflow/py_env/lib/python3.9/site-packages/airflow/example_dags/example_branch_day_of_week_operator.py
[2023-03-28T10:16:44.842-0400] {processor.py:743} INFO - Processing file /Users/sunanda/Downloads/airflow/py_env/lib/python3.9/site-packages/airflow/example_dags/example_branch_day_of_week_operator.py for tasks to queue
[2023-03-28T10:16:44.842-0400] {logging_mixin.py:137} INFO - [2023-03-28T10:16:44.842-0400] {dagbag.py:532} INFO - Filling up the DagBag from /Users/sunanda/Downloads/airflow/py_env/lib/python3.9/site-packages/airflow/example_dags/example_branch_day_of_week_operator.py
[2023-03-28T10:16:44.859-0400] {processor.py:753} INFO - DAG(s) dict_keys(['example_weekday_branch_operator']) retrieved from /Users/sunanda/Downloads/airflow/py_env/lib/python3.9/site-packages/airflow/example_dags/example_branch_day_of_week_operator.py
[2023-03-28T10:16:45.737-0400] {logging_mixin.py:137} INFO - [2023-03-28T10:16:45.737-0400] {dag.py:2693} INFO - Sync 1 DAGs
[2023-03-28T10:16:45.757-0400] {logging_mixin.py:137} INFO - [2023-03-28T10:16:45.757-0400] {dag.py:3440} INFO - Setting next_dagrun for example_weekday_branch_operator to 2023-03-27T00:00:00+00:00, run_after=2023-03-28T00:00:00+00:00
[2023-03-28T10:16:45.780-0400] {processor.py:175} INFO - Processing /Users/sunanda/Downloads/airflow/py_env/lib/python3.9/site-packages/airflow/example_dags/example_branch_day_of_week_operator.py took 0.951 seconds
[2023-03-28T10:20:55.697-0400] {processor.py:153} INFO - Started process (PID=92079) to work on /Users/sunanda/Downloads/airflow/py_env/lib/python3.9/site-packages/airflow/example_dags/example_branch_day_of_week_operator.py
[2023-03-28T10:20:55.700-0400] {processor.py:743} INFO - Processing file /Users/sunanda/Downloads/airflow/py_env/lib/python3.9/site-packages/airflow/example_dags/example_branch_day_of_week_operator.py for tasks to queue
[2023-03-28T10:20:55.700-0400] {logging_mixin.py:137} INFO - [2023-03-28T10:20:55.700-0400] {dagbag.py:532} INFO - Filling up the DagBag from /Users/sunanda/Downloads/airflow/py_env/lib/python3.9/site-packages/airflow/example_dags/example_branch_day_of_week_operator.py
[2023-03-28T10:20:55.724-0400] {processor.py:753} INFO - DAG(s) dict_keys(['example_weekday_branch_operator']) retrieved from /Users/sunanda/Downloads/airflow/py_env/lib/python3.9/site-packages/airflow/example_dags/example_branch_day_of_week_operator.py
[2023-03-28T10:20:56.177-0400] {logging_mixin.py:137} INFO - [2023-03-28T10:20:56.176-0400] {dag.py:2693} INFO - Sync 1 DAGs
[2023-03-28T10:20:56.186-0400] {logging_mixin.py:137} INFO - [2023-03-28T10:20:56.186-0400] {dag.py:3440} INFO - Setting next_dagrun for example_weekday_branch_operator to 2023-03-27T00:00:00+00:00, run_after=2023-03-28T00:00:00+00:00
[2023-03-28T10:20:56.219-0400] {processor.py:175} INFO - Processing /Users/sunanda/Downloads/airflow/py_env/lib/python3.9/site-packages/airflow/example_dags/example_branch_day_of_week_operator.py took 0.522 seconds
[2023-03-28T10:25:04.854-0400] {processor.py:153} INFO - Started process (PID=92488) to work on /Users/sunanda/Downloads/airflow/py_env/lib/python3.9/site-packages/airflow/example_dags/example_branch_day_of_week_operator.py
[2023-03-28T10:25:04.857-0400] {processor.py:743} INFO - Processing file /Users/sunanda/Downloads/airflow/py_env/lib/python3.9/site-packages/airflow/example_dags/example_branch_day_of_week_operator.py for tasks to queue
[2023-03-28T10:25:04.857-0400] {logging_mixin.py:137} INFO - [2023-03-28T10:25:04.857-0400] {dagbag.py:532} INFO - Filling up the DagBag from /Users/sunanda/Downloads/airflow/py_env/lib/python3.9/site-packages/airflow/example_dags/example_branch_day_of_week_operator.py
[2023-03-28T10:25:04.874-0400] {processor.py:753} INFO - DAG(s) dict_keys(['example_weekday_branch_operator']) retrieved from /Users/sunanda/Downloads/airflow/py_env/lib/python3.9/site-packages/airflow/example_dags/example_branch_day_of_week_operator.py
[2023-03-28T10:25:05.384-0400] {logging_mixin.py:137} INFO - [2023-03-28T10:25:05.384-0400] {dag.py:2693} INFO - Sync 1 DAGs
[2023-03-28T10:25:05.393-0400] {logging_mixin.py:137} INFO - [2023-03-28T10:25:05.393-0400] {dag.py:3440} INFO - Setting next_dagrun for example_weekday_branch_operator to 2023-03-27T00:00:00+00:00, run_after=2023-03-28T00:00:00+00:00
[2023-03-28T10:25:05.402-0400] {processor.py:175} INFO - Processing /Users/sunanda/Downloads/airflow/py_env/lib/python3.9/site-packages/airflow/example_dags/example_branch_day_of_week_operator.py took 0.549 seconds
[2023-03-28T10:29:35.010-0400] {processor.py:153} INFO - Started process (PID=93019) to work on /Users/sunanda/Downloads/airflow/py_env/lib/python3.9/site-packages/airflow/example_dags/example_branch_day_of_week_operator.py
[2023-03-28T10:29:35.037-0400] {processor.py:743} INFO - Processing file /Users/sunanda/Downloads/airflow/py_env/lib/python3.9/site-packages/airflow/example_dags/example_branch_day_of_week_operator.py for tasks to queue
[2023-03-28T10:29:35.037-0400] {logging_mixin.py:137} INFO - [2023-03-28T10:29:35.037-0400] {dagbag.py:532} INFO - Filling up the DagBag from /Users/sunanda/Downloads/airflow/py_env/lib/python3.9/site-packages/airflow/example_dags/example_branch_day_of_week_operator.py
[2023-03-28T10:29:35.097-0400] {processor.py:753} INFO - DAG(s) dict_keys(['example_weekday_branch_operator']) retrieved from /Users/sunanda/Downloads/airflow/py_env/lib/python3.9/site-packages/airflow/example_dags/example_branch_day_of_week_operator.py
[2023-03-28T10:29:35.742-0400] {logging_mixin.py:137} INFO - [2023-03-28T10:29:35.742-0400] {dag.py:2693} INFO - Sync 1 DAGs
[2023-03-28T10:29:35.752-0400] {logging_mixin.py:137} INFO - [2023-03-28T10:29:35.752-0400] {dag.py:3440} INFO - Setting next_dagrun for example_weekday_branch_operator to 2023-03-27T00:00:00+00:00, run_after=2023-03-28T00:00:00+00:00
[2023-03-28T10:29:35.774-0400] {processor.py:175} INFO - Processing /Users/sunanda/Downloads/airflow/py_env/lib/python3.9/site-packages/airflow/example_dags/example_branch_day_of_week_operator.py took 0.765 seconds
[2023-03-28T10:33:39.367-0400] {processor.py:153} INFO - Started process (PID=93399) to work on /Users/sunanda/Downloads/airflow/py_env/lib/python3.9/site-packages/airflow/example_dags/example_branch_day_of_week_operator.py
[2023-03-28T10:33:39.382-0400] {processor.py:743} INFO - Processing file /Users/sunanda/Downloads/airflow/py_env/lib/python3.9/site-packages/airflow/example_dags/example_branch_day_of_week_operator.py for tasks to queue
[2023-03-28T10:33:39.382-0400] {logging_mixin.py:137} INFO - [2023-03-28T10:33:39.382-0400] {dagbag.py:532} INFO - Filling up the DagBag from /Users/sunanda/Downloads/airflow/py_env/lib/python3.9/site-packages/airflow/example_dags/example_branch_day_of_week_operator.py
[2023-03-28T10:33:39.397-0400] {processor.py:753} INFO - DAG(s) dict_keys(['example_weekday_branch_operator']) retrieved from /Users/sunanda/Downloads/airflow/py_env/lib/python3.9/site-packages/airflow/example_dags/example_branch_day_of_week_operator.py
[2023-03-28T10:33:39.896-0400] {logging_mixin.py:137} INFO - [2023-03-28T10:33:39.896-0400] {dag.py:2693} INFO - Sync 1 DAGs
[2023-03-28T10:33:39.920-0400] {logging_mixin.py:137} INFO - [2023-03-28T10:33:39.920-0400] {dag.py:3440} INFO - Setting next_dagrun for example_weekday_branch_operator to 2023-03-27T00:00:00+00:00, run_after=2023-03-28T00:00:00+00:00
[2023-03-28T10:33:39.936-0400] {processor.py:175} INFO - Processing /Users/sunanda/Downloads/airflow/py_env/lib/python3.9/site-packages/airflow/example_dags/example_branch_day_of_week_operator.py took 0.572 seconds
[2023-03-28T10:37:54.770-0400] {processor.py:153} INFO - Started process (PID=94922) to work on /Users/sunanda/Downloads/airflow/py_env/lib/python3.9/site-packages/airflow/example_dags/example_branch_day_of_week_operator.py
[2023-03-28T10:37:54.776-0400] {processor.py:743} INFO - Processing file /Users/sunanda/Downloads/airflow/py_env/lib/python3.9/site-packages/airflow/example_dags/example_branch_day_of_week_operator.py for tasks to queue
[2023-03-28T10:37:54.777-0400] {logging_mixin.py:137} INFO - [2023-03-28T10:37:54.777-0400] {dagbag.py:532} INFO - Filling up the DagBag from /Users/sunanda/Downloads/airflow/py_env/lib/python3.9/site-packages/airflow/example_dags/example_branch_day_of_week_operator.py
[2023-03-28T10:37:54.858-0400] {processor.py:753} INFO - DAG(s) dict_keys(['example_weekday_branch_operator']) retrieved from /Users/sunanda/Downloads/airflow/py_env/lib/python3.9/site-packages/airflow/example_dags/example_branch_day_of_week_operator.py
[2023-03-28T10:37:55.662-0400] {logging_mixin.py:137} INFO - [2023-03-28T10:37:55.662-0400] {dag.py:2693} INFO - Sync 1 DAGs
[2023-03-28T10:37:55.679-0400] {logging_mixin.py:137} INFO - [2023-03-28T10:37:55.679-0400] {dag.py:3440} INFO - Setting next_dagrun for example_weekday_branch_operator to 2023-03-27T00:00:00+00:00, run_after=2023-03-28T00:00:00+00:00
[2023-03-28T10:37:55.698-0400] {processor.py:175} INFO - Processing /Users/sunanda/Downloads/airflow/py_env/lib/python3.9/site-packages/airflow/example_dags/example_branch_day_of_week_operator.py took 0.929 seconds
[2023-03-28T10:42:31.103-0400] {processor.py:153} INFO - Started process (PID=95661) to work on /Users/sunanda/Downloads/airflow/py_env/lib/python3.9/site-packages/airflow/example_dags/example_branch_day_of_week_operator.py
[2023-03-28T10:42:31.106-0400] {processor.py:743} INFO - Processing file /Users/sunanda/Downloads/airflow/py_env/lib/python3.9/site-packages/airflow/example_dags/example_branch_day_of_week_operator.py for tasks to queue
[2023-03-28T10:42:31.106-0400] {logging_mixin.py:137} INFO - [2023-03-28T10:42:31.106-0400] {dagbag.py:532} INFO - Filling up the DagBag from /Users/sunanda/Downloads/airflow/py_env/lib/python3.9/site-packages/airflow/example_dags/example_branch_day_of_week_operator.py
[2023-03-28T10:42:31.120-0400] {processor.py:753} INFO - DAG(s) dict_keys(['example_weekday_branch_operator']) retrieved from /Users/sunanda/Downloads/airflow/py_env/lib/python3.9/site-packages/airflow/example_dags/example_branch_day_of_week_operator.py
[2023-03-28T10:42:31.638-0400] {logging_mixin.py:137} INFO - [2023-03-28T10:42:31.638-0400] {dag.py:2693} INFO - Sync 1 DAGs
[2023-03-28T10:42:31.649-0400] {logging_mixin.py:137} INFO - [2023-03-28T10:42:31.649-0400] {dag.py:3440} INFO - Setting next_dagrun for example_weekday_branch_operator to 2023-03-27T00:00:00+00:00, run_after=2023-03-28T00:00:00+00:00
[2023-03-28T10:42:31.684-0400] {processor.py:175} INFO - Processing /Users/sunanda/Downloads/airflow/py_env/lib/python3.9/site-packages/airflow/example_dags/example_branch_day_of_week_operator.py took 0.582 seconds
[2023-03-28T10:46:28.040-0400] {processor.py:153} INFO - Started process (PID=96191) to work on /Users/sunanda/Downloads/airflow/py_env/lib/python3.9/site-packages/airflow/example_dags/example_branch_day_of_week_operator.py
[2023-03-28T10:46:28.048-0400] {processor.py:743} INFO - Processing file /Users/sunanda/Downloads/airflow/py_env/lib/python3.9/site-packages/airflow/example_dags/example_branch_day_of_week_operator.py for tasks to queue
[2023-03-28T10:46:28.048-0400] {logging_mixin.py:137} INFO - [2023-03-28T10:46:28.048-0400] {dagbag.py:532} INFO - Filling up the DagBag from /Users/sunanda/Downloads/airflow/py_env/lib/python3.9/site-packages/airflow/example_dags/example_branch_day_of_week_operator.py
[2023-03-28T10:46:28.067-0400] {processor.py:753} INFO - DAG(s) dict_keys(['example_weekday_branch_operator']) retrieved from /Users/sunanda/Downloads/airflow/py_env/lib/python3.9/site-packages/airflow/example_dags/example_branch_day_of_week_operator.py
[2023-03-28T10:46:29.028-0400] {logging_mixin.py:137} INFO - [2023-03-28T10:46:29.028-0400] {dag.py:2693} INFO - Sync 1 DAGs
[2023-03-28T10:46:29.047-0400] {logging_mixin.py:137} INFO - [2023-03-28T10:46:29.047-0400] {dag.py:3440} INFO - Setting next_dagrun for example_weekday_branch_operator to 2023-03-27T00:00:00+00:00, run_after=2023-03-28T00:00:00+00:00
[2023-03-28T10:46:29.074-0400] {processor.py:175} INFO - Processing /Users/sunanda/Downloads/airflow/py_env/lib/python3.9/site-packages/airflow/example_dags/example_branch_day_of_week_operator.py took 1.035 seconds
[2023-03-28T10:50:37.879-0400] {processor.py:153} INFO - Started process (PID=96665) to work on /Users/sunanda/Downloads/airflow/py_env/lib/python3.9/site-packages/airflow/example_dags/example_branch_day_of_week_operator.py
[2023-03-28T10:50:37.898-0400] {processor.py:743} INFO - Processing file /Users/sunanda/Downloads/airflow/py_env/lib/python3.9/site-packages/airflow/example_dags/example_branch_day_of_week_operator.py for tasks to queue
[2023-03-28T10:50:37.898-0400] {logging_mixin.py:137} INFO - [2023-03-28T10:50:37.898-0400] {dagbag.py:532} INFO - Filling up the DagBag from /Users/sunanda/Downloads/airflow/py_env/lib/python3.9/site-packages/airflow/example_dags/example_branch_day_of_week_operator.py
[2023-03-28T10:50:37.912-0400] {processor.py:753} INFO - DAG(s) dict_keys(['example_weekday_branch_operator']) retrieved from /Users/sunanda/Downloads/airflow/py_env/lib/python3.9/site-packages/airflow/example_dags/example_branch_day_of_week_operator.py
[2023-03-28T10:50:38.583-0400] {logging_mixin.py:137} INFO - [2023-03-28T10:50:38.583-0400] {dag.py:2693} INFO - Sync 1 DAGs
[2023-03-28T10:50:38.590-0400] {logging_mixin.py:137} INFO - [2023-03-28T10:50:38.590-0400] {dag.py:3440} INFO - Setting next_dagrun for example_weekday_branch_operator to 2023-03-27T00:00:00+00:00, run_after=2023-03-28T00:00:00+00:00
[2023-03-28T10:50:38.611-0400] {processor.py:175} INFO - Processing /Users/sunanda/Downloads/airflow/py_env/lib/python3.9/site-packages/airflow/example_dags/example_branch_day_of_week_operator.py took 0.807 seconds
[2023-03-28T10:54:28.588-0400] {processor.py:153} INFO - Started process (PID=97082) to work on /Users/sunanda/Downloads/airflow/py_env/lib/python3.9/site-packages/airflow/example_dags/example_branch_day_of_week_operator.py
[2023-03-28T10:54:28.596-0400] {processor.py:743} INFO - Processing file /Users/sunanda/Downloads/airflow/py_env/lib/python3.9/site-packages/airflow/example_dags/example_branch_day_of_week_operator.py for tasks to queue
[2023-03-28T10:54:28.597-0400] {logging_mixin.py:137} INFO - [2023-03-28T10:54:28.597-0400] {dagbag.py:532} INFO - Filling up the DagBag from /Users/sunanda/Downloads/airflow/py_env/lib/python3.9/site-packages/airflow/example_dags/example_branch_day_of_week_operator.py
[2023-03-28T10:54:28.613-0400] {processor.py:753} INFO - DAG(s) dict_keys(['example_weekday_branch_operator']) retrieved from /Users/sunanda/Downloads/airflow/py_env/lib/python3.9/site-packages/airflow/example_dags/example_branch_day_of_week_operator.py
[2023-03-28T10:54:29.006-0400] {logging_mixin.py:137} INFO - [2023-03-28T10:54:29.006-0400] {dag.py:2693} INFO - Sync 1 DAGs
[2023-03-28T10:54:29.026-0400] {logging_mixin.py:137} INFO - [2023-03-28T10:54:29.026-0400] {dag.py:3440} INFO - Setting next_dagrun for example_weekday_branch_operator to 2023-03-27T00:00:00+00:00, run_after=2023-03-28T00:00:00+00:00
[2023-03-28T10:54:29.042-0400] {processor.py:175} INFO - Processing /Users/sunanda/Downloads/airflow/py_env/lib/python3.9/site-packages/airflow/example_dags/example_branch_day_of_week_operator.py took 0.454 seconds
[2023-03-28T10:58:05.623-0400] {processor.py:153} INFO - Started process (PID=97489) to work on /Users/sunanda/Downloads/airflow/py_env/lib/python3.9/site-packages/airflow/example_dags/example_branch_day_of_week_operator.py
[2023-03-28T10:58:05.625-0400] {processor.py:743} INFO - Processing file /Users/sunanda/Downloads/airflow/py_env/lib/python3.9/site-packages/airflow/example_dags/example_branch_day_of_week_operator.py for tasks to queue
[2023-03-28T10:58:05.625-0400] {logging_mixin.py:137} INFO - [2023-03-28T10:58:05.625-0400] {dagbag.py:532} INFO - Filling up the DagBag from /Users/sunanda/Downloads/airflow/py_env/lib/python3.9/site-packages/airflow/example_dags/example_branch_day_of_week_operator.py
[2023-03-28T10:58:05.639-0400] {processor.py:753} INFO - DAG(s) dict_keys(['example_weekday_branch_operator']) retrieved from /Users/sunanda/Downloads/airflow/py_env/lib/python3.9/site-packages/airflow/example_dags/example_branch_day_of_week_operator.py
[2023-03-28T10:58:06.161-0400] {logging_mixin.py:137} INFO - [2023-03-28T10:58:06.161-0400] {dag.py:2693} INFO - Sync 1 DAGs
[2023-03-28T10:58:06.173-0400] {logging_mixin.py:137} INFO - [2023-03-28T10:58:06.173-0400] {dag.py:3440} INFO - Setting next_dagrun for example_weekday_branch_operator to 2023-03-27T00:00:00+00:00, run_after=2023-03-28T00:00:00+00:00
[2023-03-28T10:58:06.190-0400] {processor.py:175} INFO - Processing /Users/sunanda/Downloads/airflow/py_env/lib/python3.9/site-packages/airflow/example_dags/example_branch_day_of_week_operator.py took 0.568 seconds
[2023-03-28T11:01:52.677-0400] {processor.py:153} INFO - Started process (PID=97881) to work on /Users/sunanda/Downloads/airflow/py_env/lib/python3.9/site-packages/airflow/example_dags/example_branch_day_of_week_operator.py
[2023-03-28T11:01:52.682-0400] {processor.py:743} INFO - Processing file /Users/sunanda/Downloads/airflow/py_env/lib/python3.9/site-packages/airflow/example_dags/example_branch_day_of_week_operator.py for tasks to queue
[2023-03-28T11:01:52.683-0400] {logging_mixin.py:137} INFO - [2023-03-28T11:01:52.683-0400] {dagbag.py:532} INFO - Filling up the DagBag from /Users/sunanda/Downloads/airflow/py_env/lib/python3.9/site-packages/airflow/example_dags/example_branch_day_of_week_operator.py
[2023-03-28T11:01:52.700-0400] {processor.py:753} INFO - DAG(s) dict_keys(['example_weekday_branch_operator']) retrieved from /Users/sunanda/Downloads/airflow/py_env/lib/python3.9/site-packages/airflow/example_dags/example_branch_day_of_week_operator.py
[2023-03-28T11:01:53.186-0400] {logging_mixin.py:137} INFO - [2023-03-28T11:01:53.186-0400] {dag.py:2693} INFO - Sync 1 DAGs
[2023-03-28T11:01:53.197-0400] {logging_mixin.py:137} INFO - [2023-03-28T11:01:53.197-0400] {dag.py:3440} INFO - Setting next_dagrun for example_weekday_branch_operator to 2023-03-27T00:00:00+00:00, run_after=2023-03-28T00:00:00+00:00
[2023-03-28T11:01:53.209-0400] {processor.py:175} INFO - Processing /Users/sunanda/Downloads/airflow/py_env/lib/python3.9/site-packages/airflow/example_dags/example_branch_day_of_week_operator.py took 0.533 seconds
[2023-03-28T11:05:29.879-0400] {processor.py:153} INFO - Started process (PID=98185) to work on /Users/sunanda/Downloads/airflow/py_env/lib/python3.9/site-packages/airflow/example_dags/example_branch_day_of_week_operator.py
[2023-03-28T11:05:29.882-0400] {processor.py:743} INFO - Processing file /Users/sunanda/Downloads/airflow/py_env/lib/python3.9/site-packages/airflow/example_dags/example_branch_day_of_week_operator.py for tasks to queue
[2023-03-28T11:05:29.882-0400] {logging_mixin.py:137} INFO - [2023-03-28T11:05:29.882-0400] {dagbag.py:532} INFO - Filling up the DagBag from /Users/sunanda/Downloads/airflow/py_env/lib/python3.9/site-packages/airflow/example_dags/example_branch_day_of_week_operator.py
[2023-03-28T11:05:29.898-0400] {processor.py:753} INFO - DAG(s) dict_keys(['example_weekday_branch_operator']) retrieved from /Users/sunanda/Downloads/airflow/py_env/lib/python3.9/site-packages/airflow/example_dags/example_branch_day_of_week_operator.py
[2023-03-28T11:05:30.451-0400] {logging_mixin.py:137} INFO - [2023-03-28T11:05:30.451-0400] {dag.py:2693} INFO - Sync 1 DAGs
[2023-03-28T11:05:30.472-0400] {logging_mixin.py:137} INFO - [2023-03-28T11:05:30.468-0400] {dag.py:3440} INFO - Setting next_dagrun for example_weekday_branch_operator to 2023-03-27T00:00:00+00:00, run_after=2023-03-28T00:00:00+00:00
[2023-03-28T11:05:30.493-0400] {processor.py:175} INFO - Processing /Users/sunanda/Downloads/airflow/py_env/lib/python3.9/site-packages/airflow/example_dags/example_branch_day_of_week_operator.py took 0.615 seconds
[2023-03-28T11:09:17.932-0400] {processor.py:153} INFO - Started process (PID=98502) to work on /Users/sunanda/Downloads/airflow/py_env/lib/python3.9/site-packages/airflow/example_dags/example_branch_day_of_week_operator.py
[2023-03-28T11:09:17.935-0400] {processor.py:743} INFO - Processing file /Users/sunanda/Downloads/airflow/py_env/lib/python3.9/site-packages/airflow/example_dags/example_branch_day_of_week_operator.py for tasks to queue
[2023-03-28T11:09:17.935-0400] {logging_mixin.py:137} INFO - [2023-03-28T11:09:17.935-0400] {dagbag.py:532} INFO - Filling up the DagBag from /Users/sunanda/Downloads/airflow/py_env/lib/python3.9/site-packages/airflow/example_dags/example_branch_day_of_week_operator.py
[2023-03-28T11:09:17.963-0400] {processor.py:753} INFO - DAG(s) dict_keys(['example_weekday_branch_operator']) retrieved from /Users/sunanda/Downloads/airflow/py_env/lib/python3.9/site-packages/airflow/example_dags/example_branch_day_of_week_operator.py
[2023-03-28T11:09:18.625-0400] {logging_mixin.py:137} INFO - [2023-03-28T11:09:18.625-0400] {dag.py:2693} INFO - Sync 1 DAGs
[2023-03-28T11:09:18.633-0400] {logging_mixin.py:137} INFO - [2023-03-28T11:09:18.633-0400] {dag.py:3440} INFO - Setting next_dagrun for example_weekday_branch_operator to 2023-03-27T00:00:00+00:00, run_after=2023-03-28T00:00:00+00:00
[2023-03-28T11:09:18.671-0400] {processor.py:175} INFO - Processing /Users/sunanda/Downloads/airflow/py_env/lib/python3.9/site-packages/airflow/example_dags/example_branch_day_of_week_operator.py took 0.740 seconds
[2023-03-28T11:13:19.642-0400] {processor.py:153} INFO - Started process (PID=98807) to work on /Users/sunanda/Downloads/airflow/py_env/lib/python3.9/site-packages/airflow/example_dags/example_branch_day_of_week_operator.py
[2023-03-28T11:13:19.649-0400] {processor.py:743} INFO - Processing file /Users/sunanda/Downloads/airflow/py_env/lib/python3.9/site-packages/airflow/example_dags/example_branch_day_of_week_operator.py for tasks to queue
[2023-03-28T11:13:19.649-0400] {logging_mixin.py:137} INFO - [2023-03-28T11:13:19.649-0400] {dagbag.py:532} INFO - Filling up the DagBag from /Users/sunanda/Downloads/airflow/py_env/lib/python3.9/site-packages/airflow/example_dags/example_branch_day_of_week_operator.py
[2023-03-28T11:13:19.662-0400] {processor.py:753} INFO - DAG(s) dict_keys(['example_weekday_branch_operator']) retrieved from /Users/sunanda/Downloads/airflow/py_env/lib/python3.9/site-packages/airflow/example_dags/example_branch_day_of_week_operator.py
[2023-03-28T11:13:20.288-0400] {logging_mixin.py:137} INFO - [2023-03-28T11:13:20.288-0400] {dag.py:2693} INFO - Sync 1 DAGs
[2023-03-28T11:13:20.305-0400] {logging_mixin.py:137} INFO - [2023-03-28T11:13:20.305-0400] {dag.py:3440} INFO - Setting next_dagrun for example_weekday_branch_operator to 2023-03-27T00:00:00+00:00, run_after=2023-03-28T00:00:00+00:00
[2023-03-28T11:13:20.335-0400] {processor.py:175} INFO - Processing /Users/sunanda/Downloads/airflow/py_env/lib/python3.9/site-packages/airflow/example_dags/example_branch_day_of_week_operator.py took 0.694 seconds
[2023-03-28T11:17:13.497-0400] {processor.py:153} INFO - Started process (PID=99114) to work on /Users/sunanda/Downloads/airflow/py_env/lib/python3.9/site-packages/airflow/example_dags/example_branch_day_of_week_operator.py
[2023-03-28T11:17:13.500-0400] {processor.py:743} INFO - Processing file /Users/sunanda/Downloads/airflow/py_env/lib/python3.9/site-packages/airflow/example_dags/example_branch_day_of_week_operator.py for tasks to queue
[2023-03-28T11:17:13.500-0400] {logging_mixin.py:137} INFO - [2023-03-28T11:17:13.500-0400] {dagbag.py:532} INFO - Filling up the DagBag from /Users/sunanda/Downloads/airflow/py_env/lib/python3.9/site-packages/airflow/example_dags/example_branch_day_of_week_operator.py
[2023-03-28T11:17:13.533-0400] {processor.py:753} INFO - DAG(s) dict_keys(['example_weekday_branch_operator']) retrieved from /Users/sunanda/Downloads/airflow/py_env/lib/python3.9/site-packages/airflow/example_dags/example_branch_day_of_week_operator.py
[2023-03-28T11:17:14.019-0400] {logging_mixin.py:137} INFO - [2023-03-28T11:17:14.019-0400] {dag.py:2693} INFO - Sync 1 DAGs
[2023-03-28T11:17:14.035-0400] {logging_mixin.py:137} INFO - [2023-03-28T11:17:14.035-0400] {dag.py:3440} INFO - Setting next_dagrun for example_weekday_branch_operator to 2023-03-27T00:00:00+00:00, run_after=2023-03-28T00:00:00+00:00
[2023-03-28T11:17:14.049-0400] {processor.py:175} INFO - Processing /Users/sunanda/Downloads/airflow/py_env/lib/python3.9/site-packages/airflow/example_dags/example_branch_day_of_week_operator.py took 0.552 seconds
[2023-03-28T11:21:05.259-0400] {processor.py:153} INFO - Started process (PID=99406) to work on /Users/sunanda/Downloads/airflow/py_env/lib/python3.9/site-packages/airflow/example_dags/example_branch_day_of_week_operator.py
[2023-03-28T11:21:05.262-0400] {processor.py:743} INFO - Processing file /Users/sunanda/Downloads/airflow/py_env/lib/python3.9/site-packages/airflow/example_dags/example_branch_day_of_week_operator.py for tasks to queue
[2023-03-28T11:21:05.263-0400] {logging_mixin.py:137} INFO - [2023-03-28T11:21:05.263-0400] {dagbag.py:532} INFO - Filling up the DagBag from /Users/sunanda/Downloads/airflow/py_env/lib/python3.9/site-packages/airflow/example_dags/example_branch_day_of_week_operator.py
[2023-03-28T11:21:05.293-0400] {processor.py:753} INFO - DAG(s) dict_keys(['example_weekday_branch_operator']) retrieved from /Users/sunanda/Downloads/airflow/py_env/lib/python3.9/site-packages/airflow/example_dags/example_branch_day_of_week_operator.py
[2023-03-28T11:21:05.897-0400] {logging_mixin.py:137} INFO - [2023-03-28T11:21:05.897-0400] {dag.py:2693} INFO - Sync 1 DAGs
[2023-03-28T11:21:05.905-0400] {logging_mixin.py:137} INFO - [2023-03-28T11:21:05.905-0400] {dag.py:3440} INFO - Setting next_dagrun for example_weekday_branch_operator to 2023-03-27T00:00:00+00:00, run_after=2023-03-28T00:00:00+00:00
[2023-03-28T11:21:05.928-0400] {processor.py:175} INFO - Processing /Users/sunanda/Downloads/airflow/py_env/lib/python3.9/site-packages/airflow/example_dags/example_branch_day_of_week_operator.py took 0.669 seconds
[2023-03-28T11:24:56.261-0400] {processor.py:153} INFO - Started process (PID=99703) to work on /Users/sunanda/Downloads/airflow/py_env/lib/python3.9/site-packages/airflow/example_dags/example_branch_day_of_week_operator.py
[2023-03-28T11:24:56.274-0400] {processor.py:743} INFO - Processing file /Users/sunanda/Downloads/airflow/py_env/lib/python3.9/site-packages/airflow/example_dags/example_branch_day_of_week_operator.py for tasks to queue
[2023-03-28T11:24:56.275-0400] {logging_mixin.py:137} INFO - [2023-03-28T11:24:56.275-0400] {dagbag.py:532} INFO - Filling up the DagBag from /Users/sunanda/Downloads/airflow/py_env/lib/python3.9/site-packages/airflow/example_dags/example_branch_day_of_week_operator.py
[2023-03-28T11:24:56.325-0400] {processor.py:753} INFO - DAG(s) dict_keys(['example_weekday_branch_operator']) retrieved from /Users/sunanda/Downloads/airflow/py_env/lib/python3.9/site-packages/airflow/example_dags/example_branch_day_of_week_operator.py
[2023-03-28T11:24:56.920-0400] {logging_mixin.py:137} INFO - [2023-03-28T11:24:56.920-0400] {dag.py:2693} INFO - Sync 1 DAGs
[2023-03-28T11:24:56.939-0400] {logging_mixin.py:137} INFO - [2023-03-28T11:24:56.939-0400] {dag.py:3440} INFO - Setting next_dagrun for example_weekday_branch_operator to 2023-03-27T00:00:00+00:00, run_after=2023-03-28T00:00:00+00:00
[2023-03-28T11:24:56.948-0400] {processor.py:175} INFO - Processing /Users/sunanda/Downloads/airflow/py_env/lib/python3.9/site-packages/airflow/example_dags/example_branch_day_of_week_operator.py took 0.689 seconds
[2023-03-28T11:29:30.700-0400] {processor.py:153} INFO - Started process (PID=158) to work on /Users/sunanda/Downloads/airflow/py_env/lib/python3.9/site-packages/airflow/example_dags/example_branch_day_of_week_operator.py
[2023-03-28T11:29:30.740-0400] {processor.py:743} INFO - Processing file /Users/sunanda/Downloads/airflow/py_env/lib/python3.9/site-packages/airflow/example_dags/example_branch_day_of_week_operator.py for tasks to queue
[2023-03-28T11:29:30.740-0400] {logging_mixin.py:137} INFO - [2023-03-28T11:29:30.740-0400] {dagbag.py:532} INFO - Filling up the DagBag from /Users/sunanda/Downloads/airflow/py_env/lib/python3.9/site-packages/airflow/example_dags/example_branch_day_of_week_operator.py
[2023-03-28T11:29:30.753-0400] {processor.py:753} INFO - DAG(s) dict_keys(['example_weekday_branch_operator']) retrieved from /Users/sunanda/Downloads/airflow/py_env/lib/python3.9/site-packages/airflow/example_dags/example_branch_day_of_week_operator.py
[2023-03-28T11:29:31.409-0400] {logging_mixin.py:137} INFO - [2023-03-28T11:29:31.409-0400] {dag.py:2693} INFO - Sync 1 DAGs
[2023-03-28T11:29:31.439-0400] {logging_mixin.py:137} INFO - [2023-03-28T11:29:31.439-0400] {dag.py:3440} INFO - Setting next_dagrun for example_weekday_branch_operator to 2023-03-27T00:00:00+00:00, run_after=2023-03-28T00:00:00+00:00
[2023-03-28T11:29:31.456-0400] {processor.py:175} INFO - Processing /Users/sunanda/Downloads/airflow/py_env/lib/python3.9/site-packages/airflow/example_dags/example_branch_day_of_week_operator.py took 0.758 seconds
[2023-03-28T11:39:59.060-0400] {processor.py:153} INFO - Started process (PID=639) to work on /Users/sunanda/Downloads/airflow/py_env/lib/python3.9/site-packages/airflow/example_dags/example_branch_day_of_week_operator.py
[2023-03-28T11:39:59.075-0400] {processor.py:743} INFO - Processing file /Users/sunanda/Downloads/airflow/py_env/lib/python3.9/site-packages/airflow/example_dags/example_branch_day_of_week_operator.py for tasks to queue
[2023-03-28T11:39:59.076-0400] {logging_mixin.py:137} INFO - [2023-03-28T11:39:59.076-0400] {dagbag.py:532} INFO - Filling up the DagBag from /Users/sunanda/Downloads/airflow/py_env/lib/python3.9/site-packages/airflow/example_dags/example_branch_day_of_week_operator.py
[2023-03-28T11:39:59.088-0400] {processor.py:753} INFO - DAG(s) dict_keys(['example_weekday_branch_operator']) retrieved from /Users/sunanda/Downloads/airflow/py_env/lib/python3.9/site-packages/airflow/example_dags/example_branch_day_of_week_operator.py
[2023-03-28T11:39:59.540-0400] {logging_mixin.py:137} INFO - [2023-03-28T11:39:59.540-0400] {dag.py:2693} INFO - Sync 1 DAGs
[2023-03-28T11:39:59.559-0400] {logging_mixin.py:137} INFO - [2023-03-28T11:39:59.559-0400] {dag.py:3440} INFO - Setting next_dagrun for example_weekday_branch_operator to 2023-03-27T00:00:00+00:00, run_after=2023-03-28T00:00:00+00:00
[2023-03-28T11:39:59.578-0400] {processor.py:175} INFO - Processing /Users/sunanda/Downloads/airflow/py_env/lib/python3.9/site-packages/airflow/example_dags/example_branch_day_of_week_operator.py took 0.522 seconds
[2023-03-28T11:43:48.562-0400] {processor.py:153} INFO - Started process (PID=963) to work on /Users/sunanda/Downloads/airflow/py_env/lib/python3.9/site-packages/airflow/example_dags/example_branch_day_of_week_operator.py
[2023-03-28T11:43:48.565-0400] {processor.py:743} INFO - Processing file /Users/sunanda/Downloads/airflow/py_env/lib/python3.9/site-packages/airflow/example_dags/example_branch_day_of_week_operator.py for tasks to queue
[2023-03-28T11:43:48.566-0400] {logging_mixin.py:137} INFO - [2023-03-28T11:43:48.566-0400] {dagbag.py:532} INFO - Filling up the DagBag from /Users/sunanda/Downloads/airflow/py_env/lib/python3.9/site-packages/airflow/example_dags/example_branch_day_of_week_operator.py
[2023-03-28T11:43:48.584-0400] {processor.py:753} INFO - DAG(s) dict_keys(['example_weekday_branch_operator']) retrieved from /Users/sunanda/Downloads/airflow/py_env/lib/python3.9/site-packages/airflow/example_dags/example_branch_day_of_week_operator.py
[2023-03-28T11:43:49.209-0400] {logging_mixin.py:137} INFO - [2023-03-28T11:43:49.208-0400] {dag.py:2693} INFO - Sync 1 DAGs
[2023-03-28T11:43:49.231-0400] {logging_mixin.py:137} INFO - [2023-03-28T11:43:49.231-0400] {dag.py:3440} INFO - Setting next_dagrun for example_weekday_branch_operator to 2023-03-27T00:00:00+00:00, run_after=2023-03-28T00:00:00+00:00
[2023-03-28T11:43:49.259-0400] {processor.py:175} INFO - Processing /Users/sunanda/Downloads/airflow/py_env/lib/python3.9/site-packages/airflow/example_dags/example_branch_day_of_week_operator.py took 0.697 seconds
[2023-03-28T11:47:27.916-0400] {processor.py:153} INFO - Started process (PID=1288) to work on /Users/sunanda/Downloads/airflow/py_env/lib/python3.9/site-packages/airflow/example_dags/example_branch_day_of_week_operator.py
[2023-03-28T11:47:27.919-0400] {processor.py:743} INFO - Processing file /Users/sunanda/Downloads/airflow/py_env/lib/python3.9/site-packages/airflow/example_dags/example_branch_day_of_week_operator.py for tasks to queue
[2023-03-28T11:47:27.920-0400] {logging_mixin.py:137} INFO - [2023-03-28T11:47:27.919-0400] {dagbag.py:532} INFO - Filling up the DagBag from /Users/sunanda/Downloads/airflow/py_env/lib/python3.9/site-packages/airflow/example_dags/example_branch_day_of_week_operator.py
[2023-03-28T11:47:27.933-0400] {processor.py:753} INFO - DAG(s) dict_keys(['example_weekday_branch_operator']) retrieved from /Users/sunanda/Downloads/airflow/py_env/lib/python3.9/site-packages/airflow/example_dags/example_branch_day_of_week_operator.py
[2023-03-28T11:47:28.525-0400] {logging_mixin.py:137} INFO - [2023-03-28T11:47:28.525-0400] {dag.py:2693} INFO - Sync 1 DAGs
[2023-03-28T11:47:28.548-0400] {logging_mixin.py:137} INFO - [2023-03-28T11:47:28.548-0400] {dag.py:3440} INFO - Setting next_dagrun for example_weekday_branch_operator to 2023-03-27T00:00:00+00:00, run_after=2023-03-28T00:00:00+00:00
[2023-03-28T11:47:28.574-0400] {processor.py:175} INFO - Processing /Users/sunanda/Downloads/airflow/py_env/lib/python3.9/site-packages/airflow/example_dags/example_branch_day_of_week_operator.py took 0.658 seconds
[2023-03-28T11:51:40.754-0400] {processor.py:153} INFO - Started process (PID=1679) to work on /Users/sunanda/Downloads/airflow/py_env/lib/python3.9/site-packages/airflow/example_dags/example_branch_day_of_week_operator.py
[2023-03-28T11:51:40.758-0400] {processor.py:743} INFO - Processing file /Users/sunanda/Downloads/airflow/py_env/lib/python3.9/site-packages/airflow/example_dags/example_branch_day_of_week_operator.py for tasks to queue
[2023-03-28T11:51:40.758-0400] {logging_mixin.py:137} INFO - [2023-03-28T11:51:40.758-0400] {dagbag.py:532} INFO - Filling up the DagBag from /Users/sunanda/Downloads/airflow/py_env/lib/python3.9/site-packages/airflow/example_dags/example_branch_day_of_week_operator.py
[2023-03-28T11:51:40.773-0400] {processor.py:753} INFO - DAG(s) dict_keys(['example_weekday_branch_operator']) retrieved from /Users/sunanda/Downloads/airflow/py_env/lib/python3.9/site-packages/airflow/example_dags/example_branch_day_of_week_operator.py
[2023-03-28T11:51:41.310-0400] {logging_mixin.py:137} INFO - [2023-03-28T11:51:41.310-0400] {dag.py:2693} INFO - Sync 1 DAGs
[2023-03-28T11:51:41.320-0400] {logging_mixin.py:137} INFO - [2023-03-28T11:51:41.320-0400] {dag.py:3440} INFO - Setting next_dagrun for example_weekday_branch_operator to 2023-03-27T00:00:00+00:00, run_after=2023-03-28T00:00:00+00:00
[2023-03-28T11:51:41.341-0400] {processor.py:175} INFO - Processing /Users/sunanda/Downloads/airflow/py_env/lib/python3.9/site-packages/airflow/example_dags/example_branch_day_of_week_operator.py took 0.597 seconds
[2023-03-28T11:55:44.309-0400] {processor.py:153} INFO - Started process (PID=2003) to work on /Users/sunanda/Downloads/airflow/py_env/lib/python3.9/site-packages/airflow/example_dags/example_branch_day_of_week_operator.py
[2023-03-28T11:55:44.334-0400] {processor.py:743} INFO - Processing file /Users/sunanda/Downloads/airflow/py_env/lib/python3.9/site-packages/airflow/example_dags/example_branch_day_of_week_operator.py for tasks to queue
[2023-03-28T11:55:44.334-0400] {logging_mixin.py:137} INFO - [2023-03-28T11:55:44.334-0400] {dagbag.py:532} INFO - Filling up the DagBag from /Users/sunanda/Downloads/airflow/py_env/lib/python3.9/site-packages/airflow/example_dags/example_branch_day_of_week_operator.py
[2023-03-28T11:55:44.348-0400] {processor.py:753} INFO - DAG(s) dict_keys(['example_weekday_branch_operator']) retrieved from /Users/sunanda/Downloads/airflow/py_env/lib/python3.9/site-packages/airflow/example_dags/example_branch_day_of_week_operator.py
[2023-03-28T11:55:44.784-0400] {logging_mixin.py:137} INFO - [2023-03-28T11:55:44.784-0400] {dag.py:2693} INFO - Sync 1 DAGs
[2023-03-28T11:55:44.793-0400] {logging_mixin.py:137} INFO - [2023-03-28T11:55:44.793-0400] {dag.py:3440} INFO - Setting next_dagrun for example_weekday_branch_operator to 2023-03-27T00:00:00+00:00, run_after=2023-03-28T00:00:00+00:00
[2023-03-28T11:55:44.833-0400] {processor.py:175} INFO - Processing /Users/sunanda/Downloads/airflow/py_env/lib/python3.9/site-packages/airflow/example_dags/example_branch_day_of_week_operator.py took 0.534 seconds
[2023-03-28T11:59:28.997-0400] {processor.py:153} INFO - Started process (PID=2314) to work on /Users/sunanda/Downloads/airflow/py_env/lib/python3.9/site-packages/airflow/example_dags/example_branch_day_of_week_operator.py
[2023-03-28T11:59:29.001-0400] {processor.py:743} INFO - Processing file /Users/sunanda/Downloads/airflow/py_env/lib/python3.9/site-packages/airflow/example_dags/example_branch_day_of_week_operator.py for tasks to queue
[2023-03-28T11:59:29.001-0400] {logging_mixin.py:137} INFO - [2023-03-28T11:59:29.001-0400] {dagbag.py:532} INFO - Filling up the DagBag from /Users/sunanda/Downloads/airflow/py_env/lib/python3.9/site-packages/airflow/example_dags/example_branch_day_of_week_operator.py
[2023-03-28T11:59:29.015-0400] {processor.py:753} INFO - DAG(s) dict_keys(['example_weekday_branch_operator']) retrieved from /Users/sunanda/Downloads/airflow/py_env/lib/python3.9/site-packages/airflow/example_dags/example_branch_day_of_week_operator.py
[2023-03-28T11:59:29.482-0400] {logging_mixin.py:137} INFO - [2023-03-28T11:59:29.482-0400] {dag.py:2693} INFO - Sync 1 DAGs
[2023-03-28T11:59:29.511-0400] {logging_mixin.py:137} INFO - [2023-03-28T11:59:29.511-0400] {dag.py:3440} INFO - Setting next_dagrun for example_weekday_branch_operator to 2023-03-27T00:00:00+00:00, run_after=2023-03-28T00:00:00+00:00
[2023-03-28T11:59:29.539-0400] {processor.py:175} INFO - Processing /Users/sunanda/Downloads/airflow/py_env/lib/python3.9/site-packages/airflow/example_dags/example_branch_day_of_week_operator.py took 0.547 seconds
[2023-03-28T12:03:21.279-0400] {processor.py:153} INFO - Started process (PID=2662) to work on /Users/sunanda/Downloads/airflow/py_env/lib/python3.9/site-packages/airflow/example_dags/example_branch_day_of_week_operator.py
[2023-03-28T12:03:21.292-0400] {processor.py:743} INFO - Processing file /Users/sunanda/Downloads/airflow/py_env/lib/python3.9/site-packages/airflow/example_dags/example_branch_day_of_week_operator.py for tasks to queue
[2023-03-28T12:03:21.293-0400] {logging_mixin.py:137} INFO - [2023-03-28T12:03:21.292-0400] {dagbag.py:532} INFO - Filling up the DagBag from /Users/sunanda/Downloads/airflow/py_env/lib/python3.9/site-packages/airflow/example_dags/example_branch_day_of_week_operator.py
[2023-03-28T12:03:21.306-0400] {processor.py:753} INFO - DAG(s) dict_keys(['example_weekday_branch_operator']) retrieved from /Users/sunanda/Downloads/airflow/py_env/lib/python3.9/site-packages/airflow/example_dags/example_branch_day_of_week_operator.py
[2023-03-28T12:03:21.798-0400] {logging_mixin.py:137} INFO - [2023-03-28T12:03:21.798-0400] {dag.py:2693} INFO - Sync 1 DAGs
[2023-03-28T12:03:21.820-0400] {logging_mixin.py:137} INFO - [2023-03-28T12:03:21.820-0400] {dag.py:3440} INFO - Setting next_dagrun for example_weekday_branch_operator to 2023-03-27T00:00:00+00:00, run_after=2023-03-28T00:00:00+00:00
[2023-03-28T12:03:21.842-0400] {processor.py:175} INFO - Processing /Users/sunanda/Downloads/airflow/py_env/lib/python3.9/site-packages/airflow/example_dags/example_branch_day_of_week_operator.py took 0.566 seconds
[2023-03-28T12:07:10.697-0400] {processor.py:153} INFO - Started process (PID=3010) to work on /Users/sunanda/Downloads/airflow/py_env/lib/python3.9/site-packages/airflow/example_dags/example_branch_day_of_week_operator.py
[2023-03-28T12:07:10.719-0400] {processor.py:743} INFO - Processing file /Users/sunanda/Downloads/airflow/py_env/lib/python3.9/site-packages/airflow/example_dags/example_branch_day_of_week_operator.py for tasks to queue
[2023-03-28T12:07:10.719-0400] {logging_mixin.py:137} INFO - [2023-03-28T12:07:10.719-0400] {dagbag.py:532} INFO - Filling up the DagBag from /Users/sunanda/Downloads/airflow/py_env/lib/python3.9/site-packages/airflow/example_dags/example_branch_day_of_week_operator.py
[2023-03-28T12:07:10.741-0400] {processor.py:753} INFO - DAG(s) dict_keys(['example_weekday_branch_operator']) retrieved from /Users/sunanda/Downloads/airflow/py_env/lib/python3.9/site-packages/airflow/example_dags/example_branch_day_of_week_operator.py
[2023-03-28T12:07:11.254-0400] {logging_mixin.py:137} INFO - [2023-03-28T12:07:11.253-0400] {dag.py:2693} INFO - Sync 1 DAGs
[2023-03-28T12:07:11.272-0400] {logging_mixin.py:137} INFO - [2023-03-28T12:07:11.272-0400] {dag.py:3440} INFO - Setting next_dagrun for example_weekday_branch_operator to 2023-03-27T00:00:00+00:00, run_after=2023-03-28T00:00:00+00:00
[2023-03-28T12:07:11.286-0400] {processor.py:175} INFO - Processing /Users/sunanda/Downloads/airflow/py_env/lib/python3.9/site-packages/airflow/example_dags/example_branch_day_of_week_operator.py took 0.592 seconds
[2023-03-28T12:11:14.629-0400] {processor.py:153} INFO - Started process (PID=3452) to work on /Users/sunanda/Downloads/airflow/py_env/lib/python3.9/site-packages/airflow/example_dags/example_branch_day_of_week_operator.py
[2023-03-28T12:11:14.635-0400] {processor.py:743} INFO - Processing file /Users/sunanda/Downloads/airflow/py_env/lib/python3.9/site-packages/airflow/example_dags/example_branch_day_of_week_operator.py for tasks to queue
[2023-03-28T12:11:14.635-0400] {logging_mixin.py:137} INFO - [2023-03-28T12:11:14.635-0400] {dagbag.py:532} INFO - Filling up the DagBag from /Users/sunanda/Downloads/airflow/py_env/lib/python3.9/site-packages/airflow/example_dags/example_branch_day_of_week_operator.py
[2023-03-28T12:11:14.653-0400] {processor.py:753} INFO - DAG(s) dict_keys(['example_weekday_branch_operator']) retrieved from /Users/sunanda/Downloads/airflow/py_env/lib/python3.9/site-packages/airflow/example_dags/example_branch_day_of_week_operator.py
[2023-03-28T12:11:15.204-0400] {logging_mixin.py:137} INFO - [2023-03-28T12:11:15.203-0400] {dag.py:2693} INFO - Sync 1 DAGs
[2023-03-28T12:11:15.211-0400] {logging_mixin.py:137} INFO - [2023-03-28T12:11:15.211-0400] {dag.py:3440} INFO - Setting next_dagrun for example_weekday_branch_operator to 2023-03-27T00:00:00+00:00, run_after=2023-03-28T00:00:00+00:00
[2023-03-28T12:11:15.226-0400] {processor.py:175} INFO - Processing /Users/sunanda/Downloads/airflow/py_env/lib/python3.9/site-packages/airflow/example_dags/example_branch_day_of_week_operator.py took 0.600 seconds
[2023-03-28T12:15:54.252-0400] {processor.py:153} INFO - Started process (PID=3899) to work on /Users/sunanda/Downloads/airflow/py_env/lib/python3.9/site-packages/airflow/example_dags/example_branch_day_of_week_operator.py
[2023-03-28T12:15:54.255-0400] {processor.py:743} INFO - Processing file /Users/sunanda/Downloads/airflow/py_env/lib/python3.9/site-packages/airflow/example_dags/example_branch_day_of_week_operator.py for tasks to queue
[2023-03-28T12:15:54.255-0400] {logging_mixin.py:137} INFO - [2023-03-28T12:15:54.255-0400] {dagbag.py:532} INFO - Filling up the DagBag from /Users/sunanda/Downloads/airflow/py_env/lib/python3.9/site-packages/airflow/example_dags/example_branch_day_of_week_operator.py
[2023-03-28T12:15:54.272-0400] {processor.py:753} INFO - DAG(s) dict_keys(['example_weekday_branch_operator']) retrieved from /Users/sunanda/Downloads/airflow/py_env/lib/python3.9/site-packages/airflow/example_dags/example_branch_day_of_week_operator.py
[2023-03-28T12:15:54.675-0400] {logging_mixin.py:137} INFO - [2023-03-28T12:15:54.675-0400] {dag.py:2693} INFO - Sync 1 DAGs
[2023-03-28T12:15:54.689-0400] {logging_mixin.py:137} INFO - [2023-03-28T12:15:54.689-0400] {dag.py:3440} INFO - Setting next_dagrun for example_weekday_branch_operator to 2023-03-27T00:00:00+00:00, run_after=2023-03-28T00:00:00+00:00
[2023-03-28T12:15:54.699-0400] {processor.py:175} INFO - Processing /Users/sunanda/Downloads/airflow/py_env/lib/python3.9/site-packages/airflow/example_dags/example_branch_day_of_week_operator.py took 0.447 seconds
[2023-03-28T12:19:40.328-0400] {processor.py:153} INFO - Started process (PID=4209) to work on /Users/sunanda/Downloads/airflow/py_env/lib/python3.9/site-packages/airflow/example_dags/example_branch_day_of_week_operator.py
[2023-03-28T12:19:40.331-0400] {processor.py:743} INFO - Processing file /Users/sunanda/Downloads/airflow/py_env/lib/python3.9/site-packages/airflow/example_dags/example_branch_day_of_week_operator.py for tasks to queue
[2023-03-28T12:19:40.331-0400] {logging_mixin.py:137} INFO - [2023-03-28T12:19:40.331-0400] {dagbag.py:532} INFO - Filling up the DagBag from /Users/sunanda/Downloads/airflow/py_env/lib/python3.9/site-packages/airflow/example_dags/example_branch_day_of_week_operator.py
[2023-03-28T12:19:40.345-0400] {processor.py:753} INFO - DAG(s) dict_keys(['example_weekday_branch_operator']) retrieved from /Users/sunanda/Downloads/airflow/py_env/lib/python3.9/site-packages/airflow/example_dags/example_branch_day_of_week_operator.py
[2023-03-28T12:19:40.762-0400] {logging_mixin.py:137} INFO - [2023-03-28T12:19:40.762-0400] {dag.py:2693} INFO - Sync 1 DAGs
[2023-03-28T12:19:40.775-0400] {logging_mixin.py:137} INFO - [2023-03-28T12:19:40.775-0400] {dag.py:3440} INFO - Setting next_dagrun for example_weekday_branch_operator to 2023-03-27T00:00:00+00:00, run_after=2023-03-28T00:00:00+00:00
[2023-03-28T12:19:40.785-0400] {processor.py:175} INFO - Processing /Users/sunanda/Downloads/airflow/py_env/lib/python3.9/site-packages/airflow/example_dags/example_branch_day_of_week_operator.py took 0.476 seconds
[2023-03-28T12:23:33.004-0400] {processor.py:153} INFO - Started process (PID=4514) to work on /Users/sunanda/Downloads/airflow/py_env/lib/python3.9/site-packages/airflow/example_dags/example_branch_day_of_week_operator.py
[2023-03-28T12:23:33.009-0400] {processor.py:743} INFO - Processing file /Users/sunanda/Downloads/airflow/py_env/lib/python3.9/site-packages/airflow/example_dags/example_branch_day_of_week_operator.py for tasks to queue
[2023-03-28T12:23:33.009-0400] {logging_mixin.py:137} INFO - [2023-03-28T12:23:33.009-0400] {dagbag.py:532} INFO - Filling up the DagBag from /Users/sunanda/Downloads/airflow/py_env/lib/python3.9/site-packages/airflow/example_dags/example_branch_day_of_week_operator.py
[2023-03-28T12:23:33.023-0400] {processor.py:753} INFO - DAG(s) dict_keys(['example_weekday_branch_operator']) retrieved from /Users/sunanda/Downloads/airflow/py_env/lib/python3.9/site-packages/airflow/example_dags/example_branch_day_of_week_operator.py
[2023-03-28T12:23:33.729-0400] {logging_mixin.py:137} INFO - [2023-03-28T12:23:33.729-0400] {dag.py:2693} INFO - Sync 1 DAGs
[2023-03-28T12:23:33.737-0400] {logging_mixin.py:137} INFO - [2023-03-28T12:23:33.737-0400] {dag.py:3440} INFO - Setting next_dagrun for example_weekday_branch_operator to 2023-03-27T00:00:00+00:00, run_after=2023-03-28T00:00:00+00:00
[2023-03-28T12:23:33.757-0400] {processor.py:175} INFO - Processing /Users/sunanda/Downloads/airflow/py_env/lib/python3.9/site-packages/airflow/example_dags/example_branch_day_of_week_operator.py took 0.753 seconds
[2023-03-28T12:30:21.062-0400] {processor.py:153} INFO - Started process (PID=4851) to work on /Users/sunanda/Downloads/airflow/py_env/lib/python3.9/site-packages/airflow/example_dags/example_branch_day_of_week_operator.py
[2023-03-28T12:30:21.068-0400] {processor.py:743} INFO - Processing file /Users/sunanda/Downloads/airflow/py_env/lib/python3.9/site-packages/airflow/example_dags/example_branch_day_of_week_operator.py for tasks to queue
[2023-03-28T12:30:21.068-0400] {logging_mixin.py:137} INFO - [2023-03-28T12:30:21.068-0400] {dagbag.py:532} INFO - Filling up the DagBag from /Users/sunanda/Downloads/airflow/py_env/lib/python3.9/site-packages/airflow/example_dags/example_branch_day_of_week_operator.py
[2023-03-28T12:30:21.081-0400] {processor.py:753} INFO - DAG(s) dict_keys(['example_weekday_branch_operator']) retrieved from /Users/sunanda/Downloads/airflow/py_env/lib/python3.9/site-packages/airflow/example_dags/example_branch_day_of_week_operator.py
[2023-03-28T12:30:21.541-0400] {logging_mixin.py:137} INFO - [2023-03-28T12:30:21.540-0400] {dag.py:2693} INFO - Sync 1 DAGs
[2023-03-28T12:30:21.565-0400] {logging_mixin.py:137} INFO - [2023-03-28T12:30:21.565-0400] {dag.py:3440} INFO - Setting next_dagrun for example_weekday_branch_operator to 2023-03-27T00:00:00+00:00, run_after=2023-03-28T00:00:00+00:00
[2023-03-28T12:30:21.580-0400] {processor.py:175} INFO - Processing /Users/sunanda/Downloads/airflow/py_env/lib/python3.9/site-packages/airflow/example_dags/example_branch_day_of_week_operator.py took 0.518 seconds
