[2023-03-27T23:38:01.618-0400] {processor.py:153} INFO - Started process (PID=79220) to work on /Users/sunanda/Downloads/airflow/py_env/lib/python3.9/site-packages/airflow/example_dags/example_kubernetes_executor.py
[2023-03-27T23:38:01.625-0400] {processor.py:743} INFO - Processing file /Users/sunanda/Downloads/airflow/py_env/lib/python3.9/site-packages/airflow/example_dags/example_kubernetes_executor.py for tasks to queue
[2023-03-27T23:38:01.626-0400] {logging_mixin.py:137} INFO - [2023-03-27T23:38:01.626-0400] {dagbag.py:532} INFO - Filling up the DagBag from /Users/sunanda/Downloads/airflow/py_env/lib/python3.9/site-packages/airflow/example_dags/example_kubernetes_executor.py
[2023-03-27T23:38:01.649-0400] {processor.py:753} INFO - DAG(s) dict_keys(['example_kubernetes_executor']) retrieved from /Users/sunanda/Downloads/airflow/py_env/lib/python3.9/site-packages/airflow/example_dags/example_kubernetes_executor.py
[2023-03-27T23:38:01.897-0400] {logging_mixin.py:137} INFO - [2023-03-27T23:38:01.897-0400] {dag.py:2693} INFO - Sync 1 DAGs
[2023-03-27T23:38:01.903-0400] {logging_mixin.py:137} INFO - [2023-03-27T23:38:01.903-0400] {dag.py:3440} INFO - Setting next_dagrun for example_kubernetes_executor to None, run_after=None
[2023-03-27T23:38:01.911-0400] {processor.py:175} INFO - Processing /Users/sunanda/Downloads/airflow/py_env/lib/python3.9/site-packages/airflow/example_dags/example_kubernetes_executor.py took 0.294 seconds
[2023-03-27T23:39:51.341-0400] {processor.py:153} INFO - Started process (PID=79404) to work on /Users/sunanda/Downloads/airflow/py_env/lib/python3.9/site-packages/airflow/example_dags/example_kubernetes_executor.py
[2023-03-27T23:39:51.349-0400] {processor.py:743} INFO - Processing file /Users/sunanda/Downloads/airflow/py_env/lib/python3.9/site-packages/airflow/example_dags/example_kubernetes_executor.py for tasks to queue
[2023-03-27T23:39:51.349-0400] {logging_mixin.py:137} INFO - [2023-03-27T23:39:51.349-0400] {dagbag.py:532} INFO - Filling up the DagBag from /Users/sunanda/Downloads/airflow/py_env/lib/python3.9/site-packages/airflow/example_dags/example_kubernetes_executor.py
[2023-03-27T23:39:51.372-0400] {processor.py:753} INFO - DAG(s) dict_keys(['example_kubernetes_executor']) retrieved from /Users/sunanda/Downloads/airflow/py_env/lib/python3.9/site-packages/airflow/example_dags/example_kubernetes_executor.py
[2023-03-27T23:39:51.622-0400] {logging_mixin.py:137} INFO - [2023-03-27T23:39:51.622-0400] {dag.py:2693} INFO - Sync 1 DAGs
[2023-03-27T23:39:51.629-0400] {logging_mixin.py:137} INFO - [2023-03-27T23:39:51.629-0400] {dag.py:3440} INFO - Setting next_dagrun for example_kubernetes_executor to None, run_after=None
[2023-03-27T23:39:51.636-0400] {processor.py:175} INFO - Processing /Users/sunanda/Downloads/airflow/py_env/lib/python3.9/site-packages/airflow/example_dags/example_kubernetes_executor.py took 0.296 seconds
[2023-03-28T00:22:30.506-0400] {processor.py:153} INFO - Started process (PID=82696) to work on /Users/sunanda/Downloads/airflow/py_env/lib/python3.9/site-packages/airflow/example_dags/example_kubernetes_executor.py
[2023-03-28T00:22:30.512-0400] {processor.py:743} INFO - Processing file /Users/sunanda/Downloads/airflow/py_env/lib/python3.9/site-packages/airflow/example_dags/example_kubernetes_executor.py for tasks to queue
[2023-03-28T00:22:30.512-0400] {logging_mixin.py:137} INFO - [2023-03-28T00:22:30.512-0400] {dagbag.py:532} INFO - Filling up the DagBag from /Users/sunanda/Downloads/airflow/py_env/lib/python3.9/site-packages/airflow/example_dags/example_kubernetes_executor.py
[2023-03-28T00:22:30.592-0400] {processor.py:753} INFO - DAG(s) dict_keys(['example_kubernetes_executor']) retrieved from /Users/sunanda/Downloads/airflow/py_env/lib/python3.9/site-packages/airflow/example_dags/example_kubernetes_executor.py
[2023-03-28T00:22:30.957-0400] {logging_mixin.py:137} INFO - [2023-03-28T00:22:30.957-0400] {dag.py:2693} INFO - Sync 1 DAGs
[2023-03-28T00:22:30.965-0400] {logging_mixin.py:137} INFO - [2023-03-28T00:22:30.965-0400] {dag.py:3440} INFO - Setting next_dagrun for example_kubernetes_executor to None, run_after=None
[2023-03-28T00:22:30.974-0400] {processor.py:175} INFO - Processing /Users/sunanda/Downloads/airflow/py_env/lib/python3.9/site-packages/airflow/example_dags/example_kubernetes_executor.py took 0.469 seconds
[2023-03-28T10:11:25.116-0400] {processor.py:153} INFO - Started process (PID=91341) to work on /Users/sunanda/Downloads/airflow/py_env/lib/python3.9/site-packages/airflow/example_dags/example_kubernetes_executor.py
[2023-03-28T10:11:25.121-0400] {processor.py:743} INFO - Processing file /Users/sunanda/Downloads/airflow/py_env/lib/python3.9/site-packages/airflow/example_dags/example_kubernetes_executor.py for tasks to queue
[2023-03-28T10:11:25.121-0400] {logging_mixin.py:137} INFO - [2023-03-28T10:11:25.121-0400] {dagbag.py:532} INFO - Filling up the DagBag from /Users/sunanda/Downloads/airflow/py_env/lib/python3.9/site-packages/airflow/example_dags/example_kubernetes_executor.py
[2023-03-28T10:11:25.159-0400] {processor.py:753} INFO - DAG(s) dict_keys(['example_kubernetes_executor']) retrieved from /Users/sunanda/Downloads/airflow/py_env/lib/python3.9/site-packages/airflow/example_dags/example_kubernetes_executor.py
[2023-03-28T10:11:25.872-0400] {logging_mixin.py:137} INFO - [2023-03-28T10:11:25.872-0400] {dag.py:2693} INFO - Sync 1 DAGs
[2023-03-28T10:11:25.888-0400] {logging_mixin.py:137} INFO - [2023-03-28T10:11:25.888-0400] {dag.py:3440} INFO - Setting next_dagrun for example_kubernetes_executor to None, run_after=None
[2023-03-28T10:11:25.915-0400] {processor.py:175} INFO - Processing /Users/sunanda/Downloads/airflow/py_env/lib/python3.9/site-packages/airflow/example_dags/example_kubernetes_executor.py took 0.801 seconds
[2023-03-28T10:14:16.619-0400] {processor.py:153} INFO - Started process (PID=91560) to work on /Users/sunanda/Downloads/airflow/py_env/lib/python3.9/site-packages/airflow/example_dags/example_kubernetes_executor.py
[2023-03-28T10:14:16.622-0400] {processor.py:743} INFO - Processing file /Users/sunanda/Downloads/airflow/py_env/lib/python3.9/site-packages/airflow/example_dags/example_kubernetes_executor.py for tasks to queue
[2023-03-28T10:14:16.623-0400] {logging_mixin.py:137} INFO - [2023-03-28T10:14:16.623-0400] {dagbag.py:532} INFO - Filling up the DagBag from /Users/sunanda/Downloads/airflow/py_env/lib/python3.9/site-packages/airflow/example_dags/example_kubernetes_executor.py
[2023-03-28T10:14:16.662-0400] {processor.py:753} INFO - DAG(s) dict_keys(['example_kubernetes_executor']) retrieved from /Users/sunanda/Downloads/airflow/py_env/lib/python3.9/site-packages/airflow/example_dags/example_kubernetes_executor.py
[2023-03-28T10:14:17.317-0400] {logging_mixin.py:137} INFO - [2023-03-28T10:14:17.316-0400] {dag.py:2693} INFO - Sync 1 DAGs
[2023-03-28T10:14:17.513-0400] {logging_mixin.py:137} INFO - [2023-03-28T10:14:17.513-0400] {dag.py:3440} INFO - Setting next_dagrun for example_kubernetes_executor to None, run_after=None
[2023-03-28T10:14:17.531-0400] {processor.py:175} INFO - Processing /Users/sunanda/Downloads/airflow/py_env/lib/python3.9/site-packages/airflow/example_dags/example_kubernetes_executor.py took 0.913 seconds
[2023-03-28T10:18:49.306-0400] {processor.py:153} INFO - Started process (PID=91912) to work on /Users/sunanda/Downloads/airflow/py_env/lib/python3.9/site-packages/airflow/example_dags/example_kubernetes_executor.py
[2023-03-28T10:18:49.311-0400] {processor.py:743} INFO - Processing file /Users/sunanda/Downloads/airflow/py_env/lib/python3.9/site-packages/airflow/example_dags/example_kubernetes_executor.py for tasks to queue
[2023-03-28T10:18:49.311-0400] {logging_mixin.py:137} INFO - [2023-03-28T10:18:49.311-0400] {dagbag.py:532} INFO - Filling up the DagBag from /Users/sunanda/Downloads/airflow/py_env/lib/python3.9/site-packages/airflow/example_dags/example_kubernetes_executor.py
[2023-03-28T10:18:49.349-0400] {processor.py:753} INFO - DAG(s) dict_keys(['example_kubernetes_executor']) retrieved from /Users/sunanda/Downloads/airflow/py_env/lib/python3.9/site-packages/airflow/example_dags/example_kubernetes_executor.py
[2023-03-28T10:18:49.899-0400] {logging_mixin.py:137} INFO - [2023-03-28T10:18:49.899-0400] {dag.py:2693} INFO - Sync 1 DAGs
[2023-03-28T10:18:49.911-0400] {logging_mixin.py:137} INFO - [2023-03-28T10:18:49.911-0400] {dag.py:3440} INFO - Setting next_dagrun for example_kubernetes_executor to None, run_after=None
[2023-03-28T10:18:49.931-0400] {processor.py:175} INFO - Processing /Users/sunanda/Downloads/airflow/py_env/lib/python3.9/site-packages/airflow/example_dags/example_kubernetes_executor.py took 0.626 seconds
[2023-03-28T10:22:53.236-0400] {processor.py:153} INFO - Started process (PID=92266) to work on /Users/sunanda/Downloads/airflow/py_env/lib/python3.9/site-packages/airflow/example_dags/example_kubernetes_executor.py
[2023-03-28T10:22:53.249-0400] {processor.py:743} INFO - Processing file /Users/sunanda/Downloads/airflow/py_env/lib/python3.9/site-packages/airflow/example_dags/example_kubernetes_executor.py for tasks to queue
[2023-03-28T10:22:53.249-0400] {logging_mixin.py:137} INFO - [2023-03-28T10:22:53.249-0400] {dagbag.py:532} INFO - Filling up the DagBag from /Users/sunanda/Downloads/airflow/py_env/lib/python3.9/site-packages/airflow/example_dags/example_kubernetes_executor.py
[2023-03-28T10:22:53.297-0400] {processor.py:753} INFO - DAG(s) dict_keys(['example_kubernetes_executor']) retrieved from /Users/sunanda/Downloads/airflow/py_env/lib/python3.9/site-packages/airflow/example_dags/example_kubernetes_executor.py
[2023-03-28T10:22:53.868-0400] {logging_mixin.py:137} INFO - [2023-03-28T10:22:53.868-0400] {dag.py:2693} INFO - Sync 1 DAGs
[2023-03-28T10:22:53.920-0400] {logging_mixin.py:137} INFO - [2023-03-28T10:22:53.920-0400] {dag.py:3440} INFO - Setting next_dagrun for example_kubernetes_executor to None, run_after=None
[2023-03-28T10:22:53.957-0400] {processor.py:175} INFO - Processing /Users/sunanda/Downloads/airflow/py_env/lib/python3.9/site-packages/airflow/example_dags/example_kubernetes_executor.py took 0.721 seconds
[2023-03-28T10:27:10.692-0400] {processor.py:153} INFO - Started process (PID=92727) to work on /Users/sunanda/Downloads/airflow/py_env/lib/python3.9/site-packages/airflow/example_dags/example_kubernetes_executor.py
[2023-03-28T10:27:10.695-0400] {processor.py:743} INFO - Processing file /Users/sunanda/Downloads/airflow/py_env/lib/python3.9/site-packages/airflow/example_dags/example_kubernetes_executor.py for tasks to queue
[2023-03-28T10:27:10.695-0400] {logging_mixin.py:137} INFO - [2023-03-28T10:27:10.695-0400] {dagbag.py:532} INFO - Filling up the DagBag from /Users/sunanda/Downloads/airflow/py_env/lib/python3.9/site-packages/airflow/example_dags/example_kubernetes_executor.py
[2023-03-28T10:27:10.724-0400] {processor.py:753} INFO - DAG(s) dict_keys(['example_kubernetes_executor']) retrieved from /Users/sunanda/Downloads/airflow/py_env/lib/python3.9/site-packages/airflow/example_dags/example_kubernetes_executor.py
[2023-03-28T10:27:12.167-0400] {logging_mixin.py:137} INFO - [2023-03-28T10:27:12.167-0400] {dag.py:2693} INFO - Sync 1 DAGs
[2023-03-28T10:27:12.177-0400] {logging_mixin.py:137} INFO - [2023-03-28T10:27:12.177-0400] {dag.py:3440} INFO - Setting next_dagrun for example_kubernetes_executor to None, run_after=None
[2023-03-28T10:27:12.188-0400] {processor.py:175} INFO - Processing /Users/sunanda/Downloads/airflow/py_env/lib/python3.9/site-packages/airflow/example_dags/example_kubernetes_executor.py took 1.496 seconds
[2023-03-28T10:31:32.366-0400] {processor.py:153} INFO - Started process (PID=93230) to work on /Users/sunanda/Downloads/airflow/py_env/lib/python3.9/site-packages/airflow/example_dags/example_kubernetes_executor.py
[2023-03-28T10:31:32.368-0400] {processor.py:743} INFO - Processing file /Users/sunanda/Downloads/airflow/py_env/lib/python3.9/site-packages/airflow/example_dags/example_kubernetes_executor.py for tasks to queue
[2023-03-28T10:31:32.368-0400] {logging_mixin.py:137} INFO - [2023-03-28T10:31:32.368-0400] {dagbag.py:532} INFO - Filling up the DagBag from /Users/sunanda/Downloads/airflow/py_env/lib/python3.9/site-packages/airflow/example_dags/example_kubernetes_executor.py
[2023-03-28T10:31:32.394-0400] {processor.py:753} INFO - DAG(s) dict_keys(['example_kubernetes_executor']) retrieved from /Users/sunanda/Downloads/airflow/py_env/lib/python3.9/site-packages/airflow/example_dags/example_kubernetes_executor.py
[2023-03-28T10:31:32.844-0400] {logging_mixin.py:137} INFO - [2023-03-28T10:31:32.844-0400] {dag.py:2693} INFO - Sync 1 DAGs
[2023-03-28T10:31:32.854-0400] {logging_mixin.py:137} INFO - [2023-03-28T10:31:32.853-0400] {dag.py:3440} INFO - Setting next_dagrun for example_kubernetes_executor to None, run_after=None
[2023-03-28T10:31:32.876-0400] {processor.py:175} INFO - Processing /Users/sunanda/Downloads/airflow/py_env/lib/python3.9/site-packages/airflow/example_dags/example_kubernetes_executor.py took 0.511 seconds
[2023-03-28T10:35:30.848-0400] {processor.py:153} INFO - Started process (PID=93540) to work on /Users/sunanda/Downloads/airflow/py_env/lib/python3.9/site-packages/airflow/example_dags/example_kubernetes_executor.py
[2023-03-28T10:35:30.857-0400] {processor.py:743} INFO - Processing file /Users/sunanda/Downloads/airflow/py_env/lib/python3.9/site-packages/airflow/example_dags/example_kubernetes_executor.py for tasks to queue
[2023-03-28T10:35:30.859-0400] {logging_mixin.py:137} INFO - [2023-03-28T10:35:30.859-0400] {dagbag.py:532} INFO - Filling up the DagBag from /Users/sunanda/Downloads/airflow/py_env/lib/python3.9/site-packages/airflow/example_dags/example_kubernetes_executor.py
[2023-03-28T10:35:30.931-0400] {processor.py:753} INFO - DAG(s) dict_keys(['example_kubernetes_executor']) retrieved from /Users/sunanda/Downloads/airflow/py_env/lib/python3.9/site-packages/airflow/example_dags/example_kubernetes_executor.py
[2023-03-28T10:35:31.372-0400] {logging_mixin.py:137} INFO - [2023-03-28T10:35:31.372-0400] {dag.py:2693} INFO - Sync 1 DAGs
[2023-03-28T10:35:31.400-0400] {logging_mixin.py:137} INFO - [2023-03-28T10:35:31.400-0400] {dag.py:3440} INFO - Setting next_dagrun for example_kubernetes_executor to None, run_after=None
[2023-03-28T10:35:31.413-0400] {processor.py:175} INFO - Processing /Users/sunanda/Downloads/airflow/py_env/lib/python3.9/site-packages/airflow/example_dags/example_kubernetes_executor.py took 0.566 seconds
[2023-03-28T10:40:17.699-0400] {processor.py:153} INFO - Started process (PID=95457) to work on /Users/sunanda/Downloads/airflow/py_env/lib/python3.9/site-packages/airflow/example_dags/example_kubernetes_executor.py
[2023-03-28T10:40:17.702-0400] {processor.py:743} INFO - Processing file /Users/sunanda/Downloads/airflow/py_env/lib/python3.9/site-packages/airflow/example_dags/example_kubernetes_executor.py for tasks to queue
[2023-03-28T10:40:17.702-0400] {logging_mixin.py:137} INFO - [2023-03-28T10:40:17.702-0400] {dagbag.py:532} INFO - Filling up the DagBag from /Users/sunanda/Downloads/airflow/py_env/lib/python3.9/site-packages/airflow/example_dags/example_kubernetes_executor.py
[2023-03-28T10:40:17.727-0400] {processor.py:753} INFO - DAG(s) dict_keys(['example_kubernetes_executor']) retrieved from /Users/sunanda/Downloads/airflow/py_env/lib/python3.9/site-packages/airflow/example_dags/example_kubernetes_executor.py
[2023-03-28T10:40:18.206-0400] {logging_mixin.py:137} INFO - [2023-03-28T10:40:18.206-0400] {dag.py:2693} INFO - Sync 1 DAGs
[2023-03-28T10:40:18.221-0400] {logging_mixin.py:137} INFO - [2023-03-28T10:40:18.221-0400] {dag.py:3440} INFO - Setting next_dagrun for example_kubernetes_executor to None, run_after=None
[2023-03-28T10:40:18.240-0400] {processor.py:175} INFO - Processing /Users/sunanda/Downloads/airflow/py_env/lib/python3.9/site-packages/airflow/example_dags/example_kubernetes_executor.py took 0.541 seconds
[2023-03-28T10:44:22.137-0400] {processor.py:153} INFO - Started process (PID=95888) to work on /Users/sunanda/Downloads/airflow/py_env/lib/python3.9/site-packages/airflow/example_dags/example_kubernetes_executor.py
[2023-03-28T10:44:22.146-0400] {processor.py:743} INFO - Processing file /Users/sunanda/Downloads/airflow/py_env/lib/python3.9/site-packages/airflow/example_dags/example_kubernetes_executor.py for tasks to queue
[2023-03-28T10:44:22.147-0400] {logging_mixin.py:137} INFO - [2023-03-28T10:44:22.146-0400] {dagbag.py:532} INFO - Filling up the DagBag from /Users/sunanda/Downloads/airflow/py_env/lib/python3.9/site-packages/airflow/example_dags/example_kubernetes_executor.py
[2023-03-28T10:44:22.197-0400] {processor.py:753} INFO - DAG(s) dict_keys(['example_kubernetes_executor']) retrieved from /Users/sunanda/Downloads/airflow/py_env/lib/python3.9/site-packages/airflow/example_dags/example_kubernetes_executor.py
[2023-03-28T10:44:22.715-0400] {logging_mixin.py:137} INFO - [2023-03-28T10:44:22.715-0400] {dag.py:2693} INFO - Sync 1 DAGs
[2023-03-28T10:44:22.734-0400] {logging_mixin.py:137} INFO - [2023-03-28T10:44:22.733-0400] {dag.py:3440} INFO - Setting next_dagrun for example_kubernetes_executor to None, run_after=None
[2023-03-28T10:44:22.758-0400] {processor.py:175} INFO - Processing /Users/sunanda/Downloads/airflow/py_env/lib/python3.9/site-packages/airflow/example_dags/example_kubernetes_executor.py took 0.622 seconds
[2023-03-28T10:48:27.455-0400] {processor.py:153} INFO - Started process (PID=96446) to work on /Users/sunanda/Downloads/airflow/py_env/lib/python3.9/site-packages/airflow/example_dags/example_kubernetes_executor.py
[2023-03-28T10:48:27.459-0400] {processor.py:743} INFO - Processing file /Users/sunanda/Downloads/airflow/py_env/lib/python3.9/site-packages/airflow/example_dags/example_kubernetes_executor.py for tasks to queue
[2023-03-28T10:48:27.459-0400] {logging_mixin.py:137} INFO - [2023-03-28T10:48:27.459-0400] {dagbag.py:532} INFO - Filling up the DagBag from /Users/sunanda/Downloads/airflow/py_env/lib/python3.9/site-packages/airflow/example_dags/example_kubernetes_executor.py
[2023-03-28T10:48:27.486-0400] {processor.py:753} INFO - DAG(s) dict_keys(['example_kubernetes_executor']) retrieved from /Users/sunanda/Downloads/airflow/py_env/lib/python3.9/site-packages/airflow/example_dags/example_kubernetes_executor.py
[2023-03-28T10:48:27.888-0400] {logging_mixin.py:137} INFO - [2023-03-28T10:48:27.887-0400] {dag.py:2693} INFO - Sync 1 DAGs
[2023-03-28T10:48:27.904-0400] {logging_mixin.py:137} INFO - [2023-03-28T10:48:27.901-0400] {dag.py:3440} INFO - Setting next_dagrun for example_kubernetes_executor to None, run_after=None
[2023-03-28T10:48:27.921-0400] {processor.py:175} INFO - Processing /Users/sunanda/Downloads/airflow/py_env/lib/python3.9/site-packages/airflow/example_dags/example_kubernetes_executor.py took 0.466 seconds
[2023-03-28T10:52:40.829-0400] {processor.py:153} INFO - Started process (PID=96934) to work on /Users/sunanda/Downloads/airflow/py_env/lib/python3.9/site-packages/airflow/example_dags/example_kubernetes_executor.py
[2023-03-28T10:52:40.849-0400] {processor.py:743} INFO - Processing file /Users/sunanda/Downloads/airflow/py_env/lib/python3.9/site-packages/airflow/example_dags/example_kubernetes_executor.py for tasks to queue
[2023-03-28T10:52:40.849-0400] {logging_mixin.py:137} INFO - [2023-03-28T10:52:40.849-0400] {dagbag.py:532} INFO - Filling up the DagBag from /Users/sunanda/Downloads/airflow/py_env/lib/python3.9/site-packages/airflow/example_dags/example_kubernetes_executor.py
[2023-03-28T10:52:40.908-0400] {processor.py:753} INFO - DAG(s) dict_keys(['example_kubernetes_executor']) retrieved from /Users/sunanda/Downloads/airflow/py_env/lib/python3.9/site-packages/airflow/example_dags/example_kubernetes_executor.py
[2023-03-28T10:52:41.444-0400] {logging_mixin.py:137} INFO - [2023-03-28T10:52:41.443-0400] {dag.py:2693} INFO - Sync 1 DAGs
[2023-03-28T10:52:41.455-0400] {logging_mixin.py:137} INFO - [2023-03-28T10:52:41.455-0400] {dag.py:3440} INFO - Setting next_dagrun for example_kubernetes_executor to None, run_after=None
[2023-03-28T10:52:41.467-0400] {processor.py:175} INFO - Processing /Users/sunanda/Downloads/airflow/py_env/lib/python3.9/site-packages/airflow/example_dags/example_kubernetes_executor.py took 0.646 seconds
[2023-03-28T10:56:06.387-0400] {processor.py:153} INFO - Started process (PID=97208) to work on /Users/sunanda/Downloads/airflow/py_env/lib/python3.9/site-packages/airflow/example_dags/example_kubernetes_executor.py
[2023-03-28T10:56:06.395-0400] {processor.py:743} INFO - Processing file /Users/sunanda/Downloads/airflow/py_env/lib/python3.9/site-packages/airflow/example_dags/example_kubernetes_executor.py for tasks to queue
[2023-03-28T10:56:06.395-0400] {logging_mixin.py:137} INFO - [2023-03-28T10:56:06.395-0400] {dagbag.py:532} INFO - Filling up the DagBag from /Users/sunanda/Downloads/airflow/py_env/lib/python3.9/site-packages/airflow/example_dags/example_kubernetes_executor.py
[2023-03-28T10:56:06.423-0400] {processor.py:753} INFO - DAG(s) dict_keys(['example_kubernetes_executor']) retrieved from /Users/sunanda/Downloads/airflow/py_env/lib/python3.9/site-packages/airflow/example_dags/example_kubernetes_executor.py
[2023-03-28T10:56:06.980-0400] {logging_mixin.py:137} INFO - [2023-03-28T10:56:06.979-0400] {dag.py:2693} INFO - Sync 1 DAGs
[2023-03-28T10:56:06.994-0400] {logging_mixin.py:137} INFO - [2023-03-28T10:56:06.994-0400] {dag.py:3440} INFO - Setting next_dagrun for example_kubernetes_executor to None, run_after=None
[2023-03-28T10:56:07.011-0400] {processor.py:175} INFO - Processing /Users/sunanda/Downloads/airflow/py_env/lib/python3.9/site-packages/airflow/example_dags/example_kubernetes_executor.py took 0.624 seconds
[2023-03-28T10:59:51.250-0400] {processor.py:153} INFO - Started process (PID=97693) to work on /Users/sunanda/Downloads/airflow/py_env/lib/python3.9/site-packages/airflow/example_dags/example_kubernetes_executor.py
[2023-03-28T10:59:51.254-0400] {processor.py:743} INFO - Processing file /Users/sunanda/Downloads/airflow/py_env/lib/python3.9/site-packages/airflow/example_dags/example_kubernetes_executor.py for tasks to queue
[2023-03-28T10:59:51.254-0400] {logging_mixin.py:137} INFO - [2023-03-28T10:59:51.254-0400] {dagbag.py:532} INFO - Filling up the DagBag from /Users/sunanda/Downloads/airflow/py_env/lib/python3.9/site-packages/airflow/example_dags/example_kubernetes_executor.py
[2023-03-28T10:59:51.280-0400] {processor.py:753} INFO - DAG(s) dict_keys(['example_kubernetes_executor']) retrieved from /Users/sunanda/Downloads/airflow/py_env/lib/python3.9/site-packages/airflow/example_dags/example_kubernetes_executor.py
[2023-03-28T10:59:52.125-0400] {logging_mixin.py:137} INFO - [2023-03-28T10:59:52.124-0400] {dag.py:2693} INFO - Sync 1 DAGs
[2023-03-28T10:59:52.140-0400] {logging_mixin.py:137} INFO - [2023-03-28T10:59:52.140-0400] {dag.py:3440} INFO - Setting next_dagrun for example_kubernetes_executor to None, run_after=None
[2023-03-28T10:59:52.155-0400] {processor.py:175} INFO - Processing /Users/sunanda/Downloads/airflow/py_env/lib/python3.9/site-packages/airflow/example_dags/example_kubernetes_executor.py took 0.905 seconds
[2023-03-28T11:03:32.181-0400] {processor.py:153} INFO - Started process (PID=98023) to work on /Users/sunanda/Downloads/airflow/py_env/lib/python3.9/site-packages/airflow/example_dags/example_kubernetes_executor.py
[2023-03-28T11:03:32.185-0400] {processor.py:743} INFO - Processing file /Users/sunanda/Downloads/airflow/py_env/lib/python3.9/site-packages/airflow/example_dags/example_kubernetes_executor.py for tasks to queue
[2023-03-28T11:03:32.185-0400] {logging_mixin.py:137} INFO - [2023-03-28T11:03:32.185-0400] {dagbag.py:532} INFO - Filling up the DagBag from /Users/sunanda/Downloads/airflow/py_env/lib/python3.9/site-packages/airflow/example_dags/example_kubernetes_executor.py
[2023-03-28T11:03:32.246-0400] {processor.py:753} INFO - DAG(s) dict_keys(['example_kubernetes_executor']) retrieved from /Users/sunanda/Downloads/airflow/py_env/lib/python3.9/site-packages/airflow/example_dags/example_kubernetes_executor.py
[2023-03-28T11:03:32.668-0400] {logging_mixin.py:137} INFO - [2023-03-28T11:03:32.667-0400] {dag.py:2693} INFO - Sync 1 DAGs
[2023-03-28T11:03:32.680-0400] {logging_mixin.py:137} INFO - [2023-03-28T11:03:32.680-0400] {dag.py:3440} INFO - Setting next_dagrun for example_kubernetes_executor to None, run_after=None
[2023-03-28T11:03:32.706-0400] {processor.py:175} INFO - Processing /Users/sunanda/Downloads/airflow/py_env/lib/python3.9/site-packages/airflow/example_dags/example_kubernetes_executor.py took 0.533 seconds
[2023-03-28T11:07:12.087-0400] {processor.py:153} INFO - Started process (PID=98314) to work on /Users/sunanda/Downloads/airflow/py_env/lib/python3.9/site-packages/airflow/example_dags/example_kubernetes_executor.py
[2023-03-28T11:07:12.099-0400] {processor.py:743} INFO - Processing file /Users/sunanda/Downloads/airflow/py_env/lib/python3.9/site-packages/airflow/example_dags/example_kubernetes_executor.py for tasks to queue
[2023-03-28T11:07:12.099-0400] {logging_mixin.py:137} INFO - [2023-03-28T11:07:12.099-0400] {dagbag.py:532} INFO - Filling up the DagBag from /Users/sunanda/Downloads/airflow/py_env/lib/python3.9/site-packages/airflow/example_dags/example_kubernetes_executor.py
[2023-03-28T11:07:12.182-0400] {processor.py:753} INFO - DAG(s) dict_keys(['example_kubernetes_executor']) retrieved from /Users/sunanda/Downloads/airflow/py_env/lib/python3.9/site-packages/airflow/example_dags/example_kubernetes_executor.py
[2023-03-28T11:07:12.722-0400] {logging_mixin.py:137} INFO - [2023-03-28T11:07:12.722-0400] {dag.py:2693} INFO - Sync 1 DAGs
[2023-03-28T11:07:12.730-0400] {logging_mixin.py:137} INFO - [2023-03-28T11:07:12.730-0400] {dag.py:3440} INFO - Setting next_dagrun for example_kubernetes_executor to None, run_after=None
[2023-03-28T11:07:12.743-0400] {processor.py:175} INFO - Processing /Users/sunanda/Downloads/airflow/py_env/lib/python3.9/site-packages/airflow/example_dags/example_kubernetes_executor.py took 0.656 seconds
[2023-03-28T11:11:15.945-0400] {processor.py:153} INFO - Started process (PID=98649) to work on /Users/sunanda/Downloads/airflow/py_env/lib/python3.9/site-packages/airflow/example_dags/example_kubernetes_executor.py
[2023-03-28T11:11:15.954-0400] {processor.py:743} INFO - Processing file /Users/sunanda/Downloads/airflow/py_env/lib/python3.9/site-packages/airflow/example_dags/example_kubernetes_executor.py for tasks to queue
[2023-03-28T11:11:15.955-0400] {logging_mixin.py:137} INFO - [2023-03-28T11:11:15.955-0400] {dagbag.py:532} INFO - Filling up the DagBag from /Users/sunanda/Downloads/airflow/py_env/lib/python3.9/site-packages/airflow/example_dags/example_kubernetes_executor.py
[2023-03-28T11:11:16.036-0400] {processor.py:753} INFO - DAG(s) dict_keys(['example_kubernetes_executor']) retrieved from /Users/sunanda/Downloads/airflow/py_env/lib/python3.9/site-packages/airflow/example_dags/example_kubernetes_executor.py
[2023-03-28T11:11:16.604-0400] {logging_mixin.py:137} INFO - [2023-03-28T11:11:16.604-0400] {dag.py:2693} INFO - Sync 1 DAGs
[2023-03-28T11:11:16.623-0400] {logging_mixin.py:137} INFO - [2023-03-28T11:11:16.623-0400] {dag.py:3440} INFO - Setting next_dagrun for example_kubernetes_executor to None, run_after=None
[2023-03-28T11:11:16.640-0400] {processor.py:175} INFO - Processing /Users/sunanda/Downloads/airflow/py_env/lib/python3.9/site-packages/airflow/example_dags/example_kubernetes_executor.py took 0.695 seconds
[2023-03-28T11:15:06.319-0400] {processor.py:153} INFO - Started process (PID=98946) to work on /Users/sunanda/Downloads/airflow/py_env/lib/python3.9/site-packages/airflow/example_dags/example_kubernetes_executor.py
[2023-03-28T11:15:06.322-0400] {processor.py:743} INFO - Processing file /Users/sunanda/Downloads/airflow/py_env/lib/python3.9/site-packages/airflow/example_dags/example_kubernetes_executor.py for tasks to queue
[2023-03-28T11:15:06.322-0400] {logging_mixin.py:137} INFO - [2023-03-28T11:15:06.322-0400] {dagbag.py:532} INFO - Filling up the DagBag from /Users/sunanda/Downloads/airflow/py_env/lib/python3.9/site-packages/airflow/example_dags/example_kubernetes_executor.py
[2023-03-28T11:15:06.347-0400] {processor.py:753} INFO - DAG(s) dict_keys(['example_kubernetes_executor']) retrieved from /Users/sunanda/Downloads/airflow/py_env/lib/python3.9/site-packages/airflow/example_dags/example_kubernetes_executor.py
[2023-03-28T11:15:06.979-0400] {logging_mixin.py:137} INFO - [2023-03-28T11:15:06.978-0400] {dag.py:2693} INFO - Sync 1 DAGs
[2023-03-28T11:15:06.994-0400] {logging_mixin.py:137} INFO - [2023-03-28T11:15:06.994-0400] {dag.py:3440} INFO - Setting next_dagrun for example_kubernetes_executor to None, run_after=None
[2023-03-28T11:15:07.021-0400] {processor.py:175} INFO - Processing /Users/sunanda/Downloads/airflow/py_env/lib/python3.9/site-packages/airflow/example_dags/example_kubernetes_executor.py took 0.702 seconds
[2023-03-28T11:19:00.681-0400] {processor.py:153} INFO - Started process (PID=99249) to work on /Users/sunanda/Downloads/airflow/py_env/lib/python3.9/site-packages/airflow/example_dags/example_kubernetes_executor.py
[2023-03-28T11:19:00.687-0400] {processor.py:743} INFO - Processing file /Users/sunanda/Downloads/airflow/py_env/lib/python3.9/site-packages/airflow/example_dags/example_kubernetes_executor.py for tasks to queue
[2023-03-28T11:19:00.687-0400] {logging_mixin.py:137} INFO - [2023-03-28T11:19:00.687-0400] {dagbag.py:532} INFO - Filling up the DagBag from /Users/sunanda/Downloads/airflow/py_env/lib/python3.9/site-packages/airflow/example_dags/example_kubernetes_executor.py
[2023-03-28T11:19:00.757-0400] {processor.py:753} INFO - DAG(s) dict_keys(['example_kubernetes_executor']) retrieved from /Users/sunanda/Downloads/airflow/py_env/lib/python3.9/site-packages/airflow/example_dags/example_kubernetes_executor.py
[2023-03-28T11:19:01.253-0400] {logging_mixin.py:137} INFO - [2023-03-28T11:19:01.253-0400] {dag.py:2693} INFO - Sync 1 DAGs
[2023-03-28T11:19:01.264-0400] {logging_mixin.py:137} INFO - [2023-03-28T11:19:01.264-0400] {dag.py:3440} INFO - Setting next_dagrun for example_kubernetes_executor to None, run_after=None
[2023-03-28T11:19:01.276-0400] {processor.py:175} INFO - Processing /Users/sunanda/Downloads/airflow/py_env/lib/python3.9/site-packages/airflow/example_dags/example_kubernetes_executor.py took 0.595 seconds
[2023-03-28T11:22:49.846-0400] {processor.py:153} INFO - Started process (PID=99538) to work on /Users/sunanda/Downloads/airflow/py_env/lib/python3.9/site-packages/airflow/example_dags/example_kubernetes_executor.py
[2023-03-28T11:22:49.849-0400] {processor.py:743} INFO - Processing file /Users/sunanda/Downloads/airflow/py_env/lib/python3.9/site-packages/airflow/example_dags/example_kubernetes_executor.py for tasks to queue
[2023-03-28T11:22:49.849-0400] {logging_mixin.py:137} INFO - [2023-03-28T11:22:49.849-0400] {dagbag.py:532} INFO - Filling up the DagBag from /Users/sunanda/Downloads/airflow/py_env/lib/python3.9/site-packages/airflow/example_dags/example_kubernetes_executor.py
[2023-03-28T11:22:49.943-0400] {processor.py:753} INFO - DAG(s) dict_keys(['example_kubernetes_executor']) retrieved from /Users/sunanda/Downloads/airflow/py_env/lib/python3.9/site-packages/airflow/example_dags/example_kubernetes_executor.py
[2023-03-28T11:22:50.461-0400] {logging_mixin.py:137} INFO - [2023-03-28T11:22:50.461-0400] {dag.py:2693} INFO - Sync 1 DAGs
[2023-03-28T11:22:50.483-0400] {logging_mixin.py:137} INFO - [2023-03-28T11:22:50.482-0400] {dag.py:3440} INFO - Setting next_dagrun for example_kubernetes_executor to None, run_after=None
[2023-03-28T11:22:50.493-0400] {processor.py:175} INFO - Processing /Users/sunanda/Downloads/airflow/py_env/lib/python3.9/site-packages/airflow/example_dags/example_kubernetes_executor.py took 0.647 seconds
[2023-03-28T11:26:44.429-0400] {processor.py:153} INFO - Started process (PID=99839) to work on /Users/sunanda/Downloads/airflow/py_env/lib/python3.9/site-packages/airflow/example_dags/example_kubernetes_executor.py
[2023-03-28T11:26:44.554-0400] {processor.py:743} INFO - Processing file /Users/sunanda/Downloads/airflow/py_env/lib/python3.9/site-packages/airflow/example_dags/example_kubernetes_executor.py for tasks to queue
[2023-03-28T11:26:44.554-0400] {logging_mixin.py:137} INFO - [2023-03-28T11:26:44.554-0400] {dagbag.py:532} INFO - Filling up the DagBag from /Users/sunanda/Downloads/airflow/py_env/lib/python3.9/site-packages/airflow/example_dags/example_kubernetes_executor.py
[2023-03-28T11:26:44.578-0400] {processor.py:753} INFO - DAG(s) dict_keys(['example_kubernetes_executor']) retrieved from /Users/sunanda/Downloads/airflow/py_env/lib/python3.9/site-packages/airflow/example_dags/example_kubernetes_executor.py
[2023-03-28T11:26:45.018-0400] {logging_mixin.py:137} INFO - [2023-03-28T11:26:45.017-0400] {dag.py:2693} INFO - Sync 1 DAGs
[2023-03-28T11:26:45.039-0400] {logging_mixin.py:137} INFO - [2023-03-28T11:26:45.039-0400] {dag.py:3440} INFO - Setting next_dagrun for example_kubernetes_executor to None, run_after=None
[2023-03-28T11:26:45.059-0400] {processor.py:175} INFO - Processing /Users/sunanda/Downloads/airflow/py_env/lib/python3.9/site-packages/airflow/example_dags/example_kubernetes_executor.py took 0.631 seconds
[2023-03-28T11:37:45.307-0400] {processor.py:153} INFO - Started process (PID=370) to work on /Users/sunanda/Downloads/airflow/py_env/lib/python3.9/site-packages/airflow/example_dags/example_kubernetes_executor.py
[2023-03-28T11:37:45.320-0400] {processor.py:743} INFO - Processing file /Users/sunanda/Downloads/airflow/py_env/lib/python3.9/site-packages/airflow/example_dags/example_kubernetes_executor.py for tasks to queue
[2023-03-28T11:37:45.320-0400] {logging_mixin.py:137} INFO - [2023-03-28T11:37:45.320-0400] {dagbag.py:532} INFO - Filling up the DagBag from /Users/sunanda/Downloads/airflow/py_env/lib/python3.9/site-packages/airflow/example_dags/example_kubernetes_executor.py
[2023-03-28T11:37:45.343-0400] {processor.py:753} INFO - DAG(s) dict_keys(['example_kubernetes_executor']) retrieved from /Users/sunanda/Downloads/airflow/py_env/lib/python3.9/site-packages/airflow/example_dags/example_kubernetes_executor.py
[2023-03-28T11:37:45.743-0400] {logging_mixin.py:137} INFO - [2023-03-28T11:37:45.743-0400] {dag.py:2693} INFO - Sync 1 DAGs
[2023-03-28T11:37:45.754-0400] {logging_mixin.py:137} INFO - [2023-03-28T11:37:45.754-0400] {dag.py:3440} INFO - Setting next_dagrun for example_kubernetes_executor to None, run_after=None
[2023-03-28T11:37:45.768-0400] {processor.py:175} INFO - Processing /Users/sunanda/Downloads/airflow/py_env/lib/python3.9/site-packages/airflow/example_dags/example_kubernetes_executor.py took 0.468 seconds
[2023-03-28T11:41:39.771-0400] {processor.py:153} INFO - Started process (PID=792) to work on /Users/sunanda/Downloads/airflow/py_env/lib/python3.9/site-packages/airflow/example_dags/example_kubernetes_executor.py
[2023-03-28T11:41:39.774-0400] {processor.py:743} INFO - Processing file /Users/sunanda/Downloads/airflow/py_env/lib/python3.9/site-packages/airflow/example_dags/example_kubernetes_executor.py for tasks to queue
[2023-03-28T11:41:39.774-0400] {logging_mixin.py:137} INFO - [2023-03-28T11:41:39.774-0400] {dagbag.py:532} INFO - Filling up the DagBag from /Users/sunanda/Downloads/airflow/py_env/lib/python3.9/site-packages/airflow/example_dags/example_kubernetes_executor.py
[2023-03-28T11:41:39.905-0400] {processor.py:753} INFO - DAG(s) dict_keys(['example_kubernetes_executor']) retrieved from /Users/sunanda/Downloads/airflow/py_env/lib/python3.9/site-packages/airflow/example_dags/example_kubernetes_executor.py
[2023-03-28T11:41:40.591-0400] {logging_mixin.py:137} INFO - [2023-03-28T11:41:40.591-0400] {dag.py:2693} INFO - Sync 1 DAGs
[2023-03-28T11:41:40.603-0400] {logging_mixin.py:137} INFO - [2023-03-28T11:41:40.603-0400] {dag.py:3440} INFO - Setting next_dagrun for example_kubernetes_executor to None, run_after=None
[2023-03-28T11:41:40.623-0400] {processor.py:175} INFO - Processing /Users/sunanda/Downloads/airflow/py_env/lib/python3.9/site-packages/airflow/example_dags/example_kubernetes_executor.py took 0.852 seconds
[2023-03-28T11:45:25.175-0400] {processor.py:153} INFO - Started process (PID=1090) to work on /Users/sunanda/Downloads/airflow/py_env/lib/python3.9/site-packages/airflow/example_dags/example_kubernetes_executor.py
[2023-03-28T11:45:25.194-0400] {processor.py:743} INFO - Processing file /Users/sunanda/Downloads/airflow/py_env/lib/python3.9/site-packages/airflow/example_dags/example_kubernetes_executor.py for tasks to queue
[2023-03-28T11:45:25.195-0400] {logging_mixin.py:137} INFO - [2023-03-28T11:45:25.195-0400] {dagbag.py:532} INFO - Filling up the DagBag from /Users/sunanda/Downloads/airflow/py_env/lib/python3.9/site-packages/airflow/example_dags/example_kubernetes_executor.py
[2023-03-28T11:45:25.223-0400] {processor.py:753} INFO - DAG(s) dict_keys(['example_kubernetes_executor']) retrieved from /Users/sunanda/Downloads/airflow/py_env/lib/python3.9/site-packages/airflow/example_dags/example_kubernetes_executor.py
[2023-03-28T11:45:25.752-0400] {logging_mixin.py:137} INFO - [2023-03-28T11:45:25.752-0400] {dag.py:2693} INFO - Sync 1 DAGs
[2023-03-28T11:45:25.763-0400] {logging_mixin.py:137} INFO - [2023-03-28T11:45:25.762-0400] {dag.py:3440} INFO - Setting next_dagrun for example_kubernetes_executor to None, run_after=None
[2023-03-28T11:45:25.769-0400] {processor.py:175} INFO - Processing /Users/sunanda/Downloads/airflow/py_env/lib/python3.9/site-packages/airflow/example_dags/example_kubernetes_executor.py took 0.597 seconds
[2023-03-28T11:49:12.186-0400] {processor.py:153} INFO - Started process (PID=1424) to work on /Users/sunanda/Downloads/airflow/py_env/lib/python3.9/site-packages/airflow/example_dags/example_kubernetes_executor.py
[2023-03-28T11:49:12.190-0400] {processor.py:743} INFO - Processing file /Users/sunanda/Downloads/airflow/py_env/lib/python3.9/site-packages/airflow/example_dags/example_kubernetes_executor.py for tasks to queue
[2023-03-28T11:49:12.190-0400] {logging_mixin.py:137} INFO - [2023-03-28T11:49:12.190-0400] {dagbag.py:532} INFO - Filling up the DagBag from /Users/sunanda/Downloads/airflow/py_env/lib/python3.9/site-packages/airflow/example_dags/example_kubernetes_executor.py
[2023-03-28T11:49:12.214-0400] {processor.py:753} INFO - DAG(s) dict_keys(['example_kubernetes_executor']) retrieved from /Users/sunanda/Downloads/airflow/py_env/lib/python3.9/site-packages/airflow/example_dags/example_kubernetes_executor.py
[2023-03-28T11:49:12.660-0400] {logging_mixin.py:137} INFO - [2023-03-28T11:49:12.660-0400] {dag.py:2693} INFO - Sync 1 DAGs
[2023-03-28T11:49:12.674-0400] {logging_mixin.py:137} INFO - [2023-03-28T11:49:12.674-0400] {dag.py:3440} INFO - Setting next_dagrun for example_kubernetes_executor to None, run_after=None
[2023-03-28T11:49:12.690-0400] {processor.py:175} INFO - Processing /Users/sunanda/Downloads/airflow/py_env/lib/python3.9/site-packages/airflow/example_dags/example_kubernetes_executor.py took 0.504 seconds
[2023-03-28T11:53:31.582-0400] {processor.py:153} INFO - Started process (PID=1827) to work on /Users/sunanda/Downloads/airflow/py_env/lib/python3.9/site-packages/airflow/example_dags/example_kubernetes_executor.py
[2023-03-28T11:53:31.584-0400] {processor.py:743} INFO - Processing file /Users/sunanda/Downloads/airflow/py_env/lib/python3.9/site-packages/airflow/example_dags/example_kubernetes_executor.py for tasks to queue
[2023-03-28T11:53:31.584-0400] {logging_mixin.py:137} INFO - [2023-03-28T11:53:31.584-0400] {dagbag.py:532} INFO - Filling up the DagBag from /Users/sunanda/Downloads/airflow/py_env/lib/python3.9/site-packages/airflow/example_dags/example_kubernetes_executor.py
[2023-03-28T11:53:31.622-0400] {processor.py:753} INFO - DAG(s) dict_keys(['example_kubernetes_executor']) retrieved from /Users/sunanda/Downloads/airflow/py_env/lib/python3.9/site-packages/airflow/example_dags/example_kubernetes_executor.py
[2023-03-28T11:53:32.350-0400] {logging_mixin.py:137} INFO - [2023-03-28T11:53:32.350-0400] {dag.py:2693} INFO - Sync 1 DAGs
[2023-03-28T11:53:32.402-0400] {logging_mixin.py:137} INFO - [2023-03-28T11:53:32.401-0400] {dag.py:3440} INFO - Setting next_dagrun for example_kubernetes_executor to None, run_after=None
[2023-03-28T11:53:32.418-0400] {processor.py:175} INFO - Processing /Users/sunanda/Downloads/airflow/py_env/lib/python3.9/site-packages/airflow/example_dags/example_kubernetes_executor.py took 0.836 seconds
[2023-03-28T11:57:27.387-0400] {processor.py:153} INFO - Started process (PID=2135) to work on /Users/sunanda/Downloads/airflow/py_env/lib/python3.9/site-packages/airflow/example_dags/example_kubernetes_executor.py
[2023-03-28T11:57:27.389-0400] {processor.py:743} INFO - Processing file /Users/sunanda/Downloads/airflow/py_env/lib/python3.9/site-packages/airflow/example_dags/example_kubernetes_executor.py for tasks to queue
[2023-03-28T11:57:27.389-0400] {logging_mixin.py:137} INFO - [2023-03-28T11:57:27.389-0400] {dagbag.py:532} INFO - Filling up the DagBag from /Users/sunanda/Downloads/airflow/py_env/lib/python3.9/site-packages/airflow/example_dags/example_kubernetes_executor.py
[2023-03-28T11:57:27.424-0400] {processor.py:753} INFO - DAG(s) dict_keys(['example_kubernetes_executor']) retrieved from /Users/sunanda/Downloads/airflow/py_env/lib/python3.9/site-packages/airflow/example_dags/example_kubernetes_executor.py
[2023-03-28T11:57:27.800-0400] {logging_mixin.py:137} INFO - [2023-03-28T11:57:27.800-0400] {dag.py:2693} INFO - Sync 1 DAGs
[2023-03-28T11:57:27.811-0400] {logging_mixin.py:137} INFO - [2023-03-28T11:57:27.810-0400] {dag.py:3440} INFO - Setting next_dagrun for example_kubernetes_executor to None, run_after=None
[2023-03-28T11:57:27.819-0400] {processor.py:175} INFO - Processing /Users/sunanda/Downloads/airflow/py_env/lib/python3.9/site-packages/airflow/example_dags/example_kubernetes_executor.py took 0.438 seconds
[2023-03-28T12:01:07.966-0400] {processor.py:153} INFO - Started process (PID=2451) to work on /Users/sunanda/Downloads/airflow/py_env/lib/python3.9/site-packages/airflow/example_dags/example_kubernetes_executor.py
[2023-03-28T12:01:07.972-0400] {processor.py:743} INFO - Processing file /Users/sunanda/Downloads/airflow/py_env/lib/python3.9/site-packages/airflow/example_dags/example_kubernetes_executor.py for tasks to queue
[2023-03-28T12:01:07.973-0400] {logging_mixin.py:137} INFO - [2023-03-28T12:01:07.973-0400] {dagbag.py:532} INFO - Filling up the DagBag from /Users/sunanda/Downloads/airflow/py_env/lib/python3.9/site-packages/airflow/example_dags/example_kubernetes_executor.py
[2023-03-28T12:01:08.023-0400] {processor.py:753} INFO - DAG(s) dict_keys(['example_kubernetes_executor']) retrieved from /Users/sunanda/Downloads/airflow/py_env/lib/python3.9/site-packages/airflow/example_dags/example_kubernetes_executor.py
[2023-03-28T12:01:08.463-0400] {logging_mixin.py:137} INFO - [2023-03-28T12:01:08.463-0400] {dag.py:2693} INFO - Sync 1 DAGs
[2023-03-28T12:01:08.471-0400] {logging_mixin.py:137} INFO - [2023-03-28T12:01:08.471-0400] {dag.py:3440} INFO - Setting next_dagrun for example_kubernetes_executor to None, run_after=None
[2023-03-28T12:01:08.504-0400] {processor.py:175} INFO - Processing /Users/sunanda/Downloads/airflow/py_env/lib/python3.9/site-packages/airflow/example_dags/example_kubernetes_executor.py took 0.539 seconds
[2023-03-28T12:05:02.589-0400] {processor.py:153} INFO - Started process (PID=2802) to work on /Users/sunanda/Downloads/airflow/py_env/lib/python3.9/site-packages/airflow/example_dags/example_kubernetes_executor.py
[2023-03-28T12:05:02.592-0400] {processor.py:743} INFO - Processing file /Users/sunanda/Downloads/airflow/py_env/lib/python3.9/site-packages/airflow/example_dags/example_kubernetes_executor.py for tasks to queue
[2023-03-28T12:05:02.592-0400] {logging_mixin.py:137} INFO - [2023-03-28T12:05:02.592-0400] {dagbag.py:532} INFO - Filling up the DagBag from /Users/sunanda/Downloads/airflow/py_env/lib/python3.9/site-packages/airflow/example_dags/example_kubernetes_executor.py
[2023-03-28T12:05:02.618-0400] {processor.py:753} INFO - DAG(s) dict_keys(['example_kubernetes_executor']) retrieved from /Users/sunanda/Downloads/airflow/py_env/lib/python3.9/site-packages/airflow/example_dags/example_kubernetes_executor.py
[2023-03-28T12:05:03.091-0400] {logging_mixin.py:137} INFO - [2023-03-28T12:05:03.091-0400] {dag.py:2693} INFO - Sync 1 DAGs
[2023-03-28T12:05:03.106-0400] {logging_mixin.py:137} INFO - [2023-03-28T12:05:03.106-0400] {dag.py:3440} INFO - Setting next_dagrun for example_kubernetes_executor to None, run_after=None
[2023-03-28T12:05:03.119-0400] {processor.py:175} INFO - Processing /Users/sunanda/Downloads/airflow/py_env/lib/python3.9/site-packages/airflow/example_dags/example_kubernetes_executor.py took 0.531 seconds
[2023-03-28T12:09:05.105-0400] {processor.py:153} INFO - Started process (PID=3256) to work on /Users/sunanda/Downloads/airflow/py_env/lib/python3.9/site-packages/airflow/example_dags/example_kubernetes_executor.py
[2023-03-28T12:09:05.137-0400] {processor.py:743} INFO - Processing file /Users/sunanda/Downloads/airflow/py_env/lib/python3.9/site-packages/airflow/example_dags/example_kubernetes_executor.py for tasks to queue
[2023-03-28T12:09:05.137-0400] {logging_mixin.py:137} INFO - [2023-03-28T12:09:05.137-0400] {dagbag.py:532} INFO - Filling up the DagBag from /Users/sunanda/Downloads/airflow/py_env/lib/python3.9/site-packages/airflow/example_dags/example_kubernetes_executor.py
[2023-03-28T12:09:05.183-0400] {processor.py:753} INFO - DAG(s) dict_keys(['example_kubernetes_executor']) retrieved from /Users/sunanda/Downloads/airflow/py_env/lib/python3.9/site-packages/airflow/example_dags/example_kubernetes_executor.py
[2023-03-28T12:09:05.827-0400] {logging_mixin.py:137} INFO - [2023-03-28T12:09:05.826-0400] {dag.py:2693} INFO - Sync 1 DAGs
[2023-03-28T12:09:05.842-0400] {logging_mixin.py:137} INFO - [2023-03-28T12:09:05.842-0400] {dag.py:3440} INFO - Setting next_dagrun for example_kubernetes_executor to None, run_after=None
[2023-03-28T12:09:05.860-0400] {processor.py:175} INFO - Processing /Users/sunanda/Downloads/airflow/py_env/lib/python3.9/site-packages/airflow/example_dags/example_kubernetes_executor.py took 0.756 seconds
[2023-03-28T12:13:00.149-0400] {processor.py:153} INFO - Started process (PID=3616) to work on /Users/sunanda/Downloads/airflow/py_env/lib/python3.9/site-packages/airflow/example_dags/example_kubernetes_executor.py
[2023-03-28T12:13:00.152-0400] {processor.py:743} INFO - Processing file /Users/sunanda/Downloads/airflow/py_env/lib/python3.9/site-packages/airflow/example_dags/example_kubernetes_executor.py for tasks to queue
[2023-03-28T12:13:00.152-0400] {logging_mixin.py:137} INFO - [2023-03-28T12:13:00.152-0400] {dagbag.py:532} INFO - Filling up the DagBag from /Users/sunanda/Downloads/airflow/py_env/lib/python3.9/site-packages/airflow/example_dags/example_kubernetes_executor.py
[2023-03-28T12:13:00.178-0400] {processor.py:753} INFO - DAG(s) dict_keys(['example_kubernetes_executor']) retrieved from /Users/sunanda/Downloads/airflow/py_env/lib/python3.9/site-packages/airflow/example_dags/example_kubernetes_executor.py
[2023-03-28T12:13:00.651-0400] {logging_mixin.py:137} INFO - [2023-03-28T12:13:00.650-0400] {dag.py:2693} INFO - Sync 1 DAGs
[2023-03-28T12:13:00.660-0400] {logging_mixin.py:137} INFO - [2023-03-28T12:13:00.660-0400] {dag.py:3440} INFO - Setting next_dagrun for example_kubernetes_executor to None, run_after=None
[2023-03-28T12:13:00.674-0400] {processor.py:175} INFO - Processing /Users/sunanda/Downloads/airflow/py_env/lib/python3.9/site-packages/airflow/example_dags/example_kubernetes_executor.py took 0.525 seconds
[2023-03-28T12:15:19.441-0400] {processor.py:153} INFO - Started process (PID=3818) to work on /Users/sunanda/Downloads/airflow/py_env/lib/python3.9/site-packages/airflow/example_dags/example_kubernetes_executor.py
[2023-03-28T12:15:19.444-0400] {processor.py:743} INFO - Processing file /Users/sunanda/Downloads/airflow/py_env/lib/python3.9/site-packages/airflow/example_dags/example_kubernetes_executor.py for tasks to queue
[2023-03-28T12:15:19.444-0400] {logging_mixin.py:137} INFO - [2023-03-28T12:15:19.444-0400] {dagbag.py:532} INFO - Filling up the DagBag from /Users/sunanda/Downloads/airflow/py_env/lib/python3.9/site-packages/airflow/example_dags/example_kubernetes_executor.py
[2023-03-28T12:15:19.504-0400] {processor.py:753} INFO - DAG(s) dict_keys(['example_kubernetes_executor']) retrieved from /Users/sunanda/Downloads/airflow/py_env/lib/python3.9/site-packages/airflow/example_dags/example_kubernetes_executor.py
[2023-03-28T12:15:19.946-0400] {logging_mixin.py:137} INFO - [2023-03-28T12:15:19.946-0400] {dag.py:2693} INFO - Sync 1 DAGs
[2023-03-28T12:15:19.961-0400] {logging_mixin.py:137} INFO - [2023-03-28T12:15:19.961-0400] {dag.py:3440} INFO - Setting next_dagrun for example_kubernetes_executor to None, run_after=None
[2023-03-28T12:15:19.992-0400] {processor.py:175} INFO - Processing /Users/sunanda/Downloads/airflow/py_env/lib/python3.9/site-packages/airflow/example_dags/example_kubernetes_executor.py took 0.555 seconds
[2023-03-28T12:17:47.927-0400] {processor.py:153} INFO - Started process (PID=4065) to work on /Users/sunanda/Downloads/airflow/py_env/lib/python3.9/site-packages/airflow/example_dags/example_kubernetes_executor.py
[2023-03-28T12:17:47.930-0400] {processor.py:743} INFO - Processing file /Users/sunanda/Downloads/airflow/py_env/lib/python3.9/site-packages/airflow/example_dags/example_kubernetes_executor.py for tasks to queue
[2023-03-28T12:17:47.930-0400] {logging_mixin.py:137} INFO - [2023-03-28T12:17:47.930-0400] {dagbag.py:532} INFO - Filling up the DagBag from /Users/sunanda/Downloads/airflow/py_env/lib/python3.9/site-packages/airflow/example_dags/example_kubernetes_executor.py
[2023-03-28T12:17:47.960-0400] {processor.py:753} INFO - DAG(s) dict_keys(['example_kubernetes_executor']) retrieved from /Users/sunanda/Downloads/airflow/py_env/lib/python3.9/site-packages/airflow/example_dags/example_kubernetes_executor.py
[2023-03-28T12:17:48.428-0400] {logging_mixin.py:137} INFO - [2023-03-28T12:17:48.428-0400] {dag.py:2693} INFO - Sync 1 DAGs
[2023-03-28T12:17:48.439-0400] {logging_mixin.py:137} INFO - [2023-03-28T12:17:48.439-0400] {dag.py:3440} INFO - Setting next_dagrun for example_kubernetes_executor to None, run_after=None
[2023-03-28T12:17:48.451-0400] {processor.py:175} INFO - Processing /Users/sunanda/Downloads/airflow/py_env/lib/python3.9/site-packages/airflow/example_dags/example_kubernetes_executor.py took 0.525 seconds
[2023-03-28T12:21:32.701-0400] {processor.py:153} INFO - Started process (PID=4348) to work on /Users/sunanda/Downloads/airflow/py_env/lib/python3.9/site-packages/airflow/example_dags/example_kubernetes_executor.py
[2023-03-28T12:21:32.704-0400] {processor.py:743} INFO - Processing file /Users/sunanda/Downloads/airflow/py_env/lib/python3.9/site-packages/airflow/example_dags/example_kubernetes_executor.py for tasks to queue
[2023-03-28T12:21:32.705-0400] {logging_mixin.py:137} INFO - [2023-03-28T12:21:32.704-0400] {dagbag.py:532} INFO - Filling up the DagBag from /Users/sunanda/Downloads/airflow/py_env/lib/python3.9/site-packages/airflow/example_dags/example_kubernetes_executor.py
[2023-03-28T12:21:32.738-0400] {processor.py:753} INFO - DAG(s) dict_keys(['example_kubernetes_executor']) retrieved from /Users/sunanda/Downloads/airflow/py_env/lib/python3.9/site-packages/airflow/example_dags/example_kubernetes_executor.py
[2023-03-28T12:21:33.271-0400] {logging_mixin.py:137} INFO - [2023-03-28T12:21:33.271-0400] {dag.py:2693} INFO - Sync 1 DAGs
[2023-03-28T12:21:33.284-0400] {logging_mixin.py:137} INFO - [2023-03-28T12:21:33.284-0400] {dag.py:3440} INFO - Setting next_dagrun for example_kubernetes_executor to None, run_after=None
[2023-03-28T12:21:33.301-0400] {processor.py:175} INFO - Processing /Users/sunanda/Downloads/airflow/py_env/lib/python3.9/site-packages/airflow/example_dags/example_kubernetes_executor.py took 0.601 seconds
[2023-03-28T12:28:18.340-0400] {processor.py:153} INFO - Started process (PID=4687) to work on /Users/sunanda/Downloads/airflow/py_env/lib/python3.9/site-packages/airflow/example_dags/example_kubernetes_executor.py
[2023-03-28T12:28:18.348-0400] {processor.py:743} INFO - Processing file /Users/sunanda/Downloads/airflow/py_env/lib/python3.9/site-packages/airflow/example_dags/example_kubernetes_executor.py for tasks to queue
[2023-03-28T12:28:18.348-0400] {logging_mixin.py:137} INFO - [2023-03-28T12:28:18.348-0400] {dagbag.py:532} INFO - Filling up the DagBag from /Users/sunanda/Downloads/airflow/py_env/lib/python3.9/site-packages/airflow/example_dags/example_kubernetes_executor.py
[2023-03-28T12:28:18.428-0400] {processor.py:753} INFO - DAG(s) dict_keys(['example_kubernetes_executor']) retrieved from /Users/sunanda/Downloads/airflow/py_env/lib/python3.9/site-packages/airflow/example_dags/example_kubernetes_executor.py
[2023-03-28T12:28:18.869-0400] {logging_mixin.py:137} INFO - [2023-03-28T12:28:18.868-0400] {dag.py:2693} INFO - Sync 1 DAGs
[2023-03-28T12:28:18.882-0400] {logging_mixin.py:137} INFO - [2023-03-28T12:28:18.882-0400] {dag.py:3440} INFO - Setting next_dagrun for example_kubernetes_executor to None, run_after=None
[2023-03-28T12:28:18.907-0400] {processor.py:175} INFO - Processing /Users/sunanda/Downloads/airflow/py_env/lib/python3.9/site-packages/airflow/example_dags/example_kubernetes_executor.py took 0.567 seconds
