[2023-03-27T23:37:56.317-0400] {processor.py:153} INFO - Started process (PID=79211) to work on /Users/sunanda/Downloads/airflow/py_env/lib/python3.9/site-packages/airflow/example_dags/example_local_kubernetes_executor.py
[2023-03-27T23:37:56.324-0400] {processor.py:743} INFO - Processing file /Users/sunanda/Downloads/airflow/py_env/lib/python3.9/site-packages/airflow/example_dags/example_local_kubernetes_executor.py for tasks to queue
[2023-03-27T23:37:56.324-0400] {logging_mixin.py:137} INFO - [2023-03-27T23:37:56.324-0400] {dagbag.py:532} INFO - Filling up the DagBag from /Users/sunanda/Downloads/airflow/py_env/lib/python3.9/site-packages/airflow/example_dags/example_local_kubernetes_executor.py
[2023-03-27T23:37:56.346-0400] {processor.py:753} INFO - DAG(s) dict_keys(['example_local_kubernetes_executor']) retrieved from /Users/sunanda/Downloads/airflow/py_env/lib/python3.9/site-packages/airflow/example_dags/example_local_kubernetes_executor.py
[2023-03-27T23:37:56.598-0400] {logging_mixin.py:137} INFO - [2023-03-27T23:37:56.598-0400] {dag.py:2693} INFO - Sync 1 DAGs
[2023-03-27T23:37:56.604-0400] {logging_mixin.py:137} INFO - [2023-03-27T23:37:56.604-0400] {dag.py:3440} INFO - Setting next_dagrun for example_local_kubernetes_executor to None, run_after=None
[2023-03-27T23:37:56.612-0400] {processor.py:175} INFO - Processing /Users/sunanda/Downloads/airflow/py_env/lib/python3.9/site-packages/airflow/example_dags/example_local_kubernetes_executor.py took 0.295 seconds
[2023-03-27T23:39:20.312-0400] {processor.py:153} INFO - Started process (PID=79358) to work on /Users/sunanda/Downloads/airflow/py_env/lib/python3.9/site-packages/airflow/example_dags/example_local_kubernetes_executor.py
[2023-03-27T23:39:20.320-0400] {processor.py:743} INFO - Processing file /Users/sunanda/Downloads/airflow/py_env/lib/python3.9/site-packages/airflow/example_dags/example_local_kubernetes_executor.py for tasks to queue
[2023-03-27T23:39:20.320-0400] {logging_mixin.py:137} INFO - [2023-03-27T23:39:20.320-0400] {dagbag.py:532} INFO - Filling up the DagBag from /Users/sunanda/Downloads/airflow/py_env/lib/python3.9/site-packages/airflow/example_dags/example_local_kubernetes_executor.py
[2023-03-27T23:39:20.341-0400] {processor.py:753} INFO - DAG(s) dict_keys(['example_local_kubernetes_executor']) retrieved from /Users/sunanda/Downloads/airflow/py_env/lib/python3.9/site-packages/airflow/example_dags/example_local_kubernetes_executor.py
[2023-03-27T23:39:20.577-0400] {logging_mixin.py:137} INFO - [2023-03-27T23:39:20.577-0400] {dag.py:2693} INFO - Sync 1 DAGs
[2023-03-27T23:39:20.583-0400] {logging_mixin.py:137} INFO - [2023-03-27T23:39:20.583-0400] {dag.py:3440} INFO - Setting next_dagrun for example_local_kubernetes_executor to None, run_after=None
[2023-03-27T23:39:20.590-0400] {processor.py:175} INFO - Processing /Users/sunanda/Downloads/airflow/py_env/lib/python3.9/site-packages/airflow/example_dags/example_local_kubernetes_executor.py took 0.279 seconds
[2023-03-27T23:41:10.594-0400] {processor.py:153} INFO - Started process (PID=79561) to work on /Users/sunanda/Downloads/airflow/py_env/lib/python3.9/site-packages/airflow/example_dags/example_local_kubernetes_executor.py
[2023-03-27T23:41:10.606-0400] {processor.py:743} INFO - Processing file /Users/sunanda/Downloads/airflow/py_env/lib/python3.9/site-packages/airflow/example_dags/example_local_kubernetes_executor.py for tasks to queue
[2023-03-27T23:41:10.606-0400] {logging_mixin.py:137} INFO - [2023-03-27T23:41:10.606-0400] {dagbag.py:532} INFO - Filling up the DagBag from /Users/sunanda/Downloads/airflow/py_env/lib/python3.9/site-packages/airflow/example_dags/example_local_kubernetes_executor.py
[2023-03-27T23:41:10.628-0400] {processor.py:753} INFO - DAG(s) dict_keys(['example_local_kubernetes_executor']) retrieved from /Users/sunanda/Downloads/airflow/py_env/lib/python3.9/site-packages/airflow/example_dags/example_local_kubernetes_executor.py
[2023-03-27T23:41:10.881-0400] {logging_mixin.py:137} INFO - [2023-03-27T23:41:10.881-0400] {dag.py:2693} INFO - Sync 1 DAGs
[2023-03-27T23:41:10.889-0400] {logging_mixin.py:137} INFO - [2023-03-27T23:41:10.889-0400] {dag.py:3440} INFO - Setting next_dagrun for example_local_kubernetes_executor to None, run_after=None
[2023-03-27T23:41:10.895-0400] {processor.py:175} INFO - Processing /Users/sunanda/Downloads/airflow/py_env/lib/python3.9/site-packages/airflow/example_dags/example_local_kubernetes_executor.py took 0.302 seconds
[2023-03-28T00:22:22.019-0400] {processor.py:153} INFO - Started process (PID=82683) to work on /Users/sunanda/Downloads/airflow/py_env/lib/python3.9/site-packages/airflow/example_dags/example_local_kubernetes_executor.py
[2023-03-28T00:22:22.024-0400] {processor.py:743} INFO - Processing file /Users/sunanda/Downloads/airflow/py_env/lib/python3.9/site-packages/airflow/example_dags/example_local_kubernetes_executor.py for tasks to queue
[2023-03-28T00:22:22.024-0400] {logging_mixin.py:137} INFO - [2023-03-28T00:22:22.024-0400] {dagbag.py:532} INFO - Filling up the DagBag from /Users/sunanda/Downloads/airflow/py_env/lib/python3.9/site-packages/airflow/example_dags/example_local_kubernetes_executor.py
[2023-03-28T00:22:22.064-0400] {processor.py:753} INFO - DAG(s) dict_keys(['example_local_kubernetes_executor']) retrieved from /Users/sunanda/Downloads/airflow/py_env/lib/python3.9/site-packages/airflow/example_dags/example_local_kubernetes_executor.py
[2023-03-28T00:22:22.432-0400] {logging_mixin.py:137} INFO - [2023-03-28T00:22:22.432-0400] {dag.py:2693} INFO - Sync 1 DAGs
[2023-03-28T00:22:22.439-0400] {logging_mixin.py:137} INFO - [2023-03-28T00:22:22.439-0400] {dag.py:3440} INFO - Setting next_dagrun for example_local_kubernetes_executor to None, run_after=None
[2023-03-28T00:22:22.453-0400] {processor.py:175} INFO - Processing /Users/sunanda/Downloads/airflow/py_env/lib/python3.9/site-packages/airflow/example_dags/example_local_kubernetes_executor.py took 0.435 seconds
[2023-03-28T10:11:13.134-0400] {processor.py:153} INFO - Started process (PID=91327) to work on /Users/sunanda/Downloads/airflow/py_env/lib/python3.9/site-packages/airflow/example_dags/example_local_kubernetes_executor.py
[2023-03-28T10:11:13.143-0400] {processor.py:743} INFO - Processing file /Users/sunanda/Downloads/airflow/py_env/lib/python3.9/site-packages/airflow/example_dags/example_local_kubernetes_executor.py for tasks to queue
[2023-03-28T10:11:13.143-0400] {logging_mixin.py:137} INFO - [2023-03-28T10:11:13.143-0400] {dagbag.py:532} INFO - Filling up the DagBag from /Users/sunanda/Downloads/airflow/py_env/lib/python3.9/site-packages/airflow/example_dags/example_local_kubernetes_executor.py
[2023-03-28T10:11:13.169-0400] {processor.py:753} INFO - DAG(s) dict_keys(['example_local_kubernetes_executor']) retrieved from /Users/sunanda/Downloads/airflow/py_env/lib/python3.9/site-packages/airflow/example_dags/example_local_kubernetes_executor.py
[2023-03-28T10:11:13.721-0400] {logging_mixin.py:137} INFO - [2023-03-28T10:11:13.721-0400] {dag.py:2693} INFO - Sync 1 DAGs
[2023-03-28T10:11:13.735-0400] {logging_mixin.py:137} INFO - [2023-03-28T10:11:13.735-0400] {dag.py:3440} INFO - Setting next_dagrun for example_local_kubernetes_executor to None, run_after=None
[2023-03-28T10:11:13.768-0400] {processor.py:175} INFO - Processing /Users/sunanda/Downloads/airflow/py_env/lib/python3.9/site-packages/airflow/example_dags/example_local_kubernetes_executor.py took 0.635 seconds
[2023-03-28T10:14:05.209-0400] {processor.py:153} INFO - Started process (PID=91546) to work on /Users/sunanda/Downloads/airflow/py_env/lib/python3.9/site-packages/airflow/example_dags/example_local_kubernetes_executor.py
[2023-03-28T10:14:05.224-0400] {processor.py:743} INFO - Processing file /Users/sunanda/Downloads/airflow/py_env/lib/python3.9/site-packages/airflow/example_dags/example_local_kubernetes_executor.py for tasks to queue
[2023-03-28T10:14:05.225-0400] {logging_mixin.py:137} INFO - [2023-03-28T10:14:05.225-0400] {dagbag.py:532} INFO - Filling up the DagBag from /Users/sunanda/Downloads/airflow/py_env/lib/python3.9/site-packages/airflow/example_dags/example_local_kubernetes_executor.py
[2023-03-28T10:14:05.256-0400] {processor.py:753} INFO - DAG(s) dict_keys(['example_local_kubernetes_executor']) retrieved from /Users/sunanda/Downloads/airflow/py_env/lib/python3.9/site-packages/airflow/example_dags/example_local_kubernetes_executor.py
[2023-03-28T10:14:06.080-0400] {logging_mixin.py:137} INFO - [2023-03-28T10:14:06.080-0400] {dag.py:2693} INFO - Sync 1 DAGs
[2023-03-28T10:14:06.096-0400] {logging_mixin.py:137} INFO - [2023-03-28T10:14:06.096-0400] {dag.py:3440} INFO - Setting next_dagrun for example_local_kubernetes_executor to None, run_after=None
[2023-03-28T10:14:06.114-0400] {processor.py:175} INFO - Processing /Users/sunanda/Downloads/airflow/py_env/lib/python3.9/site-packages/airflow/example_dags/example_local_kubernetes_executor.py took 0.907 seconds
[2023-03-28T10:18:39.306-0400] {processor.py:153} INFO - Started process (PID=91899) to work on /Users/sunanda/Downloads/airflow/py_env/lib/python3.9/site-packages/airflow/example_dags/example_local_kubernetes_executor.py
[2023-03-28T10:18:39.316-0400] {processor.py:743} INFO - Processing file /Users/sunanda/Downloads/airflow/py_env/lib/python3.9/site-packages/airflow/example_dags/example_local_kubernetes_executor.py for tasks to queue
[2023-03-28T10:18:39.316-0400] {logging_mixin.py:137} INFO - [2023-03-28T10:18:39.316-0400] {dagbag.py:532} INFO - Filling up the DagBag from /Users/sunanda/Downloads/airflow/py_env/lib/python3.9/site-packages/airflow/example_dags/example_local_kubernetes_executor.py
[2023-03-28T10:18:39.343-0400] {processor.py:753} INFO - DAG(s) dict_keys(['example_local_kubernetes_executor']) retrieved from /Users/sunanda/Downloads/airflow/py_env/lib/python3.9/site-packages/airflow/example_dags/example_local_kubernetes_executor.py
[2023-03-28T10:18:39.878-0400] {logging_mixin.py:137} INFO - [2023-03-28T10:18:39.878-0400] {dag.py:2693} INFO - Sync 1 DAGs
[2023-03-28T10:18:39.891-0400] {logging_mixin.py:137} INFO - [2023-03-28T10:18:39.890-0400] {dag.py:3440} INFO - Setting next_dagrun for example_local_kubernetes_executor to None, run_after=None
[2023-03-28T10:18:39.924-0400] {processor.py:175} INFO - Processing /Users/sunanda/Downloads/airflow/py_env/lib/python3.9/site-packages/airflow/example_dags/example_local_kubernetes_executor.py took 0.621 seconds
[2023-03-28T10:22:42.518-0400] {processor.py:153} INFO - Started process (PID=92253) to work on /Users/sunanda/Downloads/airflow/py_env/lib/python3.9/site-packages/airflow/example_dags/example_local_kubernetes_executor.py
[2023-03-28T10:22:42.524-0400] {processor.py:743} INFO - Processing file /Users/sunanda/Downloads/airflow/py_env/lib/python3.9/site-packages/airflow/example_dags/example_local_kubernetes_executor.py for tasks to queue
[2023-03-28T10:22:42.524-0400] {logging_mixin.py:137} INFO - [2023-03-28T10:22:42.524-0400] {dagbag.py:532} INFO - Filling up the DagBag from /Users/sunanda/Downloads/airflow/py_env/lib/python3.9/site-packages/airflow/example_dags/example_local_kubernetes_executor.py
[2023-03-28T10:22:42.548-0400] {processor.py:753} INFO - DAG(s) dict_keys(['example_local_kubernetes_executor']) retrieved from /Users/sunanda/Downloads/airflow/py_env/lib/python3.9/site-packages/airflow/example_dags/example_local_kubernetes_executor.py
[2023-03-28T10:22:43.195-0400] {logging_mixin.py:137} INFO - [2023-03-28T10:22:43.195-0400] {dag.py:2693} INFO - Sync 1 DAGs
[2023-03-28T10:22:43.203-0400] {logging_mixin.py:137} INFO - [2023-03-28T10:22:43.203-0400] {dag.py:3440} INFO - Setting next_dagrun for example_local_kubernetes_executor to None, run_after=None
[2023-03-28T10:22:43.210-0400] {processor.py:175} INFO - Processing /Users/sunanda/Downloads/airflow/py_env/lib/python3.9/site-packages/airflow/example_dags/example_local_kubernetes_executor.py took 0.696 seconds
[2023-03-28T10:26:56.175-0400] {processor.py:153} INFO - Started process (PID=92711) to work on /Users/sunanda/Downloads/airflow/py_env/lib/python3.9/site-packages/airflow/example_dags/example_local_kubernetes_executor.py
[2023-03-28T10:26:56.180-0400] {processor.py:743} INFO - Processing file /Users/sunanda/Downloads/airflow/py_env/lib/python3.9/site-packages/airflow/example_dags/example_local_kubernetes_executor.py for tasks to queue
[2023-03-28T10:26:56.180-0400] {logging_mixin.py:137} INFO - [2023-03-28T10:26:56.180-0400] {dagbag.py:532} INFO - Filling up the DagBag from /Users/sunanda/Downloads/airflow/py_env/lib/python3.9/site-packages/airflow/example_dags/example_local_kubernetes_executor.py
[2023-03-28T10:26:56.206-0400] {processor.py:753} INFO - DAG(s) dict_keys(['example_local_kubernetes_executor']) retrieved from /Users/sunanda/Downloads/airflow/py_env/lib/python3.9/site-packages/airflow/example_dags/example_local_kubernetes_executor.py
[2023-03-28T10:26:57.255-0400] {logging_mixin.py:137} INFO - [2023-03-28T10:26:57.255-0400] {dag.py:2693} INFO - Sync 1 DAGs
[2023-03-28T10:26:57.272-0400] {logging_mixin.py:137} INFO - [2023-03-28T10:26:57.272-0400] {dag.py:3440} INFO - Setting next_dagrun for example_local_kubernetes_executor to None, run_after=None
[2023-03-28T10:26:57.286-0400] {processor.py:175} INFO - Processing /Users/sunanda/Downloads/airflow/py_env/lib/python3.9/site-packages/airflow/example_dags/example_local_kubernetes_executor.py took 1.111 seconds
[2023-03-28T10:29:13.810-0400] {processor.py:153} INFO - Started process (PID=92993) to work on /Users/sunanda/Downloads/airflow/py_env/lib/python3.9/site-packages/airflow/example_dags/example_local_kubernetes_executor.py
[2023-03-28T10:29:13.813-0400] {processor.py:743} INFO - Processing file /Users/sunanda/Downloads/airflow/py_env/lib/python3.9/site-packages/airflow/example_dags/example_local_kubernetes_executor.py for tasks to queue
[2023-03-28T10:29:13.813-0400] {logging_mixin.py:137} INFO - [2023-03-28T10:29:13.813-0400] {dagbag.py:532} INFO - Filling up the DagBag from /Users/sunanda/Downloads/airflow/py_env/lib/python3.9/site-packages/airflow/example_dags/example_local_kubernetes_executor.py
[2023-03-28T10:29:13.837-0400] {processor.py:753} INFO - DAG(s) dict_keys(['example_local_kubernetes_executor']) retrieved from /Users/sunanda/Downloads/airflow/py_env/lib/python3.9/site-packages/airflow/example_dags/example_local_kubernetes_executor.py
[2023-03-28T10:29:14.540-0400] {logging_mixin.py:137} INFO - [2023-03-28T10:29:14.540-0400] {dag.py:2693} INFO - Sync 1 DAGs
[2023-03-28T10:29:14.554-0400] {logging_mixin.py:137} INFO - [2023-03-28T10:29:14.554-0400] {dag.py:3440} INFO - Setting next_dagrun for example_local_kubernetes_executor to None, run_after=None
[2023-03-28T10:29:14.579-0400] {processor.py:175} INFO - Processing /Users/sunanda/Downloads/airflow/py_env/lib/python3.9/site-packages/airflow/example_dags/example_local_kubernetes_executor.py took 0.770 seconds
[2023-03-28T10:33:18.334-0400] {processor.py:153} INFO - Started process (PID=93373) to work on /Users/sunanda/Downloads/airflow/py_env/lib/python3.9/site-packages/airflow/example_dags/example_local_kubernetes_executor.py
[2023-03-28T10:33:18.337-0400] {processor.py:743} INFO - Processing file /Users/sunanda/Downloads/airflow/py_env/lib/python3.9/site-packages/airflow/example_dags/example_local_kubernetes_executor.py for tasks to queue
[2023-03-28T10:33:18.338-0400] {logging_mixin.py:137} INFO - [2023-03-28T10:33:18.338-0400] {dagbag.py:532} INFO - Filling up the DagBag from /Users/sunanda/Downloads/airflow/py_env/lib/python3.9/site-packages/airflow/example_dags/example_local_kubernetes_executor.py
[2023-03-28T10:33:18.400-0400] {processor.py:753} INFO - DAG(s) dict_keys(['example_local_kubernetes_executor']) retrieved from /Users/sunanda/Downloads/airflow/py_env/lib/python3.9/site-packages/airflow/example_dags/example_local_kubernetes_executor.py
[2023-03-28T10:33:19.007-0400] {logging_mixin.py:137} INFO - [2023-03-28T10:33:19.007-0400] {dag.py:2693} INFO - Sync 1 DAGs
[2023-03-28T10:33:19.021-0400] {logging_mixin.py:137} INFO - [2023-03-28T10:33:19.021-0400] {dag.py:3440} INFO - Setting next_dagrun for example_local_kubernetes_executor to None, run_after=None
[2023-03-28T10:33:19.040-0400] {processor.py:175} INFO - Processing /Users/sunanda/Downloads/airflow/py_env/lib/python3.9/site-packages/airflow/example_dags/example_local_kubernetes_executor.py took 0.707 seconds
[2023-03-28T10:37:30.749-0400] {processor.py:153} INFO - Started process (PID=94693) to work on /Users/sunanda/Downloads/airflow/py_env/lib/python3.9/site-packages/airflow/example_dags/example_local_kubernetes_executor.py
[2023-03-28T10:37:30.966-0400] {processor.py:743} INFO - Processing file /Users/sunanda/Downloads/airflow/py_env/lib/python3.9/site-packages/airflow/example_dags/example_local_kubernetes_executor.py for tasks to queue
[2023-03-28T10:37:30.966-0400] {logging_mixin.py:137} INFO - [2023-03-28T10:37:30.966-0400] {dagbag.py:532} INFO - Filling up the DagBag from /Users/sunanda/Downloads/airflow/py_env/lib/python3.9/site-packages/airflow/example_dags/example_local_kubernetes_executor.py
[2023-03-28T10:37:31.041-0400] {processor.py:753} INFO - DAG(s) dict_keys(['example_local_kubernetes_executor']) retrieved from /Users/sunanda/Downloads/airflow/py_env/lib/python3.9/site-packages/airflow/example_dags/example_local_kubernetes_executor.py
[2023-03-28T10:37:31.776-0400] {logging_mixin.py:137} INFO - [2023-03-28T10:37:31.776-0400] {dag.py:2693} INFO - Sync 1 DAGs
[2023-03-28T10:37:31.792-0400] {logging_mixin.py:137} INFO - [2023-03-28T10:37:31.792-0400] {dag.py:3440} INFO - Setting next_dagrun for example_local_kubernetes_executor to None, run_after=None
[2023-03-28T10:37:31.829-0400] {processor.py:175} INFO - Processing /Users/sunanda/Downloads/airflow/py_env/lib/python3.9/site-packages/airflow/example_dags/example_local_kubernetes_executor.py took 1.081 seconds
[2023-03-28T10:40:06.133-0400] {processor.py:153} INFO - Started process (PID=95404) to work on /Users/sunanda/Downloads/airflow/py_env/lib/python3.9/site-packages/airflow/example_dags/example_local_kubernetes_executor.py
[2023-03-28T10:40:06.136-0400] {processor.py:743} INFO - Processing file /Users/sunanda/Downloads/airflow/py_env/lib/python3.9/site-packages/airflow/example_dags/example_local_kubernetes_executor.py for tasks to queue
[2023-03-28T10:40:06.136-0400] {logging_mixin.py:137} INFO - [2023-03-28T10:40:06.136-0400] {dagbag.py:532} INFO - Filling up the DagBag from /Users/sunanda/Downloads/airflow/py_env/lib/python3.9/site-packages/airflow/example_dags/example_local_kubernetes_executor.py
[2023-03-28T10:40:06.158-0400] {processor.py:753} INFO - DAG(s) dict_keys(['example_local_kubernetes_executor']) retrieved from /Users/sunanda/Downloads/airflow/py_env/lib/python3.9/site-packages/airflow/example_dags/example_local_kubernetes_executor.py
[2023-03-28T10:40:06.667-0400] {logging_mixin.py:137} INFO - [2023-03-28T10:40:06.667-0400] {dag.py:2693} INFO - Sync 1 DAGs
[2023-03-28T10:40:06.674-0400] {logging_mixin.py:137} INFO - [2023-03-28T10:40:06.674-0400] {dag.py:3440} INFO - Setting next_dagrun for example_local_kubernetes_executor to None, run_after=None
[2023-03-28T10:40:06.699-0400] {processor.py:175} INFO - Processing /Users/sunanda/Downloads/airflow/py_env/lib/python3.9/site-packages/airflow/example_dags/example_local_kubernetes_executor.py took 0.566 seconds
[2023-03-28T10:44:12.952-0400] {processor.py:153} INFO - Started process (PID=95875) to work on /Users/sunanda/Downloads/airflow/py_env/lib/python3.9/site-packages/airflow/example_dags/example_local_kubernetes_executor.py
[2023-03-28T10:44:12.957-0400] {processor.py:743} INFO - Processing file /Users/sunanda/Downloads/airflow/py_env/lib/python3.9/site-packages/airflow/example_dags/example_local_kubernetes_executor.py for tasks to queue
[2023-03-28T10:44:12.957-0400] {logging_mixin.py:137} INFO - [2023-03-28T10:44:12.957-0400] {dagbag.py:532} INFO - Filling up the DagBag from /Users/sunanda/Downloads/airflow/py_env/lib/python3.9/site-packages/airflow/example_dags/example_local_kubernetes_executor.py
[2023-03-28T10:44:12.982-0400] {processor.py:753} INFO - DAG(s) dict_keys(['example_local_kubernetes_executor']) retrieved from /Users/sunanda/Downloads/airflow/py_env/lib/python3.9/site-packages/airflow/example_dags/example_local_kubernetes_executor.py
[2023-03-28T10:44:13.536-0400] {logging_mixin.py:137} INFO - [2023-03-28T10:44:13.536-0400] {dag.py:2693} INFO - Sync 1 DAGs
[2023-03-28T10:44:13.550-0400] {logging_mixin.py:137} INFO - [2023-03-28T10:44:13.550-0400] {dag.py:3440} INFO - Setting next_dagrun for example_local_kubernetes_executor to None, run_after=None
[2023-03-28T10:44:13.563-0400] {processor.py:175} INFO - Processing /Users/sunanda/Downloads/airflow/py_env/lib/python3.9/site-packages/airflow/example_dags/example_local_kubernetes_executor.py took 0.611 seconds
[2023-03-28T10:48:18.103-0400] {processor.py:153} INFO - Started process (PID=96433) to work on /Users/sunanda/Downloads/airflow/py_env/lib/python3.9/site-packages/airflow/example_dags/example_local_kubernetes_executor.py
[2023-03-28T10:48:18.106-0400] {processor.py:743} INFO - Processing file /Users/sunanda/Downloads/airflow/py_env/lib/python3.9/site-packages/airflow/example_dags/example_local_kubernetes_executor.py for tasks to queue
[2023-03-28T10:48:18.106-0400] {logging_mixin.py:137} INFO - [2023-03-28T10:48:18.106-0400] {dagbag.py:532} INFO - Filling up the DagBag from /Users/sunanda/Downloads/airflow/py_env/lib/python3.9/site-packages/airflow/example_dags/example_local_kubernetes_executor.py
[2023-03-28T10:48:18.128-0400] {processor.py:753} INFO - DAG(s) dict_keys(['example_local_kubernetes_executor']) retrieved from /Users/sunanda/Downloads/airflow/py_env/lib/python3.9/site-packages/airflow/example_dags/example_local_kubernetes_executor.py
[2023-03-28T10:48:18.554-0400] {logging_mixin.py:137} INFO - [2023-03-28T10:48:18.554-0400] {dag.py:2693} INFO - Sync 1 DAGs
[2023-03-28T10:48:18.565-0400] {logging_mixin.py:137} INFO - [2023-03-28T10:48:18.565-0400] {dag.py:3440} INFO - Setting next_dagrun for example_local_kubernetes_executor to None, run_after=None
[2023-03-28T10:48:18.574-0400] {processor.py:175} INFO - Processing /Users/sunanda/Downloads/airflow/py_env/lib/python3.9/site-packages/airflow/example_dags/example_local_kubernetes_executor.py took 0.472 seconds
[2023-03-28T10:52:30.620-0400] {processor.py:153} INFO - Started process (PID=96921) to work on /Users/sunanda/Downloads/airflow/py_env/lib/python3.9/site-packages/airflow/example_dags/example_local_kubernetes_executor.py
[2023-03-28T10:52:30.623-0400] {processor.py:743} INFO - Processing file /Users/sunanda/Downloads/airflow/py_env/lib/python3.9/site-packages/airflow/example_dags/example_local_kubernetes_executor.py for tasks to queue
[2023-03-28T10:52:30.623-0400] {logging_mixin.py:137} INFO - [2023-03-28T10:52:30.623-0400] {dagbag.py:532} INFO - Filling up the DagBag from /Users/sunanda/Downloads/airflow/py_env/lib/python3.9/site-packages/airflow/example_dags/example_local_kubernetes_executor.py
[2023-03-28T10:52:30.648-0400] {processor.py:753} INFO - DAG(s) dict_keys(['example_local_kubernetes_executor']) retrieved from /Users/sunanda/Downloads/airflow/py_env/lib/python3.9/site-packages/airflow/example_dags/example_local_kubernetes_executor.py
[2023-03-28T10:52:31.362-0400] {logging_mixin.py:137} INFO - [2023-03-28T10:52:31.337-0400] {dag.py:2693} INFO - Sync 1 DAGs
[2023-03-28T10:52:31.460-0400] {logging_mixin.py:137} INFO - [2023-03-28T10:52:31.460-0400] {dag.py:3440} INFO - Setting next_dagrun for example_local_kubernetes_executor to None, run_after=None
[2023-03-28T10:52:31.470-0400] {processor.py:175} INFO - Processing /Users/sunanda/Downloads/airflow/py_env/lib/python3.9/site-packages/airflow/example_dags/example_local_kubernetes_executor.py took 0.850 seconds
[2023-03-28T10:55:56.539-0400] {processor.py:153} INFO - Started process (PID=97196) to work on /Users/sunanda/Downloads/airflow/py_env/lib/python3.9/site-packages/airflow/example_dags/example_local_kubernetes_executor.py
[2023-03-28T10:55:56.542-0400] {processor.py:743} INFO - Processing file /Users/sunanda/Downloads/airflow/py_env/lib/python3.9/site-packages/airflow/example_dags/example_local_kubernetes_executor.py for tasks to queue
[2023-03-28T10:55:56.543-0400] {logging_mixin.py:137} INFO - [2023-03-28T10:55:56.543-0400] {dagbag.py:532} INFO - Filling up the DagBag from /Users/sunanda/Downloads/airflow/py_env/lib/python3.9/site-packages/airflow/example_dags/example_local_kubernetes_executor.py
[2023-03-28T10:55:56.563-0400] {processor.py:753} INFO - DAG(s) dict_keys(['example_local_kubernetes_executor']) retrieved from /Users/sunanda/Downloads/airflow/py_env/lib/python3.9/site-packages/airflow/example_dags/example_local_kubernetes_executor.py
[2023-03-28T10:55:56.923-0400] {logging_mixin.py:137} INFO - [2023-03-28T10:55:56.923-0400] {dag.py:2693} INFO - Sync 1 DAGs
[2023-03-28T10:55:56.946-0400] {logging_mixin.py:137} INFO - [2023-03-28T10:55:56.945-0400] {dag.py:3440} INFO - Setting next_dagrun for example_local_kubernetes_executor to None, run_after=None
[2023-03-28T10:55:56.964-0400] {processor.py:175} INFO - Processing /Users/sunanda/Downloads/airflow/py_env/lib/python3.9/site-packages/airflow/example_dags/example_local_kubernetes_executor.py took 0.425 seconds
[2023-03-28T10:59:41.319-0400] {processor.py:153} INFO - Started process (PID=97677) to work on /Users/sunanda/Downloads/airflow/py_env/lib/python3.9/site-packages/airflow/example_dags/example_local_kubernetes_executor.py
[2023-03-28T10:59:41.335-0400] {processor.py:743} INFO - Processing file /Users/sunanda/Downloads/airflow/py_env/lib/python3.9/site-packages/airflow/example_dags/example_local_kubernetes_executor.py for tasks to queue
[2023-03-28T10:59:41.335-0400] {logging_mixin.py:137} INFO - [2023-03-28T10:59:41.335-0400] {dagbag.py:532} INFO - Filling up the DagBag from /Users/sunanda/Downloads/airflow/py_env/lib/python3.9/site-packages/airflow/example_dags/example_local_kubernetes_executor.py
[2023-03-28T10:59:41.360-0400] {processor.py:753} INFO - DAG(s) dict_keys(['example_local_kubernetes_executor']) retrieved from /Users/sunanda/Downloads/airflow/py_env/lib/python3.9/site-packages/airflow/example_dags/example_local_kubernetes_executor.py
[2023-03-28T10:59:41.877-0400] {logging_mixin.py:137} INFO - [2023-03-28T10:59:41.877-0400] {dag.py:2693} INFO - Sync 1 DAGs
[2023-03-28T10:59:41.897-0400] {logging_mixin.py:137} INFO - [2023-03-28T10:59:41.897-0400] {dag.py:3440} INFO - Setting next_dagrun for example_local_kubernetes_executor to None, run_after=None
[2023-03-28T10:59:41.917-0400] {processor.py:175} INFO - Processing /Users/sunanda/Downloads/airflow/py_env/lib/python3.9/site-packages/airflow/example_dags/example_local_kubernetes_executor.py took 0.601 seconds
[2023-03-28T11:03:21.995-0400] {processor.py:153} INFO - Started process (PID=98010) to work on /Users/sunanda/Downloads/airflow/py_env/lib/python3.9/site-packages/airflow/example_dags/example_local_kubernetes_executor.py
[2023-03-28T11:03:21.998-0400] {processor.py:743} INFO - Processing file /Users/sunanda/Downloads/airflow/py_env/lib/python3.9/site-packages/airflow/example_dags/example_local_kubernetes_executor.py for tasks to queue
[2023-03-28T11:03:21.998-0400] {logging_mixin.py:137} INFO - [2023-03-28T11:03:21.998-0400] {dagbag.py:532} INFO - Filling up the DagBag from /Users/sunanda/Downloads/airflow/py_env/lib/python3.9/site-packages/airflow/example_dags/example_local_kubernetes_executor.py
[2023-03-28T11:03:22.068-0400] {processor.py:753} INFO - DAG(s) dict_keys(['example_local_kubernetes_executor']) retrieved from /Users/sunanda/Downloads/airflow/py_env/lib/python3.9/site-packages/airflow/example_dags/example_local_kubernetes_executor.py
[2023-03-28T11:03:22.685-0400] {logging_mixin.py:137} INFO - [2023-03-28T11:03:22.685-0400] {dag.py:2693} INFO - Sync 1 DAGs
[2023-03-28T11:03:22.699-0400] {logging_mixin.py:137} INFO - [2023-03-28T11:03:22.699-0400] {dag.py:3440} INFO - Setting next_dagrun for example_local_kubernetes_executor to None, run_after=None
[2023-03-28T11:03:22.718-0400] {processor.py:175} INFO - Processing /Users/sunanda/Downloads/airflow/py_env/lib/python3.9/site-packages/airflow/example_dags/example_local_kubernetes_executor.py took 0.723 seconds
[2023-03-28T11:07:03.096-0400] {processor.py:153} INFO - Started process (PID=98301) to work on /Users/sunanda/Downloads/airflow/py_env/lib/python3.9/site-packages/airflow/example_dags/example_local_kubernetes_executor.py
[2023-03-28T11:07:03.098-0400] {processor.py:743} INFO - Processing file /Users/sunanda/Downloads/airflow/py_env/lib/python3.9/site-packages/airflow/example_dags/example_local_kubernetes_executor.py for tasks to queue
[2023-03-28T11:07:03.098-0400] {logging_mixin.py:137} INFO - [2023-03-28T11:07:03.098-0400] {dagbag.py:532} INFO - Filling up the DagBag from /Users/sunanda/Downloads/airflow/py_env/lib/python3.9/site-packages/airflow/example_dags/example_local_kubernetes_executor.py
[2023-03-28T11:07:03.128-0400] {processor.py:753} INFO - DAG(s) dict_keys(['example_local_kubernetes_executor']) retrieved from /Users/sunanda/Downloads/airflow/py_env/lib/python3.9/site-packages/airflow/example_dags/example_local_kubernetes_executor.py
[2023-03-28T11:07:03.562-0400] {logging_mixin.py:137} INFO - [2023-03-28T11:07:03.562-0400] {dag.py:2693} INFO - Sync 1 DAGs
[2023-03-28T11:07:03.573-0400] {logging_mixin.py:137} INFO - [2023-03-28T11:07:03.573-0400] {dag.py:3440} INFO - Setting next_dagrun for example_local_kubernetes_executor to None, run_after=None
[2023-03-28T11:07:03.584-0400] {processor.py:175} INFO - Processing /Users/sunanda/Downloads/airflow/py_env/lib/python3.9/site-packages/airflow/example_dags/example_local_kubernetes_executor.py took 0.491 seconds
[2023-03-28T11:11:07.600-0400] {processor.py:153} INFO - Started process (PID=98638) to work on /Users/sunanda/Downloads/airflow/py_env/lib/python3.9/site-packages/airflow/example_dags/example_local_kubernetes_executor.py
[2023-03-28T11:11:07.609-0400] {processor.py:743} INFO - Processing file /Users/sunanda/Downloads/airflow/py_env/lib/python3.9/site-packages/airflow/example_dags/example_local_kubernetes_executor.py for tasks to queue
[2023-03-28T11:11:07.610-0400] {logging_mixin.py:137} INFO - [2023-03-28T11:11:07.610-0400] {dagbag.py:532} INFO - Filling up the DagBag from /Users/sunanda/Downloads/airflow/py_env/lib/python3.9/site-packages/airflow/example_dags/example_local_kubernetes_executor.py
[2023-03-28T11:11:07.634-0400] {processor.py:753} INFO - DAG(s) dict_keys(['example_local_kubernetes_executor']) retrieved from /Users/sunanda/Downloads/airflow/py_env/lib/python3.9/site-packages/airflow/example_dags/example_local_kubernetes_executor.py
[2023-03-28T11:11:08.133-0400] {logging_mixin.py:137} INFO - [2023-03-28T11:11:08.133-0400] {dag.py:2693} INFO - Sync 1 DAGs
[2023-03-28T11:11:08.140-0400] {logging_mixin.py:137} INFO - [2023-03-28T11:11:08.140-0400] {dag.py:3440} INFO - Setting next_dagrun for example_local_kubernetes_executor to None, run_after=None
[2023-03-28T11:11:08.156-0400] {processor.py:175} INFO - Processing /Users/sunanda/Downloads/airflow/py_env/lib/python3.9/site-packages/airflow/example_dags/example_local_kubernetes_executor.py took 0.561 seconds
[2023-03-28T11:14:56.618-0400] {processor.py:153} INFO - Started process (PID=98933) to work on /Users/sunanda/Downloads/airflow/py_env/lib/python3.9/site-packages/airflow/example_dags/example_local_kubernetes_executor.py
[2023-03-28T11:14:56.621-0400] {processor.py:743} INFO - Processing file /Users/sunanda/Downloads/airflow/py_env/lib/python3.9/site-packages/airflow/example_dags/example_local_kubernetes_executor.py for tasks to queue
[2023-03-28T11:14:56.621-0400] {logging_mixin.py:137} INFO - [2023-03-28T11:14:56.621-0400] {dagbag.py:532} INFO - Filling up the DagBag from /Users/sunanda/Downloads/airflow/py_env/lib/python3.9/site-packages/airflow/example_dags/example_local_kubernetes_executor.py
[2023-03-28T11:14:56.645-0400] {processor.py:753} INFO - DAG(s) dict_keys(['example_local_kubernetes_executor']) retrieved from /Users/sunanda/Downloads/airflow/py_env/lib/python3.9/site-packages/airflow/example_dags/example_local_kubernetes_executor.py
[2023-03-28T11:14:57.117-0400] {logging_mixin.py:137} INFO - [2023-03-28T11:14:57.117-0400] {dag.py:2693} INFO - Sync 1 DAGs
[2023-03-28T11:14:57.133-0400] {logging_mixin.py:137} INFO - [2023-03-28T11:14:57.133-0400] {dag.py:3440} INFO - Setting next_dagrun for example_local_kubernetes_executor to None, run_after=None
[2023-03-28T11:14:57.162-0400] {processor.py:175} INFO - Processing /Users/sunanda/Downloads/airflow/py_env/lib/python3.9/site-packages/airflow/example_dags/example_local_kubernetes_executor.py took 0.544 seconds
[2023-03-28T11:18:49.884-0400] {processor.py:153} INFO - Started process (PID=99236) to work on /Users/sunanda/Downloads/airflow/py_env/lib/python3.9/site-packages/airflow/example_dags/example_local_kubernetes_executor.py
[2023-03-28T11:18:49.896-0400] {processor.py:743} INFO - Processing file /Users/sunanda/Downloads/airflow/py_env/lib/python3.9/site-packages/airflow/example_dags/example_local_kubernetes_executor.py for tasks to queue
[2023-03-28T11:18:49.896-0400] {logging_mixin.py:137} INFO - [2023-03-28T11:18:49.896-0400] {dagbag.py:532} INFO - Filling up the DagBag from /Users/sunanda/Downloads/airflow/py_env/lib/python3.9/site-packages/airflow/example_dags/example_local_kubernetes_executor.py
[2023-03-28T11:18:49.943-0400] {processor.py:753} INFO - DAG(s) dict_keys(['example_local_kubernetes_executor']) retrieved from /Users/sunanda/Downloads/airflow/py_env/lib/python3.9/site-packages/airflow/example_dags/example_local_kubernetes_executor.py
[2023-03-28T11:18:50.406-0400] {logging_mixin.py:137} INFO - [2023-03-28T11:18:50.405-0400] {dag.py:2693} INFO - Sync 1 DAGs
[2023-03-28T11:18:50.418-0400] {logging_mixin.py:137} INFO - [2023-03-28T11:18:50.418-0400] {dag.py:3440} INFO - Setting next_dagrun for example_local_kubernetes_executor to None, run_after=None
[2023-03-28T11:18:50.429-0400] {processor.py:175} INFO - Processing /Users/sunanda/Downloads/airflow/py_env/lib/python3.9/site-packages/airflow/example_dags/example_local_kubernetes_executor.py took 0.545 seconds
[2023-03-28T11:22:39.971-0400] {processor.py:153} INFO - Started process (PID=99525) to work on /Users/sunanda/Downloads/airflow/py_env/lib/python3.9/site-packages/airflow/example_dags/example_local_kubernetes_executor.py
[2023-03-28T11:22:39.974-0400] {processor.py:743} INFO - Processing file /Users/sunanda/Downloads/airflow/py_env/lib/python3.9/site-packages/airflow/example_dags/example_local_kubernetes_executor.py for tasks to queue
[2023-03-28T11:22:39.974-0400] {logging_mixin.py:137} INFO - [2023-03-28T11:22:39.974-0400] {dagbag.py:532} INFO - Filling up the DagBag from /Users/sunanda/Downloads/airflow/py_env/lib/python3.9/site-packages/airflow/example_dags/example_local_kubernetes_executor.py
[2023-03-28T11:22:40.121-0400] {processor.py:753} INFO - DAG(s) dict_keys(['example_local_kubernetes_executor']) retrieved from /Users/sunanda/Downloads/airflow/py_env/lib/python3.9/site-packages/airflow/example_dags/example_local_kubernetes_executor.py
[2023-03-28T11:22:40.555-0400] {logging_mixin.py:137} INFO - [2023-03-28T11:22:40.555-0400] {dag.py:2693} INFO - Sync 1 DAGs
[2023-03-28T11:22:40.562-0400] {logging_mixin.py:137} INFO - [2023-03-28T11:22:40.562-0400] {dag.py:3440} INFO - Setting next_dagrun for example_local_kubernetes_executor to None, run_after=None
[2023-03-28T11:22:40.573-0400] {processor.py:175} INFO - Processing /Users/sunanda/Downloads/airflow/py_env/lib/python3.9/site-packages/airflow/example_dags/example_local_kubernetes_executor.py took 0.605 seconds
[2023-03-28T11:26:33.929-0400] {processor.py:153} INFO - Started process (PID=99826) to work on /Users/sunanda/Downloads/airflow/py_env/lib/python3.9/site-packages/airflow/example_dags/example_local_kubernetes_executor.py
[2023-03-28T11:26:33.936-0400] {processor.py:743} INFO - Processing file /Users/sunanda/Downloads/airflow/py_env/lib/python3.9/site-packages/airflow/example_dags/example_local_kubernetes_executor.py for tasks to queue
[2023-03-28T11:26:33.936-0400] {logging_mixin.py:137} INFO - [2023-03-28T11:26:33.936-0400] {dagbag.py:532} INFO - Filling up the DagBag from /Users/sunanda/Downloads/airflow/py_env/lib/python3.9/site-packages/airflow/example_dags/example_local_kubernetes_executor.py
[2023-03-28T11:26:33.971-0400] {processor.py:753} INFO - DAG(s) dict_keys(['example_local_kubernetes_executor']) retrieved from /Users/sunanda/Downloads/airflow/py_env/lib/python3.9/site-packages/airflow/example_dags/example_local_kubernetes_executor.py
[2023-03-28T11:26:34.497-0400] {logging_mixin.py:137} INFO - [2023-03-28T11:26:34.496-0400] {dag.py:2693} INFO - Sync 1 DAGs
[2023-03-28T11:26:34.510-0400] {logging_mixin.py:137} INFO - [2023-03-28T11:26:34.510-0400] {dag.py:3440} INFO - Setting next_dagrun for example_local_kubernetes_executor to None, run_after=None
[2023-03-28T11:26:34.527-0400] {processor.py:175} INFO - Processing /Users/sunanda/Downloads/airflow/py_env/lib/python3.9/site-packages/airflow/example_dags/example_local_kubernetes_executor.py took 0.605 seconds
[2023-03-28T11:29:13.027-0400] {processor.py:153} INFO - Started process (PID=99997) to work on /Users/sunanda/Downloads/airflow/py_env/lib/python3.9/site-packages/airflow/example_dags/example_local_kubernetes_executor.py
[2023-03-28T11:29:13.030-0400] {processor.py:743} INFO - Processing file /Users/sunanda/Downloads/airflow/py_env/lib/python3.9/site-packages/airflow/example_dags/example_local_kubernetes_executor.py for tasks to queue
[2023-03-28T11:29:13.030-0400] {logging_mixin.py:137} INFO - [2023-03-28T11:29:13.030-0400] {dagbag.py:532} INFO - Filling up the DagBag from /Users/sunanda/Downloads/airflow/py_env/lib/python3.9/site-packages/airflow/example_dags/example_local_kubernetes_executor.py
[2023-03-28T11:29:13.053-0400] {processor.py:753} INFO - DAG(s) dict_keys(['example_local_kubernetes_executor']) retrieved from /Users/sunanda/Downloads/airflow/py_env/lib/python3.9/site-packages/airflow/example_dags/example_local_kubernetes_executor.py
[2023-03-28T11:29:13.638-0400] {logging_mixin.py:137} INFO - [2023-03-28T11:29:13.638-0400] {dag.py:2693} INFO - Sync 1 DAGs
[2023-03-28T11:29:13.645-0400] {logging_mixin.py:137} INFO - [2023-03-28T11:29:13.645-0400] {dag.py:3440} INFO - Setting next_dagrun for example_local_kubernetes_executor to None, run_after=None
[2023-03-28T11:29:13.659-0400] {processor.py:175} INFO - Processing /Users/sunanda/Downloads/airflow/py_env/lib/python3.9/site-packages/airflow/example_dags/example_local_kubernetes_executor.py took 0.633 seconds
[2023-03-28T11:39:42.685-0400] {processor.py:153} INFO - Started process (PID=608) to work on /Users/sunanda/Downloads/airflow/py_env/lib/python3.9/site-packages/airflow/example_dags/example_local_kubernetes_executor.py
[2023-03-28T11:39:42.688-0400] {processor.py:743} INFO - Processing file /Users/sunanda/Downloads/airflow/py_env/lib/python3.9/site-packages/airflow/example_dags/example_local_kubernetes_executor.py for tasks to queue
[2023-03-28T11:39:42.689-0400] {logging_mixin.py:137} INFO - [2023-03-28T11:39:42.689-0400] {dagbag.py:532} INFO - Filling up the DagBag from /Users/sunanda/Downloads/airflow/py_env/lib/python3.9/site-packages/airflow/example_dags/example_local_kubernetes_executor.py
[2023-03-28T11:39:42.712-0400] {processor.py:753} INFO - DAG(s) dict_keys(['example_local_kubernetes_executor']) retrieved from /Users/sunanda/Downloads/airflow/py_env/lib/python3.9/site-packages/airflow/example_dags/example_local_kubernetes_executor.py
[2023-03-28T11:39:43.304-0400] {logging_mixin.py:137} INFO - [2023-03-28T11:39:43.304-0400] {dag.py:2693} INFO - Sync 1 DAGs
[2023-03-28T11:39:43.315-0400] {logging_mixin.py:137} INFO - [2023-03-28T11:39:43.315-0400] {dag.py:3440} INFO - Setting next_dagrun for example_local_kubernetes_executor to None, run_after=None
[2023-03-28T11:39:43.330-0400] {processor.py:175} INFO - Processing /Users/sunanda/Downloads/airflow/py_env/lib/python3.9/site-packages/airflow/example_dags/example_local_kubernetes_executor.py took 0.649 seconds
[2023-03-28T11:43:32.218-0400] {processor.py:153} INFO - Started process (PID=942) to work on /Users/sunanda/Downloads/airflow/py_env/lib/python3.9/site-packages/airflow/example_dags/example_local_kubernetes_executor.py
[2023-03-28T11:43:32.226-0400] {processor.py:743} INFO - Processing file /Users/sunanda/Downloads/airflow/py_env/lib/python3.9/site-packages/airflow/example_dags/example_local_kubernetes_executor.py for tasks to queue
[2023-03-28T11:43:32.226-0400] {logging_mixin.py:137} INFO - [2023-03-28T11:43:32.226-0400] {dagbag.py:532} INFO - Filling up the DagBag from /Users/sunanda/Downloads/airflow/py_env/lib/python3.9/site-packages/airflow/example_dags/example_local_kubernetes_executor.py
[2023-03-28T11:43:32.249-0400] {processor.py:753} INFO - DAG(s) dict_keys(['example_local_kubernetes_executor']) retrieved from /Users/sunanda/Downloads/airflow/py_env/lib/python3.9/site-packages/airflow/example_dags/example_local_kubernetes_executor.py
[2023-03-28T11:43:32.749-0400] {logging_mixin.py:137} INFO - [2023-03-28T11:43:32.749-0400] {dag.py:2693} INFO - Sync 1 DAGs
[2023-03-28T11:43:32.762-0400] {logging_mixin.py:137} INFO - [2023-03-28T11:43:32.761-0400] {dag.py:3440} INFO - Setting next_dagrun for example_local_kubernetes_executor to None, run_after=None
[2023-03-28T11:43:32.783-0400] {processor.py:175} INFO - Processing /Users/sunanda/Downloads/airflow/py_env/lib/python3.9/site-packages/airflow/example_dags/example_local_kubernetes_executor.py took 0.570 seconds
[2023-03-28T11:47:10.618-0400] {processor.py:153} INFO - Started process (PID=1261) to work on /Users/sunanda/Downloads/airflow/py_env/lib/python3.9/site-packages/airflow/example_dags/example_local_kubernetes_executor.py
[2023-03-28T11:47:10.621-0400] {processor.py:743} INFO - Processing file /Users/sunanda/Downloads/airflow/py_env/lib/python3.9/site-packages/airflow/example_dags/example_local_kubernetes_executor.py for tasks to queue
[2023-03-28T11:47:10.621-0400] {logging_mixin.py:137} INFO - [2023-03-28T11:47:10.621-0400] {dagbag.py:532} INFO - Filling up the DagBag from /Users/sunanda/Downloads/airflow/py_env/lib/python3.9/site-packages/airflow/example_dags/example_local_kubernetes_executor.py
[2023-03-28T11:47:10.648-0400] {processor.py:753} INFO - DAG(s) dict_keys(['example_local_kubernetes_executor']) retrieved from /Users/sunanda/Downloads/airflow/py_env/lib/python3.9/site-packages/airflow/example_dags/example_local_kubernetes_executor.py
[2023-03-28T11:47:11.107-0400] {logging_mixin.py:137} INFO - [2023-03-28T11:47:11.106-0400] {dag.py:2693} INFO - Sync 1 DAGs
[2023-03-28T11:47:11.127-0400] {logging_mixin.py:137} INFO - [2023-03-28T11:47:11.127-0400] {dag.py:3440} INFO - Setting next_dagrun for example_local_kubernetes_executor to None, run_after=None
[2023-03-28T11:47:11.137-0400] {processor.py:175} INFO - Processing /Users/sunanda/Downloads/airflow/py_env/lib/python3.9/site-packages/airflow/example_dags/example_local_kubernetes_executor.py took 0.519 seconds
[2023-03-28T11:51:18.185-0400] {processor.py:153} INFO - Started process (PID=1647) to work on /Users/sunanda/Downloads/airflow/py_env/lib/python3.9/site-packages/airflow/example_dags/example_local_kubernetes_executor.py
[2023-03-28T11:51:18.188-0400] {processor.py:743} INFO - Processing file /Users/sunanda/Downloads/airflow/py_env/lib/python3.9/site-packages/airflow/example_dags/example_local_kubernetes_executor.py for tasks to queue
[2023-03-28T11:51:18.188-0400] {logging_mixin.py:137} INFO - [2023-03-28T11:51:18.188-0400] {dagbag.py:532} INFO - Filling up the DagBag from /Users/sunanda/Downloads/airflow/py_env/lib/python3.9/site-packages/airflow/example_dags/example_local_kubernetes_executor.py
[2023-03-28T11:51:18.213-0400] {processor.py:753} INFO - DAG(s) dict_keys(['example_local_kubernetes_executor']) retrieved from /Users/sunanda/Downloads/airflow/py_env/lib/python3.9/site-packages/airflow/example_dags/example_local_kubernetes_executor.py
[2023-03-28T11:51:18.757-0400] {logging_mixin.py:137} INFO - [2023-03-28T11:51:18.757-0400] {dag.py:2693} INFO - Sync 1 DAGs
[2023-03-28T11:51:18.771-0400] {logging_mixin.py:137} INFO - [2023-03-28T11:51:18.771-0400] {dag.py:3440} INFO - Setting next_dagrun for example_local_kubernetes_executor to None, run_after=None
[2023-03-28T11:51:18.782-0400] {processor.py:175} INFO - Processing /Users/sunanda/Downloads/airflow/py_env/lib/python3.9/site-packages/airflow/example_dags/example_local_kubernetes_executor.py took 0.597 seconds
[2023-03-28T11:53:20.148-0400] {processor.py:153} INFO - Started process (PID=1814) to work on /Users/sunanda/Downloads/airflow/py_env/lib/python3.9/site-packages/airflow/example_dags/example_local_kubernetes_executor.py
[2023-03-28T11:53:20.150-0400] {processor.py:743} INFO - Processing file /Users/sunanda/Downloads/airflow/py_env/lib/python3.9/site-packages/airflow/example_dags/example_local_kubernetes_executor.py for tasks to queue
[2023-03-28T11:53:20.151-0400] {logging_mixin.py:137} INFO - [2023-03-28T11:53:20.151-0400] {dagbag.py:532} INFO - Filling up the DagBag from /Users/sunanda/Downloads/airflow/py_env/lib/python3.9/site-packages/airflow/example_dags/example_local_kubernetes_executor.py
[2023-03-28T11:53:20.194-0400] {processor.py:753} INFO - DAG(s) dict_keys(['example_local_kubernetes_executor']) retrieved from /Users/sunanda/Downloads/airflow/py_env/lib/python3.9/site-packages/airflow/example_dags/example_local_kubernetes_executor.py
[2023-03-28T11:53:20.559-0400] {logging_mixin.py:137} INFO - [2023-03-28T11:53:20.558-0400] {dag.py:2693} INFO - Sync 1 DAGs
[2023-03-28T11:53:20.573-0400] {logging_mixin.py:137} INFO - [2023-03-28T11:53:20.573-0400] {dag.py:3440} INFO - Setting next_dagrun for example_local_kubernetes_executor to None, run_after=None
[2023-03-28T11:53:20.586-0400] {processor.py:175} INFO - Processing /Users/sunanda/Downloads/airflow/py_env/lib/python3.9/site-packages/airflow/example_dags/example_local_kubernetes_executor.py took 0.441 seconds
[2023-03-28T11:55:26.365-0400] {processor.py:153} INFO - Started process (PID=1979) to work on /Users/sunanda/Downloads/airflow/py_env/lib/python3.9/site-packages/airflow/example_dags/example_local_kubernetes_executor.py
[2023-03-28T11:55:26.374-0400] {processor.py:743} INFO - Processing file /Users/sunanda/Downloads/airflow/py_env/lib/python3.9/site-packages/airflow/example_dags/example_local_kubernetes_executor.py for tasks to queue
[2023-03-28T11:55:26.374-0400] {logging_mixin.py:137} INFO - [2023-03-28T11:55:26.374-0400] {dagbag.py:532} INFO - Filling up the DagBag from /Users/sunanda/Downloads/airflow/py_env/lib/python3.9/site-packages/airflow/example_dags/example_local_kubernetes_executor.py
[2023-03-28T11:55:26.430-0400] {processor.py:753} INFO - DAG(s) dict_keys(['example_local_kubernetes_executor']) retrieved from /Users/sunanda/Downloads/airflow/py_env/lib/python3.9/site-packages/airflow/example_dags/example_local_kubernetes_executor.py
[2023-03-28T11:55:27.018-0400] {logging_mixin.py:137} INFO - [2023-03-28T11:55:27.018-0400] {dag.py:2693} INFO - Sync 1 DAGs
[2023-03-28T11:55:27.071-0400] {logging_mixin.py:137} INFO - [2023-03-28T11:55:27.071-0400] {dag.py:3440} INFO - Setting next_dagrun for example_local_kubernetes_executor to None, run_after=None
[2023-03-28T11:55:27.090-0400] {processor.py:175} INFO - Processing /Users/sunanda/Downloads/airflow/py_env/lib/python3.9/site-packages/airflow/example_dags/example_local_kubernetes_executor.py took 0.728 seconds
[2023-03-28T11:59:14.287-0400] {processor.py:153} INFO - Started process (PID=2296) to work on /Users/sunanda/Downloads/airflow/py_env/lib/python3.9/site-packages/airflow/example_dags/example_local_kubernetes_executor.py
[2023-03-28T11:59:14.299-0400] {processor.py:743} INFO - Processing file /Users/sunanda/Downloads/airflow/py_env/lib/python3.9/site-packages/airflow/example_dags/example_local_kubernetes_executor.py for tasks to queue
[2023-03-28T11:59:14.300-0400] {logging_mixin.py:137} INFO - [2023-03-28T11:59:14.300-0400] {dagbag.py:532} INFO - Filling up the DagBag from /Users/sunanda/Downloads/airflow/py_env/lib/python3.9/site-packages/airflow/example_dags/example_local_kubernetes_executor.py
[2023-03-28T11:59:14.418-0400] {processor.py:753} INFO - DAG(s) dict_keys(['example_local_kubernetes_executor']) retrieved from /Users/sunanda/Downloads/airflow/py_env/lib/python3.9/site-packages/airflow/example_dags/example_local_kubernetes_executor.py
[2023-03-28T11:59:14.881-0400] {logging_mixin.py:137} INFO - [2023-03-28T11:59:14.881-0400] {dag.py:2693} INFO - Sync 1 DAGs
[2023-03-28T11:59:14.895-0400] {logging_mixin.py:137} INFO - [2023-03-28T11:59:14.895-0400] {dag.py:3440} INFO - Setting next_dagrun for example_local_kubernetes_executor to None, run_after=None
[2023-03-28T11:59:14.919-0400] {processor.py:175} INFO - Processing /Users/sunanda/Downloads/airflow/py_env/lib/python3.9/site-packages/airflow/example_dags/example_local_kubernetes_executor.py took 0.634 seconds
[2023-03-28T12:03:02.427-0400] {processor.py:153} INFO - Started process (PID=2622) to work on /Users/sunanda/Downloads/airflow/py_env/lib/python3.9/site-packages/airflow/example_dags/example_local_kubernetes_executor.py
[2023-03-28T12:03:02.435-0400] {processor.py:743} INFO - Processing file /Users/sunanda/Downloads/airflow/py_env/lib/python3.9/site-packages/airflow/example_dags/example_local_kubernetes_executor.py for tasks to queue
[2023-03-28T12:03:02.435-0400] {logging_mixin.py:137} INFO - [2023-03-28T12:03:02.435-0400] {dagbag.py:532} INFO - Filling up the DagBag from /Users/sunanda/Downloads/airflow/py_env/lib/python3.9/site-packages/airflow/example_dags/example_local_kubernetes_executor.py
[2023-03-28T12:03:02.502-0400] {processor.py:753} INFO - DAG(s) dict_keys(['example_local_kubernetes_executor']) retrieved from /Users/sunanda/Downloads/airflow/py_env/lib/python3.9/site-packages/airflow/example_dags/example_local_kubernetes_executor.py
[2023-03-28T12:03:02.994-0400] {logging_mixin.py:137} INFO - [2023-03-28T12:03:02.994-0400] {dag.py:2693} INFO - Sync 1 DAGs
[2023-03-28T12:03:03.010-0400] {logging_mixin.py:137} INFO - [2023-03-28T12:03:03.010-0400] {dag.py:3440} INFO - Setting next_dagrun for example_local_kubernetes_executor to None, run_after=None
[2023-03-28T12:03:03.025-0400] {processor.py:175} INFO - Processing /Users/sunanda/Downloads/airflow/py_env/lib/python3.9/site-packages/airflow/example_dags/example_local_kubernetes_executor.py took 0.598 seconds
[2023-03-28T12:06:51.197-0400] {processor.py:153} INFO - Started process (PID=2971) to work on /Users/sunanda/Downloads/airflow/py_env/lib/python3.9/site-packages/airflow/example_dags/example_local_kubernetes_executor.py
[2023-03-28T12:06:51.205-0400] {processor.py:743} INFO - Processing file /Users/sunanda/Downloads/airflow/py_env/lib/python3.9/site-packages/airflow/example_dags/example_local_kubernetes_executor.py for tasks to queue
[2023-03-28T12:06:51.206-0400] {logging_mixin.py:137} INFO - [2023-03-28T12:06:51.206-0400] {dagbag.py:532} INFO - Filling up the DagBag from /Users/sunanda/Downloads/airflow/py_env/lib/python3.9/site-packages/airflow/example_dags/example_local_kubernetes_executor.py
[2023-03-28T12:06:51.244-0400] {processor.py:753} INFO - DAG(s) dict_keys(['example_local_kubernetes_executor']) retrieved from /Users/sunanda/Downloads/airflow/py_env/lib/python3.9/site-packages/airflow/example_dags/example_local_kubernetes_executor.py
[2023-03-28T12:06:51.935-0400] {logging_mixin.py:137} INFO - [2023-03-28T12:06:51.934-0400] {dag.py:2693} INFO - Sync 1 DAGs
[2023-03-28T12:06:51.944-0400] {logging_mixin.py:137} INFO - [2023-03-28T12:06:51.944-0400] {dag.py:3440} INFO - Setting next_dagrun for example_local_kubernetes_executor to None, run_after=None
[2023-03-28T12:06:51.961-0400] {processor.py:175} INFO - Processing /Users/sunanda/Downloads/airflow/py_env/lib/python3.9/site-packages/airflow/example_dags/example_local_kubernetes_executor.py took 0.765 seconds
[2023-03-28T12:10:57.275-0400] {processor.py:153} INFO - Started process (PID=3418) to work on /Users/sunanda/Downloads/airflow/py_env/lib/python3.9/site-packages/airflow/example_dags/example_local_kubernetes_executor.py
[2023-03-28T12:10:57.281-0400] {processor.py:743} INFO - Processing file /Users/sunanda/Downloads/airflow/py_env/lib/python3.9/site-packages/airflow/example_dags/example_local_kubernetes_executor.py for tasks to queue
[2023-03-28T12:10:57.281-0400] {logging_mixin.py:137} INFO - [2023-03-28T12:10:57.281-0400] {dagbag.py:532} INFO - Filling up the DagBag from /Users/sunanda/Downloads/airflow/py_env/lib/python3.9/site-packages/airflow/example_dags/example_local_kubernetes_executor.py
[2023-03-28T12:10:57.337-0400] {processor.py:753} INFO - DAG(s) dict_keys(['example_local_kubernetes_executor']) retrieved from /Users/sunanda/Downloads/airflow/py_env/lib/python3.9/site-packages/airflow/example_dags/example_local_kubernetes_executor.py
[2023-03-28T12:10:57.774-0400] {logging_mixin.py:137} INFO - [2023-03-28T12:10:57.774-0400] {dag.py:2693} INFO - Sync 1 DAGs
[2023-03-28T12:10:57.783-0400] {logging_mixin.py:137} INFO - [2023-03-28T12:10:57.783-0400] {dag.py:3440} INFO - Setting next_dagrun for example_local_kubernetes_executor to None, run_after=None
[2023-03-28T12:10:57.805-0400] {processor.py:175} INFO - Processing /Users/sunanda/Downloads/airflow/py_env/lib/python3.9/site-packages/airflow/example_dags/example_local_kubernetes_executor.py took 0.530 seconds
[2023-03-28T12:15:10.333-0400] {processor.py:153} INFO - Started process (PID=3805) to work on /Users/sunanda/Downloads/airflow/py_env/lib/python3.9/site-packages/airflow/example_dags/example_local_kubernetes_executor.py
[2023-03-28T12:15:10.348-0400] {processor.py:743} INFO - Processing file /Users/sunanda/Downloads/airflow/py_env/lib/python3.9/site-packages/airflow/example_dags/example_local_kubernetes_executor.py for tasks to queue
[2023-03-28T12:15:10.348-0400] {logging_mixin.py:137} INFO - [2023-03-28T12:15:10.348-0400] {dagbag.py:532} INFO - Filling up the DagBag from /Users/sunanda/Downloads/airflow/py_env/lib/python3.9/site-packages/airflow/example_dags/example_local_kubernetes_executor.py
[2023-03-28T12:15:10.391-0400] {processor.py:753} INFO - DAG(s) dict_keys(['example_local_kubernetes_executor']) retrieved from /Users/sunanda/Downloads/airflow/py_env/lib/python3.9/site-packages/airflow/example_dags/example_local_kubernetes_executor.py
[2023-03-28T12:15:10.804-0400] {logging_mixin.py:137} INFO - [2023-03-28T12:15:10.803-0400] {dag.py:2693} INFO - Sync 1 DAGs
[2023-03-28T12:15:10.826-0400] {logging_mixin.py:137} INFO - [2023-03-28T12:15:10.826-0400] {dag.py:3440} INFO - Setting next_dagrun for example_local_kubernetes_executor to None, run_after=None
[2023-03-28T12:15:10.834-0400] {processor.py:175} INFO - Processing /Users/sunanda/Downloads/airflow/py_env/lib/python3.9/site-packages/airflow/example_dags/example_local_kubernetes_executor.py took 0.502 seconds
[2023-03-28T12:17:37.814-0400] {processor.py:153} INFO - Started process (PID=4052) to work on /Users/sunanda/Downloads/airflow/py_env/lib/python3.9/site-packages/airflow/example_dags/example_local_kubernetes_executor.py
[2023-03-28T12:17:37.817-0400] {processor.py:743} INFO - Processing file /Users/sunanda/Downloads/airflow/py_env/lib/python3.9/site-packages/airflow/example_dags/example_local_kubernetes_executor.py for tasks to queue
[2023-03-28T12:17:37.818-0400] {logging_mixin.py:137} INFO - [2023-03-28T12:17:37.817-0400] {dagbag.py:532} INFO - Filling up the DagBag from /Users/sunanda/Downloads/airflow/py_env/lib/python3.9/site-packages/airflow/example_dags/example_local_kubernetes_executor.py
[2023-03-28T12:17:37.844-0400] {processor.py:753} INFO - DAG(s) dict_keys(['example_local_kubernetes_executor']) retrieved from /Users/sunanda/Downloads/airflow/py_env/lib/python3.9/site-packages/airflow/example_dags/example_local_kubernetes_executor.py
[2023-03-28T12:17:38.353-0400] {logging_mixin.py:137} INFO - [2023-03-28T12:17:38.353-0400] {dag.py:2693} INFO - Sync 1 DAGs
[2023-03-28T12:17:38.369-0400] {logging_mixin.py:137} INFO - [2023-03-28T12:17:38.369-0400] {dag.py:3440} INFO - Setting next_dagrun for example_local_kubernetes_executor to None, run_after=None
[2023-03-28T12:17:38.382-0400] {processor.py:175} INFO - Processing /Users/sunanda/Downloads/airflow/py_env/lib/python3.9/site-packages/airflow/example_dags/example_local_kubernetes_executor.py took 0.570 seconds
[2023-03-28T12:21:22.457-0400] {processor.py:153} INFO - Started process (PID=4334) to work on /Users/sunanda/Downloads/airflow/py_env/lib/python3.9/site-packages/airflow/example_dags/example_local_kubernetes_executor.py
[2023-03-28T12:21:22.460-0400] {processor.py:743} INFO - Processing file /Users/sunanda/Downloads/airflow/py_env/lib/python3.9/site-packages/airflow/example_dags/example_local_kubernetes_executor.py for tasks to queue
[2023-03-28T12:21:22.461-0400] {logging_mixin.py:137} INFO - [2023-03-28T12:21:22.460-0400] {dagbag.py:532} INFO - Filling up the DagBag from /Users/sunanda/Downloads/airflow/py_env/lib/python3.9/site-packages/airflow/example_dags/example_local_kubernetes_executor.py
[2023-03-28T12:21:22.481-0400] {processor.py:753} INFO - DAG(s) dict_keys(['example_local_kubernetes_executor']) retrieved from /Users/sunanda/Downloads/airflow/py_env/lib/python3.9/site-packages/airflow/example_dags/example_local_kubernetes_executor.py
[2023-03-28T12:21:23.036-0400] {logging_mixin.py:137} INFO - [2023-03-28T12:21:23.035-0400] {dag.py:2693} INFO - Sync 1 DAGs
[2023-03-28T12:21:23.064-0400] {logging_mixin.py:137} INFO - [2023-03-28T12:21:23.064-0400] {dag.py:3440} INFO - Setting next_dagrun for example_local_kubernetes_executor to None, run_after=None
[2023-03-28T12:21:23.089-0400] {processor.py:175} INFO - Processing /Users/sunanda/Downloads/airflow/py_env/lib/python3.9/site-packages/airflow/example_dags/example_local_kubernetes_executor.py took 0.634 seconds
[2023-03-28T12:28:08.391-0400] {processor.py:153} INFO - Started process (PID=4674) to work on /Users/sunanda/Downloads/airflow/py_env/lib/python3.9/site-packages/airflow/example_dags/example_local_kubernetes_executor.py
[2023-03-28T12:28:08.399-0400] {processor.py:743} INFO - Processing file /Users/sunanda/Downloads/airflow/py_env/lib/python3.9/site-packages/airflow/example_dags/example_local_kubernetes_executor.py for tasks to queue
[2023-03-28T12:28:08.399-0400] {logging_mixin.py:137} INFO - [2023-03-28T12:28:08.399-0400] {dagbag.py:532} INFO - Filling up the DagBag from /Users/sunanda/Downloads/airflow/py_env/lib/python3.9/site-packages/airflow/example_dags/example_local_kubernetes_executor.py
[2023-03-28T12:28:08.426-0400] {processor.py:753} INFO - DAG(s) dict_keys(['example_local_kubernetes_executor']) retrieved from /Users/sunanda/Downloads/airflow/py_env/lib/python3.9/site-packages/airflow/example_dags/example_local_kubernetes_executor.py
[2023-03-28T12:28:08.858-0400] {logging_mixin.py:137} INFO - [2023-03-28T12:28:08.858-0400] {dag.py:2693} INFO - Sync 1 DAGs
[2023-03-28T12:28:08.870-0400] {logging_mixin.py:137} INFO - [2023-03-28T12:28:08.870-0400] {dag.py:3440} INFO - Setting next_dagrun for example_local_kubernetes_executor to None, run_after=None
[2023-03-28T12:28:08.881-0400] {processor.py:175} INFO - Processing /Users/sunanda/Downloads/airflow/py_env/lib/python3.9/site-packages/airflow/example_dags/example_local_kubernetes_executor.py took 0.491 seconds
