[2023-03-27T23:38:07.622-0400] {processor.py:153} INFO - Started process (PID=79230) to work on /Users/sunanda/Downloads/airflow/py_env/lib/python3.9/site-packages/airflow/example_dags/example_datasets.py
[2023-03-27T23:38:07.628-0400] {processor.py:743} INFO - Processing file /Users/sunanda/Downloads/airflow/py_env/lib/python3.9/site-packages/airflow/example_dags/example_datasets.py for tasks to queue
[2023-03-27T23:38:07.628-0400] {logging_mixin.py:137} INFO - [2023-03-27T23:38:07.628-0400] {dagbag.py:532} INFO - Filling up the DagBag from /Users/sunanda/Downloads/airflow/py_env/lib/python3.9/site-packages/airflow/example_dags/example_datasets.py
[2023-03-27T23:38:07.648-0400] {processor.py:753} INFO - DAG(s) dict_keys(['dataset_produces_1', 'dataset_consumes_1_and_2', 'dataset_produces_2', 'dataset_consumes_1', 'dataset_consumes_1_never_scheduled', 'dataset_consumes_unknown_never_scheduled']) retrieved from /Users/sunanda/Downloads/airflow/py_env/lib/python3.9/site-packages/airflow/example_dags/example_datasets.py
[2023-03-27T23:38:07.920-0400] {logging_mixin.py:137} INFO - [2023-03-27T23:38:07.920-0400] {dag.py:2693} INFO - Sync 6 DAGs
[2023-03-27T23:38:07.926-0400] {logging_mixin.py:137} INFO - [2023-03-27T23:38:07.926-0400] {dag.py:3440} INFO - Setting next_dagrun for dataset_consumes_1 to None, run_after=None
[2023-03-27T23:38:07.927-0400] {logging_mixin.py:137} INFO - [2023-03-27T23:38:07.927-0400] {dag.py:3440} INFO - Setting next_dagrun for dataset_consumes_1_and_2 to None, run_after=None
[2023-03-27T23:38:07.927-0400] {logging_mixin.py:137} INFO - [2023-03-27T23:38:07.927-0400] {dag.py:3440} INFO - Setting next_dagrun for dataset_consumes_1_never_scheduled to None, run_after=None
[2023-03-27T23:38:07.928-0400] {logging_mixin.py:137} INFO - [2023-03-27T23:38:07.928-0400] {dag.py:3440} INFO - Setting next_dagrun for dataset_consumes_unknown_never_scheduled to None, run_after=None
[2023-03-27T23:38:07.928-0400] {logging_mixin.py:137} INFO - [2023-03-27T23:38:07.928-0400] {dag.py:3440} INFO - Setting next_dagrun for dataset_produces_1 to 2023-03-27T00:00:00+00:00, run_after=2023-03-28T00:00:00+00:00
[2023-03-27T23:38:07.929-0400] {logging_mixin.py:137} INFO - [2023-03-27T23:38:07.929-0400] {dag.py:3440} INFO - Setting next_dagrun for dataset_produces_2 to None, run_after=None
[2023-03-27T23:38:07.941-0400] {processor.py:175} INFO - Processing /Users/sunanda/Downloads/airflow/py_env/lib/python3.9/site-packages/airflow/example_dags/example_datasets.py took 0.320 seconds
[2023-03-27T23:39:57.424-0400] {processor.py:153} INFO - Started process (PID=79413) to work on /Users/sunanda/Downloads/airflow/py_env/lib/python3.9/site-packages/airflow/example_dags/example_datasets.py
[2023-03-27T23:39:57.431-0400] {processor.py:743} INFO - Processing file /Users/sunanda/Downloads/airflow/py_env/lib/python3.9/site-packages/airflow/example_dags/example_datasets.py for tasks to queue
[2023-03-27T23:39:57.431-0400] {logging_mixin.py:137} INFO - [2023-03-27T23:39:57.431-0400] {dagbag.py:532} INFO - Filling up the DagBag from /Users/sunanda/Downloads/airflow/py_env/lib/python3.9/site-packages/airflow/example_dags/example_datasets.py
[2023-03-27T23:39:57.445-0400] {processor.py:753} INFO - DAG(s) dict_keys(['dataset_produces_2', 'dataset_produces_1', 'dataset_consumes_unknown_never_scheduled', 'dataset_consumes_1_and_2', 'dataset_consumes_1', 'dataset_consumes_1_never_scheduled']) retrieved from /Users/sunanda/Downloads/airflow/py_env/lib/python3.9/site-packages/airflow/example_dags/example_datasets.py
[2023-03-27T23:39:57.696-0400] {logging_mixin.py:137} INFO - [2023-03-27T23:39:57.696-0400] {dag.py:2693} INFO - Sync 6 DAGs
[2023-03-27T23:39:57.702-0400] {logging_mixin.py:137} INFO - [2023-03-27T23:39:57.702-0400] {dag.py:3440} INFO - Setting next_dagrun for dataset_consumes_1 to None, run_after=None
[2023-03-27T23:39:57.703-0400] {logging_mixin.py:137} INFO - [2023-03-27T23:39:57.703-0400] {dag.py:3440} INFO - Setting next_dagrun for dataset_consumes_1_and_2 to None, run_after=None
[2023-03-27T23:39:57.703-0400] {logging_mixin.py:137} INFO - [2023-03-27T23:39:57.703-0400] {dag.py:3440} INFO - Setting next_dagrun for dataset_consumes_1_never_scheduled to None, run_after=None
[2023-03-27T23:39:57.704-0400] {logging_mixin.py:137} INFO - [2023-03-27T23:39:57.704-0400] {dag.py:3440} INFO - Setting next_dagrun for dataset_consumes_unknown_never_scheduled to None, run_after=None
[2023-03-27T23:39:57.705-0400] {logging_mixin.py:137} INFO - [2023-03-27T23:39:57.705-0400] {dag.py:3440} INFO - Setting next_dagrun for dataset_produces_1 to 2023-03-27T00:00:00+00:00, run_after=2023-03-28T00:00:00+00:00
[2023-03-27T23:39:57.705-0400] {logging_mixin.py:137} INFO - [2023-03-27T23:39:57.705-0400] {dag.py:3440} INFO - Setting next_dagrun for dataset_produces_2 to None, run_after=None
[2023-03-27T23:39:57.715-0400] {processor.py:175} INFO - Processing /Users/sunanda/Downloads/airflow/py_env/lib/python3.9/site-packages/airflow/example_dags/example_datasets.py took 0.293 seconds
[2023-03-28T00:22:38.351-0400] {processor.py:153} INFO - Started process (PID=82707) to work on /Users/sunanda/Downloads/airflow/py_env/lib/python3.9/site-packages/airflow/example_dags/example_datasets.py
[2023-03-28T00:22:38.356-0400] {processor.py:743} INFO - Processing file /Users/sunanda/Downloads/airflow/py_env/lib/python3.9/site-packages/airflow/example_dags/example_datasets.py for tasks to queue
[2023-03-28T00:22:38.356-0400] {logging_mixin.py:137} INFO - [2023-03-28T00:22:38.356-0400] {dagbag.py:532} INFO - Filling up the DagBag from /Users/sunanda/Downloads/airflow/py_env/lib/python3.9/site-packages/airflow/example_dags/example_datasets.py
[2023-03-28T00:22:38.374-0400] {processor.py:753} INFO - DAG(s) dict_keys(['dataset_consumes_1_never_scheduled', 'dataset_consumes_1', 'dataset_consumes_1_and_2', 'dataset_produces_1', 'dataset_consumes_unknown_never_scheduled', 'dataset_produces_2']) retrieved from /Users/sunanda/Downloads/airflow/py_env/lib/python3.9/site-packages/airflow/example_dags/example_datasets.py
[2023-03-28T00:22:38.652-0400] {logging_mixin.py:137} INFO - [2023-03-28T00:22:38.652-0400] {dag.py:2693} INFO - Sync 6 DAGs
[2023-03-28T00:22:38.659-0400] {logging_mixin.py:137} INFO - [2023-03-28T00:22:38.659-0400] {dag.py:3440} INFO - Setting next_dagrun for dataset_consumes_1 to None, run_after=None
[2023-03-28T00:22:38.660-0400] {logging_mixin.py:137} INFO - [2023-03-28T00:22:38.660-0400] {dag.py:3440} INFO - Setting next_dagrun for dataset_consumes_1_and_2 to None, run_after=None
[2023-03-28T00:22:38.660-0400] {logging_mixin.py:137} INFO - [2023-03-28T00:22:38.660-0400] {dag.py:3440} INFO - Setting next_dagrun for dataset_consumes_1_never_scheduled to None, run_after=None
[2023-03-28T00:22:38.660-0400] {logging_mixin.py:137} INFO - [2023-03-28T00:22:38.660-0400] {dag.py:3440} INFO - Setting next_dagrun for dataset_consumes_unknown_never_scheduled to None, run_after=None
[2023-03-28T00:22:38.661-0400] {logging_mixin.py:137} INFO - [2023-03-28T00:22:38.661-0400] {dag.py:3440} INFO - Setting next_dagrun for dataset_produces_1 to 2023-03-27T00:00:00+00:00, run_after=2023-03-28T00:00:00+00:00
[2023-03-28T00:22:38.662-0400] {logging_mixin.py:137} INFO - [2023-03-28T00:22:38.661-0400] {dag.py:3440} INFO - Setting next_dagrun for dataset_produces_2 to None, run_after=None
[2023-03-28T00:22:38.682-0400] {processor.py:175} INFO - Processing /Users/sunanda/Downloads/airflow/py_env/lib/python3.9/site-packages/airflow/example_dags/example_datasets.py took 0.331 seconds
[2023-03-28T10:11:37.402-0400] {processor.py:153} INFO - Started process (PID=91355) to work on /Users/sunanda/Downloads/airflow/py_env/lib/python3.9/site-packages/airflow/example_dags/example_datasets.py
[2023-03-28T10:11:37.411-0400] {processor.py:743} INFO - Processing file /Users/sunanda/Downloads/airflow/py_env/lib/python3.9/site-packages/airflow/example_dags/example_datasets.py for tasks to queue
[2023-03-28T10:11:37.412-0400] {logging_mixin.py:137} INFO - [2023-03-28T10:11:37.412-0400] {dagbag.py:532} INFO - Filling up the DagBag from /Users/sunanda/Downloads/airflow/py_env/lib/python3.9/site-packages/airflow/example_dags/example_datasets.py
[2023-03-28T10:11:37.445-0400] {processor.py:753} INFO - DAG(s) dict_keys(['dataset_consumes_1_and_2', 'dataset_consumes_unknown_never_scheduled', 'dataset_produces_1', 'dataset_produces_2', 'dataset_consumes_1', 'dataset_consumes_1_never_scheduled']) retrieved from /Users/sunanda/Downloads/airflow/py_env/lib/python3.9/site-packages/airflow/example_dags/example_datasets.py
[2023-03-28T10:11:38.106-0400] {logging_mixin.py:137} INFO - [2023-03-28T10:11:38.106-0400] {dag.py:2693} INFO - Sync 6 DAGs
[2023-03-28T10:11:38.260-0400] {logging_mixin.py:137} INFO - [2023-03-28T10:11:38.260-0400] {dag.py:3440} INFO - Setting next_dagrun for dataset_consumes_1 to None, run_after=None
[2023-03-28T10:11:38.287-0400] {logging_mixin.py:137} INFO - [2023-03-28T10:11:38.262-0400] {dag.py:3440} INFO - Setting next_dagrun for dataset_consumes_1_and_2 to None, run_after=None
[2023-03-28T10:11:38.288-0400] {logging_mixin.py:137} INFO - [2023-03-28T10:11:38.288-0400] {dag.py:3440} INFO - Setting next_dagrun for dataset_consumes_1_never_scheduled to None, run_after=None
[2023-03-28T10:11:38.288-0400] {logging_mixin.py:137} INFO - [2023-03-28T10:11:38.288-0400] {dag.py:3440} INFO - Setting next_dagrun for dataset_consumes_unknown_never_scheduled to None, run_after=None
[2023-03-28T10:11:38.290-0400] {logging_mixin.py:137} INFO - [2023-03-28T10:11:38.290-0400] {dag.py:3440} INFO - Setting next_dagrun for dataset_produces_1 to 2023-03-27T00:00:00+00:00, run_after=2023-03-28T00:00:00+00:00
[2023-03-28T10:11:38.291-0400] {logging_mixin.py:137} INFO - [2023-03-28T10:11:38.291-0400] {dag.py:3440} INFO - Setting next_dagrun for dataset_produces_2 to None, run_after=None
[2023-03-28T10:11:38.366-0400] {processor.py:175} INFO - Processing /Users/sunanda/Downloads/airflow/py_env/lib/python3.9/site-packages/airflow/example_dags/example_datasets.py took 0.964 seconds
[2023-03-28T10:14:28.259-0400] {processor.py:153} INFO - Started process (PID=91577) to work on /Users/sunanda/Downloads/airflow/py_env/lib/python3.9/site-packages/airflow/example_dags/example_datasets.py
[2023-03-28T10:14:28.262-0400] {processor.py:743} INFO - Processing file /Users/sunanda/Downloads/airflow/py_env/lib/python3.9/site-packages/airflow/example_dags/example_datasets.py for tasks to queue
[2023-03-28T10:14:28.262-0400] {logging_mixin.py:137} INFO - [2023-03-28T10:14:28.262-0400] {dagbag.py:532} INFO - Filling up the DagBag from /Users/sunanda/Downloads/airflow/py_env/lib/python3.9/site-packages/airflow/example_dags/example_datasets.py
[2023-03-28T10:14:28.299-0400] {processor.py:753} INFO - DAG(s) dict_keys(['dataset_consumes_1_and_2', 'dataset_produces_2', 'dataset_consumes_unknown_never_scheduled', 'dataset_produces_1', 'dataset_consumes_1_never_scheduled', 'dataset_consumes_1']) retrieved from /Users/sunanda/Downloads/airflow/py_env/lib/python3.9/site-packages/airflow/example_dags/example_datasets.py
[2023-03-28T10:14:28.933-0400] {logging_mixin.py:137} INFO - [2023-03-28T10:14:28.933-0400] {dag.py:2693} INFO - Sync 6 DAGs
[2023-03-28T10:14:28.942-0400] {logging_mixin.py:137} INFO - [2023-03-28T10:14:28.941-0400] {dag.py:3440} INFO - Setting next_dagrun for dataset_consumes_1 to None, run_after=None
[2023-03-28T10:14:28.942-0400] {logging_mixin.py:137} INFO - [2023-03-28T10:14:28.942-0400] {dag.py:3440} INFO - Setting next_dagrun for dataset_consumes_1_and_2 to None, run_after=None
[2023-03-28T10:14:28.943-0400] {logging_mixin.py:137} INFO - [2023-03-28T10:14:28.943-0400] {dag.py:3440} INFO - Setting next_dagrun for dataset_consumes_1_never_scheduled to None, run_after=None
[2023-03-28T10:14:28.943-0400] {logging_mixin.py:137} INFO - [2023-03-28T10:14:28.943-0400] {dag.py:3440} INFO - Setting next_dagrun for dataset_consumes_unknown_never_scheduled to None, run_after=None
[2023-03-28T10:14:28.944-0400] {logging_mixin.py:137} INFO - [2023-03-28T10:14:28.944-0400] {dag.py:3440} INFO - Setting next_dagrun for dataset_produces_1 to 2023-03-27T00:00:00+00:00, run_after=2023-03-28T00:00:00+00:00
[2023-03-28T10:14:28.944-0400] {logging_mixin.py:137} INFO - [2023-03-28T10:14:28.944-0400] {dag.py:3440} INFO - Setting next_dagrun for dataset_produces_2 to None, run_after=None
[2023-03-28T10:14:28.960-0400] {processor.py:175} INFO - Processing /Users/sunanda/Downloads/airflow/py_env/lib/python3.9/site-packages/airflow/example_dags/example_datasets.py took 0.701 seconds
[2023-03-28T10:19:00.316-0400] {processor.py:153} INFO - Started process (PID=91926) to work on /Users/sunanda/Downloads/airflow/py_env/lib/python3.9/site-packages/airflow/example_dags/example_datasets.py
[2023-03-28T10:19:00.327-0400] {processor.py:743} INFO - Processing file /Users/sunanda/Downloads/airflow/py_env/lib/python3.9/site-packages/airflow/example_dags/example_datasets.py for tasks to queue
[2023-03-28T10:19:00.327-0400] {logging_mixin.py:137} INFO - [2023-03-28T10:19:00.327-0400] {dagbag.py:532} INFO - Filling up the DagBag from /Users/sunanda/Downloads/airflow/py_env/lib/python3.9/site-packages/airflow/example_dags/example_datasets.py
[2023-03-28T10:19:00.375-0400] {processor.py:753} INFO - DAG(s) dict_keys(['dataset_produces_2', 'dataset_consumes_1', 'dataset_produces_1', 'dataset_consumes_1_never_scheduled', 'dataset_consumes_unknown_never_scheduled', 'dataset_consumes_1_and_2']) retrieved from /Users/sunanda/Downloads/airflow/py_env/lib/python3.9/site-packages/airflow/example_dags/example_datasets.py
[2023-03-28T10:19:00.962-0400] {logging_mixin.py:137} INFO - [2023-03-28T10:19:00.961-0400] {dag.py:2693} INFO - Sync 6 DAGs
[2023-03-28T10:19:00.981-0400] {logging_mixin.py:137} INFO - [2023-03-28T10:19:00.981-0400] {dag.py:3440} INFO - Setting next_dagrun for dataset_consumes_1 to None, run_after=None
[2023-03-28T10:19:00.982-0400] {logging_mixin.py:137} INFO - [2023-03-28T10:19:00.982-0400] {dag.py:3440} INFO - Setting next_dagrun for dataset_consumes_1_and_2 to None, run_after=None
[2023-03-28T10:19:00.983-0400] {logging_mixin.py:137} INFO - [2023-03-28T10:19:00.983-0400] {dag.py:3440} INFO - Setting next_dagrun for dataset_consumes_1_never_scheduled to None, run_after=None
[2023-03-28T10:19:00.984-0400] {logging_mixin.py:137} INFO - [2023-03-28T10:19:00.984-0400] {dag.py:3440} INFO - Setting next_dagrun for dataset_consumes_unknown_never_scheduled to None, run_after=None
[2023-03-28T10:19:00.985-0400] {logging_mixin.py:137} INFO - [2023-03-28T10:19:00.985-0400] {dag.py:3440} INFO - Setting next_dagrun for dataset_produces_1 to 2023-03-27T00:00:00+00:00, run_after=2023-03-28T00:00:00+00:00
[2023-03-28T10:19:00.988-0400] {logging_mixin.py:137} INFO - [2023-03-28T10:19:00.987-0400] {dag.py:3440} INFO - Setting next_dagrun for dataset_produces_2 to None, run_after=None
[2023-03-28T10:19:01.008-0400] {processor.py:175} INFO - Processing /Users/sunanda/Downloads/airflow/py_env/lib/python3.9/site-packages/airflow/example_dags/example_datasets.py took 0.693 seconds
[2023-03-28T10:23:03.872-0400] {processor.py:153} INFO - Started process (PID=92279) to work on /Users/sunanda/Downloads/airflow/py_env/lib/python3.9/site-packages/airflow/example_dags/example_datasets.py
[2023-03-28T10:23:03.875-0400] {processor.py:743} INFO - Processing file /Users/sunanda/Downloads/airflow/py_env/lib/python3.9/site-packages/airflow/example_dags/example_datasets.py for tasks to queue
[2023-03-28T10:23:03.876-0400] {logging_mixin.py:137} INFO - [2023-03-28T10:23:03.876-0400] {dagbag.py:532} INFO - Filling up the DagBag from /Users/sunanda/Downloads/airflow/py_env/lib/python3.9/site-packages/airflow/example_dags/example_datasets.py
[2023-03-28T10:23:03.888-0400] {processor.py:753} INFO - DAG(s) dict_keys(['dataset_consumes_unknown_never_scheduled', 'dataset_produces_2', 'dataset_consumes_1_and_2', 'dataset_consumes_1', 'dataset_consumes_1_never_scheduled', 'dataset_produces_1']) retrieved from /Users/sunanda/Downloads/airflow/py_env/lib/python3.9/site-packages/airflow/example_dags/example_datasets.py
[2023-03-28T10:23:04.596-0400] {logging_mixin.py:137} INFO - [2023-03-28T10:23:04.596-0400] {dag.py:2693} INFO - Sync 6 DAGs
[2023-03-28T10:23:04.608-0400] {logging_mixin.py:137} INFO - [2023-03-28T10:23:04.608-0400] {dag.py:3440} INFO - Setting next_dagrun for dataset_consumes_1 to None, run_after=None
[2023-03-28T10:23:04.610-0400] {logging_mixin.py:137} INFO - [2023-03-28T10:23:04.610-0400] {dag.py:3440} INFO - Setting next_dagrun for dataset_consumes_1_and_2 to None, run_after=None
[2023-03-28T10:23:04.611-0400] {logging_mixin.py:137} INFO - [2023-03-28T10:23:04.611-0400] {dag.py:3440} INFO - Setting next_dagrun for dataset_consumes_1_never_scheduled to None, run_after=None
[2023-03-28T10:23:04.611-0400] {logging_mixin.py:137} INFO - [2023-03-28T10:23:04.611-0400] {dag.py:3440} INFO - Setting next_dagrun for dataset_consumes_unknown_never_scheduled to None, run_after=None
[2023-03-28T10:23:04.615-0400] {logging_mixin.py:137} INFO - [2023-03-28T10:23:04.615-0400] {dag.py:3440} INFO - Setting next_dagrun for dataset_produces_1 to 2023-03-27T00:00:00+00:00, run_after=2023-03-28T00:00:00+00:00
[2023-03-28T10:23:04.615-0400] {logging_mixin.py:137} INFO - [2023-03-28T10:23:04.615-0400] {dag.py:3440} INFO - Setting next_dagrun for dataset_produces_2 to None, run_after=None
[2023-03-28T10:23:04.641-0400] {processor.py:175} INFO - Processing /Users/sunanda/Downloads/airflow/py_env/lib/python3.9/site-packages/airflow/example_dags/example_datasets.py took 0.770 seconds
[2023-03-28T10:27:22.973-0400] {processor.py:153} INFO - Started process (PID=92748) to work on /Users/sunanda/Downloads/airflow/py_env/lib/python3.9/site-packages/airflow/example_dags/example_datasets.py
[2023-03-28T10:27:22.976-0400] {processor.py:743} INFO - Processing file /Users/sunanda/Downloads/airflow/py_env/lib/python3.9/site-packages/airflow/example_dags/example_datasets.py for tasks to queue
[2023-03-28T10:27:22.976-0400] {logging_mixin.py:137} INFO - [2023-03-28T10:27:22.976-0400] {dagbag.py:532} INFO - Filling up the DagBag from /Users/sunanda/Downloads/airflow/py_env/lib/python3.9/site-packages/airflow/example_dags/example_datasets.py
[2023-03-28T10:27:22.992-0400] {processor.py:753} INFO - DAG(s) dict_keys(['dataset_consumes_1', 'dataset_consumes_1_and_2', 'dataset_produces_2', 'dataset_consumes_unknown_never_scheduled', 'dataset_produces_1', 'dataset_consumes_1_never_scheduled']) retrieved from /Users/sunanda/Downloads/airflow/py_env/lib/python3.9/site-packages/airflow/example_dags/example_datasets.py
[2023-03-28T10:27:23.493-0400] {logging_mixin.py:137} INFO - [2023-03-28T10:27:23.493-0400] {dag.py:2693} INFO - Sync 6 DAGs
[2023-03-28T10:27:23.523-0400] {logging_mixin.py:137} INFO - [2023-03-28T10:27:23.523-0400] {dag.py:3440} INFO - Setting next_dagrun for dataset_consumes_1 to None, run_after=None
[2023-03-28T10:27:23.529-0400] {logging_mixin.py:137} INFO - [2023-03-28T10:27:23.529-0400] {dag.py:3440} INFO - Setting next_dagrun for dataset_consumes_1_and_2 to None, run_after=None
[2023-03-28T10:27:23.529-0400] {logging_mixin.py:137} INFO - [2023-03-28T10:27:23.529-0400] {dag.py:3440} INFO - Setting next_dagrun for dataset_consumes_1_never_scheduled to None, run_after=None
[2023-03-28T10:27:23.529-0400] {logging_mixin.py:137} INFO - [2023-03-28T10:27:23.529-0400] {dag.py:3440} INFO - Setting next_dagrun for dataset_consumes_unknown_never_scheduled to None, run_after=None
[2023-03-28T10:27:23.530-0400] {logging_mixin.py:137} INFO - [2023-03-28T10:27:23.530-0400] {dag.py:3440} INFO - Setting next_dagrun for dataset_produces_1 to 2023-03-27T00:00:00+00:00, run_after=2023-03-28T00:00:00+00:00
[2023-03-28T10:27:23.531-0400] {logging_mixin.py:137} INFO - [2023-03-28T10:27:23.530-0400] {dag.py:3440} INFO - Setting next_dagrun for dataset_produces_2 to None, run_after=None
[2023-03-28T10:27:23.547-0400] {processor.py:175} INFO - Processing /Users/sunanda/Downloads/airflow/py_env/lib/python3.9/site-packages/airflow/example_dags/example_datasets.py took 0.576 seconds
[2023-03-28T10:31:42.674-0400] {processor.py:153} INFO - Started process (PID=93248) to work on /Users/sunanda/Downloads/airflow/py_env/lib/python3.9/site-packages/airflow/example_dags/example_datasets.py
[2023-03-28T10:31:42.678-0400] {processor.py:743} INFO - Processing file /Users/sunanda/Downloads/airflow/py_env/lib/python3.9/site-packages/airflow/example_dags/example_datasets.py for tasks to queue
[2023-03-28T10:31:42.678-0400] {logging_mixin.py:137} INFO - [2023-03-28T10:31:42.678-0400] {dagbag.py:532} INFO - Filling up the DagBag from /Users/sunanda/Downloads/airflow/py_env/lib/python3.9/site-packages/airflow/example_dags/example_datasets.py
[2023-03-28T10:31:42.691-0400] {processor.py:753} INFO - DAG(s) dict_keys(['dataset_produces_1', 'dataset_produces_2', 'dataset_consumes_unknown_never_scheduled', 'dataset_consumes_1_and_2', 'dataset_consumes_1', 'dataset_consumes_1_never_scheduled']) retrieved from /Users/sunanda/Downloads/airflow/py_env/lib/python3.9/site-packages/airflow/example_dags/example_datasets.py
[2023-03-28T10:31:43.292-0400] {logging_mixin.py:137} INFO - [2023-03-28T10:31:43.291-0400] {dag.py:2693} INFO - Sync 6 DAGs
[2023-03-28T10:31:43.311-0400] {logging_mixin.py:137} INFO - [2023-03-28T10:31:43.311-0400] {dag.py:3440} INFO - Setting next_dagrun for dataset_consumes_1 to None, run_after=None
[2023-03-28T10:31:43.313-0400] {logging_mixin.py:137} INFO - [2023-03-28T10:31:43.313-0400] {dag.py:3440} INFO - Setting next_dagrun for dataset_consumes_1_and_2 to None, run_after=None
[2023-03-28T10:31:43.314-0400] {logging_mixin.py:137} INFO - [2023-03-28T10:31:43.314-0400] {dag.py:3440} INFO - Setting next_dagrun for dataset_consumes_1_never_scheduled to None, run_after=None
[2023-03-28T10:31:43.315-0400] {logging_mixin.py:137} INFO - [2023-03-28T10:31:43.315-0400] {dag.py:3440} INFO - Setting next_dagrun for dataset_consumes_unknown_never_scheduled to None, run_after=None
[2023-03-28T10:31:43.327-0400] {logging_mixin.py:137} INFO - [2023-03-28T10:31:43.327-0400] {dag.py:3440} INFO - Setting next_dagrun for dataset_produces_1 to 2023-03-27T00:00:00+00:00, run_after=2023-03-28T00:00:00+00:00
[2023-03-28T10:31:43.328-0400] {logging_mixin.py:137} INFO - [2023-03-28T10:31:43.328-0400] {dag.py:3440} INFO - Setting next_dagrun for dataset_produces_2 to None, run_after=None
[2023-03-28T10:31:43.350-0400] {processor.py:175} INFO - Processing /Users/sunanda/Downloads/airflow/py_env/lib/python3.9/site-packages/airflow/example_dags/example_datasets.py took 0.676 seconds
[2023-03-28T10:35:41.977-0400] {processor.py:153} INFO - Started process (PID=93574) to work on /Users/sunanda/Downloads/airflow/py_env/lib/python3.9/site-packages/airflow/example_dags/example_datasets.py
[2023-03-28T10:35:41.991-0400] {processor.py:743} INFO - Processing file /Users/sunanda/Downloads/airflow/py_env/lib/python3.9/site-packages/airflow/example_dags/example_datasets.py for tasks to queue
[2023-03-28T10:35:41.991-0400] {logging_mixin.py:137} INFO - [2023-03-28T10:35:41.991-0400] {dagbag.py:532} INFO - Filling up the DagBag from /Users/sunanda/Downloads/airflow/py_env/lib/python3.9/site-packages/airflow/example_dags/example_datasets.py
[2023-03-28T10:35:42.006-0400] {processor.py:753} INFO - DAG(s) dict_keys(['dataset_consumes_1', 'dataset_consumes_1_and_2', 'dataset_produces_2', 'dataset_consumes_unknown_never_scheduled', 'dataset_consumes_1_never_scheduled', 'dataset_produces_1']) retrieved from /Users/sunanda/Downloads/airflow/py_env/lib/python3.9/site-packages/airflow/example_dags/example_datasets.py
[2023-03-28T10:35:42.737-0400] {logging_mixin.py:137} INFO - [2023-03-28T10:35:42.737-0400] {dag.py:2693} INFO - Sync 6 DAGs
[2023-03-28T10:35:42.753-0400] {logging_mixin.py:137} INFO - [2023-03-28T10:35:42.752-0400] {dag.py:3440} INFO - Setting next_dagrun for dataset_consumes_1 to None, run_after=None
[2023-03-28T10:35:42.754-0400] {logging_mixin.py:137} INFO - [2023-03-28T10:35:42.754-0400] {dag.py:3440} INFO - Setting next_dagrun for dataset_consumes_1_and_2 to None, run_after=None
[2023-03-28T10:35:42.756-0400] {logging_mixin.py:137} INFO - [2023-03-28T10:35:42.755-0400] {dag.py:3440} INFO - Setting next_dagrun for dataset_consumes_1_never_scheduled to None, run_after=None
[2023-03-28T10:35:42.756-0400] {logging_mixin.py:137} INFO - [2023-03-28T10:35:42.756-0400] {dag.py:3440} INFO - Setting next_dagrun for dataset_consumes_unknown_never_scheduled to None, run_after=None
[2023-03-28T10:35:42.758-0400] {logging_mixin.py:137} INFO - [2023-03-28T10:35:42.758-0400] {dag.py:3440} INFO - Setting next_dagrun for dataset_produces_1 to 2023-03-27T00:00:00+00:00, run_after=2023-03-28T00:00:00+00:00
[2023-03-28T10:35:42.759-0400] {logging_mixin.py:137} INFO - [2023-03-28T10:35:42.758-0400] {dag.py:3440} INFO - Setting next_dagrun for dataset_produces_2 to None, run_after=None
[2023-03-28T10:35:42.784-0400] {processor.py:175} INFO - Processing /Users/sunanda/Downloads/airflow/py_env/lib/python3.9/site-packages/airflow/example_dags/example_datasets.py took 0.809 seconds
[2023-03-28T10:40:29.395-0400] {processor.py:153} INFO - Started process (PID=95472) to work on /Users/sunanda/Downloads/airflow/py_env/lib/python3.9/site-packages/airflow/example_dags/example_datasets.py
[2023-03-28T10:40:29.418-0400] {processor.py:743} INFO - Processing file /Users/sunanda/Downloads/airflow/py_env/lib/python3.9/site-packages/airflow/example_dags/example_datasets.py for tasks to queue
[2023-03-28T10:40:29.418-0400] {logging_mixin.py:137} INFO - [2023-03-28T10:40:29.418-0400] {dagbag.py:532} INFO - Filling up the DagBag from /Users/sunanda/Downloads/airflow/py_env/lib/python3.9/site-packages/airflow/example_dags/example_datasets.py
[2023-03-28T10:40:29.432-0400] {processor.py:753} INFO - DAG(s) dict_keys(['dataset_consumes_unknown_never_scheduled', 'dataset_consumes_1', 'dataset_produces_2', 'dataset_produces_1', 'dataset_consumes_1_and_2', 'dataset_consumes_1_never_scheduled']) retrieved from /Users/sunanda/Downloads/airflow/py_env/lib/python3.9/site-packages/airflow/example_dags/example_datasets.py
[2023-03-28T10:40:30.118-0400] {logging_mixin.py:137} INFO - [2023-03-28T10:40:30.117-0400] {dag.py:2693} INFO - Sync 6 DAGs
[2023-03-28T10:40:30.133-0400] {logging_mixin.py:137} INFO - [2023-03-28T10:40:30.133-0400] {dag.py:3440} INFO - Setting next_dagrun for dataset_consumes_1 to None, run_after=None
[2023-03-28T10:40:30.135-0400] {logging_mixin.py:137} INFO - [2023-03-28T10:40:30.135-0400] {dag.py:3440} INFO - Setting next_dagrun for dataset_consumes_1_and_2 to None, run_after=None
[2023-03-28T10:40:30.135-0400] {logging_mixin.py:137} INFO - [2023-03-28T10:40:30.135-0400] {dag.py:3440} INFO - Setting next_dagrun for dataset_consumes_1_never_scheduled to None, run_after=None
[2023-03-28T10:40:30.136-0400] {logging_mixin.py:137} INFO - [2023-03-28T10:40:30.136-0400] {dag.py:3440} INFO - Setting next_dagrun for dataset_consumes_unknown_never_scheduled to None, run_after=None
[2023-03-28T10:40:30.138-0400] {logging_mixin.py:137} INFO - [2023-03-28T10:40:30.138-0400] {dag.py:3440} INFO - Setting next_dagrun for dataset_produces_1 to 2023-03-27T00:00:00+00:00, run_after=2023-03-28T00:00:00+00:00
[2023-03-28T10:40:30.139-0400] {logging_mixin.py:137} INFO - [2023-03-28T10:40:30.139-0400] {dag.py:3440} INFO - Setting next_dagrun for dataset_produces_2 to None, run_after=None
[2023-03-28T10:40:30.169-0400] {processor.py:175} INFO - Processing /Users/sunanda/Downloads/airflow/py_env/lib/python3.9/site-packages/airflow/example_dags/example_datasets.py took 0.775 seconds
[2023-03-28T10:44:32.112-0400] {processor.py:153} INFO - Started process (PID=95900) to work on /Users/sunanda/Downloads/airflow/py_env/lib/python3.9/site-packages/airflow/example_dags/example_datasets.py
[2023-03-28T10:44:32.116-0400] {processor.py:743} INFO - Processing file /Users/sunanda/Downloads/airflow/py_env/lib/python3.9/site-packages/airflow/example_dags/example_datasets.py for tasks to queue
[2023-03-28T10:44:32.117-0400] {logging_mixin.py:137} INFO - [2023-03-28T10:44:32.117-0400] {dagbag.py:532} INFO - Filling up the DagBag from /Users/sunanda/Downloads/airflow/py_env/lib/python3.9/site-packages/airflow/example_dags/example_datasets.py
[2023-03-28T10:44:32.129-0400] {processor.py:753} INFO - DAG(s) dict_keys(['dataset_consumes_1_never_scheduled', 'dataset_consumes_1_and_2', 'dataset_consumes_1', 'dataset_produces_2', 'dataset_produces_1', 'dataset_consumes_unknown_never_scheduled']) retrieved from /Users/sunanda/Downloads/airflow/py_env/lib/python3.9/site-packages/airflow/example_dags/example_datasets.py
[2023-03-28T10:44:32.679-0400] {logging_mixin.py:137} INFO - [2023-03-28T10:44:32.679-0400] {dag.py:2693} INFO - Sync 6 DAGs
[2023-03-28T10:44:32.696-0400] {logging_mixin.py:137} INFO - [2023-03-28T10:44:32.696-0400] {dag.py:3440} INFO - Setting next_dagrun for dataset_consumes_1 to None, run_after=None
[2023-03-28T10:44:32.697-0400] {logging_mixin.py:137} INFO - [2023-03-28T10:44:32.696-0400] {dag.py:3440} INFO - Setting next_dagrun for dataset_consumes_1_and_2 to None, run_after=None
[2023-03-28T10:44:32.697-0400] {logging_mixin.py:137} INFO - [2023-03-28T10:44:32.697-0400] {dag.py:3440} INFO - Setting next_dagrun for dataset_consumes_1_never_scheduled to None, run_after=None
[2023-03-28T10:44:32.697-0400] {logging_mixin.py:137} INFO - [2023-03-28T10:44:32.697-0400] {dag.py:3440} INFO - Setting next_dagrun for dataset_consumes_unknown_never_scheduled to None, run_after=None
[2023-03-28T10:44:32.707-0400] {logging_mixin.py:137} INFO - [2023-03-28T10:44:32.707-0400] {dag.py:3440} INFO - Setting next_dagrun for dataset_produces_1 to 2023-03-27T00:00:00+00:00, run_after=2023-03-28T00:00:00+00:00
[2023-03-28T10:44:32.708-0400] {logging_mixin.py:137} INFO - [2023-03-28T10:44:32.708-0400] {dag.py:3440} INFO - Setting next_dagrun for dataset_produces_2 to None, run_after=None
[2023-03-28T10:44:32.746-0400] {processor.py:175} INFO - Processing /Users/sunanda/Downloads/airflow/py_env/lib/python3.9/site-packages/airflow/example_dags/example_datasets.py took 0.634 seconds
[2023-03-28T10:48:39.069-0400] {processor.py:153} INFO - Started process (PID=96499) to work on /Users/sunanda/Downloads/airflow/py_env/lib/python3.9/site-packages/airflow/example_dags/example_datasets.py
[2023-03-28T10:48:39.101-0400] {processor.py:743} INFO - Processing file /Users/sunanda/Downloads/airflow/py_env/lib/python3.9/site-packages/airflow/example_dags/example_datasets.py for tasks to queue
[2023-03-28T10:48:39.101-0400] {logging_mixin.py:137} INFO - [2023-03-28T10:48:39.101-0400] {dagbag.py:532} INFO - Filling up the DagBag from /Users/sunanda/Downloads/airflow/py_env/lib/python3.9/site-packages/airflow/example_dags/example_datasets.py
[2023-03-28T10:48:39.115-0400] {processor.py:753} INFO - DAG(s) dict_keys(['dataset_consumes_unknown_never_scheduled', 'dataset_produces_1', 'dataset_consumes_1', 'dataset_consumes_1_never_scheduled', 'dataset_produces_2', 'dataset_consumes_1_and_2']) retrieved from /Users/sunanda/Downloads/airflow/py_env/lib/python3.9/site-packages/airflow/example_dags/example_datasets.py
[2023-03-28T10:48:39.718-0400] {logging_mixin.py:137} INFO - [2023-03-28T10:48:39.718-0400] {dag.py:2693} INFO - Sync 6 DAGs
[2023-03-28T10:48:39.735-0400] {logging_mixin.py:137} INFO - [2023-03-28T10:48:39.735-0400] {dag.py:3440} INFO - Setting next_dagrun for dataset_consumes_1 to None, run_after=None
[2023-03-28T10:48:39.736-0400] {logging_mixin.py:137} INFO - [2023-03-28T10:48:39.736-0400] {dag.py:3440} INFO - Setting next_dagrun for dataset_consumes_1_and_2 to None, run_after=None
[2023-03-28T10:48:39.736-0400] {logging_mixin.py:137} INFO - [2023-03-28T10:48:39.736-0400] {dag.py:3440} INFO - Setting next_dagrun for dataset_consumes_1_never_scheduled to None, run_after=None
[2023-03-28T10:48:39.737-0400] {logging_mixin.py:137} INFO - [2023-03-28T10:48:39.737-0400] {dag.py:3440} INFO - Setting next_dagrun for dataset_consumes_unknown_never_scheduled to None, run_after=None
[2023-03-28T10:48:39.738-0400] {logging_mixin.py:137} INFO - [2023-03-28T10:48:39.738-0400] {dag.py:3440} INFO - Setting next_dagrun for dataset_produces_1 to 2023-03-27T00:00:00+00:00, run_after=2023-03-28T00:00:00+00:00
[2023-03-28T10:48:39.738-0400] {logging_mixin.py:137} INFO - [2023-03-28T10:48:39.738-0400] {dag.py:3440} INFO - Setting next_dagrun for dataset_produces_2 to None, run_after=None
[2023-03-28T10:48:39.788-0400] {processor.py:175} INFO - Processing /Users/sunanda/Downloads/airflow/py_env/lib/python3.9/site-packages/airflow/example_dags/example_datasets.py took 0.842 seconds
[2023-03-28T10:52:50.106-0400] {processor.py:153} INFO - Started process (PID=96946) to work on /Users/sunanda/Downloads/airflow/py_env/lib/python3.9/site-packages/airflow/example_dags/example_datasets.py
[2023-03-28T10:52:50.111-0400] {processor.py:743} INFO - Processing file /Users/sunanda/Downloads/airflow/py_env/lib/python3.9/site-packages/airflow/example_dags/example_datasets.py for tasks to queue
[2023-03-28T10:52:50.111-0400] {logging_mixin.py:137} INFO - [2023-03-28T10:52:50.111-0400] {dagbag.py:532} INFO - Filling up the DagBag from /Users/sunanda/Downloads/airflow/py_env/lib/python3.9/site-packages/airflow/example_dags/example_datasets.py
[2023-03-28T10:52:50.125-0400] {processor.py:753} INFO - DAG(s) dict_keys(['dataset_consumes_1_never_scheduled', 'dataset_produces_1', 'dataset_produces_2', 'dataset_consumes_unknown_never_scheduled', 'dataset_consumes_1_and_2', 'dataset_consumes_1']) retrieved from /Users/sunanda/Downloads/airflow/py_env/lib/python3.9/site-packages/airflow/example_dags/example_datasets.py
[2023-03-28T10:52:50.720-0400] {logging_mixin.py:137} INFO - [2023-03-28T10:52:50.719-0400] {dag.py:2693} INFO - Sync 6 DAGs
[2023-03-28T10:52:50.740-0400] {logging_mixin.py:137} INFO - [2023-03-28T10:52:50.739-0400] {dag.py:3440} INFO - Setting next_dagrun for dataset_consumes_1 to None, run_after=None
[2023-03-28T10:52:50.742-0400] {logging_mixin.py:137} INFO - [2023-03-28T10:52:50.742-0400] {dag.py:3440} INFO - Setting next_dagrun for dataset_consumes_1_and_2 to None, run_after=None
[2023-03-28T10:52:50.742-0400] {logging_mixin.py:137} INFO - [2023-03-28T10:52:50.742-0400] {dag.py:3440} INFO - Setting next_dagrun for dataset_consumes_1_never_scheduled to None, run_after=None
[2023-03-28T10:52:50.743-0400] {logging_mixin.py:137} INFO - [2023-03-28T10:52:50.743-0400] {dag.py:3440} INFO - Setting next_dagrun for dataset_consumes_unknown_never_scheduled to None, run_after=None
[2023-03-28T10:52:50.744-0400] {logging_mixin.py:137} INFO - [2023-03-28T10:52:50.744-0400] {dag.py:3440} INFO - Setting next_dagrun for dataset_produces_1 to 2023-03-27T00:00:00+00:00, run_after=2023-03-28T00:00:00+00:00
[2023-03-28T10:52:50.745-0400] {logging_mixin.py:137} INFO - [2023-03-28T10:52:50.745-0400] {dag.py:3440} INFO - Setting next_dagrun for dataset_produces_2 to None, run_after=None
[2023-03-28T10:52:50.787-0400] {processor.py:175} INFO - Processing /Users/sunanda/Downloads/airflow/py_env/lib/python3.9/site-packages/airflow/example_dags/example_datasets.py took 0.682 seconds
[2023-03-28T10:56:17.301-0400] {processor.py:153} INFO - Started process (PID=97221) to work on /Users/sunanda/Downloads/airflow/py_env/lib/python3.9/site-packages/airflow/example_dags/example_datasets.py
[2023-03-28T10:56:17.304-0400] {processor.py:743} INFO - Processing file /Users/sunanda/Downloads/airflow/py_env/lib/python3.9/site-packages/airflow/example_dags/example_datasets.py for tasks to queue
[2023-03-28T10:56:17.304-0400] {logging_mixin.py:137} INFO - [2023-03-28T10:56:17.304-0400] {dagbag.py:532} INFO - Filling up the DagBag from /Users/sunanda/Downloads/airflow/py_env/lib/python3.9/site-packages/airflow/example_dags/example_datasets.py
[2023-03-28T10:56:17.322-0400] {processor.py:753} INFO - DAG(s) dict_keys(['dataset_produces_1', 'dataset_consumes_1_and_2', 'dataset_consumes_1_never_scheduled', 'dataset_consumes_unknown_never_scheduled', 'dataset_consumes_1', 'dataset_produces_2']) retrieved from /Users/sunanda/Downloads/airflow/py_env/lib/python3.9/site-packages/airflow/example_dags/example_datasets.py
[2023-03-28T10:56:17.893-0400] {logging_mixin.py:137} INFO - [2023-03-28T10:56:17.892-0400] {dag.py:2693} INFO - Sync 6 DAGs
[2023-03-28T10:56:17.906-0400] {logging_mixin.py:137} INFO - [2023-03-28T10:56:17.906-0400] {dag.py:3440} INFO - Setting next_dagrun for dataset_consumes_1 to None, run_after=None
[2023-03-28T10:56:17.908-0400] {logging_mixin.py:137} INFO - [2023-03-28T10:56:17.908-0400] {dag.py:3440} INFO - Setting next_dagrun for dataset_consumes_1_and_2 to None, run_after=None
[2023-03-28T10:56:17.909-0400] {logging_mixin.py:137} INFO - [2023-03-28T10:56:17.909-0400] {dag.py:3440} INFO - Setting next_dagrun for dataset_consumes_1_never_scheduled to None, run_after=None
[2023-03-28T10:56:17.909-0400] {logging_mixin.py:137} INFO - [2023-03-28T10:56:17.909-0400] {dag.py:3440} INFO - Setting next_dagrun for dataset_consumes_unknown_never_scheduled to None, run_after=None
[2023-03-28T10:56:17.915-0400] {logging_mixin.py:137} INFO - [2023-03-28T10:56:17.915-0400] {dag.py:3440} INFO - Setting next_dagrun for dataset_produces_1 to 2023-03-27T00:00:00+00:00, run_after=2023-03-28T00:00:00+00:00
[2023-03-28T10:56:17.916-0400] {logging_mixin.py:137} INFO - [2023-03-28T10:56:17.916-0400] {dag.py:3440} INFO - Setting next_dagrun for dataset_produces_2 to None, run_after=None
[2023-03-28T10:56:17.935-0400] {processor.py:175} INFO - Processing /Users/sunanda/Downloads/airflow/py_env/lib/python3.9/site-packages/airflow/example_dags/example_datasets.py took 0.634 seconds
[2023-03-28T11:00:02.434-0400] {processor.py:153} INFO - Started process (PID=97716) to work on /Users/sunanda/Downloads/airflow/py_env/lib/python3.9/site-packages/airflow/example_dags/example_datasets.py
[2023-03-28T11:00:02.438-0400] {processor.py:743} INFO - Processing file /Users/sunanda/Downloads/airflow/py_env/lib/python3.9/site-packages/airflow/example_dags/example_datasets.py for tasks to queue
[2023-03-28T11:00:02.438-0400] {logging_mixin.py:137} INFO - [2023-03-28T11:00:02.438-0400] {dagbag.py:532} INFO - Filling up the DagBag from /Users/sunanda/Downloads/airflow/py_env/lib/python3.9/site-packages/airflow/example_dags/example_datasets.py
[2023-03-28T11:00:02.452-0400] {processor.py:753} INFO - DAG(s) dict_keys(['dataset_produces_1', 'dataset_consumes_1_and_2', 'dataset_consumes_1_never_scheduled', 'dataset_produces_2', 'dataset_consumes_1', 'dataset_consumes_unknown_never_scheduled']) retrieved from /Users/sunanda/Downloads/airflow/py_env/lib/python3.9/site-packages/airflow/example_dags/example_datasets.py
[2023-03-28T11:00:03.007-0400] {logging_mixin.py:137} INFO - [2023-03-28T11:00:03.006-0400] {dag.py:2693} INFO - Sync 6 DAGs
[2023-03-28T11:00:03.025-0400] {logging_mixin.py:137} INFO - [2023-03-28T11:00:03.025-0400] {dag.py:3440} INFO - Setting next_dagrun for dataset_consumes_1 to None, run_after=None
[2023-03-28T11:00:03.026-0400] {logging_mixin.py:137} INFO - [2023-03-28T11:00:03.026-0400] {dag.py:3440} INFO - Setting next_dagrun for dataset_consumes_1_and_2 to None, run_after=None
[2023-03-28T11:00:03.027-0400] {logging_mixin.py:137} INFO - [2023-03-28T11:00:03.027-0400] {dag.py:3440} INFO - Setting next_dagrun for dataset_consumes_1_never_scheduled to None, run_after=None
[2023-03-28T11:00:03.027-0400] {logging_mixin.py:137} INFO - [2023-03-28T11:00:03.027-0400] {dag.py:3440} INFO - Setting next_dagrun for dataset_consumes_unknown_never_scheduled to None, run_after=None
[2023-03-28T11:00:03.028-0400] {logging_mixin.py:137} INFO - [2023-03-28T11:00:03.028-0400] {dag.py:3440} INFO - Setting next_dagrun for dataset_produces_1 to 2023-03-27T00:00:00+00:00, run_after=2023-03-28T00:00:00+00:00
[2023-03-28T11:00:03.028-0400] {logging_mixin.py:137} INFO - [2023-03-28T11:00:03.028-0400] {dag.py:3440} INFO - Setting next_dagrun for dataset_produces_2 to None, run_after=None
[2023-03-28T11:00:03.056-0400] {processor.py:175} INFO - Processing /Users/sunanda/Downloads/airflow/py_env/lib/python3.9/site-packages/airflow/example_dags/example_datasets.py took 0.622 seconds
[2023-03-28T11:03:41.206-0400] {processor.py:153} INFO - Started process (PID=98034) to work on /Users/sunanda/Downloads/airflow/py_env/lib/python3.9/site-packages/airflow/example_dags/example_datasets.py
[2023-03-28T11:03:41.215-0400] {processor.py:743} INFO - Processing file /Users/sunanda/Downloads/airflow/py_env/lib/python3.9/site-packages/airflow/example_dags/example_datasets.py for tasks to queue
[2023-03-28T11:03:41.215-0400] {logging_mixin.py:137} INFO - [2023-03-28T11:03:41.215-0400] {dagbag.py:532} INFO - Filling up the DagBag from /Users/sunanda/Downloads/airflow/py_env/lib/python3.9/site-packages/airflow/example_dags/example_datasets.py
[2023-03-28T11:03:41.232-0400] {processor.py:753} INFO - DAG(s) dict_keys(['dataset_produces_1', 'dataset_consumes_1_never_scheduled', 'dataset_consumes_1_and_2', 'dataset_produces_2', 'dataset_consumes_unknown_never_scheduled', 'dataset_consumes_1']) retrieved from /Users/sunanda/Downloads/airflow/py_env/lib/python3.9/site-packages/airflow/example_dags/example_datasets.py
[2023-03-28T11:03:41.935-0400] {logging_mixin.py:137} INFO - [2023-03-28T11:03:41.935-0400] {dag.py:2693} INFO - Sync 6 DAGs
[2023-03-28T11:03:41.942-0400] {logging_mixin.py:137} INFO - [2023-03-28T11:03:41.942-0400] {dag.py:3440} INFO - Setting next_dagrun for dataset_consumes_1 to None, run_after=None
[2023-03-28T11:03:41.943-0400] {logging_mixin.py:137} INFO - [2023-03-28T11:03:41.943-0400] {dag.py:3440} INFO - Setting next_dagrun for dataset_consumes_1_and_2 to None, run_after=None
[2023-03-28T11:03:41.943-0400] {logging_mixin.py:137} INFO - [2023-03-28T11:03:41.943-0400] {dag.py:3440} INFO - Setting next_dagrun for dataset_consumes_1_never_scheduled to None, run_after=None
[2023-03-28T11:03:41.945-0400] {logging_mixin.py:137} INFO - [2023-03-28T11:03:41.945-0400] {dag.py:3440} INFO - Setting next_dagrun for dataset_consumes_unknown_never_scheduled to None, run_after=None
[2023-03-28T11:03:41.947-0400] {logging_mixin.py:137} INFO - [2023-03-28T11:03:41.947-0400] {dag.py:3440} INFO - Setting next_dagrun for dataset_produces_1 to 2023-03-27T00:00:00+00:00, run_after=2023-03-28T00:00:00+00:00
[2023-03-28T11:03:41.948-0400] {logging_mixin.py:137} INFO - [2023-03-28T11:03:41.948-0400] {dag.py:3440} INFO - Setting next_dagrun for dataset_produces_2 to None, run_after=None
[2023-03-28T11:03:41.969-0400] {processor.py:175} INFO - Processing /Users/sunanda/Downloads/airflow/py_env/lib/python3.9/site-packages/airflow/example_dags/example_datasets.py took 0.770 seconds
[2023-03-28T11:07:22.020-0400] {processor.py:153} INFO - Started process (PID=98328) to work on /Users/sunanda/Downloads/airflow/py_env/lib/python3.9/site-packages/airflow/example_dags/example_datasets.py
[2023-03-28T11:07:22.032-0400] {processor.py:743} INFO - Processing file /Users/sunanda/Downloads/airflow/py_env/lib/python3.9/site-packages/airflow/example_dags/example_datasets.py for tasks to queue
[2023-03-28T11:07:22.032-0400] {logging_mixin.py:137} INFO - [2023-03-28T11:07:22.032-0400] {dagbag.py:532} INFO - Filling up the DagBag from /Users/sunanda/Downloads/airflow/py_env/lib/python3.9/site-packages/airflow/example_dags/example_datasets.py
[2023-03-28T11:07:22.048-0400] {processor.py:753} INFO - DAG(s) dict_keys(['dataset_consumes_1', 'dataset_consumes_1_and_2', 'dataset_consumes_unknown_never_scheduled', 'dataset_produces_1', 'dataset_consumes_1_never_scheduled', 'dataset_produces_2']) retrieved from /Users/sunanda/Downloads/airflow/py_env/lib/python3.9/site-packages/airflow/example_dags/example_datasets.py
[2023-03-28T11:07:22.583-0400] {logging_mixin.py:137} INFO - [2023-03-28T11:07:22.583-0400] {dag.py:2693} INFO - Sync 6 DAGs
[2023-03-28T11:07:22.600-0400] {logging_mixin.py:137} INFO - [2023-03-28T11:07:22.600-0400] {dag.py:3440} INFO - Setting next_dagrun for dataset_consumes_1 to None, run_after=None
[2023-03-28T11:07:22.603-0400] {logging_mixin.py:137} INFO - [2023-03-28T11:07:22.603-0400] {dag.py:3440} INFO - Setting next_dagrun for dataset_consumes_1_and_2 to None, run_after=None
[2023-03-28T11:07:22.603-0400] {logging_mixin.py:137} INFO - [2023-03-28T11:07:22.603-0400] {dag.py:3440} INFO - Setting next_dagrun for dataset_consumes_1_never_scheduled to None, run_after=None
[2023-03-28T11:07:22.604-0400] {logging_mixin.py:137} INFO - [2023-03-28T11:07:22.604-0400] {dag.py:3440} INFO - Setting next_dagrun for dataset_consumes_unknown_never_scheduled to None, run_after=None
[2023-03-28T11:07:22.605-0400] {logging_mixin.py:137} INFO - [2023-03-28T11:07:22.605-0400] {dag.py:3440} INFO - Setting next_dagrun for dataset_produces_1 to 2023-03-27T00:00:00+00:00, run_after=2023-03-28T00:00:00+00:00
[2023-03-28T11:07:22.606-0400] {logging_mixin.py:137} INFO - [2023-03-28T11:07:22.606-0400] {dag.py:3440} INFO - Setting next_dagrun for dataset_produces_2 to None, run_after=None
[2023-03-28T11:07:22.630-0400] {processor.py:175} INFO - Processing /Users/sunanda/Downloads/airflow/py_env/lib/python3.9/site-packages/airflow/example_dags/example_datasets.py took 0.611 seconds
[2023-03-28T11:11:26.371-0400] {processor.py:153} INFO - Started process (PID=98662) to work on /Users/sunanda/Downloads/airflow/py_env/lib/python3.9/site-packages/airflow/example_dags/example_datasets.py
[2023-03-28T11:11:26.379-0400] {processor.py:743} INFO - Processing file /Users/sunanda/Downloads/airflow/py_env/lib/python3.9/site-packages/airflow/example_dags/example_datasets.py for tasks to queue
[2023-03-28T11:11:26.379-0400] {logging_mixin.py:137} INFO - [2023-03-28T11:11:26.379-0400] {dagbag.py:532} INFO - Filling up the DagBag from /Users/sunanda/Downloads/airflow/py_env/lib/python3.9/site-packages/airflow/example_dags/example_datasets.py
[2023-03-28T11:11:26.409-0400] {processor.py:753} INFO - DAG(s) dict_keys(['dataset_consumes_1', 'dataset_consumes_unknown_never_scheduled', 'dataset_consumes_1_and_2', 'dataset_produces_1', 'dataset_consumes_1_never_scheduled', 'dataset_produces_2']) retrieved from /Users/sunanda/Downloads/airflow/py_env/lib/python3.9/site-packages/airflow/example_dags/example_datasets.py
[2023-03-28T11:11:26.953-0400] {logging_mixin.py:137} INFO - [2023-03-28T11:11:26.953-0400] {dag.py:2693} INFO - Sync 6 DAGs
[2023-03-28T11:11:26.975-0400] {logging_mixin.py:137} INFO - [2023-03-28T11:11:26.975-0400] {dag.py:3440} INFO - Setting next_dagrun for dataset_consumes_1 to None, run_after=None
[2023-03-28T11:11:26.977-0400] {logging_mixin.py:137} INFO - [2023-03-28T11:11:26.977-0400] {dag.py:3440} INFO - Setting next_dagrun for dataset_consumes_1_and_2 to None, run_after=None
[2023-03-28T11:11:26.978-0400] {logging_mixin.py:137} INFO - [2023-03-28T11:11:26.978-0400] {dag.py:3440} INFO - Setting next_dagrun for dataset_consumes_1_never_scheduled to None, run_after=None
[2023-03-28T11:11:26.978-0400] {logging_mixin.py:137} INFO - [2023-03-28T11:11:26.978-0400] {dag.py:3440} INFO - Setting next_dagrun for dataset_consumes_unknown_never_scheduled to None, run_after=None
[2023-03-28T11:11:26.981-0400] {logging_mixin.py:137} INFO - [2023-03-28T11:11:26.981-0400] {dag.py:3440} INFO - Setting next_dagrun for dataset_produces_1 to 2023-03-27T00:00:00+00:00, run_after=2023-03-28T00:00:00+00:00
[2023-03-28T11:11:26.981-0400] {logging_mixin.py:137} INFO - [2023-03-28T11:11:26.981-0400] {dag.py:3440} INFO - Setting next_dagrun for dataset_produces_2 to None, run_after=None
[2023-03-28T11:11:27.018-0400] {processor.py:175} INFO - Processing /Users/sunanda/Downloads/airflow/py_env/lib/python3.9/site-packages/airflow/example_dags/example_datasets.py took 0.647 seconds
[2023-03-28T11:15:15.920-0400] {processor.py:153} INFO - Started process (PID=98959) to work on /Users/sunanda/Downloads/airflow/py_env/lib/python3.9/site-packages/airflow/example_dags/example_datasets.py
[2023-03-28T11:15:15.924-0400] {processor.py:743} INFO - Processing file /Users/sunanda/Downloads/airflow/py_env/lib/python3.9/site-packages/airflow/example_dags/example_datasets.py for tasks to queue
[2023-03-28T11:15:15.924-0400] {logging_mixin.py:137} INFO - [2023-03-28T11:15:15.924-0400] {dagbag.py:532} INFO - Filling up the DagBag from /Users/sunanda/Downloads/airflow/py_env/lib/python3.9/site-packages/airflow/example_dags/example_datasets.py
[2023-03-28T11:15:15.936-0400] {processor.py:753} INFO - DAG(s) dict_keys(['dataset_produces_2', 'dataset_produces_1', 'dataset_consumes_1_and_2', 'dataset_consumes_1', 'dataset_consumes_1_never_scheduled', 'dataset_consumes_unknown_never_scheduled']) retrieved from /Users/sunanda/Downloads/airflow/py_env/lib/python3.9/site-packages/airflow/example_dags/example_datasets.py
[2023-03-28T11:15:16.563-0400] {logging_mixin.py:137} INFO - [2023-03-28T11:15:16.562-0400] {dag.py:2693} INFO - Sync 6 DAGs
[2023-03-28T11:15:16.590-0400] {logging_mixin.py:137} INFO - [2023-03-28T11:15:16.590-0400] {dag.py:3440} INFO - Setting next_dagrun for dataset_consumes_1 to None, run_after=None
[2023-03-28T11:15:16.593-0400] {logging_mixin.py:137} INFO - [2023-03-28T11:15:16.593-0400] {dag.py:3440} INFO - Setting next_dagrun for dataset_consumes_1_and_2 to None, run_after=None
[2023-03-28T11:15:16.594-0400] {logging_mixin.py:137} INFO - [2023-03-28T11:15:16.594-0400] {dag.py:3440} INFO - Setting next_dagrun for dataset_consumes_1_never_scheduled to None, run_after=None
[2023-03-28T11:15:16.594-0400] {logging_mixin.py:137} INFO - [2023-03-28T11:15:16.594-0400] {dag.py:3440} INFO - Setting next_dagrun for dataset_consumes_unknown_never_scheduled to None, run_after=None
[2023-03-28T11:15:16.596-0400] {logging_mixin.py:137} INFO - [2023-03-28T11:15:16.596-0400] {dag.py:3440} INFO - Setting next_dagrun for dataset_produces_1 to 2023-03-27T00:00:00+00:00, run_after=2023-03-28T00:00:00+00:00
[2023-03-28T11:15:16.597-0400] {logging_mixin.py:137} INFO - [2023-03-28T11:15:16.597-0400] {dag.py:3440} INFO - Setting next_dagrun for dataset_produces_2 to None, run_after=None
[2023-03-28T11:15:16.625-0400] {processor.py:175} INFO - Processing /Users/sunanda/Downloads/airflow/py_env/lib/python3.9/site-packages/airflow/example_dags/example_datasets.py took 0.705 seconds
[2023-03-28T11:19:09.760-0400] {processor.py:153} INFO - Started process (PID=99260) to work on /Users/sunanda/Downloads/airflow/py_env/lib/python3.9/site-packages/airflow/example_dags/example_datasets.py
[2023-03-28T11:19:09.766-0400] {processor.py:743} INFO - Processing file /Users/sunanda/Downloads/airflow/py_env/lib/python3.9/site-packages/airflow/example_dags/example_datasets.py for tasks to queue
[2023-03-28T11:19:09.767-0400] {logging_mixin.py:137} INFO - [2023-03-28T11:19:09.766-0400] {dagbag.py:532} INFO - Filling up the DagBag from /Users/sunanda/Downloads/airflow/py_env/lib/python3.9/site-packages/airflow/example_dags/example_datasets.py
[2023-03-28T11:19:09.805-0400] {processor.py:753} INFO - DAG(s) dict_keys(['dataset_consumes_1', 'dataset_consumes_1_and_2', 'dataset_consumes_unknown_never_scheduled', 'dataset_consumes_1_never_scheduled', 'dataset_produces_2', 'dataset_produces_1']) retrieved from /Users/sunanda/Downloads/airflow/py_env/lib/python3.9/site-packages/airflow/example_dags/example_datasets.py
[2023-03-28T11:19:10.394-0400] {logging_mixin.py:137} INFO - [2023-03-28T11:19:10.393-0400] {dag.py:2693} INFO - Sync 6 DAGs
[2023-03-28T11:19:10.417-0400] {logging_mixin.py:137} INFO - [2023-03-28T11:19:10.417-0400] {dag.py:3440} INFO - Setting next_dagrun for dataset_consumes_1 to None, run_after=None
[2023-03-28T11:19:10.419-0400] {logging_mixin.py:137} INFO - [2023-03-28T11:19:10.419-0400] {dag.py:3440} INFO - Setting next_dagrun for dataset_consumes_1_and_2 to None, run_after=None
[2023-03-28T11:19:10.420-0400] {logging_mixin.py:137} INFO - [2023-03-28T11:19:10.420-0400] {dag.py:3440} INFO - Setting next_dagrun for dataset_consumes_1_never_scheduled to None, run_after=None
[2023-03-28T11:19:10.420-0400] {logging_mixin.py:137} INFO - [2023-03-28T11:19:10.420-0400] {dag.py:3440} INFO - Setting next_dagrun for dataset_consumes_unknown_never_scheduled to None, run_after=None
[2023-03-28T11:19:10.422-0400] {logging_mixin.py:137} INFO - [2023-03-28T11:19:10.422-0400] {dag.py:3440} INFO - Setting next_dagrun for dataset_produces_1 to 2023-03-27T00:00:00+00:00, run_after=2023-03-28T00:00:00+00:00
[2023-03-28T11:19:10.423-0400] {logging_mixin.py:137} INFO - [2023-03-28T11:19:10.423-0400] {dag.py:3440} INFO - Setting next_dagrun for dataset_produces_2 to None, run_after=None
[2023-03-28T11:19:10.450-0400] {processor.py:175} INFO - Processing /Users/sunanda/Downloads/airflow/py_env/lib/python3.9/site-packages/airflow/example_dags/example_datasets.py took 0.693 seconds
[2023-03-28T11:22:59.262-0400] {processor.py:153} INFO - Started process (PID=99549) to work on /Users/sunanda/Downloads/airflow/py_env/lib/python3.9/site-packages/airflow/example_dags/example_datasets.py
[2023-03-28T11:22:59.278-0400] {processor.py:743} INFO - Processing file /Users/sunanda/Downloads/airflow/py_env/lib/python3.9/site-packages/airflow/example_dags/example_datasets.py for tasks to queue
[2023-03-28T11:22:59.278-0400] {logging_mixin.py:137} INFO - [2023-03-28T11:22:59.278-0400] {dagbag.py:532} INFO - Filling up the DagBag from /Users/sunanda/Downloads/airflow/py_env/lib/python3.9/site-packages/airflow/example_dags/example_datasets.py
[2023-03-28T11:22:59.290-0400] {processor.py:753} INFO - DAG(s) dict_keys(['dataset_produces_1', 'dataset_consumes_1_never_scheduled', 'dataset_produces_2', 'dataset_consumes_unknown_never_scheduled', 'dataset_consumes_1', 'dataset_consumes_1_and_2']) retrieved from /Users/sunanda/Downloads/airflow/py_env/lib/python3.9/site-packages/airflow/example_dags/example_datasets.py
[2023-03-28T11:22:59.750-0400] {logging_mixin.py:137} INFO - [2023-03-28T11:22:59.749-0400] {dag.py:2693} INFO - Sync 6 DAGs
[2023-03-28T11:22:59.764-0400] {logging_mixin.py:137} INFO - [2023-03-28T11:22:59.764-0400] {dag.py:3440} INFO - Setting next_dagrun for dataset_consumes_1 to None, run_after=None
[2023-03-28T11:22:59.770-0400] {logging_mixin.py:137} INFO - [2023-03-28T11:22:59.770-0400] {dag.py:3440} INFO - Setting next_dagrun for dataset_consumes_1_and_2 to None, run_after=None
[2023-03-28T11:22:59.771-0400] {logging_mixin.py:137} INFO - [2023-03-28T11:22:59.771-0400] {dag.py:3440} INFO - Setting next_dagrun for dataset_consumes_1_never_scheduled to None, run_after=None
[2023-03-28T11:22:59.772-0400] {logging_mixin.py:137} INFO - [2023-03-28T11:22:59.771-0400] {dag.py:3440} INFO - Setting next_dagrun for dataset_consumes_unknown_never_scheduled to None, run_after=None
[2023-03-28T11:22:59.773-0400] {logging_mixin.py:137} INFO - [2023-03-28T11:22:59.773-0400] {dag.py:3440} INFO - Setting next_dagrun for dataset_produces_1 to 2023-03-27T00:00:00+00:00, run_after=2023-03-28T00:00:00+00:00
[2023-03-28T11:22:59.774-0400] {logging_mixin.py:137} INFO - [2023-03-28T11:22:59.774-0400] {dag.py:3440} INFO - Setting next_dagrun for dataset_produces_2 to None, run_after=None
[2023-03-28T11:22:59.797-0400] {processor.py:175} INFO - Processing /Users/sunanda/Downloads/airflow/py_env/lib/python3.9/site-packages/airflow/example_dags/example_datasets.py took 0.537 seconds
[2023-03-28T11:26:55.324-0400] {processor.py:153} INFO - Started process (PID=99852) to work on /Users/sunanda/Downloads/airflow/py_env/lib/python3.9/site-packages/airflow/example_dags/example_datasets.py
[2023-03-28T11:26:55.331-0400] {processor.py:743} INFO - Processing file /Users/sunanda/Downloads/airflow/py_env/lib/python3.9/site-packages/airflow/example_dags/example_datasets.py for tasks to queue
[2023-03-28T11:26:55.332-0400] {logging_mixin.py:137} INFO - [2023-03-28T11:26:55.332-0400] {dagbag.py:532} INFO - Filling up the DagBag from /Users/sunanda/Downloads/airflow/py_env/lib/python3.9/site-packages/airflow/example_dags/example_datasets.py
[2023-03-28T11:26:55.348-0400] {processor.py:753} INFO - DAG(s) dict_keys(['dataset_consumes_1_and_2', 'dataset_produces_1', 'dataset_consumes_1_never_scheduled', 'dataset_consumes_unknown_never_scheduled', 'dataset_produces_2', 'dataset_consumes_1']) retrieved from /Users/sunanda/Downloads/airflow/py_env/lib/python3.9/site-packages/airflow/example_dags/example_datasets.py
[2023-03-28T11:26:56.051-0400] {logging_mixin.py:137} INFO - [2023-03-28T11:26:56.050-0400] {dag.py:2693} INFO - Sync 6 DAGs
[2023-03-28T11:26:56.070-0400] {logging_mixin.py:137} INFO - [2023-03-28T11:26:56.070-0400] {dag.py:3440} INFO - Setting next_dagrun for dataset_consumes_1 to None, run_after=None
[2023-03-28T11:26:56.071-0400] {logging_mixin.py:137} INFO - [2023-03-28T11:26:56.071-0400] {dag.py:3440} INFO - Setting next_dagrun for dataset_consumes_1_and_2 to None, run_after=None
[2023-03-28T11:26:56.071-0400] {logging_mixin.py:137} INFO - [2023-03-28T11:26:56.071-0400] {dag.py:3440} INFO - Setting next_dagrun for dataset_consumes_1_never_scheduled to None, run_after=None
[2023-03-28T11:26:56.071-0400] {logging_mixin.py:137} INFO - [2023-03-28T11:26:56.071-0400] {dag.py:3440} INFO - Setting next_dagrun for dataset_consumes_unknown_never_scheduled to None, run_after=None
[2023-03-28T11:26:56.072-0400] {logging_mixin.py:137} INFO - [2023-03-28T11:26:56.072-0400] {dag.py:3440} INFO - Setting next_dagrun for dataset_produces_1 to 2023-03-27T00:00:00+00:00, run_after=2023-03-28T00:00:00+00:00
[2023-03-28T11:26:56.073-0400] {logging_mixin.py:137} INFO - [2023-03-28T11:26:56.073-0400] {dag.py:3440} INFO - Setting next_dagrun for dataset_produces_2 to None, run_after=None
[2023-03-28T11:26:56.098-0400] {processor.py:175} INFO - Processing /Users/sunanda/Downloads/airflow/py_env/lib/python3.9/site-packages/airflow/example_dags/example_datasets.py took 0.775 seconds
[2023-03-28T11:37:57.472-0400] {processor.py:153} INFO - Started process (PID=394) to work on /Users/sunanda/Downloads/airflow/py_env/lib/python3.9/site-packages/airflow/example_dags/example_datasets.py
[2023-03-28T11:37:57.482-0400] {processor.py:743} INFO - Processing file /Users/sunanda/Downloads/airflow/py_env/lib/python3.9/site-packages/airflow/example_dags/example_datasets.py for tasks to queue
[2023-03-28T11:37:57.482-0400] {logging_mixin.py:137} INFO - [2023-03-28T11:37:57.482-0400] {dagbag.py:532} INFO - Filling up the DagBag from /Users/sunanda/Downloads/airflow/py_env/lib/python3.9/site-packages/airflow/example_dags/example_datasets.py
[2023-03-28T11:37:57.500-0400] {processor.py:753} INFO - DAG(s) dict_keys(['dataset_consumes_1', 'dataset_produces_1', 'dataset_consumes_1_and_2', 'dataset_consumes_1_never_scheduled', 'dataset_consumes_unknown_never_scheduled', 'dataset_produces_2']) retrieved from /Users/sunanda/Downloads/airflow/py_env/lib/python3.9/site-packages/airflow/example_dags/example_datasets.py
[2023-03-28T11:37:58.095-0400] {logging_mixin.py:137} INFO - [2023-03-28T11:37:58.095-0400] {dag.py:2693} INFO - Sync 6 DAGs
[2023-03-28T11:37:58.107-0400] {logging_mixin.py:137} INFO - [2023-03-28T11:37:58.107-0400] {dag.py:3440} INFO - Setting next_dagrun for dataset_consumes_1 to None, run_after=None
[2023-03-28T11:37:58.108-0400] {logging_mixin.py:137} INFO - [2023-03-28T11:37:58.108-0400] {dag.py:3440} INFO - Setting next_dagrun for dataset_consumes_1_and_2 to None, run_after=None
[2023-03-28T11:37:58.108-0400] {logging_mixin.py:137} INFO - [2023-03-28T11:37:58.108-0400] {dag.py:3440} INFO - Setting next_dagrun for dataset_consumes_1_never_scheduled to None, run_after=None
[2023-03-28T11:37:58.109-0400] {logging_mixin.py:137} INFO - [2023-03-28T11:37:58.109-0400] {dag.py:3440} INFO - Setting next_dagrun for dataset_consumes_unknown_never_scheduled to None, run_after=None
[2023-03-28T11:37:58.109-0400] {logging_mixin.py:137} INFO - [2023-03-28T11:37:58.109-0400] {dag.py:3440} INFO - Setting next_dagrun for dataset_produces_1 to 2023-03-27T00:00:00+00:00, run_after=2023-03-28T00:00:00+00:00
[2023-03-28T11:37:58.110-0400] {logging_mixin.py:137} INFO - [2023-03-28T11:37:58.110-0400] {dag.py:3440} INFO - Setting next_dagrun for dataset_produces_2 to None, run_after=None
[2023-03-28T11:37:58.143-0400] {processor.py:175} INFO - Processing /Users/sunanda/Downloads/airflow/py_env/lib/python3.9/site-packages/airflow/example_dags/example_datasets.py took 0.671 seconds
[2023-03-28T11:41:49.848-0400] {processor.py:153} INFO - Started process (PID=805) to work on /Users/sunanda/Downloads/airflow/py_env/lib/python3.9/site-packages/airflow/example_dags/example_datasets.py
[2023-03-28T11:41:49.851-0400] {processor.py:743} INFO - Processing file /Users/sunanda/Downloads/airflow/py_env/lib/python3.9/site-packages/airflow/example_dags/example_datasets.py for tasks to queue
[2023-03-28T11:41:49.851-0400] {logging_mixin.py:137} INFO - [2023-03-28T11:41:49.851-0400] {dagbag.py:532} INFO - Filling up the DagBag from /Users/sunanda/Downloads/airflow/py_env/lib/python3.9/site-packages/airflow/example_dags/example_datasets.py
[2023-03-28T11:41:49.868-0400] {processor.py:753} INFO - DAG(s) dict_keys(['dataset_consumes_1_never_scheduled', 'dataset_produces_1', 'dataset_produces_2', 'dataset_consumes_1', 'dataset_consumes_unknown_never_scheduled', 'dataset_consumes_1_and_2']) retrieved from /Users/sunanda/Downloads/airflow/py_env/lib/python3.9/site-packages/airflow/example_dags/example_datasets.py
[2023-03-28T11:41:50.491-0400] {logging_mixin.py:137} INFO - [2023-03-28T11:41:50.490-0400] {dag.py:2693} INFO - Sync 6 DAGs
[2023-03-28T11:41:50.505-0400] {logging_mixin.py:137} INFO - [2023-03-28T11:41:50.504-0400] {dag.py:3440} INFO - Setting next_dagrun for dataset_consumes_1 to None, run_after=None
[2023-03-28T11:41:50.508-0400] {logging_mixin.py:137} INFO - [2023-03-28T11:41:50.508-0400] {dag.py:3440} INFO - Setting next_dagrun for dataset_consumes_1_and_2 to None, run_after=None
[2023-03-28T11:41:50.508-0400] {logging_mixin.py:137} INFO - [2023-03-28T11:41:50.508-0400] {dag.py:3440} INFO - Setting next_dagrun for dataset_consumes_1_never_scheduled to None, run_after=None
[2023-03-28T11:41:50.509-0400] {logging_mixin.py:137} INFO - [2023-03-28T11:41:50.509-0400] {dag.py:3440} INFO - Setting next_dagrun for dataset_consumes_unknown_never_scheduled to None, run_after=None
[2023-03-28T11:41:50.514-0400] {logging_mixin.py:137} INFO - [2023-03-28T11:41:50.514-0400] {dag.py:3440} INFO - Setting next_dagrun for dataset_produces_1 to 2023-03-27T00:00:00+00:00, run_after=2023-03-28T00:00:00+00:00
[2023-03-28T11:41:50.514-0400] {logging_mixin.py:137} INFO - [2023-03-28T11:41:50.514-0400] {dag.py:3440} INFO - Setting next_dagrun for dataset_produces_2 to None, run_after=None
[2023-03-28T11:41:50.568-0400] {processor.py:175} INFO - Processing /Users/sunanda/Downloads/airflow/py_env/lib/python3.9/site-packages/airflow/example_dags/example_datasets.py took 0.721 seconds
[2023-03-28T11:45:35.082-0400] {processor.py:153} INFO - Started process (PID=1103) to work on /Users/sunanda/Downloads/airflow/py_env/lib/python3.9/site-packages/airflow/example_dags/example_datasets.py
[2023-03-28T11:45:35.131-0400] {processor.py:743} INFO - Processing file /Users/sunanda/Downloads/airflow/py_env/lib/python3.9/site-packages/airflow/example_dags/example_datasets.py for tasks to queue
[2023-03-28T11:45:35.131-0400] {logging_mixin.py:137} INFO - [2023-03-28T11:45:35.131-0400] {dagbag.py:532} INFO - Filling up the DagBag from /Users/sunanda/Downloads/airflow/py_env/lib/python3.9/site-packages/airflow/example_dags/example_datasets.py
[2023-03-28T11:45:35.144-0400] {processor.py:753} INFO - DAG(s) dict_keys(['dataset_produces_1', 'dataset_produces_2', 'dataset_consumes_1_never_scheduled', 'dataset_consumes_unknown_never_scheduled', 'dataset_consumes_1', 'dataset_consumes_1_and_2']) retrieved from /Users/sunanda/Downloads/airflow/py_env/lib/python3.9/site-packages/airflow/example_dags/example_datasets.py
[2023-03-28T11:45:35.748-0400] {logging_mixin.py:137} INFO - [2023-03-28T11:45:35.748-0400] {dag.py:2693} INFO - Sync 6 DAGs
[2023-03-28T11:45:35.789-0400] {logging_mixin.py:137} INFO - [2023-03-28T11:45:35.789-0400] {dag.py:3440} INFO - Setting next_dagrun for dataset_consumes_1 to None, run_after=None
[2023-03-28T11:45:35.791-0400] {logging_mixin.py:137} INFO - [2023-03-28T11:45:35.791-0400] {dag.py:3440} INFO - Setting next_dagrun for dataset_consumes_1_and_2 to None, run_after=None
[2023-03-28T11:45:35.792-0400] {logging_mixin.py:137} INFO - [2023-03-28T11:45:35.792-0400] {dag.py:3440} INFO - Setting next_dagrun for dataset_consumes_1_never_scheduled to None, run_after=None
[2023-03-28T11:45:35.793-0400] {logging_mixin.py:137} INFO - [2023-03-28T11:45:35.792-0400] {dag.py:3440} INFO - Setting next_dagrun for dataset_consumes_unknown_never_scheduled to None, run_after=None
[2023-03-28T11:45:35.794-0400] {logging_mixin.py:137} INFO - [2023-03-28T11:45:35.794-0400] {dag.py:3440} INFO - Setting next_dagrun for dataset_produces_1 to 2023-03-27T00:00:00+00:00, run_after=2023-03-28T00:00:00+00:00
[2023-03-28T11:45:35.795-0400] {logging_mixin.py:137} INFO - [2023-03-28T11:45:35.795-0400] {dag.py:3440} INFO - Setting next_dagrun for dataset_produces_2 to None, run_after=None
[2023-03-28T11:45:35.818-0400] {processor.py:175} INFO - Processing /Users/sunanda/Downloads/airflow/py_env/lib/python3.9/site-packages/airflow/example_dags/example_datasets.py took 0.742 seconds
[2023-03-28T11:49:21.045-0400] {processor.py:153} INFO - Started process (PID=1436) to work on /Users/sunanda/Downloads/airflow/py_env/lib/python3.9/site-packages/airflow/example_dags/example_datasets.py
[2023-03-28T11:49:21.054-0400] {processor.py:743} INFO - Processing file /Users/sunanda/Downloads/airflow/py_env/lib/python3.9/site-packages/airflow/example_dags/example_datasets.py for tasks to queue
[2023-03-28T11:49:21.055-0400] {logging_mixin.py:137} INFO - [2023-03-28T11:49:21.055-0400] {dagbag.py:532} INFO - Filling up the DagBag from /Users/sunanda/Downloads/airflow/py_env/lib/python3.9/site-packages/airflow/example_dags/example_datasets.py
[2023-03-28T11:49:21.112-0400] {processor.py:753} INFO - DAG(s) dict_keys(['dataset_consumes_1', 'dataset_consumes_1_never_scheduled', 'dataset_consumes_unknown_never_scheduled', 'dataset_produces_2', 'dataset_produces_1', 'dataset_consumes_1_and_2']) retrieved from /Users/sunanda/Downloads/airflow/py_env/lib/python3.9/site-packages/airflow/example_dags/example_datasets.py
[2023-03-28T11:49:21.716-0400] {logging_mixin.py:137} INFO - [2023-03-28T11:49:21.708-0400] {dag.py:2693} INFO - Sync 6 DAGs
[2023-03-28T11:49:21.734-0400] {logging_mixin.py:137} INFO - [2023-03-28T11:49:21.734-0400] {dag.py:3440} INFO - Setting next_dagrun for dataset_consumes_1 to None, run_after=None
[2023-03-28T11:49:21.735-0400] {logging_mixin.py:137} INFO - [2023-03-28T11:49:21.735-0400] {dag.py:3440} INFO - Setting next_dagrun for dataset_consumes_1_and_2 to None, run_after=None
[2023-03-28T11:49:21.736-0400] {logging_mixin.py:137} INFO - [2023-03-28T11:49:21.736-0400] {dag.py:3440} INFO - Setting next_dagrun for dataset_consumes_1_never_scheduled to None, run_after=None
[2023-03-28T11:49:21.736-0400] {logging_mixin.py:137} INFO - [2023-03-28T11:49:21.736-0400] {dag.py:3440} INFO - Setting next_dagrun for dataset_consumes_unknown_never_scheduled to None, run_after=None
[2023-03-28T11:49:21.737-0400] {logging_mixin.py:137} INFO - [2023-03-28T11:49:21.737-0400] {dag.py:3440} INFO - Setting next_dagrun for dataset_produces_1 to 2023-03-27T00:00:00+00:00, run_after=2023-03-28T00:00:00+00:00
[2023-03-28T11:49:21.737-0400] {logging_mixin.py:137} INFO - [2023-03-28T11:49:21.737-0400] {dag.py:3440} INFO - Setting next_dagrun for dataset_produces_2 to None, run_after=None
[2023-03-28T11:49:21.755-0400] {processor.py:175} INFO - Processing /Users/sunanda/Downloads/airflow/py_env/lib/python3.9/site-packages/airflow/example_dags/example_datasets.py took 0.712 seconds
[2023-03-28T11:53:42.128-0400] {processor.py:153} INFO - Started process (PID=1841) to work on /Users/sunanda/Downloads/airflow/py_env/lib/python3.9/site-packages/airflow/example_dags/example_datasets.py
[2023-03-28T11:53:42.132-0400] {processor.py:743} INFO - Processing file /Users/sunanda/Downloads/airflow/py_env/lib/python3.9/site-packages/airflow/example_dags/example_datasets.py for tasks to queue
[2023-03-28T11:53:42.133-0400] {logging_mixin.py:137} INFO - [2023-03-28T11:53:42.133-0400] {dagbag.py:532} INFO - Filling up the DagBag from /Users/sunanda/Downloads/airflow/py_env/lib/python3.9/site-packages/airflow/example_dags/example_datasets.py
[2023-03-28T11:53:42.157-0400] {processor.py:753} INFO - DAG(s) dict_keys(['dataset_consumes_1', 'dataset_consumes_1_and_2', 'dataset_produces_1', 'dataset_consumes_unknown_never_scheduled', 'dataset_consumes_1_never_scheduled', 'dataset_produces_2']) retrieved from /Users/sunanda/Downloads/airflow/py_env/lib/python3.9/site-packages/airflow/example_dags/example_datasets.py
[2023-03-28T11:53:42.968-0400] {logging_mixin.py:137} INFO - [2023-03-28T11:53:42.968-0400] {dag.py:2693} INFO - Sync 6 DAGs
[2023-03-28T11:53:42.991-0400] {logging_mixin.py:137} INFO - [2023-03-28T11:53:42.991-0400] {dag.py:3440} INFO - Setting next_dagrun for dataset_consumes_1 to None, run_after=None
[2023-03-28T11:53:42.992-0400] {logging_mixin.py:137} INFO - [2023-03-28T11:53:42.992-0400] {dag.py:3440} INFO - Setting next_dagrun for dataset_consumes_1_and_2 to None, run_after=None
[2023-03-28T11:53:42.993-0400] {logging_mixin.py:137} INFO - [2023-03-28T11:53:42.993-0400] {dag.py:3440} INFO - Setting next_dagrun for dataset_consumes_1_never_scheduled to None, run_after=None
[2023-03-28T11:53:42.994-0400] {logging_mixin.py:137} INFO - [2023-03-28T11:53:42.994-0400] {dag.py:3440} INFO - Setting next_dagrun for dataset_consumes_unknown_never_scheduled to None, run_after=None
[2023-03-28T11:53:42.997-0400] {logging_mixin.py:137} INFO - [2023-03-28T11:53:42.997-0400] {dag.py:3440} INFO - Setting next_dagrun for dataset_produces_1 to 2023-03-27T00:00:00+00:00, run_after=2023-03-28T00:00:00+00:00
[2023-03-28T11:53:42.998-0400] {logging_mixin.py:137} INFO - [2023-03-28T11:53:42.998-0400] {dag.py:3440} INFO - Setting next_dagrun for dataset_produces_2 to None, run_after=None
[2023-03-28T11:53:43.024-0400] {processor.py:175} INFO - Processing /Users/sunanda/Downloads/airflow/py_env/lib/python3.9/site-packages/airflow/example_dags/example_datasets.py took 0.902 seconds
[2023-03-28T11:57:37.942-0400] {processor.py:153} INFO - Started process (PID=2149) to work on /Users/sunanda/Downloads/airflow/py_env/lib/python3.9/site-packages/airflow/example_dags/example_datasets.py
[2023-03-28T11:57:37.945-0400] {processor.py:743} INFO - Processing file /Users/sunanda/Downloads/airflow/py_env/lib/python3.9/site-packages/airflow/example_dags/example_datasets.py for tasks to queue
[2023-03-28T11:57:37.945-0400] {logging_mixin.py:137} INFO - [2023-03-28T11:57:37.945-0400] {dagbag.py:532} INFO - Filling up the DagBag from /Users/sunanda/Downloads/airflow/py_env/lib/python3.9/site-packages/airflow/example_dags/example_datasets.py
[2023-03-28T11:57:37.963-0400] {processor.py:753} INFO - DAG(s) dict_keys(['dataset_consumes_unknown_never_scheduled', 'dataset_produces_2', 'dataset_produces_1', 'dataset_consumes_1_never_scheduled', 'dataset_consumes_1_and_2', 'dataset_consumes_1']) retrieved from /Users/sunanda/Downloads/airflow/py_env/lib/python3.9/site-packages/airflow/example_dags/example_datasets.py
[2023-03-28T11:57:38.584-0400] {logging_mixin.py:137} INFO - [2023-03-28T11:57:38.580-0400] {dag.py:2693} INFO - Sync 6 DAGs
[2023-03-28T11:57:38.599-0400] {logging_mixin.py:137} INFO - [2023-03-28T11:57:38.599-0400] {dag.py:3440} INFO - Setting next_dagrun for dataset_consumes_1 to None, run_after=None
[2023-03-28T11:57:38.602-0400] {logging_mixin.py:137} INFO - [2023-03-28T11:57:38.601-0400] {dag.py:3440} INFO - Setting next_dagrun for dataset_consumes_1_and_2 to None, run_after=None
[2023-03-28T11:57:38.602-0400] {logging_mixin.py:137} INFO - [2023-03-28T11:57:38.602-0400] {dag.py:3440} INFO - Setting next_dagrun for dataset_consumes_1_never_scheduled to None, run_after=None
[2023-03-28T11:57:38.603-0400] {logging_mixin.py:137} INFO - [2023-03-28T11:57:38.603-0400] {dag.py:3440} INFO - Setting next_dagrun for dataset_consumes_unknown_never_scheduled to None, run_after=None
[2023-03-28T11:57:38.605-0400] {logging_mixin.py:137} INFO - [2023-03-28T11:57:38.605-0400] {dag.py:3440} INFO - Setting next_dagrun for dataset_produces_1 to 2023-03-27T00:00:00+00:00, run_after=2023-03-28T00:00:00+00:00
[2023-03-28T11:57:38.606-0400] {logging_mixin.py:137} INFO - [2023-03-28T11:57:38.606-0400] {dag.py:3440} INFO - Setting next_dagrun for dataset_produces_2 to None, run_after=None
[2023-03-28T11:57:38.649-0400] {processor.py:175} INFO - Processing /Users/sunanda/Downloads/airflow/py_env/lib/python3.9/site-packages/airflow/example_dags/example_datasets.py took 0.708 seconds
[2023-03-28T12:01:18.510-0400] {processor.py:153} INFO - Started process (PID=2466) to work on /Users/sunanda/Downloads/airflow/py_env/lib/python3.9/site-packages/airflow/example_dags/example_datasets.py
[2023-03-28T12:01:18.515-0400] {processor.py:743} INFO - Processing file /Users/sunanda/Downloads/airflow/py_env/lib/python3.9/site-packages/airflow/example_dags/example_datasets.py for tasks to queue
[2023-03-28T12:01:18.515-0400] {logging_mixin.py:137} INFO - [2023-03-28T12:01:18.515-0400] {dagbag.py:532} INFO - Filling up the DagBag from /Users/sunanda/Downloads/airflow/py_env/lib/python3.9/site-packages/airflow/example_dags/example_datasets.py
[2023-03-28T12:01:18.564-0400] {processor.py:753} INFO - DAG(s) dict_keys(['dataset_produces_2', 'dataset_produces_1', 'dataset_consumes_1', 'dataset_consumes_unknown_never_scheduled', 'dataset_consumes_1_and_2', 'dataset_consumes_1_never_scheduled']) retrieved from /Users/sunanda/Downloads/airflow/py_env/lib/python3.9/site-packages/airflow/example_dags/example_datasets.py
[2023-03-28T12:01:19.120-0400] {logging_mixin.py:137} INFO - [2023-03-28T12:01:19.120-0400] {dag.py:2693} INFO - Sync 6 DAGs
[2023-03-28T12:01:19.201-0400] {logging_mixin.py:137} INFO - [2023-03-28T12:01:19.201-0400] {dag.py:3440} INFO - Setting next_dagrun for dataset_consumes_1 to None, run_after=None
[2023-03-28T12:01:19.202-0400] {logging_mixin.py:137} INFO - [2023-03-28T12:01:19.202-0400] {dag.py:3440} INFO - Setting next_dagrun for dataset_consumes_1_and_2 to None, run_after=None
[2023-03-28T12:01:19.202-0400] {logging_mixin.py:137} INFO - [2023-03-28T12:01:19.202-0400] {dag.py:3440} INFO - Setting next_dagrun for dataset_consumes_1_never_scheduled to None, run_after=None
[2023-03-28T12:01:19.203-0400] {logging_mixin.py:137} INFO - [2023-03-28T12:01:19.203-0400] {dag.py:3440} INFO - Setting next_dagrun for dataset_consumes_unknown_never_scheduled to None, run_after=None
[2023-03-28T12:01:19.204-0400] {logging_mixin.py:137} INFO - [2023-03-28T12:01:19.204-0400] {dag.py:3440} INFO - Setting next_dagrun for dataset_produces_1 to 2023-03-27T00:00:00+00:00, run_after=2023-03-28T00:00:00+00:00
[2023-03-28T12:01:19.204-0400] {logging_mixin.py:137} INFO - [2023-03-28T12:01:19.204-0400] {dag.py:3440} INFO - Setting next_dagrun for dataset_produces_2 to None, run_after=None
[2023-03-28T12:01:19.238-0400] {processor.py:175} INFO - Processing /Users/sunanda/Downloads/airflow/py_env/lib/python3.9/site-packages/airflow/example_dags/example_datasets.py took 0.729 seconds
[2023-03-28T12:05:12.641-0400] {processor.py:153} INFO - Started process (PID=2814) to work on /Users/sunanda/Downloads/airflow/py_env/lib/python3.9/site-packages/airflow/example_dags/example_datasets.py
[2023-03-28T12:05:12.651-0400] {processor.py:743} INFO - Processing file /Users/sunanda/Downloads/airflow/py_env/lib/python3.9/site-packages/airflow/example_dags/example_datasets.py for tasks to queue
[2023-03-28T12:05:12.651-0400] {logging_mixin.py:137} INFO - [2023-03-28T12:05:12.651-0400] {dagbag.py:532} INFO - Filling up the DagBag from /Users/sunanda/Downloads/airflow/py_env/lib/python3.9/site-packages/airflow/example_dags/example_datasets.py
[2023-03-28T12:05:12.672-0400] {processor.py:753} INFO - DAG(s) dict_keys(['dataset_produces_2', 'dataset_consumes_unknown_never_scheduled', 'dataset_consumes_1', 'dataset_consumes_1_and_2', 'dataset_produces_1', 'dataset_consumes_1_never_scheduled']) retrieved from /Users/sunanda/Downloads/airflow/py_env/lib/python3.9/site-packages/airflow/example_dags/example_datasets.py
[2023-03-28T12:05:13.231-0400] {logging_mixin.py:137} INFO - [2023-03-28T12:05:13.231-0400] {dag.py:2693} INFO - Sync 6 DAGs
[2023-03-28T12:05:13.249-0400] {logging_mixin.py:137} INFO - [2023-03-28T12:05:13.248-0400] {dag.py:3440} INFO - Setting next_dagrun for dataset_consumes_1 to None, run_after=None
[2023-03-28T12:05:13.249-0400] {logging_mixin.py:137} INFO - [2023-03-28T12:05:13.249-0400] {dag.py:3440} INFO - Setting next_dagrun for dataset_consumes_1_and_2 to None, run_after=None
[2023-03-28T12:05:13.250-0400] {logging_mixin.py:137} INFO - [2023-03-28T12:05:13.250-0400] {dag.py:3440} INFO - Setting next_dagrun for dataset_consumes_1_never_scheduled to None, run_after=None
[2023-03-28T12:05:13.250-0400] {logging_mixin.py:137} INFO - [2023-03-28T12:05:13.250-0400] {dag.py:3440} INFO - Setting next_dagrun for dataset_consumes_unknown_never_scheduled to None, run_after=None
[2023-03-28T12:05:13.251-0400] {logging_mixin.py:137} INFO - [2023-03-28T12:05:13.251-0400] {dag.py:3440} INFO - Setting next_dagrun for dataset_produces_1 to 2023-03-27T00:00:00+00:00, run_after=2023-03-28T00:00:00+00:00
[2023-03-28T12:05:13.251-0400] {logging_mixin.py:137} INFO - [2023-03-28T12:05:13.251-0400] {dag.py:3440} INFO - Setting next_dagrun for dataset_produces_2 to None, run_after=None
[2023-03-28T12:05:13.270-0400] {processor.py:175} INFO - Processing /Users/sunanda/Downloads/airflow/py_env/lib/python3.9/site-packages/airflow/example_dags/example_datasets.py took 0.630 seconds
[2023-03-28T12:09:16.772-0400] {processor.py:153} INFO - Started process (PID=3273) to work on /Users/sunanda/Downloads/airflow/py_env/lib/python3.9/site-packages/airflow/example_dags/example_datasets.py
[2023-03-28T12:09:16.782-0400] {processor.py:743} INFO - Processing file /Users/sunanda/Downloads/airflow/py_env/lib/python3.9/site-packages/airflow/example_dags/example_datasets.py for tasks to queue
[2023-03-28T12:09:16.782-0400] {logging_mixin.py:137} INFO - [2023-03-28T12:09:16.782-0400] {dagbag.py:532} INFO - Filling up the DagBag from /Users/sunanda/Downloads/airflow/py_env/lib/python3.9/site-packages/airflow/example_dags/example_datasets.py
[2023-03-28T12:09:16.828-0400] {processor.py:753} INFO - DAG(s) dict_keys(['dataset_produces_1', 'dataset_consumes_1', 'dataset_consumes_unknown_never_scheduled', 'dataset_consumes_1_and_2', 'dataset_consumes_1_never_scheduled', 'dataset_produces_2']) retrieved from /Users/sunanda/Downloads/airflow/py_env/lib/python3.9/site-packages/airflow/example_dags/example_datasets.py
[2023-03-28T12:09:17.479-0400] {logging_mixin.py:137} INFO - [2023-03-28T12:09:17.479-0400] {dag.py:2693} INFO - Sync 6 DAGs
[2023-03-28T12:09:17.493-0400] {logging_mixin.py:137} INFO - [2023-03-28T12:09:17.492-0400] {dag.py:3440} INFO - Setting next_dagrun for dataset_consumes_1 to None, run_after=None
[2023-03-28T12:09:17.493-0400] {logging_mixin.py:137} INFO - [2023-03-28T12:09:17.493-0400] {dag.py:3440} INFO - Setting next_dagrun for dataset_consumes_1_and_2 to None, run_after=None
[2023-03-28T12:09:17.494-0400] {logging_mixin.py:137} INFO - [2023-03-28T12:09:17.494-0400] {dag.py:3440} INFO - Setting next_dagrun for dataset_consumes_1_never_scheduled to None, run_after=None
[2023-03-28T12:09:17.494-0400] {logging_mixin.py:137} INFO - [2023-03-28T12:09:17.494-0400] {dag.py:3440} INFO - Setting next_dagrun for dataset_consumes_unknown_never_scheduled to None, run_after=None
[2023-03-28T12:09:17.495-0400] {logging_mixin.py:137} INFO - [2023-03-28T12:09:17.495-0400] {dag.py:3440} INFO - Setting next_dagrun for dataset_produces_1 to 2023-03-27T00:00:00+00:00, run_after=2023-03-28T00:00:00+00:00
[2023-03-28T12:09:17.495-0400] {logging_mixin.py:137} INFO - [2023-03-28T12:09:17.495-0400] {dag.py:3440} INFO - Setting next_dagrun for dataset_produces_2 to None, run_after=None
[2023-03-28T12:09:17.532-0400] {processor.py:175} INFO - Processing /Users/sunanda/Downloads/airflow/py_env/lib/python3.9/site-packages/airflow/example_dags/example_datasets.py took 0.763 seconds
[2023-03-28T12:13:10.430-0400] {processor.py:153} INFO - Started process (PID=3632) to work on /Users/sunanda/Downloads/airflow/py_env/lib/python3.9/site-packages/airflow/example_dags/example_datasets.py
[2023-03-28T12:13:10.432-0400] {processor.py:743} INFO - Processing file /Users/sunanda/Downloads/airflow/py_env/lib/python3.9/site-packages/airflow/example_dags/example_datasets.py for tasks to queue
[2023-03-28T12:13:10.432-0400] {logging_mixin.py:137} INFO - [2023-03-28T12:13:10.432-0400] {dagbag.py:532} INFO - Filling up the DagBag from /Users/sunanda/Downloads/airflow/py_env/lib/python3.9/site-packages/airflow/example_dags/example_datasets.py
[2023-03-28T12:13:10.469-0400] {processor.py:753} INFO - DAG(s) dict_keys(['dataset_produces_1', 'dataset_produces_2', 'dataset_consumes_unknown_never_scheduled', 'dataset_consumes_1_never_scheduled', 'dataset_consumes_1_and_2', 'dataset_consumes_1']) retrieved from /Users/sunanda/Downloads/airflow/py_env/lib/python3.9/site-packages/airflow/example_dags/example_datasets.py
[2023-03-28T12:13:11.082-0400] {logging_mixin.py:137} INFO - [2023-03-28T12:13:11.082-0400] {dag.py:2693} INFO - Sync 6 DAGs
[2023-03-28T12:13:11.089-0400] {logging_mixin.py:137} INFO - [2023-03-28T12:13:11.089-0400] {dag.py:3440} INFO - Setting next_dagrun for dataset_consumes_1 to None, run_after=None
[2023-03-28T12:13:11.095-0400] {logging_mixin.py:137} INFO - [2023-03-28T12:13:11.095-0400] {dag.py:3440} INFO - Setting next_dagrun for dataset_consumes_1_and_2 to None, run_after=None
[2023-03-28T12:13:11.096-0400] {logging_mixin.py:137} INFO - [2023-03-28T12:13:11.096-0400] {dag.py:3440} INFO - Setting next_dagrun for dataset_consumes_1_never_scheduled to None, run_after=None
[2023-03-28T12:13:11.097-0400] {logging_mixin.py:137} INFO - [2023-03-28T12:13:11.096-0400] {dag.py:3440} INFO - Setting next_dagrun for dataset_consumes_unknown_never_scheduled to None, run_after=None
[2023-03-28T12:13:11.098-0400] {logging_mixin.py:137} INFO - [2023-03-28T12:13:11.098-0400] {dag.py:3440} INFO - Setting next_dagrun for dataset_produces_1 to 2023-03-27T00:00:00+00:00, run_after=2023-03-28T00:00:00+00:00
[2023-03-28T12:13:11.099-0400] {logging_mixin.py:137} INFO - [2023-03-28T12:13:11.099-0400] {dag.py:3440} INFO - Setting next_dagrun for dataset_produces_2 to None, run_after=None
[2023-03-28T12:13:11.123-0400] {processor.py:175} INFO - Processing /Users/sunanda/Downloads/airflow/py_env/lib/python3.9/site-packages/airflow/example_dags/example_datasets.py took 0.696 seconds
[2023-03-28T12:15:30.823-0400] {processor.py:153} INFO - Started process (PID=3839) to work on /Users/sunanda/Downloads/airflow/py_env/lib/python3.9/site-packages/airflow/example_dags/example_datasets.py
[2023-03-28T12:15:30.825-0400] {processor.py:743} INFO - Processing file /Users/sunanda/Downloads/airflow/py_env/lib/python3.9/site-packages/airflow/example_dags/example_datasets.py for tasks to queue
[2023-03-28T12:15:30.825-0400] {logging_mixin.py:137} INFO - [2023-03-28T12:15:30.825-0400] {dagbag.py:532} INFO - Filling up the DagBag from /Users/sunanda/Downloads/airflow/py_env/lib/python3.9/site-packages/airflow/example_dags/example_datasets.py
[2023-03-28T12:15:30.881-0400] {processor.py:753} INFO - DAG(s) dict_keys(['dataset_consumes_1', 'dataset_consumes_1_never_scheduled', 'dataset_consumes_unknown_never_scheduled', 'dataset_produces_1', 'dataset_consumes_1_and_2', 'dataset_produces_2']) retrieved from /Users/sunanda/Downloads/airflow/py_env/lib/python3.9/site-packages/airflow/example_dags/example_datasets.py
[2023-03-28T12:15:31.448-0400] {logging_mixin.py:137} INFO - [2023-03-28T12:15:31.448-0400] {dag.py:2693} INFO - Sync 6 DAGs
[2023-03-28T12:15:31.462-0400] {logging_mixin.py:137} INFO - [2023-03-28T12:15:31.462-0400] {dag.py:3440} INFO - Setting next_dagrun for dataset_consumes_1 to None, run_after=None
[2023-03-28T12:15:31.463-0400] {logging_mixin.py:137} INFO - [2023-03-28T12:15:31.463-0400] {dag.py:3440} INFO - Setting next_dagrun for dataset_consumes_1_and_2 to None, run_after=None
[2023-03-28T12:15:31.464-0400] {logging_mixin.py:137} INFO - [2023-03-28T12:15:31.464-0400] {dag.py:3440} INFO - Setting next_dagrun for dataset_consumes_1_never_scheduled to None, run_after=None
[2023-03-28T12:15:31.465-0400] {logging_mixin.py:137} INFO - [2023-03-28T12:15:31.465-0400] {dag.py:3440} INFO - Setting next_dagrun for dataset_consumes_unknown_never_scheduled to None, run_after=None
[2023-03-28T12:15:31.466-0400] {logging_mixin.py:137} INFO - [2023-03-28T12:15:31.466-0400] {dag.py:3440} INFO - Setting next_dagrun for dataset_produces_1 to 2023-03-27T00:00:00+00:00, run_after=2023-03-28T00:00:00+00:00
[2023-03-28T12:15:31.467-0400] {logging_mixin.py:137} INFO - [2023-03-28T12:15:31.467-0400] {dag.py:3440} INFO - Setting next_dagrun for dataset_produces_2 to None, run_after=None
[2023-03-28T12:15:31.492-0400] {processor.py:175} INFO - Processing /Users/sunanda/Downloads/airflow/py_env/lib/python3.9/site-packages/airflow/example_dags/example_datasets.py took 0.691 seconds
[2023-03-28T12:17:57.257-0400] {processor.py:153} INFO - Started process (PID=4076) to work on /Users/sunanda/Downloads/airflow/py_env/lib/python3.9/site-packages/airflow/example_dags/example_datasets.py
[2023-03-28T12:17:57.260-0400] {processor.py:743} INFO - Processing file /Users/sunanda/Downloads/airflow/py_env/lib/python3.9/site-packages/airflow/example_dags/example_datasets.py for tasks to queue
[2023-03-28T12:17:57.260-0400] {logging_mixin.py:137} INFO - [2023-03-28T12:17:57.260-0400] {dagbag.py:532} INFO - Filling up the DagBag from /Users/sunanda/Downloads/airflow/py_env/lib/python3.9/site-packages/airflow/example_dags/example_datasets.py
[2023-03-28T12:17:57.274-0400] {processor.py:753} INFO - DAG(s) dict_keys(['dataset_consumes_1_never_scheduled', 'dataset_produces_2', 'dataset_consumes_1_and_2', 'dataset_consumes_unknown_never_scheduled', 'dataset_produces_1', 'dataset_consumes_1']) retrieved from /Users/sunanda/Downloads/airflow/py_env/lib/python3.9/site-packages/airflow/example_dags/example_datasets.py
[2023-03-28T12:17:57.891-0400] {logging_mixin.py:137} INFO - [2023-03-28T12:17:57.891-0400] {dag.py:2693} INFO - Sync 6 DAGs
[2023-03-28T12:17:57.913-0400] {logging_mixin.py:137} INFO - [2023-03-28T12:17:57.913-0400] {dag.py:3440} INFO - Setting next_dagrun for dataset_consumes_1 to None, run_after=None
[2023-03-28T12:17:57.915-0400] {logging_mixin.py:137} INFO - [2023-03-28T12:17:57.914-0400] {dag.py:3440} INFO - Setting next_dagrun for dataset_consumes_1_and_2 to None, run_after=None
[2023-03-28T12:17:57.915-0400] {logging_mixin.py:137} INFO - [2023-03-28T12:17:57.915-0400] {dag.py:3440} INFO - Setting next_dagrun for dataset_consumes_1_never_scheduled to None, run_after=None
[2023-03-28T12:17:57.916-0400] {logging_mixin.py:137} INFO - [2023-03-28T12:17:57.916-0400] {dag.py:3440} INFO - Setting next_dagrun for dataset_consumes_unknown_never_scheduled to None, run_after=None
[2023-03-28T12:17:57.918-0400] {logging_mixin.py:137} INFO - [2023-03-28T12:17:57.917-0400] {dag.py:3440} INFO - Setting next_dagrun for dataset_produces_1 to 2023-03-27T00:00:00+00:00, run_after=2023-03-28T00:00:00+00:00
[2023-03-28T12:17:57.918-0400] {logging_mixin.py:137} INFO - [2023-03-28T12:17:57.918-0400] {dag.py:3440} INFO - Setting next_dagrun for dataset_produces_2 to None, run_after=None
[2023-03-28T12:17:57.946-0400] {processor.py:175} INFO - Processing /Users/sunanda/Downloads/airflow/py_env/lib/python3.9/site-packages/airflow/example_dags/example_datasets.py took 0.690 seconds
[2023-03-28T12:21:42.906-0400] {processor.py:153} INFO - Started process (PID=4360) to work on /Users/sunanda/Downloads/airflow/py_env/lib/python3.9/site-packages/airflow/example_dags/example_datasets.py
[2023-03-28T12:21:42.916-0400] {processor.py:743} INFO - Processing file /Users/sunanda/Downloads/airflow/py_env/lib/python3.9/site-packages/airflow/example_dags/example_datasets.py for tasks to queue
[2023-03-28T12:21:42.917-0400] {logging_mixin.py:137} INFO - [2023-03-28T12:21:42.917-0400] {dagbag.py:532} INFO - Filling up the DagBag from /Users/sunanda/Downloads/airflow/py_env/lib/python3.9/site-packages/airflow/example_dags/example_datasets.py
[2023-03-28T12:21:42.931-0400] {processor.py:753} INFO - DAG(s) dict_keys(['dataset_consumes_1_and_2', 'dataset_produces_1', 'dataset_consumes_1', 'dataset_consumes_unknown_never_scheduled', 'dataset_consumes_1_never_scheduled', 'dataset_produces_2']) retrieved from /Users/sunanda/Downloads/airflow/py_env/lib/python3.9/site-packages/airflow/example_dags/example_datasets.py
[2023-03-28T12:21:43.488-0400] {logging_mixin.py:137} INFO - [2023-03-28T12:21:43.488-0400] {dag.py:2693} INFO - Sync 6 DAGs
[2023-03-28T12:21:43.506-0400] {logging_mixin.py:137} INFO - [2023-03-28T12:21:43.506-0400] {dag.py:3440} INFO - Setting next_dagrun for dataset_consumes_1 to None, run_after=None
[2023-03-28T12:21:43.508-0400] {logging_mixin.py:137} INFO - [2023-03-28T12:21:43.508-0400] {dag.py:3440} INFO - Setting next_dagrun for dataset_consumes_1_and_2 to None, run_after=None
[2023-03-28T12:21:43.509-0400] {logging_mixin.py:137} INFO - [2023-03-28T12:21:43.508-0400] {dag.py:3440} INFO - Setting next_dagrun for dataset_consumes_1_never_scheduled to None, run_after=None
[2023-03-28T12:21:43.509-0400] {logging_mixin.py:137} INFO - [2023-03-28T12:21:43.509-0400] {dag.py:3440} INFO - Setting next_dagrun for dataset_consumes_unknown_never_scheduled to None, run_after=None
[2023-03-28T12:21:43.511-0400] {logging_mixin.py:137} INFO - [2023-03-28T12:21:43.511-0400] {dag.py:3440} INFO - Setting next_dagrun for dataset_produces_1 to 2023-03-27T00:00:00+00:00, run_after=2023-03-28T00:00:00+00:00
[2023-03-28T12:21:43.511-0400] {logging_mixin.py:137} INFO - [2023-03-28T12:21:43.511-0400] {dag.py:3440} INFO - Setting next_dagrun for dataset_produces_2 to None, run_after=None
[2023-03-28T12:21:43.535-0400] {processor.py:175} INFO - Processing /Users/sunanda/Downloads/airflow/py_env/lib/python3.9/site-packages/airflow/example_dags/example_datasets.py took 0.631 seconds
[2023-03-28T12:28:28.949-0400] {processor.py:153} INFO - Started process (PID=4701) to work on /Users/sunanda/Downloads/airflow/py_env/lib/python3.9/site-packages/airflow/example_dags/example_datasets.py
[2023-03-28T12:28:28.951-0400] {processor.py:743} INFO - Processing file /Users/sunanda/Downloads/airflow/py_env/lib/python3.9/site-packages/airflow/example_dags/example_datasets.py for tasks to queue
[2023-03-28T12:28:28.952-0400] {logging_mixin.py:137} INFO - [2023-03-28T12:28:28.952-0400] {dagbag.py:532} INFO - Filling up the DagBag from /Users/sunanda/Downloads/airflow/py_env/lib/python3.9/site-packages/airflow/example_dags/example_datasets.py
[2023-03-28T12:28:28.965-0400] {processor.py:753} INFO - DAG(s) dict_keys(['dataset_consumes_1_and_2', 'dataset_consumes_unknown_never_scheduled', 'dataset_produces_2', 'dataset_consumes_1', 'dataset_produces_1', 'dataset_consumes_1_never_scheduled']) retrieved from /Users/sunanda/Downloads/airflow/py_env/lib/python3.9/site-packages/airflow/example_dags/example_datasets.py
[2023-03-28T12:28:29.506-0400] {logging_mixin.py:137} INFO - [2023-03-28T12:28:29.506-0400] {dag.py:2693} INFO - Sync 6 DAGs
[2023-03-28T12:28:29.513-0400] {logging_mixin.py:137} INFO - [2023-03-28T12:28:29.513-0400] {dag.py:3440} INFO - Setting next_dagrun for dataset_consumes_1 to None, run_after=None
[2023-03-28T12:28:29.514-0400] {logging_mixin.py:137} INFO - [2023-03-28T12:28:29.514-0400] {dag.py:3440} INFO - Setting next_dagrun for dataset_consumes_1_and_2 to None, run_after=None
[2023-03-28T12:28:29.514-0400] {logging_mixin.py:137} INFO - [2023-03-28T12:28:29.514-0400] {dag.py:3440} INFO - Setting next_dagrun for dataset_consumes_1_never_scheduled to None, run_after=None
[2023-03-28T12:28:29.516-0400] {logging_mixin.py:137} INFO - [2023-03-28T12:28:29.516-0400] {dag.py:3440} INFO - Setting next_dagrun for dataset_consumes_unknown_never_scheduled to None, run_after=None
[2023-03-28T12:28:29.517-0400] {logging_mixin.py:137} INFO - [2023-03-28T12:28:29.517-0400] {dag.py:3440} INFO - Setting next_dagrun for dataset_produces_1 to 2023-03-27T00:00:00+00:00, run_after=2023-03-28T00:00:00+00:00
[2023-03-28T12:28:29.517-0400] {logging_mixin.py:137} INFO - [2023-03-28T12:28:29.517-0400] {dag.py:3440} INFO - Setting next_dagrun for dataset_produces_2 to None, run_after=None
[2023-03-28T12:28:29.537-0400] {processor.py:175} INFO - Processing /Users/sunanda/Downloads/airflow/py_env/lib/python3.9/site-packages/airflow/example_dags/example_datasets.py took 0.593 seconds
