[2023-03-27T23:38:23.723-0400] {processor.py:153} INFO - Started process (PID=79254) to work on /Users/sunanda/Downloads/airflow/py_env/lib/python3.9/site-packages/airflow/example_dags/example_branch_datetime_operator.py
[2023-03-27T23:38:23.735-0400] {processor.py:743} INFO - Processing file /Users/sunanda/Downloads/airflow/py_env/lib/python3.9/site-packages/airflow/example_dags/example_branch_datetime_operator.py for tasks to queue
[2023-03-27T23:38:23.736-0400] {logging_mixin.py:137} INFO - [2023-03-27T23:38:23.736-0400] {dagbag.py:532} INFO - Filling up the DagBag from /Users/sunanda/Downloads/airflow/py_env/lib/python3.9/site-packages/airflow/example_dags/example_branch_datetime_operator.py
[2023-03-27T23:38:23.750-0400] {processor.py:753} INFO - DAG(s) dict_keys(['example_branch_datetime_operator_3', 'example_branch_datetime_operator_2', 'example_branch_datetime_operator']) retrieved from /Users/sunanda/Downloads/airflow/py_env/lib/python3.9/site-packages/airflow/example_dags/example_branch_datetime_operator.py
[2023-03-27T23:38:24.026-0400] {logging_mixin.py:137} INFO - [2023-03-27T23:38:24.026-0400] {dag.py:2693} INFO - Sync 3 DAGs
[2023-03-27T23:38:24.034-0400] {logging_mixin.py:137} INFO - [2023-03-27T23:38:24.033-0400] {dag.py:3440} INFO - Setting next_dagrun for example_branch_datetime_operator to 2023-03-27T00:00:00+00:00, run_after=2023-03-28T00:00:00+00:00
[2023-03-27T23:38:24.035-0400] {logging_mixin.py:137} INFO - [2023-03-27T23:38:24.035-0400] {dag.py:3440} INFO - Setting next_dagrun for example_branch_datetime_operator_2 to 2023-03-27T00:00:00+00:00, run_after=2023-03-28T00:00:00+00:00
[2023-03-27T23:38:24.036-0400] {logging_mixin.py:137} INFO - [2023-03-27T23:38:24.036-0400] {dag.py:3440} INFO - Setting next_dagrun for example_branch_datetime_operator_3 to 2023-03-27T00:00:00+00:00, run_after=2023-03-28T00:00:00+00:00
[2023-03-27T23:38:24.044-0400] {processor.py:175} INFO - Processing /Users/sunanda/Downloads/airflow/py_env/lib/python3.9/site-packages/airflow/example_dags/example_branch_datetime_operator.py took 0.322 seconds
[2023-03-27T23:40:13.531-0400] {processor.py:153} INFO - Started process (PID=79437) to work on /Users/sunanda/Downloads/airflow/py_env/lib/python3.9/site-packages/airflow/example_dags/example_branch_datetime_operator.py
[2023-03-27T23:40:13.542-0400] {processor.py:743} INFO - Processing file /Users/sunanda/Downloads/airflow/py_env/lib/python3.9/site-packages/airflow/example_dags/example_branch_datetime_operator.py for tasks to queue
[2023-03-27T23:40:13.542-0400] {logging_mixin.py:137} INFO - [2023-03-27T23:40:13.542-0400] {dagbag.py:532} INFO - Filling up the DagBag from /Users/sunanda/Downloads/airflow/py_env/lib/python3.9/site-packages/airflow/example_dags/example_branch_datetime_operator.py
[2023-03-27T23:40:13.555-0400] {processor.py:753} INFO - DAG(s) dict_keys(['example_branch_datetime_operator_3', 'example_branch_datetime_operator_2', 'example_branch_datetime_operator']) retrieved from /Users/sunanda/Downloads/airflow/py_env/lib/python3.9/site-packages/airflow/example_dags/example_branch_datetime_operator.py
[2023-03-27T23:40:13.825-0400] {logging_mixin.py:137} INFO - [2023-03-27T23:40:13.825-0400] {dag.py:2693} INFO - Sync 3 DAGs
[2023-03-27T23:40:13.833-0400] {logging_mixin.py:137} INFO - [2023-03-27T23:40:13.833-0400] {dag.py:3440} INFO - Setting next_dagrun for example_branch_datetime_operator to 2023-03-27T00:00:00+00:00, run_after=2023-03-28T00:00:00+00:00
[2023-03-27T23:40:13.834-0400] {logging_mixin.py:137} INFO - [2023-03-27T23:40:13.834-0400] {dag.py:3440} INFO - Setting next_dagrun for example_branch_datetime_operator_2 to 2023-03-27T00:00:00+00:00, run_after=2023-03-28T00:00:00+00:00
[2023-03-27T23:40:13.835-0400] {logging_mixin.py:137} INFO - [2023-03-27T23:40:13.835-0400] {dag.py:3440} INFO - Setting next_dagrun for example_branch_datetime_operator_3 to 2023-03-27T00:00:00+00:00, run_after=2023-03-28T00:00:00+00:00
[2023-03-27T23:40:13.843-0400] {processor.py:175} INFO - Processing /Users/sunanda/Downloads/airflow/py_env/lib/python3.9/site-packages/airflow/example_dags/example_branch_datetime_operator.py took 0.313 seconds
[2023-03-28T10:12:09.261-0400] {processor.py:153} INFO - Started process (PID=91395) to work on /Users/sunanda/Downloads/airflow/py_env/lib/python3.9/site-packages/airflow/example_dags/example_branch_datetime_operator.py
[2023-03-28T10:12:09.309-0400] {processor.py:743} INFO - Processing file /Users/sunanda/Downloads/airflow/py_env/lib/python3.9/site-packages/airflow/example_dags/example_branch_datetime_operator.py for tasks to queue
[2023-03-28T10:12:09.310-0400] {logging_mixin.py:137} INFO - [2023-03-28T10:12:09.310-0400] {dagbag.py:532} INFO - Filling up the DagBag from /Users/sunanda/Downloads/airflow/py_env/lib/python3.9/site-packages/airflow/example_dags/example_branch_datetime_operator.py
[2023-03-28T10:12:09.329-0400] {processor.py:753} INFO - DAG(s) dict_keys(['example_branch_datetime_operator', 'example_branch_datetime_operator_2', 'example_branch_datetime_operator_3']) retrieved from /Users/sunanda/Downloads/airflow/py_env/lib/python3.9/site-packages/airflow/example_dags/example_branch_datetime_operator.py
[2023-03-28T10:12:10.065-0400] {logging_mixin.py:137} INFO - [2023-03-28T10:12:10.065-0400] {dag.py:2693} INFO - Sync 3 DAGs
[2023-03-28T10:12:10.082-0400] {logging_mixin.py:137} INFO - [2023-03-28T10:12:10.082-0400] {dag.py:3440} INFO - Setting next_dagrun for example_branch_datetime_operator to 2023-03-27T00:00:00+00:00, run_after=2023-03-28T00:00:00+00:00
[2023-03-28T10:12:10.086-0400] {logging_mixin.py:137} INFO - [2023-03-28T10:12:10.085-0400] {dag.py:3440} INFO - Setting next_dagrun for example_branch_datetime_operator_2 to 2023-03-27T00:00:00+00:00, run_after=2023-03-28T00:00:00+00:00
[2023-03-28T10:12:10.089-0400] {logging_mixin.py:137} INFO - [2023-03-28T10:12:10.089-0400] {dag.py:3440} INFO - Setting next_dagrun for example_branch_datetime_operator_3 to 2023-03-27T00:00:00+00:00, run_after=2023-03-28T00:00:00+00:00
[2023-03-28T10:12:10.118-0400] {processor.py:175} INFO - Processing /Users/sunanda/Downloads/airflow/py_env/lib/python3.9/site-packages/airflow/example_dags/example_branch_datetime_operator.py took 0.858 seconds
[2023-03-28T10:16:48.852-0400] {processor.py:153} INFO - Started process (PID=91750) to work on /Users/sunanda/Downloads/airflow/py_env/lib/python3.9/site-packages/airflow/example_dags/example_branch_datetime_operator.py
[2023-03-28T10:16:48.865-0400] {processor.py:743} INFO - Processing file /Users/sunanda/Downloads/airflow/py_env/lib/python3.9/site-packages/airflow/example_dags/example_branch_datetime_operator.py for tasks to queue
[2023-03-28T10:16:48.866-0400] {logging_mixin.py:137} INFO - [2023-03-28T10:16:48.866-0400] {dagbag.py:532} INFO - Filling up the DagBag from /Users/sunanda/Downloads/airflow/py_env/lib/python3.9/site-packages/airflow/example_dags/example_branch_datetime_operator.py
[2023-03-28T10:16:48.885-0400] {processor.py:753} INFO - DAG(s) dict_keys(['example_branch_datetime_operator', 'example_branch_datetime_operator_3', 'example_branch_datetime_operator_2']) retrieved from /Users/sunanda/Downloads/airflow/py_env/lib/python3.9/site-packages/airflow/example_dags/example_branch_datetime_operator.py
[2023-03-28T10:16:49.532-0400] {logging_mixin.py:137} INFO - [2023-03-28T10:16:49.532-0400] {dag.py:2693} INFO - Sync 3 DAGs
[2023-03-28T10:16:49.550-0400] {logging_mixin.py:137} INFO - [2023-03-28T10:16:49.550-0400] {dag.py:3440} INFO - Setting next_dagrun for example_branch_datetime_operator to 2023-03-27T00:00:00+00:00, run_after=2023-03-28T00:00:00+00:00
[2023-03-28T10:16:49.553-0400] {logging_mixin.py:137} INFO - [2023-03-28T10:16:49.553-0400] {dag.py:3440} INFO - Setting next_dagrun for example_branch_datetime_operator_2 to 2023-03-27T00:00:00+00:00, run_after=2023-03-28T00:00:00+00:00
[2023-03-28T10:16:49.555-0400] {logging_mixin.py:137} INFO - [2023-03-28T10:16:49.555-0400] {dag.py:3440} INFO - Setting next_dagrun for example_branch_datetime_operator_3 to 2023-03-27T00:00:00+00:00, run_after=2023-03-28T00:00:00+00:00
[2023-03-28T10:16:49.570-0400] {processor.py:175} INFO - Processing /Users/sunanda/Downloads/airflow/py_env/lib/python3.9/site-packages/airflow/example_dags/example_branch_datetime_operator.py took 0.720 seconds
[2023-03-28T10:20:59.512-0400] {processor.py:153} INFO - Started process (PID=92084) to work on /Users/sunanda/Downloads/airflow/py_env/lib/python3.9/site-packages/airflow/example_dags/example_branch_datetime_operator.py
[2023-03-28T10:20:59.516-0400] {processor.py:743} INFO - Processing file /Users/sunanda/Downloads/airflow/py_env/lib/python3.9/site-packages/airflow/example_dags/example_branch_datetime_operator.py for tasks to queue
[2023-03-28T10:20:59.517-0400] {logging_mixin.py:137} INFO - [2023-03-28T10:20:59.517-0400] {dagbag.py:532} INFO - Filling up the DagBag from /Users/sunanda/Downloads/airflow/py_env/lib/python3.9/site-packages/airflow/example_dags/example_branch_datetime_operator.py
[2023-03-28T10:20:59.529-0400] {processor.py:753} INFO - DAG(s) dict_keys(['example_branch_datetime_operator', 'example_branch_datetime_operator_2', 'example_branch_datetime_operator_3']) retrieved from /Users/sunanda/Downloads/airflow/py_env/lib/python3.9/site-packages/airflow/example_dags/example_branch_datetime_operator.py
[2023-03-28T10:21:00.303-0400] {logging_mixin.py:137} INFO - [2023-03-28T10:21:00.303-0400] {dag.py:2693} INFO - Sync 3 DAGs
[2023-03-28T10:21:00.331-0400] {logging_mixin.py:137} INFO - [2023-03-28T10:21:00.331-0400] {dag.py:3440} INFO - Setting next_dagrun for example_branch_datetime_operator to 2023-03-27T00:00:00+00:00, run_after=2023-03-28T00:00:00+00:00
[2023-03-28T10:21:00.350-0400] {logging_mixin.py:137} INFO - [2023-03-28T10:21:00.349-0400] {dag.py:3440} INFO - Setting next_dagrun for example_branch_datetime_operator_2 to 2023-03-27T00:00:00+00:00, run_after=2023-03-28T00:00:00+00:00
[2023-03-28T10:21:00.354-0400] {logging_mixin.py:137} INFO - [2023-03-28T10:21:00.354-0400] {dag.py:3440} INFO - Setting next_dagrun for example_branch_datetime_operator_3 to 2023-03-27T00:00:00+00:00, run_after=2023-03-28T00:00:00+00:00
[2023-03-28T10:21:00.366-0400] {processor.py:175} INFO - Processing /Users/sunanda/Downloads/airflow/py_env/lib/python3.9/site-packages/airflow/example_dags/example_branch_datetime_operator.py took 0.855 seconds
[2023-03-28T10:25:08.312-0400] {processor.py:153} INFO - Started process (PID=92492) to work on /Users/sunanda/Downloads/airflow/py_env/lib/python3.9/site-packages/airflow/example_dags/example_branch_datetime_operator.py
[2023-03-28T10:25:08.316-0400] {processor.py:743} INFO - Processing file /Users/sunanda/Downloads/airflow/py_env/lib/python3.9/site-packages/airflow/example_dags/example_branch_datetime_operator.py for tasks to queue
[2023-03-28T10:25:08.316-0400] {logging_mixin.py:137} INFO - [2023-03-28T10:25:08.316-0400] {dagbag.py:532} INFO - Filling up the DagBag from /Users/sunanda/Downloads/airflow/py_env/lib/python3.9/site-packages/airflow/example_dags/example_branch_datetime_operator.py
[2023-03-28T10:25:08.330-0400] {processor.py:753} INFO - DAG(s) dict_keys(['example_branch_datetime_operator_3', 'example_branch_datetime_operator_2', 'example_branch_datetime_operator']) retrieved from /Users/sunanda/Downloads/airflow/py_env/lib/python3.9/site-packages/airflow/example_dags/example_branch_datetime_operator.py
[2023-03-28T10:25:09.112-0400] {logging_mixin.py:137} INFO - [2023-03-28T10:25:09.112-0400] {dag.py:2693} INFO - Sync 3 DAGs
[2023-03-28T10:25:09.120-0400] {logging_mixin.py:137} INFO - [2023-03-28T10:25:09.119-0400] {dag.py:3440} INFO - Setting next_dagrun for example_branch_datetime_operator to 2023-03-27T00:00:00+00:00, run_after=2023-03-28T00:00:00+00:00
[2023-03-28T10:25:09.128-0400] {logging_mixin.py:137} INFO - [2023-03-28T10:25:09.127-0400] {dag.py:3440} INFO - Setting next_dagrun for example_branch_datetime_operator_2 to 2023-03-27T00:00:00+00:00, run_after=2023-03-28T00:00:00+00:00
[2023-03-28T10:25:09.129-0400] {logging_mixin.py:137} INFO - [2023-03-28T10:25:09.129-0400] {dag.py:3440} INFO - Setting next_dagrun for example_branch_datetime_operator_3 to 2023-03-27T00:00:00+00:00, run_after=2023-03-28T00:00:00+00:00
[2023-03-28T10:25:09.160-0400] {processor.py:175} INFO - Processing /Users/sunanda/Downloads/airflow/py_env/lib/python3.9/site-packages/airflow/example_dags/example_branch_datetime_operator.py took 0.848 seconds
[2023-03-28T10:29:38.631-0400] {processor.py:153} INFO - Started process (PID=93024) to work on /Users/sunanda/Downloads/airflow/py_env/lib/python3.9/site-packages/airflow/example_dags/example_branch_datetime_operator.py
[2023-03-28T10:29:38.634-0400] {processor.py:743} INFO - Processing file /Users/sunanda/Downloads/airflow/py_env/lib/python3.9/site-packages/airflow/example_dags/example_branch_datetime_operator.py for tasks to queue
[2023-03-28T10:29:38.634-0400] {logging_mixin.py:137} INFO - [2023-03-28T10:29:38.634-0400] {dagbag.py:532} INFO - Filling up the DagBag from /Users/sunanda/Downloads/airflow/py_env/lib/python3.9/site-packages/airflow/example_dags/example_branch_datetime_operator.py
[2023-03-28T10:29:38.659-0400] {processor.py:753} INFO - DAG(s) dict_keys(['example_branch_datetime_operator_3', 'example_branch_datetime_operator_2', 'example_branch_datetime_operator']) retrieved from /Users/sunanda/Downloads/airflow/py_env/lib/python3.9/site-packages/airflow/example_dags/example_branch_datetime_operator.py
[2023-03-28T10:29:39.201-0400] {logging_mixin.py:137} INFO - [2023-03-28T10:29:39.200-0400] {dag.py:2693} INFO - Sync 3 DAGs
[2023-03-28T10:29:39.215-0400] {logging_mixin.py:137} INFO - [2023-03-28T10:29:39.215-0400] {dag.py:3440} INFO - Setting next_dagrun for example_branch_datetime_operator to 2023-03-27T00:00:00+00:00, run_after=2023-03-28T00:00:00+00:00
[2023-03-28T10:29:39.218-0400] {logging_mixin.py:137} INFO - [2023-03-28T10:29:39.218-0400] {dag.py:3440} INFO - Setting next_dagrun for example_branch_datetime_operator_2 to 2023-03-27T00:00:00+00:00, run_after=2023-03-28T00:00:00+00:00
[2023-03-28T10:29:39.230-0400] {logging_mixin.py:137} INFO - [2023-03-28T10:29:39.229-0400] {dag.py:3440} INFO - Setting next_dagrun for example_branch_datetime_operator_3 to 2023-03-27T00:00:00+00:00, run_after=2023-03-28T00:00:00+00:00
[2023-03-28T10:29:39.245-0400] {processor.py:175} INFO - Processing /Users/sunanda/Downloads/airflow/py_env/lib/python3.9/site-packages/airflow/example_dags/example_branch_datetime_operator.py took 0.614 seconds
[2023-03-28T10:33:42.771-0400] {processor.py:153} INFO - Started process (PID=93403) to work on /Users/sunanda/Downloads/airflow/py_env/lib/python3.9/site-packages/airflow/example_dags/example_branch_datetime_operator.py
[2023-03-28T10:33:42.773-0400] {processor.py:743} INFO - Processing file /Users/sunanda/Downloads/airflow/py_env/lib/python3.9/site-packages/airflow/example_dags/example_branch_datetime_operator.py for tasks to queue
[2023-03-28T10:33:42.774-0400] {logging_mixin.py:137} INFO - [2023-03-28T10:33:42.774-0400] {dagbag.py:532} INFO - Filling up the DagBag from /Users/sunanda/Downloads/airflow/py_env/lib/python3.9/site-packages/airflow/example_dags/example_branch_datetime_operator.py
[2023-03-28T10:33:42.787-0400] {processor.py:753} INFO - DAG(s) dict_keys(['example_branch_datetime_operator_2', 'example_branch_datetime_operator_3', 'example_branch_datetime_operator']) retrieved from /Users/sunanda/Downloads/airflow/py_env/lib/python3.9/site-packages/airflow/example_dags/example_branch_datetime_operator.py
[2023-03-28T10:33:43.272-0400] {logging_mixin.py:137} INFO - [2023-03-28T10:33:43.272-0400] {dag.py:2693} INFO - Sync 3 DAGs
[2023-03-28T10:33:43.295-0400] {logging_mixin.py:137} INFO - [2023-03-28T10:33:43.295-0400] {dag.py:3440} INFO - Setting next_dagrun for example_branch_datetime_operator to 2023-03-27T00:00:00+00:00, run_after=2023-03-28T00:00:00+00:00
[2023-03-28T10:33:43.298-0400] {logging_mixin.py:137} INFO - [2023-03-28T10:33:43.298-0400] {dag.py:3440} INFO - Setting next_dagrun for example_branch_datetime_operator_2 to 2023-03-27T00:00:00+00:00, run_after=2023-03-28T00:00:00+00:00
[2023-03-28T10:33:43.300-0400] {logging_mixin.py:137} INFO - [2023-03-28T10:33:43.300-0400] {dag.py:3440} INFO - Setting next_dagrun for example_branch_datetime_operator_3 to 2023-03-27T00:00:00+00:00, run_after=2023-03-28T00:00:00+00:00
[2023-03-28T10:33:43.308-0400] {processor.py:175} INFO - Processing /Users/sunanda/Downloads/airflow/py_env/lib/python3.9/site-packages/airflow/example_dags/example_branch_datetime_operator.py took 0.538 seconds
[2023-03-28T10:37:58.748-0400] {processor.py:153} INFO - Started process (PID=94986) to work on /Users/sunanda/Downloads/airflow/py_env/lib/python3.9/site-packages/airflow/example_dags/example_branch_datetime_operator.py
[2023-03-28T10:37:58.753-0400] {processor.py:743} INFO - Processing file /Users/sunanda/Downloads/airflow/py_env/lib/python3.9/site-packages/airflow/example_dags/example_branch_datetime_operator.py for tasks to queue
[2023-03-28T10:37:58.753-0400] {logging_mixin.py:137} INFO - [2023-03-28T10:37:58.753-0400] {dagbag.py:532} INFO - Filling up the DagBag from /Users/sunanda/Downloads/airflow/py_env/lib/python3.9/site-packages/airflow/example_dags/example_branch_datetime_operator.py
[2023-03-28T10:37:58.788-0400] {processor.py:753} INFO - DAG(s) dict_keys(['example_branch_datetime_operator_3', 'example_branch_datetime_operator', 'example_branch_datetime_operator_2']) retrieved from /Users/sunanda/Downloads/airflow/py_env/lib/python3.9/site-packages/airflow/example_dags/example_branch_datetime_operator.py
[2023-03-28T10:37:59.590-0400] {logging_mixin.py:137} INFO - [2023-03-28T10:37:59.590-0400] {dag.py:2693} INFO - Sync 3 DAGs
[2023-03-28T10:37:59.605-0400] {logging_mixin.py:137} INFO - [2023-03-28T10:37:59.605-0400] {dag.py:3440} INFO - Setting next_dagrun for example_branch_datetime_operator to 2023-03-27T00:00:00+00:00, run_after=2023-03-28T00:00:00+00:00
[2023-03-28T10:37:59.608-0400] {logging_mixin.py:137} INFO - [2023-03-28T10:37:59.608-0400] {dag.py:3440} INFO - Setting next_dagrun for example_branch_datetime_operator_2 to 2023-03-27T00:00:00+00:00, run_after=2023-03-28T00:00:00+00:00
[2023-03-28T10:37:59.609-0400] {logging_mixin.py:137} INFO - [2023-03-28T10:37:59.609-0400] {dag.py:3440} INFO - Setting next_dagrun for example_branch_datetime_operator_3 to 2023-03-27T00:00:00+00:00, run_after=2023-03-28T00:00:00+00:00
[2023-03-28T10:37:59.629-0400] {processor.py:175} INFO - Processing /Users/sunanda/Downloads/airflow/py_env/lib/python3.9/site-packages/airflow/example_dags/example_branch_datetime_operator.py took 0.881 seconds
[2023-03-28T10:42:34.686-0400] {processor.py:153} INFO - Started process (PID=95665) to work on /Users/sunanda/Downloads/airflow/py_env/lib/python3.9/site-packages/airflow/example_dags/example_branch_datetime_operator.py
[2023-03-28T10:42:34.694-0400] {processor.py:743} INFO - Processing file /Users/sunanda/Downloads/airflow/py_env/lib/python3.9/site-packages/airflow/example_dags/example_branch_datetime_operator.py for tasks to queue
[2023-03-28T10:42:34.694-0400] {logging_mixin.py:137} INFO - [2023-03-28T10:42:34.694-0400] {dagbag.py:532} INFO - Filling up the DagBag from /Users/sunanda/Downloads/airflow/py_env/lib/python3.9/site-packages/airflow/example_dags/example_branch_datetime_operator.py
[2023-03-28T10:42:34.719-0400] {processor.py:753} INFO - DAG(s) dict_keys(['example_branch_datetime_operator', 'example_branch_datetime_operator_2', 'example_branch_datetime_operator_3']) retrieved from /Users/sunanda/Downloads/airflow/py_env/lib/python3.9/site-packages/airflow/example_dags/example_branch_datetime_operator.py
[2023-03-28T10:42:35.306-0400] {logging_mixin.py:137} INFO - [2023-03-28T10:42:35.306-0400] {dag.py:2693} INFO - Sync 3 DAGs
[2023-03-28T10:42:35.351-0400] {logging_mixin.py:137} INFO - [2023-03-28T10:42:35.351-0400] {dag.py:3440} INFO - Setting next_dagrun for example_branch_datetime_operator to 2023-03-27T00:00:00+00:00, run_after=2023-03-28T00:00:00+00:00
[2023-03-28T10:42:35.352-0400] {logging_mixin.py:137} INFO - [2023-03-28T10:42:35.352-0400] {dag.py:3440} INFO - Setting next_dagrun for example_branch_datetime_operator_2 to 2023-03-27T00:00:00+00:00, run_after=2023-03-28T00:00:00+00:00
[2023-03-28T10:42:35.353-0400] {logging_mixin.py:137} INFO - [2023-03-28T10:42:35.353-0400] {dag.py:3440} INFO - Setting next_dagrun for example_branch_datetime_operator_3 to 2023-03-27T00:00:00+00:00, run_after=2023-03-28T00:00:00+00:00
[2023-03-28T10:42:35.377-0400] {processor.py:175} INFO - Processing /Users/sunanda/Downloads/airflow/py_env/lib/python3.9/site-packages/airflow/example_dags/example_branch_datetime_operator.py took 0.691 seconds
[2023-03-28T10:46:32.191-0400] {processor.py:153} INFO - Started process (PID=96196) to work on /Users/sunanda/Downloads/airflow/py_env/lib/python3.9/site-packages/airflow/example_dags/example_branch_datetime_operator.py
[2023-03-28T10:46:32.247-0400] {processor.py:743} INFO - Processing file /Users/sunanda/Downloads/airflow/py_env/lib/python3.9/site-packages/airflow/example_dags/example_branch_datetime_operator.py for tasks to queue
[2023-03-28T10:46:32.247-0400] {logging_mixin.py:137} INFO - [2023-03-28T10:46:32.247-0400] {dagbag.py:532} INFO - Filling up the DagBag from /Users/sunanda/Downloads/airflow/py_env/lib/python3.9/site-packages/airflow/example_dags/example_branch_datetime_operator.py
[2023-03-28T10:46:32.260-0400] {processor.py:753} INFO - DAG(s) dict_keys(['example_branch_datetime_operator_2', 'example_branch_datetime_operator_3', 'example_branch_datetime_operator']) retrieved from /Users/sunanda/Downloads/airflow/py_env/lib/python3.9/site-packages/airflow/example_dags/example_branch_datetime_operator.py
[2023-03-28T10:46:32.768-0400] {logging_mixin.py:137} INFO - [2023-03-28T10:46:32.768-0400] {dag.py:2693} INFO - Sync 3 DAGs
[2023-03-28T10:46:32.779-0400] {logging_mixin.py:137} INFO - [2023-03-28T10:46:32.779-0400] {dag.py:3440} INFO - Setting next_dagrun for example_branch_datetime_operator to 2023-03-27T00:00:00+00:00, run_after=2023-03-28T00:00:00+00:00
[2023-03-28T10:46:32.780-0400] {logging_mixin.py:137} INFO - [2023-03-28T10:46:32.780-0400] {dag.py:3440} INFO - Setting next_dagrun for example_branch_datetime_operator_2 to 2023-03-27T00:00:00+00:00, run_after=2023-03-28T00:00:00+00:00
[2023-03-28T10:46:32.781-0400] {logging_mixin.py:137} INFO - [2023-03-28T10:46:32.781-0400] {dag.py:3440} INFO - Setting next_dagrun for example_branch_datetime_operator_3 to 2023-03-27T00:00:00+00:00, run_after=2023-03-28T00:00:00+00:00
[2023-03-28T10:46:32.796-0400] {processor.py:175} INFO - Processing /Users/sunanda/Downloads/airflow/py_env/lib/python3.9/site-packages/airflow/example_dags/example_branch_datetime_operator.py took 0.613 seconds
[2023-03-28T10:50:42.409-0400] {processor.py:153} INFO - Started process (PID=96671) to work on /Users/sunanda/Downloads/airflow/py_env/lib/python3.9/site-packages/airflow/example_dags/example_branch_datetime_operator.py
[2023-03-28T10:50:42.412-0400] {processor.py:743} INFO - Processing file /Users/sunanda/Downloads/airflow/py_env/lib/python3.9/site-packages/airflow/example_dags/example_branch_datetime_operator.py for tasks to queue
[2023-03-28T10:50:42.413-0400] {logging_mixin.py:137} INFO - [2023-03-28T10:50:42.413-0400] {dagbag.py:532} INFO - Filling up the DagBag from /Users/sunanda/Downloads/airflow/py_env/lib/python3.9/site-packages/airflow/example_dags/example_branch_datetime_operator.py
[2023-03-28T10:50:42.433-0400] {processor.py:753} INFO - DAG(s) dict_keys(['example_branch_datetime_operator_2', 'example_branch_datetime_operator', 'example_branch_datetime_operator_3']) retrieved from /Users/sunanda/Downloads/airflow/py_env/lib/python3.9/site-packages/airflow/example_dags/example_branch_datetime_operator.py
[2023-03-28T10:50:43.100-0400] {logging_mixin.py:137} INFO - [2023-03-28T10:50:43.097-0400] {dag.py:2693} INFO - Sync 3 DAGs
[2023-03-28T10:50:43.142-0400] {logging_mixin.py:137} INFO - [2023-03-28T10:50:43.142-0400] {dag.py:3440} INFO - Setting next_dagrun for example_branch_datetime_operator to 2023-03-27T00:00:00+00:00, run_after=2023-03-28T00:00:00+00:00
[2023-03-28T10:50:43.143-0400] {logging_mixin.py:137} INFO - [2023-03-28T10:50:43.143-0400] {dag.py:3440} INFO - Setting next_dagrun for example_branch_datetime_operator_2 to 2023-03-27T00:00:00+00:00, run_after=2023-03-28T00:00:00+00:00
[2023-03-28T10:50:43.144-0400] {logging_mixin.py:137} INFO - [2023-03-28T10:50:43.144-0400] {dag.py:3440} INFO - Setting next_dagrun for example_branch_datetime_operator_3 to 2023-03-27T00:00:00+00:00, run_after=2023-03-28T00:00:00+00:00
[2023-03-28T10:50:43.152-0400] {processor.py:175} INFO - Processing /Users/sunanda/Downloads/airflow/py_env/lib/python3.9/site-packages/airflow/example_dags/example_branch_datetime_operator.py took 0.744 seconds
[2023-03-28T10:54:31.801-0400] {processor.py:153} INFO - Started process (PID=97087) to work on /Users/sunanda/Downloads/airflow/py_env/lib/python3.9/site-packages/airflow/example_dags/example_branch_datetime_operator.py
[2023-03-28T10:54:31.803-0400] {processor.py:743} INFO - Processing file /Users/sunanda/Downloads/airflow/py_env/lib/python3.9/site-packages/airflow/example_dags/example_branch_datetime_operator.py for tasks to queue
[2023-03-28T10:54:31.803-0400] {logging_mixin.py:137} INFO - [2023-03-28T10:54:31.803-0400] {dagbag.py:532} INFO - Filling up the DagBag from /Users/sunanda/Downloads/airflow/py_env/lib/python3.9/site-packages/airflow/example_dags/example_branch_datetime_operator.py
[2023-03-28T10:54:31.817-0400] {processor.py:753} INFO - DAG(s) dict_keys(['example_branch_datetime_operator_2', 'example_branch_datetime_operator_3', 'example_branch_datetime_operator']) retrieved from /Users/sunanda/Downloads/airflow/py_env/lib/python3.9/site-packages/airflow/example_dags/example_branch_datetime_operator.py
[2023-03-28T10:54:32.279-0400] {logging_mixin.py:137} INFO - [2023-03-28T10:54:32.279-0400] {dag.py:2693} INFO - Sync 3 DAGs
[2023-03-28T10:54:32.286-0400] {logging_mixin.py:137} INFO - [2023-03-28T10:54:32.286-0400] {dag.py:3440} INFO - Setting next_dagrun for example_branch_datetime_operator to 2023-03-27T00:00:00+00:00, run_after=2023-03-28T00:00:00+00:00
[2023-03-28T10:54:32.288-0400] {logging_mixin.py:137} INFO - [2023-03-28T10:54:32.288-0400] {dag.py:3440} INFO - Setting next_dagrun for example_branch_datetime_operator_2 to 2023-03-27T00:00:00+00:00, run_after=2023-03-28T00:00:00+00:00
[2023-03-28T10:54:32.293-0400] {logging_mixin.py:137} INFO - [2023-03-28T10:54:32.293-0400] {dag.py:3440} INFO - Setting next_dagrun for example_branch_datetime_operator_3 to 2023-03-27T00:00:00+00:00, run_after=2023-03-28T00:00:00+00:00
[2023-03-28T10:54:32.315-0400] {processor.py:175} INFO - Processing /Users/sunanda/Downloads/airflow/py_env/lib/python3.9/site-packages/airflow/example_dags/example_branch_datetime_operator.py took 0.515 seconds
[2023-03-28T10:58:08.973-0400] {processor.py:153} INFO - Started process (PID=97494) to work on /Users/sunanda/Downloads/airflow/py_env/lib/python3.9/site-packages/airflow/example_dags/example_branch_datetime_operator.py
[2023-03-28T10:58:08.977-0400] {processor.py:743} INFO - Processing file /Users/sunanda/Downloads/airflow/py_env/lib/python3.9/site-packages/airflow/example_dags/example_branch_datetime_operator.py for tasks to queue
[2023-03-28T10:58:08.977-0400] {logging_mixin.py:137} INFO - [2023-03-28T10:58:08.977-0400] {dagbag.py:532} INFO - Filling up the DagBag from /Users/sunanda/Downloads/airflow/py_env/lib/python3.9/site-packages/airflow/example_dags/example_branch_datetime_operator.py
[2023-03-28T10:58:08.991-0400] {processor.py:753} INFO - DAG(s) dict_keys(['example_branch_datetime_operator', 'example_branch_datetime_operator_3', 'example_branch_datetime_operator_2']) retrieved from /Users/sunanda/Downloads/airflow/py_env/lib/python3.9/site-packages/airflow/example_dags/example_branch_datetime_operator.py
[2023-03-28T10:58:09.562-0400] {logging_mixin.py:137} INFO - [2023-03-28T10:58:09.561-0400] {dag.py:2693} INFO - Sync 3 DAGs
[2023-03-28T10:58:09.608-0400] {logging_mixin.py:137} INFO - [2023-03-28T10:58:09.607-0400] {dag.py:3440} INFO - Setting next_dagrun for example_branch_datetime_operator to 2023-03-27T00:00:00+00:00, run_after=2023-03-28T00:00:00+00:00
[2023-03-28T10:58:09.620-0400] {logging_mixin.py:137} INFO - [2023-03-28T10:58:09.619-0400] {dag.py:3440} INFO - Setting next_dagrun for example_branch_datetime_operator_2 to 2023-03-27T00:00:00+00:00, run_after=2023-03-28T00:00:00+00:00
[2023-03-28T10:58:09.621-0400] {logging_mixin.py:137} INFO - [2023-03-28T10:58:09.621-0400] {dag.py:3440} INFO - Setting next_dagrun for example_branch_datetime_operator_3 to 2023-03-27T00:00:00+00:00, run_after=2023-03-28T00:00:00+00:00
[2023-03-28T10:58:09.660-0400] {processor.py:175} INFO - Processing /Users/sunanda/Downloads/airflow/py_env/lib/python3.9/site-packages/airflow/example_dags/example_branch_datetime_operator.py took 0.688 seconds
[2023-03-28T11:01:56.170-0400] {processor.py:153} INFO - Started process (PID=97885) to work on /Users/sunanda/Downloads/airflow/py_env/lib/python3.9/site-packages/airflow/example_dags/example_branch_datetime_operator.py
[2023-03-28T11:01:56.184-0400] {processor.py:743} INFO - Processing file /Users/sunanda/Downloads/airflow/py_env/lib/python3.9/site-packages/airflow/example_dags/example_branch_datetime_operator.py for tasks to queue
[2023-03-28T11:01:56.185-0400] {logging_mixin.py:137} INFO - [2023-03-28T11:01:56.185-0400] {dagbag.py:532} INFO - Filling up the DagBag from /Users/sunanda/Downloads/airflow/py_env/lib/python3.9/site-packages/airflow/example_dags/example_branch_datetime_operator.py
[2023-03-28T11:01:56.224-0400] {processor.py:753} INFO - DAG(s) dict_keys(['example_branch_datetime_operator_2', 'example_branch_datetime_operator', 'example_branch_datetime_operator_3']) retrieved from /Users/sunanda/Downloads/airflow/py_env/lib/python3.9/site-packages/airflow/example_dags/example_branch_datetime_operator.py
[2023-03-28T11:01:56.757-0400] {logging_mixin.py:137} INFO - [2023-03-28T11:01:56.757-0400] {dag.py:2693} INFO - Sync 3 DAGs
[2023-03-28T11:01:56.768-0400] {logging_mixin.py:137} INFO - [2023-03-28T11:01:56.768-0400] {dag.py:3440} INFO - Setting next_dagrun for example_branch_datetime_operator to 2023-03-27T00:00:00+00:00, run_after=2023-03-28T00:00:00+00:00
[2023-03-28T11:01:56.769-0400] {logging_mixin.py:137} INFO - [2023-03-28T11:01:56.769-0400] {dag.py:3440} INFO - Setting next_dagrun for example_branch_datetime_operator_2 to 2023-03-27T00:00:00+00:00, run_after=2023-03-28T00:00:00+00:00
[2023-03-28T11:01:56.770-0400] {logging_mixin.py:137} INFO - [2023-03-28T11:01:56.770-0400] {dag.py:3440} INFO - Setting next_dagrun for example_branch_datetime_operator_3 to 2023-03-27T00:00:00+00:00, run_after=2023-03-28T00:00:00+00:00
[2023-03-28T11:01:56.785-0400] {processor.py:175} INFO - Processing /Users/sunanda/Downloads/airflow/py_env/lib/python3.9/site-packages/airflow/example_dags/example_branch_datetime_operator.py took 0.629 seconds
[2023-03-28T11:05:33.655-0400] {processor.py:153} INFO - Started process (PID=98189) to work on /Users/sunanda/Downloads/airflow/py_env/lib/python3.9/site-packages/airflow/example_dags/example_branch_datetime_operator.py
[2023-03-28T11:05:33.664-0400] {processor.py:743} INFO - Processing file /Users/sunanda/Downloads/airflow/py_env/lib/python3.9/site-packages/airflow/example_dags/example_branch_datetime_operator.py for tasks to queue
[2023-03-28T11:05:33.665-0400] {logging_mixin.py:137} INFO - [2023-03-28T11:05:33.665-0400] {dagbag.py:532} INFO - Filling up the DagBag from /Users/sunanda/Downloads/airflow/py_env/lib/python3.9/site-packages/airflow/example_dags/example_branch_datetime_operator.py
[2023-03-28T11:05:33.679-0400] {processor.py:753} INFO - DAG(s) dict_keys(['example_branch_datetime_operator', 'example_branch_datetime_operator_2', 'example_branch_datetime_operator_3']) retrieved from /Users/sunanda/Downloads/airflow/py_env/lib/python3.9/site-packages/airflow/example_dags/example_branch_datetime_operator.py
[2023-03-28T11:05:34.114-0400] {logging_mixin.py:137} INFO - [2023-03-28T11:05:34.114-0400] {dag.py:2693} INFO - Sync 3 DAGs
[2023-03-28T11:05:34.131-0400] {logging_mixin.py:137} INFO - [2023-03-28T11:05:34.131-0400] {dag.py:3440} INFO - Setting next_dagrun for example_branch_datetime_operator to 2023-03-27T00:00:00+00:00, run_after=2023-03-28T00:00:00+00:00
[2023-03-28T11:05:34.134-0400] {logging_mixin.py:137} INFO - [2023-03-28T11:05:34.134-0400] {dag.py:3440} INFO - Setting next_dagrun for example_branch_datetime_operator_2 to 2023-03-27T00:00:00+00:00, run_after=2023-03-28T00:00:00+00:00
[2023-03-28T11:05:34.136-0400] {logging_mixin.py:137} INFO - [2023-03-28T11:05:34.136-0400] {dag.py:3440} INFO - Setting next_dagrun for example_branch_datetime_operator_3 to 2023-03-27T00:00:00+00:00, run_after=2023-03-28T00:00:00+00:00
[2023-03-28T11:05:34.151-0400] {processor.py:175} INFO - Processing /Users/sunanda/Downloads/airflow/py_env/lib/python3.9/site-packages/airflow/example_dags/example_branch_datetime_operator.py took 0.499 seconds
[2023-03-28T11:09:22.142-0400] {processor.py:153} INFO - Started process (PID=98507) to work on /Users/sunanda/Downloads/airflow/py_env/lib/python3.9/site-packages/airflow/example_dags/example_branch_datetime_operator.py
[2023-03-28T11:09:22.157-0400] {processor.py:743} INFO - Processing file /Users/sunanda/Downloads/airflow/py_env/lib/python3.9/site-packages/airflow/example_dags/example_branch_datetime_operator.py for tasks to queue
[2023-03-28T11:09:22.157-0400] {logging_mixin.py:137} INFO - [2023-03-28T11:09:22.157-0400] {dagbag.py:532} INFO - Filling up the DagBag from /Users/sunanda/Downloads/airflow/py_env/lib/python3.9/site-packages/airflow/example_dags/example_branch_datetime_operator.py
[2023-03-28T11:09:22.185-0400] {processor.py:753} INFO - DAG(s) dict_keys(['example_branch_datetime_operator_3', 'example_branch_datetime_operator_2', 'example_branch_datetime_operator']) retrieved from /Users/sunanda/Downloads/airflow/py_env/lib/python3.9/site-packages/airflow/example_dags/example_branch_datetime_operator.py
[2023-03-28T11:09:22.761-0400] {logging_mixin.py:137} INFO - [2023-03-28T11:09:22.761-0400] {dag.py:2693} INFO - Sync 3 DAGs
[2023-03-28T11:09:22.777-0400] {logging_mixin.py:137} INFO - [2023-03-28T11:09:22.777-0400] {dag.py:3440} INFO - Setting next_dagrun for example_branch_datetime_operator to 2023-03-27T00:00:00+00:00, run_after=2023-03-28T00:00:00+00:00
[2023-03-28T11:09:22.782-0400] {logging_mixin.py:137} INFO - [2023-03-28T11:09:22.782-0400] {dag.py:3440} INFO - Setting next_dagrun for example_branch_datetime_operator_2 to 2023-03-27T00:00:00+00:00, run_after=2023-03-28T00:00:00+00:00
[2023-03-28T11:09:22.787-0400] {logging_mixin.py:137} INFO - [2023-03-28T11:09:22.787-0400] {dag.py:3440} INFO - Setting next_dagrun for example_branch_datetime_operator_3 to 2023-03-27T00:00:00+00:00, run_after=2023-03-28T00:00:00+00:00
[2023-03-28T11:09:22.805-0400] {processor.py:175} INFO - Processing /Users/sunanda/Downloads/airflow/py_env/lib/python3.9/site-packages/airflow/example_dags/example_branch_datetime_operator.py took 0.663 seconds
[2023-03-28T11:13:23.326-0400] {processor.py:153} INFO - Started process (PID=98812) to work on /Users/sunanda/Downloads/airflow/py_env/lib/python3.9/site-packages/airflow/example_dags/example_branch_datetime_operator.py
[2023-03-28T11:13:23.329-0400] {processor.py:743} INFO - Processing file /Users/sunanda/Downloads/airflow/py_env/lib/python3.9/site-packages/airflow/example_dags/example_branch_datetime_operator.py for tasks to queue
[2023-03-28T11:13:23.329-0400] {logging_mixin.py:137} INFO - [2023-03-28T11:13:23.329-0400] {dagbag.py:532} INFO - Filling up the DagBag from /Users/sunanda/Downloads/airflow/py_env/lib/python3.9/site-packages/airflow/example_dags/example_branch_datetime_operator.py
[2023-03-28T11:13:23.349-0400] {processor.py:753} INFO - DAG(s) dict_keys(['example_branch_datetime_operator_3', 'example_branch_datetime_operator_2', 'example_branch_datetime_operator']) retrieved from /Users/sunanda/Downloads/airflow/py_env/lib/python3.9/site-packages/airflow/example_dags/example_branch_datetime_operator.py
[2023-03-28T11:13:23.804-0400] {logging_mixin.py:137} INFO - [2023-03-28T11:13:23.804-0400] {dag.py:2693} INFO - Sync 3 DAGs
[2023-03-28T11:13:23.818-0400] {logging_mixin.py:137} INFO - [2023-03-28T11:13:23.818-0400] {dag.py:3440} INFO - Setting next_dagrun for example_branch_datetime_operator to 2023-03-27T00:00:00+00:00, run_after=2023-03-28T00:00:00+00:00
[2023-03-28T11:13:23.820-0400] {logging_mixin.py:137} INFO - [2023-03-28T11:13:23.820-0400] {dag.py:3440} INFO - Setting next_dagrun for example_branch_datetime_operator_2 to 2023-03-27T00:00:00+00:00, run_after=2023-03-28T00:00:00+00:00
[2023-03-28T11:13:23.823-0400] {logging_mixin.py:137} INFO - [2023-03-28T11:13:23.823-0400] {dag.py:3440} INFO - Setting next_dagrun for example_branch_datetime_operator_3 to 2023-03-27T00:00:00+00:00, run_after=2023-03-28T00:00:00+00:00
[2023-03-28T11:13:23.836-0400] {processor.py:175} INFO - Processing /Users/sunanda/Downloads/airflow/py_env/lib/python3.9/site-packages/airflow/example_dags/example_branch_datetime_operator.py took 0.510 seconds
[2023-03-28T11:17:16.950-0400] {processor.py:153} INFO - Started process (PID=99118) to work on /Users/sunanda/Downloads/airflow/py_env/lib/python3.9/site-packages/airflow/example_dags/example_branch_datetime_operator.py
[2023-03-28T11:17:16.957-0400] {processor.py:743} INFO - Processing file /Users/sunanda/Downloads/airflow/py_env/lib/python3.9/site-packages/airflow/example_dags/example_branch_datetime_operator.py for tasks to queue
[2023-03-28T11:17:16.957-0400] {logging_mixin.py:137} INFO - [2023-03-28T11:17:16.957-0400] {dagbag.py:532} INFO - Filling up the DagBag from /Users/sunanda/Downloads/airflow/py_env/lib/python3.9/site-packages/airflow/example_dags/example_branch_datetime_operator.py
[2023-03-28T11:17:17.015-0400] {processor.py:753} INFO - DAG(s) dict_keys(['example_branch_datetime_operator', 'example_branch_datetime_operator_2', 'example_branch_datetime_operator_3']) retrieved from /Users/sunanda/Downloads/airflow/py_env/lib/python3.9/site-packages/airflow/example_dags/example_branch_datetime_operator.py
[2023-03-28T11:17:17.419-0400] {logging_mixin.py:137} INFO - [2023-03-28T11:17:17.419-0400] {dag.py:2693} INFO - Sync 3 DAGs
[2023-03-28T11:17:17.441-0400] {logging_mixin.py:137} INFO - [2023-03-28T11:17:17.441-0400] {dag.py:3440} INFO - Setting next_dagrun for example_branch_datetime_operator to 2023-03-27T00:00:00+00:00, run_after=2023-03-28T00:00:00+00:00
[2023-03-28T11:17:17.443-0400] {logging_mixin.py:137} INFO - [2023-03-28T11:17:17.443-0400] {dag.py:3440} INFO - Setting next_dagrun for example_branch_datetime_operator_2 to 2023-03-27T00:00:00+00:00, run_after=2023-03-28T00:00:00+00:00
[2023-03-28T11:17:17.470-0400] {logging_mixin.py:137} INFO - [2023-03-28T11:17:17.468-0400] {dag.py:3440} INFO - Setting next_dagrun for example_branch_datetime_operator_3 to 2023-03-27T00:00:00+00:00, run_after=2023-03-28T00:00:00+00:00
[2023-03-28T11:17:17.494-0400] {processor.py:175} INFO - Processing /Users/sunanda/Downloads/airflow/py_env/lib/python3.9/site-packages/airflow/example_dags/example_branch_datetime_operator.py took 0.544 seconds
[2023-03-28T11:21:08.738-0400] {processor.py:153} INFO - Started process (PID=99410) to work on /Users/sunanda/Downloads/airflow/py_env/lib/python3.9/site-packages/airflow/example_dags/example_branch_datetime_operator.py
[2023-03-28T11:21:08.762-0400] {processor.py:743} INFO - Processing file /Users/sunanda/Downloads/airflow/py_env/lib/python3.9/site-packages/airflow/example_dags/example_branch_datetime_operator.py for tasks to queue
[2023-03-28T11:21:08.762-0400] {logging_mixin.py:137} INFO - [2023-03-28T11:21:08.762-0400] {dagbag.py:532} INFO - Filling up the DagBag from /Users/sunanda/Downloads/airflow/py_env/lib/python3.9/site-packages/airflow/example_dags/example_branch_datetime_operator.py
[2023-03-28T11:21:08.775-0400] {processor.py:753} INFO - DAG(s) dict_keys(['example_branch_datetime_operator_3', 'example_branch_datetime_operator', 'example_branch_datetime_operator_2']) retrieved from /Users/sunanda/Downloads/airflow/py_env/lib/python3.9/site-packages/airflow/example_dags/example_branch_datetime_operator.py
[2023-03-28T11:21:09.287-0400] {logging_mixin.py:137} INFO - [2023-03-28T11:21:09.286-0400] {dag.py:2693} INFO - Sync 3 DAGs
[2023-03-28T11:21:09.294-0400] {logging_mixin.py:137} INFO - [2023-03-28T11:21:09.294-0400] {dag.py:3440} INFO - Setting next_dagrun for example_branch_datetime_operator to 2023-03-27T00:00:00+00:00, run_after=2023-03-28T00:00:00+00:00
[2023-03-28T11:21:09.297-0400] {logging_mixin.py:137} INFO - [2023-03-28T11:21:09.297-0400] {dag.py:3440} INFO - Setting next_dagrun for example_branch_datetime_operator_2 to 2023-03-27T00:00:00+00:00, run_after=2023-03-28T00:00:00+00:00
[2023-03-28T11:21:09.299-0400] {logging_mixin.py:137} INFO - [2023-03-28T11:21:09.299-0400] {dag.py:3440} INFO - Setting next_dagrun for example_branch_datetime_operator_3 to 2023-03-27T00:00:00+00:00, run_after=2023-03-28T00:00:00+00:00
[2023-03-28T11:21:09.311-0400] {processor.py:175} INFO - Processing /Users/sunanda/Downloads/airflow/py_env/lib/python3.9/site-packages/airflow/example_dags/example_branch_datetime_operator.py took 0.575 seconds
[2023-03-28T11:24:59.818-0400] {processor.py:153} INFO - Started process (PID=99707) to work on /Users/sunanda/Downloads/airflow/py_env/lib/python3.9/site-packages/airflow/example_dags/example_branch_datetime_operator.py
[2023-03-28T11:24:59.821-0400] {processor.py:743} INFO - Processing file /Users/sunanda/Downloads/airflow/py_env/lib/python3.9/site-packages/airflow/example_dags/example_branch_datetime_operator.py for tasks to queue
[2023-03-28T11:24:59.821-0400] {logging_mixin.py:137} INFO - [2023-03-28T11:24:59.821-0400] {dagbag.py:532} INFO - Filling up the DagBag from /Users/sunanda/Downloads/airflow/py_env/lib/python3.9/site-packages/airflow/example_dags/example_branch_datetime_operator.py
[2023-03-28T11:24:59.835-0400] {processor.py:753} INFO - DAG(s) dict_keys(['example_branch_datetime_operator_3', 'example_branch_datetime_operator', 'example_branch_datetime_operator_2']) retrieved from /Users/sunanda/Downloads/airflow/py_env/lib/python3.9/site-packages/airflow/example_dags/example_branch_datetime_operator.py
[2023-03-28T11:25:00.426-0400] {logging_mixin.py:137} INFO - [2023-03-28T11:25:00.426-0400] {dag.py:2693} INFO - Sync 3 DAGs
[2023-03-28T11:25:00.434-0400] {logging_mixin.py:137} INFO - [2023-03-28T11:25:00.434-0400] {dag.py:3440} INFO - Setting next_dagrun for example_branch_datetime_operator to 2023-03-27T00:00:00+00:00, run_after=2023-03-28T00:00:00+00:00
[2023-03-28T11:25:00.438-0400] {logging_mixin.py:137} INFO - [2023-03-28T11:25:00.438-0400] {dag.py:3440} INFO - Setting next_dagrun for example_branch_datetime_operator_2 to 2023-03-27T00:00:00+00:00, run_after=2023-03-28T00:00:00+00:00
[2023-03-28T11:25:00.441-0400] {logging_mixin.py:137} INFO - [2023-03-28T11:25:00.441-0400] {dag.py:3440} INFO - Setting next_dagrun for example_branch_datetime_operator_3 to 2023-03-27T00:00:00+00:00, run_after=2023-03-28T00:00:00+00:00
[2023-03-28T11:25:00.463-0400] {processor.py:175} INFO - Processing /Users/sunanda/Downloads/airflow/py_env/lib/python3.9/site-packages/airflow/example_dags/example_branch_datetime_operator.py took 0.646 seconds
[2023-03-28T11:29:34.186-0400] {processor.py:153} INFO - Started process (PID=168) to work on /Users/sunanda/Downloads/airflow/py_env/lib/python3.9/site-packages/airflow/example_dags/example_branch_datetime_operator.py
[2023-03-28T11:29:34.194-0400] {processor.py:743} INFO - Processing file /Users/sunanda/Downloads/airflow/py_env/lib/python3.9/site-packages/airflow/example_dags/example_branch_datetime_operator.py for tasks to queue
[2023-03-28T11:29:34.195-0400] {logging_mixin.py:137} INFO - [2023-03-28T11:29:34.195-0400] {dagbag.py:532} INFO - Filling up the DagBag from /Users/sunanda/Downloads/airflow/py_env/lib/python3.9/site-packages/airflow/example_dags/example_branch_datetime_operator.py
[2023-03-28T11:29:34.228-0400] {processor.py:753} INFO - DAG(s) dict_keys(['example_branch_datetime_operator_2', 'example_branch_datetime_operator_3', 'example_branch_datetime_operator']) retrieved from /Users/sunanda/Downloads/airflow/py_env/lib/python3.9/site-packages/airflow/example_dags/example_branch_datetime_operator.py
[2023-03-28T11:29:34.750-0400] {logging_mixin.py:137} INFO - [2023-03-28T11:29:34.749-0400] {dag.py:2693} INFO - Sync 3 DAGs
[2023-03-28T11:29:34.766-0400] {logging_mixin.py:137} INFO - [2023-03-28T11:29:34.765-0400] {dag.py:3440} INFO - Setting next_dagrun for example_branch_datetime_operator to 2023-03-27T00:00:00+00:00, run_after=2023-03-28T00:00:00+00:00
[2023-03-28T11:29:34.769-0400] {logging_mixin.py:137} INFO - [2023-03-28T11:29:34.769-0400] {dag.py:3440} INFO - Setting next_dagrun for example_branch_datetime_operator_2 to 2023-03-27T00:00:00+00:00, run_after=2023-03-28T00:00:00+00:00
[2023-03-28T11:29:34.772-0400] {logging_mixin.py:137} INFO - [2023-03-28T11:29:34.772-0400] {dag.py:3440} INFO - Setting next_dagrun for example_branch_datetime_operator_3 to 2023-03-27T00:00:00+00:00, run_after=2023-03-28T00:00:00+00:00
[2023-03-28T11:29:34.785-0400] {processor.py:175} INFO - Processing /Users/sunanda/Downloads/airflow/py_env/lib/python3.9/site-packages/airflow/example_dags/example_branch_datetime_operator.py took 0.600 seconds
[2023-03-28T11:40:02.095-0400] {processor.py:153} INFO - Started process (PID=643) to work on /Users/sunanda/Downloads/airflow/py_env/lib/python3.9/site-packages/airflow/example_dags/example_branch_datetime_operator.py
[2023-03-28T11:40:02.097-0400] {processor.py:743} INFO - Processing file /Users/sunanda/Downloads/airflow/py_env/lib/python3.9/site-packages/airflow/example_dags/example_branch_datetime_operator.py for tasks to queue
[2023-03-28T11:40:02.098-0400] {logging_mixin.py:137} INFO - [2023-03-28T11:40:02.098-0400] {dagbag.py:532} INFO - Filling up the DagBag from /Users/sunanda/Downloads/airflow/py_env/lib/python3.9/site-packages/airflow/example_dags/example_branch_datetime_operator.py
[2023-03-28T11:40:02.112-0400] {processor.py:753} INFO - DAG(s) dict_keys(['example_branch_datetime_operator_2', 'example_branch_datetime_operator_3', 'example_branch_datetime_operator']) retrieved from /Users/sunanda/Downloads/airflow/py_env/lib/python3.9/site-packages/airflow/example_dags/example_branch_datetime_operator.py
[2023-03-28T11:40:02.621-0400] {logging_mixin.py:137} INFO - [2023-03-28T11:40:02.621-0400] {dag.py:2693} INFO - Sync 3 DAGs
[2023-03-28T11:40:02.644-0400] {logging_mixin.py:137} INFO - [2023-03-28T11:40:02.644-0400] {dag.py:3440} INFO - Setting next_dagrun for example_branch_datetime_operator to 2023-03-27T00:00:00+00:00, run_after=2023-03-28T00:00:00+00:00
[2023-03-28T11:40:02.648-0400] {logging_mixin.py:137} INFO - [2023-03-28T11:40:02.648-0400] {dag.py:3440} INFO - Setting next_dagrun for example_branch_datetime_operator_2 to 2023-03-27T00:00:00+00:00, run_after=2023-03-28T00:00:00+00:00
[2023-03-28T11:40:02.652-0400] {logging_mixin.py:137} INFO - [2023-03-28T11:40:02.652-0400] {dag.py:3440} INFO - Setting next_dagrun for example_branch_datetime_operator_3 to 2023-03-27T00:00:00+00:00, run_after=2023-03-28T00:00:00+00:00
[2023-03-28T11:40:02.667-0400] {processor.py:175} INFO - Processing /Users/sunanda/Downloads/airflow/py_env/lib/python3.9/site-packages/airflow/example_dags/example_branch_datetime_operator.py took 0.572 seconds
[2023-03-28T11:43:51.359-0400] {processor.py:153} INFO - Started process (PID=966) to work on /Users/sunanda/Downloads/airflow/py_env/lib/python3.9/site-packages/airflow/example_dags/example_branch_datetime_operator.py
[2023-03-28T11:43:51.368-0400] {processor.py:743} INFO - Processing file /Users/sunanda/Downloads/airflow/py_env/lib/python3.9/site-packages/airflow/example_dags/example_branch_datetime_operator.py for tasks to queue
[2023-03-28T11:43:51.369-0400] {logging_mixin.py:137} INFO - [2023-03-28T11:43:51.369-0400] {dagbag.py:532} INFO - Filling up the DagBag from /Users/sunanda/Downloads/airflow/py_env/lib/python3.9/site-packages/airflow/example_dags/example_branch_datetime_operator.py
[2023-03-28T11:43:51.418-0400] {processor.py:753} INFO - DAG(s) dict_keys(['example_branch_datetime_operator', 'example_branch_datetime_operator_2', 'example_branch_datetime_operator_3']) retrieved from /Users/sunanda/Downloads/airflow/py_env/lib/python3.9/site-packages/airflow/example_dags/example_branch_datetime_operator.py
[2023-03-28T11:43:52.140-0400] {logging_mixin.py:137} INFO - [2023-03-28T11:43:52.140-0400] {dag.py:2693} INFO - Sync 3 DAGs
[2023-03-28T11:43:52.150-0400] {logging_mixin.py:137} INFO - [2023-03-28T11:43:52.149-0400] {dag.py:3440} INFO - Setting next_dagrun for example_branch_datetime_operator to 2023-03-27T00:00:00+00:00, run_after=2023-03-28T00:00:00+00:00
[2023-03-28T11:43:52.151-0400] {logging_mixin.py:137} INFO - [2023-03-28T11:43:52.151-0400] {dag.py:3440} INFO - Setting next_dagrun for example_branch_datetime_operator_2 to 2023-03-27T00:00:00+00:00, run_after=2023-03-28T00:00:00+00:00
[2023-03-28T11:43:52.152-0400] {logging_mixin.py:137} INFO - [2023-03-28T11:43:52.152-0400] {dag.py:3440} INFO - Setting next_dagrun for example_branch_datetime_operator_3 to 2023-03-27T00:00:00+00:00, run_after=2023-03-28T00:00:00+00:00
[2023-03-28T11:43:52.171-0400] {processor.py:175} INFO - Processing /Users/sunanda/Downloads/airflow/py_env/lib/python3.9/site-packages/airflow/example_dags/example_branch_datetime_operator.py took 0.812 seconds
[2023-03-28T11:47:30.963-0400] {processor.py:153} INFO - Started process (PID=1292) to work on /Users/sunanda/Downloads/airflow/py_env/lib/python3.9/site-packages/airflow/example_dags/example_branch_datetime_operator.py
[2023-03-28T11:47:30.968-0400] {processor.py:743} INFO - Processing file /Users/sunanda/Downloads/airflow/py_env/lib/python3.9/site-packages/airflow/example_dags/example_branch_datetime_operator.py for tasks to queue
[2023-03-28T11:47:30.968-0400] {logging_mixin.py:137} INFO - [2023-03-28T11:47:30.968-0400] {dagbag.py:532} INFO - Filling up the DagBag from /Users/sunanda/Downloads/airflow/py_env/lib/python3.9/site-packages/airflow/example_dags/example_branch_datetime_operator.py
[2023-03-28T11:47:30.994-0400] {processor.py:753} INFO - DAG(s) dict_keys(['example_branch_datetime_operator', 'example_branch_datetime_operator_2', 'example_branch_datetime_operator_3']) retrieved from /Users/sunanda/Downloads/airflow/py_env/lib/python3.9/site-packages/airflow/example_dags/example_branch_datetime_operator.py
[2023-03-28T11:47:31.650-0400] {logging_mixin.py:137} INFO - [2023-03-28T11:47:31.650-0400] {dag.py:2693} INFO - Sync 3 DAGs
[2023-03-28T11:47:31.658-0400] {logging_mixin.py:137} INFO - [2023-03-28T11:47:31.658-0400] {dag.py:3440} INFO - Setting next_dagrun for example_branch_datetime_operator to 2023-03-27T00:00:00+00:00, run_after=2023-03-28T00:00:00+00:00
[2023-03-28T11:47:31.661-0400] {logging_mixin.py:137} INFO - [2023-03-28T11:47:31.661-0400] {dag.py:3440} INFO - Setting next_dagrun for example_branch_datetime_operator_2 to 2023-03-27T00:00:00+00:00, run_after=2023-03-28T00:00:00+00:00
[2023-03-28T11:47:31.662-0400] {logging_mixin.py:137} INFO - [2023-03-28T11:47:31.662-0400] {dag.py:3440} INFO - Setting next_dagrun for example_branch_datetime_operator_3 to 2023-03-27T00:00:00+00:00, run_after=2023-03-28T00:00:00+00:00
[2023-03-28T11:47:31.671-0400] {processor.py:175} INFO - Processing /Users/sunanda/Downloads/airflow/py_env/lib/python3.9/site-packages/airflow/example_dags/example_branch_datetime_operator.py took 0.709 seconds
[2023-03-28T11:51:44.094-0400] {processor.py:153} INFO - Started process (PID=1685) to work on /Users/sunanda/Downloads/airflow/py_env/lib/python3.9/site-packages/airflow/example_dags/example_branch_datetime_operator.py
[2023-03-28T11:51:44.097-0400] {processor.py:743} INFO - Processing file /Users/sunanda/Downloads/airflow/py_env/lib/python3.9/site-packages/airflow/example_dags/example_branch_datetime_operator.py for tasks to queue
[2023-03-28T11:51:44.097-0400] {logging_mixin.py:137} INFO - [2023-03-28T11:51:44.097-0400] {dagbag.py:532} INFO - Filling up the DagBag from /Users/sunanda/Downloads/airflow/py_env/lib/python3.9/site-packages/airflow/example_dags/example_branch_datetime_operator.py
[2023-03-28T11:51:44.111-0400] {processor.py:753} INFO - DAG(s) dict_keys(['example_branch_datetime_operator_2', 'example_branch_datetime_operator', 'example_branch_datetime_operator_3']) retrieved from /Users/sunanda/Downloads/airflow/py_env/lib/python3.9/site-packages/airflow/example_dags/example_branch_datetime_operator.py
[2023-03-28T11:51:44.566-0400] {logging_mixin.py:137} INFO - [2023-03-28T11:51:44.566-0400] {dag.py:2693} INFO - Sync 3 DAGs
[2023-03-28T11:51:44.575-0400] {logging_mixin.py:137} INFO - [2023-03-28T11:51:44.575-0400] {dag.py:3440} INFO - Setting next_dagrun for example_branch_datetime_operator to 2023-03-27T00:00:00+00:00, run_after=2023-03-28T00:00:00+00:00
[2023-03-28T11:51:44.579-0400] {logging_mixin.py:137} INFO - [2023-03-28T11:51:44.579-0400] {dag.py:3440} INFO - Setting next_dagrun for example_branch_datetime_operator_2 to 2023-03-27T00:00:00+00:00, run_after=2023-03-28T00:00:00+00:00
[2023-03-28T11:51:44.583-0400] {logging_mixin.py:137} INFO - [2023-03-28T11:51:44.583-0400] {dag.py:3440} INFO - Setting next_dagrun for example_branch_datetime_operator_3 to 2023-03-27T00:00:00+00:00, run_after=2023-03-28T00:00:00+00:00
[2023-03-28T11:51:44.593-0400] {processor.py:175} INFO - Processing /Users/sunanda/Downloads/airflow/py_env/lib/python3.9/site-packages/airflow/example_dags/example_branch_datetime_operator.py took 0.518 seconds
[2023-03-28T11:55:47.978-0400] {processor.py:153} INFO - Started process (PID=2008) to work on /Users/sunanda/Downloads/airflow/py_env/lib/python3.9/site-packages/airflow/example_dags/example_branch_datetime_operator.py
[2023-03-28T11:55:47.988-0400] {processor.py:743} INFO - Processing file /Users/sunanda/Downloads/airflow/py_env/lib/python3.9/site-packages/airflow/example_dags/example_branch_datetime_operator.py for tasks to queue
[2023-03-28T11:55:47.988-0400] {logging_mixin.py:137} INFO - [2023-03-28T11:55:47.988-0400] {dagbag.py:532} INFO - Filling up the DagBag from /Users/sunanda/Downloads/airflow/py_env/lib/python3.9/site-packages/airflow/example_dags/example_branch_datetime_operator.py
[2023-03-28T11:55:48.003-0400] {processor.py:753} INFO - DAG(s) dict_keys(['example_branch_datetime_operator', 'example_branch_datetime_operator_3', 'example_branch_datetime_operator_2']) retrieved from /Users/sunanda/Downloads/airflow/py_env/lib/python3.9/site-packages/airflow/example_dags/example_branch_datetime_operator.py
[2023-03-28T11:55:48.514-0400] {logging_mixin.py:137} INFO - [2023-03-28T11:55:48.514-0400] {dag.py:2693} INFO - Sync 3 DAGs
[2023-03-28T11:55:48.533-0400] {logging_mixin.py:137} INFO - [2023-03-28T11:55:48.533-0400] {dag.py:3440} INFO - Setting next_dagrun for example_branch_datetime_operator to 2023-03-27T00:00:00+00:00, run_after=2023-03-28T00:00:00+00:00
[2023-03-28T11:55:48.535-0400] {logging_mixin.py:137} INFO - [2023-03-28T11:55:48.535-0400] {dag.py:3440} INFO - Setting next_dagrun for example_branch_datetime_operator_2 to 2023-03-27T00:00:00+00:00, run_after=2023-03-28T00:00:00+00:00
[2023-03-28T11:55:48.535-0400] {logging_mixin.py:137} INFO - [2023-03-28T11:55:48.535-0400] {dag.py:3440} INFO - Setting next_dagrun for example_branch_datetime_operator_3 to 2023-03-27T00:00:00+00:00, run_after=2023-03-28T00:00:00+00:00
[2023-03-28T11:55:48.561-0400] {processor.py:175} INFO - Processing /Users/sunanda/Downloads/airflow/py_env/lib/python3.9/site-packages/airflow/example_dags/example_branch_datetime_operator.py took 0.583 seconds
[2023-03-28T11:59:32.459-0400] {processor.py:153} INFO - Started process (PID=2319) to work on /Users/sunanda/Downloads/airflow/py_env/lib/python3.9/site-packages/airflow/example_dags/example_branch_datetime_operator.py
[2023-03-28T11:59:32.474-0400] {processor.py:743} INFO - Processing file /Users/sunanda/Downloads/airflow/py_env/lib/python3.9/site-packages/airflow/example_dags/example_branch_datetime_operator.py for tasks to queue
[2023-03-28T11:59:32.474-0400] {logging_mixin.py:137} INFO - [2023-03-28T11:59:32.474-0400] {dagbag.py:532} INFO - Filling up the DagBag from /Users/sunanda/Downloads/airflow/py_env/lib/python3.9/site-packages/airflow/example_dags/example_branch_datetime_operator.py
[2023-03-28T11:59:32.487-0400] {processor.py:753} INFO - DAG(s) dict_keys(['example_branch_datetime_operator', 'example_branch_datetime_operator_2', 'example_branch_datetime_operator_3']) retrieved from /Users/sunanda/Downloads/airflow/py_env/lib/python3.9/site-packages/airflow/example_dags/example_branch_datetime_operator.py
[2023-03-28T11:59:33.047-0400] {logging_mixin.py:137} INFO - [2023-03-28T11:59:33.047-0400] {dag.py:2693} INFO - Sync 3 DAGs
[2023-03-28T11:59:33.061-0400] {logging_mixin.py:137} INFO - [2023-03-28T11:59:33.061-0400] {dag.py:3440} INFO - Setting next_dagrun for example_branch_datetime_operator to 2023-03-27T00:00:00+00:00, run_after=2023-03-28T00:00:00+00:00
[2023-03-28T11:59:33.064-0400] {logging_mixin.py:137} INFO - [2023-03-28T11:59:33.064-0400] {dag.py:3440} INFO - Setting next_dagrun for example_branch_datetime_operator_2 to 2023-03-27T00:00:00+00:00, run_after=2023-03-28T00:00:00+00:00
[2023-03-28T11:59:33.065-0400] {logging_mixin.py:137} INFO - [2023-03-28T11:59:33.065-0400] {dag.py:3440} INFO - Setting next_dagrun for example_branch_datetime_operator_3 to 2023-03-27T00:00:00+00:00, run_after=2023-03-28T00:00:00+00:00
[2023-03-28T11:59:33.078-0400] {processor.py:175} INFO - Processing /Users/sunanda/Downloads/airflow/py_env/lib/python3.9/site-packages/airflow/example_dags/example_branch_datetime_operator.py took 0.621 seconds
[2023-03-28T12:03:24.495-0400] {processor.py:153} INFO - Started process (PID=2667) to work on /Users/sunanda/Downloads/airflow/py_env/lib/python3.9/site-packages/airflow/example_dags/example_branch_datetime_operator.py
[2023-03-28T12:03:24.504-0400] {processor.py:743} INFO - Processing file /Users/sunanda/Downloads/airflow/py_env/lib/python3.9/site-packages/airflow/example_dags/example_branch_datetime_operator.py for tasks to queue
[2023-03-28T12:03:24.505-0400] {logging_mixin.py:137} INFO - [2023-03-28T12:03:24.504-0400] {dagbag.py:532} INFO - Filling up the DagBag from /Users/sunanda/Downloads/airflow/py_env/lib/python3.9/site-packages/airflow/example_dags/example_branch_datetime_operator.py
[2023-03-28T12:03:24.522-0400] {processor.py:753} INFO - DAG(s) dict_keys(['example_branch_datetime_operator_3', 'example_branch_datetime_operator_2', 'example_branch_datetime_operator']) retrieved from /Users/sunanda/Downloads/airflow/py_env/lib/python3.9/site-packages/airflow/example_dags/example_branch_datetime_operator.py
[2023-03-28T12:03:25.055-0400] {logging_mixin.py:137} INFO - [2023-03-28T12:03:25.055-0400] {dag.py:2693} INFO - Sync 3 DAGs
[2023-03-28T12:03:25.075-0400] {logging_mixin.py:137} INFO - [2023-03-28T12:03:25.075-0400] {dag.py:3440} INFO - Setting next_dagrun for example_branch_datetime_operator to 2023-03-27T00:00:00+00:00, run_after=2023-03-28T00:00:00+00:00
[2023-03-28T12:03:25.078-0400] {logging_mixin.py:137} INFO - [2023-03-28T12:03:25.078-0400] {dag.py:3440} INFO - Setting next_dagrun for example_branch_datetime_operator_2 to 2023-03-27T00:00:00+00:00, run_after=2023-03-28T00:00:00+00:00
[2023-03-28T12:03:25.081-0400] {logging_mixin.py:137} INFO - [2023-03-28T12:03:25.080-0400] {dag.py:3440} INFO - Setting next_dagrun for example_branch_datetime_operator_3 to 2023-03-27T00:00:00+00:00, run_after=2023-03-28T00:00:00+00:00
[2023-03-28T12:03:25.094-0400] {processor.py:175} INFO - Processing /Users/sunanda/Downloads/airflow/py_env/lib/python3.9/site-packages/airflow/example_dags/example_branch_datetime_operator.py took 0.599 seconds
[2023-03-28T12:07:14.104-0400] {processor.py:153} INFO - Started process (PID=3014) to work on /Users/sunanda/Downloads/airflow/py_env/lib/python3.9/site-packages/airflow/example_dags/example_branch_datetime_operator.py
[2023-03-28T12:07:14.107-0400] {processor.py:743} INFO - Processing file /Users/sunanda/Downloads/airflow/py_env/lib/python3.9/site-packages/airflow/example_dags/example_branch_datetime_operator.py for tasks to queue
[2023-03-28T12:07:14.107-0400] {logging_mixin.py:137} INFO - [2023-03-28T12:07:14.107-0400] {dagbag.py:532} INFO - Filling up the DagBag from /Users/sunanda/Downloads/airflow/py_env/lib/python3.9/site-packages/airflow/example_dags/example_branch_datetime_operator.py
[2023-03-28T12:07:14.125-0400] {processor.py:753} INFO - DAG(s) dict_keys(['example_branch_datetime_operator_3', 'example_branch_datetime_operator_2', 'example_branch_datetime_operator']) retrieved from /Users/sunanda/Downloads/airflow/py_env/lib/python3.9/site-packages/airflow/example_dags/example_branch_datetime_operator.py
[2023-03-28T12:07:14.880-0400] {logging_mixin.py:137} INFO - [2023-03-28T12:07:14.880-0400] {dag.py:2693} INFO - Sync 3 DAGs
[2023-03-28T12:07:14.899-0400] {logging_mixin.py:137} INFO - [2023-03-28T12:07:14.899-0400] {dag.py:3440} INFO - Setting next_dagrun for example_branch_datetime_operator to 2023-03-27T00:00:00+00:00, run_after=2023-03-28T00:00:00+00:00
[2023-03-28T12:07:14.901-0400] {logging_mixin.py:137} INFO - [2023-03-28T12:07:14.901-0400] {dag.py:3440} INFO - Setting next_dagrun for example_branch_datetime_operator_2 to 2023-03-27T00:00:00+00:00, run_after=2023-03-28T00:00:00+00:00
[2023-03-28T12:07:14.901-0400] {logging_mixin.py:137} INFO - [2023-03-28T12:07:14.901-0400] {dag.py:3440} INFO - Setting next_dagrun for example_branch_datetime_operator_3 to 2023-03-27T00:00:00+00:00, run_after=2023-03-28T00:00:00+00:00
[2023-03-28T12:07:14.918-0400] {processor.py:175} INFO - Processing /Users/sunanda/Downloads/airflow/py_env/lib/python3.9/site-packages/airflow/example_dags/example_branch_datetime_operator.py took 0.813 seconds
[2023-03-28T12:11:17.910-0400] {processor.py:153} INFO - Started process (PID=3458) to work on /Users/sunanda/Downloads/airflow/py_env/lib/python3.9/site-packages/airflow/example_dags/example_branch_datetime_operator.py
[2023-03-28T12:11:17.913-0400] {processor.py:743} INFO - Processing file /Users/sunanda/Downloads/airflow/py_env/lib/python3.9/site-packages/airflow/example_dags/example_branch_datetime_operator.py for tasks to queue
[2023-03-28T12:11:17.913-0400] {logging_mixin.py:137} INFO - [2023-03-28T12:11:17.913-0400] {dagbag.py:532} INFO - Filling up the DagBag from /Users/sunanda/Downloads/airflow/py_env/lib/python3.9/site-packages/airflow/example_dags/example_branch_datetime_operator.py
[2023-03-28T12:11:17.953-0400] {processor.py:753} INFO - DAG(s) dict_keys(['example_branch_datetime_operator', 'example_branch_datetime_operator_2', 'example_branch_datetime_operator_3']) retrieved from /Users/sunanda/Downloads/airflow/py_env/lib/python3.9/site-packages/airflow/example_dags/example_branch_datetime_operator.py
[2023-03-28T12:11:18.464-0400] {logging_mixin.py:137} INFO - [2023-03-28T12:11:18.463-0400] {dag.py:2693} INFO - Sync 3 DAGs
[2023-03-28T12:11:18.483-0400] {logging_mixin.py:137} INFO - [2023-03-28T12:11:18.483-0400] {dag.py:3440} INFO - Setting next_dagrun for example_branch_datetime_operator to 2023-03-27T00:00:00+00:00, run_after=2023-03-28T00:00:00+00:00
[2023-03-28T12:11:18.487-0400] {logging_mixin.py:137} INFO - [2023-03-28T12:11:18.487-0400] {dag.py:3440} INFO - Setting next_dagrun for example_branch_datetime_operator_2 to 2023-03-27T00:00:00+00:00, run_after=2023-03-28T00:00:00+00:00
[2023-03-28T12:11:18.490-0400] {logging_mixin.py:137} INFO - [2023-03-28T12:11:18.490-0400] {dag.py:3440} INFO - Setting next_dagrun for example_branch_datetime_operator_3 to 2023-03-27T00:00:00+00:00, run_after=2023-03-28T00:00:00+00:00
[2023-03-28T12:11:18.509-0400] {processor.py:175} INFO - Processing /Users/sunanda/Downloads/airflow/py_env/lib/python3.9/site-packages/airflow/example_dags/example_branch_datetime_operator.py took 0.599 seconds
[2023-03-28T12:15:57.495-0400] {processor.py:153} INFO - Started process (PID=3905) to work on /Users/sunanda/Downloads/airflow/py_env/lib/python3.9/site-packages/airflow/example_dags/example_branch_datetime_operator.py
[2023-03-28T12:15:57.515-0400] {processor.py:743} INFO - Processing file /Users/sunanda/Downloads/airflow/py_env/lib/python3.9/site-packages/airflow/example_dags/example_branch_datetime_operator.py for tasks to queue
[2023-03-28T12:15:57.515-0400] {logging_mixin.py:137} INFO - [2023-03-28T12:15:57.515-0400] {dagbag.py:532} INFO - Filling up the DagBag from /Users/sunanda/Downloads/airflow/py_env/lib/python3.9/site-packages/airflow/example_dags/example_branch_datetime_operator.py
[2023-03-28T12:15:57.529-0400] {processor.py:753} INFO - DAG(s) dict_keys(['example_branch_datetime_operator', 'example_branch_datetime_operator_3', 'example_branch_datetime_operator_2']) retrieved from /Users/sunanda/Downloads/airflow/py_env/lib/python3.9/site-packages/airflow/example_dags/example_branch_datetime_operator.py
[2023-03-28T12:15:58.009-0400] {logging_mixin.py:137} INFO - [2023-03-28T12:15:58.009-0400] {dag.py:2693} INFO - Sync 3 DAGs
[2023-03-28T12:15:58.022-0400] {logging_mixin.py:137} INFO - [2023-03-28T12:15:58.022-0400] {dag.py:3440} INFO - Setting next_dagrun for example_branch_datetime_operator to 2023-03-27T00:00:00+00:00, run_after=2023-03-28T00:00:00+00:00
[2023-03-28T12:15:58.024-0400] {logging_mixin.py:137} INFO - [2023-03-28T12:15:58.024-0400] {dag.py:3440} INFO - Setting next_dagrun for example_branch_datetime_operator_2 to 2023-03-27T00:00:00+00:00, run_after=2023-03-28T00:00:00+00:00
[2023-03-28T12:15:58.025-0400] {logging_mixin.py:137} INFO - [2023-03-28T12:15:58.025-0400] {dag.py:3440} INFO - Setting next_dagrun for example_branch_datetime_operator_3 to 2023-03-27T00:00:00+00:00, run_after=2023-03-28T00:00:00+00:00
[2023-03-28T12:15:58.036-0400] {processor.py:175} INFO - Processing /Users/sunanda/Downloads/airflow/py_env/lib/python3.9/site-packages/airflow/example_dags/example_branch_datetime_operator.py took 0.543 seconds
[2023-03-28T12:19:43.816-0400] {processor.py:153} INFO - Started process (PID=4213) to work on /Users/sunanda/Downloads/airflow/py_env/lib/python3.9/site-packages/airflow/example_dags/example_branch_datetime_operator.py
[2023-03-28T12:19:43.819-0400] {processor.py:743} INFO - Processing file /Users/sunanda/Downloads/airflow/py_env/lib/python3.9/site-packages/airflow/example_dags/example_branch_datetime_operator.py for tasks to queue
[2023-03-28T12:19:43.819-0400] {logging_mixin.py:137} INFO - [2023-03-28T12:19:43.819-0400] {dagbag.py:532} INFO - Filling up the DagBag from /Users/sunanda/Downloads/airflow/py_env/lib/python3.9/site-packages/airflow/example_dags/example_branch_datetime_operator.py
[2023-03-28T12:19:43.834-0400] {processor.py:753} INFO - DAG(s) dict_keys(['example_branch_datetime_operator_2', 'example_branch_datetime_operator_3', 'example_branch_datetime_operator']) retrieved from /Users/sunanda/Downloads/airflow/py_env/lib/python3.9/site-packages/airflow/example_dags/example_branch_datetime_operator.py
[2023-03-28T12:19:44.387-0400] {logging_mixin.py:137} INFO - [2023-03-28T12:19:44.387-0400] {dag.py:2693} INFO - Sync 3 DAGs
[2023-03-28T12:19:44.401-0400] {logging_mixin.py:137} INFO - [2023-03-28T12:19:44.401-0400] {dag.py:3440} INFO - Setting next_dagrun for example_branch_datetime_operator to 2023-03-27T00:00:00+00:00, run_after=2023-03-28T00:00:00+00:00
[2023-03-28T12:19:44.402-0400] {logging_mixin.py:137} INFO - [2023-03-28T12:19:44.402-0400] {dag.py:3440} INFO - Setting next_dagrun for example_branch_datetime_operator_2 to 2023-03-27T00:00:00+00:00, run_after=2023-03-28T00:00:00+00:00
[2023-03-28T12:19:44.415-0400] {logging_mixin.py:137} INFO - [2023-03-28T12:19:44.415-0400] {dag.py:3440} INFO - Setting next_dagrun for example_branch_datetime_operator_3 to 2023-03-27T00:00:00+00:00, run_after=2023-03-28T00:00:00+00:00
[2023-03-28T12:19:44.445-0400] {processor.py:175} INFO - Processing /Users/sunanda/Downloads/airflow/py_env/lib/python3.9/site-packages/airflow/example_dags/example_branch_datetime_operator.py took 0.644 seconds
[2023-03-28T12:23:36.935-0400] {processor.py:153} INFO - Started process (PID=4519) to work on /Users/sunanda/Downloads/airflow/py_env/lib/python3.9/site-packages/airflow/example_dags/example_branch_datetime_operator.py
[2023-03-28T12:23:36.948-0400] {processor.py:743} INFO - Processing file /Users/sunanda/Downloads/airflow/py_env/lib/python3.9/site-packages/airflow/example_dags/example_branch_datetime_operator.py for tasks to queue
[2023-03-28T12:23:36.948-0400] {logging_mixin.py:137} INFO - [2023-03-28T12:23:36.948-0400] {dagbag.py:532} INFO - Filling up the DagBag from /Users/sunanda/Downloads/airflow/py_env/lib/python3.9/site-packages/airflow/example_dags/example_branch_datetime_operator.py
[2023-03-28T12:23:36.965-0400] {processor.py:753} INFO - DAG(s) dict_keys(['example_branch_datetime_operator_2', 'example_branch_datetime_operator', 'example_branch_datetime_operator_3']) retrieved from /Users/sunanda/Downloads/airflow/py_env/lib/python3.9/site-packages/airflow/example_dags/example_branch_datetime_operator.py
[2023-03-28T12:23:37.445-0400] {logging_mixin.py:137} INFO - [2023-03-28T12:23:37.444-0400] {dag.py:2693} INFO - Sync 3 DAGs
[2023-03-28T12:23:37.471-0400] {logging_mixin.py:137} INFO - [2023-03-28T12:23:37.471-0400] {dag.py:3440} INFO - Setting next_dagrun for example_branch_datetime_operator to 2023-03-27T00:00:00+00:00, run_after=2023-03-28T00:00:00+00:00
[2023-03-28T12:23:37.500-0400] {logging_mixin.py:137} INFO - [2023-03-28T12:23:37.488-0400] {dag.py:3440} INFO - Setting next_dagrun for example_branch_datetime_operator_2 to 2023-03-27T00:00:00+00:00, run_after=2023-03-28T00:00:00+00:00
[2023-03-28T12:23:37.502-0400] {logging_mixin.py:137} INFO - [2023-03-28T12:23:37.502-0400] {dag.py:3440} INFO - Setting next_dagrun for example_branch_datetime_operator_3 to 2023-03-27T00:00:00+00:00, run_after=2023-03-28T00:00:00+00:00
[2023-03-28T12:23:37.538-0400] {processor.py:175} INFO - Processing /Users/sunanda/Downloads/airflow/py_env/lib/python3.9/site-packages/airflow/example_dags/example_branch_datetime_operator.py took 0.650 seconds
[2023-03-28T12:30:24.260-0400] {processor.py:153} INFO - Started process (PID=4855) to work on /Users/sunanda/Downloads/airflow/py_env/lib/python3.9/site-packages/airflow/example_dags/example_branch_datetime_operator.py
[2023-03-28T12:30:24.263-0400] {processor.py:743} INFO - Processing file /Users/sunanda/Downloads/airflow/py_env/lib/python3.9/site-packages/airflow/example_dags/example_branch_datetime_operator.py for tasks to queue
[2023-03-28T12:30:24.264-0400] {logging_mixin.py:137} INFO - [2023-03-28T12:30:24.263-0400] {dagbag.py:532} INFO - Filling up the DagBag from /Users/sunanda/Downloads/airflow/py_env/lib/python3.9/site-packages/airflow/example_dags/example_branch_datetime_operator.py
[2023-03-28T12:30:24.277-0400] {processor.py:753} INFO - DAG(s) dict_keys(['example_branch_datetime_operator', 'example_branch_datetime_operator_3', 'example_branch_datetime_operator_2']) retrieved from /Users/sunanda/Downloads/airflow/py_env/lib/python3.9/site-packages/airflow/example_dags/example_branch_datetime_operator.py
[2023-03-28T12:30:24.774-0400] {logging_mixin.py:137} INFO - [2023-03-28T12:30:24.774-0400] {dag.py:2693} INFO - Sync 3 DAGs
[2023-03-28T12:30:24.787-0400] {logging_mixin.py:137} INFO - [2023-03-28T12:30:24.787-0400] {dag.py:3440} INFO - Setting next_dagrun for example_branch_datetime_operator to 2023-03-27T00:00:00+00:00, run_after=2023-03-28T00:00:00+00:00
[2023-03-28T12:30:24.792-0400] {logging_mixin.py:137} INFO - [2023-03-28T12:30:24.792-0400] {dag.py:3440} INFO - Setting next_dagrun for example_branch_datetime_operator_2 to 2023-03-27T00:00:00+00:00, run_after=2023-03-28T00:00:00+00:00
[2023-03-28T12:30:24.794-0400] {logging_mixin.py:137} INFO - [2023-03-28T12:30:24.794-0400] {dag.py:3440} INFO - Setting next_dagrun for example_branch_datetime_operator_3 to 2023-03-27T00:00:00+00:00, run_after=2023-03-28T00:00:00+00:00
[2023-03-28T12:30:24.814-0400] {processor.py:175} INFO - Processing /Users/sunanda/Downloads/airflow/py_env/lib/python3.9/site-packages/airflow/example_dags/example_branch_datetime_operator.py took 0.554 seconds
