[2023-03-27T23:38:19.530-0400] {processor.py:153} INFO - Started process (PID=79248) to work on /Users/sunanda/Downloads/airflow/py_env/lib/python3.9/site-packages/airflow/example_dags/example_branch_labels.py
[2023-03-27T23:38:19.536-0400] {processor.py:743} INFO - Processing file /Users/sunanda/Downloads/airflow/py_env/lib/python3.9/site-packages/airflow/example_dags/example_branch_labels.py for tasks to queue
[2023-03-27T23:38:19.537-0400] {logging_mixin.py:137} INFO - [2023-03-27T23:38:19.537-0400] {dagbag.py:532} INFO - Filling up the DagBag from /Users/sunanda/Downloads/airflow/py_env/lib/python3.9/site-packages/airflow/example_dags/example_branch_labels.py
[2023-03-27T23:38:19.550-0400] {processor.py:753} INFO - DAG(s) dict_keys(['example_branch_labels']) retrieved from /Users/sunanda/Downloads/airflow/py_env/lib/python3.9/site-packages/airflow/example_dags/example_branch_labels.py
[2023-03-27T23:38:19.816-0400] {logging_mixin.py:137} INFO - [2023-03-27T23:38:19.816-0400] {dag.py:2693} INFO - Sync 1 DAGs
[2023-03-27T23:38:19.823-0400] {logging_mixin.py:137} INFO - [2023-03-27T23:38:19.823-0400] {dag.py:3440} INFO - Setting next_dagrun for example_branch_labels to 2023-03-27T00:00:00+00:00, run_after=2023-03-28T00:00:00+00:00
[2023-03-27T23:38:19.831-0400] {processor.py:175} INFO - Processing /Users/sunanda/Downloads/airflow/py_env/lib/python3.9/site-packages/airflow/example_dags/example_branch_labels.py took 0.302 seconds
[2023-03-27T23:40:09.439-0400] {processor.py:153} INFO - Started process (PID=79431) to work on /Users/sunanda/Downloads/airflow/py_env/lib/python3.9/site-packages/airflow/example_dags/example_branch_labels.py
[2023-03-27T23:40:09.448-0400] {processor.py:743} INFO - Processing file /Users/sunanda/Downloads/airflow/py_env/lib/python3.9/site-packages/airflow/example_dags/example_branch_labels.py for tasks to queue
[2023-03-27T23:40:09.448-0400] {logging_mixin.py:137} INFO - [2023-03-27T23:40:09.448-0400] {dagbag.py:532} INFO - Filling up the DagBag from /Users/sunanda/Downloads/airflow/py_env/lib/python3.9/site-packages/airflow/example_dags/example_branch_labels.py
[2023-03-27T23:40:09.460-0400] {processor.py:753} INFO - DAG(s) dict_keys(['example_branch_labels']) retrieved from /Users/sunanda/Downloads/airflow/py_env/lib/python3.9/site-packages/airflow/example_dags/example_branch_labels.py
[2023-03-27T23:40:09.720-0400] {logging_mixin.py:137} INFO - [2023-03-27T23:40:09.720-0400] {dag.py:2693} INFO - Sync 1 DAGs
[2023-03-27T23:40:09.727-0400] {logging_mixin.py:137} INFO - [2023-03-27T23:40:09.727-0400] {dag.py:3440} INFO - Setting next_dagrun for example_branch_labels to 2023-03-27T00:00:00+00:00, run_after=2023-03-28T00:00:00+00:00
[2023-03-27T23:40:09.734-0400] {processor.py:175} INFO - Processing /Users/sunanda/Downloads/airflow/py_env/lib/python3.9/site-packages/airflow/example_dags/example_branch_labels.py took 0.296 seconds
[2023-03-28T10:12:00.951-0400] {processor.py:153} INFO - Started process (PID=91385) to work on /Users/sunanda/Downloads/airflow/py_env/lib/python3.9/site-packages/airflow/example_dags/example_branch_labels.py
[2023-03-28T10:12:00.970-0400] {processor.py:743} INFO - Processing file /Users/sunanda/Downloads/airflow/py_env/lib/python3.9/site-packages/airflow/example_dags/example_branch_labels.py for tasks to queue
[2023-03-28T10:12:00.971-0400] {logging_mixin.py:137} INFO - [2023-03-28T10:12:00.971-0400] {dagbag.py:532} INFO - Filling up the DagBag from /Users/sunanda/Downloads/airflow/py_env/lib/python3.9/site-packages/airflow/example_dags/example_branch_labels.py
[2023-03-28T10:12:01.079-0400] {processor.py:753} INFO - DAG(s) dict_keys(['example_branch_labels']) retrieved from /Users/sunanda/Downloads/airflow/py_env/lib/python3.9/site-packages/airflow/example_dags/example_branch_labels.py
[2023-03-28T10:12:01.760-0400] {logging_mixin.py:137} INFO - [2023-03-28T10:12:01.759-0400] {dag.py:2693} INFO - Sync 1 DAGs
[2023-03-28T10:12:01.776-0400] {logging_mixin.py:137} INFO - [2023-03-28T10:12:01.776-0400] {dag.py:3440} INFO - Setting next_dagrun for example_branch_labels to 2023-03-27T00:00:00+00:00, run_after=2023-03-28T00:00:00+00:00
[2023-03-28T10:12:01.844-0400] {processor.py:175} INFO - Processing /Users/sunanda/Downloads/airflow/py_env/lib/python3.9/site-packages/airflow/example_dags/example_branch_labels.py took 0.893 seconds
[2023-03-28T10:16:40.569-0400] {processor.py:153} INFO - Started process (PID=91739) to work on /Users/sunanda/Downloads/airflow/py_env/lib/python3.9/site-packages/airflow/example_dags/example_branch_labels.py
[2023-03-28T10:16:40.574-0400] {processor.py:743} INFO - Processing file /Users/sunanda/Downloads/airflow/py_env/lib/python3.9/site-packages/airflow/example_dags/example_branch_labels.py for tasks to queue
[2023-03-28T10:16:40.575-0400] {logging_mixin.py:137} INFO - [2023-03-28T10:16:40.575-0400] {dagbag.py:532} INFO - Filling up the DagBag from /Users/sunanda/Downloads/airflow/py_env/lib/python3.9/site-packages/airflow/example_dags/example_branch_labels.py
[2023-03-28T10:16:40.597-0400] {processor.py:753} INFO - DAG(s) dict_keys(['example_branch_labels']) retrieved from /Users/sunanda/Downloads/airflow/py_env/lib/python3.9/site-packages/airflow/example_dags/example_branch_labels.py
[2023-03-28T10:16:41.390-0400] {logging_mixin.py:137} INFO - [2023-03-28T10:16:41.390-0400] {dag.py:2693} INFO - Sync 1 DAGs
[2023-03-28T10:16:41.418-0400] {logging_mixin.py:137} INFO - [2023-03-28T10:16:41.418-0400] {dag.py:3440} INFO - Setting next_dagrun for example_branch_labels to 2023-03-27T00:00:00+00:00, run_after=2023-03-28T00:00:00+00:00
[2023-03-28T10:16:41.483-0400] {processor.py:175} INFO - Processing /Users/sunanda/Downloads/airflow/py_env/lib/python3.9/site-packages/airflow/example_dags/example_branch_labels.py took 0.915 seconds
[2023-03-28T10:20:52.027-0400] {processor.py:153} INFO - Started process (PID=92075) to work on /Users/sunanda/Downloads/airflow/py_env/lib/python3.9/site-packages/airflow/example_dags/example_branch_labels.py
[2023-03-28T10:20:52.059-0400] {processor.py:743} INFO - Processing file /Users/sunanda/Downloads/airflow/py_env/lib/python3.9/site-packages/airflow/example_dags/example_branch_labels.py for tasks to queue
[2023-03-28T10:20:52.060-0400] {logging_mixin.py:137} INFO - [2023-03-28T10:20:52.060-0400] {dagbag.py:532} INFO - Filling up the DagBag from /Users/sunanda/Downloads/airflow/py_env/lib/python3.9/site-packages/airflow/example_dags/example_branch_labels.py
[2023-03-28T10:20:52.090-0400] {processor.py:753} INFO - DAG(s) dict_keys(['example_branch_labels']) retrieved from /Users/sunanda/Downloads/airflow/py_env/lib/python3.9/site-packages/airflow/example_dags/example_branch_labels.py
[2023-03-28T10:20:52.694-0400] {logging_mixin.py:137} INFO - [2023-03-28T10:20:52.694-0400] {dag.py:2693} INFO - Sync 1 DAGs
[2023-03-28T10:20:52.723-0400] {logging_mixin.py:137} INFO - [2023-03-28T10:20:52.723-0400] {dag.py:3440} INFO - Setting next_dagrun for example_branch_labels to 2023-03-27T00:00:00+00:00, run_after=2023-03-28T00:00:00+00:00
[2023-03-28T10:20:52.743-0400] {processor.py:175} INFO - Processing /Users/sunanda/Downloads/airflow/py_env/lib/python3.9/site-packages/airflow/example_dags/example_branch_labels.py took 0.717 seconds
[2023-03-28T10:25:01.769-0400] {processor.py:153} INFO - Started process (PID=92484) to work on /Users/sunanda/Downloads/airflow/py_env/lib/python3.9/site-packages/airflow/example_dags/example_branch_labels.py
[2023-03-28T10:25:01.772-0400] {processor.py:743} INFO - Processing file /Users/sunanda/Downloads/airflow/py_env/lib/python3.9/site-packages/airflow/example_dags/example_branch_labels.py for tasks to queue
[2023-03-28T10:25:01.772-0400] {logging_mixin.py:137} INFO - [2023-03-28T10:25:01.772-0400] {dagbag.py:532} INFO - Filling up the DagBag from /Users/sunanda/Downloads/airflow/py_env/lib/python3.9/site-packages/airflow/example_dags/example_branch_labels.py
[2023-03-28T10:25:01.783-0400] {processor.py:753} INFO - DAG(s) dict_keys(['example_branch_labels']) retrieved from /Users/sunanda/Downloads/airflow/py_env/lib/python3.9/site-packages/airflow/example_dags/example_branch_labels.py
[2023-03-28T10:25:02.196-0400] {logging_mixin.py:137} INFO - [2023-03-28T10:25:02.195-0400] {dag.py:2693} INFO - Sync 1 DAGs
[2023-03-28T10:25:02.221-0400] {logging_mixin.py:137} INFO - [2023-03-28T10:25:02.221-0400] {dag.py:3440} INFO - Setting next_dagrun for example_branch_labels to 2023-03-27T00:00:00+00:00, run_after=2023-03-28T00:00:00+00:00
[2023-03-28T10:25:02.244-0400] {processor.py:175} INFO - Processing /Users/sunanda/Downloads/airflow/py_env/lib/python3.9/site-packages/airflow/example_dags/example_branch_labels.py took 0.475 seconds
[2023-03-28T10:29:31.622-0400] {processor.py:153} INFO - Started process (PID=93015) to work on /Users/sunanda/Downloads/airflow/py_env/lib/python3.9/site-packages/airflow/example_dags/example_branch_labels.py
[2023-03-28T10:29:31.637-0400] {processor.py:743} INFO - Processing file /Users/sunanda/Downloads/airflow/py_env/lib/python3.9/site-packages/airflow/example_dags/example_branch_labels.py for tasks to queue
[2023-03-28T10:29:31.637-0400] {logging_mixin.py:137} INFO - [2023-03-28T10:29:31.637-0400] {dagbag.py:532} INFO - Filling up the DagBag from /Users/sunanda/Downloads/airflow/py_env/lib/python3.9/site-packages/airflow/example_dags/example_branch_labels.py
[2023-03-28T10:29:31.661-0400] {processor.py:753} INFO - DAG(s) dict_keys(['example_branch_labels']) retrieved from /Users/sunanda/Downloads/airflow/py_env/lib/python3.9/site-packages/airflow/example_dags/example_branch_labels.py
[2023-03-28T10:29:32.112-0400] {logging_mixin.py:137} INFO - [2023-03-28T10:29:32.112-0400] {dag.py:2693} INFO - Sync 1 DAGs
[2023-03-28T10:29:32.119-0400] {logging_mixin.py:137} INFO - [2023-03-28T10:29:32.119-0400] {dag.py:3440} INFO - Setting next_dagrun for example_branch_labels to 2023-03-27T00:00:00+00:00, run_after=2023-03-28T00:00:00+00:00
[2023-03-28T10:29:32.129-0400] {processor.py:175} INFO - Processing /Users/sunanda/Downloads/airflow/py_env/lib/python3.9/site-packages/airflow/example_dags/example_branch_labels.py took 0.510 seconds
[2023-03-28T10:33:36.117-0400] {processor.py:153} INFO - Started process (PID=93395) to work on /Users/sunanda/Downloads/airflow/py_env/lib/python3.9/site-packages/airflow/example_dags/example_branch_labels.py
[2023-03-28T10:33:36.136-0400] {processor.py:743} INFO - Processing file /Users/sunanda/Downloads/airflow/py_env/lib/python3.9/site-packages/airflow/example_dags/example_branch_labels.py for tasks to queue
[2023-03-28T10:33:36.136-0400] {logging_mixin.py:137} INFO - [2023-03-28T10:33:36.136-0400] {dagbag.py:532} INFO - Filling up the DagBag from /Users/sunanda/Downloads/airflow/py_env/lib/python3.9/site-packages/airflow/example_dags/example_branch_labels.py
[2023-03-28T10:33:36.148-0400] {processor.py:753} INFO - DAG(s) dict_keys(['example_branch_labels']) retrieved from /Users/sunanda/Downloads/airflow/py_env/lib/python3.9/site-packages/airflow/example_dags/example_branch_labels.py
[2023-03-28T10:33:36.808-0400] {logging_mixin.py:137} INFO - [2023-03-28T10:33:36.808-0400] {dag.py:2693} INFO - Sync 1 DAGs
[2023-03-28T10:33:36.825-0400] {logging_mixin.py:137} INFO - [2023-03-28T10:33:36.825-0400] {dag.py:3440} INFO - Setting next_dagrun for example_branch_labels to 2023-03-27T00:00:00+00:00, run_after=2023-03-28T00:00:00+00:00
[2023-03-28T10:33:36.850-0400] {processor.py:175} INFO - Processing /Users/sunanda/Downloads/airflow/py_env/lib/python3.9/site-packages/airflow/example_dags/example_branch_labels.py took 0.735 seconds
[2023-03-28T10:37:51.130-0400] {processor.py:153} INFO - Started process (PID=94917) to work on /Users/sunanda/Downloads/airflow/py_env/lib/python3.9/site-packages/airflow/example_dags/example_branch_labels.py
[2023-03-28T10:37:51.144-0400] {processor.py:743} INFO - Processing file /Users/sunanda/Downloads/airflow/py_env/lib/python3.9/site-packages/airflow/example_dags/example_branch_labels.py for tasks to queue
[2023-03-28T10:37:51.144-0400] {logging_mixin.py:137} INFO - [2023-03-28T10:37:51.144-0400] {dagbag.py:532} INFO - Filling up the DagBag from /Users/sunanda/Downloads/airflow/py_env/lib/python3.9/site-packages/airflow/example_dags/example_branch_labels.py
[2023-03-28T10:37:51.191-0400] {processor.py:753} INFO - DAG(s) dict_keys(['example_branch_labels']) retrieved from /Users/sunanda/Downloads/airflow/py_env/lib/python3.9/site-packages/airflow/example_dags/example_branch_labels.py
[2023-03-28T10:37:51.835-0400] {logging_mixin.py:137} INFO - [2023-03-28T10:37:51.834-0400] {dag.py:2693} INFO - Sync 1 DAGs
[2023-03-28T10:37:51.852-0400] {logging_mixin.py:137} INFO - [2023-03-28T10:37:51.852-0400] {dag.py:3440} INFO - Setting next_dagrun for example_branch_labels to 2023-03-27T00:00:00+00:00, run_after=2023-03-28T00:00:00+00:00
[2023-03-28T10:37:51.883-0400] {processor.py:175} INFO - Processing /Users/sunanda/Downloads/airflow/py_env/lib/python3.9/site-packages/airflow/example_dags/example_branch_labels.py took 0.754 seconds
[2023-03-28T10:42:27.392-0400] {processor.py:153} INFO - Started process (PID=95656) to work on /Users/sunanda/Downloads/airflow/py_env/lib/python3.9/site-packages/airflow/example_dags/example_branch_labels.py
[2023-03-28T10:42:27.407-0400] {processor.py:743} INFO - Processing file /Users/sunanda/Downloads/airflow/py_env/lib/python3.9/site-packages/airflow/example_dags/example_branch_labels.py for tasks to queue
[2023-03-28T10:42:27.407-0400] {logging_mixin.py:137} INFO - [2023-03-28T10:42:27.407-0400] {dagbag.py:532} INFO - Filling up the DagBag from /Users/sunanda/Downloads/airflow/py_env/lib/python3.9/site-packages/airflow/example_dags/example_branch_labels.py
[2023-03-28T10:42:27.429-0400] {processor.py:753} INFO - DAG(s) dict_keys(['example_branch_labels']) retrieved from /Users/sunanda/Downloads/airflow/py_env/lib/python3.9/site-packages/airflow/example_dags/example_branch_labels.py
[2023-03-28T10:42:27.897-0400] {logging_mixin.py:137} INFO - [2023-03-28T10:42:27.897-0400] {dag.py:2693} INFO - Sync 1 DAGs
[2023-03-28T10:42:27.908-0400] {logging_mixin.py:137} INFO - [2023-03-28T10:42:27.908-0400] {dag.py:3440} INFO - Setting next_dagrun for example_branch_labels to 2023-03-27T00:00:00+00:00, run_after=2023-03-28T00:00:00+00:00
[2023-03-28T10:42:27.932-0400] {processor.py:175} INFO - Processing /Users/sunanda/Downloads/airflow/py_env/lib/python3.9/site-packages/airflow/example_dags/example_branch_labels.py took 0.557 seconds
[2023-03-28T10:46:23.899-0400] {processor.py:153} INFO - Started process (PID=96147) to work on /Users/sunanda/Downloads/airflow/py_env/lib/python3.9/site-packages/airflow/example_dags/example_branch_labels.py
[2023-03-28T10:46:23.912-0400] {processor.py:743} INFO - Processing file /Users/sunanda/Downloads/airflow/py_env/lib/python3.9/site-packages/airflow/example_dags/example_branch_labels.py for tasks to queue
[2023-03-28T10:46:23.913-0400] {logging_mixin.py:137} INFO - [2023-03-28T10:46:23.913-0400] {dagbag.py:532} INFO - Filling up the DagBag from /Users/sunanda/Downloads/airflow/py_env/lib/python3.9/site-packages/airflow/example_dags/example_branch_labels.py
[2023-03-28T10:46:23.959-0400] {processor.py:753} INFO - DAG(s) dict_keys(['example_branch_labels']) retrieved from /Users/sunanda/Downloads/airflow/py_env/lib/python3.9/site-packages/airflow/example_dags/example_branch_labels.py
[2023-03-28T10:46:24.709-0400] {logging_mixin.py:137} INFO - [2023-03-28T10:46:24.707-0400] {dag.py:2693} INFO - Sync 1 DAGs
[2023-03-28T10:46:24.738-0400] {logging_mixin.py:137} INFO - [2023-03-28T10:46:24.738-0400] {dag.py:3440} INFO - Setting next_dagrun for example_branch_labels to 2023-03-27T00:00:00+00:00, run_after=2023-03-28T00:00:00+00:00
[2023-03-28T10:46:24.748-0400] {processor.py:175} INFO - Processing /Users/sunanda/Downloads/airflow/py_env/lib/python3.9/site-packages/airflow/example_dags/example_branch_labels.py took 0.849 seconds
[2023-03-28T10:50:33.152-0400] {processor.py:153} INFO - Started process (PID=96660) to work on /Users/sunanda/Downloads/airflow/py_env/lib/python3.9/site-packages/airflow/example_dags/example_branch_labels.py
[2023-03-28T10:50:33.184-0400] {processor.py:743} INFO - Processing file /Users/sunanda/Downloads/airflow/py_env/lib/python3.9/site-packages/airflow/example_dags/example_branch_labels.py for tasks to queue
[2023-03-28T10:50:33.184-0400] {logging_mixin.py:137} INFO - [2023-03-28T10:50:33.184-0400] {dagbag.py:532} INFO - Filling up the DagBag from /Users/sunanda/Downloads/airflow/py_env/lib/python3.9/site-packages/airflow/example_dags/example_branch_labels.py
[2023-03-28T10:50:33.199-0400] {processor.py:753} INFO - DAG(s) dict_keys(['example_branch_labels']) retrieved from /Users/sunanda/Downloads/airflow/py_env/lib/python3.9/site-packages/airflow/example_dags/example_branch_labels.py
[2023-03-28T10:50:34.093-0400] {logging_mixin.py:137} INFO - [2023-03-28T10:50:34.093-0400] {dag.py:2693} INFO - Sync 1 DAGs
[2023-03-28T10:50:34.100-0400] {logging_mixin.py:137} INFO - [2023-03-28T10:50:34.100-0400] {dag.py:3440} INFO - Setting next_dagrun for example_branch_labels to 2023-03-27T00:00:00+00:00, run_after=2023-03-28T00:00:00+00:00
[2023-03-28T10:50:34.110-0400] {processor.py:175} INFO - Processing /Users/sunanda/Downloads/airflow/py_env/lib/python3.9/site-packages/airflow/example_dags/example_branch_labels.py took 0.970 seconds
[2023-03-28T10:54:25.460-0400] {processor.py:153} INFO - Started process (PID=97078) to work on /Users/sunanda/Downloads/airflow/py_env/lib/python3.9/site-packages/airflow/example_dags/example_branch_labels.py
[2023-03-28T10:54:25.478-0400] {processor.py:743} INFO - Processing file /Users/sunanda/Downloads/airflow/py_env/lib/python3.9/site-packages/airflow/example_dags/example_branch_labels.py for tasks to queue
[2023-03-28T10:54:25.479-0400] {logging_mixin.py:137} INFO - [2023-03-28T10:54:25.479-0400] {dagbag.py:532} INFO - Filling up the DagBag from /Users/sunanda/Downloads/airflow/py_env/lib/python3.9/site-packages/airflow/example_dags/example_branch_labels.py
[2023-03-28T10:54:25.497-0400] {processor.py:753} INFO - DAG(s) dict_keys(['example_branch_labels']) retrieved from /Users/sunanda/Downloads/airflow/py_env/lib/python3.9/site-packages/airflow/example_dags/example_branch_labels.py
[2023-03-28T10:54:25.998-0400] {logging_mixin.py:137} INFO - [2023-03-28T10:54:25.997-0400] {dag.py:2693} INFO - Sync 1 DAGs
[2023-03-28T10:54:26.020-0400] {logging_mixin.py:137} INFO - [2023-03-28T10:54:26.020-0400] {dag.py:3440} INFO - Setting next_dagrun for example_branch_labels to 2023-03-27T00:00:00+00:00, run_after=2023-03-28T00:00:00+00:00
[2023-03-28T10:54:26.034-0400] {processor.py:175} INFO - Processing /Users/sunanda/Downloads/airflow/py_env/lib/python3.9/site-packages/airflow/example_dags/example_branch_labels.py took 0.577 seconds
[2023-03-28T10:58:02.487-0400] {processor.py:153} INFO - Started process (PID=97479) to work on /Users/sunanda/Downloads/airflow/py_env/lib/python3.9/site-packages/airflow/example_dags/example_branch_labels.py
[2023-03-28T10:58:02.490-0400] {processor.py:743} INFO - Processing file /Users/sunanda/Downloads/airflow/py_env/lib/python3.9/site-packages/airflow/example_dags/example_branch_labels.py for tasks to queue
[2023-03-28T10:58:02.490-0400] {logging_mixin.py:137} INFO - [2023-03-28T10:58:02.490-0400] {dagbag.py:532} INFO - Filling up the DagBag from /Users/sunanda/Downloads/airflow/py_env/lib/python3.9/site-packages/airflow/example_dags/example_branch_labels.py
[2023-03-28T10:58:02.502-0400] {processor.py:753} INFO - DAG(s) dict_keys(['example_branch_labels']) retrieved from /Users/sunanda/Downloads/airflow/py_env/lib/python3.9/site-packages/airflow/example_dags/example_branch_labels.py
[2023-03-28T10:58:02.959-0400] {logging_mixin.py:137} INFO - [2023-03-28T10:58:02.959-0400] {dag.py:2693} INFO - Sync 1 DAGs
[2023-03-28T10:58:02.974-0400] {logging_mixin.py:137} INFO - [2023-03-28T10:58:02.974-0400] {dag.py:3440} INFO - Setting next_dagrun for example_branch_labels to 2023-03-27T00:00:00+00:00, run_after=2023-03-28T00:00:00+00:00
[2023-03-28T10:58:02.994-0400] {processor.py:175} INFO - Processing /Users/sunanda/Downloads/airflow/py_env/lib/python3.9/site-packages/airflow/example_dags/example_branch_labels.py took 0.508 seconds
[2023-03-28T11:01:49.513-0400] {processor.py:153} INFO - Started process (PID=97876) to work on /Users/sunanda/Downloads/airflow/py_env/lib/python3.9/site-packages/airflow/example_dags/example_branch_labels.py
[2023-03-28T11:01:49.521-0400] {processor.py:743} INFO - Processing file /Users/sunanda/Downloads/airflow/py_env/lib/python3.9/site-packages/airflow/example_dags/example_branch_labels.py for tasks to queue
[2023-03-28T11:01:49.521-0400] {logging_mixin.py:137} INFO - [2023-03-28T11:01:49.521-0400] {dagbag.py:532} INFO - Filling up the DagBag from /Users/sunanda/Downloads/airflow/py_env/lib/python3.9/site-packages/airflow/example_dags/example_branch_labels.py
[2023-03-28T11:01:49.535-0400] {processor.py:753} INFO - DAG(s) dict_keys(['example_branch_labels']) retrieved from /Users/sunanda/Downloads/airflow/py_env/lib/python3.9/site-packages/airflow/example_dags/example_branch_labels.py
[2023-03-28T11:01:49.931-0400] {logging_mixin.py:137} INFO - [2023-03-28T11:01:49.931-0400] {dag.py:2693} INFO - Sync 1 DAGs
[2023-03-28T11:01:49.955-0400] {logging_mixin.py:137} INFO - [2023-03-28T11:01:49.955-0400] {dag.py:3440} INFO - Setting next_dagrun for example_branch_labels to 2023-03-27T00:00:00+00:00, run_after=2023-03-28T00:00:00+00:00
[2023-03-28T11:01:49.974-0400] {processor.py:175} INFO - Processing /Users/sunanda/Downloads/airflow/py_env/lib/python3.9/site-packages/airflow/example_dags/example_branch_labels.py took 0.486 seconds
[2023-03-28T11:05:27.720-0400] {processor.py:153} INFO - Started process (PID=98182) to work on /Users/sunanda/Downloads/airflow/py_env/lib/python3.9/site-packages/airflow/example_dags/example_branch_labels.py
[2023-03-28T11:05:27.724-0400] {processor.py:743} INFO - Processing file /Users/sunanda/Downloads/airflow/py_env/lib/python3.9/site-packages/airflow/example_dags/example_branch_labels.py for tasks to queue
[2023-03-28T11:05:27.724-0400] {logging_mixin.py:137} INFO - [2023-03-28T11:05:27.724-0400] {dagbag.py:532} INFO - Filling up the DagBag from /Users/sunanda/Downloads/airflow/py_env/lib/python3.9/site-packages/airflow/example_dags/example_branch_labels.py
[2023-03-28T11:05:27.737-0400] {processor.py:753} INFO - DAG(s) dict_keys(['example_branch_labels']) retrieved from /Users/sunanda/Downloads/airflow/py_env/lib/python3.9/site-packages/airflow/example_dags/example_branch_labels.py
[2023-03-28T11:05:28.201-0400] {logging_mixin.py:137} INFO - [2023-03-28T11:05:28.201-0400] {dag.py:2693} INFO - Sync 1 DAGs
[2023-03-28T11:05:28.210-0400] {logging_mixin.py:137} INFO - [2023-03-28T11:05:28.210-0400] {dag.py:3440} INFO - Setting next_dagrun for example_branch_labels to 2023-03-27T00:00:00+00:00, run_after=2023-03-28T00:00:00+00:00
[2023-03-28T11:05:28.231-0400] {processor.py:175} INFO - Processing /Users/sunanda/Downloads/airflow/py_env/lib/python3.9/site-packages/airflow/example_dags/example_branch_labels.py took 0.511 seconds
[2023-03-28T11:09:13.500-0400] {processor.py:153} INFO - Started process (PID=98497) to work on /Users/sunanda/Downloads/airflow/py_env/lib/python3.9/site-packages/airflow/example_dags/example_branch_labels.py
[2023-03-28T11:09:13.505-0400] {processor.py:743} INFO - Processing file /Users/sunanda/Downloads/airflow/py_env/lib/python3.9/site-packages/airflow/example_dags/example_branch_labels.py for tasks to queue
[2023-03-28T11:09:13.506-0400] {logging_mixin.py:137} INFO - [2023-03-28T11:09:13.505-0400] {dagbag.py:532} INFO - Filling up the DagBag from /Users/sunanda/Downloads/airflow/py_env/lib/python3.9/site-packages/airflow/example_dags/example_branch_labels.py
[2023-03-28T11:09:13.530-0400] {processor.py:753} INFO - DAG(s) dict_keys(['example_branch_labels']) retrieved from /Users/sunanda/Downloads/airflow/py_env/lib/python3.9/site-packages/airflow/example_dags/example_branch_labels.py
[2023-03-28T11:09:14.198-0400] {logging_mixin.py:137} INFO - [2023-03-28T11:09:14.197-0400] {dag.py:2693} INFO - Sync 1 DAGs
[2023-03-28T11:09:14.208-0400] {logging_mixin.py:137} INFO - [2023-03-28T11:09:14.208-0400] {dag.py:3440} INFO - Setting next_dagrun for example_branch_labels to 2023-03-27T00:00:00+00:00, run_after=2023-03-28T00:00:00+00:00
[2023-03-28T11:09:14.222-0400] {processor.py:175} INFO - Processing /Users/sunanda/Downloads/airflow/py_env/lib/python3.9/site-packages/airflow/example_dags/example_branch_labels.py took 0.722 seconds
[2023-03-28T11:13:16.032-0400] {processor.py:153} INFO - Started process (PID=98803) to work on /Users/sunanda/Downloads/airflow/py_env/lib/python3.9/site-packages/airflow/example_dags/example_branch_labels.py
[2023-03-28T11:13:16.036-0400] {processor.py:743} INFO - Processing file /Users/sunanda/Downloads/airflow/py_env/lib/python3.9/site-packages/airflow/example_dags/example_branch_labels.py for tasks to queue
[2023-03-28T11:13:16.036-0400] {logging_mixin.py:137} INFO - [2023-03-28T11:13:16.036-0400] {dagbag.py:532} INFO - Filling up the DagBag from /Users/sunanda/Downloads/airflow/py_env/lib/python3.9/site-packages/airflow/example_dags/example_branch_labels.py
[2023-03-28T11:13:16.053-0400] {processor.py:753} INFO - DAG(s) dict_keys(['example_branch_labels']) retrieved from /Users/sunanda/Downloads/airflow/py_env/lib/python3.9/site-packages/airflow/example_dags/example_branch_labels.py
[2023-03-28T11:13:16.667-0400] {logging_mixin.py:137} INFO - [2023-03-28T11:13:16.667-0400] {dag.py:2693} INFO - Sync 1 DAGs
[2023-03-28T11:13:16.694-0400] {logging_mixin.py:137} INFO - [2023-03-28T11:13:16.694-0400] {dag.py:3440} INFO - Setting next_dagrun for example_branch_labels to 2023-03-27T00:00:00+00:00, run_after=2023-03-28T00:00:00+00:00
[2023-03-28T11:13:16.707-0400] {processor.py:175} INFO - Processing /Users/sunanda/Downloads/airflow/py_env/lib/python3.9/site-packages/airflow/example_dags/example_branch_labels.py took 0.678 seconds
[2023-03-28T11:17:10.419-0400] {processor.py:153} INFO - Started process (PID=99110) to work on /Users/sunanda/Downloads/airflow/py_env/lib/python3.9/site-packages/airflow/example_dags/example_branch_labels.py
[2023-03-28T11:17:10.435-0400] {processor.py:743} INFO - Processing file /Users/sunanda/Downloads/airflow/py_env/lib/python3.9/site-packages/airflow/example_dags/example_branch_labels.py for tasks to queue
[2023-03-28T11:17:10.435-0400] {logging_mixin.py:137} INFO - [2023-03-28T11:17:10.435-0400] {dagbag.py:532} INFO - Filling up the DagBag from /Users/sunanda/Downloads/airflow/py_env/lib/python3.9/site-packages/airflow/example_dags/example_branch_labels.py
[2023-03-28T11:17:10.466-0400] {processor.py:753} INFO - DAG(s) dict_keys(['example_branch_labels']) retrieved from /Users/sunanda/Downloads/airflow/py_env/lib/python3.9/site-packages/airflow/example_dags/example_branch_labels.py
[2023-03-28T11:17:10.918-0400] {logging_mixin.py:137} INFO - [2023-03-28T11:17:10.917-0400] {dag.py:2693} INFO - Sync 1 DAGs
[2023-03-28T11:17:10.935-0400] {logging_mixin.py:137} INFO - [2023-03-28T11:17:10.935-0400] {dag.py:3440} INFO - Setting next_dagrun for example_branch_labels to 2023-03-27T00:00:00+00:00, run_after=2023-03-28T00:00:00+00:00
[2023-03-28T11:17:10.953-0400] {processor.py:175} INFO - Processing /Users/sunanda/Downloads/airflow/py_env/lib/python3.9/site-packages/airflow/example_dags/example_branch_labels.py took 0.536 seconds
[2023-03-28T11:21:01.573-0400] {processor.py:153} INFO - Started process (PID=99402) to work on /Users/sunanda/Downloads/airflow/py_env/lib/python3.9/site-packages/airflow/example_dags/example_branch_labels.py
[2023-03-28T11:21:01.579-0400] {processor.py:743} INFO - Processing file /Users/sunanda/Downloads/airflow/py_env/lib/python3.9/site-packages/airflow/example_dags/example_branch_labels.py for tasks to queue
[2023-03-28T11:21:01.579-0400] {logging_mixin.py:137} INFO - [2023-03-28T11:21:01.579-0400] {dagbag.py:532} INFO - Filling up the DagBag from /Users/sunanda/Downloads/airflow/py_env/lib/python3.9/site-packages/airflow/example_dags/example_branch_labels.py
[2023-03-28T11:21:01.592-0400] {processor.py:753} INFO - DAG(s) dict_keys(['example_branch_labels']) retrieved from /Users/sunanda/Downloads/airflow/py_env/lib/python3.9/site-packages/airflow/example_dags/example_branch_labels.py
[2023-03-28T11:21:02.135-0400] {logging_mixin.py:137} INFO - [2023-03-28T11:21:02.134-0400] {dag.py:2693} INFO - Sync 1 DAGs
[2023-03-28T11:21:02.149-0400] {logging_mixin.py:137} INFO - [2023-03-28T11:21:02.149-0400] {dag.py:3440} INFO - Setting next_dagrun for example_branch_labels to 2023-03-27T00:00:00+00:00, run_after=2023-03-28T00:00:00+00:00
[2023-03-28T11:21:02.164-0400] {processor.py:175} INFO - Processing /Users/sunanda/Downloads/airflow/py_env/lib/python3.9/site-packages/airflow/example_dags/example_branch_labels.py took 0.592 seconds
[2023-03-28T11:24:52.634-0400] {processor.py:153} INFO - Started process (PID=99695) to work on /Users/sunanda/Downloads/airflow/py_env/lib/python3.9/site-packages/airflow/example_dags/example_branch_labels.py
[2023-03-28T11:24:52.654-0400] {processor.py:743} INFO - Processing file /Users/sunanda/Downloads/airflow/py_env/lib/python3.9/site-packages/airflow/example_dags/example_branch_labels.py for tasks to queue
[2023-03-28T11:24:52.654-0400] {logging_mixin.py:137} INFO - [2023-03-28T11:24:52.654-0400] {dagbag.py:532} INFO - Filling up the DagBag from /Users/sunanda/Downloads/airflow/py_env/lib/python3.9/site-packages/airflow/example_dags/example_branch_labels.py
[2023-03-28T11:24:52.666-0400] {processor.py:753} INFO - DAG(s) dict_keys(['example_branch_labels']) retrieved from /Users/sunanda/Downloads/airflow/py_env/lib/python3.9/site-packages/airflow/example_dags/example_branch_labels.py
[2023-03-28T11:24:53.111-0400] {logging_mixin.py:137} INFO - [2023-03-28T11:24:53.110-0400] {dag.py:2693} INFO - Sync 1 DAGs
[2023-03-28T11:24:53.124-0400] {logging_mixin.py:137} INFO - [2023-03-28T11:24:53.123-0400] {dag.py:3440} INFO - Setting next_dagrun for example_branch_labels to 2023-03-27T00:00:00+00:00, run_after=2023-03-28T00:00:00+00:00
[2023-03-28T11:24:53.153-0400] {processor.py:175} INFO - Processing /Users/sunanda/Downloads/airflow/py_env/lib/python3.9/site-packages/airflow/example_dags/example_branch_labels.py took 0.522 seconds
[2023-03-28T11:29:26.748-0400] {processor.py:153} INFO - Started process (PID=141) to work on /Users/sunanda/Downloads/airflow/py_env/lib/python3.9/site-packages/airflow/example_dags/example_branch_labels.py
[2023-03-28T11:29:26.780-0400] {processor.py:743} INFO - Processing file /Users/sunanda/Downloads/airflow/py_env/lib/python3.9/site-packages/airflow/example_dags/example_branch_labels.py for tasks to queue
[2023-03-28T11:29:26.780-0400] {logging_mixin.py:137} INFO - [2023-03-28T11:29:26.780-0400] {dagbag.py:532} INFO - Filling up the DagBag from /Users/sunanda/Downloads/airflow/py_env/lib/python3.9/site-packages/airflow/example_dags/example_branch_labels.py
[2023-03-28T11:29:26.804-0400] {processor.py:753} INFO - DAG(s) dict_keys(['example_branch_labels']) retrieved from /Users/sunanda/Downloads/airflow/py_env/lib/python3.9/site-packages/airflow/example_dags/example_branch_labels.py
[2023-03-28T11:29:27.411-0400] {logging_mixin.py:137} INFO - [2023-03-28T11:29:27.411-0400] {dag.py:2693} INFO - Sync 1 DAGs
[2023-03-28T11:29:27.425-0400] {logging_mixin.py:137} INFO - [2023-03-28T11:29:27.425-0400] {dag.py:3440} INFO - Setting next_dagrun for example_branch_labels to 2023-03-27T00:00:00+00:00, run_after=2023-03-28T00:00:00+00:00
[2023-03-28T11:29:27.438-0400] {processor.py:175} INFO - Processing /Users/sunanda/Downloads/airflow/py_env/lib/python3.9/site-packages/airflow/example_dags/example_branch_labels.py took 0.690 seconds
[2023-03-28T11:39:55.793-0400] {processor.py:153} INFO - Started process (PID=633) to work on /Users/sunanda/Downloads/airflow/py_env/lib/python3.9/site-packages/airflow/example_dags/example_branch_labels.py
[2023-03-28T11:39:55.839-0400] {processor.py:743} INFO - Processing file /Users/sunanda/Downloads/airflow/py_env/lib/python3.9/site-packages/airflow/example_dags/example_branch_labels.py for tasks to queue
[2023-03-28T11:39:55.840-0400] {logging_mixin.py:137} INFO - [2023-03-28T11:39:55.840-0400] {dagbag.py:532} INFO - Filling up the DagBag from /Users/sunanda/Downloads/airflow/py_env/lib/python3.9/site-packages/airflow/example_dags/example_branch_labels.py
[2023-03-28T11:39:55.852-0400] {processor.py:753} INFO - DAG(s) dict_keys(['example_branch_labels']) retrieved from /Users/sunanda/Downloads/airflow/py_env/lib/python3.9/site-packages/airflow/example_dags/example_branch_labels.py
[2023-03-28T11:39:56.349-0400] {logging_mixin.py:137} INFO - [2023-03-28T11:39:56.349-0400] {dag.py:2693} INFO - Sync 1 DAGs
[2023-03-28T11:39:56.357-0400] {logging_mixin.py:137} INFO - [2023-03-28T11:39:56.357-0400] {dag.py:3440} INFO - Setting next_dagrun for example_branch_labels to 2023-03-27T00:00:00+00:00, run_after=2023-03-28T00:00:00+00:00
[2023-03-28T11:39:56.365-0400] {processor.py:175} INFO - Processing /Users/sunanda/Downloads/airflow/py_env/lib/python3.9/site-packages/airflow/example_dags/example_branch_labels.py took 0.574 seconds
[2023-03-28T11:43:45.271-0400] {processor.py:153} INFO - Started process (PID=959) to work on /Users/sunanda/Downloads/airflow/py_env/lib/python3.9/site-packages/airflow/example_dags/example_branch_labels.py
[2023-03-28T11:43:45.282-0400] {processor.py:743} INFO - Processing file /Users/sunanda/Downloads/airflow/py_env/lib/python3.9/site-packages/airflow/example_dags/example_branch_labels.py for tasks to queue
[2023-03-28T11:43:45.282-0400] {logging_mixin.py:137} INFO - [2023-03-28T11:43:45.282-0400] {dagbag.py:532} INFO - Filling up the DagBag from /Users/sunanda/Downloads/airflow/py_env/lib/python3.9/site-packages/airflow/example_dags/example_branch_labels.py
[2023-03-28T11:43:45.295-0400] {processor.py:753} INFO - DAG(s) dict_keys(['example_branch_labels']) retrieved from /Users/sunanda/Downloads/airflow/py_env/lib/python3.9/site-packages/airflow/example_dags/example_branch_labels.py
[2023-03-28T11:43:45.732-0400] {logging_mixin.py:137} INFO - [2023-03-28T11:43:45.731-0400] {dag.py:2693} INFO - Sync 1 DAGs
[2023-03-28T11:43:45.751-0400] {logging_mixin.py:137} INFO - [2023-03-28T11:43:45.751-0400] {dag.py:3440} INFO - Setting next_dagrun for example_branch_labels to 2023-03-27T00:00:00+00:00, run_after=2023-03-28T00:00:00+00:00
[2023-03-28T11:43:45.770-0400] {processor.py:175} INFO - Processing /Users/sunanda/Downloads/airflow/py_env/lib/python3.9/site-packages/airflow/example_dags/example_branch_labels.py took 0.500 seconds
[2023-03-28T11:47:24.638-0400] {processor.py:153} INFO - Started process (PID=1282) to work on /Users/sunanda/Downloads/airflow/py_env/lib/python3.9/site-packages/airflow/example_dags/example_branch_labels.py
[2023-03-28T11:47:24.640-0400] {processor.py:743} INFO - Processing file /Users/sunanda/Downloads/airflow/py_env/lib/python3.9/site-packages/airflow/example_dags/example_branch_labels.py for tasks to queue
[2023-03-28T11:47:24.640-0400] {logging_mixin.py:137} INFO - [2023-03-28T11:47:24.640-0400] {dagbag.py:532} INFO - Filling up the DagBag from /Users/sunanda/Downloads/airflow/py_env/lib/python3.9/site-packages/airflow/example_dags/example_branch_labels.py
[2023-03-28T11:47:24.652-0400] {processor.py:753} INFO - DAG(s) dict_keys(['example_branch_labels']) retrieved from /Users/sunanda/Downloads/airflow/py_env/lib/python3.9/site-packages/airflow/example_dags/example_branch_labels.py
[2023-03-28T11:47:25.279-0400] {logging_mixin.py:137} INFO - [2023-03-28T11:47:25.279-0400] {dag.py:2693} INFO - Sync 1 DAGs
[2023-03-28T11:47:25.293-0400] {logging_mixin.py:137} INFO - [2023-03-28T11:47:25.293-0400] {dag.py:3440} INFO - Setting next_dagrun for example_branch_labels to 2023-03-27T00:00:00+00:00, run_after=2023-03-28T00:00:00+00:00
[2023-03-28T11:47:25.301-0400] {processor.py:175} INFO - Processing /Users/sunanda/Downloads/airflow/py_env/lib/python3.9/site-packages/airflow/example_dags/example_branch_labels.py took 0.664 seconds
[2023-03-28T11:51:37.433-0400] {processor.py:153} INFO - Started process (PID=1674) to work on /Users/sunanda/Downloads/airflow/py_env/lib/python3.9/site-packages/airflow/example_dags/example_branch_labels.py
[2023-03-28T11:51:37.436-0400] {processor.py:743} INFO - Processing file /Users/sunanda/Downloads/airflow/py_env/lib/python3.9/site-packages/airflow/example_dags/example_branch_labels.py for tasks to queue
[2023-03-28T11:51:37.436-0400] {logging_mixin.py:137} INFO - [2023-03-28T11:51:37.436-0400] {dagbag.py:532} INFO - Filling up the DagBag from /Users/sunanda/Downloads/airflow/py_env/lib/python3.9/site-packages/airflow/example_dags/example_branch_labels.py
[2023-03-28T11:51:37.450-0400] {processor.py:753} INFO - DAG(s) dict_keys(['example_branch_labels']) retrieved from /Users/sunanda/Downloads/airflow/py_env/lib/python3.9/site-packages/airflow/example_dags/example_branch_labels.py
[2023-03-28T11:51:38.275-0400] {logging_mixin.py:137} INFO - [2023-03-28T11:51:38.275-0400] {dag.py:2693} INFO - Sync 1 DAGs
[2023-03-28T11:51:38.286-0400] {logging_mixin.py:137} INFO - [2023-03-28T11:51:38.286-0400] {dag.py:3440} INFO - Setting next_dagrun for example_branch_labels to 2023-03-27T00:00:00+00:00, run_after=2023-03-28T00:00:00+00:00
[2023-03-28T11:51:38.298-0400] {processor.py:175} INFO - Processing /Users/sunanda/Downloads/airflow/py_env/lib/python3.9/site-packages/airflow/example_dags/example_branch_labels.py took 0.865 seconds
[2023-03-28T11:55:40.948-0400] {processor.py:153} INFO - Started process (PID=2000) to work on /Users/sunanda/Downloads/airflow/py_env/lib/python3.9/site-packages/airflow/example_dags/example_branch_labels.py
[2023-03-28T11:55:40.953-0400] {processor.py:743} INFO - Processing file /Users/sunanda/Downloads/airflow/py_env/lib/python3.9/site-packages/airflow/example_dags/example_branch_labels.py for tasks to queue
[2023-03-28T11:55:40.954-0400] {logging_mixin.py:137} INFO - [2023-03-28T11:55:40.954-0400] {dagbag.py:532} INFO - Filling up the DagBag from /Users/sunanda/Downloads/airflow/py_env/lib/python3.9/site-packages/airflow/example_dags/example_branch_labels.py
[2023-03-28T11:55:40.974-0400] {processor.py:753} INFO - DAG(s) dict_keys(['example_branch_labels']) retrieved from /Users/sunanda/Downloads/airflow/py_env/lib/python3.9/site-packages/airflow/example_dags/example_branch_labels.py
[2023-03-28T11:55:41.604-0400] {logging_mixin.py:137} INFO - [2023-03-28T11:55:41.603-0400] {dag.py:2693} INFO - Sync 1 DAGs
[2023-03-28T11:55:41.627-0400] {logging_mixin.py:137} INFO - [2023-03-28T11:55:41.627-0400] {dag.py:3440} INFO - Setting next_dagrun for example_branch_labels to 2023-03-27T00:00:00+00:00, run_after=2023-03-28T00:00:00+00:00
[2023-03-28T11:55:41.642-0400] {processor.py:175} INFO - Processing /Users/sunanda/Downloads/airflow/py_env/lib/python3.9/site-packages/airflow/example_dags/example_branch_labels.py took 0.694 seconds
[2023-03-28T11:59:26.260-0400] {processor.py:153} INFO - Started process (PID=2311) to work on /Users/sunanda/Downloads/airflow/py_env/lib/python3.9/site-packages/airflow/example_dags/example_branch_labels.py
[2023-03-28T11:59:26.263-0400] {processor.py:743} INFO - Processing file /Users/sunanda/Downloads/airflow/py_env/lib/python3.9/site-packages/airflow/example_dags/example_branch_labels.py for tasks to queue
[2023-03-28T11:59:26.264-0400] {logging_mixin.py:137} INFO - [2023-03-28T11:59:26.264-0400] {dagbag.py:532} INFO - Filling up the DagBag from /Users/sunanda/Downloads/airflow/py_env/lib/python3.9/site-packages/airflow/example_dags/example_branch_labels.py
[2023-03-28T11:59:26.275-0400] {processor.py:753} INFO - DAG(s) dict_keys(['example_branch_labels']) retrieved from /Users/sunanda/Downloads/airflow/py_env/lib/python3.9/site-packages/airflow/example_dags/example_branch_labels.py
[2023-03-28T11:59:26.793-0400] {logging_mixin.py:137} INFO - [2023-03-28T11:59:26.793-0400] {dag.py:2693} INFO - Sync 1 DAGs
[2023-03-28T11:59:26.807-0400] {logging_mixin.py:137} INFO - [2023-03-28T11:59:26.807-0400] {dag.py:3440} INFO - Setting next_dagrun for example_branch_labels to 2023-03-27T00:00:00+00:00, run_after=2023-03-28T00:00:00+00:00
[2023-03-28T11:59:26.822-0400] {processor.py:175} INFO - Processing /Users/sunanda/Downloads/airflow/py_env/lib/python3.9/site-packages/airflow/example_dags/example_branch_labels.py took 0.563 seconds
[2023-03-28T12:03:17.936-0400] {processor.py:153} INFO - Started process (PID=2652) to work on /Users/sunanda/Downloads/airflow/py_env/lib/python3.9/site-packages/airflow/example_dags/example_branch_labels.py
[2023-03-28T12:03:17.945-0400] {processor.py:743} INFO - Processing file /Users/sunanda/Downloads/airflow/py_env/lib/python3.9/site-packages/airflow/example_dags/example_branch_labels.py for tasks to queue
[2023-03-28T12:03:17.945-0400] {logging_mixin.py:137} INFO - [2023-03-28T12:03:17.945-0400] {dagbag.py:532} INFO - Filling up the DagBag from /Users/sunanda/Downloads/airflow/py_env/lib/python3.9/site-packages/airflow/example_dags/example_branch_labels.py
[2023-03-28T12:03:17.959-0400] {processor.py:753} INFO - DAG(s) dict_keys(['example_branch_labels']) retrieved from /Users/sunanda/Downloads/airflow/py_env/lib/python3.9/site-packages/airflow/example_dags/example_branch_labels.py
[2023-03-28T12:03:18.420-0400] {logging_mixin.py:137} INFO - [2023-03-28T12:03:18.420-0400] {dag.py:2693} INFO - Sync 1 DAGs
[2023-03-28T12:03:18.433-0400] {logging_mixin.py:137} INFO - [2023-03-28T12:03:18.433-0400] {dag.py:3440} INFO - Setting next_dagrun for example_branch_labels to 2023-03-27T00:00:00+00:00, run_after=2023-03-28T00:00:00+00:00
[2023-03-28T12:03:18.458-0400] {processor.py:175} INFO - Processing /Users/sunanda/Downloads/airflow/py_env/lib/python3.9/site-packages/airflow/example_dags/example_branch_labels.py took 0.523 seconds
[2023-03-28T12:07:07.289-0400] {processor.py:153} INFO - Started process (PID=3004) to work on /Users/sunanda/Downloads/airflow/py_env/lib/python3.9/site-packages/airflow/example_dags/example_branch_labels.py
[2023-03-28T12:07:07.304-0400] {processor.py:743} INFO - Processing file /Users/sunanda/Downloads/airflow/py_env/lib/python3.9/site-packages/airflow/example_dags/example_branch_labels.py for tasks to queue
[2023-03-28T12:07:07.304-0400] {logging_mixin.py:137} INFO - [2023-03-28T12:07:07.304-0400] {dagbag.py:532} INFO - Filling up the DagBag from /Users/sunanda/Downloads/airflow/py_env/lib/python3.9/site-packages/airflow/example_dags/example_branch_labels.py
[2023-03-28T12:07:07.342-0400] {processor.py:753} INFO - DAG(s) dict_keys(['example_branch_labels']) retrieved from /Users/sunanda/Downloads/airflow/py_env/lib/python3.9/site-packages/airflow/example_dags/example_branch_labels.py
[2023-03-28T12:07:07.850-0400] {logging_mixin.py:137} INFO - [2023-03-28T12:07:07.849-0400] {dag.py:2693} INFO - Sync 1 DAGs
[2023-03-28T12:07:07.871-0400] {logging_mixin.py:137} INFO - [2023-03-28T12:07:07.871-0400] {dag.py:3440} INFO - Setting next_dagrun for example_branch_labels to 2023-03-27T00:00:00+00:00, run_after=2023-03-28T00:00:00+00:00
[2023-03-28T12:07:07.886-0400] {processor.py:175} INFO - Processing /Users/sunanda/Downloads/airflow/py_env/lib/python3.9/site-packages/airflow/example_dags/example_branch_labels.py took 0.598 seconds
[2023-03-28T12:11:11.076-0400] {processor.py:153} INFO - Started process (PID=3447) to work on /Users/sunanda/Downloads/airflow/py_env/lib/python3.9/site-packages/airflow/example_dags/example_branch_labels.py
[2023-03-28T12:11:11.079-0400] {processor.py:743} INFO - Processing file /Users/sunanda/Downloads/airflow/py_env/lib/python3.9/site-packages/airflow/example_dags/example_branch_labels.py for tasks to queue
[2023-03-28T12:11:11.080-0400] {logging_mixin.py:137} INFO - [2023-03-28T12:11:11.080-0400] {dagbag.py:532} INFO - Filling up the DagBag from /Users/sunanda/Downloads/airflow/py_env/lib/python3.9/site-packages/airflow/example_dags/example_branch_labels.py
[2023-03-28T12:11:11.094-0400] {processor.py:753} INFO - DAG(s) dict_keys(['example_branch_labels']) retrieved from /Users/sunanda/Downloads/airflow/py_env/lib/python3.9/site-packages/airflow/example_dags/example_branch_labels.py
[2023-03-28T12:11:11.645-0400] {logging_mixin.py:137} INFO - [2023-03-28T12:11:11.645-0400] {dag.py:2693} INFO - Sync 1 DAGs
[2023-03-28T12:11:11.659-0400] {logging_mixin.py:137} INFO - [2023-03-28T12:11:11.659-0400] {dag.py:3440} INFO - Setting next_dagrun for example_branch_labels to 2023-03-27T00:00:00+00:00, run_after=2023-03-28T00:00:00+00:00
[2023-03-28T12:11:11.680-0400] {processor.py:175} INFO - Processing /Users/sunanda/Downloads/airflow/py_env/lib/python3.9/site-packages/airflow/example_dags/example_branch_labels.py took 0.604 seconds
[2023-03-28T12:15:50.805-0400] {processor.py:153} INFO - Started process (PID=3885) to work on /Users/sunanda/Downloads/airflow/py_env/lib/python3.9/site-packages/airflow/example_dags/example_branch_labels.py
[2023-03-28T12:15:50.808-0400] {processor.py:743} INFO - Processing file /Users/sunanda/Downloads/airflow/py_env/lib/python3.9/site-packages/airflow/example_dags/example_branch_labels.py for tasks to queue
[2023-03-28T12:15:50.809-0400] {logging_mixin.py:137} INFO - [2023-03-28T12:15:50.809-0400] {dagbag.py:532} INFO - Filling up the DagBag from /Users/sunanda/Downloads/airflow/py_env/lib/python3.9/site-packages/airflow/example_dags/example_branch_labels.py
[2023-03-28T12:15:50.821-0400] {processor.py:753} INFO - DAG(s) dict_keys(['example_branch_labels']) retrieved from /Users/sunanda/Downloads/airflow/py_env/lib/python3.9/site-packages/airflow/example_dags/example_branch_labels.py
[2023-03-28T12:15:51.238-0400] {logging_mixin.py:137} INFO - [2023-03-28T12:15:51.238-0400] {dag.py:2693} INFO - Sync 1 DAGs
[2023-03-28T12:15:51.254-0400] {logging_mixin.py:137} INFO - [2023-03-28T12:15:51.254-0400] {dag.py:3440} INFO - Setting next_dagrun for example_branch_labels to 2023-03-27T00:00:00+00:00, run_after=2023-03-28T00:00:00+00:00
[2023-03-28T12:15:51.274-0400] {processor.py:175} INFO - Processing /Users/sunanda/Downloads/airflow/py_env/lib/python3.9/site-packages/airflow/example_dags/example_branch_labels.py took 0.470 seconds
[2023-03-28T12:19:36.871-0400] {processor.py:153} INFO - Started process (PID=4205) to work on /Users/sunanda/Downloads/airflow/py_env/lib/python3.9/site-packages/airflow/example_dags/example_branch_labels.py
[2023-03-28T12:19:36.904-0400] {processor.py:743} INFO - Processing file /Users/sunanda/Downloads/airflow/py_env/lib/python3.9/site-packages/airflow/example_dags/example_branch_labels.py for tasks to queue
[2023-03-28T12:19:36.904-0400] {logging_mixin.py:137} INFO - [2023-03-28T12:19:36.904-0400] {dagbag.py:532} INFO - Filling up the DagBag from /Users/sunanda/Downloads/airflow/py_env/lib/python3.9/site-packages/airflow/example_dags/example_branch_labels.py
[2023-03-28T12:19:36.940-0400] {processor.py:753} INFO - DAG(s) dict_keys(['example_branch_labels']) retrieved from /Users/sunanda/Downloads/airflow/py_env/lib/python3.9/site-packages/airflow/example_dags/example_branch_labels.py
[2023-03-28T12:19:37.553-0400] {logging_mixin.py:137} INFO - [2023-03-28T12:19:37.553-0400] {dag.py:2693} INFO - Sync 1 DAGs
[2023-03-28T12:19:37.561-0400] {logging_mixin.py:137} INFO - [2023-03-28T12:19:37.561-0400] {dag.py:3440} INFO - Setting next_dagrun for example_branch_labels to 2023-03-27T00:00:00+00:00, run_after=2023-03-28T00:00:00+00:00
[2023-03-28T12:19:37.569-0400] {processor.py:175} INFO - Processing /Users/sunanda/Downloads/airflow/py_env/lib/python3.9/site-packages/airflow/example_dags/example_branch_labels.py took 0.699 seconds
[2023-03-28T12:23:29.386-0400] {processor.py:153} INFO - Started process (PID=4509) to work on /Users/sunanda/Downloads/airflow/py_env/lib/python3.9/site-packages/airflow/example_dags/example_branch_labels.py
[2023-03-28T12:23:29.392-0400] {processor.py:743} INFO - Processing file /Users/sunanda/Downloads/airflow/py_env/lib/python3.9/site-packages/airflow/example_dags/example_branch_labels.py for tasks to queue
[2023-03-28T12:23:29.392-0400] {logging_mixin.py:137} INFO - [2023-03-28T12:23:29.392-0400] {dagbag.py:532} INFO - Filling up the DagBag from /Users/sunanda/Downloads/airflow/py_env/lib/python3.9/site-packages/airflow/example_dags/example_branch_labels.py
[2023-03-28T12:23:29.433-0400] {processor.py:753} INFO - DAG(s) dict_keys(['example_branch_labels']) retrieved from /Users/sunanda/Downloads/airflow/py_env/lib/python3.9/site-packages/airflow/example_dags/example_branch_labels.py
[2023-03-28T12:23:29.948-0400] {logging_mixin.py:137} INFO - [2023-03-28T12:23:29.948-0400] {dag.py:2693} INFO - Sync 1 DAGs
[2023-03-28T12:23:29.960-0400] {logging_mixin.py:137} INFO - [2023-03-28T12:23:29.960-0400] {dag.py:3440} INFO - Setting next_dagrun for example_branch_labels to 2023-03-27T00:00:00+00:00, run_after=2023-03-28T00:00:00+00:00
[2023-03-28T12:23:29.983-0400] {processor.py:175} INFO - Processing /Users/sunanda/Downloads/airflow/py_env/lib/python3.9/site-packages/airflow/example_dags/example_branch_labels.py took 0.600 seconds
[2023-03-28T12:30:18.684-0400] {processor.py:153} INFO - Started process (PID=4848) to work on /Users/sunanda/Downloads/airflow/py_env/lib/python3.9/site-packages/airflow/example_dags/example_branch_labels.py
[2023-03-28T12:30:18.691-0400] {processor.py:743} INFO - Processing file /Users/sunanda/Downloads/airflow/py_env/lib/python3.9/site-packages/airflow/example_dags/example_branch_labels.py for tasks to queue
[2023-03-28T12:30:18.692-0400] {logging_mixin.py:137} INFO - [2023-03-28T12:30:18.692-0400] {dagbag.py:532} INFO - Filling up the DagBag from /Users/sunanda/Downloads/airflow/py_env/lib/python3.9/site-packages/airflow/example_dags/example_branch_labels.py
[2023-03-28T12:30:18.704-0400] {processor.py:753} INFO - DAG(s) dict_keys(['example_branch_labels']) retrieved from /Users/sunanda/Downloads/airflow/py_env/lib/python3.9/site-packages/airflow/example_dags/example_branch_labels.py
[2023-03-28T12:30:19.076-0400] {logging_mixin.py:137} INFO - [2023-03-28T12:30:19.076-0400] {dag.py:2693} INFO - Sync 1 DAGs
[2023-03-28T12:30:19.093-0400] {logging_mixin.py:137} INFO - [2023-03-28T12:30:19.093-0400] {dag.py:3440} INFO - Setting next_dagrun for example_branch_labels to 2023-03-27T00:00:00+00:00, run_after=2023-03-28T00:00:00+00:00
[2023-03-28T12:30:19.111-0400] {processor.py:175} INFO - Processing /Users/sunanda/Downloads/airflow/py_env/lib/python3.9/site-packages/airflow/example_dags/example_branch_labels.py took 0.428 seconds
