[2023-03-27T23:37:52.316-0400] {processor.py:153} INFO - Started process (PID=79205) to work on /Users/sunanda/Downloads/airflow/py_env/lib/python3.9/site-packages/airflow/example_dags/example_params_ui_tutorial.py
[2023-03-27T23:37:52.323-0400] {processor.py:743} INFO - Processing file /Users/sunanda/Downloads/airflow/py_env/lib/python3.9/site-packages/airflow/example_dags/example_params_ui_tutorial.py for tasks to queue
[2023-03-27T23:37:52.324-0400] {logging_mixin.py:137} INFO - [2023-03-27T23:37:52.324-0400] {dagbag.py:532} INFO - Filling up the DagBag from /Users/sunanda/Downloads/airflow/py_env/lib/python3.9/site-packages/airflow/example_dags/example_params_ui_tutorial.py
[2023-03-27T23:37:52.365-0400] {processor.py:753} INFO - DAG(s) dict_keys(['example_params_ui_tutorial']) retrieved from /Users/sunanda/Downloads/airflow/py_env/lib/python3.9/site-packages/airflow/example_dags/example_params_ui_tutorial.py
[2023-03-27T23:37:52.623-0400] {logging_mixin.py:137} INFO - [2023-03-27T23:37:52.623-0400] {dag.py:2693} INFO - Sync 1 DAGs
[2023-03-27T23:37:52.630-0400] {logging_mixin.py:137} INFO - [2023-03-27T23:37:52.630-0400] {dag.py:3440} INFO - Setting next_dagrun for example_params_ui_tutorial to None, run_after=None
[2023-03-27T23:37:52.638-0400] {processor.py:175} INFO - Processing /Users/sunanda/Downloads/airflow/py_env/lib/python3.9/site-packages/airflow/example_dags/example_params_ui_tutorial.py took 0.322 seconds
[2023-03-27T23:39:16.200-0400] {processor.py:153} INFO - Started process (PID=79352) to work on /Users/sunanda/Downloads/airflow/py_env/lib/python3.9/site-packages/airflow/example_dags/example_params_ui_tutorial.py
[2023-03-27T23:39:16.208-0400] {processor.py:743} INFO - Processing file /Users/sunanda/Downloads/airflow/py_env/lib/python3.9/site-packages/airflow/example_dags/example_params_ui_tutorial.py for tasks to queue
[2023-03-27T23:39:16.208-0400] {logging_mixin.py:137} INFO - [2023-03-27T23:39:16.208-0400] {dagbag.py:532} INFO - Filling up the DagBag from /Users/sunanda/Downloads/airflow/py_env/lib/python3.9/site-packages/airflow/example_dags/example_params_ui_tutorial.py
[2023-03-27T23:39:16.248-0400] {processor.py:753} INFO - DAG(s) dict_keys(['example_params_ui_tutorial']) retrieved from /Users/sunanda/Downloads/airflow/py_env/lib/python3.9/site-packages/airflow/example_dags/example_params_ui_tutorial.py
[2023-03-27T23:39:16.502-0400] {logging_mixin.py:137} INFO - [2023-03-27T23:39:16.502-0400] {dag.py:2693} INFO - Sync 1 DAGs
[2023-03-27T23:39:16.508-0400] {logging_mixin.py:137} INFO - [2023-03-27T23:39:16.508-0400] {dag.py:3440} INFO - Setting next_dagrun for example_params_ui_tutorial to None, run_after=None
[2023-03-27T23:39:16.515-0400] {processor.py:175} INFO - Processing /Users/sunanda/Downloads/airflow/py_env/lib/python3.9/site-packages/airflow/example_dags/example_params_ui_tutorial.py took 0.316 seconds
[2023-03-27T23:41:06.636-0400] {processor.py:153} INFO - Started process (PID=79535) to work on /Users/sunanda/Downloads/airflow/py_env/lib/python3.9/site-packages/airflow/example_dags/example_params_ui_tutorial.py
[2023-03-27T23:41:06.645-0400] {processor.py:743} INFO - Processing file /Users/sunanda/Downloads/airflow/py_env/lib/python3.9/site-packages/airflow/example_dags/example_params_ui_tutorial.py for tasks to queue
[2023-03-27T23:41:06.645-0400] {logging_mixin.py:137} INFO - [2023-03-27T23:41:06.645-0400] {dagbag.py:532} INFO - Filling up the DagBag from /Users/sunanda/Downloads/airflow/py_env/lib/python3.9/site-packages/airflow/example_dags/example_params_ui_tutorial.py
[2023-03-27T23:41:06.686-0400] {processor.py:753} INFO - DAG(s) dict_keys(['example_params_ui_tutorial']) retrieved from /Users/sunanda/Downloads/airflow/py_env/lib/python3.9/site-packages/airflow/example_dags/example_params_ui_tutorial.py
[2023-03-27T23:41:06.933-0400] {logging_mixin.py:137} INFO - [2023-03-27T23:41:06.933-0400] {dag.py:2693} INFO - Sync 1 DAGs
[2023-03-27T23:41:06.939-0400] {logging_mixin.py:137} INFO - [2023-03-27T23:41:06.939-0400] {dag.py:3440} INFO - Setting next_dagrun for example_params_ui_tutorial to None, run_after=None
[2023-03-27T23:41:06.946-0400] {processor.py:175} INFO - Processing /Users/sunanda/Downloads/airflow/py_env/lib/python3.9/site-packages/airflow/example_dags/example_params_ui_tutorial.py took 0.313 seconds
[2023-03-28T00:22:16.486-0400] {processor.py:153} INFO - Started process (PID=82675) to work on /Users/sunanda/Downloads/airflow/py_env/lib/python3.9/site-packages/airflow/example_dags/example_params_ui_tutorial.py
[2023-03-28T00:22:16.499-0400] {processor.py:743} INFO - Processing file /Users/sunanda/Downloads/airflow/py_env/lib/python3.9/site-packages/airflow/example_dags/example_params_ui_tutorial.py for tasks to queue
[2023-03-28T00:22:16.499-0400] {logging_mixin.py:137} INFO - [2023-03-28T00:22:16.499-0400] {dagbag.py:532} INFO - Filling up the DagBag from /Users/sunanda/Downloads/airflow/py_env/lib/python3.9/site-packages/airflow/example_dags/example_params_ui_tutorial.py
[2023-03-28T00:22:16.575-0400] {processor.py:753} INFO - DAG(s) dict_keys(['example_params_ui_tutorial']) retrieved from /Users/sunanda/Downloads/airflow/py_env/lib/python3.9/site-packages/airflow/example_dags/example_params_ui_tutorial.py
[2023-03-28T00:22:16.896-0400] {logging_mixin.py:137} INFO - [2023-03-28T00:22:16.896-0400] {dag.py:2693} INFO - Sync 1 DAGs
[2023-03-28T00:22:16.908-0400] {logging_mixin.py:137} INFO - [2023-03-28T00:22:16.908-0400] {dag.py:3440} INFO - Setting next_dagrun for example_params_ui_tutorial to None, run_after=None
[2023-03-28T00:22:16.920-0400] {processor.py:175} INFO - Processing /Users/sunanda/Downloads/airflow/py_env/lib/python3.9/site-packages/airflow/example_dags/example_params_ui_tutorial.py took 0.435 seconds
[2023-03-28T10:11:05.103-0400] {processor.py:153} INFO - Started process (PID=91317) to work on /Users/sunanda/Downloads/airflow/py_env/lib/python3.9/site-packages/airflow/example_dags/example_params_ui_tutorial.py
[2023-03-28T10:11:05.110-0400] {processor.py:743} INFO - Processing file /Users/sunanda/Downloads/airflow/py_env/lib/python3.9/site-packages/airflow/example_dags/example_params_ui_tutorial.py for tasks to queue
[2023-03-28T10:11:05.111-0400] {logging_mixin.py:137} INFO - [2023-03-28T10:11:05.111-0400] {dagbag.py:532} INFO - Filling up the DagBag from /Users/sunanda/Downloads/airflow/py_env/lib/python3.9/site-packages/airflow/example_dags/example_params_ui_tutorial.py
[2023-03-28T10:11:05.216-0400] {processor.py:753} INFO - DAG(s) dict_keys(['example_params_ui_tutorial']) retrieved from /Users/sunanda/Downloads/airflow/py_env/lib/python3.9/site-packages/airflow/example_dags/example_params_ui_tutorial.py
[2023-03-28T10:11:05.734-0400] {logging_mixin.py:137} INFO - [2023-03-28T10:11:05.733-0400] {dag.py:2693} INFO - Sync 1 DAGs
[2023-03-28T10:11:05.747-0400] {logging_mixin.py:137} INFO - [2023-03-28T10:11:05.747-0400] {dag.py:3440} INFO - Setting next_dagrun for example_params_ui_tutorial to None, run_after=None
[2023-03-28T10:11:05.768-0400] {processor.py:175} INFO - Processing /Users/sunanda/Downloads/airflow/py_env/lib/python3.9/site-packages/airflow/example_dags/example_params_ui_tutorial.py took 0.665 seconds
[2023-03-28T10:13:56.558-0400] {processor.py:153} INFO - Started process (PID=91536) to work on /Users/sunanda/Downloads/airflow/py_env/lib/python3.9/site-packages/airflow/example_dags/example_params_ui_tutorial.py
[2023-03-28T10:13:56.570-0400] {processor.py:743} INFO - Processing file /Users/sunanda/Downloads/airflow/py_env/lib/python3.9/site-packages/airflow/example_dags/example_params_ui_tutorial.py for tasks to queue
[2023-03-28T10:13:56.570-0400] {logging_mixin.py:137} INFO - [2023-03-28T10:13:56.570-0400] {dagbag.py:532} INFO - Filling up the DagBag from /Users/sunanda/Downloads/airflow/py_env/lib/python3.9/site-packages/airflow/example_dags/example_params_ui_tutorial.py
[2023-03-28T10:13:56.622-0400] {processor.py:753} INFO - DAG(s) dict_keys(['example_params_ui_tutorial']) retrieved from /Users/sunanda/Downloads/airflow/py_env/lib/python3.9/site-packages/airflow/example_dags/example_params_ui_tutorial.py
[2023-03-28T10:13:57.512-0400] {logging_mixin.py:137} INFO - [2023-03-28T10:13:57.511-0400] {dag.py:2693} INFO - Sync 1 DAGs
[2023-03-28T10:13:57.518-0400] {logging_mixin.py:137} INFO - [2023-03-28T10:13:57.518-0400] {dag.py:3440} INFO - Setting next_dagrun for example_params_ui_tutorial to None, run_after=None
[2023-03-28T10:13:57.534-0400] {processor.py:175} INFO - Processing /Users/sunanda/Downloads/airflow/py_env/lib/python3.9/site-packages/airflow/example_dags/example_params_ui_tutorial.py took 0.978 seconds
[2023-03-28T10:16:16.360-0400] {processor.py:153} INFO - Started process (PID=91711) to work on /Users/sunanda/Downloads/airflow/py_env/lib/python3.9/site-packages/airflow/example_dags/example_params_ui_tutorial.py
[2023-03-28T10:16:16.364-0400] {processor.py:743} INFO - Processing file /Users/sunanda/Downloads/airflow/py_env/lib/python3.9/site-packages/airflow/example_dags/example_params_ui_tutorial.py for tasks to queue
[2023-03-28T10:16:16.364-0400] {logging_mixin.py:137} INFO - [2023-03-28T10:16:16.364-0400] {dagbag.py:532} INFO - Filling up the DagBag from /Users/sunanda/Downloads/airflow/py_env/lib/python3.9/site-packages/airflow/example_dags/example_params_ui_tutorial.py
[2023-03-28T10:16:16.529-0400] {processor.py:753} INFO - DAG(s) dict_keys(['example_params_ui_tutorial']) retrieved from /Users/sunanda/Downloads/airflow/py_env/lib/python3.9/site-packages/airflow/example_dags/example_params_ui_tutorial.py
[2023-03-28T10:16:17.023-0400] {logging_mixin.py:137} INFO - [2023-03-28T10:16:17.023-0400] {dag.py:2693} INFO - Sync 1 DAGs
[2023-03-28T10:16:17.051-0400] {logging_mixin.py:137} INFO - [2023-03-28T10:16:17.050-0400] {dag.py:3440} INFO - Setting next_dagrun for example_params_ui_tutorial to None, run_after=None
[2023-03-28T10:16:17.067-0400] {processor.py:175} INFO - Processing /Users/sunanda/Downloads/airflow/py_env/lib/python3.9/site-packages/airflow/example_dags/example_params_ui_tutorial.py took 0.707 seconds
[2023-03-28T10:18:32.035-0400] {processor.py:153} INFO - Started process (PID=91889) to work on /Users/sunanda/Downloads/airflow/py_env/lib/python3.9/site-packages/airflow/example_dags/example_params_ui_tutorial.py
[2023-03-28T10:18:32.038-0400] {processor.py:743} INFO - Processing file /Users/sunanda/Downloads/airflow/py_env/lib/python3.9/site-packages/airflow/example_dags/example_params_ui_tutorial.py for tasks to queue
[2023-03-28T10:18:32.038-0400] {logging_mixin.py:137} INFO - [2023-03-28T10:18:32.038-0400] {dagbag.py:532} INFO - Filling up the DagBag from /Users/sunanda/Downloads/airflow/py_env/lib/python3.9/site-packages/airflow/example_dags/example_params_ui_tutorial.py
[2023-03-28T10:18:32.241-0400] {processor.py:753} INFO - DAG(s) dict_keys(['example_params_ui_tutorial']) retrieved from /Users/sunanda/Downloads/airflow/py_env/lib/python3.9/site-packages/airflow/example_dags/example_params_ui_tutorial.py
[2023-03-28T10:18:32.740-0400] {logging_mixin.py:137} INFO - [2023-03-28T10:18:32.740-0400] {dag.py:2693} INFO - Sync 1 DAGs
[2023-03-28T10:18:32.758-0400] {logging_mixin.py:137} INFO - [2023-03-28T10:18:32.758-0400] {dag.py:3440} INFO - Setting next_dagrun for example_params_ui_tutorial to None, run_after=None
[2023-03-28T10:18:32.782-0400] {processor.py:175} INFO - Processing /Users/sunanda/Downloads/airflow/py_env/lib/python3.9/site-packages/airflow/example_dags/example_params_ui_tutorial.py took 0.747 seconds
[2023-03-28T10:20:35.410-0400] {processor.py:153} INFO - Started process (PID=92050) to work on /Users/sunanda/Downloads/airflow/py_env/lib/python3.9/site-packages/airflow/example_dags/example_params_ui_tutorial.py
[2023-03-28T10:20:35.416-0400] {processor.py:743} INFO - Processing file /Users/sunanda/Downloads/airflow/py_env/lib/python3.9/site-packages/airflow/example_dags/example_params_ui_tutorial.py for tasks to queue
[2023-03-28T10:20:35.417-0400] {logging_mixin.py:137} INFO - [2023-03-28T10:20:35.417-0400] {dagbag.py:532} INFO - Filling up the DagBag from /Users/sunanda/Downloads/airflow/py_env/lib/python3.9/site-packages/airflow/example_dags/example_params_ui_tutorial.py
[2023-03-28T10:20:35.520-0400] {processor.py:753} INFO - DAG(s) dict_keys(['example_params_ui_tutorial']) retrieved from /Users/sunanda/Downloads/airflow/py_env/lib/python3.9/site-packages/airflow/example_dags/example_params_ui_tutorial.py
[2023-03-28T10:20:36.262-0400] {logging_mixin.py:137} INFO - [2023-03-28T10:20:36.262-0400] {dag.py:2693} INFO - Sync 1 DAGs
[2023-03-28T10:20:36.269-0400] {logging_mixin.py:137} INFO - [2023-03-28T10:20:36.269-0400] {dag.py:3440} INFO - Setting next_dagrun for example_params_ui_tutorial to None, run_after=None
[2023-03-28T10:20:36.292-0400] {processor.py:175} INFO - Processing /Users/sunanda/Downloads/airflow/py_env/lib/python3.9/site-packages/airflow/example_dags/example_params_ui_tutorial.py took 0.884 seconds
[2023-03-28T10:24:44.951-0400] {processor.py:153} INFO - Started process (PID=92463) to work on /Users/sunanda/Downloads/airflow/py_env/lib/python3.9/site-packages/airflow/example_dags/example_params_ui_tutorial.py
[2023-03-28T10:24:44.953-0400] {processor.py:743} INFO - Processing file /Users/sunanda/Downloads/airflow/py_env/lib/python3.9/site-packages/airflow/example_dags/example_params_ui_tutorial.py for tasks to queue
[2023-03-28T10:24:44.954-0400] {logging_mixin.py:137} INFO - [2023-03-28T10:24:44.954-0400] {dagbag.py:532} INFO - Filling up the DagBag from /Users/sunanda/Downloads/airflow/py_env/lib/python3.9/site-packages/airflow/example_dags/example_params_ui_tutorial.py
[2023-03-28T10:24:45.001-0400] {processor.py:753} INFO - DAG(s) dict_keys(['example_params_ui_tutorial']) retrieved from /Users/sunanda/Downloads/airflow/py_env/lib/python3.9/site-packages/airflow/example_dags/example_params_ui_tutorial.py
[2023-03-28T10:24:45.611-0400] {logging_mixin.py:137} INFO - [2023-03-28T10:24:45.611-0400] {dag.py:2693} INFO - Sync 1 DAGs
[2023-03-28T10:24:45.629-0400] {logging_mixin.py:137} INFO - [2023-03-28T10:24:45.629-0400] {dag.py:3440} INFO - Setting next_dagrun for example_params_ui_tutorial to None, run_after=None
[2023-03-28T10:24:45.656-0400] {processor.py:175} INFO - Processing /Users/sunanda/Downloads/airflow/py_env/lib/python3.9/site-packages/airflow/example_dags/example_params_ui_tutorial.py took 0.706 seconds
[2023-03-28T10:29:06.317-0400] {processor.py:153} INFO - Started process (PID=92984) to work on /Users/sunanda/Downloads/airflow/py_env/lib/python3.9/site-packages/airflow/example_dags/example_params_ui_tutorial.py
[2023-03-28T10:29:06.321-0400] {processor.py:743} INFO - Processing file /Users/sunanda/Downloads/airflow/py_env/lib/python3.9/site-packages/airflow/example_dags/example_params_ui_tutorial.py for tasks to queue
[2023-03-28T10:29:06.321-0400] {logging_mixin.py:137} INFO - [2023-03-28T10:29:06.321-0400] {dagbag.py:532} INFO - Filling up the DagBag from /Users/sunanda/Downloads/airflow/py_env/lib/python3.9/site-packages/airflow/example_dags/example_params_ui_tutorial.py
[2023-03-28T10:29:06.369-0400] {processor.py:753} INFO - DAG(s) dict_keys(['example_params_ui_tutorial']) retrieved from /Users/sunanda/Downloads/airflow/py_env/lib/python3.9/site-packages/airflow/example_dags/example_params_ui_tutorial.py
[2023-03-28T10:29:06.931-0400] {logging_mixin.py:137} INFO - [2023-03-28T10:29:06.929-0400] {dag.py:2693} INFO - Sync 1 DAGs
[2023-03-28T10:29:06.958-0400] {logging_mixin.py:137} INFO - [2023-03-28T10:29:06.958-0400] {dag.py:3440} INFO - Setting next_dagrun for example_params_ui_tutorial to None, run_after=None
[2023-03-28T10:29:06.966-0400] {processor.py:175} INFO - Processing /Users/sunanda/Downloads/airflow/py_env/lib/python3.9/site-packages/airflow/example_dags/example_params_ui_tutorial.py took 0.649 seconds
[2023-03-28T10:31:17.911-0400] {processor.py:153} INFO - Started process (PID=93198) to work on /Users/sunanda/Downloads/airflow/py_env/lib/python3.9/site-packages/airflow/example_dags/example_params_ui_tutorial.py
[2023-03-28T10:31:17.939-0400] {processor.py:743} INFO - Processing file /Users/sunanda/Downloads/airflow/py_env/lib/python3.9/site-packages/airflow/example_dags/example_params_ui_tutorial.py for tasks to queue
[2023-03-28T10:31:17.943-0400] {logging_mixin.py:137} INFO - [2023-03-28T10:31:17.943-0400] {dagbag.py:532} INFO - Filling up the DagBag from /Users/sunanda/Downloads/airflow/py_env/lib/python3.9/site-packages/airflow/example_dags/example_params_ui_tutorial.py
[2023-03-28T10:31:18.064-0400] {processor.py:753} INFO - DAG(s) dict_keys(['example_params_ui_tutorial']) retrieved from /Users/sunanda/Downloads/airflow/py_env/lib/python3.9/site-packages/airflow/example_dags/example_params_ui_tutorial.py
[2023-03-28T10:31:18.710-0400] {logging_mixin.py:137} INFO - [2023-03-28T10:31:18.710-0400] {dag.py:2693} INFO - Sync 1 DAGs
[2023-03-28T10:31:18.728-0400] {logging_mixin.py:137} INFO - [2023-03-28T10:31:18.728-0400] {dag.py:3440} INFO - Setting next_dagrun for example_params_ui_tutorial to None, run_after=None
[2023-03-28T10:31:18.752-0400] {processor.py:175} INFO - Processing /Users/sunanda/Downloads/airflow/py_env/lib/python3.9/site-packages/airflow/example_dags/example_params_ui_tutorial.py took 0.841 seconds
[2023-03-28T10:35:15.991-0400] {processor.py:153} INFO - Started process (PID=93521) to work on /Users/sunanda/Downloads/airflow/py_env/lib/python3.9/site-packages/airflow/example_dags/example_params_ui_tutorial.py
[2023-03-28T10:35:15.994-0400] {processor.py:743} INFO - Processing file /Users/sunanda/Downloads/airflow/py_env/lib/python3.9/site-packages/airflow/example_dags/example_params_ui_tutorial.py for tasks to queue
[2023-03-28T10:35:15.995-0400] {logging_mixin.py:137} INFO - [2023-03-28T10:35:15.995-0400] {dagbag.py:532} INFO - Filling up the DagBag from /Users/sunanda/Downloads/airflow/py_env/lib/python3.9/site-packages/airflow/example_dags/example_params_ui_tutorial.py
[2023-03-28T10:35:16.122-0400] {processor.py:753} INFO - DAG(s) dict_keys(['example_params_ui_tutorial']) retrieved from /Users/sunanda/Downloads/airflow/py_env/lib/python3.9/site-packages/airflow/example_dags/example_params_ui_tutorial.py
[2023-03-28T10:35:16.718-0400] {logging_mixin.py:137} INFO - [2023-03-28T10:35:16.718-0400] {dag.py:2693} INFO - Sync 1 DAGs
[2023-03-28T10:35:16.739-0400] {logging_mixin.py:137} INFO - [2023-03-28T10:35:16.739-0400] {dag.py:3440} INFO - Setting next_dagrun for example_params_ui_tutorial to None, run_after=None
[2023-03-28T10:35:16.752-0400] {processor.py:175} INFO - Processing /Users/sunanda/Downloads/airflow/py_env/lib/python3.9/site-packages/airflow/example_dags/example_params_ui_tutorial.py took 0.761 seconds
[2023-03-28T10:37:27.154-0400] {processor.py:153} INFO - Started process (PID=94564) to work on /Users/sunanda/Downloads/airflow/py_env/lib/python3.9/site-packages/airflow/example_dags/example_params_ui_tutorial.py
[2023-03-28T10:37:27.162-0400] {processor.py:743} INFO - Processing file /Users/sunanda/Downloads/airflow/py_env/lib/python3.9/site-packages/airflow/example_dags/example_params_ui_tutorial.py for tasks to queue
[2023-03-28T10:37:27.162-0400] {logging_mixin.py:137} INFO - [2023-03-28T10:37:27.162-0400] {dagbag.py:532} INFO - Filling up the DagBag from /Users/sunanda/Downloads/airflow/py_env/lib/python3.9/site-packages/airflow/example_dags/example_params_ui_tutorial.py
[2023-03-28T10:37:27.233-0400] {processor.py:753} INFO - DAG(s) dict_keys(['example_params_ui_tutorial']) retrieved from /Users/sunanda/Downloads/airflow/py_env/lib/python3.9/site-packages/airflow/example_dags/example_params_ui_tutorial.py
[2023-03-28T10:37:27.701-0400] {logging_mixin.py:137} INFO - [2023-03-28T10:37:27.701-0400] {dag.py:2693} INFO - Sync 1 DAGs
[2023-03-28T10:37:27.714-0400] {logging_mixin.py:137} INFO - [2023-03-28T10:37:27.714-0400] {dag.py:3440} INFO - Setting next_dagrun for example_params_ui_tutorial to None, run_after=None
[2023-03-28T10:37:27.731-0400] {processor.py:175} INFO - Processing /Users/sunanda/Downloads/airflow/py_env/lib/python3.9/site-packages/airflow/example_dags/example_params_ui_tutorial.py took 0.577 seconds
[2023-03-28T10:39:58.925-0400] {processor.py:153} INFO - Started process (PID=95385) to work on /Users/sunanda/Downloads/airflow/py_env/lib/python3.9/site-packages/airflow/example_dags/example_params_ui_tutorial.py
[2023-03-28T10:39:58.928-0400] {processor.py:743} INFO - Processing file /Users/sunanda/Downloads/airflow/py_env/lib/python3.9/site-packages/airflow/example_dags/example_params_ui_tutorial.py for tasks to queue
[2023-03-28T10:39:58.928-0400] {logging_mixin.py:137} INFO - [2023-03-28T10:39:58.928-0400] {dagbag.py:532} INFO - Filling up the DagBag from /Users/sunanda/Downloads/airflow/py_env/lib/python3.9/site-packages/airflow/example_dags/example_params_ui_tutorial.py
[2023-03-28T10:39:58.998-0400] {processor.py:753} INFO - DAG(s) dict_keys(['example_params_ui_tutorial']) retrieved from /Users/sunanda/Downloads/airflow/py_env/lib/python3.9/site-packages/airflow/example_dags/example_params_ui_tutorial.py
[2023-03-28T10:39:59.438-0400] {logging_mixin.py:137} INFO - [2023-03-28T10:39:59.438-0400] {dag.py:2693} INFO - Sync 1 DAGs
[2023-03-28T10:39:59.451-0400] {logging_mixin.py:137} INFO - [2023-03-28T10:39:59.451-0400] {dag.py:3440} INFO - Setting next_dagrun for example_params_ui_tutorial to None, run_after=None
[2023-03-28T10:39:59.475-0400] {processor.py:175} INFO - Processing /Users/sunanda/Downloads/airflow/py_env/lib/python3.9/site-packages/airflow/example_dags/example_params_ui_tutorial.py took 0.551 seconds
[2023-03-28T10:42:07.667-0400] {processor.py:153} INFO - Started process (PID=95632) to work on /Users/sunanda/Downloads/airflow/py_env/lib/python3.9/site-packages/airflow/example_dags/example_params_ui_tutorial.py
[2023-03-28T10:42:07.696-0400] {processor.py:743} INFO - Processing file /Users/sunanda/Downloads/airflow/py_env/lib/python3.9/site-packages/airflow/example_dags/example_params_ui_tutorial.py for tasks to queue
[2023-03-28T10:42:07.697-0400] {logging_mixin.py:137} INFO - [2023-03-28T10:42:07.697-0400] {dagbag.py:532} INFO - Filling up the DagBag from /Users/sunanda/Downloads/airflow/py_env/lib/python3.9/site-packages/airflow/example_dags/example_params_ui_tutorial.py
[2023-03-28T10:42:07.836-0400] {processor.py:753} INFO - DAG(s) dict_keys(['example_params_ui_tutorial']) retrieved from /Users/sunanda/Downloads/airflow/py_env/lib/python3.9/site-packages/airflow/example_dags/example_params_ui_tutorial.py
[2023-03-28T10:42:08.396-0400] {logging_mixin.py:137} INFO - [2023-03-28T10:42:08.395-0400] {dag.py:2693} INFO - Sync 1 DAGs
[2023-03-28T10:42:08.402-0400] {logging_mixin.py:137} INFO - [2023-03-28T10:42:08.402-0400] {dag.py:3440} INFO - Setting next_dagrun for example_params_ui_tutorial to None, run_after=None
[2023-03-28T10:42:08.432-0400] {processor.py:175} INFO - Processing /Users/sunanda/Downloads/airflow/py_env/lib/python3.9/site-packages/airflow/example_dags/example_params_ui_tutorial.py took 0.766 seconds
[2023-03-28T10:44:09.772-0400] {processor.py:153} INFO - Started process (PID=95871) to work on /Users/sunanda/Downloads/airflow/py_env/lib/python3.9/site-packages/airflow/example_dags/example_params_ui_tutorial.py
[2023-03-28T10:44:09.777-0400] {processor.py:743} INFO - Processing file /Users/sunanda/Downloads/airflow/py_env/lib/python3.9/site-packages/airflow/example_dags/example_params_ui_tutorial.py for tasks to queue
[2023-03-28T10:44:09.778-0400] {logging_mixin.py:137} INFO - [2023-03-28T10:44:09.778-0400] {dagbag.py:532} INFO - Filling up the DagBag from /Users/sunanda/Downloads/airflow/py_env/lib/python3.9/site-packages/airflow/example_dags/example_params_ui_tutorial.py
[2023-03-28T10:44:09.828-0400] {processor.py:753} INFO - DAG(s) dict_keys(['example_params_ui_tutorial']) retrieved from /Users/sunanda/Downloads/airflow/py_env/lib/python3.9/site-packages/airflow/example_dags/example_params_ui_tutorial.py
[2023-03-28T10:44:10.403-0400] {logging_mixin.py:137} INFO - [2023-03-28T10:44:10.403-0400] {dag.py:2693} INFO - Sync 1 DAGs
[2023-03-28T10:44:10.414-0400] {logging_mixin.py:137} INFO - [2023-03-28T10:44:10.414-0400] {dag.py:3440} INFO - Setting next_dagrun for example_params_ui_tutorial to None, run_after=None
[2023-03-28T10:44:10.433-0400] {processor.py:175} INFO - Processing /Users/sunanda/Downloads/airflow/py_env/lib/python3.9/site-packages/airflow/example_dags/example_params_ui_tutorial.py took 0.662 seconds
[2023-03-28T10:48:14.710-0400] {processor.py:153} INFO - Started process (PID=96428) to work on /Users/sunanda/Downloads/airflow/py_env/lib/python3.9/site-packages/airflow/example_dags/example_params_ui_tutorial.py
[2023-03-28T10:48:14.725-0400] {processor.py:743} INFO - Processing file /Users/sunanda/Downloads/airflow/py_env/lib/python3.9/site-packages/airflow/example_dags/example_params_ui_tutorial.py for tasks to queue
[2023-03-28T10:48:14.726-0400] {logging_mixin.py:137} INFO - [2023-03-28T10:48:14.725-0400] {dagbag.py:532} INFO - Filling up the DagBag from /Users/sunanda/Downloads/airflow/py_env/lib/python3.9/site-packages/airflow/example_dags/example_params_ui_tutorial.py
[2023-03-28T10:48:14.780-0400] {processor.py:753} INFO - DAG(s) dict_keys(['example_params_ui_tutorial']) retrieved from /Users/sunanda/Downloads/airflow/py_env/lib/python3.9/site-packages/airflow/example_dags/example_params_ui_tutorial.py
[2023-03-28T10:48:15.237-0400] {logging_mixin.py:137} INFO - [2023-03-28T10:48:15.236-0400] {dag.py:2693} INFO - Sync 1 DAGs
[2023-03-28T10:48:15.250-0400] {logging_mixin.py:137} INFO - [2023-03-28T10:48:15.250-0400] {dag.py:3440} INFO - Setting next_dagrun for example_params_ui_tutorial to None, run_after=None
[2023-03-28T10:48:15.265-0400] {processor.py:175} INFO - Processing /Users/sunanda/Downloads/airflow/py_env/lib/python3.9/site-packages/airflow/example_dags/example_params_ui_tutorial.py took 0.558 seconds
[2023-03-28T10:52:21.751-0400] {processor.py:153} INFO - Started process (PID=96908) to work on /Users/sunanda/Downloads/airflow/py_env/lib/python3.9/site-packages/airflow/example_dags/example_params_ui_tutorial.py
[2023-03-28T10:52:21.763-0400] {processor.py:743} INFO - Processing file /Users/sunanda/Downloads/airflow/py_env/lib/python3.9/site-packages/airflow/example_dags/example_params_ui_tutorial.py for tasks to queue
[2023-03-28T10:52:21.764-0400] {logging_mixin.py:137} INFO - [2023-03-28T10:52:21.764-0400] {dagbag.py:532} INFO - Filling up the DagBag from /Users/sunanda/Downloads/airflow/py_env/lib/python3.9/site-packages/airflow/example_dags/example_params_ui_tutorial.py
[2023-03-28T10:52:21.887-0400] {processor.py:753} INFO - DAG(s) dict_keys(['example_params_ui_tutorial']) retrieved from /Users/sunanda/Downloads/airflow/py_env/lib/python3.9/site-packages/airflow/example_dags/example_params_ui_tutorial.py
[2023-03-28T10:52:22.596-0400] {logging_mixin.py:137} INFO - [2023-03-28T10:52:22.596-0400] {dag.py:2693} INFO - Sync 1 DAGs
[2023-03-28T10:52:22.603-0400] {logging_mixin.py:137} INFO - [2023-03-28T10:52:22.603-0400] {dag.py:3440} INFO - Setting next_dagrun for example_params_ui_tutorial to None, run_after=None
[2023-03-28T10:52:22.621-0400] {processor.py:175} INFO - Processing /Users/sunanda/Downloads/airflow/py_env/lib/python3.9/site-packages/airflow/example_dags/example_params_ui_tutorial.py took 0.878 seconds
[2023-03-28T10:54:14.991-0400] {processor.py:153} INFO - Started process (PID=97064) to work on /Users/sunanda/Downloads/airflow/py_env/lib/python3.9/site-packages/airflow/example_dags/example_params_ui_tutorial.py
[2023-03-28T10:54:14.993-0400] {processor.py:743} INFO - Processing file /Users/sunanda/Downloads/airflow/py_env/lib/python3.9/site-packages/airflow/example_dags/example_params_ui_tutorial.py for tasks to queue
[2023-03-28T10:54:14.994-0400] {logging_mixin.py:137} INFO - [2023-03-28T10:54:14.994-0400] {dagbag.py:532} INFO - Filling up the DagBag from /Users/sunanda/Downloads/airflow/py_env/lib/python3.9/site-packages/airflow/example_dags/example_params_ui_tutorial.py
[2023-03-28T10:54:15.100-0400] {processor.py:753} INFO - DAG(s) dict_keys(['example_params_ui_tutorial']) retrieved from /Users/sunanda/Downloads/airflow/py_env/lib/python3.9/site-packages/airflow/example_dags/example_params_ui_tutorial.py
[2023-03-28T10:54:15.580-0400] {logging_mixin.py:137} INFO - [2023-03-28T10:54:15.580-0400] {dag.py:2693} INFO - Sync 1 DAGs
[2023-03-28T10:54:15.595-0400] {logging_mixin.py:137} INFO - [2023-03-28T10:54:15.594-0400] {dag.py:3440} INFO - Setting next_dagrun for example_params_ui_tutorial to None, run_after=None
[2023-03-28T10:54:15.611-0400] {processor.py:175} INFO - Processing /Users/sunanda/Downloads/airflow/py_env/lib/python3.9/site-packages/airflow/example_dags/example_params_ui_tutorial.py took 0.621 seconds
[2023-03-28T10:57:45.999-0400] {processor.py:153} INFO - Started process (PID=97357) to work on /Users/sunanda/Downloads/airflow/py_env/lib/python3.9/site-packages/airflow/example_dags/example_params_ui_tutorial.py
[2023-03-28T10:57:46.021-0400] {processor.py:743} INFO - Processing file /Users/sunanda/Downloads/airflow/py_env/lib/python3.9/site-packages/airflow/example_dags/example_params_ui_tutorial.py for tasks to queue
[2023-03-28T10:57:46.021-0400] {logging_mixin.py:137} INFO - [2023-03-28T10:57:46.021-0400] {dagbag.py:532} INFO - Filling up the DagBag from /Users/sunanda/Downloads/airflow/py_env/lib/python3.9/site-packages/airflow/example_dags/example_params_ui_tutorial.py
[2023-03-28T10:57:46.079-0400] {processor.py:753} INFO - DAG(s) dict_keys(['example_params_ui_tutorial']) retrieved from /Users/sunanda/Downloads/airflow/py_env/lib/python3.9/site-packages/airflow/example_dags/example_params_ui_tutorial.py
[2023-03-28T10:57:46.521-0400] {logging_mixin.py:137} INFO - [2023-03-28T10:57:46.521-0400] {dag.py:2693} INFO - Sync 1 DAGs
[2023-03-28T10:57:46.531-0400] {logging_mixin.py:137} INFO - [2023-03-28T10:57:46.531-0400] {dag.py:3440} INFO - Setting next_dagrun for example_params_ui_tutorial to None, run_after=None
[2023-03-28T10:57:46.546-0400] {processor.py:175} INFO - Processing /Users/sunanda/Downloads/airflow/py_env/lib/python3.9/site-packages/airflow/example_dags/example_params_ui_tutorial.py took 0.550 seconds
[2023-03-28T11:01:31.935-0400] {processor.py:153} INFO - Started process (PID=97855) to work on /Users/sunanda/Downloads/airflow/py_env/lib/python3.9/site-packages/airflow/example_dags/example_params_ui_tutorial.py
[2023-03-28T11:01:31.938-0400] {processor.py:743} INFO - Processing file /Users/sunanda/Downloads/airflow/py_env/lib/python3.9/site-packages/airflow/example_dags/example_params_ui_tutorial.py for tasks to queue
[2023-03-28T11:01:31.938-0400] {logging_mixin.py:137} INFO - [2023-03-28T11:01:31.938-0400] {dagbag.py:532} INFO - Filling up the DagBag from /Users/sunanda/Downloads/airflow/py_env/lib/python3.9/site-packages/airflow/example_dags/example_params_ui_tutorial.py
[2023-03-28T11:01:31.988-0400] {processor.py:753} INFO - DAG(s) dict_keys(['example_params_ui_tutorial']) retrieved from /Users/sunanda/Downloads/airflow/py_env/lib/python3.9/site-packages/airflow/example_dags/example_params_ui_tutorial.py
[2023-03-28T11:01:32.511-0400] {logging_mixin.py:137} INFO - [2023-03-28T11:01:32.511-0400] {dag.py:2693} INFO - Sync 1 DAGs
[2023-03-28T11:01:32.544-0400] {logging_mixin.py:137} INFO - [2023-03-28T11:01:32.543-0400] {dag.py:3440} INFO - Setting next_dagrun for example_params_ui_tutorial to None, run_after=None
[2023-03-28T11:01:32.552-0400] {processor.py:175} INFO - Processing /Users/sunanda/Downloads/airflow/py_env/lib/python3.9/site-packages/airflow/example_dags/example_params_ui_tutorial.py took 0.626 seconds
[2023-03-28T11:05:12.769-0400] {processor.py:153} INFO - Started process (PID=98163) to work on /Users/sunanda/Downloads/airflow/py_env/lib/python3.9/site-packages/airflow/example_dags/example_params_ui_tutorial.py
[2023-03-28T11:05:12.783-0400] {processor.py:743} INFO - Processing file /Users/sunanda/Downloads/airflow/py_env/lib/python3.9/site-packages/airflow/example_dags/example_params_ui_tutorial.py for tasks to queue
[2023-03-28T11:05:12.783-0400] {logging_mixin.py:137} INFO - [2023-03-28T11:05:12.783-0400] {dagbag.py:532} INFO - Filling up the DagBag from /Users/sunanda/Downloads/airflow/py_env/lib/python3.9/site-packages/airflow/example_dags/example_params_ui_tutorial.py
[2023-03-28T11:05:12.846-0400] {processor.py:753} INFO - DAG(s) dict_keys(['example_params_ui_tutorial']) retrieved from /Users/sunanda/Downloads/airflow/py_env/lib/python3.9/site-packages/airflow/example_dags/example_params_ui_tutorial.py
[2023-03-28T11:05:13.293-0400] {logging_mixin.py:137} INFO - [2023-03-28T11:05:13.293-0400] {dag.py:2693} INFO - Sync 1 DAGs
[2023-03-28T11:05:13.300-0400] {logging_mixin.py:137} INFO - [2023-03-28T11:05:13.300-0400] {dag.py:3440} INFO - Setting next_dagrun for example_params_ui_tutorial to None, run_after=None
[2023-03-28T11:05:13.320-0400] {processor.py:175} INFO - Processing /Users/sunanda/Downloads/airflow/py_env/lib/python3.9/site-packages/airflow/example_dags/example_params_ui_tutorial.py took 0.554 seconds
[2023-03-28T11:08:54.048-0400] {processor.py:153} INFO - Started process (PID=98473) to work on /Users/sunanda/Downloads/airflow/py_env/lib/python3.9/site-packages/airflow/example_dags/example_params_ui_tutorial.py
[2023-03-28T11:08:54.088-0400] {processor.py:743} INFO - Processing file /Users/sunanda/Downloads/airflow/py_env/lib/python3.9/site-packages/airflow/example_dags/example_params_ui_tutorial.py for tasks to queue
[2023-03-28T11:08:54.088-0400] {logging_mixin.py:137} INFO - [2023-03-28T11:08:54.088-0400] {dagbag.py:532} INFO - Filling up the DagBag from /Users/sunanda/Downloads/airflow/py_env/lib/python3.9/site-packages/airflow/example_dags/example_params_ui_tutorial.py
[2023-03-28T11:08:54.172-0400] {processor.py:753} INFO - DAG(s) dict_keys(['example_params_ui_tutorial']) retrieved from /Users/sunanda/Downloads/airflow/py_env/lib/python3.9/site-packages/airflow/example_dags/example_params_ui_tutorial.py
[2023-03-28T11:08:54.685-0400] {logging_mixin.py:137} INFO - [2023-03-28T11:08:54.685-0400] {dag.py:2693} INFO - Sync 1 DAGs
[2023-03-28T11:08:54.706-0400] {logging_mixin.py:137} INFO - [2023-03-28T11:08:54.706-0400] {dag.py:3440} INFO - Setting next_dagrun for example_params_ui_tutorial to None, run_after=None
[2023-03-28T11:08:54.720-0400] {processor.py:175} INFO - Processing /Users/sunanda/Downloads/airflow/py_env/lib/python3.9/site-packages/airflow/example_dags/example_params_ui_tutorial.py took 0.677 seconds
[2023-03-28T11:11:01.186-0400] {processor.py:153} INFO - Started process (PID=98631) to work on /Users/sunanda/Downloads/airflow/py_env/lib/python3.9/site-packages/airflow/example_dags/example_params_ui_tutorial.py
[2023-03-28T11:11:01.190-0400] {processor.py:743} INFO - Processing file /Users/sunanda/Downloads/airflow/py_env/lib/python3.9/site-packages/airflow/example_dags/example_params_ui_tutorial.py for tasks to queue
[2023-03-28T11:11:01.190-0400] {logging_mixin.py:137} INFO - [2023-03-28T11:11:01.190-0400] {dagbag.py:532} INFO - Filling up the DagBag from /Users/sunanda/Downloads/airflow/py_env/lib/python3.9/site-packages/airflow/example_dags/example_params_ui_tutorial.py
[2023-03-28T11:11:01.303-0400] {processor.py:753} INFO - DAG(s) dict_keys(['example_params_ui_tutorial']) retrieved from /Users/sunanda/Downloads/airflow/py_env/lib/python3.9/site-packages/airflow/example_dags/example_params_ui_tutorial.py
[2023-03-28T11:11:01.758-0400] {logging_mixin.py:137} INFO - [2023-03-28T11:11:01.757-0400] {dag.py:2693} INFO - Sync 1 DAGs
[2023-03-28T11:11:01.776-0400] {logging_mixin.py:137} INFO - [2023-03-28T11:11:01.776-0400] {dag.py:3440} INFO - Setting next_dagrun for example_params_ui_tutorial to None, run_after=None
[2023-03-28T11:11:01.792-0400] {processor.py:175} INFO - Processing /Users/sunanda/Downloads/airflow/py_env/lib/python3.9/site-packages/airflow/example_dags/example_params_ui_tutorial.py took 0.610 seconds
[2023-03-28T11:12:59.101-0400] {processor.py:153} INFO - Started process (PID=98781) to work on /Users/sunanda/Downloads/airflow/py_env/lib/python3.9/site-packages/airflow/example_dags/example_params_ui_tutorial.py
[2023-03-28T11:12:59.112-0400] {processor.py:743} INFO - Processing file /Users/sunanda/Downloads/airflow/py_env/lib/python3.9/site-packages/airflow/example_dags/example_params_ui_tutorial.py for tasks to queue
[2023-03-28T11:12:59.112-0400] {logging_mixin.py:137} INFO - [2023-03-28T11:12:59.112-0400] {dagbag.py:532} INFO - Filling up the DagBag from /Users/sunanda/Downloads/airflow/py_env/lib/python3.9/site-packages/airflow/example_dags/example_params_ui_tutorial.py
[2023-03-28T11:12:59.208-0400] {processor.py:753} INFO - DAG(s) dict_keys(['example_params_ui_tutorial']) retrieved from /Users/sunanda/Downloads/airflow/py_env/lib/python3.9/site-packages/airflow/example_dags/example_params_ui_tutorial.py
[2023-03-28T11:12:59.650-0400] {logging_mixin.py:137} INFO - [2023-03-28T11:12:59.650-0400] {dag.py:2693} INFO - Sync 1 DAGs
[2023-03-28T11:12:59.673-0400] {logging_mixin.py:137} INFO - [2023-03-28T11:12:59.673-0400] {dag.py:3440} INFO - Setting next_dagrun for example_params_ui_tutorial to None, run_after=None
[2023-03-28T11:12:59.686-0400] {processor.py:175} INFO - Processing /Users/sunanda/Downloads/airflow/py_env/lib/python3.9/site-packages/airflow/example_dags/example_params_ui_tutorial.py took 0.586 seconds
[2023-03-28T11:16:52.529-0400] {processor.py:153} INFO - Started process (PID=99088) to work on /Users/sunanda/Downloads/airflow/py_env/lib/python3.9/site-packages/airflow/example_dags/example_params_ui_tutorial.py
[2023-03-28T11:16:52.562-0400] {processor.py:743} INFO - Processing file /Users/sunanda/Downloads/airflow/py_env/lib/python3.9/site-packages/airflow/example_dags/example_params_ui_tutorial.py for tasks to queue
[2023-03-28T11:16:52.562-0400] {logging_mixin.py:137} INFO - [2023-03-28T11:16:52.562-0400] {dagbag.py:532} INFO - Filling up the DagBag from /Users/sunanda/Downloads/airflow/py_env/lib/python3.9/site-packages/airflow/example_dags/example_params_ui_tutorial.py
[2023-03-28T11:16:52.673-0400] {processor.py:753} INFO - DAG(s) dict_keys(['example_params_ui_tutorial']) retrieved from /Users/sunanda/Downloads/airflow/py_env/lib/python3.9/site-packages/airflow/example_dags/example_params_ui_tutorial.py
[2023-03-28T11:16:53.155-0400] {logging_mixin.py:137} INFO - [2023-03-28T11:16:53.155-0400] {dag.py:2693} INFO - Sync 1 DAGs
[2023-03-28T11:16:53.169-0400] {logging_mixin.py:137} INFO - [2023-03-28T11:16:53.169-0400] {dag.py:3440} INFO - Setting next_dagrun for example_params_ui_tutorial to None, run_after=None
[2023-03-28T11:16:53.184-0400] {processor.py:175} INFO - Processing /Users/sunanda/Downloads/airflow/py_env/lib/python3.9/site-packages/airflow/example_dags/example_params_ui_tutorial.py took 0.657 seconds
[2023-03-28T11:20:44.320-0400] {processor.py:153} INFO - Started process (PID=99380) to work on /Users/sunanda/Downloads/airflow/py_env/lib/python3.9/site-packages/airflow/example_dags/example_params_ui_tutorial.py
[2023-03-28T11:20:44.324-0400] {processor.py:743} INFO - Processing file /Users/sunanda/Downloads/airflow/py_env/lib/python3.9/site-packages/airflow/example_dags/example_params_ui_tutorial.py for tasks to queue
[2023-03-28T11:20:44.325-0400] {logging_mixin.py:137} INFO - [2023-03-28T11:20:44.325-0400] {dagbag.py:532} INFO - Filling up the DagBag from /Users/sunanda/Downloads/airflow/py_env/lib/python3.9/site-packages/airflow/example_dags/example_params_ui_tutorial.py
[2023-03-28T11:20:44.409-0400] {processor.py:753} INFO - DAG(s) dict_keys(['example_params_ui_tutorial']) retrieved from /Users/sunanda/Downloads/airflow/py_env/lib/python3.9/site-packages/airflow/example_dags/example_params_ui_tutorial.py
[2023-03-28T11:20:44.914-0400] {logging_mixin.py:137} INFO - [2023-03-28T11:20:44.914-0400] {dag.py:2693} INFO - Sync 1 DAGs
[2023-03-28T11:20:44.923-0400] {logging_mixin.py:137} INFO - [2023-03-28T11:20:44.923-0400] {dag.py:3440} INFO - Setting next_dagrun for example_params_ui_tutorial to None, run_after=None
[2023-03-28T11:20:44.933-0400] {processor.py:175} INFO - Processing /Users/sunanda/Downloads/airflow/py_env/lib/python3.9/site-packages/airflow/example_dags/example_params_ui_tutorial.py took 0.616 seconds
[2023-03-28T11:24:35.863-0400] {processor.py:153} INFO - Started process (PID=99675) to work on /Users/sunanda/Downloads/airflow/py_env/lib/python3.9/site-packages/airflow/example_dags/example_params_ui_tutorial.py
[2023-03-28T11:24:35.882-0400] {processor.py:743} INFO - Processing file /Users/sunanda/Downloads/airflow/py_env/lib/python3.9/site-packages/airflow/example_dags/example_params_ui_tutorial.py for tasks to queue
[2023-03-28T11:24:35.882-0400] {logging_mixin.py:137} INFO - [2023-03-28T11:24:35.882-0400] {dagbag.py:532} INFO - Filling up the DagBag from /Users/sunanda/Downloads/airflow/py_env/lib/python3.9/site-packages/airflow/example_dags/example_params_ui_tutorial.py
[2023-03-28T11:24:35.937-0400] {processor.py:753} INFO - DAG(s) dict_keys(['example_params_ui_tutorial']) retrieved from /Users/sunanda/Downloads/airflow/py_env/lib/python3.9/site-packages/airflow/example_dags/example_params_ui_tutorial.py
[2023-03-28T11:24:36.425-0400] {logging_mixin.py:137} INFO - [2023-03-28T11:24:36.425-0400] {dag.py:2693} INFO - Sync 1 DAGs
[2023-03-28T11:24:36.446-0400] {logging_mixin.py:137} INFO - [2023-03-28T11:24:36.445-0400] {dag.py:3440} INFO - Setting next_dagrun for example_params_ui_tutorial to None, run_after=None
[2023-03-28T11:24:36.462-0400] {processor.py:175} INFO - Processing /Users/sunanda/Downloads/airflow/py_env/lib/python3.9/site-packages/airflow/example_dags/example_params_ui_tutorial.py took 0.602 seconds
[2023-03-28T11:29:06.255-0400] {processor.py:153} INFO - Started process (PID=99987) to work on /Users/sunanda/Downloads/airflow/py_env/lib/python3.9/site-packages/airflow/example_dags/example_params_ui_tutorial.py
[2023-03-28T11:29:06.263-0400] {processor.py:743} INFO - Processing file /Users/sunanda/Downloads/airflow/py_env/lib/python3.9/site-packages/airflow/example_dags/example_params_ui_tutorial.py for tasks to queue
[2023-03-28T11:29:06.263-0400] {logging_mixin.py:137} INFO - [2023-03-28T11:29:06.263-0400] {dagbag.py:532} INFO - Filling up the DagBag from /Users/sunanda/Downloads/airflow/py_env/lib/python3.9/site-packages/airflow/example_dags/example_params_ui_tutorial.py
[2023-03-28T11:29:06.324-0400] {processor.py:753} INFO - DAG(s) dict_keys(['example_params_ui_tutorial']) retrieved from /Users/sunanda/Downloads/airflow/py_env/lib/python3.9/site-packages/airflow/example_dags/example_params_ui_tutorial.py
[2023-03-28T11:29:06.766-0400] {logging_mixin.py:137} INFO - [2023-03-28T11:29:06.766-0400] {dag.py:2693} INFO - Sync 1 DAGs
[2023-03-28T11:29:06.781-0400] {logging_mixin.py:137} INFO - [2023-03-28T11:29:06.781-0400] {dag.py:3440} INFO - Setting next_dagrun for example_params_ui_tutorial to None, run_after=None
[2023-03-28T11:29:06.814-0400] {processor.py:175} INFO - Processing /Users/sunanda/Downloads/airflow/py_env/lib/python3.9/site-packages/airflow/example_dags/example_params_ui_tutorial.py took 0.587 seconds
[2023-03-28T11:37:35.943-0400] {processor.py:153} INFO - Started process (PID=358) to work on /Users/sunanda/Downloads/airflow/py_env/lib/python3.9/site-packages/airflow/example_dags/example_params_ui_tutorial.py
[2023-03-28T11:37:35.954-0400] {processor.py:743} INFO - Processing file /Users/sunanda/Downloads/airflow/py_env/lib/python3.9/site-packages/airflow/example_dags/example_params_ui_tutorial.py for tasks to queue
[2023-03-28T11:37:35.954-0400] {logging_mixin.py:137} INFO - [2023-03-28T11:37:35.954-0400] {dagbag.py:532} INFO - Filling up the DagBag from /Users/sunanda/Downloads/airflow/py_env/lib/python3.9/site-packages/airflow/example_dags/example_params_ui_tutorial.py
[2023-03-28T11:37:36.021-0400] {processor.py:753} INFO - DAG(s) dict_keys(['example_params_ui_tutorial']) retrieved from /Users/sunanda/Downloads/airflow/py_env/lib/python3.9/site-packages/airflow/example_dags/example_params_ui_tutorial.py
[2023-03-28T11:37:36.515-0400] {logging_mixin.py:137} INFO - [2023-03-28T11:37:36.515-0400] {dag.py:2693} INFO - Sync 1 DAGs
[2023-03-28T11:37:36.529-0400] {logging_mixin.py:137} INFO - [2023-03-28T11:37:36.529-0400] {dag.py:3440} INFO - Setting next_dagrun for example_params_ui_tutorial to None, run_after=None
[2023-03-28T11:37:36.552-0400] {processor.py:175} INFO - Processing /Users/sunanda/Downloads/airflow/py_env/lib/python3.9/site-packages/airflow/example_dags/example_params_ui_tutorial.py took 0.613 seconds
[2023-03-28T11:39:36.246-0400] {processor.py:153} INFO - Started process (PID=600) to work on /Users/sunanda/Downloads/airflow/py_env/lib/python3.9/site-packages/airflow/example_dags/example_params_ui_tutorial.py
[2023-03-28T11:39:36.249-0400] {processor.py:743} INFO - Processing file /Users/sunanda/Downloads/airflow/py_env/lib/python3.9/site-packages/airflow/example_dags/example_params_ui_tutorial.py for tasks to queue
[2023-03-28T11:39:36.249-0400] {logging_mixin.py:137} INFO - [2023-03-28T11:39:36.249-0400] {dagbag.py:532} INFO - Filling up the DagBag from /Users/sunanda/Downloads/airflow/py_env/lib/python3.9/site-packages/airflow/example_dags/example_params_ui_tutorial.py
[2023-03-28T11:39:36.417-0400] {processor.py:753} INFO - DAG(s) dict_keys(['example_params_ui_tutorial']) retrieved from /Users/sunanda/Downloads/airflow/py_env/lib/python3.9/site-packages/airflow/example_dags/example_params_ui_tutorial.py
[2023-03-28T11:39:36.965-0400] {logging_mixin.py:137} INFO - [2023-03-28T11:39:36.965-0400] {dag.py:2693} INFO - Sync 1 DAGs
[2023-03-28T11:39:36.978-0400] {logging_mixin.py:137} INFO - [2023-03-28T11:39:36.978-0400] {dag.py:3440} INFO - Setting next_dagrun for example_params_ui_tutorial to None, run_after=None
[2023-03-28T11:39:36.996-0400] {processor.py:175} INFO - Processing /Users/sunanda/Downloads/airflow/py_env/lib/python3.9/site-packages/airflow/example_dags/example_params_ui_tutorial.py took 0.751 seconds
[2023-03-28T11:43:26.632-0400] {processor.py:153} INFO - Started process (PID=935) to work on /Users/sunanda/Downloads/airflow/py_env/lib/python3.9/site-packages/airflow/example_dags/example_params_ui_tutorial.py
[2023-03-28T11:43:26.636-0400] {processor.py:743} INFO - Processing file /Users/sunanda/Downloads/airflow/py_env/lib/python3.9/site-packages/airflow/example_dags/example_params_ui_tutorial.py for tasks to queue
[2023-03-28T11:43:26.636-0400] {logging_mixin.py:137} INFO - [2023-03-28T11:43:26.636-0400] {dagbag.py:532} INFO - Filling up the DagBag from /Users/sunanda/Downloads/airflow/py_env/lib/python3.9/site-packages/airflow/example_dags/example_params_ui_tutorial.py
[2023-03-28T11:43:26.898-0400] {processor.py:753} INFO - DAG(s) dict_keys(['example_params_ui_tutorial']) retrieved from /Users/sunanda/Downloads/airflow/py_env/lib/python3.9/site-packages/airflow/example_dags/example_params_ui_tutorial.py
[2023-03-28T11:43:27.258-0400] {logging_mixin.py:137} INFO - [2023-03-28T11:43:27.257-0400] {dag.py:2693} INFO - Sync 1 DAGs
[2023-03-28T11:43:27.268-0400] {logging_mixin.py:137} INFO - [2023-03-28T11:43:27.267-0400] {dag.py:3440} INFO - Setting next_dagrun for example_params_ui_tutorial to None, run_after=None
[2023-03-28T11:43:27.277-0400] {processor.py:175} INFO - Processing /Users/sunanda/Downloads/airflow/py_env/lib/python3.9/site-packages/airflow/example_dags/example_params_ui_tutorial.py took 0.646 seconds
[2023-03-28T11:47:03.474-0400] {processor.py:153} INFO - Started process (PID=1253) to work on /Users/sunanda/Downloads/airflow/py_env/lib/python3.9/site-packages/airflow/example_dags/example_params_ui_tutorial.py
[2023-03-28T11:47:03.479-0400] {processor.py:743} INFO - Processing file /Users/sunanda/Downloads/airflow/py_env/lib/python3.9/site-packages/airflow/example_dags/example_params_ui_tutorial.py for tasks to queue
[2023-03-28T11:47:03.479-0400] {logging_mixin.py:137} INFO - [2023-03-28T11:47:03.479-0400] {dagbag.py:532} INFO - Filling up the DagBag from /Users/sunanda/Downloads/airflow/py_env/lib/python3.9/site-packages/airflow/example_dags/example_params_ui_tutorial.py
[2023-03-28T11:47:03.568-0400] {processor.py:753} INFO - DAG(s) dict_keys(['example_params_ui_tutorial']) retrieved from /Users/sunanda/Downloads/airflow/py_env/lib/python3.9/site-packages/airflow/example_dags/example_params_ui_tutorial.py
[2023-03-28T11:47:04.019-0400] {logging_mixin.py:137} INFO - [2023-03-28T11:47:04.019-0400] {dag.py:2693} INFO - Sync 1 DAGs
[2023-03-28T11:47:04.037-0400] {logging_mixin.py:137} INFO - [2023-03-28T11:47:04.037-0400] {dag.py:3440} INFO - Setting next_dagrun for example_params_ui_tutorial to None, run_after=None
[2023-03-28T11:47:04.053-0400] {processor.py:175} INFO - Processing /Users/sunanda/Downloads/airflow/py_env/lib/python3.9/site-packages/airflow/example_dags/example_params_ui_tutorial.py took 0.581 seconds
[2023-03-28T11:49:03.020-0400] {processor.py:153} INFO - Started process (PID=1412) to work on /Users/sunanda/Downloads/airflow/py_env/lib/python3.9/site-packages/airflow/example_dags/example_params_ui_tutorial.py
[2023-03-28T11:49:03.027-0400] {processor.py:743} INFO - Processing file /Users/sunanda/Downloads/airflow/py_env/lib/python3.9/site-packages/airflow/example_dags/example_params_ui_tutorial.py for tasks to queue
[2023-03-28T11:49:03.027-0400] {logging_mixin.py:137} INFO - [2023-03-28T11:49:03.027-0400] {dagbag.py:532} INFO - Filling up the DagBag from /Users/sunanda/Downloads/airflow/py_env/lib/python3.9/site-packages/airflow/example_dags/example_params_ui_tutorial.py
[2023-03-28T11:49:03.129-0400] {processor.py:753} INFO - DAG(s) dict_keys(['example_params_ui_tutorial']) retrieved from /Users/sunanda/Downloads/airflow/py_env/lib/python3.9/site-packages/airflow/example_dags/example_params_ui_tutorial.py
[2023-03-28T11:49:03.625-0400] {logging_mixin.py:137} INFO - [2023-03-28T11:49:03.625-0400] {dag.py:2693} INFO - Sync 1 DAGs
[2023-03-28T11:49:03.638-0400] {logging_mixin.py:137} INFO - [2023-03-28T11:49:03.638-0400] {dag.py:3440} INFO - Setting next_dagrun for example_params_ui_tutorial to None, run_after=None
[2023-03-28T11:49:03.655-0400] {processor.py:175} INFO - Processing /Users/sunanda/Downloads/airflow/py_env/lib/python3.9/site-packages/airflow/example_dags/example_params_ui_tutorial.py took 0.637 seconds
[2023-03-28T11:53:13.680-0400] {processor.py:153} INFO - Started process (PID=1806) to work on /Users/sunanda/Downloads/airflow/py_env/lib/python3.9/site-packages/airflow/example_dags/example_params_ui_tutorial.py
[2023-03-28T11:53:13.685-0400] {processor.py:743} INFO - Processing file /Users/sunanda/Downloads/airflow/py_env/lib/python3.9/site-packages/airflow/example_dags/example_params_ui_tutorial.py for tasks to queue
[2023-03-28T11:53:13.686-0400] {logging_mixin.py:137} INFO - [2023-03-28T11:53:13.686-0400] {dagbag.py:532} INFO - Filling up the DagBag from /Users/sunanda/Downloads/airflow/py_env/lib/python3.9/site-packages/airflow/example_dags/example_params_ui_tutorial.py
[2023-03-28T11:53:13.765-0400] {processor.py:753} INFO - DAG(s) dict_keys(['example_params_ui_tutorial']) retrieved from /Users/sunanda/Downloads/airflow/py_env/lib/python3.9/site-packages/airflow/example_dags/example_params_ui_tutorial.py
[2023-03-28T11:53:14.405-0400] {logging_mixin.py:137} INFO - [2023-03-28T11:53:14.405-0400] {dag.py:2693} INFO - Sync 1 DAGs
[2023-03-28T11:53:14.417-0400] {logging_mixin.py:137} INFO - [2023-03-28T11:53:14.417-0400] {dag.py:3440} INFO - Setting next_dagrun for example_params_ui_tutorial to None, run_after=None
[2023-03-28T11:53:14.448-0400] {processor.py:175} INFO - Processing /Users/sunanda/Downloads/airflow/py_env/lib/python3.9/site-packages/airflow/example_dags/example_params_ui_tutorial.py took 0.768 seconds
[2023-03-28T11:55:19.511-0400] {processor.py:153} INFO - Started process (PID=1967) to work on /Users/sunanda/Downloads/airflow/py_env/lib/python3.9/site-packages/airflow/example_dags/example_params_ui_tutorial.py
[2023-03-28T11:55:19.515-0400] {processor.py:743} INFO - Processing file /Users/sunanda/Downloads/airflow/py_env/lib/python3.9/site-packages/airflow/example_dags/example_params_ui_tutorial.py for tasks to queue
[2023-03-28T11:55:19.515-0400] {logging_mixin.py:137} INFO - [2023-03-28T11:55:19.515-0400] {dagbag.py:532} INFO - Filling up the DagBag from /Users/sunanda/Downloads/airflow/py_env/lib/python3.9/site-packages/airflow/example_dags/example_params_ui_tutorial.py
[2023-03-28T11:55:19.612-0400] {processor.py:753} INFO - DAG(s) dict_keys(['example_params_ui_tutorial']) retrieved from /Users/sunanda/Downloads/airflow/py_env/lib/python3.9/site-packages/airflow/example_dags/example_params_ui_tutorial.py
[2023-03-28T11:55:20.333-0400] {logging_mixin.py:137} INFO - [2023-03-28T11:55:20.333-0400] {dag.py:2693} INFO - Sync 1 DAGs
[2023-03-28T11:55:20.340-0400] {logging_mixin.py:137} INFO - [2023-03-28T11:55:20.340-0400] {dag.py:3440} INFO - Setting next_dagrun for example_params_ui_tutorial to None, run_after=None
[2023-03-28T11:55:20.360-0400] {processor.py:175} INFO - Processing /Users/sunanda/Downloads/airflow/py_env/lib/python3.9/site-packages/airflow/example_dags/example_params_ui_tutorial.py took 0.849 seconds
[2023-03-28T11:57:19.465-0400] {processor.py:153} INFO - Started process (PID=2125) to work on /Users/sunanda/Downloads/airflow/py_env/lib/python3.9/site-packages/airflow/example_dags/example_params_ui_tutorial.py
[2023-03-28T11:57:19.467-0400] {processor.py:743} INFO - Processing file /Users/sunanda/Downloads/airflow/py_env/lib/python3.9/site-packages/airflow/example_dags/example_params_ui_tutorial.py for tasks to queue
[2023-03-28T11:57:19.468-0400] {logging_mixin.py:137} INFO - [2023-03-28T11:57:19.468-0400] {dagbag.py:532} INFO - Filling up the DagBag from /Users/sunanda/Downloads/airflow/py_env/lib/python3.9/site-packages/airflow/example_dags/example_params_ui_tutorial.py
[2023-03-28T11:57:19.546-0400] {processor.py:753} INFO - DAG(s) dict_keys(['example_params_ui_tutorial']) retrieved from /Users/sunanda/Downloads/airflow/py_env/lib/python3.9/site-packages/airflow/example_dags/example_params_ui_tutorial.py
[2023-03-28T11:57:20.027-0400] {logging_mixin.py:137} INFO - [2023-03-28T11:57:20.026-0400] {dag.py:2693} INFO - Sync 1 DAGs
[2023-03-28T11:57:20.049-0400] {logging_mixin.py:137} INFO - [2023-03-28T11:57:20.049-0400] {dag.py:3440} INFO - Setting next_dagrun for example_params_ui_tutorial to None, run_after=None
[2023-03-28T11:57:20.066-0400] {processor.py:175} INFO - Processing /Users/sunanda/Downloads/airflow/py_env/lib/python3.9/site-packages/airflow/example_dags/example_params_ui_tutorial.py took 0.601 seconds
[2023-03-28T12:00:57.959-0400] {processor.py:153} INFO - Started process (PID=2438) to work on /Users/sunanda/Downloads/airflow/py_env/lib/python3.9/site-packages/airflow/example_dags/example_params_ui_tutorial.py
[2023-03-28T12:00:57.967-0400] {processor.py:743} INFO - Processing file /Users/sunanda/Downloads/airflow/py_env/lib/python3.9/site-packages/airflow/example_dags/example_params_ui_tutorial.py for tasks to queue
[2023-03-28T12:00:57.968-0400] {logging_mixin.py:137} INFO - [2023-03-28T12:00:57.968-0400] {dagbag.py:532} INFO - Filling up the DagBag from /Users/sunanda/Downloads/airflow/py_env/lib/python3.9/site-packages/airflow/example_dags/example_params_ui_tutorial.py
[2023-03-28T12:00:58.070-0400] {processor.py:753} INFO - DAG(s) dict_keys(['example_params_ui_tutorial']) retrieved from /Users/sunanda/Downloads/airflow/py_env/lib/python3.9/site-packages/airflow/example_dags/example_params_ui_tutorial.py
[2023-03-28T12:00:58.544-0400] {logging_mixin.py:137} INFO - [2023-03-28T12:00:58.543-0400] {dag.py:2693} INFO - Sync 1 DAGs
[2023-03-28T12:00:58.563-0400] {logging_mixin.py:137} INFO - [2023-03-28T12:00:58.563-0400] {dag.py:3440} INFO - Setting next_dagrun for example_params_ui_tutorial to None, run_after=None
[2023-03-28T12:00:58.577-0400] {processor.py:175} INFO - Processing /Users/sunanda/Downloads/airflow/py_env/lib/python3.9/site-packages/airflow/example_dags/example_params_ui_tutorial.py took 0.619 seconds
[2023-03-28T12:04:53.585-0400] {processor.py:153} INFO - Started process (PID=2790) to work on /Users/sunanda/Downloads/airflow/py_env/lib/python3.9/site-packages/airflow/example_dags/example_params_ui_tutorial.py
[2023-03-28T12:04:53.588-0400] {processor.py:743} INFO - Processing file /Users/sunanda/Downloads/airflow/py_env/lib/python3.9/site-packages/airflow/example_dags/example_params_ui_tutorial.py for tasks to queue
[2023-03-28T12:04:53.589-0400] {logging_mixin.py:137} INFO - [2023-03-28T12:04:53.589-0400] {dagbag.py:532} INFO - Filling up the DagBag from /Users/sunanda/Downloads/airflow/py_env/lib/python3.9/site-packages/airflow/example_dags/example_params_ui_tutorial.py
[2023-03-28T12:04:53.638-0400] {processor.py:753} INFO - DAG(s) dict_keys(['example_params_ui_tutorial']) retrieved from /Users/sunanda/Downloads/airflow/py_env/lib/python3.9/site-packages/airflow/example_dags/example_params_ui_tutorial.py
[2023-03-28T12:04:54.015-0400] {logging_mixin.py:137} INFO - [2023-03-28T12:04:54.014-0400] {dag.py:2693} INFO - Sync 1 DAGs
[2023-03-28T12:04:54.033-0400] {logging_mixin.py:137} INFO - [2023-03-28T12:04:54.033-0400] {dag.py:3440} INFO - Setting next_dagrun for example_params_ui_tutorial to None, run_after=None
[2023-03-28T12:04:54.058-0400] {processor.py:175} INFO - Processing /Users/sunanda/Downloads/airflow/py_env/lib/python3.9/site-packages/airflow/example_dags/example_params_ui_tutorial.py took 0.474 seconds
[2023-03-28T12:08:52.280-0400] {processor.py:153} INFO - Started process (PID=3240) to work on /Users/sunanda/Downloads/airflow/py_env/lib/python3.9/site-packages/airflow/example_dags/example_params_ui_tutorial.py
[2023-03-28T12:08:52.298-0400] {processor.py:743} INFO - Processing file /Users/sunanda/Downloads/airflow/py_env/lib/python3.9/site-packages/airflow/example_dags/example_params_ui_tutorial.py for tasks to queue
[2023-03-28T12:08:52.298-0400] {logging_mixin.py:137} INFO - [2023-03-28T12:08:52.298-0400] {dagbag.py:532} INFO - Filling up the DagBag from /Users/sunanda/Downloads/airflow/py_env/lib/python3.9/site-packages/airflow/example_dags/example_params_ui_tutorial.py
[2023-03-28T12:08:52.363-0400] {processor.py:753} INFO - DAG(s) dict_keys(['example_params_ui_tutorial']) retrieved from /Users/sunanda/Downloads/airflow/py_env/lib/python3.9/site-packages/airflow/example_dags/example_params_ui_tutorial.py
[2023-03-28T12:08:52.917-0400] {logging_mixin.py:137} INFO - [2023-03-28T12:08:52.917-0400] {dag.py:2693} INFO - Sync 1 DAGs
[2023-03-28T12:08:52.927-0400] {logging_mixin.py:137} INFO - [2023-03-28T12:08:52.927-0400] {dag.py:3440} INFO - Setting next_dagrun for example_params_ui_tutorial to None, run_after=None
[2023-03-28T12:08:52.944-0400] {processor.py:175} INFO - Processing /Users/sunanda/Downloads/airflow/py_env/lib/python3.9/site-packages/airflow/example_dags/example_params_ui_tutorial.py took 0.667 seconds
[2023-03-28T12:10:53.928-0400] {processor.py:153} INFO - Started process (PID=3409) to work on /Users/sunanda/Downloads/airflow/py_env/lib/python3.9/site-packages/airflow/example_dags/example_params_ui_tutorial.py
[2023-03-28T12:10:53.933-0400] {processor.py:743} INFO - Processing file /Users/sunanda/Downloads/airflow/py_env/lib/python3.9/site-packages/airflow/example_dags/example_params_ui_tutorial.py for tasks to queue
[2023-03-28T12:10:53.933-0400] {logging_mixin.py:137} INFO - [2023-03-28T12:10:53.933-0400] {dagbag.py:532} INFO - Filling up the DagBag from /Users/sunanda/Downloads/airflow/py_env/lib/python3.9/site-packages/airflow/example_dags/example_params_ui_tutorial.py
[2023-03-28T12:10:54.079-0400] {processor.py:753} INFO - DAG(s) dict_keys(['example_params_ui_tutorial']) retrieved from /Users/sunanda/Downloads/airflow/py_env/lib/python3.9/site-packages/airflow/example_dags/example_params_ui_tutorial.py
[2023-03-28T12:10:54.813-0400] {logging_mixin.py:137} INFO - [2023-03-28T12:10:54.813-0400] {dag.py:2693} INFO - Sync 1 DAGs
[2023-03-28T12:10:54.820-0400] {logging_mixin.py:137} INFO - [2023-03-28T12:10:54.820-0400] {dag.py:3440} INFO - Setting next_dagrun for example_params_ui_tutorial to None, run_after=None
[2023-03-28T12:10:54.917-0400] {processor.py:175} INFO - Processing /Users/sunanda/Downloads/airflow/py_env/lib/python3.9/site-packages/airflow/example_dags/example_params_ui_tutorial.py took 1.019 seconds
[2023-03-28T12:15:03.759-0400] {processor.py:153} INFO - Started process (PID=3792) to work on /Users/sunanda/Downloads/airflow/py_env/lib/python3.9/site-packages/airflow/example_dags/example_params_ui_tutorial.py
[2023-03-28T12:15:03.775-0400] {processor.py:743} INFO - Processing file /Users/sunanda/Downloads/airflow/py_env/lib/python3.9/site-packages/airflow/example_dags/example_params_ui_tutorial.py for tasks to queue
[2023-03-28T12:15:03.776-0400] {logging_mixin.py:137} INFO - [2023-03-28T12:15:03.776-0400] {dagbag.py:532} INFO - Filling up the DagBag from /Users/sunanda/Downloads/airflow/py_env/lib/python3.9/site-packages/airflow/example_dags/example_params_ui_tutorial.py
[2023-03-28T12:15:03.896-0400] {processor.py:753} INFO - DAG(s) dict_keys(['example_params_ui_tutorial']) retrieved from /Users/sunanda/Downloads/airflow/py_env/lib/python3.9/site-packages/airflow/example_dags/example_params_ui_tutorial.py
[2023-03-28T12:15:04.384-0400] {logging_mixin.py:137} INFO - [2023-03-28T12:15:04.384-0400] {dag.py:2693} INFO - Sync 1 DAGs
[2023-03-28T12:15:04.398-0400] {logging_mixin.py:137} INFO - [2023-03-28T12:15:04.398-0400] {dag.py:3440} INFO - Setting next_dagrun for example_params_ui_tutorial to None, run_after=None
[2023-03-28T12:15:04.414-0400] {processor.py:175} INFO - Processing /Users/sunanda/Downloads/airflow/py_env/lib/python3.9/site-packages/airflow/example_dags/example_params_ui_tutorial.py took 0.656 seconds
[2023-03-28T12:17:30.860-0400] {processor.py:153} INFO - Started process (PID=4043) to work on /Users/sunanda/Downloads/airflow/py_env/lib/python3.9/site-packages/airflow/example_dags/example_params_ui_tutorial.py
[2023-03-28T12:17:30.871-0400] {processor.py:743} INFO - Processing file /Users/sunanda/Downloads/airflow/py_env/lib/python3.9/site-packages/airflow/example_dags/example_params_ui_tutorial.py for tasks to queue
[2023-03-28T12:17:30.871-0400] {logging_mixin.py:137} INFO - [2023-03-28T12:17:30.871-0400] {dagbag.py:532} INFO - Filling up the DagBag from /Users/sunanda/Downloads/airflow/py_env/lib/python3.9/site-packages/airflow/example_dags/example_params_ui_tutorial.py
[2023-03-28T12:17:30.915-0400] {processor.py:753} INFO - DAG(s) dict_keys(['example_params_ui_tutorial']) retrieved from /Users/sunanda/Downloads/airflow/py_env/lib/python3.9/site-packages/airflow/example_dags/example_params_ui_tutorial.py
[2023-03-28T12:17:31.430-0400] {logging_mixin.py:137} INFO - [2023-03-28T12:17:31.430-0400] {dag.py:2693} INFO - Sync 1 DAGs
[2023-03-28T12:17:31.453-0400] {logging_mixin.py:137} INFO - [2023-03-28T12:17:31.453-0400] {dag.py:3440} INFO - Setting next_dagrun for example_params_ui_tutorial to None, run_after=None
[2023-03-28T12:17:31.469-0400] {processor.py:175} INFO - Processing /Users/sunanda/Downloads/airflow/py_env/lib/python3.9/site-packages/airflow/example_dags/example_params_ui_tutorial.py took 0.635 seconds
[2023-03-28T12:21:15.441-0400] {processor.py:153} INFO - Started process (PID=4326) to work on /Users/sunanda/Downloads/airflow/py_env/lib/python3.9/site-packages/airflow/example_dags/example_params_ui_tutorial.py
[2023-03-28T12:21:15.448-0400] {processor.py:743} INFO - Processing file /Users/sunanda/Downloads/airflow/py_env/lib/python3.9/site-packages/airflow/example_dags/example_params_ui_tutorial.py for tasks to queue
[2023-03-28T12:21:15.449-0400] {logging_mixin.py:137} INFO - [2023-03-28T12:21:15.449-0400] {dagbag.py:532} INFO - Filling up the DagBag from /Users/sunanda/Downloads/airflow/py_env/lib/python3.9/site-packages/airflow/example_dags/example_params_ui_tutorial.py
[2023-03-28T12:21:15.534-0400] {processor.py:753} INFO - DAG(s) dict_keys(['example_params_ui_tutorial']) retrieved from /Users/sunanda/Downloads/airflow/py_env/lib/python3.9/site-packages/airflow/example_dags/example_params_ui_tutorial.py
[2023-03-28T12:21:16.122-0400] {logging_mixin.py:137} INFO - [2023-03-28T12:21:16.122-0400] {dag.py:2693} INFO - Sync 1 DAGs
[2023-03-28T12:21:16.133-0400] {logging_mixin.py:137} INFO - [2023-03-28T12:21:16.132-0400] {dag.py:3440} INFO - Setting next_dagrun for example_params_ui_tutorial to None, run_after=None
[2023-03-28T12:21:16.149-0400] {processor.py:175} INFO - Processing /Users/sunanda/Downloads/airflow/py_env/lib/python3.9/site-packages/airflow/example_dags/example_params_ui_tutorial.py took 0.710 seconds
[2023-03-28T12:28:02.695-0400] {processor.py:153} INFO - Started process (PID=4666) to work on /Users/sunanda/Downloads/airflow/py_env/lib/python3.9/site-packages/airflow/example_dags/example_params_ui_tutorial.py
[2023-03-28T12:28:02.697-0400] {processor.py:743} INFO - Processing file /Users/sunanda/Downloads/airflow/py_env/lib/python3.9/site-packages/airflow/example_dags/example_params_ui_tutorial.py for tasks to queue
[2023-03-28T12:28:02.698-0400] {logging_mixin.py:137} INFO - [2023-03-28T12:28:02.698-0400] {dagbag.py:532} INFO - Filling up the DagBag from /Users/sunanda/Downloads/airflow/py_env/lib/python3.9/site-packages/airflow/example_dags/example_params_ui_tutorial.py
[2023-03-28T12:28:02.789-0400] {processor.py:753} INFO - DAG(s) dict_keys(['example_params_ui_tutorial']) retrieved from /Users/sunanda/Downloads/airflow/py_env/lib/python3.9/site-packages/airflow/example_dags/example_params_ui_tutorial.py
[2023-03-28T12:28:03.265-0400] {logging_mixin.py:137} INFO - [2023-03-28T12:28:03.264-0400] {dag.py:2693} INFO - Sync 1 DAGs
[2023-03-28T12:28:03.278-0400] {logging_mixin.py:137} INFO - [2023-03-28T12:28:03.278-0400] {dag.py:3440} INFO - Setting next_dagrun for example_params_ui_tutorial to None, run_after=None
[2023-03-28T12:28:03.296-0400] {processor.py:175} INFO - Processing /Users/sunanda/Downloads/airflow/py_env/lib/python3.9/site-packages/airflow/example_dags/example_params_ui_tutorial.py took 0.602 seconds
