[2023-03-27T23:38:03.389-0400] {processor.py:153} INFO - Started process (PID=79223) to work on /Users/sunanda/Downloads/airflow/py_env/lib/python3.9/site-packages/airflow/example_dags/example_external_task_marker_dag.py
[2023-03-27T23:38:03.396-0400] {processor.py:743} INFO - Processing file /Users/sunanda/Downloads/airflow/py_env/lib/python3.9/site-packages/airflow/example_dags/example_external_task_marker_dag.py for tasks to queue
[2023-03-27T23:38:03.397-0400] {logging_mixin.py:137} INFO - [2023-03-27T23:38:03.397-0400] {dagbag.py:532} INFO - Filling up the DagBag from /Users/sunanda/Downloads/airflow/py_env/lib/python3.9/site-packages/airflow/example_dags/example_external_task_marker_dag.py
[2023-03-27T23:38:03.408-0400] {processor.py:753} INFO - DAG(s) dict_keys(['example_external_task_marker_child', 'example_external_task_marker_parent']) retrieved from /Users/sunanda/Downloads/airflow/py_env/lib/python3.9/site-packages/airflow/example_dags/example_external_task_marker_dag.py
[2023-03-27T23:38:03.747-0400] {logging_mixin.py:137} INFO - [2023-03-27T23:38:03.747-0400] {dag.py:2693} INFO - Sync 2 DAGs
[2023-03-27T23:38:03.753-0400] {logging_mixin.py:137} INFO - [2023-03-27T23:38:03.753-0400] {dag.py:3440} INFO - Setting next_dagrun for example_external_task_marker_child to None, run_after=None
[2023-03-27T23:38:03.754-0400] {logging_mixin.py:137} INFO - [2023-03-27T23:38:03.754-0400] {dag.py:3440} INFO - Setting next_dagrun for example_external_task_marker_parent to None, run_after=None
[2023-03-27T23:38:03.761-0400] {processor.py:175} INFO - Processing /Users/sunanda/Downloads/airflow/py_env/lib/python3.9/site-packages/airflow/example_dags/example_external_task_marker_dag.py took 0.372 seconds
[2023-03-27T23:39:53.377-0400] {processor.py:153} INFO - Started process (PID=79407) to work on /Users/sunanda/Downloads/airflow/py_env/lib/python3.9/site-packages/airflow/example_dags/example_external_task_marker_dag.py
[2023-03-27T23:39:53.387-0400] {processor.py:743} INFO - Processing file /Users/sunanda/Downloads/airflow/py_env/lib/python3.9/site-packages/airflow/example_dags/example_external_task_marker_dag.py for tasks to queue
[2023-03-27T23:39:53.387-0400] {logging_mixin.py:137} INFO - [2023-03-27T23:39:53.387-0400] {dagbag.py:532} INFO - Filling up the DagBag from /Users/sunanda/Downloads/airflow/py_env/lib/python3.9/site-packages/airflow/example_dags/example_external_task_marker_dag.py
[2023-03-27T23:39:53.398-0400] {processor.py:753} INFO - DAG(s) dict_keys(['example_external_task_marker_parent', 'example_external_task_marker_child']) retrieved from /Users/sunanda/Downloads/airflow/py_env/lib/python3.9/site-packages/airflow/example_dags/example_external_task_marker_dag.py
[2023-03-27T23:39:53.692-0400] {logging_mixin.py:137} INFO - [2023-03-27T23:39:53.691-0400] {dag.py:2693} INFO - Sync 2 DAGs
[2023-03-27T23:39:53.698-0400] {logging_mixin.py:137} INFO - [2023-03-27T23:39:53.698-0400] {dag.py:3440} INFO - Setting next_dagrun for example_external_task_marker_child to None, run_after=None
[2023-03-27T23:39:53.699-0400] {logging_mixin.py:137} INFO - [2023-03-27T23:39:53.699-0400] {dag.py:3440} INFO - Setting next_dagrun for example_external_task_marker_parent to None, run_after=None
[2023-03-27T23:39:53.705-0400] {processor.py:175} INFO - Processing /Users/sunanda/Downloads/airflow/py_env/lib/python3.9/site-packages/airflow/example_dags/example_external_task_marker_dag.py took 0.329 seconds
[2023-03-28T00:22:33.209-0400] {processor.py:153} INFO - Started process (PID=82699) to work on /Users/sunanda/Downloads/airflow/py_env/lib/python3.9/site-packages/airflow/example_dags/example_external_task_marker_dag.py
[2023-03-28T00:22:33.214-0400] {processor.py:743} INFO - Processing file /Users/sunanda/Downloads/airflow/py_env/lib/python3.9/site-packages/airflow/example_dags/example_external_task_marker_dag.py for tasks to queue
[2023-03-28T00:22:33.215-0400] {logging_mixin.py:137} INFO - [2023-03-28T00:22:33.215-0400] {dagbag.py:532} INFO - Filling up the DagBag from /Users/sunanda/Downloads/airflow/py_env/lib/python3.9/site-packages/airflow/example_dags/example_external_task_marker_dag.py
[2023-03-28T00:22:33.235-0400] {processor.py:753} INFO - DAG(s) dict_keys(['example_external_task_marker_parent', 'example_external_task_marker_child']) retrieved from /Users/sunanda/Downloads/airflow/py_env/lib/python3.9/site-packages/airflow/example_dags/example_external_task_marker_dag.py
[2023-03-28T00:22:33.722-0400] {logging_mixin.py:137} INFO - [2023-03-28T00:22:33.722-0400] {dag.py:2693} INFO - Sync 2 DAGs
[2023-03-28T00:22:33.734-0400] {logging_mixin.py:137} INFO - [2023-03-28T00:22:33.734-0400] {dag.py:3440} INFO - Setting next_dagrun for example_external_task_marker_child to None, run_after=None
[2023-03-28T00:22:33.736-0400] {logging_mixin.py:137} INFO - [2023-03-28T00:22:33.736-0400] {dag.py:3440} INFO - Setting next_dagrun for example_external_task_marker_parent to None, run_after=None
[2023-03-28T00:22:33.748-0400] {processor.py:175} INFO - Processing /Users/sunanda/Downloads/airflow/py_env/lib/python3.9/site-packages/airflow/example_dags/example_external_task_marker_dag.py took 0.540 seconds
[2023-03-28T10:11:29.189-0400] {processor.py:153} INFO - Started process (PID=91346) to work on /Users/sunanda/Downloads/airflow/py_env/lib/python3.9/site-packages/airflow/example_dags/example_external_task_marker_dag.py
[2023-03-28T10:11:29.210-0400] {processor.py:743} INFO - Processing file /Users/sunanda/Downloads/airflow/py_env/lib/python3.9/site-packages/airflow/example_dags/example_external_task_marker_dag.py for tasks to queue
[2023-03-28T10:11:29.210-0400] {logging_mixin.py:137} INFO - [2023-03-28T10:11:29.210-0400] {dagbag.py:532} INFO - Filling up the DagBag from /Users/sunanda/Downloads/airflow/py_env/lib/python3.9/site-packages/airflow/example_dags/example_external_task_marker_dag.py
[2023-03-28T10:11:29.225-0400] {processor.py:753} INFO - DAG(s) dict_keys(['example_external_task_marker_parent', 'example_external_task_marker_child']) retrieved from /Users/sunanda/Downloads/airflow/py_env/lib/python3.9/site-packages/airflow/example_dags/example_external_task_marker_dag.py
[2023-03-28T10:11:30.230-0400] {logging_mixin.py:137} INFO - [2023-03-28T10:11:30.230-0400] {dag.py:2693} INFO - Sync 2 DAGs
[2023-03-28T10:11:30.254-0400] {logging_mixin.py:137} INFO - [2023-03-28T10:11:30.254-0400] {dag.py:3440} INFO - Setting next_dagrun for example_external_task_marker_child to None, run_after=None
[2023-03-28T10:11:30.255-0400] {logging_mixin.py:137} INFO - [2023-03-28T10:11:30.255-0400] {dag.py:3440} INFO - Setting next_dagrun for example_external_task_marker_parent to None, run_after=None
[2023-03-28T10:11:30.263-0400] {processor.py:175} INFO - Processing /Users/sunanda/Downloads/airflow/py_env/lib/python3.9/site-packages/airflow/example_dags/example_external_task_marker_dag.py took 1.075 seconds
[2023-03-28T10:14:20.913-0400] {processor.py:153} INFO - Started process (PID=91565) to work on /Users/sunanda/Downloads/airflow/py_env/lib/python3.9/site-packages/airflow/example_dags/example_external_task_marker_dag.py
[2023-03-28T10:14:20.920-0400] {processor.py:743} INFO - Processing file /Users/sunanda/Downloads/airflow/py_env/lib/python3.9/site-packages/airflow/example_dags/example_external_task_marker_dag.py for tasks to queue
[2023-03-28T10:14:20.921-0400] {logging_mixin.py:137} INFO - [2023-03-28T10:14:20.921-0400] {dagbag.py:532} INFO - Filling up the DagBag from /Users/sunanda/Downloads/airflow/py_env/lib/python3.9/site-packages/airflow/example_dags/example_external_task_marker_dag.py
[2023-03-28T10:14:20.947-0400] {processor.py:753} INFO - DAG(s) dict_keys(['example_external_task_marker_parent', 'example_external_task_marker_child']) retrieved from /Users/sunanda/Downloads/airflow/py_env/lib/python3.9/site-packages/airflow/example_dags/example_external_task_marker_dag.py
[2023-03-28T10:14:22.087-0400] {logging_mixin.py:137} INFO - [2023-03-28T10:14:22.087-0400] {dag.py:2693} INFO - Sync 2 DAGs
[2023-03-28T10:14:22.103-0400] {logging_mixin.py:137} INFO - [2023-03-28T10:14:22.103-0400] {dag.py:3440} INFO - Setting next_dagrun for example_external_task_marker_child to None, run_after=None
[2023-03-28T10:14:22.105-0400] {logging_mixin.py:137} INFO - [2023-03-28T10:14:22.105-0400] {dag.py:3440} INFO - Setting next_dagrun for example_external_task_marker_parent to None, run_after=None
[2023-03-28T10:14:22.120-0400] {processor.py:175} INFO - Processing /Users/sunanda/Downloads/airflow/py_env/lib/python3.9/site-packages/airflow/example_dags/example_external_task_marker_dag.py took 1.207 seconds
[2023-03-28T10:18:52.695-0400] {processor.py:153} INFO - Started process (PID=91916) to work on /Users/sunanda/Downloads/airflow/py_env/lib/python3.9/site-packages/airflow/example_dags/example_external_task_marker_dag.py
[2023-03-28T10:18:52.699-0400] {processor.py:743} INFO - Processing file /Users/sunanda/Downloads/airflow/py_env/lib/python3.9/site-packages/airflow/example_dags/example_external_task_marker_dag.py for tasks to queue
[2023-03-28T10:18:52.699-0400] {logging_mixin.py:137} INFO - [2023-03-28T10:18:52.699-0400] {dagbag.py:532} INFO - Filling up the DagBag from /Users/sunanda/Downloads/airflow/py_env/lib/python3.9/site-packages/airflow/example_dags/example_external_task_marker_dag.py
[2023-03-28T10:18:52.711-0400] {processor.py:753} INFO - DAG(s) dict_keys(['example_external_task_marker_child', 'example_external_task_marker_parent']) retrieved from /Users/sunanda/Downloads/airflow/py_env/lib/python3.9/site-packages/airflow/example_dags/example_external_task_marker_dag.py
[2023-03-28T10:18:53.653-0400] {logging_mixin.py:137} INFO - [2023-03-28T10:18:53.653-0400] {dag.py:2693} INFO - Sync 2 DAGs
[2023-03-28T10:18:53.676-0400] {logging_mixin.py:137} INFO - [2023-03-28T10:18:53.676-0400] {dag.py:3440} INFO - Setting next_dagrun for example_external_task_marker_child to None, run_after=None
[2023-03-28T10:18:53.678-0400] {logging_mixin.py:137} INFO - [2023-03-28T10:18:53.678-0400] {dag.py:3440} INFO - Setting next_dagrun for example_external_task_marker_parent to None, run_after=None
[2023-03-28T10:18:53.695-0400] {processor.py:175} INFO - Processing /Users/sunanda/Downloads/airflow/py_env/lib/python3.9/site-packages/airflow/example_dags/example_external_task_marker_dag.py took 1.001 seconds
[2023-03-28T10:22:56.575-0400] {processor.py:153} INFO - Started process (PID=92271) to work on /Users/sunanda/Downloads/airflow/py_env/lib/python3.9/site-packages/airflow/example_dags/example_external_task_marker_dag.py
[2023-03-28T10:22:56.583-0400] {processor.py:743} INFO - Processing file /Users/sunanda/Downloads/airflow/py_env/lib/python3.9/site-packages/airflow/example_dags/example_external_task_marker_dag.py for tasks to queue
[2023-03-28T10:22:56.583-0400] {logging_mixin.py:137} INFO - [2023-03-28T10:22:56.583-0400] {dagbag.py:532} INFO - Filling up the DagBag from /Users/sunanda/Downloads/airflow/py_env/lib/python3.9/site-packages/airflow/example_dags/example_external_task_marker_dag.py
[2023-03-28T10:22:56.601-0400] {processor.py:753} INFO - DAG(s) dict_keys(['example_external_task_marker_child', 'example_external_task_marker_parent']) retrieved from /Users/sunanda/Downloads/airflow/py_env/lib/python3.9/site-packages/airflow/example_dags/example_external_task_marker_dag.py
[2023-03-28T10:22:57.385-0400] {logging_mixin.py:137} INFO - [2023-03-28T10:22:57.385-0400] {dag.py:2693} INFO - Sync 2 DAGs
[2023-03-28T10:22:57.397-0400] {logging_mixin.py:137} INFO - [2023-03-28T10:22:57.396-0400] {dag.py:3440} INFO - Setting next_dagrun for example_external_task_marker_child to None, run_after=None
[2023-03-28T10:22:57.399-0400] {logging_mixin.py:137} INFO - [2023-03-28T10:22:57.399-0400] {dag.py:3440} INFO - Setting next_dagrun for example_external_task_marker_parent to None, run_after=None
[2023-03-28T10:22:57.414-0400] {processor.py:175} INFO - Processing /Users/sunanda/Downloads/airflow/py_env/lib/python3.9/site-packages/airflow/example_dags/example_external_task_marker_dag.py took 0.840 seconds
[2023-03-28T10:27:15.398-0400] {processor.py:153} INFO - Started process (PID=92739) to work on /Users/sunanda/Downloads/airflow/py_env/lib/python3.9/site-packages/airflow/example_dags/example_external_task_marker_dag.py
[2023-03-28T10:27:15.411-0400] {processor.py:743} INFO - Processing file /Users/sunanda/Downloads/airflow/py_env/lib/python3.9/site-packages/airflow/example_dags/example_external_task_marker_dag.py for tasks to queue
[2023-03-28T10:27:15.411-0400] {logging_mixin.py:137} INFO - [2023-03-28T10:27:15.411-0400] {dagbag.py:532} INFO - Filling up the DagBag from /Users/sunanda/Downloads/airflow/py_env/lib/python3.9/site-packages/airflow/example_dags/example_external_task_marker_dag.py
[2023-03-28T10:27:15.424-0400] {processor.py:753} INFO - DAG(s) dict_keys(['example_external_task_marker_child', 'example_external_task_marker_parent']) retrieved from /Users/sunanda/Downloads/airflow/py_env/lib/python3.9/site-packages/airflow/example_dags/example_external_task_marker_dag.py
[2023-03-28T10:27:16.582-0400] {logging_mixin.py:137} INFO - [2023-03-28T10:27:16.581-0400] {dag.py:2693} INFO - Sync 2 DAGs
[2023-03-28T10:27:16.591-0400] {logging_mixin.py:137} INFO - [2023-03-28T10:27:16.591-0400] {dag.py:3440} INFO - Setting next_dagrun for example_external_task_marker_child to None, run_after=None
[2023-03-28T10:27:16.592-0400] {logging_mixin.py:137} INFO - [2023-03-28T10:27:16.592-0400] {dag.py:3440} INFO - Setting next_dagrun for example_external_task_marker_parent to None, run_after=None
[2023-03-28T10:27:16.617-0400] {processor.py:175} INFO - Processing /Users/sunanda/Downloads/airflow/py_env/lib/python3.9/site-packages/airflow/example_dags/example_external_task_marker_dag.py took 1.222 seconds
[2023-03-28T10:31:35.493-0400] {processor.py:153} INFO - Started process (PID=93239) to work on /Users/sunanda/Downloads/airflow/py_env/lib/python3.9/site-packages/airflow/example_dags/example_external_task_marker_dag.py
[2023-03-28T10:31:35.496-0400] {processor.py:743} INFO - Processing file /Users/sunanda/Downloads/airflow/py_env/lib/python3.9/site-packages/airflow/example_dags/example_external_task_marker_dag.py for tasks to queue
[2023-03-28T10:31:35.496-0400] {logging_mixin.py:137} INFO - [2023-03-28T10:31:35.496-0400] {dagbag.py:532} INFO - Filling up the DagBag from /Users/sunanda/Downloads/airflow/py_env/lib/python3.9/site-packages/airflow/example_dags/example_external_task_marker_dag.py
[2023-03-28T10:31:35.508-0400] {processor.py:753} INFO - DAG(s) dict_keys(['example_external_task_marker_child', 'example_external_task_marker_parent']) retrieved from /Users/sunanda/Downloads/airflow/py_env/lib/python3.9/site-packages/airflow/example_dags/example_external_task_marker_dag.py
[2023-03-28T10:31:36.439-0400] {logging_mixin.py:137} INFO - [2023-03-28T10:31:36.439-0400] {dag.py:2693} INFO - Sync 2 DAGs
[2023-03-28T10:31:36.455-0400] {logging_mixin.py:137} INFO - [2023-03-28T10:31:36.455-0400] {dag.py:3440} INFO - Setting next_dagrun for example_external_task_marker_child to None, run_after=None
[2023-03-28T10:31:36.457-0400] {logging_mixin.py:137} INFO - [2023-03-28T10:31:36.457-0400] {dag.py:3440} INFO - Setting next_dagrun for example_external_task_marker_parent to None, run_after=None
[2023-03-28T10:31:36.492-0400] {processor.py:175} INFO - Processing /Users/sunanda/Downloads/airflow/py_env/lib/python3.9/site-packages/airflow/example_dags/example_external_task_marker_dag.py took 1.000 seconds
[2023-03-28T10:35:34.604-0400] {processor.py:153} INFO - Started process (PID=93544) to work on /Users/sunanda/Downloads/airflow/py_env/lib/python3.9/site-packages/airflow/example_dags/example_external_task_marker_dag.py
[2023-03-28T10:35:34.609-0400] {processor.py:743} INFO - Processing file /Users/sunanda/Downloads/airflow/py_env/lib/python3.9/site-packages/airflow/example_dags/example_external_task_marker_dag.py for tasks to queue
[2023-03-28T10:35:34.612-0400] {logging_mixin.py:137} INFO - [2023-03-28T10:35:34.612-0400] {dagbag.py:532} INFO - Filling up the DagBag from /Users/sunanda/Downloads/airflow/py_env/lib/python3.9/site-packages/airflow/example_dags/example_external_task_marker_dag.py
[2023-03-28T10:35:34.625-0400] {processor.py:753} INFO - DAG(s) dict_keys(['example_external_task_marker_child', 'example_external_task_marker_parent']) retrieved from /Users/sunanda/Downloads/airflow/py_env/lib/python3.9/site-packages/airflow/example_dags/example_external_task_marker_dag.py
[2023-03-28T10:35:35.456-0400] {logging_mixin.py:137} INFO - [2023-03-28T10:35:35.456-0400] {dag.py:2693} INFO - Sync 2 DAGs
[2023-03-28T10:35:35.476-0400] {logging_mixin.py:137} INFO - [2023-03-28T10:35:35.476-0400] {dag.py:3440} INFO - Setting next_dagrun for example_external_task_marker_child to None, run_after=None
[2023-03-28T10:35:35.477-0400] {logging_mixin.py:137} INFO - [2023-03-28T10:35:35.477-0400] {dag.py:3440} INFO - Setting next_dagrun for example_external_task_marker_parent to None, run_after=None
[2023-03-28T10:35:35.484-0400] {processor.py:175} INFO - Processing /Users/sunanda/Downloads/airflow/py_env/lib/python3.9/site-packages/airflow/example_dags/example_external_task_marker_dag.py took 0.880 seconds
[2023-03-28T10:40:21.043-0400] {processor.py:153} INFO - Started process (PID=95462) to work on /Users/sunanda/Downloads/airflow/py_env/lib/python3.9/site-packages/airflow/example_dags/example_external_task_marker_dag.py
[2023-03-28T10:40:21.046-0400] {processor.py:743} INFO - Processing file /Users/sunanda/Downloads/airflow/py_env/lib/python3.9/site-packages/airflow/example_dags/example_external_task_marker_dag.py for tasks to queue
[2023-03-28T10:40:21.046-0400] {logging_mixin.py:137} INFO - [2023-03-28T10:40:21.046-0400] {dagbag.py:532} INFO - Filling up the DagBag from /Users/sunanda/Downloads/airflow/py_env/lib/python3.9/site-packages/airflow/example_dags/example_external_task_marker_dag.py
[2023-03-28T10:40:21.059-0400] {processor.py:753} INFO - DAG(s) dict_keys(['example_external_task_marker_child', 'example_external_task_marker_parent']) retrieved from /Users/sunanda/Downloads/airflow/py_env/lib/python3.9/site-packages/airflow/example_dags/example_external_task_marker_dag.py
[2023-03-28T10:40:22.355-0400] {logging_mixin.py:137} INFO - [2023-03-28T10:40:22.354-0400] {dag.py:2693} INFO - Sync 2 DAGs
[2023-03-28T10:40:22.373-0400] {logging_mixin.py:137} INFO - [2023-03-28T10:40:22.373-0400] {dag.py:3440} INFO - Setting next_dagrun for example_external_task_marker_child to None, run_after=None
[2023-03-28T10:40:22.375-0400] {logging_mixin.py:137} INFO - [2023-03-28T10:40:22.375-0400] {dag.py:3440} INFO - Setting next_dagrun for example_external_task_marker_parent to None, run_after=None
[2023-03-28T10:40:22.399-0400] {processor.py:175} INFO - Processing /Users/sunanda/Downloads/airflow/py_env/lib/python3.9/site-packages/airflow/example_dags/example_external_task_marker_dag.py took 1.356 seconds
[2023-03-28T10:44:25.546-0400] {processor.py:153} INFO - Started process (PID=95892) to work on /Users/sunanda/Downloads/airflow/py_env/lib/python3.9/site-packages/airflow/example_dags/example_external_task_marker_dag.py
[2023-03-28T10:44:25.561-0400] {processor.py:743} INFO - Processing file /Users/sunanda/Downloads/airflow/py_env/lib/python3.9/site-packages/airflow/example_dags/example_external_task_marker_dag.py for tasks to queue
[2023-03-28T10:44:25.561-0400] {logging_mixin.py:137} INFO - [2023-03-28T10:44:25.561-0400] {dagbag.py:532} INFO - Filling up the DagBag from /Users/sunanda/Downloads/airflow/py_env/lib/python3.9/site-packages/airflow/example_dags/example_external_task_marker_dag.py
[2023-03-28T10:44:25.574-0400] {processor.py:753} INFO - DAG(s) dict_keys(['example_external_task_marker_parent', 'example_external_task_marker_child']) retrieved from /Users/sunanda/Downloads/airflow/py_env/lib/python3.9/site-packages/airflow/example_dags/example_external_task_marker_dag.py
[2023-03-28T10:44:26.120-0400] {logging_mixin.py:137} INFO - [2023-03-28T10:44:26.120-0400] {dag.py:2693} INFO - Sync 2 DAGs
[2023-03-28T10:44:26.136-0400] {logging_mixin.py:137} INFO - [2023-03-28T10:44:26.136-0400] {dag.py:3440} INFO - Setting next_dagrun for example_external_task_marker_child to None, run_after=None
[2023-03-28T10:44:26.137-0400] {logging_mixin.py:137} INFO - [2023-03-28T10:44:26.137-0400] {dag.py:3440} INFO - Setting next_dagrun for example_external_task_marker_parent to None, run_after=None
[2023-03-28T10:44:26.151-0400] {processor.py:175} INFO - Processing /Users/sunanda/Downloads/airflow/py_env/lib/python3.9/site-packages/airflow/example_dags/example_external_task_marker_dag.py took 0.608 seconds
[2023-03-28T10:48:30.830-0400] {processor.py:153} INFO - Started process (PID=96450) to work on /Users/sunanda/Downloads/airflow/py_env/lib/python3.9/site-packages/airflow/example_dags/example_external_task_marker_dag.py
[2023-03-28T10:48:30.833-0400] {processor.py:743} INFO - Processing file /Users/sunanda/Downloads/airflow/py_env/lib/python3.9/site-packages/airflow/example_dags/example_external_task_marker_dag.py for tasks to queue
[2023-03-28T10:48:30.833-0400] {logging_mixin.py:137} INFO - [2023-03-28T10:48:30.833-0400] {dagbag.py:532} INFO - Filling up the DagBag from /Users/sunanda/Downloads/airflow/py_env/lib/python3.9/site-packages/airflow/example_dags/example_external_task_marker_dag.py
[2023-03-28T10:48:30.846-0400] {processor.py:753} INFO - DAG(s) dict_keys(['example_external_task_marker_child', 'example_external_task_marker_parent']) retrieved from /Users/sunanda/Downloads/airflow/py_env/lib/python3.9/site-packages/airflow/example_dags/example_external_task_marker_dag.py
[2023-03-28T10:48:31.687-0400] {logging_mixin.py:137} INFO - [2023-03-28T10:48:31.687-0400] {dag.py:2693} INFO - Sync 2 DAGs
[2023-03-28T10:48:31.706-0400] {logging_mixin.py:137} INFO - [2023-03-28T10:48:31.706-0400] {dag.py:3440} INFO - Setting next_dagrun for example_external_task_marker_child to None, run_after=None
[2023-03-28T10:48:31.707-0400] {logging_mixin.py:137} INFO - [2023-03-28T10:48:31.707-0400] {dag.py:3440} INFO - Setting next_dagrun for example_external_task_marker_parent to None, run_after=None
[2023-03-28T10:48:31.716-0400] {processor.py:175} INFO - Processing /Users/sunanda/Downloads/airflow/py_env/lib/python3.9/site-packages/airflow/example_dags/example_external_task_marker_dag.py took 0.887 seconds
[2023-03-28T10:52:43.432-0400] {processor.py:153} INFO - Started process (PID=96938) to work on /Users/sunanda/Downloads/airflow/py_env/lib/python3.9/site-packages/airflow/example_dags/example_external_task_marker_dag.py
[2023-03-28T10:52:43.440-0400] {processor.py:743} INFO - Processing file /Users/sunanda/Downloads/airflow/py_env/lib/python3.9/site-packages/airflow/example_dags/example_external_task_marker_dag.py for tasks to queue
[2023-03-28T10:52:43.441-0400] {logging_mixin.py:137} INFO - [2023-03-28T10:52:43.441-0400] {dagbag.py:532} INFO - Filling up the DagBag from /Users/sunanda/Downloads/airflow/py_env/lib/python3.9/site-packages/airflow/example_dags/example_external_task_marker_dag.py
[2023-03-28T10:52:43.456-0400] {processor.py:753} INFO - DAG(s) dict_keys(['example_external_task_marker_child', 'example_external_task_marker_parent']) retrieved from /Users/sunanda/Downloads/airflow/py_env/lib/python3.9/site-packages/airflow/example_dags/example_external_task_marker_dag.py
[2023-03-28T10:52:44.073-0400] {logging_mixin.py:137} INFO - [2023-03-28T10:52:44.073-0400] {dag.py:2693} INFO - Sync 2 DAGs
[2023-03-28T10:52:44.084-0400] {logging_mixin.py:137} INFO - [2023-03-28T10:52:44.084-0400] {dag.py:3440} INFO - Setting next_dagrun for example_external_task_marker_child to None, run_after=None
[2023-03-28T10:52:44.086-0400] {logging_mixin.py:137} INFO - [2023-03-28T10:52:44.086-0400] {dag.py:3440} INFO - Setting next_dagrun for example_external_task_marker_parent to None, run_after=None
[2023-03-28T10:52:44.127-0400] {processor.py:175} INFO - Processing /Users/sunanda/Downloads/airflow/py_env/lib/python3.9/site-packages/airflow/example_dags/example_external_task_marker_dag.py took 0.699 seconds
[2023-03-28T10:56:09.949-0400] {processor.py:153} INFO - Started process (PID=97212) to work on /Users/sunanda/Downloads/airflow/py_env/lib/python3.9/site-packages/airflow/example_dags/example_external_task_marker_dag.py
[2023-03-28T10:56:09.965-0400] {processor.py:743} INFO - Processing file /Users/sunanda/Downloads/airflow/py_env/lib/python3.9/site-packages/airflow/example_dags/example_external_task_marker_dag.py for tasks to queue
[2023-03-28T10:56:09.965-0400] {logging_mixin.py:137} INFO - [2023-03-28T10:56:09.965-0400] {dagbag.py:532} INFO - Filling up the DagBag from /Users/sunanda/Downloads/airflow/py_env/lib/python3.9/site-packages/airflow/example_dags/example_external_task_marker_dag.py
[2023-03-28T10:56:09.977-0400] {processor.py:753} INFO - DAG(s) dict_keys(['example_external_task_marker_child', 'example_external_task_marker_parent']) retrieved from /Users/sunanda/Downloads/airflow/py_env/lib/python3.9/site-packages/airflow/example_dags/example_external_task_marker_dag.py
[2023-03-28T10:56:10.869-0400] {logging_mixin.py:137} INFO - [2023-03-28T10:56:10.869-0400] {dag.py:2693} INFO - Sync 2 DAGs
[2023-03-28T10:56:10.882-0400] {logging_mixin.py:137} INFO - [2023-03-28T10:56:10.881-0400] {dag.py:3440} INFO - Setting next_dagrun for example_external_task_marker_child to None, run_after=None
[2023-03-28T10:56:10.883-0400] {logging_mixin.py:137} INFO - [2023-03-28T10:56:10.882-0400] {dag.py:3440} INFO - Setting next_dagrun for example_external_task_marker_parent to None, run_after=None
[2023-03-28T10:56:10.900-0400] {processor.py:175} INFO - Processing /Users/sunanda/Downloads/airflow/py_env/lib/python3.9/site-packages/airflow/example_dags/example_external_task_marker_dag.py took 0.953 seconds
[2023-03-28T10:59:55.412-0400] {processor.py:153} INFO - Started process (PID=97702) to work on /Users/sunanda/Downloads/airflow/py_env/lib/python3.9/site-packages/airflow/example_dags/example_external_task_marker_dag.py
[2023-03-28T10:59:55.423-0400] {processor.py:743} INFO - Processing file /Users/sunanda/Downloads/airflow/py_env/lib/python3.9/site-packages/airflow/example_dags/example_external_task_marker_dag.py for tasks to queue
[2023-03-28T10:59:55.424-0400] {logging_mixin.py:137} INFO - [2023-03-28T10:59:55.424-0400] {dagbag.py:532} INFO - Filling up the DagBag from /Users/sunanda/Downloads/airflow/py_env/lib/python3.9/site-packages/airflow/example_dags/example_external_task_marker_dag.py
[2023-03-28T10:59:55.488-0400] {processor.py:753} INFO - DAG(s) dict_keys(['example_external_task_marker_parent', 'example_external_task_marker_child']) retrieved from /Users/sunanda/Downloads/airflow/py_env/lib/python3.9/site-packages/airflow/example_dags/example_external_task_marker_dag.py
[2023-03-28T10:59:56.338-0400] {logging_mixin.py:137} INFO - [2023-03-28T10:59:56.337-0400] {dag.py:2693} INFO - Sync 2 DAGs
[2023-03-28T10:59:56.358-0400] {logging_mixin.py:137} INFO - [2023-03-28T10:59:56.358-0400] {dag.py:3440} INFO - Setting next_dagrun for example_external_task_marker_child to None, run_after=None
[2023-03-28T10:59:56.359-0400] {logging_mixin.py:137} INFO - [2023-03-28T10:59:56.359-0400] {dag.py:3440} INFO - Setting next_dagrun for example_external_task_marker_parent to None, run_after=None
[2023-03-28T10:59:56.376-0400] {processor.py:175} INFO - Processing /Users/sunanda/Downloads/airflow/py_env/lib/python3.9/site-packages/airflow/example_dags/example_external_task_marker_dag.py took 0.965 seconds
[2023-03-28T11:03:35.243-0400] {processor.py:153} INFO - Started process (PID=98027) to work on /Users/sunanda/Downloads/airflow/py_env/lib/python3.9/site-packages/airflow/example_dags/example_external_task_marker_dag.py
[2023-03-28T11:03:35.257-0400] {processor.py:743} INFO - Processing file /Users/sunanda/Downloads/airflow/py_env/lib/python3.9/site-packages/airflow/example_dags/example_external_task_marker_dag.py for tasks to queue
[2023-03-28T11:03:35.257-0400] {logging_mixin.py:137} INFO - [2023-03-28T11:03:35.257-0400] {dagbag.py:532} INFO - Filling up the DagBag from /Users/sunanda/Downloads/airflow/py_env/lib/python3.9/site-packages/airflow/example_dags/example_external_task_marker_dag.py
[2023-03-28T11:03:35.269-0400] {processor.py:753} INFO - DAG(s) dict_keys(['example_external_task_marker_parent', 'example_external_task_marker_child']) retrieved from /Users/sunanda/Downloads/airflow/py_env/lib/python3.9/site-packages/airflow/example_dags/example_external_task_marker_dag.py
[2023-03-28T11:03:35.820-0400] {logging_mixin.py:137} INFO - [2023-03-28T11:03:35.820-0400] {dag.py:2693} INFO - Sync 2 DAGs
[2023-03-28T11:03:35.828-0400] {logging_mixin.py:137} INFO - [2023-03-28T11:03:35.828-0400] {dag.py:3440} INFO - Setting next_dagrun for example_external_task_marker_child to None, run_after=None
[2023-03-28T11:03:35.829-0400] {logging_mixin.py:137} INFO - [2023-03-28T11:03:35.829-0400] {dag.py:3440} INFO - Setting next_dagrun for example_external_task_marker_parent to None, run_after=None
[2023-03-28T11:03:35.835-0400] {processor.py:175} INFO - Processing /Users/sunanda/Downloads/airflow/py_env/lib/python3.9/site-packages/airflow/example_dags/example_external_task_marker_dag.py took 0.594 seconds
[2023-03-28T11:07:15.281-0400] {processor.py:153} INFO - Started process (PID=98318) to work on /Users/sunanda/Downloads/airflow/py_env/lib/python3.9/site-packages/airflow/example_dags/example_external_task_marker_dag.py
[2023-03-28T11:07:15.284-0400] {processor.py:743} INFO - Processing file /Users/sunanda/Downloads/airflow/py_env/lib/python3.9/site-packages/airflow/example_dags/example_external_task_marker_dag.py for tasks to queue
[2023-03-28T11:07:15.284-0400] {logging_mixin.py:137} INFO - [2023-03-28T11:07:15.284-0400] {dagbag.py:532} INFO - Filling up the DagBag from /Users/sunanda/Downloads/airflow/py_env/lib/python3.9/site-packages/airflow/example_dags/example_external_task_marker_dag.py
[2023-03-28T11:07:15.304-0400] {processor.py:753} INFO - DAG(s) dict_keys(['example_external_task_marker_parent', 'example_external_task_marker_child']) retrieved from /Users/sunanda/Downloads/airflow/py_env/lib/python3.9/site-packages/airflow/example_dags/example_external_task_marker_dag.py
[2023-03-28T11:07:16.056-0400] {logging_mixin.py:137} INFO - [2023-03-28T11:07:16.056-0400] {dag.py:2693} INFO - Sync 2 DAGs
[2023-03-28T11:07:16.063-0400] {logging_mixin.py:137} INFO - [2023-03-28T11:07:16.063-0400] {dag.py:3440} INFO - Setting next_dagrun for example_external_task_marker_child to None, run_after=None
[2023-03-28T11:07:16.067-0400] {logging_mixin.py:137} INFO - [2023-03-28T11:07:16.066-0400] {dag.py:3440} INFO - Setting next_dagrun for example_external_task_marker_parent to None, run_after=None
[2023-03-28T11:07:16.090-0400] {processor.py:175} INFO - Processing /Users/sunanda/Downloads/airflow/py_env/lib/python3.9/site-packages/airflow/example_dags/example_external_task_marker_dag.py took 0.816 seconds
[2023-03-28T11:11:19.618-0400] {processor.py:153} INFO - Started process (PID=98653) to work on /Users/sunanda/Downloads/airflow/py_env/lib/python3.9/site-packages/airflow/example_dags/example_external_task_marker_dag.py
[2023-03-28T11:11:19.622-0400] {processor.py:743} INFO - Processing file /Users/sunanda/Downloads/airflow/py_env/lib/python3.9/site-packages/airflow/example_dags/example_external_task_marker_dag.py for tasks to queue
[2023-03-28T11:11:19.622-0400] {logging_mixin.py:137} INFO - [2023-03-28T11:11:19.622-0400] {dagbag.py:532} INFO - Filling up the DagBag from /Users/sunanda/Downloads/airflow/py_env/lib/python3.9/site-packages/airflow/example_dags/example_external_task_marker_dag.py
[2023-03-28T11:11:19.645-0400] {processor.py:753} INFO - DAG(s) dict_keys(['example_external_task_marker_child', 'example_external_task_marker_parent']) retrieved from /Users/sunanda/Downloads/airflow/py_env/lib/python3.9/site-packages/airflow/example_dags/example_external_task_marker_dag.py
[2023-03-28T11:11:20.133-0400] {logging_mixin.py:137} INFO - [2023-03-28T11:11:20.133-0400] {dag.py:2693} INFO - Sync 2 DAGs
[2023-03-28T11:11:20.146-0400] {logging_mixin.py:137} INFO - [2023-03-28T11:11:20.146-0400] {dag.py:3440} INFO - Setting next_dagrun for example_external_task_marker_child to None, run_after=None
[2023-03-28T11:11:20.147-0400] {logging_mixin.py:137} INFO - [2023-03-28T11:11:20.147-0400] {dag.py:3440} INFO - Setting next_dagrun for example_external_task_marker_parent to None, run_after=None
[2023-03-28T11:11:20.161-0400] {processor.py:175} INFO - Processing /Users/sunanda/Downloads/airflow/py_env/lib/python3.9/site-packages/airflow/example_dags/example_external_task_marker_dag.py took 0.543 seconds
[2023-03-28T11:15:09.048-0400] {processor.py:153} INFO - Started process (PID=98949) to work on /Users/sunanda/Downloads/airflow/py_env/lib/python3.9/site-packages/airflow/example_dags/example_external_task_marker_dag.py
[2023-03-28T11:15:09.051-0400] {processor.py:743} INFO - Processing file /Users/sunanda/Downloads/airflow/py_env/lib/python3.9/site-packages/airflow/example_dags/example_external_task_marker_dag.py for tasks to queue
[2023-03-28T11:15:09.051-0400] {logging_mixin.py:137} INFO - [2023-03-28T11:15:09.051-0400] {dagbag.py:532} INFO - Filling up the DagBag from /Users/sunanda/Downloads/airflow/py_env/lib/python3.9/site-packages/airflow/example_dags/example_external_task_marker_dag.py
[2023-03-28T11:15:09.063-0400] {processor.py:753} INFO - DAG(s) dict_keys(['example_external_task_marker_parent', 'example_external_task_marker_child']) retrieved from /Users/sunanda/Downloads/airflow/py_env/lib/python3.9/site-packages/airflow/example_dags/example_external_task_marker_dag.py
[2023-03-28T11:15:09.502-0400] {logging_mixin.py:137} INFO - [2023-03-28T11:15:09.502-0400] {dag.py:2693} INFO - Sync 2 DAGs
[2023-03-28T11:15:09.509-0400] {logging_mixin.py:137} INFO - [2023-03-28T11:15:09.509-0400] {dag.py:3440} INFO - Setting next_dagrun for example_external_task_marker_child to None, run_after=None
[2023-03-28T11:15:09.510-0400] {logging_mixin.py:137} INFO - [2023-03-28T11:15:09.510-0400] {dag.py:3440} INFO - Setting next_dagrun for example_external_task_marker_parent to None, run_after=None
[2023-03-28T11:15:09.520-0400] {processor.py:175} INFO - Processing /Users/sunanda/Downloads/airflow/py_env/lib/python3.9/site-packages/airflow/example_dags/example_external_task_marker_dag.py took 0.475 seconds
[2023-03-28T11:19:04.068-0400] {processor.py:153} INFO - Started process (PID=99253) to work on /Users/sunanda/Downloads/airflow/py_env/lib/python3.9/site-packages/airflow/example_dags/example_external_task_marker_dag.py
[2023-03-28T11:19:04.080-0400] {processor.py:743} INFO - Processing file /Users/sunanda/Downloads/airflow/py_env/lib/python3.9/site-packages/airflow/example_dags/example_external_task_marker_dag.py for tasks to queue
[2023-03-28T11:19:04.080-0400] {logging_mixin.py:137} INFO - [2023-03-28T11:19:04.080-0400] {dagbag.py:532} INFO - Filling up the DagBag from /Users/sunanda/Downloads/airflow/py_env/lib/python3.9/site-packages/airflow/example_dags/example_external_task_marker_dag.py
[2023-03-28T11:19:04.093-0400] {processor.py:753} INFO - DAG(s) dict_keys(['example_external_task_marker_child', 'example_external_task_marker_parent']) retrieved from /Users/sunanda/Downloads/airflow/py_env/lib/python3.9/site-packages/airflow/example_dags/example_external_task_marker_dag.py
[2023-03-28T11:19:04.624-0400] {logging_mixin.py:137} INFO - [2023-03-28T11:19:04.624-0400] {dag.py:2693} INFO - Sync 2 DAGs
[2023-03-28T11:19:04.637-0400] {logging_mixin.py:137} INFO - [2023-03-28T11:19:04.637-0400] {dag.py:3440} INFO - Setting next_dagrun for example_external_task_marker_child to None, run_after=None
[2023-03-28T11:19:04.639-0400] {logging_mixin.py:137} INFO - [2023-03-28T11:19:04.638-0400] {dag.py:3440} INFO - Setting next_dagrun for example_external_task_marker_parent to None, run_after=None
[2023-03-28T11:19:04.651-0400] {processor.py:175} INFO - Processing /Users/sunanda/Downloads/airflow/py_env/lib/python3.9/site-packages/airflow/example_dags/example_external_task_marker_dag.py took 0.586 seconds
[2023-03-28T11:22:53.345-0400] {processor.py:153} INFO - Started process (PID=99542) to work on /Users/sunanda/Downloads/airflow/py_env/lib/python3.9/site-packages/airflow/example_dags/example_external_task_marker_dag.py
[2023-03-28T11:22:53.348-0400] {processor.py:743} INFO - Processing file /Users/sunanda/Downloads/airflow/py_env/lib/python3.9/site-packages/airflow/example_dags/example_external_task_marker_dag.py for tasks to queue
[2023-03-28T11:22:53.348-0400] {logging_mixin.py:137} INFO - [2023-03-28T11:22:53.348-0400] {dagbag.py:532} INFO - Filling up the DagBag from /Users/sunanda/Downloads/airflow/py_env/lib/python3.9/site-packages/airflow/example_dags/example_external_task_marker_dag.py
[2023-03-28T11:22:53.383-0400] {processor.py:753} INFO - DAG(s) dict_keys(['example_external_task_marker_child', 'example_external_task_marker_parent']) retrieved from /Users/sunanda/Downloads/airflow/py_env/lib/python3.9/site-packages/airflow/example_dags/example_external_task_marker_dag.py
[2023-03-28T11:22:53.879-0400] {logging_mixin.py:137} INFO - [2023-03-28T11:22:53.879-0400] {dag.py:2693} INFO - Sync 2 DAGs
[2023-03-28T11:22:53.887-0400] {logging_mixin.py:137} INFO - [2023-03-28T11:22:53.887-0400] {dag.py:3440} INFO - Setting next_dagrun for example_external_task_marker_child to None, run_after=None
[2023-03-28T11:22:53.888-0400] {logging_mixin.py:137} INFO - [2023-03-28T11:22:53.888-0400] {dag.py:3440} INFO - Setting next_dagrun for example_external_task_marker_parent to None, run_after=None
[2023-03-28T11:22:53.894-0400] {processor.py:175} INFO - Processing /Users/sunanda/Downloads/airflow/py_env/lib/python3.9/site-packages/airflow/example_dags/example_external_task_marker_dag.py took 0.550 seconds
[2023-03-28T11:26:48.487-0400] {processor.py:153} INFO - Started process (PID=99843) to work on /Users/sunanda/Downloads/airflow/py_env/lib/python3.9/site-packages/airflow/example_dags/example_external_task_marker_dag.py
[2023-03-28T11:26:48.493-0400] {processor.py:743} INFO - Processing file /Users/sunanda/Downloads/airflow/py_env/lib/python3.9/site-packages/airflow/example_dags/example_external_task_marker_dag.py for tasks to queue
[2023-03-28T11:26:48.493-0400] {logging_mixin.py:137} INFO - [2023-03-28T11:26:48.493-0400] {dagbag.py:532} INFO - Filling up the DagBag from /Users/sunanda/Downloads/airflow/py_env/lib/python3.9/site-packages/airflow/example_dags/example_external_task_marker_dag.py
[2023-03-28T11:26:48.525-0400] {processor.py:753} INFO - DAG(s) dict_keys(['example_external_task_marker_parent', 'example_external_task_marker_child']) retrieved from /Users/sunanda/Downloads/airflow/py_env/lib/python3.9/site-packages/airflow/example_dags/example_external_task_marker_dag.py
[2023-03-28T11:26:49.453-0400] {logging_mixin.py:137} INFO - [2023-03-28T11:26:49.453-0400] {dag.py:2693} INFO - Sync 2 DAGs
[2023-03-28T11:26:49.469-0400] {logging_mixin.py:137} INFO - [2023-03-28T11:26:49.469-0400] {dag.py:3440} INFO - Setting next_dagrun for example_external_task_marker_child to None, run_after=None
[2023-03-28T11:26:49.472-0400] {logging_mixin.py:137} INFO - [2023-03-28T11:26:49.472-0400] {dag.py:3440} INFO - Setting next_dagrun for example_external_task_marker_parent to None, run_after=None
[2023-03-28T11:26:49.491-0400] {processor.py:175} INFO - Processing /Users/sunanda/Downloads/airflow/py_env/lib/python3.9/site-packages/airflow/example_dags/example_external_task_marker_dag.py took 1.005 seconds
[2023-03-28T11:37:48.663-0400] {processor.py:153} INFO - Started process (PID=375) to work on /Users/sunanda/Downloads/airflow/py_env/lib/python3.9/site-packages/airflow/example_dags/example_external_task_marker_dag.py
[2023-03-28T11:37:48.666-0400] {processor.py:743} INFO - Processing file /Users/sunanda/Downloads/airflow/py_env/lib/python3.9/site-packages/airflow/example_dags/example_external_task_marker_dag.py for tasks to queue
[2023-03-28T11:37:48.666-0400] {logging_mixin.py:137} INFO - [2023-03-28T11:37:48.666-0400] {dagbag.py:532} INFO - Filling up the DagBag from /Users/sunanda/Downloads/airflow/py_env/lib/python3.9/site-packages/airflow/example_dags/example_external_task_marker_dag.py
[2023-03-28T11:37:48.679-0400] {processor.py:753} INFO - DAG(s) dict_keys(['example_external_task_marker_parent', 'example_external_task_marker_child']) retrieved from /Users/sunanda/Downloads/airflow/py_env/lib/python3.9/site-packages/airflow/example_dags/example_external_task_marker_dag.py
[2023-03-28T11:37:49.618-0400] {logging_mixin.py:137} INFO - [2023-03-28T11:37:49.617-0400] {dag.py:2693} INFO - Sync 2 DAGs
[2023-03-28T11:37:49.640-0400] {logging_mixin.py:137} INFO - [2023-03-28T11:37:49.639-0400] {dag.py:3440} INFO - Setting next_dagrun for example_external_task_marker_child to None, run_after=None
[2023-03-28T11:37:49.646-0400] {logging_mixin.py:137} INFO - [2023-03-28T11:37:49.646-0400] {dag.py:3440} INFO - Setting next_dagrun for example_external_task_marker_parent to None, run_after=None
[2023-03-28T11:37:49.662-0400] {processor.py:175} INFO - Processing /Users/sunanda/Downloads/airflow/py_env/lib/python3.9/site-packages/airflow/example_dags/example_external_task_marker_dag.py took 0.999 seconds
[2023-03-28T11:41:43.326-0400] {processor.py:153} INFO - Started process (PID=797) to work on /Users/sunanda/Downloads/airflow/py_env/lib/python3.9/site-packages/airflow/example_dags/example_external_task_marker_dag.py
[2023-03-28T11:41:43.329-0400] {processor.py:743} INFO - Processing file /Users/sunanda/Downloads/airflow/py_env/lib/python3.9/site-packages/airflow/example_dags/example_external_task_marker_dag.py for tasks to queue
[2023-03-28T11:41:43.329-0400] {logging_mixin.py:137} INFO - [2023-03-28T11:41:43.329-0400] {dagbag.py:532} INFO - Filling up the DagBag from /Users/sunanda/Downloads/airflow/py_env/lib/python3.9/site-packages/airflow/example_dags/example_external_task_marker_dag.py
[2023-03-28T11:41:43.342-0400] {processor.py:753} INFO - DAG(s) dict_keys(['example_external_task_marker_parent', 'example_external_task_marker_child']) retrieved from /Users/sunanda/Downloads/airflow/py_env/lib/python3.9/site-packages/airflow/example_dags/example_external_task_marker_dag.py
[2023-03-28T11:41:44.005-0400] {logging_mixin.py:137} INFO - [2023-03-28T11:41:44.004-0400] {dag.py:2693} INFO - Sync 2 DAGs
[2023-03-28T11:41:44.011-0400] {logging_mixin.py:137} INFO - [2023-03-28T11:41:44.011-0400] {dag.py:3440} INFO - Setting next_dagrun for example_external_task_marker_child to None, run_after=None
[2023-03-28T11:41:44.013-0400] {logging_mixin.py:137} INFO - [2023-03-28T11:41:44.013-0400] {dag.py:3440} INFO - Setting next_dagrun for example_external_task_marker_parent to None, run_after=None
[2023-03-28T11:41:44.040-0400] {processor.py:175} INFO - Processing /Users/sunanda/Downloads/airflow/py_env/lib/python3.9/site-packages/airflow/example_dags/example_external_task_marker_dag.py took 0.717 seconds
[2023-03-28T11:45:28.440-0400] {processor.py:153} INFO - Started process (PID=1094) to work on /Users/sunanda/Downloads/airflow/py_env/lib/python3.9/site-packages/airflow/example_dags/example_external_task_marker_dag.py
[2023-03-28T11:45:28.443-0400] {processor.py:743} INFO - Processing file /Users/sunanda/Downloads/airflow/py_env/lib/python3.9/site-packages/airflow/example_dags/example_external_task_marker_dag.py for tasks to queue
[2023-03-28T11:45:28.444-0400] {logging_mixin.py:137} INFO - [2023-03-28T11:45:28.444-0400] {dagbag.py:532} INFO - Filling up the DagBag from /Users/sunanda/Downloads/airflow/py_env/lib/python3.9/site-packages/airflow/example_dags/example_external_task_marker_dag.py
[2023-03-28T11:45:28.486-0400] {processor.py:753} INFO - DAG(s) dict_keys(['example_external_task_marker_child', 'example_external_task_marker_parent']) retrieved from /Users/sunanda/Downloads/airflow/py_env/lib/python3.9/site-packages/airflow/example_dags/example_external_task_marker_dag.py
[2023-03-28T11:45:29.141-0400] {logging_mixin.py:137} INFO - [2023-03-28T11:45:29.141-0400] {dag.py:2693} INFO - Sync 2 DAGs
[2023-03-28T11:45:29.160-0400] {logging_mixin.py:137} INFO - [2023-03-28T11:45:29.160-0400] {dag.py:3440} INFO - Setting next_dagrun for example_external_task_marker_child to None, run_after=None
[2023-03-28T11:45:29.163-0400] {logging_mixin.py:137} INFO - [2023-03-28T11:45:29.162-0400] {dag.py:3440} INFO - Setting next_dagrun for example_external_task_marker_parent to None, run_after=None
[2023-03-28T11:45:29.179-0400] {processor.py:175} INFO - Processing /Users/sunanda/Downloads/airflow/py_env/lib/python3.9/site-packages/airflow/example_dags/example_external_task_marker_dag.py took 0.740 seconds
[2023-03-28T11:49:15.606-0400] {processor.py:153} INFO - Started process (PID=1428) to work on /Users/sunanda/Downloads/airflow/py_env/lib/python3.9/site-packages/airflow/example_dags/example_external_task_marker_dag.py
[2023-03-28T11:49:15.611-0400] {processor.py:743} INFO - Processing file /Users/sunanda/Downloads/airflow/py_env/lib/python3.9/site-packages/airflow/example_dags/example_external_task_marker_dag.py for tasks to queue
[2023-03-28T11:49:15.611-0400] {logging_mixin.py:137} INFO - [2023-03-28T11:49:15.611-0400] {dagbag.py:532} INFO - Filling up the DagBag from /Users/sunanda/Downloads/airflow/py_env/lib/python3.9/site-packages/airflow/example_dags/example_external_task_marker_dag.py
[2023-03-28T11:49:15.627-0400] {processor.py:753} INFO - DAG(s) dict_keys(['example_external_task_marker_parent', 'example_external_task_marker_child']) retrieved from /Users/sunanda/Downloads/airflow/py_env/lib/python3.9/site-packages/airflow/example_dags/example_external_task_marker_dag.py
[2023-03-28T11:49:16.167-0400] {logging_mixin.py:137} INFO - [2023-03-28T11:49:16.166-0400] {dag.py:2693} INFO - Sync 2 DAGs
[2023-03-28T11:49:16.182-0400] {logging_mixin.py:137} INFO - [2023-03-28T11:49:16.182-0400] {dag.py:3440} INFO - Setting next_dagrun for example_external_task_marker_child to None, run_after=None
[2023-03-28T11:49:16.184-0400] {logging_mixin.py:137} INFO - [2023-03-28T11:49:16.184-0400] {dag.py:3440} INFO - Setting next_dagrun for example_external_task_marker_parent to None, run_after=None
[2023-03-28T11:49:16.197-0400] {processor.py:175} INFO - Processing /Users/sunanda/Downloads/airflow/py_env/lib/python3.9/site-packages/airflow/example_dags/example_external_task_marker_dag.py took 0.598 seconds
[2023-03-28T11:53:35.395-0400] {processor.py:153} INFO - Started process (PID=1832) to work on /Users/sunanda/Downloads/airflow/py_env/lib/python3.9/site-packages/airflow/example_dags/example_external_task_marker_dag.py
[2023-03-28T11:53:35.399-0400] {processor.py:743} INFO - Processing file /Users/sunanda/Downloads/airflow/py_env/lib/python3.9/site-packages/airflow/example_dags/example_external_task_marker_dag.py for tasks to queue
[2023-03-28T11:53:35.399-0400] {logging_mixin.py:137} INFO - [2023-03-28T11:53:35.399-0400] {dagbag.py:532} INFO - Filling up the DagBag from /Users/sunanda/Downloads/airflow/py_env/lib/python3.9/site-packages/airflow/example_dags/example_external_task_marker_dag.py
[2023-03-28T11:53:35.416-0400] {processor.py:753} INFO - DAG(s) dict_keys(['example_external_task_marker_child', 'example_external_task_marker_parent']) retrieved from /Users/sunanda/Downloads/airflow/py_env/lib/python3.9/site-packages/airflow/example_dags/example_external_task_marker_dag.py
[2023-03-28T11:53:35.978-0400] {logging_mixin.py:137} INFO - [2023-03-28T11:53:35.978-0400] {dag.py:2693} INFO - Sync 2 DAGs
[2023-03-28T11:53:35.989-0400] {logging_mixin.py:137} INFO - [2023-03-28T11:53:35.989-0400] {dag.py:3440} INFO - Setting next_dagrun for example_external_task_marker_child to None, run_after=None
[2023-03-28T11:53:35.991-0400] {logging_mixin.py:137} INFO - [2023-03-28T11:53:35.991-0400] {dag.py:3440} INFO - Setting next_dagrun for example_external_task_marker_parent to None, run_after=None
[2023-03-28T11:53:36.004-0400] {processor.py:175} INFO - Processing /Users/sunanda/Downloads/airflow/py_env/lib/python3.9/site-packages/airflow/example_dags/example_external_task_marker_dag.py took 0.609 seconds
[2023-03-28T11:57:30.258-0400] {processor.py:153} INFO - Started process (PID=2139) to work on /Users/sunanda/Downloads/airflow/py_env/lib/python3.9/site-packages/airflow/example_dags/example_external_task_marker_dag.py
[2023-03-28T11:57:30.282-0400] {processor.py:743} INFO - Processing file /Users/sunanda/Downloads/airflow/py_env/lib/python3.9/site-packages/airflow/example_dags/example_external_task_marker_dag.py for tasks to queue
[2023-03-28T11:57:30.283-0400] {logging_mixin.py:137} INFO - [2023-03-28T11:57:30.283-0400] {dagbag.py:532} INFO - Filling up the DagBag from /Users/sunanda/Downloads/airflow/py_env/lib/python3.9/site-packages/airflow/example_dags/example_external_task_marker_dag.py
[2023-03-28T11:57:30.297-0400] {processor.py:753} INFO - DAG(s) dict_keys(['example_external_task_marker_child', 'example_external_task_marker_parent']) retrieved from /Users/sunanda/Downloads/airflow/py_env/lib/python3.9/site-packages/airflow/example_dags/example_external_task_marker_dag.py
[2023-03-28T11:57:31.080-0400] {logging_mixin.py:137} INFO - [2023-03-28T11:57:31.079-0400] {dag.py:2693} INFO - Sync 2 DAGs
[2023-03-28T11:57:31.088-0400] {logging_mixin.py:137} INFO - [2023-03-28T11:57:31.088-0400] {dag.py:3440} INFO - Setting next_dagrun for example_external_task_marker_child to None, run_after=None
[2023-03-28T11:57:31.089-0400] {logging_mixin.py:137} INFO - [2023-03-28T11:57:31.089-0400] {dag.py:3440} INFO - Setting next_dagrun for example_external_task_marker_parent to None, run_after=None
[2023-03-28T11:57:31.096-0400] {processor.py:175} INFO - Processing /Users/sunanda/Downloads/airflow/py_env/lib/python3.9/site-packages/airflow/example_dags/example_external_task_marker_dag.py took 0.840 seconds
[2023-03-28T12:01:11.273-0400] {processor.py:153} INFO - Started process (PID=2455) to work on /Users/sunanda/Downloads/airflow/py_env/lib/python3.9/site-packages/airflow/example_dags/example_external_task_marker_dag.py
[2023-03-28T12:01:11.279-0400] {processor.py:743} INFO - Processing file /Users/sunanda/Downloads/airflow/py_env/lib/python3.9/site-packages/airflow/example_dags/example_external_task_marker_dag.py for tasks to queue
[2023-03-28T12:01:11.279-0400] {logging_mixin.py:137} INFO - [2023-03-28T12:01:11.279-0400] {dagbag.py:532} INFO - Filling up the DagBag from /Users/sunanda/Downloads/airflow/py_env/lib/python3.9/site-packages/airflow/example_dags/example_external_task_marker_dag.py
[2023-03-28T12:01:11.292-0400] {processor.py:753} INFO - DAG(s) dict_keys(['example_external_task_marker_child', 'example_external_task_marker_parent']) retrieved from /Users/sunanda/Downloads/airflow/py_env/lib/python3.9/site-packages/airflow/example_dags/example_external_task_marker_dag.py
[2023-03-28T12:01:12.217-0400] {logging_mixin.py:137} INFO - [2023-03-28T12:01:12.217-0400] {dag.py:2693} INFO - Sync 2 DAGs
[2023-03-28T12:01:12.227-0400] {logging_mixin.py:137} INFO - [2023-03-28T12:01:12.227-0400] {dag.py:3440} INFO - Setting next_dagrun for example_external_task_marker_child to None, run_after=None
[2023-03-28T12:01:12.228-0400] {logging_mixin.py:137} INFO - [2023-03-28T12:01:12.228-0400] {dag.py:3440} INFO - Setting next_dagrun for example_external_task_marker_parent to None, run_after=None
[2023-03-28T12:01:12.246-0400] {processor.py:175} INFO - Processing /Users/sunanda/Downloads/airflow/py_env/lib/python3.9/site-packages/airflow/example_dags/example_external_task_marker_dag.py took 0.999 seconds
[2023-03-28T12:05:05.890-0400] {processor.py:153} INFO - Started process (PID=2806) to work on /Users/sunanda/Downloads/airflow/py_env/lib/python3.9/site-packages/airflow/example_dags/example_external_task_marker_dag.py
[2023-03-28T12:05:05.893-0400] {processor.py:743} INFO - Processing file /Users/sunanda/Downloads/airflow/py_env/lib/python3.9/site-packages/airflow/example_dags/example_external_task_marker_dag.py for tasks to queue
[2023-03-28T12:05:05.893-0400] {logging_mixin.py:137} INFO - [2023-03-28T12:05:05.893-0400] {dagbag.py:532} INFO - Filling up the DagBag from /Users/sunanda/Downloads/airflow/py_env/lib/python3.9/site-packages/airflow/example_dags/example_external_task_marker_dag.py
[2023-03-28T12:05:05.907-0400] {processor.py:753} INFO - DAG(s) dict_keys(['example_external_task_marker_child', 'example_external_task_marker_parent']) retrieved from /Users/sunanda/Downloads/airflow/py_env/lib/python3.9/site-packages/airflow/example_dags/example_external_task_marker_dag.py
[2023-03-28T12:05:06.601-0400] {logging_mixin.py:137} INFO - [2023-03-28T12:05:06.600-0400] {dag.py:2693} INFO - Sync 2 DAGs
[2023-03-28T12:05:06.608-0400] {logging_mixin.py:137} INFO - [2023-03-28T12:05:06.608-0400] {dag.py:3440} INFO - Setting next_dagrun for example_external_task_marker_child to None, run_after=None
[2023-03-28T12:05:06.611-0400] {logging_mixin.py:137} INFO - [2023-03-28T12:05:06.611-0400] {dag.py:3440} INFO - Setting next_dagrun for example_external_task_marker_parent to None, run_after=None
[2023-03-28T12:05:06.622-0400] {processor.py:175} INFO - Processing /Users/sunanda/Downloads/airflow/py_env/lib/python3.9/site-packages/airflow/example_dags/example_external_task_marker_dag.py took 0.733 seconds
[2023-03-28T12:09:08.559-0400] {processor.py:153} INFO - Started process (PID=3261) to work on /Users/sunanda/Downloads/airflow/py_env/lib/python3.9/site-packages/airflow/example_dags/example_external_task_marker_dag.py
[2023-03-28T12:09:08.561-0400] {processor.py:743} INFO - Processing file /Users/sunanda/Downloads/airflow/py_env/lib/python3.9/site-packages/airflow/example_dags/example_external_task_marker_dag.py for tasks to queue
[2023-03-28T12:09:08.562-0400] {logging_mixin.py:137} INFO - [2023-03-28T12:09:08.562-0400] {dagbag.py:532} INFO - Filling up the DagBag from /Users/sunanda/Downloads/airflow/py_env/lib/python3.9/site-packages/airflow/example_dags/example_external_task_marker_dag.py
[2023-03-28T12:09:08.574-0400] {processor.py:753} INFO - DAG(s) dict_keys(['example_external_task_marker_parent', 'example_external_task_marker_child']) retrieved from /Users/sunanda/Downloads/airflow/py_env/lib/python3.9/site-packages/airflow/example_dags/example_external_task_marker_dag.py
[2023-03-28T12:09:09.665-0400] {logging_mixin.py:137} INFO - [2023-03-28T12:09:09.665-0400] {dag.py:2693} INFO - Sync 2 DAGs
[2023-03-28T12:09:09.675-0400] {logging_mixin.py:137} INFO - [2023-03-28T12:09:09.675-0400] {dag.py:3440} INFO - Setting next_dagrun for example_external_task_marker_child to None, run_after=None
[2023-03-28T12:09:09.687-0400] {logging_mixin.py:137} INFO - [2023-03-28T12:09:09.686-0400] {dag.py:3440} INFO - Setting next_dagrun for example_external_task_marker_parent to None, run_after=None
[2023-03-28T12:09:09.706-0400] {processor.py:175} INFO - Processing /Users/sunanda/Downloads/airflow/py_env/lib/python3.9/site-packages/airflow/example_dags/example_external_task_marker_dag.py took 1.148 seconds
[2023-03-28T12:13:03.678-0400] {processor.py:153} INFO - Started process (PID=3621) to work on /Users/sunanda/Downloads/airflow/py_env/lib/python3.9/site-packages/airflow/example_dags/example_external_task_marker_dag.py
[2023-03-28T12:13:03.683-0400] {processor.py:743} INFO - Processing file /Users/sunanda/Downloads/airflow/py_env/lib/python3.9/site-packages/airflow/example_dags/example_external_task_marker_dag.py for tasks to queue
[2023-03-28T12:13:03.683-0400] {logging_mixin.py:137} INFO - [2023-03-28T12:13:03.683-0400] {dagbag.py:532} INFO - Filling up the DagBag from /Users/sunanda/Downloads/airflow/py_env/lib/python3.9/site-packages/airflow/example_dags/example_external_task_marker_dag.py
[2023-03-28T12:13:03.712-0400] {processor.py:753} INFO - DAG(s) dict_keys(['example_external_task_marker_child', 'example_external_task_marker_parent']) retrieved from /Users/sunanda/Downloads/airflow/py_env/lib/python3.9/site-packages/airflow/example_dags/example_external_task_marker_dag.py
[2023-03-28T12:13:04.587-0400] {logging_mixin.py:137} INFO - [2023-03-28T12:13:04.587-0400] {dag.py:2693} INFO - Sync 2 DAGs
[2023-03-28T12:13:04.653-0400] {logging_mixin.py:137} INFO - [2023-03-28T12:13:04.652-0400] {dag.py:3440} INFO - Setting next_dagrun for example_external_task_marker_child to None, run_after=None
[2023-03-28T12:13:04.659-0400] {logging_mixin.py:137} INFO - [2023-03-28T12:13:04.659-0400] {dag.py:3440} INFO - Setting next_dagrun for example_external_task_marker_parent to None, run_after=None
[2023-03-28T12:13:04.681-0400] {processor.py:175} INFO - Processing /Users/sunanda/Downloads/airflow/py_env/lib/python3.9/site-packages/airflow/example_dags/example_external_task_marker_dag.py took 1.004 seconds
[2023-03-28T12:15:22.746-0400] {processor.py:153} INFO - Started process (PID=3823) to work on /Users/sunanda/Downloads/airflow/py_env/lib/python3.9/site-packages/airflow/example_dags/example_external_task_marker_dag.py
[2023-03-28T12:15:22.761-0400] {processor.py:743} INFO - Processing file /Users/sunanda/Downloads/airflow/py_env/lib/python3.9/site-packages/airflow/example_dags/example_external_task_marker_dag.py for tasks to queue
[2023-03-28T12:15:22.762-0400] {logging_mixin.py:137} INFO - [2023-03-28T12:15:22.762-0400] {dagbag.py:532} INFO - Filling up the DagBag from /Users/sunanda/Downloads/airflow/py_env/lib/python3.9/site-packages/airflow/example_dags/example_external_task_marker_dag.py
[2023-03-28T12:15:22.775-0400] {processor.py:753} INFO - DAG(s) dict_keys(['example_external_task_marker_parent', 'example_external_task_marker_child']) retrieved from /Users/sunanda/Downloads/airflow/py_env/lib/python3.9/site-packages/airflow/example_dags/example_external_task_marker_dag.py
[2023-03-28T12:15:23.415-0400] {logging_mixin.py:137} INFO - [2023-03-28T12:15:23.415-0400] {dag.py:2693} INFO - Sync 2 DAGs
[2023-03-28T12:15:23.425-0400] {logging_mixin.py:137} INFO - [2023-03-28T12:15:23.425-0400] {dag.py:3440} INFO - Setting next_dagrun for example_external_task_marker_child to None, run_after=None
[2023-03-28T12:15:23.426-0400] {logging_mixin.py:137} INFO - [2023-03-28T12:15:23.426-0400] {dag.py:3440} INFO - Setting next_dagrun for example_external_task_marker_parent to None, run_after=None
[2023-03-28T12:15:23.450-0400] {processor.py:175} INFO - Processing /Users/sunanda/Downloads/airflow/py_env/lib/python3.9/site-packages/airflow/example_dags/example_external_task_marker_dag.py took 0.704 seconds
[2023-03-28T12:17:50.467-0400] {processor.py:153} INFO - Started process (PID=4068) to work on /Users/sunanda/Downloads/airflow/py_env/lib/python3.9/site-packages/airflow/example_dags/example_external_task_marker_dag.py
[2023-03-28T12:17:50.470-0400] {processor.py:743} INFO - Processing file /Users/sunanda/Downloads/airflow/py_env/lib/python3.9/site-packages/airflow/example_dags/example_external_task_marker_dag.py for tasks to queue
[2023-03-28T12:17:50.471-0400] {logging_mixin.py:137} INFO - [2023-03-28T12:17:50.471-0400] {dagbag.py:532} INFO - Filling up the DagBag from /Users/sunanda/Downloads/airflow/py_env/lib/python3.9/site-packages/airflow/example_dags/example_external_task_marker_dag.py
[2023-03-28T12:17:50.493-0400] {processor.py:753} INFO - DAG(s) dict_keys(['example_external_task_marker_parent', 'example_external_task_marker_child']) retrieved from /Users/sunanda/Downloads/airflow/py_env/lib/python3.9/site-packages/airflow/example_dags/example_external_task_marker_dag.py
[2023-03-28T12:17:51.199-0400] {logging_mixin.py:137} INFO - [2023-03-28T12:17:51.199-0400] {dag.py:2693} INFO - Sync 2 DAGs
[2023-03-28T12:17:51.212-0400] {logging_mixin.py:137} INFO - [2023-03-28T12:17:51.212-0400] {dag.py:3440} INFO - Setting next_dagrun for example_external_task_marker_child to None, run_after=None
[2023-03-28T12:17:51.214-0400] {logging_mixin.py:137} INFO - [2023-03-28T12:17:51.214-0400] {dag.py:3440} INFO - Setting next_dagrun for example_external_task_marker_parent to None, run_after=None
[2023-03-28T12:17:51.246-0400] {processor.py:175} INFO - Processing /Users/sunanda/Downloads/airflow/py_env/lib/python3.9/site-packages/airflow/example_dags/example_external_task_marker_dag.py took 0.780 seconds
[2023-03-28T12:21:36.059-0400] {processor.py:153} INFO - Started process (PID=4352) to work on /Users/sunanda/Downloads/airflow/py_env/lib/python3.9/site-packages/airflow/example_dags/example_external_task_marker_dag.py
[2023-03-28T12:21:36.062-0400] {processor.py:743} INFO - Processing file /Users/sunanda/Downloads/airflow/py_env/lib/python3.9/site-packages/airflow/example_dags/example_external_task_marker_dag.py for tasks to queue
[2023-03-28T12:21:36.062-0400] {logging_mixin.py:137} INFO - [2023-03-28T12:21:36.062-0400] {dagbag.py:532} INFO - Filling up the DagBag from /Users/sunanda/Downloads/airflow/py_env/lib/python3.9/site-packages/airflow/example_dags/example_external_task_marker_dag.py
[2023-03-28T12:21:36.074-0400] {processor.py:753} INFO - DAG(s) dict_keys(['example_external_task_marker_child', 'example_external_task_marker_parent']) retrieved from /Users/sunanda/Downloads/airflow/py_env/lib/python3.9/site-packages/airflow/example_dags/example_external_task_marker_dag.py
[2023-03-28T12:21:36.855-0400] {logging_mixin.py:137} INFO - [2023-03-28T12:21:36.855-0400] {dag.py:2693} INFO - Sync 2 DAGs
[2023-03-28T12:21:36.873-0400] {logging_mixin.py:137} INFO - [2023-03-28T12:21:36.873-0400] {dag.py:3440} INFO - Setting next_dagrun for example_external_task_marker_child to None, run_after=None
[2023-03-28T12:21:36.875-0400] {logging_mixin.py:137} INFO - [2023-03-28T12:21:36.875-0400] {dag.py:3440} INFO - Setting next_dagrun for example_external_task_marker_parent to None, run_after=None
[2023-03-28T12:21:36.889-0400] {processor.py:175} INFO - Processing /Users/sunanda/Downloads/airflow/py_env/lib/python3.9/site-packages/airflow/example_dags/example_external_task_marker_dag.py took 0.837 seconds
[2023-03-28T12:28:22.023-0400] {processor.py:153} INFO - Started process (PID=4691) to work on /Users/sunanda/Downloads/airflow/py_env/lib/python3.9/site-packages/airflow/example_dags/example_external_task_marker_dag.py
[2023-03-28T12:28:22.042-0400] {processor.py:743} INFO - Processing file /Users/sunanda/Downloads/airflow/py_env/lib/python3.9/site-packages/airflow/example_dags/example_external_task_marker_dag.py for tasks to queue
[2023-03-28T12:28:22.042-0400] {logging_mixin.py:137} INFO - [2023-03-28T12:28:22.042-0400] {dagbag.py:532} INFO - Filling up the DagBag from /Users/sunanda/Downloads/airflow/py_env/lib/python3.9/site-packages/airflow/example_dags/example_external_task_marker_dag.py
[2023-03-28T12:28:22.075-0400] {processor.py:753} INFO - DAG(s) dict_keys(['example_external_task_marker_child', 'example_external_task_marker_parent']) retrieved from /Users/sunanda/Downloads/airflow/py_env/lib/python3.9/site-packages/airflow/example_dags/example_external_task_marker_dag.py
[2023-03-28T12:28:22.760-0400] {logging_mixin.py:137} INFO - [2023-03-28T12:28:22.760-0400] {dag.py:2693} INFO - Sync 2 DAGs
[2023-03-28T12:28:22.772-0400] {logging_mixin.py:137} INFO - [2023-03-28T12:28:22.772-0400] {dag.py:3440} INFO - Setting next_dagrun for example_external_task_marker_child to None, run_after=None
[2023-03-28T12:28:22.773-0400] {logging_mixin.py:137} INFO - [2023-03-28T12:28:22.773-0400] {dag.py:3440} INFO - Setting next_dagrun for example_external_task_marker_parent to None, run_after=None
[2023-03-28T12:28:22.780-0400] {processor.py:175} INFO - Processing /Users/sunanda/Downloads/airflow/py_env/lib/python3.9/site-packages/airflow/example_dags/example_external_task_marker_dag.py took 0.759 seconds
