[2023-03-27T23:38:09.723-0400] {processor.py:153} INFO - Started process (PID=79233) to work on /Users/sunanda/Downloads/airflow/py_env/lib/python3.9/site-packages/airflow/example_dags/example_dag_decorator.py
[2023-03-27T23:38:09.736-0400] {processor.py:743} INFO - Processing file /Users/sunanda/Downloads/airflow/py_env/lib/python3.9/site-packages/airflow/example_dags/example_dag_decorator.py for tasks to queue
[2023-03-27T23:38:09.737-0400] {logging_mixin.py:137} INFO - [2023-03-27T23:38:09.737-0400] {dagbag.py:532} INFO - Filling up the DagBag from /Users/sunanda/Downloads/airflow/py_env/lib/python3.9/site-packages/airflow/example_dags/example_dag_decorator.py
[2023-03-27T23:38:09.800-0400] {logging_mixin.py:137} INFO - [2023-03-27T23:38:09.800-0400] {taskmixin.py:211} WARNING - Dependency <Task(_PythonDecoratedOperator): prepare_email>, send_email already registered for DAG: example_dag_decorator
[2023-03-27T23:38:09.801-0400] {logging_mixin.py:137} INFO - [2023-03-27T23:38:09.800-0400] {taskmixin.py:211} WARNING - Dependency <Task(EmailOperator): send_email>, prepare_email already registered for DAG: example_dag_decorator
[2023-03-27T23:38:09.852-0400] {processor.py:753} INFO - DAG(s) dict_keys(['example_dag_decorator']) retrieved from /Users/sunanda/Downloads/airflow/py_env/lib/python3.9/site-packages/airflow/example_dags/example_dag_decorator.py
[2023-03-27T23:38:10.053-0400] {logging_mixin.py:137} INFO - [2023-03-27T23:38:10.053-0400] {dag.py:2693} INFO - Sync 1 DAGs
[2023-03-27T23:38:10.060-0400] {logging_mixin.py:137} INFO - [2023-03-27T23:38:10.060-0400] {dag.py:3440} INFO - Setting next_dagrun for example_dag_decorator to None, run_after=None
[2023-03-27T23:38:10.067-0400] {processor.py:175} INFO - Processing /Users/sunanda/Downloads/airflow/py_env/lib/python3.9/site-packages/airflow/example_dags/example_dag_decorator.py took 0.348 seconds
[2023-03-27T23:39:59.471-0400] {processor.py:153} INFO - Started process (PID=79416) to work on /Users/sunanda/Downloads/airflow/py_env/lib/python3.9/site-packages/airflow/example_dags/example_dag_decorator.py
[2023-03-27T23:39:59.479-0400] {processor.py:743} INFO - Processing file /Users/sunanda/Downloads/airflow/py_env/lib/python3.9/site-packages/airflow/example_dags/example_dag_decorator.py for tasks to queue
[2023-03-27T23:39:59.479-0400] {logging_mixin.py:137} INFO - [2023-03-27T23:39:59.479-0400] {dagbag.py:532} INFO - Filling up the DagBag from /Users/sunanda/Downloads/airflow/py_env/lib/python3.9/site-packages/airflow/example_dags/example_dag_decorator.py
[2023-03-27T23:39:59.553-0400] {logging_mixin.py:137} INFO - [2023-03-27T23:39:59.553-0400] {taskmixin.py:211} WARNING - Dependency <Task(_PythonDecoratedOperator): prepare_email>, send_email already registered for DAG: example_dag_decorator
[2023-03-27T23:39:59.553-0400] {logging_mixin.py:137} INFO - [2023-03-27T23:39:59.553-0400] {taskmixin.py:211} WARNING - Dependency <Task(EmailOperator): send_email>, prepare_email already registered for DAG: example_dag_decorator
[2023-03-27T23:39:59.590-0400] {processor.py:753} INFO - DAG(s) dict_keys(['example_dag_decorator']) retrieved from /Users/sunanda/Downloads/airflow/py_env/lib/python3.9/site-packages/airflow/example_dags/example_dag_decorator.py
[2023-03-27T23:39:59.758-0400] {logging_mixin.py:137} INFO - [2023-03-27T23:39:59.758-0400] {dag.py:2693} INFO - Sync 1 DAGs
[2023-03-27T23:39:59.764-0400] {logging_mixin.py:137} INFO - [2023-03-27T23:39:59.764-0400] {dag.py:3440} INFO - Setting next_dagrun for example_dag_decorator to None, run_after=None
[2023-03-27T23:39:59.771-0400] {processor.py:175} INFO - Processing /Users/sunanda/Downloads/airflow/py_env/lib/python3.9/site-packages/airflow/example_dags/example_dag_decorator.py took 0.302 seconds
[2023-03-28T00:22:39.944-0400] {processor.py:153} INFO - Started process (PID=82709) to work on /Users/sunanda/Downloads/airflow/py_env/lib/python3.9/site-packages/airflow/example_dags/example_dag_decorator.py
[2023-03-28T00:22:39.967-0400] {processor.py:743} INFO - Processing file /Users/sunanda/Downloads/airflow/py_env/lib/python3.9/site-packages/airflow/example_dags/example_dag_decorator.py for tasks to queue
[2023-03-28T00:22:39.968-0400] {logging_mixin.py:137} INFO - [2023-03-28T00:22:39.968-0400] {dagbag.py:532} INFO - Filling up the DagBag from /Users/sunanda/Downloads/airflow/py_env/lib/python3.9/site-packages/airflow/example_dags/example_dag_decorator.py
[2023-03-28T00:22:40.064-0400] {logging_mixin.py:137} INFO - [2023-03-28T00:22:40.064-0400] {taskmixin.py:211} WARNING - Dependency <Task(_PythonDecoratedOperator): prepare_email>, send_email already registered for DAG: example_dag_decorator
[2023-03-28T00:22:40.064-0400] {logging_mixin.py:137} INFO - [2023-03-28T00:22:40.064-0400] {taskmixin.py:211} WARNING - Dependency <Task(EmailOperator): send_email>, prepare_email already registered for DAG: example_dag_decorator
[2023-03-28T00:22:40.101-0400] {processor.py:753} INFO - DAG(s) dict_keys(['example_dag_decorator']) retrieved from /Users/sunanda/Downloads/airflow/py_env/lib/python3.9/site-packages/airflow/example_dags/example_dag_decorator.py
[2023-03-28T00:22:40.335-0400] {logging_mixin.py:137} INFO - [2023-03-28T00:22:40.335-0400] {dag.py:2693} INFO - Sync 1 DAGs
[2023-03-28T00:22:40.343-0400] {logging_mixin.py:137} INFO - [2023-03-28T00:22:40.343-0400] {dag.py:3440} INFO - Setting next_dagrun for example_dag_decorator to None, run_after=None
[2023-03-28T00:22:40.354-0400] {processor.py:175} INFO - Processing /Users/sunanda/Downloads/airflow/py_env/lib/python3.9/site-packages/airflow/example_dags/example_dag_decorator.py took 0.411 seconds
[2023-03-28T10:11:40.998-0400] {processor.py:153} INFO - Started process (PID=91360) to work on /Users/sunanda/Downloads/airflow/py_env/lib/python3.9/site-packages/airflow/example_dags/example_dag_decorator.py
[2023-03-28T10:11:41.002-0400] {processor.py:743} INFO - Processing file /Users/sunanda/Downloads/airflow/py_env/lib/python3.9/site-packages/airflow/example_dags/example_dag_decorator.py for tasks to queue
[2023-03-28T10:11:41.003-0400] {logging_mixin.py:137} INFO - [2023-03-28T10:11:41.003-0400] {dagbag.py:532} INFO - Filling up the DagBag from /Users/sunanda/Downloads/airflow/py_env/lib/python3.9/site-packages/airflow/example_dags/example_dag_decorator.py
[2023-03-28T10:11:41.299-0400] {logging_mixin.py:137} INFO - [2023-03-28T10:11:41.299-0400] {taskmixin.py:211} WARNING - Dependency <Task(_PythonDecoratedOperator): prepare_email>, send_email already registered for DAG: example_dag_decorator
[2023-03-28T10:11:41.299-0400] {logging_mixin.py:137} INFO - [2023-03-28T10:11:41.299-0400] {taskmixin.py:211} WARNING - Dependency <Task(EmailOperator): send_email>, prepare_email already registered for DAG: example_dag_decorator
[2023-03-28T10:11:41.389-0400] {processor.py:753} INFO - DAG(s) dict_keys(['example_dag_decorator']) retrieved from /Users/sunanda/Downloads/airflow/py_env/lib/python3.9/site-packages/airflow/example_dags/example_dag_decorator.py
[2023-03-28T10:11:41.711-0400] {logging_mixin.py:137} INFO - [2023-03-28T10:11:41.711-0400] {dag.py:2693} INFO - Sync 1 DAGs
[2023-03-28T10:11:41.725-0400] {logging_mixin.py:137} INFO - [2023-03-28T10:11:41.725-0400] {dag.py:3440} INFO - Setting next_dagrun for example_dag_decorator to None, run_after=None
[2023-03-28T10:11:41.737-0400] {processor.py:175} INFO - Processing /Users/sunanda/Downloads/airflow/py_env/lib/python3.9/site-packages/airflow/example_dags/example_dag_decorator.py took 0.747 seconds
[2023-03-28T10:14:32.540-0400] {processor.py:153} INFO - Started process (PID=91582) to work on /Users/sunanda/Downloads/airflow/py_env/lib/python3.9/site-packages/airflow/example_dags/example_dag_decorator.py
[2023-03-28T10:14:32.554-0400] {processor.py:743} INFO - Processing file /Users/sunanda/Downloads/airflow/py_env/lib/python3.9/site-packages/airflow/example_dags/example_dag_decorator.py for tasks to queue
[2023-03-28T10:14:32.554-0400] {logging_mixin.py:137} INFO - [2023-03-28T10:14:32.554-0400] {dagbag.py:532} INFO - Filling up the DagBag from /Users/sunanda/Downloads/airflow/py_env/lib/python3.9/site-packages/airflow/example_dags/example_dag_decorator.py
[2023-03-28T10:14:32.741-0400] {logging_mixin.py:137} INFO - [2023-03-28T10:14:32.741-0400] {taskmixin.py:211} WARNING - Dependency <Task(_PythonDecoratedOperator): prepare_email>, send_email already registered for DAG: example_dag_decorator
[2023-03-28T10:14:32.742-0400] {logging_mixin.py:137} INFO - [2023-03-28T10:14:32.741-0400] {taskmixin.py:211} WARNING - Dependency <Task(EmailOperator): send_email>, prepare_email already registered for DAG: example_dag_decorator
[2023-03-28T10:14:32.811-0400] {processor.py:753} INFO - DAG(s) dict_keys(['example_dag_decorator']) retrieved from /Users/sunanda/Downloads/airflow/py_env/lib/python3.9/site-packages/airflow/example_dags/example_dag_decorator.py
[2023-03-28T10:14:33.400-0400] {logging_mixin.py:137} INFO - [2023-03-28T10:14:33.400-0400] {dag.py:2693} INFO - Sync 1 DAGs
[2023-03-28T10:14:33.425-0400] {logging_mixin.py:137} INFO - [2023-03-28T10:14:33.425-0400] {dag.py:3440} INFO - Setting next_dagrun for example_dag_decorator to None, run_after=None
[2023-03-28T10:14:33.453-0400] {processor.py:175} INFO - Processing /Users/sunanda/Downloads/airflow/py_env/lib/python3.9/site-packages/airflow/example_dags/example_dag_decorator.py took 0.913 seconds
[2023-03-28T10:19:03.786-0400] {processor.py:153} INFO - Started process (PID=91931) to work on /Users/sunanda/Downloads/airflow/py_env/lib/python3.9/site-packages/airflow/example_dags/example_dag_decorator.py
[2023-03-28T10:19:03.788-0400] {processor.py:743} INFO - Processing file /Users/sunanda/Downloads/airflow/py_env/lib/python3.9/site-packages/airflow/example_dags/example_dag_decorator.py for tasks to queue
[2023-03-28T10:19:03.788-0400] {logging_mixin.py:137} INFO - [2023-03-28T10:19:03.788-0400] {dagbag.py:532} INFO - Filling up the DagBag from /Users/sunanda/Downloads/airflow/py_env/lib/python3.9/site-packages/airflow/example_dags/example_dag_decorator.py
[2023-03-28T10:19:03.958-0400] {logging_mixin.py:137} INFO - [2023-03-28T10:19:03.958-0400] {taskmixin.py:211} WARNING - Dependency <Task(_PythonDecoratedOperator): prepare_email>, send_email already registered for DAG: example_dag_decorator
[2023-03-28T10:19:03.958-0400] {logging_mixin.py:137} INFO - [2023-03-28T10:19:03.958-0400] {taskmixin.py:211} WARNING - Dependency <Task(EmailOperator): send_email>, prepare_email already registered for DAG: example_dag_decorator
[2023-03-28T10:19:04.051-0400] {processor.py:753} INFO - DAG(s) dict_keys(['example_dag_decorator']) retrieved from /Users/sunanda/Downloads/airflow/py_env/lib/python3.9/site-packages/airflow/example_dags/example_dag_decorator.py
[2023-03-28T10:19:04.507-0400] {logging_mixin.py:137} INFO - [2023-03-28T10:19:04.507-0400] {dag.py:2693} INFO - Sync 1 DAGs
[2023-03-28T10:19:04.518-0400] {logging_mixin.py:137} INFO - [2023-03-28T10:19:04.518-0400] {dag.py:3440} INFO - Setting next_dagrun for example_dag_decorator to None, run_after=None
[2023-03-28T10:19:04.530-0400] {processor.py:175} INFO - Processing /Users/sunanda/Downloads/airflow/py_env/lib/python3.9/site-packages/airflow/example_dags/example_dag_decorator.py took 0.745 seconds
[2023-03-28T10:23:06.810-0400] {processor.py:153} INFO - Started process (PID=92283) to work on /Users/sunanda/Downloads/airflow/py_env/lib/python3.9/site-packages/airflow/example_dags/example_dag_decorator.py
[2023-03-28T10:23:06.829-0400] {processor.py:743} INFO - Processing file /Users/sunanda/Downloads/airflow/py_env/lib/python3.9/site-packages/airflow/example_dags/example_dag_decorator.py for tasks to queue
[2023-03-28T10:23:06.829-0400] {logging_mixin.py:137} INFO - [2023-03-28T10:23:06.829-0400] {dagbag.py:532} INFO - Filling up the DagBag from /Users/sunanda/Downloads/airflow/py_env/lib/python3.9/site-packages/airflow/example_dags/example_dag_decorator.py
[2023-03-28T10:23:07.034-0400] {logging_mixin.py:137} INFO - [2023-03-28T10:23:07.034-0400] {taskmixin.py:211} WARNING - Dependency <Task(_PythonDecoratedOperator): prepare_email>, send_email already registered for DAG: example_dag_decorator
[2023-03-28T10:23:07.034-0400] {logging_mixin.py:137} INFO - [2023-03-28T10:23:07.034-0400] {taskmixin.py:211} WARNING - Dependency <Task(EmailOperator): send_email>, prepare_email already registered for DAG: example_dag_decorator
[2023-03-28T10:23:07.143-0400] {processor.py:753} INFO - DAG(s) dict_keys(['example_dag_decorator']) retrieved from /Users/sunanda/Downloads/airflow/py_env/lib/python3.9/site-packages/airflow/example_dags/example_dag_decorator.py
[2023-03-28T10:23:07.569-0400] {logging_mixin.py:137} INFO - [2023-03-28T10:23:07.562-0400] {dag.py:2693} INFO - Sync 1 DAGs
[2023-03-28T10:23:07.578-0400] {logging_mixin.py:137} INFO - [2023-03-28T10:23:07.578-0400] {dag.py:3440} INFO - Setting next_dagrun for example_dag_decorator to None, run_after=None
[2023-03-28T10:23:07.585-0400] {processor.py:175} INFO - Processing /Users/sunanda/Downloads/airflow/py_env/lib/python3.9/site-packages/airflow/example_dags/example_dag_decorator.py took 0.776 seconds
[2023-03-28T10:27:26.593-0400] {processor.py:153} INFO - Started process (PID=92752) to work on /Users/sunanda/Downloads/airflow/py_env/lib/python3.9/site-packages/airflow/example_dags/example_dag_decorator.py
[2023-03-28T10:27:26.596-0400] {processor.py:743} INFO - Processing file /Users/sunanda/Downloads/airflow/py_env/lib/python3.9/site-packages/airflow/example_dags/example_dag_decorator.py for tasks to queue
[2023-03-28T10:27:26.596-0400] {logging_mixin.py:137} INFO - [2023-03-28T10:27:26.596-0400] {dagbag.py:532} INFO - Filling up the DagBag from /Users/sunanda/Downloads/airflow/py_env/lib/python3.9/site-packages/airflow/example_dags/example_dag_decorator.py
[2023-03-28T10:27:26.712-0400] {logging_mixin.py:137} INFO - [2023-03-28T10:27:26.712-0400] {taskmixin.py:211} WARNING - Dependency <Task(_PythonDecoratedOperator): prepare_email>, send_email already registered for DAG: example_dag_decorator
[2023-03-28T10:27:26.713-0400] {logging_mixin.py:137} INFO - [2023-03-28T10:27:26.713-0400] {taskmixin.py:211} WARNING - Dependency <Task(EmailOperator): send_email>, prepare_email already registered for DAG: example_dag_decorator
[2023-03-28T10:27:26.866-0400] {processor.py:753} INFO - DAG(s) dict_keys(['example_dag_decorator']) retrieved from /Users/sunanda/Downloads/airflow/py_env/lib/python3.9/site-packages/airflow/example_dags/example_dag_decorator.py
[2023-03-28T10:27:27.396-0400] {logging_mixin.py:137} INFO - [2023-03-28T10:27:27.395-0400] {dag.py:2693} INFO - Sync 1 DAGs
[2023-03-28T10:27:27.417-0400] {logging_mixin.py:137} INFO - [2023-03-28T10:27:27.417-0400] {dag.py:3440} INFO - Setting next_dagrun for example_dag_decorator to None, run_after=None
[2023-03-28T10:27:27.444-0400] {processor.py:175} INFO - Processing /Users/sunanda/Downloads/airflow/py_env/lib/python3.9/site-packages/airflow/example_dags/example_dag_decorator.py took 0.852 seconds
[2023-03-28T10:31:46.365-0400] {processor.py:153} INFO - Started process (PID=93253) to work on /Users/sunanda/Downloads/airflow/py_env/lib/python3.9/site-packages/airflow/example_dags/example_dag_decorator.py
[2023-03-28T10:31:46.368-0400] {processor.py:743} INFO - Processing file /Users/sunanda/Downloads/airflow/py_env/lib/python3.9/site-packages/airflow/example_dags/example_dag_decorator.py for tasks to queue
[2023-03-28T10:31:46.368-0400] {logging_mixin.py:137} INFO - [2023-03-28T10:31:46.368-0400] {dagbag.py:532} INFO - Filling up the DagBag from /Users/sunanda/Downloads/airflow/py_env/lib/python3.9/site-packages/airflow/example_dags/example_dag_decorator.py
[2023-03-28T10:31:46.495-0400] {logging_mixin.py:137} INFO - [2023-03-28T10:31:46.495-0400] {taskmixin.py:211} WARNING - Dependency <Task(_PythonDecoratedOperator): prepare_email>, send_email already registered for DAG: example_dag_decorator
[2023-03-28T10:31:46.495-0400] {logging_mixin.py:137} INFO - [2023-03-28T10:31:46.495-0400] {taskmixin.py:211} WARNING - Dependency <Task(EmailOperator): send_email>, prepare_email already registered for DAG: example_dag_decorator
[2023-03-28T10:31:46.606-0400] {processor.py:753} INFO - DAG(s) dict_keys(['example_dag_decorator']) retrieved from /Users/sunanda/Downloads/airflow/py_env/lib/python3.9/site-packages/airflow/example_dags/example_dag_decorator.py
[2023-03-28T10:31:46.854-0400] {logging_mixin.py:137} INFO - [2023-03-28T10:31:46.854-0400] {dag.py:2693} INFO - Sync 1 DAGs
[2023-03-28T10:31:46.875-0400] {logging_mixin.py:137} INFO - [2023-03-28T10:31:46.875-0400] {dag.py:3440} INFO - Setting next_dagrun for example_dag_decorator to None, run_after=None
[2023-03-28T10:31:46.905-0400] {processor.py:175} INFO - Processing /Users/sunanda/Downloads/airflow/py_env/lib/python3.9/site-packages/airflow/example_dags/example_dag_decorator.py took 0.540 seconds
[2023-03-28T10:35:45.761-0400] {processor.py:153} INFO - Started process (PID=93579) to work on /Users/sunanda/Downloads/airflow/py_env/lib/python3.9/site-packages/airflow/example_dags/example_dag_decorator.py
[2023-03-28T10:35:45.763-0400] {processor.py:743} INFO - Processing file /Users/sunanda/Downloads/airflow/py_env/lib/python3.9/site-packages/airflow/example_dags/example_dag_decorator.py for tasks to queue
[2023-03-28T10:35:45.763-0400] {logging_mixin.py:137} INFO - [2023-03-28T10:35:45.763-0400] {dagbag.py:532} INFO - Filling up the DagBag from /Users/sunanda/Downloads/airflow/py_env/lib/python3.9/site-packages/airflow/example_dags/example_dag_decorator.py
[2023-03-28T10:35:45.869-0400] {logging_mixin.py:137} INFO - [2023-03-28T10:35:45.869-0400] {taskmixin.py:211} WARNING - Dependency <Task(_PythonDecoratedOperator): prepare_email>, send_email already registered for DAG: example_dag_decorator
[2023-03-28T10:35:45.869-0400] {logging_mixin.py:137} INFO - [2023-03-28T10:35:45.869-0400] {taskmixin.py:211} WARNING - Dependency <Task(EmailOperator): send_email>, prepare_email already registered for DAG: example_dag_decorator
[2023-03-28T10:35:45.960-0400] {processor.py:753} INFO - DAG(s) dict_keys(['example_dag_decorator']) retrieved from /Users/sunanda/Downloads/airflow/py_env/lib/python3.9/site-packages/airflow/example_dags/example_dag_decorator.py
[2023-03-28T10:35:46.395-0400] {logging_mixin.py:137} INFO - [2023-03-28T10:35:46.395-0400] {dag.py:2693} INFO - Sync 1 DAGs
[2023-03-28T10:35:46.402-0400] {logging_mixin.py:137} INFO - [2023-03-28T10:35:46.402-0400] {dag.py:3440} INFO - Setting next_dagrun for example_dag_decorator to None, run_after=None
[2023-03-28T10:35:46.416-0400] {processor.py:175} INFO - Processing /Users/sunanda/Downloads/airflow/py_env/lib/python3.9/site-packages/airflow/example_dags/example_dag_decorator.py took 0.657 seconds
[2023-03-28T10:40:32.992-0400] {processor.py:153} INFO - Started process (PID=95476) to work on /Users/sunanda/Downloads/airflow/py_env/lib/python3.9/site-packages/airflow/example_dags/example_dag_decorator.py
[2023-03-28T10:40:33.010-0400] {processor.py:743} INFO - Processing file /Users/sunanda/Downloads/airflow/py_env/lib/python3.9/site-packages/airflow/example_dags/example_dag_decorator.py for tasks to queue
[2023-03-28T10:40:33.010-0400] {logging_mixin.py:137} INFO - [2023-03-28T10:40:33.010-0400] {dagbag.py:532} INFO - Filling up the DagBag from /Users/sunanda/Downloads/airflow/py_env/lib/python3.9/site-packages/airflow/example_dags/example_dag_decorator.py
[2023-03-28T10:40:33.222-0400] {logging_mixin.py:137} INFO - [2023-03-28T10:40:33.222-0400] {taskmixin.py:211} WARNING - Dependency <Task(_PythonDecoratedOperator): prepare_email>, send_email already registered for DAG: example_dag_decorator
[2023-03-28T10:40:33.222-0400] {logging_mixin.py:137} INFO - [2023-03-28T10:40:33.222-0400] {taskmixin.py:211} WARNING - Dependency <Task(EmailOperator): send_email>, prepare_email already registered for DAG: example_dag_decorator
[2023-03-28T10:40:33.287-0400] {processor.py:753} INFO - DAG(s) dict_keys(['example_dag_decorator']) retrieved from /Users/sunanda/Downloads/airflow/py_env/lib/python3.9/site-packages/airflow/example_dags/example_dag_decorator.py
[2023-03-28T10:40:33.638-0400] {logging_mixin.py:137} INFO - [2023-03-28T10:40:33.638-0400] {dag.py:2693} INFO - Sync 1 DAGs
[2023-03-28T10:40:33.654-0400] {logging_mixin.py:137} INFO - [2023-03-28T10:40:33.654-0400] {dag.py:3440} INFO - Setting next_dagrun for example_dag_decorator to None, run_after=None
[2023-03-28T10:40:33.669-0400] {processor.py:175} INFO - Processing /Users/sunanda/Downloads/airflow/py_env/lib/python3.9/site-packages/airflow/example_dags/example_dag_decorator.py took 0.678 seconds
[2023-03-28T10:44:35.068-0400] {processor.py:153} INFO - Started process (PID=95904) to work on /Users/sunanda/Downloads/airflow/py_env/lib/python3.9/site-packages/airflow/example_dags/example_dag_decorator.py
[2023-03-28T10:44:35.072-0400] {processor.py:743} INFO - Processing file /Users/sunanda/Downloads/airflow/py_env/lib/python3.9/site-packages/airflow/example_dags/example_dag_decorator.py for tasks to queue
[2023-03-28T10:44:35.072-0400] {logging_mixin.py:137} INFO - [2023-03-28T10:44:35.072-0400] {dagbag.py:532} INFO - Filling up the DagBag from /Users/sunanda/Downloads/airflow/py_env/lib/python3.9/site-packages/airflow/example_dags/example_dag_decorator.py
[2023-03-28T10:44:35.190-0400] {logging_mixin.py:137} INFO - [2023-03-28T10:44:35.190-0400] {taskmixin.py:211} WARNING - Dependency <Task(_PythonDecoratedOperator): prepare_email>, send_email already registered for DAG: example_dag_decorator
[2023-03-28T10:44:35.190-0400] {logging_mixin.py:137} INFO - [2023-03-28T10:44:35.190-0400] {taskmixin.py:211} WARNING - Dependency <Task(EmailOperator): send_email>, prepare_email already registered for DAG: example_dag_decorator
[2023-03-28T10:44:35.256-0400] {processor.py:753} INFO - DAG(s) dict_keys(['example_dag_decorator']) retrieved from /Users/sunanda/Downloads/airflow/py_env/lib/python3.9/site-packages/airflow/example_dags/example_dag_decorator.py
[2023-03-28T10:44:35.619-0400] {logging_mixin.py:137} INFO - [2023-03-28T10:44:35.599-0400] {dag.py:2693} INFO - Sync 1 DAGs
[2023-03-28T10:44:35.640-0400] {logging_mixin.py:137} INFO - [2023-03-28T10:44:35.640-0400] {dag.py:3440} INFO - Setting next_dagrun for example_dag_decorator to None, run_after=None
[2023-03-28T10:44:35.790-0400] {processor.py:175} INFO - Processing /Users/sunanda/Downloads/airflow/py_env/lib/python3.9/site-packages/airflow/example_dags/example_dag_decorator.py took 0.723 seconds
[2023-03-28T10:48:42.652-0400] {processor.py:153} INFO - Started process (PID=96505) to work on /Users/sunanda/Downloads/airflow/py_env/lib/python3.9/site-packages/airflow/example_dags/example_dag_decorator.py
[2023-03-28T10:48:42.665-0400] {processor.py:743} INFO - Processing file /Users/sunanda/Downloads/airflow/py_env/lib/python3.9/site-packages/airflow/example_dags/example_dag_decorator.py for tasks to queue
[2023-03-28T10:48:42.666-0400] {logging_mixin.py:137} INFO - [2023-03-28T10:48:42.666-0400] {dagbag.py:532} INFO - Filling up the DagBag from /Users/sunanda/Downloads/airflow/py_env/lib/python3.9/site-packages/airflow/example_dags/example_dag_decorator.py
[2023-03-28T10:48:42.858-0400] {logging_mixin.py:137} INFO - [2023-03-28T10:48:42.858-0400] {taskmixin.py:211} WARNING - Dependency <Task(_PythonDecoratedOperator): prepare_email>, send_email already registered for DAG: example_dag_decorator
[2023-03-28T10:48:42.858-0400] {logging_mixin.py:137} INFO - [2023-03-28T10:48:42.858-0400] {taskmixin.py:211} WARNING - Dependency <Task(EmailOperator): send_email>, prepare_email already registered for DAG: example_dag_decorator
[2023-03-28T10:48:42.953-0400] {processor.py:753} INFO - DAG(s) dict_keys(['example_dag_decorator']) retrieved from /Users/sunanda/Downloads/airflow/py_env/lib/python3.9/site-packages/airflow/example_dags/example_dag_decorator.py
[2023-03-28T10:48:43.600-0400] {logging_mixin.py:137} INFO - [2023-03-28T10:48:43.599-0400] {dag.py:2693} INFO - Sync 1 DAGs
[2023-03-28T10:48:43.610-0400] {logging_mixin.py:137} INFO - [2023-03-28T10:48:43.609-0400] {dag.py:3440} INFO - Setting next_dagrun for example_dag_decorator to None, run_after=None
[2023-03-28T10:48:43.620-0400] {processor.py:175} INFO - Processing /Users/sunanda/Downloads/airflow/py_env/lib/python3.9/site-packages/airflow/example_dags/example_dag_decorator.py took 0.971 seconds
[2023-03-28T10:52:53.074-0400] {processor.py:153} INFO - Started process (PID=96950) to work on /Users/sunanda/Downloads/airflow/py_env/lib/python3.9/site-packages/airflow/example_dags/example_dag_decorator.py
[2023-03-28T10:52:53.077-0400] {processor.py:743} INFO - Processing file /Users/sunanda/Downloads/airflow/py_env/lib/python3.9/site-packages/airflow/example_dags/example_dag_decorator.py for tasks to queue
[2023-03-28T10:52:53.077-0400] {logging_mixin.py:137} INFO - [2023-03-28T10:52:53.077-0400] {dagbag.py:532} INFO - Filling up the DagBag from /Users/sunanda/Downloads/airflow/py_env/lib/python3.9/site-packages/airflow/example_dags/example_dag_decorator.py
[2023-03-28T10:52:53.335-0400] {logging_mixin.py:137} INFO - [2023-03-28T10:52:53.335-0400] {taskmixin.py:211} WARNING - Dependency <Task(_PythonDecoratedOperator): prepare_email>, send_email already registered for DAG: example_dag_decorator
[2023-03-28T10:52:53.335-0400] {logging_mixin.py:137} INFO - [2023-03-28T10:52:53.335-0400] {taskmixin.py:211} WARNING - Dependency <Task(EmailOperator): send_email>, prepare_email already registered for DAG: example_dag_decorator
[2023-03-28T10:52:53.393-0400] {processor.py:753} INFO - DAG(s) dict_keys(['example_dag_decorator']) retrieved from /Users/sunanda/Downloads/airflow/py_env/lib/python3.9/site-packages/airflow/example_dags/example_dag_decorator.py
[2023-03-28T10:52:53.676-0400] {logging_mixin.py:137} INFO - [2023-03-28T10:52:53.676-0400] {dag.py:2693} INFO - Sync 1 DAGs
[2023-03-28T10:52:53.690-0400] {logging_mixin.py:137} INFO - [2023-03-28T10:52:53.690-0400] {dag.py:3440} INFO - Setting next_dagrun for example_dag_decorator to None, run_after=None
[2023-03-28T10:52:53.716-0400] {processor.py:175} INFO - Processing /Users/sunanda/Downloads/airflow/py_env/lib/python3.9/site-packages/airflow/example_dags/example_dag_decorator.py took 0.643 seconds
[2023-03-28T10:56:20.445-0400] {processor.py:153} INFO - Started process (PID=97225) to work on /Users/sunanda/Downloads/airflow/py_env/lib/python3.9/site-packages/airflow/example_dags/example_dag_decorator.py
[2023-03-28T10:56:20.448-0400] {processor.py:743} INFO - Processing file /Users/sunanda/Downloads/airflow/py_env/lib/python3.9/site-packages/airflow/example_dags/example_dag_decorator.py for tasks to queue
[2023-03-28T10:56:20.449-0400] {logging_mixin.py:137} INFO - [2023-03-28T10:56:20.448-0400] {dagbag.py:532} INFO - Filling up the DagBag from /Users/sunanda/Downloads/airflow/py_env/lib/python3.9/site-packages/airflow/example_dags/example_dag_decorator.py
[2023-03-28T10:56:20.733-0400] {logging_mixin.py:137} INFO - [2023-03-28T10:56:20.733-0400] {taskmixin.py:211} WARNING - Dependency <Task(_PythonDecoratedOperator): prepare_email>, send_email already registered for DAG: example_dag_decorator
[2023-03-28T10:56:20.733-0400] {logging_mixin.py:137} INFO - [2023-03-28T10:56:20.733-0400] {taskmixin.py:211} WARNING - Dependency <Task(EmailOperator): send_email>, prepare_email already registered for DAG: example_dag_decorator
[2023-03-28T10:56:20.816-0400] {processor.py:753} INFO - DAG(s) dict_keys(['example_dag_decorator']) retrieved from /Users/sunanda/Downloads/airflow/py_env/lib/python3.9/site-packages/airflow/example_dags/example_dag_decorator.py
[2023-03-28T10:56:21.091-0400] {logging_mixin.py:137} INFO - [2023-03-28T10:56:21.091-0400] {dag.py:2693} INFO - Sync 1 DAGs
[2023-03-28T10:56:21.098-0400] {logging_mixin.py:137} INFO - [2023-03-28T10:56:21.098-0400] {dag.py:3440} INFO - Setting next_dagrun for example_dag_decorator to None, run_after=None
[2023-03-28T10:56:21.119-0400] {processor.py:175} INFO - Processing /Users/sunanda/Downloads/airflow/py_env/lib/python3.9/site-packages/airflow/example_dags/example_dag_decorator.py took 0.674 seconds
[2023-03-28T11:00:05.757-0400] {processor.py:153} INFO - Started process (PID=97722) to work on /Users/sunanda/Downloads/airflow/py_env/lib/python3.9/site-packages/airflow/example_dags/example_dag_decorator.py
[2023-03-28T11:00:05.799-0400] {processor.py:743} INFO - Processing file /Users/sunanda/Downloads/airflow/py_env/lib/python3.9/site-packages/airflow/example_dags/example_dag_decorator.py for tasks to queue
[2023-03-28T11:00:05.799-0400] {logging_mixin.py:137} INFO - [2023-03-28T11:00:05.799-0400] {dagbag.py:532} INFO - Filling up the DagBag from /Users/sunanda/Downloads/airflow/py_env/lib/python3.9/site-packages/airflow/example_dags/example_dag_decorator.py
[2023-03-28T11:00:05.954-0400] {logging_mixin.py:137} INFO - [2023-03-28T11:00:05.954-0400] {taskmixin.py:211} WARNING - Dependency <Task(_PythonDecoratedOperator): prepare_email>, send_email already registered for DAG: example_dag_decorator
[2023-03-28T11:00:05.954-0400] {logging_mixin.py:137} INFO - [2023-03-28T11:00:05.954-0400] {taskmixin.py:211} WARNING - Dependency <Task(EmailOperator): send_email>, prepare_email already registered for DAG: example_dag_decorator
[2023-03-28T11:00:06.028-0400] {processor.py:753} INFO - DAG(s) dict_keys(['example_dag_decorator']) retrieved from /Users/sunanda/Downloads/airflow/py_env/lib/python3.9/site-packages/airflow/example_dags/example_dag_decorator.py
[2023-03-28T11:00:06.358-0400] {logging_mixin.py:137} INFO - [2023-03-28T11:00:06.358-0400] {dag.py:2693} INFO - Sync 1 DAGs
[2023-03-28T11:00:06.371-0400] {logging_mixin.py:137} INFO - [2023-03-28T11:00:06.371-0400] {dag.py:3440} INFO - Setting next_dagrun for example_dag_decorator to None, run_after=None
[2023-03-28T11:00:06.393-0400] {processor.py:175} INFO - Processing /Users/sunanda/Downloads/airflow/py_env/lib/python3.9/site-packages/airflow/example_dags/example_dag_decorator.py took 0.636 seconds
[2023-03-28T11:03:44.669-0400] {processor.py:153} INFO - Started process (PID=98038) to work on /Users/sunanda/Downloads/airflow/py_env/lib/python3.9/site-packages/airflow/example_dags/example_dag_decorator.py
[2023-03-28T11:03:44.673-0400] {processor.py:743} INFO - Processing file /Users/sunanda/Downloads/airflow/py_env/lib/python3.9/site-packages/airflow/example_dags/example_dag_decorator.py for tasks to queue
[2023-03-28T11:03:44.673-0400] {logging_mixin.py:137} INFO - [2023-03-28T11:03:44.673-0400] {dagbag.py:532} INFO - Filling up the DagBag from /Users/sunanda/Downloads/airflow/py_env/lib/python3.9/site-packages/airflow/example_dags/example_dag_decorator.py
[2023-03-28T11:03:44.844-0400] {logging_mixin.py:137} INFO - [2023-03-28T11:03:44.843-0400] {taskmixin.py:211} WARNING - Dependency <Task(_PythonDecoratedOperator): prepare_email>, send_email already registered for DAG: example_dag_decorator
[2023-03-28T11:03:44.844-0400] {logging_mixin.py:137} INFO - [2023-03-28T11:03:44.844-0400] {taskmixin.py:211} WARNING - Dependency <Task(EmailOperator): send_email>, prepare_email already registered for DAG: example_dag_decorator
[2023-03-28T11:03:44.912-0400] {processor.py:753} INFO - DAG(s) dict_keys(['example_dag_decorator']) retrieved from /Users/sunanda/Downloads/airflow/py_env/lib/python3.9/site-packages/airflow/example_dags/example_dag_decorator.py
[2023-03-28T11:03:45.278-0400] {logging_mixin.py:137} INFO - [2023-03-28T11:03:45.277-0400] {dag.py:2693} INFO - Sync 1 DAGs
[2023-03-28T11:03:45.302-0400] {logging_mixin.py:137} INFO - [2023-03-28T11:03:45.302-0400] {dag.py:3440} INFO - Setting next_dagrun for example_dag_decorator to None, run_after=None
[2023-03-28T11:03:45.319-0400] {processor.py:175} INFO - Processing /Users/sunanda/Downloads/airflow/py_env/lib/python3.9/site-packages/airflow/example_dags/example_dag_decorator.py took 0.653 seconds
[2023-03-28T11:07:25.312-0400] {processor.py:153} INFO - Started process (PID=98333) to work on /Users/sunanda/Downloads/airflow/py_env/lib/python3.9/site-packages/airflow/example_dags/example_dag_decorator.py
[2023-03-28T11:07:25.315-0400] {processor.py:743} INFO - Processing file /Users/sunanda/Downloads/airflow/py_env/lib/python3.9/site-packages/airflow/example_dags/example_dag_decorator.py for tasks to queue
[2023-03-28T11:07:25.316-0400] {logging_mixin.py:137} INFO - [2023-03-28T11:07:25.316-0400] {dagbag.py:532} INFO - Filling up the DagBag from /Users/sunanda/Downloads/airflow/py_env/lib/python3.9/site-packages/airflow/example_dags/example_dag_decorator.py
[2023-03-28T11:07:25.429-0400] {logging_mixin.py:137} INFO - [2023-03-28T11:07:25.429-0400] {taskmixin.py:211} WARNING - Dependency <Task(_PythonDecoratedOperator): prepare_email>, send_email already registered for DAG: example_dag_decorator
[2023-03-28T11:07:25.429-0400] {logging_mixin.py:137} INFO - [2023-03-28T11:07:25.429-0400] {taskmixin.py:211} WARNING - Dependency <Task(EmailOperator): send_email>, prepare_email already registered for DAG: example_dag_decorator
[2023-03-28T11:07:25.503-0400] {processor.py:753} INFO - DAG(s) dict_keys(['example_dag_decorator']) retrieved from /Users/sunanda/Downloads/airflow/py_env/lib/python3.9/site-packages/airflow/example_dags/example_dag_decorator.py
[2023-03-28T11:07:25.763-0400] {logging_mixin.py:137} INFO - [2023-03-28T11:07:25.763-0400] {dag.py:2693} INFO - Sync 1 DAGs
[2023-03-28T11:07:25.771-0400] {logging_mixin.py:137} INFO - [2023-03-28T11:07:25.771-0400] {dag.py:3440} INFO - Setting next_dagrun for example_dag_decorator to None, run_after=None
[2023-03-28T11:07:25.784-0400] {processor.py:175} INFO - Processing /Users/sunanda/Downloads/airflow/py_env/lib/python3.9/site-packages/airflow/example_dags/example_dag_decorator.py took 0.472 seconds
[2023-03-28T11:11:29.891-0400] {processor.py:153} INFO - Started process (PID=98666) to work on /Users/sunanda/Downloads/airflow/py_env/lib/python3.9/site-packages/airflow/example_dags/example_dag_decorator.py
[2023-03-28T11:11:29.900-0400] {processor.py:743} INFO - Processing file /Users/sunanda/Downloads/airflow/py_env/lib/python3.9/site-packages/airflow/example_dags/example_dag_decorator.py for tasks to queue
[2023-03-28T11:11:29.900-0400] {logging_mixin.py:137} INFO - [2023-03-28T11:11:29.900-0400] {dagbag.py:532} INFO - Filling up the DagBag from /Users/sunanda/Downloads/airflow/py_env/lib/python3.9/site-packages/airflow/example_dags/example_dag_decorator.py
[2023-03-28T11:11:30.127-0400] {logging_mixin.py:137} INFO - [2023-03-28T11:11:30.127-0400] {taskmixin.py:211} WARNING - Dependency <Task(_PythonDecoratedOperator): prepare_email>, send_email already registered for DAG: example_dag_decorator
[2023-03-28T11:11:30.127-0400] {logging_mixin.py:137} INFO - [2023-03-28T11:11:30.127-0400] {taskmixin.py:211} WARNING - Dependency <Task(EmailOperator): send_email>, prepare_email already registered for DAG: example_dag_decorator
[2023-03-28T11:11:30.191-0400] {processor.py:753} INFO - DAG(s) dict_keys(['example_dag_decorator']) retrieved from /Users/sunanda/Downloads/airflow/py_env/lib/python3.9/site-packages/airflow/example_dags/example_dag_decorator.py
[2023-03-28T11:11:30.600-0400] {logging_mixin.py:137} INFO - [2023-03-28T11:11:30.600-0400] {dag.py:2693} INFO - Sync 1 DAGs
[2023-03-28T11:11:30.622-0400] {logging_mixin.py:137} INFO - [2023-03-28T11:11:30.622-0400] {dag.py:3440} INFO - Setting next_dagrun for example_dag_decorator to None, run_after=None
[2023-03-28T11:11:30.658-0400] {processor.py:175} INFO - Processing /Users/sunanda/Downloads/airflow/py_env/lib/python3.9/site-packages/airflow/example_dags/example_dag_decorator.py took 0.769 seconds
[2023-03-28T11:15:19.258-0400] {processor.py:153} INFO - Started process (PID=98963) to work on /Users/sunanda/Downloads/airflow/py_env/lib/python3.9/site-packages/airflow/example_dags/example_dag_decorator.py
[2023-03-28T11:15:19.271-0400] {processor.py:743} INFO - Processing file /Users/sunanda/Downloads/airflow/py_env/lib/python3.9/site-packages/airflow/example_dags/example_dag_decorator.py for tasks to queue
[2023-03-28T11:15:19.271-0400] {logging_mixin.py:137} INFO - [2023-03-28T11:15:19.271-0400] {dagbag.py:532} INFO - Filling up the DagBag from /Users/sunanda/Downloads/airflow/py_env/lib/python3.9/site-packages/airflow/example_dags/example_dag_decorator.py
[2023-03-28T11:15:19.411-0400] {logging_mixin.py:137} INFO - [2023-03-28T11:15:19.411-0400] {taskmixin.py:211} WARNING - Dependency <Task(_PythonDecoratedOperator): prepare_email>, send_email already registered for DAG: example_dag_decorator
[2023-03-28T11:15:19.411-0400] {logging_mixin.py:137} INFO - [2023-03-28T11:15:19.411-0400] {taskmixin.py:211} WARNING - Dependency <Task(EmailOperator): send_email>, prepare_email already registered for DAG: example_dag_decorator
[2023-03-28T11:15:19.468-0400] {processor.py:753} INFO - DAG(s) dict_keys(['example_dag_decorator']) retrieved from /Users/sunanda/Downloads/airflow/py_env/lib/python3.9/site-packages/airflow/example_dags/example_dag_decorator.py
[2023-03-28T11:15:19.940-0400] {logging_mixin.py:137} INFO - [2023-03-28T11:15:19.940-0400] {dag.py:2693} INFO - Sync 1 DAGs
[2023-03-28T11:15:19.946-0400] {logging_mixin.py:137} INFO - [2023-03-28T11:15:19.946-0400] {dag.py:3440} INFO - Setting next_dagrun for example_dag_decorator to None, run_after=None
[2023-03-28T11:15:20.040-0400] {processor.py:175} INFO - Processing /Users/sunanda/Downloads/airflow/py_env/lib/python3.9/site-packages/airflow/example_dags/example_dag_decorator.py took 0.785 seconds
[2023-03-28T11:19:13.177-0400] {processor.py:153} INFO - Started process (PID=99264) to work on /Users/sunanda/Downloads/airflow/py_env/lib/python3.9/site-packages/airflow/example_dags/example_dag_decorator.py
[2023-03-28T11:19:13.194-0400] {processor.py:743} INFO - Processing file /Users/sunanda/Downloads/airflow/py_env/lib/python3.9/site-packages/airflow/example_dags/example_dag_decorator.py for tasks to queue
[2023-03-28T11:19:13.194-0400] {logging_mixin.py:137} INFO - [2023-03-28T11:19:13.194-0400] {dagbag.py:532} INFO - Filling up the DagBag from /Users/sunanda/Downloads/airflow/py_env/lib/python3.9/site-packages/airflow/example_dags/example_dag_decorator.py
[2023-03-28T11:19:13.342-0400] {logging_mixin.py:137} INFO - [2023-03-28T11:19:13.342-0400] {taskmixin.py:211} WARNING - Dependency <Task(_PythonDecoratedOperator): prepare_email>, send_email already registered for DAG: example_dag_decorator
[2023-03-28T11:19:13.342-0400] {logging_mixin.py:137} INFO - [2023-03-28T11:19:13.342-0400] {taskmixin.py:211} WARNING - Dependency <Task(EmailOperator): send_email>, prepare_email already registered for DAG: example_dag_decorator
[2023-03-28T11:19:13.415-0400] {processor.py:753} INFO - DAG(s) dict_keys(['example_dag_decorator']) retrieved from /Users/sunanda/Downloads/airflow/py_env/lib/python3.9/site-packages/airflow/example_dags/example_dag_decorator.py
[2023-03-28T11:19:13.761-0400] {logging_mixin.py:137} INFO - [2023-03-28T11:19:13.761-0400] {dag.py:2693} INFO - Sync 1 DAGs
[2023-03-28T11:19:13.803-0400] {logging_mixin.py:137} INFO - [2023-03-28T11:19:13.803-0400] {dag.py:3440} INFO - Setting next_dagrun for example_dag_decorator to None, run_after=None
[2023-03-28T11:19:13.834-0400] {processor.py:175} INFO - Processing /Users/sunanda/Downloads/airflow/py_env/lib/python3.9/site-packages/airflow/example_dags/example_dag_decorator.py took 0.670 seconds
[2023-03-28T11:23:02.422-0400] {processor.py:153} INFO - Started process (PID=99553) to work on /Users/sunanda/Downloads/airflow/py_env/lib/python3.9/site-packages/airflow/example_dags/example_dag_decorator.py
[2023-03-28T11:23:02.426-0400] {processor.py:743} INFO - Processing file /Users/sunanda/Downloads/airflow/py_env/lib/python3.9/site-packages/airflow/example_dags/example_dag_decorator.py for tasks to queue
[2023-03-28T11:23:02.427-0400] {logging_mixin.py:137} INFO - [2023-03-28T11:23:02.427-0400] {dagbag.py:532} INFO - Filling up the DagBag from /Users/sunanda/Downloads/airflow/py_env/lib/python3.9/site-packages/airflow/example_dags/example_dag_decorator.py
[2023-03-28T11:23:02.620-0400] {logging_mixin.py:137} INFO - [2023-03-28T11:23:02.619-0400] {taskmixin.py:211} WARNING - Dependency <Task(_PythonDecoratedOperator): prepare_email>, send_email already registered for DAG: example_dag_decorator
[2023-03-28T11:23:02.620-0400] {logging_mixin.py:137} INFO - [2023-03-28T11:23:02.620-0400] {taskmixin.py:211} WARNING - Dependency <Task(EmailOperator): send_email>, prepare_email already registered for DAG: example_dag_decorator
[2023-03-28T11:23:02.691-0400] {processor.py:753} INFO - DAG(s) dict_keys(['example_dag_decorator']) retrieved from /Users/sunanda/Downloads/airflow/py_env/lib/python3.9/site-packages/airflow/example_dags/example_dag_decorator.py
[2023-03-28T11:23:03.044-0400] {logging_mixin.py:137} INFO - [2023-03-28T11:23:03.044-0400] {dag.py:2693} INFO - Sync 1 DAGs
[2023-03-28T11:23:03.062-0400] {logging_mixin.py:137} INFO - [2023-03-28T11:23:03.062-0400] {dag.py:3440} INFO - Setting next_dagrun for example_dag_decorator to None, run_after=None
[2023-03-28T11:23:03.077-0400] {processor.py:175} INFO - Processing /Users/sunanda/Downloads/airflow/py_env/lib/python3.9/site-packages/airflow/example_dags/example_dag_decorator.py took 0.657 seconds
[2023-03-28T11:26:58.919-0400] {processor.py:153} INFO - Started process (PID=99857) to work on /Users/sunanda/Downloads/airflow/py_env/lib/python3.9/site-packages/airflow/example_dags/example_dag_decorator.py
[2023-03-28T11:26:58.930-0400] {processor.py:743} INFO - Processing file /Users/sunanda/Downloads/airflow/py_env/lib/python3.9/site-packages/airflow/example_dags/example_dag_decorator.py for tasks to queue
[2023-03-28T11:26:58.931-0400] {logging_mixin.py:137} INFO - [2023-03-28T11:26:58.931-0400] {dagbag.py:532} INFO - Filling up the DagBag from /Users/sunanda/Downloads/airflow/py_env/lib/python3.9/site-packages/airflow/example_dags/example_dag_decorator.py
[2023-03-28T11:26:59.017-0400] {logging_mixin.py:137} INFO - [2023-03-28T11:26:59.017-0400] {taskmixin.py:211} WARNING - Dependency <Task(_PythonDecoratedOperator): prepare_email>, send_email already registered for DAG: example_dag_decorator
[2023-03-28T11:26:59.017-0400] {logging_mixin.py:137} INFO - [2023-03-28T11:26:59.017-0400] {taskmixin.py:211} WARNING - Dependency <Task(EmailOperator): send_email>, prepare_email already registered for DAG: example_dag_decorator
[2023-03-28T11:26:59.153-0400] {processor.py:753} INFO - DAG(s) dict_keys(['example_dag_decorator']) retrieved from /Users/sunanda/Downloads/airflow/py_env/lib/python3.9/site-packages/airflow/example_dags/example_dag_decorator.py
[2023-03-28T11:26:59.690-0400] {logging_mixin.py:137} INFO - [2023-03-28T11:26:59.690-0400] {dag.py:2693} INFO - Sync 1 DAGs
[2023-03-28T11:26:59.730-0400] {logging_mixin.py:137} INFO - [2023-03-28T11:26:59.730-0400] {dag.py:3440} INFO - Setting next_dagrun for example_dag_decorator to None, run_after=None
[2023-03-28T11:26:59.753-0400] {processor.py:175} INFO - Processing /Users/sunanda/Downloads/airflow/py_env/lib/python3.9/site-packages/airflow/example_dags/example_dag_decorator.py took 0.835 seconds
[2023-03-28T11:38:01.333-0400] {processor.py:153} INFO - Started process (PID=407) to work on /Users/sunanda/Downloads/airflow/py_env/lib/python3.9/site-packages/airflow/example_dags/example_dag_decorator.py
[2023-03-28T11:38:01.340-0400] {processor.py:743} INFO - Processing file /Users/sunanda/Downloads/airflow/py_env/lib/python3.9/site-packages/airflow/example_dags/example_dag_decorator.py for tasks to queue
[2023-03-28T11:38:01.340-0400] {logging_mixin.py:137} INFO - [2023-03-28T11:38:01.340-0400] {dagbag.py:532} INFO - Filling up the DagBag from /Users/sunanda/Downloads/airflow/py_env/lib/python3.9/site-packages/airflow/example_dags/example_dag_decorator.py
[2023-03-28T11:38:01.647-0400] {logging_mixin.py:137} INFO - [2023-03-28T11:38:01.647-0400] {taskmixin.py:211} WARNING - Dependency <Task(_PythonDecoratedOperator): prepare_email>, send_email already registered for DAG: example_dag_decorator
[2023-03-28T11:38:01.647-0400] {logging_mixin.py:137} INFO - [2023-03-28T11:38:01.647-0400] {taskmixin.py:211} WARNING - Dependency <Task(EmailOperator): send_email>, prepare_email already registered for DAG: example_dag_decorator
[2023-03-28T11:38:02.293-0400] {processor.py:753} INFO - DAG(s) dict_keys(['example_dag_decorator']) retrieved from /Users/sunanda/Downloads/airflow/py_env/lib/python3.9/site-packages/airflow/example_dags/example_dag_decorator.py
[2023-03-28T11:38:02.933-0400] {logging_mixin.py:137} INFO - [2023-03-28T11:38:02.933-0400] {dag.py:2693} INFO - Sync 1 DAGs
[2023-03-28T11:38:03.083-0400] {logging_mixin.py:137} INFO - [2023-03-28T11:38:03.083-0400] {dag.py:3440} INFO - Setting next_dagrun for example_dag_decorator to None, run_after=None
[2023-03-28T11:38:03.208-0400] {processor.py:175} INFO - Processing /Users/sunanda/Downloads/airflow/py_env/lib/python3.9/site-packages/airflow/example_dags/example_dag_decorator.py took 1.875 seconds
[2023-03-28T11:41:53.352-0400] {processor.py:153} INFO - Started process (PID=810) to work on /Users/sunanda/Downloads/airflow/py_env/lib/python3.9/site-packages/airflow/example_dags/example_dag_decorator.py
[2023-03-28T11:41:53.371-0400] {processor.py:743} INFO - Processing file /Users/sunanda/Downloads/airflow/py_env/lib/python3.9/site-packages/airflow/example_dags/example_dag_decorator.py for tasks to queue
[2023-03-28T11:41:53.371-0400] {logging_mixin.py:137} INFO - [2023-03-28T11:41:53.371-0400] {dagbag.py:532} INFO - Filling up the DagBag from /Users/sunanda/Downloads/airflow/py_env/lib/python3.9/site-packages/airflow/example_dags/example_dag_decorator.py
[2023-03-28T11:41:53.479-0400] {logging_mixin.py:137} INFO - [2023-03-28T11:41:53.478-0400] {taskmixin.py:211} WARNING - Dependency <Task(_PythonDecoratedOperator): prepare_email>, send_email already registered for DAG: example_dag_decorator
[2023-03-28T11:41:53.479-0400] {logging_mixin.py:137} INFO - [2023-03-28T11:41:53.479-0400] {taskmixin.py:211} WARNING - Dependency <Task(EmailOperator): send_email>, prepare_email already registered for DAG: example_dag_decorator
[2023-03-28T11:41:53.559-0400] {processor.py:753} INFO - DAG(s) dict_keys(['example_dag_decorator']) retrieved from /Users/sunanda/Downloads/airflow/py_env/lib/python3.9/site-packages/airflow/example_dags/example_dag_decorator.py
[2023-03-28T11:41:53.845-0400] {logging_mixin.py:137} INFO - [2023-03-28T11:41:53.845-0400] {dag.py:2693} INFO - Sync 1 DAGs
[2023-03-28T11:41:53.857-0400] {logging_mixin.py:137} INFO - [2023-03-28T11:41:53.857-0400] {dag.py:3440} INFO - Setting next_dagrun for example_dag_decorator to None, run_after=None
[2023-03-28T11:41:53.876-0400] {processor.py:175} INFO - Processing /Users/sunanda/Downloads/airflow/py_env/lib/python3.9/site-packages/airflow/example_dags/example_dag_decorator.py took 0.579 seconds
[2023-03-28T11:45:38.534-0400] {processor.py:153} INFO - Started process (PID=1107) to work on /Users/sunanda/Downloads/airflow/py_env/lib/python3.9/site-packages/airflow/example_dags/example_dag_decorator.py
[2023-03-28T11:45:38.556-0400] {processor.py:743} INFO - Processing file /Users/sunanda/Downloads/airflow/py_env/lib/python3.9/site-packages/airflow/example_dags/example_dag_decorator.py for tasks to queue
[2023-03-28T11:45:38.557-0400] {logging_mixin.py:137} INFO - [2023-03-28T11:45:38.556-0400] {dagbag.py:532} INFO - Filling up the DagBag from /Users/sunanda/Downloads/airflow/py_env/lib/python3.9/site-packages/airflow/example_dags/example_dag_decorator.py
[2023-03-28T11:45:38.656-0400] {logging_mixin.py:137} INFO - [2023-03-28T11:45:38.656-0400] {taskmixin.py:211} WARNING - Dependency <Task(_PythonDecoratedOperator): prepare_email>, send_email already registered for DAG: example_dag_decorator
[2023-03-28T11:45:38.656-0400] {logging_mixin.py:137} INFO - [2023-03-28T11:45:38.656-0400] {taskmixin.py:211} WARNING - Dependency <Task(EmailOperator): send_email>, prepare_email already registered for DAG: example_dag_decorator
[2023-03-28T11:45:38.710-0400] {processor.py:753} INFO - DAG(s) dict_keys(['example_dag_decorator']) retrieved from /Users/sunanda/Downloads/airflow/py_env/lib/python3.9/site-packages/airflow/example_dags/example_dag_decorator.py
[2023-03-28T11:45:39.016-0400] {logging_mixin.py:137} INFO - [2023-03-28T11:45:39.014-0400] {dag.py:2693} INFO - Sync 1 DAGs
[2023-03-28T11:45:39.042-0400] {logging_mixin.py:137} INFO - [2023-03-28T11:45:39.042-0400] {dag.py:3440} INFO - Setting next_dagrun for example_dag_decorator to None, run_after=None
[2023-03-28T11:45:39.060-0400] {processor.py:175} INFO - Processing /Users/sunanda/Downloads/airflow/py_env/lib/python3.9/site-packages/airflow/example_dags/example_dag_decorator.py took 0.535 seconds
[2023-03-28T11:49:25.898-0400] {processor.py:153} INFO - Started process (PID=1440) to work on /Users/sunanda/Downloads/airflow/py_env/lib/python3.9/site-packages/airflow/example_dags/example_dag_decorator.py
[2023-03-28T11:49:25.904-0400] {processor.py:743} INFO - Processing file /Users/sunanda/Downloads/airflow/py_env/lib/python3.9/site-packages/airflow/example_dags/example_dag_decorator.py for tasks to queue
[2023-03-28T11:49:25.905-0400] {logging_mixin.py:137} INFO - [2023-03-28T11:49:25.905-0400] {dagbag.py:532} INFO - Filling up the DagBag from /Users/sunanda/Downloads/airflow/py_env/lib/python3.9/site-packages/airflow/example_dags/example_dag_decorator.py
[2023-03-28T11:49:26.769-0400] {logging_mixin.py:137} INFO - [2023-03-28T11:49:26.768-0400] {taskmixin.py:211} WARNING - Dependency <Task(_PythonDecoratedOperator): prepare_email>, send_email already registered for DAG: example_dag_decorator
[2023-03-28T11:49:26.769-0400] {logging_mixin.py:137} INFO - [2023-03-28T11:49:26.769-0400] {taskmixin.py:211} WARNING - Dependency <Task(EmailOperator): send_email>, prepare_email already registered for DAG: example_dag_decorator
[2023-03-28T11:49:26.914-0400] {processor.py:753} INFO - DAG(s) dict_keys(['example_dag_decorator']) retrieved from /Users/sunanda/Downloads/airflow/py_env/lib/python3.9/site-packages/airflow/example_dags/example_dag_decorator.py
[2023-03-28T11:49:27.286-0400] {logging_mixin.py:137} INFO - [2023-03-28T11:49:27.286-0400] {dag.py:2693} INFO - Sync 1 DAGs
[2023-03-28T11:49:27.303-0400] {logging_mixin.py:137} INFO - [2023-03-28T11:49:27.303-0400] {dag.py:3440} INFO - Setting next_dagrun for example_dag_decorator to None, run_after=None
[2023-03-28T11:49:27.325-0400] {processor.py:175} INFO - Processing /Users/sunanda/Downloads/airflow/py_env/lib/python3.9/site-packages/airflow/example_dags/example_dag_decorator.py took 1.427 seconds
[2023-03-28T11:53:46.771-0400] {processor.py:153} INFO - Started process (PID=1846) to work on /Users/sunanda/Downloads/airflow/py_env/lib/python3.9/site-packages/airflow/example_dags/example_dag_decorator.py
[2023-03-28T11:53:46.781-0400] {processor.py:743} INFO - Processing file /Users/sunanda/Downloads/airflow/py_env/lib/python3.9/site-packages/airflow/example_dags/example_dag_decorator.py for tasks to queue
[2023-03-28T11:53:46.781-0400] {logging_mixin.py:137} INFO - [2023-03-28T11:53:46.781-0400] {dagbag.py:532} INFO - Filling up the DagBag from /Users/sunanda/Downloads/airflow/py_env/lib/python3.9/site-packages/airflow/example_dags/example_dag_decorator.py
[2023-03-28T11:53:46.897-0400] {logging_mixin.py:137} INFO - [2023-03-28T11:53:46.896-0400] {taskmixin.py:211} WARNING - Dependency <Task(_PythonDecoratedOperator): prepare_email>, send_email already registered for DAG: example_dag_decorator
[2023-03-28T11:53:46.897-0400] {logging_mixin.py:137} INFO - [2023-03-28T11:53:46.897-0400] {taskmixin.py:211} WARNING - Dependency <Task(EmailOperator): send_email>, prepare_email already registered for DAG: example_dag_decorator
[2023-03-28T11:53:46.948-0400] {processor.py:753} INFO - DAG(s) dict_keys(['example_dag_decorator']) retrieved from /Users/sunanda/Downloads/airflow/py_env/lib/python3.9/site-packages/airflow/example_dags/example_dag_decorator.py
[2023-03-28T11:53:47.225-0400] {logging_mixin.py:137} INFO - [2023-03-28T11:53:47.225-0400] {dag.py:2693} INFO - Sync 1 DAGs
[2023-03-28T11:53:47.246-0400] {logging_mixin.py:137} INFO - [2023-03-28T11:53:47.246-0400] {dag.py:3440} INFO - Setting next_dagrun for example_dag_decorator to None, run_after=None
[2023-03-28T11:53:47.270-0400] {processor.py:175} INFO - Processing /Users/sunanda/Downloads/airflow/py_env/lib/python3.9/site-packages/airflow/example_dags/example_dag_decorator.py took 0.501 seconds
[2023-03-28T11:57:41.579-0400] {processor.py:153} INFO - Started process (PID=2156) to work on /Users/sunanda/Downloads/airflow/py_env/lib/python3.9/site-packages/airflow/example_dags/example_dag_decorator.py
[2023-03-28T11:57:41.584-0400] {processor.py:743} INFO - Processing file /Users/sunanda/Downloads/airflow/py_env/lib/python3.9/site-packages/airflow/example_dags/example_dag_decorator.py for tasks to queue
[2023-03-28T11:57:41.584-0400] {logging_mixin.py:137} INFO - [2023-03-28T11:57:41.584-0400] {dagbag.py:532} INFO - Filling up the DagBag from /Users/sunanda/Downloads/airflow/py_env/lib/python3.9/site-packages/airflow/example_dags/example_dag_decorator.py
[2023-03-28T11:57:41.727-0400] {logging_mixin.py:137} INFO - [2023-03-28T11:57:41.726-0400] {taskmixin.py:211} WARNING - Dependency <Task(_PythonDecoratedOperator): prepare_email>, send_email already registered for DAG: example_dag_decorator
[2023-03-28T11:57:41.727-0400] {logging_mixin.py:137} INFO - [2023-03-28T11:57:41.727-0400] {taskmixin.py:211} WARNING - Dependency <Task(EmailOperator): send_email>, prepare_email already registered for DAG: example_dag_decorator
[2023-03-28T11:57:41.803-0400] {processor.py:753} INFO - DAG(s) dict_keys(['example_dag_decorator']) retrieved from /Users/sunanda/Downloads/airflow/py_env/lib/python3.9/site-packages/airflow/example_dags/example_dag_decorator.py
[2023-03-28T11:57:42.112-0400] {logging_mixin.py:137} INFO - [2023-03-28T11:57:42.112-0400] {dag.py:2693} INFO - Sync 1 DAGs
[2023-03-28T11:57:42.172-0400] {logging_mixin.py:137} INFO - [2023-03-28T11:57:42.172-0400] {dag.py:3440} INFO - Setting next_dagrun for example_dag_decorator to None, run_after=None
[2023-03-28T11:57:42.181-0400] {processor.py:175} INFO - Processing /Users/sunanda/Downloads/airflow/py_env/lib/python3.9/site-packages/airflow/example_dags/example_dag_decorator.py took 0.606 seconds
[2023-03-28T12:01:21.978-0400] {processor.py:153} INFO - Started process (PID=2471) to work on /Users/sunanda/Downloads/airflow/py_env/lib/python3.9/site-packages/airflow/example_dags/example_dag_decorator.py
[2023-03-28T12:01:21.982-0400] {processor.py:743} INFO - Processing file /Users/sunanda/Downloads/airflow/py_env/lib/python3.9/site-packages/airflow/example_dags/example_dag_decorator.py for tasks to queue
[2023-03-28T12:01:21.982-0400] {logging_mixin.py:137} INFO - [2023-03-28T12:01:21.982-0400] {dagbag.py:532} INFO - Filling up the DagBag from /Users/sunanda/Downloads/airflow/py_env/lib/python3.9/site-packages/airflow/example_dags/example_dag_decorator.py
[2023-03-28T12:01:22.058-0400] {logging_mixin.py:137} INFO - [2023-03-28T12:01:22.058-0400] {taskmixin.py:211} WARNING - Dependency <Task(_PythonDecoratedOperator): prepare_email>, send_email already registered for DAG: example_dag_decorator
[2023-03-28T12:01:22.058-0400] {logging_mixin.py:137} INFO - [2023-03-28T12:01:22.058-0400] {taskmixin.py:211} WARNING - Dependency <Task(EmailOperator): send_email>, prepare_email already registered for DAG: example_dag_decorator
[2023-03-28T12:01:22.121-0400] {processor.py:753} INFO - DAG(s) dict_keys(['example_dag_decorator']) retrieved from /Users/sunanda/Downloads/airflow/py_env/lib/python3.9/site-packages/airflow/example_dags/example_dag_decorator.py
[2023-03-28T12:01:22.701-0400] {logging_mixin.py:137} INFO - [2023-03-28T12:01:22.701-0400] {dag.py:2693} INFO - Sync 1 DAGs
[2023-03-28T12:01:22.710-0400] {logging_mixin.py:137} INFO - [2023-03-28T12:01:22.710-0400] {dag.py:3440} INFO - Setting next_dagrun for example_dag_decorator to None, run_after=None
[2023-03-28T12:01:22.730-0400] {processor.py:175} INFO - Processing /Users/sunanda/Downloads/airflow/py_env/lib/python3.9/site-packages/airflow/example_dags/example_dag_decorator.py took 0.752 seconds
[2023-03-28T12:05:16.301-0400] {processor.py:153} INFO - Started process (PID=2818) to work on /Users/sunanda/Downloads/airflow/py_env/lib/python3.9/site-packages/airflow/example_dags/example_dag_decorator.py
[2023-03-28T12:05:16.304-0400] {processor.py:743} INFO - Processing file /Users/sunanda/Downloads/airflow/py_env/lib/python3.9/site-packages/airflow/example_dags/example_dag_decorator.py for tasks to queue
[2023-03-28T12:05:16.304-0400] {logging_mixin.py:137} INFO - [2023-03-28T12:05:16.304-0400] {dagbag.py:532} INFO - Filling up the DagBag from /Users/sunanda/Downloads/airflow/py_env/lib/python3.9/site-packages/airflow/example_dags/example_dag_decorator.py
[2023-03-28T12:05:16.479-0400] {logging_mixin.py:137} INFO - [2023-03-28T12:05:16.479-0400] {taskmixin.py:211} WARNING - Dependency <Task(_PythonDecoratedOperator): prepare_email>, send_email already registered for DAG: example_dag_decorator
[2023-03-28T12:05:16.480-0400] {logging_mixin.py:137} INFO - [2023-03-28T12:05:16.479-0400] {taskmixin.py:211} WARNING - Dependency <Task(EmailOperator): send_email>, prepare_email already registered for DAG: example_dag_decorator
[2023-03-28T12:05:16.604-0400] {processor.py:753} INFO - DAG(s) dict_keys(['example_dag_decorator']) retrieved from /Users/sunanda/Downloads/airflow/py_env/lib/python3.9/site-packages/airflow/example_dags/example_dag_decorator.py
[2023-03-28T12:05:16.958-0400] {logging_mixin.py:137} INFO - [2023-03-28T12:05:16.958-0400] {dag.py:2693} INFO - Sync 1 DAGs
[2023-03-28T12:05:16.973-0400] {logging_mixin.py:137} INFO - [2023-03-28T12:05:16.972-0400] {dag.py:3440} INFO - Setting next_dagrun for example_dag_decorator to None, run_after=None
[2023-03-28T12:05:16.989-0400] {processor.py:175} INFO - Processing /Users/sunanda/Downloads/airflow/py_env/lib/python3.9/site-packages/airflow/example_dags/example_dag_decorator.py took 0.688 seconds
[2023-03-28T12:09:20.370-0400] {processor.py:153} INFO - Started process (PID=3277) to work on /Users/sunanda/Downloads/airflow/py_env/lib/python3.9/site-packages/airflow/example_dags/example_dag_decorator.py
[2023-03-28T12:09:20.382-0400] {processor.py:743} INFO - Processing file /Users/sunanda/Downloads/airflow/py_env/lib/python3.9/site-packages/airflow/example_dags/example_dag_decorator.py for tasks to queue
[2023-03-28T12:09:20.382-0400] {logging_mixin.py:137} INFO - [2023-03-28T12:09:20.382-0400] {dagbag.py:532} INFO - Filling up the DagBag from /Users/sunanda/Downloads/airflow/py_env/lib/python3.9/site-packages/airflow/example_dags/example_dag_decorator.py
[2023-03-28T12:09:20.530-0400] {logging_mixin.py:137} INFO - [2023-03-28T12:09:20.530-0400] {taskmixin.py:211} WARNING - Dependency <Task(_PythonDecoratedOperator): prepare_email>, send_email already registered for DAG: example_dag_decorator
[2023-03-28T12:09:20.530-0400] {logging_mixin.py:137} INFO - [2023-03-28T12:09:20.530-0400] {taskmixin.py:211} WARNING - Dependency <Task(EmailOperator): send_email>, prepare_email already registered for DAG: example_dag_decorator
[2023-03-28T12:09:20.601-0400] {processor.py:753} INFO - DAG(s) dict_keys(['example_dag_decorator']) retrieved from /Users/sunanda/Downloads/airflow/py_env/lib/python3.9/site-packages/airflow/example_dags/example_dag_decorator.py
[2023-03-28T12:09:20.997-0400] {logging_mixin.py:137} INFO - [2023-03-28T12:09:20.997-0400] {dag.py:2693} INFO - Sync 1 DAGs
[2023-03-28T12:09:21.010-0400] {logging_mixin.py:137} INFO - [2023-03-28T12:09:21.010-0400] {dag.py:3440} INFO - Setting next_dagrun for example_dag_decorator to None, run_after=None
[2023-03-28T12:09:21.030-0400] {processor.py:175} INFO - Processing /Users/sunanda/Downloads/airflow/py_env/lib/python3.9/site-packages/airflow/example_dags/example_dag_decorator.py took 0.663 seconds
[2023-03-28T12:13:13.795-0400] {processor.py:153} INFO - Started process (PID=3636) to work on /Users/sunanda/Downloads/airflow/py_env/lib/python3.9/site-packages/airflow/example_dags/example_dag_decorator.py
[2023-03-28T12:13:13.802-0400] {processor.py:743} INFO - Processing file /Users/sunanda/Downloads/airflow/py_env/lib/python3.9/site-packages/airflow/example_dags/example_dag_decorator.py for tasks to queue
[2023-03-28T12:13:13.802-0400] {logging_mixin.py:137} INFO - [2023-03-28T12:13:13.802-0400] {dagbag.py:532} INFO - Filling up the DagBag from /Users/sunanda/Downloads/airflow/py_env/lib/python3.9/site-packages/airflow/example_dags/example_dag_decorator.py
[2023-03-28T12:13:13.935-0400] {logging_mixin.py:137} INFO - [2023-03-28T12:13:13.935-0400] {taskmixin.py:211} WARNING - Dependency <Task(_PythonDecoratedOperator): prepare_email>, send_email already registered for DAG: example_dag_decorator
[2023-03-28T12:13:13.936-0400] {logging_mixin.py:137} INFO - [2023-03-28T12:13:13.936-0400] {taskmixin.py:211} WARNING - Dependency <Task(EmailOperator): send_email>, prepare_email already registered for DAG: example_dag_decorator
[2023-03-28T12:13:14.017-0400] {processor.py:753} INFO - DAG(s) dict_keys(['example_dag_decorator']) retrieved from /Users/sunanda/Downloads/airflow/py_env/lib/python3.9/site-packages/airflow/example_dags/example_dag_decorator.py
[2023-03-28T12:13:14.543-0400] {logging_mixin.py:137} INFO - [2023-03-28T12:13:14.543-0400] {dag.py:2693} INFO - Sync 1 DAGs
[2023-03-28T12:13:14.559-0400] {logging_mixin.py:137} INFO - [2023-03-28T12:13:14.559-0400] {dag.py:3440} INFO - Setting next_dagrun for example_dag_decorator to None, run_after=None
[2023-03-28T12:13:14.576-0400] {processor.py:175} INFO - Processing /Users/sunanda/Downloads/airflow/py_env/lib/python3.9/site-packages/airflow/example_dags/example_dag_decorator.py took 0.783 seconds
[2023-03-28T12:15:34.621-0400] {processor.py:153} INFO - Started process (PID=3845) to work on /Users/sunanda/Downloads/airflow/py_env/lib/python3.9/site-packages/airflow/example_dags/example_dag_decorator.py
[2023-03-28T12:15:34.632-0400] {processor.py:743} INFO - Processing file /Users/sunanda/Downloads/airflow/py_env/lib/python3.9/site-packages/airflow/example_dags/example_dag_decorator.py for tasks to queue
[2023-03-28T12:15:34.632-0400] {logging_mixin.py:137} INFO - [2023-03-28T12:15:34.632-0400] {dagbag.py:532} INFO - Filling up the DagBag from /Users/sunanda/Downloads/airflow/py_env/lib/python3.9/site-packages/airflow/example_dags/example_dag_decorator.py
[2023-03-28T12:15:34.738-0400] {logging_mixin.py:137} INFO - [2023-03-28T12:15:34.738-0400] {taskmixin.py:211} WARNING - Dependency <Task(_PythonDecoratedOperator): prepare_email>, send_email already registered for DAG: example_dag_decorator
[2023-03-28T12:15:34.738-0400] {logging_mixin.py:137} INFO - [2023-03-28T12:15:34.738-0400] {taskmixin.py:211} WARNING - Dependency <Task(EmailOperator): send_email>, prepare_email already registered for DAG: example_dag_decorator
[2023-03-28T12:15:34.803-0400] {processor.py:753} INFO - DAG(s) dict_keys(['example_dag_decorator']) retrieved from /Users/sunanda/Downloads/airflow/py_env/lib/python3.9/site-packages/airflow/example_dags/example_dag_decorator.py
[2023-03-28T12:15:35.184-0400] {logging_mixin.py:137} INFO - [2023-03-28T12:15:35.184-0400] {dag.py:2693} INFO - Sync 1 DAGs
[2023-03-28T12:15:35.208-0400] {logging_mixin.py:137} INFO - [2023-03-28T12:15:35.208-0400] {dag.py:3440} INFO - Setting next_dagrun for example_dag_decorator to None, run_after=None
[2023-03-28T12:15:35.228-0400] {processor.py:175} INFO - Processing /Users/sunanda/Downloads/airflow/py_env/lib/python3.9/site-packages/airflow/example_dags/example_dag_decorator.py took 0.608 seconds
[2023-03-28T12:19:20.275-0400] {processor.py:153} INFO - Started process (PID=4184) to work on /Users/sunanda/Downloads/airflow/py_env/lib/python3.9/site-packages/airflow/example_dags/example_dag_decorator.py
[2023-03-28T12:19:20.279-0400] {processor.py:743} INFO - Processing file /Users/sunanda/Downloads/airflow/py_env/lib/python3.9/site-packages/airflow/example_dags/example_dag_decorator.py for tasks to queue
[2023-03-28T12:19:20.279-0400] {logging_mixin.py:137} INFO - [2023-03-28T12:19:20.279-0400] {dagbag.py:532} INFO - Filling up the DagBag from /Users/sunanda/Downloads/airflow/py_env/lib/python3.9/site-packages/airflow/example_dags/example_dag_decorator.py
[2023-03-28T12:19:20.374-0400] {logging_mixin.py:137} INFO - [2023-03-28T12:19:20.374-0400] {taskmixin.py:211} WARNING - Dependency <Task(_PythonDecoratedOperator): prepare_email>, send_email already registered for DAG: example_dag_decorator
[2023-03-28T12:19:20.375-0400] {logging_mixin.py:137} INFO - [2023-03-28T12:19:20.375-0400] {taskmixin.py:211} WARNING - Dependency <Task(EmailOperator): send_email>, prepare_email already registered for DAG: example_dag_decorator
[2023-03-28T12:19:20.439-0400] {processor.py:753} INFO - DAG(s) dict_keys(['example_dag_decorator']) retrieved from /Users/sunanda/Downloads/airflow/py_env/lib/python3.9/site-packages/airflow/example_dags/example_dag_decorator.py
[2023-03-28T12:19:20.729-0400] {logging_mixin.py:137} INFO - [2023-03-28T12:19:20.728-0400] {dag.py:2693} INFO - Sync 1 DAGs
[2023-03-28T12:19:20.740-0400] {logging_mixin.py:137} INFO - [2023-03-28T12:19:20.740-0400] {dag.py:3440} INFO - Setting next_dagrun for example_dag_decorator to None, run_after=None
[2023-03-28T12:19:20.756-0400] {processor.py:175} INFO - Processing /Users/sunanda/Downloads/airflow/py_env/lib/python3.9/site-packages/airflow/example_dags/example_dag_decorator.py took 0.481 seconds
[2023-03-28T12:23:11.905-0400] {processor.py:153} INFO - Started process (PID=4477) to work on /Users/sunanda/Downloads/airflow/py_env/lib/python3.9/site-packages/airflow/example_dags/example_dag_decorator.py
[2023-03-28T12:23:11.912-0400] {processor.py:743} INFO - Processing file /Users/sunanda/Downloads/airflow/py_env/lib/python3.9/site-packages/airflow/example_dags/example_dag_decorator.py for tasks to queue
[2023-03-28T12:23:11.912-0400] {logging_mixin.py:137} INFO - [2023-03-28T12:23:11.912-0400] {dagbag.py:532} INFO - Filling up the DagBag from /Users/sunanda/Downloads/airflow/py_env/lib/python3.9/site-packages/airflow/example_dags/example_dag_decorator.py
[2023-03-28T12:23:12.037-0400] {logging_mixin.py:137} INFO - [2023-03-28T12:23:12.037-0400] {taskmixin.py:211} WARNING - Dependency <Task(_PythonDecoratedOperator): prepare_email>, send_email already registered for DAG: example_dag_decorator
[2023-03-28T12:23:12.037-0400] {logging_mixin.py:137} INFO - [2023-03-28T12:23:12.037-0400] {taskmixin.py:211} WARNING - Dependency <Task(EmailOperator): send_email>, prepare_email already registered for DAG: example_dag_decorator
[2023-03-28T12:23:12.091-0400] {processor.py:753} INFO - DAG(s) dict_keys(['example_dag_decorator']) retrieved from /Users/sunanda/Downloads/airflow/py_env/lib/python3.9/site-packages/airflow/example_dags/example_dag_decorator.py
[2023-03-28T12:23:12.414-0400] {logging_mixin.py:137} INFO - [2023-03-28T12:23:12.414-0400] {dag.py:2693} INFO - Sync 1 DAGs
[2023-03-28T12:23:12.425-0400] {logging_mixin.py:137} INFO - [2023-03-28T12:23:12.425-0400] {dag.py:3440} INFO - Setting next_dagrun for example_dag_decorator to None, run_after=None
[2023-03-28T12:23:12.442-0400] {processor.py:175} INFO - Processing /Users/sunanda/Downloads/airflow/py_env/lib/python3.9/site-packages/airflow/example_dags/example_dag_decorator.py took 0.559 seconds
[2023-03-28T12:30:01.270-0400] {processor.py:153} INFO - Started process (PID=4826) to work on /Users/sunanda/Downloads/airflow/py_env/lib/python3.9/site-packages/airflow/example_dags/example_dag_decorator.py
[2023-03-28T12:30:01.277-0400] {processor.py:743} INFO - Processing file /Users/sunanda/Downloads/airflow/py_env/lib/python3.9/site-packages/airflow/example_dags/example_dag_decorator.py for tasks to queue
[2023-03-28T12:30:01.278-0400] {logging_mixin.py:137} INFO - [2023-03-28T12:30:01.277-0400] {dagbag.py:532} INFO - Filling up the DagBag from /Users/sunanda/Downloads/airflow/py_env/lib/python3.9/site-packages/airflow/example_dags/example_dag_decorator.py
[2023-03-28T12:30:01.381-0400] {logging_mixin.py:137} INFO - [2023-03-28T12:30:01.381-0400] {taskmixin.py:211} WARNING - Dependency <Task(_PythonDecoratedOperator): prepare_email>, send_email already registered for DAG: example_dag_decorator
[2023-03-28T12:30:01.381-0400] {logging_mixin.py:137} INFO - [2023-03-28T12:30:01.381-0400] {taskmixin.py:211} WARNING - Dependency <Task(EmailOperator): send_email>, prepare_email already registered for DAG: example_dag_decorator
[2023-03-28T12:30:01.451-0400] {processor.py:753} INFO - DAG(s) dict_keys(['example_dag_decorator']) retrieved from /Users/sunanda/Downloads/airflow/py_env/lib/python3.9/site-packages/airflow/example_dags/example_dag_decorator.py
[2023-03-28T12:30:01.858-0400] {logging_mixin.py:137} INFO - [2023-03-28T12:30:01.857-0400] {dag.py:2693} INFO - Sync 1 DAGs
[2023-03-28T12:30:01.881-0400] {logging_mixin.py:137} INFO - [2023-03-28T12:30:01.881-0400] {dag.py:3440} INFO - Setting next_dagrun for example_dag_decorator to None, run_after=None
[2023-03-28T12:30:01.898-0400] {processor.py:175} INFO - Processing /Users/sunanda/Downloads/airflow/py_env/lib/python3.9/site-packages/airflow/example_dags/example_dag_decorator.py took 0.631 seconds
