[2023-03-27T23:38:17.648-0400] {processor.py:153} INFO - Started process (PID=79245) to work on /Users/sunanda/Downloads/airflow/py_env/lib/python3.9/site-packages/airflow/example_dags/example_branch_operator.py
[2023-03-27T23:38:17.655-0400] {processor.py:743} INFO - Processing file /Users/sunanda/Downloads/airflow/py_env/lib/python3.9/site-packages/airflow/example_dags/example_branch_operator.py for tasks to queue
[2023-03-27T23:38:17.656-0400] {logging_mixin.py:137} INFO - [2023-03-27T23:38:17.655-0400] {dagbag.py:532} INFO - Filling up the DagBag from /Users/sunanda/Downloads/airflow/py_env/lib/python3.9/site-packages/airflow/example_dags/example_branch_operator.py
[2023-03-27T23:38:17.677-0400] {processor.py:753} INFO - DAG(s) dict_keys(['example_branch_operator']) retrieved from /Users/sunanda/Downloads/airflow/py_env/lib/python3.9/site-packages/airflow/example_dags/example_branch_operator.py
[2023-03-27T23:38:17.972-0400] {logging_mixin.py:137} INFO - [2023-03-27T23:38:17.972-0400] {dag.py:2693} INFO - Sync 1 DAGs
[2023-03-27T23:38:17.979-0400] {logging_mixin.py:137} INFO - [2023-03-27T23:38:17.979-0400] {dag.py:3440} INFO - Setting next_dagrun for example_branch_operator to 2023-03-27T00:00:00+00:00, run_after=2023-03-28T00:00:00+00:00
[2023-03-27T23:38:17.989-0400] {processor.py:175} INFO - Processing /Users/sunanda/Downloads/airflow/py_env/lib/python3.9/site-packages/airflow/example_dags/example_branch_operator.py took 0.343 seconds
[2023-03-27T23:40:07.563-0400] {processor.py:153} INFO - Started process (PID=79428) to work on /Users/sunanda/Downloads/airflow/py_env/lib/python3.9/site-packages/airflow/example_dags/example_branch_operator.py
[2023-03-27T23:40:07.567-0400] {processor.py:743} INFO - Processing file /Users/sunanda/Downloads/airflow/py_env/lib/python3.9/site-packages/airflow/example_dags/example_branch_operator.py for tasks to queue
[2023-03-27T23:40:07.567-0400] {logging_mixin.py:137} INFO - [2023-03-27T23:40:07.567-0400] {dagbag.py:532} INFO - Filling up the DagBag from /Users/sunanda/Downloads/airflow/py_env/lib/python3.9/site-packages/airflow/example_dags/example_branch_operator.py
[2023-03-27T23:40:07.600-0400] {processor.py:753} INFO - DAG(s) dict_keys(['example_branch_operator']) retrieved from /Users/sunanda/Downloads/airflow/py_env/lib/python3.9/site-packages/airflow/example_dags/example_branch_operator.py
[2023-03-27T23:40:07.846-0400] {logging_mixin.py:137} INFO - [2023-03-27T23:40:07.846-0400] {dag.py:2693} INFO - Sync 1 DAGs
[2023-03-27T23:40:07.853-0400] {logging_mixin.py:137} INFO - [2023-03-27T23:40:07.853-0400] {dag.py:3440} INFO - Setting next_dagrun for example_branch_operator to 2023-03-27T00:00:00+00:00, run_after=2023-03-28T00:00:00+00:00
[2023-03-27T23:40:07.860-0400] {processor.py:175} INFO - Processing /Users/sunanda/Downloads/airflow/py_env/lib/python3.9/site-packages/airflow/example_dags/example_branch_operator.py took 0.298 seconds
[2023-03-28T10:11:56.863-0400] {processor.py:153} INFO - Started process (PID=91380) to work on /Users/sunanda/Downloads/airflow/py_env/lib/python3.9/site-packages/airflow/example_dags/example_branch_operator.py
[2023-03-28T10:11:56.872-0400] {processor.py:743} INFO - Processing file /Users/sunanda/Downloads/airflow/py_env/lib/python3.9/site-packages/airflow/example_dags/example_branch_operator.py for tasks to queue
[2023-03-28T10:11:56.872-0400] {logging_mixin.py:137} INFO - [2023-03-28T10:11:56.872-0400] {dagbag.py:532} INFO - Filling up the DagBag from /Users/sunanda/Downloads/airflow/py_env/lib/python3.9/site-packages/airflow/example_dags/example_branch_operator.py
[2023-03-28T10:11:56.924-0400] {processor.py:753} INFO - DAG(s) dict_keys(['example_branch_operator']) retrieved from /Users/sunanda/Downloads/airflow/py_env/lib/python3.9/site-packages/airflow/example_dags/example_branch_operator.py
[2023-03-28T10:11:57.719-0400] {logging_mixin.py:137} INFO - [2023-03-28T10:11:57.719-0400] {dag.py:2693} INFO - Sync 1 DAGs
[2023-03-28T10:11:57.732-0400] {logging_mixin.py:137} INFO - [2023-03-28T10:11:57.732-0400] {dag.py:3440} INFO - Setting next_dagrun for example_branch_operator to 2023-03-27T00:00:00+00:00, run_after=2023-03-28T00:00:00+00:00
[2023-03-28T10:11:57.750-0400] {processor.py:175} INFO - Processing /Users/sunanda/Downloads/airflow/py_env/lib/python3.9/site-packages/airflow/example_dags/example_branch_operator.py took 0.891 seconds
[2023-03-28T10:16:35.986-0400] {processor.py:153} INFO - Started process (PID=91734) to work on /Users/sunanda/Downloads/airflow/py_env/lib/python3.9/site-packages/airflow/example_dags/example_branch_operator.py
[2023-03-28T10:16:35.996-0400] {processor.py:743} INFO - Processing file /Users/sunanda/Downloads/airflow/py_env/lib/python3.9/site-packages/airflow/example_dags/example_branch_operator.py for tasks to queue
[2023-03-28T10:16:35.997-0400] {logging_mixin.py:137} INFO - [2023-03-28T10:16:35.996-0400] {dagbag.py:532} INFO - Filling up the DagBag from /Users/sunanda/Downloads/airflow/py_env/lib/python3.9/site-packages/airflow/example_dags/example_branch_operator.py
[2023-03-28T10:16:36.017-0400] {processor.py:753} INFO - DAG(s) dict_keys(['example_branch_operator']) retrieved from /Users/sunanda/Downloads/airflow/py_env/lib/python3.9/site-packages/airflow/example_dags/example_branch_operator.py
[2023-03-28T10:16:37.031-0400] {logging_mixin.py:137} INFO - [2023-03-28T10:16:37.029-0400] {dag.py:2693} INFO - Sync 1 DAGs
[2023-03-28T10:16:37.079-0400] {logging_mixin.py:137} INFO - [2023-03-28T10:16:37.079-0400] {dag.py:3440} INFO - Setting next_dagrun for example_branch_operator to 2023-03-27T00:00:00+00:00, run_after=2023-03-28T00:00:00+00:00
[2023-03-28T10:16:37.092-0400] {processor.py:175} INFO - Processing /Users/sunanda/Downloads/airflow/py_env/lib/python3.9/site-packages/airflow/example_dags/example_branch_operator.py took 1.107 seconds
[2023-03-28T10:20:48.790-0400] {processor.py:153} INFO - Started process (PID=92070) to work on /Users/sunanda/Downloads/airflow/py_env/lib/python3.9/site-packages/airflow/example_dags/example_branch_operator.py
[2023-03-28T10:20:48.793-0400] {processor.py:743} INFO - Processing file /Users/sunanda/Downloads/airflow/py_env/lib/python3.9/site-packages/airflow/example_dags/example_branch_operator.py for tasks to queue
[2023-03-28T10:20:48.794-0400] {logging_mixin.py:137} INFO - [2023-03-28T10:20:48.794-0400] {dagbag.py:532} INFO - Filling up the DagBag from /Users/sunanda/Downloads/airflow/py_env/lib/python3.9/site-packages/airflow/example_dags/example_branch_operator.py
[2023-03-28T10:20:48.813-0400] {processor.py:753} INFO - DAG(s) dict_keys(['example_branch_operator']) retrieved from /Users/sunanda/Downloads/airflow/py_env/lib/python3.9/site-packages/airflow/example_dags/example_branch_operator.py
[2023-03-28T10:20:49.607-0400] {logging_mixin.py:137} INFO - [2023-03-28T10:20:49.607-0400] {dag.py:2693} INFO - Sync 1 DAGs
[2023-03-28T10:20:49.633-0400] {logging_mixin.py:137} INFO - [2023-03-28T10:20:49.632-0400] {dag.py:3440} INFO - Setting next_dagrun for example_branch_operator to 2023-03-27T00:00:00+00:00, run_after=2023-03-28T00:00:00+00:00
[2023-03-28T10:20:49.668-0400] {processor.py:175} INFO - Processing /Users/sunanda/Downloads/airflow/py_env/lib/python3.9/site-packages/airflow/example_dags/example_branch_operator.py took 0.878 seconds
[2023-03-28T10:24:58.595-0400] {processor.py:153} INFO - Started process (PID=92480) to work on /Users/sunanda/Downloads/airflow/py_env/lib/python3.9/site-packages/airflow/example_dags/example_branch_operator.py
[2023-03-28T10:24:58.598-0400] {processor.py:743} INFO - Processing file /Users/sunanda/Downloads/airflow/py_env/lib/python3.9/site-packages/airflow/example_dags/example_branch_operator.py for tasks to queue
[2023-03-28T10:24:58.598-0400] {logging_mixin.py:137} INFO - [2023-03-28T10:24:58.598-0400] {dagbag.py:532} INFO - Filling up the DagBag from /Users/sunanda/Downloads/airflow/py_env/lib/python3.9/site-packages/airflow/example_dags/example_branch_operator.py
[2023-03-28T10:24:58.632-0400] {processor.py:753} INFO - DAG(s) dict_keys(['example_branch_operator']) retrieved from /Users/sunanda/Downloads/airflow/py_env/lib/python3.9/site-packages/airflow/example_dags/example_branch_operator.py
[2023-03-28T10:24:59.165-0400] {logging_mixin.py:137} INFO - [2023-03-28T10:24:59.164-0400] {dag.py:2693} INFO - Sync 1 DAGs
[2023-03-28T10:24:59.180-0400] {logging_mixin.py:137} INFO - [2023-03-28T10:24:59.180-0400] {dag.py:3440} INFO - Setting next_dagrun for example_branch_operator to 2023-03-27T00:00:00+00:00, run_after=2023-03-28T00:00:00+00:00
[2023-03-28T10:24:59.202-0400] {processor.py:175} INFO - Processing /Users/sunanda/Downloads/airflow/py_env/lib/python3.9/site-packages/airflow/example_dags/example_branch_operator.py took 0.607 seconds
[2023-03-28T10:29:27.974-0400] {processor.py:153} INFO - Started process (PID=93011) to work on /Users/sunanda/Downloads/airflow/py_env/lib/python3.9/site-packages/airflow/example_dags/example_branch_operator.py
[2023-03-28T10:29:27.977-0400] {processor.py:743} INFO - Processing file /Users/sunanda/Downloads/airflow/py_env/lib/python3.9/site-packages/airflow/example_dags/example_branch_operator.py for tasks to queue
[2023-03-28T10:29:27.977-0400] {logging_mixin.py:137} INFO - [2023-03-28T10:29:27.977-0400] {dagbag.py:532} INFO - Filling up the DagBag from /Users/sunanda/Downloads/airflow/py_env/lib/python3.9/site-packages/airflow/example_dags/example_branch_operator.py
[2023-03-28T10:29:27.996-0400] {processor.py:753} INFO - DAG(s) dict_keys(['example_branch_operator']) retrieved from /Users/sunanda/Downloads/airflow/py_env/lib/python3.9/site-packages/airflow/example_dags/example_branch_operator.py
[2023-03-28T10:29:28.561-0400] {logging_mixin.py:137} INFO - [2023-03-28T10:29:28.561-0400] {dag.py:2693} INFO - Sync 1 DAGs
[2023-03-28T10:29:28.572-0400] {logging_mixin.py:137} INFO - [2023-03-28T10:29:28.572-0400] {dag.py:3440} INFO - Setting next_dagrun for example_branch_operator to 2023-03-27T00:00:00+00:00, run_after=2023-03-28T00:00:00+00:00
[2023-03-28T10:29:28.601-0400] {processor.py:175} INFO - Processing /Users/sunanda/Downloads/airflow/py_env/lib/python3.9/site-packages/airflow/example_dags/example_branch_operator.py took 0.627 seconds
[2023-03-28T10:33:32.551-0400] {processor.py:153} INFO - Started process (PID=93390) to work on /Users/sunanda/Downloads/airflow/py_env/lib/python3.9/site-packages/airflow/example_dags/example_branch_operator.py
[2023-03-28T10:33:32.566-0400] {processor.py:743} INFO - Processing file /Users/sunanda/Downloads/airflow/py_env/lib/python3.9/site-packages/airflow/example_dags/example_branch_operator.py for tasks to queue
[2023-03-28T10:33:32.566-0400] {logging_mixin.py:137} INFO - [2023-03-28T10:33:32.566-0400] {dagbag.py:532} INFO - Filling up the DagBag from /Users/sunanda/Downloads/airflow/py_env/lib/python3.9/site-packages/airflow/example_dags/example_branch_operator.py
[2023-03-28T10:33:32.603-0400] {processor.py:753} INFO - DAG(s) dict_keys(['example_branch_operator']) retrieved from /Users/sunanda/Downloads/airflow/py_env/lib/python3.9/site-packages/airflow/example_dags/example_branch_operator.py
[2023-03-28T10:33:33.111-0400] {logging_mixin.py:137} INFO - [2023-03-28T10:33:33.111-0400] {dag.py:2693} INFO - Sync 1 DAGs
[2023-03-28T10:33:33.119-0400] {logging_mixin.py:137} INFO - [2023-03-28T10:33:33.119-0400] {dag.py:3440} INFO - Setting next_dagrun for example_branch_operator to 2023-03-27T00:00:00+00:00, run_after=2023-03-28T00:00:00+00:00
[2023-03-28T10:33:33.135-0400] {processor.py:175} INFO - Processing /Users/sunanda/Downloads/airflow/py_env/lib/python3.9/site-packages/airflow/example_dags/example_branch_operator.py took 0.585 seconds
[2023-03-28T10:37:46.944-0400] {processor.py:153} INFO - Started process (PID=94873) to work on /Users/sunanda/Downloads/airflow/py_env/lib/python3.9/site-packages/airflow/example_dags/example_branch_operator.py
[2023-03-28T10:37:46.946-0400] {processor.py:743} INFO - Processing file /Users/sunanda/Downloads/airflow/py_env/lib/python3.9/site-packages/airflow/example_dags/example_branch_operator.py for tasks to queue
[2023-03-28T10:37:46.946-0400] {logging_mixin.py:137} INFO - [2023-03-28T10:37:46.946-0400] {dagbag.py:532} INFO - Filling up the DagBag from /Users/sunanda/Downloads/airflow/py_env/lib/python3.9/site-packages/airflow/example_dags/example_branch_operator.py
[2023-03-28T10:37:46.963-0400] {processor.py:753} INFO - DAG(s) dict_keys(['example_branch_operator']) retrieved from /Users/sunanda/Downloads/airflow/py_env/lib/python3.9/site-packages/airflow/example_dags/example_branch_operator.py
[2023-03-28T10:37:47.576-0400] {logging_mixin.py:137} INFO - [2023-03-28T10:37:47.576-0400] {dag.py:2693} INFO - Sync 1 DAGs
[2023-03-28T10:37:47.588-0400] {logging_mixin.py:137} INFO - [2023-03-28T10:37:47.588-0400] {dag.py:3440} INFO - Setting next_dagrun for example_branch_operator to 2023-03-27T00:00:00+00:00, run_after=2023-03-28T00:00:00+00:00
[2023-03-28T10:37:47.617-0400] {processor.py:175} INFO - Processing /Users/sunanda/Downloads/airflow/py_env/lib/python3.9/site-packages/airflow/example_dags/example_branch_operator.py took 0.673 seconds
[2023-03-28T10:42:24.068-0400] {processor.py:153} INFO - Started process (PID=95652) to work on /Users/sunanda/Downloads/airflow/py_env/lib/python3.9/site-packages/airflow/example_dags/example_branch_operator.py
[2023-03-28T10:42:24.084-0400] {processor.py:743} INFO - Processing file /Users/sunanda/Downloads/airflow/py_env/lib/python3.9/site-packages/airflow/example_dags/example_branch_operator.py for tasks to queue
[2023-03-28T10:42:24.084-0400] {logging_mixin.py:137} INFO - [2023-03-28T10:42:24.084-0400] {dagbag.py:532} INFO - Filling up the DagBag from /Users/sunanda/Downloads/airflow/py_env/lib/python3.9/site-packages/airflow/example_dags/example_branch_operator.py
[2023-03-28T10:42:24.129-0400] {processor.py:753} INFO - DAG(s) dict_keys(['example_branch_operator']) retrieved from /Users/sunanda/Downloads/airflow/py_env/lib/python3.9/site-packages/airflow/example_dags/example_branch_operator.py
[2023-03-28T10:42:24.601-0400] {logging_mixin.py:137} INFO - [2023-03-28T10:42:24.600-0400] {dag.py:2693} INFO - Sync 1 DAGs
[2023-03-28T10:42:24.638-0400] {logging_mixin.py:137} INFO - [2023-03-28T10:42:24.638-0400] {dag.py:3440} INFO - Setting next_dagrun for example_branch_operator to 2023-03-27T00:00:00+00:00, run_after=2023-03-28T00:00:00+00:00
[2023-03-28T10:42:24.659-0400] {processor.py:175} INFO - Processing /Users/sunanda/Downloads/airflow/py_env/lib/python3.9/site-packages/airflow/example_dags/example_branch_operator.py took 0.593 seconds
[2023-03-28T10:46:20.368-0400] {processor.py:153} INFO - Started process (PID=96143) to work on /Users/sunanda/Downloads/airflow/py_env/lib/python3.9/site-packages/airflow/example_dags/example_branch_operator.py
[2023-03-28T10:46:20.371-0400] {processor.py:743} INFO - Processing file /Users/sunanda/Downloads/airflow/py_env/lib/python3.9/site-packages/airflow/example_dags/example_branch_operator.py for tasks to queue
[2023-03-28T10:46:20.372-0400] {logging_mixin.py:137} INFO - [2023-03-28T10:46:20.372-0400] {dagbag.py:532} INFO - Filling up the DagBag from /Users/sunanda/Downloads/airflow/py_env/lib/python3.9/site-packages/airflow/example_dags/example_branch_operator.py
[2023-03-28T10:46:20.391-0400] {processor.py:753} INFO - DAG(s) dict_keys(['example_branch_operator']) retrieved from /Users/sunanda/Downloads/airflow/py_env/lib/python3.9/site-packages/airflow/example_dags/example_branch_operator.py
[2023-03-28T10:46:20.776-0400] {logging_mixin.py:137} INFO - [2023-03-28T10:46:20.775-0400] {dag.py:2693} INFO - Sync 1 DAGs
[2023-03-28T10:46:20.791-0400] {logging_mixin.py:137} INFO - [2023-03-28T10:46:20.791-0400] {dag.py:3440} INFO - Setting next_dagrun for example_branch_operator to 2023-03-27T00:00:00+00:00, run_after=2023-03-28T00:00:00+00:00
[2023-03-28T10:46:20.819-0400] {processor.py:175} INFO - Processing /Users/sunanda/Downloads/airflow/py_env/lib/python3.9/site-packages/airflow/example_dags/example_branch_operator.py took 0.467 seconds
[2023-03-28T10:50:28.474-0400] {processor.py:153} INFO - Started process (PID=96655) to work on /Users/sunanda/Downloads/airflow/py_env/lib/python3.9/site-packages/airflow/example_dags/example_branch_operator.py
[2023-03-28T10:50:28.478-0400] {processor.py:743} INFO - Processing file /Users/sunanda/Downloads/airflow/py_env/lib/python3.9/site-packages/airflow/example_dags/example_branch_operator.py for tasks to queue
[2023-03-28T10:50:28.478-0400] {logging_mixin.py:137} INFO - [2023-03-28T10:50:28.478-0400] {dagbag.py:532} INFO - Filling up the DagBag from /Users/sunanda/Downloads/airflow/py_env/lib/python3.9/site-packages/airflow/example_dags/example_branch_operator.py
[2023-03-28T10:50:28.594-0400] {processor.py:753} INFO - DAG(s) dict_keys(['example_branch_operator']) retrieved from /Users/sunanda/Downloads/airflow/py_env/lib/python3.9/site-packages/airflow/example_dags/example_branch_operator.py
[2023-03-28T10:50:29.299-0400] {logging_mixin.py:137} INFO - [2023-03-28T10:50:29.298-0400] {dag.py:2693} INFO - Sync 1 DAGs
[2023-03-28T10:50:29.323-0400] {logging_mixin.py:137} INFO - [2023-03-28T10:50:29.323-0400] {dag.py:3440} INFO - Setting next_dagrun for example_branch_operator to 2023-03-27T00:00:00+00:00, run_after=2023-03-28T00:00:00+00:00
[2023-03-28T10:50:29.347-0400] {processor.py:175} INFO - Processing /Users/sunanda/Downloads/airflow/py_env/lib/python3.9/site-packages/airflow/example_dags/example_branch_operator.py took 0.887 seconds
[2023-03-28T10:54:22.572-0400] {processor.py:153} INFO - Started process (PID=97074) to work on /Users/sunanda/Downloads/airflow/py_env/lib/python3.9/site-packages/airflow/example_dags/example_branch_operator.py
[2023-03-28T10:54:22.575-0400] {processor.py:743} INFO - Processing file /Users/sunanda/Downloads/airflow/py_env/lib/python3.9/site-packages/airflow/example_dags/example_branch_operator.py for tasks to queue
[2023-03-28T10:54:22.575-0400] {logging_mixin.py:137} INFO - [2023-03-28T10:54:22.575-0400] {dagbag.py:532} INFO - Filling up the DagBag from /Users/sunanda/Downloads/airflow/py_env/lib/python3.9/site-packages/airflow/example_dags/example_branch_operator.py
[2023-03-28T10:54:22.597-0400] {processor.py:753} INFO - DAG(s) dict_keys(['example_branch_operator']) retrieved from /Users/sunanda/Downloads/airflow/py_env/lib/python3.9/site-packages/airflow/example_dags/example_branch_operator.py
[2023-03-28T10:54:23.017-0400] {logging_mixin.py:137} INFO - [2023-03-28T10:54:23.017-0400] {dag.py:2693} INFO - Sync 1 DAGs
[2023-03-28T10:54:23.025-0400] {logging_mixin.py:137} INFO - [2023-03-28T10:54:23.025-0400] {dag.py:3440} INFO - Setting next_dagrun for example_branch_operator to 2023-03-27T00:00:00+00:00, run_after=2023-03-28T00:00:00+00:00
[2023-03-28T10:54:23.037-0400] {processor.py:175} INFO - Processing /Users/sunanda/Downloads/airflow/py_env/lib/python3.9/site-packages/airflow/example_dags/example_branch_operator.py took 0.467 seconds
[2023-03-28T10:57:58.665-0400] {processor.py:153} INFO - Started process (PID=97473) to work on /Users/sunanda/Downloads/airflow/py_env/lib/python3.9/site-packages/airflow/example_dags/example_branch_operator.py
[2023-03-28T10:57:58.680-0400] {processor.py:743} INFO - Processing file /Users/sunanda/Downloads/airflow/py_env/lib/python3.9/site-packages/airflow/example_dags/example_branch_operator.py for tasks to queue
[2023-03-28T10:57:58.680-0400] {logging_mixin.py:137} INFO - [2023-03-28T10:57:58.680-0400] {dagbag.py:532} INFO - Filling up the DagBag from /Users/sunanda/Downloads/airflow/py_env/lib/python3.9/site-packages/airflow/example_dags/example_branch_operator.py
[2023-03-28T10:57:58.799-0400] {processor.py:753} INFO - DAG(s) dict_keys(['example_branch_operator']) retrieved from /Users/sunanda/Downloads/airflow/py_env/lib/python3.9/site-packages/airflow/example_dags/example_branch_operator.py
[2023-03-28T10:57:59.432-0400] {logging_mixin.py:137} INFO - [2023-03-28T10:57:59.432-0400] {dag.py:2693} INFO - Sync 1 DAGs
[2023-03-28T10:57:59.441-0400] {logging_mixin.py:137} INFO - [2023-03-28T10:57:59.441-0400] {dag.py:3440} INFO - Setting next_dagrun for example_branch_operator to 2023-03-27T00:00:00+00:00, run_after=2023-03-28T00:00:00+00:00
[2023-03-28T10:57:59.480-0400] {processor.py:175} INFO - Processing /Users/sunanda/Downloads/airflow/py_env/lib/python3.9/site-packages/airflow/example_dags/example_branch_operator.py took 0.818 seconds
[2023-03-28T11:01:46.415-0400] {processor.py:153} INFO - Started process (PID=97872) to work on /Users/sunanda/Downloads/airflow/py_env/lib/python3.9/site-packages/airflow/example_dags/example_branch_operator.py
[2023-03-28T11:01:46.423-0400] {processor.py:743} INFO - Processing file /Users/sunanda/Downloads/airflow/py_env/lib/python3.9/site-packages/airflow/example_dags/example_branch_operator.py for tasks to queue
[2023-03-28T11:01:46.424-0400] {logging_mixin.py:137} INFO - [2023-03-28T11:01:46.424-0400] {dagbag.py:532} INFO - Filling up the DagBag from /Users/sunanda/Downloads/airflow/py_env/lib/python3.9/site-packages/airflow/example_dags/example_branch_operator.py
[2023-03-28T11:01:46.444-0400] {processor.py:753} INFO - DAG(s) dict_keys(['example_branch_operator']) retrieved from /Users/sunanda/Downloads/airflow/py_env/lib/python3.9/site-packages/airflow/example_dags/example_branch_operator.py
[2023-03-28T11:01:46.941-0400] {logging_mixin.py:137} INFO - [2023-03-28T11:01:46.941-0400] {dag.py:2693} INFO - Sync 1 DAGs
[2023-03-28T11:01:46.959-0400] {logging_mixin.py:137} INFO - [2023-03-28T11:01:46.959-0400] {dag.py:3440} INFO - Setting next_dagrun for example_branch_operator to 2023-03-27T00:00:00+00:00, run_after=2023-03-28T00:00:00+00:00
[2023-03-28T11:01:46.980-0400] {processor.py:175} INFO - Processing /Users/sunanda/Downloads/airflow/py_env/lib/python3.9/site-packages/airflow/example_dags/example_branch_operator.py took 0.566 seconds
[2023-03-28T11:05:24.832-0400] {processor.py:153} INFO - Started process (PID=98178) to work on /Users/sunanda/Downloads/airflow/py_env/lib/python3.9/site-packages/airflow/example_dags/example_branch_operator.py
[2023-03-28T11:05:24.838-0400] {processor.py:743} INFO - Processing file /Users/sunanda/Downloads/airflow/py_env/lib/python3.9/site-packages/airflow/example_dags/example_branch_operator.py for tasks to queue
[2023-03-28T11:05:24.838-0400] {logging_mixin.py:137} INFO - [2023-03-28T11:05:24.838-0400] {dagbag.py:532} INFO - Filling up the DagBag from /Users/sunanda/Downloads/airflow/py_env/lib/python3.9/site-packages/airflow/example_dags/example_branch_operator.py
[2023-03-28T11:05:24.856-0400] {processor.py:753} INFO - DAG(s) dict_keys(['example_branch_operator']) retrieved from /Users/sunanda/Downloads/airflow/py_env/lib/python3.9/site-packages/airflow/example_dags/example_branch_operator.py
[2023-03-28T11:05:25.355-0400] {logging_mixin.py:137} INFO - [2023-03-28T11:05:25.350-0400] {dag.py:2693} INFO - Sync 1 DAGs
[2023-03-28T11:05:25.368-0400] {logging_mixin.py:137} INFO - [2023-03-28T11:05:25.368-0400] {dag.py:3440} INFO - Setting next_dagrun for example_branch_operator to 2023-03-27T00:00:00+00:00, run_after=2023-03-28T00:00:00+00:00
[2023-03-28T11:05:25.390-0400] {processor.py:175} INFO - Processing /Users/sunanda/Downloads/airflow/py_env/lib/python3.9/site-packages/airflow/example_dags/example_branch_operator.py took 0.559 seconds
[2023-03-28T11:09:09.091-0400] {processor.py:153} INFO - Started process (PID=98491) to work on /Users/sunanda/Downloads/airflow/py_env/lib/python3.9/site-packages/airflow/example_dags/example_branch_operator.py
[2023-03-28T11:09:09.095-0400] {processor.py:743} INFO - Processing file /Users/sunanda/Downloads/airflow/py_env/lib/python3.9/site-packages/airflow/example_dags/example_branch_operator.py for tasks to queue
[2023-03-28T11:09:09.095-0400] {logging_mixin.py:137} INFO - [2023-03-28T11:09:09.095-0400] {dagbag.py:532} INFO - Filling up the DagBag from /Users/sunanda/Downloads/airflow/py_env/lib/python3.9/site-packages/airflow/example_dags/example_branch_operator.py
[2023-03-28T11:09:09.216-0400] {processor.py:753} INFO - DAG(s) dict_keys(['example_branch_operator']) retrieved from /Users/sunanda/Downloads/airflow/py_env/lib/python3.9/site-packages/airflow/example_dags/example_branch_operator.py
[2023-03-28T11:09:10.137-0400] {logging_mixin.py:137} INFO - [2023-03-28T11:09:10.137-0400] {dag.py:2693} INFO - Sync 1 DAGs
[2023-03-28T11:09:10.159-0400] {logging_mixin.py:137} INFO - [2023-03-28T11:09:10.158-0400] {dag.py:3440} INFO - Setting next_dagrun for example_branch_operator to 2023-03-27T00:00:00+00:00, run_after=2023-03-28T00:00:00+00:00
[2023-03-28T11:09:10.172-0400] {processor.py:175} INFO - Processing /Users/sunanda/Downloads/airflow/py_env/lib/python3.9/site-packages/airflow/example_dags/example_branch_operator.py took 1.081 seconds
[2023-03-28T11:13:12.604-0400] {processor.py:153} INFO - Started process (PID=98799) to work on /Users/sunanda/Downloads/airflow/py_env/lib/python3.9/site-packages/airflow/example_dags/example_branch_operator.py
[2023-03-28T11:13:12.610-0400] {processor.py:743} INFO - Processing file /Users/sunanda/Downloads/airflow/py_env/lib/python3.9/site-packages/airflow/example_dags/example_branch_operator.py for tasks to queue
[2023-03-28T11:13:12.610-0400] {logging_mixin.py:137} INFO - [2023-03-28T11:13:12.610-0400] {dagbag.py:532} INFO - Filling up the DagBag from /Users/sunanda/Downloads/airflow/py_env/lib/python3.9/site-packages/airflow/example_dags/example_branch_operator.py
[2023-03-28T11:13:12.643-0400] {processor.py:753} INFO - DAG(s) dict_keys(['example_branch_operator']) retrieved from /Users/sunanda/Downloads/airflow/py_env/lib/python3.9/site-packages/airflow/example_dags/example_branch_operator.py
[2023-03-28T11:13:13.193-0400] {logging_mixin.py:137} INFO - [2023-03-28T11:13:13.192-0400] {dag.py:2693} INFO - Sync 1 DAGs
[2023-03-28T11:13:13.205-0400] {logging_mixin.py:137} INFO - [2023-03-28T11:13:13.205-0400] {dag.py:3440} INFO - Setting next_dagrun for example_branch_operator to 2023-03-27T00:00:00+00:00, run_after=2023-03-28T00:00:00+00:00
[2023-03-28T11:13:13.221-0400] {processor.py:175} INFO - Processing /Users/sunanda/Downloads/airflow/py_env/lib/python3.9/site-packages/airflow/example_dags/example_branch_operator.py took 0.617 seconds
[2023-03-28T11:17:06.685-0400] {processor.py:153} INFO - Started process (PID=99105) to work on /Users/sunanda/Downloads/airflow/py_env/lib/python3.9/site-packages/airflow/example_dags/example_branch_operator.py
[2023-03-28T11:17:06.701-0400] {processor.py:743} INFO - Processing file /Users/sunanda/Downloads/airflow/py_env/lib/python3.9/site-packages/airflow/example_dags/example_branch_operator.py for tasks to queue
[2023-03-28T11:17:06.702-0400] {logging_mixin.py:137} INFO - [2023-03-28T11:17:06.702-0400] {dagbag.py:532} INFO - Filling up the DagBag from /Users/sunanda/Downloads/airflow/py_env/lib/python3.9/site-packages/airflow/example_dags/example_branch_operator.py
[2023-03-28T11:17:06.759-0400] {processor.py:753} INFO - DAG(s) dict_keys(['example_branch_operator']) retrieved from /Users/sunanda/Downloads/airflow/py_env/lib/python3.9/site-packages/airflow/example_dags/example_branch_operator.py
[2023-03-28T11:17:07.424-0400] {logging_mixin.py:137} INFO - [2023-03-28T11:17:07.424-0400] {dag.py:2693} INFO - Sync 1 DAGs
[2023-03-28T11:17:07.441-0400] {logging_mixin.py:137} INFO - [2023-03-28T11:17:07.441-0400] {dag.py:3440} INFO - Setting next_dagrun for example_branch_operator to 2023-03-27T00:00:00+00:00, run_after=2023-03-28T00:00:00+00:00
[2023-03-28T11:17:07.466-0400] {processor.py:175} INFO - Processing /Users/sunanda/Downloads/airflow/py_env/lib/python3.9/site-packages/airflow/example_dags/example_branch_operator.py took 0.784 seconds
[2023-03-28T11:20:58.470-0400] {processor.py:153} INFO - Started process (PID=99398) to work on /Users/sunanda/Downloads/airflow/py_env/lib/python3.9/site-packages/airflow/example_dags/example_branch_operator.py
[2023-03-28T11:20:58.484-0400] {processor.py:743} INFO - Processing file /Users/sunanda/Downloads/airflow/py_env/lib/python3.9/site-packages/airflow/example_dags/example_branch_operator.py for tasks to queue
[2023-03-28T11:20:58.484-0400] {logging_mixin.py:137} INFO - [2023-03-28T11:20:58.484-0400] {dagbag.py:532} INFO - Filling up the DagBag from /Users/sunanda/Downloads/airflow/py_env/lib/python3.9/site-packages/airflow/example_dags/example_branch_operator.py
[2023-03-28T11:20:58.503-0400] {processor.py:753} INFO - DAG(s) dict_keys(['example_branch_operator']) retrieved from /Users/sunanda/Downloads/airflow/py_env/lib/python3.9/site-packages/airflow/example_dags/example_branch_operator.py
[2023-03-28T11:20:58.882-0400] {logging_mixin.py:137} INFO - [2023-03-28T11:20:58.882-0400] {dag.py:2693} INFO - Sync 1 DAGs
[2023-03-28T11:20:58.890-0400] {logging_mixin.py:137} INFO - [2023-03-28T11:20:58.890-0400] {dag.py:3440} INFO - Setting next_dagrun for example_branch_operator to 2023-03-27T00:00:00+00:00, run_after=2023-03-28T00:00:00+00:00
[2023-03-28T11:20:58.899-0400] {processor.py:175} INFO - Processing /Users/sunanda/Downloads/airflow/py_env/lib/python3.9/site-packages/airflow/example_dags/example_branch_operator.py took 0.432 seconds
[2023-03-28T11:24:49.063-0400] {processor.py:153} INFO - Started process (PID=99691) to work on /Users/sunanda/Downloads/airflow/py_env/lib/python3.9/site-packages/airflow/example_dags/example_branch_operator.py
[2023-03-28T11:24:49.072-0400] {processor.py:743} INFO - Processing file /Users/sunanda/Downloads/airflow/py_env/lib/python3.9/site-packages/airflow/example_dags/example_branch_operator.py for tasks to queue
[2023-03-28T11:24:49.072-0400] {logging_mixin.py:137} INFO - [2023-03-28T11:24:49.072-0400] {dagbag.py:532} INFO - Filling up the DagBag from /Users/sunanda/Downloads/airflow/py_env/lib/python3.9/site-packages/airflow/example_dags/example_branch_operator.py
[2023-03-28T11:24:49.106-0400] {processor.py:753} INFO - DAG(s) dict_keys(['example_branch_operator']) retrieved from /Users/sunanda/Downloads/airflow/py_env/lib/python3.9/site-packages/airflow/example_dags/example_branch_operator.py
[2023-03-28T11:24:49.697-0400] {logging_mixin.py:137} INFO - [2023-03-28T11:24:49.697-0400] {dag.py:2693} INFO - Sync 1 DAGs
[2023-03-28T11:24:49.716-0400] {logging_mixin.py:137} INFO - [2023-03-28T11:24:49.716-0400] {dag.py:3440} INFO - Setting next_dagrun for example_branch_operator to 2023-03-27T00:00:00+00:00, run_after=2023-03-28T00:00:00+00:00
[2023-03-28T11:24:49.734-0400] {processor.py:175} INFO - Processing /Users/sunanda/Downloads/airflow/py_env/lib/python3.9/site-packages/airflow/example_dags/example_branch_operator.py took 0.680 seconds
[2023-03-28T11:29:23.489-0400] {processor.py:153} INFO - Started process (PID=128) to work on /Users/sunanda/Downloads/airflow/py_env/lib/python3.9/site-packages/airflow/example_dags/example_branch_operator.py
[2023-03-28T11:29:23.493-0400] {processor.py:743} INFO - Processing file /Users/sunanda/Downloads/airflow/py_env/lib/python3.9/site-packages/airflow/example_dags/example_branch_operator.py for tasks to queue
[2023-03-28T11:29:23.493-0400] {logging_mixin.py:137} INFO - [2023-03-28T11:29:23.493-0400] {dagbag.py:532} INFO - Filling up the DagBag from /Users/sunanda/Downloads/airflow/py_env/lib/python3.9/site-packages/airflow/example_dags/example_branch_operator.py
[2023-03-28T11:29:23.512-0400] {processor.py:753} INFO - DAG(s) dict_keys(['example_branch_operator']) retrieved from /Users/sunanda/Downloads/airflow/py_env/lib/python3.9/site-packages/airflow/example_dags/example_branch_operator.py
[2023-03-28T11:29:23.963-0400] {logging_mixin.py:137} INFO - [2023-03-28T11:29:23.963-0400] {dag.py:2693} INFO - Sync 1 DAGs
[2023-03-28T11:29:23.977-0400] {logging_mixin.py:137} INFO - [2023-03-28T11:29:23.977-0400] {dag.py:3440} INFO - Setting next_dagrun for example_branch_operator to 2023-03-27T00:00:00+00:00, run_after=2023-03-28T00:00:00+00:00
[2023-03-28T11:29:23.990-0400] {processor.py:175} INFO - Processing /Users/sunanda/Downloads/airflow/py_env/lib/python3.9/site-packages/airflow/example_dags/example_branch_operator.py took 0.501 seconds
[2023-03-28T11:39:52.411-0400] {processor.py:153} INFO - Started process (PID=627) to work on /Users/sunanda/Downloads/airflow/py_env/lib/python3.9/site-packages/airflow/example_dags/example_branch_operator.py
[2023-03-28T11:39:52.421-0400] {processor.py:743} INFO - Processing file /Users/sunanda/Downloads/airflow/py_env/lib/python3.9/site-packages/airflow/example_dags/example_branch_operator.py for tasks to queue
[2023-03-28T11:39:52.422-0400] {logging_mixin.py:137} INFO - [2023-03-28T11:39:52.422-0400] {dagbag.py:532} INFO - Filling up the DagBag from /Users/sunanda/Downloads/airflow/py_env/lib/python3.9/site-packages/airflow/example_dags/example_branch_operator.py
[2023-03-28T11:39:52.477-0400] {processor.py:753} INFO - DAG(s) dict_keys(['example_branch_operator']) retrieved from /Users/sunanda/Downloads/airflow/py_env/lib/python3.9/site-packages/airflow/example_dags/example_branch_operator.py
[2023-03-28T11:39:53.097-0400] {logging_mixin.py:137} INFO - [2023-03-28T11:39:53.097-0400] {dag.py:2693} INFO - Sync 1 DAGs
[2023-03-28T11:39:53.121-0400] {logging_mixin.py:137} INFO - [2023-03-28T11:39:53.120-0400] {dag.py:3440} INFO - Setting next_dagrun for example_branch_operator to 2023-03-27T00:00:00+00:00, run_after=2023-03-28T00:00:00+00:00
[2023-03-28T11:39:53.141-0400] {processor.py:175} INFO - Processing /Users/sunanda/Downloads/airflow/py_env/lib/python3.9/site-packages/airflow/example_dags/example_branch_operator.py took 0.730 seconds
[2023-03-28T11:43:42.312-0400] {processor.py:153} INFO - Started process (PID=955) to work on /Users/sunanda/Downloads/airflow/py_env/lib/python3.9/site-packages/airflow/example_dags/example_branch_operator.py
[2023-03-28T11:43:42.316-0400] {processor.py:743} INFO - Processing file /Users/sunanda/Downloads/airflow/py_env/lib/python3.9/site-packages/airflow/example_dags/example_branch_operator.py for tasks to queue
[2023-03-28T11:43:42.317-0400] {logging_mixin.py:137} INFO - [2023-03-28T11:43:42.317-0400] {dagbag.py:532} INFO - Filling up the DagBag from /Users/sunanda/Downloads/airflow/py_env/lib/python3.9/site-packages/airflow/example_dags/example_branch_operator.py
[2023-03-28T11:43:42.341-0400] {processor.py:753} INFO - DAG(s) dict_keys(['example_branch_operator']) retrieved from /Users/sunanda/Downloads/airflow/py_env/lib/python3.9/site-packages/airflow/example_dags/example_branch_operator.py
[2023-03-28T11:43:42.724-0400] {logging_mixin.py:137} INFO - [2023-03-28T11:43:42.724-0400] {dag.py:2693} INFO - Sync 1 DAGs
[2023-03-28T11:43:42.741-0400] {logging_mixin.py:137} INFO - [2023-03-28T11:43:42.741-0400] {dag.py:3440} INFO - Setting next_dagrun for example_branch_operator to 2023-03-27T00:00:00+00:00, run_after=2023-03-28T00:00:00+00:00
[2023-03-28T11:43:42.763-0400] {processor.py:175} INFO - Processing /Users/sunanda/Downloads/airflow/py_env/lib/python3.9/site-packages/airflow/example_dags/example_branch_operator.py took 0.452 seconds
[2023-03-28T11:47:21.225-0400] {processor.py:153} INFO - Started process (PID=1276) to work on /Users/sunanda/Downloads/airflow/py_env/lib/python3.9/site-packages/airflow/example_dags/example_branch_operator.py
[2023-03-28T11:47:21.240-0400] {processor.py:743} INFO - Processing file /Users/sunanda/Downloads/airflow/py_env/lib/python3.9/site-packages/airflow/example_dags/example_branch_operator.py for tasks to queue
[2023-03-28T11:47:21.241-0400] {logging_mixin.py:137} INFO - [2023-03-28T11:47:21.240-0400] {dagbag.py:532} INFO - Filling up the DagBag from /Users/sunanda/Downloads/airflow/py_env/lib/python3.9/site-packages/airflow/example_dags/example_branch_operator.py
[2023-03-28T11:47:21.277-0400] {processor.py:753} INFO - DAG(s) dict_keys(['example_branch_operator']) retrieved from /Users/sunanda/Downloads/airflow/py_env/lib/python3.9/site-packages/airflow/example_dags/example_branch_operator.py
[2023-03-28T11:47:21.804-0400] {logging_mixin.py:137} INFO - [2023-03-28T11:47:21.804-0400] {dag.py:2693} INFO - Sync 1 DAGs
[2023-03-28T11:47:21.844-0400] {logging_mixin.py:137} INFO - [2023-03-28T11:47:21.844-0400] {dag.py:3440} INFO - Setting next_dagrun for example_branch_operator to 2023-03-27T00:00:00+00:00, run_after=2023-03-28T00:00:00+00:00
[2023-03-28T11:47:21.874-0400] {processor.py:175} INFO - Processing /Users/sunanda/Downloads/airflow/py_env/lib/python3.9/site-packages/airflow/example_dags/example_branch_operator.py took 0.654 seconds
[2023-03-28T11:51:30.321-0400] {processor.py:153} INFO - Started process (PID=1661) to work on /Users/sunanda/Downloads/airflow/py_env/lib/python3.9/site-packages/airflow/example_dags/example_branch_operator.py
[2023-03-28T11:51:30.355-0400] {processor.py:743} INFO - Processing file /Users/sunanda/Downloads/airflow/py_env/lib/python3.9/site-packages/airflow/example_dags/example_branch_operator.py for tasks to queue
[2023-03-28T11:51:30.355-0400] {logging_mixin.py:137} INFO - [2023-03-28T11:51:30.355-0400] {dagbag.py:532} INFO - Filling up the DagBag from /Users/sunanda/Downloads/airflow/py_env/lib/python3.9/site-packages/airflow/example_dags/example_branch_operator.py
[2023-03-28T11:51:30.550-0400] {processor.py:753} INFO - DAG(s) dict_keys(['example_branch_operator']) retrieved from /Users/sunanda/Downloads/airflow/py_env/lib/python3.9/site-packages/airflow/example_dags/example_branch_operator.py
[2023-03-28T11:51:33.923-0400] {logging_mixin.py:137} INFO - [2023-03-28T11:51:33.923-0400] {dag.py:2693} INFO - Sync 1 DAGs
[2023-03-28T11:51:33.957-0400] {logging_mixin.py:137} INFO - [2023-03-28T11:51:33.956-0400] {dag.py:3440} INFO - Setting next_dagrun for example_branch_operator to 2023-03-27T00:00:00+00:00, run_after=2023-03-28T00:00:00+00:00
[2023-03-28T11:51:33.966-0400] {processor.py:175} INFO - Processing /Users/sunanda/Downloads/airflow/py_env/lib/python3.9/site-packages/airflow/example_dags/example_branch_operator.py took 3.654 seconds
[2023-03-28T11:55:37.829-0400] {processor.py:153} INFO - Started process (PID=1996) to work on /Users/sunanda/Downloads/airflow/py_env/lib/python3.9/site-packages/airflow/example_dags/example_branch_operator.py
[2023-03-28T11:55:37.832-0400] {processor.py:743} INFO - Processing file /Users/sunanda/Downloads/airflow/py_env/lib/python3.9/site-packages/airflow/example_dags/example_branch_operator.py for tasks to queue
[2023-03-28T11:55:37.832-0400] {logging_mixin.py:137} INFO - [2023-03-28T11:55:37.832-0400] {dagbag.py:532} INFO - Filling up the DagBag from /Users/sunanda/Downloads/airflow/py_env/lib/python3.9/site-packages/airflow/example_dags/example_branch_operator.py
[2023-03-28T11:55:37.896-0400] {processor.py:753} INFO - DAG(s) dict_keys(['example_branch_operator']) retrieved from /Users/sunanda/Downloads/airflow/py_env/lib/python3.9/site-packages/airflow/example_dags/example_branch_operator.py
[2023-03-28T11:55:38.324-0400] {logging_mixin.py:137} INFO - [2023-03-28T11:55:38.324-0400] {dag.py:2693} INFO - Sync 1 DAGs
[2023-03-28T11:55:38.332-0400] {logging_mixin.py:137} INFO - [2023-03-28T11:55:38.332-0400] {dag.py:3440} INFO - Setting next_dagrun for example_branch_operator to 2023-03-27T00:00:00+00:00, run_after=2023-03-28T00:00:00+00:00
[2023-03-28T11:55:38.351-0400] {processor.py:175} INFO - Processing /Users/sunanda/Downloads/airflow/py_env/lib/python3.9/site-packages/airflow/example_dags/example_branch_operator.py took 0.523 seconds
[2023-03-28T11:59:23.027-0400] {processor.py:153} INFO - Started process (PID=2307) to work on /Users/sunanda/Downloads/airflow/py_env/lib/python3.9/site-packages/airflow/example_dags/example_branch_operator.py
[2023-03-28T11:59:23.041-0400] {processor.py:743} INFO - Processing file /Users/sunanda/Downloads/airflow/py_env/lib/python3.9/site-packages/airflow/example_dags/example_branch_operator.py for tasks to queue
[2023-03-28T11:59:23.041-0400] {logging_mixin.py:137} INFO - [2023-03-28T11:59:23.041-0400] {dagbag.py:532} INFO - Filling up the DagBag from /Users/sunanda/Downloads/airflow/py_env/lib/python3.9/site-packages/airflow/example_dags/example_branch_operator.py
[2023-03-28T11:59:23.063-0400] {processor.py:753} INFO - DAG(s) dict_keys(['example_branch_operator']) retrieved from /Users/sunanda/Downloads/airflow/py_env/lib/python3.9/site-packages/airflow/example_dags/example_branch_operator.py
[2023-03-28T11:59:23.487-0400] {logging_mixin.py:137} INFO - [2023-03-28T11:59:23.486-0400] {dag.py:2693} INFO - Sync 1 DAGs
[2023-03-28T11:59:23.512-0400] {logging_mixin.py:137} INFO - [2023-03-28T11:59:23.512-0400] {dag.py:3440} INFO - Setting next_dagrun for example_branch_operator to 2023-03-27T00:00:00+00:00, run_after=2023-03-28T00:00:00+00:00
[2023-03-28T11:59:23.538-0400] {processor.py:175} INFO - Processing /Users/sunanda/Downloads/airflow/py_env/lib/python3.9/site-packages/airflow/example_dags/example_branch_operator.py took 0.558 seconds
[2023-03-28T12:03:14.251-0400] {processor.py:153} INFO - Started process (PID=2648) to work on /Users/sunanda/Downloads/airflow/py_env/lib/python3.9/site-packages/airflow/example_dags/example_branch_operator.py
[2023-03-28T12:03:14.254-0400] {processor.py:743} INFO - Processing file /Users/sunanda/Downloads/airflow/py_env/lib/python3.9/site-packages/airflow/example_dags/example_branch_operator.py for tasks to queue
[2023-03-28T12:03:14.255-0400] {logging_mixin.py:137} INFO - [2023-03-28T12:03:14.255-0400] {dagbag.py:532} INFO - Filling up the DagBag from /Users/sunanda/Downloads/airflow/py_env/lib/python3.9/site-packages/airflow/example_dags/example_branch_operator.py
[2023-03-28T12:03:14.275-0400] {processor.py:753} INFO - DAG(s) dict_keys(['example_branch_operator']) retrieved from /Users/sunanda/Downloads/airflow/py_env/lib/python3.9/site-packages/airflow/example_dags/example_branch_operator.py
[2023-03-28T12:03:14.770-0400] {logging_mixin.py:137} INFO - [2023-03-28T12:03:14.769-0400] {dag.py:2693} INFO - Sync 1 DAGs
[2023-03-28T12:03:14.786-0400] {logging_mixin.py:137} INFO - [2023-03-28T12:03:14.786-0400] {dag.py:3440} INFO - Setting next_dagrun for example_branch_operator to 2023-03-27T00:00:00+00:00, run_after=2023-03-28T00:00:00+00:00
[2023-03-28T12:03:14.795-0400] {processor.py:175} INFO - Processing /Users/sunanda/Downloads/airflow/py_env/lib/python3.9/site-packages/airflow/example_dags/example_branch_operator.py took 0.545 seconds
[2023-03-28T12:07:03.318-0400] {processor.py:153} INFO - Started process (PID=3000) to work on /Users/sunanda/Downloads/airflow/py_env/lib/python3.9/site-packages/airflow/example_dags/example_branch_operator.py
[2023-03-28T12:07:03.322-0400] {processor.py:743} INFO - Processing file /Users/sunanda/Downloads/airflow/py_env/lib/python3.9/site-packages/airflow/example_dags/example_branch_operator.py for tasks to queue
[2023-03-28T12:07:03.322-0400] {logging_mixin.py:137} INFO - [2023-03-28T12:07:03.322-0400] {dagbag.py:532} INFO - Filling up the DagBag from /Users/sunanda/Downloads/airflow/py_env/lib/python3.9/site-packages/airflow/example_dags/example_branch_operator.py
[2023-03-28T12:07:03.344-0400] {processor.py:753} INFO - DAG(s) dict_keys(['example_branch_operator']) retrieved from /Users/sunanda/Downloads/airflow/py_env/lib/python3.9/site-packages/airflow/example_dags/example_branch_operator.py
[2023-03-28T12:07:03.929-0400] {logging_mixin.py:137} INFO - [2023-03-28T12:07:03.929-0400] {dag.py:2693} INFO - Sync 1 DAGs
[2023-03-28T12:07:03.948-0400] {logging_mixin.py:137} INFO - [2023-03-28T12:07:03.948-0400] {dag.py:3440} INFO - Setting next_dagrun for example_branch_operator to 2023-03-27T00:00:00+00:00, run_after=2023-03-28T00:00:00+00:00
[2023-03-28T12:07:03.968-0400] {processor.py:175} INFO - Processing /Users/sunanda/Downloads/airflow/py_env/lib/python3.9/site-packages/airflow/example_dags/example_branch_operator.py took 0.650 seconds
[2023-03-28T12:11:07.525-0400] {processor.py:153} INFO - Started process (PID=3441) to work on /Users/sunanda/Downloads/airflow/py_env/lib/python3.9/site-packages/airflow/example_dags/example_branch_operator.py
[2023-03-28T12:11:07.529-0400] {processor.py:743} INFO - Processing file /Users/sunanda/Downloads/airflow/py_env/lib/python3.9/site-packages/airflow/example_dags/example_branch_operator.py for tasks to queue
[2023-03-28T12:11:07.529-0400] {logging_mixin.py:137} INFO - [2023-03-28T12:11:07.529-0400] {dagbag.py:532} INFO - Filling up the DagBag from /Users/sunanda/Downloads/airflow/py_env/lib/python3.9/site-packages/airflow/example_dags/example_branch_operator.py
[2023-03-28T12:11:07.554-0400] {processor.py:753} INFO - DAG(s) dict_keys(['example_branch_operator']) retrieved from /Users/sunanda/Downloads/airflow/py_env/lib/python3.9/site-packages/airflow/example_dags/example_branch_operator.py
[2023-03-28T12:11:08.086-0400] {logging_mixin.py:137} INFO - [2023-03-28T12:11:08.085-0400] {dag.py:2693} INFO - Sync 1 DAGs
[2023-03-28T12:11:08.104-0400] {logging_mixin.py:137} INFO - [2023-03-28T12:11:08.104-0400] {dag.py:3440} INFO - Setting next_dagrun for example_branch_operator to 2023-03-27T00:00:00+00:00, run_after=2023-03-28T00:00:00+00:00
[2023-03-28T12:11:08.120-0400] {processor.py:175} INFO - Processing /Users/sunanda/Downloads/airflow/py_env/lib/python3.9/site-packages/airflow/example_dags/example_branch_operator.py took 0.595 seconds
[2023-03-28T12:15:47.555-0400] {processor.py:153} INFO - Started process (PID=3877) to work on /Users/sunanda/Downloads/airflow/py_env/lib/python3.9/site-packages/airflow/example_dags/example_branch_operator.py
[2023-03-28T12:15:47.572-0400] {processor.py:743} INFO - Processing file /Users/sunanda/Downloads/airflow/py_env/lib/python3.9/site-packages/airflow/example_dags/example_branch_operator.py for tasks to queue
[2023-03-28T12:15:47.572-0400] {logging_mixin.py:137} INFO - [2023-03-28T12:15:47.572-0400] {dagbag.py:532} INFO - Filling up the DagBag from /Users/sunanda/Downloads/airflow/py_env/lib/python3.9/site-packages/airflow/example_dags/example_branch_operator.py
[2023-03-28T12:15:47.638-0400] {processor.py:753} INFO - DAG(s) dict_keys(['example_branch_operator']) retrieved from /Users/sunanda/Downloads/airflow/py_env/lib/python3.9/site-packages/airflow/example_dags/example_branch_operator.py
[2023-03-28T12:15:48.332-0400] {logging_mixin.py:137} INFO - [2023-03-28T12:15:48.332-0400] {dag.py:2693} INFO - Sync 1 DAGs
[2023-03-28T12:15:48.349-0400] {logging_mixin.py:137} INFO - [2023-03-28T12:15:48.349-0400] {dag.py:3440} INFO - Setting next_dagrun for example_branch_operator to 2023-03-27T00:00:00+00:00, run_after=2023-03-28T00:00:00+00:00
[2023-03-28T12:15:48.357-0400] {processor.py:175} INFO - Processing /Users/sunanda/Downloads/airflow/py_env/lib/python3.9/site-packages/airflow/example_dags/example_branch_operator.py took 0.805 seconds
[2023-03-28T12:19:33.406-0400] {processor.py:153} INFO - Started process (PID=4200) to work on /Users/sunanda/Downloads/airflow/py_env/lib/python3.9/site-packages/airflow/example_dags/example_branch_operator.py
[2023-03-28T12:19:33.410-0400] {processor.py:743} INFO - Processing file /Users/sunanda/Downloads/airflow/py_env/lib/python3.9/site-packages/airflow/example_dags/example_branch_operator.py for tasks to queue
[2023-03-28T12:19:33.410-0400] {logging_mixin.py:137} INFO - [2023-03-28T12:19:33.410-0400] {dagbag.py:532} INFO - Filling up the DagBag from /Users/sunanda/Downloads/airflow/py_env/lib/python3.9/site-packages/airflow/example_dags/example_branch_operator.py
[2023-03-28T12:19:33.446-0400] {processor.py:753} INFO - DAG(s) dict_keys(['example_branch_operator']) retrieved from /Users/sunanda/Downloads/airflow/py_env/lib/python3.9/site-packages/airflow/example_dags/example_branch_operator.py
[2023-03-28T12:19:34.010-0400] {logging_mixin.py:137} INFO - [2023-03-28T12:19:34.010-0400] {dag.py:2693} INFO - Sync 1 DAGs
[2023-03-28T12:19:34.028-0400] {logging_mixin.py:137} INFO - [2023-03-28T12:19:34.028-0400] {dag.py:3440} INFO - Setting next_dagrun for example_branch_operator to 2023-03-27T00:00:00+00:00, run_after=2023-03-28T00:00:00+00:00
[2023-03-28T12:19:34.048-0400] {processor.py:175} INFO - Processing /Users/sunanda/Downloads/airflow/py_env/lib/python3.9/site-packages/airflow/example_dags/example_branch_operator.py took 0.643 seconds
[2023-03-28T12:23:25.660-0400] {processor.py:153} INFO - Started process (PID=4505) to work on /Users/sunanda/Downloads/airflow/py_env/lib/python3.9/site-packages/airflow/example_dags/example_branch_operator.py
[2023-03-28T12:23:25.676-0400] {processor.py:743} INFO - Processing file /Users/sunanda/Downloads/airflow/py_env/lib/python3.9/site-packages/airflow/example_dags/example_branch_operator.py for tasks to queue
[2023-03-28T12:23:25.676-0400] {logging_mixin.py:137} INFO - [2023-03-28T12:23:25.676-0400] {dagbag.py:532} INFO - Filling up the DagBag from /Users/sunanda/Downloads/airflow/py_env/lib/python3.9/site-packages/airflow/example_dags/example_branch_operator.py
[2023-03-28T12:23:25.738-0400] {processor.py:753} INFO - DAG(s) dict_keys(['example_branch_operator']) retrieved from /Users/sunanda/Downloads/airflow/py_env/lib/python3.9/site-packages/airflow/example_dags/example_branch_operator.py
[2023-03-28T12:23:26.348-0400] {logging_mixin.py:137} INFO - [2023-03-28T12:23:26.348-0400] {dag.py:2693} INFO - Sync 1 DAGs
[2023-03-28T12:23:26.370-0400] {logging_mixin.py:137} INFO - [2023-03-28T12:23:26.370-0400] {dag.py:3440} INFO - Setting next_dagrun for example_branch_operator to 2023-03-27T00:00:00+00:00, run_after=2023-03-28T00:00:00+00:00
[2023-03-28T12:23:26.387-0400] {processor.py:175} INFO - Processing /Users/sunanda/Downloads/airflow/py_env/lib/python3.9/site-packages/airflow/example_dags/example_branch_operator.py took 0.728 seconds
[2023-03-28T12:30:15.873-0400] {processor.py:153} INFO - Started process (PID=4844) to work on /Users/sunanda/Downloads/airflow/py_env/lib/python3.9/site-packages/airflow/example_dags/example_branch_operator.py
[2023-03-28T12:30:15.880-0400] {processor.py:743} INFO - Processing file /Users/sunanda/Downloads/airflow/py_env/lib/python3.9/site-packages/airflow/example_dags/example_branch_operator.py for tasks to queue
[2023-03-28T12:30:15.880-0400] {logging_mixin.py:137} INFO - [2023-03-28T12:30:15.880-0400] {dagbag.py:532} INFO - Filling up the DagBag from /Users/sunanda/Downloads/airflow/py_env/lib/python3.9/site-packages/airflow/example_dags/example_branch_operator.py
[2023-03-28T12:30:15.910-0400] {processor.py:753} INFO - DAG(s) dict_keys(['example_branch_operator']) retrieved from /Users/sunanda/Downloads/airflow/py_env/lib/python3.9/site-packages/airflow/example_dags/example_branch_operator.py
[2023-03-28T12:30:16.311-0400] {logging_mixin.py:137} INFO - [2023-03-28T12:30:16.311-0400] {dag.py:2693} INFO - Sync 1 DAGs
[2023-03-28T12:30:16.325-0400] {logging_mixin.py:137} INFO - [2023-03-28T12:30:16.325-0400] {dag.py:3440} INFO - Setting next_dagrun for example_branch_operator to 2023-03-27T00:00:00+00:00, run_after=2023-03-28T00:00:00+00:00
[2023-03-28T12:30:16.347-0400] {processor.py:175} INFO - Processing /Users/sunanda/Downloads/airflow/py_env/lib/python3.9/site-packages/airflow/example_dags/example_branch_operator.py took 0.476 seconds
