[2023-03-27T23:38:25.803-0400] {processor.py:153} INFO - Started process (PID=79258) to work on /Users/sunanda/Downloads/airflow/py_env/lib/python3.9/site-packages/airflow/example_dags/example_bash_operator.py
[2023-03-27T23:38:25.811-0400] {processor.py:743} INFO - Processing file /Users/sunanda/Downloads/airflow/py_env/lib/python3.9/site-packages/airflow/example_dags/example_bash_operator.py for tasks to queue
[2023-03-27T23:38:25.812-0400] {logging_mixin.py:137} INFO - [2023-03-27T23:38:25.812-0400] {dagbag.py:532} INFO - Filling up the DagBag from /Users/sunanda/Downloads/airflow/py_env/lib/python3.9/site-packages/airflow/example_dags/example_bash_operator.py
[2023-03-27T23:38:25.839-0400] {processor.py:753} INFO - DAG(s) dict_keys(['example_bash_operator']) retrieved from /Users/sunanda/Downloads/airflow/py_env/lib/python3.9/site-packages/airflow/example_dags/example_bash_operator.py
[2023-03-27T23:38:26.110-0400] {logging_mixin.py:137} INFO - [2023-03-27T23:38:26.110-0400] {dag.py:2693} INFO - Sync 1 DAGs
[2023-03-27T23:38:26.117-0400] {logging_mixin.py:137} INFO - [2023-03-27T23:38:26.117-0400] {dag.py:3440} INFO - Setting next_dagrun for example_bash_operator to 2023-03-27T00:00:00+00:00, run_after=2023-03-28T00:00:00+00:00
[2023-03-27T23:38:26.125-0400] {processor.py:175} INFO - Processing /Users/sunanda/Downloads/airflow/py_env/lib/python3.9/site-packages/airflow/example_dags/example_bash_operator.py took 0.324 seconds
[2023-03-27T23:40:15.467-0400] {processor.py:153} INFO - Started process (PID=79440) to work on /Users/sunanda/Downloads/airflow/py_env/lib/python3.9/site-packages/airflow/example_dags/example_bash_operator.py
[2023-03-27T23:40:15.474-0400] {processor.py:743} INFO - Processing file /Users/sunanda/Downloads/airflow/py_env/lib/python3.9/site-packages/airflow/example_dags/example_bash_operator.py for tasks to queue
[2023-03-27T23:40:15.474-0400] {logging_mixin.py:137} INFO - [2023-03-27T23:40:15.474-0400] {dagbag.py:532} INFO - Filling up the DagBag from /Users/sunanda/Downloads/airflow/py_env/lib/python3.9/site-packages/airflow/example_dags/example_bash_operator.py
[2023-03-27T23:40:15.497-0400] {processor.py:753} INFO - DAG(s) dict_keys(['example_bash_operator']) retrieved from /Users/sunanda/Downloads/airflow/py_env/lib/python3.9/site-packages/airflow/example_dags/example_bash_operator.py
[2023-03-27T23:40:15.763-0400] {logging_mixin.py:137} INFO - [2023-03-27T23:40:15.763-0400] {dag.py:2693} INFO - Sync 1 DAGs
[2023-03-27T23:40:15.771-0400] {logging_mixin.py:137} INFO - [2023-03-27T23:40:15.771-0400] {dag.py:3440} INFO - Setting next_dagrun for example_bash_operator to 2023-03-27T00:00:00+00:00, run_after=2023-03-28T00:00:00+00:00
[2023-03-27T23:40:15.779-0400] {processor.py:175} INFO - Processing /Users/sunanda/Downloads/airflow/py_env/lib/python3.9/site-packages/airflow/example_dags/example_bash_operator.py took 0.313 seconds
[2023-03-28T10:12:13.422-0400] {processor.py:153} INFO - Started process (PID=91399) to work on /Users/sunanda/Downloads/airflow/py_env/lib/python3.9/site-packages/airflow/example_dags/example_bash_operator.py
[2023-03-28T10:12:13.429-0400] {processor.py:743} INFO - Processing file /Users/sunanda/Downloads/airflow/py_env/lib/python3.9/site-packages/airflow/example_dags/example_bash_operator.py for tasks to queue
[2023-03-28T10:12:13.430-0400] {logging_mixin.py:137} INFO - [2023-03-28T10:12:13.430-0400] {dagbag.py:532} INFO - Filling up the DagBag from /Users/sunanda/Downloads/airflow/py_env/lib/python3.9/site-packages/airflow/example_dags/example_bash_operator.py
[2023-03-28T10:12:13.481-0400] {processor.py:753} INFO - DAG(s) dict_keys(['example_bash_operator']) retrieved from /Users/sunanda/Downloads/airflow/py_env/lib/python3.9/site-packages/airflow/example_dags/example_bash_operator.py
[2023-03-28T10:12:14.151-0400] {logging_mixin.py:137} INFO - [2023-03-28T10:12:14.151-0400] {dag.py:2693} INFO - Sync 1 DAGs
[2023-03-28T10:12:14.159-0400] {logging_mixin.py:137} INFO - [2023-03-28T10:12:14.159-0400] {dag.py:3440} INFO - Setting next_dagrun for example_bash_operator to 2023-03-27T00:00:00+00:00, run_after=2023-03-28T00:00:00+00:00
[2023-03-28T10:12:14.171-0400] {processor.py:175} INFO - Processing /Users/sunanda/Downloads/airflow/py_env/lib/python3.9/site-packages/airflow/example_dags/example_bash_operator.py took 0.749 seconds
[2023-03-28T10:16:53.158-0400] {processor.py:153} INFO - Started process (PID=91754) to work on /Users/sunanda/Downloads/airflow/py_env/lib/python3.9/site-packages/airflow/example_dags/example_bash_operator.py
[2023-03-28T10:16:53.196-0400] {processor.py:743} INFO - Processing file /Users/sunanda/Downloads/airflow/py_env/lib/python3.9/site-packages/airflow/example_dags/example_bash_operator.py for tasks to queue
[2023-03-28T10:16:53.196-0400] {logging_mixin.py:137} INFO - [2023-03-28T10:16:53.196-0400] {dagbag.py:532} INFO - Filling up the DagBag from /Users/sunanda/Downloads/airflow/py_env/lib/python3.9/site-packages/airflow/example_dags/example_bash_operator.py
[2023-03-28T10:16:53.283-0400] {processor.py:753} INFO - DAG(s) dict_keys(['example_bash_operator']) retrieved from /Users/sunanda/Downloads/airflow/py_env/lib/python3.9/site-packages/airflow/example_dags/example_bash_operator.py
[2023-03-28T10:16:53.982-0400] {logging_mixin.py:137} INFO - [2023-03-28T10:16:53.982-0400] {dag.py:2693} INFO - Sync 1 DAGs
[2023-03-28T10:16:53.990-0400] {logging_mixin.py:137} INFO - [2023-03-28T10:16:53.990-0400] {dag.py:3440} INFO - Setting next_dagrun for example_bash_operator to 2023-03-27T00:00:00+00:00, run_after=2023-03-28T00:00:00+00:00
[2023-03-28T10:16:54.015-0400] {processor.py:175} INFO - Processing /Users/sunanda/Downloads/airflow/py_env/lib/python3.9/site-packages/airflow/example_dags/example_bash_operator.py took 0.857 seconds
[2023-03-28T10:21:03.782-0400] {processor.py:153} INFO - Started process (PID=92128) to work on /Users/sunanda/Downloads/airflow/py_env/lib/python3.9/site-packages/airflow/example_dags/example_bash_operator.py
[2023-03-28T10:21:03.789-0400] {processor.py:743} INFO - Processing file /Users/sunanda/Downloads/airflow/py_env/lib/python3.9/site-packages/airflow/example_dags/example_bash_operator.py for tasks to queue
[2023-03-28T10:21:03.789-0400] {logging_mixin.py:137} INFO - [2023-03-28T10:21:03.789-0400] {dagbag.py:532} INFO - Filling up the DagBag from /Users/sunanda/Downloads/airflow/py_env/lib/python3.9/site-packages/airflow/example_dags/example_bash_operator.py
[2023-03-28T10:21:03.824-0400] {processor.py:753} INFO - DAG(s) dict_keys(['example_bash_operator']) retrieved from /Users/sunanda/Downloads/airflow/py_env/lib/python3.9/site-packages/airflow/example_dags/example_bash_operator.py
[2023-03-28T10:21:04.478-0400] {logging_mixin.py:137} INFO - [2023-03-28T10:21:04.478-0400] {dag.py:2693} INFO - Sync 1 DAGs
[2023-03-28T10:21:04.486-0400] {logging_mixin.py:137} INFO - [2023-03-28T10:21:04.486-0400] {dag.py:3440} INFO - Setting next_dagrun for example_bash_operator to 2023-03-27T00:00:00+00:00, run_after=2023-03-28T00:00:00+00:00
[2023-03-28T10:21:04.495-0400] {processor.py:175} INFO - Processing /Users/sunanda/Downloads/airflow/py_env/lib/python3.9/site-packages/airflow/example_dags/example_bash_operator.py took 0.714 seconds
[2023-03-28T10:25:12.315-0400] {processor.py:153} INFO - Started process (PID=92500) to work on /Users/sunanda/Downloads/airflow/py_env/lib/python3.9/site-packages/airflow/example_dags/example_bash_operator.py
[2023-03-28T10:25:12.319-0400] {processor.py:743} INFO - Processing file /Users/sunanda/Downloads/airflow/py_env/lib/python3.9/site-packages/airflow/example_dags/example_bash_operator.py for tasks to queue
[2023-03-28T10:25:12.319-0400] {logging_mixin.py:137} INFO - [2023-03-28T10:25:12.319-0400] {dagbag.py:532} INFO - Filling up the DagBag from /Users/sunanda/Downloads/airflow/py_env/lib/python3.9/site-packages/airflow/example_dags/example_bash_operator.py
[2023-03-28T10:25:12.368-0400] {processor.py:753} INFO - DAG(s) dict_keys(['example_bash_operator']) retrieved from /Users/sunanda/Downloads/airflow/py_env/lib/python3.9/site-packages/airflow/example_dags/example_bash_operator.py
[2023-03-28T10:25:13.016-0400] {logging_mixin.py:137} INFO - [2023-03-28T10:25:13.016-0400] {dag.py:2693} INFO - Sync 1 DAGs
[2023-03-28T10:25:13.027-0400] {logging_mixin.py:137} INFO - [2023-03-28T10:25:13.027-0400] {dag.py:3440} INFO - Setting next_dagrun for example_bash_operator to 2023-03-27T00:00:00+00:00, run_after=2023-03-28T00:00:00+00:00
[2023-03-28T10:25:13.040-0400] {processor.py:175} INFO - Processing /Users/sunanda/Downloads/airflow/py_env/lib/python3.9/site-packages/airflow/example_dags/example_bash_operator.py took 0.726 seconds
[2023-03-28T10:29:42.275-0400] {processor.py:153} INFO - Started process (PID=93028) to work on /Users/sunanda/Downloads/airflow/py_env/lib/python3.9/site-packages/airflow/example_dags/example_bash_operator.py
[2023-03-28T10:29:42.303-0400] {processor.py:743} INFO - Processing file /Users/sunanda/Downloads/airflow/py_env/lib/python3.9/site-packages/airflow/example_dags/example_bash_operator.py for tasks to queue
[2023-03-28T10:29:42.303-0400] {logging_mixin.py:137} INFO - [2023-03-28T10:29:42.303-0400] {dagbag.py:532} INFO - Filling up the DagBag from /Users/sunanda/Downloads/airflow/py_env/lib/python3.9/site-packages/airflow/example_dags/example_bash_operator.py
[2023-03-28T10:29:42.372-0400] {processor.py:753} INFO - DAG(s) dict_keys(['example_bash_operator']) retrieved from /Users/sunanda/Downloads/airflow/py_env/lib/python3.9/site-packages/airflow/example_dags/example_bash_operator.py
[2023-03-28T10:29:42.840-0400] {logging_mixin.py:137} INFO - [2023-03-28T10:29:42.840-0400] {dag.py:2693} INFO - Sync 1 DAGs
[2023-03-28T10:29:42.850-0400] {logging_mixin.py:137} INFO - [2023-03-28T10:29:42.850-0400] {dag.py:3440} INFO - Setting next_dagrun for example_bash_operator to 2023-03-27T00:00:00+00:00, run_after=2023-03-28T00:00:00+00:00
[2023-03-28T10:29:42.877-0400] {processor.py:175} INFO - Processing /Users/sunanda/Downloads/airflow/py_env/lib/python3.9/site-packages/airflow/example_dags/example_bash_operator.py took 0.602 seconds
[2023-03-28T10:33:46.360-0400] {processor.py:153} INFO - Started process (PID=93407) to work on /Users/sunanda/Downloads/airflow/py_env/lib/python3.9/site-packages/airflow/example_dags/example_bash_operator.py
[2023-03-28T10:33:46.375-0400] {processor.py:743} INFO - Processing file /Users/sunanda/Downloads/airflow/py_env/lib/python3.9/site-packages/airflow/example_dags/example_bash_operator.py for tasks to queue
[2023-03-28T10:33:46.375-0400] {logging_mixin.py:137} INFO - [2023-03-28T10:33:46.375-0400] {dagbag.py:532} INFO - Filling up the DagBag from /Users/sunanda/Downloads/airflow/py_env/lib/python3.9/site-packages/airflow/example_dags/example_bash_operator.py
[2023-03-28T10:33:46.400-0400] {processor.py:753} INFO - DAG(s) dict_keys(['example_bash_operator']) retrieved from /Users/sunanda/Downloads/airflow/py_env/lib/python3.9/site-packages/airflow/example_dags/example_bash_operator.py
[2023-03-28T10:33:46.906-0400] {logging_mixin.py:137} INFO - [2023-03-28T10:33:46.906-0400] {dag.py:2693} INFO - Sync 1 DAGs
[2023-03-28T10:33:46.925-0400] {logging_mixin.py:137} INFO - [2023-03-28T10:33:46.924-0400] {dag.py:3440} INFO - Setting next_dagrun for example_bash_operator to 2023-03-27T00:00:00+00:00, run_after=2023-03-28T00:00:00+00:00
[2023-03-28T10:33:46.957-0400] {processor.py:175} INFO - Processing /Users/sunanda/Downloads/airflow/py_env/lib/python3.9/site-packages/airflow/example_dags/example_bash_operator.py took 0.599 seconds
[2023-03-28T10:38:02.637-0400] {processor.py:153} INFO - Started process (PID=94993) to work on /Users/sunanda/Downloads/airflow/py_env/lib/python3.9/site-packages/airflow/example_dags/example_bash_operator.py
[2023-03-28T10:38:02.644-0400] {processor.py:743} INFO - Processing file /Users/sunanda/Downloads/airflow/py_env/lib/python3.9/site-packages/airflow/example_dags/example_bash_operator.py for tasks to queue
[2023-03-28T10:38:02.644-0400] {logging_mixin.py:137} INFO - [2023-03-28T10:38:02.644-0400] {dagbag.py:532} INFO - Filling up the DagBag from /Users/sunanda/Downloads/airflow/py_env/lib/python3.9/site-packages/airflow/example_dags/example_bash_operator.py
[2023-03-28T10:38:02.672-0400] {processor.py:753} INFO - DAG(s) dict_keys(['example_bash_operator']) retrieved from /Users/sunanda/Downloads/airflow/py_env/lib/python3.9/site-packages/airflow/example_dags/example_bash_operator.py
[2023-03-28T10:38:03.430-0400] {logging_mixin.py:137} INFO - [2023-03-28T10:38:03.430-0400] {dag.py:2693} INFO - Sync 1 DAGs
[2023-03-28T10:38:03.453-0400] {logging_mixin.py:137} INFO - [2023-03-28T10:38:03.452-0400] {dag.py:3440} INFO - Setting next_dagrun for example_bash_operator to 2023-03-27T00:00:00+00:00, run_after=2023-03-28T00:00:00+00:00
[2023-03-28T10:38:03.483-0400] {processor.py:175} INFO - Processing /Users/sunanda/Downloads/airflow/py_env/lib/python3.9/site-packages/airflow/example_dags/example_bash_operator.py took 0.847 seconds
[2023-03-28T10:42:39.029-0400] {processor.py:153} INFO - Started process (PID=95670) to work on /Users/sunanda/Downloads/airflow/py_env/lib/python3.9/site-packages/airflow/example_dags/example_bash_operator.py
[2023-03-28T10:42:39.057-0400] {processor.py:743} INFO - Processing file /Users/sunanda/Downloads/airflow/py_env/lib/python3.9/site-packages/airflow/example_dags/example_bash_operator.py for tasks to queue
[2023-03-28T10:42:39.057-0400] {logging_mixin.py:137} INFO - [2023-03-28T10:42:39.057-0400] {dagbag.py:532} INFO - Filling up the DagBag from /Users/sunanda/Downloads/airflow/py_env/lib/python3.9/site-packages/airflow/example_dags/example_bash_operator.py
[2023-03-28T10:42:39.125-0400] {processor.py:753} INFO - DAG(s) dict_keys(['example_bash_operator']) retrieved from /Users/sunanda/Downloads/airflow/py_env/lib/python3.9/site-packages/airflow/example_dags/example_bash_operator.py
[2023-03-28T10:42:40.078-0400] {logging_mixin.py:137} INFO - [2023-03-28T10:42:40.077-0400] {dag.py:2693} INFO - Sync 1 DAGs
[2023-03-28T10:42:40.134-0400] {logging_mixin.py:137} INFO - [2023-03-28T10:42:40.134-0400] {dag.py:3440} INFO - Setting next_dagrun for example_bash_operator to 2023-03-27T00:00:00+00:00, run_after=2023-03-28T00:00:00+00:00
[2023-03-28T10:42:40.141-0400] {processor.py:175} INFO - Processing /Users/sunanda/Downloads/airflow/py_env/lib/python3.9/site-packages/airflow/example_dags/example_bash_operator.py took 1.114 seconds
[2023-03-28T10:46:35.444-0400] {processor.py:153} INFO - Started process (PID=96201) to work on /Users/sunanda/Downloads/airflow/py_env/lib/python3.9/site-packages/airflow/example_dags/example_bash_operator.py
[2023-03-28T10:46:35.453-0400] {processor.py:743} INFO - Processing file /Users/sunanda/Downloads/airflow/py_env/lib/python3.9/site-packages/airflow/example_dags/example_bash_operator.py for tasks to queue
[2023-03-28T10:46:35.454-0400] {logging_mixin.py:137} INFO - [2023-03-28T10:46:35.454-0400] {dagbag.py:532} INFO - Filling up the DagBag from /Users/sunanda/Downloads/airflow/py_env/lib/python3.9/site-packages/airflow/example_dags/example_bash_operator.py
[2023-03-28T10:46:35.503-0400] {processor.py:753} INFO - DAG(s) dict_keys(['example_bash_operator']) retrieved from /Users/sunanda/Downloads/airflow/py_env/lib/python3.9/site-packages/airflow/example_dags/example_bash_operator.py
[2023-03-28T10:46:35.949-0400] {logging_mixin.py:137} INFO - [2023-03-28T10:46:35.949-0400] {dag.py:2693} INFO - Sync 1 DAGs
[2023-03-28T10:46:35.985-0400] {logging_mixin.py:137} INFO - [2023-03-28T10:46:35.985-0400] {dag.py:3440} INFO - Setting next_dagrun for example_bash_operator to 2023-03-27T00:00:00+00:00, run_after=2023-03-28T00:00:00+00:00
[2023-03-28T10:46:35.996-0400] {processor.py:175} INFO - Processing /Users/sunanda/Downloads/airflow/py_env/lib/python3.9/site-packages/airflow/example_dags/example_bash_operator.py took 0.554 seconds
[2023-03-28T10:50:46.321-0400] {processor.py:153} INFO - Started process (PID=96676) to work on /Users/sunanda/Downloads/airflow/py_env/lib/python3.9/site-packages/airflow/example_dags/example_bash_operator.py
[2023-03-28T10:50:46.324-0400] {processor.py:743} INFO - Processing file /Users/sunanda/Downloads/airflow/py_env/lib/python3.9/site-packages/airflow/example_dags/example_bash_operator.py for tasks to queue
[2023-03-28T10:50:46.324-0400] {logging_mixin.py:137} INFO - [2023-03-28T10:50:46.324-0400] {dagbag.py:532} INFO - Filling up the DagBag from /Users/sunanda/Downloads/airflow/py_env/lib/python3.9/site-packages/airflow/example_dags/example_bash_operator.py
[2023-03-28T10:50:46.358-0400] {processor.py:753} INFO - DAG(s) dict_keys(['example_bash_operator']) retrieved from /Users/sunanda/Downloads/airflow/py_env/lib/python3.9/site-packages/airflow/example_dags/example_bash_operator.py
[2023-03-28T10:50:47.524-0400] {logging_mixin.py:137} INFO - [2023-03-28T10:50:47.524-0400] {dag.py:2693} INFO - Sync 1 DAGs
[2023-03-28T10:50:47.547-0400] {logging_mixin.py:137} INFO - [2023-03-28T10:50:47.547-0400] {dag.py:3440} INFO - Setting next_dagrun for example_bash_operator to 2023-03-27T00:00:00+00:00, run_after=2023-03-28T00:00:00+00:00
[2023-03-28T10:50:47.555-0400] {processor.py:175} INFO - Processing /Users/sunanda/Downloads/airflow/py_env/lib/python3.9/site-packages/airflow/example_dags/example_bash_operator.py took 1.234 seconds
[2023-03-28T10:54:35.121-0400] {processor.py:153} INFO - Started process (PID=97092) to work on /Users/sunanda/Downloads/airflow/py_env/lib/python3.9/site-packages/airflow/example_dags/example_bash_operator.py
[2023-03-28T10:54:35.123-0400] {processor.py:743} INFO - Processing file /Users/sunanda/Downloads/airflow/py_env/lib/python3.9/site-packages/airflow/example_dags/example_bash_operator.py for tasks to queue
[2023-03-28T10:54:35.123-0400] {logging_mixin.py:137} INFO - [2023-03-28T10:54:35.123-0400] {dagbag.py:532} INFO - Filling up the DagBag from /Users/sunanda/Downloads/airflow/py_env/lib/python3.9/site-packages/airflow/example_dags/example_bash_operator.py
[2023-03-28T10:54:35.148-0400] {processor.py:753} INFO - DAG(s) dict_keys(['example_bash_operator']) retrieved from /Users/sunanda/Downloads/airflow/py_env/lib/python3.9/site-packages/airflow/example_dags/example_bash_operator.py
[2023-03-28T10:54:35.646-0400] {logging_mixin.py:137} INFO - [2023-03-28T10:54:35.645-0400] {dag.py:2693} INFO - Sync 1 DAGs
[2023-03-28T10:54:35.660-0400] {logging_mixin.py:137} INFO - [2023-03-28T10:54:35.660-0400] {dag.py:3440} INFO - Setting next_dagrun for example_bash_operator to 2023-03-27T00:00:00+00:00, run_after=2023-03-28T00:00:00+00:00
[2023-03-28T10:54:35.702-0400] {processor.py:175} INFO - Processing /Users/sunanda/Downloads/airflow/py_env/lib/python3.9/site-packages/airflow/example_dags/example_bash_operator.py took 0.581 seconds
[2023-03-28T10:58:12.865-0400] {processor.py:153} INFO - Started process (PID=97501) to work on /Users/sunanda/Downloads/airflow/py_env/lib/python3.9/site-packages/airflow/example_dags/example_bash_operator.py
[2023-03-28T10:58:12.868-0400] {processor.py:743} INFO - Processing file /Users/sunanda/Downloads/airflow/py_env/lib/python3.9/site-packages/airflow/example_dags/example_bash_operator.py for tasks to queue
[2023-03-28T10:58:12.868-0400] {logging_mixin.py:137} INFO - [2023-03-28T10:58:12.868-0400] {dagbag.py:532} INFO - Filling up the DagBag from /Users/sunanda/Downloads/airflow/py_env/lib/python3.9/site-packages/airflow/example_dags/example_bash_operator.py
[2023-03-28T10:58:12.929-0400] {processor.py:753} INFO - DAG(s) dict_keys(['example_bash_operator']) retrieved from /Users/sunanda/Downloads/airflow/py_env/lib/python3.9/site-packages/airflow/example_dags/example_bash_operator.py
[2023-03-28T10:58:13.855-0400] {logging_mixin.py:137} INFO - [2023-03-28T10:58:13.855-0400] {dag.py:2693} INFO - Sync 1 DAGs
[2023-03-28T10:58:13.866-0400] {logging_mixin.py:137} INFO - [2023-03-28T10:58:13.866-0400] {dag.py:3440} INFO - Setting next_dagrun for example_bash_operator to 2023-03-27T00:00:00+00:00, run_after=2023-03-28T00:00:00+00:00
[2023-03-28T10:58:13.876-0400] {processor.py:175} INFO - Processing /Users/sunanda/Downloads/airflow/py_env/lib/python3.9/site-packages/airflow/example_dags/example_bash_operator.py took 1.011 seconds
[2023-03-28T11:01:58.662-0400] {processor.py:153} INFO - Started process (PID=97888) to work on /Users/sunanda/Downloads/airflow/py_env/lib/python3.9/site-packages/airflow/example_dags/example_bash_operator.py
[2023-03-28T11:01:58.678-0400] {processor.py:743} INFO - Processing file /Users/sunanda/Downloads/airflow/py_env/lib/python3.9/site-packages/airflow/example_dags/example_bash_operator.py for tasks to queue
[2023-03-28T11:01:58.679-0400] {logging_mixin.py:137} INFO - [2023-03-28T11:01:58.679-0400] {dagbag.py:532} INFO - Filling up the DagBag from /Users/sunanda/Downloads/airflow/py_env/lib/python3.9/site-packages/airflow/example_dags/example_bash_operator.py
[2023-03-28T11:01:58.711-0400] {processor.py:753} INFO - DAG(s) dict_keys(['example_bash_operator']) retrieved from /Users/sunanda/Downloads/airflow/py_env/lib/python3.9/site-packages/airflow/example_dags/example_bash_operator.py
[2023-03-28T11:01:59.229-0400] {logging_mixin.py:137} INFO - [2023-03-28T11:01:59.229-0400] {dag.py:2693} INFO - Sync 1 DAGs
[2023-03-28T11:01:59.243-0400] {logging_mixin.py:137} INFO - [2023-03-28T11:01:59.243-0400] {dag.py:3440} INFO - Setting next_dagrun for example_bash_operator to 2023-03-27T00:00:00+00:00, run_after=2023-03-28T00:00:00+00:00
[2023-03-28T11:01:59.269-0400] {processor.py:175} INFO - Processing /Users/sunanda/Downloads/airflow/py_env/lib/python3.9/site-packages/airflow/example_dags/example_bash_operator.py took 0.607 seconds
[2023-03-28T11:05:36.665-0400] {processor.py:153} INFO - Started process (PID=98193) to work on /Users/sunanda/Downloads/airflow/py_env/lib/python3.9/site-packages/airflow/example_dags/example_bash_operator.py
[2023-03-28T11:05:36.680-0400] {processor.py:743} INFO - Processing file /Users/sunanda/Downloads/airflow/py_env/lib/python3.9/site-packages/airflow/example_dags/example_bash_operator.py for tasks to queue
[2023-03-28T11:05:36.680-0400] {logging_mixin.py:137} INFO - [2023-03-28T11:05:36.680-0400] {dagbag.py:532} INFO - Filling up the DagBag from /Users/sunanda/Downloads/airflow/py_env/lib/python3.9/site-packages/airflow/example_dags/example_bash_operator.py
[2023-03-28T11:05:36.722-0400] {processor.py:753} INFO - DAG(s) dict_keys(['example_bash_operator']) retrieved from /Users/sunanda/Downloads/airflow/py_env/lib/python3.9/site-packages/airflow/example_dags/example_bash_operator.py
[2023-03-28T11:05:37.319-0400] {logging_mixin.py:137} INFO - [2023-03-28T11:05:37.318-0400] {dag.py:2693} INFO - Sync 1 DAGs
[2023-03-28T11:05:37.339-0400] {logging_mixin.py:137} INFO - [2023-03-28T11:05:37.339-0400] {dag.py:3440} INFO - Setting next_dagrun for example_bash_operator to 2023-03-27T00:00:00+00:00, run_after=2023-03-28T00:00:00+00:00
[2023-03-28T11:05:37.351-0400] {processor.py:175} INFO - Processing /Users/sunanda/Downloads/airflow/py_env/lib/python3.9/site-packages/airflow/example_dags/example_bash_operator.py took 0.689 seconds
[2023-03-28T11:09:26.357-0400] {processor.py:153} INFO - Started process (PID=98511) to work on /Users/sunanda/Downloads/airflow/py_env/lib/python3.9/site-packages/airflow/example_dags/example_bash_operator.py
[2023-03-28T11:09:26.361-0400] {processor.py:743} INFO - Processing file /Users/sunanda/Downloads/airflow/py_env/lib/python3.9/site-packages/airflow/example_dags/example_bash_operator.py for tasks to queue
[2023-03-28T11:09:26.362-0400] {logging_mixin.py:137} INFO - [2023-03-28T11:09:26.362-0400] {dagbag.py:532} INFO - Filling up the DagBag from /Users/sunanda/Downloads/airflow/py_env/lib/python3.9/site-packages/airflow/example_dags/example_bash_operator.py
[2023-03-28T11:09:26.400-0400] {processor.py:753} INFO - DAG(s) dict_keys(['example_bash_operator']) retrieved from /Users/sunanda/Downloads/airflow/py_env/lib/python3.9/site-packages/airflow/example_dags/example_bash_operator.py
[2023-03-28T11:09:27.107-0400] {logging_mixin.py:137} INFO - [2023-03-28T11:09:27.107-0400] {dag.py:2693} INFO - Sync 1 DAGs
[2023-03-28T11:09:27.122-0400] {logging_mixin.py:137} INFO - [2023-03-28T11:09:27.122-0400] {dag.py:3440} INFO - Setting next_dagrun for example_bash_operator to 2023-03-27T00:00:00+00:00, run_after=2023-03-28T00:00:00+00:00
[2023-03-28T11:09:27.133-0400] {processor.py:175} INFO - Processing /Users/sunanda/Downloads/airflow/py_env/lib/python3.9/site-packages/airflow/example_dags/example_bash_operator.py took 0.777 seconds
[2023-03-28T11:13:26.582-0400] {processor.py:153} INFO - Started process (PID=98816) to work on /Users/sunanda/Downloads/airflow/py_env/lib/python3.9/site-packages/airflow/example_dags/example_bash_operator.py
[2023-03-28T11:13:26.585-0400] {processor.py:743} INFO - Processing file /Users/sunanda/Downloads/airflow/py_env/lib/python3.9/site-packages/airflow/example_dags/example_bash_operator.py for tasks to queue
[2023-03-28T11:13:26.585-0400] {logging_mixin.py:137} INFO - [2023-03-28T11:13:26.585-0400] {dagbag.py:532} INFO - Filling up the DagBag from /Users/sunanda/Downloads/airflow/py_env/lib/python3.9/site-packages/airflow/example_dags/example_bash_operator.py
[2023-03-28T11:13:26.667-0400] {processor.py:753} INFO - DAG(s) dict_keys(['example_bash_operator']) retrieved from /Users/sunanda/Downloads/airflow/py_env/lib/python3.9/site-packages/airflow/example_dags/example_bash_operator.py
[2023-03-28T11:13:27.134-0400] {logging_mixin.py:137} INFO - [2023-03-28T11:13:27.134-0400] {dag.py:2693} INFO - Sync 1 DAGs
[2023-03-28T11:13:27.157-0400] {logging_mixin.py:137} INFO - [2023-03-28T11:13:27.157-0400] {dag.py:3440} INFO - Setting next_dagrun for example_bash_operator to 2023-03-27T00:00:00+00:00, run_after=2023-03-28T00:00:00+00:00
[2023-03-28T11:13:27.169-0400] {processor.py:175} INFO - Processing /Users/sunanda/Downloads/airflow/py_env/lib/python3.9/site-packages/airflow/example_dags/example_bash_operator.py took 0.587 seconds
[2023-03-28T11:17:20.270-0400] {processor.py:153} INFO - Started process (PID=99122) to work on /Users/sunanda/Downloads/airflow/py_env/lib/python3.9/site-packages/airflow/example_dags/example_bash_operator.py
[2023-03-28T11:17:20.272-0400] {processor.py:743} INFO - Processing file /Users/sunanda/Downloads/airflow/py_env/lib/python3.9/site-packages/airflow/example_dags/example_bash_operator.py for tasks to queue
[2023-03-28T11:17:20.272-0400] {logging_mixin.py:137} INFO - [2023-03-28T11:17:20.272-0400] {dagbag.py:532} INFO - Filling up the DagBag from /Users/sunanda/Downloads/airflow/py_env/lib/python3.9/site-packages/airflow/example_dags/example_bash_operator.py
[2023-03-28T11:17:20.297-0400] {processor.py:753} INFO - DAG(s) dict_keys(['example_bash_operator']) retrieved from /Users/sunanda/Downloads/airflow/py_env/lib/python3.9/site-packages/airflow/example_dags/example_bash_operator.py
[2023-03-28T11:17:20.941-0400] {logging_mixin.py:137} INFO - [2023-03-28T11:17:20.941-0400] {dag.py:2693} INFO - Sync 1 DAGs
[2023-03-28T11:17:20.954-0400] {logging_mixin.py:137} INFO - [2023-03-28T11:17:20.953-0400] {dag.py:3440} INFO - Setting next_dagrun for example_bash_operator to 2023-03-27T00:00:00+00:00, run_after=2023-03-28T00:00:00+00:00
[2023-03-28T11:17:20.963-0400] {processor.py:175} INFO - Processing /Users/sunanda/Downloads/airflow/py_env/lib/python3.9/site-packages/airflow/example_dags/example_bash_operator.py took 0.694 seconds
[2023-03-28T11:21:12.144-0400] {processor.py:153} INFO - Started process (PID=99414) to work on /Users/sunanda/Downloads/airflow/py_env/lib/python3.9/site-packages/airflow/example_dags/example_bash_operator.py
[2023-03-28T11:21:12.149-0400] {processor.py:743} INFO - Processing file /Users/sunanda/Downloads/airflow/py_env/lib/python3.9/site-packages/airflow/example_dags/example_bash_operator.py for tasks to queue
[2023-03-28T11:21:12.149-0400] {logging_mixin.py:137} INFO - [2023-03-28T11:21:12.149-0400] {dagbag.py:532} INFO - Filling up the DagBag from /Users/sunanda/Downloads/airflow/py_env/lib/python3.9/site-packages/airflow/example_dags/example_bash_operator.py
[2023-03-28T11:21:12.199-0400] {processor.py:753} INFO - DAG(s) dict_keys(['example_bash_operator']) retrieved from /Users/sunanda/Downloads/airflow/py_env/lib/python3.9/site-packages/airflow/example_dags/example_bash_operator.py
[2023-03-28T11:21:12.634-0400] {logging_mixin.py:137} INFO - [2023-03-28T11:21:12.634-0400] {dag.py:2693} INFO - Sync 1 DAGs
[2023-03-28T11:21:12.642-0400] {logging_mixin.py:137} INFO - [2023-03-28T11:21:12.641-0400] {dag.py:3440} INFO - Setting next_dagrun for example_bash_operator to 2023-03-27T00:00:00+00:00, run_after=2023-03-28T00:00:00+00:00
[2023-03-28T11:21:12.654-0400] {processor.py:175} INFO - Processing /Users/sunanda/Downloads/airflow/py_env/lib/python3.9/site-packages/airflow/example_dags/example_bash_operator.py took 0.514 seconds
[2023-03-28T11:25:03.301-0400] {processor.py:153} INFO - Started process (PID=99711) to work on /Users/sunanda/Downloads/airflow/py_env/lib/python3.9/site-packages/airflow/example_dags/example_bash_operator.py
[2023-03-28T11:25:03.305-0400] {processor.py:743} INFO - Processing file /Users/sunanda/Downloads/airflow/py_env/lib/python3.9/site-packages/airflow/example_dags/example_bash_operator.py for tasks to queue
[2023-03-28T11:25:03.306-0400] {logging_mixin.py:137} INFO - [2023-03-28T11:25:03.306-0400] {dagbag.py:532} INFO - Filling up the DagBag from /Users/sunanda/Downloads/airflow/py_env/lib/python3.9/site-packages/airflow/example_dags/example_bash_operator.py
[2023-03-28T11:25:03.335-0400] {processor.py:753} INFO - DAG(s) dict_keys(['example_bash_operator']) retrieved from /Users/sunanda/Downloads/airflow/py_env/lib/python3.9/site-packages/airflow/example_dags/example_bash_operator.py
[2023-03-28T11:25:04.010-0400] {logging_mixin.py:137} INFO - [2023-03-28T11:25:04.010-0400] {dag.py:2693} INFO - Sync 1 DAGs
[2023-03-28T11:25:04.049-0400] {logging_mixin.py:137} INFO - [2023-03-28T11:25:04.049-0400] {dag.py:3440} INFO - Setting next_dagrun for example_bash_operator to 2023-03-27T00:00:00+00:00, run_after=2023-03-28T00:00:00+00:00
[2023-03-28T11:25:04.078-0400] {processor.py:175} INFO - Processing /Users/sunanda/Downloads/airflow/py_env/lib/python3.9/site-packages/airflow/example_dags/example_bash_operator.py took 0.778 seconds
[2023-03-28T11:29:37.631-0400] {processor.py:153} INFO - Started process (PID=174) to work on /Users/sunanda/Downloads/airflow/py_env/lib/python3.9/site-packages/airflow/example_dags/example_bash_operator.py
[2023-03-28T11:29:37.641-0400] {processor.py:743} INFO - Processing file /Users/sunanda/Downloads/airflow/py_env/lib/python3.9/site-packages/airflow/example_dags/example_bash_operator.py for tasks to queue
[2023-03-28T11:29:37.642-0400] {logging_mixin.py:137} INFO - [2023-03-28T11:29:37.642-0400] {dagbag.py:532} INFO - Filling up the DagBag from /Users/sunanda/Downloads/airflow/py_env/lib/python3.9/site-packages/airflow/example_dags/example_bash_operator.py
[2023-03-28T11:29:37.668-0400] {processor.py:753} INFO - DAG(s) dict_keys(['example_bash_operator']) retrieved from /Users/sunanda/Downloads/airflow/py_env/lib/python3.9/site-packages/airflow/example_dags/example_bash_operator.py
[2023-03-28T11:29:38.113-0400] {logging_mixin.py:137} INFO - [2023-03-28T11:29:38.113-0400] {dag.py:2693} INFO - Sync 1 DAGs
[2023-03-28T11:29:38.126-0400] {logging_mixin.py:137} INFO - [2023-03-28T11:29:38.126-0400] {dag.py:3440} INFO - Setting next_dagrun for example_bash_operator to 2023-03-27T00:00:00+00:00, run_after=2023-03-28T00:00:00+00:00
[2023-03-28T11:29:38.138-0400] {processor.py:175} INFO - Processing /Users/sunanda/Downloads/airflow/py_env/lib/python3.9/site-packages/airflow/example_dags/example_bash_operator.py took 0.520 seconds
[2023-03-28T11:40:05.187-0400] {processor.py:153} INFO - Started process (PID=659) to work on /Users/sunanda/Downloads/airflow/py_env/lib/python3.9/site-packages/airflow/example_dags/example_bash_operator.py
[2023-03-28T11:40:05.189-0400] {processor.py:743} INFO - Processing file /Users/sunanda/Downloads/airflow/py_env/lib/python3.9/site-packages/airflow/example_dags/example_bash_operator.py for tasks to queue
[2023-03-28T11:40:05.189-0400] {logging_mixin.py:137} INFO - [2023-03-28T11:40:05.189-0400] {dagbag.py:532} INFO - Filling up the DagBag from /Users/sunanda/Downloads/airflow/py_env/lib/python3.9/site-packages/airflow/example_dags/example_bash_operator.py
[2023-03-28T11:40:05.215-0400] {processor.py:753} INFO - DAG(s) dict_keys(['example_bash_operator']) retrieved from /Users/sunanda/Downloads/airflow/py_env/lib/python3.9/site-packages/airflow/example_dags/example_bash_operator.py
[2023-03-28T11:40:05.914-0400] {logging_mixin.py:137} INFO - [2023-03-28T11:40:05.914-0400] {dag.py:2693} INFO - Sync 1 DAGs
[2023-03-28T11:40:05.923-0400] {logging_mixin.py:137} INFO - [2023-03-28T11:40:05.922-0400] {dag.py:3440} INFO - Setting next_dagrun for example_bash_operator to 2023-03-27T00:00:00+00:00, run_after=2023-03-28T00:00:00+00:00
[2023-03-28T11:40:05.935-0400] {processor.py:175} INFO - Processing /Users/sunanda/Downloads/airflow/py_env/lib/python3.9/site-packages/airflow/example_dags/example_bash_operator.py took 0.748 seconds
[2023-03-28T11:43:55.214-0400] {processor.py:153} INFO - Started process (PID=971) to work on /Users/sunanda/Downloads/airflow/py_env/lib/python3.9/site-packages/airflow/example_dags/example_bash_operator.py
[2023-03-28T11:43:55.219-0400] {processor.py:743} INFO - Processing file /Users/sunanda/Downloads/airflow/py_env/lib/python3.9/site-packages/airflow/example_dags/example_bash_operator.py for tasks to queue
[2023-03-28T11:43:55.220-0400] {logging_mixin.py:137} INFO - [2023-03-28T11:43:55.220-0400] {dagbag.py:532} INFO - Filling up the DagBag from /Users/sunanda/Downloads/airflow/py_env/lib/python3.9/site-packages/airflow/example_dags/example_bash_operator.py
[2023-03-28T11:43:55.249-0400] {processor.py:753} INFO - DAG(s) dict_keys(['example_bash_operator']) retrieved from /Users/sunanda/Downloads/airflow/py_env/lib/python3.9/site-packages/airflow/example_dags/example_bash_operator.py
[2023-03-28T11:43:55.767-0400] {logging_mixin.py:137} INFO - [2023-03-28T11:43:55.767-0400] {dag.py:2693} INFO - Sync 1 DAGs
[2023-03-28T11:43:55.782-0400] {logging_mixin.py:137} INFO - [2023-03-28T11:43:55.782-0400] {dag.py:3440} INFO - Setting next_dagrun for example_bash_operator to 2023-03-27T00:00:00+00:00, run_after=2023-03-28T00:00:00+00:00
[2023-03-28T11:43:55.807-0400] {processor.py:175} INFO - Processing /Users/sunanda/Downloads/airflow/py_env/lib/python3.9/site-packages/airflow/example_dags/example_bash_operator.py took 0.593 seconds
[2023-03-28T11:47:34.331-0400] {processor.py:153} INFO - Started process (PID=1297) to work on /Users/sunanda/Downloads/airflow/py_env/lib/python3.9/site-packages/airflow/example_dags/example_bash_operator.py
[2023-03-28T11:47:34.380-0400] {processor.py:743} INFO - Processing file /Users/sunanda/Downloads/airflow/py_env/lib/python3.9/site-packages/airflow/example_dags/example_bash_operator.py for tasks to queue
[2023-03-28T11:47:34.381-0400] {logging_mixin.py:137} INFO - [2023-03-28T11:47:34.380-0400] {dagbag.py:532} INFO - Filling up the DagBag from /Users/sunanda/Downloads/airflow/py_env/lib/python3.9/site-packages/airflow/example_dags/example_bash_operator.py
[2023-03-28T11:47:34.501-0400] {processor.py:753} INFO - DAG(s) dict_keys(['example_bash_operator']) retrieved from /Users/sunanda/Downloads/airflow/py_env/lib/python3.9/site-packages/airflow/example_dags/example_bash_operator.py
[2023-03-28T11:47:35.178-0400] {logging_mixin.py:137} INFO - [2023-03-28T11:47:35.178-0400] {dag.py:2693} INFO - Sync 1 DAGs
[2023-03-28T11:47:35.189-0400] {logging_mixin.py:137} INFO - [2023-03-28T11:47:35.189-0400] {dag.py:3440} INFO - Setting next_dagrun for example_bash_operator to 2023-03-27T00:00:00+00:00, run_after=2023-03-28T00:00:00+00:00
[2023-03-28T11:47:35.201-0400] {processor.py:175} INFO - Processing /Users/sunanda/Downloads/airflow/py_env/lib/python3.9/site-packages/airflow/example_dags/example_bash_operator.py took 0.870 seconds
[2023-03-28T11:51:48.011-0400] {processor.py:153} INFO - Started process (PID=1690) to work on /Users/sunanda/Downloads/airflow/py_env/lib/python3.9/site-packages/airflow/example_dags/example_bash_operator.py
[2023-03-28T11:51:48.020-0400] {processor.py:743} INFO - Processing file /Users/sunanda/Downloads/airflow/py_env/lib/python3.9/site-packages/airflow/example_dags/example_bash_operator.py for tasks to queue
[2023-03-28T11:51:48.021-0400] {logging_mixin.py:137} INFO - [2023-03-28T11:51:48.020-0400] {dagbag.py:532} INFO - Filling up the DagBag from /Users/sunanda/Downloads/airflow/py_env/lib/python3.9/site-packages/airflow/example_dags/example_bash_operator.py
[2023-03-28T11:51:48.079-0400] {processor.py:753} INFO - DAG(s) dict_keys(['example_bash_operator']) retrieved from /Users/sunanda/Downloads/airflow/py_env/lib/python3.9/site-packages/airflow/example_dags/example_bash_operator.py
[2023-03-28T11:51:48.503-0400] {logging_mixin.py:137} INFO - [2023-03-28T11:51:48.503-0400] {dag.py:2693} INFO - Sync 1 DAGs
[2023-03-28T11:51:48.513-0400] {logging_mixin.py:137} INFO - [2023-03-28T11:51:48.513-0400] {dag.py:3440} INFO - Setting next_dagrun for example_bash_operator to 2023-03-27T00:00:00+00:00, run_after=2023-03-28T00:00:00+00:00
[2023-03-28T11:51:48.527-0400] {processor.py:175} INFO - Processing /Users/sunanda/Downloads/airflow/py_env/lib/python3.9/site-packages/airflow/example_dags/example_bash_operator.py took 0.517 seconds
[2023-03-28T11:55:51.540-0400] {processor.py:153} INFO - Started process (PID=2012) to work on /Users/sunanda/Downloads/airflow/py_env/lib/python3.9/site-packages/airflow/example_dags/example_bash_operator.py
[2023-03-28T11:55:51.543-0400] {processor.py:743} INFO - Processing file /Users/sunanda/Downloads/airflow/py_env/lib/python3.9/site-packages/airflow/example_dags/example_bash_operator.py for tasks to queue
[2023-03-28T11:55:51.543-0400] {logging_mixin.py:137} INFO - [2023-03-28T11:55:51.543-0400] {dagbag.py:532} INFO - Filling up the DagBag from /Users/sunanda/Downloads/airflow/py_env/lib/python3.9/site-packages/airflow/example_dags/example_bash_operator.py
[2023-03-28T11:55:51.599-0400] {processor.py:753} INFO - DAG(s) dict_keys(['example_bash_operator']) retrieved from /Users/sunanda/Downloads/airflow/py_env/lib/python3.9/site-packages/airflow/example_dags/example_bash_operator.py
[2023-03-28T11:55:52.061-0400] {logging_mixin.py:137} INFO - [2023-03-28T11:55:52.061-0400] {dag.py:2693} INFO - Sync 1 DAGs
[2023-03-28T11:55:52.079-0400] {logging_mixin.py:137} INFO - [2023-03-28T11:55:52.079-0400] {dag.py:3440} INFO - Setting next_dagrun for example_bash_operator to 2023-03-27T00:00:00+00:00, run_after=2023-03-28T00:00:00+00:00
[2023-03-28T11:55:52.092-0400] {processor.py:175} INFO - Processing /Users/sunanda/Downloads/airflow/py_env/lib/python3.9/site-packages/airflow/example_dags/example_bash_operator.py took 0.553 seconds
[2023-03-28T11:59:36.196-0400] {processor.py:153} INFO - Started process (PID=2323) to work on /Users/sunanda/Downloads/airflow/py_env/lib/python3.9/site-packages/airflow/example_dags/example_bash_operator.py
[2023-03-28T11:59:36.200-0400] {processor.py:743} INFO - Processing file /Users/sunanda/Downloads/airflow/py_env/lib/python3.9/site-packages/airflow/example_dags/example_bash_operator.py for tasks to queue
[2023-03-28T11:59:36.200-0400] {logging_mixin.py:137} INFO - [2023-03-28T11:59:36.200-0400] {dagbag.py:532} INFO - Filling up the DagBag from /Users/sunanda/Downloads/airflow/py_env/lib/python3.9/site-packages/airflow/example_dags/example_bash_operator.py
[2023-03-28T11:59:36.250-0400] {processor.py:753} INFO - DAG(s) dict_keys(['example_bash_operator']) retrieved from /Users/sunanda/Downloads/airflow/py_env/lib/python3.9/site-packages/airflow/example_dags/example_bash_operator.py
[2023-03-28T11:59:36.663-0400] {logging_mixin.py:137} INFO - [2023-03-28T11:59:36.663-0400] {dag.py:2693} INFO - Sync 1 DAGs
[2023-03-28T11:59:36.683-0400] {logging_mixin.py:137} INFO - [2023-03-28T11:59:36.682-0400] {dag.py:3440} INFO - Setting next_dagrun for example_bash_operator to 2023-03-27T00:00:00+00:00, run_after=2023-03-28T00:00:00+00:00
[2023-03-28T11:59:36.700-0400] {processor.py:175} INFO - Processing /Users/sunanda/Downloads/airflow/py_env/lib/python3.9/site-packages/airflow/example_dags/example_bash_operator.py took 0.505 seconds
[2023-03-28T12:03:27.673-0400] {processor.py:153} INFO - Started process (PID=2671) to work on /Users/sunanda/Downloads/airflow/py_env/lib/python3.9/site-packages/airflow/example_dags/example_bash_operator.py
[2023-03-28T12:03:27.676-0400] {processor.py:743} INFO - Processing file /Users/sunanda/Downloads/airflow/py_env/lib/python3.9/site-packages/airflow/example_dags/example_bash_operator.py for tasks to queue
[2023-03-28T12:03:27.677-0400] {logging_mixin.py:137} INFO - [2023-03-28T12:03:27.677-0400] {dagbag.py:532} INFO - Filling up the DagBag from /Users/sunanda/Downloads/airflow/py_env/lib/python3.9/site-packages/airflow/example_dags/example_bash_operator.py
[2023-03-28T12:03:27.736-0400] {processor.py:753} INFO - DAG(s) dict_keys(['example_bash_operator']) retrieved from /Users/sunanda/Downloads/airflow/py_env/lib/python3.9/site-packages/airflow/example_dags/example_bash_operator.py
[2023-03-28T12:03:28.160-0400] {logging_mixin.py:137} INFO - [2023-03-28T12:03:28.160-0400] {dag.py:2693} INFO - Sync 1 DAGs
[2023-03-28T12:03:28.169-0400] {logging_mixin.py:137} INFO - [2023-03-28T12:03:28.169-0400] {dag.py:3440} INFO - Setting next_dagrun for example_bash_operator to 2023-03-27T00:00:00+00:00, run_after=2023-03-28T00:00:00+00:00
[2023-03-28T12:03:28.188-0400] {processor.py:175} INFO - Processing /Users/sunanda/Downloads/airflow/py_env/lib/python3.9/site-packages/airflow/example_dags/example_bash_operator.py took 0.515 seconds
[2023-03-28T12:07:17.971-0400] {processor.py:153} INFO - Started process (PID=3019) to work on /Users/sunanda/Downloads/airflow/py_env/lib/python3.9/site-packages/airflow/example_dags/example_bash_operator.py
[2023-03-28T12:07:17.977-0400] {processor.py:743} INFO - Processing file /Users/sunanda/Downloads/airflow/py_env/lib/python3.9/site-packages/airflow/example_dags/example_bash_operator.py for tasks to queue
[2023-03-28T12:07:17.977-0400] {logging_mixin.py:137} INFO - [2023-03-28T12:07:17.977-0400] {dagbag.py:532} INFO - Filling up the DagBag from /Users/sunanda/Downloads/airflow/py_env/lib/python3.9/site-packages/airflow/example_dags/example_bash_operator.py
[2023-03-28T12:07:18.022-0400] {processor.py:753} INFO - DAG(s) dict_keys(['example_bash_operator']) retrieved from /Users/sunanda/Downloads/airflow/py_env/lib/python3.9/site-packages/airflow/example_dags/example_bash_operator.py
[2023-03-28T12:07:18.559-0400] {logging_mixin.py:137} INFO - [2023-03-28T12:07:18.559-0400] {dag.py:2693} INFO - Sync 1 DAGs
[2023-03-28T12:07:18.578-0400] {logging_mixin.py:137} INFO - [2023-03-28T12:07:18.578-0400] {dag.py:3440} INFO - Setting next_dagrun for example_bash_operator to 2023-03-27T00:00:00+00:00, run_after=2023-03-28T00:00:00+00:00
[2023-03-28T12:07:18.588-0400] {processor.py:175} INFO - Processing /Users/sunanda/Downloads/airflow/py_env/lib/python3.9/site-packages/airflow/example_dags/example_bash_operator.py took 0.617 seconds
[2023-03-28T12:11:21.613-0400] {processor.py:153} INFO - Started process (PID=3462) to work on /Users/sunanda/Downloads/airflow/py_env/lib/python3.9/site-packages/airflow/example_dags/example_bash_operator.py
[2023-03-28T12:11:21.616-0400] {processor.py:743} INFO - Processing file /Users/sunanda/Downloads/airflow/py_env/lib/python3.9/site-packages/airflow/example_dags/example_bash_operator.py for tasks to queue
[2023-03-28T12:11:21.617-0400] {logging_mixin.py:137} INFO - [2023-03-28T12:11:21.617-0400] {dagbag.py:532} INFO - Filling up the DagBag from /Users/sunanda/Downloads/airflow/py_env/lib/python3.9/site-packages/airflow/example_dags/example_bash_operator.py
[2023-03-28T12:11:21.645-0400] {processor.py:753} INFO - DAG(s) dict_keys(['example_bash_operator']) retrieved from /Users/sunanda/Downloads/airflow/py_env/lib/python3.9/site-packages/airflow/example_dags/example_bash_operator.py
[2023-03-28T12:11:22.186-0400] {logging_mixin.py:137} INFO - [2023-03-28T12:11:22.186-0400] {dag.py:2693} INFO - Sync 1 DAGs
[2023-03-28T12:11:22.208-0400] {logging_mixin.py:137} INFO - [2023-03-28T12:11:22.208-0400] {dag.py:3440} INFO - Setting next_dagrun for example_bash_operator to 2023-03-27T00:00:00+00:00, run_after=2023-03-28T00:00:00+00:00
[2023-03-28T12:11:22.228-0400] {processor.py:175} INFO - Processing /Users/sunanda/Downloads/airflow/py_env/lib/python3.9/site-packages/airflow/example_dags/example_bash_operator.py took 0.615 seconds
[2023-03-28T12:16:00.724-0400] {processor.py:153} INFO - Started process (PID=3911) to work on /Users/sunanda/Downloads/airflow/py_env/lib/python3.9/site-packages/airflow/example_dags/example_bash_operator.py
[2023-03-28T12:16:00.731-0400] {processor.py:743} INFO - Processing file /Users/sunanda/Downloads/airflow/py_env/lib/python3.9/site-packages/airflow/example_dags/example_bash_operator.py for tasks to queue
[2023-03-28T12:16:00.731-0400] {logging_mixin.py:137} INFO - [2023-03-28T12:16:00.731-0400] {dagbag.py:532} INFO - Filling up the DagBag from /Users/sunanda/Downloads/airflow/py_env/lib/python3.9/site-packages/airflow/example_dags/example_bash_operator.py
[2023-03-28T12:16:00.800-0400] {processor.py:753} INFO - DAG(s) dict_keys(['example_bash_operator']) retrieved from /Users/sunanda/Downloads/airflow/py_env/lib/python3.9/site-packages/airflow/example_dags/example_bash_operator.py
[2023-03-28T12:16:01.352-0400] {logging_mixin.py:137} INFO - [2023-03-28T12:16:01.352-0400] {dag.py:2693} INFO - Sync 1 DAGs
[2023-03-28T12:16:01.369-0400] {logging_mixin.py:137} INFO - [2023-03-28T12:16:01.368-0400] {dag.py:3440} INFO - Setting next_dagrun for example_bash_operator to 2023-03-27T00:00:00+00:00, run_after=2023-03-28T00:00:00+00:00
[2023-03-28T12:16:01.383-0400] {processor.py:175} INFO - Processing /Users/sunanda/Downloads/airflow/py_env/lib/python3.9/site-packages/airflow/example_dags/example_bash_operator.py took 0.660 seconds
[2023-03-28T12:19:47.372-0400] {processor.py:153} INFO - Started process (PID=4217) to work on /Users/sunanda/Downloads/airflow/py_env/lib/python3.9/site-packages/airflow/example_dags/example_bash_operator.py
[2023-03-28T12:19:47.376-0400] {processor.py:743} INFO - Processing file /Users/sunanda/Downloads/airflow/py_env/lib/python3.9/site-packages/airflow/example_dags/example_bash_operator.py for tasks to queue
[2023-03-28T12:19:47.376-0400] {logging_mixin.py:137} INFO - [2023-03-28T12:19:47.376-0400] {dagbag.py:532} INFO - Filling up the DagBag from /Users/sunanda/Downloads/airflow/py_env/lib/python3.9/site-packages/airflow/example_dags/example_bash_operator.py
[2023-03-28T12:19:47.436-0400] {processor.py:753} INFO - DAG(s) dict_keys(['example_bash_operator']) retrieved from /Users/sunanda/Downloads/airflow/py_env/lib/python3.9/site-packages/airflow/example_dags/example_bash_operator.py
[2023-03-28T12:19:47.885-0400] {logging_mixin.py:137} INFO - [2023-03-28T12:19:47.884-0400] {dag.py:2693} INFO - Sync 1 DAGs
[2023-03-28T12:19:47.892-0400] {logging_mixin.py:137} INFO - [2023-03-28T12:19:47.892-0400] {dag.py:3440} INFO - Setting next_dagrun for example_bash_operator to 2023-03-27T00:00:00+00:00, run_after=2023-03-28T00:00:00+00:00
[2023-03-28T12:19:47.921-0400] {processor.py:175} INFO - Processing /Users/sunanda/Downloads/airflow/py_env/lib/python3.9/site-packages/airflow/example_dags/example_bash_operator.py took 0.549 seconds
[2023-03-28T12:23:40.950-0400] {processor.py:153} INFO - Started process (PID=4525) to work on /Users/sunanda/Downloads/airflow/py_env/lib/python3.9/site-packages/airflow/example_dags/example_bash_operator.py
[2023-03-28T12:23:40.953-0400] {processor.py:743} INFO - Processing file /Users/sunanda/Downloads/airflow/py_env/lib/python3.9/site-packages/airflow/example_dags/example_bash_operator.py for tasks to queue
[2023-03-28T12:23:40.953-0400] {logging_mixin.py:137} INFO - [2023-03-28T12:23:40.953-0400] {dagbag.py:532} INFO - Filling up the DagBag from /Users/sunanda/Downloads/airflow/py_env/lib/python3.9/site-packages/airflow/example_dags/example_bash_operator.py
[2023-03-28T12:23:40.979-0400] {processor.py:753} INFO - DAG(s) dict_keys(['example_bash_operator']) retrieved from /Users/sunanda/Downloads/airflow/py_env/lib/python3.9/site-packages/airflow/example_dags/example_bash_operator.py
[2023-03-28T12:23:41.411-0400] {logging_mixin.py:137} INFO - [2023-03-28T12:23:41.411-0400] {dag.py:2693} INFO - Sync 1 DAGs
[2023-03-28T12:23:41.424-0400] {logging_mixin.py:137} INFO - [2023-03-28T12:23:41.424-0400] {dag.py:3440} INFO - Setting next_dagrun for example_bash_operator to 2023-03-27T00:00:00+00:00, run_after=2023-03-28T00:00:00+00:00
[2023-03-28T12:23:41.434-0400] {processor.py:175} INFO - Processing /Users/sunanda/Downloads/airflow/py_env/lib/python3.9/site-packages/airflow/example_dags/example_bash_operator.py took 0.484 seconds
[2023-03-28T12:30:27.673-0400] {processor.py:153} INFO - Started process (PID=4860) to work on /Users/sunanda/Downloads/airflow/py_env/lib/python3.9/site-packages/airflow/example_dags/example_bash_operator.py
[2023-03-28T12:30:27.676-0400] {processor.py:743} INFO - Processing file /Users/sunanda/Downloads/airflow/py_env/lib/python3.9/site-packages/airflow/example_dags/example_bash_operator.py for tasks to queue
[2023-03-28T12:30:27.676-0400] {logging_mixin.py:137} INFO - [2023-03-28T12:30:27.676-0400] {dagbag.py:532} INFO - Filling up the DagBag from /Users/sunanda/Downloads/airflow/py_env/lib/python3.9/site-packages/airflow/example_dags/example_bash_operator.py
[2023-03-28T12:30:27.715-0400] {processor.py:753} INFO - DAG(s) dict_keys(['example_bash_operator']) retrieved from /Users/sunanda/Downloads/airflow/py_env/lib/python3.9/site-packages/airflow/example_dags/example_bash_operator.py
[2023-03-28T12:30:28.298-0400] {logging_mixin.py:137} INFO - [2023-03-28T12:30:28.298-0400] {dag.py:2693} INFO - Sync 1 DAGs
[2023-03-28T12:30:28.310-0400] {logging_mixin.py:137} INFO - [2023-03-28T12:30:28.310-0400] {dag.py:3440} INFO - Setting next_dagrun for example_bash_operator to 2023-03-27T00:00:00+00:00, run_after=2023-03-28T00:00:00+00:00
[2023-03-28T12:30:28.332-0400] {processor.py:175} INFO - Processing /Users/sunanda/Downloads/airflow/py_env/lib/python3.9/site-packages/airflow/example_dags/example_bash_operator.py took 0.660 seconds
