[2023-03-27T23:37:54.263-0400] {processor.py:153} INFO - Started process (PID=79208) to work on /Users/sunanda/Downloads/airflow/py_env/lib/python3.9/site-packages/airflow/example_dags/example_nested_branch_dag.py
[2023-03-27T23:37:54.265-0400] {processor.py:743} INFO - Processing file /Users/sunanda/Downloads/airflow/py_env/lib/python3.9/site-packages/airflow/example_dags/example_nested_branch_dag.py for tasks to queue
[2023-03-27T23:37:54.265-0400] {logging_mixin.py:137} INFO - [2023-03-27T23:37:54.265-0400] {dagbag.py:532} INFO - Filling up the DagBag from /Users/sunanda/Downloads/airflow/py_env/lib/python3.9/site-packages/airflow/example_dags/example_nested_branch_dag.py
[2023-03-27T23:37:54.288-0400] {processor.py:753} INFO - DAG(s) dict_keys(['example_nested_branch_dag']) retrieved from /Users/sunanda/Downloads/airflow/py_env/lib/python3.9/site-packages/airflow/example_dags/example_nested_branch_dag.py
[2023-03-27T23:37:54.555-0400] {logging_mixin.py:137} INFO - [2023-03-27T23:37:54.555-0400] {dag.py:2693} INFO - Sync 1 DAGs
[2023-03-27T23:37:54.561-0400] {logging_mixin.py:137} INFO - [2023-03-27T23:37:54.561-0400] {dag.py:3440} INFO - Setting next_dagrun for example_nested_branch_dag to 2023-03-27T00:00:00+00:00, run_after=2023-03-28T00:00:00+00:00
[2023-03-27T23:37:54.569-0400] {processor.py:175} INFO - Processing /Users/sunanda/Downloads/airflow/py_env/lib/python3.9/site-packages/airflow/example_dags/example_nested_branch_dag.py took 0.307 seconds
[2023-03-27T23:39:18.271-0400] {processor.py:153} INFO - Started process (PID=79355) to work on /Users/sunanda/Downloads/airflow/py_env/lib/python3.9/site-packages/airflow/example_dags/example_nested_branch_dag.py
[2023-03-27T23:39:18.278-0400] {processor.py:743} INFO - Processing file /Users/sunanda/Downloads/airflow/py_env/lib/python3.9/site-packages/airflow/example_dags/example_nested_branch_dag.py for tasks to queue
[2023-03-27T23:39:18.279-0400] {logging_mixin.py:137} INFO - [2023-03-27T23:39:18.279-0400] {dagbag.py:532} INFO - Filling up the DagBag from /Users/sunanda/Downloads/airflow/py_env/lib/python3.9/site-packages/airflow/example_dags/example_nested_branch_dag.py
[2023-03-27T23:39:18.306-0400] {processor.py:753} INFO - DAG(s) dict_keys(['example_nested_branch_dag']) retrieved from /Users/sunanda/Downloads/airflow/py_env/lib/python3.9/site-packages/airflow/example_dags/example_nested_branch_dag.py
[2023-03-27T23:39:18.556-0400] {logging_mixin.py:137} INFO - [2023-03-27T23:39:18.556-0400] {dag.py:2693} INFO - Sync 1 DAGs
[2023-03-27T23:39:18.563-0400] {logging_mixin.py:137} INFO - [2023-03-27T23:39:18.563-0400] {dag.py:3440} INFO - Setting next_dagrun for example_nested_branch_dag to 2023-03-27T00:00:00+00:00, run_after=2023-03-28T00:00:00+00:00
[2023-03-27T23:39:18.570-0400] {processor.py:175} INFO - Processing /Users/sunanda/Downloads/airflow/py_env/lib/python3.9/site-packages/airflow/example_dags/example_nested_branch_dag.py took 0.300 seconds
[2023-03-27T23:41:08.517-0400] {processor.py:153} INFO - Started process (PID=79537) to work on /Users/sunanda/Downloads/airflow/py_env/lib/python3.9/site-packages/airflow/example_dags/example_nested_branch_dag.py
[2023-03-27T23:41:08.528-0400] {processor.py:743} INFO - Processing file /Users/sunanda/Downloads/airflow/py_env/lib/python3.9/site-packages/airflow/example_dags/example_nested_branch_dag.py for tasks to queue
[2023-03-27T23:41:08.528-0400] {logging_mixin.py:137} INFO - [2023-03-27T23:41:08.528-0400] {dagbag.py:532} INFO - Filling up the DagBag from /Users/sunanda/Downloads/airflow/py_env/lib/python3.9/site-packages/airflow/example_dags/example_nested_branch_dag.py
[2023-03-27T23:41:08.551-0400] {processor.py:753} INFO - DAG(s) dict_keys(['example_nested_branch_dag']) retrieved from /Users/sunanda/Downloads/airflow/py_env/lib/python3.9/site-packages/airflow/example_dags/example_nested_branch_dag.py
[2023-03-27T23:41:08.794-0400] {logging_mixin.py:137} INFO - [2023-03-27T23:41:08.794-0400] {dag.py:2693} INFO - Sync 1 DAGs
[2023-03-27T23:41:08.801-0400] {logging_mixin.py:137} INFO - [2023-03-27T23:41:08.801-0400] {dag.py:3440} INFO - Setting next_dagrun for example_nested_branch_dag to 2023-03-27T00:00:00+00:00, run_after=2023-03-28T00:00:00+00:00
[2023-03-27T23:41:08.811-0400] {processor.py:175} INFO - Processing /Users/sunanda/Downloads/airflow/py_env/lib/python3.9/site-packages/airflow/example_dags/example_nested_branch_dag.py took 0.297 seconds
[2023-03-28T00:22:19.336-0400] {processor.py:153} INFO - Started process (PID=82678) to work on /Users/sunanda/Downloads/airflow/py_env/lib/python3.9/site-packages/airflow/example_dags/example_nested_branch_dag.py
[2023-03-28T00:22:19.341-0400] {processor.py:743} INFO - Processing file /Users/sunanda/Downloads/airflow/py_env/lib/python3.9/site-packages/airflow/example_dags/example_nested_branch_dag.py for tasks to queue
[2023-03-28T00:22:19.342-0400] {logging_mixin.py:137} INFO - [2023-03-28T00:22:19.342-0400] {dagbag.py:532} INFO - Filling up the DagBag from /Users/sunanda/Downloads/airflow/py_env/lib/python3.9/site-packages/airflow/example_dags/example_nested_branch_dag.py
[2023-03-28T00:22:19.386-0400] {processor.py:753} INFO - DAG(s) dict_keys(['example_nested_branch_dag']) retrieved from /Users/sunanda/Downloads/airflow/py_env/lib/python3.9/site-packages/airflow/example_dags/example_nested_branch_dag.py
[2023-03-28T00:22:19.769-0400] {logging_mixin.py:137} INFO - [2023-03-28T00:22:19.768-0400] {dag.py:2693} INFO - Sync 1 DAGs
[2023-03-28T00:22:19.781-0400] {logging_mixin.py:137} INFO - [2023-03-28T00:22:19.781-0400] {dag.py:3440} INFO - Setting next_dagrun for example_nested_branch_dag to 2023-03-27T00:00:00+00:00, run_after=2023-03-28T00:00:00+00:00
[2023-03-28T00:22:19.789-0400] {processor.py:175} INFO - Processing /Users/sunanda/Downloads/airflow/py_env/lib/python3.9/site-packages/airflow/example_dags/example_nested_branch_dag.py took 0.454 seconds
[2023-03-28T10:11:08.825-0400] {processor.py:153} INFO - Started process (PID=91322) to work on /Users/sunanda/Downloads/airflow/py_env/lib/python3.9/site-packages/airflow/example_dags/example_nested_branch_dag.py
[2023-03-28T10:11:08.832-0400] {processor.py:743} INFO - Processing file /Users/sunanda/Downloads/airflow/py_env/lib/python3.9/site-packages/airflow/example_dags/example_nested_branch_dag.py for tasks to queue
[2023-03-28T10:11:08.832-0400] {logging_mixin.py:137} INFO - [2023-03-28T10:11:08.832-0400] {dagbag.py:532} INFO - Filling up the DagBag from /Users/sunanda/Downloads/airflow/py_env/lib/python3.9/site-packages/airflow/example_dags/example_nested_branch_dag.py
[2023-03-28T10:11:08.974-0400] {processor.py:753} INFO - DAG(s) dict_keys(['example_nested_branch_dag']) retrieved from /Users/sunanda/Downloads/airflow/py_env/lib/python3.9/site-packages/airflow/example_dags/example_nested_branch_dag.py
[2023-03-28T10:11:09.587-0400] {logging_mixin.py:137} INFO - [2023-03-28T10:11:09.587-0400] {dag.py:2693} INFO - Sync 1 DAGs
[2023-03-28T10:11:09.610-0400] {logging_mixin.py:137} INFO - [2023-03-28T10:11:09.610-0400] {dag.py:3440} INFO - Setting next_dagrun for example_nested_branch_dag to 2023-03-27T00:00:00+00:00, run_after=2023-03-28T00:00:00+00:00
[2023-03-28T10:11:09.626-0400] {processor.py:175} INFO - Processing /Users/sunanda/Downloads/airflow/py_env/lib/python3.9/site-packages/airflow/example_dags/example_nested_branch_dag.py took 0.802 seconds
[2023-03-28T10:14:00.692-0400] {processor.py:153} INFO - Started process (PID=91540) to work on /Users/sunanda/Downloads/airflow/py_env/lib/python3.9/site-packages/airflow/example_dags/example_nested_branch_dag.py
[2023-03-28T10:14:00.695-0400] {processor.py:743} INFO - Processing file /Users/sunanda/Downloads/airflow/py_env/lib/python3.9/site-packages/airflow/example_dags/example_nested_branch_dag.py for tasks to queue
[2023-03-28T10:14:00.695-0400] {logging_mixin.py:137} INFO - [2023-03-28T10:14:00.695-0400] {dagbag.py:532} INFO - Filling up the DagBag from /Users/sunanda/Downloads/airflow/py_env/lib/python3.9/site-packages/airflow/example_dags/example_nested_branch_dag.py
[2023-03-28T10:14:00.823-0400] {processor.py:753} INFO - DAG(s) dict_keys(['example_nested_branch_dag']) retrieved from /Users/sunanda/Downloads/airflow/py_env/lib/python3.9/site-packages/airflow/example_dags/example_nested_branch_dag.py
[2023-03-28T10:14:01.449-0400] {logging_mixin.py:137} INFO - [2023-03-28T10:14:01.449-0400] {dag.py:2693} INFO - Sync 1 DAGs
[2023-03-28T10:14:01.469-0400] {logging_mixin.py:137} INFO - [2023-03-28T10:14:01.468-0400] {dag.py:3440} INFO - Setting next_dagrun for example_nested_branch_dag to 2023-03-27T00:00:00+00:00, run_after=2023-03-28T00:00:00+00:00
[2023-03-28T10:14:01.488-0400] {processor.py:175} INFO - Processing /Users/sunanda/Downloads/airflow/py_env/lib/python3.9/site-packages/airflow/example_dags/example_nested_branch_dag.py took 0.796 seconds
[2023-03-28T10:16:20.393-0400] {processor.py:153} INFO - Started process (PID=91715) to work on /Users/sunanda/Downloads/airflow/py_env/lib/python3.9/site-packages/airflow/example_dags/example_nested_branch_dag.py
[2023-03-28T10:16:20.402-0400] {processor.py:743} INFO - Processing file /Users/sunanda/Downloads/airflow/py_env/lib/python3.9/site-packages/airflow/example_dags/example_nested_branch_dag.py for tasks to queue
[2023-03-28T10:16:20.402-0400] {logging_mixin.py:137} INFO - [2023-03-28T10:16:20.402-0400] {dagbag.py:532} INFO - Filling up the DagBag from /Users/sunanda/Downloads/airflow/py_env/lib/python3.9/site-packages/airflow/example_dags/example_nested_branch_dag.py
[2023-03-28T10:16:20.454-0400] {processor.py:753} INFO - DAG(s) dict_keys(['example_nested_branch_dag']) retrieved from /Users/sunanda/Downloads/airflow/py_env/lib/python3.9/site-packages/airflow/example_dags/example_nested_branch_dag.py
[2023-03-28T10:16:21.035-0400] {logging_mixin.py:137} INFO - [2023-03-28T10:16:21.033-0400] {dag.py:2693} INFO - Sync 1 DAGs
[2023-03-28T10:16:21.055-0400] {logging_mixin.py:137} INFO - [2023-03-28T10:16:21.055-0400] {dag.py:3440} INFO - Setting next_dagrun for example_nested_branch_dag to 2023-03-27T00:00:00+00:00, run_after=2023-03-28T00:00:00+00:00
[2023-03-28T10:16:21.088-0400] {processor.py:175} INFO - Processing /Users/sunanda/Downloads/airflow/py_env/lib/python3.9/site-packages/airflow/example_dags/example_nested_branch_dag.py took 0.697 seconds
[2023-03-28T10:18:35.087-0400] {processor.py:153} INFO - Started process (PID=91894) to work on /Users/sunanda/Downloads/airflow/py_env/lib/python3.9/site-packages/airflow/example_dags/example_nested_branch_dag.py
[2023-03-28T10:18:35.093-0400] {processor.py:743} INFO - Processing file /Users/sunanda/Downloads/airflow/py_env/lib/python3.9/site-packages/airflow/example_dags/example_nested_branch_dag.py for tasks to queue
[2023-03-28T10:18:35.093-0400] {logging_mixin.py:137} INFO - [2023-03-28T10:18:35.093-0400] {dagbag.py:532} INFO - Filling up the DagBag from /Users/sunanda/Downloads/airflow/py_env/lib/python3.9/site-packages/airflow/example_dags/example_nested_branch_dag.py
[2023-03-28T10:18:35.178-0400] {processor.py:753} INFO - DAG(s) dict_keys(['example_nested_branch_dag']) retrieved from /Users/sunanda/Downloads/airflow/py_env/lib/python3.9/site-packages/airflow/example_dags/example_nested_branch_dag.py
[2023-03-28T10:18:35.883-0400] {logging_mixin.py:137} INFO - [2023-03-28T10:18:35.882-0400] {dag.py:2693} INFO - Sync 1 DAGs
[2023-03-28T10:18:35.910-0400] {logging_mixin.py:137} INFO - [2023-03-28T10:18:35.910-0400] {dag.py:3440} INFO - Setting next_dagrun for example_nested_branch_dag to 2023-03-27T00:00:00+00:00, run_after=2023-03-28T00:00:00+00:00
[2023-03-28T10:18:35.937-0400] {processor.py:175} INFO - Processing /Users/sunanda/Downloads/airflow/py_env/lib/python3.9/site-packages/airflow/example_dags/example_nested_branch_dag.py took 0.853 seconds
[2023-03-28T10:22:39.156-0400] {processor.py:153} INFO - Started process (PID=92249) to work on /Users/sunanda/Downloads/airflow/py_env/lib/python3.9/site-packages/airflow/example_dags/example_nested_branch_dag.py
[2023-03-28T10:22:39.171-0400] {processor.py:743} INFO - Processing file /Users/sunanda/Downloads/airflow/py_env/lib/python3.9/site-packages/airflow/example_dags/example_nested_branch_dag.py for tasks to queue
[2023-03-28T10:22:39.171-0400] {logging_mixin.py:137} INFO - [2023-03-28T10:22:39.171-0400] {dagbag.py:532} INFO - Filling up the DagBag from /Users/sunanda/Downloads/airflow/py_env/lib/python3.9/site-packages/airflow/example_dags/example_nested_branch_dag.py
[2023-03-28T10:22:39.195-0400] {processor.py:753} INFO - DAG(s) dict_keys(['example_nested_branch_dag']) retrieved from /Users/sunanda/Downloads/airflow/py_env/lib/python3.9/site-packages/airflow/example_dags/example_nested_branch_dag.py
[2023-03-28T10:22:39.663-0400] {logging_mixin.py:137} INFO - [2023-03-28T10:22:39.662-0400] {dag.py:2693} INFO - Sync 1 DAGs
[2023-03-28T10:22:39.679-0400] {logging_mixin.py:137} INFO - [2023-03-28T10:22:39.679-0400] {dag.py:3440} INFO - Setting next_dagrun for example_nested_branch_dag to 2023-03-27T00:00:00+00:00, run_after=2023-03-28T00:00:00+00:00
[2023-03-28T10:22:39.689-0400] {processor.py:175} INFO - Processing /Users/sunanda/Downloads/airflow/py_env/lib/python3.9/site-packages/airflow/example_dags/example_nested_branch_dag.py took 0.536 seconds
[2023-03-28T10:26:52.243-0400] {processor.py:153} INFO - Started process (PID=92705) to work on /Users/sunanda/Downloads/airflow/py_env/lib/python3.9/site-packages/airflow/example_dags/example_nested_branch_dag.py
[2023-03-28T10:26:52.259-0400] {processor.py:743} INFO - Processing file /Users/sunanda/Downloads/airflow/py_env/lib/python3.9/site-packages/airflow/example_dags/example_nested_branch_dag.py for tasks to queue
[2023-03-28T10:26:52.259-0400] {logging_mixin.py:137} INFO - [2023-03-28T10:26:52.259-0400] {dagbag.py:532} INFO - Filling up the DagBag from /Users/sunanda/Downloads/airflow/py_env/lib/python3.9/site-packages/airflow/example_dags/example_nested_branch_dag.py
[2023-03-28T10:26:52.284-0400] {processor.py:753} INFO - DAG(s) dict_keys(['example_nested_branch_dag']) retrieved from /Users/sunanda/Downloads/airflow/py_env/lib/python3.9/site-packages/airflow/example_dags/example_nested_branch_dag.py
[2023-03-28T10:26:52.956-0400] {logging_mixin.py:137} INFO - [2023-03-28T10:26:52.956-0400] {dag.py:2693} INFO - Sync 1 DAGs
[2023-03-28T10:26:52.964-0400] {logging_mixin.py:137} INFO - [2023-03-28T10:26:52.964-0400] {dag.py:3440} INFO - Setting next_dagrun for example_nested_branch_dag to 2023-03-27T00:00:00+00:00, run_after=2023-03-28T00:00:00+00:00
[2023-03-28T10:26:53.035-0400] {processor.py:175} INFO - Processing /Users/sunanda/Downloads/airflow/py_env/lib/python3.9/site-packages/airflow/example_dags/example_nested_branch_dag.py took 0.793 seconds
[2023-03-28T10:29:10.127-0400] {processor.py:153} INFO - Started process (PID=92988) to work on /Users/sunanda/Downloads/airflow/py_env/lib/python3.9/site-packages/airflow/example_dags/example_nested_branch_dag.py
[2023-03-28T10:29:10.151-0400] {processor.py:743} INFO - Processing file /Users/sunanda/Downloads/airflow/py_env/lib/python3.9/site-packages/airflow/example_dags/example_nested_branch_dag.py for tasks to queue
[2023-03-28T10:29:10.152-0400] {logging_mixin.py:137} INFO - [2023-03-28T10:29:10.151-0400] {dagbag.py:532} INFO - Filling up the DagBag from /Users/sunanda/Downloads/airflow/py_env/lib/python3.9/site-packages/airflow/example_dags/example_nested_branch_dag.py
[2023-03-28T10:29:10.191-0400] {processor.py:753} INFO - DAG(s) dict_keys(['example_nested_branch_dag']) retrieved from /Users/sunanda/Downloads/airflow/py_env/lib/python3.9/site-packages/airflow/example_dags/example_nested_branch_dag.py
[2023-03-28T10:29:10.993-0400] {logging_mixin.py:137} INFO - [2023-03-28T10:29:10.992-0400] {dag.py:2693} INFO - Sync 1 DAGs
[2023-03-28T10:29:11.025-0400] {logging_mixin.py:137} INFO - [2023-03-28T10:29:11.024-0400] {dag.py:3440} INFO - Setting next_dagrun for example_nested_branch_dag to 2023-03-27T00:00:00+00:00, run_after=2023-03-28T00:00:00+00:00
[2023-03-28T10:29:11.043-0400] {processor.py:175} INFO - Processing /Users/sunanda/Downloads/airflow/py_env/lib/python3.9/site-packages/airflow/example_dags/example_nested_branch_dag.py took 0.936 seconds
[2023-03-28T10:31:21.674-0400] {processor.py:153} INFO - Started process (PID=93203) to work on /Users/sunanda/Downloads/airflow/py_env/lib/python3.9/site-packages/airflow/example_dags/example_nested_branch_dag.py
[2023-03-28T10:31:21.678-0400] {processor.py:743} INFO - Processing file /Users/sunanda/Downloads/airflow/py_env/lib/python3.9/site-packages/airflow/example_dags/example_nested_branch_dag.py for tasks to queue
[2023-03-28T10:31:21.678-0400] {logging_mixin.py:137} INFO - [2023-03-28T10:31:21.678-0400] {dagbag.py:532} INFO - Filling up the DagBag from /Users/sunanda/Downloads/airflow/py_env/lib/python3.9/site-packages/airflow/example_dags/example_nested_branch_dag.py
[2023-03-28T10:31:21.731-0400] {processor.py:753} INFO - DAG(s) dict_keys(['example_nested_branch_dag']) retrieved from /Users/sunanda/Downloads/airflow/py_env/lib/python3.9/site-packages/airflow/example_dags/example_nested_branch_dag.py
[2023-03-28T10:31:22.328-0400] {logging_mixin.py:137} INFO - [2023-03-28T10:31:22.328-0400] {dag.py:2693} INFO - Sync 1 DAGs
[2023-03-28T10:31:22.358-0400] {logging_mixin.py:137} INFO - [2023-03-28T10:31:22.358-0400] {dag.py:3440} INFO - Setting next_dagrun for example_nested_branch_dag to 2023-03-27T00:00:00+00:00, run_after=2023-03-28T00:00:00+00:00
[2023-03-28T10:31:22.381-0400] {processor.py:175} INFO - Processing /Users/sunanda/Downloads/airflow/py_env/lib/python3.9/site-packages/airflow/example_dags/example_nested_branch_dag.py took 0.708 seconds
[2023-03-28T10:35:20.203-0400] {processor.py:153} INFO - Started process (PID=93527) to work on /Users/sunanda/Downloads/airflow/py_env/lib/python3.9/site-packages/airflow/example_dags/example_nested_branch_dag.py
[2023-03-28T10:35:20.206-0400] {processor.py:743} INFO - Processing file /Users/sunanda/Downloads/airflow/py_env/lib/python3.9/site-packages/airflow/example_dags/example_nested_branch_dag.py for tasks to queue
[2023-03-28T10:35:20.206-0400] {logging_mixin.py:137} INFO - [2023-03-28T10:35:20.206-0400] {dagbag.py:532} INFO - Filling up the DagBag from /Users/sunanda/Downloads/airflow/py_env/lib/python3.9/site-packages/airflow/example_dags/example_nested_branch_dag.py
[2023-03-28T10:35:20.290-0400] {processor.py:753} INFO - DAG(s) dict_keys(['example_nested_branch_dag']) retrieved from /Users/sunanda/Downloads/airflow/py_env/lib/python3.9/site-packages/airflow/example_dags/example_nested_branch_dag.py
[2023-03-28T10:35:21.256-0400] {logging_mixin.py:137} INFO - [2023-03-28T10:35:21.255-0400] {dag.py:2693} INFO - Sync 1 DAGs
[2023-03-28T10:35:21.284-0400] {logging_mixin.py:137} INFO - [2023-03-28T10:35:21.284-0400] {dag.py:3440} INFO - Setting next_dagrun for example_nested_branch_dag to 2023-03-27T00:00:00+00:00, run_after=2023-03-28T00:00:00+00:00
[2023-03-28T10:35:21.302-0400] {processor.py:175} INFO - Processing /Users/sunanda/Downloads/airflow/py_env/lib/python3.9/site-packages/airflow/example_dags/example_nested_branch_dag.py took 1.100 seconds
[2023-03-28T10:40:02.704-0400] {processor.py:153} INFO - Started process (PID=95397) to work on /Users/sunanda/Downloads/airflow/py_env/lib/python3.9/site-packages/airflow/example_dags/example_nested_branch_dag.py
[2023-03-28T10:40:02.706-0400] {processor.py:743} INFO - Processing file /Users/sunanda/Downloads/airflow/py_env/lib/python3.9/site-packages/airflow/example_dags/example_nested_branch_dag.py for tasks to queue
[2023-03-28T10:40:02.706-0400] {logging_mixin.py:137} INFO - [2023-03-28T10:40:02.706-0400] {dagbag.py:532} INFO - Filling up the DagBag from /Users/sunanda/Downloads/airflow/py_env/lib/python3.9/site-packages/airflow/example_dags/example_nested_branch_dag.py
[2023-03-28T10:40:02.729-0400] {processor.py:753} INFO - DAG(s) dict_keys(['example_nested_branch_dag']) retrieved from /Users/sunanda/Downloads/airflow/py_env/lib/python3.9/site-packages/airflow/example_dags/example_nested_branch_dag.py
[2023-03-28T10:40:03.282-0400] {logging_mixin.py:137} INFO - [2023-03-28T10:40:03.282-0400] {dag.py:2693} INFO - Sync 1 DAGs
[2023-03-28T10:40:03.311-0400] {logging_mixin.py:137} INFO - [2023-03-28T10:40:03.311-0400] {dag.py:3440} INFO - Setting next_dagrun for example_nested_branch_dag to 2023-03-27T00:00:00+00:00, run_after=2023-03-28T00:00:00+00:00
[2023-03-28T10:40:03.318-0400] {processor.py:175} INFO - Processing /Users/sunanda/Downloads/airflow/py_env/lib/python3.9/site-packages/airflow/example_dags/example_nested_branch_dag.py took 0.615 seconds
[2023-03-28T10:42:10.693-0400] {processor.py:153} INFO - Started process (PID=95636) to work on /Users/sunanda/Downloads/airflow/py_env/lib/python3.9/site-packages/airflow/example_dags/example_nested_branch_dag.py
[2023-03-28T10:42:10.697-0400] {processor.py:743} INFO - Processing file /Users/sunanda/Downloads/airflow/py_env/lib/python3.9/site-packages/airflow/example_dags/example_nested_branch_dag.py for tasks to queue
[2023-03-28T10:42:10.697-0400] {logging_mixin.py:137} INFO - [2023-03-28T10:42:10.697-0400] {dagbag.py:532} INFO - Filling up the DagBag from /Users/sunanda/Downloads/airflow/py_env/lib/python3.9/site-packages/airflow/example_dags/example_nested_branch_dag.py
[2023-03-28T10:42:10.740-0400] {processor.py:753} INFO - DAG(s) dict_keys(['example_nested_branch_dag']) retrieved from /Users/sunanda/Downloads/airflow/py_env/lib/python3.9/site-packages/airflow/example_dags/example_nested_branch_dag.py
[2023-03-28T10:42:11.214-0400] {logging_mixin.py:137} INFO - [2023-03-28T10:42:11.214-0400] {dag.py:2693} INFO - Sync 1 DAGs
[2023-03-28T10:42:11.234-0400] {logging_mixin.py:137} INFO - [2023-03-28T10:42:11.234-0400] {dag.py:3440} INFO - Setting next_dagrun for example_nested_branch_dag to 2023-03-27T00:00:00+00:00, run_after=2023-03-28T00:00:00+00:00
[2023-03-28T10:42:11.249-0400] {processor.py:175} INFO - Processing /Users/sunanda/Downloads/airflow/py_env/lib/python3.9/site-packages/airflow/example_dags/example_nested_branch_dag.py took 0.557 seconds
[2023-03-28T10:46:08.339-0400] {processor.py:153} INFO - Started process (PID=96126) to work on /Users/sunanda/Downloads/airflow/py_env/lib/python3.9/site-packages/airflow/example_dags/example_nested_branch_dag.py
[2023-03-28T10:46:08.343-0400] {processor.py:743} INFO - Processing file /Users/sunanda/Downloads/airflow/py_env/lib/python3.9/site-packages/airflow/example_dags/example_nested_branch_dag.py for tasks to queue
[2023-03-28T10:46:08.343-0400] {logging_mixin.py:137} INFO - [2023-03-28T10:46:08.343-0400] {dagbag.py:532} INFO - Filling up the DagBag from /Users/sunanda/Downloads/airflow/py_env/lib/python3.9/site-packages/airflow/example_dags/example_nested_branch_dag.py
[2023-03-28T10:46:08.398-0400] {processor.py:753} INFO - DAG(s) dict_keys(['example_nested_branch_dag']) retrieved from /Users/sunanda/Downloads/airflow/py_env/lib/python3.9/site-packages/airflow/example_dags/example_nested_branch_dag.py
[2023-03-28T10:46:08.863-0400] {logging_mixin.py:137} INFO - [2023-03-28T10:46:08.863-0400] {dag.py:2693} INFO - Sync 1 DAGs
[2023-03-28T10:46:08.876-0400] {logging_mixin.py:137} INFO - [2023-03-28T10:46:08.876-0400] {dag.py:3440} INFO - Setting next_dagrun for example_nested_branch_dag to 2023-03-27T00:00:00+00:00, run_after=2023-03-28T00:00:00+00:00
[2023-03-28T10:46:08.888-0400] {processor.py:175} INFO - Processing /Users/sunanda/Downloads/airflow/py_env/lib/python3.9/site-packages/airflow/example_dags/example_nested_branch_dag.py took 0.561 seconds
[2023-03-28T10:50:11.924-0400] {processor.py:153} INFO - Started process (PID=96635) to work on /Users/sunanda/Downloads/airflow/py_env/lib/python3.9/site-packages/airflow/example_dags/example_nested_branch_dag.py
[2023-03-28T10:50:11.928-0400] {processor.py:743} INFO - Processing file /Users/sunanda/Downloads/airflow/py_env/lib/python3.9/site-packages/airflow/example_dags/example_nested_branch_dag.py for tasks to queue
[2023-03-28T10:50:11.928-0400] {logging_mixin.py:137} INFO - [2023-03-28T10:50:11.928-0400] {dagbag.py:532} INFO - Filling up the DagBag from /Users/sunanda/Downloads/airflow/py_env/lib/python3.9/site-packages/airflow/example_dags/example_nested_branch_dag.py
[2023-03-28T10:50:11.953-0400] {processor.py:753} INFO - DAG(s) dict_keys(['example_nested_branch_dag']) retrieved from /Users/sunanda/Downloads/airflow/py_env/lib/python3.9/site-packages/airflow/example_dags/example_nested_branch_dag.py
[2023-03-28T10:50:12.901-0400] {logging_mixin.py:137} INFO - [2023-03-28T10:50:12.901-0400] {dag.py:2693} INFO - Sync 1 DAGs
[2023-03-28T10:50:12.927-0400] {logging_mixin.py:137} INFO - [2023-03-28T10:50:12.927-0400] {dag.py:3440} INFO - Setting next_dagrun for example_nested_branch_dag to 2023-03-27T00:00:00+00:00, run_after=2023-03-28T00:00:00+00:00
[2023-03-28T10:50:12.950-0400] {processor.py:175} INFO - Processing /Users/sunanda/Downloads/airflow/py_env/lib/python3.9/site-packages/airflow/example_dags/example_nested_branch_dag.py took 1.026 seconds
[2023-03-28T10:52:26.859-0400] {processor.py:153} INFO - Started process (PID=96916) to work on /Users/sunanda/Downloads/airflow/py_env/lib/python3.9/site-packages/airflow/example_dags/example_nested_branch_dag.py
[2023-03-28T10:52:26.887-0400] {processor.py:743} INFO - Processing file /Users/sunanda/Downloads/airflow/py_env/lib/python3.9/site-packages/airflow/example_dags/example_nested_branch_dag.py for tasks to queue
[2023-03-28T10:52:26.887-0400] {logging_mixin.py:137} INFO - [2023-03-28T10:52:26.887-0400] {dagbag.py:532} INFO - Filling up the DagBag from /Users/sunanda/Downloads/airflow/py_env/lib/python3.9/site-packages/airflow/example_dags/example_nested_branch_dag.py
[2023-03-28T10:52:27.005-0400] {processor.py:753} INFO - DAG(s) dict_keys(['example_nested_branch_dag']) retrieved from /Users/sunanda/Downloads/airflow/py_env/lib/python3.9/site-packages/airflow/example_dags/example_nested_branch_dag.py
[2023-03-28T10:52:27.568-0400] {logging_mixin.py:137} INFO - [2023-03-28T10:52:27.568-0400] {dag.py:2693} INFO - Sync 1 DAGs
[2023-03-28T10:52:27.589-0400] {logging_mixin.py:137} INFO - [2023-03-28T10:52:27.589-0400] {dag.py:3440} INFO - Setting next_dagrun for example_nested_branch_dag to 2023-03-27T00:00:00+00:00, run_after=2023-03-28T00:00:00+00:00
[2023-03-28T10:52:27.682-0400] {processor.py:175} INFO - Processing /Users/sunanda/Downloads/airflow/py_env/lib/python3.9/site-packages/airflow/example_dags/example_nested_branch_dag.py took 0.823 seconds
[2023-03-28T10:55:53.532-0400] {processor.py:153} INFO - Started process (PID=97192) to work on /Users/sunanda/Downloads/airflow/py_env/lib/python3.9/site-packages/airflow/example_dags/example_nested_branch_dag.py
[2023-03-28T10:55:53.544-0400] {processor.py:743} INFO - Processing file /Users/sunanda/Downloads/airflow/py_env/lib/python3.9/site-packages/airflow/example_dags/example_nested_branch_dag.py for tasks to queue
[2023-03-28T10:55:53.544-0400] {logging_mixin.py:137} INFO - [2023-03-28T10:55:53.544-0400] {dagbag.py:532} INFO - Filling up the DagBag from /Users/sunanda/Downloads/airflow/py_env/lib/python3.9/site-packages/airflow/example_dags/example_nested_branch_dag.py
[2023-03-28T10:55:53.570-0400] {processor.py:753} INFO - DAG(s) dict_keys(['example_nested_branch_dag']) retrieved from /Users/sunanda/Downloads/airflow/py_env/lib/python3.9/site-packages/airflow/example_dags/example_nested_branch_dag.py
[2023-03-28T10:55:54.081-0400] {logging_mixin.py:137} INFO - [2023-03-28T10:55:54.081-0400] {dag.py:2693} INFO - Sync 1 DAGs
[2023-03-28T10:55:54.096-0400] {logging_mixin.py:137} INFO - [2023-03-28T10:55:54.095-0400] {dag.py:3440} INFO - Setting next_dagrun for example_nested_branch_dag to 2023-03-27T00:00:00+00:00, run_after=2023-03-28T00:00:00+00:00
[2023-03-28T10:55:54.103-0400] {processor.py:175} INFO - Processing /Users/sunanda/Downloads/airflow/py_env/lib/python3.9/site-packages/airflow/example_dags/example_nested_branch_dag.py took 0.574 seconds
[2023-03-28T10:57:48.186-0400] {processor.py:153} INFO - Started process (PID=97361) to work on /Users/sunanda/Downloads/airflow/py_env/lib/python3.9/site-packages/airflow/example_dags/example_nested_branch_dag.py
[2023-03-28T10:57:48.190-0400] {processor.py:743} INFO - Processing file /Users/sunanda/Downloads/airflow/py_env/lib/python3.9/site-packages/airflow/example_dags/example_nested_branch_dag.py for tasks to queue
[2023-03-28T10:57:48.190-0400] {logging_mixin.py:137} INFO - [2023-03-28T10:57:48.190-0400] {dagbag.py:532} INFO - Filling up the DagBag from /Users/sunanda/Downloads/airflow/py_env/lib/python3.9/site-packages/airflow/example_dags/example_nested_branch_dag.py
[2023-03-28T10:57:48.212-0400] {processor.py:753} INFO - DAG(s) dict_keys(['example_nested_branch_dag']) retrieved from /Users/sunanda/Downloads/airflow/py_env/lib/python3.9/site-packages/airflow/example_dags/example_nested_branch_dag.py
[2023-03-28T10:57:48.626-0400] {logging_mixin.py:137} INFO - [2023-03-28T10:57:48.626-0400] {dag.py:2693} INFO - Sync 1 DAGs
[2023-03-28T10:57:48.636-0400] {logging_mixin.py:137} INFO - [2023-03-28T10:57:48.636-0400] {dag.py:3440} INFO - Setting next_dagrun for example_nested_branch_dag to 2023-03-27T00:00:00+00:00, run_after=2023-03-28T00:00:00+00:00
[2023-03-28T10:57:48.647-0400] {processor.py:175} INFO - Processing /Users/sunanda/Downloads/airflow/py_env/lib/python3.9/site-packages/airflow/example_dags/example_nested_branch_dag.py took 0.461 seconds
[2023-03-28T11:01:35.805-0400] {processor.py:153} INFO - Started process (PID=97859) to work on /Users/sunanda/Downloads/airflow/py_env/lib/python3.9/site-packages/airflow/example_dags/example_nested_branch_dag.py
[2023-03-28T11:01:35.815-0400] {processor.py:743} INFO - Processing file /Users/sunanda/Downloads/airflow/py_env/lib/python3.9/site-packages/airflow/example_dags/example_nested_branch_dag.py for tasks to queue
[2023-03-28T11:01:35.815-0400] {logging_mixin.py:137} INFO - [2023-03-28T11:01:35.815-0400] {dagbag.py:532} INFO - Filling up the DagBag from /Users/sunanda/Downloads/airflow/py_env/lib/python3.9/site-packages/airflow/example_dags/example_nested_branch_dag.py
[2023-03-28T11:01:35.840-0400] {processor.py:753} INFO - DAG(s) dict_keys(['example_nested_branch_dag']) retrieved from /Users/sunanda/Downloads/airflow/py_env/lib/python3.9/site-packages/airflow/example_dags/example_nested_branch_dag.py
[2023-03-28T11:01:36.284-0400] {logging_mixin.py:137} INFO - [2023-03-28T11:01:36.283-0400] {dag.py:2693} INFO - Sync 1 DAGs
[2023-03-28T11:01:36.302-0400] {logging_mixin.py:137} INFO - [2023-03-28T11:01:36.302-0400] {dag.py:3440} INFO - Setting next_dagrun for example_nested_branch_dag to 2023-03-27T00:00:00+00:00, run_after=2023-03-28T00:00:00+00:00
[2023-03-28T11:01:36.334-0400] {processor.py:175} INFO - Processing /Users/sunanda/Downloads/airflow/py_env/lib/python3.9/site-packages/airflow/example_dags/example_nested_branch_dag.py took 0.535 seconds
[2023-03-28T11:05:15.935-0400] {processor.py:153} INFO - Started process (PID=98167) to work on /Users/sunanda/Downloads/airflow/py_env/lib/python3.9/site-packages/airflow/example_dags/example_nested_branch_dag.py
[2023-03-28T11:05:15.939-0400] {processor.py:743} INFO - Processing file /Users/sunanda/Downloads/airflow/py_env/lib/python3.9/site-packages/airflow/example_dags/example_nested_branch_dag.py for tasks to queue
[2023-03-28T11:05:15.939-0400] {logging_mixin.py:137} INFO - [2023-03-28T11:05:15.939-0400] {dagbag.py:532} INFO - Filling up the DagBag from /Users/sunanda/Downloads/airflow/py_env/lib/python3.9/site-packages/airflow/example_dags/example_nested_branch_dag.py
[2023-03-28T11:05:15.964-0400] {processor.py:753} INFO - DAG(s) dict_keys(['example_nested_branch_dag']) retrieved from /Users/sunanda/Downloads/airflow/py_env/lib/python3.9/site-packages/airflow/example_dags/example_nested_branch_dag.py
[2023-03-28T11:05:16.461-0400] {logging_mixin.py:137} INFO - [2023-03-28T11:05:16.461-0400] {dag.py:2693} INFO - Sync 1 DAGs
[2023-03-28T11:05:16.474-0400] {logging_mixin.py:137} INFO - [2023-03-28T11:05:16.474-0400] {dag.py:3440} INFO - Setting next_dagrun for example_nested_branch_dag to 2023-03-27T00:00:00+00:00, run_after=2023-03-28T00:00:00+00:00
[2023-03-28T11:05:16.491-0400] {processor.py:175} INFO - Processing /Users/sunanda/Downloads/airflow/py_env/lib/python3.9/site-packages/airflow/example_dags/example_nested_branch_dag.py took 0.581 seconds
[2023-03-28T11:08:57.668-0400] {processor.py:153} INFO - Started process (PID=98477) to work on /Users/sunanda/Downloads/airflow/py_env/lib/python3.9/site-packages/airflow/example_dags/example_nested_branch_dag.py
[2023-03-28T11:08:57.672-0400] {processor.py:743} INFO - Processing file /Users/sunanda/Downloads/airflow/py_env/lib/python3.9/site-packages/airflow/example_dags/example_nested_branch_dag.py for tasks to queue
[2023-03-28T11:08:57.672-0400] {logging_mixin.py:137} INFO - [2023-03-28T11:08:57.672-0400] {dagbag.py:532} INFO - Filling up the DagBag from /Users/sunanda/Downloads/airflow/py_env/lib/python3.9/site-packages/airflow/example_dags/example_nested_branch_dag.py
[2023-03-28T11:08:57.695-0400] {processor.py:753} INFO - DAG(s) dict_keys(['example_nested_branch_dag']) retrieved from /Users/sunanda/Downloads/airflow/py_env/lib/python3.9/site-packages/airflow/example_dags/example_nested_branch_dag.py
[2023-03-28T11:08:58.166-0400] {logging_mixin.py:137} INFO - [2023-03-28T11:08:58.166-0400] {dag.py:2693} INFO - Sync 1 DAGs
[2023-03-28T11:08:58.176-0400] {logging_mixin.py:137} INFO - [2023-03-28T11:08:58.176-0400] {dag.py:3440} INFO - Setting next_dagrun for example_nested_branch_dag to 2023-03-27T00:00:00+00:00, run_after=2023-03-28T00:00:00+00:00
[2023-03-28T11:08:58.218-0400] {processor.py:175} INFO - Processing /Users/sunanda/Downloads/airflow/py_env/lib/python3.9/site-packages/airflow/example_dags/example_nested_branch_dag.py took 0.550 seconds
[2023-03-28T11:11:04.415-0400] {processor.py:153} INFO - Started process (PID=98634) to work on /Users/sunanda/Downloads/airflow/py_env/lib/python3.9/site-packages/airflow/example_dags/example_nested_branch_dag.py
[2023-03-28T11:11:04.424-0400] {processor.py:743} INFO - Processing file /Users/sunanda/Downloads/airflow/py_env/lib/python3.9/site-packages/airflow/example_dags/example_nested_branch_dag.py for tasks to queue
[2023-03-28T11:11:04.424-0400] {logging_mixin.py:137} INFO - [2023-03-28T11:11:04.424-0400] {dagbag.py:532} INFO - Filling up the DagBag from /Users/sunanda/Downloads/airflow/py_env/lib/python3.9/site-packages/airflow/example_dags/example_nested_branch_dag.py
[2023-03-28T11:11:04.465-0400] {processor.py:753} INFO - DAG(s) dict_keys(['example_nested_branch_dag']) retrieved from /Users/sunanda/Downloads/airflow/py_env/lib/python3.9/site-packages/airflow/example_dags/example_nested_branch_dag.py
[2023-03-28T11:11:04.907-0400] {logging_mixin.py:137} INFO - [2023-03-28T11:11:04.906-0400] {dag.py:2693} INFO - Sync 1 DAGs
[2023-03-28T11:11:04.917-0400] {logging_mixin.py:137} INFO - [2023-03-28T11:11:04.917-0400] {dag.py:3440} INFO - Setting next_dagrun for example_nested_branch_dag to 2023-03-27T00:00:00+00:00, run_after=2023-03-28T00:00:00+00:00
[2023-03-28T11:11:04.932-0400] {processor.py:175} INFO - Processing /Users/sunanda/Downloads/airflow/py_env/lib/python3.9/site-packages/airflow/example_dags/example_nested_branch_dag.py took 0.518 seconds
[2023-03-28T11:13:02.375-0400] {processor.py:153} INFO - Started process (PID=98785) to work on /Users/sunanda/Downloads/airflow/py_env/lib/python3.9/site-packages/airflow/example_dags/example_nested_branch_dag.py
[2023-03-28T11:13:02.378-0400] {processor.py:743} INFO - Processing file /Users/sunanda/Downloads/airflow/py_env/lib/python3.9/site-packages/airflow/example_dags/example_nested_branch_dag.py for tasks to queue
[2023-03-28T11:13:02.378-0400] {logging_mixin.py:137} INFO - [2023-03-28T11:13:02.378-0400] {dagbag.py:532} INFO - Filling up the DagBag from /Users/sunanda/Downloads/airflow/py_env/lib/python3.9/site-packages/airflow/example_dags/example_nested_branch_dag.py
[2023-03-28T11:13:02.500-0400] {processor.py:753} INFO - DAG(s) dict_keys(['example_nested_branch_dag']) retrieved from /Users/sunanda/Downloads/airflow/py_env/lib/python3.9/site-packages/airflow/example_dags/example_nested_branch_dag.py
[2023-03-28T11:13:03.012-0400] {logging_mixin.py:137} INFO - [2023-03-28T11:13:03.012-0400] {dag.py:2693} INFO - Sync 1 DAGs
[2023-03-28T11:13:03.029-0400] {logging_mixin.py:137} INFO - [2023-03-28T11:13:03.029-0400] {dag.py:3440} INFO - Setting next_dagrun for example_nested_branch_dag to 2023-03-27T00:00:00+00:00, run_after=2023-03-28T00:00:00+00:00
[2023-03-28T11:13:03.093-0400] {processor.py:175} INFO - Processing /Users/sunanda/Downloads/airflow/py_env/lib/python3.9/site-packages/airflow/example_dags/example_nested_branch_dag.py took 0.756 seconds
[2023-03-28T11:16:55.957-0400] {processor.py:153} INFO - Started process (PID=99093) to work on /Users/sunanda/Downloads/airflow/py_env/lib/python3.9/site-packages/airflow/example_dags/example_nested_branch_dag.py
[2023-03-28T11:16:55.959-0400] {processor.py:743} INFO - Processing file /Users/sunanda/Downloads/airflow/py_env/lib/python3.9/site-packages/airflow/example_dags/example_nested_branch_dag.py for tasks to queue
[2023-03-28T11:16:55.959-0400] {logging_mixin.py:137} INFO - [2023-03-28T11:16:55.959-0400] {dagbag.py:532} INFO - Filling up the DagBag from /Users/sunanda/Downloads/airflow/py_env/lib/python3.9/site-packages/airflow/example_dags/example_nested_branch_dag.py
[2023-03-28T11:16:55.982-0400] {processor.py:753} INFO - DAG(s) dict_keys(['example_nested_branch_dag']) retrieved from /Users/sunanda/Downloads/airflow/py_env/lib/python3.9/site-packages/airflow/example_dags/example_nested_branch_dag.py
[2023-03-28T11:16:56.518-0400] {logging_mixin.py:137} INFO - [2023-03-28T11:16:56.518-0400] {dag.py:2693} INFO - Sync 1 DAGs
[2023-03-28T11:16:56.538-0400] {logging_mixin.py:137} INFO - [2023-03-28T11:16:56.538-0400] {dag.py:3440} INFO - Setting next_dagrun for example_nested_branch_dag to 2023-03-27T00:00:00+00:00, run_after=2023-03-28T00:00:00+00:00
[2023-03-28T11:16:56.565-0400] {processor.py:175} INFO - Processing /Users/sunanda/Downloads/airflow/py_env/lib/python3.9/site-packages/airflow/example_dags/example_nested_branch_dag.py took 0.609 seconds
[2023-03-28T11:20:47.764-0400] {processor.py:153} INFO - Started process (PID=99385) to work on /Users/sunanda/Downloads/airflow/py_env/lib/python3.9/site-packages/airflow/example_dags/example_nested_branch_dag.py
[2023-03-28T11:20:47.780-0400] {processor.py:743} INFO - Processing file /Users/sunanda/Downloads/airflow/py_env/lib/python3.9/site-packages/airflow/example_dags/example_nested_branch_dag.py for tasks to queue
[2023-03-28T11:20:47.780-0400] {logging_mixin.py:137} INFO - [2023-03-28T11:20:47.780-0400] {dagbag.py:532} INFO - Filling up the DagBag from /Users/sunanda/Downloads/airflow/py_env/lib/python3.9/site-packages/airflow/example_dags/example_nested_branch_dag.py
[2023-03-28T11:20:47.811-0400] {processor.py:753} INFO - DAG(s) dict_keys(['example_nested_branch_dag']) retrieved from /Users/sunanda/Downloads/airflow/py_env/lib/python3.9/site-packages/airflow/example_dags/example_nested_branch_dag.py
[2023-03-28T11:20:48.486-0400] {logging_mixin.py:137} INFO - [2023-03-28T11:20:48.486-0400] {dag.py:2693} INFO - Sync 1 DAGs
[2023-03-28T11:20:48.503-0400] {logging_mixin.py:137} INFO - [2023-03-28T11:20:48.503-0400] {dag.py:3440} INFO - Setting next_dagrun for example_nested_branch_dag to 2023-03-27T00:00:00+00:00, run_after=2023-03-28T00:00:00+00:00
[2023-03-28T11:20:48.523-0400] {processor.py:175} INFO - Processing /Users/sunanda/Downloads/airflow/py_env/lib/python3.9/site-packages/airflow/example_dags/example_nested_branch_dag.py took 0.762 seconds
[2023-03-28T11:24:39.232-0400] {processor.py:153} INFO - Started process (PID=99679) to work on /Users/sunanda/Downloads/airflow/py_env/lib/python3.9/site-packages/airflow/example_dags/example_nested_branch_dag.py
[2023-03-28T11:24:39.242-0400] {processor.py:743} INFO - Processing file /Users/sunanda/Downloads/airflow/py_env/lib/python3.9/site-packages/airflow/example_dags/example_nested_branch_dag.py for tasks to queue
[2023-03-28T11:24:39.242-0400] {logging_mixin.py:137} INFO - [2023-03-28T11:24:39.242-0400] {dagbag.py:532} INFO - Filling up the DagBag from /Users/sunanda/Downloads/airflow/py_env/lib/python3.9/site-packages/airflow/example_dags/example_nested_branch_dag.py
[2023-03-28T11:24:39.327-0400] {processor.py:753} INFO - DAG(s) dict_keys(['example_nested_branch_dag']) retrieved from /Users/sunanda/Downloads/airflow/py_env/lib/python3.9/site-packages/airflow/example_dags/example_nested_branch_dag.py
[2023-03-28T11:24:39.889-0400] {logging_mixin.py:137} INFO - [2023-03-28T11:24:39.889-0400] {dag.py:2693} INFO - Sync 1 DAGs
[2023-03-28T11:24:39.908-0400] {logging_mixin.py:137} INFO - [2023-03-28T11:24:39.908-0400] {dag.py:3440} INFO - Setting next_dagrun for example_nested_branch_dag to 2023-03-27T00:00:00+00:00, run_after=2023-03-28T00:00:00+00:00
[2023-03-28T11:24:39.932-0400] {processor.py:175} INFO - Processing /Users/sunanda/Downloads/airflow/py_env/lib/python3.9/site-packages/airflow/example_dags/example_nested_branch_dag.py took 0.739 seconds
[2023-03-28T11:29:09.856-0400] {processor.py:153} INFO - Started process (PID=99991) to work on /Users/sunanda/Downloads/airflow/py_env/lib/python3.9/site-packages/airflow/example_dags/example_nested_branch_dag.py
[2023-03-28T11:29:09.859-0400] {processor.py:743} INFO - Processing file /Users/sunanda/Downloads/airflow/py_env/lib/python3.9/site-packages/airflow/example_dags/example_nested_branch_dag.py for tasks to queue
[2023-03-28T11:29:09.859-0400] {logging_mixin.py:137} INFO - [2023-03-28T11:29:09.859-0400] {dagbag.py:532} INFO - Filling up the DagBag from /Users/sunanda/Downloads/airflow/py_env/lib/python3.9/site-packages/airflow/example_dags/example_nested_branch_dag.py
[2023-03-28T11:29:09.882-0400] {processor.py:753} INFO - DAG(s) dict_keys(['example_nested_branch_dag']) retrieved from /Users/sunanda/Downloads/airflow/py_env/lib/python3.9/site-packages/airflow/example_dags/example_nested_branch_dag.py
[2023-03-28T11:29:10.242-0400] {logging_mixin.py:137} INFO - [2023-03-28T11:29:10.242-0400] {dag.py:2693} INFO - Sync 1 DAGs
[2023-03-28T11:29:10.258-0400] {logging_mixin.py:137} INFO - [2023-03-28T11:29:10.258-0400] {dag.py:3440} INFO - Setting next_dagrun for example_nested_branch_dag to 2023-03-27T00:00:00+00:00, run_after=2023-03-28T00:00:00+00:00
[2023-03-28T11:29:10.283-0400] {processor.py:175} INFO - Processing /Users/sunanda/Downloads/airflow/py_env/lib/python3.9/site-packages/airflow/example_dags/example_nested_branch_dag.py took 0.427 seconds
[2023-03-28T11:39:39.544-0400] {processor.py:153} INFO - Started process (PID=604) to work on /Users/sunanda/Downloads/airflow/py_env/lib/python3.9/site-packages/airflow/example_dags/example_nested_branch_dag.py
[2023-03-28T11:39:39.548-0400] {processor.py:743} INFO - Processing file /Users/sunanda/Downloads/airflow/py_env/lib/python3.9/site-packages/airflow/example_dags/example_nested_branch_dag.py for tasks to queue
[2023-03-28T11:39:39.548-0400] {logging_mixin.py:137} INFO - [2023-03-28T11:39:39.548-0400] {dagbag.py:532} INFO - Filling up the DagBag from /Users/sunanda/Downloads/airflow/py_env/lib/python3.9/site-packages/airflow/example_dags/example_nested_branch_dag.py
[2023-03-28T11:39:39.579-0400] {processor.py:753} INFO - DAG(s) dict_keys(['example_nested_branch_dag']) retrieved from /Users/sunanda/Downloads/airflow/py_env/lib/python3.9/site-packages/airflow/example_dags/example_nested_branch_dag.py
[2023-03-28T11:39:39.984-0400] {logging_mixin.py:137} INFO - [2023-03-28T11:39:39.984-0400] {dag.py:2693} INFO - Sync 1 DAGs
[2023-03-28T11:39:40.004-0400] {logging_mixin.py:137} INFO - [2023-03-28T11:39:40.004-0400] {dag.py:3440} INFO - Setting next_dagrun for example_nested_branch_dag to 2023-03-27T00:00:00+00:00, run_after=2023-03-28T00:00:00+00:00
[2023-03-28T11:39:40.020-0400] {processor.py:175} INFO - Processing /Users/sunanda/Downloads/airflow/py_env/lib/python3.9/site-packages/airflow/example_dags/example_nested_branch_dag.py took 0.477 seconds
[2023-03-28T11:43:29.055-0400] {processor.py:153} INFO - Started process (PID=938) to work on /Users/sunanda/Downloads/airflow/py_env/lib/python3.9/site-packages/airflow/example_dags/example_nested_branch_dag.py
[2023-03-28T11:43:29.065-0400] {processor.py:743} INFO - Processing file /Users/sunanda/Downloads/airflow/py_env/lib/python3.9/site-packages/airflow/example_dags/example_nested_branch_dag.py for tasks to queue
[2023-03-28T11:43:29.065-0400] {logging_mixin.py:137} INFO - [2023-03-28T11:43:29.065-0400] {dagbag.py:532} INFO - Filling up the DagBag from /Users/sunanda/Downloads/airflow/py_env/lib/python3.9/site-packages/airflow/example_dags/example_nested_branch_dag.py
[2023-03-28T11:43:29.098-0400] {processor.py:753} INFO - DAG(s) dict_keys(['example_nested_branch_dag']) retrieved from /Users/sunanda/Downloads/airflow/py_env/lib/python3.9/site-packages/airflow/example_dags/example_nested_branch_dag.py
[2023-03-28T11:43:29.511-0400] {logging_mixin.py:137} INFO - [2023-03-28T11:43:29.511-0400] {dag.py:2693} INFO - Sync 1 DAGs
[2023-03-28T11:43:29.532-0400] {logging_mixin.py:137} INFO - [2023-03-28T11:43:29.532-0400] {dag.py:3440} INFO - Setting next_dagrun for example_nested_branch_dag to 2023-03-27T00:00:00+00:00, run_after=2023-03-28T00:00:00+00:00
[2023-03-28T11:43:29.546-0400] {processor.py:175} INFO - Processing /Users/sunanda/Downloads/airflow/py_env/lib/python3.9/site-packages/airflow/example_dags/example_nested_branch_dag.py took 0.492 seconds
[2023-03-28T11:47:06.987-0400] {processor.py:153} INFO - Started process (PID=1257) to work on /Users/sunanda/Downloads/airflow/py_env/lib/python3.9/site-packages/airflow/example_dags/example_nested_branch_dag.py
[2023-03-28T11:47:07.003-0400] {processor.py:743} INFO - Processing file /Users/sunanda/Downloads/airflow/py_env/lib/python3.9/site-packages/airflow/example_dags/example_nested_branch_dag.py for tasks to queue
[2023-03-28T11:47:07.004-0400] {logging_mixin.py:137} INFO - [2023-03-28T11:47:07.004-0400] {dagbag.py:532} INFO - Filling up the DagBag from /Users/sunanda/Downloads/airflow/py_env/lib/python3.9/site-packages/airflow/example_dags/example_nested_branch_dag.py
[2023-03-28T11:47:07.057-0400] {processor.py:753} INFO - DAG(s) dict_keys(['example_nested_branch_dag']) retrieved from /Users/sunanda/Downloads/airflow/py_env/lib/python3.9/site-packages/airflow/example_dags/example_nested_branch_dag.py
[2023-03-28T11:47:07.547-0400] {logging_mixin.py:137} INFO - [2023-03-28T11:47:07.546-0400] {dag.py:2693} INFO - Sync 1 DAGs
[2023-03-28T11:47:07.578-0400] {logging_mixin.py:137} INFO - [2023-03-28T11:47:07.578-0400] {dag.py:3440} INFO - Setting next_dagrun for example_nested_branch_dag to 2023-03-27T00:00:00+00:00, run_after=2023-03-28T00:00:00+00:00
[2023-03-28T11:47:07.588-0400] {processor.py:175} INFO - Processing /Users/sunanda/Downloads/airflow/py_env/lib/python3.9/site-packages/airflow/example_dags/example_nested_branch_dag.py took 0.609 seconds
[2023-03-28T11:51:14.628-0400] {processor.py:153} INFO - Started process (PID=1638) to work on /Users/sunanda/Downloads/airflow/py_env/lib/python3.9/site-packages/airflow/example_dags/example_nested_branch_dag.py
[2023-03-28T11:51:14.633-0400] {processor.py:743} INFO - Processing file /Users/sunanda/Downloads/airflow/py_env/lib/python3.9/site-packages/airflow/example_dags/example_nested_branch_dag.py for tasks to queue
[2023-03-28T11:51:14.634-0400] {logging_mixin.py:137} INFO - [2023-03-28T11:51:14.634-0400] {dagbag.py:532} INFO - Filling up the DagBag from /Users/sunanda/Downloads/airflow/py_env/lib/python3.9/site-packages/airflow/example_dags/example_nested_branch_dag.py
[2023-03-28T11:51:14.698-0400] {processor.py:753} INFO - DAG(s) dict_keys(['example_nested_branch_dag']) retrieved from /Users/sunanda/Downloads/airflow/py_env/lib/python3.9/site-packages/airflow/example_dags/example_nested_branch_dag.py
[2023-03-28T11:51:15.320-0400] {logging_mixin.py:137} INFO - [2023-03-28T11:51:15.320-0400] {dag.py:2693} INFO - Sync 1 DAGs
[2023-03-28T11:51:15.331-0400] {logging_mixin.py:137} INFO - [2023-03-28T11:51:15.330-0400] {dag.py:3440} INFO - Setting next_dagrun for example_nested_branch_dag to 2023-03-27T00:00:00+00:00, run_after=2023-03-28T00:00:00+00:00
[2023-03-28T11:51:15.351-0400] {processor.py:175} INFO - Processing /Users/sunanda/Downloads/airflow/py_env/lib/python3.9/site-packages/airflow/example_dags/example_nested_branch_dag.py took 0.724 seconds
[2023-03-28T11:53:16.798-0400] {processor.py:153} INFO - Started process (PID=1810) to work on /Users/sunanda/Downloads/airflow/py_env/lib/python3.9/site-packages/airflow/example_dags/example_nested_branch_dag.py
[2023-03-28T11:53:16.805-0400] {processor.py:743} INFO - Processing file /Users/sunanda/Downloads/airflow/py_env/lib/python3.9/site-packages/airflow/example_dags/example_nested_branch_dag.py for tasks to queue
[2023-03-28T11:53:16.806-0400] {logging_mixin.py:137} INFO - [2023-03-28T11:53:16.806-0400] {dagbag.py:532} INFO - Filling up the DagBag from /Users/sunanda/Downloads/airflow/py_env/lib/python3.9/site-packages/airflow/example_dags/example_nested_branch_dag.py
[2023-03-28T11:53:16.830-0400] {processor.py:753} INFO - DAG(s) dict_keys(['example_nested_branch_dag']) retrieved from /Users/sunanda/Downloads/airflow/py_env/lib/python3.9/site-packages/airflow/example_dags/example_nested_branch_dag.py
[2023-03-28T11:53:17.312-0400] {logging_mixin.py:137} INFO - [2023-03-28T11:53:17.312-0400] {dag.py:2693} INFO - Sync 1 DAGs
[2023-03-28T11:53:17.324-0400] {logging_mixin.py:137} INFO - [2023-03-28T11:53:17.324-0400] {dag.py:3440} INFO - Setting next_dagrun for example_nested_branch_dag to 2023-03-27T00:00:00+00:00, run_after=2023-03-28T00:00:00+00:00
[2023-03-28T11:53:17.347-0400] {processor.py:175} INFO - Processing /Users/sunanda/Downloads/airflow/py_env/lib/python3.9/site-packages/airflow/example_dags/example_nested_branch_dag.py took 0.554 seconds
[2023-03-28T11:55:22.330-0400] {processor.py:153} INFO - Started process (PID=1972) to work on /Users/sunanda/Downloads/airflow/py_env/lib/python3.9/site-packages/airflow/example_dags/example_nested_branch_dag.py
[2023-03-28T11:55:22.333-0400] {processor.py:743} INFO - Processing file /Users/sunanda/Downloads/airflow/py_env/lib/python3.9/site-packages/airflow/example_dags/example_nested_branch_dag.py for tasks to queue
[2023-03-28T11:55:22.333-0400] {logging_mixin.py:137} INFO - [2023-03-28T11:55:22.333-0400] {dagbag.py:532} INFO - Filling up the DagBag from /Users/sunanda/Downloads/airflow/py_env/lib/python3.9/site-packages/airflow/example_dags/example_nested_branch_dag.py
[2023-03-28T11:55:22.376-0400] {processor.py:753} INFO - DAG(s) dict_keys(['example_nested_branch_dag']) retrieved from /Users/sunanda/Downloads/airflow/py_env/lib/python3.9/site-packages/airflow/example_dags/example_nested_branch_dag.py
[2023-03-28T11:55:23.108-0400] {logging_mixin.py:137} INFO - [2023-03-28T11:55:23.108-0400] {dag.py:2693} INFO - Sync 1 DAGs
[2023-03-28T11:55:23.148-0400] {logging_mixin.py:137} INFO - [2023-03-28T11:55:23.148-0400] {dag.py:3440} INFO - Setting next_dagrun for example_nested_branch_dag to 2023-03-27T00:00:00+00:00, run_after=2023-03-28T00:00:00+00:00
[2023-03-28T11:55:23.208-0400] {processor.py:175} INFO - Processing /Users/sunanda/Downloads/airflow/py_env/lib/python3.9/site-packages/airflow/example_dags/example_nested_branch_dag.py took 0.882 seconds
[2023-03-28T11:59:11.099-0400] {processor.py:153} INFO - Started process (PID=2292) to work on /Users/sunanda/Downloads/airflow/py_env/lib/python3.9/site-packages/airflow/example_dags/example_nested_branch_dag.py
[2023-03-28T11:59:11.104-0400] {processor.py:743} INFO - Processing file /Users/sunanda/Downloads/airflow/py_env/lib/python3.9/site-packages/airflow/example_dags/example_nested_branch_dag.py for tasks to queue
[2023-03-28T11:59:11.104-0400] {logging_mixin.py:137} INFO - [2023-03-28T11:59:11.104-0400] {dagbag.py:532} INFO - Filling up the DagBag from /Users/sunanda/Downloads/airflow/py_env/lib/python3.9/site-packages/airflow/example_dags/example_nested_branch_dag.py
[2023-03-28T11:59:11.132-0400] {processor.py:753} INFO - DAG(s) dict_keys(['example_nested_branch_dag']) retrieved from /Users/sunanda/Downloads/airflow/py_env/lib/python3.9/site-packages/airflow/example_dags/example_nested_branch_dag.py
[2023-03-28T11:59:11.505-0400] {logging_mixin.py:137} INFO - [2023-03-28T11:59:11.505-0400] {dag.py:2693} INFO - Sync 1 DAGs
[2023-03-28T11:59:11.516-0400] {logging_mixin.py:137} INFO - [2023-03-28T11:59:11.516-0400] {dag.py:3440} INFO - Setting next_dagrun for example_nested_branch_dag to 2023-03-27T00:00:00+00:00, run_after=2023-03-28T00:00:00+00:00
[2023-03-28T11:59:11.527-0400] {processor.py:175} INFO - Processing /Users/sunanda/Downloads/airflow/py_env/lib/python3.9/site-packages/airflow/example_dags/example_nested_branch_dag.py took 0.428 seconds
[2023-03-28T12:02:58.765-0400] {processor.py:153} INFO - Started process (PID=2618) to work on /Users/sunanda/Downloads/airflow/py_env/lib/python3.9/site-packages/airflow/example_dags/example_nested_branch_dag.py
[2023-03-28T12:02:58.768-0400] {processor.py:743} INFO - Processing file /Users/sunanda/Downloads/airflow/py_env/lib/python3.9/site-packages/airflow/example_dags/example_nested_branch_dag.py for tasks to queue
[2023-03-28T12:02:58.768-0400] {logging_mixin.py:137} INFO - [2023-03-28T12:02:58.768-0400] {dagbag.py:532} INFO - Filling up the DagBag from /Users/sunanda/Downloads/airflow/py_env/lib/python3.9/site-packages/airflow/example_dags/example_nested_branch_dag.py
[2023-03-28T12:02:58.799-0400] {processor.py:753} INFO - DAG(s) dict_keys(['example_nested_branch_dag']) retrieved from /Users/sunanda/Downloads/airflow/py_env/lib/python3.9/site-packages/airflow/example_dags/example_nested_branch_dag.py
[2023-03-28T12:02:59.341-0400] {logging_mixin.py:137} INFO - [2023-03-28T12:02:59.341-0400] {dag.py:2693} INFO - Sync 1 DAGs
[2023-03-28T12:02:59.349-0400] {logging_mixin.py:137} INFO - [2023-03-28T12:02:59.349-0400] {dag.py:3440} INFO - Setting next_dagrun for example_nested_branch_dag to 2023-03-27T00:00:00+00:00, run_after=2023-03-28T00:00:00+00:00
[2023-03-28T12:02:59.374-0400] {processor.py:175} INFO - Processing /Users/sunanda/Downloads/airflow/py_env/lib/python3.9/site-packages/airflow/example_dags/example_nested_branch_dag.py took 0.610 seconds
[2023-03-28T12:06:48.032-0400] {processor.py:153} INFO - Started process (PID=2964) to work on /Users/sunanda/Downloads/airflow/py_env/lib/python3.9/site-packages/airflow/example_dags/example_nested_branch_dag.py
[2023-03-28T12:06:48.036-0400] {processor.py:743} INFO - Processing file /Users/sunanda/Downloads/airflow/py_env/lib/python3.9/site-packages/airflow/example_dags/example_nested_branch_dag.py for tasks to queue
[2023-03-28T12:06:48.036-0400] {logging_mixin.py:137} INFO - [2023-03-28T12:06:48.036-0400] {dagbag.py:532} INFO - Filling up the DagBag from /Users/sunanda/Downloads/airflow/py_env/lib/python3.9/site-packages/airflow/example_dags/example_nested_branch_dag.py
[2023-03-28T12:06:48.114-0400] {processor.py:753} INFO - DAG(s) dict_keys(['example_nested_branch_dag']) retrieved from /Users/sunanda/Downloads/airflow/py_env/lib/python3.9/site-packages/airflow/example_dags/example_nested_branch_dag.py
[2023-03-28T12:06:48.454-0400] {logging_mixin.py:137} INFO - [2023-03-28T12:06:48.454-0400] {dag.py:2693} INFO - Sync 1 DAGs
[2023-03-28T12:06:48.478-0400] {logging_mixin.py:137} INFO - [2023-03-28T12:06:48.477-0400] {dag.py:3440} INFO - Setting next_dagrun for example_nested_branch_dag to 2023-03-27T00:00:00+00:00, run_after=2023-03-28T00:00:00+00:00
[2023-03-28T12:06:48.504-0400] {processor.py:175} INFO - Processing /Users/sunanda/Downloads/airflow/py_env/lib/python3.9/site-packages/airflow/example_dags/example_nested_branch_dag.py took 0.480 seconds
[2023-03-28T12:08:55.870-0400] {processor.py:153} INFO - Started process (PID=3244) to work on /Users/sunanda/Downloads/airflow/py_env/lib/python3.9/site-packages/airflow/example_dags/example_nested_branch_dag.py
[2023-03-28T12:08:55.891-0400] {processor.py:743} INFO - Processing file /Users/sunanda/Downloads/airflow/py_env/lib/python3.9/site-packages/airflow/example_dags/example_nested_branch_dag.py for tasks to queue
[2023-03-28T12:08:55.891-0400] {logging_mixin.py:137} INFO - [2023-03-28T12:08:55.891-0400] {dagbag.py:532} INFO - Filling up the DagBag from /Users/sunanda/Downloads/airflow/py_env/lib/python3.9/site-packages/airflow/example_dags/example_nested_branch_dag.py
[2023-03-28T12:08:55.923-0400] {processor.py:753} INFO - DAG(s) dict_keys(['example_nested_branch_dag']) retrieved from /Users/sunanda/Downloads/airflow/py_env/lib/python3.9/site-packages/airflow/example_dags/example_nested_branch_dag.py
[2023-03-28T12:08:56.311-0400] {logging_mixin.py:137} INFO - [2023-03-28T12:08:56.310-0400] {dag.py:2693} INFO - Sync 1 DAGs
[2023-03-28T12:08:56.349-0400] {logging_mixin.py:137} INFO - [2023-03-28T12:08:56.349-0400] {dag.py:3440} INFO - Setting next_dagrun for example_nested_branch_dag to 2023-03-27T00:00:00+00:00, run_after=2023-03-28T00:00:00+00:00
[2023-03-28T12:08:56.357-0400] {processor.py:175} INFO - Processing /Users/sunanda/Downloads/airflow/py_env/lib/python3.9/site-packages/airflow/example_dags/example_nested_branch_dag.py took 0.490 seconds
[2023-03-28T12:12:50.922-0400] {processor.py:153} INFO - Started process (PID=3604) to work on /Users/sunanda/Downloads/airflow/py_env/lib/python3.9/site-packages/airflow/example_dags/example_nested_branch_dag.py
[2023-03-28T12:12:50.924-0400] {processor.py:743} INFO - Processing file /Users/sunanda/Downloads/airflow/py_env/lib/python3.9/site-packages/airflow/example_dags/example_nested_branch_dag.py for tasks to queue
[2023-03-28T12:12:50.924-0400] {logging_mixin.py:137} INFO - [2023-03-28T12:12:50.924-0400] {dagbag.py:532} INFO - Filling up the DagBag from /Users/sunanda/Downloads/airflow/py_env/lib/python3.9/site-packages/airflow/example_dags/example_nested_branch_dag.py
[2023-03-28T12:12:50.975-0400] {processor.py:753} INFO - DAG(s) dict_keys(['example_nested_branch_dag']) retrieved from /Users/sunanda/Downloads/airflow/py_env/lib/python3.9/site-packages/airflow/example_dags/example_nested_branch_dag.py
[2023-03-28T12:12:51.482-0400] {logging_mixin.py:137} INFO - [2023-03-28T12:12:51.482-0400] {dag.py:2693} INFO - Sync 1 DAGs
[2023-03-28T12:12:51.492-0400] {logging_mixin.py:137} INFO - [2023-03-28T12:12:51.492-0400] {dag.py:3440} INFO - Setting next_dagrun for example_nested_branch_dag to 2023-03-27T00:00:00+00:00, run_after=2023-03-28T00:00:00+00:00
[2023-03-28T12:12:51.504-0400] {processor.py:175} INFO - Processing /Users/sunanda/Downloads/airflow/py_env/lib/python3.9/site-packages/airflow/example_dags/example_nested_branch_dag.py took 0.582 seconds
[2023-03-28T12:15:07.149-0400] {processor.py:153} INFO - Started process (PID=3800) to work on /Users/sunanda/Downloads/airflow/py_env/lib/python3.9/site-packages/airflow/example_dags/example_nested_branch_dag.py
[2023-03-28T12:15:07.152-0400] {processor.py:743} INFO - Processing file /Users/sunanda/Downloads/airflow/py_env/lib/python3.9/site-packages/airflow/example_dags/example_nested_branch_dag.py for tasks to queue
[2023-03-28T12:15:07.152-0400] {logging_mixin.py:137} INFO - [2023-03-28T12:15:07.152-0400] {dagbag.py:532} INFO - Filling up the DagBag from /Users/sunanda/Downloads/airflow/py_env/lib/python3.9/site-packages/airflow/example_dags/example_nested_branch_dag.py
[2023-03-28T12:15:07.219-0400] {processor.py:753} INFO - DAG(s) dict_keys(['example_nested_branch_dag']) retrieved from /Users/sunanda/Downloads/airflow/py_env/lib/python3.9/site-packages/airflow/example_dags/example_nested_branch_dag.py
[2023-03-28T12:15:07.683-0400] {logging_mixin.py:137} INFO - [2023-03-28T12:15:07.683-0400] {dag.py:2693} INFO - Sync 1 DAGs
[2023-03-28T12:15:07.694-0400] {logging_mixin.py:137} INFO - [2023-03-28T12:15:07.694-0400] {dag.py:3440} INFO - Setting next_dagrun for example_nested_branch_dag to 2023-03-27T00:00:00+00:00, run_after=2023-03-28T00:00:00+00:00
[2023-03-28T12:15:07.709-0400] {processor.py:175} INFO - Processing /Users/sunanda/Downloads/airflow/py_env/lib/python3.9/site-packages/airflow/example_dags/example_nested_branch_dag.py took 0.602 seconds
[2023-03-28T12:17:34.134-0400] {processor.py:153} INFO - Started process (PID=4047) to work on /Users/sunanda/Downloads/airflow/py_env/lib/python3.9/site-packages/airflow/example_dags/example_nested_branch_dag.py
[2023-03-28T12:17:34.151-0400] {processor.py:743} INFO - Processing file /Users/sunanda/Downloads/airflow/py_env/lib/python3.9/site-packages/airflow/example_dags/example_nested_branch_dag.py for tasks to queue
[2023-03-28T12:17:34.151-0400] {logging_mixin.py:137} INFO - [2023-03-28T12:17:34.151-0400] {dagbag.py:532} INFO - Filling up the DagBag from /Users/sunanda/Downloads/airflow/py_env/lib/python3.9/site-packages/airflow/example_dags/example_nested_branch_dag.py
[2023-03-28T12:17:34.183-0400] {processor.py:753} INFO - DAG(s) dict_keys(['example_nested_branch_dag']) retrieved from /Users/sunanda/Downloads/airflow/py_env/lib/python3.9/site-packages/airflow/example_dags/example_nested_branch_dag.py
[2023-03-28T12:17:34.675-0400] {logging_mixin.py:137} INFO - [2023-03-28T12:17:34.675-0400] {dag.py:2693} INFO - Sync 1 DAGs
[2023-03-28T12:17:34.711-0400] {logging_mixin.py:137} INFO - [2023-03-28T12:17:34.711-0400] {dag.py:3440} INFO - Setting next_dagrun for example_nested_branch_dag to 2023-03-27T00:00:00+00:00, run_after=2023-03-28T00:00:00+00:00
[2023-03-28T12:17:34.737-0400] {processor.py:175} INFO - Processing /Users/sunanda/Downloads/airflow/py_env/lib/python3.9/site-packages/airflow/example_dags/example_nested_branch_dag.py took 0.605 seconds
[2023-03-28T12:21:18.924-0400] {processor.py:153} INFO - Started process (PID=4330) to work on /Users/sunanda/Downloads/airflow/py_env/lib/python3.9/site-packages/airflow/example_dags/example_nested_branch_dag.py
[2023-03-28T12:21:18.942-0400] {processor.py:743} INFO - Processing file /Users/sunanda/Downloads/airflow/py_env/lib/python3.9/site-packages/airflow/example_dags/example_nested_branch_dag.py for tasks to queue
[2023-03-28T12:21:18.942-0400] {logging_mixin.py:137} INFO - [2023-03-28T12:21:18.942-0400] {dagbag.py:532} INFO - Filling up the DagBag from /Users/sunanda/Downloads/airflow/py_env/lib/python3.9/site-packages/airflow/example_dags/example_nested_branch_dag.py
[2023-03-28T12:21:18.998-0400] {processor.py:753} INFO - DAG(s) dict_keys(['example_nested_branch_dag']) retrieved from /Users/sunanda/Downloads/airflow/py_env/lib/python3.9/site-packages/airflow/example_dags/example_nested_branch_dag.py
[2023-03-28T12:21:19.598-0400] {logging_mixin.py:137} INFO - [2023-03-28T12:21:19.597-0400] {dag.py:2693} INFO - Sync 1 DAGs
[2023-03-28T12:21:19.615-0400] {logging_mixin.py:137} INFO - [2023-03-28T12:21:19.615-0400] {dag.py:3440} INFO - Setting next_dagrun for example_nested_branch_dag to 2023-03-27T00:00:00+00:00, run_after=2023-03-28T00:00:00+00:00
[2023-03-28T12:21:19.638-0400] {processor.py:175} INFO - Processing /Users/sunanda/Downloads/airflow/py_env/lib/python3.9/site-packages/airflow/example_dags/example_nested_branch_dag.py took 0.714 seconds
[2023-03-28T12:28:05.983-0400] {processor.py:153} INFO - Started process (PID=4670) to work on /Users/sunanda/Downloads/airflow/py_env/lib/python3.9/site-packages/airflow/example_dags/example_nested_branch_dag.py
[2023-03-28T12:28:06.010-0400] {processor.py:743} INFO - Processing file /Users/sunanda/Downloads/airflow/py_env/lib/python3.9/site-packages/airflow/example_dags/example_nested_branch_dag.py for tasks to queue
[2023-03-28T12:28:06.011-0400] {logging_mixin.py:137} INFO - [2023-03-28T12:28:06.010-0400] {dagbag.py:532} INFO - Filling up the DagBag from /Users/sunanda/Downloads/airflow/py_env/lib/python3.9/site-packages/airflow/example_dags/example_nested_branch_dag.py
[2023-03-28T12:28:06.046-0400] {processor.py:753} INFO - DAG(s) dict_keys(['example_nested_branch_dag']) retrieved from /Users/sunanda/Downloads/airflow/py_env/lib/python3.9/site-packages/airflow/example_dags/example_nested_branch_dag.py
[2023-03-28T12:28:06.540-0400] {logging_mixin.py:137} INFO - [2023-03-28T12:28:06.540-0400] {dag.py:2693} INFO - Sync 1 DAGs
[2023-03-28T12:28:06.548-0400] {logging_mixin.py:137} INFO - [2023-03-28T12:28:06.548-0400] {dag.py:3440} INFO - Setting next_dagrun for example_nested_branch_dag to 2023-03-27T00:00:00+00:00, run_after=2023-03-28T00:00:00+00:00
[2023-03-28T12:28:06.558-0400] {processor.py:175} INFO - Processing /Users/sunanda/Downloads/airflow/py_env/lib/python3.9/site-packages/airflow/example_dags/example_nested_branch_dag.py took 0.575 seconds
