[2023-03-27T23:38:13.636-0400] {processor.py:153} INFO - Started process (PID=79239) to work on /Users/sunanda/Downloads/airflow/py_env/lib/python3.9/site-packages/airflow/example_dags/example_branch_python_dop_operator_3.py
[2023-03-27T23:38:13.640-0400] {processor.py:743} INFO - Processing file /Users/sunanda/Downloads/airflow/py_env/lib/python3.9/site-packages/airflow/example_dags/example_branch_python_dop_operator_3.py for tasks to queue
[2023-03-27T23:38:13.641-0400] {logging_mixin.py:137} INFO - [2023-03-27T23:38:13.641-0400] {dagbag.py:532} INFO - Filling up the DagBag from /Users/sunanda/Downloads/airflow/py_env/lib/python3.9/site-packages/airflow/example_dags/example_branch_python_dop_operator_3.py
[2023-03-27T23:38:13.662-0400] {processor.py:753} INFO - DAG(s) dict_keys(['example_branch_dop_operator_v3']) retrieved from /Users/sunanda/Downloads/airflow/py_env/lib/python3.9/site-packages/airflow/example_dags/example_branch_python_dop_operator_3.py
[2023-03-27T23:38:13.923-0400] {logging_mixin.py:137} INFO - [2023-03-27T23:38:13.923-0400] {dag.py:2693} INFO - Sync 1 DAGs
[2023-03-27T23:38:13.931-0400] {logging_mixin.py:137} INFO - [2023-03-27T23:38:13.931-0400] {dag.py:3440} INFO - Setting next_dagrun for example_branch_dop_operator_v3 to 2023-03-28T03:37:00+00:00, run_after=2023-03-28T03:38:00+00:00
[2023-03-27T23:38:13.939-0400] {processor.py:175} INFO - Processing /Users/sunanda/Downloads/airflow/py_env/lib/python3.9/site-packages/airflow/example_dags/example_branch_python_dop_operator_3.py took 0.304 seconds
[2023-03-27T23:40:03.478-0400] {processor.py:153} INFO - Started process (PID=79422) to work on /Users/sunanda/Downloads/airflow/py_env/lib/python3.9/site-packages/airflow/example_dags/example_branch_python_dop_operator_3.py
[2023-03-27T23:40:03.481-0400] {processor.py:743} INFO - Processing file /Users/sunanda/Downloads/airflow/py_env/lib/python3.9/site-packages/airflow/example_dags/example_branch_python_dop_operator_3.py for tasks to queue
[2023-03-27T23:40:03.481-0400] {logging_mixin.py:137} INFO - [2023-03-27T23:40:03.481-0400] {dagbag.py:532} INFO - Filling up the DagBag from /Users/sunanda/Downloads/airflow/py_env/lib/python3.9/site-packages/airflow/example_dags/example_branch_python_dop_operator_3.py
[2023-03-27T23:40:03.504-0400] {processor.py:753} INFO - DAG(s) dict_keys(['example_branch_dop_operator_v3']) retrieved from /Users/sunanda/Downloads/airflow/py_env/lib/python3.9/site-packages/airflow/example_dags/example_branch_python_dop_operator_3.py
[2023-03-27T23:40:03.757-0400] {logging_mixin.py:137} INFO - [2023-03-27T23:40:03.757-0400] {dag.py:2693} INFO - Sync 1 DAGs
[2023-03-27T23:40:03.766-0400] {logging_mixin.py:137} INFO - [2023-03-27T23:40:03.766-0400] {dag.py:3440} INFO - Setting next_dagrun for example_branch_dop_operator_v3 to 2023-03-28T03:39:00+00:00, run_after=2023-03-28T03:40:00+00:00
[2023-03-27T23:40:03.773-0400] {processor.py:175} INFO - Processing /Users/sunanda/Downloads/airflow/py_env/lib/python3.9/site-packages/airflow/example_dags/example_branch_python_dop_operator_3.py took 0.296 seconds
[2023-03-28T10:11:48.620-0400] {processor.py:153} INFO - Started process (PID=91370) to work on /Users/sunanda/Downloads/airflow/py_env/lib/python3.9/site-packages/airflow/example_dags/example_branch_python_dop_operator_3.py
[2023-03-28T10:11:48.630-0400] {processor.py:743} INFO - Processing file /Users/sunanda/Downloads/airflow/py_env/lib/python3.9/site-packages/airflow/example_dags/example_branch_python_dop_operator_3.py for tasks to queue
[2023-03-28T10:11:48.631-0400] {logging_mixin.py:137} INFO - [2023-03-28T10:11:48.631-0400] {dagbag.py:532} INFO - Filling up the DagBag from /Users/sunanda/Downloads/airflow/py_env/lib/python3.9/site-packages/airflow/example_dags/example_branch_python_dop_operator_3.py
[2023-03-28T10:11:48.673-0400] {processor.py:753} INFO - DAG(s) dict_keys(['example_branch_dop_operator_v3']) retrieved from /Users/sunanda/Downloads/airflow/py_env/lib/python3.9/site-packages/airflow/example_dags/example_branch_python_dop_operator_3.py
[2023-03-28T10:11:49.218-0400] {logging_mixin.py:137} INFO - [2023-03-28T10:11:49.218-0400] {dag.py:2693} INFO - Sync 1 DAGs
[2023-03-28T10:11:49.275-0400] {logging_mixin.py:137} INFO - [2023-03-28T10:11:49.275-0400] {dag.py:3440} INFO - Setting next_dagrun for example_branch_dop_operator_v3 to 2023-03-28T14:10:00+00:00, run_after=2023-03-28T14:11:00+00:00
[2023-03-28T10:11:49.289-0400] {processor.py:175} INFO - Processing /Users/sunanda/Downloads/airflow/py_env/lib/python3.9/site-packages/airflow/example_dags/example_branch_python_dop_operator_3.py took 0.669 seconds
[2023-03-28T10:16:28.579-0400] {processor.py:153} INFO - Started process (PID=91725) to work on /Users/sunanda/Downloads/airflow/py_env/lib/python3.9/site-packages/airflow/example_dags/example_branch_python_dop_operator_3.py
[2023-03-28T10:16:28.588-0400] {processor.py:743} INFO - Processing file /Users/sunanda/Downloads/airflow/py_env/lib/python3.9/site-packages/airflow/example_dags/example_branch_python_dop_operator_3.py for tasks to queue
[2023-03-28T10:16:28.589-0400] {logging_mixin.py:137} INFO - [2023-03-28T10:16:28.589-0400] {dagbag.py:532} INFO - Filling up the DagBag from /Users/sunanda/Downloads/airflow/py_env/lib/python3.9/site-packages/airflow/example_dags/example_branch_python_dop_operator_3.py
[2023-03-28T10:16:28.632-0400] {processor.py:753} INFO - DAG(s) dict_keys(['example_branch_dop_operator_v3']) retrieved from /Users/sunanda/Downloads/airflow/py_env/lib/python3.9/site-packages/airflow/example_dags/example_branch_python_dop_operator_3.py
[2023-03-28T10:16:29.100-0400] {logging_mixin.py:137} INFO - [2023-03-28T10:16:29.100-0400] {dag.py:2693} INFO - Sync 1 DAGs
[2023-03-28T10:16:29.129-0400] {logging_mixin.py:137} INFO - [2023-03-28T10:16:29.129-0400] {dag.py:3440} INFO - Setting next_dagrun for example_branch_dop_operator_v3 to 2023-03-28T14:15:00+00:00, run_after=2023-03-28T14:16:00+00:00
[2023-03-28T10:16:29.181-0400] {processor.py:175} INFO - Processing /Users/sunanda/Downloads/airflow/py_env/lib/python3.9/site-packages/airflow/example_dags/example_branch_python_dop_operator_3.py took 0.602 seconds
[2023-03-28T10:20:42.910-0400] {processor.py:153} INFO - Started process (PID=92060) to work on /Users/sunanda/Downloads/airflow/py_env/lib/python3.9/site-packages/airflow/example_dags/example_branch_python_dop_operator_3.py
[2023-03-28T10:20:42.914-0400] {processor.py:743} INFO - Processing file /Users/sunanda/Downloads/airflow/py_env/lib/python3.9/site-packages/airflow/example_dags/example_branch_python_dop_operator_3.py for tasks to queue
[2023-03-28T10:20:42.914-0400] {logging_mixin.py:137} INFO - [2023-03-28T10:20:42.914-0400] {dagbag.py:532} INFO - Filling up the DagBag from /Users/sunanda/Downloads/airflow/py_env/lib/python3.9/site-packages/airflow/example_dags/example_branch_python_dop_operator_3.py
[2023-03-28T10:20:42.960-0400] {processor.py:753} INFO - DAG(s) dict_keys(['example_branch_dop_operator_v3']) retrieved from /Users/sunanda/Downloads/airflow/py_env/lib/python3.9/site-packages/airflow/example_dags/example_branch_python_dop_operator_3.py
[2023-03-28T10:20:43.435-0400] {logging_mixin.py:137} INFO - [2023-03-28T10:20:43.435-0400] {dag.py:2693} INFO - Sync 1 DAGs
[2023-03-28T10:20:43.448-0400] {logging_mixin.py:137} INFO - [2023-03-28T10:20:43.448-0400] {dag.py:3440} INFO - Setting next_dagrun for example_branch_dop_operator_v3 to 2023-03-28T14:19:00+00:00, run_after=2023-03-28T14:20:00+00:00
[2023-03-28T10:20:43.462-0400] {processor.py:175} INFO - Processing /Users/sunanda/Downloads/airflow/py_env/lib/python3.9/site-packages/airflow/example_dags/example_branch_python_dop_operator_3.py took 0.552 seconds
[2023-03-28T10:24:51.484-0400] {processor.py:153} INFO - Started process (PID=92471) to work on /Users/sunanda/Downloads/airflow/py_env/lib/python3.9/site-packages/airflow/example_dags/example_branch_python_dop_operator_3.py
[2023-03-28T10:24:51.500-0400] {processor.py:743} INFO - Processing file /Users/sunanda/Downloads/airflow/py_env/lib/python3.9/site-packages/airflow/example_dags/example_branch_python_dop_operator_3.py for tasks to queue
[2023-03-28T10:24:51.500-0400] {logging_mixin.py:137} INFO - [2023-03-28T10:24:51.500-0400] {dagbag.py:532} INFO - Filling up the DagBag from /Users/sunanda/Downloads/airflow/py_env/lib/python3.9/site-packages/airflow/example_dags/example_branch_python_dop_operator_3.py
[2023-03-28T10:24:51.542-0400] {processor.py:753} INFO - DAG(s) dict_keys(['example_branch_dop_operator_v3']) retrieved from /Users/sunanda/Downloads/airflow/py_env/lib/python3.9/site-packages/airflow/example_dags/example_branch_python_dop_operator_3.py
[2023-03-28T10:24:52.156-0400] {logging_mixin.py:137} INFO - [2023-03-28T10:24:52.156-0400] {dag.py:2693} INFO - Sync 1 DAGs
[2023-03-28T10:24:52.168-0400] {logging_mixin.py:137} INFO - [2023-03-28T10:24:52.168-0400] {dag.py:3440} INFO - Setting next_dagrun for example_branch_dop_operator_v3 to 2023-03-28T14:23:00+00:00, run_after=2023-03-28T14:24:00+00:00
[2023-03-28T10:24:52.193-0400] {processor.py:175} INFO - Processing /Users/sunanda/Downloads/airflow/py_env/lib/python3.9/site-packages/airflow/example_dags/example_branch_python_dop_operator_3.py took 0.710 seconds
[2023-03-28T10:29:20.883-0400] {processor.py:153} INFO - Started process (PID=93001) to work on /Users/sunanda/Downloads/airflow/py_env/lib/python3.9/site-packages/airflow/example_dags/example_branch_python_dop_operator_3.py
[2023-03-28T10:29:20.893-0400] {processor.py:743} INFO - Processing file /Users/sunanda/Downloads/airflow/py_env/lib/python3.9/site-packages/airflow/example_dags/example_branch_python_dop_operator_3.py for tasks to queue
[2023-03-28T10:29:20.893-0400] {logging_mixin.py:137} INFO - [2023-03-28T10:29:20.893-0400] {dagbag.py:532} INFO - Filling up the DagBag from /Users/sunanda/Downloads/airflow/py_env/lib/python3.9/site-packages/airflow/example_dags/example_branch_python_dop_operator_3.py
[2023-03-28T10:29:20.944-0400] {processor.py:753} INFO - DAG(s) dict_keys(['example_branch_dop_operator_v3']) retrieved from /Users/sunanda/Downloads/airflow/py_env/lib/python3.9/site-packages/airflow/example_dags/example_branch_python_dop_operator_3.py
[2023-03-28T10:29:21.457-0400] {logging_mixin.py:137} INFO - [2023-03-28T10:29:21.456-0400] {dag.py:2693} INFO - Sync 1 DAGs
[2023-03-28T10:29:21.478-0400] {logging_mixin.py:137} INFO - [2023-03-28T10:29:21.478-0400] {dag.py:3440} INFO - Setting next_dagrun for example_branch_dop_operator_v3 to 2023-03-28T14:28:00+00:00, run_after=2023-03-28T14:29:00+00:00
[2023-03-28T10:29:21.519-0400] {processor.py:175} INFO - Processing /Users/sunanda/Downloads/airflow/py_env/lib/python3.9/site-packages/airflow/example_dags/example_branch_python_dop_operator_3.py took 0.638 seconds
[2023-03-28T10:33:25.008-0400] {processor.py:153} INFO - Started process (PID=93381) to work on /Users/sunanda/Downloads/airflow/py_env/lib/python3.9/site-packages/airflow/example_dags/example_branch_python_dop_operator_3.py
[2023-03-28T10:33:25.012-0400] {processor.py:743} INFO - Processing file /Users/sunanda/Downloads/airflow/py_env/lib/python3.9/site-packages/airflow/example_dags/example_branch_python_dop_operator_3.py for tasks to queue
[2023-03-28T10:33:25.012-0400] {logging_mixin.py:137} INFO - [2023-03-28T10:33:25.012-0400] {dagbag.py:532} INFO - Filling up the DagBag from /Users/sunanda/Downloads/airflow/py_env/lib/python3.9/site-packages/airflow/example_dags/example_branch_python_dop_operator_3.py
[2023-03-28T10:33:25.097-0400] {processor.py:753} INFO - DAG(s) dict_keys(['example_branch_dop_operator_v3']) retrieved from /Users/sunanda/Downloads/airflow/py_env/lib/python3.9/site-packages/airflow/example_dags/example_branch_python_dop_operator_3.py
[2023-03-28T10:33:25.585-0400] {logging_mixin.py:137} INFO - [2023-03-28T10:33:25.585-0400] {dag.py:2693} INFO - Sync 1 DAGs
[2023-03-28T10:33:25.602-0400] {logging_mixin.py:137} INFO - [2023-03-28T10:33:25.602-0400] {dag.py:3440} INFO - Setting next_dagrun for example_branch_dop_operator_v3 to 2023-03-28T14:32:00+00:00, run_after=2023-03-28T14:33:00+00:00
[2023-03-28T10:33:25.620-0400] {processor.py:175} INFO - Processing /Users/sunanda/Downloads/airflow/py_env/lib/python3.9/site-packages/airflow/example_dags/example_branch_python_dop_operator_3.py took 0.612 seconds
[2023-03-28T10:37:38.691-0400] {processor.py:153} INFO - Started process (PID=94819) to work on /Users/sunanda/Downloads/airflow/py_env/lib/python3.9/site-packages/airflow/example_dags/example_branch_python_dop_operator_3.py
[2023-03-28T10:37:38.693-0400] {processor.py:743} INFO - Processing file /Users/sunanda/Downloads/airflow/py_env/lib/python3.9/site-packages/airflow/example_dags/example_branch_python_dop_operator_3.py for tasks to queue
[2023-03-28T10:37:38.693-0400] {logging_mixin.py:137} INFO - [2023-03-28T10:37:38.693-0400] {dagbag.py:532} INFO - Filling up the DagBag from /Users/sunanda/Downloads/airflow/py_env/lib/python3.9/site-packages/airflow/example_dags/example_branch_python_dop_operator_3.py
[2023-03-28T10:37:38.835-0400] {processor.py:753} INFO - DAG(s) dict_keys(['example_branch_dop_operator_v3']) retrieved from /Users/sunanda/Downloads/airflow/py_env/lib/python3.9/site-packages/airflow/example_dags/example_branch_python_dop_operator_3.py
[2023-03-28T10:37:39.473-0400] {logging_mixin.py:137} INFO - [2023-03-28T10:37:39.472-0400] {dag.py:2693} INFO - Sync 1 DAGs
[2023-03-28T10:37:39.544-0400] {logging_mixin.py:137} INFO - [2023-03-28T10:37:39.543-0400] {dag.py:3440} INFO - Setting next_dagrun for example_branch_dop_operator_v3 to 2023-03-28T14:36:00+00:00, run_after=2023-03-28T14:37:00+00:00
[2023-03-28T10:37:39.573-0400] {processor.py:175} INFO - Processing /Users/sunanda/Downloads/airflow/py_env/lib/python3.9/site-packages/airflow/example_dags/example_branch_python_dop_operator_3.py took 0.883 seconds
[2023-03-28T10:42:17.764-0400] {processor.py:153} INFO - Started process (PID=95644) to work on /Users/sunanda/Downloads/airflow/py_env/lib/python3.9/site-packages/airflow/example_dags/example_branch_python_dop_operator_3.py
[2023-03-28T10:42:17.768-0400] {processor.py:743} INFO - Processing file /Users/sunanda/Downloads/airflow/py_env/lib/python3.9/site-packages/airflow/example_dags/example_branch_python_dop_operator_3.py for tasks to queue
[2023-03-28T10:42:17.768-0400] {logging_mixin.py:137} INFO - [2023-03-28T10:42:17.768-0400] {dagbag.py:532} INFO - Filling up the DagBag from /Users/sunanda/Downloads/airflow/py_env/lib/python3.9/site-packages/airflow/example_dags/example_branch_python_dop_operator_3.py
[2023-03-28T10:42:17.796-0400] {processor.py:753} INFO - DAG(s) dict_keys(['example_branch_dop_operator_v3']) retrieved from /Users/sunanda/Downloads/airflow/py_env/lib/python3.9/site-packages/airflow/example_dags/example_branch_python_dop_operator_3.py
[2023-03-28T10:42:18.276-0400] {logging_mixin.py:137} INFO - [2023-03-28T10:42:18.276-0400] {dag.py:2693} INFO - Sync 1 DAGs
[2023-03-28T10:42:18.302-0400] {logging_mixin.py:137} INFO - [2023-03-28T10:42:18.301-0400] {dag.py:3440} INFO - Setting next_dagrun for example_branch_dop_operator_v3 to 2023-03-28T14:41:00+00:00, run_after=2023-03-28T14:42:00+00:00
[2023-03-28T10:42:18.313-0400] {processor.py:175} INFO - Processing /Users/sunanda/Downloads/airflow/py_env/lib/python3.9/site-packages/airflow/example_dags/example_branch_python_dop_operator_3.py took 0.549 seconds
[2023-03-28T10:46:14.885-0400] {processor.py:153} INFO - Started process (PID=96134) to work on /Users/sunanda/Downloads/airflow/py_env/lib/python3.9/site-packages/airflow/example_dags/example_branch_python_dop_operator_3.py
[2023-03-28T10:46:14.890-0400] {processor.py:743} INFO - Processing file /Users/sunanda/Downloads/airflow/py_env/lib/python3.9/site-packages/airflow/example_dags/example_branch_python_dop_operator_3.py for tasks to queue
[2023-03-28T10:46:14.890-0400] {logging_mixin.py:137} INFO - [2023-03-28T10:46:14.890-0400] {dagbag.py:532} INFO - Filling up the DagBag from /Users/sunanda/Downloads/airflow/py_env/lib/python3.9/site-packages/airflow/example_dags/example_branch_python_dop_operator_3.py
[2023-03-28T10:46:14.956-0400] {processor.py:753} INFO - DAG(s) dict_keys(['example_branch_dop_operator_v3']) retrieved from /Users/sunanda/Downloads/airflow/py_env/lib/python3.9/site-packages/airflow/example_dags/example_branch_python_dop_operator_3.py
[2023-03-28T10:46:15.407-0400] {logging_mixin.py:137} INFO - [2023-03-28T10:46:15.407-0400] {dag.py:2693} INFO - Sync 1 DAGs
[2023-03-28T10:46:15.416-0400] {logging_mixin.py:137} INFO - [2023-03-28T10:46:15.416-0400] {dag.py:3440} INFO - Setting next_dagrun for example_branch_dop_operator_v3 to 2023-03-28T14:45:00+00:00, run_after=2023-03-28T14:46:00+00:00
[2023-03-28T10:46:15.440-0400] {processor.py:175} INFO - Processing /Users/sunanda/Downloads/airflow/py_env/lib/python3.9/site-packages/airflow/example_dags/example_branch_python_dop_operator_3.py took 0.569 seconds
[2023-03-28T10:50:20.027-0400] {processor.py:153} INFO - Started process (PID=96645) to work on /Users/sunanda/Downloads/airflow/py_env/lib/python3.9/site-packages/airflow/example_dags/example_branch_python_dop_operator_3.py
[2023-03-28T10:50:20.055-0400] {processor.py:743} INFO - Processing file /Users/sunanda/Downloads/airflow/py_env/lib/python3.9/site-packages/airflow/example_dags/example_branch_python_dop_operator_3.py for tasks to queue
[2023-03-28T10:50:20.055-0400] {logging_mixin.py:137} INFO - [2023-03-28T10:50:20.055-0400] {dagbag.py:532} INFO - Filling up the DagBag from /Users/sunanda/Downloads/airflow/py_env/lib/python3.9/site-packages/airflow/example_dags/example_branch_python_dop_operator_3.py
[2023-03-28T10:50:20.085-0400] {processor.py:753} INFO - DAG(s) dict_keys(['example_branch_dop_operator_v3']) retrieved from /Users/sunanda/Downloads/airflow/py_env/lib/python3.9/site-packages/airflow/example_dags/example_branch_python_dop_operator_3.py
[2023-03-28T10:50:20.873-0400] {logging_mixin.py:137} INFO - [2023-03-28T10:50:20.871-0400] {dag.py:2693} INFO - Sync 1 DAGs
[2023-03-28T10:50:20.886-0400] {logging_mixin.py:137} INFO - [2023-03-28T10:50:20.886-0400] {dag.py:3440} INFO - Setting next_dagrun for example_branch_dop_operator_v3 to 2023-03-28T14:49:00+00:00, run_after=2023-03-28T14:50:00+00:00
[2023-03-28T10:50:20.978-0400] {processor.py:175} INFO - Processing /Users/sunanda/Downloads/airflow/py_env/lib/python3.9/site-packages/airflow/example_dags/example_branch_python_dop_operator_3.py took 0.968 seconds
[2023-03-28T10:54:18.240-0400] {processor.py:153} INFO - Started process (PID=97068) to work on /Users/sunanda/Downloads/airflow/py_env/lib/python3.9/site-packages/airflow/example_dags/example_branch_python_dop_operator_3.py
[2023-03-28T10:54:18.243-0400] {processor.py:743} INFO - Processing file /Users/sunanda/Downloads/airflow/py_env/lib/python3.9/site-packages/airflow/example_dags/example_branch_python_dop_operator_3.py for tasks to queue
[2023-03-28T10:54:18.243-0400] {logging_mixin.py:137} INFO - [2023-03-28T10:54:18.243-0400] {dagbag.py:532} INFO - Filling up the DagBag from /Users/sunanda/Downloads/airflow/py_env/lib/python3.9/site-packages/airflow/example_dags/example_branch_python_dop_operator_3.py
[2023-03-28T10:54:18.293-0400] {processor.py:753} INFO - DAG(s) dict_keys(['example_branch_dop_operator_v3']) retrieved from /Users/sunanda/Downloads/airflow/py_env/lib/python3.9/site-packages/airflow/example_dags/example_branch_python_dop_operator_3.py
[2023-03-28T10:54:18.735-0400] {logging_mixin.py:137} INFO - [2023-03-28T10:54:18.734-0400] {dag.py:2693} INFO - Sync 1 DAGs
[2023-03-28T10:54:18.748-0400] {logging_mixin.py:137} INFO - [2023-03-28T10:54:18.747-0400] {dag.py:3440} INFO - Setting next_dagrun for example_branch_dop_operator_v3 to 2023-03-28T14:53:00+00:00, run_after=2023-03-28T14:54:00+00:00
[2023-03-28T10:54:18.760-0400] {processor.py:175} INFO - Processing /Users/sunanda/Downloads/airflow/py_env/lib/python3.9/site-packages/airflow/example_dags/example_branch_python_dop_operator_3.py took 0.523 seconds
[2023-03-28T10:57:51.214-0400] {processor.py:153} INFO - Started process (PID=97365) to work on /Users/sunanda/Downloads/airflow/py_env/lib/python3.9/site-packages/airflow/example_dags/example_branch_python_dop_operator_3.py
[2023-03-28T10:57:51.228-0400] {processor.py:743} INFO - Processing file /Users/sunanda/Downloads/airflow/py_env/lib/python3.9/site-packages/airflow/example_dags/example_branch_python_dop_operator_3.py for tasks to queue
[2023-03-28T10:57:51.229-0400] {logging_mixin.py:137} INFO - [2023-03-28T10:57:51.229-0400] {dagbag.py:532} INFO - Filling up the DagBag from /Users/sunanda/Downloads/airflow/py_env/lib/python3.9/site-packages/airflow/example_dags/example_branch_python_dop_operator_3.py
[2023-03-28T10:57:51.275-0400] {processor.py:753} INFO - DAG(s) dict_keys(['example_branch_dop_operator_v3']) retrieved from /Users/sunanda/Downloads/airflow/py_env/lib/python3.9/site-packages/airflow/example_dags/example_branch_python_dop_operator_3.py
[2023-03-28T10:57:51.746-0400] {logging_mixin.py:137} INFO - [2023-03-28T10:57:51.746-0400] {dag.py:2693} INFO - Sync 1 DAGs
[2023-03-28T10:57:51.758-0400] {logging_mixin.py:137} INFO - [2023-03-28T10:57:51.758-0400] {dag.py:3440} INFO - Setting next_dagrun for example_branch_dop_operator_v3 to 2023-03-28T14:56:00+00:00, run_after=2023-03-28T14:57:00+00:00
[2023-03-28T10:57:51.792-0400] {processor.py:175} INFO - Processing /Users/sunanda/Downloads/airflow/py_env/lib/python3.9/site-packages/airflow/example_dags/example_branch_python_dop_operator_3.py took 0.580 seconds
[2023-03-28T11:01:39.404-0400] {processor.py:153} INFO - Started process (PID=97863) to work on /Users/sunanda/Downloads/airflow/py_env/lib/python3.9/site-packages/airflow/example_dags/example_branch_python_dop_operator_3.py
[2023-03-28T11:01:39.412-0400] {processor.py:743} INFO - Processing file /Users/sunanda/Downloads/airflow/py_env/lib/python3.9/site-packages/airflow/example_dags/example_branch_python_dop_operator_3.py for tasks to queue
[2023-03-28T11:01:39.412-0400] {logging_mixin.py:137} INFO - [2023-03-28T11:01:39.412-0400] {dagbag.py:532} INFO - Filling up the DagBag from /Users/sunanda/Downloads/airflow/py_env/lib/python3.9/site-packages/airflow/example_dags/example_branch_python_dop_operator_3.py
[2023-03-28T11:01:39.537-0400] {processor.py:753} INFO - DAG(s) dict_keys(['example_branch_dop_operator_v3']) retrieved from /Users/sunanda/Downloads/airflow/py_env/lib/python3.9/site-packages/airflow/example_dags/example_branch_python_dop_operator_3.py
[2023-03-28T11:01:40.008-0400] {logging_mixin.py:137} INFO - [2023-03-28T11:01:40.008-0400] {dag.py:2693} INFO - Sync 1 DAGs
[2023-03-28T11:01:40.031-0400] {logging_mixin.py:137} INFO - [2023-03-28T11:01:40.031-0400] {dag.py:3440} INFO - Setting next_dagrun for example_branch_dop_operator_v3 to 2023-03-28T15:00:00+00:00, run_after=2023-03-28T15:01:00+00:00
[2023-03-28T11:01:40.046-0400] {processor.py:175} INFO - Processing /Users/sunanda/Downloads/airflow/py_env/lib/python3.9/site-packages/airflow/example_dags/example_branch_python_dop_operator_3.py took 0.646 seconds
[2023-03-28T11:05:19.274-0400] {processor.py:153} INFO - Started process (PID=98171) to work on /Users/sunanda/Downloads/airflow/py_env/lib/python3.9/site-packages/airflow/example_dags/example_branch_python_dop_operator_3.py
[2023-03-28T11:05:19.288-0400] {processor.py:743} INFO - Processing file /Users/sunanda/Downloads/airflow/py_env/lib/python3.9/site-packages/airflow/example_dags/example_branch_python_dop_operator_3.py for tasks to queue
[2023-03-28T11:05:19.289-0400] {logging_mixin.py:137} INFO - [2023-03-28T11:05:19.289-0400] {dagbag.py:532} INFO - Filling up the DagBag from /Users/sunanda/Downloads/airflow/py_env/lib/python3.9/site-packages/airflow/example_dags/example_branch_python_dop_operator_3.py
[2023-03-28T11:05:19.351-0400] {processor.py:753} INFO - DAG(s) dict_keys(['example_branch_dop_operator_v3']) retrieved from /Users/sunanda/Downloads/airflow/py_env/lib/python3.9/site-packages/airflow/example_dags/example_branch_python_dop_operator_3.py
[2023-03-28T11:05:19.911-0400] {logging_mixin.py:137} INFO - [2023-03-28T11:05:19.911-0400] {dag.py:2693} INFO - Sync 1 DAGs
[2023-03-28T11:05:19.928-0400] {logging_mixin.py:137} INFO - [2023-03-28T11:05:19.928-0400] {dag.py:3440} INFO - Setting next_dagrun for example_branch_dop_operator_v3 to 2023-03-28T15:04:00+00:00, run_after=2023-03-28T15:05:00+00:00
[2023-03-28T11:05:19.943-0400] {processor.py:175} INFO - Processing /Users/sunanda/Downloads/airflow/py_env/lib/python3.9/site-packages/airflow/example_dags/example_branch_python_dop_operator_3.py took 0.669 seconds
[2023-03-28T11:09:01.207-0400] {processor.py:153} INFO - Started process (PID=98482) to work on /Users/sunanda/Downloads/airflow/py_env/lib/python3.9/site-packages/airflow/example_dags/example_branch_python_dop_operator_3.py
[2023-03-28T11:09:01.211-0400] {processor.py:743} INFO - Processing file /Users/sunanda/Downloads/airflow/py_env/lib/python3.9/site-packages/airflow/example_dags/example_branch_python_dop_operator_3.py for tasks to queue
[2023-03-28T11:09:01.211-0400] {logging_mixin.py:137} INFO - [2023-03-28T11:09:01.211-0400] {dagbag.py:532} INFO - Filling up the DagBag from /Users/sunanda/Downloads/airflow/py_env/lib/python3.9/site-packages/airflow/example_dags/example_branch_python_dop_operator_3.py
[2023-03-28T11:09:01.256-0400] {processor.py:753} INFO - DAG(s) dict_keys(['example_branch_dop_operator_v3']) retrieved from /Users/sunanda/Downloads/airflow/py_env/lib/python3.9/site-packages/airflow/example_dags/example_branch_python_dop_operator_3.py
[2023-03-28T11:09:01.846-0400] {logging_mixin.py:137} INFO - [2023-03-28T11:09:01.845-0400] {dag.py:2693} INFO - Sync 1 DAGs
[2023-03-28T11:09:01.866-0400] {logging_mixin.py:137} INFO - [2023-03-28T11:09:01.866-0400] {dag.py:3440} INFO - Setting next_dagrun for example_branch_dop_operator_v3 to 2023-03-28T15:08:00+00:00, run_after=2023-03-28T15:09:00+00:00
[2023-03-28T11:09:01.879-0400] {processor.py:175} INFO - Processing /Users/sunanda/Downloads/airflow/py_env/lib/python3.9/site-packages/airflow/example_dags/example_branch_python_dop_operator_3.py took 0.675 seconds
[2023-03-28T11:13:05.654-0400] {processor.py:153} INFO - Started process (PID=98789) to work on /Users/sunanda/Downloads/airflow/py_env/lib/python3.9/site-packages/airflow/example_dags/example_branch_python_dop_operator_3.py
[2023-03-28T11:13:05.657-0400] {processor.py:743} INFO - Processing file /Users/sunanda/Downloads/airflow/py_env/lib/python3.9/site-packages/airflow/example_dags/example_branch_python_dop_operator_3.py for tasks to queue
[2023-03-28T11:13:05.657-0400] {logging_mixin.py:137} INFO - [2023-03-28T11:13:05.657-0400] {dagbag.py:532} INFO - Filling up the DagBag from /Users/sunanda/Downloads/airflow/py_env/lib/python3.9/site-packages/airflow/example_dags/example_branch_python_dop_operator_3.py
[2023-03-28T11:13:05.689-0400] {processor.py:753} INFO - DAG(s) dict_keys(['example_branch_dop_operator_v3']) retrieved from /Users/sunanda/Downloads/airflow/py_env/lib/python3.9/site-packages/airflow/example_dags/example_branch_python_dop_operator_3.py
[2023-03-28T11:13:06.170-0400] {logging_mixin.py:137} INFO - [2023-03-28T11:13:06.170-0400] {dag.py:2693} INFO - Sync 1 DAGs
[2023-03-28T11:13:06.190-0400] {logging_mixin.py:137} INFO - [2023-03-28T11:13:06.190-0400] {dag.py:3440} INFO - Setting next_dagrun for example_branch_dop_operator_v3 to 2023-03-28T15:12:00+00:00, run_after=2023-03-28T15:13:00+00:00
[2023-03-28T11:13:06.214-0400] {processor.py:175} INFO - Processing /Users/sunanda/Downloads/airflow/py_env/lib/python3.9/site-packages/airflow/example_dags/example_branch_python_dop_operator_3.py took 0.560 seconds
[2023-03-28T11:16:59.425-0400] {processor.py:153} INFO - Started process (PID=99097) to work on /Users/sunanda/Downloads/airflow/py_env/lib/python3.9/site-packages/airflow/example_dags/example_branch_python_dop_operator_3.py
[2023-03-28T11:16:59.447-0400] {processor.py:743} INFO - Processing file /Users/sunanda/Downloads/airflow/py_env/lib/python3.9/site-packages/airflow/example_dags/example_branch_python_dop_operator_3.py for tasks to queue
[2023-03-28T11:16:59.447-0400] {logging_mixin.py:137} INFO - [2023-03-28T11:16:59.447-0400] {dagbag.py:532} INFO - Filling up the DagBag from /Users/sunanda/Downloads/airflow/py_env/lib/python3.9/site-packages/airflow/example_dags/example_branch_python_dop_operator_3.py
[2023-03-28T11:16:59.473-0400] {processor.py:753} INFO - DAG(s) dict_keys(['example_branch_dop_operator_v3']) retrieved from /Users/sunanda/Downloads/airflow/py_env/lib/python3.9/site-packages/airflow/example_dags/example_branch_python_dop_operator_3.py
[2023-03-28T11:17:00.055-0400] {logging_mixin.py:137} INFO - [2023-03-28T11:17:00.055-0400] {dag.py:2693} INFO - Sync 1 DAGs
[2023-03-28T11:17:00.068-0400] {logging_mixin.py:137} INFO - [2023-03-28T11:17:00.068-0400] {dag.py:3440} INFO - Setting next_dagrun for example_branch_dop_operator_v3 to 2023-03-28T15:16:00+00:00, run_after=2023-03-28T15:17:00+00:00
[2023-03-28T11:17:00.079-0400] {processor.py:175} INFO - Processing /Users/sunanda/Downloads/airflow/py_env/lib/python3.9/site-packages/airflow/example_dags/example_branch_python_dop_operator_3.py took 0.655 seconds
[2023-03-28T11:20:51.449-0400] {processor.py:153} INFO - Started process (PID=99389) to work on /Users/sunanda/Downloads/airflow/py_env/lib/python3.9/site-packages/airflow/example_dags/example_branch_python_dop_operator_3.py
[2023-03-28T11:20:51.462-0400] {processor.py:743} INFO - Processing file /Users/sunanda/Downloads/airflow/py_env/lib/python3.9/site-packages/airflow/example_dags/example_branch_python_dop_operator_3.py for tasks to queue
[2023-03-28T11:20:51.463-0400] {logging_mixin.py:137} INFO - [2023-03-28T11:20:51.463-0400] {dagbag.py:532} INFO - Filling up the DagBag from /Users/sunanda/Downloads/airflow/py_env/lib/python3.9/site-packages/airflow/example_dags/example_branch_python_dop_operator_3.py
[2023-03-28T11:20:51.488-0400] {processor.py:753} INFO - DAG(s) dict_keys(['example_branch_dop_operator_v3']) retrieved from /Users/sunanda/Downloads/airflow/py_env/lib/python3.9/site-packages/airflow/example_dags/example_branch_python_dop_operator_3.py
[2023-03-28T11:20:51.989-0400] {logging_mixin.py:137} INFO - [2023-03-28T11:20:51.989-0400] {dag.py:2693} INFO - Sync 1 DAGs
[2023-03-28T11:20:52.013-0400] {logging_mixin.py:137} INFO - [2023-03-28T11:20:52.013-0400] {dag.py:3440} INFO - Setting next_dagrun for example_branch_dop_operator_v3 to 2023-03-28T15:19:00+00:00, run_after=2023-03-28T15:20:00+00:00
[2023-03-28T11:20:52.031-0400] {processor.py:175} INFO - Processing /Users/sunanda/Downloads/airflow/py_env/lib/python3.9/site-packages/airflow/example_dags/example_branch_python_dop_operator_3.py took 0.605 seconds
[2023-03-28T11:24:42.961-0400] {processor.py:153} INFO - Started process (PID=99683) to work on /Users/sunanda/Downloads/airflow/py_env/lib/python3.9/site-packages/airflow/example_dags/example_branch_python_dop_operator_3.py
[2023-03-28T11:24:42.992-0400] {processor.py:743} INFO - Processing file /Users/sunanda/Downloads/airflow/py_env/lib/python3.9/site-packages/airflow/example_dags/example_branch_python_dop_operator_3.py for tasks to queue
[2023-03-28T11:24:42.993-0400] {logging_mixin.py:137} INFO - [2023-03-28T11:24:42.993-0400] {dagbag.py:532} INFO - Filling up the DagBag from /Users/sunanda/Downloads/airflow/py_env/lib/python3.9/site-packages/airflow/example_dags/example_branch_python_dop_operator_3.py
[2023-03-28T11:24:43.015-0400] {processor.py:753} INFO - DAG(s) dict_keys(['example_branch_dop_operator_v3']) retrieved from /Users/sunanda/Downloads/airflow/py_env/lib/python3.9/site-packages/airflow/example_dags/example_branch_python_dop_operator_3.py
[2023-03-28T11:24:43.454-0400] {logging_mixin.py:137} INFO - [2023-03-28T11:24:43.454-0400] {dag.py:2693} INFO - Sync 1 DAGs
[2023-03-28T11:24:43.470-0400] {logging_mixin.py:137} INFO - [2023-03-28T11:24:43.470-0400] {dag.py:3440} INFO - Setting next_dagrun for example_branch_dop_operator_v3 to 2023-03-28T15:23:00+00:00, run_after=2023-03-28T15:24:00+00:00
[2023-03-28T11:24:43.480-0400] {processor.py:175} INFO - Processing /Users/sunanda/Downloads/airflow/py_env/lib/python3.9/site-packages/airflow/example_dags/example_branch_python_dop_operator_3.py took 0.520 seconds
[2023-03-28T11:29:16.409-0400] {processor.py:153} INFO - Started process (PID=103) to work on /Users/sunanda/Downloads/airflow/py_env/lib/python3.9/site-packages/airflow/example_dags/example_branch_python_dop_operator_3.py
[2023-03-28T11:29:16.415-0400] {processor.py:743} INFO - Processing file /Users/sunanda/Downloads/airflow/py_env/lib/python3.9/site-packages/airflow/example_dags/example_branch_python_dop_operator_3.py for tasks to queue
[2023-03-28T11:29:16.416-0400] {logging_mixin.py:137} INFO - [2023-03-28T11:29:16.416-0400] {dagbag.py:532} INFO - Filling up the DagBag from /Users/sunanda/Downloads/airflow/py_env/lib/python3.9/site-packages/airflow/example_dags/example_branch_python_dop_operator_3.py
[2023-03-28T11:29:16.456-0400] {processor.py:753} INFO - DAG(s) dict_keys(['example_branch_dop_operator_v3']) retrieved from /Users/sunanda/Downloads/airflow/py_env/lib/python3.9/site-packages/airflow/example_dags/example_branch_python_dop_operator_3.py
[2023-03-28T11:29:16.922-0400] {logging_mixin.py:137} INFO - [2023-03-28T11:29:16.921-0400] {dag.py:2693} INFO - Sync 1 DAGs
[2023-03-28T11:29:16.931-0400] {logging_mixin.py:137} INFO - [2023-03-28T11:29:16.931-0400] {dag.py:3440} INFO - Setting next_dagrun for example_branch_dop_operator_v3 to 2023-03-28T15:28:00+00:00, run_after=2023-03-28T15:29:00+00:00
[2023-03-28T11:29:16.968-0400] {processor.py:175} INFO - Processing /Users/sunanda/Downloads/airflow/py_env/lib/python3.9/site-packages/airflow/example_dags/example_branch_python_dop_operator_3.py took 0.559 seconds
[2023-03-28T11:39:45.266-0400] {processor.py:153} INFO - Started process (PID=615) to work on /Users/sunanda/Downloads/airflow/py_env/lib/python3.9/site-packages/airflow/example_dags/example_branch_python_dop_operator_3.py
[2023-03-28T11:39:45.269-0400] {processor.py:743} INFO - Processing file /Users/sunanda/Downloads/airflow/py_env/lib/python3.9/site-packages/airflow/example_dags/example_branch_python_dop_operator_3.py for tasks to queue
[2023-03-28T11:39:45.270-0400] {logging_mixin.py:137} INFO - [2023-03-28T11:39:45.270-0400] {dagbag.py:532} INFO - Filling up the DagBag from /Users/sunanda/Downloads/airflow/py_env/lib/python3.9/site-packages/airflow/example_dags/example_branch_python_dop_operator_3.py
[2023-03-28T11:39:45.349-0400] {processor.py:753} INFO - DAG(s) dict_keys(['example_branch_dop_operator_v3']) retrieved from /Users/sunanda/Downloads/airflow/py_env/lib/python3.9/site-packages/airflow/example_dags/example_branch_python_dop_operator_3.py
[2023-03-28T11:39:45.941-0400] {logging_mixin.py:137} INFO - [2023-03-28T11:39:45.941-0400] {dag.py:2693} INFO - Sync 1 DAGs
[2023-03-28T11:39:45.958-0400] {logging_mixin.py:137} INFO - [2023-03-28T11:39:45.958-0400] {dag.py:3440} INFO - Setting next_dagrun for example_branch_dop_operator_v3 to 2023-03-28T15:38:00+00:00, run_after=2023-03-28T15:39:00+00:00
[2023-03-28T11:39:45.971-0400] {processor.py:175} INFO - Processing /Users/sunanda/Downloads/airflow/py_env/lib/python3.9/site-packages/airflow/example_dags/example_branch_python_dop_operator_3.py took 0.706 seconds
[2023-03-28T11:43:35.356-0400] {processor.py:153} INFO - Started process (PID=946) to work on /Users/sunanda/Downloads/airflow/py_env/lib/python3.9/site-packages/airflow/example_dags/example_branch_python_dop_operator_3.py
[2023-03-28T11:43:35.361-0400] {processor.py:743} INFO - Processing file /Users/sunanda/Downloads/airflow/py_env/lib/python3.9/site-packages/airflow/example_dags/example_branch_python_dop_operator_3.py for tasks to queue
[2023-03-28T11:43:35.361-0400] {logging_mixin.py:137} INFO - [2023-03-28T11:43:35.361-0400] {dagbag.py:532} INFO - Filling up the DagBag from /Users/sunanda/Downloads/airflow/py_env/lib/python3.9/site-packages/airflow/example_dags/example_branch_python_dop_operator_3.py
[2023-03-28T11:43:35.385-0400] {processor.py:753} INFO - DAG(s) dict_keys(['example_branch_dop_operator_v3']) retrieved from /Users/sunanda/Downloads/airflow/py_env/lib/python3.9/site-packages/airflow/example_dags/example_branch_python_dop_operator_3.py
[2023-03-28T11:43:35.935-0400] {logging_mixin.py:137} INFO - [2023-03-28T11:43:35.935-0400] {dag.py:2693} INFO - Sync 1 DAGs
[2023-03-28T11:43:35.949-0400] {logging_mixin.py:137} INFO - [2023-03-28T11:43:35.949-0400] {dag.py:3440} INFO - Setting next_dagrun for example_branch_dop_operator_v3 to 2023-03-28T15:42:00+00:00, run_after=2023-03-28T15:43:00+00:00
[2023-03-28T11:43:35.962-0400] {processor.py:175} INFO - Processing /Users/sunanda/Downloads/airflow/py_env/lib/python3.9/site-packages/airflow/example_dags/example_branch_python_dop_operator_3.py took 0.606 seconds
[2023-03-28T11:47:13.939-0400] {processor.py:153} INFO - Started process (PID=1267) to work on /Users/sunanda/Downloads/airflow/py_env/lib/python3.9/site-packages/airflow/example_dags/example_branch_python_dop_operator_3.py
[2023-03-28T11:47:13.952-0400] {processor.py:743} INFO - Processing file /Users/sunanda/Downloads/airflow/py_env/lib/python3.9/site-packages/airflow/example_dags/example_branch_python_dop_operator_3.py for tasks to queue
[2023-03-28T11:47:13.952-0400] {logging_mixin.py:137} INFO - [2023-03-28T11:47:13.952-0400] {dagbag.py:532} INFO - Filling up the DagBag from /Users/sunanda/Downloads/airflow/py_env/lib/python3.9/site-packages/airflow/example_dags/example_branch_python_dop_operator_3.py
[2023-03-28T11:47:14.029-0400] {processor.py:753} INFO - DAG(s) dict_keys(['example_branch_dop_operator_v3']) retrieved from /Users/sunanda/Downloads/airflow/py_env/lib/python3.9/site-packages/airflow/example_dags/example_branch_python_dop_operator_3.py
[2023-03-28T11:47:14.500-0400] {logging_mixin.py:137} INFO - [2023-03-28T11:47:14.500-0400] {dag.py:2693} INFO - Sync 1 DAGs
[2023-03-28T11:47:14.530-0400] {logging_mixin.py:137} INFO - [2023-03-28T11:47:14.530-0400] {dag.py:3440} INFO - Setting next_dagrun for example_branch_dop_operator_v3 to 2023-03-28T15:46:00+00:00, run_after=2023-03-28T15:47:00+00:00
[2023-03-28T11:47:14.553-0400] {processor.py:175} INFO - Processing /Users/sunanda/Downloads/airflow/py_env/lib/python3.9/site-packages/airflow/example_dags/example_branch_python_dop_operator_3.py took 0.615 seconds
[2023-03-28T11:51:21.830-0400] {processor.py:153} INFO - Started process (PID=1652) to work on /Users/sunanda/Downloads/airflow/py_env/lib/python3.9/site-packages/airflow/example_dags/example_branch_python_dop_operator_3.py
[2023-03-28T11:51:21.835-0400] {processor.py:743} INFO - Processing file /Users/sunanda/Downloads/airflow/py_env/lib/python3.9/site-packages/airflow/example_dags/example_branch_python_dop_operator_3.py for tasks to queue
[2023-03-28T11:51:21.835-0400] {logging_mixin.py:137} INFO - [2023-03-28T11:51:21.835-0400] {dagbag.py:532} INFO - Filling up the DagBag from /Users/sunanda/Downloads/airflow/py_env/lib/python3.9/site-packages/airflow/example_dags/example_branch_python_dop_operator_3.py
[2023-03-28T11:51:21.865-0400] {processor.py:753} INFO - DAG(s) dict_keys(['example_branch_dop_operator_v3']) retrieved from /Users/sunanda/Downloads/airflow/py_env/lib/python3.9/site-packages/airflow/example_dags/example_branch_python_dop_operator_3.py
[2023-03-28T11:51:22.369-0400] {logging_mixin.py:137} INFO - [2023-03-28T11:51:22.369-0400] {dag.py:2693} INFO - Sync 1 DAGs
[2023-03-28T11:51:22.391-0400] {logging_mixin.py:137} INFO - [2023-03-28T11:51:22.391-0400] {dag.py:3440} INFO - Setting next_dagrun for example_branch_dop_operator_v3 to 2023-03-28T15:50:00+00:00, run_after=2023-03-28T15:51:00+00:00
[2023-03-28T11:51:22.413-0400] {processor.py:175} INFO - Processing /Users/sunanda/Downloads/airflow/py_env/lib/python3.9/site-packages/airflow/example_dags/example_branch_python_dop_operator_3.py took 0.583 seconds
[2023-03-28T11:55:30.934-0400] {processor.py:153} INFO - Started process (PID=1986) to work on /Users/sunanda/Downloads/airflow/py_env/lib/python3.9/site-packages/airflow/example_dags/example_branch_python_dop_operator_3.py
[2023-03-28T11:55:30.937-0400] {processor.py:743} INFO - Processing file /Users/sunanda/Downloads/airflow/py_env/lib/python3.9/site-packages/airflow/example_dags/example_branch_python_dop_operator_3.py for tasks to queue
[2023-03-28T11:55:30.938-0400] {logging_mixin.py:137} INFO - [2023-03-28T11:55:30.937-0400] {dagbag.py:532} INFO - Filling up the DagBag from /Users/sunanda/Downloads/airflow/py_env/lib/python3.9/site-packages/airflow/example_dags/example_branch_python_dop_operator_3.py
[2023-03-28T11:55:31.064-0400] {processor.py:753} INFO - DAG(s) dict_keys(['example_branch_dop_operator_v3']) retrieved from /Users/sunanda/Downloads/airflow/py_env/lib/python3.9/site-packages/airflow/example_dags/example_branch_python_dop_operator_3.py
[2023-03-28T11:55:31.576-0400] {logging_mixin.py:137} INFO - [2023-03-28T11:55:31.576-0400] {dag.py:2693} INFO - Sync 1 DAGs
[2023-03-28T11:55:31.590-0400] {logging_mixin.py:137} INFO - [2023-03-28T11:55:31.590-0400] {dag.py:3440} INFO - Setting next_dagrun for example_branch_dop_operator_v3 to 2023-03-28T15:54:00+00:00, run_after=2023-03-28T15:55:00+00:00
[2023-03-28T11:55:31.616-0400] {processor.py:175} INFO - Processing /Users/sunanda/Downloads/airflow/py_env/lib/python3.9/site-packages/airflow/example_dags/example_branch_python_dop_operator_3.py took 0.682 seconds
[2023-03-28T11:59:16.576-0400] {processor.py:153} INFO - Started process (PID=2299) to work on /Users/sunanda/Downloads/airflow/py_env/lib/python3.9/site-packages/airflow/example_dags/example_branch_python_dop_operator_3.py
[2023-03-28T11:59:16.582-0400] {processor.py:743} INFO - Processing file /Users/sunanda/Downloads/airflow/py_env/lib/python3.9/site-packages/airflow/example_dags/example_branch_python_dop_operator_3.py for tasks to queue
[2023-03-28T11:59:16.582-0400] {logging_mixin.py:137} INFO - [2023-03-28T11:59:16.582-0400] {dagbag.py:532} INFO - Filling up the DagBag from /Users/sunanda/Downloads/airflow/py_env/lib/python3.9/site-packages/airflow/example_dags/example_branch_python_dop_operator_3.py
[2023-03-28T11:59:16.622-0400] {processor.py:753} INFO - DAG(s) dict_keys(['example_branch_dop_operator_v3']) retrieved from /Users/sunanda/Downloads/airflow/py_env/lib/python3.9/site-packages/airflow/example_dags/example_branch_python_dop_operator_3.py
[2023-03-28T11:59:17.206-0400] {logging_mixin.py:137} INFO - [2023-03-28T11:59:17.206-0400] {dag.py:2693} INFO - Sync 1 DAGs
[2023-03-28T11:59:17.218-0400] {logging_mixin.py:137} INFO - [2023-03-28T11:59:17.218-0400] {dag.py:3440} INFO - Setting next_dagrun for example_branch_dop_operator_v3 to 2023-03-28T15:58:00+00:00, run_after=2023-03-28T15:59:00+00:00
[2023-03-28T11:59:17.233-0400] {processor.py:175} INFO - Processing /Users/sunanda/Downloads/airflow/py_env/lib/python3.9/site-packages/airflow/example_dags/example_branch_python_dop_operator_3.py took 0.657 seconds
[2023-03-28T12:03:06.390-0400] {processor.py:153} INFO - Started process (PID=2626) to work on /Users/sunanda/Downloads/airflow/py_env/lib/python3.9/site-packages/airflow/example_dags/example_branch_python_dop_operator_3.py
[2023-03-28T12:03:06.403-0400] {processor.py:743} INFO - Processing file /Users/sunanda/Downloads/airflow/py_env/lib/python3.9/site-packages/airflow/example_dags/example_branch_python_dop_operator_3.py for tasks to queue
[2023-03-28T12:03:06.403-0400] {logging_mixin.py:137} INFO - [2023-03-28T12:03:06.403-0400] {dagbag.py:532} INFO - Filling up the DagBag from /Users/sunanda/Downloads/airflow/py_env/lib/python3.9/site-packages/airflow/example_dags/example_branch_python_dop_operator_3.py
[2023-03-28T12:03:06.436-0400] {processor.py:753} INFO - DAG(s) dict_keys(['example_branch_dop_operator_v3']) retrieved from /Users/sunanda/Downloads/airflow/py_env/lib/python3.9/site-packages/airflow/example_dags/example_branch_python_dop_operator_3.py
[2023-03-28T12:03:07.114-0400] {logging_mixin.py:137} INFO - [2023-03-28T12:03:07.114-0400] {dag.py:2693} INFO - Sync 1 DAGs
[2023-03-28T12:03:07.130-0400] {logging_mixin.py:137} INFO - [2023-03-28T12:03:07.130-0400] {dag.py:3440} INFO - Setting next_dagrun for example_branch_dop_operator_v3 to 2023-03-28T16:02:00+00:00, run_after=2023-03-28T16:03:00+00:00
[2023-03-28T12:03:07.143-0400] {processor.py:175} INFO - Processing /Users/sunanda/Downloads/airflow/py_env/lib/python3.9/site-packages/airflow/example_dags/example_branch_python_dop_operator_3.py took 0.760 seconds
[2023-03-28T12:06:55.458-0400] {processor.py:153} INFO - Started process (PID=2975) to work on /Users/sunanda/Downloads/airflow/py_env/lib/python3.9/site-packages/airflow/example_dags/example_branch_python_dop_operator_3.py
[2023-03-28T12:06:55.462-0400] {processor.py:743} INFO - Processing file /Users/sunanda/Downloads/airflow/py_env/lib/python3.9/site-packages/airflow/example_dags/example_branch_python_dop_operator_3.py for tasks to queue
[2023-03-28T12:06:55.462-0400] {logging_mixin.py:137} INFO - [2023-03-28T12:06:55.462-0400] {dagbag.py:532} INFO - Filling up the DagBag from /Users/sunanda/Downloads/airflow/py_env/lib/python3.9/site-packages/airflow/example_dags/example_branch_python_dop_operator_3.py
[2023-03-28T12:06:55.499-0400] {processor.py:753} INFO - DAG(s) dict_keys(['example_branch_dop_operator_v3']) retrieved from /Users/sunanda/Downloads/airflow/py_env/lib/python3.9/site-packages/airflow/example_dags/example_branch_python_dop_operator_3.py
[2023-03-28T12:06:56.011-0400] {logging_mixin.py:137} INFO - [2023-03-28T12:06:56.011-0400] {dag.py:2693} INFO - Sync 1 DAGs
[2023-03-28T12:06:56.033-0400] {logging_mixin.py:137} INFO - [2023-03-28T12:06:56.032-0400] {dag.py:3440} INFO - Setting next_dagrun for example_branch_dop_operator_v3 to 2023-03-28T16:05:00+00:00, run_after=2023-03-28T16:06:00+00:00
[2023-03-28T12:06:56.084-0400] {processor.py:175} INFO - Processing /Users/sunanda/Downloads/airflow/py_env/lib/python3.9/site-packages/airflow/example_dags/example_branch_python_dop_operator_3.py took 0.626 seconds
[2023-03-28T12:11:00.640-0400] {processor.py:153} INFO - Started process (PID=3428) to work on /Users/sunanda/Downloads/airflow/py_env/lib/python3.9/site-packages/airflow/example_dags/example_branch_python_dop_operator_3.py
[2023-03-28T12:11:00.646-0400] {processor.py:743} INFO - Processing file /Users/sunanda/Downloads/airflow/py_env/lib/python3.9/site-packages/airflow/example_dags/example_branch_python_dop_operator_3.py for tasks to queue
[2023-03-28T12:11:00.647-0400] {logging_mixin.py:137} INFO - [2023-03-28T12:11:00.646-0400] {dagbag.py:532} INFO - Filling up the DagBag from /Users/sunanda/Downloads/airflow/py_env/lib/python3.9/site-packages/airflow/example_dags/example_branch_python_dop_operator_3.py
[2023-03-28T12:11:00.709-0400] {processor.py:753} INFO - DAG(s) dict_keys(['example_branch_dop_operator_v3']) retrieved from /Users/sunanda/Downloads/airflow/py_env/lib/python3.9/site-packages/airflow/example_dags/example_branch_python_dop_operator_3.py
[2023-03-28T12:11:01.163-0400] {logging_mixin.py:137} INFO - [2023-03-28T12:11:01.163-0400] {dag.py:2693} INFO - Sync 1 DAGs
[2023-03-28T12:11:01.179-0400] {logging_mixin.py:137} INFO - [2023-03-28T12:11:01.179-0400] {dag.py:3440} INFO - Setting next_dagrun for example_branch_dop_operator_v3 to 2023-03-28T16:10:00+00:00, run_after=2023-03-28T16:11:00+00:00
[2023-03-28T12:11:01.195-0400] {processor.py:175} INFO - Processing /Users/sunanda/Downloads/airflow/py_env/lib/python3.9/site-packages/airflow/example_dags/example_branch_python_dop_operator_3.py took 0.555 seconds
[2023-03-28T12:15:41.301-0400] {processor.py:153} INFO - Started process (PID=3864) to work on /Users/sunanda/Downloads/airflow/py_env/lib/python3.9/site-packages/airflow/example_dags/example_branch_python_dop_operator_3.py
[2023-03-28T12:15:41.311-0400] {processor.py:743} INFO - Processing file /Users/sunanda/Downloads/airflow/py_env/lib/python3.9/site-packages/airflow/example_dags/example_branch_python_dop_operator_3.py for tasks to queue
[2023-03-28T12:15:41.311-0400] {logging_mixin.py:137} INFO - [2023-03-28T12:15:41.311-0400] {dagbag.py:532} INFO - Filling up the DagBag from /Users/sunanda/Downloads/airflow/py_env/lib/python3.9/site-packages/airflow/example_dags/example_branch_python_dop_operator_3.py
[2023-03-28T12:15:41.343-0400] {processor.py:753} INFO - DAG(s) dict_keys(['example_branch_dop_operator_v3']) retrieved from /Users/sunanda/Downloads/airflow/py_env/lib/python3.9/site-packages/airflow/example_dags/example_branch_python_dop_operator_3.py
[2023-03-28T12:15:41.800-0400] {logging_mixin.py:137} INFO - [2023-03-28T12:15:41.800-0400] {dag.py:2693} INFO - Sync 1 DAGs
[2023-03-28T12:15:41.843-0400] {logging_mixin.py:137} INFO - [2023-03-28T12:15:41.843-0400] {dag.py:3440} INFO - Setting next_dagrun for example_branch_dop_operator_v3 to 2023-03-28T16:14:00+00:00, run_after=2023-03-28T16:15:00+00:00
[2023-03-28T12:15:41.861-0400] {processor.py:175} INFO - Processing /Users/sunanda/Downloads/airflow/py_env/lib/python3.9/site-packages/airflow/example_dags/example_branch_python_dop_operator_3.py took 0.563 seconds
[2023-03-28T12:19:26.991-0400] {processor.py:153} INFO - Started process (PID=4192) to work on /Users/sunanda/Downloads/airflow/py_env/lib/python3.9/site-packages/airflow/example_dags/example_branch_python_dop_operator_3.py
[2023-03-28T12:19:27.011-0400] {processor.py:743} INFO - Processing file /Users/sunanda/Downloads/airflow/py_env/lib/python3.9/site-packages/airflow/example_dags/example_branch_python_dop_operator_3.py for tasks to queue
[2023-03-28T12:19:27.012-0400] {logging_mixin.py:137} INFO - [2023-03-28T12:19:27.012-0400] {dagbag.py:532} INFO - Filling up the DagBag from /Users/sunanda/Downloads/airflow/py_env/lib/python3.9/site-packages/airflow/example_dags/example_branch_python_dop_operator_3.py
[2023-03-28T12:19:27.039-0400] {processor.py:753} INFO - DAG(s) dict_keys(['example_branch_dop_operator_v3']) retrieved from /Users/sunanda/Downloads/airflow/py_env/lib/python3.9/site-packages/airflow/example_dags/example_branch_python_dop_operator_3.py
[2023-03-28T12:19:27.502-0400] {logging_mixin.py:137} INFO - [2023-03-28T12:19:27.502-0400] {dag.py:2693} INFO - Sync 1 DAGs
[2023-03-28T12:19:27.513-0400] {logging_mixin.py:137} INFO - [2023-03-28T12:19:27.512-0400] {dag.py:3440} INFO - Setting next_dagrun for example_branch_dop_operator_v3 to 2023-03-28T16:18:00+00:00, run_after=2023-03-28T16:19:00+00:00
[2023-03-28T12:19:27.521-0400] {processor.py:175} INFO - Processing /Users/sunanda/Downloads/airflow/py_env/lib/python3.9/site-packages/airflow/example_dags/example_branch_python_dop_operator_3.py took 0.533 seconds
[2023-03-28T12:23:18.035-0400] {processor.py:153} INFO - Started process (PID=4496) to work on /Users/sunanda/Downloads/airflow/py_env/lib/python3.9/site-packages/airflow/example_dags/example_branch_python_dop_operator_3.py
[2023-03-28T12:23:18.049-0400] {processor.py:743} INFO - Processing file /Users/sunanda/Downloads/airflow/py_env/lib/python3.9/site-packages/airflow/example_dags/example_branch_python_dop_operator_3.py for tasks to queue
[2023-03-28T12:23:18.050-0400] {logging_mixin.py:137} INFO - [2023-03-28T12:23:18.050-0400] {dagbag.py:532} INFO - Filling up the DagBag from /Users/sunanda/Downloads/airflow/py_env/lib/python3.9/site-packages/airflow/example_dags/example_branch_python_dop_operator_3.py
[2023-03-28T12:23:18.100-0400] {processor.py:753} INFO - DAG(s) dict_keys(['example_branch_dop_operator_v3']) retrieved from /Users/sunanda/Downloads/airflow/py_env/lib/python3.9/site-packages/airflow/example_dags/example_branch_python_dop_operator_3.py
[2023-03-28T12:23:18.550-0400] {logging_mixin.py:137} INFO - [2023-03-28T12:23:18.550-0400] {dag.py:2693} INFO - Sync 1 DAGs
[2023-03-28T12:23:18.570-0400] {logging_mixin.py:137} INFO - [2023-03-28T12:23:18.569-0400] {dag.py:3440} INFO - Setting next_dagrun for example_branch_dop_operator_v3 to 2023-03-28T16:22:00+00:00, run_after=2023-03-28T16:23:00+00:00
[2023-03-28T12:23:18.586-0400] {processor.py:175} INFO - Processing /Users/sunanda/Downloads/airflow/py_env/lib/python3.9/site-packages/airflow/example_dags/example_branch_python_dop_operator_3.py took 0.551 seconds
[2023-03-28T12:30:08.437-0400] {processor.py:153} INFO - Started process (PID=4836) to work on /Users/sunanda/Downloads/airflow/py_env/lib/python3.9/site-packages/airflow/example_dags/example_branch_python_dop_operator_3.py
[2023-03-28T12:30:08.455-0400] {processor.py:743} INFO - Processing file /Users/sunanda/Downloads/airflow/py_env/lib/python3.9/site-packages/airflow/example_dags/example_branch_python_dop_operator_3.py for tasks to queue
[2023-03-28T12:30:08.455-0400] {logging_mixin.py:137} INFO - [2023-03-28T12:30:08.455-0400] {dagbag.py:532} INFO - Filling up the DagBag from /Users/sunanda/Downloads/airflow/py_env/lib/python3.9/site-packages/airflow/example_dags/example_branch_python_dop_operator_3.py
[2023-03-28T12:30:08.482-0400] {processor.py:753} INFO - DAG(s) dict_keys(['example_branch_dop_operator_v3']) retrieved from /Users/sunanda/Downloads/airflow/py_env/lib/python3.9/site-packages/airflow/example_dags/example_branch_python_dop_operator_3.py
[2023-03-28T12:30:09.114-0400] {logging_mixin.py:137} INFO - [2023-03-28T12:30:09.114-0400] {dag.py:2693} INFO - Sync 1 DAGs
[2023-03-28T12:30:09.135-0400] {logging_mixin.py:137} INFO - [2023-03-28T12:30:09.135-0400] {dag.py:3440} INFO - Setting next_dagrun for example_branch_dop_operator_v3 to 2023-03-28T16:29:00+00:00, run_after=2023-03-28T16:30:00+00:00
[2023-03-28T12:30:09.160-0400] {processor.py:175} INFO - Processing /Users/sunanda/Downloads/airflow/py_env/lib/python3.9/site-packages/airflow/example_dags/example_branch_python_dop_operator_3.py took 0.726 seconds
