[2023-03-27T23:38:00.307-0400] {processor.py:153} INFO - Started process (PID=79218) to work on /Users/sunanda/Downloads/airflow/py_env/lib/python3.9/site-packages/airflow/example_dags/example_latest_only.py
[2023-03-27T23:38:00.315-0400] {processor.py:743} INFO - Processing file /Users/sunanda/Downloads/airflow/py_env/lib/python3.9/site-packages/airflow/example_dags/example_latest_only.py for tasks to queue
[2023-03-27T23:38:00.315-0400] {logging_mixin.py:137} INFO - [2023-03-27T23:38:00.315-0400] {dagbag.py:532} INFO - Filling up the DagBag from /Users/sunanda/Downloads/airflow/py_env/lib/python3.9/site-packages/airflow/example_dags/example_latest_only.py
[2023-03-27T23:38:00.339-0400] {processor.py:753} INFO - DAG(s) dict_keys(['latest_only']) retrieved from /Users/sunanda/Downloads/airflow/py_env/lib/python3.9/site-packages/airflow/example_dags/example_latest_only.py
[2023-03-27T23:38:00.620-0400] {logging_mixin.py:137} INFO - [2023-03-27T23:38:00.620-0400] {dag.py:2693} INFO - Sync 1 DAGs
[2023-03-27T23:38:00.626-0400] {logging_mixin.py:137} INFO - [2023-03-27T23:38:00.626-0400] {dag.py:3440} INFO - Setting next_dagrun for latest_only to 2023-03-27T23:38:00.626867+00:00, run_after=2023-03-28T03:38:00.626867+00:00
[2023-03-27T23:38:00.634-0400] {processor.py:175} INFO - Processing /Users/sunanda/Downloads/airflow/py_env/lib/python3.9/site-packages/airflow/example_dags/example_latest_only.py took 0.328 seconds
[2023-03-27T23:39:49.323-0400] {processor.py:153} INFO - Started process (PID=79401) to work on /Users/sunanda/Downloads/airflow/py_env/lib/python3.9/site-packages/airflow/example_dags/example_latest_only.py
[2023-03-27T23:39:49.330-0400] {processor.py:743} INFO - Processing file /Users/sunanda/Downloads/airflow/py_env/lib/python3.9/site-packages/airflow/example_dags/example_latest_only.py for tasks to queue
[2023-03-27T23:39:49.330-0400] {logging_mixin.py:137} INFO - [2023-03-27T23:39:49.330-0400] {dagbag.py:532} INFO - Filling up the DagBag from /Users/sunanda/Downloads/airflow/py_env/lib/python3.9/site-packages/airflow/example_dags/example_latest_only.py
[2023-03-27T23:39:49.341-0400] {processor.py:753} INFO - DAG(s) dict_keys(['latest_only']) retrieved from /Users/sunanda/Downloads/airflow/py_env/lib/python3.9/site-packages/airflow/example_dags/example_latest_only.py
[2023-03-27T23:39:49.593-0400] {logging_mixin.py:137} INFO - [2023-03-27T23:39:49.593-0400] {dag.py:2693} INFO - Sync 1 DAGs
[2023-03-27T23:39:49.600-0400] {logging_mixin.py:137} INFO - [2023-03-27T23:39:49.600-0400] {dag.py:3440} INFO - Setting next_dagrun for latest_only to 2023-03-27T23:39:49.600080+00:00, run_after=2023-03-28T03:39:49.600080+00:00
[2023-03-27T23:39:49.607-0400] {processor.py:175} INFO - Processing /Users/sunanda/Downloads/airflow/py_env/lib/python3.9/site-packages/airflow/example_dags/example_latest_only.py took 0.285 seconds
[2023-03-28T00:22:27.503-0400] {processor.py:153} INFO - Started process (PID=82691) to work on /Users/sunanda/Downloads/airflow/py_env/lib/python3.9/site-packages/airflow/example_dags/example_latest_only.py
[2023-03-28T00:22:27.507-0400] {processor.py:743} INFO - Processing file /Users/sunanda/Downloads/airflow/py_env/lib/python3.9/site-packages/airflow/example_dags/example_latest_only.py for tasks to queue
[2023-03-28T00:22:27.508-0400] {logging_mixin.py:137} INFO - [2023-03-28T00:22:27.508-0400] {dagbag.py:532} INFO - Filling up the DagBag from /Users/sunanda/Downloads/airflow/py_env/lib/python3.9/site-packages/airflow/example_dags/example_latest_only.py
[2023-03-28T00:22:27.528-0400] {processor.py:753} INFO - DAG(s) dict_keys(['latest_only']) retrieved from /Users/sunanda/Downloads/airflow/py_env/lib/python3.9/site-packages/airflow/example_dags/example_latest_only.py
[2023-03-28T00:22:27.898-0400] {logging_mixin.py:137} INFO - [2023-03-28T00:22:27.898-0400] {dag.py:2693} INFO - Sync 1 DAGs
[2023-03-28T00:22:27.913-0400] {logging_mixin.py:137} INFO - [2023-03-28T00:22:27.913-0400] {dag.py:3440} INFO - Setting next_dagrun for latest_only to 2023-03-28T00:22:27.912938+00:00, run_after=2023-03-28T04:22:27.912938+00:00
[2023-03-28T00:22:27.926-0400] {processor.py:175} INFO - Processing /Users/sunanda/Downloads/airflow/py_env/lib/python3.9/site-packages/airflow/example_dags/example_latest_only.py took 0.425 seconds
[2023-03-28T10:11:21.208-0400] {processor.py:153} INFO - Started process (PID=91336) to work on /Users/sunanda/Downloads/airflow/py_env/lib/python3.9/site-packages/airflow/example_dags/example_latest_only.py
[2023-03-28T10:11:21.216-0400] {processor.py:743} INFO - Processing file /Users/sunanda/Downloads/airflow/py_env/lib/python3.9/site-packages/airflow/example_dags/example_latest_only.py for tasks to queue
[2023-03-28T10:11:21.216-0400] {logging_mixin.py:137} INFO - [2023-03-28T10:11:21.216-0400] {dagbag.py:532} INFO - Filling up the DagBag from /Users/sunanda/Downloads/airflow/py_env/lib/python3.9/site-packages/airflow/example_dags/example_latest_only.py
[2023-03-28T10:11:21.229-0400] {processor.py:753} INFO - DAG(s) dict_keys(['latest_only']) retrieved from /Users/sunanda/Downloads/airflow/py_env/lib/python3.9/site-packages/airflow/example_dags/example_latest_only.py
[2023-03-28T10:11:22.223-0400] {logging_mixin.py:137} INFO - [2023-03-28T10:11:22.222-0400] {dag.py:2693} INFO - Sync 1 DAGs
[2023-03-28T10:11:22.249-0400] {logging_mixin.py:137} INFO - [2023-03-28T10:11:22.249-0400] {dag.py:3440} INFO - Setting next_dagrun for latest_only to 2023-03-28T10:11:22.249424+00:00, run_after=2023-03-28T14:11:22.249424+00:00
[2023-03-28T10:11:22.316-0400] {processor.py:175} INFO - Processing /Users/sunanda/Downloads/airflow/py_env/lib/python3.9/site-packages/airflow/example_dags/example_latest_only.py took 1.110 seconds
[2023-03-28T10:14:12.650-0400] {processor.py:153} INFO - Started process (PID=91556) to work on /Users/sunanda/Downloads/airflow/py_env/lib/python3.9/site-packages/airflow/example_dags/example_latest_only.py
[2023-03-28T10:14:12.659-0400] {processor.py:743} INFO - Processing file /Users/sunanda/Downloads/airflow/py_env/lib/python3.9/site-packages/airflow/example_dags/example_latest_only.py for tasks to queue
[2023-03-28T10:14:12.660-0400] {logging_mixin.py:137} INFO - [2023-03-28T10:14:12.660-0400] {dagbag.py:532} INFO - Filling up the DagBag from /Users/sunanda/Downloads/airflow/py_env/lib/python3.9/site-packages/airflow/example_dags/example_latest_only.py
[2023-03-28T10:14:12.694-0400] {processor.py:753} INFO - DAG(s) dict_keys(['latest_only']) retrieved from /Users/sunanda/Downloads/airflow/py_env/lib/python3.9/site-packages/airflow/example_dags/example_latest_only.py
[2023-03-28T10:14:13.267-0400] {logging_mixin.py:137} INFO - [2023-03-28T10:14:13.267-0400] {dag.py:2693} INFO - Sync 1 DAGs
[2023-03-28T10:14:13.290-0400] {logging_mixin.py:137} INFO - [2023-03-28T10:14:13.289-0400] {dag.py:3440} INFO - Setting next_dagrun for latest_only to 2023-03-28T10:14:13.289677+00:00, run_after=2023-03-28T14:14:13.289677+00:00
[2023-03-28T10:14:13.308-0400] {processor.py:175} INFO - Processing /Users/sunanda/Downloads/airflow/py_env/lib/python3.9/site-packages/airflow/example_dags/example_latest_only.py took 0.659 seconds
[2023-03-28T10:18:45.907-0400] {processor.py:153} INFO - Started process (PID=91908) to work on /Users/sunanda/Downloads/airflow/py_env/lib/python3.9/site-packages/airflow/example_dags/example_latest_only.py
[2023-03-28T10:18:45.914-0400] {processor.py:743} INFO - Processing file /Users/sunanda/Downloads/airflow/py_env/lib/python3.9/site-packages/airflow/example_dags/example_latest_only.py for tasks to queue
[2023-03-28T10:18:45.914-0400] {logging_mixin.py:137} INFO - [2023-03-28T10:18:45.914-0400] {dagbag.py:532} INFO - Filling up the DagBag from /Users/sunanda/Downloads/airflow/py_env/lib/python3.9/site-packages/airflow/example_dags/example_latest_only.py
[2023-03-28T10:18:45.925-0400] {processor.py:753} INFO - DAG(s) dict_keys(['latest_only']) retrieved from /Users/sunanda/Downloads/airflow/py_env/lib/python3.9/site-packages/airflow/example_dags/example_latest_only.py
[2023-03-28T10:18:46.470-0400] {logging_mixin.py:137} INFO - [2023-03-28T10:18:46.470-0400] {dag.py:2693} INFO - Sync 1 DAGs
[2023-03-28T10:18:46.485-0400] {logging_mixin.py:137} INFO - [2023-03-28T10:18:46.485-0400] {dag.py:3440} INFO - Setting next_dagrun for latest_only to 2023-03-28T10:18:46.485184+00:00, run_after=2023-03-28T14:18:46.485184+00:00
[2023-03-28T10:18:46.505-0400] {processor.py:175} INFO - Processing /Users/sunanda/Downloads/airflow/py_env/lib/python3.9/site-packages/airflow/example_dags/example_latest_only.py took 0.600 seconds
[2023-03-28T10:22:49.458-0400] {processor.py:153} INFO - Started process (PID=92262) to work on /Users/sunanda/Downloads/airflow/py_env/lib/python3.9/site-packages/airflow/example_dags/example_latest_only.py
[2023-03-28T10:22:49.462-0400] {processor.py:743} INFO - Processing file /Users/sunanda/Downloads/airflow/py_env/lib/python3.9/site-packages/airflow/example_dags/example_latest_only.py for tasks to queue
[2023-03-28T10:22:49.462-0400] {logging_mixin.py:137} INFO - [2023-03-28T10:22:49.462-0400] {dagbag.py:532} INFO - Filling up the DagBag from /Users/sunanda/Downloads/airflow/py_env/lib/python3.9/site-packages/airflow/example_dags/example_latest_only.py
[2023-03-28T10:22:49.477-0400] {processor.py:753} INFO - DAG(s) dict_keys(['latest_only']) retrieved from /Users/sunanda/Downloads/airflow/py_env/lib/python3.9/site-packages/airflow/example_dags/example_latest_only.py
[2023-03-28T10:22:50.146-0400] {logging_mixin.py:137} INFO - [2023-03-28T10:22:50.146-0400] {dag.py:2693} INFO - Sync 1 DAGs
[2023-03-28T10:22:50.156-0400] {logging_mixin.py:137} INFO - [2023-03-28T10:22:50.156-0400] {dag.py:3440} INFO - Setting next_dagrun for latest_only to 2023-03-28T10:22:50.156309+00:00, run_after=2023-03-28T14:22:50.156309+00:00
[2023-03-28T10:22:50.176-0400] {processor.py:175} INFO - Processing /Users/sunanda/Downloads/airflow/py_env/lib/python3.9/site-packages/airflow/example_dags/example_latest_only.py took 0.718 seconds
[2023-03-28T10:27:05.844-0400] {processor.py:153} INFO - Started process (PID=92721) to work on /Users/sunanda/Downloads/airflow/py_env/lib/python3.9/site-packages/airflow/example_dags/example_latest_only.py
[2023-03-28T10:27:05.848-0400] {processor.py:743} INFO - Processing file /Users/sunanda/Downloads/airflow/py_env/lib/python3.9/site-packages/airflow/example_dags/example_latest_only.py for tasks to queue
[2023-03-28T10:27:05.848-0400] {logging_mixin.py:137} INFO - [2023-03-28T10:27:05.848-0400] {dagbag.py:532} INFO - Filling up the DagBag from /Users/sunanda/Downloads/airflow/py_env/lib/python3.9/site-packages/airflow/example_dags/example_latest_only.py
[2023-03-28T10:27:05.871-0400] {processor.py:753} INFO - DAG(s) dict_keys(['latest_only']) retrieved from /Users/sunanda/Downloads/airflow/py_env/lib/python3.9/site-packages/airflow/example_dags/example_latest_only.py
[2023-03-28T10:27:06.467-0400] {logging_mixin.py:137} INFO - [2023-03-28T10:27:06.467-0400] {dag.py:2693} INFO - Sync 1 DAGs
[2023-03-28T10:27:06.492-0400] {logging_mixin.py:137} INFO - [2023-03-28T10:27:06.492-0400] {dag.py:3440} INFO - Setting next_dagrun for latest_only to 2023-03-28T10:27:06.492316+00:00, run_after=2023-03-28T14:27:06.492316+00:00
[2023-03-28T10:27:06.507-0400] {processor.py:175} INFO - Processing /Users/sunanda/Downloads/airflow/py_env/lib/python3.9/site-packages/airflow/example_dags/example_latest_only.py took 0.663 seconds
[2023-03-28T10:31:28.535-0400] {processor.py:153} INFO - Started process (PID=93216) to work on /Users/sunanda/Downloads/airflow/py_env/lib/python3.9/site-packages/airflow/example_dags/example_latest_only.py
[2023-03-28T10:31:28.538-0400] {processor.py:743} INFO - Processing file /Users/sunanda/Downloads/airflow/py_env/lib/python3.9/site-packages/airflow/example_dags/example_latest_only.py for tasks to queue
[2023-03-28T10:31:28.539-0400] {logging_mixin.py:137} INFO - [2023-03-28T10:31:28.538-0400] {dagbag.py:532} INFO - Filling up the DagBag from /Users/sunanda/Downloads/airflow/py_env/lib/python3.9/site-packages/airflow/example_dags/example_latest_only.py
[2023-03-28T10:31:28.551-0400] {processor.py:753} INFO - DAG(s) dict_keys(['latest_only']) retrieved from /Users/sunanda/Downloads/airflow/py_env/lib/python3.9/site-packages/airflow/example_dags/example_latest_only.py
[2023-03-28T10:31:29.191-0400] {logging_mixin.py:137} INFO - [2023-03-28T10:31:29.190-0400] {dag.py:2693} INFO - Sync 1 DAGs
[2023-03-28T10:31:29.209-0400] {logging_mixin.py:137} INFO - [2023-03-28T10:31:29.209-0400] {dag.py:3440} INFO - Setting next_dagrun for latest_only to 2023-03-28T10:31:29.209263+00:00, run_after=2023-03-28T14:31:29.209263+00:00
[2023-03-28T10:31:29.233-0400] {processor.py:175} INFO - Processing /Users/sunanda/Downloads/airflow/py_env/lib/python3.9/site-packages/airflow/example_dags/example_latest_only.py took 0.698 seconds
[2023-03-28T10:35:27.141-0400] {processor.py:153} INFO - Started process (PID=93536) to work on /Users/sunanda/Downloads/airflow/py_env/lib/python3.9/site-packages/airflow/example_dags/example_latest_only.py
[2023-03-28T10:35:27.144-0400] {processor.py:743} INFO - Processing file /Users/sunanda/Downloads/airflow/py_env/lib/python3.9/site-packages/airflow/example_dags/example_latest_only.py for tasks to queue
[2023-03-28T10:35:27.144-0400] {logging_mixin.py:137} INFO - [2023-03-28T10:35:27.144-0400] {dagbag.py:532} INFO - Filling up the DagBag from /Users/sunanda/Downloads/airflow/py_env/lib/python3.9/site-packages/airflow/example_dags/example_latest_only.py
[2023-03-28T10:35:27.156-0400] {processor.py:753} INFO - DAG(s) dict_keys(['latest_only']) retrieved from /Users/sunanda/Downloads/airflow/py_env/lib/python3.9/site-packages/airflow/example_dags/example_latest_only.py
[2023-03-28T10:35:27.795-0400] {logging_mixin.py:137} INFO - [2023-03-28T10:35:27.790-0400] {dag.py:2693} INFO - Sync 1 DAGs
[2023-03-28T10:35:27.813-0400] {logging_mixin.py:137} INFO - [2023-03-28T10:35:27.813-0400] {dag.py:3440} INFO - Setting next_dagrun for latest_only to 2023-03-28T10:35:27.813217+00:00, run_after=2023-03-28T14:35:27.813217+00:00
[2023-03-28T10:35:27.837-0400] {processor.py:175} INFO - Processing /Users/sunanda/Downloads/airflow/py_env/lib/python3.9/site-packages/airflow/example_dags/example_latest_only.py took 0.691 seconds
[2023-03-28T10:40:13.435-0400] {processor.py:153} INFO - Started process (PID=95452) to work on /Users/sunanda/Downloads/airflow/py_env/lib/python3.9/site-packages/airflow/example_dags/example_latest_only.py
[2023-03-28T10:40:13.438-0400] {processor.py:743} INFO - Processing file /Users/sunanda/Downloads/airflow/py_env/lib/python3.9/site-packages/airflow/example_dags/example_latest_only.py for tasks to queue
[2023-03-28T10:40:13.438-0400] {logging_mixin.py:137} INFO - [2023-03-28T10:40:13.438-0400] {dagbag.py:532} INFO - Filling up the DagBag from /Users/sunanda/Downloads/airflow/py_env/lib/python3.9/site-packages/airflow/example_dags/example_latest_only.py
[2023-03-28T10:40:13.453-0400] {processor.py:753} INFO - DAG(s) dict_keys(['latest_only']) retrieved from /Users/sunanda/Downloads/airflow/py_env/lib/python3.9/site-packages/airflow/example_dags/example_latest_only.py
[2023-03-28T10:40:14.114-0400] {logging_mixin.py:137} INFO - [2023-03-28T10:40:14.114-0400] {dag.py:2693} INFO - Sync 1 DAGs
[2023-03-28T10:40:14.151-0400] {logging_mixin.py:137} INFO - [2023-03-28T10:40:14.151-0400] {dag.py:3440} INFO - Setting next_dagrun for latest_only to 2023-03-28T10:40:14.151469+00:00, run_after=2023-03-28T14:40:14.151469+00:00
[2023-03-28T10:40:14.199-0400] {processor.py:175} INFO - Processing /Users/sunanda/Downloads/airflow/py_env/lib/python3.9/site-packages/airflow/example_dags/example_latest_only.py took 0.765 seconds
[2023-03-28T10:44:18.728-0400] {processor.py:153} INFO - Started process (PID=95884) to work on /Users/sunanda/Downloads/airflow/py_env/lib/python3.9/site-packages/airflow/example_dags/example_latest_only.py
[2023-03-28T10:44:18.731-0400] {processor.py:743} INFO - Processing file /Users/sunanda/Downloads/airflow/py_env/lib/python3.9/site-packages/airflow/example_dags/example_latest_only.py for tasks to queue
[2023-03-28T10:44:18.732-0400] {logging_mixin.py:137} INFO - [2023-03-28T10:44:18.732-0400] {dagbag.py:532} INFO - Filling up the DagBag from /Users/sunanda/Downloads/airflow/py_env/lib/python3.9/site-packages/airflow/example_dags/example_latest_only.py
[2023-03-28T10:44:18.742-0400] {processor.py:753} INFO - DAG(s) dict_keys(['latest_only']) retrieved from /Users/sunanda/Downloads/airflow/py_env/lib/python3.9/site-packages/airflow/example_dags/example_latest_only.py
[2023-03-28T10:44:19.248-0400] {logging_mixin.py:137} INFO - [2023-03-28T10:44:19.247-0400] {dag.py:2693} INFO - Sync 1 DAGs
[2023-03-28T10:44:19.282-0400] {logging_mixin.py:137} INFO - [2023-03-28T10:44:19.282-0400] {dag.py:3440} INFO - Setting next_dagrun for latest_only to 2023-03-28T10:44:19.282487+00:00, run_after=2023-03-28T14:44:19.282487+00:00
[2023-03-28T10:44:19.312-0400] {processor.py:175} INFO - Processing /Users/sunanda/Downloads/airflow/py_env/lib/python3.9/site-packages/airflow/example_dags/example_latest_only.py took 0.585 seconds
[2023-03-28T10:48:24.650-0400] {processor.py:153} INFO - Started process (PID=96443) to work on /Users/sunanda/Downloads/airflow/py_env/lib/python3.9/site-packages/airflow/example_dags/example_latest_only.py
[2023-03-28T10:48:24.663-0400] {processor.py:743} INFO - Processing file /Users/sunanda/Downloads/airflow/py_env/lib/python3.9/site-packages/airflow/example_dags/example_latest_only.py for tasks to queue
[2023-03-28T10:48:24.663-0400] {logging_mixin.py:137} INFO - [2023-03-28T10:48:24.663-0400] {dagbag.py:532} INFO - Filling up the DagBag from /Users/sunanda/Downloads/airflow/py_env/lib/python3.9/site-packages/airflow/example_dags/example_latest_only.py
[2023-03-28T10:48:24.675-0400] {processor.py:753} INFO - DAG(s) dict_keys(['latest_only']) retrieved from /Users/sunanda/Downloads/airflow/py_env/lib/python3.9/site-packages/airflow/example_dags/example_latest_only.py
[2023-03-28T10:48:25.307-0400] {logging_mixin.py:137} INFO - [2023-03-28T10:48:25.307-0400] {dag.py:2693} INFO - Sync 1 DAGs
[2023-03-28T10:48:25.319-0400] {logging_mixin.py:137} INFO - [2023-03-28T10:48:25.319-0400] {dag.py:3440} INFO - Setting next_dagrun for latest_only to 2023-03-28T10:48:25.319025+00:00, run_after=2023-03-28T14:48:25.319025+00:00
[2023-03-28T10:48:25.337-0400] {processor.py:175} INFO - Processing /Users/sunanda/Downloads/airflow/py_env/lib/python3.9/site-packages/airflow/example_dags/example_latest_only.py took 0.733 seconds
[2023-03-28T10:52:37.388-0400] {processor.py:153} INFO - Started process (PID=96930) to work on /Users/sunanda/Downloads/airflow/py_env/lib/python3.9/site-packages/airflow/example_dags/example_latest_only.py
[2023-03-28T10:52:37.391-0400] {processor.py:743} INFO - Processing file /Users/sunanda/Downloads/airflow/py_env/lib/python3.9/site-packages/airflow/example_dags/example_latest_only.py for tasks to queue
[2023-03-28T10:52:37.392-0400] {logging_mixin.py:137} INFO - [2023-03-28T10:52:37.392-0400] {dagbag.py:532} INFO - Filling up the DagBag from /Users/sunanda/Downloads/airflow/py_env/lib/python3.9/site-packages/airflow/example_dags/example_latest_only.py
[2023-03-28T10:52:37.423-0400] {processor.py:753} INFO - DAG(s) dict_keys(['latest_only']) retrieved from /Users/sunanda/Downloads/airflow/py_env/lib/python3.9/site-packages/airflow/example_dags/example_latest_only.py
[2023-03-28T10:52:37.998-0400] {logging_mixin.py:137} INFO - [2023-03-28T10:52:37.998-0400] {dag.py:2693} INFO - Sync 1 DAGs
[2023-03-28T10:52:38.033-0400] {logging_mixin.py:137} INFO - [2023-03-28T10:52:38.033-0400] {dag.py:3440} INFO - Setting next_dagrun for latest_only to 2023-03-28T10:52:38.033272+00:00, run_after=2023-03-28T14:52:38.033272+00:00
[2023-03-28T10:52:38.046-0400] {processor.py:175} INFO - Processing /Users/sunanda/Downloads/airflow/py_env/lib/python3.9/site-packages/airflow/example_dags/example_latest_only.py took 0.700 seconds
[2023-03-28T10:56:02.888-0400] {processor.py:153} INFO - Started process (PID=97204) to work on /Users/sunanda/Downloads/airflow/py_env/lib/python3.9/site-packages/airflow/example_dags/example_latest_only.py
[2023-03-28T10:56:02.892-0400] {processor.py:743} INFO - Processing file /Users/sunanda/Downloads/airflow/py_env/lib/python3.9/site-packages/airflow/example_dags/example_latest_only.py for tasks to queue
[2023-03-28T10:56:02.892-0400] {logging_mixin.py:137} INFO - [2023-03-28T10:56:02.892-0400] {dagbag.py:532} INFO - Filling up the DagBag from /Users/sunanda/Downloads/airflow/py_env/lib/python3.9/site-packages/airflow/example_dags/example_latest_only.py
[2023-03-28T10:56:02.903-0400] {processor.py:753} INFO - DAG(s) dict_keys(['latest_only']) retrieved from /Users/sunanda/Downloads/airflow/py_env/lib/python3.9/site-packages/airflow/example_dags/example_latest_only.py
[2023-03-28T10:56:03.516-0400] {logging_mixin.py:137} INFO - [2023-03-28T10:56:03.516-0400] {dag.py:2693} INFO - Sync 1 DAGs
[2023-03-28T10:56:03.533-0400] {logging_mixin.py:137} INFO - [2023-03-28T10:56:03.533-0400] {dag.py:3440} INFO - Setting next_dagrun for latest_only to 2023-03-28T10:56:03.533643+00:00, run_after=2023-03-28T14:56:03.533643+00:00
[2023-03-28T10:56:03.558-0400] {processor.py:175} INFO - Processing /Users/sunanda/Downloads/airflow/py_env/lib/python3.9/site-packages/airflow/example_dags/example_latest_only.py took 0.671 seconds
[2023-03-28T10:59:47.954-0400] {processor.py:153} INFO - Started process (PID=97689) to work on /Users/sunanda/Downloads/airflow/py_env/lib/python3.9/site-packages/airflow/example_dags/example_latest_only.py
[2023-03-28T10:59:47.957-0400] {processor.py:743} INFO - Processing file /Users/sunanda/Downloads/airflow/py_env/lib/python3.9/site-packages/airflow/example_dags/example_latest_only.py for tasks to queue
[2023-03-28T10:59:47.957-0400] {logging_mixin.py:137} INFO - [2023-03-28T10:59:47.957-0400] {dagbag.py:532} INFO - Filling up the DagBag from /Users/sunanda/Downloads/airflow/py_env/lib/python3.9/site-packages/airflow/example_dags/example_latest_only.py
[2023-03-28T10:59:47.970-0400] {processor.py:753} INFO - DAG(s) dict_keys(['latest_only']) retrieved from /Users/sunanda/Downloads/airflow/py_env/lib/python3.9/site-packages/airflow/example_dags/example_latest_only.py
[2023-03-28T10:59:48.560-0400] {logging_mixin.py:137} INFO - [2023-03-28T10:59:48.560-0400] {dag.py:2693} INFO - Sync 1 DAGs
[2023-03-28T10:59:48.575-0400] {logging_mixin.py:137} INFO - [2023-03-28T10:59:48.575-0400] {dag.py:3440} INFO - Setting next_dagrun for latest_only to 2023-03-28T10:59:48.575057+00:00, run_after=2023-03-28T14:59:48.575057+00:00
[2023-03-28T10:59:48.596-0400] {processor.py:175} INFO - Processing /Users/sunanda/Downloads/airflow/py_env/lib/python3.9/site-packages/airflow/example_dags/example_latest_only.py took 0.642 seconds
[2023-03-28T11:03:28.690-0400] {processor.py:153} INFO - Started process (PID=98019) to work on /Users/sunanda/Downloads/airflow/py_env/lib/python3.9/site-packages/airflow/example_dags/example_latest_only.py
[2023-03-28T11:03:28.695-0400] {processor.py:743} INFO - Processing file /Users/sunanda/Downloads/airflow/py_env/lib/python3.9/site-packages/airflow/example_dags/example_latest_only.py for tasks to queue
[2023-03-28T11:03:28.696-0400] {logging_mixin.py:137} INFO - [2023-03-28T11:03:28.696-0400] {dagbag.py:532} INFO - Filling up the DagBag from /Users/sunanda/Downloads/airflow/py_env/lib/python3.9/site-packages/airflow/example_dags/example_latest_only.py
[2023-03-28T11:03:28.717-0400] {processor.py:753} INFO - DAG(s) dict_keys(['latest_only']) retrieved from /Users/sunanda/Downloads/airflow/py_env/lib/python3.9/site-packages/airflow/example_dags/example_latest_only.py
[2023-03-28T11:03:29.302-0400] {logging_mixin.py:137} INFO - [2023-03-28T11:03:29.302-0400] {dag.py:2693} INFO - Sync 1 DAGs
[2023-03-28T11:03:29.317-0400] {logging_mixin.py:137} INFO - [2023-03-28T11:03:29.317-0400] {dag.py:3440} INFO - Setting next_dagrun for latest_only to 2023-03-28T11:03:29.317118+00:00, run_after=2023-03-28T15:03:29.317118+00:00
[2023-03-28T11:03:29.338-0400] {processor.py:175} INFO - Processing /Users/sunanda/Downloads/airflow/py_env/lib/python3.9/site-packages/airflow/example_dags/example_latest_only.py took 0.649 seconds
[2023-03-28T11:07:09.217-0400] {processor.py:153} INFO - Started process (PID=98309) to work on /Users/sunanda/Downloads/airflow/py_env/lib/python3.9/site-packages/airflow/example_dags/example_latest_only.py
[2023-03-28T11:07:09.222-0400] {processor.py:743} INFO - Processing file /Users/sunanda/Downloads/airflow/py_env/lib/python3.9/site-packages/airflow/example_dags/example_latest_only.py for tasks to queue
[2023-03-28T11:07:09.222-0400] {logging_mixin.py:137} INFO - [2023-03-28T11:07:09.222-0400] {dagbag.py:532} INFO - Filling up the DagBag from /Users/sunanda/Downloads/airflow/py_env/lib/python3.9/site-packages/airflow/example_dags/example_latest_only.py
[2023-03-28T11:07:09.243-0400] {processor.py:753} INFO - DAG(s) dict_keys(['latest_only']) retrieved from /Users/sunanda/Downloads/airflow/py_env/lib/python3.9/site-packages/airflow/example_dags/example_latest_only.py
[2023-03-28T11:07:09.580-0400] {logging_mixin.py:137} INFO - [2023-03-28T11:07:09.580-0400] {dag.py:2693} INFO - Sync 1 DAGs
[2023-03-28T11:07:09.601-0400] {logging_mixin.py:137} INFO - [2023-03-28T11:07:09.601-0400] {dag.py:3440} INFO - Setting next_dagrun for latest_only to 2023-03-28T11:07:09.601062+00:00, run_after=2023-03-28T15:07:09.601062+00:00
[2023-03-28T11:07:09.611-0400] {processor.py:175} INFO - Processing /Users/sunanda/Downloads/airflow/py_env/lib/python3.9/site-packages/airflow/example_dags/example_latest_only.py took 0.395 seconds
[2023-03-28T11:11:12.805-0400] {processor.py:153} INFO - Started process (PID=98645) to work on /Users/sunanda/Downloads/airflow/py_env/lib/python3.9/site-packages/airflow/example_dags/example_latest_only.py
[2023-03-28T11:11:12.810-0400] {processor.py:743} INFO - Processing file /Users/sunanda/Downloads/airflow/py_env/lib/python3.9/site-packages/airflow/example_dags/example_latest_only.py for tasks to queue
[2023-03-28T11:11:12.810-0400] {logging_mixin.py:137} INFO - [2023-03-28T11:11:12.810-0400] {dagbag.py:532} INFO - Filling up the DagBag from /Users/sunanda/Downloads/airflow/py_env/lib/python3.9/site-packages/airflow/example_dags/example_latest_only.py
[2023-03-28T11:11:12.822-0400] {processor.py:753} INFO - DAG(s) dict_keys(['latest_only']) retrieved from /Users/sunanda/Downloads/airflow/py_env/lib/python3.9/site-packages/airflow/example_dags/example_latest_only.py
[2023-03-28T11:11:13.290-0400] {logging_mixin.py:137} INFO - [2023-03-28T11:11:13.290-0400] {dag.py:2693} INFO - Sync 1 DAGs
[2023-03-28T11:11:13.303-0400] {logging_mixin.py:137} INFO - [2023-03-28T11:11:13.303-0400] {dag.py:3440} INFO - Setting next_dagrun for latest_only to 2023-03-28T11:11:13.303184+00:00, run_after=2023-03-28T15:11:13.303184+00:00
[2023-03-28T11:11:13.312-0400] {processor.py:175} INFO - Processing /Users/sunanda/Downloads/airflow/py_env/lib/python3.9/site-packages/airflow/example_dags/example_latest_only.py took 0.507 seconds
[2023-03-28T11:15:02.713-0400] {processor.py:153} INFO - Started process (PID=98941) to work on /Users/sunanda/Downloads/airflow/py_env/lib/python3.9/site-packages/airflow/example_dags/example_latest_only.py
[2023-03-28T11:15:02.722-0400] {processor.py:743} INFO - Processing file /Users/sunanda/Downloads/airflow/py_env/lib/python3.9/site-packages/airflow/example_dags/example_latest_only.py for tasks to queue
[2023-03-28T11:15:02.723-0400] {logging_mixin.py:137} INFO - [2023-03-28T11:15:02.723-0400] {dagbag.py:532} INFO - Filling up the DagBag from /Users/sunanda/Downloads/airflow/py_env/lib/python3.9/site-packages/airflow/example_dags/example_latest_only.py
[2023-03-28T11:15:02.743-0400] {processor.py:753} INFO - DAG(s) dict_keys(['latest_only']) retrieved from /Users/sunanda/Downloads/airflow/py_env/lib/python3.9/site-packages/airflow/example_dags/example_latest_only.py
[2023-03-28T11:15:03.357-0400] {logging_mixin.py:137} INFO - [2023-03-28T11:15:03.357-0400] {dag.py:2693} INFO - Sync 1 DAGs
[2023-03-28T11:15:03.376-0400] {logging_mixin.py:137} INFO - [2023-03-28T11:15:03.376-0400] {dag.py:3440} INFO - Setting next_dagrun for latest_only to 2023-03-28T11:15:03.376296+00:00, run_after=2023-03-28T15:15:03.376296+00:00
[2023-03-28T11:15:03.398-0400] {processor.py:175} INFO - Processing /Users/sunanda/Downloads/airflow/py_env/lib/python3.9/site-packages/airflow/example_dags/example_latest_only.py took 0.688 seconds
[2023-03-28T11:18:57.306-0400] {processor.py:153} INFO - Started process (PID=99244) to work on /Users/sunanda/Downloads/airflow/py_env/lib/python3.9/site-packages/airflow/example_dags/example_latest_only.py
[2023-03-28T11:18:57.322-0400] {processor.py:743} INFO - Processing file /Users/sunanda/Downloads/airflow/py_env/lib/python3.9/site-packages/airflow/example_dags/example_latest_only.py for tasks to queue
[2023-03-28T11:18:57.323-0400] {logging_mixin.py:137} INFO - [2023-03-28T11:18:57.323-0400] {dagbag.py:532} INFO - Filling up the DagBag from /Users/sunanda/Downloads/airflow/py_env/lib/python3.9/site-packages/airflow/example_dags/example_latest_only.py
[2023-03-28T11:18:57.345-0400] {processor.py:753} INFO - DAG(s) dict_keys(['latest_only']) retrieved from /Users/sunanda/Downloads/airflow/py_env/lib/python3.9/site-packages/airflow/example_dags/example_latest_only.py
[2023-03-28T11:18:57.879-0400] {logging_mixin.py:137} INFO - [2023-03-28T11:18:57.878-0400] {dag.py:2693} INFO - Sync 1 DAGs
[2023-03-28T11:18:57.902-0400] {logging_mixin.py:137} INFO - [2023-03-28T11:18:57.902-0400] {dag.py:3440} INFO - Setting next_dagrun for latest_only to 2023-03-28T11:18:57.902525+00:00, run_after=2023-03-28T15:18:57.902525+00:00
[2023-03-28T11:18:57.917-0400] {processor.py:175} INFO - Processing /Users/sunanda/Downloads/airflow/py_env/lib/python3.9/site-packages/airflow/example_dags/example_latest_only.py took 0.612 seconds
[2023-03-28T11:22:46.896-0400] {processor.py:153} INFO - Started process (PID=99534) to work on /Users/sunanda/Downloads/airflow/py_env/lib/python3.9/site-packages/airflow/example_dags/example_latest_only.py
[2023-03-28T11:22:46.898-0400] {processor.py:743} INFO - Processing file /Users/sunanda/Downloads/airflow/py_env/lib/python3.9/site-packages/airflow/example_dags/example_latest_only.py for tasks to queue
[2023-03-28T11:22:46.899-0400] {logging_mixin.py:137} INFO - [2023-03-28T11:22:46.898-0400] {dagbag.py:532} INFO - Filling up the DagBag from /Users/sunanda/Downloads/airflow/py_env/lib/python3.9/site-packages/airflow/example_dags/example_latest_only.py
[2023-03-28T11:22:46.940-0400] {processor.py:753} INFO - DAG(s) dict_keys(['latest_only']) retrieved from /Users/sunanda/Downloads/airflow/py_env/lib/python3.9/site-packages/airflow/example_dags/example_latest_only.py
[2023-03-28T11:22:47.297-0400] {logging_mixin.py:137} INFO - [2023-03-28T11:22:47.297-0400] {dag.py:2693} INFO - Sync 1 DAGs
[2023-03-28T11:22:47.325-0400] {logging_mixin.py:137} INFO - [2023-03-28T11:22:47.325-0400] {dag.py:3440} INFO - Setting next_dagrun for latest_only to 2023-03-28T11:22:47.325080+00:00, run_after=2023-03-28T15:22:47.325080+00:00
[2023-03-28T11:22:47.339-0400] {processor.py:175} INFO - Processing /Users/sunanda/Downloads/airflow/py_env/lib/python3.9/site-packages/airflow/example_dags/example_latest_only.py took 0.444 seconds
[2023-03-28T11:26:41.159-0400] {processor.py:153} INFO - Started process (PID=99835) to work on /Users/sunanda/Downloads/airflow/py_env/lib/python3.9/site-packages/airflow/example_dags/example_latest_only.py
[2023-03-28T11:26:41.173-0400] {processor.py:743} INFO - Processing file /Users/sunanda/Downloads/airflow/py_env/lib/python3.9/site-packages/airflow/example_dags/example_latest_only.py for tasks to queue
[2023-03-28T11:26:41.173-0400] {logging_mixin.py:137} INFO - [2023-03-28T11:26:41.173-0400] {dagbag.py:532} INFO - Filling up the DagBag from /Users/sunanda/Downloads/airflow/py_env/lib/python3.9/site-packages/airflow/example_dags/example_latest_only.py
[2023-03-28T11:26:41.184-0400] {processor.py:753} INFO - DAG(s) dict_keys(['latest_only']) retrieved from /Users/sunanda/Downloads/airflow/py_env/lib/python3.9/site-packages/airflow/example_dags/example_latest_only.py
[2023-03-28T11:26:41.657-0400] {logging_mixin.py:137} INFO - [2023-03-28T11:26:41.656-0400] {dag.py:2693} INFO - Sync 1 DAGs
[2023-03-28T11:26:41.665-0400] {logging_mixin.py:137} INFO - [2023-03-28T11:26:41.665-0400] {dag.py:3440} INFO - Setting next_dagrun for latest_only to 2023-03-28T11:26:41.665517+00:00, run_after=2023-03-28T15:26:41.665517+00:00
[2023-03-28T11:26:41.692-0400] {processor.py:175} INFO - Processing /Users/sunanda/Downloads/airflow/py_env/lib/python3.9/site-packages/airflow/example_dags/example_latest_only.py took 0.536 seconds
[2023-03-28T11:37:41.775-0400] {processor.py:153} INFO - Started process (PID=366) to work on /Users/sunanda/Downloads/airflow/py_env/lib/python3.9/site-packages/airflow/example_dags/example_latest_only.py
[2023-03-28T11:37:41.778-0400] {processor.py:743} INFO - Processing file /Users/sunanda/Downloads/airflow/py_env/lib/python3.9/site-packages/airflow/example_dags/example_latest_only.py for tasks to queue
[2023-03-28T11:37:41.778-0400] {logging_mixin.py:137} INFO - [2023-03-28T11:37:41.778-0400] {dagbag.py:532} INFO - Filling up the DagBag from /Users/sunanda/Downloads/airflow/py_env/lib/python3.9/site-packages/airflow/example_dags/example_latest_only.py
[2023-03-28T11:37:41.790-0400] {processor.py:753} INFO - DAG(s) dict_keys(['latest_only']) retrieved from /Users/sunanda/Downloads/airflow/py_env/lib/python3.9/site-packages/airflow/example_dags/example_latest_only.py
[2023-03-28T11:37:42.309-0400] {logging_mixin.py:137} INFO - [2023-03-28T11:37:42.308-0400] {dag.py:2693} INFO - Sync 1 DAGs
[2023-03-28T11:37:42.326-0400] {logging_mixin.py:137} INFO - [2023-03-28T11:37:42.326-0400] {dag.py:3440} INFO - Setting next_dagrun for latest_only to 2023-03-28T11:37:42.326225+00:00, run_after=2023-03-28T15:37:42.326225+00:00
[2023-03-28T11:37:42.342-0400] {processor.py:175} INFO - Processing /Users/sunanda/Downloads/airflow/py_env/lib/python3.9/site-packages/airflow/example_dags/example_latest_only.py took 0.568 seconds
[2023-03-28T11:41:36.464-0400] {processor.py:153} INFO - Started process (PID=788) to work on /Users/sunanda/Downloads/airflow/py_env/lib/python3.9/site-packages/airflow/example_dags/example_latest_only.py
[2023-03-28T11:41:36.469-0400] {processor.py:743} INFO - Processing file /Users/sunanda/Downloads/airflow/py_env/lib/python3.9/site-packages/airflow/example_dags/example_latest_only.py for tasks to queue
[2023-03-28T11:41:36.469-0400] {logging_mixin.py:137} INFO - [2023-03-28T11:41:36.469-0400] {dagbag.py:532} INFO - Filling up the DagBag from /Users/sunanda/Downloads/airflow/py_env/lib/python3.9/site-packages/airflow/example_dags/example_latest_only.py
[2023-03-28T11:41:36.480-0400] {processor.py:753} INFO - DAG(s) dict_keys(['latest_only']) retrieved from /Users/sunanda/Downloads/airflow/py_env/lib/python3.9/site-packages/airflow/example_dags/example_latest_only.py
[2023-03-28T11:41:37.028-0400] {logging_mixin.py:137} INFO - [2023-03-28T11:41:37.028-0400] {dag.py:2693} INFO - Sync 1 DAGs
[2023-03-28T11:41:37.057-0400] {logging_mixin.py:137} INFO - [2023-03-28T11:41:37.057-0400] {dag.py:3440} INFO - Setting next_dagrun for latest_only to 2023-03-28T11:41:37.056574+00:00, run_after=2023-03-28T15:41:37.056574+00:00
[2023-03-28T11:41:37.079-0400] {processor.py:175} INFO - Processing /Users/sunanda/Downloads/airflow/py_env/lib/python3.9/site-packages/airflow/example_dags/example_latest_only.py took 0.617 seconds
[2023-03-28T11:45:21.846-0400] {processor.py:153} INFO - Started process (PID=1086) to work on /Users/sunanda/Downloads/airflow/py_env/lib/python3.9/site-packages/airflow/example_dags/example_latest_only.py
[2023-03-28T11:45:21.849-0400] {processor.py:743} INFO - Processing file /Users/sunanda/Downloads/airflow/py_env/lib/python3.9/site-packages/airflow/example_dags/example_latest_only.py for tasks to queue
[2023-03-28T11:45:21.849-0400] {logging_mixin.py:137} INFO - [2023-03-28T11:45:21.849-0400] {dagbag.py:532} INFO - Filling up the DagBag from /Users/sunanda/Downloads/airflow/py_env/lib/python3.9/site-packages/airflow/example_dags/example_latest_only.py
[2023-03-28T11:45:21.863-0400] {processor.py:753} INFO - DAG(s) dict_keys(['latest_only']) retrieved from /Users/sunanda/Downloads/airflow/py_env/lib/python3.9/site-packages/airflow/example_dags/example_latest_only.py
[2023-03-28T11:45:22.403-0400] {logging_mixin.py:137} INFO - [2023-03-28T11:45:22.402-0400] {dag.py:2693} INFO - Sync 1 DAGs
[2023-03-28T11:45:22.422-0400] {logging_mixin.py:137} INFO - [2023-03-28T11:45:22.422-0400] {dag.py:3440} INFO - Setting next_dagrun for latest_only to 2023-03-28T11:45:22.422399+00:00, run_after=2023-03-28T15:45:22.422399+00:00
[2023-03-28T11:45:22.437-0400] {processor.py:175} INFO - Processing /Users/sunanda/Downloads/airflow/py_env/lib/python3.9/site-packages/airflow/example_dags/example_latest_only.py took 0.592 seconds
[2023-03-28T11:49:09.003-0400] {processor.py:153} INFO - Started process (PID=1420) to work on /Users/sunanda/Downloads/airflow/py_env/lib/python3.9/site-packages/airflow/example_dags/example_latest_only.py
[2023-03-28T11:49:09.007-0400] {processor.py:743} INFO - Processing file /Users/sunanda/Downloads/airflow/py_env/lib/python3.9/site-packages/airflow/example_dags/example_latest_only.py for tasks to queue
[2023-03-28T11:49:09.007-0400] {logging_mixin.py:137} INFO - [2023-03-28T11:49:09.007-0400] {dagbag.py:532} INFO - Filling up the DagBag from /Users/sunanda/Downloads/airflow/py_env/lib/python3.9/site-packages/airflow/example_dags/example_latest_only.py
[2023-03-28T11:49:09.019-0400] {processor.py:753} INFO - DAG(s) dict_keys(['latest_only']) retrieved from /Users/sunanda/Downloads/airflow/py_env/lib/python3.9/site-packages/airflow/example_dags/example_latest_only.py
[2023-03-28T11:49:09.627-0400] {logging_mixin.py:137} INFO - [2023-03-28T11:49:09.627-0400] {dag.py:2693} INFO - Sync 1 DAGs
[2023-03-28T11:49:09.636-0400] {logging_mixin.py:137} INFO - [2023-03-28T11:49:09.636-0400] {dag.py:3440} INFO - Setting next_dagrun for latest_only to 2023-03-28T11:49:09.636454+00:00, run_after=2023-03-28T15:49:09.636454+00:00
[2023-03-28T11:49:09.672-0400] {processor.py:175} INFO - Processing /Users/sunanda/Downloads/airflow/py_env/lib/python3.9/site-packages/airflow/example_dags/example_latest_only.py took 0.669 seconds
[2023-03-28T11:53:26.915-0400] {processor.py:153} INFO - Started process (PID=1823) to work on /Users/sunanda/Downloads/airflow/py_env/lib/python3.9/site-packages/airflow/example_dags/example_latest_only.py
[2023-03-28T11:53:26.917-0400] {processor.py:743} INFO - Processing file /Users/sunanda/Downloads/airflow/py_env/lib/python3.9/site-packages/airflow/example_dags/example_latest_only.py for tasks to queue
[2023-03-28T11:53:26.917-0400] {logging_mixin.py:137} INFO - [2023-03-28T11:53:26.917-0400] {dagbag.py:532} INFO - Filling up the DagBag from /Users/sunanda/Downloads/airflow/py_env/lib/python3.9/site-packages/airflow/example_dags/example_latest_only.py
[2023-03-28T11:53:26.931-0400] {processor.py:753} INFO - DAG(s) dict_keys(['latest_only']) retrieved from /Users/sunanda/Downloads/airflow/py_env/lib/python3.9/site-packages/airflow/example_dags/example_latest_only.py
[2023-03-28T11:53:27.644-0400] {logging_mixin.py:137} INFO - [2023-03-28T11:53:27.644-0400] {dag.py:2693} INFO - Sync 1 DAGs
[2023-03-28T11:53:27.652-0400] {logging_mixin.py:137} INFO - [2023-03-28T11:53:27.652-0400] {dag.py:3440} INFO - Setting next_dagrun for latest_only to 2023-03-28T11:53:27.652326+00:00, run_after=2023-03-28T15:53:27.652326+00:00
[2023-03-28T11:53:27.840-0400] {processor.py:175} INFO - Processing /Users/sunanda/Downloads/airflow/py_env/lib/python3.9/site-packages/airflow/example_dags/example_latest_only.py took 0.926 seconds
[2023-03-28T11:57:24.244-0400] {processor.py:153} INFO - Started process (PID=2132) to work on /Users/sunanda/Downloads/airflow/py_env/lib/python3.9/site-packages/airflow/example_dags/example_latest_only.py
[2023-03-28T11:57:24.254-0400] {processor.py:743} INFO - Processing file /Users/sunanda/Downloads/airflow/py_env/lib/python3.9/site-packages/airflow/example_dags/example_latest_only.py for tasks to queue
[2023-03-28T11:57:24.255-0400] {logging_mixin.py:137} INFO - [2023-03-28T11:57:24.255-0400] {dagbag.py:532} INFO - Filling up the DagBag from /Users/sunanda/Downloads/airflow/py_env/lib/python3.9/site-packages/airflow/example_dags/example_latest_only.py
[2023-03-28T11:57:24.270-0400] {processor.py:753} INFO - DAG(s) dict_keys(['latest_only']) retrieved from /Users/sunanda/Downloads/airflow/py_env/lib/python3.9/site-packages/airflow/example_dags/example_latest_only.py
[2023-03-28T11:57:24.693-0400] {logging_mixin.py:137} INFO - [2023-03-28T11:57:24.693-0400] {dag.py:2693} INFO - Sync 1 DAGs
[2023-03-28T11:57:24.710-0400] {logging_mixin.py:137} INFO - [2023-03-28T11:57:24.709-0400] {dag.py:3440} INFO - Setting next_dagrun for latest_only to 2023-03-28T11:57:24.709303+00:00, run_after=2023-03-28T15:57:24.709303+00:00
[2023-03-28T11:57:24.729-0400] {processor.py:175} INFO - Processing /Users/sunanda/Downloads/airflow/py_env/lib/python3.9/site-packages/airflow/example_dags/example_latest_only.py took 0.485 seconds
[2023-03-28T12:01:04.607-0400] {processor.py:153} INFO - Started process (PID=2447) to work on /Users/sunanda/Downloads/airflow/py_env/lib/python3.9/site-packages/airflow/example_dags/example_latest_only.py
[2023-03-28T12:01:04.610-0400] {processor.py:743} INFO - Processing file /Users/sunanda/Downloads/airflow/py_env/lib/python3.9/site-packages/airflow/example_dags/example_latest_only.py for tasks to queue
[2023-03-28T12:01:04.610-0400] {logging_mixin.py:137} INFO - [2023-03-28T12:01:04.610-0400] {dagbag.py:532} INFO - Filling up the DagBag from /Users/sunanda/Downloads/airflow/py_env/lib/python3.9/site-packages/airflow/example_dags/example_latest_only.py
[2023-03-28T12:01:04.624-0400] {processor.py:753} INFO - DAG(s) dict_keys(['latest_only']) retrieved from /Users/sunanda/Downloads/airflow/py_env/lib/python3.9/site-packages/airflow/example_dags/example_latest_only.py
[2023-03-28T12:01:05.250-0400] {logging_mixin.py:137} INFO - [2023-03-28T12:01:05.249-0400] {dag.py:2693} INFO - Sync 1 DAGs
[2023-03-28T12:01:05.260-0400] {logging_mixin.py:137} INFO - [2023-03-28T12:01:05.260-0400] {dag.py:3440} INFO - Setting next_dagrun for latest_only to 2023-03-28T12:01:05.260840+00:00, run_after=2023-03-28T16:01:05.260840+00:00
[2023-03-28T12:01:05.280-0400] {processor.py:175} INFO - Processing /Users/sunanda/Downloads/airflow/py_env/lib/python3.9/site-packages/airflow/example_dags/example_latest_only.py took 0.676 seconds
[2023-03-28T12:04:59.274-0400] {processor.py:153} INFO - Started process (PID=2798) to work on /Users/sunanda/Downloads/airflow/py_env/lib/python3.9/site-packages/airflow/example_dags/example_latest_only.py
[2023-03-28T12:04:59.280-0400] {processor.py:743} INFO - Processing file /Users/sunanda/Downloads/airflow/py_env/lib/python3.9/site-packages/airflow/example_dags/example_latest_only.py for tasks to queue
[2023-03-28T12:04:59.280-0400] {logging_mixin.py:137} INFO - [2023-03-28T12:04:59.280-0400] {dagbag.py:532} INFO - Filling up the DagBag from /Users/sunanda/Downloads/airflow/py_env/lib/python3.9/site-packages/airflow/example_dags/example_latest_only.py
[2023-03-28T12:04:59.291-0400] {processor.py:753} INFO - DAG(s) dict_keys(['latest_only']) retrieved from /Users/sunanda/Downloads/airflow/py_env/lib/python3.9/site-packages/airflow/example_dags/example_latest_only.py
[2023-03-28T12:04:59.803-0400] {logging_mixin.py:137} INFO - [2023-03-28T12:04:59.803-0400] {dag.py:2693} INFO - Sync 1 DAGs
[2023-03-28T12:04:59.817-0400] {logging_mixin.py:137} INFO - [2023-03-28T12:04:59.817-0400] {dag.py:3440} INFO - Setting next_dagrun for latest_only to 2023-03-28T12:04:59.816954+00:00, run_after=2023-03-28T16:04:59.816954+00:00
[2023-03-28T12:04:59.832-0400] {processor.py:175} INFO - Processing /Users/sunanda/Downloads/airflow/py_env/lib/python3.9/site-packages/airflow/example_dags/example_latest_only.py took 0.558 seconds
[2023-03-28T12:09:01.751-0400] {processor.py:153} INFO - Started process (PID=3252) to work on /Users/sunanda/Downloads/airflow/py_env/lib/python3.9/site-packages/airflow/example_dags/example_latest_only.py
[2023-03-28T12:09:01.755-0400] {processor.py:743} INFO - Processing file /Users/sunanda/Downloads/airflow/py_env/lib/python3.9/site-packages/airflow/example_dags/example_latest_only.py for tasks to queue
[2023-03-28T12:09:01.755-0400] {logging_mixin.py:137} INFO - [2023-03-28T12:09:01.755-0400] {dagbag.py:532} INFO - Filling up the DagBag from /Users/sunanda/Downloads/airflow/py_env/lib/python3.9/site-packages/airflow/example_dags/example_latest_only.py
[2023-03-28T12:09:01.768-0400] {processor.py:753} INFO - DAG(s) dict_keys(['latest_only']) retrieved from /Users/sunanda/Downloads/airflow/py_env/lib/python3.9/site-packages/airflow/example_dags/example_latest_only.py
[2023-03-28T12:09:02.309-0400] {logging_mixin.py:137} INFO - [2023-03-28T12:09:02.309-0400] {dag.py:2693} INFO - Sync 1 DAGs
[2023-03-28T12:09:02.325-0400] {logging_mixin.py:137} INFO - [2023-03-28T12:09:02.325-0400] {dag.py:3440} INFO - Setting next_dagrun for latest_only to 2023-03-28T12:09:02.324902+00:00, run_after=2023-03-28T16:09:02.324902+00:00
[2023-03-28T12:09:02.340-0400] {processor.py:175} INFO - Processing /Users/sunanda/Downloads/airflow/py_env/lib/python3.9/site-packages/airflow/example_dags/example_latest_only.py took 0.589 seconds
[2023-03-28T12:12:57.251-0400] {processor.py:153} INFO - Started process (PID=3612) to work on /Users/sunanda/Downloads/airflow/py_env/lib/python3.9/site-packages/airflow/example_dags/example_latest_only.py
[2023-03-28T12:12:57.275-0400] {processor.py:743} INFO - Processing file /Users/sunanda/Downloads/airflow/py_env/lib/python3.9/site-packages/airflow/example_dags/example_latest_only.py for tasks to queue
[2023-03-28T12:12:57.276-0400] {logging_mixin.py:137} INFO - [2023-03-28T12:12:57.275-0400] {dagbag.py:532} INFO - Filling up the DagBag from /Users/sunanda/Downloads/airflow/py_env/lib/python3.9/site-packages/airflow/example_dags/example_latest_only.py
[2023-03-28T12:12:57.288-0400] {processor.py:753} INFO - DAG(s) dict_keys(['latest_only']) retrieved from /Users/sunanda/Downloads/airflow/py_env/lib/python3.9/site-packages/airflow/example_dags/example_latest_only.py
[2023-03-28T12:12:57.782-0400] {logging_mixin.py:137} INFO - [2023-03-28T12:12:57.782-0400] {dag.py:2693} INFO - Sync 1 DAGs
[2023-03-28T12:12:57.790-0400] {logging_mixin.py:137} INFO - [2023-03-28T12:12:57.790-0400] {dag.py:3440} INFO - Setting next_dagrun for latest_only to 2023-03-28T12:12:57.790233+00:00, run_after=2023-03-28T16:12:57.790233+00:00
[2023-03-28T12:12:57.823-0400] {processor.py:175} INFO - Processing /Users/sunanda/Downloads/airflow/py_env/lib/python3.9/site-packages/airflow/example_dags/example_latest_only.py took 0.576 seconds
[2023-03-28T12:15:16.121-0400] {processor.py:153} INFO - Started process (PID=3812) to work on /Users/sunanda/Downloads/airflow/py_env/lib/python3.9/site-packages/airflow/example_dags/example_latest_only.py
[2023-03-28T12:15:16.124-0400] {processor.py:743} INFO - Processing file /Users/sunanda/Downloads/airflow/py_env/lib/python3.9/site-packages/airflow/example_dags/example_latest_only.py for tasks to queue
[2023-03-28T12:15:16.124-0400] {logging_mixin.py:137} INFO - [2023-03-28T12:15:16.124-0400] {dagbag.py:532} INFO - Filling up the DagBag from /Users/sunanda/Downloads/airflow/py_env/lib/python3.9/site-packages/airflow/example_dags/example_latest_only.py
[2023-03-28T12:15:16.136-0400] {processor.py:753} INFO - DAG(s) dict_keys(['latest_only']) retrieved from /Users/sunanda/Downloads/airflow/py_env/lib/python3.9/site-packages/airflow/example_dags/example_latest_only.py
[2023-03-28T12:15:16.657-0400] {logging_mixin.py:137} INFO - [2023-03-28T12:15:16.657-0400] {dag.py:2693} INFO - Sync 1 DAGs
[2023-03-28T12:15:16.685-0400] {logging_mixin.py:137} INFO - [2023-03-28T12:15:16.685-0400] {dag.py:3440} INFO - Setting next_dagrun for latest_only to 2023-03-28T12:15:16.685661+00:00, run_after=2023-03-28T16:15:16.685661+00:00
[2023-03-28T12:15:16.697-0400] {processor.py:175} INFO - Processing /Users/sunanda/Downloads/airflow/py_env/lib/python3.9/site-packages/airflow/example_dags/example_latest_only.py took 0.595 seconds
[2023-03-28T12:17:44.517-0400] {processor.py:153} INFO - Started process (PID=4060) to work on /Users/sunanda/Downloads/airflow/py_env/lib/python3.9/site-packages/airflow/example_dags/example_latest_only.py
[2023-03-28T12:17:44.520-0400] {processor.py:743} INFO - Processing file /Users/sunanda/Downloads/airflow/py_env/lib/python3.9/site-packages/airflow/example_dags/example_latest_only.py for tasks to queue
[2023-03-28T12:17:44.520-0400] {logging_mixin.py:137} INFO - [2023-03-28T12:17:44.520-0400] {dagbag.py:532} INFO - Filling up the DagBag from /Users/sunanda/Downloads/airflow/py_env/lib/python3.9/site-packages/airflow/example_dags/example_latest_only.py
[2023-03-28T12:17:44.532-0400] {processor.py:753} INFO - DAG(s) dict_keys(['latest_only']) retrieved from /Users/sunanda/Downloads/airflow/py_env/lib/python3.9/site-packages/airflow/example_dags/example_latest_only.py
[2023-03-28T12:17:45.010-0400] {logging_mixin.py:137} INFO - [2023-03-28T12:17:45.010-0400] {dag.py:2693} INFO - Sync 1 DAGs
[2023-03-28T12:17:45.020-0400] {logging_mixin.py:137} INFO - [2023-03-28T12:17:45.019-0400] {dag.py:3440} INFO - Setting next_dagrun for latest_only to 2023-03-28T12:17:45.019752+00:00, run_after=2023-03-28T16:17:45.019752+00:00
[2023-03-28T12:17:45.061-0400] {processor.py:175} INFO - Processing /Users/sunanda/Downloads/airflow/py_env/lib/python3.9/site-packages/airflow/example_dags/example_latest_only.py took 0.545 seconds
[2023-03-28T12:21:29.363-0400] {processor.py:153} INFO - Started process (PID=4343) to work on /Users/sunanda/Downloads/airflow/py_env/lib/python3.9/site-packages/airflow/example_dags/example_latest_only.py
[2023-03-28T12:21:29.367-0400] {processor.py:743} INFO - Processing file /Users/sunanda/Downloads/airflow/py_env/lib/python3.9/site-packages/airflow/example_dags/example_latest_only.py for tasks to queue
[2023-03-28T12:21:29.368-0400] {logging_mixin.py:137} INFO - [2023-03-28T12:21:29.368-0400] {dagbag.py:532} INFO - Filling up the DagBag from /Users/sunanda/Downloads/airflow/py_env/lib/python3.9/site-packages/airflow/example_dags/example_latest_only.py
[2023-03-28T12:21:29.379-0400] {processor.py:753} INFO - DAG(s) dict_keys(['latest_only']) retrieved from /Users/sunanda/Downloads/airflow/py_env/lib/python3.9/site-packages/airflow/example_dags/example_latest_only.py
[2023-03-28T12:21:29.907-0400] {logging_mixin.py:137} INFO - [2023-03-28T12:21:29.907-0400] {dag.py:2693} INFO - Sync 1 DAGs
[2023-03-28T12:21:29.926-0400] {logging_mixin.py:137} INFO - [2023-03-28T12:21:29.925-0400] {dag.py:3440} INFO - Setting next_dagrun for latest_only to 2023-03-28T12:21:29.925620+00:00, run_after=2023-03-28T16:21:29.925620+00:00
[2023-03-28T12:21:29.953-0400] {processor.py:175} INFO - Processing /Users/sunanda/Downloads/airflow/py_env/lib/python3.9/site-packages/airflow/example_dags/example_latest_only.py took 0.590 seconds
[2023-03-28T12:28:15.146-0400] {processor.py:153} INFO - Started process (PID=4683) to work on /Users/sunanda/Downloads/airflow/py_env/lib/python3.9/site-packages/airflow/example_dags/example_latest_only.py
[2023-03-28T12:28:15.149-0400] {processor.py:743} INFO - Processing file /Users/sunanda/Downloads/airflow/py_env/lib/python3.9/site-packages/airflow/example_dags/example_latest_only.py for tasks to queue
[2023-03-28T12:28:15.149-0400] {logging_mixin.py:137} INFO - [2023-03-28T12:28:15.149-0400] {dagbag.py:532} INFO - Filling up the DagBag from /Users/sunanda/Downloads/airflow/py_env/lib/python3.9/site-packages/airflow/example_dags/example_latest_only.py
[2023-03-28T12:28:15.161-0400] {processor.py:753} INFO - DAG(s) dict_keys(['latest_only']) retrieved from /Users/sunanda/Downloads/airflow/py_env/lib/python3.9/site-packages/airflow/example_dags/example_latest_only.py
[2023-03-28T12:28:15.725-0400] {logging_mixin.py:137} INFO - [2023-03-28T12:28:15.724-0400] {dag.py:2693} INFO - Sync 1 DAGs
[2023-03-28T12:28:15.737-0400] {logging_mixin.py:137} INFO - [2023-03-28T12:28:15.737-0400] {dag.py:3440} INFO - Setting next_dagrun for latest_only to 2023-03-28T12:28:15.737641+00:00, run_after=2023-03-28T16:28:15.737641+00:00
[2023-03-28T12:28:15.756-0400] {processor.py:175} INFO - Processing /Users/sunanda/Downloads/airflow/py_env/lib/python3.9/site-packages/airflow/example_dags/example_latest_only.py took 0.618 seconds
