[2023-03-25T14:06:03.040-0400] {processor.py:153} INFO - Started process (PID=7736) to work on /Users/sunanda/Downloads/airflow/py_env/lib/python3.9/site-packages/airflow/example_dags/subdags/subdag.py
[2023-03-25T14:06:03.042-0400] {processor.py:743} INFO - Processing file /Users/sunanda/Downloads/airflow/py_env/lib/python3.9/site-packages/airflow/example_dags/subdags/subdag.py for tasks to queue
[2023-03-25T14:06:03.042-0400] {logging_mixin.py:137} INFO - [2023-03-25T14:06:03.042-0400] {dagbag.py:532} INFO - Filling up the DagBag from /Users/sunanda/Downloads/airflow/py_env/lib/python3.9/site-packages/airflow/example_dags/subdags/subdag.py
[2023-03-25T14:06:03.047-0400] {processor.py:755} WARNING - No viable dags retrieved from /Users/sunanda/Downloads/airflow/py_env/lib/python3.9/site-packages/airflow/example_dags/subdags/subdag.py
[2023-03-25T14:06:03.251-0400] {processor.py:175} INFO - Processing /Users/sunanda/Downloads/airflow/py_env/lib/python3.9/site-packages/airflow/example_dags/subdags/subdag.py took 0.211 seconds
[2023-03-25T14:09:06.096-0400] {processor.py:153} INFO - Started process (PID=8046) to work on /Users/sunanda/Downloads/airflow/py_env/lib/python3.9/site-packages/airflow/example_dags/subdags/subdag.py
[2023-03-25T14:09:06.099-0400] {processor.py:743} INFO - Processing file /Users/sunanda/Downloads/airflow/py_env/lib/python3.9/site-packages/airflow/example_dags/subdags/subdag.py for tasks to queue
[2023-03-25T14:09:06.100-0400] {logging_mixin.py:137} INFO - [2023-03-25T14:09:06.100-0400] {dagbag.py:532} INFO - Filling up the DagBag from /Users/sunanda/Downloads/airflow/py_env/lib/python3.9/site-packages/airflow/example_dags/subdags/subdag.py
[2023-03-25T14:09:06.105-0400] {processor.py:755} WARNING - No viable dags retrieved from /Users/sunanda/Downloads/airflow/py_env/lib/python3.9/site-packages/airflow/example_dags/subdags/subdag.py
[2023-03-25T14:09:06.315-0400] {processor.py:175} INFO - Processing /Users/sunanda/Downloads/airflow/py_env/lib/python3.9/site-packages/airflow/example_dags/subdags/subdag.py took 0.219 seconds
[2023-03-25T14:10:23.482-0400] {processor.py:153} INFO - Started process (PID=8166) to work on /Users/sunanda/Downloads/airflow/py_env/lib/python3.9/site-packages/airflow/example_dags/subdags/subdag.py
[2023-03-25T14:10:23.484-0400] {processor.py:743} INFO - Processing file /Users/sunanda/Downloads/airflow/py_env/lib/python3.9/site-packages/airflow/example_dags/subdags/subdag.py for tasks to queue
[2023-03-25T14:10:23.485-0400] {logging_mixin.py:137} INFO - [2023-03-25T14:10:23.485-0400] {dagbag.py:532} INFO - Filling up the DagBag from /Users/sunanda/Downloads/airflow/py_env/lib/python3.9/site-packages/airflow/example_dags/subdags/subdag.py
[2023-03-25T14:10:23.490-0400] {processor.py:755} WARNING - No viable dags retrieved from /Users/sunanda/Downloads/airflow/py_env/lib/python3.9/site-packages/airflow/example_dags/subdags/subdag.py
[2023-03-25T14:10:23.694-0400] {processor.py:175} INFO - Processing /Users/sunanda/Downloads/airflow/py_env/lib/python3.9/site-packages/airflow/example_dags/subdags/subdag.py took 0.212 seconds
[2023-03-25T14:10:30.358-0400] {processor.py:153} INFO - Started process (PID=8179) to work on /Users/sunanda/Downloads/airflow/py_env/lib/python3.9/site-packages/airflow/example_dags/subdags/subdag.py
[2023-03-25T14:10:30.360-0400] {processor.py:743} INFO - Processing file /Users/sunanda/Downloads/airflow/py_env/lib/python3.9/site-packages/airflow/example_dags/subdags/subdag.py for tasks to queue
[2023-03-25T14:10:30.361-0400] {logging_mixin.py:137} INFO - [2023-03-25T14:10:30.361-0400] {dagbag.py:532} INFO - Filling up the DagBag from /Users/sunanda/Downloads/airflow/py_env/lib/python3.9/site-packages/airflow/example_dags/subdags/subdag.py
[2023-03-25T14:10:30.366-0400] {processor.py:755} WARNING - No viable dags retrieved from /Users/sunanda/Downloads/airflow/py_env/lib/python3.9/site-packages/airflow/example_dags/subdags/subdag.py
[2023-03-25T14:10:30.571-0400] {processor.py:175} INFO - Processing /Users/sunanda/Downloads/airflow/py_env/lib/python3.9/site-packages/airflow/example_dags/subdags/subdag.py took 0.213 seconds
[2023-03-25T14:11:46.172-0400] {processor.py:153} INFO - Started process (PID=8309) to work on /Users/sunanda/Downloads/airflow/py_env/lib/python3.9/site-packages/airflow/example_dags/subdags/subdag.py
[2023-03-25T14:11:46.174-0400] {processor.py:743} INFO - Processing file /Users/sunanda/Downloads/airflow/py_env/lib/python3.9/site-packages/airflow/example_dags/subdags/subdag.py for tasks to queue
[2023-03-25T14:11:46.174-0400] {logging_mixin.py:137} INFO - [2023-03-25T14:11:46.174-0400] {dagbag.py:532} INFO - Filling up the DagBag from /Users/sunanda/Downloads/airflow/py_env/lib/python3.9/site-packages/airflow/example_dags/subdags/subdag.py
[2023-03-25T14:11:46.179-0400] {processor.py:755} WARNING - No viable dags retrieved from /Users/sunanda/Downloads/airflow/py_env/lib/python3.9/site-packages/airflow/example_dags/subdags/subdag.py
[2023-03-25T14:11:46.383-0400] {processor.py:175} INFO - Processing /Users/sunanda/Downloads/airflow/py_env/lib/python3.9/site-packages/airflow/example_dags/subdags/subdag.py took 0.212 seconds
[2023-03-25T14:12:31.437-0400] {processor.py:153} INFO - Started process (PID=8398) to work on /Users/sunanda/Downloads/airflow/py_env/lib/python3.9/site-packages/airflow/example_dags/subdags/subdag.py
[2023-03-25T14:12:31.440-0400] {processor.py:743} INFO - Processing file /Users/sunanda/Downloads/airflow/py_env/lib/python3.9/site-packages/airflow/example_dags/subdags/subdag.py for tasks to queue
[2023-03-25T14:12:31.440-0400] {logging_mixin.py:137} INFO - [2023-03-25T14:12:31.440-0400] {dagbag.py:532} INFO - Filling up the DagBag from /Users/sunanda/Downloads/airflow/py_env/lib/python3.9/site-packages/airflow/example_dags/subdags/subdag.py
[2023-03-25T14:12:31.446-0400] {processor.py:755} WARNING - No viable dags retrieved from /Users/sunanda/Downloads/airflow/py_env/lib/python3.9/site-packages/airflow/example_dags/subdags/subdag.py
[2023-03-25T14:12:31.649-0400] {processor.py:175} INFO - Processing /Users/sunanda/Downloads/airflow/py_env/lib/python3.9/site-packages/airflow/example_dags/subdags/subdag.py took 0.212 seconds
[2023-03-25T14:13:14.962-0400] {processor.py:153} INFO - Started process (PID=8464) to work on /Users/sunanda/Downloads/airflow/py_env/lib/python3.9/site-packages/airflow/example_dags/subdags/subdag.py
[2023-03-25T14:13:14.964-0400] {processor.py:743} INFO - Processing file /Users/sunanda/Downloads/airflow/py_env/lib/python3.9/site-packages/airflow/example_dags/subdags/subdag.py for tasks to queue
[2023-03-25T14:13:14.965-0400] {logging_mixin.py:137} INFO - [2023-03-25T14:13:14.965-0400] {dagbag.py:532} INFO - Filling up the DagBag from /Users/sunanda/Downloads/airflow/py_env/lib/python3.9/site-packages/airflow/example_dags/subdags/subdag.py
[2023-03-25T14:13:14.970-0400] {processor.py:755} WARNING - No viable dags retrieved from /Users/sunanda/Downloads/airflow/py_env/lib/python3.9/site-packages/airflow/example_dags/subdags/subdag.py
[2023-03-25T14:13:15.173-0400] {processor.py:175} INFO - Processing /Users/sunanda/Downloads/airflow/py_env/lib/python3.9/site-packages/airflow/example_dags/subdags/subdag.py took 0.211 seconds
[2023-03-25T14:13:58.797-0400] {processor.py:153} INFO - Started process (PID=8534) to work on /Users/sunanda/Downloads/airflow/py_env/lib/python3.9/site-packages/airflow/example_dags/subdags/subdag.py
[2023-03-25T14:13:58.799-0400] {processor.py:743} INFO - Processing file /Users/sunanda/Downloads/airflow/py_env/lib/python3.9/site-packages/airflow/example_dags/subdags/subdag.py for tasks to queue
[2023-03-25T14:13:58.799-0400] {logging_mixin.py:137} INFO - [2023-03-25T14:13:58.799-0400] {dagbag.py:532} INFO - Filling up the DagBag from /Users/sunanda/Downloads/airflow/py_env/lib/python3.9/site-packages/airflow/example_dags/subdags/subdag.py
[2023-03-25T14:13:58.805-0400] {processor.py:755} WARNING - No viable dags retrieved from /Users/sunanda/Downloads/airflow/py_env/lib/python3.9/site-packages/airflow/example_dags/subdags/subdag.py
[2023-03-25T14:13:59.028-0400] {processor.py:175} INFO - Processing /Users/sunanda/Downloads/airflow/py_env/lib/python3.9/site-packages/airflow/example_dags/subdags/subdag.py took 0.231 seconds
[2023-03-25T14:14:39.562-0400] {processor.py:153} INFO - Started process (PID=8598) to work on /Users/sunanda/Downloads/airflow/py_env/lib/python3.9/site-packages/airflow/example_dags/subdags/subdag.py
[2023-03-25T14:14:39.566-0400] {processor.py:743} INFO - Processing file /Users/sunanda/Downloads/airflow/py_env/lib/python3.9/site-packages/airflow/example_dags/subdags/subdag.py for tasks to queue
[2023-03-25T14:14:39.566-0400] {logging_mixin.py:137} INFO - [2023-03-25T14:14:39.566-0400] {dagbag.py:532} INFO - Filling up the DagBag from /Users/sunanda/Downloads/airflow/py_env/lib/python3.9/site-packages/airflow/example_dags/subdags/subdag.py
[2023-03-25T14:14:39.572-0400] {processor.py:755} WARNING - No viable dags retrieved from /Users/sunanda/Downloads/airflow/py_env/lib/python3.9/site-packages/airflow/example_dags/subdags/subdag.py
[2023-03-25T14:14:39.779-0400] {processor.py:175} INFO - Processing /Users/sunanda/Downloads/airflow/py_env/lib/python3.9/site-packages/airflow/example_dags/subdags/subdag.py took 0.216 seconds
[2023-03-25T14:15:23.876-0400] {processor.py:153} INFO - Started process (PID=8666) to work on /Users/sunanda/Downloads/airflow/py_env/lib/python3.9/site-packages/airflow/example_dags/subdags/subdag.py
[2023-03-25T14:15:23.879-0400] {processor.py:743} INFO - Processing file /Users/sunanda/Downloads/airflow/py_env/lib/python3.9/site-packages/airflow/example_dags/subdags/subdag.py for tasks to queue
[2023-03-25T14:15:23.879-0400] {logging_mixin.py:137} INFO - [2023-03-25T14:15:23.879-0400] {dagbag.py:532} INFO - Filling up the DagBag from /Users/sunanda/Downloads/airflow/py_env/lib/python3.9/site-packages/airflow/example_dags/subdags/subdag.py
[2023-03-25T14:15:23.885-0400] {processor.py:755} WARNING - No viable dags retrieved from /Users/sunanda/Downloads/airflow/py_env/lib/python3.9/site-packages/airflow/example_dags/subdags/subdag.py
[2023-03-25T14:15:24.088-0400] {processor.py:175} INFO - Processing /Users/sunanda/Downloads/airflow/py_env/lib/python3.9/site-packages/airflow/example_dags/subdags/subdag.py took 0.212 seconds
[2023-03-25T14:16:10.026-0400] {processor.py:153} INFO - Started process (PID=8737) to work on /Users/sunanda/Downloads/airflow/py_env/lib/python3.9/site-packages/airflow/example_dags/subdags/subdag.py
[2023-03-25T14:16:10.028-0400] {processor.py:743} INFO - Processing file /Users/sunanda/Downloads/airflow/py_env/lib/python3.9/site-packages/airflow/example_dags/subdags/subdag.py for tasks to queue
[2023-03-25T14:16:10.028-0400] {logging_mixin.py:137} INFO - [2023-03-25T14:16:10.028-0400] {dagbag.py:532} INFO - Filling up the DagBag from /Users/sunanda/Downloads/airflow/py_env/lib/python3.9/site-packages/airflow/example_dags/subdags/subdag.py
[2023-03-25T14:16:10.034-0400] {processor.py:755} WARNING - No viable dags retrieved from /Users/sunanda/Downloads/airflow/py_env/lib/python3.9/site-packages/airflow/example_dags/subdags/subdag.py
[2023-03-25T14:16:10.236-0400] {processor.py:175} INFO - Processing /Users/sunanda/Downloads/airflow/py_env/lib/python3.9/site-packages/airflow/example_dags/subdags/subdag.py took 0.210 seconds
[2023-03-25T14:16:55.519-0400] {processor.py:153} INFO - Started process (PID=8808) to work on /Users/sunanda/Downloads/airflow/py_env/lib/python3.9/site-packages/airflow/example_dags/subdags/subdag.py
[2023-03-25T14:16:55.522-0400] {processor.py:743} INFO - Processing file /Users/sunanda/Downloads/airflow/py_env/lib/python3.9/site-packages/airflow/example_dags/subdags/subdag.py for tasks to queue
[2023-03-25T14:16:55.522-0400] {logging_mixin.py:137} INFO - [2023-03-25T14:16:55.522-0400] {dagbag.py:532} INFO - Filling up the DagBag from /Users/sunanda/Downloads/airflow/py_env/lib/python3.9/site-packages/airflow/example_dags/subdags/subdag.py
[2023-03-25T14:16:55.527-0400] {processor.py:755} WARNING - No viable dags retrieved from /Users/sunanda/Downloads/airflow/py_env/lib/python3.9/site-packages/airflow/example_dags/subdags/subdag.py
[2023-03-25T14:16:55.731-0400] {processor.py:175} INFO - Processing /Users/sunanda/Downloads/airflow/py_env/lib/python3.9/site-packages/airflow/example_dags/subdags/subdag.py took 0.212 seconds
[2023-03-25T14:17:41.673-0400] {processor.py:153} INFO - Started process (PID=8882) to work on /Users/sunanda/Downloads/airflow/py_env/lib/python3.9/site-packages/airflow/example_dags/subdags/subdag.py
[2023-03-25T14:17:41.675-0400] {processor.py:743} INFO - Processing file /Users/sunanda/Downloads/airflow/py_env/lib/python3.9/site-packages/airflow/example_dags/subdags/subdag.py for tasks to queue
[2023-03-25T14:17:41.675-0400] {logging_mixin.py:137} INFO - [2023-03-25T14:17:41.675-0400] {dagbag.py:532} INFO - Filling up the DagBag from /Users/sunanda/Downloads/airflow/py_env/lib/python3.9/site-packages/airflow/example_dags/subdags/subdag.py
[2023-03-25T14:17:41.682-0400] {processor.py:755} WARNING - No viable dags retrieved from /Users/sunanda/Downloads/airflow/py_env/lib/python3.9/site-packages/airflow/example_dags/subdags/subdag.py
[2023-03-25T14:17:41.890-0400] {processor.py:175} INFO - Processing /Users/sunanda/Downloads/airflow/py_env/lib/python3.9/site-packages/airflow/example_dags/subdags/subdag.py took 0.217 seconds
[2023-03-25T14:18:27.089-0400] {processor.py:153} INFO - Started process (PID=8974) to work on /Users/sunanda/Downloads/airflow/py_env/lib/python3.9/site-packages/airflow/example_dags/subdags/subdag.py
[2023-03-25T14:18:27.091-0400] {processor.py:743} INFO - Processing file /Users/sunanda/Downloads/airflow/py_env/lib/python3.9/site-packages/airflow/example_dags/subdags/subdag.py for tasks to queue
[2023-03-25T14:18:27.091-0400] {logging_mixin.py:137} INFO - [2023-03-25T14:18:27.091-0400] {dagbag.py:532} INFO - Filling up the DagBag from /Users/sunanda/Downloads/airflow/py_env/lib/python3.9/site-packages/airflow/example_dags/subdags/subdag.py
[2023-03-25T14:18:27.096-0400] {processor.py:755} WARNING - No viable dags retrieved from /Users/sunanda/Downloads/airflow/py_env/lib/python3.9/site-packages/airflow/example_dags/subdags/subdag.py
[2023-03-25T14:18:27.301-0400] {processor.py:175} INFO - Processing /Users/sunanda/Downloads/airflow/py_env/lib/python3.9/site-packages/airflow/example_dags/subdags/subdag.py took 0.212 seconds
[2023-03-25T14:42:47.903-0400] {processor.py:153} INFO - Started process (PID=10685) to work on /Users/sunanda/Downloads/airflow/py_env/lib/python3.9/site-packages/airflow/example_dags/subdags/subdag.py
[2023-03-25T14:42:47.906-0400] {processor.py:743} INFO - Processing file /Users/sunanda/Downloads/airflow/py_env/lib/python3.9/site-packages/airflow/example_dags/subdags/subdag.py for tasks to queue
[2023-03-25T14:42:47.906-0400] {logging_mixin.py:137} INFO - [2023-03-25T14:42:47.906-0400] {dagbag.py:532} INFO - Filling up the DagBag from /Users/sunanda/Downloads/airflow/py_env/lib/python3.9/site-packages/airflow/example_dags/subdags/subdag.py
[2023-03-25T14:42:47.912-0400] {processor.py:755} WARNING - No viable dags retrieved from /Users/sunanda/Downloads/airflow/py_env/lib/python3.9/site-packages/airflow/example_dags/subdags/subdag.py
[2023-03-25T14:42:48.122-0400] {processor.py:175} INFO - Processing /Users/sunanda/Downloads/airflow/py_env/lib/python3.9/site-packages/airflow/example_dags/subdags/subdag.py took 0.220 seconds
[2023-03-25T14:44:05.097-0400] {processor.py:153} INFO - Started process (PID=10833) to work on /Users/sunanda/Downloads/airflow/py_env/lib/python3.9/site-packages/airflow/example_dags/subdags/subdag.py
[2023-03-25T14:44:05.100-0400] {processor.py:743} INFO - Processing file /Users/sunanda/Downloads/airflow/py_env/lib/python3.9/site-packages/airflow/example_dags/subdags/subdag.py for tasks to queue
[2023-03-25T14:44:05.100-0400] {logging_mixin.py:137} INFO - [2023-03-25T14:44:05.100-0400] {dagbag.py:532} INFO - Filling up the DagBag from /Users/sunanda/Downloads/airflow/py_env/lib/python3.9/site-packages/airflow/example_dags/subdags/subdag.py
[2023-03-25T14:44:05.105-0400] {processor.py:755} WARNING - No viable dags retrieved from /Users/sunanda/Downloads/airflow/py_env/lib/python3.9/site-packages/airflow/example_dags/subdags/subdag.py
[2023-03-25T14:44:05.318-0400] {processor.py:175} INFO - Processing /Users/sunanda/Downloads/airflow/py_env/lib/python3.9/site-packages/airflow/example_dags/subdags/subdag.py took 0.221 seconds
[2023-03-25T14:44:52.882-0400] {processor.py:153} INFO - Started process (PID=10912) to work on /Users/sunanda/Downloads/airflow/py_env/lib/python3.9/site-packages/airflow/example_dags/subdags/subdag.py
[2023-03-25T14:44:52.885-0400] {processor.py:743} INFO - Processing file /Users/sunanda/Downloads/airflow/py_env/lib/python3.9/site-packages/airflow/example_dags/subdags/subdag.py for tasks to queue
[2023-03-25T14:44:52.885-0400] {logging_mixin.py:137} INFO - [2023-03-25T14:44:52.885-0400] {dagbag.py:532} INFO - Filling up the DagBag from /Users/sunanda/Downloads/airflow/py_env/lib/python3.9/site-packages/airflow/example_dags/subdags/subdag.py
[2023-03-25T14:44:52.892-0400] {processor.py:755} WARNING - No viable dags retrieved from /Users/sunanda/Downloads/airflow/py_env/lib/python3.9/site-packages/airflow/example_dags/subdags/subdag.py
[2023-03-25T14:44:53.114-0400] {processor.py:175} INFO - Processing /Users/sunanda/Downloads/airflow/py_env/lib/python3.9/site-packages/airflow/example_dags/subdags/subdag.py took 0.232 seconds
[2023-03-25T14:45:36.591-0400] {processor.py:153} INFO - Started process (PID=10980) to work on /Users/sunanda/Downloads/airflow/py_env/lib/python3.9/site-packages/airflow/example_dags/subdags/subdag.py
[2023-03-25T14:45:36.593-0400] {processor.py:743} INFO - Processing file /Users/sunanda/Downloads/airflow/py_env/lib/python3.9/site-packages/airflow/example_dags/subdags/subdag.py for tasks to queue
[2023-03-25T14:45:36.594-0400] {logging_mixin.py:137} INFO - [2023-03-25T14:45:36.594-0400] {dagbag.py:532} INFO - Filling up the DagBag from /Users/sunanda/Downloads/airflow/py_env/lib/python3.9/site-packages/airflow/example_dags/subdags/subdag.py
[2023-03-25T14:45:36.599-0400] {processor.py:755} WARNING - No viable dags retrieved from /Users/sunanda/Downloads/airflow/py_env/lib/python3.9/site-packages/airflow/example_dags/subdags/subdag.py
[2023-03-25T14:45:36.815-0400] {processor.py:175} INFO - Processing /Users/sunanda/Downloads/airflow/py_env/lib/python3.9/site-packages/airflow/example_dags/subdags/subdag.py took 0.224 seconds
[2023-03-25T14:46:21.140-0400] {processor.py:153} INFO - Started process (PID=11051) to work on /Users/sunanda/Downloads/airflow/py_env/lib/python3.9/site-packages/airflow/example_dags/subdags/subdag.py
[2023-03-25T14:46:21.143-0400] {processor.py:743} INFO - Processing file /Users/sunanda/Downloads/airflow/py_env/lib/python3.9/site-packages/airflow/example_dags/subdags/subdag.py for tasks to queue
[2023-03-25T14:46:21.143-0400] {logging_mixin.py:137} INFO - [2023-03-25T14:46:21.143-0400] {dagbag.py:532} INFO - Filling up the DagBag from /Users/sunanda/Downloads/airflow/py_env/lib/python3.9/site-packages/airflow/example_dags/subdags/subdag.py
[2023-03-25T14:46:21.149-0400] {processor.py:755} WARNING - No viable dags retrieved from /Users/sunanda/Downloads/airflow/py_env/lib/python3.9/site-packages/airflow/example_dags/subdags/subdag.py
[2023-03-25T14:46:21.365-0400] {processor.py:175} INFO - Processing /Users/sunanda/Downloads/airflow/py_env/lib/python3.9/site-packages/airflow/example_dags/subdags/subdag.py took 0.226 seconds
[2023-03-25T14:47:08.045-0400] {processor.py:153} INFO - Started process (PID=11123) to work on /Users/sunanda/Downloads/airflow/py_env/lib/python3.9/site-packages/airflow/example_dags/subdags/subdag.py
[2023-03-25T14:47:08.049-0400] {processor.py:743} INFO - Processing file /Users/sunanda/Downloads/airflow/py_env/lib/python3.9/site-packages/airflow/example_dags/subdags/subdag.py for tasks to queue
[2023-03-25T14:47:08.049-0400] {logging_mixin.py:137} INFO - [2023-03-25T14:47:08.049-0400] {dagbag.py:532} INFO - Filling up the DagBag from /Users/sunanda/Downloads/airflow/py_env/lib/python3.9/site-packages/airflow/example_dags/subdags/subdag.py
[2023-03-25T14:47:08.055-0400] {processor.py:755} WARNING - No viable dags retrieved from /Users/sunanda/Downloads/airflow/py_env/lib/python3.9/site-packages/airflow/example_dags/subdags/subdag.py
[2023-03-25T14:47:08.278-0400] {processor.py:175} INFO - Processing /Users/sunanda/Downloads/airflow/py_env/lib/python3.9/site-packages/airflow/example_dags/subdags/subdag.py took 0.234 seconds
[2023-03-25T14:47:53.307-0400] {processor.py:153} INFO - Started process (PID=11193) to work on /Users/sunanda/Downloads/airflow/py_env/lib/python3.9/site-packages/airflow/example_dags/subdags/subdag.py
[2023-03-25T14:47:53.310-0400] {processor.py:743} INFO - Processing file /Users/sunanda/Downloads/airflow/py_env/lib/python3.9/site-packages/airflow/example_dags/subdags/subdag.py for tasks to queue
[2023-03-25T14:47:53.310-0400] {logging_mixin.py:137} INFO - [2023-03-25T14:47:53.310-0400] {dagbag.py:532} INFO - Filling up the DagBag from /Users/sunanda/Downloads/airflow/py_env/lib/python3.9/site-packages/airflow/example_dags/subdags/subdag.py
[2023-03-25T14:47:53.315-0400] {processor.py:755} WARNING - No viable dags retrieved from /Users/sunanda/Downloads/airflow/py_env/lib/python3.9/site-packages/airflow/example_dags/subdags/subdag.py
[2023-03-25T14:47:53.525-0400] {processor.py:175} INFO - Processing /Users/sunanda/Downloads/airflow/py_env/lib/python3.9/site-packages/airflow/example_dags/subdags/subdag.py took 0.218 seconds
[2023-03-25T16:12:19.078-0400] {processor.py:153} INFO - Started process (PID=17917) to work on /Users/sunanda/Downloads/airflow/py_env/lib/python3.9/site-packages/airflow/example_dags/subdags/subdag.py
[2023-03-25T16:12:19.082-0400] {processor.py:743} INFO - Processing file /Users/sunanda/Downloads/airflow/py_env/lib/python3.9/site-packages/airflow/example_dags/subdags/subdag.py for tasks to queue
[2023-03-25T16:12:19.082-0400] {logging_mixin.py:137} INFO - [2023-03-25T16:12:19.082-0400] {dagbag.py:532} INFO - Filling up the DagBag from /Users/sunanda/Downloads/airflow/py_env/lib/python3.9/site-packages/airflow/example_dags/subdags/subdag.py
[2023-03-25T16:12:19.088-0400] {processor.py:755} WARNING - No viable dags retrieved from /Users/sunanda/Downloads/airflow/py_env/lib/python3.9/site-packages/airflow/example_dags/subdags/subdag.py
[2023-03-25T16:12:19.303-0400] {processor.py:175} INFO - Processing /Users/sunanda/Downloads/airflow/py_env/lib/python3.9/site-packages/airflow/example_dags/subdags/subdag.py took 0.226 seconds
