[2023-03-25T14:10:05.586-0400] {processor.py:153} INFO - Started process (PID=8138) to work on /Users/sunanda/Downloads/airflow/py_env/lib/python3.9/site-packages/airflow/example_dags/example_dag_decorator.py
[2023-03-25T14:10:05.588-0400] {processor.py:743} INFO - Processing file /Users/sunanda/Downloads/airflow/py_env/lib/python3.9/site-packages/airflow/example_dags/example_dag_decorator.py for tasks to queue
[2023-03-25T14:10:05.588-0400] {logging_mixin.py:137} INFO - [2023-03-25T14:10:05.588-0400] {dagbag.py:532} INFO - Filling up the DagBag from /Users/sunanda/Downloads/airflow/py_env/lib/python3.9/site-packages/airflow/example_dags/example_dag_decorator.py
[2023-03-25T14:10:05.643-0400] {logging_mixin.py:137} INFO - [2023-03-25T14:10:05.643-0400] {taskmixin.py:211} WARNING - Dependency <Task(_PythonDecoratedOperator): prepare_email>, send_email already registered for DAG: example_dag_decorator
[2023-03-25T14:10:05.643-0400] {logging_mixin.py:137} INFO - [2023-03-25T14:10:05.643-0400] {taskmixin.py:211} WARNING - Dependency <Task(EmailOperator): send_email>, prepare_email already registered for DAG: example_dag_decorator
[2023-03-25T14:10:05.655-0400] {processor.py:753} INFO - DAG(s) dict_keys(['example_dag_decorator']) retrieved from /Users/sunanda/Downloads/airflow/py_env/lib/python3.9/site-packages/airflow/example_dags/example_dag_decorator.py
[2023-03-25T14:10:05.830-0400] {logging_mixin.py:137} INFO - [2023-03-25T14:10:05.830-0400] {dag.py:2693} INFO - Sync 1 DAGs
[2023-03-25T14:10:05.839-0400] {logging_mixin.py:137} INFO - [2023-03-25T14:10:05.839-0400] {dag.py:3440} INFO - Setting next_dagrun for example_dag_decorator to None, run_after=None
[2023-03-25T14:10:05.848-0400] {processor.py:175} INFO - Processing /Users/sunanda/Downloads/airflow/py_env/lib/python3.9/site-packages/airflow/example_dags/example_dag_decorator.py took 0.262 seconds
[2023-03-25T14:11:29.244-0400] {processor.py:153} INFO - Started process (PID=8282) to work on /Users/sunanda/Downloads/airflow/py_env/lib/python3.9/site-packages/airflow/example_dags/example_dag_decorator.py
[2023-03-25T14:11:29.246-0400] {processor.py:743} INFO - Processing file /Users/sunanda/Downloads/airflow/py_env/lib/python3.9/site-packages/airflow/example_dags/example_dag_decorator.py for tasks to queue
[2023-03-25T14:11:29.246-0400] {logging_mixin.py:137} INFO - [2023-03-25T14:11:29.246-0400] {dagbag.py:532} INFO - Filling up the DagBag from /Users/sunanda/Downloads/airflow/py_env/lib/python3.9/site-packages/airflow/example_dags/example_dag_decorator.py
[2023-03-25T14:11:29.302-0400] {logging_mixin.py:137} INFO - [2023-03-25T14:11:29.302-0400] {taskmixin.py:211} WARNING - Dependency <Task(_PythonDecoratedOperator): prepare_email>, send_email already registered for DAG: example_dag_decorator
[2023-03-25T14:11:29.302-0400] {logging_mixin.py:137} INFO - [2023-03-25T14:11:29.302-0400] {taskmixin.py:211} WARNING - Dependency <Task(EmailOperator): send_email>, prepare_email already registered for DAG: example_dag_decorator
[2023-03-25T14:11:29.314-0400] {processor.py:753} INFO - DAG(s) dict_keys(['example_dag_decorator']) retrieved from /Users/sunanda/Downloads/airflow/py_env/lib/python3.9/site-packages/airflow/example_dags/example_dag_decorator.py
[2023-03-25T14:11:29.481-0400] {logging_mixin.py:137} INFO - [2023-03-25T14:11:29.481-0400] {dag.py:2693} INFO - Sync 1 DAGs
[2023-03-25T14:11:29.487-0400] {logging_mixin.py:137} INFO - [2023-03-25T14:11:29.487-0400] {dag.py:3440} INFO - Setting next_dagrun for example_dag_decorator to None, run_after=None
[2023-03-25T14:11:29.494-0400] {processor.py:175} INFO - Processing /Users/sunanda/Downloads/airflow/py_env/lib/python3.9/site-packages/airflow/example_dags/example_dag_decorator.py took 0.250 seconds
[2023-03-25T14:12:58.388-0400] {processor.py:153} INFO - Started process (PID=8439) to work on /Users/sunanda/Downloads/airflow/py_env/lib/python3.9/site-packages/airflow/example_dags/example_dag_decorator.py
[2023-03-25T14:12:58.391-0400] {processor.py:743} INFO - Processing file /Users/sunanda/Downloads/airflow/py_env/lib/python3.9/site-packages/airflow/example_dags/example_dag_decorator.py for tasks to queue
[2023-03-25T14:12:58.391-0400] {logging_mixin.py:137} INFO - [2023-03-25T14:12:58.391-0400] {dagbag.py:532} INFO - Filling up the DagBag from /Users/sunanda/Downloads/airflow/py_env/lib/python3.9/site-packages/airflow/example_dags/example_dag_decorator.py
[2023-03-25T14:12:58.445-0400] {logging_mixin.py:137} INFO - [2023-03-25T14:12:58.445-0400] {taskmixin.py:211} WARNING - Dependency <Task(_PythonDecoratedOperator): prepare_email>, send_email already registered for DAG: example_dag_decorator
[2023-03-25T14:12:58.445-0400] {logging_mixin.py:137} INFO - [2023-03-25T14:12:58.445-0400] {taskmixin.py:211} WARNING - Dependency <Task(EmailOperator): send_email>, prepare_email already registered for DAG: example_dag_decorator
[2023-03-25T14:12:58.457-0400] {processor.py:753} INFO - DAG(s) dict_keys(['example_dag_decorator']) retrieved from /Users/sunanda/Downloads/airflow/py_env/lib/python3.9/site-packages/airflow/example_dags/example_dag_decorator.py
[2023-03-25T14:12:58.627-0400] {logging_mixin.py:137} INFO - [2023-03-25T14:12:58.627-0400] {dag.py:2693} INFO - Sync 1 DAGs
[2023-03-25T14:12:58.634-0400] {logging_mixin.py:137} INFO - [2023-03-25T14:12:58.634-0400] {dag.py:3440} INFO - Setting next_dagrun for example_dag_decorator to None, run_after=None
[2023-03-25T14:12:58.641-0400] {processor.py:175} INFO - Processing /Users/sunanda/Downloads/airflow/py_env/lib/python3.9/site-packages/airflow/example_dags/example_dag_decorator.py took 0.253 seconds
[2023-03-25T14:14:23.656-0400] {processor.py:153} INFO - Started process (PID=8573) to work on /Users/sunanda/Downloads/airflow/py_env/lib/python3.9/site-packages/airflow/example_dags/example_dag_decorator.py
[2023-03-25T14:14:23.658-0400] {processor.py:743} INFO - Processing file /Users/sunanda/Downloads/airflow/py_env/lib/python3.9/site-packages/airflow/example_dags/example_dag_decorator.py for tasks to queue
[2023-03-25T14:14:23.659-0400] {logging_mixin.py:137} INFO - [2023-03-25T14:14:23.659-0400] {dagbag.py:532} INFO - Filling up the DagBag from /Users/sunanda/Downloads/airflow/py_env/lib/python3.9/site-packages/airflow/example_dags/example_dag_decorator.py
[2023-03-25T14:14:23.716-0400] {logging_mixin.py:137} INFO - [2023-03-25T14:14:23.716-0400] {taskmixin.py:211} WARNING - Dependency <Task(_PythonDecoratedOperator): prepare_email>, send_email already registered for DAG: example_dag_decorator
[2023-03-25T14:14:23.716-0400] {logging_mixin.py:137} INFO - [2023-03-25T14:14:23.716-0400] {taskmixin.py:211} WARNING - Dependency <Task(EmailOperator): send_email>, prepare_email already registered for DAG: example_dag_decorator
[2023-03-25T14:14:23.727-0400] {processor.py:753} INFO - DAG(s) dict_keys(['example_dag_decorator']) retrieved from /Users/sunanda/Downloads/airflow/py_env/lib/python3.9/site-packages/airflow/example_dags/example_dag_decorator.py
[2023-03-25T14:14:23.895-0400] {logging_mixin.py:137} INFO - [2023-03-25T14:14:23.895-0400] {dag.py:2693} INFO - Sync 1 DAGs
[2023-03-25T14:14:23.902-0400] {logging_mixin.py:137} INFO - [2023-03-25T14:14:23.902-0400] {dag.py:3440} INFO - Setting next_dagrun for example_dag_decorator to None, run_after=None
[2023-03-25T14:14:23.910-0400] {processor.py:175} INFO - Processing /Users/sunanda/Downloads/airflow/py_env/lib/python3.9/site-packages/airflow/example_dags/example_dag_decorator.py took 0.254 seconds
[2023-03-25T14:15:52.808-0400] {processor.py:153} INFO - Started process (PID=8710) to work on /Users/sunanda/Downloads/airflow/py_env/lib/python3.9/site-packages/airflow/example_dags/example_dag_decorator.py
[2023-03-25T14:15:52.811-0400] {processor.py:743} INFO - Processing file /Users/sunanda/Downloads/airflow/py_env/lib/python3.9/site-packages/airflow/example_dags/example_dag_decorator.py for tasks to queue
[2023-03-25T14:15:52.811-0400] {logging_mixin.py:137} INFO - [2023-03-25T14:15:52.811-0400] {dagbag.py:532} INFO - Filling up the DagBag from /Users/sunanda/Downloads/airflow/py_env/lib/python3.9/site-packages/airflow/example_dags/example_dag_decorator.py
[2023-03-25T14:15:52.871-0400] {logging_mixin.py:137} INFO - [2023-03-25T14:15:52.871-0400] {taskmixin.py:211} WARNING - Dependency <Task(_PythonDecoratedOperator): prepare_email>, send_email already registered for DAG: example_dag_decorator
[2023-03-25T14:15:52.871-0400] {logging_mixin.py:137} INFO - [2023-03-25T14:15:52.871-0400] {taskmixin.py:211} WARNING - Dependency <Task(EmailOperator): send_email>, prepare_email already registered for DAG: example_dag_decorator
[2023-03-25T14:15:52.884-0400] {processor.py:753} INFO - DAG(s) dict_keys(['example_dag_decorator']) retrieved from /Users/sunanda/Downloads/airflow/py_env/lib/python3.9/site-packages/airflow/example_dags/example_dag_decorator.py
[2023-03-25T14:15:53.061-0400] {logging_mixin.py:137} INFO - [2023-03-25T14:15:53.061-0400] {dag.py:2693} INFO - Sync 1 DAGs
[2023-03-25T14:15:53.068-0400] {logging_mixin.py:137} INFO - [2023-03-25T14:15:53.068-0400] {dag.py:3440} INFO - Setting next_dagrun for example_dag_decorator to None, run_after=None
[2023-03-25T14:15:53.076-0400] {processor.py:175} INFO - Processing /Users/sunanda/Downloads/airflow/py_env/lib/python3.9/site-packages/airflow/example_dags/example_dag_decorator.py took 0.268 seconds
[2023-03-25T14:17:24.235-0400] {processor.py:153} INFO - Started process (PID=8853) to work on /Users/sunanda/Downloads/airflow/py_env/lib/python3.9/site-packages/airflow/example_dags/example_dag_decorator.py
[2023-03-25T14:17:24.237-0400] {processor.py:743} INFO - Processing file /Users/sunanda/Downloads/airflow/py_env/lib/python3.9/site-packages/airflow/example_dags/example_dag_decorator.py for tasks to queue
[2023-03-25T14:17:24.237-0400] {logging_mixin.py:137} INFO - [2023-03-25T14:17:24.237-0400] {dagbag.py:532} INFO - Filling up the DagBag from /Users/sunanda/Downloads/airflow/py_env/lib/python3.9/site-packages/airflow/example_dags/example_dag_decorator.py
[2023-03-25T14:17:24.291-0400] {logging_mixin.py:137} INFO - [2023-03-25T14:17:24.291-0400] {taskmixin.py:211} WARNING - Dependency <Task(_PythonDecoratedOperator): prepare_email>, send_email already registered for DAG: example_dag_decorator
[2023-03-25T14:17:24.291-0400] {logging_mixin.py:137} INFO - [2023-03-25T14:17:24.291-0400] {taskmixin.py:211} WARNING - Dependency <Task(EmailOperator): send_email>, prepare_email already registered for DAG: example_dag_decorator
[2023-03-25T14:17:24.302-0400] {processor.py:753} INFO - DAG(s) dict_keys(['example_dag_decorator']) retrieved from /Users/sunanda/Downloads/airflow/py_env/lib/python3.9/site-packages/airflow/example_dags/example_dag_decorator.py
[2023-03-25T14:17:24.470-0400] {logging_mixin.py:137} INFO - [2023-03-25T14:17:24.470-0400] {dag.py:2693} INFO - Sync 1 DAGs
[2023-03-25T14:17:24.477-0400] {logging_mixin.py:137} INFO - [2023-03-25T14:17:24.476-0400] {dag.py:3440} INFO - Setting next_dagrun for example_dag_decorator to None, run_after=None
[2023-03-25T14:17:24.484-0400] {processor.py:175} INFO - Processing /Users/sunanda/Downloads/airflow/py_env/lib/python3.9/site-packages/airflow/example_dags/example_dag_decorator.py took 0.249 seconds
[2023-03-25T14:19:27.795-0400] {processor.py:153} INFO - Started process (PID=9069) to work on /Users/sunanda/Downloads/airflow/py_env/lib/python3.9/site-packages/airflow/example_dags/example_dag_decorator.py
[2023-03-25T14:19:27.798-0400] {processor.py:743} INFO - Processing file /Users/sunanda/Downloads/airflow/py_env/lib/python3.9/site-packages/airflow/example_dags/example_dag_decorator.py for tasks to queue
[2023-03-25T14:19:27.798-0400] {logging_mixin.py:137} INFO - [2023-03-25T14:19:27.798-0400] {dagbag.py:532} INFO - Filling up the DagBag from /Users/sunanda/Downloads/airflow/py_env/lib/python3.9/site-packages/airflow/example_dags/example_dag_decorator.py
[2023-03-25T14:19:27.853-0400] {logging_mixin.py:137} INFO - [2023-03-25T14:19:27.853-0400] {taskmixin.py:211} WARNING - Dependency <Task(_PythonDecoratedOperator): prepare_email>, send_email already registered for DAG: example_dag_decorator
[2023-03-25T14:19:27.853-0400] {logging_mixin.py:137} INFO - [2023-03-25T14:19:27.853-0400] {taskmixin.py:211} WARNING - Dependency <Task(EmailOperator): send_email>, prepare_email already registered for DAG: example_dag_decorator
[2023-03-25T14:19:27.865-0400] {processor.py:753} INFO - DAG(s) dict_keys(['example_dag_decorator']) retrieved from /Users/sunanda/Downloads/airflow/py_env/lib/python3.9/site-packages/airflow/example_dags/example_dag_decorator.py
[2023-03-25T14:19:28.035-0400] {logging_mixin.py:137} INFO - [2023-03-25T14:19:28.035-0400] {dag.py:2693} INFO - Sync 1 DAGs
[2023-03-25T14:19:28.041-0400] {logging_mixin.py:137} INFO - [2023-03-25T14:19:28.041-0400] {dag.py:3440} INFO - Setting next_dagrun for example_dag_decorator to None, run_after=None
[2023-03-25T14:19:28.048-0400] {processor.py:175} INFO - Processing /Users/sunanda/Downloads/airflow/py_env/lib/python3.9/site-packages/airflow/example_dags/example_dag_decorator.py took 0.254 seconds
[2023-03-25T14:43:47.219-0400] {processor.py:153} INFO - Started process (PID=10793) to work on /Users/sunanda/Downloads/airflow/py_env/lib/python3.9/site-packages/airflow/example_dags/example_dag_decorator.py
[2023-03-25T14:43:47.224-0400] {processor.py:743} INFO - Processing file /Users/sunanda/Downloads/airflow/py_env/lib/python3.9/site-packages/airflow/example_dags/example_dag_decorator.py for tasks to queue
[2023-03-25T14:43:47.224-0400] {logging_mixin.py:137} INFO - [2023-03-25T14:43:47.224-0400] {dagbag.py:532} INFO - Filling up the DagBag from /Users/sunanda/Downloads/airflow/py_env/lib/python3.9/site-packages/airflow/example_dags/example_dag_decorator.py
[2023-03-25T14:43:47.329-0400] {logging_mixin.py:137} INFO - [2023-03-25T14:43:47.329-0400] {taskmixin.py:211} WARNING - Dependency <Task(_PythonDecoratedOperator): prepare_email>, send_email already registered for DAG: example_dag_decorator
[2023-03-25T14:43:47.330-0400] {logging_mixin.py:137} INFO - [2023-03-25T14:43:47.330-0400] {taskmixin.py:211} WARNING - Dependency <Task(EmailOperator): send_email>, prepare_email already registered for DAG: example_dag_decorator
[2023-03-25T14:43:47.343-0400] {processor.py:753} INFO - DAG(s) dict_keys(['example_dag_decorator']) retrieved from /Users/sunanda/Downloads/airflow/py_env/lib/python3.9/site-packages/airflow/example_dags/example_dag_decorator.py
[2023-03-25T14:43:47.558-0400] {logging_mixin.py:137} INFO - [2023-03-25T14:43:47.558-0400] {dag.py:2693} INFO - Sync 1 DAGs
[2023-03-25T14:43:47.565-0400] {logging_mixin.py:137} INFO - [2023-03-25T14:43:47.565-0400] {dag.py:3440} INFO - Setting next_dagrun for example_dag_decorator to None, run_after=None
[2023-03-25T14:43:47.578-0400] {processor.py:175} INFO - Processing /Users/sunanda/Downloads/airflow/py_env/lib/python3.9/site-packages/airflow/example_dags/example_dag_decorator.py took 0.359 seconds
[2023-03-25T14:45:21.119-0400] {processor.py:153} INFO - Started process (PID=10955) to work on /Users/sunanda/Downloads/airflow/py_env/lib/python3.9/site-packages/airflow/example_dags/example_dag_decorator.py
[2023-03-25T14:45:21.122-0400] {processor.py:743} INFO - Processing file /Users/sunanda/Downloads/airflow/py_env/lib/python3.9/site-packages/airflow/example_dags/example_dag_decorator.py for tasks to queue
[2023-03-25T14:45:21.122-0400] {logging_mixin.py:137} INFO - [2023-03-25T14:45:21.122-0400] {dagbag.py:532} INFO - Filling up the DagBag from /Users/sunanda/Downloads/airflow/py_env/lib/python3.9/site-packages/airflow/example_dags/example_dag_decorator.py
[2023-03-25T14:45:21.186-0400] {logging_mixin.py:137} INFO - [2023-03-25T14:45:21.185-0400] {taskmixin.py:211} WARNING - Dependency <Task(_PythonDecoratedOperator): prepare_email>, send_email already registered for DAG: example_dag_decorator
[2023-03-25T14:45:21.186-0400] {logging_mixin.py:137} INFO - [2023-03-25T14:45:21.186-0400] {taskmixin.py:211} WARNING - Dependency <Task(EmailOperator): send_email>, prepare_email already registered for DAG: example_dag_decorator
[2023-03-25T14:45:21.200-0400] {processor.py:753} INFO - DAG(s) dict_keys(['example_dag_decorator']) retrieved from /Users/sunanda/Downloads/airflow/py_env/lib/python3.9/site-packages/airflow/example_dags/example_dag_decorator.py
[2023-03-25T14:45:21.400-0400] {logging_mixin.py:137} INFO - [2023-03-25T14:45:21.400-0400] {dag.py:2693} INFO - Sync 1 DAGs
[2023-03-25T14:45:21.407-0400] {logging_mixin.py:137} INFO - [2023-03-25T14:45:21.407-0400] {dag.py:3440} INFO - Setting next_dagrun for example_dag_decorator to None, run_after=None
[2023-03-25T14:45:21.415-0400] {processor.py:175} INFO - Processing /Users/sunanda/Downloads/airflow/py_env/lib/python3.9/site-packages/airflow/example_dags/example_dag_decorator.py took 0.296 seconds
[2023-03-25T14:46:49.440-0400] {processor.py:153} INFO - Started process (PID=11094) to work on /Users/sunanda/Downloads/airflow/py_env/lib/python3.9/site-packages/airflow/example_dags/example_dag_decorator.py
[2023-03-25T14:46:49.443-0400] {processor.py:743} INFO - Processing file /Users/sunanda/Downloads/airflow/py_env/lib/python3.9/site-packages/airflow/example_dags/example_dag_decorator.py for tasks to queue
[2023-03-25T14:46:49.444-0400] {logging_mixin.py:137} INFO - [2023-03-25T14:46:49.444-0400] {dagbag.py:532} INFO - Filling up the DagBag from /Users/sunanda/Downloads/airflow/py_env/lib/python3.9/site-packages/airflow/example_dags/example_dag_decorator.py
[2023-03-25T14:46:49.510-0400] {logging_mixin.py:137} INFO - [2023-03-25T14:46:49.510-0400] {taskmixin.py:211} WARNING - Dependency <Task(_PythonDecoratedOperator): prepare_email>, send_email already registered for DAG: example_dag_decorator
[2023-03-25T14:46:49.510-0400] {logging_mixin.py:137} INFO - [2023-03-25T14:46:49.510-0400] {taskmixin.py:211} WARNING - Dependency <Task(EmailOperator): send_email>, prepare_email already registered for DAG: example_dag_decorator
[2023-03-25T14:46:49.527-0400] {processor.py:753} INFO - DAG(s) dict_keys(['example_dag_decorator']) retrieved from /Users/sunanda/Downloads/airflow/py_env/lib/python3.9/site-packages/airflow/example_dags/example_dag_decorator.py
[2023-03-25T14:46:49.714-0400] {logging_mixin.py:137} INFO - [2023-03-25T14:46:49.714-0400] {dag.py:2693} INFO - Sync 1 DAGs
[2023-03-25T14:46:49.721-0400] {logging_mixin.py:137} INFO - [2023-03-25T14:46:49.721-0400] {dag.py:3440} INFO - Setting next_dagrun for example_dag_decorator to None, run_after=None
[2023-03-25T14:46:49.730-0400] {processor.py:175} INFO - Processing /Users/sunanda/Downloads/airflow/py_env/lib/python3.9/site-packages/airflow/example_dags/example_dag_decorator.py took 0.290 seconds
[2023-03-25T14:48:18.493-0400] {processor.py:153} INFO - Started process (PID=11235) to work on /Users/sunanda/Downloads/airflow/py_env/lib/python3.9/site-packages/airflow/example_dags/example_dag_decorator.py
[2023-03-25T14:48:18.496-0400] {processor.py:743} INFO - Processing file /Users/sunanda/Downloads/airflow/py_env/lib/python3.9/site-packages/airflow/example_dags/example_dag_decorator.py for tasks to queue
[2023-03-25T14:48:18.497-0400] {logging_mixin.py:137} INFO - [2023-03-25T14:48:18.496-0400] {dagbag.py:532} INFO - Filling up the DagBag from /Users/sunanda/Downloads/airflow/py_env/lib/python3.9/site-packages/airflow/example_dags/example_dag_decorator.py
[2023-03-25T14:48:18.558-0400] {logging_mixin.py:137} INFO - [2023-03-25T14:48:18.558-0400] {taskmixin.py:211} WARNING - Dependency <Task(_PythonDecoratedOperator): prepare_email>, send_email already registered for DAG: example_dag_decorator
[2023-03-25T14:48:18.558-0400] {logging_mixin.py:137} INFO - [2023-03-25T14:48:18.558-0400] {taskmixin.py:211} WARNING - Dependency <Task(EmailOperator): send_email>, prepare_email already registered for DAG: example_dag_decorator
[2023-03-25T14:48:18.573-0400] {processor.py:753} INFO - DAG(s) dict_keys(['example_dag_decorator']) retrieved from /Users/sunanda/Downloads/airflow/py_env/lib/python3.9/site-packages/airflow/example_dags/example_dag_decorator.py
[2023-03-25T14:48:18.749-0400] {logging_mixin.py:137} INFO - [2023-03-25T14:48:18.749-0400] {dag.py:2693} INFO - Sync 1 DAGs
[2023-03-25T14:48:18.756-0400] {logging_mixin.py:137} INFO - [2023-03-25T14:48:18.756-0400] {dag.py:3440} INFO - Setting next_dagrun for example_dag_decorator to None, run_after=None
[2023-03-25T14:48:18.764-0400] {processor.py:175} INFO - Processing /Users/sunanda/Downloads/airflow/py_env/lib/python3.9/site-packages/airflow/example_dags/example_dag_decorator.py took 0.271 seconds
