[2023-03-25T14:09:56.207-0400] {processor.py:153} INFO - Started process (PID=8122) to work on /Users/sunanda/Downloads/airflow/py_env/lib/python3.9/site-packages/airflow/example_dags/example_latest_only.py
[2023-03-25T14:09:56.210-0400] {processor.py:743} INFO - Processing file /Users/sunanda/Downloads/airflow/py_env/lib/python3.9/site-packages/airflow/example_dags/example_latest_only.py for tasks to queue
[2023-03-25T14:09:56.210-0400] {logging_mixin.py:137} INFO - [2023-03-25T14:09:56.210-0400] {dagbag.py:532} INFO - Filling up the DagBag from /Users/sunanda/Downloads/airflow/py_env/lib/python3.9/site-packages/airflow/example_dags/example_latest_only.py
[2023-03-25T14:09:56.219-0400] {processor.py:753} INFO - DAG(s) dict_keys(['latest_only']) retrieved from /Users/sunanda/Downloads/airflow/py_env/lib/python3.9/site-packages/airflow/example_dags/example_latest_only.py
[2023-03-25T14:09:56.461-0400] {logging_mixin.py:137} INFO - [2023-03-25T14:09:56.461-0400] {dag.py:2693} INFO - Sync 1 DAGs
[2023-03-25T14:09:56.468-0400] {logging_mixin.py:137} INFO - [2023-03-25T14:09:56.468-0400] {dag.py:3440} INFO - Setting next_dagrun for latest_only to 2023-03-25T14:09:56.468695+00:00, run_after=2023-03-25T18:09:56.468695+00:00
[2023-03-25T14:09:56.476-0400] {processor.py:175} INFO - Processing /Users/sunanda/Downloads/airflow/py_env/lib/python3.9/site-packages/airflow/example_dags/example_latest_only.py took 0.269 seconds
[2023-03-25T14:11:19.958-0400] {processor.py:153} INFO - Started process (PID=8268) to work on /Users/sunanda/Downloads/airflow/py_env/lib/python3.9/site-packages/airflow/example_dags/example_latest_only.py
[2023-03-25T14:11:19.960-0400] {processor.py:743} INFO - Processing file /Users/sunanda/Downloads/airflow/py_env/lib/python3.9/site-packages/airflow/example_dags/example_latest_only.py for tasks to queue
[2023-03-25T14:11:19.961-0400] {logging_mixin.py:137} INFO - [2023-03-25T14:11:19.960-0400] {dagbag.py:532} INFO - Filling up the DagBag from /Users/sunanda/Downloads/airflow/py_env/lib/python3.9/site-packages/airflow/example_dags/example_latest_only.py
[2023-03-25T14:11:19.970-0400] {processor.py:753} INFO - DAG(s) dict_keys(['latest_only']) retrieved from /Users/sunanda/Downloads/airflow/py_env/lib/python3.9/site-packages/airflow/example_dags/example_latest_only.py
[2023-03-25T14:11:20.176-0400] {logging_mixin.py:137} INFO - [2023-03-25T14:11:20.176-0400] {dag.py:2693} INFO - Sync 1 DAGs
[2023-03-25T14:11:20.182-0400] {logging_mixin.py:137} INFO - [2023-03-25T14:11:20.182-0400] {dag.py:3440} INFO - Setting next_dagrun for latest_only to 2023-03-25T14:11:20.182502+00:00, run_after=2023-03-25T18:11:20.182502+00:00
[2023-03-25T14:11:20.189-0400] {processor.py:175} INFO - Processing /Users/sunanda/Downloads/airflow/py_env/lib/python3.9/site-packages/airflow/example_dags/example_latest_only.py took 0.231 seconds
[2023-03-25T14:12:49.132-0400] {processor.py:153} INFO - Started process (PID=8425) to work on /Users/sunanda/Downloads/airflow/py_env/lib/python3.9/site-packages/airflow/example_dags/example_latest_only.py
[2023-03-25T14:12:49.135-0400] {processor.py:743} INFO - Processing file /Users/sunanda/Downloads/airflow/py_env/lib/python3.9/site-packages/airflow/example_dags/example_latest_only.py for tasks to queue
[2023-03-25T14:12:49.135-0400] {logging_mixin.py:137} INFO - [2023-03-25T14:12:49.135-0400] {dagbag.py:532} INFO - Filling up the DagBag from /Users/sunanda/Downloads/airflow/py_env/lib/python3.9/site-packages/airflow/example_dags/example_latest_only.py
[2023-03-25T14:12:49.145-0400] {processor.py:753} INFO - DAG(s) dict_keys(['latest_only']) retrieved from /Users/sunanda/Downloads/airflow/py_env/lib/python3.9/site-packages/airflow/example_dags/example_latest_only.py
[2023-03-25T14:12:49.356-0400] {logging_mixin.py:137} INFO - [2023-03-25T14:12:49.356-0400] {dag.py:2693} INFO - Sync 1 DAGs
[2023-03-25T14:12:49.362-0400] {logging_mixin.py:137} INFO - [2023-03-25T14:12:49.362-0400] {dag.py:3440} INFO - Setting next_dagrun for latest_only to 2023-03-25T14:12:49.362477+00:00, run_after=2023-03-25T18:12:49.362477+00:00
[2023-03-25T14:12:49.369-0400] {processor.py:175} INFO - Processing /Users/sunanda/Downloads/airflow/py_env/lib/python3.9/site-packages/airflow/example_dags/example_latest_only.py took 0.238 seconds
[2023-03-25T14:14:14.686-0400] {processor.py:153} INFO - Started process (PID=8559) to work on /Users/sunanda/Downloads/airflow/py_env/lib/python3.9/site-packages/airflow/example_dags/example_latest_only.py
[2023-03-25T14:14:14.688-0400] {processor.py:743} INFO - Processing file /Users/sunanda/Downloads/airflow/py_env/lib/python3.9/site-packages/airflow/example_dags/example_latest_only.py for tasks to queue
[2023-03-25T14:14:14.688-0400] {logging_mixin.py:137} INFO - [2023-03-25T14:14:14.688-0400] {dagbag.py:532} INFO - Filling up the DagBag from /Users/sunanda/Downloads/airflow/py_env/lib/python3.9/site-packages/airflow/example_dags/example_latest_only.py
[2023-03-25T14:14:14.698-0400] {processor.py:753} INFO - DAG(s) dict_keys(['latest_only']) retrieved from /Users/sunanda/Downloads/airflow/py_env/lib/python3.9/site-packages/airflow/example_dags/example_latest_only.py
[2023-03-25T14:14:14.911-0400] {logging_mixin.py:137} INFO - [2023-03-25T14:14:14.911-0400] {dag.py:2693} INFO - Sync 1 DAGs
[2023-03-25T14:14:14.917-0400] {logging_mixin.py:137} INFO - [2023-03-25T14:14:14.917-0400] {dag.py:3440} INFO - Setting next_dagrun for latest_only to 2023-03-25T14:14:14.917488+00:00, run_after=2023-03-25T18:14:14.917488+00:00
[2023-03-25T14:14:14.924-0400] {processor.py:175} INFO - Processing /Users/sunanda/Downloads/airflow/py_env/lib/python3.9/site-packages/airflow/example_dags/example_latest_only.py took 0.238 seconds
[2023-03-25T14:15:43.719-0400] {processor.py:153} INFO - Started process (PID=8697) to work on /Users/sunanda/Downloads/airflow/py_env/lib/python3.9/site-packages/airflow/example_dags/example_latest_only.py
[2023-03-25T14:15:43.722-0400] {processor.py:743} INFO - Processing file /Users/sunanda/Downloads/airflow/py_env/lib/python3.9/site-packages/airflow/example_dags/example_latest_only.py for tasks to queue
[2023-03-25T14:15:43.723-0400] {logging_mixin.py:137} INFO - [2023-03-25T14:15:43.723-0400] {dagbag.py:532} INFO - Filling up the DagBag from /Users/sunanda/Downloads/airflow/py_env/lib/python3.9/site-packages/airflow/example_dags/example_latest_only.py
[2023-03-25T14:15:43.732-0400] {processor.py:753} INFO - DAG(s) dict_keys(['latest_only']) retrieved from /Users/sunanda/Downloads/airflow/py_env/lib/python3.9/site-packages/airflow/example_dags/example_latest_only.py
[2023-03-25T14:15:43.942-0400] {logging_mixin.py:137} INFO - [2023-03-25T14:15:43.942-0400] {dag.py:2693} INFO - Sync 1 DAGs
[2023-03-25T14:15:43.949-0400] {logging_mixin.py:137} INFO - [2023-03-25T14:15:43.949-0400] {dag.py:3440} INFO - Setting next_dagrun for latest_only to 2023-03-25T14:15:43.948948+00:00, run_after=2023-03-25T18:15:43.948948+00:00
[2023-03-25T14:15:43.956-0400] {processor.py:175} INFO - Processing /Users/sunanda/Downloads/airflow/py_env/lib/python3.9/site-packages/airflow/example_dags/example_latest_only.py took 0.237 seconds
[2023-03-25T14:17:15.231-0400] {processor.py:153} INFO - Started process (PID=8840) to work on /Users/sunanda/Downloads/airflow/py_env/lib/python3.9/site-packages/airflow/example_dags/example_latest_only.py
[2023-03-25T14:17:15.233-0400] {processor.py:743} INFO - Processing file /Users/sunanda/Downloads/airflow/py_env/lib/python3.9/site-packages/airflow/example_dags/example_latest_only.py for tasks to queue
[2023-03-25T14:17:15.233-0400] {logging_mixin.py:137} INFO - [2023-03-25T14:17:15.233-0400] {dagbag.py:532} INFO - Filling up the DagBag from /Users/sunanda/Downloads/airflow/py_env/lib/python3.9/site-packages/airflow/example_dags/example_latest_only.py
[2023-03-25T14:17:15.242-0400] {processor.py:753} INFO - DAG(s) dict_keys(['latest_only']) retrieved from /Users/sunanda/Downloads/airflow/py_env/lib/python3.9/site-packages/airflow/example_dags/example_latest_only.py
[2023-03-25T14:17:15.454-0400] {logging_mixin.py:137} INFO - [2023-03-25T14:17:15.454-0400] {dag.py:2693} INFO - Sync 1 DAGs
[2023-03-25T14:17:15.461-0400] {logging_mixin.py:137} INFO - [2023-03-25T14:17:15.461-0400] {dag.py:3440} INFO - Setting next_dagrun for latest_only to 2023-03-25T14:17:15.461000+00:00, run_after=2023-03-25T18:17:15.461000+00:00
[2023-03-25T14:17:15.467-0400] {processor.py:175} INFO - Processing /Users/sunanda/Downloads/airflow/py_env/lib/python3.9/site-packages/airflow/example_dags/example_latest_only.py took 0.237 seconds
[2023-03-25T14:19:18.029-0400] {processor.py:153} INFO - Started process (PID=9055) to work on /Users/sunanda/Downloads/airflow/py_env/lib/python3.9/site-packages/airflow/example_dags/example_latest_only.py
[2023-03-25T14:19:18.032-0400] {processor.py:743} INFO - Processing file /Users/sunanda/Downloads/airflow/py_env/lib/python3.9/site-packages/airflow/example_dags/example_latest_only.py for tasks to queue
[2023-03-25T14:19:18.032-0400] {logging_mixin.py:137} INFO - [2023-03-25T14:19:18.032-0400] {dagbag.py:532} INFO - Filling up the DagBag from /Users/sunanda/Downloads/airflow/py_env/lib/python3.9/site-packages/airflow/example_dags/example_latest_only.py
[2023-03-25T14:19:18.042-0400] {processor.py:753} INFO - DAG(s) dict_keys(['latest_only']) retrieved from /Users/sunanda/Downloads/airflow/py_env/lib/python3.9/site-packages/airflow/example_dags/example_latest_only.py
[2023-03-25T14:19:18.253-0400] {logging_mixin.py:137} INFO - [2023-03-25T14:19:18.253-0400] {dag.py:2693} INFO - Sync 1 DAGs
[2023-03-25T14:19:18.260-0400] {logging_mixin.py:137} INFO - [2023-03-25T14:19:18.260-0400] {dag.py:3440} INFO - Setting next_dagrun for latest_only to 2023-03-25T14:19:18.260083+00:00, run_after=2023-03-25T18:19:18.260083+00:00
[2023-03-25T14:19:18.267-0400] {processor.py:175} INFO - Processing /Users/sunanda/Downloads/airflow/py_env/lib/python3.9/site-packages/airflow/example_dags/example_latest_only.py took 0.238 seconds
[2023-03-25T14:43:37.630-0400] {processor.py:153} INFO - Started process (PID=10773) to work on /Users/sunanda/Downloads/airflow/py_env/lib/python3.9/site-packages/airflow/example_dags/example_latest_only.py
[2023-03-25T14:43:37.634-0400] {processor.py:743} INFO - Processing file /Users/sunanda/Downloads/airflow/py_env/lib/python3.9/site-packages/airflow/example_dags/example_latest_only.py for tasks to queue
[2023-03-25T14:43:37.634-0400] {logging_mixin.py:137} INFO - [2023-03-25T14:43:37.634-0400] {dagbag.py:532} INFO - Filling up the DagBag from /Users/sunanda/Downloads/airflow/py_env/lib/python3.9/site-packages/airflow/example_dags/example_latest_only.py
[2023-03-25T14:43:37.644-0400] {processor.py:753} INFO - DAG(s) dict_keys(['latest_only']) retrieved from /Users/sunanda/Downloads/airflow/py_env/lib/python3.9/site-packages/airflow/example_dags/example_latest_only.py
[2023-03-25T14:43:37.870-0400] {logging_mixin.py:137} INFO - [2023-03-25T14:43:37.870-0400] {dag.py:2693} INFO - Sync 1 DAGs
[2023-03-25T14:43:37.877-0400] {logging_mixin.py:137} INFO - [2023-03-25T14:43:37.877-0400] {dag.py:3440} INFO - Setting next_dagrun for latest_only to 2023-03-25T14:43:37.877045+00:00, run_after=2023-03-25T18:43:37.877045+00:00
[2023-03-25T14:43:37.884-0400] {processor.py:175} INFO - Processing /Users/sunanda/Downloads/airflow/py_env/lib/python3.9/site-packages/airflow/example_dags/example_latest_only.py took 0.254 seconds
[2023-03-25T14:45:11.911-0400] {processor.py:153} INFO - Started process (PID=10942) to work on /Users/sunanda/Downloads/airflow/py_env/lib/python3.9/site-packages/airflow/example_dags/example_latest_only.py
[2023-03-25T14:45:11.913-0400] {processor.py:743} INFO - Processing file /Users/sunanda/Downloads/airflow/py_env/lib/python3.9/site-packages/airflow/example_dags/example_latest_only.py for tasks to queue
[2023-03-25T14:45:11.913-0400] {logging_mixin.py:137} INFO - [2023-03-25T14:45:11.913-0400] {dagbag.py:532} INFO - Filling up the DagBag from /Users/sunanda/Downloads/airflow/py_env/lib/python3.9/site-packages/airflow/example_dags/example_latest_only.py
[2023-03-25T14:45:11.924-0400] {processor.py:753} INFO - DAG(s) dict_keys(['latest_only']) retrieved from /Users/sunanda/Downloads/airflow/py_env/lib/python3.9/site-packages/airflow/example_dags/example_latest_only.py
[2023-03-25T14:45:12.144-0400] {logging_mixin.py:137} INFO - [2023-03-25T14:45:12.144-0400] {dag.py:2693} INFO - Sync 1 DAGs
[2023-03-25T14:45:12.151-0400] {logging_mixin.py:137} INFO - [2023-03-25T14:45:12.151-0400] {dag.py:3440} INFO - Setting next_dagrun for latest_only to 2023-03-25T14:45:12.151702+00:00, run_after=2023-03-25T18:45:12.151702+00:00
[2023-03-25T14:45:12.159-0400] {processor.py:175} INFO - Processing /Users/sunanda/Downloads/airflow/py_env/lib/python3.9/site-packages/airflow/example_dags/example_latest_only.py took 0.249 seconds
[2023-03-25T14:46:40.783-0400] {processor.py:153} INFO - Started process (PID=11081) to work on /Users/sunanda/Downloads/airflow/py_env/lib/python3.9/site-packages/airflow/example_dags/example_latest_only.py
[2023-03-25T14:46:40.786-0400] {processor.py:743} INFO - Processing file /Users/sunanda/Downloads/airflow/py_env/lib/python3.9/site-packages/airflow/example_dags/example_latest_only.py for tasks to queue
[2023-03-25T14:46:40.786-0400] {logging_mixin.py:137} INFO - [2023-03-25T14:46:40.786-0400] {dagbag.py:532} INFO - Filling up the DagBag from /Users/sunanda/Downloads/airflow/py_env/lib/python3.9/site-packages/airflow/example_dags/example_latest_only.py
[2023-03-25T14:46:40.797-0400] {processor.py:753} INFO - DAG(s) dict_keys(['latest_only']) retrieved from /Users/sunanda/Downloads/airflow/py_env/lib/python3.9/site-packages/airflow/example_dags/example_latest_only.py
[2023-03-25T14:46:41.024-0400] {logging_mixin.py:137} INFO - [2023-03-25T14:46:41.024-0400] {dag.py:2693} INFO - Sync 1 DAGs
[2023-03-25T14:46:41.031-0400] {logging_mixin.py:137} INFO - [2023-03-25T14:46:41.031-0400] {dag.py:3440} INFO - Setting next_dagrun for latest_only to 2023-03-25T14:46:41.031438+00:00, run_after=2023-03-25T18:46:41.031438+00:00
[2023-03-25T14:46:41.038-0400] {processor.py:175} INFO - Processing /Users/sunanda/Downloads/airflow/py_env/lib/python3.9/site-packages/airflow/example_dags/example_latest_only.py took 0.256 seconds
[2023-03-25T14:48:10.575-0400] {processor.py:153} INFO - Started process (PID=11222) to work on /Users/sunanda/Downloads/airflow/py_env/lib/python3.9/site-packages/airflow/example_dags/example_latest_only.py
[2023-03-25T14:48:10.579-0400] {processor.py:743} INFO - Processing file /Users/sunanda/Downloads/airflow/py_env/lib/python3.9/site-packages/airflow/example_dags/example_latest_only.py for tasks to queue
[2023-03-25T14:48:10.579-0400] {logging_mixin.py:137} INFO - [2023-03-25T14:48:10.579-0400] {dagbag.py:532} INFO - Filling up the DagBag from /Users/sunanda/Downloads/airflow/py_env/lib/python3.9/site-packages/airflow/example_dags/example_latest_only.py
[2023-03-25T14:48:10.589-0400] {processor.py:753} INFO - DAG(s) dict_keys(['latest_only']) retrieved from /Users/sunanda/Downloads/airflow/py_env/lib/python3.9/site-packages/airflow/example_dags/example_latest_only.py
[2023-03-25T14:48:10.890-0400] {logging_mixin.py:137} INFO - [2023-03-25T14:48:10.890-0400] {dag.py:2693} INFO - Sync 1 DAGs
[2023-03-25T14:48:10.897-0400] {logging_mixin.py:137} INFO - [2023-03-25T14:48:10.897-0400] {dag.py:3440} INFO - Setting next_dagrun for latest_only to 2023-03-25T14:48:10.897607+00:00, run_after=2023-03-25T18:48:10.897607+00:00
[2023-03-25T14:48:10.910-0400] {processor.py:175} INFO - Processing /Users/sunanda/Downloads/airflow/py_env/lib/python3.9/site-packages/airflow/example_dags/example_latest_only.py took 0.335 seconds
