[2023-03-25T14:09:37.733-0400] {processor.py:153} INFO - Started process (PID=8093) to work on /Users/sunanda/Downloads/airflow/py_env/lib/python3.9/site-packages/airflow/example_dags/example_short_circuit_operator.py
[2023-03-25T14:09:37.735-0400] {processor.py:743} INFO - Processing file /Users/sunanda/Downloads/airflow/py_env/lib/python3.9/site-packages/airflow/example_dags/example_short_circuit_operator.py for tasks to queue
[2023-03-25T14:09:37.735-0400] {logging_mixin.py:137} INFO - [2023-03-25T14:09:37.735-0400] {dagbag.py:532} INFO - Filling up the DagBag from /Users/sunanda/Downloads/airflow/py_env/lib/python3.9/site-packages/airflow/example_dags/example_short_circuit_operator.py
[2023-03-25T14:09:37.750-0400] {processor.py:753} INFO - DAG(s) dict_keys(['example_short_circuit_operator']) retrieved from /Users/sunanda/Downloads/airflow/py_env/lib/python3.9/site-packages/airflow/example_dags/example_short_circuit_operator.py
[2023-03-25T14:09:37.965-0400] {logging_mixin.py:137} INFO - [2023-03-25T14:09:37.965-0400] {dag.py:2693} INFO - Sync 1 DAGs
[2023-03-25T14:09:37.972-0400] {logging_mixin.py:137} INFO - [2023-03-25T14:09:37.971-0400] {dag.py:3440} INFO - Setting next_dagrun for example_short_circuit_operator to 2023-03-24T18:09:37.971914+00:00, run_after=2023-03-25T18:09:37.971914+00:00
[2023-03-25T14:09:37.979-0400] {processor.py:175} INFO - Processing /Users/sunanda/Downloads/airflow/py_env/lib/python3.9/site-packages/airflow/example_dags/example_short_circuit_operator.py took 0.246 seconds
[2023-03-25T14:11:01.630-0400] {processor.py:153} INFO - Started process (PID=8238) to work on /Users/sunanda/Downloads/airflow/py_env/lib/python3.9/site-packages/airflow/example_dags/example_short_circuit_operator.py
[2023-03-25T14:11:01.632-0400] {processor.py:743} INFO - Processing file /Users/sunanda/Downloads/airflow/py_env/lib/python3.9/site-packages/airflow/example_dags/example_short_circuit_operator.py for tasks to queue
[2023-03-25T14:11:01.633-0400] {logging_mixin.py:137} INFO - [2023-03-25T14:11:01.632-0400] {dagbag.py:532} INFO - Filling up the DagBag from /Users/sunanda/Downloads/airflow/py_env/lib/python3.9/site-packages/airflow/example_dags/example_short_circuit_operator.py
[2023-03-25T14:11:01.647-0400] {processor.py:753} INFO - DAG(s) dict_keys(['example_short_circuit_operator']) retrieved from /Users/sunanda/Downloads/airflow/py_env/lib/python3.9/site-packages/airflow/example_dags/example_short_circuit_operator.py
[2023-03-25T14:11:01.852-0400] {logging_mixin.py:137} INFO - [2023-03-25T14:11:01.852-0400] {dag.py:2693} INFO - Sync 1 DAGs
[2023-03-25T14:11:01.859-0400] {logging_mixin.py:137} INFO - [2023-03-25T14:11:01.859-0400] {dag.py:3440} INFO - Setting next_dagrun for example_short_circuit_operator to 2023-03-24T18:11:01.859109+00:00, run_after=2023-03-25T18:11:01.859109+00:00
[2023-03-25T14:11:01.866-0400] {processor.py:175} INFO - Processing /Users/sunanda/Downloads/airflow/py_env/lib/python3.9/site-packages/airflow/example_dags/example_short_circuit_operator.py took 0.236 seconds
[2023-03-25T14:12:17.894-0400] {processor.py:153} INFO - Started process (PID=8378) to work on /Users/sunanda/Downloads/airflow/py_env/lib/python3.9/site-packages/airflow/example_dags/example_short_circuit_operator.py
[2023-03-25T14:12:17.897-0400] {processor.py:743} INFO - Processing file /Users/sunanda/Downloads/airflow/py_env/lib/python3.9/site-packages/airflow/example_dags/example_short_circuit_operator.py for tasks to queue
[2023-03-25T14:12:17.897-0400] {logging_mixin.py:137} INFO - [2023-03-25T14:12:17.897-0400] {dagbag.py:532} INFO - Filling up the DagBag from /Users/sunanda/Downloads/airflow/py_env/lib/python3.9/site-packages/airflow/example_dags/example_short_circuit_operator.py
[2023-03-25T14:12:17.913-0400] {processor.py:753} INFO - DAG(s) dict_keys(['example_short_circuit_operator']) retrieved from /Users/sunanda/Downloads/airflow/py_env/lib/python3.9/site-packages/airflow/example_dags/example_short_circuit_operator.py
[2023-03-25T14:12:18.120-0400] {logging_mixin.py:137} INFO - [2023-03-25T14:12:18.120-0400] {dag.py:2693} INFO - Sync 1 DAGs
[2023-03-25T14:12:18.126-0400] {logging_mixin.py:137} INFO - [2023-03-25T14:12:18.126-0400] {dag.py:3440} INFO - Setting next_dagrun for example_short_circuit_operator to 2023-03-24T18:12:18.126269+00:00, run_after=2023-03-25T18:12:18.126269+00:00
[2023-03-25T14:12:18.133-0400] {processor.py:175} INFO - Processing /Users/sunanda/Downloads/airflow/py_env/lib/python3.9/site-packages/airflow/example_dags/example_short_circuit_operator.py took 0.239 seconds
[2023-03-25T14:13:44.907-0400] {processor.py:153} INFO - Started process (PID=8511) to work on /Users/sunanda/Downloads/airflow/py_env/lib/python3.9/site-packages/airflow/example_dags/example_short_circuit_operator.py
[2023-03-25T14:13:44.910-0400] {processor.py:743} INFO - Processing file /Users/sunanda/Downloads/airflow/py_env/lib/python3.9/site-packages/airflow/example_dags/example_short_circuit_operator.py for tasks to queue
[2023-03-25T14:13:44.910-0400] {logging_mixin.py:137} INFO - [2023-03-25T14:13:44.910-0400] {dagbag.py:532} INFO - Filling up the DagBag from /Users/sunanda/Downloads/airflow/py_env/lib/python3.9/site-packages/airflow/example_dags/example_short_circuit_operator.py
[2023-03-25T14:13:44.927-0400] {processor.py:753} INFO - DAG(s) dict_keys(['example_short_circuit_operator']) retrieved from /Users/sunanda/Downloads/airflow/py_env/lib/python3.9/site-packages/airflow/example_dags/example_short_circuit_operator.py
[2023-03-25T14:13:45.140-0400] {logging_mixin.py:137} INFO - [2023-03-25T14:13:45.140-0400] {dag.py:2693} INFO - Sync 1 DAGs
[2023-03-25T14:13:45.146-0400] {logging_mixin.py:137} INFO - [2023-03-25T14:13:45.146-0400] {dag.py:3440} INFO - Setting next_dagrun for example_short_circuit_operator to 2023-03-24T18:13:45.146845+00:00, run_after=2023-03-25T18:13:45.146845+00:00
[2023-03-25T14:13:45.155-0400] {processor.py:175} INFO - Processing /Users/sunanda/Downloads/airflow/py_env/lib/python3.9/site-packages/airflow/example_dags/example_short_circuit_operator.py took 0.248 seconds
[2023-03-25T14:15:09.138-0400] {processor.py:153} INFO - Started process (PID=8644) to work on /Users/sunanda/Downloads/airflow/py_env/lib/python3.9/site-packages/airflow/example_dags/example_short_circuit_operator.py
[2023-03-25T14:15:09.140-0400] {processor.py:743} INFO - Processing file /Users/sunanda/Downloads/airflow/py_env/lib/python3.9/site-packages/airflow/example_dags/example_short_circuit_operator.py for tasks to queue
[2023-03-25T14:15:09.140-0400] {logging_mixin.py:137} INFO - [2023-03-25T14:15:09.140-0400] {dagbag.py:532} INFO - Filling up the DagBag from /Users/sunanda/Downloads/airflow/py_env/lib/python3.9/site-packages/airflow/example_dags/example_short_circuit_operator.py
[2023-03-25T14:15:09.156-0400] {processor.py:753} INFO - DAG(s) dict_keys(['example_short_circuit_operator']) retrieved from /Users/sunanda/Downloads/airflow/py_env/lib/python3.9/site-packages/airflow/example_dags/example_short_circuit_operator.py
[2023-03-25T14:15:09.370-0400] {logging_mixin.py:137} INFO - [2023-03-25T14:15:09.370-0400] {dag.py:2693} INFO - Sync 1 DAGs
[2023-03-25T14:15:09.377-0400] {logging_mixin.py:137} INFO - [2023-03-25T14:15:09.376-0400] {dag.py:3440} INFO - Setting next_dagrun for example_short_circuit_operator to 2023-03-24T18:15:09.376939+00:00, run_after=2023-03-25T18:15:09.376939+00:00
[2023-03-25T14:15:09.383-0400] {processor.py:175} INFO - Processing /Users/sunanda/Downloads/airflow/py_env/lib/python3.9/site-packages/airflow/example_dags/example_short_circuit_operator.py took 0.246 seconds
[2023-03-25T14:16:41.270-0400] {processor.py:153} INFO - Started process (PID=8785) to work on /Users/sunanda/Downloads/airflow/py_env/lib/python3.9/site-packages/airflow/example_dags/example_short_circuit_operator.py
[2023-03-25T14:16:41.272-0400] {processor.py:743} INFO - Processing file /Users/sunanda/Downloads/airflow/py_env/lib/python3.9/site-packages/airflow/example_dags/example_short_circuit_operator.py for tasks to queue
[2023-03-25T14:16:41.272-0400] {logging_mixin.py:137} INFO - [2023-03-25T14:16:41.272-0400] {dagbag.py:532} INFO - Filling up the DagBag from /Users/sunanda/Downloads/airflow/py_env/lib/python3.9/site-packages/airflow/example_dags/example_short_circuit_operator.py
[2023-03-25T14:16:41.288-0400] {processor.py:753} INFO - DAG(s) dict_keys(['example_short_circuit_operator']) retrieved from /Users/sunanda/Downloads/airflow/py_env/lib/python3.9/site-packages/airflow/example_dags/example_short_circuit_operator.py
[2023-03-25T14:16:41.501-0400] {logging_mixin.py:137} INFO - [2023-03-25T14:16:41.501-0400] {dag.py:2693} INFO - Sync 1 DAGs
[2023-03-25T14:16:41.507-0400] {logging_mixin.py:137} INFO - [2023-03-25T14:16:41.507-0400] {dag.py:3440} INFO - Setting next_dagrun for example_short_circuit_operator to 2023-03-24T18:16:41.507517+00:00, run_after=2023-03-25T18:16:41.507517+00:00
[2023-03-25T14:16:41.514-0400] {processor.py:175} INFO - Processing /Users/sunanda/Downloads/airflow/py_env/lib/python3.9/site-packages/airflow/example_dags/example_short_circuit_operator.py took 0.244 seconds
[2023-03-25T14:18:14.315-0400] {processor.py:153} INFO - Started process (PID=8951) to work on /Users/sunanda/Downloads/airflow/py_env/lib/python3.9/site-packages/airflow/example_dags/example_short_circuit_operator.py
[2023-03-25T14:18:14.318-0400] {processor.py:743} INFO - Processing file /Users/sunanda/Downloads/airflow/py_env/lib/python3.9/site-packages/airflow/example_dags/example_short_circuit_operator.py for tasks to queue
[2023-03-25T14:18:14.319-0400] {logging_mixin.py:137} INFO - [2023-03-25T14:18:14.319-0400] {dagbag.py:532} INFO - Filling up the DagBag from /Users/sunanda/Downloads/airflow/py_env/lib/python3.9/site-packages/airflow/example_dags/example_short_circuit_operator.py
[2023-03-25T14:18:14.338-0400] {processor.py:753} INFO - DAG(s) dict_keys(['example_short_circuit_operator']) retrieved from /Users/sunanda/Downloads/airflow/py_env/lib/python3.9/site-packages/airflow/example_dags/example_short_circuit_operator.py
[2023-03-25T14:18:14.564-0400] {logging_mixin.py:137} INFO - [2023-03-25T14:18:14.564-0400] {dag.py:2693} INFO - Sync 1 DAGs
[2023-03-25T14:18:14.571-0400] {logging_mixin.py:137} INFO - [2023-03-25T14:18:14.571-0400] {dag.py:3440} INFO - Setting next_dagrun for example_short_circuit_operator to 2023-03-24T18:18:14.571020+00:00, run_after=2023-03-25T18:18:14.571020+00:00
[2023-03-25T14:18:14.578-0400] {processor.py:175} INFO - Processing /Users/sunanda/Downloads/airflow/py_env/lib/python3.9/site-packages/airflow/example_dags/example_short_circuit_operator.py took 0.263 seconds
[2023-03-25T14:19:00.009-0400] {processor.py:153} INFO - Started process (PID=9025) to work on /Users/sunanda/Downloads/airflow/py_env/lib/python3.9/site-packages/airflow/example_dags/example_short_circuit_operator.py
[2023-03-25T14:19:00.011-0400] {processor.py:743} INFO - Processing file /Users/sunanda/Downloads/airflow/py_env/lib/python3.9/site-packages/airflow/example_dags/example_short_circuit_operator.py for tasks to queue
[2023-03-25T14:19:00.012-0400] {logging_mixin.py:137} INFO - [2023-03-25T14:19:00.011-0400] {dagbag.py:532} INFO - Filling up the DagBag from /Users/sunanda/Downloads/airflow/py_env/lib/python3.9/site-packages/airflow/example_dags/example_short_circuit_operator.py
[2023-03-25T14:19:00.026-0400] {processor.py:753} INFO - DAG(s) dict_keys(['example_short_circuit_operator']) retrieved from /Users/sunanda/Downloads/airflow/py_env/lib/python3.9/site-packages/airflow/example_dags/example_short_circuit_operator.py
[2023-03-25T14:19:00.236-0400] {logging_mixin.py:137} INFO - [2023-03-25T14:19:00.236-0400] {dag.py:2693} INFO - Sync 1 DAGs
[2023-03-25T14:19:00.242-0400] {logging_mixin.py:137} INFO - [2023-03-25T14:19:00.242-0400] {dag.py:3440} INFO - Setting next_dagrun for example_short_circuit_operator to 2023-03-24T18:19:00.242620+00:00, run_after=2023-03-25T18:19:00.242620+00:00
[2023-03-25T14:19:00.249-0400] {processor.py:175} INFO - Processing /Users/sunanda/Downloads/airflow/py_env/lib/python3.9/site-packages/airflow/example_dags/example_short_circuit_operator.py took 0.240 seconds
[2023-03-25T14:43:19.225-0400] {processor.py:153} INFO - Started process (PID=10745) to work on /Users/sunanda/Downloads/airflow/py_env/lib/python3.9/site-packages/airflow/example_dags/example_short_circuit_operator.py
[2023-03-25T14:43:19.228-0400] {processor.py:743} INFO - Processing file /Users/sunanda/Downloads/airflow/py_env/lib/python3.9/site-packages/airflow/example_dags/example_short_circuit_operator.py for tasks to queue
[2023-03-25T14:43:19.228-0400] {logging_mixin.py:137} INFO - [2023-03-25T14:43:19.228-0400] {dagbag.py:532} INFO - Filling up the DagBag from /Users/sunanda/Downloads/airflow/py_env/lib/python3.9/site-packages/airflow/example_dags/example_short_circuit_operator.py
[2023-03-25T14:43:19.244-0400] {processor.py:753} INFO - DAG(s) dict_keys(['example_short_circuit_operator']) retrieved from /Users/sunanda/Downloads/airflow/py_env/lib/python3.9/site-packages/airflow/example_dags/example_short_circuit_operator.py
[2023-03-25T14:43:19.456-0400] {logging_mixin.py:137} INFO - [2023-03-25T14:43:19.456-0400] {dag.py:2693} INFO - Sync 1 DAGs
[2023-03-25T14:43:19.463-0400] {logging_mixin.py:137} INFO - [2023-03-25T14:43:19.463-0400] {dag.py:3440} INFO - Setting next_dagrun for example_short_circuit_operator to 2023-03-24T18:43:19.463071+00:00, run_after=2023-03-25T18:43:19.463071+00:00
[2023-03-25T14:43:19.470-0400] {processor.py:175} INFO - Processing /Users/sunanda/Downloads/airflow/py_env/lib/python3.9/site-packages/airflow/example_dags/example_short_circuit_operator.py took 0.246 seconds
[2023-03-25T14:44:36.842-0400] {processor.py:153} INFO - Started process (PID=10884) to work on /Users/sunanda/Downloads/airflow/py_env/lib/python3.9/site-packages/airflow/example_dags/example_short_circuit_operator.py
[2023-03-25T14:44:36.844-0400] {processor.py:743} INFO - Processing file /Users/sunanda/Downloads/airflow/py_env/lib/python3.9/site-packages/airflow/example_dags/example_short_circuit_operator.py for tasks to queue
[2023-03-25T14:44:36.844-0400] {logging_mixin.py:137} INFO - [2023-03-25T14:44:36.844-0400] {dagbag.py:532} INFO - Filling up the DagBag from /Users/sunanda/Downloads/airflow/py_env/lib/python3.9/site-packages/airflow/example_dags/example_short_circuit_operator.py
[2023-03-25T14:44:36.860-0400] {processor.py:753} INFO - DAG(s) dict_keys(['example_short_circuit_operator']) retrieved from /Users/sunanda/Downloads/airflow/py_env/lib/python3.9/site-packages/airflow/example_dags/example_short_circuit_operator.py
[2023-03-25T14:44:37.081-0400] {logging_mixin.py:137} INFO - [2023-03-25T14:44:37.080-0400] {dag.py:2693} INFO - Sync 1 DAGs
[2023-03-25T14:44:37.087-0400] {logging_mixin.py:137} INFO - [2023-03-25T14:44:37.087-0400] {dag.py:3440} INFO - Setting next_dagrun for example_short_circuit_operator to 2023-03-24T18:44:37.087359+00:00, run_after=2023-03-25T18:44:37.087359+00:00
[2023-03-25T14:44:37.095-0400] {processor.py:175} INFO - Processing /Users/sunanda/Downloads/airflow/py_env/lib/python3.9/site-packages/airflow/example_dags/example_short_circuit_operator.py took 0.253 seconds
[2023-03-25T14:46:04.483-0400] {processor.py:153} INFO - Started process (PID=11024) to work on /Users/sunanda/Downloads/airflow/py_env/lib/python3.9/site-packages/airflow/example_dags/example_short_circuit_operator.py
[2023-03-25T14:46:04.485-0400] {processor.py:743} INFO - Processing file /Users/sunanda/Downloads/airflow/py_env/lib/python3.9/site-packages/airflow/example_dags/example_short_circuit_operator.py for tasks to queue
[2023-03-25T14:46:04.485-0400] {logging_mixin.py:137} INFO - [2023-03-25T14:46:04.485-0400] {dagbag.py:532} INFO - Filling up the DagBag from /Users/sunanda/Downloads/airflow/py_env/lib/python3.9/site-packages/airflow/example_dags/example_short_circuit_operator.py
[2023-03-25T14:46:04.502-0400] {processor.py:753} INFO - DAG(s) dict_keys(['example_short_circuit_operator']) retrieved from /Users/sunanda/Downloads/airflow/py_env/lib/python3.9/site-packages/airflow/example_dags/example_short_circuit_operator.py
[2023-03-25T14:46:04.716-0400] {logging_mixin.py:137} INFO - [2023-03-25T14:46:04.716-0400] {dag.py:2693} INFO - Sync 1 DAGs
[2023-03-25T14:46:04.723-0400] {logging_mixin.py:137} INFO - [2023-03-25T14:46:04.723-0400] {dag.py:3440} INFO - Setting next_dagrun for example_short_circuit_operator to 2023-03-24T18:46:04.723322+00:00, run_after=2023-03-25T18:46:04.723322+00:00
[2023-03-25T14:46:04.731-0400] {processor.py:175} INFO - Processing /Users/sunanda/Downloads/airflow/py_env/lib/python3.9/site-packages/airflow/example_dags/example_short_circuit_operator.py took 0.248 seconds
[2023-03-25T14:47:38.622-0400] {processor.py:153} INFO - Started process (PID=11170) to work on /Users/sunanda/Downloads/airflow/py_env/lib/python3.9/site-packages/airflow/example_dags/example_short_circuit_operator.py
[2023-03-25T14:47:38.625-0400] {processor.py:743} INFO - Processing file /Users/sunanda/Downloads/airflow/py_env/lib/python3.9/site-packages/airflow/example_dags/example_short_circuit_operator.py for tasks to queue
[2023-03-25T14:47:38.626-0400] {logging_mixin.py:137} INFO - [2023-03-25T14:47:38.625-0400] {dagbag.py:532} INFO - Filling up the DagBag from /Users/sunanda/Downloads/airflow/py_env/lib/python3.9/site-packages/airflow/example_dags/example_short_circuit_operator.py
[2023-03-25T14:47:38.642-0400] {processor.py:753} INFO - DAG(s) dict_keys(['example_short_circuit_operator']) retrieved from /Users/sunanda/Downloads/airflow/py_env/lib/python3.9/site-packages/airflow/example_dags/example_short_circuit_operator.py
[2023-03-25T14:47:38.859-0400] {logging_mixin.py:137} INFO - [2023-03-25T14:47:38.859-0400] {dag.py:2693} INFO - Sync 1 DAGs
[2023-03-25T14:47:38.866-0400] {logging_mixin.py:137} INFO - [2023-03-25T14:47:38.866-0400] {dag.py:3440} INFO - Setting next_dagrun for example_short_circuit_operator to 2023-03-24T18:47:38.866035+00:00, run_after=2023-03-25T18:47:38.866035+00:00
[2023-03-25T14:47:38.873-0400] {processor.py:175} INFO - Processing /Users/sunanda/Downloads/airflow/py_env/lib/python3.9/site-packages/airflow/example_dags/example_short_circuit_operator.py took 0.251 seconds
