[2023-03-25T14:09:45.521-0400] {processor.py:153} INFO - Started process (PID=8106) to work on /Users/sunanda/Downloads/airflow/py_env/lib/python3.9/site-packages/airflow/example_dags/example_python_operator.py
[2023-03-25T14:09:45.523-0400] {processor.py:743} INFO - Processing file /Users/sunanda/Downloads/airflow/py_env/lib/python3.9/site-packages/airflow/example_dags/example_python_operator.py for tasks to queue
[2023-03-25T14:09:45.524-0400] {logging_mixin.py:137} INFO - [2023-03-25T14:09:45.524-0400] {dagbag.py:532} INFO - Filling up the DagBag from /Users/sunanda/Downloads/airflow/py_env/lib/python3.9/site-packages/airflow/example_dags/example_python_operator.py
[2023-03-25T14:09:45.543-0400] {logging_mixin.py:137} INFO - [2023-03-25T14:09:45.543-0400] {taskmixin.py:211} WARNING - Dependency <Task(_PythonDecoratedOperator): print_the_context>, log_sql_query already registered for DAG: example_python_operator
[2023-03-25T14:09:45.543-0400] {logging_mixin.py:137} INFO - [2023-03-25T14:09:45.543-0400] {taskmixin.py:211} WARNING - Dependency <Task(_PythonDecoratedOperator): log_sql_query>, print_the_context already registered for DAG: example_python_operator
[2023-03-25T14:09:45.544-0400] {logging_mixin.py:137} INFO - [2023-03-25T14:09:45.544-0400] {taskmixin.py:211} WARNING - Dependency <Task(_PythonDecoratedOperator): print_the_context>, log_sql_query already registered for DAG: example_python_operator
[2023-03-25T14:09:45.544-0400] {logging_mixin.py:137} INFO - [2023-03-25T14:09:45.544-0400] {taskmixin.py:211} WARNING - Dependency <Task(_PythonDecoratedOperator): log_sql_query>, print_the_context already registered for DAG: example_python_operator
[2023-03-25T14:09:45.544-0400] {logging_mixin.py:137} INFO - [2023-03-25T14:09:45.544-0400] {taskmixin.py:211} WARNING - Dependency <Task(_PythonDecoratedOperator): print_the_context>, log_sql_query already registered for DAG: example_python_operator
[2023-03-25T14:09:45.544-0400] {logging_mixin.py:137} INFO - [2023-03-25T14:09:45.544-0400] {taskmixin.py:211} WARNING - Dependency <Task(_PythonDecoratedOperator): log_sql_query>, print_the_context already registered for DAG: example_python_operator
[2023-03-25T14:09:45.544-0400] {logging_mixin.py:137} INFO - [2023-03-25T14:09:45.544-0400] {taskmixin.py:211} WARNING - Dependency <Task(_PythonDecoratedOperator): print_the_context>, log_sql_query already registered for DAG: example_python_operator
[2023-03-25T14:09:45.544-0400] {logging_mixin.py:137} INFO - [2023-03-25T14:09:45.544-0400] {taskmixin.py:211} WARNING - Dependency <Task(_PythonDecoratedOperator): log_sql_query>, print_the_context already registered for DAG: example_python_operator
[2023-03-25T14:09:45.547-0400] {processor.py:753} INFO - DAG(s) dict_keys(['example_python_operator']) retrieved from /Users/sunanda/Downloads/airflow/py_env/lib/python3.9/site-packages/airflow/example_dags/example_python_operator.py
[2023-03-25T14:09:45.788-0400] {logging_mixin.py:137} INFO - [2023-03-25T14:09:45.787-0400] {dag.py:2693} INFO - Sync 1 DAGs
[2023-03-25T14:09:45.795-0400] {logging_mixin.py:137} INFO - [2023-03-25T14:09:45.795-0400] {dag.py:3440} INFO - Setting next_dagrun for example_python_operator to None, run_after=None
[2023-03-25T14:09:45.804-0400] {processor.py:175} INFO - Processing /Users/sunanda/Downloads/airflow/py_env/lib/python3.9/site-packages/airflow/example_dags/example_python_operator.py took 0.283 seconds
[2023-03-25T14:11:09.099-0400] {processor.py:153} INFO - Started process (PID=8252) to work on /Users/sunanda/Downloads/airflow/py_env/lib/python3.9/site-packages/airflow/example_dags/example_python_operator.py
[2023-03-25T14:11:09.101-0400] {processor.py:743} INFO - Processing file /Users/sunanda/Downloads/airflow/py_env/lib/python3.9/site-packages/airflow/example_dags/example_python_operator.py for tasks to queue
[2023-03-25T14:11:09.101-0400] {logging_mixin.py:137} INFO - [2023-03-25T14:11:09.101-0400] {dagbag.py:532} INFO - Filling up the DagBag from /Users/sunanda/Downloads/airflow/py_env/lib/python3.9/site-packages/airflow/example_dags/example_python_operator.py
[2023-03-25T14:11:09.117-0400] {logging_mixin.py:137} INFO - [2023-03-25T14:11:09.117-0400] {taskmixin.py:211} WARNING - Dependency <Task(_PythonDecoratedOperator): print_the_context>, log_sql_query already registered for DAG: example_python_operator
[2023-03-25T14:11:09.118-0400] {logging_mixin.py:137} INFO - [2023-03-25T14:11:09.117-0400] {taskmixin.py:211} WARNING - Dependency <Task(_PythonDecoratedOperator): log_sql_query>, print_the_context already registered for DAG: example_python_operator
[2023-03-25T14:11:09.118-0400] {logging_mixin.py:137} INFO - [2023-03-25T14:11:09.118-0400] {taskmixin.py:211} WARNING - Dependency <Task(_PythonDecoratedOperator): print_the_context>, log_sql_query already registered for DAG: example_python_operator
[2023-03-25T14:11:09.118-0400] {logging_mixin.py:137} INFO - [2023-03-25T14:11:09.118-0400] {taskmixin.py:211} WARNING - Dependency <Task(_PythonDecoratedOperator): log_sql_query>, print_the_context already registered for DAG: example_python_operator
[2023-03-25T14:11:09.118-0400] {logging_mixin.py:137} INFO - [2023-03-25T14:11:09.118-0400] {taskmixin.py:211} WARNING - Dependency <Task(_PythonDecoratedOperator): print_the_context>, log_sql_query already registered for DAG: example_python_operator
[2023-03-25T14:11:09.118-0400] {logging_mixin.py:137} INFO - [2023-03-25T14:11:09.118-0400] {taskmixin.py:211} WARNING - Dependency <Task(_PythonDecoratedOperator): log_sql_query>, print_the_context already registered for DAG: example_python_operator
[2023-03-25T14:11:09.118-0400] {logging_mixin.py:137} INFO - [2023-03-25T14:11:09.118-0400] {taskmixin.py:211} WARNING - Dependency <Task(_PythonDecoratedOperator): print_the_context>, log_sql_query already registered for DAG: example_python_operator
[2023-03-25T14:11:09.118-0400] {logging_mixin.py:137} INFO - [2023-03-25T14:11:09.118-0400] {taskmixin.py:211} WARNING - Dependency <Task(_PythonDecoratedOperator): log_sql_query>, print_the_context already registered for DAG: example_python_operator
[2023-03-25T14:11:09.121-0400] {processor.py:753} INFO - DAG(s) dict_keys(['example_python_operator']) retrieved from /Users/sunanda/Downloads/airflow/py_env/lib/python3.9/site-packages/airflow/example_dags/example_python_operator.py
[2023-03-25T14:11:09.335-0400] {logging_mixin.py:137} INFO - [2023-03-25T14:11:09.335-0400] {dag.py:2693} INFO - Sync 1 DAGs
[2023-03-25T14:11:09.341-0400] {logging_mixin.py:137} INFO - [2023-03-25T14:11:09.341-0400] {dag.py:3440} INFO - Setting next_dagrun for example_python_operator to None, run_after=None
[2023-03-25T14:11:09.349-0400] {processor.py:175} INFO - Processing /Users/sunanda/Downloads/airflow/py_env/lib/python3.9/site-packages/airflow/example_dags/example_python_operator.py took 0.250 seconds
[2023-03-25T14:12:23.855-0400] {processor.py:153} INFO - Started process (PID=8387) to work on /Users/sunanda/Downloads/airflow/py_env/lib/python3.9/site-packages/airflow/example_dags/example_python_operator.py
[2023-03-25T14:12:23.857-0400] {processor.py:743} INFO - Processing file /Users/sunanda/Downloads/airflow/py_env/lib/python3.9/site-packages/airflow/example_dags/example_python_operator.py for tasks to queue
[2023-03-25T14:12:23.858-0400] {logging_mixin.py:137} INFO - [2023-03-25T14:12:23.858-0400] {dagbag.py:532} INFO - Filling up the DagBag from /Users/sunanda/Downloads/airflow/py_env/lib/python3.9/site-packages/airflow/example_dags/example_python_operator.py
[2023-03-25T14:12:23.874-0400] {logging_mixin.py:137} INFO - [2023-03-25T14:12:23.874-0400] {taskmixin.py:211} WARNING - Dependency <Task(_PythonDecoratedOperator): print_the_context>, log_sql_query already registered for DAG: example_python_operator
[2023-03-25T14:12:23.874-0400] {logging_mixin.py:137} INFO - [2023-03-25T14:12:23.874-0400] {taskmixin.py:211} WARNING - Dependency <Task(_PythonDecoratedOperator): log_sql_query>, print_the_context already registered for DAG: example_python_operator
[2023-03-25T14:12:23.875-0400] {logging_mixin.py:137} INFO - [2023-03-25T14:12:23.875-0400] {taskmixin.py:211} WARNING - Dependency <Task(_PythonDecoratedOperator): print_the_context>, log_sql_query already registered for DAG: example_python_operator
[2023-03-25T14:12:23.875-0400] {logging_mixin.py:137} INFO - [2023-03-25T14:12:23.875-0400] {taskmixin.py:211} WARNING - Dependency <Task(_PythonDecoratedOperator): log_sql_query>, print_the_context already registered for DAG: example_python_operator
[2023-03-25T14:12:23.875-0400] {logging_mixin.py:137} INFO - [2023-03-25T14:12:23.875-0400] {taskmixin.py:211} WARNING - Dependency <Task(_PythonDecoratedOperator): print_the_context>, log_sql_query already registered for DAG: example_python_operator
[2023-03-25T14:12:23.875-0400] {logging_mixin.py:137} INFO - [2023-03-25T14:12:23.875-0400] {taskmixin.py:211} WARNING - Dependency <Task(_PythonDecoratedOperator): log_sql_query>, print_the_context already registered for DAG: example_python_operator
[2023-03-25T14:12:23.875-0400] {logging_mixin.py:137} INFO - [2023-03-25T14:12:23.875-0400] {taskmixin.py:211} WARNING - Dependency <Task(_PythonDecoratedOperator): print_the_context>, log_sql_query already registered for DAG: example_python_operator
[2023-03-25T14:12:23.875-0400] {logging_mixin.py:137} INFO - [2023-03-25T14:12:23.875-0400] {taskmixin.py:211} WARNING - Dependency <Task(_PythonDecoratedOperator): log_sql_query>, print_the_context already registered for DAG: example_python_operator
[2023-03-25T14:12:23.878-0400] {processor.py:753} INFO - DAG(s) dict_keys(['example_python_operator']) retrieved from /Users/sunanda/Downloads/airflow/py_env/lib/python3.9/site-packages/airflow/example_dags/example_python_operator.py
[2023-03-25T14:12:24.094-0400] {logging_mixin.py:137} INFO - [2023-03-25T14:12:24.094-0400] {dag.py:2693} INFO - Sync 1 DAGs
[2023-03-25T14:12:24.101-0400] {logging_mixin.py:137} INFO - [2023-03-25T14:12:24.101-0400] {dag.py:3440} INFO - Setting next_dagrun for example_python_operator to None, run_after=None
[2023-03-25T14:12:24.108-0400] {processor.py:175} INFO - Processing /Users/sunanda/Downloads/airflow/py_env/lib/python3.9/site-packages/airflow/example_dags/example_python_operator.py took 0.253 seconds
[2023-03-25T14:13:51.872-0400] {processor.py:153} INFO - Started process (PID=8523) to work on /Users/sunanda/Downloads/airflow/py_env/lib/python3.9/site-packages/airflow/example_dags/example_python_operator.py
[2023-03-25T14:13:51.874-0400] {processor.py:743} INFO - Processing file /Users/sunanda/Downloads/airflow/py_env/lib/python3.9/site-packages/airflow/example_dags/example_python_operator.py for tasks to queue
[2023-03-25T14:13:51.875-0400] {logging_mixin.py:137} INFO - [2023-03-25T14:13:51.874-0400] {dagbag.py:532} INFO - Filling up the DagBag from /Users/sunanda/Downloads/airflow/py_env/lib/python3.9/site-packages/airflow/example_dags/example_python_operator.py
[2023-03-25T14:13:51.892-0400] {logging_mixin.py:137} INFO - [2023-03-25T14:13:51.892-0400] {taskmixin.py:211} WARNING - Dependency <Task(_PythonDecoratedOperator): print_the_context>, log_sql_query already registered for DAG: example_python_operator
[2023-03-25T14:13:51.892-0400] {logging_mixin.py:137} INFO - [2023-03-25T14:13:51.892-0400] {taskmixin.py:211} WARNING - Dependency <Task(_PythonDecoratedOperator): log_sql_query>, print_the_context already registered for DAG: example_python_operator
[2023-03-25T14:13:51.893-0400] {logging_mixin.py:137} INFO - [2023-03-25T14:13:51.893-0400] {taskmixin.py:211} WARNING - Dependency <Task(_PythonDecoratedOperator): print_the_context>, log_sql_query already registered for DAG: example_python_operator
[2023-03-25T14:13:51.893-0400] {logging_mixin.py:137} INFO - [2023-03-25T14:13:51.893-0400] {taskmixin.py:211} WARNING - Dependency <Task(_PythonDecoratedOperator): log_sql_query>, print_the_context already registered for DAG: example_python_operator
[2023-03-25T14:13:51.893-0400] {logging_mixin.py:137} INFO - [2023-03-25T14:13:51.893-0400] {taskmixin.py:211} WARNING - Dependency <Task(_PythonDecoratedOperator): print_the_context>, log_sql_query already registered for DAG: example_python_operator
[2023-03-25T14:13:51.893-0400] {logging_mixin.py:137} INFO - [2023-03-25T14:13:51.893-0400] {taskmixin.py:211} WARNING - Dependency <Task(_PythonDecoratedOperator): log_sql_query>, print_the_context already registered for DAG: example_python_operator
[2023-03-25T14:13:51.893-0400] {logging_mixin.py:137} INFO - [2023-03-25T14:13:51.893-0400] {taskmixin.py:211} WARNING - Dependency <Task(_PythonDecoratedOperator): print_the_context>, log_sql_query already registered for DAG: example_python_operator
[2023-03-25T14:13:51.893-0400] {logging_mixin.py:137} INFO - [2023-03-25T14:13:51.893-0400] {taskmixin.py:211} WARNING - Dependency <Task(_PythonDecoratedOperator): log_sql_query>, print_the_context already registered for DAG: example_python_operator
[2023-03-25T14:13:51.896-0400] {processor.py:753} INFO - DAG(s) dict_keys(['example_python_operator']) retrieved from /Users/sunanda/Downloads/airflow/py_env/lib/python3.9/site-packages/airflow/example_dags/example_python_operator.py
[2023-03-25T14:13:52.111-0400] {logging_mixin.py:137} INFO - [2023-03-25T14:13:52.111-0400] {dag.py:2693} INFO - Sync 1 DAGs
[2023-03-25T14:13:52.117-0400] {logging_mixin.py:137} INFO - [2023-03-25T14:13:52.117-0400] {dag.py:3440} INFO - Setting next_dagrun for example_python_operator to None, run_after=None
[2023-03-25T14:13:52.124-0400] {processor.py:175} INFO - Processing /Users/sunanda/Downloads/airflow/py_env/lib/python3.9/site-packages/airflow/example_dags/example_python_operator.py took 0.252 seconds
[2023-03-25T14:15:16.570-0400] {processor.py:153} INFO - Started process (PID=8655) to work on /Users/sunanda/Downloads/airflow/py_env/lib/python3.9/site-packages/airflow/example_dags/example_python_operator.py
[2023-03-25T14:15:16.572-0400] {processor.py:743} INFO - Processing file /Users/sunanda/Downloads/airflow/py_env/lib/python3.9/site-packages/airflow/example_dags/example_python_operator.py for tasks to queue
[2023-03-25T14:15:16.572-0400] {logging_mixin.py:137} INFO - [2023-03-25T14:15:16.572-0400] {dagbag.py:532} INFO - Filling up the DagBag from /Users/sunanda/Downloads/airflow/py_env/lib/python3.9/site-packages/airflow/example_dags/example_python_operator.py
[2023-03-25T14:15:16.590-0400] {logging_mixin.py:137} INFO - [2023-03-25T14:15:16.590-0400] {taskmixin.py:211} WARNING - Dependency <Task(_PythonDecoratedOperator): print_the_context>, log_sql_query already registered for DAG: example_python_operator
[2023-03-25T14:15:16.590-0400] {logging_mixin.py:137} INFO - [2023-03-25T14:15:16.590-0400] {taskmixin.py:211} WARNING - Dependency <Task(_PythonDecoratedOperator): log_sql_query>, print_the_context already registered for DAG: example_python_operator
[2023-03-25T14:15:16.590-0400] {logging_mixin.py:137} INFO - [2023-03-25T14:15:16.590-0400] {taskmixin.py:211} WARNING - Dependency <Task(_PythonDecoratedOperator): print_the_context>, log_sql_query already registered for DAG: example_python_operator
[2023-03-25T14:15:16.590-0400] {logging_mixin.py:137} INFO - [2023-03-25T14:15:16.590-0400] {taskmixin.py:211} WARNING - Dependency <Task(_PythonDecoratedOperator): log_sql_query>, print_the_context already registered for DAG: example_python_operator
[2023-03-25T14:15:16.590-0400] {logging_mixin.py:137} INFO - [2023-03-25T14:15:16.590-0400] {taskmixin.py:211} WARNING - Dependency <Task(_PythonDecoratedOperator): print_the_context>, log_sql_query already registered for DAG: example_python_operator
[2023-03-25T14:15:16.590-0400] {logging_mixin.py:137} INFO - [2023-03-25T14:15:16.590-0400] {taskmixin.py:211} WARNING - Dependency <Task(_PythonDecoratedOperator): log_sql_query>, print_the_context already registered for DAG: example_python_operator
[2023-03-25T14:15:16.591-0400] {logging_mixin.py:137} INFO - [2023-03-25T14:15:16.591-0400] {taskmixin.py:211} WARNING - Dependency <Task(_PythonDecoratedOperator): print_the_context>, log_sql_query already registered for DAG: example_python_operator
[2023-03-25T14:15:16.591-0400] {logging_mixin.py:137} INFO - [2023-03-25T14:15:16.591-0400] {taskmixin.py:211} WARNING - Dependency <Task(_PythonDecoratedOperator): log_sql_query>, print_the_context already registered for DAG: example_python_operator
[2023-03-25T14:15:16.593-0400] {processor.py:753} INFO - DAG(s) dict_keys(['example_python_operator']) retrieved from /Users/sunanda/Downloads/airflow/py_env/lib/python3.9/site-packages/airflow/example_dags/example_python_operator.py
[2023-03-25T14:15:16.810-0400] {logging_mixin.py:137} INFO - [2023-03-25T14:15:16.809-0400] {dag.py:2693} INFO - Sync 1 DAGs
[2023-03-25T14:15:16.816-0400] {logging_mixin.py:137} INFO - [2023-03-25T14:15:16.816-0400] {dag.py:3440} INFO - Setting next_dagrun for example_python_operator to None, run_after=None
[2023-03-25T14:15:16.823-0400] {processor.py:175} INFO - Processing /Users/sunanda/Downloads/airflow/py_env/lib/python3.9/site-packages/airflow/example_dags/example_python_operator.py took 0.254 seconds
[2023-03-25T14:16:48.463-0400] {processor.py:153} INFO - Started process (PID=8797) to work on /Users/sunanda/Downloads/airflow/py_env/lib/python3.9/site-packages/airflow/example_dags/example_python_operator.py
[2023-03-25T14:16:48.465-0400] {processor.py:743} INFO - Processing file /Users/sunanda/Downloads/airflow/py_env/lib/python3.9/site-packages/airflow/example_dags/example_python_operator.py for tasks to queue
[2023-03-25T14:16:48.465-0400] {logging_mixin.py:137} INFO - [2023-03-25T14:16:48.465-0400] {dagbag.py:532} INFO - Filling up the DagBag from /Users/sunanda/Downloads/airflow/py_env/lib/python3.9/site-packages/airflow/example_dags/example_python_operator.py
[2023-03-25T14:16:48.484-0400] {logging_mixin.py:137} INFO - [2023-03-25T14:16:48.484-0400] {taskmixin.py:211} WARNING - Dependency <Task(_PythonDecoratedOperator): print_the_context>, log_sql_query already registered for DAG: example_python_operator
[2023-03-25T14:16:48.484-0400] {logging_mixin.py:137} INFO - [2023-03-25T14:16:48.484-0400] {taskmixin.py:211} WARNING - Dependency <Task(_PythonDecoratedOperator): log_sql_query>, print_the_context already registered for DAG: example_python_operator
[2023-03-25T14:16:48.485-0400] {logging_mixin.py:137} INFO - [2023-03-25T14:16:48.485-0400] {taskmixin.py:211} WARNING - Dependency <Task(_PythonDecoratedOperator): print_the_context>, log_sql_query already registered for DAG: example_python_operator
[2023-03-25T14:16:48.485-0400] {logging_mixin.py:137} INFO - [2023-03-25T14:16:48.485-0400] {taskmixin.py:211} WARNING - Dependency <Task(_PythonDecoratedOperator): log_sql_query>, print_the_context already registered for DAG: example_python_operator
[2023-03-25T14:16:48.485-0400] {logging_mixin.py:137} INFO - [2023-03-25T14:16:48.485-0400] {taskmixin.py:211} WARNING - Dependency <Task(_PythonDecoratedOperator): print_the_context>, log_sql_query already registered for DAG: example_python_operator
[2023-03-25T14:16:48.485-0400] {logging_mixin.py:137} INFO - [2023-03-25T14:16:48.485-0400] {taskmixin.py:211} WARNING - Dependency <Task(_PythonDecoratedOperator): log_sql_query>, print_the_context already registered for DAG: example_python_operator
[2023-03-25T14:16:48.485-0400] {logging_mixin.py:137} INFO - [2023-03-25T14:16:48.485-0400] {taskmixin.py:211} WARNING - Dependency <Task(_PythonDecoratedOperator): print_the_context>, log_sql_query already registered for DAG: example_python_operator
[2023-03-25T14:16:48.485-0400] {logging_mixin.py:137} INFO - [2023-03-25T14:16:48.485-0400] {taskmixin.py:211} WARNING - Dependency <Task(_PythonDecoratedOperator): log_sql_query>, print_the_context already registered for DAG: example_python_operator
[2023-03-25T14:16:48.489-0400] {processor.py:753} INFO - DAG(s) dict_keys(['example_python_operator']) retrieved from /Users/sunanda/Downloads/airflow/py_env/lib/python3.9/site-packages/airflow/example_dags/example_python_operator.py
[2023-03-25T14:16:48.727-0400] {logging_mixin.py:137} INFO - [2023-03-25T14:16:48.727-0400] {dag.py:2693} INFO - Sync 1 DAGs
[2023-03-25T14:16:48.735-0400] {logging_mixin.py:137} INFO - [2023-03-25T14:16:48.735-0400] {dag.py:3440} INFO - Setting next_dagrun for example_python_operator to None, run_after=None
[2023-03-25T14:16:48.745-0400] {processor.py:175} INFO - Processing /Users/sunanda/Downloads/airflow/py_env/lib/python3.9/site-packages/airflow/example_dags/example_python_operator.py took 0.282 seconds
[2023-03-25T14:18:21.324-0400] {processor.py:153} INFO - Started process (PID=8963) to work on /Users/sunanda/Downloads/airflow/py_env/lib/python3.9/site-packages/airflow/example_dags/example_python_operator.py
[2023-03-25T14:18:21.327-0400] {processor.py:743} INFO - Processing file /Users/sunanda/Downloads/airflow/py_env/lib/python3.9/site-packages/airflow/example_dags/example_python_operator.py for tasks to queue
[2023-03-25T14:18:21.327-0400] {logging_mixin.py:137} INFO - [2023-03-25T14:18:21.327-0400] {dagbag.py:532} INFO - Filling up the DagBag from /Users/sunanda/Downloads/airflow/py_env/lib/python3.9/site-packages/airflow/example_dags/example_python_operator.py
[2023-03-25T14:18:21.344-0400] {logging_mixin.py:137} INFO - [2023-03-25T14:18:21.344-0400] {taskmixin.py:211} WARNING - Dependency <Task(_PythonDecoratedOperator): print_the_context>, log_sql_query already registered for DAG: example_python_operator
[2023-03-25T14:18:21.344-0400] {logging_mixin.py:137} INFO - [2023-03-25T14:18:21.344-0400] {taskmixin.py:211} WARNING - Dependency <Task(_PythonDecoratedOperator): log_sql_query>, print_the_context already registered for DAG: example_python_operator
[2023-03-25T14:18:21.344-0400] {logging_mixin.py:137} INFO - [2023-03-25T14:18:21.344-0400] {taskmixin.py:211} WARNING - Dependency <Task(_PythonDecoratedOperator): print_the_context>, log_sql_query already registered for DAG: example_python_operator
[2023-03-25T14:18:21.345-0400] {logging_mixin.py:137} INFO - [2023-03-25T14:18:21.345-0400] {taskmixin.py:211} WARNING - Dependency <Task(_PythonDecoratedOperator): log_sql_query>, print_the_context already registered for DAG: example_python_operator
[2023-03-25T14:18:21.345-0400] {logging_mixin.py:137} INFO - [2023-03-25T14:18:21.345-0400] {taskmixin.py:211} WARNING - Dependency <Task(_PythonDecoratedOperator): print_the_context>, log_sql_query already registered for DAG: example_python_operator
[2023-03-25T14:18:21.345-0400] {logging_mixin.py:137} INFO - [2023-03-25T14:18:21.345-0400] {taskmixin.py:211} WARNING - Dependency <Task(_PythonDecoratedOperator): log_sql_query>, print_the_context already registered for DAG: example_python_operator
[2023-03-25T14:18:21.345-0400] {logging_mixin.py:137} INFO - [2023-03-25T14:18:21.345-0400] {taskmixin.py:211} WARNING - Dependency <Task(_PythonDecoratedOperator): print_the_context>, log_sql_query already registered for DAG: example_python_operator
[2023-03-25T14:18:21.345-0400] {logging_mixin.py:137} INFO - [2023-03-25T14:18:21.345-0400] {taskmixin.py:211} WARNING - Dependency <Task(_PythonDecoratedOperator): log_sql_query>, print_the_context already registered for DAG: example_python_operator
[2023-03-25T14:18:21.348-0400] {processor.py:753} INFO - DAG(s) dict_keys(['example_python_operator']) retrieved from /Users/sunanda/Downloads/airflow/py_env/lib/python3.9/site-packages/airflow/example_dags/example_python_operator.py
[2023-03-25T14:18:21.568-0400] {logging_mixin.py:137} INFO - [2023-03-25T14:18:21.568-0400] {dag.py:2693} INFO - Sync 1 DAGs
[2023-03-25T14:18:21.574-0400] {logging_mixin.py:137} INFO - [2023-03-25T14:18:21.574-0400] {dag.py:3440} INFO - Setting next_dagrun for example_python_operator to None, run_after=None
[2023-03-25T14:18:21.582-0400] {processor.py:175} INFO - Processing /Users/sunanda/Downloads/airflow/py_env/lib/python3.9/site-packages/airflow/example_dags/example_python_operator.py took 0.258 seconds
[2023-03-25T14:19:07.074-0400] {processor.py:153} INFO - Started process (PID=9038) to work on /Users/sunanda/Downloads/airflow/py_env/lib/python3.9/site-packages/airflow/example_dags/example_python_operator.py
[2023-03-25T14:19:07.076-0400] {processor.py:743} INFO - Processing file /Users/sunanda/Downloads/airflow/py_env/lib/python3.9/site-packages/airflow/example_dags/example_python_operator.py for tasks to queue
[2023-03-25T14:19:07.076-0400] {logging_mixin.py:137} INFO - [2023-03-25T14:19:07.076-0400] {dagbag.py:532} INFO - Filling up the DagBag from /Users/sunanda/Downloads/airflow/py_env/lib/python3.9/site-packages/airflow/example_dags/example_python_operator.py
[2023-03-25T14:19:07.094-0400] {logging_mixin.py:137} INFO - [2023-03-25T14:19:07.094-0400] {taskmixin.py:211} WARNING - Dependency <Task(_PythonDecoratedOperator): print_the_context>, log_sql_query already registered for DAG: example_python_operator
[2023-03-25T14:19:07.095-0400] {logging_mixin.py:137} INFO - [2023-03-25T14:19:07.094-0400] {taskmixin.py:211} WARNING - Dependency <Task(_PythonDecoratedOperator): log_sql_query>, print_the_context already registered for DAG: example_python_operator
[2023-03-25T14:19:07.095-0400] {logging_mixin.py:137} INFO - [2023-03-25T14:19:07.095-0400] {taskmixin.py:211} WARNING - Dependency <Task(_PythonDecoratedOperator): print_the_context>, log_sql_query already registered for DAG: example_python_operator
[2023-03-25T14:19:07.095-0400] {logging_mixin.py:137} INFO - [2023-03-25T14:19:07.095-0400] {taskmixin.py:211} WARNING - Dependency <Task(_PythonDecoratedOperator): log_sql_query>, print_the_context already registered for DAG: example_python_operator
[2023-03-25T14:19:07.095-0400] {logging_mixin.py:137} INFO - [2023-03-25T14:19:07.095-0400] {taskmixin.py:211} WARNING - Dependency <Task(_PythonDecoratedOperator): print_the_context>, log_sql_query already registered for DAG: example_python_operator
[2023-03-25T14:19:07.095-0400] {logging_mixin.py:137} INFO - [2023-03-25T14:19:07.095-0400] {taskmixin.py:211} WARNING - Dependency <Task(_PythonDecoratedOperator): log_sql_query>, print_the_context already registered for DAG: example_python_operator
[2023-03-25T14:19:07.095-0400] {logging_mixin.py:137} INFO - [2023-03-25T14:19:07.095-0400] {taskmixin.py:211} WARNING - Dependency <Task(_PythonDecoratedOperator): print_the_context>, log_sql_query already registered for DAG: example_python_operator
[2023-03-25T14:19:07.095-0400] {logging_mixin.py:137} INFO - [2023-03-25T14:19:07.095-0400] {taskmixin.py:211} WARNING - Dependency <Task(_PythonDecoratedOperator): log_sql_query>, print_the_context already registered for DAG: example_python_operator
[2023-03-25T14:19:07.099-0400] {processor.py:753} INFO - DAG(s) dict_keys(['example_python_operator']) retrieved from /Users/sunanda/Downloads/airflow/py_env/lib/python3.9/site-packages/airflow/example_dags/example_python_operator.py
[2023-03-25T14:19:07.336-0400] {logging_mixin.py:137} INFO - [2023-03-25T14:19:07.336-0400] {dag.py:2693} INFO - Sync 1 DAGs
[2023-03-25T14:19:07.343-0400] {logging_mixin.py:137} INFO - [2023-03-25T14:19:07.343-0400] {dag.py:3440} INFO - Setting next_dagrun for example_python_operator to None, run_after=None
[2023-03-25T14:19:07.350-0400] {processor.py:175} INFO - Processing /Users/sunanda/Downloads/airflow/py_env/lib/python3.9/site-packages/airflow/example_dags/example_python_operator.py took 0.277 seconds
[2023-03-25T14:43:26.734-0400] {processor.py:153} INFO - Started process (PID=10756) to work on /Users/sunanda/Downloads/airflow/py_env/lib/python3.9/site-packages/airflow/example_dags/example_python_operator.py
[2023-03-25T14:43:26.738-0400] {processor.py:743} INFO - Processing file /Users/sunanda/Downloads/airflow/py_env/lib/python3.9/site-packages/airflow/example_dags/example_python_operator.py for tasks to queue
[2023-03-25T14:43:26.738-0400] {logging_mixin.py:137} INFO - [2023-03-25T14:43:26.738-0400] {dagbag.py:532} INFO - Filling up the DagBag from /Users/sunanda/Downloads/airflow/py_env/lib/python3.9/site-packages/airflow/example_dags/example_python_operator.py
[2023-03-25T14:43:26.756-0400] {logging_mixin.py:137} INFO - [2023-03-25T14:43:26.756-0400] {taskmixin.py:211} WARNING - Dependency <Task(_PythonDecoratedOperator): print_the_context>, log_sql_query already registered for DAG: example_python_operator
[2023-03-25T14:43:26.756-0400] {logging_mixin.py:137} INFO - [2023-03-25T14:43:26.756-0400] {taskmixin.py:211} WARNING - Dependency <Task(_PythonDecoratedOperator): log_sql_query>, print_the_context already registered for DAG: example_python_operator
[2023-03-25T14:43:26.756-0400] {logging_mixin.py:137} INFO - [2023-03-25T14:43:26.756-0400] {taskmixin.py:211} WARNING - Dependency <Task(_PythonDecoratedOperator): print_the_context>, log_sql_query already registered for DAG: example_python_operator
[2023-03-25T14:43:26.756-0400] {logging_mixin.py:137} INFO - [2023-03-25T14:43:26.756-0400] {taskmixin.py:211} WARNING - Dependency <Task(_PythonDecoratedOperator): log_sql_query>, print_the_context already registered for DAG: example_python_operator
[2023-03-25T14:43:26.756-0400] {logging_mixin.py:137} INFO - [2023-03-25T14:43:26.756-0400] {taskmixin.py:211} WARNING - Dependency <Task(_PythonDecoratedOperator): print_the_context>, log_sql_query already registered for DAG: example_python_operator
[2023-03-25T14:43:26.756-0400] {logging_mixin.py:137} INFO - [2023-03-25T14:43:26.756-0400] {taskmixin.py:211} WARNING - Dependency <Task(_PythonDecoratedOperator): log_sql_query>, print_the_context already registered for DAG: example_python_operator
[2023-03-25T14:43:26.757-0400] {logging_mixin.py:137} INFO - [2023-03-25T14:43:26.756-0400] {taskmixin.py:211} WARNING - Dependency <Task(_PythonDecoratedOperator): print_the_context>, log_sql_query already registered for DAG: example_python_operator
[2023-03-25T14:43:26.757-0400] {logging_mixin.py:137} INFO - [2023-03-25T14:43:26.757-0400] {taskmixin.py:211} WARNING - Dependency <Task(_PythonDecoratedOperator): log_sql_query>, print_the_context already registered for DAG: example_python_operator
[2023-03-25T14:43:26.760-0400] {processor.py:753} INFO - DAG(s) dict_keys(['example_python_operator']) retrieved from /Users/sunanda/Downloads/airflow/py_env/lib/python3.9/site-packages/airflow/example_dags/example_python_operator.py
[2023-03-25T14:43:26.990-0400] {logging_mixin.py:137} INFO - [2023-03-25T14:43:26.989-0400] {dag.py:2693} INFO - Sync 1 DAGs
[2023-03-25T14:43:26.996-0400] {logging_mixin.py:137} INFO - [2023-03-25T14:43:26.996-0400] {dag.py:3440} INFO - Setting next_dagrun for example_python_operator to None, run_after=None
[2023-03-25T14:43:27.004-0400] {processor.py:175} INFO - Processing /Users/sunanda/Downloads/airflow/py_env/lib/python3.9/site-packages/airflow/example_dags/example_python_operator.py took 0.270 seconds
[2023-03-25T14:44:43.131-0400] {processor.py:153} INFO - Started process (PID=10894) to work on /Users/sunanda/Downloads/airflow/py_env/lib/python3.9/site-packages/airflow/example_dags/example_python_operator.py
[2023-03-25T14:44:43.134-0400] {processor.py:743} INFO - Processing file /Users/sunanda/Downloads/airflow/py_env/lib/python3.9/site-packages/airflow/example_dags/example_python_operator.py for tasks to queue
[2023-03-25T14:44:43.136-0400] {logging_mixin.py:137} INFO - [2023-03-25T14:44:43.135-0400] {dagbag.py:532} INFO - Filling up the DagBag from /Users/sunanda/Downloads/airflow/py_env/lib/python3.9/site-packages/airflow/example_dags/example_python_operator.py
[2023-03-25T14:44:43.157-0400] {logging_mixin.py:137} INFO - [2023-03-25T14:44:43.157-0400] {taskmixin.py:211} WARNING - Dependency <Task(_PythonDecoratedOperator): print_the_context>, log_sql_query already registered for DAG: example_python_operator
[2023-03-25T14:44:43.157-0400] {logging_mixin.py:137} INFO - [2023-03-25T14:44:43.157-0400] {taskmixin.py:211} WARNING - Dependency <Task(_PythonDecoratedOperator): log_sql_query>, print_the_context already registered for DAG: example_python_operator
[2023-03-25T14:44:43.157-0400] {logging_mixin.py:137} INFO - [2023-03-25T14:44:43.157-0400] {taskmixin.py:211} WARNING - Dependency <Task(_PythonDecoratedOperator): print_the_context>, log_sql_query already registered for DAG: example_python_operator
[2023-03-25T14:44:43.157-0400] {logging_mixin.py:137} INFO - [2023-03-25T14:44:43.157-0400] {taskmixin.py:211} WARNING - Dependency <Task(_PythonDecoratedOperator): log_sql_query>, print_the_context already registered for DAG: example_python_operator
[2023-03-25T14:44:43.158-0400] {logging_mixin.py:137} INFO - [2023-03-25T14:44:43.158-0400] {taskmixin.py:211} WARNING - Dependency <Task(_PythonDecoratedOperator): print_the_context>, log_sql_query already registered for DAG: example_python_operator
[2023-03-25T14:44:43.158-0400] {logging_mixin.py:137} INFO - [2023-03-25T14:44:43.158-0400] {taskmixin.py:211} WARNING - Dependency <Task(_PythonDecoratedOperator): log_sql_query>, print_the_context already registered for DAG: example_python_operator
[2023-03-25T14:44:43.158-0400] {logging_mixin.py:137} INFO - [2023-03-25T14:44:43.158-0400] {taskmixin.py:211} WARNING - Dependency <Task(_PythonDecoratedOperator): print_the_context>, log_sql_query already registered for DAG: example_python_operator
[2023-03-25T14:44:43.158-0400] {logging_mixin.py:137} INFO - [2023-03-25T14:44:43.158-0400] {taskmixin.py:211} WARNING - Dependency <Task(_PythonDecoratedOperator): log_sql_query>, print_the_context already registered for DAG: example_python_operator
[2023-03-25T14:44:43.162-0400] {processor.py:753} INFO - DAG(s) dict_keys(['example_python_operator']) retrieved from /Users/sunanda/Downloads/airflow/py_env/lib/python3.9/site-packages/airflow/example_dags/example_python_operator.py
[2023-03-25T14:44:43.420-0400] {logging_mixin.py:137} INFO - [2023-03-25T14:44:43.419-0400] {dag.py:2693} INFO - Sync 1 DAGs
[2023-03-25T14:44:43.427-0400] {logging_mixin.py:137} INFO - [2023-03-25T14:44:43.427-0400] {dag.py:3440} INFO - Setting next_dagrun for example_python_operator to None, run_after=None
[2023-03-25T14:44:43.436-0400] {processor.py:175} INFO - Processing /Users/sunanda/Downloads/airflow/py_env/lib/python3.9/site-packages/airflow/example_dags/example_python_operator.py took 0.310 seconds
[2023-03-25T14:46:11.734-0400] {processor.py:153} INFO - Started process (PID=11035) to work on /Users/sunanda/Downloads/airflow/py_env/lib/python3.9/site-packages/airflow/example_dags/example_python_operator.py
[2023-03-25T14:46:11.736-0400] {processor.py:743} INFO - Processing file /Users/sunanda/Downloads/airflow/py_env/lib/python3.9/site-packages/airflow/example_dags/example_python_operator.py for tasks to queue
[2023-03-25T14:46:11.737-0400] {logging_mixin.py:137} INFO - [2023-03-25T14:46:11.737-0400] {dagbag.py:532} INFO - Filling up the DagBag from /Users/sunanda/Downloads/airflow/py_env/lib/python3.9/site-packages/airflow/example_dags/example_python_operator.py
[2023-03-25T14:46:11.755-0400] {logging_mixin.py:137} INFO - [2023-03-25T14:46:11.755-0400] {taskmixin.py:211} WARNING - Dependency <Task(_PythonDecoratedOperator): print_the_context>, log_sql_query already registered for DAG: example_python_operator
[2023-03-25T14:46:11.755-0400] {logging_mixin.py:137} INFO - [2023-03-25T14:46:11.755-0400] {taskmixin.py:211} WARNING - Dependency <Task(_PythonDecoratedOperator): log_sql_query>, print_the_context already registered for DAG: example_python_operator
[2023-03-25T14:46:11.755-0400] {logging_mixin.py:137} INFO - [2023-03-25T14:46:11.755-0400] {taskmixin.py:211} WARNING - Dependency <Task(_PythonDecoratedOperator): print_the_context>, log_sql_query already registered for DAG: example_python_operator
[2023-03-25T14:46:11.755-0400] {logging_mixin.py:137} INFO - [2023-03-25T14:46:11.755-0400] {taskmixin.py:211} WARNING - Dependency <Task(_PythonDecoratedOperator): log_sql_query>, print_the_context already registered for DAG: example_python_operator
[2023-03-25T14:46:11.755-0400] {logging_mixin.py:137} INFO - [2023-03-25T14:46:11.755-0400] {taskmixin.py:211} WARNING - Dependency <Task(_PythonDecoratedOperator): print_the_context>, log_sql_query already registered for DAG: example_python_operator
[2023-03-25T14:46:11.756-0400] {logging_mixin.py:137} INFO - [2023-03-25T14:46:11.756-0400] {taskmixin.py:211} WARNING - Dependency <Task(_PythonDecoratedOperator): log_sql_query>, print_the_context already registered for DAG: example_python_operator
[2023-03-25T14:46:11.756-0400] {logging_mixin.py:137} INFO - [2023-03-25T14:46:11.756-0400] {taskmixin.py:211} WARNING - Dependency <Task(_PythonDecoratedOperator): print_the_context>, log_sql_query already registered for DAG: example_python_operator
[2023-03-25T14:46:11.756-0400] {logging_mixin.py:137} INFO - [2023-03-25T14:46:11.756-0400] {taskmixin.py:211} WARNING - Dependency <Task(_PythonDecoratedOperator): log_sql_query>, print_the_context already registered for DAG: example_python_operator
[2023-03-25T14:46:11.759-0400] {processor.py:753} INFO - DAG(s) dict_keys(['example_python_operator']) retrieved from /Users/sunanda/Downloads/airflow/py_env/lib/python3.9/site-packages/airflow/example_dags/example_python_operator.py
[2023-03-25T14:46:11.985-0400] {logging_mixin.py:137} INFO - [2023-03-25T14:46:11.985-0400] {dag.py:2693} INFO - Sync 1 DAGs
[2023-03-25T14:46:11.992-0400] {logging_mixin.py:137} INFO - [2023-03-25T14:46:11.992-0400] {dag.py:3440} INFO - Setting next_dagrun for example_python_operator to None, run_after=None
[2023-03-25T14:46:12.000-0400] {processor.py:175} INFO - Processing /Users/sunanda/Downloads/airflow/py_env/lib/python3.9/site-packages/airflow/example_dags/example_python_operator.py took 0.266 seconds
[2023-03-25T14:47:44.499-0400] {processor.py:153} INFO - Started process (PID=11180) to work on /Users/sunanda/Downloads/airflow/py_env/lib/python3.9/site-packages/airflow/example_dags/example_python_operator.py
[2023-03-25T14:47:44.502-0400] {processor.py:743} INFO - Processing file /Users/sunanda/Downloads/airflow/py_env/lib/python3.9/site-packages/airflow/example_dags/example_python_operator.py for tasks to queue
[2023-03-25T14:47:44.503-0400] {logging_mixin.py:137} INFO - [2023-03-25T14:47:44.503-0400] {dagbag.py:532} INFO - Filling up the DagBag from /Users/sunanda/Downloads/airflow/py_env/lib/python3.9/site-packages/airflow/example_dags/example_python_operator.py
[2023-03-25T14:47:44.521-0400] {logging_mixin.py:137} INFO - [2023-03-25T14:47:44.521-0400] {taskmixin.py:211} WARNING - Dependency <Task(_PythonDecoratedOperator): print_the_context>, log_sql_query already registered for DAG: example_python_operator
[2023-03-25T14:47:44.521-0400] {logging_mixin.py:137} INFO - [2023-03-25T14:47:44.521-0400] {taskmixin.py:211} WARNING - Dependency <Task(_PythonDecoratedOperator): log_sql_query>, print_the_context already registered for DAG: example_python_operator
[2023-03-25T14:47:44.521-0400] {logging_mixin.py:137} INFO - [2023-03-25T14:47:44.521-0400] {taskmixin.py:211} WARNING - Dependency <Task(_PythonDecoratedOperator): print_the_context>, log_sql_query already registered for DAG: example_python_operator
[2023-03-25T14:47:44.521-0400] {logging_mixin.py:137} INFO - [2023-03-25T14:47:44.521-0400] {taskmixin.py:211} WARNING - Dependency <Task(_PythonDecoratedOperator): log_sql_query>, print_the_context already registered for DAG: example_python_operator
[2023-03-25T14:47:44.521-0400] {logging_mixin.py:137} INFO - [2023-03-25T14:47:44.521-0400] {taskmixin.py:211} WARNING - Dependency <Task(_PythonDecoratedOperator): print_the_context>, log_sql_query already registered for DAG: example_python_operator
[2023-03-25T14:47:44.521-0400] {logging_mixin.py:137} INFO - [2023-03-25T14:47:44.521-0400] {taskmixin.py:211} WARNING - Dependency <Task(_PythonDecoratedOperator): log_sql_query>, print_the_context already registered for DAG: example_python_operator
[2023-03-25T14:47:44.522-0400] {logging_mixin.py:137} INFO - [2023-03-25T14:47:44.522-0400] {taskmixin.py:211} WARNING - Dependency <Task(_PythonDecoratedOperator): print_the_context>, log_sql_query already registered for DAG: example_python_operator
[2023-03-25T14:47:44.522-0400] {logging_mixin.py:137} INFO - [2023-03-25T14:47:44.522-0400] {taskmixin.py:211} WARNING - Dependency <Task(_PythonDecoratedOperator): log_sql_query>, print_the_context already registered for DAG: example_python_operator
[2023-03-25T14:47:44.525-0400] {processor.py:753} INFO - DAG(s) dict_keys(['example_python_operator']) retrieved from /Users/sunanda/Downloads/airflow/py_env/lib/python3.9/site-packages/airflow/example_dags/example_python_operator.py
[2023-03-25T14:47:44.757-0400] {logging_mixin.py:137} INFO - [2023-03-25T14:47:44.757-0400] {dag.py:2693} INFO - Sync 1 DAGs
[2023-03-25T14:47:44.765-0400] {logging_mixin.py:137} INFO - [2023-03-25T14:47:44.765-0400] {dag.py:3440} INFO - Setting next_dagrun for example_python_operator to None, run_after=None
[2023-03-25T14:47:44.773-0400] {processor.py:175} INFO - Processing /Users/sunanda/Downloads/airflow/py_env/lib/python3.9/site-packages/airflow/example_dags/example_python_operator.py took 0.275 seconds
