[2023-03-25T14:09:24.933-0400] {processor.py:153} INFO - Started process (PID=8074) to work on /Users/sunanda/Downloads/airflow/py_env/lib/python3.9/site-packages/airflow/example_dags/example_trigger_controller_dag.py
[2023-03-25T14:09:24.935-0400] {processor.py:743} INFO - Processing file /Users/sunanda/Downloads/airflow/py_env/lib/python3.9/site-packages/airflow/example_dags/example_trigger_controller_dag.py for tasks to queue
[2023-03-25T14:09:24.936-0400] {logging_mixin.py:137} INFO - [2023-03-25T14:09:24.936-0400] {dagbag.py:532} INFO - Filling up the DagBag from /Users/sunanda/Downloads/airflow/py_env/lib/python3.9/site-packages/airflow/example_dags/example_trigger_controller_dag.py
[2023-03-25T14:09:24.945-0400] {processor.py:753} INFO - DAG(s) dict_keys(['example_trigger_controller_dag']) retrieved from /Users/sunanda/Downloads/airflow/py_env/lib/python3.9/site-packages/airflow/example_dags/example_trigger_controller_dag.py
[2023-03-25T14:09:25.154-0400] {logging_mixin.py:137} INFO - [2023-03-25T14:09:25.154-0400] {dag.py:2693} INFO - Sync 1 DAGs
[2023-03-25T14:09:25.160-0400] {logging_mixin.py:137} INFO - [2023-03-25T14:09:25.160-0400] {dag.py:3440} INFO - Setting next_dagrun for example_trigger_controller_dag to 2021-01-01T00:00:00+00:00, run_after=2021-01-01T00:00:00+00:00
[2023-03-25T14:09:25.167-0400] {processor.py:175} INFO - Processing /Users/sunanda/Downloads/airflow/py_env/lib/python3.9/site-packages/airflow/example_dags/example_trigger_controller_dag.py took 0.234 seconds
[2023-03-25T14:10:50.244-0400] {processor.py:153} INFO - Started process (PID=8221) to work on /Users/sunanda/Downloads/airflow/py_env/lib/python3.9/site-packages/airflow/example_dags/example_trigger_controller_dag.py
[2023-03-25T14:10:50.246-0400] {processor.py:743} INFO - Processing file /Users/sunanda/Downloads/airflow/py_env/lib/python3.9/site-packages/airflow/example_dags/example_trigger_controller_dag.py for tasks to queue
[2023-03-25T14:10:50.247-0400] {logging_mixin.py:137} INFO - [2023-03-25T14:10:50.247-0400] {dagbag.py:532} INFO - Filling up the DagBag from /Users/sunanda/Downloads/airflow/py_env/lib/python3.9/site-packages/airflow/example_dags/example_trigger_controller_dag.py
[2023-03-25T14:10:50.256-0400] {processor.py:753} INFO - DAG(s) dict_keys(['example_trigger_controller_dag']) retrieved from /Users/sunanda/Downloads/airflow/py_env/lib/python3.9/site-packages/airflow/example_dags/example_trigger_controller_dag.py
[2023-03-25T14:10:50.463-0400] {logging_mixin.py:137} INFO - [2023-03-25T14:10:50.463-0400] {dag.py:2693} INFO - Sync 1 DAGs
[2023-03-25T14:10:50.470-0400] {logging_mixin.py:137} INFO - [2023-03-25T14:10:50.469-0400] {dag.py:3440} INFO - Setting next_dagrun for example_trigger_controller_dag to 2021-01-01T00:00:00+00:00, run_after=2021-01-01T00:00:00+00:00
[2023-03-25T14:10:50.476-0400] {processor.py:175} INFO - Processing /Users/sunanda/Downloads/airflow/py_env/lib/python3.9/site-packages/airflow/example_dags/example_trigger_controller_dag.py took 0.232 seconds
[2023-03-25T14:12:05.829-0400] {processor.py:153} INFO - Started process (PID=8351) to work on /Users/sunanda/Downloads/airflow/py_env/lib/python3.9/site-packages/airflow/example_dags/example_trigger_controller_dag.py
[2023-03-25T14:12:05.832-0400] {processor.py:743} INFO - Processing file /Users/sunanda/Downloads/airflow/py_env/lib/python3.9/site-packages/airflow/example_dags/example_trigger_controller_dag.py for tasks to queue
[2023-03-25T14:12:05.832-0400] {logging_mixin.py:137} INFO - [2023-03-25T14:12:05.832-0400] {dagbag.py:532} INFO - Filling up the DagBag from /Users/sunanda/Downloads/airflow/py_env/lib/python3.9/site-packages/airflow/example_dags/example_trigger_controller_dag.py
[2023-03-25T14:12:05.842-0400] {processor.py:753} INFO - DAG(s) dict_keys(['example_trigger_controller_dag']) retrieved from /Users/sunanda/Downloads/airflow/py_env/lib/python3.9/site-packages/airflow/example_dags/example_trigger_controller_dag.py
[2023-03-25T14:12:06.067-0400] {logging_mixin.py:137} INFO - [2023-03-25T14:12:06.067-0400] {dag.py:2693} INFO - Sync 1 DAGs
[2023-03-25T14:12:06.074-0400] {logging_mixin.py:137} INFO - [2023-03-25T14:12:06.074-0400] {dag.py:3440} INFO - Setting next_dagrun for example_trigger_controller_dag to 2021-01-01T00:00:00+00:00, run_after=2021-01-01T00:00:00+00:00
[2023-03-25T14:12:06.081-0400] {processor.py:175} INFO - Processing /Users/sunanda/Downloads/airflow/py_env/lib/python3.9/site-packages/airflow/example_dags/example_trigger_controller_dag.py took 0.252 seconds
[2023-03-25T14:13:35.060-0400] {processor.py:153} INFO - Started process (PID=8494) to work on /Users/sunanda/Downloads/airflow/py_env/lib/python3.9/site-packages/airflow/example_dags/example_trigger_controller_dag.py
[2023-03-25T14:13:35.063-0400] {processor.py:743} INFO - Processing file /Users/sunanda/Downloads/airflow/py_env/lib/python3.9/site-packages/airflow/example_dags/example_trigger_controller_dag.py for tasks to queue
[2023-03-25T14:13:35.063-0400] {logging_mixin.py:137} INFO - [2023-03-25T14:13:35.063-0400] {dagbag.py:532} INFO - Filling up the DagBag from /Users/sunanda/Downloads/airflow/py_env/lib/python3.9/site-packages/airflow/example_dags/example_trigger_controller_dag.py
[2023-03-25T14:13:35.072-0400] {processor.py:753} INFO - DAG(s) dict_keys(['example_trigger_controller_dag']) retrieved from /Users/sunanda/Downloads/airflow/py_env/lib/python3.9/site-packages/airflow/example_dags/example_trigger_controller_dag.py
[2023-03-25T14:13:35.302-0400] {logging_mixin.py:137} INFO - [2023-03-25T14:13:35.302-0400] {dag.py:2693} INFO - Sync 1 DAGs
[2023-03-25T14:13:35.309-0400] {logging_mixin.py:137} INFO - [2023-03-25T14:13:35.309-0400] {dag.py:3440} INFO - Setting next_dagrun for example_trigger_controller_dag to 2021-01-01T00:00:00+00:00, run_after=2021-01-01T00:00:00+00:00
[2023-03-25T14:13:35.317-0400] {processor.py:175} INFO - Processing /Users/sunanda/Downloads/airflow/py_env/lib/python3.9/site-packages/airflow/example_dags/example_trigger_controller_dag.py took 0.257 seconds
[2023-03-25T14:14:56.324-0400] {processor.py:153} INFO - Started process (PID=8624) to work on /Users/sunanda/Downloads/airflow/py_env/lib/python3.9/site-packages/airflow/example_dags/example_trigger_controller_dag.py
[2023-03-25T14:14:56.327-0400] {processor.py:743} INFO - Processing file /Users/sunanda/Downloads/airflow/py_env/lib/python3.9/site-packages/airflow/example_dags/example_trigger_controller_dag.py for tasks to queue
[2023-03-25T14:14:56.327-0400] {logging_mixin.py:137} INFO - [2023-03-25T14:14:56.327-0400] {dagbag.py:532} INFO - Filling up the DagBag from /Users/sunanda/Downloads/airflow/py_env/lib/python3.9/site-packages/airflow/example_dags/example_trigger_controller_dag.py
[2023-03-25T14:14:56.337-0400] {processor.py:753} INFO - DAG(s) dict_keys(['example_trigger_controller_dag']) retrieved from /Users/sunanda/Downloads/airflow/py_env/lib/python3.9/site-packages/airflow/example_dags/example_trigger_controller_dag.py
[2023-03-25T14:14:56.573-0400] {logging_mixin.py:137} INFO - [2023-03-25T14:14:56.573-0400] {dag.py:2693} INFO - Sync 1 DAGs
[2023-03-25T14:14:56.581-0400] {logging_mixin.py:137} INFO - [2023-03-25T14:14:56.581-0400] {dag.py:3440} INFO - Setting next_dagrun for example_trigger_controller_dag to 2021-01-01T00:00:00+00:00, run_after=2021-01-01T00:00:00+00:00
[2023-03-25T14:14:56.588-0400] {processor.py:175} INFO - Processing /Users/sunanda/Downloads/airflow/py_env/lib/python3.9/site-packages/airflow/example_dags/example_trigger_controller_dag.py took 0.265 seconds
[2023-03-25T14:16:29.459-0400] {processor.py:153} INFO - Started process (PID=8766) to work on /Users/sunanda/Downloads/airflow/py_env/lib/python3.9/site-packages/airflow/example_dags/example_trigger_controller_dag.py
[2023-03-25T14:16:29.462-0400] {processor.py:743} INFO - Processing file /Users/sunanda/Downloads/airflow/py_env/lib/python3.9/site-packages/airflow/example_dags/example_trigger_controller_dag.py for tasks to queue
[2023-03-25T14:16:29.462-0400] {logging_mixin.py:137} INFO - [2023-03-25T14:16:29.462-0400] {dagbag.py:532} INFO - Filling up the DagBag from /Users/sunanda/Downloads/airflow/py_env/lib/python3.9/site-packages/airflow/example_dags/example_trigger_controller_dag.py
[2023-03-25T14:16:29.471-0400] {processor.py:753} INFO - DAG(s) dict_keys(['example_trigger_controller_dag']) retrieved from /Users/sunanda/Downloads/airflow/py_env/lib/python3.9/site-packages/airflow/example_dags/example_trigger_controller_dag.py
[2023-03-25T14:16:29.682-0400] {logging_mixin.py:137} INFO - [2023-03-25T14:16:29.682-0400] {dag.py:2693} INFO - Sync 1 DAGs
[2023-03-25T14:16:29.688-0400] {logging_mixin.py:137} INFO - [2023-03-25T14:16:29.688-0400] {dag.py:3440} INFO - Setting next_dagrun for example_trigger_controller_dag to 2021-01-01T00:00:00+00:00, run_after=2021-01-01T00:00:00+00:00
[2023-03-25T14:16:29.695-0400] {processor.py:175} INFO - Processing /Users/sunanda/Downloads/airflow/py_env/lib/python3.9/site-packages/airflow/example_dags/example_trigger_controller_dag.py took 0.237 seconds
[2023-03-25T14:18:00.646-0400] {processor.py:153} INFO - Started process (PID=8931) to work on /Users/sunanda/Downloads/airflow/py_env/lib/python3.9/site-packages/airflow/example_dags/example_trigger_controller_dag.py
[2023-03-25T14:18:00.649-0400] {processor.py:743} INFO - Processing file /Users/sunanda/Downloads/airflow/py_env/lib/python3.9/site-packages/airflow/example_dags/example_trigger_controller_dag.py for tasks to queue
[2023-03-25T14:18:00.650-0400] {logging_mixin.py:137} INFO - [2023-03-25T14:18:00.650-0400] {dagbag.py:532} INFO - Filling up the DagBag from /Users/sunanda/Downloads/airflow/py_env/lib/python3.9/site-packages/airflow/example_dags/example_trigger_controller_dag.py
[2023-03-25T14:18:00.660-0400] {processor.py:753} INFO - DAG(s) dict_keys(['example_trigger_controller_dag']) retrieved from /Users/sunanda/Downloads/airflow/py_env/lib/python3.9/site-packages/airflow/example_dags/example_trigger_controller_dag.py
[2023-03-25T14:18:00.892-0400] {logging_mixin.py:137} INFO - [2023-03-25T14:18:00.892-0400] {dag.py:2693} INFO - Sync 1 DAGs
[2023-03-25T14:18:00.899-0400] {logging_mixin.py:137} INFO - [2023-03-25T14:18:00.899-0400] {dag.py:3440} INFO - Setting next_dagrun for example_trigger_controller_dag to 2021-01-01T00:00:00+00:00, run_after=2021-01-01T00:00:00+00:00
[2023-03-25T14:18:00.907-0400] {processor.py:175} INFO - Processing /Users/sunanda/Downloads/airflow/py_env/lib/python3.9/site-packages/airflow/example_dags/example_trigger_controller_dag.py took 0.261 seconds
[2023-03-25T14:18:47.189-0400] {processor.py:153} INFO - Started process (PID=9005) to work on /Users/sunanda/Downloads/airflow/py_env/lib/python3.9/site-packages/airflow/example_dags/example_trigger_controller_dag.py
[2023-03-25T14:18:47.191-0400] {processor.py:743} INFO - Processing file /Users/sunanda/Downloads/airflow/py_env/lib/python3.9/site-packages/airflow/example_dags/example_trigger_controller_dag.py for tasks to queue
[2023-03-25T14:18:47.191-0400] {logging_mixin.py:137} INFO - [2023-03-25T14:18:47.191-0400] {dagbag.py:532} INFO - Filling up the DagBag from /Users/sunanda/Downloads/airflow/py_env/lib/python3.9/site-packages/airflow/example_dags/example_trigger_controller_dag.py
[2023-03-25T14:18:47.200-0400] {processor.py:753} INFO - DAG(s) dict_keys(['example_trigger_controller_dag']) retrieved from /Users/sunanda/Downloads/airflow/py_env/lib/python3.9/site-packages/airflow/example_dags/example_trigger_controller_dag.py
[2023-03-25T14:18:47.412-0400] {logging_mixin.py:137} INFO - [2023-03-25T14:18:47.412-0400] {dag.py:2693} INFO - Sync 1 DAGs
[2023-03-25T14:18:47.419-0400] {logging_mixin.py:137} INFO - [2023-03-25T14:18:47.418-0400] {dag.py:3440} INFO - Setting next_dagrun for example_trigger_controller_dag to 2021-01-01T00:00:00+00:00, run_after=2021-01-01T00:00:00+00:00
[2023-03-25T14:18:47.425-0400] {processor.py:175} INFO - Processing /Users/sunanda/Downloads/airflow/py_env/lib/python3.9/site-packages/airflow/example_dags/example_trigger_controller_dag.py took 0.237 seconds
[2023-03-25T14:43:07.718-0400] {processor.py:153} INFO - Started process (PID=10727) to work on /Users/sunanda/Downloads/airflow/py_env/lib/python3.9/site-packages/airflow/example_dags/example_trigger_controller_dag.py
[2023-03-25T14:43:07.721-0400] {processor.py:743} INFO - Processing file /Users/sunanda/Downloads/airflow/py_env/lib/python3.9/site-packages/airflow/example_dags/example_trigger_controller_dag.py for tasks to queue
[2023-03-25T14:43:07.721-0400] {logging_mixin.py:137} INFO - [2023-03-25T14:43:07.721-0400] {dagbag.py:532} INFO - Filling up the DagBag from /Users/sunanda/Downloads/airflow/py_env/lib/python3.9/site-packages/airflow/example_dags/example_trigger_controller_dag.py
[2023-03-25T14:43:07.731-0400] {processor.py:753} INFO - DAG(s) dict_keys(['example_trigger_controller_dag']) retrieved from /Users/sunanda/Downloads/airflow/py_env/lib/python3.9/site-packages/airflow/example_dags/example_trigger_controller_dag.py
[2023-03-25T14:43:07.946-0400] {logging_mixin.py:137} INFO - [2023-03-25T14:43:07.946-0400] {dag.py:2693} INFO - Sync 1 DAGs
[2023-03-25T14:43:07.953-0400] {logging_mixin.py:137} INFO - [2023-03-25T14:43:07.953-0400] {dag.py:3440} INFO - Setting next_dagrun for example_trigger_controller_dag to 2021-01-01T00:00:00+00:00, run_after=2021-01-01T00:00:00+00:00
[2023-03-25T14:43:07.960-0400] {processor.py:175} INFO - Processing /Users/sunanda/Downloads/airflow/py_env/lib/python3.9/site-packages/airflow/example_dags/example_trigger_controller_dag.py took 0.243 seconds
[2023-03-25T14:44:24.722-0400] {processor.py:153} INFO - Started process (PID=10863) to work on /Users/sunanda/Downloads/airflow/py_env/lib/python3.9/site-packages/airflow/example_dags/example_trigger_controller_dag.py
[2023-03-25T14:44:24.725-0400] {processor.py:743} INFO - Processing file /Users/sunanda/Downloads/airflow/py_env/lib/python3.9/site-packages/airflow/example_dags/example_trigger_controller_dag.py for tasks to queue
[2023-03-25T14:44:24.725-0400] {logging_mixin.py:137} INFO - [2023-03-25T14:44:24.725-0400] {dagbag.py:532} INFO - Filling up the DagBag from /Users/sunanda/Downloads/airflow/py_env/lib/python3.9/site-packages/airflow/example_dags/example_trigger_controller_dag.py
[2023-03-25T14:44:24.734-0400] {processor.py:753} INFO - DAG(s) dict_keys(['example_trigger_controller_dag']) retrieved from /Users/sunanda/Downloads/airflow/py_env/lib/python3.9/site-packages/airflow/example_dags/example_trigger_controller_dag.py
[2023-03-25T14:44:24.952-0400] {logging_mixin.py:137} INFO - [2023-03-25T14:44:24.952-0400] {dag.py:2693} INFO - Sync 1 DAGs
[2023-03-25T14:44:24.958-0400] {logging_mixin.py:137} INFO - [2023-03-25T14:44:24.958-0400] {dag.py:3440} INFO - Setting next_dagrun for example_trigger_controller_dag to 2021-01-01T00:00:00+00:00, run_after=2021-01-01T00:00:00+00:00
[2023-03-25T14:44:24.966-0400] {processor.py:175} INFO - Processing /Users/sunanda/Downloads/airflow/py_env/lib/python3.9/site-packages/airflow/example_dags/example_trigger_controller_dag.py took 0.244 seconds
[2023-03-25T14:45:52.938-0400] {processor.py:153} INFO - Started process (PID=11006) to work on /Users/sunanda/Downloads/airflow/py_env/lib/python3.9/site-packages/airflow/example_dags/example_trigger_controller_dag.py
[2023-03-25T14:45:52.940-0400] {processor.py:743} INFO - Processing file /Users/sunanda/Downloads/airflow/py_env/lib/python3.9/site-packages/airflow/example_dags/example_trigger_controller_dag.py for tasks to queue
[2023-03-25T14:45:52.940-0400] {logging_mixin.py:137} INFO - [2023-03-25T14:45:52.940-0400] {dagbag.py:532} INFO - Filling up the DagBag from /Users/sunanda/Downloads/airflow/py_env/lib/python3.9/site-packages/airflow/example_dags/example_trigger_controller_dag.py
[2023-03-25T14:45:52.951-0400] {processor.py:753} INFO - DAG(s) dict_keys(['example_trigger_controller_dag']) retrieved from /Users/sunanda/Downloads/airflow/py_env/lib/python3.9/site-packages/airflow/example_dags/example_trigger_controller_dag.py
[2023-03-25T14:45:53.174-0400] {logging_mixin.py:137} INFO - [2023-03-25T14:45:53.174-0400] {dag.py:2693} INFO - Sync 1 DAGs
[2023-03-25T14:45:53.180-0400] {logging_mixin.py:137} INFO - [2023-03-25T14:45:53.180-0400] {dag.py:3440} INFO - Setting next_dagrun for example_trigger_controller_dag to 2021-01-01T00:00:00+00:00, run_after=2021-01-01T00:00:00+00:00
[2023-03-25T14:45:53.188-0400] {processor.py:175} INFO - Processing /Users/sunanda/Downloads/airflow/py_env/lib/python3.9/site-packages/airflow/example_dags/example_trigger_controller_dag.py took 0.250 seconds
[2023-03-25T14:47:25.897-0400] {processor.py:153} INFO - Started process (PID=11150) to work on /Users/sunanda/Downloads/airflow/py_env/lib/python3.9/site-packages/airflow/example_dags/example_trigger_controller_dag.py
[2023-03-25T14:47:25.900-0400] {processor.py:743} INFO - Processing file /Users/sunanda/Downloads/airflow/py_env/lib/python3.9/site-packages/airflow/example_dags/example_trigger_controller_dag.py for tasks to queue
[2023-03-25T14:47:25.900-0400] {logging_mixin.py:137} INFO - [2023-03-25T14:47:25.900-0400] {dagbag.py:532} INFO - Filling up the DagBag from /Users/sunanda/Downloads/airflow/py_env/lib/python3.9/site-packages/airflow/example_dags/example_trigger_controller_dag.py
[2023-03-25T14:47:25.910-0400] {processor.py:753} INFO - DAG(s) dict_keys(['example_trigger_controller_dag']) retrieved from /Users/sunanda/Downloads/airflow/py_env/lib/python3.9/site-packages/airflow/example_dags/example_trigger_controller_dag.py
[2023-03-25T14:47:26.129-0400] {logging_mixin.py:137} INFO - [2023-03-25T14:47:26.129-0400] {dag.py:2693} INFO - Sync 1 DAGs
[2023-03-25T14:47:26.136-0400] {logging_mixin.py:137} INFO - [2023-03-25T14:47:26.136-0400] {dag.py:3440} INFO - Setting next_dagrun for example_trigger_controller_dag to 2021-01-01T00:00:00+00:00, run_after=2021-01-01T00:00:00+00:00
[2023-03-25T14:47:26.143-0400] {processor.py:175} INFO - Processing /Users/sunanda/Downloads/airflow/py_env/lib/python3.9/site-packages/airflow/example_dags/example_trigger_controller_dag.py took 0.247 seconds
