[2023-03-25T14:09:19.905-0400] {processor.py:153} INFO - Started process (PID=8067) to work on /Users/sunanda/Downloads/airflow/py_env/lib/python3.9/site-packages/airflow/example_dags/example_xcomargs.py
[2023-03-25T14:09:19.907-0400] {processor.py:743} INFO - Processing file /Users/sunanda/Downloads/airflow/py_env/lib/python3.9/site-packages/airflow/example_dags/example_xcomargs.py for tasks to queue
[2023-03-25T14:09:19.907-0400] {logging_mixin.py:137} INFO - [2023-03-25T14:09:19.907-0400] {dagbag.py:532} INFO - Filling up the DagBag from /Users/sunanda/Downloads/airflow/py_env/lib/python3.9/site-packages/airflow/example_dags/example_xcomargs.py
[2023-03-25T14:09:19.926-0400] {processor.py:753} INFO - DAG(s) dict_keys(['example_xcom_args_with_operators', 'example_xcom_args']) retrieved from /Users/sunanda/Downloads/airflow/py_env/lib/python3.9/site-packages/airflow/example_dags/example_xcomargs.py
[2023-03-25T14:09:20.129-0400] {logging_mixin.py:137} INFO - [2023-03-25T14:09:20.129-0400] {dag.py:2693} INFO - Sync 2 DAGs
[2023-03-25T14:09:20.136-0400] {logging_mixin.py:137} INFO - [2023-03-25T14:09:20.136-0400] {dag.py:3440} INFO - Setting next_dagrun for example_xcom_args to None, run_after=None
[2023-03-25T14:09:20.137-0400] {logging_mixin.py:137} INFO - [2023-03-25T14:09:20.137-0400] {dag.py:3440} INFO - Setting next_dagrun for example_xcom_args_with_operators to None, run_after=None
[2023-03-25T14:09:20.144-0400] {processor.py:175} INFO - Processing /Users/sunanda/Downloads/airflow/py_env/lib/python3.9/site-packages/airflow/example_dags/example_xcomargs.py took 0.239 seconds
[2023-03-25T14:10:44.670-0400] {processor.py:153} INFO - Started process (PID=8212) to work on /Users/sunanda/Downloads/airflow/py_env/lib/python3.9/site-packages/airflow/example_dags/example_xcomargs.py
[2023-03-25T14:10:44.672-0400] {processor.py:743} INFO - Processing file /Users/sunanda/Downloads/airflow/py_env/lib/python3.9/site-packages/airflow/example_dags/example_xcomargs.py for tasks to queue
[2023-03-25T14:10:44.672-0400] {logging_mixin.py:137} INFO - [2023-03-25T14:10:44.672-0400] {dagbag.py:532} INFO - Filling up the DagBag from /Users/sunanda/Downloads/airflow/py_env/lib/python3.9/site-packages/airflow/example_dags/example_xcomargs.py
[2023-03-25T14:10:44.691-0400] {processor.py:753} INFO - DAG(s) dict_keys(['example_xcom_args_with_operators', 'example_xcom_args']) retrieved from /Users/sunanda/Downloads/airflow/py_env/lib/python3.9/site-packages/airflow/example_dags/example_xcomargs.py
[2023-03-25T14:10:44.897-0400] {logging_mixin.py:137} INFO - [2023-03-25T14:10:44.897-0400] {dag.py:2693} INFO - Sync 2 DAGs
[2023-03-25T14:10:44.904-0400] {logging_mixin.py:137} INFO - [2023-03-25T14:10:44.904-0400] {dag.py:3440} INFO - Setting next_dagrun for example_xcom_args to None, run_after=None
[2023-03-25T14:10:44.905-0400] {logging_mixin.py:137} INFO - [2023-03-25T14:10:44.905-0400] {dag.py:3440} INFO - Setting next_dagrun for example_xcom_args_with_operators to None, run_after=None
[2023-03-25T14:10:44.911-0400] {processor.py:175} INFO - Processing /Users/sunanda/Downloads/airflow/py_env/lib/python3.9/site-packages/airflow/example_dags/example_xcomargs.py took 0.241 seconds
[2023-03-25T14:12:00.815-0400] {processor.py:153} INFO - Started process (PID=8338) to work on /Users/sunanda/Downloads/airflow/py_env/lib/python3.9/site-packages/airflow/example_dags/example_xcomargs.py
[2023-03-25T14:12:00.817-0400] {processor.py:743} INFO - Processing file /Users/sunanda/Downloads/airflow/py_env/lib/python3.9/site-packages/airflow/example_dags/example_xcomargs.py for tasks to queue
[2023-03-25T14:12:00.817-0400] {logging_mixin.py:137} INFO - [2023-03-25T14:12:00.817-0400] {dagbag.py:532} INFO - Filling up the DagBag from /Users/sunanda/Downloads/airflow/py_env/lib/python3.9/site-packages/airflow/example_dags/example_xcomargs.py
[2023-03-25T14:12:00.840-0400] {processor.py:753} INFO - DAG(s) dict_keys(['example_xcom_args', 'example_xcom_args_with_operators']) retrieved from /Users/sunanda/Downloads/airflow/py_env/lib/python3.9/site-packages/airflow/example_dags/example_xcomargs.py
[2023-03-25T14:12:01.051-0400] {logging_mixin.py:137} INFO - [2023-03-25T14:12:01.051-0400] {dag.py:2693} INFO - Sync 2 DAGs
[2023-03-25T14:12:01.057-0400] {logging_mixin.py:137} INFO - [2023-03-25T14:12:01.057-0400] {dag.py:3440} INFO - Setting next_dagrun for example_xcom_args to None, run_after=None
[2023-03-25T14:12:01.059-0400] {logging_mixin.py:137} INFO - [2023-03-25T14:12:01.059-0400] {dag.py:3440} INFO - Setting next_dagrun for example_xcom_args_with_operators to None, run_after=None
[2023-03-25T14:12:01.065-0400] {processor.py:175} INFO - Processing /Users/sunanda/Downloads/airflow/py_env/lib/python3.9/site-packages/airflow/example_dags/example_xcomargs.py took 0.250 seconds
[2023-03-25T14:13:29.217-0400] {processor.py:153} INFO - Started process (PID=8486) to work on /Users/sunanda/Downloads/airflow/py_env/lib/python3.9/site-packages/airflow/example_dags/example_xcomargs.py
[2023-03-25T14:13:29.219-0400] {processor.py:743} INFO - Processing file /Users/sunanda/Downloads/airflow/py_env/lib/python3.9/site-packages/airflow/example_dags/example_xcomargs.py for tasks to queue
[2023-03-25T14:13:29.220-0400] {logging_mixin.py:137} INFO - [2023-03-25T14:13:29.219-0400] {dagbag.py:532} INFO - Filling up the DagBag from /Users/sunanda/Downloads/airflow/py_env/lib/python3.9/site-packages/airflow/example_dags/example_xcomargs.py
[2023-03-25T14:13:29.241-0400] {processor.py:753} INFO - DAG(s) dict_keys(['example_xcom_args_with_operators', 'example_xcom_args']) retrieved from /Users/sunanda/Downloads/airflow/py_env/lib/python3.9/site-packages/airflow/example_dags/example_xcomargs.py
[2023-03-25T14:13:29.492-0400] {logging_mixin.py:137} INFO - [2023-03-25T14:13:29.492-0400] {dag.py:2693} INFO - Sync 2 DAGs
[2023-03-25T14:13:29.499-0400] {logging_mixin.py:137} INFO - [2023-03-25T14:13:29.499-0400] {dag.py:3440} INFO - Setting next_dagrun for example_xcom_args to None, run_after=None
[2023-03-25T14:13:29.501-0400] {logging_mixin.py:137} INFO - [2023-03-25T14:13:29.501-0400] {dag.py:3440} INFO - Setting next_dagrun for example_xcom_args_with_operators to None, run_after=None
[2023-03-25T14:13:29.509-0400] {processor.py:175} INFO - Processing /Users/sunanda/Downloads/airflow/py_env/lib/python3.9/site-packages/airflow/example_dags/example_xcomargs.py took 0.293 seconds
[2023-03-25T14:14:51.091-0400] {processor.py:153} INFO - Started process (PID=8617) to work on /Users/sunanda/Downloads/airflow/py_env/lib/python3.9/site-packages/airflow/example_dags/example_xcomargs.py
[2023-03-25T14:14:51.094-0400] {processor.py:743} INFO - Processing file /Users/sunanda/Downloads/airflow/py_env/lib/python3.9/site-packages/airflow/example_dags/example_xcomargs.py for tasks to queue
[2023-03-25T14:14:51.094-0400] {logging_mixin.py:137} INFO - [2023-03-25T14:14:51.094-0400] {dagbag.py:532} INFO - Filling up the DagBag from /Users/sunanda/Downloads/airflow/py_env/lib/python3.9/site-packages/airflow/example_dags/example_xcomargs.py
[2023-03-25T14:14:51.114-0400] {processor.py:753} INFO - DAG(s) dict_keys(['example_xcom_args', 'example_xcom_args_with_operators']) retrieved from /Users/sunanda/Downloads/airflow/py_env/lib/python3.9/site-packages/airflow/example_dags/example_xcomargs.py
[2023-03-25T14:14:51.336-0400] {logging_mixin.py:137} INFO - [2023-03-25T14:14:51.336-0400] {dag.py:2693} INFO - Sync 2 DAGs
[2023-03-25T14:14:51.342-0400] {logging_mixin.py:137} INFO - [2023-03-25T14:14:51.342-0400] {dag.py:3440} INFO - Setting next_dagrun for example_xcom_args to None, run_after=None
[2023-03-25T14:14:51.344-0400] {logging_mixin.py:137} INFO - [2023-03-25T14:14:51.344-0400] {dag.py:3440} INFO - Setting next_dagrun for example_xcom_args_with_operators to None, run_after=None
[2023-03-25T14:14:51.351-0400] {processor.py:175} INFO - Processing /Users/sunanda/Downloads/airflow/py_env/lib/python3.9/site-packages/airflow/example_dags/example_xcomargs.py took 0.261 seconds
[2023-03-25T14:15:36.589-0400] {processor.py:153} INFO - Started process (PID=8686) to work on /Users/sunanda/Downloads/airflow/py_env/lib/python3.9/site-packages/airflow/example_dags/example_xcomargs.py
[2023-03-25T14:15:36.592-0400] {processor.py:743} INFO - Processing file /Users/sunanda/Downloads/airflow/py_env/lib/python3.9/site-packages/airflow/example_dags/example_xcomargs.py for tasks to queue
[2023-03-25T14:15:36.592-0400] {logging_mixin.py:137} INFO - [2023-03-25T14:15:36.592-0400] {dagbag.py:532} INFO - Filling up the DagBag from /Users/sunanda/Downloads/airflow/py_env/lib/python3.9/site-packages/airflow/example_dags/example_xcomargs.py
[2023-03-25T14:15:36.612-0400] {processor.py:753} INFO - DAG(s) dict_keys(['example_xcom_args', 'example_xcom_args_with_operators']) retrieved from /Users/sunanda/Downloads/airflow/py_env/lib/python3.9/site-packages/airflow/example_dags/example_xcomargs.py
[2023-03-25T14:15:36.816-0400] {logging_mixin.py:137} INFO - [2023-03-25T14:15:36.816-0400] {dag.py:2693} INFO - Sync 2 DAGs
[2023-03-25T14:15:36.822-0400] {logging_mixin.py:137} INFO - [2023-03-25T14:15:36.822-0400] {dag.py:3440} INFO - Setting next_dagrun for example_xcom_args to None, run_after=None
[2023-03-25T14:15:36.823-0400] {logging_mixin.py:137} INFO - [2023-03-25T14:15:36.823-0400] {dag.py:3440} INFO - Setting next_dagrun for example_xcom_args_with_operators to None, run_after=None
[2023-03-25T14:15:36.830-0400] {processor.py:175} INFO - Processing /Users/sunanda/Downloads/airflow/py_env/lib/python3.9/site-packages/airflow/example_dags/example_xcomargs.py took 0.241 seconds
[2023-03-25T14:16:24.636-0400] {processor.py:153} INFO - Started process (PID=8758) to work on /Users/sunanda/Downloads/airflow/py_env/lib/python3.9/site-packages/airflow/example_dags/example_xcomargs.py
[2023-03-25T14:16:24.638-0400] {processor.py:743} INFO - Processing file /Users/sunanda/Downloads/airflow/py_env/lib/python3.9/site-packages/airflow/example_dags/example_xcomargs.py for tasks to queue
[2023-03-25T14:16:24.638-0400] {logging_mixin.py:137} INFO - [2023-03-25T14:16:24.638-0400] {dagbag.py:532} INFO - Filling up the DagBag from /Users/sunanda/Downloads/airflow/py_env/lib/python3.9/site-packages/airflow/example_dags/example_xcomargs.py
[2023-03-25T14:16:24.658-0400] {processor.py:753} INFO - DAG(s) dict_keys(['example_xcom_args_with_operators', 'example_xcom_args']) retrieved from /Users/sunanda/Downloads/airflow/py_env/lib/python3.9/site-packages/airflow/example_dags/example_xcomargs.py
[2023-03-25T14:16:24.879-0400] {logging_mixin.py:137} INFO - [2023-03-25T14:16:24.879-0400] {dag.py:2693} INFO - Sync 2 DAGs
[2023-03-25T14:16:24.885-0400] {logging_mixin.py:137} INFO - [2023-03-25T14:16:24.885-0400] {dag.py:3440} INFO - Setting next_dagrun for example_xcom_args to None, run_after=None
[2023-03-25T14:16:24.886-0400] {logging_mixin.py:137} INFO - [2023-03-25T14:16:24.886-0400] {dag.py:3440} INFO - Setting next_dagrun for example_xcom_args_with_operators to None, run_after=None
[2023-03-25T14:16:24.893-0400] {processor.py:175} INFO - Processing /Users/sunanda/Downloads/airflow/py_env/lib/python3.9/site-packages/airflow/example_dags/example_xcomargs.py took 0.258 seconds
[2023-03-25T14:17:56.679-0400] {processor.py:153} INFO - Started process (PID=8918) to work on /Users/sunanda/Downloads/airflow/py_env/lib/python3.9/site-packages/airflow/example_dags/example_xcomargs.py
[2023-03-25T14:17:56.682-0400] {processor.py:743} INFO - Processing file /Users/sunanda/Downloads/airflow/py_env/lib/python3.9/site-packages/airflow/example_dags/example_xcomargs.py for tasks to queue
[2023-03-25T14:17:56.682-0400] {logging_mixin.py:137} INFO - [2023-03-25T14:17:56.682-0400] {dagbag.py:532} INFO - Filling up the DagBag from /Users/sunanda/Downloads/airflow/py_env/lib/python3.9/site-packages/airflow/example_dags/example_xcomargs.py
[2023-03-25T14:17:56.704-0400] {processor.py:753} INFO - DAG(s) dict_keys(['example_xcom_args', 'example_xcom_args_with_operators']) retrieved from /Users/sunanda/Downloads/airflow/py_env/lib/python3.9/site-packages/airflow/example_dags/example_xcomargs.py
[2023-03-25T14:17:56.942-0400] {logging_mixin.py:137} INFO - [2023-03-25T14:17:56.942-0400] {dag.py:2693} INFO - Sync 2 DAGs
[2023-03-25T14:17:56.950-0400] {logging_mixin.py:137} INFO - [2023-03-25T14:17:56.950-0400] {dag.py:3440} INFO - Setting next_dagrun for example_xcom_args to None, run_after=None
[2023-03-25T14:17:56.951-0400] {logging_mixin.py:137} INFO - [2023-03-25T14:17:56.951-0400] {dag.py:3440} INFO - Setting next_dagrun for example_xcom_args_with_operators to None, run_after=None
[2023-03-25T14:17:56.958-0400] {processor.py:175} INFO - Processing /Users/sunanda/Downloads/airflow/py_env/lib/python3.9/site-packages/airflow/example_dags/example_xcomargs.py took 0.279 seconds
[2023-03-25T14:18:41.527-0400] {processor.py:153} INFO - Started process (PID=8997) to work on /Users/sunanda/Downloads/airflow/py_env/lib/python3.9/site-packages/airflow/example_dags/example_xcomargs.py
[2023-03-25T14:18:41.529-0400] {processor.py:743} INFO - Processing file /Users/sunanda/Downloads/airflow/py_env/lib/python3.9/site-packages/airflow/example_dags/example_xcomargs.py for tasks to queue
[2023-03-25T14:18:41.529-0400] {logging_mixin.py:137} INFO - [2023-03-25T14:18:41.529-0400] {dagbag.py:532} INFO - Filling up the DagBag from /Users/sunanda/Downloads/airflow/py_env/lib/python3.9/site-packages/airflow/example_dags/example_xcomargs.py
[2023-03-25T14:18:41.548-0400] {processor.py:753} INFO - DAG(s) dict_keys(['example_xcom_args_with_operators', 'example_xcom_args']) retrieved from /Users/sunanda/Downloads/airflow/py_env/lib/python3.9/site-packages/airflow/example_dags/example_xcomargs.py
[2023-03-25T14:18:41.760-0400] {logging_mixin.py:137} INFO - [2023-03-25T14:18:41.760-0400] {dag.py:2693} INFO - Sync 2 DAGs
[2023-03-25T14:18:41.767-0400] {logging_mixin.py:137} INFO - [2023-03-25T14:18:41.767-0400] {dag.py:3440} INFO - Setting next_dagrun for example_xcom_args to None, run_after=None
[2023-03-25T14:18:41.768-0400] {logging_mixin.py:137} INFO - [2023-03-25T14:18:41.768-0400] {dag.py:3440} INFO - Setting next_dagrun for example_xcom_args_with_operators to None, run_after=None
[2023-03-25T14:18:41.775-0400] {processor.py:175} INFO - Processing /Users/sunanda/Downloads/airflow/py_env/lib/python3.9/site-packages/airflow/example_dags/example_xcomargs.py took 0.249 seconds
[2023-03-25T14:43:02.135-0400] {processor.py:153} INFO - Started process (PID=10719) to work on /Users/sunanda/Downloads/airflow/py_env/lib/python3.9/site-packages/airflow/example_dags/example_xcomargs.py
[2023-03-25T14:43:02.138-0400] {processor.py:743} INFO - Processing file /Users/sunanda/Downloads/airflow/py_env/lib/python3.9/site-packages/airflow/example_dags/example_xcomargs.py for tasks to queue
[2023-03-25T14:43:02.138-0400] {logging_mixin.py:137} INFO - [2023-03-25T14:43:02.138-0400] {dagbag.py:532} INFO - Filling up the DagBag from /Users/sunanda/Downloads/airflow/py_env/lib/python3.9/site-packages/airflow/example_dags/example_xcomargs.py
[2023-03-25T14:43:02.159-0400] {processor.py:753} INFO - DAG(s) dict_keys(['example_xcom_args', 'example_xcom_args_with_operators']) retrieved from /Users/sunanda/Downloads/airflow/py_env/lib/python3.9/site-packages/airflow/example_dags/example_xcomargs.py
[2023-03-25T14:43:02.372-0400] {logging_mixin.py:137} INFO - [2023-03-25T14:43:02.372-0400] {dag.py:2693} INFO - Sync 2 DAGs
[2023-03-25T14:43:02.378-0400] {logging_mixin.py:137} INFO - [2023-03-25T14:43:02.378-0400] {dag.py:3440} INFO - Setting next_dagrun for example_xcom_args to None, run_after=None
[2023-03-25T14:43:02.380-0400] {logging_mixin.py:137} INFO - [2023-03-25T14:43:02.380-0400] {dag.py:3440} INFO - Setting next_dagrun for example_xcom_args_with_operators to None, run_after=None
[2023-03-25T14:43:02.386-0400] {processor.py:175} INFO - Processing /Users/sunanda/Downloads/airflow/py_env/lib/python3.9/site-packages/airflow/example_dags/example_xcomargs.py took 0.251 seconds
[2023-03-25T14:44:19.098-0400] {processor.py:153} INFO - Started process (PID=10854) to work on /Users/sunanda/Downloads/airflow/py_env/lib/python3.9/site-packages/airflow/example_dags/example_xcomargs.py
[2023-03-25T14:44:19.100-0400] {processor.py:743} INFO - Processing file /Users/sunanda/Downloads/airflow/py_env/lib/python3.9/site-packages/airflow/example_dags/example_xcomargs.py for tasks to queue
[2023-03-25T14:44:19.101-0400] {logging_mixin.py:137} INFO - [2023-03-25T14:44:19.101-0400] {dagbag.py:532} INFO - Filling up the DagBag from /Users/sunanda/Downloads/airflow/py_env/lib/python3.9/site-packages/airflow/example_dags/example_xcomargs.py
[2023-03-25T14:44:19.121-0400] {processor.py:753} INFO - DAG(s) dict_keys(['example_xcom_args', 'example_xcom_args_with_operators']) retrieved from /Users/sunanda/Downloads/airflow/py_env/lib/python3.9/site-packages/airflow/example_dags/example_xcomargs.py
[2023-03-25T14:44:19.340-0400] {logging_mixin.py:137} INFO - [2023-03-25T14:44:19.340-0400] {dag.py:2693} INFO - Sync 2 DAGs
[2023-03-25T14:44:19.347-0400] {logging_mixin.py:137} INFO - [2023-03-25T14:44:19.347-0400] {dag.py:3440} INFO - Setting next_dagrun for example_xcom_args to None, run_after=None
[2023-03-25T14:44:19.348-0400] {logging_mixin.py:137} INFO - [2023-03-25T14:44:19.348-0400] {dag.py:3440} INFO - Setting next_dagrun for example_xcom_args_with_operators to None, run_after=None
[2023-03-25T14:44:19.355-0400] {processor.py:175} INFO - Processing /Users/sunanda/Downloads/airflow/py_env/lib/python3.9/site-packages/airflow/example_dags/example_xcomargs.py took 0.257 seconds
[2023-03-25T14:45:06.272-0400] {processor.py:153} INFO - Started process (PID=10933) to work on /Users/sunanda/Downloads/airflow/py_env/lib/python3.9/site-packages/airflow/example_dags/example_xcomargs.py
[2023-03-25T14:45:06.275-0400] {processor.py:743} INFO - Processing file /Users/sunanda/Downloads/airflow/py_env/lib/python3.9/site-packages/airflow/example_dags/example_xcomargs.py for tasks to queue
[2023-03-25T14:45:06.275-0400] {logging_mixin.py:137} INFO - [2023-03-25T14:45:06.275-0400] {dagbag.py:532} INFO - Filling up the DagBag from /Users/sunanda/Downloads/airflow/py_env/lib/python3.9/site-packages/airflow/example_dags/example_xcomargs.py
[2023-03-25T14:45:06.296-0400] {processor.py:753} INFO - DAG(s) dict_keys(['example_xcom_args_with_operators', 'example_xcom_args']) retrieved from /Users/sunanda/Downloads/airflow/py_env/lib/python3.9/site-packages/airflow/example_dags/example_xcomargs.py
[2023-03-25T14:45:06.518-0400] {logging_mixin.py:137} INFO - [2023-03-25T14:45:06.517-0400] {dag.py:2693} INFO - Sync 2 DAGs
[2023-03-25T14:45:06.525-0400] {logging_mixin.py:137} INFO - [2023-03-25T14:45:06.525-0400] {dag.py:3440} INFO - Setting next_dagrun for example_xcom_args to None, run_after=None
[2023-03-25T14:45:06.526-0400] {logging_mixin.py:137} INFO - [2023-03-25T14:45:06.526-0400] {dag.py:3440} INFO - Setting next_dagrun for example_xcom_args_with_operators to None, run_after=None
[2023-03-25T14:45:06.535-0400] {processor.py:175} INFO - Processing /Users/sunanda/Downloads/airflow/py_env/lib/python3.9/site-packages/airflow/example_dags/example_xcomargs.py took 0.263 seconds
[2023-03-25T14:46:35.846-0400] {processor.py:153} INFO - Started process (PID=11073) to work on /Users/sunanda/Downloads/airflow/py_env/lib/python3.9/site-packages/airflow/example_dags/example_xcomargs.py
[2023-03-25T14:46:35.849-0400] {processor.py:743} INFO - Processing file /Users/sunanda/Downloads/airflow/py_env/lib/python3.9/site-packages/airflow/example_dags/example_xcomargs.py for tasks to queue
[2023-03-25T14:46:35.849-0400] {logging_mixin.py:137} INFO - [2023-03-25T14:46:35.849-0400] {dagbag.py:532} INFO - Filling up the DagBag from /Users/sunanda/Downloads/airflow/py_env/lib/python3.9/site-packages/airflow/example_dags/example_xcomargs.py
[2023-03-25T14:46:35.871-0400] {processor.py:753} INFO - DAG(s) dict_keys(['example_xcom_args', 'example_xcom_args_with_operators']) retrieved from /Users/sunanda/Downloads/airflow/py_env/lib/python3.9/site-packages/airflow/example_dags/example_xcomargs.py
[2023-03-25T14:46:36.094-0400] {logging_mixin.py:137} INFO - [2023-03-25T14:46:36.094-0400] {dag.py:2693} INFO - Sync 2 DAGs
[2023-03-25T14:46:36.100-0400] {logging_mixin.py:137} INFO - [2023-03-25T14:46:36.100-0400] {dag.py:3440} INFO - Setting next_dagrun for example_xcom_args to None, run_after=None
[2023-03-25T14:46:36.102-0400] {logging_mixin.py:137} INFO - [2023-03-25T14:46:36.102-0400] {dag.py:3440} INFO - Setting next_dagrun for example_xcom_args_with_operators to None, run_after=None
[2023-03-25T14:46:36.109-0400] {processor.py:175} INFO - Processing /Users/sunanda/Downloads/airflow/py_env/lib/python3.9/site-packages/airflow/example_dags/example_xcomargs.py took 0.263 seconds
[2023-03-25T14:48:04.746-0400] {processor.py:153} INFO - Started process (PID=11212) to work on /Users/sunanda/Downloads/airflow/py_env/lib/python3.9/site-packages/airflow/example_dags/example_xcomargs.py
[2023-03-25T14:48:04.750-0400] {processor.py:743} INFO - Processing file /Users/sunanda/Downloads/airflow/py_env/lib/python3.9/site-packages/airflow/example_dags/example_xcomargs.py for tasks to queue
[2023-03-25T14:48:04.750-0400] {logging_mixin.py:137} INFO - [2023-03-25T14:48:04.750-0400] {dagbag.py:532} INFO - Filling up the DagBag from /Users/sunanda/Downloads/airflow/py_env/lib/python3.9/site-packages/airflow/example_dags/example_xcomargs.py
[2023-03-25T14:48:04.770-0400] {processor.py:753} INFO - DAG(s) dict_keys(['example_xcom_args_with_operators', 'example_xcom_args']) retrieved from /Users/sunanda/Downloads/airflow/py_env/lib/python3.9/site-packages/airflow/example_dags/example_xcomargs.py
[2023-03-25T14:48:04.989-0400] {logging_mixin.py:137} INFO - [2023-03-25T14:48:04.989-0400] {dag.py:2693} INFO - Sync 2 DAGs
[2023-03-25T14:48:04.995-0400] {logging_mixin.py:137} INFO - [2023-03-25T14:48:04.995-0400] {dag.py:3440} INFO - Setting next_dagrun for example_xcom_args to None, run_after=None
[2023-03-25T14:48:04.997-0400] {logging_mixin.py:137} INFO - [2023-03-25T14:48:04.997-0400] {dag.py:3440} INFO - Setting next_dagrun for example_xcom_args_with_operators to None, run_after=None
[2023-03-25T14:48:05.006-0400] {processor.py:175} INFO - Processing /Users/sunanda/Downloads/airflow/py_env/lib/python3.9/site-packages/airflow/example_dags/example_xcomargs.py took 0.260 seconds
[2023-03-25T16:12:34.042-0400] {processor.py:153} INFO - Started process (PID=17939) to work on /Users/sunanda/Downloads/airflow/py_env/lib/python3.9/site-packages/airflow/example_dags/example_xcomargs.py
[2023-03-25T16:12:34.046-0400] {processor.py:743} INFO - Processing file /Users/sunanda/Downloads/airflow/py_env/lib/python3.9/site-packages/airflow/example_dags/example_xcomargs.py for tasks to queue
[2023-03-25T16:12:34.046-0400] {logging_mixin.py:137} INFO - [2023-03-25T16:12:34.046-0400] {dagbag.py:532} INFO - Filling up the DagBag from /Users/sunanda/Downloads/airflow/py_env/lib/python3.9/site-packages/airflow/example_dags/example_xcomargs.py
[2023-03-25T16:12:34.068-0400] {processor.py:753} INFO - DAG(s) dict_keys(['example_xcom_args_with_operators', 'example_xcom_args']) retrieved from /Users/sunanda/Downloads/airflow/py_env/lib/python3.9/site-packages/airflow/example_dags/example_xcomargs.py
[2023-03-25T16:12:34.287-0400] {logging_mixin.py:137} INFO - [2023-03-25T16:12:34.287-0400] {dag.py:2693} INFO - Sync 2 DAGs
[2023-03-25T16:12:34.294-0400] {logging_mixin.py:137} INFO - [2023-03-25T16:12:34.294-0400] {dag.py:3440} INFO - Setting next_dagrun for example_xcom_args to None, run_after=None
[2023-03-25T16:12:34.295-0400] {logging_mixin.py:137} INFO - [2023-03-25T16:12:34.295-0400] {dag.py:3440} INFO - Setting next_dagrun for example_xcom_args_with_operators to None, run_after=None
[2023-03-25T16:12:34.302-0400] {processor.py:175} INFO - Processing /Users/sunanda/Downloads/airflow/py_env/lib/python3.9/site-packages/airflow/example_dags/example_xcomargs.py took 0.260 seconds
