[2023-03-25T14:10:12.614-0400] {processor.py:153} INFO - Started process (PID=8150) to work on /Users/sunanda/Downloads/airflow/py_env/lib/python3.9/site-packages/airflow/example_dags/example_branch_operator.py
[2023-03-25T14:10:12.616-0400] {processor.py:743} INFO - Processing file /Users/sunanda/Downloads/airflow/py_env/lib/python3.9/site-packages/airflow/example_dags/example_branch_operator.py for tasks to queue
[2023-03-25T14:10:12.616-0400] {logging_mixin.py:137} INFO - [2023-03-25T14:10:12.616-0400] {dagbag.py:532} INFO - Filling up the DagBag from /Users/sunanda/Downloads/airflow/py_env/lib/python3.9/site-packages/airflow/example_dags/example_branch_operator.py
[2023-03-25T14:10:12.633-0400] {processor.py:753} INFO - DAG(s) dict_keys(['example_branch_operator']) retrieved from /Users/sunanda/Downloads/airflow/py_env/lib/python3.9/site-packages/airflow/example_dags/example_branch_operator.py
[2023-03-25T14:10:12.856-0400] {logging_mixin.py:137} INFO - [2023-03-25T14:10:12.856-0400] {dag.py:2693} INFO - Sync 1 DAGs
[2023-03-25T14:10:12.863-0400] {logging_mixin.py:137} INFO - [2023-03-25T14:10:12.863-0400] {dag.py:3440} INFO - Setting next_dagrun for example_branch_operator to 2023-03-24T00:00:00+00:00, run_after=2023-03-25T00:00:00+00:00
[2023-03-25T14:10:12.871-0400] {processor.py:175} INFO - Processing /Users/sunanda/Downloads/airflow/py_env/lib/python3.9/site-packages/airflow/example_dags/example_branch_operator.py took 0.257 seconds
[2023-03-25T14:11:35.109-0400] {processor.py:153} INFO - Started process (PID=8292) to work on /Users/sunanda/Downloads/airflow/py_env/lib/python3.9/site-packages/airflow/example_dags/example_branch_operator.py
[2023-03-25T14:11:35.111-0400] {processor.py:743} INFO - Processing file /Users/sunanda/Downloads/airflow/py_env/lib/python3.9/site-packages/airflow/example_dags/example_branch_operator.py for tasks to queue
[2023-03-25T14:11:35.111-0400] {logging_mixin.py:137} INFO - [2023-03-25T14:11:35.111-0400] {dagbag.py:532} INFO - Filling up the DagBag from /Users/sunanda/Downloads/airflow/py_env/lib/python3.9/site-packages/airflow/example_dags/example_branch_operator.py
[2023-03-25T14:11:35.127-0400] {processor.py:753} INFO - DAG(s) dict_keys(['example_branch_operator']) retrieved from /Users/sunanda/Downloads/airflow/py_env/lib/python3.9/site-packages/airflow/example_dags/example_branch_operator.py
[2023-03-25T14:11:35.331-0400] {logging_mixin.py:137} INFO - [2023-03-25T14:11:35.330-0400] {dag.py:2693} INFO - Sync 1 DAGs
[2023-03-25T14:11:35.337-0400] {logging_mixin.py:137} INFO - [2023-03-25T14:11:35.337-0400] {dag.py:3440} INFO - Setting next_dagrun for example_branch_operator to 2023-03-24T00:00:00+00:00, run_after=2023-03-25T00:00:00+00:00
[2023-03-25T14:11:35.344-0400] {processor.py:175} INFO - Processing /Users/sunanda/Downloads/airflow/py_env/lib/python3.9/site-packages/airflow/example_dags/example_branch_operator.py took 0.235 seconds
[2023-03-25T14:13:04.973-0400] {processor.py:153} INFO - Started process (PID=8449) to work on /Users/sunanda/Downloads/airflow/py_env/lib/python3.9/site-packages/airflow/example_dags/example_branch_operator.py
[2023-03-25T14:13:04.976-0400] {processor.py:743} INFO - Processing file /Users/sunanda/Downloads/airflow/py_env/lib/python3.9/site-packages/airflow/example_dags/example_branch_operator.py for tasks to queue
[2023-03-25T14:13:04.977-0400] {logging_mixin.py:137} INFO - [2023-03-25T14:13:04.977-0400] {dagbag.py:532} INFO - Filling up the DagBag from /Users/sunanda/Downloads/airflow/py_env/lib/python3.9/site-packages/airflow/example_dags/example_branch_operator.py
[2023-03-25T14:13:04.992-0400] {processor.py:753} INFO - DAG(s) dict_keys(['example_branch_operator']) retrieved from /Users/sunanda/Downloads/airflow/py_env/lib/python3.9/site-packages/airflow/example_dags/example_branch_operator.py
[2023-03-25T14:13:05.197-0400] {logging_mixin.py:137} INFO - [2023-03-25T14:13:05.197-0400] {dag.py:2693} INFO - Sync 1 DAGs
[2023-03-25T14:13:05.204-0400] {logging_mixin.py:137} INFO - [2023-03-25T14:13:05.204-0400] {dag.py:3440} INFO - Setting next_dagrun for example_branch_operator to 2023-03-24T00:00:00+00:00, run_after=2023-03-25T00:00:00+00:00
[2023-03-25T14:13:05.211-0400] {processor.py:175} INFO - Processing /Users/sunanda/Downloads/airflow/py_env/lib/python3.9/site-packages/airflow/example_dags/example_branch_operator.py took 0.238 seconds
[2023-03-25T14:14:29.517-0400] {processor.py:153} INFO - Started process (PID=8582) to work on /Users/sunanda/Downloads/airflow/py_env/lib/python3.9/site-packages/airflow/example_dags/example_branch_operator.py
[2023-03-25T14:14:29.519-0400] {processor.py:743} INFO - Processing file /Users/sunanda/Downloads/airflow/py_env/lib/python3.9/site-packages/airflow/example_dags/example_branch_operator.py for tasks to queue
[2023-03-25T14:14:29.519-0400] {logging_mixin.py:137} INFO - [2023-03-25T14:14:29.519-0400] {dagbag.py:532} INFO - Filling up the DagBag from /Users/sunanda/Downloads/airflow/py_env/lib/python3.9/site-packages/airflow/example_dags/example_branch_operator.py
[2023-03-25T14:14:29.535-0400] {processor.py:753} INFO - DAG(s) dict_keys(['example_branch_operator']) retrieved from /Users/sunanda/Downloads/airflow/py_env/lib/python3.9/site-packages/airflow/example_dags/example_branch_operator.py
[2023-03-25T14:14:29.740-0400] {logging_mixin.py:137} INFO - [2023-03-25T14:14:29.740-0400] {dag.py:2693} INFO - Sync 1 DAGs
[2023-03-25T14:14:29.747-0400] {logging_mixin.py:137} INFO - [2023-03-25T14:14:29.747-0400] {dag.py:3440} INFO - Setting next_dagrun for example_branch_operator to 2023-03-24T00:00:00+00:00, run_after=2023-03-25T00:00:00+00:00
[2023-03-25T14:14:29.754-0400] {processor.py:175} INFO - Processing /Users/sunanda/Downloads/airflow/py_env/lib/python3.9/site-packages/airflow/example_dags/example_branch_operator.py took 0.238 seconds
[2023-03-25T14:15:59.589-0400] {processor.py:153} INFO - Started process (PID=8721) to work on /Users/sunanda/Downloads/airflow/py_env/lib/python3.9/site-packages/airflow/example_dags/example_branch_operator.py
[2023-03-25T14:15:59.592-0400] {processor.py:743} INFO - Processing file /Users/sunanda/Downloads/airflow/py_env/lib/python3.9/site-packages/airflow/example_dags/example_branch_operator.py for tasks to queue
[2023-03-25T14:15:59.592-0400] {logging_mixin.py:137} INFO - [2023-03-25T14:15:59.592-0400] {dagbag.py:532} INFO - Filling up the DagBag from /Users/sunanda/Downloads/airflow/py_env/lib/python3.9/site-packages/airflow/example_dags/example_branch_operator.py
[2023-03-25T14:15:59.608-0400] {processor.py:753} INFO - DAG(s) dict_keys(['example_branch_operator']) retrieved from /Users/sunanda/Downloads/airflow/py_env/lib/python3.9/site-packages/airflow/example_dags/example_branch_operator.py
[2023-03-25T14:15:59.815-0400] {logging_mixin.py:137} INFO - [2023-03-25T14:15:59.815-0400] {dag.py:2693} INFO - Sync 1 DAGs
[2023-03-25T14:15:59.821-0400] {logging_mixin.py:137} INFO - [2023-03-25T14:15:59.821-0400] {dag.py:3440} INFO - Setting next_dagrun for example_branch_operator to 2023-03-24T00:00:00+00:00, run_after=2023-03-25T00:00:00+00:00
[2023-03-25T14:15:59.828-0400] {processor.py:175} INFO - Processing /Users/sunanda/Downloads/airflow/py_env/lib/python3.9/site-packages/airflow/example_dags/example_branch_operator.py took 0.239 seconds
[2023-03-25T14:17:31.127-0400] {processor.py:153} INFO - Started process (PID=8864) to work on /Users/sunanda/Downloads/airflow/py_env/lib/python3.9/site-packages/airflow/example_dags/example_branch_operator.py
[2023-03-25T14:17:31.129-0400] {processor.py:743} INFO - Processing file /Users/sunanda/Downloads/airflow/py_env/lib/python3.9/site-packages/airflow/example_dags/example_branch_operator.py for tasks to queue
[2023-03-25T14:17:31.129-0400] {logging_mixin.py:137} INFO - [2023-03-25T14:17:31.129-0400] {dagbag.py:532} INFO - Filling up the DagBag from /Users/sunanda/Downloads/airflow/py_env/lib/python3.9/site-packages/airflow/example_dags/example_branch_operator.py
[2023-03-25T14:17:31.144-0400] {processor.py:753} INFO - DAG(s) dict_keys(['example_branch_operator']) retrieved from /Users/sunanda/Downloads/airflow/py_env/lib/python3.9/site-packages/airflow/example_dags/example_branch_operator.py
[2023-03-25T14:17:31.351-0400] {logging_mixin.py:137} INFO - [2023-03-25T14:17:31.351-0400] {dag.py:2693} INFO - Sync 1 DAGs
[2023-03-25T14:17:31.358-0400] {logging_mixin.py:137} INFO - [2023-03-25T14:17:31.358-0400] {dag.py:3440} INFO - Setting next_dagrun for example_branch_operator to 2023-03-24T00:00:00+00:00, run_after=2023-03-25T00:00:00+00:00
[2023-03-25T14:17:31.365-0400] {processor.py:175} INFO - Processing /Users/sunanda/Downloads/airflow/py_env/lib/python3.9/site-packages/airflow/example_dags/example_branch_operator.py took 0.238 seconds
[2023-03-25T14:19:34.745-0400] {processor.py:153} INFO - Started process (PID=9082) to work on /Users/sunanda/Downloads/airflow/py_env/lib/python3.9/site-packages/airflow/example_dags/example_branch_operator.py
[2023-03-25T14:19:34.748-0400] {processor.py:743} INFO - Processing file /Users/sunanda/Downloads/airflow/py_env/lib/python3.9/site-packages/airflow/example_dags/example_branch_operator.py for tasks to queue
[2023-03-25T14:19:34.748-0400] {logging_mixin.py:137} INFO - [2023-03-25T14:19:34.748-0400] {dagbag.py:532} INFO - Filling up the DagBag from /Users/sunanda/Downloads/airflow/py_env/lib/python3.9/site-packages/airflow/example_dags/example_branch_operator.py
[2023-03-25T14:19:34.765-0400] {processor.py:753} INFO - DAG(s) dict_keys(['example_branch_operator']) retrieved from /Users/sunanda/Downloads/airflow/py_env/lib/python3.9/site-packages/airflow/example_dags/example_branch_operator.py
[2023-03-25T14:19:34.989-0400] {logging_mixin.py:137} INFO - [2023-03-25T14:19:34.989-0400] {dag.py:2693} INFO - Sync 1 DAGs
[2023-03-25T14:19:34.997-0400] {logging_mixin.py:137} INFO - [2023-03-25T14:19:34.997-0400] {dag.py:3440} INFO - Setting next_dagrun for example_branch_operator to 2023-03-24T00:00:00+00:00, run_after=2023-03-25T00:00:00+00:00
[2023-03-25T14:19:35.005-0400] {processor.py:175} INFO - Processing /Users/sunanda/Downloads/airflow/py_env/lib/python3.9/site-packages/airflow/example_dags/example_branch_operator.py took 0.261 seconds
[2023-03-25T14:43:54.285-0400] {processor.py:153} INFO - Started process (PID=10805) to work on /Users/sunanda/Downloads/airflow/py_env/lib/python3.9/site-packages/airflow/example_dags/example_branch_operator.py
[2023-03-25T14:43:54.288-0400] {processor.py:743} INFO - Processing file /Users/sunanda/Downloads/airflow/py_env/lib/python3.9/site-packages/airflow/example_dags/example_branch_operator.py for tasks to queue
[2023-03-25T14:43:54.288-0400] {logging_mixin.py:137} INFO - [2023-03-25T14:43:54.288-0400] {dagbag.py:532} INFO - Filling up the DagBag from /Users/sunanda/Downloads/airflow/py_env/lib/python3.9/site-packages/airflow/example_dags/example_branch_operator.py
[2023-03-25T14:43:54.305-0400] {processor.py:753} INFO - DAG(s) dict_keys(['example_branch_operator']) retrieved from /Users/sunanda/Downloads/airflow/py_env/lib/python3.9/site-packages/airflow/example_dags/example_branch_operator.py
[2023-03-25T14:43:54.520-0400] {logging_mixin.py:137} INFO - [2023-03-25T14:43:54.520-0400] {dag.py:2693} INFO - Sync 1 DAGs
[2023-03-25T14:43:54.528-0400] {logging_mixin.py:137} INFO - [2023-03-25T14:43:54.528-0400] {dag.py:3440} INFO - Setting next_dagrun for example_branch_operator to 2023-03-24T00:00:00+00:00, run_after=2023-03-25T00:00:00+00:00
[2023-03-25T14:43:54.535-0400] {processor.py:175} INFO - Processing /Users/sunanda/Downloads/airflow/py_env/lib/python3.9/site-packages/airflow/example_dags/example_branch_operator.py took 0.251 seconds
[2023-03-25T14:45:26.176-0400] {processor.py:153} INFO - Started process (PID=10964) to work on /Users/sunanda/Downloads/airflow/py_env/lib/python3.9/site-packages/airflow/example_dags/example_branch_operator.py
[2023-03-25T14:45:26.179-0400] {processor.py:743} INFO - Processing file /Users/sunanda/Downloads/airflow/py_env/lib/python3.9/site-packages/airflow/example_dags/example_branch_operator.py for tasks to queue
[2023-03-25T14:45:26.179-0400] {logging_mixin.py:137} INFO - [2023-03-25T14:45:26.179-0400] {dagbag.py:532} INFO - Filling up the DagBag from /Users/sunanda/Downloads/airflow/py_env/lib/python3.9/site-packages/airflow/example_dags/example_branch_operator.py
[2023-03-25T14:45:26.196-0400] {processor.py:753} INFO - DAG(s) dict_keys(['example_branch_operator']) retrieved from /Users/sunanda/Downloads/airflow/py_env/lib/python3.9/site-packages/airflow/example_dags/example_branch_operator.py
[2023-03-25T14:45:26.419-0400] {logging_mixin.py:137} INFO - [2023-03-25T14:45:26.419-0400] {dag.py:2693} INFO - Sync 1 DAGs
[2023-03-25T14:45:26.426-0400] {logging_mixin.py:137} INFO - [2023-03-25T14:45:26.426-0400] {dag.py:3440} INFO - Setting next_dagrun for example_branch_operator to 2023-03-24T00:00:00+00:00, run_after=2023-03-25T00:00:00+00:00
[2023-03-25T14:45:26.434-0400] {processor.py:175} INFO - Processing /Users/sunanda/Downloads/airflow/py_env/lib/python3.9/site-packages/airflow/example_dags/example_branch_operator.py took 0.258 seconds
[2023-03-25T14:46:56.672-0400] {processor.py:153} INFO - Started process (PID=11105) to work on /Users/sunanda/Downloads/airflow/py_env/lib/python3.9/site-packages/airflow/example_dags/example_branch_operator.py
[2023-03-25T14:46:56.675-0400] {processor.py:743} INFO - Processing file /Users/sunanda/Downloads/airflow/py_env/lib/python3.9/site-packages/airflow/example_dags/example_branch_operator.py for tasks to queue
[2023-03-25T14:46:56.675-0400] {logging_mixin.py:137} INFO - [2023-03-25T14:46:56.675-0400] {dagbag.py:532} INFO - Filling up the DagBag from /Users/sunanda/Downloads/airflow/py_env/lib/python3.9/site-packages/airflow/example_dags/example_branch_operator.py
[2023-03-25T14:46:56.692-0400] {processor.py:753} INFO - DAG(s) dict_keys(['example_branch_operator']) retrieved from /Users/sunanda/Downloads/airflow/py_env/lib/python3.9/site-packages/airflow/example_dags/example_branch_operator.py
[2023-03-25T14:46:56.910-0400] {logging_mixin.py:137} INFO - [2023-03-25T14:46:56.910-0400] {dag.py:2693} INFO - Sync 1 DAGs
[2023-03-25T14:46:56.917-0400] {logging_mixin.py:137} INFO - [2023-03-25T14:46:56.917-0400] {dag.py:3440} INFO - Setting next_dagrun for example_branch_operator to 2023-03-24T00:00:00+00:00, run_after=2023-03-25T00:00:00+00:00
[2023-03-25T14:46:56.925-0400] {processor.py:175} INFO - Processing /Users/sunanda/Downloads/airflow/py_env/lib/python3.9/site-packages/airflow/example_dags/example_branch_operator.py took 0.253 seconds
