[2023-03-25T14:09:32.516-0400] {processor.py:153} INFO - Started process (PID=8086) to work on /Users/sunanda/Downloads/airflow/py_env/lib/python3.9/site-packages/airflow/example_dags/example_subdag_operator.py
[2023-03-25T14:09:32.518-0400] {processor.py:743} INFO - Processing file /Users/sunanda/Downloads/airflow/py_env/lib/python3.9/site-packages/airflow/example_dags/example_subdag_operator.py for tasks to queue
[2023-03-25T14:09:32.519-0400] {logging_mixin.py:137} INFO - [2023-03-25T14:09:32.519-0400] {dagbag.py:532} INFO - Filling up the DagBag from /Users/sunanda/Downloads/airflow/py_env/lib/python3.9/site-packages/airflow/example_dags/example_subdag_operator.py
[2023-03-25T14:09:32.743-0400] {processor.py:753} INFO - DAG(s) dict_keys(['example_subdag_operator.section-1', 'example_subdag_operator.section-2', 'example_subdag_operator']) retrieved from /Users/sunanda/Downloads/airflow/py_env/lib/python3.9/site-packages/airflow/example_dags/example_subdag_operator.py
[2023-03-25T14:09:32.780-0400] {logging_mixin.py:137} INFO - [2023-03-25T14:09:32.780-0400] {dag.py:2693} INFO - Sync 3 DAGs
[2023-03-25T14:09:32.787-0400] {logging_mixin.py:137} INFO - [2023-03-25T14:09:32.787-0400] {dag.py:3440} INFO - Setting next_dagrun for example_subdag_operator to 2022-01-01T00:00:00+00:00, run_after=2022-01-01T00:00:00+00:00
[2023-03-25T14:09:32.788-0400] {logging_mixin.py:137} INFO - [2023-03-25T14:09:32.788-0400] {dag.py:3440} INFO - Setting next_dagrun for example_subdag_operator.section-1 to None, run_after=None
[2023-03-25T14:09:32.788-0400] {logging_mixin.py:137} INFO - [2023-03-25T14:09:32.788-0400] {dag.py:3440} INFO - Setting next_dagrun for example_subdag_operator.section-2 to None, run_after=None
[2023-03-25T14:09:32.791-0400] {logging_mixin.py:137} INFO - [2023-03-25T14:09:32.791-0400] {dag.py:2693} INFO - Sync 2 DAGs
[2023-03-25T14:09:32.793-0400] {logging_mixin.py:137} INFO - [2023-03-25T14:09:32.793-0400] {dag.py:3440} INFO - Setting next_dagrun for example_subdag_operator.section-1 to None, run_after=None
[2023-03-25T14:09:32.793-0400] {logging_mixin.py:137} INFO - [2023-03-25T14:09:32.793-0400] {dag.py:3440} INFO - Setting next_dagrun for example_subdag_operator.section-2 to None, run_after=None
[2023-03-25T14:09:32.798-0400] {processor.py:175} INFO - Processing /Users/sunanda/Downloads/airflow/py_env/lib/python3.9/site-packages/airflow/example_dags/example_subdag_operator.py took 0.282 seconds
[2023-03-25T14:10:57.655-0400] {processor.py:153} INFO - Started process (PID=8231) to work on /Users/sunanda/Downloads/airflow/py_env/lib/python3.9/site-packages/airflow/example_dags/example_subdag_operator.py
[2023-03-25T14:10:57.658-0400] {processor.py:743} INFO - Processing file /Users/sunanda/Downloads/airflow/py_env/lib/python3.9/site-packages/airflow/example_dags/example_subdag_operator.py for tasks to queue
[2023-03-25T14:10:57.658-0400] {logging_mixin.py:137} INFO - [2023-03-25T14:10:57.658-0400] {dagbag.py:532} INFO - Filling up the DagBag from /Users/sunanda/Downloads/airflow/py_env/lib/python3.9/site-packages/airflow/example_dags/example_subdag_operator.py
[2023-03-25T14:10:57.874-0400] {processor.py:753} INFO - DAG(s) dict_keys(['example_subdag_operator.section-1', 'example_subdag_operator.section-2', 'example_subdag_operator']) retrieved from /Users/sunanda/Downloads/airflow/py_env/lib/python3.9/site-packages/airflow/example_dags/example_subdag_operator.py
[2023-03-25T14:10:57.909-0400] {logging_mixin.py:137} INFO - [2023-03-25T14:10:57.909-0400] {dag.py:2693} INFO - Sync 3 DAGs
[2023-03-25T14:10:57.915-0400] {logging_mixin.py:137} INFO - [2023-03-25T14:10:57.915-0400] {dag.py:3440} INFO - Setting next_dagrun for example_subdag_operator to 2022-01-01T00:00:00+00:00, run_after=2022-01-01T00:00:00+00:00
[2023-03-25T14:10:57.916-0400] {logging_mixin.py:137} INFO - [2023-03-25T14:10:57.916-0400] {dag.py:3440} INFO - Setting next_dagrun for example_subdag_operator.section-1 to None, run_after=None
[2023-03-25T14:10:57.916-0400] {logging_mixin.py:137} INFO - [2023-03-25T14:10:57.916-0400] {dag.py:3440} INFO - Setting next_dagrun for example_subdag_operator.section-2 to None, run_after=None
[2023-03-25T14:10:57.919-0400] {logging_mixin.py:137} INFO - [2023-03-25T14:10:57.919-0400] {dag.py:2693} INFO - Sync 2 DAGs
[2023-03-25T14:10:57.920-0400] {logging_mixin.py:137} INFO - [2023-03-25T14:10:57.920-0400] {dag.py:3440} INFO - Setting next_dagrun for example_subdag_operator.section-1 to None, run_after=None
[2023-03-25T14:10:57.920-0400] {logging_mixin.py:137} INFO - [2023-03-25T14:10:57.920-0400] {dag.py:3440} INFO - Setting next_dagrun for example_subdag_operator.section-2 to None, run_after=None
[2023-03-25T14:10:57.925-0400] {processor.py:175} INFO - Processing /Users/sunanda/Downloads/airflow/py_env/lib/python3.9/site-packages/airflow/example_dags/example_subdag_operator.py took 0.270 seconds
[2023-03-25T14:12:12.888-0400] {processor.py:153} INFO - Started process (PID=8370) to work on /Users/sunanda/Downloads/airflow/py_env/lib/python3.9/site-packages/airflow/example_dags/example_subdag_operator.py
[2023-03-25T14:12:12.890-0400] {processor.py:743} INFO - Processing file /Users/sunanda/Downloads/airflow/py_env/lib/python3.9/site-packages/airflow/example_dags/example_subdag_operator.py for tasks to queue
[2023-03-25T14:12:12.890-0400] {logging_mixin.py:137} INFO - [2023-03-25T14:12:12.890-0400] {dagbag.py:532} INFO - Filling up the DagBag from /Users/sunanda/Downloads/airflow/py_env/lib/python3.9/site-packages/airflow/example_dags/example_subdag_operator.py
[2023-03-25T14:12:13.110-0400] {processor.py:753} INFO - DAG(s) dict_keys(['example_subdag_operator.section-1', 'example_subdag_operator.section-2', 'example_subdag_operator']) retrieved from /Users/sunanda/Downloads/airflow/py_env/lib/python3.9/site-packages/airflow/example_dags/example_subdag_operator.py
[2023-03-25T14:12:13.148-0400] {logging_mixin.py:137} INFO - [2023-03-25T14:12:13.148-0400] {dag.py:2693} INFO - Sync 3 DAGs
[2023-03-25T14:12:13.156-0400] {logging_mixin.py:137} INFO - [2023-03-25T14:12:13.156-0400] {dag.py:3440} INFO - Setting next_dagrun for example_subdag_operator to 2022-01-01T00:00:00+00:00, run_after=2022-01-01T00:00:00+00:00
[2023-03-25T14:12:13.157-0400] {logging_mixin.py:137} INFO - [2023-03-25T14:12:13.157-0400] {dag.py:3440} INFO - Setting next_dagrun for example_subdag_operator.section-1 to None, run_after=None
[2023-03-25T14:12:13.157-0400] {logging_mixin.py:137} INFO - [2023-03-25T14:12:13.157-0400] {dag.py:3440} INFO - Setting next_dagrun for example_subdag_operator.section-2 to None, run_after=None
[2023-03-25T14:12:13.161-0400] {logging_mixin.py:137} INFO - [2023-03-25T14:12:13.161-0400] {dag.py:2693} INFO - Sync 2 DAGs
[2023-03-25T14:12:13.163-0400] {logging_mixin.py:137} INFO - [2023-03-25T14:12:13.162-0400] {dag.py:3440} INFO - Setting next_dagrun for example_subdag_operator.section-1 to None, run_after=None
[2023-03-25T14:12:13.163-0400] {logging_mixin.py:137} INFO - [2023-03-25T14:12:13.163-0400] {dag.py:3440} INFO - Setting next_dagrun for example_subdag_operator.section-2 to None, run_after=None
[2023-03-25T14:12:13.168-0400] {processor.py:175} INFO - Processing /Users/sunanda/Downloads/airflow/py_env/lib/python3.9/site-packages/airflow/example_dags/example_subdag_operator.py took 0.281 seconds
[2023-03-25T14:13:40.202-0400] {processor.py:153} INFO - Started process (PID=8504) to work on /Users/sunanda/Downloads/airflow/py_env/lib/python3.9/site-packages/airflow/example_dags/example_subdag_operator.py
[2023-03-25T14:13:40.205-0400] {processor.py:743} INFO - Processing file /Users/sunanda/Downloads/airflow/py_env/lib/python3.9/site-packages/airflow/example_dags/example_subdag_operator.py for tasks to queue
[2023-03-25T14:13:40.205-0400] {logging_mixin.py:137} INFO - [2023-03-25T14:13:40.205-0400] {dagbag.py:532} INFO - Filling up the DagBag from /Users/sunanda/Downloads/airflow/py_env/lib/python3.9/site-packages/airflow/example_dags/example_subdag_operator.py
[2023-03-25T14:13:40.430-0400] {processor.py:753} INFO - DAG(s) dict_keys(['example_subdag_operator.section-1', 'example_subdag_operator.section-2', 'example_subdag_operator']) retrieved from /Users/sunanda/Downloads/airflow/py_env/lib/python3.9/site-packages/airflow/example_dags/example_subdag_operator.py
[2023-03-25T14:13:40.465-0400] {logging_mixin.py:137} INFO - [2023-03-25T14:13:40.465-0400] {dag.py:2693} INFO - Sync 3 DAGs
[2023-03-25T14:13:40.472-0400] {logging_mixin.py:137} INFO - [2023-03-25T14:13:40.472-0400] {dag.py:3440} INFO - Setting next_dagrun for example_subdag_operator to 2022-01-01T00:00:00+00:00, run_after=2022-01-01T00:00:00+00:00
[2023-03-25T14:13:40.473-0400] {logging_mixin.py:137} INFO - [2023-03-25T14:13:40.473-0400] {dag.py:3440} INFO - Setting next_dagrun for example_subdag_operator.section-1 to None, run_after=None
[2023-03-25T14:13:40.473-0400] {logging_mixin.py:137} INFO - [2023-03-25T14:13:40.473-0400] {dag.py:3440} INFO - Setting next_dagrun for example_subdag_operator.section-2 to None, run_after=None
[2023-03-25T14:13:40.475-0400] {logging_mixin.py:137} INFO - [2023-03-25T14:13:40.475-0400] {dag.py:2693} INFO - Sync 2 DAGs
[2023-03-25T14:13:40.477-0400] {logging_mixin.py:137} INFO - [2023-03-25T14:13:40.477-0400] {dag.py:3440} INFO - Setting next_dagrun for example_subdag_operator.section-1 to None, run_after=None
[2023-03-25T14:13:40.477-0400] {logging_mixin.py:137} INFO - [2023-03-25T14:13:40.477-0400] {dag.py:3440} INFO - Setting next_dagrun for example_subdag_operator.section-2 to None, run_after=None
[2023-03-25T14:13:40.482-0400] {processor.py:175} INFO - Processing /Users/sunanda/Downloads/airflow/py_env/lib/python3.9/site-packages/airflow/example_dags/example_subdag_operator.py took 0.280 seconds
[2023-03-25T14:15:04.073-0400] {processor.py:153} INFO - Started process (PID=8637) to work on /Users/sunanda/Downloads/airflow/py_env/lib/python3.9/site-packages/airflow/example_dags/example_subdag_operator.py
[2023-03-25T14:15:04.076-0400] {processor.py:743} INFO - Processing file /Users/sunanda/Downloads/airflow/py_env/lib/python3.9/site-packages/airflow/example_dags/example_subdag_operator.py for tasks to queue
[2023-03-25T14:15:04.077-0400] {logging_mixin.py:137} INFO - [2023-03-25T14:15:04.077-0400] {dagbag.py:532} INFO - Filling up the DagBag from /Users/sunanda/Downloads/airflow/py_env/lib/python3.9/site-packages/airflow/example_dags/example_subdag_operator.py
[2023-03-25T14:15:04.303-0400] {processor.py:753} INFO - DAG(s) dict_keys(['example_subdag_operator.section-1', 'example_subdag_operator.section-2', 'example_subdag_operator']) retrieved from /Users/sunanda/Downloads/airflow/py_env/lib/python3.9/site-packages/airflow/example_dags/example_subdag_operator.py
[2023-03-25T14:15:04.338-0400] {logging_mixin.py:137} INFO - [2023-03-25T14:15:04.338-0400] {dag.py:2693} INFO - Sync 3 DAGs
[2023-03-25T14:15:04.344-0400] {logging_mixin.py:137} INFO - [2023-03-25T14:15:04.344-0400] {dag.py:3440} INFO - Setting next_dagrun for example_subdag_operator to 2022-01-01T00:00:00+00:00, run_after=2022-01-01T00:00:00+00:00
[2023-03-25T14:15:04.345-0400] {logging_mixin.py:137} INFO - [2023-03-25T14:15:04.345-0400] {dag.py:3440} INFO - Setting next_dagrun for example_subdag_operator.section-1 to None, run_after=None
[2023-03-25T14:15:04.346-0400] {logging_mixin.py:137} INFO - [2023-03-25T14:15:04.346-0400] {dag.py:3440} INFO - Setting next_dagrun for example_subdag_operator.section-2 to None, run_after=None
[2023-03-25T14:15:04.348-0400] {logging_mixin.py:137} INFO - [2023-03-25T14:15:04.348-0400] {dag.py:2693} INFO - Sync 2 DAGs
[2023-03-25T14:15:04.349-0400] {logging_mixin.py:137} INFO - [2023-03-25T14:15:04.349-0400] {dag.py:3440} INFO - Setting next_dagrun for example_subdag_operator.section-1 to None, run_after=None
[2023-03-25T14:15:04.350-0400] {logging_mixin.py:137} INFO - [2023-03-25T14:15:04.350-0400] {dag.py:3440} INFO - Setting next_dagrun for example_subdag_operator.section-2 to None, run_after=None
[2023-03-25T14:15:04.354-0400] {processor.py:175} INFO - Processing /Users/sunanda/Downloads/airflow/py_env/lib/python3.9/site-packages/airflow/example_dags/example_subdag_operator.py took 0.281 seconds
[2023-03-25T14:16:35.551-0400] {processor.py:153} INFO - Started process (PID=8776) to work on /Users/sunanda/Downloads/airflow/py_env/lib/python3.9/site-packages/airflow/example_dags/example_subdag_operator.py
[2023-03-25T14:16:35.554-0400] {processor.py:743} INFO - Processing file /Users/sunanda/Downloads/airflow/py_env/lib/python3.9/site-packages/airflow/example_dags/example_subdag_operator.py for tasks to queue
[2023-03-25T14:16:35.555-0400] {logging_mixin.py:137} INFO - [2023-03-25T14:16:35.554-0400] {dagbag.py:532} INFO - Filling up the DagBag from /Users/sunanda/Downloads/airflow/py_env/lib/python3.9/site-packages/airflow/example_dags/example_subdag_operator.py
[2023-03-25T14:16:35.778-0400] {processor.py:753} INFO - DAG(s) dict_keys(['example_subdag_operator.section-1', 'example_subdag_operator.section-2', 'example_subdag_operator']) retrieved from /Users/sunanda/Downloads/airflow/py_env/lib/python3.9/site-packages/airflow/example_dags/example_subdag_operator.py
[2023-03-25T14:16:35.814-0400] {logging_mixin.py:137} INFO - [2023-03-25T14:16:35.814-0400] {dag.py:2693} INFO - Sync 3 DAGs
[2023-03-25T14:16:35.820-0400] {logging_mixin.py:137} INFO - [2023-03-25T14:16:35.820-0400] {dag.py:3440} INFO - Setting next_dagrun for example_subdag_operator to 2022-01-01T00:00:00+00:00, run_after=2022-01-01T00:00:00+00:00
[2023-03-25T14:16:35.821-0400] {logging_mixin.py:137} INFO - [2023-03-25T14:16:35.821-0400] {dag.py:3440} INFO - Setting next_dagrun for example_subdag_operator.section-1 to None, run_after=None
[2023-03-25T14:16:35.821-0400] {logging_mixin.py:137} INFO - [2023-03-25T14:16:35.821-0400] {dag.py:3440} INFO - Setting next_dagrun for example_subdag_operator.section-2 to None, run_after=None
[2023-03-25T14:16:35.824-0400] {logging_mixin.py:137} INFO - [2023-03-25T14:16:35.824-0400] {dag.py:2693} INFO - Sync 2 DAGs
[2023-03-25T14:16:35.825-0400] {logging_mixin.py:137} INFO - [2023-03-25T14:16:35.825-0400] {dag.py:3440} INFO - Setting next_dagrun for example_subdag_operator.section-1 to None, run_after=None
[2023-03-25T14:16:35.825-0400] {logging_mixin.py:137} INFO - [2023-03-25T14:16:35.825-0400] {dag.py:3440} INFO - Setting next_dagrun for example_subdag_operator.section-2 to None, run_after=None
[2023-03-25T14:16:35.830-0400] {processor.py:175} INFO - Processing /Users/sunanda/Downloads/airflow/py_env/lib/python3.9/site-packages/airflow/example_dags/example_subdag_operator.py took 0.279 seconds
[2023-03-25T14:18:08.476-0400] {processor.py:153} INFO - Started process (PID=8943) to work on /Users/sunanda/Downloads/airflow/py_env/lib/python3.9/site-packages/airflow/example_dags/example_subdag_operator.py
[2023-03-25T14:18:08.478-0400] {processor.py:743} INFO - Processing file /Users/sunanda/Downloads/airflow/py_env/lib/python3.9/site-packages/airflow/example_dags/example_subdag_operator.py for tasks to queue
[2023-03-25T14:18:08.479-0400] {logging_mixin.py:137} INFO - [2023-03-25T14:18:08.479-0400] {dagbag.py:532} INFO - Filling up the DagBag from /Users/sunanda/Downloads/airflow/py_env/lib/python3.9/site-packages/airflow/example_dags/example_subdag_operator.py
[2023-03-25T14:18:08.702-0400] {processor.py:753} INFO - DAG(s) dict_keys(['example_subdag_operator.section-1', 'example_subdag_operator.section-2', 'example_subdag_operator']) retrieved from /Users/sunanda/Downloads/airflow/py_env/lib/python3.9/site-packages/airflow/example_dags/example_subdag_operator.py
[2023-03-25T14:18:08.738-0400] {logging_mixin.py:137} INFO - [2023-03-25T14:18:08.738-0400] {dag.py:2693} INFO - Sync 3 DAGs
[2023-03-25T14:18:08.744-0400] {logging_mixin.py:137} INFO - [2023-03-25T14:18:08.744-0400] {dag.py:3440} INFO - Setting next_dagrun for example_subdag_operator to 2022-01-01T00:00:00+00:00, run_after=2022-01-01T00:00:00+00:00
[2023-03-25T14:18:08.745-0400] {logging_mixin.py:137} INFO - [2023-03-25T14:18:08.745-0400] {dag.py:3440} INFO - Setting next_dagrun for example_subdag_operator.section-1 to None, run_after=None
[2023-03-25T14:18:08.745-0400] {logging_mixin.py:137} INFO - [2023-03-25T14:18:08.745-0400] {dag.py:3440} INFO - Setting next_dagrun for example_subdag_operator.section-2 to None, run_after=None
[2023-03-25T14:18:08.748-0400] {logging_mixin.py:137} INFO - [2023-03-25T14:18:08.748-0400] {dag.py:2693} INFO - Sync 2 DAGs
[2023-03-25T14:18:08.749-0400] {logging_mixin.py:137} INFO - [2023-03-25T14:18:08.749-0400] {dag.py:3440} INFO - Setting next_dagrun for example_subdag_operator.section-1 to None, run_after=None
[2023-03-25T14:18:08.749-0400] {logging_mixin.py:137} INFO - [2023-03-25T14:18:08.749-0400] {dag.py:3440} INFO - Setting next_dagrun for example_subdag_operator.section-2 to None, run_after=None
[2023-03-25T14:18:08.754-0400] {processor.py:175} INFO - Processing /Users/sunanda/Downloads/airflow/py_env/lib/python3.9/site-packages/airflow/example_dags/example_subdag_operator.py took 0.279 seconds
[2023-03-25T14:18:54.840-0400] {processor.py:153} INFO - Started process (PID=9017) to work on /Users/sunanda/Downloads/airflow/py_env/lib/python3.9/site-packages/airflow/example_dags/example_subdag_operator.py
[2023-03-25T14:18:54.842-0400] {processor.py:743} INFO - Processing file /Users/sunanda/Downloads/airflow/py_env/lib/python3.9/site-packages/airflow/example_dags/example_subdag_operator.py for tasks to queue
[2023-03-25T14:18:54.842-0400] {logging_mixin.py:137} INFO - [2023-03-25T14:18:54.842-0400] {dagbag.py:532} INFO - Filling up the DagBag from /Users/sunanda/Downloads/airflow/py_env/lib/python3.9/site-packages/airflow/example_dags/example_subdag_operator.py
[2023-03-25T14:18:55.056-0400] {processor.py:753} INFO - DAG(s) dict_keys(['example_subdag_operator.section-1', 'example_subdag_operator.section-2', 'example_subdag_operator']) retrieved from /Users/sunanda/Downloads/airflow/py_env/lib/python3.9/site-packages/airflow/example_dags/example_subdag_operator.py
[2023-03-25T14:18:55.090-0400] {logging_mixin.py:137} INFO - [2023-03-25T14:18:55.090-0400] {dag.py:2693} INFO - Sync 3 DAGs
[2023-03-25T14:18:55.097-0400] {logging_mixin.py:137} INFO - [2023-03-25T14:18:55.097-0400] {dag.py:3440} INFO - Setting next_dagrun for example_subdag_operator to 2022-01-01T00:00:00+00:00, run_after=2022-01-01T00:00:00+00:00
[2023-03-25T14:18:55.098-0400] {logging_mixin.py:137} INFO - [2023-03-25T14:18:55.098-0400] {dag.py:3440} INFO - Setting next_dagrun for example_subdag_operator.section-1 to None, run_after=None
[2023-03-25T14:18:55.098-0400] {logging_mixin.py:137} INFO - [2023-03-25T14:18:55.098-0400] {dag.py:3440} INFO - Setting next_dagrun for example_subdag_operator.section-2 to None, run_after=None
[2023-03-25T14:18:55.100-0400] {logging_mixin.py:137} INFO - [2023-03-25T14:18:55.100-0400] {dag.py:2693} INFO - Sync 2 DAGs
[2023-03-25T14:18:55.102-0400] {logging_mixin.py:137} INFO - [2023-03-25T14:18:55.102-0400] {dag.py:3440} INFO - Setting next_dagrun for example_subdag_operator.section-1 to None, run_after=None
[2023-03-25T14:18:55.102-0400] {logging_mixin.py:137} INFO - [2023-03-25T14:18:55.102-0400] {dag.py:3440} INFO - Setting next_dagrun for example_subdag_operator.section-2 to None, run_after=None
[2023-03-25T14:18:55.107-0400] {processor.py:175} INFO - Processing /Users/sunanda/Downloads/airflow/py_env/lib/python3.9/site-packages/airflow/example_dags/example_subdag_operator.py took 0.267 seconds
[2023-03-25T14:43:15.206-0400] {processor.py:153} INFO - Started process (PID=10738) to work on /Users/sunanda/Downloads/airflow/py_env/lib/python3.9/site-packages/airflow/example_dags/example_subdag_operator.py
[2023-03-25T14:43:15.209-0400] {processor.py:743} INFO - Processing file /Users/sunanda/Downloads/airflow/py_env/lib/python3.9/site-packages/airflow/example_dags/example_subdag_operator.py for tasks to queue
[2023-03-25T14:43:15.209-0400] {logging_mixin.py:137} INFO - [2023-03-25T14:43:15.209-0400] {dagbag.py:532} INFO - Filling up the DagBag from /Users/sunanda/Downloads/airflow/py_env/lib/python3.9/site-packages/airflow/example_dags/example_subdag_operator.py
[2023-03-25T14:43:15.432-0400] {processor.py:753} INFO - DAG(s) dict_keys(['example_subdag_operator.section-1', 'example_subdag_operator.section-2', 'example_subdag_operator']) retrieved from /Users/sunanda/Downloads/airflow/py_env/lib/python3.9/site-packages/airflow/example_dags/example_subdag_operator.py
[2023-03-25T14:43:15.468-0400] {logging_mixin.py:137} INFO - [2023-03-25T14:43:15.468-0400] {dag.py:2693} INFO - Sync 3 DAGs
[2023-03-25T14:43:15.475-0400] {logging_mixin.py:137} INFO - [2023-03-25T14:43:15.475-0400] {dag.py:3440} INFO - Setting next_dagrun for example_subdag_operator to 2022-01-01T00:00:00+00:00, run_after=2022-01-01T00:00:00+00:00
[2023-03-25T14:43:15.476-0400] {logging_mixin.py:137} INFO - [2023-03-25T14:43:15.476-0400] {dag.py:3440} INFO - Setting next_dagrun for example_subdag_operator.section-1 to None, run_after=None
[2023-03-25T14:43:15.477-0400] {logging_mixin.py:137} INFO - [2023-03-25T14:43:15.477-0400] {dag.py:3440} INFO - Setting next_dagrun for example_subdag_operator.section-2 to None, run_after=None
[2023-03-25T14:43:15.479-0400] {logging_mixin.py:137} INFO - [2023-03-25T14:43:15.479-0400] {dag.py:2693} INFO - Sync 2 DAGs
[2023-03-25T14:43:15.481-0400] {logging_mixin.py:137} INFO - [2023-03-25T14:43:15.481-0400] {dag.py:3440} INFO - Setting next_dagrun for example_subdag_operator.section-1 to None, run_after=None
[2023-03-25T14:43:15.481-0400] {logging_mixin.py:137} INFO - [2023-03-25T14:43:15.481-0400] {dag.py:3440} INFO - Setting next_dagrun for example_subdag_operator.section-2 to None, run_after=None
[2023-03-25T14:43:15.486-0400] {processor.py:175} INFO - Processing /Users/sunanda/Downloads/airflow/py_env/lib/python3.9/site-packages/airflow/example_dags/example_subdag_operator.py took 0.281 seconds
[2023-03-25T14:44:31.833-0400] {processor.py:153} INFO - Started process (PID=10876) to work on /Users/sunanda/Downloads/airflow/py_env/lib/python3.9/site-packages/airflow/example_dags/example_subdag_operator.py
[2023-03-25T14:44:31.835-0400] {processor.py:743} INFO - Processing file /Users/sunanda/Downloads/airflow/py_env/lib/python3.9/site-packages/airflow/example_dags/example_subdag_operator.py for tasks to queue
[2023-03-25T14:44:31.835-0400] {logging_mixin.py:137} INFO - [2023-03-25T14:44:31.835-0400] {dagbag.py:532} INFO - Filling up the DagBag from /Users/sunanda/Downloads/airflow/py_env/lib/python3.9/site-packages/airflow/example_dags/example_subdag_operator.py
[2023-03-25T14:44:32.060-0400] {processor.py:753} INFO - DAG(s) dict_keys(['example_subdag_operator.section-1', 'example_subdag_operator.section-2', 'example_subdag_operator']) retrieved from /Users/sunanda/Downloads/airflow/py_env/lib/python3.9/site-packages/airflow/example_dags/example_subdag_operator.py
[2023-03-25T14:44:32.099-0400] {logging_mixin.py:137} INFO - [2023-03-25T14:44:32.099-0400] {dag.py:2693} INFO - Sync 3 DAGs
[2023-03-25T14:44:32.106-0400] {logging_mixin.py:137} INFO - [2023-03-25T14:44:32.106-0400] {dag.py:3440} INFO - Setting next_dagrun for example_subdag_operator to 2022-01-01T00:00:00+00:00, run_after=2022-01-01T00:00:00+00:00
[2023-03-25T14:44:32.107-0400] {logging_mixin.py:137} INFO - [2023-03-25T14:44:32.107-0400] {dag.py:3440} INFO - Setting next_dagrun for example_subdag_operator.section-1 to None, run_after=None
[2023-03-25T14:44:32.107-0400] {logging_mixin.py:137} INFO - [2023-03-25T14:44:32.107-0400] {dag.py:3440} INFO - Setting next_dagrun for example_subdag_operator.section-2 to None, run_after=None
[2023-03-25T14:44:32.110-0400] {logging_mixin.py:137} INFO - [2023-03-25T14:44:32.110-0400] {dag.py:2693} INFO - Sync 2 DAGs
[2023-03-25T14:44:32.112-0400] {logging_mixin.py:137} INFO - [2023-03-25T14:44:32.112-0400] {dag.py:3440} INFO - Setting next_dagrun for example_subdag_operator.section-1 to None, run_after=None
[2023-03-25T14:44:32.112-0400] {logging_mixin.py:137} INFO - [2023-03-25T14:44:32.112-0400] {dag.py:3440} INFO - Setting next_dagrun for example_subdag_operator.section-2 to None, run_after=None
[2023-03-25T14:44:32.117-0400] {processor.py:175} INFO - Processing /Users/sunanda/Downloads/airflow/py_env/lib/python3.9/site-packages/airflow/example_dags/example_subdag_operator.py took 0.284 seconds
[2023-03-25T14:45:58.804-0400] {processor.py:153} INFO - Started process (PID=11016) to work on /Users/sunanda/Downloads/airflow/py_env/lib/python3.9/site-packages/airflow/example_dags/example_subdag_operator.py
[2023-03-25T14:45:58.807-0400] {processor.py:743} INFO - Processing file /Users/sunanda/Downloads/airflow/py_env/lib/python3.9/site-packages/airflow/example_dags/example_subdag_operator.py for tasks to queue
[2023-03-25T14:45:58.807-0400] {logging_mixin.py:137} INFO - [2023-03-25T14:45:58.807-0400] {dagbag.py:532} INFO - Filling up the DagBag from /Users/sunanda/Downloads/airflow/py_env/lib/python3.9/site-packages/airflow/example_dags/example_subdag_operator.py
[2023-03-25T14:45:59.037-0400] {processor.py:753} INFO - DAG(s) dict_keys(['example_subdag_operator.section-1', 'example_subdag_operator.section-2', 'example_subdag_operator']) retrieved from /Users/sunanda/Downloads/airflow/py_env/lib/python3.9/site-packages/airflow/example_dags/example_subdag_operator.py
[2023-03-25T14:45:59.075-0400] {logging_mixin.py:137} INFO - [2023-03-25T14:45:59.075-0400] {dag.py:2693} INFO - Sync 3 DAGs
[2023-03-25T14:45:59.081-0400] {logging_mixin.py:137} INFO - [2023-03-25T14:45:59.081-0400] {dag.py:3440} INFO - Setting next_dagrun for example_subdag_operator to 2022-01-01T00:00:00+00:00, run_after=2022-01-01T00:00:00+00:00
[2023-03-25T14:45:59.082-0400] {logging_mixin.py:137} INFO - [2023-03-25T14:45:59.082-0400] {dag.py:3440} INFO - Setting next_dagrun for example_subdag_operator.section-1 to None, run_after=None
[2023-03-25T14:45:59.083-0400] {logging_mixin.py:137} INFO - [2023-03-25T14:45:59.083-0400] {dag.py:3440} INFO - Setting next_dagrun for example_subdag_operator.section-2 to None, run_after=None
[2023-03-25T14:45:59.085-0400] {logging_mixin.py:137} INFO - [2023-03-25T14:45:59.085-0400] {dag.py:2693} INFO - Sync 2 DAGs
[2023-03-25T14:45:59.086-0400] {logging_mixin.py:137} INFO - [2023-03-25T14:45:59.086-0400] {dag.py:3440} INFO - Setting next_dagrun for example_subdag_operator.section-1 to None, run_after=None
[2023-03-25T14:45:59.087-0400] {logging_mixin.py:137} INFO - [2023-03-25T14:45:59.086-0400] {dag.py:3440} INFO - Setting next_dagrun for example_subdag_operator.section-2 to None, run_after=None
[2023-03-25T14:45:59.092-0400] {processor.py:175} INFO - Processing /Users/sunanda/Downloads/airflow/py_env/lib/python3.9/site-packages/airflow/example_dags/example_subdag_operator.py took 0.288 seconds
[2023-03-25T14:47:33.215-0400] {processor.py:153} INFO - Started process (PID=11162) to work on /Users/sunanda/Downloads/airflow/py_env/lib/python3.9/site-packages/airflow/example_dags/example_subdag_operator.py
[2023-03-25T14:47:33.218-0400] {processor.py:743} INFO - Processing file /Users/sunanda/Downloads/airflow/py_env/lib/python3.9/site-packages/airflow/example_dags/example_subdag_operator.py for tasks to queue
[2023-03-25T14:47:33.218-0400] {logging_mixin.py:137} INFO - [2023-03-25T14:47:33.218-0400] {dagbag.py:532} INFO - Filling up the DagBag from /Users/sunanda/Downloads/airflow/py_env/lib/python3.9/site-packages/airflow/example_dags/example_subdag_operator.py
[2023-03-25T14:47:33.441-0400] {processor.py:753} INFO - DAG(s) dict_keys(['example_subdag_operator.section-1', 'example_subdag_operator.section-2', 'example_subdag_operator']) retrieved from /Users/sunanda/Downloads/airflow/py_env/lib/python3.9/site-packages/airflow/example_dags/example_subdag_operator.py
[2023-03-25T14:47:33.479-0400] {logging_mixin.py:137} INFO - [2023-03-25T14:47:33.479-0400] {dag.py:2693} INFO - Sync 3 DAGs
[2023-03-25T14:47:33.487-0400] {logging_mixin.py:137} INFO - [2023-03-25T14:47:33.487-0400] {dag.py:3440} INFO - Setting next_dagrun for example_subdag_operator to 2022-01-01T00:00:00+00:00, run_after=2022-01-01T00:00:00+00:00
[2023-03-25T14:47:33.488-0400] {logging_mixin.py:137} INFO - [2023-03-25T14:47:33.488-0400] {dag.py:3440} INFO - Setting next_dagrun for example_subdag_operator.section-1 to None, run_after=None
[2023-03-25T14:47:33.488-0400] {logging_mixin.py:137} INFO - [2023-03-25T14:47:33.488-0400] {dag.py:3440} INFO - Setting next_dagrun for example_subdag_operator.section-2 to None, run_after=None
[2023-03-25T14:47:33.491-0400] {logging_mixin.py:137} INFO - [2023-03-25T14:47:33.491-0400] {dag.py:2693} INFO - Sync 2 DAGs
[2023-03-25T14:47:33.493-0400] {logging_mixin.py:137} INFO - [2023-03-25T14:47:33.493-0400] {dag.py:3440} INFO - Setting next_dagrun for example_subdag_operator.section-1 to None, run_after=None
[2023-03-25T14:47:33.493-0400] {logging_mixin.py:137} INFO - [2023-03-25T14:47:33.493-0400] {dag.py:3440} INFO - Setting next_dagrun for example_subdag_operator.section-2 to None, run_after=None
[2023-03-25T14:47:33.498-0400] {processor.py:175} INFO - Processing /Users/sunanda/Downloads/airflow/py_env/lib/python3.9/site-packages/airflow/example_dags/example_subdag_operator.py took 0.284 seconds
