[2023-03-25T14:09:28.726-0400] {processor.py:153} INFO - Started process (PID=8080) to work on /Users/sunanda/Downloads/airflow/py_env/lib/python3.9/site-packages/airflow/example_dags/example_task_group_decorator.py
[2023-03-25T14:09:28.728-0400] {processor.py:743} INFO - Processing file /Users/sunanda/Downloads/airflow/py_env/lib/python3.9/site-packages/airflow/example_dags/example_task_group_decorator.py for tasks to queue
[2023-03-25T14:09:28.729-0400] {logging_mixin.py:137} INFO - [2023-03-25T14:09:28.729-0400] {dagbag.py:532} INFO - Filling up the DagBag from /Users/sunanda/Downloads/airflow/py_env/lib/python3.9/site-packages/airflow/example_dags/example_task_group_decorator.py
[2023-03-25T14:09:28.748-0400] {processor.py:753} INFO - DAG(s) dict_keys(['example_task_group_decorator']) retrieved from /Users/sunanda/Downloads/airflow/py_env/lib/python3.9/site-packages/airflow/example_dags/example_task_group_decorator.py
[2023-03-25T14:09:28.958-0400] {logging_mixin.py:137} INFO - [2023-03-25T14:09:28.958-0400] {dag.py:2693} INFO - Sync 1 DAGs
[2023-03-25T14:09:28.964-0400] {logging_mixin.py:137} INFO - [2023-03-25T14:09:28.964-0400] {dag.py:3440} INFO - Setting next_dagrun for example_task_group_decorator to 2023-03-24T18:09:28.964816+00:00, run_after=2023-03-25T18:09:28.964816+00:00
[2023-03-25T14:09:28.972-0400] {processor.py:175} INFO - Processing /Users/sunanda/Downloads/airflow/py_env/lib/python3.9/site-packages/airflow/example_dags/example_task_group_decorator.py took 0.246 seconds
[2023-03-25T14:10:53.946-0400] {processor.py:153} INFO - Started process (PID=8226) to work on /Users/sunanda/Downloads/airflow/py_env/lib/python3.9/site-packages/airflow/example_dags/example_task_group_decorator.py
[2023-03-25T14:10:53.948-0400] {processor.py:743} INFO - Processing file /Users/sunanda/Downloads/airflow/py_env/lib/python3.9/site-packages/airflow/example_dags/example_task_group_decorator.py for tasks to queue
[2023-03-25T14:10:53.948-0400] {logging_mixin.py:137} INFO - [2023-03-25T14:10:53.948-0400] {dagbag.py:532} INFO - Filling up the DagBag from /Users/sunanda/Downloads/airflow/py_env/lib/python3.9/site-packages/airflow/example_dags/example_task_group_decorator.py
[2023-03-25T14:10:53.968-0400] {processor.py:753} INFO - DAG(s) dict_keys(['example_task_group_decorator']) retrieved from /Users/sunanda/Downloads/airflow/py_env/lib/python3.9/site-packages/airflow/example_dags/example_task_group_decorator.py
[2023-03-25T14:10:54.176-0400] {logging_mixin.py:137} INFO - [2023-03-25T14:10:54.176-0400] {dag.py:2693} INFO - Sync 1 DAGs
[2023-03-25T14:10:54.182-0400] {logging_mixin.py:137} INFO - [2023-03-25T14:10:54.182-0400] {dag.py:3440} INFO - Setting next_dagrun for example_task_group_decorator to 2023-03-24T18:10:54.182752+00:00, run_after=2023-03-25T18:10:54.182752+00:00
[2023-03-25T14:10:54.190-0400] {processor.py:175} INFO - Processing /Users/sunanda/Downloads/airflow/py_env/lib/python3.9/site-packages/airflow/example_dags/example_task_group_decorator.py took 0.244 seconds
[2023-03-25T14:12:09.664-0400] {processor.py:153} INFO - Started process (PID=8365) to work on /Users/sunanda/Downloads/airflow/py_env/lib/python3.9/site-packages/airflow/example_dags/example_task_group_decorator.py
[2023-03-25T14:12:09.667-0400] {processor.py:743} INFO - Processing file /Users/sunanda/Downloads/airflow/py_env/lib/python3.9/site-packages/airflow/example_dags/example_task_group_decorator.py for tasks to queue
[2023-03-25T14:12:09.667-0400] {logging_mixin.py:137} INFO - [2023-03-25T14:12:09.667-0400] {dagbag.py:532} INFO - Filling up the DagBag from /Users/sunanda/Downloads/airflow/py_env/lib/python3.9/site-packages/airflow/example_dags/example_task_group_decorator.py
[2023-03-25T14:12:09.689-0400] {processor.py:753} INFO - DAG(s) dict_keys(['example_task_group_decorator']) retrieved from /Users/sunanda/Downloads/airflow/py_env/lib/python3.9/site-packages/airflow/example_dags/example_task_group_decorator.py
[2023-03-25T14:12:09.932-0400] {logging_mixin.py:137} INFO - [2023-03-25T14:12:09.932-0400] {dag.py:2693} INFO - Sync 1 DAGs
[2023-03-25T14:12:09.939-0400] {logging_mixin.py:137} INFO - [2023-03-25T14:12:09.939-0400] {dag.py:3440} INFO - Setting next_dagrun for example_task_group_decorator to 2023-03-24T18:12:09.939660+00:00, run_after=2023-03-25T18:12:09.939660+00:00
[2023-03-25T14:12:09.950-0400] {processor.py:175} INFO - Processing /Users/sunanda/Downloads/airflow/py_env/lib/python3.9/site-packages/airflow/example_dags/example_task_group_decorator.py took 0.286 seconds
[2023-03-25T14:13:37.915-0400] {processor.py:153} INFO - Started process (PID=8499) to work on /Users/sunanda/Downloads/airflow/py_env/lib/python3.9/site-packages/airflow/example_dags/example_task_group_decorator.py
[2023-03-25T14:13:37.917-0400] {processor.py:743} INFO - Processing file /Users/sunanda/Downloads/airflow/py_env/lib/python3.9/site-packages/airflow/example_dags/example_task_group_decorator.py for tasks to queue
[2023-03-25T14:13:37.918-0400] {logging_mixin.py:137} INFO - [2023-03-25T14:13:37.917-0400] {dagbag.py:532} INFO - Filling up the DagBag from /Users/sunanda/Downloads/airflow/py_env/lib/python3.9/site-packages/airflow/example_dags/example_task_group_decorator.py
[2023-03-25T14:13:37.938-0400] {processor.py:753} INFO - DAG(s) dict_keys(['example_task_group_decorator']) retrieved from /Users/sunanda/Downloads/airflow/py_env/lib/python3.9/site-packages/airflow/example_dags/example_task_group_decorator.py
[2023-03-25T14:13:38.151-0400] {logging_mixin.py:137} INFO - [2023-03-25T14:13:38.151-0400] {dag.py:2693} INFO - Sync 1 DAGs
[2023-03-25T14:13:38.157-0400] {logging_mixin.py:137} INFO - [2023-03-25T14:13:38.157-0400] {dag.py:3440} INFO - Setting next_dagrun for example_task_group_decorator to 2023-03-24T18:13:38.157352+00:00, run_after=2023-03-25T18:13:38.157352+00:00
[2023-03-25T14:13:38.164-0400] {processor.py:175} INFO - Processing /Users/sunanda/Downloads/airflow/py_env/lib/python3.9/site-packages/airflow/example_dags/example_task_group_decorator.py took 0.249 seconds
[2023-03-25T14:15:00.217-0400] {processor.py:153} INFO - Started process (PID=8631) to work on /Users/sunanda/Downloads/airflow/py_env/lib/python3.9/site-packages/airflow/example_dags/example_task_group_decorator.py
[2023-03-25T14:15:00.220-0400] {processor.py:743} INFO - Processing file /Users/sunanda/Downloads/airflow/py_env/lib/python3.9/site-packages/airflow/example_dags/example_task_group_decorator.py for tasks to queue
[2023-03-25T14:15:00.220-0400] {logging_mixin.py:137} INFO - [2023-03-25T14:15:00.220-0400] {dagbag.py:532} INFO - Filling up the DagBag from /Users/sunanda/Downloads/airflow/py_env/lib/python3.9/site-packages/airflow/example_dags/example_task_group_decorator.py
[2023-03-25T14:15:00.241-0400] {processor.py:753} INFO - DAG(s) dict_keys(['example_task_group_decorator']) retrieved from /Users/sunanda/Downloads/airflow/py_env/lib/python3.9/site-packages/airflow/example_dags/example_task_group_decorator.py
[2023-03-25T14:15:00.460-0400] {logging_mixin.py:137} INFO - [2023-03-25T14:15:00.460-0400] {dag.py:2693} INFO - Sync 1 DAGs
[2023-03-25T14:15:00.467-0400] {logging_mixin.py:137} INFO - [2023-03-25T14:15:00.467-0400] {dag.py:3440} INFO - Setting next_dagrun for example_task_group_decorator to 2023-03-24T18:15:00.467745+00:00, run_after=2023-03-25T18:15:00.467745+00:00
[2023-03-25T14:15:00.476-0400] {processor.py:175} INFO - Processing /Users/sunanda/Downloads/airflow/py_env/lib/python3.9/site-packages/airflow/example_dags/example_task_group_decorator.py took 0.259 seconds
[2023-03-25T14:16:32.506-0400] {processor.py:153} INFO - Started process (PID=8771) to work on /Users/sunanda/Downloads/airflow/py_env/lib/python3.9/site-packages/airflow/example_dags/example_task_group_decorator.py
[2023-03-25T14:16:32.509-0400] {processor.py:743} INFO - Processing file /Users/sunanda/Downloads/airflow/py_env/lib/python3.9/site-packages/airflow/example_dags/example_task_group_decorator.py for tasks to queue
[2023-03-25T14:16:32.509-0400] {logging_mixin.py:137} INFO - [2023-03-25T14:16:32.509-0400] {dagbag.py:532} INFO - Filling up the DagBag from /Users/sunanda/Downloads/airflow/py_env/lib/python3.9/site-packages/airflow/example_dags/example_task_group_decorator.py
[2023-03-25T14:16:32.531-0400] {processor.py:753} INFO - DAG(s) dict_keys(['example_task_group_decorator']) retrieved from /Users/sunanda/Downloads/airflow/py_env/lib/python3.9/site-packages/airflow/example_dags/example_task_group_decorator.py
[2023-03-25T14:16:32.742-0400] {logging_mixin.py:137} INFO - [2023-03-25T14:16:32.742-0400] {dag.py:2693} INFO - Sync 1 DAGs
[2023-03-25T14:16:32.748-0400] {logging_mixin.py:137} INFO - [2023-03-25T14:16:32.748-0400] {dag.py:3440} INFO - Setting next_dagrun for example_task_group_decorator to 2023-03-24T18:16:32.748377+00:00, run_after=2023-03-25T18:16:32.748377+00:00
[2023-03-25T14:16:32.755-0400] {processor.py:175} INFO - Processing /Users/sunanda/Downloads/airflow/py_env/lib/python3.9/site-packages/airflow/example_dags/example_task_group_decorator.py took 0.250 seconds
[2023-03-25T14:18:04.582-0400] {processor.py:153} INFO - Started process (PID=8936) to work on /Users/sunanda/Downloads/airflow/py_env/lib/python3.9/site-packages/airflow/example_dags/example_task_group_decorator.py
[2023-03-25T14:18:04.585-0400] {processor.py:743} INFO - Processing file /Users/sunanda/Downloads/airflow/py_env/lib/python3.9/site-packages/airflow/example_dags/example_task_group_decorator.py for tasks to queue
[2023-03-25T14:18:04.585-0400] {logging_mixin.py:137} INFO - [2023-03-25T14:18:04.585-0400] {dagbag.py:532} INFO - Filling up the DagBag from /Users/sunanda/Downloads/airflow/py_env/lib/python3.9/site-packages/airflow/example_dags/example_task_group_decorator.py
[2023-03-25T14:18:04.605-0400] {processor.py:753} INFO - DAG(s) dict_keys(['example_task_group_decorator']) retrieved from /Users/sunanda/Downloads/airflow/py_env/lib/python3.9/site-packages/airflow/example_dags/example_task_group_decorator.py
[2023-03-25T14:18:04.815-0400] {logging_mixin.py:137} INFO - [2023-03-25T14:18:04.815-0400] {dag.py:2693} INFO - Sync 1 DAGs
[2023-03-25T14:18:04.821-0400] {logging_mixin.py:137} INFO - [2023-03-25T14:18:04.821-0400] {dag.py:3440} INFO - Setting next_dagrun for example_task_group_decorator to 2023-03-24T18:18:04.821681+00:00, run_after=2023-03-25T18:18:04.821681+00:00
[2023-03-25T14:18:04.829-0400] {processor.py:175} INFO - Processing /Users/sunanda/Downloads/airflow/py_env/lib/python3.9/site-packages/airflow/example_dags/example_task_group_decorator.py took 0.247 seconds
[2023-03-25T14:18:51.026-0400] {processor.py:153} INFO - Started process (PID=9011) to work on /Users/sunanda/Downloads/airflow/py_env/lib/python3.9/site-packages/airflow/example_dags/example_task_group_decorator.py
[2023-03-25T14:18:51.028-0400] {processor.py:743} INFO - Processing file /Users/sunanda/Downloads/airflow/py_env/lib/python3.9/site-packages/airflow/example_dags/example_task_group_decorator.py for tasks to queue
[2023-03-25T14:18:51.029-0400] {logging_mixin.py:137} INFO - [2023-03-25T14:18:51.029-0400] {dagbag.py:532} INFO - Filling up the DagBag from /Users/sunanda/Downloads/airflow/py_env/lib/python3.9/site-packages/airflow/example_dags/example_task_group_decorator.py
[2023-03-25T14:18:51.049-0400] {processor.py:753} INFO - DAG(s) dict_keys(['example_task_group_decorator']) retrieved from /Users/sunanda/Downloads/airflow/py_env/lib/python3.9/site-packages/airflow/example_dags/example_task_group_decorator.py
[2023-03-25T14:18:51.272-0400] {logging_mixin.py:137} INFO - [2023-03-25T14:18:51.272-0400] {dag.py:2693} INFO - Sync 1 DAGs
[2023-03-25T14:18:51.279-0400] {logging_mixin.py:137} INFO - [2023-03-25T14:18:51.279-0400] {dag.py:3440} INFO - Setting next_dagrun for example_task_group_decorator to 2023-03-24T18:18:51.279377+00:00, run_after=2023-03-25T18:18:51.279377+00:00
[2023-03-25T14:18:51.288-0400] {processor.py:175} INFO - Processing /Users/sunanda/Downloads/airflow/py_env/lib/python3.9/site-packages/airflow/example_dags/example_task_group_decorator.py took 0.262 seconds
[2023-03-25T14:43:11.480-0400] {processor.py:153} INFO - Started process (PID=10733) to work on /Users/sunanda/Downloads/airflow/py_env/lib/python3.9/site-packages/airflow/example_dags/example_task_group_decorator.py
[2023-03-25T14:43:11.483-0400] {processor.py:743} INFO - Processing file /Users/sunanda/Downloads/airflow/py_env/lib/python3.9/site-packages/airflow/example_dags/example_task_group_decorator.py for tasks to queue
[2023-03-25T14:43:11.483-0400] {logging_mixin.py:137} INFO - [2023-03-25T14:43:11.483-0400] {dagbag.py:532} INFO - Filling up the DagBag from /Users/sunanda/Downloads/airflow/py_env/lib/python3.9/site-packages/airflow/example_dags/example_task_group_decorator.py
[2023-03-25T14:43:11.505-0400] {processor.py:753} INFO - DAG(s) dict_keys(['example_task_group_decorator']) retrieved from /Users/sunanda/Downloads/airflow/py_env/lib/python3.9/site-packages/airflow/example_dags/example_task_group_decorator.py
[2023-03-25T14:43:11.725-0400] {logging_mixin.py:137} INFO - [2023-03-25T14:43:11.725-0400] {dag.py:2693} INFO - Sync 1 DAGs
[2023-03-25T14:43:11.732-0400] {logging_mixin.py:137} INFO - [2023-03-25T14:43:11.732-0400] {dag.py:3440} INFO - Setting next_dagrun for example_task_group_decorator to 2023-03-24T18:43:11.732056+00:00, run_after=2023-03-25T18:43:11.732056+00:00
[2023-03-25T14:43:11.740-0400] {processor.py:175} INFO - Processing /Users/sunanda/Downloads/airflow/py_env/lib/python3.9/site-packages/airflow/example_dags/example_task_group_decorator.py took 0.261 seconds
[2023-03-25T14:44:28.492-0400] {processor.py:153} INFO - Started process (PID=10871) to work on /Users/sunanda/Downloads/airflow/py_env/lib/python3.9/site-packages/airflow/example_dags/example_task_group_decorator.py
[2023-03-25T14:44:28.495-0400] {processor.py:743} INFO - Processing file /Users/sunanda/Downloads/airflow/py_env/lib/python3.9/site-packages/airflow/example_dags/example_task_group_decorator.py for tasks to queue
[2023-03-25T14:44:28.495-0400] {logging_mixin.py:137} INFO - [2023-03-25T14:44:28.495-0400] {dagbag.py:532} INFO - Filling up the DagBag from /Users/sunanda/Downloads/airflow/py_env/lib/python3.9/site-packages/airflow/example_dags/example_task_group_decorator.py
[2023-03-25T14:44:28.515-0400] {processor.py:753} INFO - DAG(s) dict_keys(['example_task_group_decorator']) retrieved from /Users/sunanda/Downloads/airflow/py_env/lib/python3.9/site-packages/airflow/example_dags/example_task_group_decorator.py
[2023-03-25T14:44:28.731-0400] {logging_mixin.py:137} INFO - [2023-03-25T14:44:28.730-0400] {dag.py:2693} INFO - Sync 1 DAGs
[2023-03-25T14:44:28.737-0400] {logging_mixin.py:137} INFO - [2023-03-25T14:44:28.737-0400] {dag.py:3440} INFO - Setting next_dagrun for example_task_group_decorator to 2023-03-24T18:44:28.737254+00:00, run_after=2023-03-25T18:44:28.737254+00:00
[2023-03-25T14:44:28.745-0400] {processor.py:175} INFO - Processing /Users/sunanda/Downloads/airflow/py_env/lib/python3.9/site-packages/airflow/example_dags/example_task_group_decorator.py took 0.253 seconds
[2023-03-25T14:45:55.832-0400] {processor.py:153} INFO - Started process (PID=11011) to work on /Users/sunanda/Downloads/airflow/py_env/lib/python3.9/site-packages/airflow/example_dags/example_task_group_decorator.py
[2023-03-25T14:45:55.835-0400] {processor.py:743} INFO - Processing file /Users/sunanda/Downloads/airflow/py_env/lib/python3.9/site-packages/airflow/example_dags/example_task_group_decorator.py for tasks to queue
[2023-03-25T14:45:55.835-0400] {logging_mixin.py:137} INFO - [2023-03-25T14:45:55.835-0400] {dagbag.py:532} INFO - Filling up the DagBag from /Users/sunanda/Downloads/airflow/py_env/lib/python3.9/site-packages/airflow/example_dags/example_task_group_decorator.py
[2023-03-25T14:45:55.858-0400] {processor.py:753} INFO - DAG(s) dict_keys(['example_task_group_decorator']) retrieved from /Users/sunanda/Downloads/airflow/py_env/lib/python3.9/site-packages/airflow/example_dags/example_task_group_decorator.py
[2023-03-25T14:45:56.086-0400] {logging_mixin.py:137} INFO - [2023-03-25T14:45:56.085-0400] {dag.py:2693} INFO - Sync 1 DAGs
[2023-03-25T14:45:56.092-0400] {logging_mixin.py:137} INFO - [2023-03-25T14:45:56.092-0400] {dag.py:3440} INFO - Setting next_dagrun for example_task_group_decorator to 2023-03-24T18:45:56.092334+00:00, run_after=2023-03-25T18:45:56.092334+00:00
[2023-03-25T14:45:56.100-0400] {processor.py:175} INFO - Processing /Users/sunanda/Downloads/airflow/py_env/lib/python3.9/site-packages/airflow/example_dags/example_task_group_decorator.py took 0.268 seconds
[2023-03-25T14:47:29.484-0400] {processor.py:153} INFO - Started process (PID=11155) to work on /Users/sunanda/Downloads/airflow/py_env/lib/python3.9/site-packages/airflow/example_dags/example_task_group_decorator.py
[2023-03-25T14:47:29.488-0400] {processor.py:743} INFO - Processing file /Users/sunanda/Downloads/airflow/py_env/lib/python3.9/site-packages/airflow/example_dags/example_task_group_decorator.py for tasks to queue
[2023-03-25T14:47:29.488-0400] {logging_mixin.py:137} INFO - [2023-03-25T14:47:29.488-0400] {dagbag.py:532} INFO - Filling up the DagBag from /Users/sunanda/Downloads/airflow/py_env/lib/python3.9/site-packages/airflow/example_dags/example_task_group_decorator.py
[2023-03-25T14:47:29.510-0400] {processor.py:753} INFO - DAG(s) dict_keys(['example_task_group_decorator']) retrieved from /Users/sunanda/Downloads/airflow/py_env/lib/python3.9/site-packages/airflow/example_dags/example_task_group_decorator.py
[2023-03-25T14:47:29.728-0400] {logging_mixin.py:137} INFO - [2023-03-25T14:47:29.728-0400] {dag.py:2693} INFO - Sync 1 DAGs
[2023-03-25T14:47:29.735-0400] {logging_mixin.py:137} INFO - [2023-03-25T14:47:29.735-0400] {dag.py:3440} INFO - Setting next_dagrun for example_task_group_decorator to 2023-03-24T18:47:29.735137+00:00, run_after=2023-03-25T18:47:29.735137+00:00
[2023-03-25T14:47:29.743-0400] {processor.py:175} INFO - Processing /Users/sunanda/Downloads/airflow/py_env/lib/python3.9/site-packages/airflow/example_dags/example_task_group_decorator.py took 0.259 seconds
