[2023-03-25T14:10:09.541-0400] {processor.py:153} INFO - Started process (PID=8145) to work on /Users/sunanda/Downloads/airflow/py_env/lib/python3.9/site-packages/airflow/example_dags/example_branch_python_dop_operator_3.py
[2023-03-25T14:10:09.543-0400] {processor.py:743} INFO - Processing file /Users/sunanda/Downloads/airflow/py_env/lib/python3.9/site-packages/airflow/example_dags/example_branch_python_dop_operator_3.py for tasks to queue
[2023-03-25T14:10:09.543-0400] {logging_mixin.py:137} INFO - [2023-03-25T14:10:09.543-0400] {dagbag.py:532} INFO - Filling up the DagBag from /Users/sunanda/Downloads/airflow/py_env/lib/python3.9/site-packages/airflow/example_dags/example_branch_python_dop_operator_3.py
[2023-03-25T14:10:09.562-0400] {processor.py:753} INFO - DAG(s) dict_keys(['example_branch_dop_operator_v3']) retrieved from /Users/sunanda/Downloads/airflow/py_env/lib/python3.9/site-packages/airflow/example_dags/example_branch_python_dop_operator_3.py
[2023-03-25T14:10:09.772-0400] {logging_mixin.py:137} INFO - [2023-03-25T14:10:09.772-0400] {dag.py:2693} INFO - Sync 1 DAGs
[2023-03-25T14:10:09.780-0400] {logging_mixin.py:137} INFO - [2023-03-25T14:10:09.780-0400] {dag.py:3440} INFO - Setting next_dagrun for example_branch_dop_operator_v3 to 2023-03-25T18:09:00+00:00, run_after=2023-03-25T18:10:00+00:00
[2023-03-25T14:10:09.788-0400] {processor.py:175} INFO - Processing /Users/sunanda/Downloads/airflow/py_env/lib/python3.9/site-packages/airflow/example_dags/example_branch_python_dop_operator_3.py took 0.247 seconds
[2023-03-25T14:11:32.198-0400] {processor.py:153} INFO - Started process (PID=8287) to work on /Users/sunanda/Downloads/airflow/py_env/lib/python3.9/site-packages/airflow/example_dags/example_branch_python_dop_operator_3.py
[2023-03-25T14:11:32.200-0400] {processor.py:743} INFO - Processing file /Users/sunanda/Downloads/airflow/py_env/lib/python3.9/site-packages/airflow/example_dags/example_branch_python_dop_operator_3.py for tasks to queue
[2023-03-25T14:11:32.200-0400] {logging_mixin.py:137} INFO - [2023-03-25T14:11:32.200-0400] {dagbag.py:532} INFO - Filling up the DagBag from /Users/sunanda/Downloads/airflow/py_env/lib/python3.9/site-packages/airflow/example_dags/example_branch_python_dop_operator_3.py
[2023-03-25T14:11:32.219-0400] {processor.py:753} INFO - DAG(s) dict_keys(['example_branch_dop_operator_v3']) retrieved from /Users/sunanda/Downloads/airflow/py_env/lib/python3.9/site-packages/airflow/example_dags/example_branch_python_dop_operator_3.py
[2023-03-25T14:11:32.421-0400] {logging_mixin.py:137} INFO - [2023-03-25T14:11:32.421-0400] {dag.py:2693} INFO - Sync 1 DAGs
[2023-03-25T14:11:32.429-0400] {logging_mixin.py:137} INFO - [2023-03-25T14:11:32.429-0400] {dag.py:3440} INFO - Setting next_dagrun for example_branch_dop_operator_v3 to 2023-03-25T18:10:00+00:00, run_after=2023-03-25T18:11:00+00:00
[2023-03-25T14:11:32.436-0400] {processor.py:175} INFO - Processing /Users/sunanda/Downloads/airflow/py_env/lib/python3.9/site-packages/airflow/example_dags/example_branch_python_dop_operator_3.py took 0.239 seconds
[2023-03-25T14:13:02.175-0400] {processor.py:153} INFO - Started process (PID=8444) to work on /Users/sunanda/Downloads/airflow/py_env/lib/python3.9/site-packages/airflow/example_dags/example_branch_python_dop_operator_3.py
[2023-03-25T14:13:02.179-0400] {processor.py:743} INFO - Processing file /Users/sunanda/Downloads/airflow/py_env/lib/python3.9/site-packages/airflow/example_dags/example_branch_python_dop_operator_3.py for tasks to queue
[2023-03-25T14:13:02.179-0400] {logging_mixin.py:137} INFO - [2023-03-25T14:13:02.179-0400] {dagbag.py:532} INFO - Filling up the DagBag from /Users/sunanda/Downloads/airflow/py_env/lib/python3.9/site-packages/airflow/example_dags/example_branch_python_dop_operator_3.py
[2023-03-25T14:13:02.198-0400] {processor.py:753} INFO - DAG(s) dict_keys(['example_branch_dop_operator_v3']) retrieved from /Users/sunanda/Downloads/airflow/py_env/lib/python3.9/site-packages/airflow/example_dags/example_branch_python_dop_operator_3.py
[2023-03-25T14:13:02.412-0400] {logging_mixin.py:137} INFO - [2023-03-25T14:13:02.412-0400] {dag.py:2693} INFO - Sync 1 DAGs
[2023-03-25T14:13:02.421-0400] {logging_mixin.py:137} INFO - [2023-03-25T14:13:02.421-0400] {dag.py:3440} INFO - Setting next_dagrun for example_branch_dop_operator_v3 to 2023-03-25T18:12:00+00:00, run_after=2023-03-25T18:13:00+00:00
[2023-03-25T14:13:02.428-0400] {processor.py:175} INFO - Processing /Users/sunanda/Downloads/airflow/py_env/lib/python3.9/site-packages/airflow/example_dags/example_branch_python_dop_operator_3.py took 0.253 seconds
[2023-03-25T14:14:27.433-0400] {processor.py:153} INFO - Started process (PID=8578) to work on /Users/sunanda/Downloads/airflow/py_env/lib/python3.9/site-packages/airflow/example_dags/example_branch_python_dop_operator_3.py
[2023-03-25T14:14:27.435-0400] {processor.py:743} INFO - Processing file /Users/sunanda/Downloads/airflow/py_env/lib/python3.9/site-packages/airflow/example_dags/example_branch_python_dop_operator_3.py for tasks to queue
[2023-03-25T14:14:27.435-0400] {logging_mixin.py:137} INFO - [2023-03-25T14:14:27.435-0400] {dagbag.py:532} INFO - Filling up the DagBag from /Users/sunanda/Downloads/airflow/py_env/lib/python3.9/site-packages/airflow/example_dags/example_branch_python_dop_operator_3.py
[2023-03-25T14:14:27.455-0400] {processor.py:753} INFO - DAG(s) dict_keys(['example_branch_dop_operator_v3']) retrieved from /Users/sunanda/Downloads/airflow/py_env/lib/python3.9/site-packages/airflow/example_dags/example_branch_python_dop_operator_3.py
[2023-03-25T14:14:27.662-0400] {logging_mixin.py:137} INFO - [2023-03-25T14:14:27.662-0400] {dag.py:2693} INFO - Sync 1 DAGs
[2023-03-25T14:14:27.670-0400] {logging_mixin.py:137} INFO - [2023-03-25T14:14:27.670-0400] {dag.py:3440} INFO - Setting next_dagrun for example_branch_dop_operator_v3 to 2023-03-25T18:13:00+00:00, run_after=2023-03-25T18:14:00+00:00
[2023-03-25T14:14:27.678-0400] {processor.py:175} INFO - Processing /Users/sunanda/Downloads/airflow/py_env/lib/python3.9/site-packages/airflow/example_dags/example_branch_python_dop_operator_3.py took 0.245 seconds
[2023-03-25T14:15:56.611-0400] {processor.py:153} INFO - Started process (PID=8716) to work on /Users/sunanda/Downloads/airflow/py_env/lib/python3.9/site-packages/airflow/example_dags/example_branch_python_dop_operator_3.py
[2023-03-25T14:15:56.614-0400] {processor.py:743} INFO - Processing file /Users/sunanda/Downloads/airflow/py_env/lib/python3.9/site-packages/airflow/example_dags/example_branch_python_dop_operator_3.py for tasks to queue
[2023-03-25T14:15:56.614-0400] {logging_mixin.py:137} INFO - [2023-03-25T14:15:56.614-0400] {dagbag.py:532} INFO - Filling up the DagBag from /Users/sunanda/Downloads/airflow/py_env/lib/python3.9/site-packages/airflow/example_dags/example_branch_python_dop_operator_3.py
[2023-03-25T14:15:56.634-0400] {processor.py:753} INFO - DAG(s) dict_keys(['example_branch_dop_operator_v3']) retrieved from /Users/sunanda/Downloads/airflow/py_env/lib/python3.9/site-packages/airflow/example_dags/example_branch_python_dop_operator_3.py
[2023-03-25T14:15:56.844-0400] {logging_mixin.py:137} INFO - [2023-03-25T14:15:56.844-0400] {dag.py:2693} INFO - Sync 1 DAGs
[2023-03-25T14:15:56.852-0400] {logging_mixin.py:137} INFO - [2023-03-25T14:15:56.852-0400] {dag.py:3440} INFO - Setting next_dagrun for example_branch_dop_operator_v3 to 2023-03-25T18:14:00+00:00, run_after=2023-03-25T18:15:00+00:00
[2023-03-25T14:15:56.859-0400] {processor.py:175} INFO - Processing /Users/sunanda/Downloads/airflow/py_env/lib/python3.9/site-packages/airflow/example_dags/example_branch_python_dop_operator_3.py took 0.249 seconds
[2023-03-25T14:17:27.555-0400] {processor.py:153} INFO - Started process (PID=8858) to work on /Users/sunanda/Downloads/airflow/py_env/lib/python3.9/site-packages/airflow/example_dags/example_branch_python_dop_operator_3.py
[2023-03-25T14:17:27.557-0400] {processor.py:743} INFO - Processing file /Users/sunanda/Downloads/airflow/py_env/lib/python3.9/site-packages/airflow/example_dags/example_branch_python_dop_operator_3.py for tasks to queue
[2023-03-25T14:17:27.557-0400] {logging_mixin.py:137} INFO - [2023-03-25T14:17:27.557-0400] {dagbag.py:532} INFO - Filling up the DagBag from /Users/sunanda/Downloads/airflow/py_env/lib/python3.9/site-packages/airflow/example_dags/example_branch_python_dop_operator_3.py
[2023-03-25T14:17:27.577-0400] {processor.py:753} INFO - DAG(s) dict_keys(['example_branch_dop_operator_v3']) retrieved from /Users/sunanda/Downloads/airflow/py_env/lib/python3.9/site-packages/airflow/example_dags/example_branch_python_dop_operator_3.py
[2023-03-25T14:17:27.787-0400] {logging_mixin.py:137} INFO - [2023-03-25T14:17:27.787-0400] {dag.py:2693} INFO - Sync 1 DAGs
[2023-03-25T14:17:27.795-0400] {logging_mixin.py:137} INFO - [2023-03-25T14:17:27.795-0400] {dag.py:3440} INFO - Setting next_dagrun for example_branch_dop_operator_v3 to 2023-03-25T18:16:00+00:00, run_after=2023-03-25T18:17:00+00:00
[2023-03-25T14:17:27.802-0400] {processor.py:175} INFO - Processing /Users/sunanda/Downloads/airflow/py_env/lib/python3.9/site-packages/airflow/example_dags/example_branch_python_dop_operator_3.py took 0.248 seconds
[2023-03-25T14:19:30.853-0400] {processor.py:153} INFO - Started process (PID=9074) to work on /Users/sunanda/Downloads/airflow/py_env/lib/python3.9/site-packages/airflow/example_dags/example_branch_python_dop_operator_3.py
[2023-03-25T14:19:30.857-0400] {processor.py:743} INFO - Processing file /Users/sunanda/Downloads/airflow/py_env/lib/python3.9/site-packages/airflow/example_dags/example_branch_python_dop_operator_3.py for tasks to queue
[2023-03-25T14:19:30.857-0400] {logging_mixin.py:137} INFO - [2023-03-25T14:19:30.857-0400] {dagbag.py:532} INFO - Filling up the DagBag from /Users/sunanda/Downloads/airflow/py_env/lib/python3.9/site-packages/airflow/example_dags/example_branch_python_dop_operator_3.py
[2023-03-25T14:19:30.878-0400] {processor.py:753} INFO - DAG(s) dict_keys(['example_branch_dop_operator_v3']) retrieved from /Users/sunanda/Downloads/airflow/py_env/lib/python3.9/site-packages/airflow/example_dags/example_branch_python_dop_operator_3.py
[2023-03-25T14:19:31.102-0400] {logging_mixin.py:137} INFO - [2023-03-25T14:19:31.101-0400] {dag.py:2693} INFO - Sync 1 DAGs
[2023-03-25T14:19:31.111-0400] {logging_mixin.py:137} INFO - [2023-03-25T14:19:31.111-0400] {dag.py:3440} INFO - Setting next_dagrun for example_branch_dop_operator_v3 to 2023-03-25T18:18:00+00:00, run_after=2023-03-25T18:19:00+00:00
[2023-03-25T14:19:31.120-0400] {processor.py:175} INFO - Processing /Users/sunanda/Downloads/airflow/py_env/lib/python3.9/site-packages/airflow/example_dags/example_branch_python_dop_operator_3.py took 0.267 seconds
[2023-03-25T14:43:50.437-0400] {processor.py:153} INFO - Started process (PID=10799) to work on /Users/sunanda/Downloads/airflow/py_env/lib/python3.9/site-packages/airflow/example_dags/example_branch_python_dop_operator_3.py
[2023-03-25T14:43:50.440-0400] {processor.py:743} INFO - Processing file /Users/sunanda/Downloads/airflow/py_env/lib/python3.9/site-packages/airflow/example_dags/example_branch_python_dop_operator_3.py for tasks to queue
[2023-03-25T14:43:50.440-0400] {logging_mixin.py:137} INFO - [2023-03-25T14:43:50.440-0400] {dagbag.py:532} INFO - Filling up the DagBag from /Users/sunanda/Downloads/airflow/py_env/lib/python3.9/site-packages/airflow/example_dags/example_branch_python_dop_operator_3.py
[2023-03-25T14:43:50.461-0400] {processor.py:753} INFO - DAG(s) dict_keys(['example_branch_dop_operator_v3']) retrieved from /Users/sunanda/Downloads/airflow/py_env/lib/python3.9/site-packages/airflow/example_dags/example_branch_python_dop_operator_3.py
[2023-03-25T14:43:50.676-0400] {logging_mixin.py:137} INFO - [2023-03-25T14:43:50.676-0400] {dag.py:2693} INFO - Sync 1 DAGs
[2023-03-25T14:43:50.685-0400] {logging_mixin.py:137} INFO - [2023-03-25T14:43:50.684-0400] {dag.py:3440} INFO - Setting next_dagrun for example_branch_dop_operator_v3 to 2023-03-25T18:42:00+00:00, run_after=2023-03-25T18:43:00+00:00
[2023-03-25T14:43:50.692-0400] {processor.py:175} INFO - Processing /Users/sunanda/Downloads/airflow/py_env/lib/python3.9/site-packages/airflow/example_dags/example_branch_python_dop_operator_3.py took 0.255 seconds
[2023-03-25T14:45:24.083-0400] {processor.py:153} INFO - Started process (PID=10960) to work on /Users/sunanda/Downloads/airflow/py_env/lib/python3.9/site-packages/airflow/example_dags/example_branch_python_dop_operator_3.py
[2023-03-25T14:45:24.086-0400] {processor.py:743} INFO - Processing file /Users/sunanda/Downloads/airflow/py_env/lib/python3.9/site-packages/airflow/example_dags/example_branch_python_dop_operator_3.py for tasks to queue
[2023-03-25T14:45:24.086-0400] {logging_mixin.py:137} INFO - [2023-03-25T14:45:24.086-0400] {dagbag.py:532} INFO - Filling up the DagBag from /Users/sunanda/Downloads/airflow/py_env/lib/python3.9/site-packages/airflow/example_dags/example_branch_python_dop_operator_3.py
[2023-03-25T14:45:24.107-0400] {processor.py:753} INFO - DAG(s) dict_keys(['example_branch_dop_operator_v3']) retrieved from /Users/sunanda/Downloads/airflow/py_env/lib/python3.9/site-packages/airflow/example_dags/example_branch_python_dop_operator_3.py
[2023-03-25T14:45:24.330-0400] {logging_mixin.py:137} INFO - [2023-03-25T14:45:24.330-0400] {dag.py:2693} INFO - Sync 1 DAGs
[2023-03-25T14:45:24.340-0400] {logging_mixin.py:137} INFO - [2023-03-25T14:45:24.340-0400] {dag.py:3440} INFO - Setting next_dagrun for example_branch_dop_operator_v3 to 2023-03-25T18:44:00+00:00, run_after=2023-03-25T18:45:00+00:00
[2023-03-25T14:45:24.348-0400] {processor.py:175} INFO - Processing /Users/sunanda/Downloads/airflow/py_env/lib/python3.9/site-packages/airflow/example_dags/example_branch_python_dop_operator_3.py took 0.265 seconds
[2023-03-25T14:46:53.348-0400] {processor.py:153} INFO - Started process (PID=11100) to work on /Users/sunanda/Downloads/airflow/py_env/lib/python3.9/site-packages/airflow/example_dags/example_branch_python_dop_operator_3.py
[2023-03-25T14:46:53.351-0400] {processor.py:743} INFO - Processing file /Users/sunanda/Downloads/airflow/py_env/lib/python3.9/site-packages/airflow/example_dags/example_branch_python_dop_operator_3.py for tasks to queue
[2023-03-25T14:46:53.352-0400] {logging_mixin.py:137} INFO - [2023-03-25T14:46:53.352-0400] {dagbag.py:532} INFO - Filling up the DagBag from /Users/sunanda/Downloads/airflow/py_env/lib/python3.9/site-packages/airflow/example_dags/example_branch_python_dop_operator_3.py
[2023-03-25T14:46:53.373-0400] {processor.py:753} INFO - DAG(s) dict_keys(['example_branch_dop_operator_v3']) retrieved from /Users/sunanda/Downloads/airflow/py_env/lib/python3.9/site-packages/airflow/example_dags/example_branch_python_dop_operator_3.py
[2023-03-25T14:46:53.596-0400] {logging_mixin.py:137} INFO - [2023-03-25T14:46:53.596-0400] {dag.py:2693} INFO - Sync 1 DAGs
[2023-03-25T14:46:53.604-0400] {logging_mixin.py:137} INFO - [2023-03-25T14:46:53.604-0400] {dag.py:3440} INFO - Setting next_dagrun for example_branch_dop_operator_v3 to 2023-03-25T18:45:00+00:00, run_after=2023-03-25T18:46:00+00:00
[2023-03-25T14:46:53.612-0400] {processor.py:175} INFO - Processing /Users/sunanda/Downloads/airflow/py_env/lib/python3.9/site-packages/airflow/example_dags/example_branch_python_dop_operator_3.py took 0.264 seconds
