[2023-03-25T14:09:23.038-0400] {processor.py:153} INFO - Started process (PID=8072) to work on /Users/sunanda/Downloads/airflow/py_env/lib/python3.9/site-packages/airflow/example_dags/example_trigger_target_dag.py
[2023-03-25T14:09:23.040-0400] {processor.py:743} INFO - Processing file /Users/sunanda/Downloads/airflow/py_env/lib/python3.9/site-packages/airflow/example_dags/example_trigger_target_dag.py for tasks to queue
[2023-03-25T14:09:23.040-0400] {logging_mixin.py:137} INFO - [2023-03-25T14:09:23.040-0400] {dagbag.py:532} INFO - Filling up the DagBag from /Users/sunanda/Downloads/airflow/py_env/lib/python3.9/site-packages/airflow/example_dags/example_trigger_target_dag.py
[2023-03-25T14:09:23.058-0400] {processor.py:753} INFO - DAG(s) dict_keys(['example_trigger_target_dag']) retrieved from /Users/sunanda/Downloads/airflow/py_env/lib/python3.9/site-packages/airflow/example_dags/example_trigger_target_dag.py
[2023-03-25T14:09:23.265-0400] {logging_mixin.py:137} INFO - [2023-03-25T14:09:23.265-0400] {dag.py:2693} INFO - Sync 1 DAGs
[2023-03-25T14:09:23.272-0400] {logging_mixin.py:137} INFO - [2023-03-25T14:09:23.271-0400] {dag.py:3440} INFO - Setting next_dagrun for example_trigger_target_dag to None, run_after=None
[2023-03-25T14:09:23.279-0400] {processor.py:175} INFO - Processing /Users/sunanda/Downloads/airflow/py_env/lib/python3.9/site-packages/airflow/example_dags/example_trigger_target_dag.py took 0.242 seconds
[2023-03-25T14:10:48.383-0400] {processor.py:153} INFO - Started process (PID=8218) to work on /Users/sunanda/Downloads/airflow/py_env/lib/python3.9/site-packages/airflow/example_dags/example_trigger_target_dag.py
[2023-03-25T14:10:48.386-0400] {processor.py:743} INFO - Processing file /Users/sunanda/Downloads/airflow/py_env/lib/python3.9/site-packages/airflow/example_dags/example_trigger_target_dag.py for tasks to queue
[2023-03-25T14:10:48.386-0400] {logging_mixin.py:137} INFO - [2023-03-25T14:10:48.386-0400] {dagbag.py:532} INFO - Filling up the DagBag from /Users/sunanda/Downloads/airflow/py_env/lib/python3.9/site-packages/airflow/example_dags/example_trigger_target_dag.py
[2023-03-25T14:10:48.404-0400] {processor.py:753} INFO - DAG(s) dict_keys(['example_trigger_target_dag']) retrieved from /Users/sunanda/Downloads/airflow/py_env/lib/python3.9/site-packages/airflow/example_dags/example_trigger_target_dag.py
[2023-03-25T14:10:48.607-0400] {logging_mixin.py:137} INFO - [2023-03-25T14:10:48.607-0400] {dag.py:2693} INFO - Sync 1 DAGs
[2023-03-25T14:10:48.613-0400] {logging_mixin.py:137} INFO - [2023-03-25T14:10:48.613-0400] {dag.py:3440} INFO - Setting next_dagrun for example_trigger_target_dag to None, run_after=None
[2023-03-25T14:10:48.620-0400] {processor.py:175} INFO - Processing /Users/sunanda/Downloads/airflow/py_env/lib/python3.9/site-packages/airflow/example_dags/example_trigger_target_dag.py took 0.237 seconds
[2023-03-25T14:12:03.877-0400] {processor.py:153} INFO - Started process (PID=8349) to work on /Users/sunanda/Downloads/airflow/py_env/lib/python3.9/site-packages/airflow/example_dags/example_trigger_target_dag.py
[2023-03-25T14:12:03.880-0400] {processor.py:743} INFO - Processing file /Users/sunanda/Downloads/airflow/py_env/lib/python3.9/site-packages/airflow/example_dags/example_trigger_target_dag.py for tasks to queue
[2023-03-25T14:12:03.880-0400] {logging_mixin.py:137} INFO - [2023-03-25T14:12:03.880-0400] {dagbag.py:532} INFO - Filling up the DagBag from /Users/sunanda/Downloads/airflow/py_env/lib/python3.9/site-packages/airflow/example_dags/example_trigger_target_dag.py
[2023-03-25T14:12:03.899-0400] {processor.py:753} INFO - DAG(s) dict_keys(['example_trigger_target_dag']) retrieved from /Users/sunanda/Downloads/airflow/py_env/lib/python3.9/site-packages/airflow/example_dags/example_trigger_target_dag.py
[2023-03-25T14:12:04.113-0400] {logging_mixin.py:137} INFO - [2023-03-25T14:12:04.113-0400] {dag.py:2693} INFO - Sync 1 DAGs
[2023-03-25T14:12:04.120-0400] {logging_mixin.py:137} INFO - [2023-03-25T14:12:04.120-0400] {dag.py:3440} INFO - Setting next_dagrun for example_trigger_target_dag to None, run_after=None
[2023-03-25T14:12:04.128-0400] {processor.py:175} INFO - Processing /Users/sunanda/Downloads/airflow/py_env/lib/python3.9/site-packages/airflow/example_dags/example_trigger_target_dag.py took 0.251 seconds
[2023-03-25T14:13:33.150-0400] {processor.py:153} INFO - Started process (PID=8491) to work on /Users/sunanda/Downloads/airflow/py_env/lib/python3.9/site-packages/airflow/example_dags/example_trigger_target_dag.py
[2023-03-25T14:13:33.153-0400] {processor.py:743} INFO - Processing file /Users/sunanda/Downloads/airflow/py_env/lib/python3.9/site-packages/airflow/example_dags/example_trigger_target_dag.py for tasks to queue
[2023-03-25T14:13:33.153-0400] {logging_mixin.py:137} INFO - [2023-03-25T14:13:33.153-0400] {dagbag.py:532} INFO - Filling up the DagBag from /Users/sunanda/Downloads/airflow/py_env/lib/python3.9/site-packages/airflow/example_dags/example_trigger_target_dag.py
[2023-03-25T14:13:33.172-0400] {processor.py:753} INFO - DAG(s) dict_keys(['example_trigger_target_dag']) retrieved from /Users/sunanda/Downloads/airflow/py_env/lib/python3.9/site-packages/airflow/example_dags/example_trigger_target_dag.py
[2023-03-25T14:13:33.387-0400] {logging_mixin.py:137} INFO - [2023-03-25T14:13:33.387-0400] {dag.py:2693} INFO - Sync 1 DAGs
[2023-03-25T14:13:33.393-0400] {logging_mixin.py:137} INFO - [2023-03-25T14:13:33.393-0400] {dag.py:3440} INFO - Setting next_dagrun for example_trigger_target_dag to None, run_after=None
[2023-03-25T14:13:33.400-0400] {processor.py:175} INFO - Processing /Users/sunanda/Downloads/airflow/py_env/lib/python3.9/site-packages/airflow/example_dags/example_trigger_target_dag.py took 0.250 seconds
[2023-03-25T14:14:54.918-0400] {processor.py:153} INFO - Started process (PID=8622) to work on /Users/sunanda/Downloads/airflow/py_env/lib/python3.9/site-packages/airflow/example_dags/example_trigger_target_dag.py
[2023-03-25T14:14:54.921-0400] {processor.py:743} INFO - Processing file /Users/sunanda/Downloads/airflow/py_env/lib/python3.9/site-packages/airflow/example_dags/example_trigger_target_dag.py for tasks to queue
[2023-03-25T14:14:54.921-0400] {logging_mixin.py:137} INFO - [2023-03-25T14:14:54.921-0400] {dagbag.py:532} INFO - Filling up the DagBag from /Users/sunanda/Downloads/airflow/py_env/lib/python3.9/site-packages/airflow/example_dags/example_trigger_target_dag.py
[2023-03-25T14:14:54.941-0400] {processor.py:753} INFO - DAG(s) dict_keys(['example_trigger_target_dag']) retrieved from /Users/sunanda/Downloads/airflow/py_env/lib/python3.9/site-packages/airflow/example_dags/example_trigger_target_dag.py
[2023-03-25T14:14:55.149-0400] {logging_mixin.py:137} INFO - [2023-03-25T14:14:55.149-0400] {dag.py:2693} INFO - Sync 1 DAGs
[2023-03-25T14:14:55.155-0400] {logging_mixin.py:137} INFO - [2023-03-25T14:14:55.155-0400] {dag.py:3440} INFO - Setting next_dagrun for example_trigger_target_dag to None, run_after=None
[2023-03-25T14:14:55.163-0400] {processor.py:175} INFO - Processing /Users/sunanda/Downloads/airflow/py_env/lib/python3.9/site-packages/airflow/example_dags/example_trigger_target_dag.py took 0.245 seconds
[2023-03-25T14:16:28.470-0400] {processor.py:153} INFO - Started process (PID=8764) to work on /Users/sunanda/Downloads/airflow/py_env/lib/python3.9/site-packages/airflow/example_dags/example_trigger_target_dag.py
[2023-03-25T14:16:28.474-0400] {processor.py:743} INFO - Processing file /Users/sunanda/Downloads/airflow/py_env/lib/python3.9/site-packages/airflow/example_dags/example_trigger_target_dag.py for tasks to queue
[2023-03-25T14:16:28.474-0400] {logging_mixin.py:137} INFO - [2023-03-25T14:16:28.474-0400] {dagbag.py:532} INFO - Filling up the DagBag from /Users/sunanda/Downloads/airflow/py_env/lib/python3.9/site-packages/airflow/example_dags/example_trigger_target_dag.py
[2023-03-25T14:16:28.494-0400] {processor.py:753} INFO - DAG(s) dict_keys(['example_trigger_target_dag']) retrieved from /Users/sunanda/Downloads/airflow/py_env/lib/python3.9/site-packages/airflow/example_dags/example_trigger_target_dag.py
[2023-03-25T14:16:28.716-0400] {logging_mixin.py:137} INFO - [2023-03-25T14:16:28.716-0400] {dag.py:2693} INFO - Sync 1 DAGs
[2023-03-25T14:16:28.722-0400] {logging_mixin.py:137} INFO - [2023-03-25T14:16:28.722-0400] {dag.py:3440} INFO - Setting next_dagrun for example_trigger_target_dag to None, run_after=None
[2023-03-25T14:16:28.731-0400] {processor.py:175} INFO - Processing /Users/sunanda/Downloads/airflow/py_env/lib/python3.9/site-packages/airflow/example_dags/example_trigger_target_dag.py took 0.261 seconds
[2023-03-25T14:17:59.645-0400] {processor.py:153} INFO - Started process (PID=8929) to work on /Users/sunanda/Downloads/airflow/py_env/lib/python3.9/site-packages/airflow/example_dags/example_trigger_target_dag.py
[2023-03-25T14:17:59.649-0400] {processor.py:743} INFO - Processing file /Users/sunanda/Downloads/airflow/py_env/lib/python3.9/site-packages/airflow/example_dags/example_trigger_target_dag.py for tasks to queue
[2023-03-25T14:17:59.649-0400] {logging_mixin.py:137} INFO - [2023-03-25T14:17:59.649-0400] {dagbag.py:532} INFO - Filling up the DagBag from /Users/sunanda/Downloads/airflow/py_env/lib/python3.9/site-packages/airflow/example_dags/example_trigger_target_dag.py
[2023-03-25T14:17:59.670-0400] {processor.py:753} INFO - DAG(s) dict_keys(['example_trigger_target_dag']) retrieved from /Users/sunanda/Downloads/airflow/py_env/lib/python3.9/site-packages/airflow/example_dags/example_trigger_target_dag.py
[2023-03-25T14:17:59.902-0400] {logging_mixin.py:137} INFO - [2023-03-25T14:17:59.902-0400] {dag.py:2693} INFO - Sync 1 DAGs
[2023-03-25T14:17:59.909-0400] {logging_mixin.py:137} INFO - [2023-03-25T14:17:59.909-0400] {dag.py:3440} INFO - Setting next_dagrun for example_trigger_target_dag to None, run_after=None
[2023-03-25T14:17:59.918-0400] {processor.py:175} INFO - Processing /Users/sunanda/Downloads/airflow/py_env/lib/python3.9/site-packages/airflow/example_dags/example_trigger_target_dag.py took 0.273 seconds
[2023-03-25T14:18:45.304-0400] {processor.py:153} INFO - Started process (PID=9003) to work on /Users/sunanda/Downloads/airflow/py_env/lib/python3.9/site-packages/airflow/example_dags/example_trigger_target_dag.py
[2023-03-25T14:18:45.306-0400] {processor.py:743} INFO - Processing file /Users/sunanda/Downloads/airflow/py_env/lib/python3.9/site-packages/airflow/example_dags/example_trigger_target_dag.py for tasks to queue
[2023-03-25T14:18:45.306-0400] {logging_mixin.py:137} INFO - [2023-03-25T14:18:45.306-0400] {dagbag.py:532} INFO - Filling up the DagBag from /Users/sunanda/Downloads/airflow/py_env/lib/python3.9/site-packages/airflow/example_dags/example_trigger_target_dag.py
[2023-03-25T14:18:45.324-0400] {processor.py:753} INFO - DAG(s) dict_keys(['example_trigger_target_dag']) retrieved from /Users/sunanda/Downloads/airflow/py_env/lib/python3.9/site-packages/airflow/example_dags/example_trigger_target_dag.py
[2023-03-25T14:18:45.526-0400] {logging_mixin.py:137} INFO - [2023-03-25T14:18:45.526-0400] {dag.py:2693} INFO - Sync 1 DAGs
[2023-03-25T14:18:45.532-0400] {logging_mixin.py:137} INFO - [2023-03-25T14:18:45.532-0400] {dag.py:3440} INFO - Setting next_dagrun for example_trigger_target_dag to None, run_after=None
[2023-03-25T14:18:45.539-0400] {processor.py:175} INFO - Processing /Users/sunanda/Downloads/airflow/py_env/lib/python3.9/site-packages/airflow/example_dags/example_trigger_target_dag.py took 0.236 seconds
[2023-03-25T14:43:05.850-0400] {processor.py:153} INFO - Started process (PID=10724) to work on /Users/sunanda/Downloads/airflow/py_env/lib/python3.9/site-packages/airflow/example_dags/example_trigger_target_dag.py
[2023-03-25T14:43:05.853-0400] {processor.py:743} INFO - Processing file /Users/sunanda/Downloads/airflow/py_env/lib/python3.9/site-packages/airflow/example_dags/example_trigger_target_dag.py for tasks to queue
[2023-03-25T14:43:05.853-0400] {logging_mixin.py:137} INFO - [2023-03-25T14:43:05.853-0400] {dagbag.py:532} INFO - Filling up the DagBag from /Users/sunanda/Downloads/airflow/py_env/lib/python3.9/site-packages/airflow/example_dags/example_trigger_target_dag.py
[2023-03-25T14:43:05.873-0400] {processor.py:753} INFO - DAG(s) dict_keys(['example_trigger_target_dag']) retrieved from /Users/sunanda/Downloads/airflow/py_env/lib/python3.9/site-packages/airflow/example_dags/example_trigger_target_dag.py
[2023-03-25T14:43:06.089-0400] {logging_mixin.py:137} INFO - [2023-03-25T14:43:06.089-0400] {dag.py:2693} INFO - Sync 1 DAGs
[2023-03-25T14:43:06.096-0400] {logging_mixin.py:137} INFO - [2023-03-25T14:43:06.096-0400] {dag.py:3440} INFO - Setting next_dagrun for example_trigger_target_dag to None, run_after=None
[2023-03-25T14:43:06.104-0400] {processor.py:175} INFO - Processing /Users/sunanda/Downloads/airflow/py_env/lib/python3.9/site-packages/airflow/example_dags/example_trigger_target_dag.py took 0.254 seconds
[2023-03-25T14:44:22.843-0400] {processor.py:153} INFO - Started process (PID=10860) to work on /Users/sunanda/Downloads/airflow/py_env/lib/python3.9/site-packages/airflow/example_dags/example_trigger_target_dag.py
[2023-03-25T14:44:22.845-0400] {processor.py:743} INFO - Processing file /Users/sunanda/Downloads/airflow/py_env/lib/python3.9/site-packages/airflow/example_dags/example_trigger_target_dag.py for tasks to queue
[2023-03-25T14:44:22.845-0400] {logging_mixin.py:137} INFO - [2023-03-25T14:44:22.845-0400] {dagbag.py:532} INFO - Filling up the DagBag from /Users/sunanda/Downloads/airflow/py_env/lib/python3.9/site-packages/airflow/example_dags/example_trigger_target_dag.py
[2023-03-25T14:44:22.865-0400] {processor.py:753} INFO - DAG(s) dict_keys(['example_trigger_target_dag']) retrieved from /Users/sunanda/Downloads/airflow/py_env/lib/python3.9/site-packages/airflow/example_dags/example_trigger_target_dag.py
[2023-03-25T14:44:23.081-0400] {logging_mixin.py:137} INFO - [2023-03-25T14:44:23.081-0400] {dag.py:2693} INFO - Sync 1 DAGs
[2023-03-25T14:44:23.088-0400] {logging_mixin.py:137} INFO - [2023-03-25T14:44:23.088-0400] {dag.py:3440} INFO - Setting next_dagrun for example_trigger_target_dag to None, run_after=None
[2023-03-25T14:44:23.096-0400] {processor.py:175} INFO - Processing /Users/sunanda/Downloads/airflow/py_env/lib/python3.9/site-packages/airflow/example_dags/example_trigger_target_dag.py took 0.254 seconds
[2023-03-25T14:45:51.035-0400] {processor.py:153} INFO - Started process (PID=11003) to work on /Users/sunanda/Downloads/airflow/py_env/lib/python3.9/site-packages/airflow/example_dags/example_trigger_target_dag.py
[2023-03-25T14:45:51.037-0400] {processor.py:743} INFO - Processing file /Users/sunanda/Downloads/airflow/py_env/lib/python3.9/site-packages/airflow/example_dags/example_trigger_target_dag.py for tasks to queue
[2023-03-25T14:45:51.038-0400] {logging_mixin.py:137} INFO - [2023-03-25T14:45:51.038-0400] {dagbag.py:532} INFO - Filling up the DagBag from /Users/sunanda/Downloads/airflow/py_env/lib/python3.9/site-packages/airflow/example_dags/example_trigger_target_dag.py
[2023-03-25T14:45:51.058-0400] {processor.py:753} INFO - DAG(s) dict_keys(['example_trigger_target_dag']) retrieved from /Users/sunanda/Downloads/airflow/py_env/lib/python3.9/site-packages/airflow/example_dags/example_trigger_target_dag.py
[2023-03-25T14:45:51.281-0400] {logging_mixin.py:137} INFO - [2023-03-25T14:45:51.281-0400] {dag.py:2693} INFO - Sync 1 DAGs
[2023-03-25T14:45:51.288-0400] {logging_mixin.py:137} INFO - [2023-03-25T14:45:51.288-0400] {dag.py:3440} INFO - Setting next_dagrun for example_trigger_target_dag to None, run_after=None
[2023-03-25T14:45:51.296-0400] {processor.py:175} INFO - Processing /Users/sunanda/Downloads/airflow/py_env/lib/python3.9/site-packages/airflow/example_dags/example_trigger_target_dag.py took 0.261 seconds
[2023-03-25T14:47:24.038-0400] {processor.py:153} INFO - Started process (PID=11147) to work on /Users/sunanda/Downloads/airflow/py_env/lib/python3.9/site-packages/airflow/example_dags/example_trigger_target_dag.py
[2023-03-25T14:47:24.042-0400] {processor.py:743} INFO - Processing file /Users/sunanda/Downloads/airflow/py_env/lib/python3.9/site-packages/airflow/example_dags/example_trigger_target_dag.py for tasks to queue
[2023-03-25T14:47:24.042-0400] {logging_mixin.py:137} INFO - [2023-03-25T14:47:24.042-0400] {dagbag.py:532} INFO - Filling up the DagBag from /Users/sunanda/Downloads/airflow/py_env/lib/python3.9/site-packages/airflow/example_dags/example_trigger_target_dag.py
[2023-03-25T14:47:24.063-0400] {processor.py:753} INFO - DAG(s) dict_keys(['example_trigger_target_dag']) retrieved from /Users/sunanda/Downloads/airflow/py_env/lib/python3.9/site-packages/airflow/example_dags/example_trigger_target_dag.py
[2023-03-25T14:47:24.281-0400] {logging_mixin.py:137} INFO - [2023-03-25T14:47:24.281-0400] {dag.py:2693} INFO - Sync 1 DAGs
[2023-03-25T14:47:24.288-0400] {logging_mixin.py:137} INFO - [2023-03-25T14:47:24.288-0400] {dag.py:3440} INFO - Setting next_dagrun for example_trigger_target_dag to None, run_after=None
[2023-03-25T14:47:24.295-0400] {processor.py:175} INFO - Processing /Users/sunanda/Downloads/airflow/py_env/lib/python3.9/site-packages/airflow/example_dags/example_trigger_target_dag.py took 0.257 seconds
[2023-03-25T16:12:36.976-0400] {processor.py:153} INFO - Started process (PID=17944) to work on /Users/sunanda/Downloads/airflow/py_env/lib/python3.9/site-packages/airflow/example_dags/example_trigger_target_dag.py
[2023-03-25T16:12:36.980-0400] {processor.py:743} INFO - Processing file /Users/sunanda/Downloads/airflow/py_env/lib/python3.9/site-packages/airflow/example_dags/example_trigger_target_dag.py for tasks to queue
[2023-03-25T16:12:36.980-0400] {logging_mixin.py:137} INFO - [2023-03-25T16:12:36.980-0400] {dagbag.py:532} INFO - Filling up the DagBag from /Users/sunanda/Downloads/airflow/py_env/lib/python3.9/site-packages/airflow/example_dags/example_trigger_target_dag.py
[2023-03-25T16:12:37.000-0400] {processor.py:753} INFO - DAG(s) dict_keys(['example_trigger_target_dag']) retrieved from /Users/sunanda/Downloads/airflow/py_env/lib/python3.9/site-packages/airflow/example_dags/example_trigger_target_dag.py
[2023-03-25T16:12:37.342-0400] {logging_mixin.py:137} INFO - [2023-03-25T16:12:37.342-0400] {dag.py:2693} INFO - Sync 1 DAGs
[2023-03-25T16:12:37.371-0400] {logging_mixin.py:137} INFO - [2023-03-25T16:12:37.371-0400] {dag.py:3440} INFO - Setting next_dagrun for example_trigger_target_dag to None, run_after=None
[2023-03-25T16:12:37.380-0400] {processor.py:175} INFO - Processing /Users/sunanda/Downloads/airflow/py_env/lib/python3.9/site-packages/airflow/example_dags/example_trigger_target_dag.py took 0.404 seconds
