[2023-03-25T14:09:39.629-0400] {processor.py:153} INFO - Started process (PID=8096) to work on /Users/sunanda/Downloads/airflow/py_env/lib/python3.9/site-packages/airflow/example_dags/example_short_circuit_decorator.py
[2023-03-25T14:09:39.632-0400] {processor.py:743} INFO - Processing file /Users/sunanda/Downloads/airflow/py_env/lib/python3.9/site-packages/airflow/example_dags/example_short_circuit_decorator.py for tasks to queue
[2023-03-25T14:09:39.632-0400] {logging_mixin.py:137} INFO - [2023-03-25T14:09:39.632-0400] {dagbag.py:532} INFO - Filling up the DagBag from /Users/sunanda/Downloads/airflow/py_env/lib/python3.9/site-packages/airflow/example_dags/example_short_circuit_decorator.py
[2023-03-25T14:09:39.650-0400] {processor.py:753} INFO - DAG(s) dict_keys(['example_short_circuit_decorator']) retrieved from /Users/sunanda/Downloads/airflow/py_env/lib/python3.9/site-packages/airflow/example_dags/example_short_circuit_decorator.py
[2023-03-25T14:09:39.865-0400] {logging_mixin.py:137} INFO - [2023-03-25T14:09:39.865-0400] {dag.py:2693} INFO - Sync 1 DAGs
[2023-03-25T14:09:39.871-0400] {logging_mixin.py:137} INFO - [2023-03-25T14:09:39.871-0400] {dag.py:3440} INFO - Setting next_dagrun for example_short_circuit_decorator to 2023-03-24T18:09:39.871663+00:00, run_after=2023-03-25T18:09:39.871663+00:00
[2023-03-25T14:09:39.879-0400] {processor.py:175} INFO - Processing /Users/sunanda/Downloads/airflow/py_env/lib/python3.9/site-packages/airflow/example_dags/example_short_circuit_decorator.py took 0.250 seconds
[2023-03-25T14:11:03.477-0400] {processor.py:153} INFO - Started process (PID=8241) to work on /Users/sunanda/Downloads/airflow/py_env/lib/python3.9/site-packages/airflow/example_dags/example_short_circuit_decorator.py
[2023-03-25T14:11:03.479-0400] {processor.py:743} INFO - Processing file /Users/sunanda/Downloads/airflow/py_env/lib/python3.9/site-packages/airflow/example_dags/example_short_circuit_decorator.py for tasks to queue
[2023-03-25T14:11:03.479-0400] {logging_mixin.py:137} INFO - [2023-03-25T14:11:03.479-0400] {dagbag.py:532} INFO - Filling up the DagBag from /Users/sunanda/Downloads/airflow/py_env/lib/python3.9/site-packages/airflow/example_dags/example_short_circuit_decorator.py
[2023-03-25T14:11:03.498-0400] {processor.py:753} INFO - DAG(s) dict_keys(['example_short_circuit_decorator']) retrieved from /Users/sunanda/Downloads/airflow/py_env/lib/python3.9/site-packages/airflow/example_dags/example_short_circuit_decorator.py
[2023-03-25T14:11:03.704-0400] {logging_mixin.py:137} INFO - [2023-03-25T14:11:03.703-0400] {dag.py:2693} INFO - Sync 1 DAGs
[2023-03-25T14:11:03.710-0400] {logging_mixin.py:137} INFO - [2023-03-25T14:11:03.710-0400] {dag.py:3440} INFO - Setting next_dagrun for example_short_circuit_decorator to 2023-03-24T18:11:03.710087+00:00, run_after=2023-03-25T18:11:03.710087+00:00
[2023-03-25T14:11:03.717-0400] {processor.py:175} INFO - Processing /Users/sunanda/Downloads/airflow/py_env/lib/python3.9/site-packages/airflow/example_dags/example_short_circuit_decorator.py took 0.240 seconds
[2023-03-25T14:12:19.808-0400] {processor.py:153} INFO - Started process (PID=8381) to work on /Users/sunanda/Downloads/airflow/py_env/lib/python3.9/site-packages/airflow/example_dags/example_short_circuit_decorator.py
[2023-03-25T14:12:19.811-0400] {processor.py:743} INFO - Processing file /Users/sunanda/Downloads/airflow/py_env/lib/python3.9/site-packages/airflow/example_dags/example_short_circuit_decorator.py for tasks to queue
[2023-03-25T14:12:19.811-0400] {logging_mixin.py:137} INFO - [2023-03-25T14:12:19.811-0400] {dagbag.py:532} INFO - Filling up the DagBag from /Users/sunanda/Downloads/airflow/py_env/lib/python3.9/site-packages/airflow/example_dags/example_short_circuit_decorator.py
[2023-03-25T14:12:19.831-0400] {processor.py:753} INFO - DAG(s) dict_keys(['example_short_circuit_decorator']) retrieved from /Users/sunanda/Downloads/airflow/py_env/lib/python3.9/site-packages/airflow/example_dags/example_short_circuit_decorator.py
[2023-03-25T14:12:20.046-0400] {logging_mixin.py:137} INFO - [2023-03-25T14:12:20.045-0400] {dag.py:2693} INFO - Sync 1 DAGs
[2023-03-25T14:12:20.052-0400] {logging_mixin.py:137} INFO - [2023-03-25T14:12:20.052-0400] {dag.py:3440} INFO - Setting next_dagrun for example_short_circuit_decorator to 2023-03-24T18:12:20.052303+00:00, run_after=2023-03-25T18:12:20.052303+00:00
[2023-03-25T14:12:20.059-0400] {processor.py:175} INFO - Processing /Users/sunanda/Downloads/airflow/py_env/lib/python3.9/site-packages/airflow/example_dags/example_short_circuit_decorator.py took 0.251 seconds
[2023-03-25T14:13:46.952-0400] {processor.py:153} INFO - Started process (PID=8515) to work on /Users/sunanda/Downloads/airflow/py_env/lib/python3.9/site-packages/airflow/example_dags/example_short_circuit_decorator.py
[2023-03-25T14:13:46.954-0400] {processor.py:743} INFO - Processing file /Users/sunanda/Downloads/airflow/py_env/lib/python3.9/site-packages/airflow/example_dags/example_short_circuit_decorator.py for tasks to queue
[2023-03-25T14:13:46.954-0400] {logging_mixin.py:137} INFO - [2023-03-25T14:13:46.954-0400] {dagbag.py:532} INFO - Filling up the DagBag from /Users/sunanda/Downloads/airflow/py_env/lib/python3.9/site-packages/airflow/example_dags/example_short_circuit_decorator.py
[2023-03-25T14:13:46.976-0400] {processor.py:753} INFO - DAG(s) dict_keys(['example_short_circuit_decorator']) retrieved from /Users/sunanda/Downloads/airflow/py_env/lib/python3.9/site-packages/airflow/example_dags/example_short_circuit_decorator.py
[2023-03-25T14:13:47.209-0400] {logging_mixin.py:137} INFO - [2023-03-25T14:13:47.209-0400] {dag.py:2693} INFO - Sync 1 DAGs
[2023-03-25T14:13:47.216-0400] {logging_mixin.py:137} INFO - [2023-03-25T14:13:47.216-0400] {dag.py:3440} INFO - Setting next_dagrun for example_short_circuit_decorator to 2023-03-24T18:13:47.216517+00:00, run_after=2023-03-25T18:13:47.216517+00:00
[2023-03-25T14:13:47.225-0400] {processor.py:175} INFO - Processing /Users/sunanda/Downloads/airflow/py_env/lib/python3.9/site-packages/airflow/example_dags/example_short_circuit_decorator.py took 0.274 seconds
[2023-03-25T14:15:10.831-0400] {processor.py:153} INFO - Started process (PID=8647) to work on /Users/sunanda/Downloads/airflow/py_env/lib/python3.9/site-packages/airflow/example_dags/example_short_circuit_decorator.py
[2023-03-25T14:15:10.834-0400] {processor.py:743} INFO - Processing file /Users/sunanda/Downloads/airflow/py_env/lib/python3.9/site-packages/airflow/example_dags/example_short_circuit_decorator.py for tasks to queue
[2023-03-25T14:15:10.834-0400] {logging_mixin.py:137} INFO - [2023-03-25T14:15:10.834-0400] {dagbag.py:532} INFO - Filling up the DagBag from /Users/sunanda/Downloads/airflow/py_env/lib/python3.9/site-packages/airflow/example_dags/example_short_circuit_decorator.py
[2023-03-25T14:15:10.856-0400] {processor.py:753} INFO - DAG(s) dict_keys(['example_short_circuit_decorator']) retrieved from /Users/sunanda/Downloads/airflow/py_env/lib/python3.9/site-packages/airflow/example_dags/example_short_circuit_decorator.py
[2023-03-25T14:15:11.069-0400] {logging_mixin.py:137} INFO - [2023-03-25T14:15:11.069-0400] {dag.py:2693} INFO - Sync 1 DAGs
[2023-03-25T14:15:11.075-0400] {logging_mixin.py:137} INFO - [2023-03-25T14:15:11.075-0400] {dag.py:3440} INFO - Setting next_dagrun for example_short_circuit_decorator to 2023-03-24T18:15:11.075743+00:00, run_after=2023-03-25T18:15:11.075743+00:00
[2023-03-25T14:15:11.083-0400] {processor.py:175} INFO - Processing /Users/sunanda/Downloads/airflow/py_env/lib/python3.9/site-packages/airflow/example_dags/example_short_circuit_decorator.py took 0.252 seconds
[2023-03-25T14:16:43.185-0400] {processor.py:153} INFO - Started process (PID=8788) to work on /Users/sunanda/Downloads/airflow/py_env/lib/python3.9/site-packages/airflow/example_dags/example_short_circuit_decorator.py
[2023-03-25T14:16:43.187-0400] {processor.py:743} INFO - Processing file /Users/sunanda/Downloads/airflow/py_env/lib/python3.9/site-packages/airflow/example_dags/example_short_circuit_decorator.py for tasks to queue
[2023-03-25T14:16:43.187-0400] {logging_mixin.py:137} INFO - [2023-03-25T14:16:43.187-0400] {dagbag.py:532} INFO - Filling up the DagBag from /Users/sunanda/Downloads/airflow/py_env/lib/python3.9/site-packages/airflow/example_dags/example_short_circuit_decorator.py
[2023-03-25T14:16:43.207-0400] {processor.py:753} INFO - DAG(s) dict_keys(['example_short_circuit_decorator']) retrieved from /Users/sunanda/Downloads/airflow/py_env/lib/python3.9/site-packages/airflow/example_dags/example_short_circuit_decorator.py
[2023-03-25T14:16:43.422-0400] {logging_mixin.py:137} INFO - [2023-03-25T14:16:43.422-0400] {dag.py:2693} INFO - Sync 1 DAGs
[2023-03-25T14:16:43.428-0400] {logging_mixin.py:137} INFO - [2023-03-25T14:16:43.428-0400] {dag.py:3440} INFO - Setting next_dagrun for example_short_circuit_decorator to 2023-03-24T18:16:43.428391+00:00, run_after=2023-03-25T18:16:43.428391+00:00
[2023-03-25T14:16:43.435-0400] {processor.py:175} INFO - Processing /Users/sunanda/Downloads/airflow/py_env/lib/python3.9/site-packages/airflow/example_dags/example_short_circuit_decorator.py took 0.251 seconds
[2023-03-25T14:18:16.249-0400] {processor.py:153} INFO - Started process (PID=8954) to work on /Users/sunanda/Downloads/airflow/py_env/lib/python3.9/site-packages/airflow/example_dags/example_short_circuit_decorator.py
[2023-03-25T14:18:16.253-0400] {processor.py:743} INFO - Processing file /Users/sunanda/Downloads/airflow/py_env/lib/python3.9/site-packages/airflow/example_dags/example_short_circuit_decorator.py for tasks to queue
[2023-03-25T14:18:16.253-0400] {logging_mixin.py:137} INFO - [2023-03-25T14:18:16.253-0400] {dagbag.py:532} INFO - Filling up the DagBag from /Users/sunanda/Downloads/airflow/py_env/lib/python3.9/site-packages/airflow/example_dags/example_short_circuit_decorator.py
[2023-03-25T14:18:16.272-0400] {processor.py:753} INFO - DAG(s) dict_keys(['example_short_circuit_decorator']) retrieved from /Users/sunanda/Downloads/airflow/py_env/lib/python3.9/site-packages/airflow/example_dags/example_short_circuit_decorator.py
[2023-03-25T14:18:16.481-0400] {logging_mixin.py:137} INFO - [2023-03-25T14:18:16.481-0400] {dag.py:2693} INFO - Sync 1 DAGs
[2023-03-25T14:18:16.487-0400] {logging_mixin.py:137} INFO - [2023-03-25T14:18:16.487-0400] {dag.py:3440} INFO - Setting next_dagrun for example_short_circuit_decorator to 2023-03-24T18:18:16.487620+00:00, run_after=2023-03-25T18:18:16.487620+00:00
[2023-03-25T14:18:16.495-0400] {processor.py:175} INFO - Processing /Users/sunanda/Downloads/airflow/py_env/lib/python3.9/site-packages/airflow/example_dags/example_short_circuit_decorator.py took 0.246 seconds
[2023-03-25T14:19:01.917-0400] {processor.py:153} INFO - Started process (PID=9028) to work on /Users/sunanda/Downloads/airflow/py_env/lib/python3.9/site-packages/airflow/example_dags/example_short_circuit_decorator.py
[2023-03-25T14:19:01.919-0400] {processor.py:743} INFO - Processing file /Users/sunanda/Downloads/airflow/py_env/lib/python3.9/site-packages/airflow/example_dags/example_short_circuit_decorator.py for tasks to queue
[2023-03-25T14:19:01.919-0400] {logging_mixin.py:137} INFO - [2023-03-25T14:19:01.919-0400] {dagbag.py:532} INFO - Filling up the DagBag from /Users/sunanda/Downloads/airflow/py_env/lib/python3.9/site-packages/airflow/example_dags/example_short_circuit_decorator.py
[2023-03-25T14:19:01.940-0400] {processor.py:753} INFO - DAG(s) dict_keys(['example_short_circuit_decorator']) retrieved from /Users/sunanda/Downloads/airflow/py_env/lib/python3.9/site-packages/airflow/example_dags/example_short_circuit_decorator.py
[2023-03-25T14:19:02.157-0400] {logging_mixin.py:137} INFO - [2023-03-25T14:19:02.157-0400] {dag.py:2693} INFO - Sync 1 DAGs
[2023-03-25T14:19:02.164-0400] {logging_mixin.py:137} INFO - [2023-03-25T14:19:02.164-0400] {dag.py:3440} INFO - Setting next_dagrun for example_short_circuit_decorator to 2023-03-24T18:19:02.164240+00:00, run_after=2023-03-25T18:19:02.164240+00:00
[2023-03-25T14:19:02.171-0400] {processor.py:175} INFO - Processing /Users/sunanda/Downloads/airflow/py_env/lib/python3.9/site-packages/airflow/example_dags/example_short_circuit_decorator.py took 0.255 seconds
[2023-03-25T14:43:21.084-0400] {processor.py:153} INFO - Started process (PID=10748) to work on /Users/sunanda/Downloads/airflow/py_env/lib/python3.9/site-packages/airflow/example_dags/example_short_circuit_decorator.py
[2023-03-25T14:43:21.087-0400] {processor.py:743} INFO - Processing file /Users/sunanda/Downloads/airflow/py_env/lib/python3.9/site-packages/airflow/example_dags/example_short_circuit_decorator.py for tasks to queue
[2023-03-25T14:43:21.087-0400] {logging_mixin.py:137} INFO - [2023-03-25T14:43:21.087-0400] {dagbag.py:532} INFO - Filling up the DagBag from /Users/sunanda/Downloads/airflow/py_env/lib/python3.9/site-packages/airflow/example_dags/example_short_circuit_decorator.py
[2023-03-25T14:43:21.108-0400] {processor.py:753} INFO - DAG(s) dict_keys(['example_short_circuit_decorator']) retrieved from /Users/sunanda/Downloads/airflow/py_env/lib/python3.9/site-packages/airflow/example_dags/example_short_circuit_decorator.py
[2023-03-25T14:43:21.325-0400] {logging_mixin.py:137} INFO - [2023-03-25T14:43:21.324-0400] {dag.py:2693} INFO - Sync 1 DAGs
[2023-03-25T14:43:21.331-0400] {logging_mixin.py:137} INFO - [2023-03-25T14:43:21.331-0400] {dag.py:3440} INFO - Setting next_dagrun for example_short_circuit_decorator to 2023-03-24T18:43:21.331466+00:00, run_after=2023-03-25T18:43:21.331466+00:00
[2023-03-25T14:43:21.339-0400] {processor.py:175} INFO - Processing /Users/sunanda/Downloads/airflow/py_env/lib/python3.9/site-packages/airflow/example_dags/example_short_circuit_decorator.py took 0.256 seconds
[2023-03-25T14:44:38.702-0400] {processor.py:153} INFO - Started process (PID=10887) to work on /Users/sunanda/Downloads/airflow/py_env/lib/python3.9/site-packages/airflow/example_dags/example_short_circuit_decorator.py
[2023-03-25T14:44:38.705-0400] {processor.py:743} INFO - Processing file /Users/sunanda/Downloads/airflow/py_env/lib/python3.9/site-packages/airflow/example_dags/example_short_circuit_decorator.py for tasks to queue
[2023-03-25T14:44:38.705-0400] {logging_mixin.py:137} INFO - [2023-03-25T14:44:38.705-0400] {dagbag.py:532} INFO - Filling up the DagBag from /Users/sunanda/Downloads/airflow/py_env/lib/python3.9/site-packages/airflow/example_dags/example_short_circuit_decorator.py
[2023-03-25T14:44:38.726-0400] {processor.py:753} INFO - DAG(s) dict_keys(['example_short_circuit_decorator']) retrieved from /Users/sunanda/Downloads/airflow/py_env/lib/python3.9/site-packages/airflow/example_dags/example_short_circuit_decorator.py
[2023-03-25T14:44:38.946-0400] {logging_mixin.py:137} INFO - [2023-03-25T14:44:38.946-0400] {dag.py:2693} INFO - Sync 1 DAGs
[2023-03-25T14:44:38.953-0400] {logging_mixin.py:137} INFO - [2023-03-25T14:44:38.953-0400] {dag.py:3440} INFO - Setting next_dagrun for example_short_circuit_decorator to 2023-03-24T18:44:38.952943+00:00, run_after=2023-03-25T18:44:38.952943+00:00
[2023-03-25T14:44:38.961-0400] {processor.py:175} INFO - Processing /Users/sunanda/Downloads/airflow/py_env/lib/python3.9/site-packages/airflow/example_dags/example_short_circuit_decorator.py took 0.259 seconds
[2023-03-25T14:46:06.366-0400] {processor.py:153} INFO - Started process (PID=11027) to work on /Users/sunanda/Downloads/airflow/py_env/lib/python3.9/site-packages/airflow/example_dags/example_short_circuit_decorator.py
[2023-03-25T14:46:06.369-0400] {processor.py:743} INFO - Processing file /Users/sunanda/Downloads/airflow/py_env/lib/python3.9/site-packages/airflow/example_dags/example_short_circuit_decorator.py for tasks to queue
[2023-03-25T14:46:06.369-0400] {logging_mixin.py:137} INFO - [2023-03-25T14:46:06.369-0400] {dagbag.py:532} INFO - Filling up the DagBag from /Users/sunanda/Downloads/airflow/py_env/lib/python3.9/site-packages/airflow/example_dags/example_short_circuit_decorator.py
[2023-03-25T14:46:06.389-0400] {processor.py:753} INFO - DAG(s) dict_keys(['example_short_circuit_decorator']) retrieved from /Users/sunanda/Downloads/airflow/py_env/lib/python3.9/site-packages/airflow/example_dags/example_short_circuit_decorator.py
[2023-03-25T14:46:06.631-0400] {logging_mixin.py:137} INFO - [2023-03-25T14:46:06.631-0400] {dag.py:2693} INFO - Sync 1 DAGs
[2023-03-25T14:46:06.640-0400] {logging_mixin.py:137} INFO - [2023-03-25T14:46:06.640-0400] {dag.py:3440} INFO - Setting next_dagrun for example_short_circuit_decorator to 2023-03-24T18:46:06.640356+00:00, run_after=2023-03-25T18:46:06.640356+00:00
[2023-03-25T14:46:06.649-0400] {processor.py:175} INFO - Processing /Users/sunanda/Downloads/airflow/py_env/lib/python3.9/site-packages/airflow/example_dags/example_short_circuit_decorator.py took 0.283 seconds
[2023-03-25T14:47:40.491-0400] {processor.py:153} INFO - Started process (PID=11173) to work on /Users/sunanda/Downloads/airflow/py_env/lib/python3.9/site-packages/airflow/example_dags/example_short_circuit_decorator.py
[2023-03-25T14:47:40.494-0400] {processor.py:743} INFO - Processing file /Users/sunanda/Downloads/airflow/py_env/lib/python3.9/site-packages/airflow/example_dags/example_short_circuit_decorator.py for tasks to queue
[2023-03-25T14:47:40.495-0400] {logging_mixin.py:137} INFO - [2023-03-25T14:47:40.494-0400] {dagbag.py:532} INFO - Filling up the DagBag from /Users/sunanda/Downloads/airflow/py_env/lib/python3.9/site-packages/airflow/example_dags/example_short_circuit_decorator.py
[2023-03-25T14:47:40.515-0400] {processor.py:753} INFO - DAG(s) dict_keys(['example_short_circuit_decorator']) retrieved from /Users/sunanda/Downloads/airflow/py_env/lib/python3.9/site-packages/airflow/example_dags/example_short_circuit_decorator.py
[2023-03-25T14:47:40.730-0400] {logging_mixin.py:137} INFO - [2023-03-25T14:47:40.730-0400] {dag.py:2693} INFO - Sync 1 DAGs
[2023-03-25T14:47:40.736-0400] {logging_mixin.py:137} INFO - [2023-03-25T14:47:40.736-0400] {dag.py:3440} INFO - Setting next_dagrun for example_short_circuit_decorator to 2023-03-24T18:47:40.736432+00:00, run_after=2023-03-25T18:47:40.736432+00:00
[2023-03-25T14:47:40.744-0400] {processor.py:175} INFO - Processing /Users/sunanda/Downloads/airflow/py_env/lib/python3.9/site-packages/airflow/example_dags/example_short_circuit_decorator.py took 0.253 seconds
