[2023-03-25T14:09:52.273-0400] {processor.py:153} INFO - Started process (PID=8116) to work on /Users/sunanda/Downloads/airflow/py_env/lib/python3.9/site-packages/airflow/example_dags/example_local_kubernetes_executor.py
[2023-03-25T14:09:52.275-0400] {processor.py:743} INFO - Processing file /Users/sunanda/Downloads/airflow/py_env/lib/python3.9/site-packages/airflow/example_dags/example_local_kubernetes_executor.py for tasks to queue
[2023-03-25T14:09:52.276-0400] {logging_mixin.py:137} INFO - [2023-03-25T14:09:52.276-0400] {dagbag.py:532} INFO - Filling up the DagBag from /Users/sunanda/Downloads/airflow/py_env/lib/python3.9/site-packages/airflow/example_dags/example_local_kubernetes_executor.py
[2023-03-25T14:09:52.296-0400] {processor.py:753} INFO - DAG(s) dict_keys(['example_local_kubernetes_executor']) retrieved from /Users/sunanda/Downloads/airflow/py_env/lib/python3.9/site-packages/airflow/example_dags/example_local_kubernetes_executor.py
[2023-03-25T14:09:52.526-0400] {logging_mixin.py:137} INFO - [2023-03-25T14:09:52.526-0400] {dag.py:2693} INFO - Sync 1 DAGs
[2023-03-25T14:09:52.532-0400] {logging_mixin.py:137} INFO - [2023-03-25T14:09:52.532-0400] {dag.py:3440} INFO - Setting next_dagrun for example_local_kubernetes_executor to None, run_after=None
[2023-03-25T14:09:52.540-0400] {processor.py:175} INFO - Processing /Users/sunanda/Downloads/airflow/py_env/lib/python3.9/site-packages/airflow/example_dags/example_local_kubernetes_executor.py took 0.267 seconds
[2023-03-25T14:11:16.339-0400] {processor.py:153} INFO - Started process (PID=8263) to work on /Users/sunanda/Downloads/airflow/py_env/lib/python3.9/site-packages/airflow/example_dags/example_local_kubernetes_executor.py
[2023-03-25T14:11:16.342-0400] {processor.py:743} INFO - Processing file /Users/sunanda/Downloads/airflow/py_env/lib/python3.9/site-packages/airflow/example_dags/example_local_kubernetes_executor.py for tasks to queue
[2023-03-25T14:11:16.342-0400] {logging_mixin.py:137} INFO - [2023-03-25T14:11:16.342-0400] {dagbag.py:532} INFO - Filling up the DagBag from /Users/sunanda/Downloads/airflow/py_env/lib/python3.9/site-packages/airflow/example_dags/example_local_kubernetes_executor.py
[2023-03-25T14:11:16.360-0400] {processor.py:753} INFO - DAG(s) dict_keys(['example_local_kubernetes_executor']) retrieved from /Users/sunanda/Downloads/airflow/py_env/lib/python3.9/site-packages/airflow/example_dags/example_local_kubernetes_executor.py
[2023-03-25T14:11:16.564-0400] {logging_mixin.py:137} INFO - [2023-03-25T14:11:16.564-0400] {dag.py:2693} INFO - Sync 1 DAGs
[2023-03-25T14:11:16.570-0400] {logging_mixin.py:137} INFO - [2023-03-25T14:11:16.570-0400] {dag.py:3440} INFO - Setting next_dagrun for example_local_kubernetes_executor to None, run_after=None
[2023-03-25T14:11:16.578-0400] {processor.py:175} INFO - Processing /Users/sunanda/Downloads/airflow/py_env/lib/python3.9/site-packages/airflow/example_dags/example_local_kubernetes_executor.py took 0.239 seconds
[2023-03-25T14:12:45.585-0400] {processor.py:153} INFO - Started process (PID=8420) to work on /Users/sunanda/Downloads/airflow/py_env/lib/python3.9/site-packages/airflow/example_dags/example_local_kubernetes_executor.py
[2023-03-25T14:12:45.588-0400] {processor.py:743} INFO - Processing file /Users/sunanda/Downloads/airflow/py_env/lib/python3.9/site-packages/airflow/example_dags/example_local_kubernetes_executor.py for tasks to queue
[2023-03-25T14:12:45.588-0400] {logging_mixin.py:137} INFO - [2023-03-25T14:12:45.588-0400] {dagbag.py:532} INFO - Filling up the DagBag from /Users/sunanda/Downloads/airflow/py_env/lib/python3.9/site-packages/airflow/example_dags/example_local_kubernetes_executor.py
[2023-03-25T14:12:45.607-0400] {processor.py:753} INFO - DAG(s) dict_keys(['example_local_kubernetes_executor']) retrieved from /Users/sunanda/Downloads/airflow/py_env/lib/python3.9/site-packages/airflow/example_dags/example_local_kubernetes_executor.py
[2023-03-25T14:12:45.818-0400] {logging_mixin.py:137} INFO - [2023-03-25T14:12:45.818-0400] {dag.py:2693} INFO - Sync 1 DAGs
[2023-03-25T14:12:45.825-0400] {logging_mixin.py:137} INFO - [2023-03-25T14:12:45.825-0400] {dag.py:3440} INFO - Setting next_dagrun for example_local_kubernetes_executor to None, run_after=None
[2023-03-25T14:12:45.832-0400] {processor.py:175} INFO - Processing /Users/sunanda/Downloads/airflow/py_env/lib/python3.9/site-packages/airflow/example_dags/example_local_kubernetes_executor.py took 0.247 seconds
[2023-03-25T14:14:11.560-0400] {processor.py:153} INFO - Started process (PID=8554) to work on /Users/sunanda/Downloads/airflow/py_env/lib/python3.9/site-packages/airflow/example_dags/example_local_kubernetes_executor.py
[2023-03-25T14:14:11.563-0400] {processor.py:743} INFO - Processing file /Users/sunanda/Downloads/airflow/py_env/lib/python3.9/site-packages/airflow/example_dags/example_local_kubernetes_executor.py for tasks to queue
[2023-03-25T14:14:11.563-0400] {logging_mixin.py:137} INFO - [2023-03-25T14:14:11.563-0400] {dagbag.py:532} INFO - Filling up the DagBag from /Users/sunanda/Downloads/airflow/py_env/lib/python3.9/site-packages/airflow/example_dags/example_local_kubernetes_executor.py
[2023-03-25T14:14:11.584-0400] {processor.py:753} INFO - DAG(s) dict_keys(['example_local_kubernetes_executor']) retrieved from /Users/sunanda/Downloads/airflow/py_env/lib/python3.9/site-packages/airflow/example_dags/example_local_kubernetes_executor.py
[2023-03-25T14:14:11.793-0400] {logging_mixin.py:137} INFO - [2023-03-25T14:14:11.793-0400] {dag.py:2693} INFO - Sync 1 DAGs
[2023-03-25T14:14:11.799-0400] {logging_mixin.py:137} INFO - [2023-03-25T14:14:11.799-0400] {dag.py:3440} INFO - Setting next_dagrun for example_local_kubernetes_executor to None, run_after=None
[2023-03-25T14:14:11.806-0400] {processor.py:175} INFO - Processing /Users/sunanda/Downloads/airflow/py_env/lib/python3.9/site-packages/airflow/example_dags/example_local_kubernetes_executor.py took 0.246 seconds
[2023-03-25T14:15:39.954-0400] {processor.py:153} INFO - Started process (PID=8691) to work on /Users/sunanda/Downloads/airflow/py_env/lib/python3.9/site-packages/airflow/example_dags/example_local_kubernetes_executor.py
[2023-03-25T14:15:39.958-0400] {processor.py:743} INFO - Processing file /Users/sunanda/Downloads/airflow/py_env/lib/python3.9/site-packages/airflow/example_dags/example_local_kubernetes_executor.py for tasks to queue
[2023-03-25T14:15:39.958-0400] {logging_mixin.py:137} INFO - [2023-03-25T14:15:39.958-0400] {dagbag.py:532} INFO - Filling up the DagBag from /Users/sunanda/Downloads/airflow/py_env/lib/python3.9/site-packages/airflow/example_dags/example_local_kubernetes_executor.py
[2023-03-25T14:15:39.978-0400] {processor.py:753} INFO - DAG(s) dict_keys(['example_local_kubernetes_executor']) retrieved from /Users/sunanda/Downloads/airflow/py_env/lib/python3.9/site-packages/airflow/example_dags/example_local_kubernetes_executor.py
[2023-03-25T14:15:40.189-0400] {logging_mixin.py:137} INFO - [2023-03-25T14:15:40.188-0400] {dag.py:2693} INFO - Sync 1 DAGs
[2023-03-25T14:15:40.195-0400] {logging_mixin.py:137} INFO - [2023-03-25T14:15:40.195-0400] {dag.py:3440} INFO - Setting next_dagrun for example_local_kubernetes_executor to None, run_after=None
[2023-03-25T14:15:40.202-0400] {processor.py:175} INFO - Processing /Users/sunanda/Downloads/airflow/py_env/lib/python3.9/site-packages/airflow/example_dags/example_local_kubernetes_executor.py took 0.248 seconds
[2023-03-25T14:17:11.411-0400] {processor.py:153} INFO - Started process (PID=8833) to work on /Users/sunanda/Downloads/airflow/py_env/lib/python3.9/site-packages/airflow/example_dags/example_local_kubernetes_executor.py
[2023-03-25T14:17:11.413-0400] {processor.py:743} INFO - Processing file /Users/sunanda/Downloads/airflow/py_env/lib/python3.9/site-packages/airflow/example_dags/example_local_kubernetes_executor.py for tasks to queue
[2023-03-25T14:17:11.413-0400] {logging_mixin.py:137} INFO - [2023-03-25T14:17:11.413-0400] {dagbag.py:532} INFO - Filling up the DagBag from /Users/sunanda/Downloads/airflow/py_env/lib/python3.9/site-packages/airflow/example_dags/example_local_kubernetes_executor.py
[2023-03-25T14:17:11.432-0400] {processor.py:753} INFO - DAG(s) dict_keys(['example_local_kubernetes_executor']) retrieved from /Users/sunanda/Downloads/airflow/py_env/lib/python3.9/site-packages/airflow/example_dags/example_local_kubernetes_executor.py
[2023-03-25T14:17:11.647-0400] {logging_mixin.py:137} INFO - [2023-03-25T14:17:11.646-0400] {dag.py:2693} INFO - Sync 1 DAGs
[2023-03-25T14:17:11.653-0400] {logging_mixin.py:137} INFO - [2023-03-25T14:17:11.653-0400] {dag.py:3440} INFO - Setting next_dagrun for example_local_kubernetes_executor to None, run_after=None
[2023-03-25T14:17:11.661-0400] {processor.py:175} INFO - Processing /Users/sunanda/Downloads/airflow/py_env/lib/python3.9/site-packages/airflow/example_dags/example_local_kubernetes_executor.py took 0.251 seconds
[2023-03-25T14:19:14.727-0400] {processor.py:153} INFO - Started process (PID=9050) to work on /Users/sunanda/Downloads/airflow/py_env/lib/python3.9/site-packages/airflow/example_dags/example_local_kubernetes_executor.py
[2023-03-25T14:19:14.730-0400] {processor.py:743} INFO - Processing file /Users/sunanda/Downloads/airflow/py_env/lib/python3.9/site-packages/airflow/example_dags/example_local_kubernetes_executor.py for tasks to queue
[2023-03-25T14:19:14.731-0400] {logging_mixin.py:137} INFO - [2023-03-25T14:19:14.731-0400] {dagbag.py:532} INFO - Filling up the DagBag from /Users/sunanda/Downloads/airflow/py_env/lib/python3.9/site-packages/airflow/example_dags/example_local_kubernetes_executor.py
[2023-03-25T14:19:14.751-0400] {processor.py:753} INFO - DAG(s) dict_keys(['example_local_kubernetes_executor']) retrieved from /Users/sunanda/Downloads/airflow/py_env/lib/python3.9/site-packages/airflow/example_dags/example_local_kubernetes_executor.py
[2023-03-25T14:19:14.965-0400] {logging_mixin.py:137} INFO - [2023-03-25T14:19:14.965-0400] {dag.py:2693} INFO - Sync 1 DAGs
[2023-03-25T14:19:14.971-0400] {logging_mixin.py:137} INFO - [2023-03-25T14:19:14.971-0400] {dag.py:3440} INFO - Setting next_dagrun for example_local_kubernetes_executor to None, run_after=None
[2023-03-25T14:19:14.978-0400] {processor.py:175} INFO - Processing /Users/sunanda/Downloads/airflow/py_env/lib/python3.9/site-packages/airflow/example_dags/example_local_kubernetes_executor.py took 0.251 seconds
[2023-03-25T14:43:33.891-0400] {processor.py:153} INFO - Started process (PID=10767) to work on /Users/sunanda/Downloads/airflow/py_env/lib/python3.9/site-packages/airflow/example_dags/example_local_kubernetes_executor.py
[2023-03-25T14:43:33.894-0400] {processor.py:743} INFO - Processing file /Users/sunanda/Downloads/airflow/py_env/lib/python3.9/site-packages/airflow/example_dags/example_local_kubernetes_executor.py for tasks to queue
[2023-03-25T14:43:33.894-0400] {logging_mixin.py:137} INFO - [2023-03-25T14:43:33.894-0400] {dagbag.py:532} INFO - Filling up the DagBag from /Users/sunanda/Downloads/airflow/py_env/lib/python3.9/site-packages/airflow/example_dags/example_local_kubernetes_executor.py
[2023-03-25T14:43:33.915-0400] {processor.py:753} INFO - DAG(s) dict_keys(['example_local_kubernetes_executor']) retrieved from /Users/sunanda/Downloads/airflow/py_env/lib/python3.9/site-packages/airflow/example_dags/example_local_kubernetes_executor.py
[2023-03-25T14:43:34.136-0400] {logging_mixin.py:137} INFO - [2023-03-25T14:43:34.136-0400] {dag.py:2693} INFO - Sync 1 DAGs
[2023-03-25T14:43:34.143-0400] {logging_mixin.py:137} INFO - [2023-03-25T14:43:34.143-0400] {dag.py:3440} INFO - Setting next_dagrun for example_local_kubernetes_executor to None, run_after=None
[2023-03-25T14:43:34.150-0400] {processor.py:175} INFO - Processing /Users/sunanda/Downloads/airflow/py_env/lib/python3.9/site-packages/airflow/example_dags/example_local_kubernetes_executor.py took 0.260 seconds
[2023-03-25T14:45:08.160-0400] {processor.py:153} INFO - Started process (PID=10936) to work on /Users/sunanda/Downloads/airflow/py_env/lib/python3.9/site-packages/airflow/example_dags/example_local_kubernetes_executor.py
[2023-03-25T14:45:08.163-0400] {processor.py:743} INFO - Processing file /Users/sunanda/Downloads/airflow/py_env/lib/python3.9/site-packages/airflow/example_dags/example_local_kubernetes_executor.py for tasks to queue
[2023-03-25T14:45:08.163-0400] {logging_mixin.py:137} INFO - [2023-03-25T14:45:08.163-0400] {dagbag.py:532} INFO - Filling up the DagBag from /Users/sunanda/Downloads/airflow/py_env/lib/python3.9/site-packages/airflow/example_dags/example_local_kubernetes_executor.py
[2023-03-25T14:45:08.184-0400] {processor.py:753} INFO - DAG(s) dict_keys(['example_local_kubernetes_executor']) retrieved from /Users/sunanda/Downloads/airflow/py_env/lib/python3.9/site-packages/airflow/example_dags/example_local_kubernetes_executor.py
[2023-03-25T14:45:08.401-0400] {logging_mixin.py:137} INFO - [2023-03-25T14:45:08.401-0400] {dag.py:2693} INFO - Sync 1 DAGs
[2023-03-25T14:45:08.407-0400] {logging_mixin.py:137} INFO - [2023-03-25T14:45:08.407-0400] {dag.py:3440} INFO - Setting next_dagrun for example_local_kubernetes_executor to None, run_after=None
[2023-03-25T14:45:08.414-0400] {processor.py:175} INFO - Processing /Users/sunanda/Downloads/airflow/py_env/lib/python3.9/site-packages/airflow/example_dags/example_local_kubernetes_executor.py took 0.254 seconds
[2023-03-25T14:46:37.747-0400] {processor.py:153} INFO - Started process (PID=11076) to work on /Users/sunanda/Downloads/airflow/py_env/lib/python3.9/site-packages/airflow/example_dags/example_local_kubernetes_executor.py
[2023-03-25T14:46:37.750-0400] {processor.py:743} INFO - Processing file /Users/sunanda/Downloads/airflow/py_env/lib/python3.9/site-packages/airflow/example_dags/example_local_kubernetes_executor.py for tasks to queue
[2023-03-25T14:46:37.750-0400] {logging_mixin.py:137} INFO - [2023-03-25T14:46:37.750-0400] {dagbag.py:532} INFO - Filling up the DagBag from /Users/sunanda/Downloads/airflow/py_env/lib/python3.9/site-packages/airflow/example_dags/example_local_kubernetes_executor.py
[2023-03-25T14:46:37.772-0400] {processor.py:753} INFO - DAG(s) dict_keys(['example_local_kubernetes_executor']) retrieved from /Users/sunanda/Downloads/airflow/py_env/lib/python3.9/site-packages/airflow/example_dags/example_local_kubernetes_executor.py
[2023-03-25T14:46:37.994-0400] {logging_mixin.py:137} INFO - [2023-03-25T14:46:37.994-0400] {dag.py:2693} INFO - Sync 1 DAGs
[2023-03-25T14:46:38.001-0400] {logging_mixin.py:137} INFO - [2023-03-25T14:46:38.001-0400] {dag.py:3440} INFO - Setting next_dagrun for example_local_kubernetes_executor to None, run_after=None
[2023-03-25T14:46:38.009-0400] {processor.py:175} INFO - Processing /Users/sunanda/Downloads/airflow/py_env/lib/python3.9/site-packages/airflow/example_dags/example_local_kubernetes_executor.py took 0.263 seconds
[2023-03-25T14:48:06.647-0400] {processor.py:153} INFO - Started process (PID=11215) to work on /Users/sunanda/Downloads/airflow/py_env/lib/python3.9/site-packages/airflow/example_dags/example_local_kubernetes_executor.py
[2023-03-25T14:48:06.650-0400] {processor.py:743} INFO - Processing file /Users/sunanda/Downloads/airflow/py_env/lib/python3.9/site-packages/airflow/example_dags/example_local_kubernetes_executor.py for tasks to queue
[2023-03-25T14:48:06.651-0400] {logging_mixin.py:137} INFO - [2023-03-25T14:48:06.651-0400] {dagbag.py:532} INFO - Filling up the DagBag from /Users/sunanda/Downloads/airflow/py_env/lib/python3.9/site-packages/airflow/example_dags/example_local_kubernetes_executor.py
[2023-03-25T14:48:06.671-0400] {processor.py:753} INFO - DAG(s) dict_keys(['example_local_kubernetes_executor']) retrieved from /Users/sunanda/Downloads/airflow/py_env/lib/python3.9/site-packages/airflow/example_dags/example_local_kubernetes_executor.py
[2023-03-25T14:48:06.898-0400] {logging_mixin.py:137} INFO - [2023-03-25T14:48:06.898-0400] {dag.py:2693} INFO - Sync 1 DAGs
[2023-03-25T14:48:06.905-0400] {logging_mixin.py:137} INFO - [2023-03-25T14:48:06.905-0400] {dag.py:3440} INFO - Setting next_dagrun for example_local_kubernetes_executor to None, run_after=None
[2023-03-25T14:48:06.913-0400] {processor.py:175} INFO - Processing /Users/sunanda/Downloads/airflow/py_env/lib/python3.9/site-packages/airflow/example_dags/example_local_kubernetes_executor.py took 0.266 seconds
