[2023-03-25T14:10:20.269-0400] {processor.py:153} INFO - Started process (PID=8161) to work on /Users/sunanda/Downloads/airflow/py_env/lib/python3.9/site-packages/airflow/example_dags/example_bash_operator.py
[2023-03-25T14:10:20.271-0400] {processor.py:743} INFO - Processing file /Users/sunanda/Downloads/airflow/py_env/lib/python3.9/site-packages/airflow/example_dags/example_bash_operator.py for tasks to queue
[2023-03-25T14:10:20.271-0400] {logging_mixin.py:137} INFO - [2023-03-25T14:10:20.271-0400] {dagbag.py:532} INFO - Filling up the DagBag from /Users/sunanda/Downloads/airflow/py_env/lib/python3.9/site-packages/airflow/example_dags/example_bash_operator.py
[2023-03-25T14:10:20.292-0400] {processor.py:753} INFO - DAG(s) dict_keys(['example_bash_operator']) retrieved from /Users/sunanda/Downloads/airflow/py_env/lib/python3.9/site-packages/airflow/example_dags/example_bash_operator.py
[2023-03-25T14:10:20.520-0400] {logging_mixin.py:137} INFO - [2023-03-25T14:10:20.520-0400] {dag.py:2693} INFO - Sync 1 DAGs
[2023-03-25T14:10:20.527-0400] {logging_mixin.py:137} INFO - [2023-03-25T14:10:20.527-0400] {dag.py:3440} INFO - Setting next_dagrun for example_bash_operator to 2023-03-24T00:00:00+00:00, run_after=2023-03-25T00:00:00+00:00
[2023-03-25T14:10:20.535-0400] {processor.py:175} INFO - Processing /Users/sunanda/Downloads/airflow/py_env/lib/python3.9/site-packages/airflow/example_dags/example_bash_operator.py took 0.266 seconds
[2023-03-25T14:11:42.510-0400] {processor.py:153} INFO - Started process (PID=8303) to work on /Users/sunanda/Downloads/airflow/py_env/lib/python3.9/site-packages/airflow/example_dags/example_bash_operator.py
[2023-03-25T14:11:42.513-0400] {processor.py:743} INFO - Processing file /Users/sunanda/Downloads/airflow/py_env/lib/python3.9/site-packages/airflow/example_dags/example_bash_operator.py for tasks to queue
[2023-03-25T14:11:42.513-0400] {logging_mixin.py:137} INFO - [2023-03-25T14:11:42.513-0400] {dagbag.py:532} INFO - Filling up the DagBag from /Users/sunanda/Downloads/airflow/py_env/lib/python3.9/site-packages/airflow/example_dags/example_bash_operator.py
[2023-03-25T14:11:42.532-0400] {processor.py:753} INFO - DAG(s) dict_keys(['example_bash_operator']) retrieved from /Users/sunanda/Downloads/airflow/py_env/lib/python3.9/site-packages/airflow/example_dags/example_bash_operator.py
[2023-03-25T14:11:42.736-0400] {logging_mixin.py:137} INFO - [2023-03-25T14:11:42.736-0400] {dag.py:2693} INFO - Sync 1 DAGs
[2023-03-25T14:11:42.743-0400] {logging_mixin.py:137} INFO - [2023-03-25T14:11:42.743-0400] {dag.py:3440} INFO - Setting next_dagrun for example_bash_operator to 2023-03-24T00:00:00+00:00, run_after=2023-03-25T00:00:00+00:00
[2023-03-25T14:11:42.750-0400] {processor.py:175} INFO - Processing /Users/sunanda/Downloads/airflow/py_env/lib/python3.9/site-packages/airflow/example_dags/example_bash_operator.py took 0.240 seconds
[2023-03-25T14:13:11.179-0400] {processor.py:153} INFO - Started process (PID=8459) to work on /Users/sunanda/Downloads/airflow/py_env/lib/python3.9/site-packages/airflow/example_dags/example_bash_operator.py
[2023-03-25T14:13:11.182-0400] {processor.py:743} INFO - Processing file /Users/sunanda/Downloads/airflow/py_env/lib/python3.9/site-packages/airflow/example_dags/example_bash_operator.py for tasks to queue
[2023-03-25T14:13:11.182-0400] {logging_mixin.py:137} INFO - [2023-03-25T14:13:11.182-0400] {dagbag.py:532} INFO - Filling up the DagBag from /Users/sunanda/Downloads/airflow/py_env/lib/python3.9/site-packages/airflow/example_dags/example_bash_operator.py
[2023-03-25T14:13:11.203-0400] {processor.py:753} INFO - DAG(s) dict_keys(['example_bash_operator']) retrieved from /Users/sunanda/Downloads/airflow/py_env/lib/python3.9/site-packages/airflow/example_dags/example_bash_operator.py
[2023-03-25T14:13:11.412-0400] {logging_mixin.py:137} INFO - [2023-03-25T14:13:11.412-0400] {dag.py:2693} INFO - Sync 1 DAGs
[2023-03-25T14:13:11.419-0400] {logging_mixin.py:137} INFO - [2023-03-25T14:13:11.419-0400] {dag.py:3440} INFO - Setting next_dagrun for example_bash_operator to 2023-03-24T00:00:00+00:00, run_after=2023-03-25T00:00:00+00:00
[2023-03-25T14:13:11.426-0400] {processor.py:175} INFO - Processing /Users/sunanda/Downloads/airflow/py_env/lib/python3.9/site-packages/airflow/example_dags/example_bash_operator.py took 0.247 seconds
[2023-03-25T14:14:36.435-0400] {processor.py:153} INFO - Started process (PID=8593) to work on /Users/sunanda/Downloads/airflow/py_env/lib/python3.9/site-packages/airflow/example_dags/example_bash_operator.py
[2023-03-25T14:14:36.438-0400] {processor.py:743} INFO - Processing file /Users/sunanda/Downloads/airflow/py_env/lib/python3.9/site-packages/airflow/example_dags/example_bash_operator.py for tasks to queue
[2023-03-25T14:14:36.438-0400] {logging_mixin.py:137} INFO - [2023-03-25T14:14:36.438-0400] {dagbag.py:532} INFO - Filling up the DagBag from /Users/sunanda/Downloads/airflow/py_env/lib/python3.9/site-packages/airflow/example_dags/example_bash_operator.py
[2023-03-25T14:14:36.458-0400] {processor.py:753} INFO - DAG(s) dict_keys(['example_bash_operator']) retrieved from /Users/sunanda/Downloads/airflow/py_env/lib/python3.9/site-packages/airflow/example_dags/example_bash_operator.py
[2023-03-25T14:14:36.663-0400] {logging_mixin.py:137} INFO - [2023-03-25T14:14:36.662-0400] {dag.py:2693} INFO - Sync 1 DAGs
[2023-03-25T14:14:36.670-0400] {logging_mixin.py:137} INFO - [2023-03-25T14:14:36.670-0400] {dag.py:3440} INFO - Setting next_dagrun for example_bash_operator to 2023-03-24T00:00:00+00:00, run_after=2023-03-25T00:00:00+00:00
[2023-03-25T14:14:36.677-0400] {processor.py:175} INFO - Processing /Users/sunanda/Downloads/airflow/py_env/lib/python3.9/site-packages/airflow/example_dags/example_bash_operator.py took 0.243 seconds
[2023-03-25T14:16:06.281-0400] {processor.py:153} INFO - Started process (PID=8731) to work on /Users/sunanda/Downloads/airflow/py_env/lib/python3.9/site-packages/airflow/example_dags/example_bash_operator.py
[2023-03-25T14:16:06.284-0400] {processor.py:743} INFO - Processing file /Users/sunanda/Downloads/airflow/py_env/lib/python3.9/site-packages/airflow/example_dags/example_bash_operator.py for tasks to queue
[2023-03-25T14:16:06.284-0400] {logging_mixin.py:137} INFO - [2023-03-25T14:16:06.284-0400] {dagbag.py:532} INFO - Filling up the DagBag from /Users/sunanda/Downloads/airflow/py_env/lib/python3.9/site-packages/airflow/example_dags/example_bash_operator.py
[2023-03-25T14:16:06.305-0400] {processor.py:753} INFO - DAG(s) dict_keys(['example_bash_operator']) retrieved from /Users/sunanda/Downloads/airflow/py_env/lib/python3.9/site-packages/airflow/example_dags/example_bash_operator.py
[2023-03-25T14:16:06.509-0400] {logging_mixin.py:137} INFO - [2023-03-25T14:16:06.509-0400] {dag.py:2693} INFO - Sync 1 DAGs
[2023-03-25T14:16:06.516-0400] {logging_mixin.py:137} INFO - [2023-03-25T14:16:06.516-0400] {dag.py:3440} INFO - Setting next_dagrun for example_bash_operator to 2023-03-24T00:00:00+00:00, run_after=2023-03-25T00:00:00+00:00
[2023-03-25T14:16:06.523-0400] {processor.py:175} INFO - Processing /Users/sunanda/Downloads/airflow/py_env/lib/python3.9/site-packages/airflow/example_dags/example_bash_operator.py took 0.243 seconds
[2023-03-25T14:17:37.814-0400] {processor.py:153} INFO - Started process (PID=8875) to work on /Users/sunanda/Downloads/airflow/py_env/lib/python3.9/site-packages/airflow/example_dags/example_bash_operator.py
[2023-03-25T14:17:37.817-0400] {processor.py:743} INFO - Processing file /Users/sunanda/Downloads/airflow/py_env/lib/python3.9/site-packages/airflow/example_dags/example_bash_operator.py for tasks to queue
[2023-03-25T14:17:37.818-0400] {logging_mixin.py:137} INFO - [2023-03-25T14:17:37.818-0400] {dagbag.py:532} INFO - Filling up the DagBag from /Users/sunanda/Downloads/airflow/py_env/lib/python3.9/site-packages/airflow/example_dags/example_bash_operator.py
[2023-03-25T14:17:37.840-0400] {processor.py:753} INFO - DAG(s) dict_keys(['example_bash_operator']) retrieved from /Users/sunanda/Downloads/airflow/py_env/lib/python3.9/site-packages/airflow/example_dags/example_bash_operator.py
[2023-03-25T14:17:38.065-0400] {logging_mixin.py:137} INFO - [2023-03-25T14:17:38.065-0400] {dag.py:2693} INFO - Sync 1 DAGs
[2023-03-25T14:17:38.073-0400] {logging_mixin.py:137} INFO - [2023-03-25T14:17:38.073-0400] {dag.py:3440} INFO - Setting next_dagrun for example_bash_operator to 2023-03-24T00:00:00+00:00, run_after=2023-03-25T00:00:00+00:00
[2023-03-25T14:17:38.081-0400] {processor.py:175} INFO - Processing /Users/sunanda/Downloads/airflow/py_env/lib/python3.9/site-packages/airflow/example_dags/example_bash_operator.py took 0.267 seconds
[2023-03-25T14:19:41.774-0400] {processor.py:153} INFO - Started process (PID=9094) to work on /Users/sunanda/Downloads/airflow/py_env/lib/python3.9/site-packages/airflow/example_dags/example_bash_operator.py
[2023-03-25T14:19:41.776-0400] {processor.py:743} INFO - Processing file /Users/sunanda/Downloads/airflow/py_env/lib/python3.9/site-packages/airflow/example_dags/example_bash_operator.py for tasks to queue
[2023-03-25T14:19:41.776-0400] {logging_mixin.py:137} INFO - [2023-03-25T14:19:41.776-0400] {dagbag.py:532} INFO - Filling up the DagBag from /Users/sunanda/Downloads/airflow/py_env/lib/python3.9/site-packages/airflow/example_dags/example_bash_operator.py
[2023-03-25T14:19:41.798-0400] {processor.py:753} INFO - DAG(s) dict_keys(['example_bash_operator']) retrieved from /Users/sunanda/Downloads/airflow/py_env/lib/python3.9/site-packages/airflow/example_dags/example_bash_operator.py
[2023-03-25T14:19:42.025-0400] {logging_mixin.py:137} INFO - [2023-03-25T14:19:42.024-0400] {dag.py:2693} INFO - Sync 1 DAGs
[2023-03-25T14:19:42.032-0400] {logging_mixin.py:137} INFO - [2023-03-25T14:19:42.032-0400] {dag.py:3440} INFO - Setting next_dagrun for example_bash_operator to 2023-03-24T00:00:00+00:00, run_after=2023-03-25T00:00:00+00:00
[2023-03-25T14:19:42.039-0400] {processor.py:175} INFO - Processing /Users/sunanda/Downloads/airflow/py_env/lib/python3.9/site-packages/airflow/example_dags/example_bash_operator.py took 0.266 seconds
[2023-03-25T14:44:01.329-0400] {processor.py:153} INFO - Started process (PID=10816) to work on /Users/sunanda/Downloads/airflow/py_env/lib/python3.9/site-packages/airflow/example_dags/example_bash_operator.py
[2023-03-25T14:44:01.332-0400] {processor.py:743} INFO - Processing file /Users/sunanda/Downloads/airflow/py_env/lib/python3.9/site-packages/airflow/example_dags/example_bash_operator.py for tasks to queue
[2023-03-25T14:44:01.332-0400] {logging_mixin.py:137} INFO - [2023-03-25T14:44:01.332-0400] {dagbag.py:532} INFO - Filling up the DagBag from /Users/sunanda/Downloads/airflow/py_env/lib/python3.9/site-packages/airflow/example_dags/example_bash_operator.py
[2023-03-25T14:44:01.353-0400] {processor.py:753} INFO - DAG(s) dict_keys(['example_bash_operator']) retrieved from /Users/sunanda/Downloads/airflow/py_env/lib/python3.9/site-packages/airflow/example_dags/example_bash_operator.py
[2023-03-25T14:44:01.567-0400] {logging_mixin.py:137} INFO - [2023-03-25T14:44:01.567-0400] {dag.py:2693} INFO - Sync 1 DAGs
[2023-03-25T14:44:01.574-0400] {logging_mixin.py:137} INFO - [2023-03-25T14:44:01.574-0400] {dag.py:3440} INFO - Setting next_dagrun for example_bash_operator to 2023-03-24T00:00:00+00:00, run_after=2023-03-25T00:00:00+00:00
[2023-03-25T14:44:01.583-0400] {processor.py:175} INFO - Processing /Users/sunanda/Downloads/airflow/py_env/lib/python3.9/site-packages/airflow/example_dags/example_bash_operator.py took 0.254 seconds
[2023-03-25T14:45:32.818-0400] {processor.py:153} INFO - Started process (PID=10975) to work on /Users/sunanda/Downloads/airflow/py_env/lib/python3.9/site-packages/airflow/example_dags/example_bash_operator.py
[2023-03-25T14:45:32.821-0400] {processor.py:743} INFO - Processing file /Users/sunanda/Downloads/airflow/py_env/lib/python3.9/site-packages/airflow/example_dags/example_bash_operator.py for tasks to queue
[2023-03-25T14:45:32.821-0400] {logging_mixin.py:137} INFO - [2023-03-25T14:45:32.821-0400] {dagbag.py:532} INFO - Filling up the DagBag from /Users/sunanda/Downloads/airflow/py_env/lib/python3.9/site-packages/airflow/example_dags/example_bash_operator.py
[2023-03-25T14:45:32.843-0400] {processor.py:753} INFO - DAG(s) dict_keys(['example_bash_operator']) retrieved from /Users/sunanda/Downloads/airflow/py_env/lib/python3.9/site-packages/airflow/example_dags/example_bash_operator.py
[2023-03-25T14:45:33.057-0400] {logging_mixin.py:137} INFO - [2023-03-25T14:45:33.057-0400] {dag.py:2693} INFO - Sync 1 DAGs
[2023-03-25T14:45:33.064-0400] {logging_mixin.py:137} INFO - [2023-03-25T14:45:33.064-0400] {dag.py:3440} INFO - Setting next_dagrun for example_bash_operator to 2023-03-24T00:00:00+00:00, run_after=2023-03-25T00:00:00+00:00
[2023-03-25T14:45:33.072-0400] {processor.py:175} INFO - Processing /Users/sunanda/Downloads/airflow/py_env/lib/python3.9/site-packages/airflow/example_dags/example_bash_operator.py took 0.254 seconds
[2023-03-25T14:47:04.211-0400] {processor.py:153} INFO - Started process (PID=11117) to work on /Users/sunanda/Downloads/airflow/py_env/lib/python3.9/site-packages/airflow/example_dags/example_bash_operator.py
[2023-03-25T14:47:04.215-0400] {processor.py:743} INFO - Processing file /Users/sunanda/Downloads/airflow/py_env/lib/python3.9/site-packages/airflow/example_dags/example_bash_operator.py for tasks to queue
[2023-03-25T14:47:04.215-0400] {logging_mixin.py:137} INFO - [2023-03-25T14:47:04.215-0400] {dagbag.py:532} INFO - Filling up the DagBag from /Users/sunanda/Downloads/airflow/py_env/lib/python3.9/site-packages/airflow/example_dags/example_bash_operator.py
[2023-03-25T14:47:04.237-0400] {processor.py:753} INFO - DAG(s) dict_keys(['example_bash_operator']) retrieved from /Users/sunanda/Downloads/airflow/py_env/lib/python3.9/site-packages/airflow/example_dags/example_bash_operator.py
[2023-03-25T14:47:04.470-0400] {logging_mixin.py:137} INFO - [2023-03-25T14:47:04.470-0400] {dag.py:2693} INFO - Sync 1 DAGs
[2023-03-25T14:47:04.477-0400] {logging_mixin.py:137} INFO - [2023-03-25T14:47:04.477-0400] {dag.py:3440} INFO - Setting next_dagrun for example_bash_operator to 2023-03-24T00:00:00+00:00, run_after=2023-03-25T00:00:00+00:00
[2023-03-25T14:47:04.485-0400] {processor.py:175} INFO - Processing /Users/sunanda/Downloads/airflow/py_env/lib/python3.9/site-packages/airflow/example_dags/example_bash_operator.py took 0.274 seconds
