[2023-03-25T14:10:18.351-0400] {processor.py:153} INFO - Started process (PID=8159) to work on /Users/sunanda/Downloads/airflow/py_env/lib/python3.9/site-packages/airflow/example_dags/example_branch_datetime_operator.py
[2023-03-25T14:10:18.353-0400] {processor.py:743} INFO - Processing file /Users/sunanda/Downloads/airflow/py_env/lib/python3.9/site-packages/airflow/example_dags/example_branch_datetime_operator.py for tasks to queue
[2023-03-25T14:10:18.353-0400] {logging_mixin.py:137} INFO - [2023-03-25T14:10:18.353-0400] {dagbag.py:532} INFO - Filling up the DagBag from /Users/sunanda/Downloads/airflow/py_env/lib/python3.9/site-packages/airflow/example_dags/example_branch_datetime_operator.py
[2023-03-25T14:10:18.366-0400] {processor.py:753} INFO - DAG(s) dict_keys(['example_branch_datetime_operator_3', 'example_branch_datetime_operator_2', 'example_branch_datetime_operator']) retrieved from /Users/sunanda/Downloads/airflow/py_env/lib/python3.9/site-packages/airflow/example_dags/example_branch_datetime_operator.py
[2023-03-25T14:10:18.593-0400] {logging_mixin.py:137} INFO - [2023-03-25T14:10:18.593-0400] {dag.py:2693} INFO - Sync 3 DAGs
[2023-03-25T14:10:18.600-0400] {logging_mixin.py:137} INFO - [2023-03-25T14:10:18.600-0400] {dag.py:3440} INFO - Setting next_dagrun for example_branch_datetime_operator to 2023-03-24T00:00:00+00:00, run_after=2023-03-25T00:00:00+00:00
[2023-03-25T14:10:18.601-0400] {logging_mixin.py:137} INFO - [2023-03-25T14:10:18.601-0400] {dag.py:3440} INFO - Setting next_dagrun for example_branch_datetime_operator_2 to 2023-03-24T00:00:00+00:00, run_after=2023-03-25T00:00:00+00:00
[2023-03-25T14:10:18.602-0400] {logging_mixin.py:137} INFO - [2023-03-25T14:10:18.602-0400] {dag.py:3440} INFO - Setting next_dagrun for example_branch_datetime_operator_3 to 2023-03-24T00:00:00+00:00, run_after=2023-03-25T00:00:00+00:00
[2023-03-25T14:10:18.609-0400] {processor.py:175} INFO - Processing /Users/sunanda/Downloads/airflow/py_env/lib/python3.9/site-packages/airflow/example_dags/example_branch_datetime_operator.py took 0.258 seconds
[2023-03-25T14:11:40.649-0400] {processor.py:153} INFO - Started process (PID=8300) to work on /Users/sunanda/Downloads/airflow/py_env/lib/python3.9/site-packages/airflow/example_dags/example_branch_datetime_operator.py
[2023-03-25T14:11:40.651-0400] {processor.py:743} INFO - Processing file /Users/sunanda/Downloads/airflow/py_env/lib/python3.9/site-packages/airflow/example_dags/example_branch_datetime_operator.py for tasks to queue
[2023-03-25T14:11:40.652-0400] {logging_mixin.py:137} INFO - [2023-03-25T14:11:40.651-0400] {dagbag.py:532} INFO - Filling up the DagBag from /Users/sunanda/Downloads/airflow/py_env/lib/python3.9/site-packages/airflow/example_dags/example_branch_datetime_operator.py
[2023-03-25T14:11:40.663-0400] {processor.py:753} INFO - DAG(s) dict_keys(['example_branch_datetime_operator_2', 'example_branch_datetime_operator_3', 'example_branch_datetime_operator']) retrieved from /Users/sunanda/Downloads/airflow/py_env/lib/python3.9/site-packages/airflow/example_dags/example_branch_datetime_operator.py
[2023-03-25T14:11:40.872-0400] {logging_mixin.py:137} INFO - [2023-03-25T14:11:40.872-0400] {dag.py:2693} INFO - Sync 3 DAGs
[2023-03-25T14:11:40.879-0400] {logging_mixin.py:137} INFO - [2023-03-25T14:11:40.879-0400] {dag.py:3440} INFO - Setting next_dagrun for example_branch_datetime_operator to 2023-03-24T00:00:00+00:00, run_after=2023-03-25T00:00:00+00:00
[2023-03-25T14:11:40.881-0400] {logging_mixin.py:137} INFO - [2023-03-25T14:11:40.880-0400] {dag.py:3440} INFO - Setting next_dagrun for example_branch_datetime_operator_2 to 2023-03-24T00:00:00+00:00, run_after=2023-03-25T00:00:00+00:00
[2023-03-25T14:11:40.881-0400] {logging_mixin.py:137} INFO - [2023-03-25T14:11:40.881-0400] {dag.py:3440} INFO - Setting next_dagrun for example_branch_datetime_operator_3 to 2023-03-24T00:00:00+00:00, run_after=2023-03-25T00:00:00+00:00
[2023-03-25T14:11:40.888-0400] {processor.py:175} INFO - Processing /Users/sunanda/Downloads/airflow/py_env/lib/python3.9/site-packages/airflow/example_dags/example_branch_datetime_operator.py took 0.239 seconds
[2023-03-25T14:13:09.280-0400] {processor.py:153} INFO - Started process (PID=8456) to work on /Users/sunanda/Downloads/airflow/py_env/lib/python3.9/site-packages/airflow/example_dags/example_branch_datetime_operator.py
[2023-03-25T14:13:09.282-0400] {processor.py:743} INFO - Processing file /Users/sunanda/Downloads/airflow/py_env/lib/python3.9/site-packages/airflow/example_dags/example_branch_datetime_operator.py for tasks to queue
[2023-03-25T14:13:09.282-0400] {logging_mixin.py:137} INFO - [2023-03-25T14:13:09.282-0400] {dagbag.py:532} INFO - Filling up the DagBag from /Users/sunanda/Downloads/airflow/py_env/lib/python3.9/site-packages/airflow/example_dags/example_branch_datetime_operator.py
[2023-03-25T14:13:09.294-0400] {processor.py:753} INFO - DAG(s) dict_keys(['example_branch_datetime_operator_2', 'example_branch_datetime_operator_3', 'example_branch_datetime_operator']) retrieved from /Users/sunanda/Downloads/airflow/py_env/lib/python3.9/site-packages/airflow/example_dags/example_branch_datetime_operator.py
[2023-03-25T14:13:09.513-0400] {logging_mixin.py:137} INFO - [2023-03-25T14:13:09.513-0400] {dag.py:2693} INFO - Sync 3 DAGs
[2023-03-25T14:13:09.520-0400] {logging_mixin.py:137} INFO - [2023-03-25T14:13:09.520-0400] {dag.py:3440} INFO - Setting next_dagrun for example_branch_datetime_operator to 2023-03-24T00:00:00+00:00, run_after=2023-03-25T00:00:00+00:00
[2023-03-25T14:13:09.522-0400] {logging_mixin.py:137} INFO - [2023-03-25T14:13:09.522-0400] {dag.py:3440} INFO - Setting next_dagrun for example_branch_datetime_operator_2 to 2023-03-24T00:00:00+00:00, run_after=2023-03-25T00:00:00+00:00
[2023-03-25T14:13:09.522-0400] {logging_mixin.py:137} INFO - [2023-03-25T14:13:09.522-0400] {dag.py:3440} INFO - Setting next_dagrun for example_branch_datetime_operator_3 to 2023-03-24T00:00:00+00:00, run_after=2023-03-25T00:00:00+00:00
[2023-03-25T14:13:09.529-0400] {processor.py:175} INFO - Processing /Users/sunanda/Downloads/airflow/py_env/lib/python3.9/site-packages/airflow/example_dags/example_branch_datetime_operator.py took 0.249 seconds
[2023-03-25T14:14:34.555-0400] {processor.py:153} INFO - Started process (PID=8590) to work on /Users/sunanda/Downloads/airflow/py_env/lib/python3.9/site-packages/airflow/example_dags/example_branch_datetime_operator.py
[2023-03-25T14:14:34.558-0400] {processor.py:743} INFO - Processing file /Users/sunanda/Downloads/airflow/py_env/lib/python3.9/site-packages/airflow/example_dags/example_branch_datetime_operator.py for tasks to queue
[2023-03-25T14:14:34.559-0400] {logging_mixin.py:137} INFO - [2023-03-25T14:14:34.559-0400] {dagbag.py:532} INFO - Filling up the DagBag from /Users/sunanda/Downloads/airflow/py_env/lib/python3.9/site-packages/airflow/example_dags/example_branch_datetime_operator.py
[2023-03-25T14:14:34.570-0400] {processor.py:753} INFO - DAG(s) dict_keys(['example_branch_datetime_operator_3', 'example_branch_datetime_operator_2', 'example_branch_datetime_operator']) retrieved from /Users/sunanda/Downloads/airflow/py_env/lib/python3.9/site-packages/airflow/example_dags/example_branch_datetime_operator.py
[2023-03-25T14:14:34.783-0400] {logging_mixin.py:137} INFO - [2023-03-25T14:14:34.783-0400] {dag.py:2693} INFO - Sync 3 DAGs
[2023-03-25T14:14:34.790-0400] {logging_mixin.py:137} INFO - [2023-03-25T14:14:34.790-0400] {dag.py:3440} INFO - Setting next_dagrun for example_branch_datetime_operator to 2023-03-24T00:00:00+00:00, run_after=2023-03-25T00:00:00+00:00
[2023-03-25T14:14:34.791-0400] {logging_mixin.py:137} INFO - [2023-03-25T14:14:34.791-0400] {dag.py:3440} INFO - Setting next_dagrun for example_branch_datetime_operator_2 to 2023-03-24T00:00:00+00:00, run_after=2023-03-25T00:00:00+00:00
[2023-03-25T14:14:34.792-0400] {logging_mixin.py:137} INFO - [2023-03-25T14:14:34.792-0400] {dag.py:3440} INFO - Setting next_dagrun for example_branch_datetime_operator_3 to 2023-03-24T00:00:00+00:00, run_after=2023-03-25T00:00:00+00:00
[2023-03-25T14:14:34.799-0400] {processor.py:175} INFO - Processing /Users/sunanda/Downloads/airflow/py_env/lib/python3.9/site-packages/airflow/example_dags/example_branch_datetime_operator.py took 0.244 seconds
[2023-03-25T14:16:04.405-0400] {processor.py:153} INFO - Started process (PID=8728) to work on /Users/sunanda/Downloads/airflow/py_env/lib/python3.9/site-packages/airflow/example_dags/example_branch_datetime_operator.py
[2023-03-25T14:16:04.408-0400] {processor.py:743} INFO - Processing file /Users/sunanda/Downloads/airflow/py_env/lib/python3.9/site-packages/airflow/example_dags/example_branch_datetime_operator.py for tasks to queue
[2023-03-25T14:16:04.408-0400] {logging_mixin.py:137} INFO - [2023-03-25T14:16:04.408-0400] {dagbag.py:532} INFO - Filling up the DagBag from /Users/sunanda/Downloads/airflow/py_env/lib/python3.9/site-packages/airflow/example_dags/example_branch_datetime_operator.py
[2023-03-25T14:16:04.420-0400] {processor.py:753} INFO - DAG(s) dict_keys(['example_branch_datetime_operator', 'example_branch_datetime_operator_2', 'example_branch_datetime_operator_3']) retrieved from /Users/sunanda/Downloads/airflow/py_env/lib/python3.9/site-packages/airflow/example_dags/example_branch_datetime_operator.py
[2023-03-25T14:16:04.629-0400] {logging_mixin.py:137} INFO - [2023-03-25T14:16:04.629-0400] {dag.py:2693} INFO - Sync 3 DAGs
[2023-03-25T14:16:04.636-0400] {logging_mixin.py:137} INFO - [2023-03-25T14:16:04.636-0400] {dag.py:3440} INFO - Setting next_dagrun for example_branch_datetime_operator to 2023-03-24T00:00:00+00:00, run_after=2023-03-25T00:00:00+00:00
[2023-03-25T14:16:04.638-0400] {logging_mixin.py:137} INFO - [2023-03-25T14:16:04.637-0400] {dag.py:3440} INFO - Setting next_dagrun for example_branch_datetime_operator_2 to 2023-03-24T00:00:00+00:00, run_after=2023-03-25T00:00:00+00:00
[2023-03-25T14:16:04.638-0400] {logging_mixin.py:137} INFO - [2023-03-25T14:16:04.638-0400] {dag.py:3440} INFO - Setting next_dagrun for example_branch_datetime_operator_3 to 2023-03-24T00:00:00+00:00, run_after=2023-03-25T00:00:00+00:00
[2023-03-25T14:16:04.645-0400] {processor.py:175} INFO - Processing /Users/sunanda/Downloads/airflow/py_env/lib/python3.9/site-packages/airflow/example_dags/example_branch_datetime_operator.py took 0.240 seconds
[2023-03-25T14:17:35.882-0400] {processor.py:153} INFO - Started process (PID=8872) to work on /Users/sunanda/Downloads/airflow/py_env/lib/python3.9/site-packages/airflow/example_dags/example_branch_datetime_operator.py
[2023-03-25T14:17:35.885-0400] {processor.py:743} INFO - Processing file /Users/sunanda/Downloads/airflow/py_env/lib/python3.9/site-packages/airflow/example_dags/example_branch_datetime_operator.py for tasks to queue
[2023-03-25T14:17:35.885-0400] {logging_mixin.py:137} INFO - [2023-03-25T14:17:35.885-0400] {dagbag.py:532} INFO - Filling up the DagBag from /Users/sunanda/Downloads/airflow/py_env/lib/python3.9/site-packages/airflow/example_dags/example_branch_datetime_operator.py
[2023-03-25T14:17:35.899-0400] {processor.py:753} INFO - DAG(s) dict_keys(['example_branch_datetime_operator_2', 'example_branch_datetime_operator_3', 'example_branch_datetime_operator']) retrieved from /Users/sunanda/Downloads/airflow/py_env/lib/python3.9/site-packages/airflow/example_dags/example_branch_datetime_operator.py
[2023-03-25T14:17:36.130-0400] {logging_mixin.py:137} INFO - [2023-03-25T14:17:36.130-0400] {dag.py:2693} INFO - Sync 3 DAGs
[2023-03-25T14:17:36.137-0400] {logging_mixin.py:137} INFO - [2023-03-25T14:17:36.137-0400] {dag.py:3440} INFO - Setting next_dagrun for example_branch_datetime_operator to 2023-03-24T00:00:00+00:00, run_after=2023-03-25T00:00:00+00:00
[2023-03-25T14:17:36.139-0400] {logging_mixin.py:137} INFO - [2023-03-25T14:17:36.139-0400] {dag.py:3440} INFO - Setting next_dagrun for example_branch_datetime_operator_2 to 2023-03-24T00:00:00+00:00, run_after=2023-03-25T00:00:00+00:00
[2023-03-25T14:17:36.140-0400] {logging_mixin.py:137} INFO - [2023-03-25T14:17:36.140-0400] {dag.py:3440} INFO - Setting next_dagrun for example_branch_datetime_operator_3 to 2023-03-24T00:00:00+00:00, run_after=2023-03-25T00:00:00+00:00
[2023-03-25T14:17:36.146-0400] {processor.py:175} INFO - Processing /Users/sunanda/Downloads/airflow/py_env/lib/python3.9/site-packages/airflow/example_dags/example_branch_datetime_operator.py took 0.265 seconds
[2023-03-25T14:19:39.860-0400] {processor.py:153} INFO - Started process (PID=9092) to work on /Users/sunanda/Downloads/airflow/py_env/lib/python3.9/site-packages/airflow/example_dags/example_branch_datetime_operator.py
[2023-03-25T14:19:39.862-0400] {processor.py:743} INFO - Processing file /Users/sunanda/Downloads/airflow/py_env/lib/python3.9/site-packages/airflow/example_dags/example_branch_datetime_operator.py for tasks to queue
[2023-03-25T14:19:39.862-0400] {logging_mixin.py:137} INFO - [2023-03-25T14:19:39.862-0400] {dagbag.py:532} INFO - Filling up the DagBag from /Users/sunanda/Downloads/airflow/py_env/lib/python3.9/site-packages/airflow/example_dags/example_branch_datetime_operator.py
[2023-03-25T14:19:39.876-0400] {processor.py:753} INFO - DAG(s) dict_keys(['example_branch_datetime_operator_3', 'example_branch_datetime_operator_2', 'example_branch_datetime_operator']) retrieved from /Users/sunanda/Downloads/airflow/py_env/lib/python3.9/site-packages/airflow/example_dags/example_branch_datetime_operator.py
[2023-03-25T14:19:40.102-0400] {logging_mixin.py:137} INFO - [2023-03-25T14:19:40.102-0400] {dag.py:2693} INFO - Sync 3 DAGs
[2023-03-25T14:19:40.109-0400] {logging_mixin.py:137} INFO - [2023-03-25T14:19:40.109-0400] {dag.py:3440} INFO - Setting next_dagrun for example_branch_datetime_operator to 2023-03-24T00:00:00+00:00, run_after=2023-03-25T00:00:00+00:00
[2023-03-25T14:19:40.111-0400] {logging_mixin.py:137} INFO - [2023-03-25T14:19:40.111-0400] {dag.py:3440} INFO - Setting next_dagrun for example_branch_datetime_operator_2 to 2023-03-24T00:00:00+00:00, run_after=2023-03-25T00:00:00+00:00
[2023-03-25T14:19:40.112-0400] {logging_mixin.py:137} INFO - [2023-03-25T14:19:40.112-0400] {dag.py:3440} INFO - Setting next_dagrun for example_branch_datetime_operator_3 to 2023-03-24T00:00:00+00:00, run_after=2023-03-25T00:00:00+00:00
[2023-03-25T14:19:40.118-0400] {processor.py:175} INFO - Processing /Users/sunanda/Downloads/airflow/py_env/lib/python3.9/site-packages/airflow/example_dags/example_branch_datetime_operator.py took 0.258 seconds
[2023-03-25T14:43:59.448-0400] {processor.py:153} INFO - Started process (PID=10813) to work on /Users/sunanda/Downloads/airflow/py_env/lib/python3.9/site-packages/airflow/example_dags/example_branch_datetime_operator.py
[2023-03-25T14:43:59.452-0400] {processor.py:743} INFO - Processing file /Users/sunanda/Downloads/airflow/py_env/lib/python3.9/site-packages/airflow/example_dags/example_branch_datetime_operator.py for tasks to queue
[2023-03-25T14:43:59.452-0400] {logging_mixin.py:137} INFO - [2023-03-25T14:43:59.452-0400] {dagbag.py:532} INFO - Filling up the DagBag from /Users/sunanda/Downloads/airflow/py_env/lib/python3.9/site-packages/airflow/example_dags/example_branch_datetime_operator.py
[2023-03-25T14:43:59.465-0400] {processor.py:753} INFO - DAG(s) dict_keys(['example_branch_datetime_operator_3', 'example_branch_datetime_operator', 'example_branch_datetime_operator_2']) retrieved from /Users/sunanda/Downloads/airflow/py_env/lib/python3.9/site-packages/airflow/example_dags/example_branch_datetime_operator.py
[2023-03-25T14:43:59.690-0400] {logging_mixin.py:137} INFO - [2023-03-25T14:43:59.690-0400] {dag.py:2693} INFO - Sync 3 DAGs
[2023-03-25T14:43:59.697-0400] {logging_mixin.py:137} INFO - [2023-03-25T14:43:59.697-0400] {dag.py:3440} INFO - Setting next_dagrun for example_branch_datetime_operator to 2023-03-24T00:00:00+00:00, run_after=2023-03-25T00:00:00+00:00
[2023-03-25T14:43:59.699-0400] {logging_mixin.py:137} INFO - [2023-03-25T14:43:59.699-0400] {dag.py:3440} INFO - Setting next_dagrun for example_branch_datetime_operator_2 to 2023-03-24T00:00:00+00:00, run_after=2023-03-25T00:00:00+00:00
[2023-03-25T14:43:59.699-0400] {logging_mixin.py:137} INFO - [2023-03-25T14:43:59.699-0400] {dag.py:3440} INFO - Setting next_dagrun for example_branch_datetime_operator_3 to 2023-03-24T00:00:00+00:00, run_after=2023-03-25T00:00:00+00:00
[2023-03-25T14:43:59.707-0400] {processor.py:175} INFO - Processing /Users/sunanda/Downloads/airflow/py_env/lib/python3.9/site-packages/airflow/example_dags/example_branch_datetime_operator.py took 0.259 seconds
[2023-03-25T14:45:30.960-0400] {processor.py:153} INFO - Started process (PID=10972) to work on /Users/sunanda/Downloads/airflow/py_env/lib/python3.9/site-packages/airflow/example_dags/example_branch_datetime_operator.py
[2023-03-25T14:45:30.962-0400] {processor.py:743} INFO - Processing file /Users/sunanda/Downloads/airflow/py_env/lib/python3.9/site-packages/airflow/example_dags/example_branch_datetime_operator.py for tasks to queue
[2023-03-25T14:45:30.962-0400] {logging_mixin.py:137} INFO - [2023-03-25T14:45:30.962-0400] {dagbag.py:532} INFO - Filling up the DagBag from /Users/sunanda/Downloads/airflow/py_env/lib/python3.9/site-packages/airflow/example_dags/example_branch_datetime_operator.py
[2023-03-25T14:45:30.975-0400] {processor.py:753} INFO - DAG(s) dict_keys(['example_branch_datetime_operator_2', 'example_branch_datetime_operator_3', 'example_branch_datetime_operator']) retrieved from /Users/sunanda/Downloads/airflow/py_env/lib/python3.9/site-packages/airflow/example_dags/example_branch_datetime_operator.py
[2023-03-25T14:45:31.190-0400] {logging_mixin.py:137} INFO - [2023-03-25T14:45:31.190-0400] {dag.py:2693} INFO - Sync 3 DAGs
[2023-03-25T14:45:31.198-0400] {logging_mixin.py:137} INFO - [2023-03-25T14:45:31.198-0400] {dag.py:3440} INFO - Setting next_dagrun for example_branch_datetime_operator to 2023-03-24T00:00:00+00:00, run_after=2023-03-25T00:00:00+00:00
[2023-03-25T14:45:31.199-0400] {logging_mixin.py:137} INFO - [2023-03-25T14:45:31.199-0400] {dag.py:3440} INFO - Setting next_dagrun for example_branch_datetime_operator_2 to 2023-03-24T00:00:00+00:00, run_after=2023-03-25T00:00:00+00:00
[2023-03-25T14:45:31.200-0400] {logging_mixin.py:137} INFO - [2023-03-25T14:45:31.200-0400] {dag.py:3440} INFO - Setting next_dagrun for example_branch_datetime_operator_3 to 2023-03-24T00:00:00+00:00, run_after=2023-03-25T00:00:00+00:00
[2023-03-25T14:45:31.207-0400] {processor.py:175} INFO - Processing /Users/sunanda/Downloads/airflow/py_env/lib/python3.9/site-packages/airflow/example_dags/example_branch_datetime_operator.py took 0.248 seconds
[2023-03-25T14:47:02.337-0400] {processor.py:153} INFO - Started process (PID=11114) to work on /Users/sunanda/Downloads/airflow/py_env/lib/python3.9/site-packages/airflow/example_dags/example_branch_datetime_operator.py
[2023-03-25T14:47:02.341-0400] {processor.py:743} INFO - Processing file /Users/sunanda/Downloads/airflow/py_env/lib/python3.9/site-packages/airflow/example_dags/example_branch_datetime_operator.py for tasks to queue
[2023-03-25T14:47:02.341-0400] {logging_mixin.py:137} INFO - [2023-03-25T14:47:02.341-0400] {dagbag.py:532} INFO - Filling up the DagBag from /Users/sunanda/Downloads/airflow/py_env/lib/python3.9/site-packages/airflow/example_dags/example_branch_datetime_operator.py
[2023-03-25T14:47:02.354-0400] {processor.py:753} INFO - DAG(s) dict_keys(['example_branch_datetime_operator', 'example_branch_datetime_operator_2', 'example_branch_datetime_operator_3']) retrieved from /Users/sunanda/Downloads/airflow/py_env/lib/python3.9/site-packages/airflow/example_dags/example_branch_datetime_operator.py
[2023-03-25T14:47:02.580-0400] {logging_mixin.py:137} INFO - [2023-03-25T14:47:02.580-0400] {dag.py:2693} INFO - Sync 3 DAGs
[2023-03-25T14:47:02.587-0400] {logging_mixin.py:137} INFO - [2023-03-25T14:47:02.587-0400] {dag.py:3440} INFO - Setting next_dagrun for example_branch_datetime_operator to 2023-03-24T00:00:00+00:00, run_after=2023-03-25T00:00:00+00:00
[2023-03-25T14:47:02.589-0400] {logging_mixin.py:137} INFO - [2023-03-25T14:47:02.589-0400] {dag.py:3440} INFO - Setting next_dagrun for example_branch_datetime_operator_2 to 2023-03-24T00:00:00+00:00, run_after=2023-03-25T00:00:00+00:00
[2023-03-25T14:47:02.590-0400] {logging_mixin.py:137} INFO - [2023-03-25T14:47:02.589-0400] {dag.py:3440} INFO - Setting next_dagrun for example_branch_datetime_operator_3 to 2023-03-24T00:00:00+00:00, run_after=2023-03-25T00:00:00+00:00
[2023-03-25T14:47:02.597-0400] {processor.py:175} INFO - Processing /Users/sunanda/Downloads/airflow/py_env/lib/python3.9/site-packages/airflow/example_dags/example_branch_datetime_operator.py took 0.260 seconds
