[2023-03-25T14:10:10.668-0400] {processor.py:153} INFO - Started process (PID=8147) to work on /Users/sunanda/Downloads/airflow/py_env/lib/python3.9/site-packages/airflow/example_dags/example_branch_operator_decorator.py
[2023-03-25T14:10:10.670-0400] {processor.py:743} INFO - Processing file /Users/sunanda/Downloads/airflow/py_env/lib/python3.9/site-packages/airflow/example_dags/example_branch_operator_decorator.py for tasks to queue
[2023-03-25T14:10:10.670-0400] {logging_mixin.py:137} INFO - [2023-03-25T14:10:10.670-0400] {dagbag.py:532} INFO - Filling up the DagBag from /Users/sunanda/Downloads/airflow/py_env/lib/python3.9/site-packages/airflow/example_dags/example_branch_operator_decorator.py
[2023-03-25T14:10:10.690-0400] {processor.py:753} INFO - DAG(s) dict_keys(['example_branch_python_operator_decorator']) retrieved from /Users/sunanda/Downloads/airflow/py_env/lib/python3.9/site-packages/airflow/example_dags/example_branch_operator_decorator.py
[2023-03-25T14:10:10.915-0400] {logging_mixin.py:137} INFO - [2023-03-25T14:10:10.915-0400] {dag.py:2693} INFO - Sync 1 DAGs
[2023-03-25T14:10:10.923-0400] {logging_mixin.py:137} INFO - [2023-03-25T14:10:10.923-0400] {dag.py:3440} INFO - Setting next_dagrun for example_branch_python_operator_decorator to 2023-03-24T00:00:00+00:00, run_after=2023-03-25T00:00:00+00:00
[2023-03-25T14:10:10.931-0400] {processor.py:175} INFO - Processing /Users/sunanda/Downloads/airflow/py_env/lib/python3.9/site-packages/airflow/example_dags/example_branch_operator_decorator.py took 0.264 seconds
[2023-03-25T14:11:33.248-0400] {processor.py:153} INFO - Started process (PID=8289) to work on /Users/sunanda/Downloads/airflow/py_env/lib/python3.9/site-packages/airflow/example_dags/example_branch_operator_decorator.py
[2023-03-25T14:11:33.250-0400] {processor.py:743} INFO - Processing file /Users/sunanda/Downloads/airflow/py_env/lib/python3.9/site-packages/airflow/example_dags/example_branch_operator_decorator.py for tasks to queue
[2023-03-25T14:11:33.250-0400] {logging_mixin.py:137} INFO - [2023-03-25T14:11:33.250-0400] {dagbag.py:532} INFO - Filling up the DagBag from /Users/sunanda/Downloads/airflow/py_env/lib/python3.9/site-packages/airflow/example_dags/example_branch_operator_decorator.py
[2023-03-25T14:11:33.269-0400] {processor.py:753} INFO - DAG(s) dict_keys(['example_branch_python_operator_decorator']) retrieved from /Users/sunanda/Downloads/airflow/py_env/lib/python3.9/site-packages/airflow/example_dags/example_branch_operator_decorator.py
[2023-03-25T14:11:33.472-0400] {logging_mixin.py:137} INFO - [2023-03-25T14:11:33.472-0400] {dag.py:2693} INFO - Sync 1 DAGs
[2023-03-25T14:11:33.479-0400] {logging_mixin.py:137} INFO - [2023-03-25T14:11:33.479-0400] {dag.py:3440} INFO - Setting next_dagrun for example_branch_python_operator_decorator to 2023-03-24T00:00:00+00:00, run_after=2023-03-25T00:00:00+00:00
[2023-03-25T14:11:33.486-0400] {processor.py:175} INFO - Processing /Users/sunanda/Downloads/airflow/py_env/lib/python3.9/site-packages/airflow/example_dags/example_branch_operator_decorator.py took 0.239 seconds
[2023-03-25T14:13:04.077-0400] {processor.py:153} INFO - Started process (PID=8447) to work on /Users/sunanda/Downloads/airflow/py_env/lib/python3.9/site-packages/airflow/example_dags/example_branch_operator_decorator.py
[2023-03-25T14:13:04.080-0400] {processor.py:743} INFO - Processing file /Users/sunanda/Downloads/airflow/py_env/lib/python3.9/site-packages/airflow/example_dags/example_branch_operator_decorator.py for tasks to queue
[2023-03-25T14:13:04.080-0400] {logging_mixin.py:137} INFO - [2023-03-25T14:13:04.080-0400] {dagbag.py:532} INFO - Filling up the DagBag from /Users/sunanda/Downloads/airflow/py_env/lib/python3.9/site-packages/airflow/example_dags/example_branch_operator_decorator.py
[2023-03-25T14:13:04.100-0400] {processor.py:753} INFO - DAG(s) dict_keys(['example_branch_python_operator_decorator']) retrieved from /Users/sunanda/Downloads/airflow/py_env/lib/python3.9/site-packages/airflow/example_dags/example_branch_operator_decorator.py
[2023-03-25T14:13:04.309-0400] {logging_mixin.py:137} INFO - [2023-03-25T14:13:04.309-0400] {dag.py:2693} INFO - Sync 1 DAGs
[2023-03-25T14:13:04.316-0400] {logging_mixin.py:137} INFO - [2023-03-25T14:13:04.316-0400] {dag.py:3440} INFO - Setting next_dagrun for example_branch_python_operator_decorator to 2023-03-24T00:00:00+00:00, run_after=2023-03-25T00:00:00+00:00
[2023-03-25T14:13:04.323-0400] {processor.py:175} INFO - Processing /Users/sunanda/Downloads/airflow/py_env/lib/python3.9/site-packages/airflow/example_dags/example_branch_operator_decorator.py took 0.246 seconds
[2023-03-25T14:14:28.642-0400] {processor.py:153} INFO - Started process (PID=8580) to work on /Users/sunanda/Downloads/airflow/py_env/lib/python3.9/site-packages/airflow/example_dags/example_branch_operator_decorator.py
[2023-03-25T14:14:28.644-0400] {processor.py:743} INFO - Processing file /Users/sunanda/Downloads/airflow/py_env/lib/python3.9/site-packages/airflow/example_dags/example_branch_operator_decorator.py for tasks to queue
[2023-03-25T14:14:28.644-0400] {logging_mixin.py:137} INFO - [2023-03-25T14:14:28.644-0400] {dagbag.py:532} INFO - Filling up the DagBag from /Users/sunanda/Downloads/airflow/py_env/lib/python3.9/site-packages/airflow/example_dags/example_branch_operator_decorator.py
[2023-03-25T14:14:28.664-0400] {processor.py:753} INFO - DAG(s) dict_keys(['example_branch_python_operator_decorator']) retrieved from /Users/sunanda/Downloads/airflow/py_env/lib/python3.9/site-packages/airflow/example_dags/example_branch_operator_decorator.py
[2023-03-25T14:14:28.867-0400] {logging_mixin.py:137} INFO - [2023-03-25T14:14:28.867-0400] {dag.py:2693} INFO - Sync 1 DAGs
[2023-03-25T14:14:28.874-0400] {logging_mixin.py:137} INFO - [2023-03-25T14:14:28.874-0400] {dag.py:3440} INFO - Setting next_dagrun for example_branch_python_operator_decorator to 2023-03-24T00:00:00+00:00, run_after=2023-03-25T00:00:00+00:00
[2023-03-25T14:14:28.881-0400] {processor.py:175} INFO - Processing /Users/sunanda/Downloads/airflow/py_env/lib/python3.9/site-packages/airflow/example_dags/example_branch_operator_decorator.py took 0.240 seconds
[2023-03-25T14:15:57.714-0400] {processor.py:153} INFO - Started process (PID=8718) to work on /Users/sunanda/Downloads/airflow/py_env/lib/python3.9/site-packages/airflow/example_dags/example_branch_operator_decorator.py
[2023-03-25T14:15:57.717-0400] {processor.py:743} INFO - Processing file /Users/sunanda/Downloads/airflow/py_env/lib/python3.9/site-packages/airflow/example_dags/example_branch_operator_decorator.py for tasks to queue
[2023-03-25T14:15:57.718-0400] {logging_mixin.py:137} INFO - [2023-03-25T14:15:57.718-0400] {dagbag.py:532} INFO - Filling up the DagBag from /Users/sunanda/Downloads/airflow/py_env/lib/python3.9/site-packages/airflow/example_dags/example_branch_operator_decorator.py
[2023-03-25T14:15:57.738-0400] {processor.py:753} INFO - DAG(s) dict_keys(['example_branch_python_operator_decorator']) retrieved from /Users/sunanda/Downloads/airflow/py_env/lib/python3.9/site-packages/airflow/example_dags/example_branch_operator_decorator.py
[2023-03-25T14:15:57.948-0400] {logging_mixin.py:137} INFO - [2023-03-25T14:15:57.948-0400] {dag.py:2693} INFO - Sync 1 DAGs
[2023-03-25T14:15:57.955-0400] {logging_mixin.py:137} INFO - [2023-03-25T14:15:57.954-0400] {dag.py:3440} INFO - Setting next_dagrun for example_branch_python_operator_decorator to 2023-03-24T00:00:00+00:00, run_after=2023-03-25T00:00:00+00:00
[2023-03-25T14:15:57.962-0400] {processor.py:175} INFO - Processing /Users/sunanda/Downloads/airflow/py_env/lib/python3.9/site-packages/airflow/example_dags/example_branch_operator_decorator.py took 0.248 seconds
[2023-03-25T14:17:29.451-0400] {processor.py:153} INFO - Started process (PID=8861) to work on /Users/sunanda/Downloads/airflow/py_env/lib/python3.9/site-packages/airflow/example_dags/example_branch_operator_decorator.py
[2023-03-25T14:17:29.453-0400] {processor.py:743} INFO - Processing file /Users/sunanda/Downloads/airflow/py_env/lib/python3.9/site-packages/airflow/example_dags/example_branch_operator_decorator.py for tasks to queue
[2023-03-25T14:17:29.453-0400] {logging_mixin.py:137} INFO - [2023-03-25T14:17:29.453-0400] {dagbag.py:532} INFO - Filling up the DagBag from /Users/sunanda/Downloads/airflow/py_env/lib/python3.9/site-packages/airflow/example_dags/example_branch_operator_decorator.py
[2023-03-25T14:17:29.473-0400] {processor.py:753} INFO - DAG(s) dict_keys(['example_branch_python_operator_decorator']) retrieved from /Users/sunanda/Downloads/airflow/py_env/lib/python3.9/site-packages/airflow/example_dags/example_branch_operator_decorator.py
[2023-03-25T14:17:29.693-0400] {logging_mixin.py:137} INFO - [2023-03-25T14:17:29.693-0400] {dag.py:2693} INFO - Sync 1 DAGs
[2023-03-25T14:17:29.700-0400] {logging_mixin.py:137} INFO - [2023-03-25T14:17:29.700-0400] {dag.py:3440} INFO - Setting next_dagrun for example_branch_python_operator_decorator to 2023-03-24T00:00:00+00:00, run_after=2023-03-25T00:00:00+00:00
[2023-03-25T14:17:29.708-0400] {processor.py:175} INFO - Processing /Users/sunanda/Downloads/airflow/py_env/lib/python3.9/site-packages/airflow/example_dags/example_branch_operator_decorator.py took 0.257 seconds
[2023-03-25T14:19:32.787-0400] {processor.py:153} INFO - Started process (PID=9079) to work on /Users/sunanda/Downloads/airflow/py_env/lib/python3.9/site-packages/airflow/example_dags/example_branch_operator_decorator.py
[2023-03-25T14:19:32.790-0400] {processor.py:743} INFO - Processing file /Users/sunanda/Downloads/airflow/py_env/lib/python3.9/site-packages/airflow/example_dags/example_branch_operator_decorator.py for tasks to queue
[2023-03-25T14:19:32.790-0400] {logging_mixin.py:137} INFO - [2023-03-25T14:19:32.790-0400] {dagbag.py:532} INFO - Filling up the DagBag from /Users/sunanda/Downloads/airflow/py_env/lib/python3.9/site-packages/airflow/example_dags/example_branch_operator_decorator.py
[2023-03-25T14:19:32.809-0400] {processor.py:753} INFO - DAG(s) dict_keys(['example_branch_python_operator_decorator']) retrieved from /Users/sunanda/Downloads/airflow/py_env/lib/python3.9/site-packages/airflow/example_dags/example_branch_operator_decorator.py
[2023-03-25T14:19:33.031-0400] {logging_mixin.py:137} INFO - [2023-03-25T14:19:33.031-0400] {dag.py:2693} INFO - Sync 1 DAGs
[2023-03-25T14:19:33.038-0400] {logging_mixin.py:137} INFO - [2023-03-25T14:19:33.038-0400] {dag.py:3440} INFO - Setting next_dagrun for example_branch_python_operator_decorator to 2023-03-24T00:00:00+00:00, run_after=2023-03-25T00:00:00+00:00
[2023-03-25T14:19:33.047-0400] {processor.py:175} INFO - Processing /Users/sunanda/Downloads/airflow/py_env/lib/python3.9/site-packages/airflow/example_dags/example_branch_operator_decorator.py took 0.260 seconds
[2023-03-25T14:43:52.387-0400] {processor.py:153} INFO - Started process (PID=10802) to work on /Users/sunanda/Downloads/airflow/py_env/lib/python3.9/site-packages/airflow/example_dags/example_branch_operator_decorator.py
[2023-03-25T14:43:52.390-0400] {processor.py:743} INFO - Processing file /Users/sunanda/Downloads/airflow/py_env/lib/python3.9/site-packages/airflow/example_dags/example_branch_operator_decorator.py for tasks to queue
[2023-03-25T14:43:52.390-0400] {logging_mixin.py:137} INFO - [2023-03-25T14:43:52.390-0400] {dagbag.py:532} INFO - Filling up the DagBag from /Users/sunanda/Downloads/airflow/py_env/lib/python3.9/site-packages/airflow/example_dags/example_branch_operator_decorator.py
[2023-03-25T14:43:52.414-0400] {processor.py:753} INFO - DAG(s) dict_keys(['example_branch_python_operator_decorator']) retrieved from /Users/sunanda/Downloads/airflow/py_env/lib/python3.9/site-packages/airflow/example_dags/example_branch_operator_decorator.py
[2023-03-25T14:43:52.634-0400] {logging_mixin.py:137} INFO - [2023-03-25T14:43:52.634-0400] {dag.py:2693} INFO - Sync 1 DAGs
[2023-03-25T14:43:52.642-0400] {logging_mixin.py:137} INFO - [2023-03-25T14:43:52.642-0400] {dag.py:3440} INFO - Setting next_dagrun for example_branch_python_operator_decorator to 2023-03-24T00:00:00+00:00, run_after=2023-03-25T00:00:00+00:00
[2023-03-25T14:43:52.651-0400] {processor.py:175} INFO - Processing /Users/sunanda/Downloads/airflow/py_env/lib/python3.9/site-packages/airflow/example_dags/example_branch_operator_decorator.py took 0.264 seconds
[2023-03-25T14:45:25.062-0400] {processor.py:153} INFO - Started process (PID=10962) to work on /Users/sunanda/Downloads/airflow/py_env/lib/python3.9/site-packages/airflow/example_dags/example_branch_operator_decorator.py
[2023-03-25T14:45:25.064-0400] {processor.py:743} INFO - Processing file /Users/sunanda/Downloads/airflow/py_env/lib/python3.9/site-packages/airflow/example_dags/example_branch_operator_decorator.py for tasks to queue
[2023-03-25T14:45:25.064-0400] {logging_mixin.py:137} INFO - [2023-03-25T14:45:25.064-0400] {dagbag.py:532} INFO - Filling up the DagBag from /Users/sunanda/Downloads/airflow/py_env/lib/python3.9/site-packages/airflow/example_dags/example_branch_operator_decorator.py
[2023-03-25T14:45:25.087-0400] {processor.py:753} INFO - DAG(s) dict_keys(['example_branch_python_operator_decorator']) retrieved from /Users/sunanda/Downloads/airflow/py_env/lib/python3.9/site-packages/airflow/example_dags/example_branch_operator_decorator.py
[2023-03-25T14:45:25.310-0400] {logging_mixin.py:137} INFO - [2023-03-25T14:45:25.310-0400] {dag.py:2693} INFO - Sync 1 DAGs
[2023-03-25T14:45:25.317-0400] {logging_mixin.py:137} INFO - [2023-03-25T14:45:25.317-0400] {dag.py:3440} INFO - Setting next_dagrun for example_branch_python_operator_decorator to 2023-03-24T00:00:00+00:00, run_after=2023-03-25T00:00:00+00:00
[2023-03-25T14:45:25.324-0400] {processor.py:175} INFO - Processing /Users/sunanda/Downloads/airflow/py_env/lib/python3.9/site-packages/airflow/example_dags/example_branch_operator_decorator.py took 0.263 seconds
[2023-03-25T14:46:55.233-0400] {processor.py:153} INFO - Started process (PID=11102) to work on /Users/sunanda/Downloads/airflow/py_env/lib/python3.9/site-packages/airflow/example_dags/example_branch_operator_decorator.py
[2023-03-25T14:46:55.237-0400] {processor.py:743} INFO - Processing file /Users/sunanda/Downloads/airflow/py_env/lib/python3.9/site-packages/airflow/example_dags/example_branch_operator_decorator.py for tasks to queue
[2023-03-25T14:46:55.237-0400] {logging_mixin.py:137} INFO - [2023-03-25T14:46:55.237-0400] {dagbag.py:532} INFO - Filling up the DagBag from /Users/sunanda/Downloads/airflow/py_env/lib/python3.9/site-packages/airflow/example_dags/example_branch_operator_decorator.py
[2023-03-25T14:46:55.258-0400] {processor.py:753} INFO - DAG(s) dict_keys(['example_branch_python_operator_decorator']) retrieved from /Users/sunanda/Downloads/airflow/py_env/lib/python3.9/site-packages/airflow/example_dags/example_branch_operator_decorator.py
[2023-03-25T14:46:55.476-0400] {logging_mixin.py:137} INFO - [2023-03-25T14:46:55.476-0400] {dag.py:2693} INFO - Sync 1 DAGs
[2023-03-25T14:46:55.484-0400] {logging_mixin.py:137} INFO - [2023-03-25T14:46:55.484-0400] {dag.py:3440} INFO - Setting next_dagrun for example_branch_python_operator_decorator to 2023-03-24T00:00:00+00:00, run_after=2023-03-25T00:00:00+00:00
[2023-03-25T14:46:55.492-0400] {processor.py:175} INFO - Processing /Users/sunanda/Downloads/airflow/py_env/lib/python3.9/site-packages/airflow/example_dags/example_branch_operator_decorator.py took 0.259 seconds
