[2023-03-25T14:09:26.819-0400] {processor.py:153} INFO - Started process (PID=8077) to work on /Users/sunanda/Downloads/airflow/py_env/lib/python3.9/site-packages/airflow/example_dags/example_time_delta_sensor_async.py
[2023-03-25T14:09:26.822-0400] {processor.py:743} INFO - Processing file /Users/sunanda/Downloads/airflow/py_env/lib/python3.9/site-packages/airflow/example_dags/example_time_delta_sensor_async.py for tasks to queue
[2023-03-25T14:09:26.822-0400] {logging_mixin.py:137} INFO - [2023-03-25T14:09:26.822-0400] {dagbag.py:532} INFO - Filling up the DagBag from /Users/sunanda/Downloads/airflow/py_env/lib/python3.9/site-packages/airflow/example_dags/example_time_delta_sensor_async.py
[2023-03-25T14:09:26.836-0400] {processor.py:753} INFO - DAG(s) dict_keys(['example_time_delta_sensor_async']) retrieved from /Users/sunanda/Downloads/airflow/py_env/lib/python3.9/site-packages/airflow/example_dags/example_time_delta_sensor_async.py
[2023-03-25T14:09:27.067-0400] {logging_mixin.py:137} INFO - [2023-03-25T14:09:27.067-0400] {dag.py:2693} INFO - Sync 1 DAGs
[2023-03-25T14:09:27.074-0400] {logging_mixin.py:137} INFO - [2023-03-25T14:09:27.074-0400] {dag.py:3440} INFO - Setting next_dagrun for example_time_delta_sensor_async to None, run_after=None
[2023-03-25T14:09:27.081-0400] {processor.py:175} INFO - Processing /Users/sunanda/Downloads/airflow/py_env/lib/python3.9/site-packages/airflow/example_dags/example_time_delta_sensor_async.py took 0.262 seconds
[2023-03-25T14:10:52.086-0400] {processor.py:153} INFO - Started process (PID=8223) to work on /Users/sunanda/Downloads/airflow/py_env/lib/python3.9/site-packages/airflow/example_dags/example_time_delta_sensor_async.py
[2023-03-25T14:10:52.088-0400] {processor.py:743} INFO - Processing file /Users/sunanda/Downloads/airflow/py_env/lib/python3.9/site-packages/airflow/example_dags/example_time_delta_sensor_async.py for tasks to queue
[2023-03-25T14:10:52.088-0400] {logging_mixin.py:137} INFO - [2023-03-25T14:10:52.088-0400] {dagbag.py:532} INFO - Filling up the DagBag from /Users/sunanda/Downloads/airflow/py_env/lib/python3.9/site-packages/airflow/example_dags/example_time_delta_sensor_async.py
[2023-03-25T14:10:52.102-0400] {processor.py:753} INFO - DAG(s) dict_keys(['example_time_delta_sensor_async']) retrieved from /Users/sunanda/Downloads/airflow/py_env/lib/python3.9/site-packages/airflow/example_dags/example_time_delta_sensor_async.py
[2023-03-25T14:10:52.330-0400] {logging_mixin.py:137} INFO - [2023-03-25T14:10:52.330-0400] {dag.py:2693} INFO - Sync 1 DAGs
[2023-03-25T14:10:52.336-0400] {logging_mixin.py:137} INFO - [2023-03-25T14:10:52.336-0400] {dag.py:3440} INFO - Setting next_dagrun for example_time_delta_sensor_async to None, run_after=None
[2023-03-25T14:10:52.343-0400] {processor.py:175} INFO - Processing /Users/sunanda/Downloads/airflow/py_env/lib/python3.9/site-packages/airflow/example_dags/example_time_delta_sensor_async.py took 0.258 seconds
[2023-03-25T14:12:07.720-0400] {processor.py:153} INFO - Started process (PID=8362) to work on /Users/sunanda/Downloads/airflow/py_env/lib/python3.9/site-packages/airflow/example_dags/example_time_delta_sensor_async.py
[2023-03-25T14:12:07.723-0400] {processor.py:743} INFO - Processing file /Users/sunanda/Downloads/airflow/py_env/lib/python3.9/site-packages/airflow/example_dags/example_time_delta_sensor_async.py for tasks to queue
[2023-03-25T14:12:07.723-0400] {logging_mixin.py:137} INFO - [2023-03-25T14:12:07.723-0400] {dagbag.py:532} INFO - Filling up the DagBag from /Users/sunanda/Downloads/airflow/py_env/lib/python3.9/site-packages/airflow/example_dags/example_time_delta_sensor_async.py
[2023-03-25T14:12:07.738-0400] {processor.py:753} INFO - DAG(s) dict_keys(['example_time_delta_sensor_async']) retrieved from /Users/sunanda/Downloads/airflow/py_env/lib/python3.9/site-packages/airflow/example_dags/example_time_delta_sensor_async.py
[2023-03-25T14:12:07.975-0400] {logging_mixin.py:137} INFO - [2023-03-25T14:12:07.974-0400] {dag.py:2693} INFO - Sync 1 DAGs
[2023-03-25T14:12:07.981-0400] {logging_mixin.py:137} INFO - [2023-03-25T14:12:07.981-0400] {dag.py:3440} INFO - Setting next_dagrun for example_time_delta_sensor_async to None, run_after=None
[2023-03-25T14:12:07.990-0400] {processor.py:175} INFO - Processing /Users/sunanda/Downloads/airflow/py_env/lib/python3.9/site-packages/airflow/example_dags/example_time_delta_sensor_async.py took 0.270 seconds
[2023-03-25T14:13:35.953-0400] {processor.py:153} INFO - Started process (PID=8496) to work on /Users/sunanda/Downloads/airflow/py_env/lib/python3.9/site-packages/airflow/example_dags/example_time_delta_sensor_async.py
[2023-03-25T14:13:35.956-0400] {processor.py:743} INFO - Processing file /Users/sunanda/Downloads/airflow/py_env/lib/python3.9/site-packages/airflow/example_dags/example_time_delta_sensor_async.py for tasks to queue
[2023-03-25T14:13:35.956-0400] {logging_mixin.py:137} INFO - [2023-03-25T14:13:35.956-0400] {dagbag.py:532} INFO - Filling up the DagBag from /Users/sunanda/Downloads/airflow/py_env/lib/python3.9/site-packages/airflow/example_dags/example_time_delta_sensor_async.py
[2023-03-25T14:13:35.971-0400] {processor.py:753} INFO - DAG(s) dict_keys(['example_time_delta_sensor_async']) retrieved from /Users/sunanda/Downloads/airflow/py_env/lib/python3.9/site-packages/airflow/example_dags/example_time_delta_sensor_async.py
[2023-03-25T14:13:36.230-0400] {logging_mixin.py:137} INFO - [2023-03-25T14:13:36.230-0400] {dag.py:2693} INFO - Sync 1 DAGs
[2023-03-25T14:13:36.237-0400] {logging_mixin.py:137} INFO - [2023-03-25T14:13:36.237-0400] {dag.py:3440} INFO - Setting next_dagrun for example_time_delta_sensor_async to None, run_after=None
[2023-03-25T14:13:36.244-0400] {processor.py:175} INFO - Processing /Users/sunanda/Downloads/airflow/py_env/lib/python3.9/site-packages/airflow/example_dags/example_time_delta_sensor_async.py took 0.291 seconds
[2023-03-25T14:14:58.273-0400] {processor.py:153} INFO - Started process (PID=8628) to work on /Users/sunanda/Downloads/airflow/py_env/lib/python3.9/site-packages/airflow/example_dags/example_time_delta_sensor_async.py
[2023-03-25T14:14:58.277-0400] {processor.py:743} INFO - Processing file /Users/sunanda/Downloads/airflow/py_env/lib/python3.9/site-packages/airflow/example_dags/example_time_delta_sensor_async.py for tasks to queue
[2023-03-25T14:14:58.277-0400] {logging_mixin.py:137} INFO - [2023-03-25T14:14:58.277-0400] {dagbag.py:532} INFO - Filling up the DagBag from /Users/sunanda/Downloads/airflow/py_env/lib/python3.9/site-packages/airflow/example_dags/example_time_delta_sensor_async.py
[2023-03-25T14:14:58.292-0400] {processor.py:753} INFO - DAG(s) dict_keys(['example_time_delta_sensor_async']) retrieved from /Users/sunanda/Downloads/airflow/py_env/lib/python3.9/site-packages/airflow/example_dags/example_time_delta_sensor_async.py
[2023-03-25T14:14:58.558-0400] {logging_mixin.py:137} INFO - [2023-03-25T14:14:58.558-0400] {dag.py:2693} INFO - Sync 1 DAGs
[2023-03-25T14:14:58.565-0400] {logging_mixin.py:137} INFO - [2023-03-25T14:14:58.565-0400] {dag.py:3440} INFO - Setting next_dagrun for example_time_delta_sensor_async to None, run_after=None
[2023-03-25T14:14:58.571-0400] {processor.py:175} INFO - Processing /Users/sunanda/Downloads/airflow/py_env/lib/python3.9/site-packages/airflow/example_dags/example_time_delta_sensor_async.py took 0.298 seconds
[2023-03-25T14:16:30.543-0400] {processor.py:153} INFO - Started process (PID=8768) to work on /Users/sunanda/Downloads/airflow/py_env/lib/python3.9/site-packages/airflow/example_dags/example_time_delta_sensor_async.py
[2023-03-25T14:16:30.547-0400] {processor.py:743} INFO - Processing file /Users/sunanda/Downloads/airflow/py_env/lib/python3.9/site-packages/airflow/example_dags/example_time_delta_sensor_async.py for tasks to queue
[2023-03-25T14:16:30.547-0400] {logging_mixin.py:137} INFO - [2023-03-25T14:16:30.547-0400] {dagbag.py:532} INFO - Filling up the DagBag from /Users/sunanda/Downloads/airflow/py_env/lib/python3.9/site-packages/airflow/example_dags/example_time_delta_sensor_async.py
[2023-03-25T14:16:30.563-0400] {processor.py:753} INFO - DAG(s) dict_keys(['example_time_delta_sensor_async']) retrieved from /Users/sunanda/Downloads/airflow/py_env/lib/python3.9/site-packages/airflow/example_dags/example_time_delta_sensor_async.py
[2023-03-25T14:16:30.808-0400] {logging_mixin.py:137} INFO - [2023-03-25T14:16:30.807-0400] {dag.py:2693} INFO - Sync 1 DAGs
[2023-03-25T14:16:30.814-0400] {logging_mixin.py:137} INFO - [2023-03-25T14:16:30.814-0400] {dag.py:3440} INFO - Setting next_dagrun for example_time_delta_sensor_async to None, run_after=None
[2023-03-25T14:16:30.822-0400] {processor.py:175} INFO - Processing /Users/sunanda/Downloads/airflow/py_env/lib/python3.9/site-packages/airflow/example_dags/example_time_delta_sensor_async.py took 0.279 seconds
[2023-03-25T14:18:02.599-0400] {processor.py:153} INFO - Started process (PID=8933) to work on /Users/sunanda/Downloads/airflow/py_env/lib/python3.9/site-packages/airflow/example_dags/example_time_delta_sensor_async.py
[2023-03-25T14:18:02.602-0400] {processor.py:743} INFO - Processing file /Users/sunanda/Downloads/airflow/py_env/lib/python3.9/site-packages/airflow/example_dags/example_time_delta_sensor_async.py for tasks to queue
[2023-03-25T14:18:02.602-0400] {logging_mixin.py:137} INFO - [2023-03-25T14:18:02.602-0400] {dagbag.py:532} INFO - Filling up the DagBag from /Users/sunanda/Downloads/airflow/py_env/lib/python3.9/site-packages/airflow/example_dags/example_time_delta_sensor_async.py
[2023-03-25T14:18:02.617-0400] {processor.py:753} INFO - DAG(s) dict_keys(['example_time_delta_sensor_async']) retrieved from /Users/sunanda/Downloads/airflow/py_env/lib/python3.9/site-packages/airflow/example_dags/example_time_delta_sensor_async.py
[2023-03-25T14:18:02.885-0400] {logging_mixin.py:137} INFO - [2023-03-25T14:18:02.885-0400] {dag.py:2693} INFO - Sync 1 DAGs
[2023-03-25T14:18:02.892-0400] {logging_mixin.py:137} INFO - [2023-03-25T14:18:02.892-0400] {dag.py:3440} INFO - Setting next_dagrun for example_time_delta_sensor_async to None, run_after=None
[2023-03-25T14:18:02.900-0400] {processor.py:175} INFO - Processing /Users/sunanda/Downloads/airflow/py_env/lib/python3.9/site-packages/airflow/example_dags/example_time_delta_sensor_async.py took 0.301 seconds
[2023-03-25T14:18:49.090-0400] {processor.py:153} INFO - Started process (PID=9008) to work on /Users/sunanda/Downloads/airflow/py_env/lib/python3.9/site-packages/airflow/example_dags/example_time_delta_sensor_async.py
[2023-03-25T14:18:49.092-0400] {processor.py:743} INFO - Processing file /Users/sunanda/Downloads/airflow/py_env/lib/python3.9/site-packages/airflow/example_dags/example_time_delta_sensor_async.py for tasks to queue
[2023-03-25T14:18:49.092-0400] {logging_mixin.py:137} INFO - [2023-03-25T14:18:49.092-0400] {dagbag.py:532} INFO - Filling up the DagBag from /Users/sunanda/Downloads/airflow/py_env/lib/python3.9/site-packages/airflow/example_dags/example_time_delta_sensor_async.py
[2023-03-25T14:18:49.107-0400] {processor.py:753} INFO - DAG(s) dict_keys(['example_time_delta_sensor_async']) retrieved from /Users/sunanda/Downloads/airflow/py_env/lib/python3.9/site-packages/airflow/example_dags/example_time_delta_sensor_async.py
[2023-03-25T14:18:49.348-0400] {logging_mixin.py:137} INFO - [2023-03-25T14:18:49.348-0400] {dag.py:2693} INFO - Sync 1 DAGs
[2023-03-25T14:18:49.355-0400] {logging_mixin.py:137} INFO - [2023-03-25T14:18:49.355-0400] {dag.py:3440} INFO - Setting next_dagrun for example_time_delta_sensor_async to None, run_after=None
[2023-03-25T14:18:49.362-0400] {processor.py:175} INFO - Processing /Users/sunanda/Downloads/airflow/py_env/lib/python3.9/site-packages/airflow/example_dags/example_time_delta_sensor_async.py took 0.273 seconds
[2023-03-25T14:43:09.583-0400] {processor.py:153} INFO - Started process (PID=10730) to work on /Users/sunanda/Downloads/airflow/py_env/lib/python3.9/site-packages/airflow/example_dags/example_time_delta_sensor_async.py
[2023-03-25T14:43:09.586-0400] {processor.py:743} INFO - Processing file /Users/sunanda/Downloads/airflow/py_env/lib/python3.9/site-packages/airflow/example_dags/example_time_delta_sensor_async.py for tasks to queue
[2023-03-25T14:43:09.586-0400] {logging_mixin.py:137} INFO - [2023-03-25T14:43:09.586-0400] {dagbag.py:532} INFO - Filling up the DagBag from /Users/sunanda/Downloads/airflow/py_env/lib/python3.9/site-packages/airflow/example_dags/example_time_delta_sensor_async.py
[2023-03-25T14:43:09.602-0400] {processor.py:753} INFO - DAG(s) dict_keys(['example_time_delta_sensor_async']) retrieved from /Users/sunanda/Downloads/airflow/py_env/lib/python3.9/site-packages/airflow/example_dags/example_time_delta_sensor_async.py
[2023-03-25T14:43:09.848-0400] {logging_mixin.py:137} INFO - [2023-03-25T14:43:09.848-0400] {dag.py:2693} INFO - Sync 1 DAGs
[2023-03-25T14:43:09.855-0400] {logging_mixin.py:137} INFO - [2023-03-25T14:43:09.855-0400] {dag.py:3440} INFO - Setting next_dagrun for example_time_delta_sensor_async to None, run_after=None
[2023-03-25T14:43:09.863-0400] {processor.py:175} INFO - Processing /Users/sunanda/Downloads/airflow/py_env/lib/python3.9/site-packages/airflow/example_dags/example_time_delta_sensor_async.py took 0.281 seconds
[2023-03-25T14:44:26.589-0400] {processor.py:153} INFO - Started process (PID=10865) to work on /Users/sunanda/Downloads/airflow/py_env/lib/python3.9/site-packages/airflow/example_dags/example_time_delta_sensor_async.py
[2023-03-25T14:44:26.591-0400] {processor.py:743} INFO - Processing file /Users/sunanda/Downloads/airflow/py_env/lib/python3.9/site-packages/airflow/example_dags/example_time_delta_sensor_async.py for tasks to queue
[2023-03-25T14:44:26.592-0400] {logging_mixin.py:137} INFO - [2023-03-25T14:44:26.592-0400] {dagbag.py:532} INFO - Filling up the DagBag from /Users/sunanda/Downloads/airflow/py_env/lib/python3.9/site-packages/airflow/example_dags/example_time_delta_sensor_async.py
[2023-03-25T14:44:26.606-0400] {processor.py:753} INFO - DAG(s) dict_keys(['example_time_delta_sensor_async']) retrieved from /Users/sunanda/Downloads/airflow/py_env/lib/python3.9/site-packages/airflow/example_dags/example_time_delta_sensor_async.py
[2023-03-25T14:44:26.857-0400] {logging_mixin.py:137} INFO - [2023-03-25T14:44:26.857-0400] {dag.py:2693} INFO - Sync 1 DAGs
[2023-03-25T14:44:26.864-0400] {logging_mixin.py:137} INFO - [2023-03-25T14:44:26.863-0400] {dag.py:3440} INFO - Setting next_dagrun for example_time_delta_sensor_async to None, run_after=None
[2023-03-25T14:44:26.871-0400] {processor.py:175} INFO - Processing /Users/sunanda/Downloads/airflow/py_env/lib/python3.9/site-packages/airflow/example_dags/example_time_delta_sensor_async.py took 0.283 seconds
[2023-03-25T14:45:53.918-0400] {processor.py:153} INFO - Started process (PID=11008) to work on /Users/sunanda/Downloads/airflow/py_env/lib/python3.9/site-packages/airflow/example_dags/example_time_delta_sensor_async.py
[2023-03-25T14:45:53.920-0400] {processor.py:743} INFO - Processing file /Users/sunanda/Downloads/airflow/py_env/lib/python3.9/site-packages/airflow/example_dags/example_time_delta_sensor_async.py for tasks to queue
[2023-03-25T14:45:53.920-0400] {logging_mixin.py:137} INFO - [2023-03-25T14:45:53.920-0400] {dagbag.py:532} INFO - Filling up the DagBag from /Users/sunanda/Downloads/airflow/py_env/lib/python3.9/site-packages/airflow/example_dags/example_time_delta_sensor_async.py
[2023-03-25T14:45:53.937-0400] {processor.py:753} INFO - DAG(s) dict_keys(['example_time_delta_sensor_async']) retrieved from /Users/sunanda/Downloads/airflow/py_env/lib/python3.9/site-packages/airflow/example_dags/example_time_delta_sensor_async.py
[2023-03-25T14:45:54.185-0400] {logging_mixin.py:137} INFO - [2023-03-25T14:45:54.185-0400] {dag.py:2693} INFO - Sync 1 DAGs
[2023-03-25T14:45:54.192-0400] {logging_mixin.py:137} INFO - [2023-03-25T14:45:54.192-0400] {dag.py:3440} INFO - Setting next_dagrun for example_time_delta_sensor_async to None, run_after=None
[2023-03-25T14:45:54.200-0400] {processor.py:175} INFO - Processing /Users/sunanda/Downloads/airflow/py_env/lib/python3.9/site-packages/airflow/example_dags/example_time_delta_sensor_async.py took 0.283 seconds
[2023-03-25T14:47:27.574-0400] {processor.py:153} INFO - Started process (PID=11152) to work on /Users/sunanda/Downloads/airflow/py_env/lib/python3.9/site-packages/airflow/example_dags/example_time_delta_sensor_async.py
[2023-03-25T14:47:27.577-0400] {processor.py:743} INFO - Processing file /Users/sunanda/Downloads/airflow/py_env/lib/python3.9/site-packages/airflow/example_dags/example_time_delta_sensor_async.py for tasks to queue
[2023-03-25T14:47:27.577-0400] {logging_mixin.py:137} INFO - [2023-03-25T14:47:27.577-0400] {dagbag.py:532} INFO - Filling up the DagBag from /Users/sunanda/Downloads/airflow/py_env/lib/python3.9/site-packages/airflow/example_dags/example_time_delta_sensor_async.py
[2023-03-25T14:47:27.594-0400] {processor.py:753} INFO - DAG(s) dict_keys(['example_time_delta_sensor_async']) retrieved from /Users/sunanda/Downloads/airflow/py_env/lib/python3.9/site-packages/airflow/example_dags/example_time_delta_sensor_async.py
[2023-03-25T14:47:27.840-0400] {logging_mixin.py:137} INFO - [2023-03-25T14:47:27.840-0400] {dag.py:2693} INFO - Sync 1 DAGs
[2023-03-25T14:47:27.847-0400] {logging_mixin.py:137} INFO - [2023-03-25T14:47:27.846-0400] {dag.py:3440} INFO - Setting next_dagrun for example_time_delta_sensor_async to None, run_after=None
[2023-03-25T14:47:27.854-0400] {processor.py:175} INFO - Processing /Users/sunanda/Downloads/airflow/py_env/lib/python3.9/site-packages/airflow/example_dags/example_time_delta_sensor_async.py took 0.281 seconds
