[2023-03-25T14:09:48.644-0400] {processor.py:153} INFO - Started process (PID=8111) to work on /Users/sunanda/Downloads/airflow/py_env/lib/python3.9/site-packages/airflow/example_dags/example_params_ui_tutorial.py
[2023-03-25T14:09:48.646-0400] {processor.py:743} INFO - Processing file /Users/sunanda/Downloads/airflow/py_env/lib/python3.9/site-packages/airflow/example_dags/example_params_ui_tutorial.py for tasks to queue
[2023-03-25T14:09:48.647-0400] {logging_mixin.py:137} INFO - [2023-03-25T14:09:48.647-0400] {dagbag.py:532} INFO - Filling up the DagBag from /Users/sunanda/Downloads/airflow/py_env/lib/python3.9/site-packages/airflow/example_dags/example_params_ui_tutorial.py
[2023-03-25T14:09:48.683-0400] {processor.py:753} INFO - DAG(s) dict_keys(['example_params_ui_tutorial']) retrieved from /Users/sunanda/Downloads/airflow/py_env/lib/python3.9/site-packages/airflow/example_dags/example_params_ui_tutorial.py
[2023-03-25T14:09:48.910-0400] {logging_mixin.py:137} INFO - [2023-03-25T14:09:48.910-0400] {dag.py:2693} INFO - Sync 1 DAGs
[2023-03-25T14:09:48.917-0400] {logging_mixin.py:137} INFO - [2023-03-25T14:09:48.917-0400] {dag.py:3440} INFO - Setting next_dagrun for example_params_ui_tutorial to None, run_after=None
[2023-03-25T14:09:48.925-0400] {processor.py:175} INFO - Processing /Users/sunanda/Downloads/airflow/py_env/lib/python3.9/site-packages/airflow/example_dags/example_params_ui_tutorial.py took 0.281 seconds
[2023-03-25T14:11:12.822-0400] {processor.py:153} INFO - Started process (PID=8258) to work on /Users/sunanda/Downloads/airflow/py_env/lib/python3.9/site-packages/airflow/example_dags/example_params_ui_tutorial.py
[2023-03-25T14:11:12.824-0400] {processor.py:743} INFO - Processing file /Users/sunanda/Downloads/airflow/py_env/lib/python3.9/site-packages/airflow/example_dags/example_params_ui_tutorial.py for tasks to queue
[2023-03-25T14:11:12.825-0400] {logging_mixin.py:137} INFO - [2023-03-25T14:11:12.825-0400] {dagbag.py:532} INFO - Filling up the DagBag from /Users/sunanda/Downloads/airflow/py_env/lib/python3.9/site-packages/airflow/example_dags/example_params_ui_tutorial.py
[2023-03-25T14:11:12.860-0400] {processor.py:753} INFO - DAG(s) dict_keys(['example_params_ui_tutorial']) retrieved from /Users/sunanda/Downloads/airflow/py_env/lib/python3.9/site-packages/airflow/example_dags/example_params_ui_tutorial.py
[2023-03-25T14:11:13.068-0400] {logging_mixin.py:137} INFO - [2023-03-25T14:11:13.068-0400] {dag.py:2693} INFO - Sync 1 DAGs
[2023-03-25T14:11:13.075-0400] {logging_mixin.py:137} INFO - [2023-03-25T14:11:13.075-0400] {dag.py:3440} INFO - Setting next_dagrun for example_params_ui_tutorial to None, run_after=None
[2023-03-25T14:11:13.081-0400] {processor.py:175} INFO - Processing /Users/sunanda/Downloads/airflow/py_env/lib/python3.9/site-packages/airflow/example_dags/example_params_ui_tutorial.py took 0.260 seconds
[2023-03-25T14:12:27.664-0400] {processor.py:153} INFO - Started process (PID=8393) to work on /Users/sunanda/Downloads/airflow/py_env/lib/python3.9/site-packages/airflow/example_dags/example_params_ui_tutorial.py
[2023-03-25T14:12:27.667-0400] {processor.py:743} INFO - Processing file /Users/sunanda/Downloads/airflow/py_env/lib/python3.9/site-packages/airflow/example_dags/example_params_ui_tutorial.py for tasks to queue
[2023-03-25T14:12:27.667-0400] {logging_mixin.py:137} INFO - [2023-03-25T14:12:27.667-0400] {dagbag.py:532} INFO - Filling up the DagBag from /Users/sunanda/Downloads/airflow/py_env/lib/python3.9/site-packages/airflow/example_dags/example_params_ui_tutorial.py
[2023-03-25T14:12:27.704-0400] {processor.py:753} INFO - DAG(s) dict_keys(['example_params_ui_tutorial']) retrieved from /Users/sunanda/Downloads/airflow/py_env/lib/python3.9/site-packages/airflow/example_dags/example_params_ui_tutorial.py
[2023-03-25T14:12:27.915-0400] {logging_mixin.py:137} INFO - [2023-03-25T14:12:27.915-0400] {dag.py:2693} INFO - Sync 1 DAGs
[2023-03-25T14:12:27.921-0400] {logging_mixin.py:137} INFO - [2023-03-25T14:12:27.921-0400] {dag.py:3440} INFO - Setting next_dagrun for example_params_ui_tutorial to None, run_after=None
[2023-03-25T14:12:27.928-0400] {processor.py:175} INFO - Processing /Users/sunanda/Downloads/airflow/py_env/lib/python3.9/site-packages/airflow/example_dags/example_params_ui_tutorial.py took 0.264 seconds
[2023-03-25T14:13:55.631-0400] {processor.py:153} INFO - Started process (PID=8529) to work on /Users/sunanda/Downloads/airflow/py_env/lib/python3.9/site-packages/airflow/example_dags/example_params_ui_tutorial.py
[2023-03-25T14:13:55.634-0400] {processor.py:743} INFO - Processing file /Users/sunanda/Downloads/airflow/py_env/lib/python3.9/site-packages/airflow/example_dags/example_params_ui_tutorial.py for tasks to queue
[2023-03-25T14:13:55.634-0400] {logging_mixin.py:137} INFO - [2023-03-25T14:13:55.634-0400] {dagbag.py:532} INFO - Filling up the DagBag from /Users/sunanda/Downloads/airflow/py_env/lib/python3.9/site-packages/airflow/example_dags/example_params_ui_tutorial.py
[2023-03-25T14:13:55.670-0400] {processor.py:753} INFO - DAG(s) dict_keys(['example_params_ui_tutorial']) retrieved from /Users/sunanda/Downloads/airflow/py_env/lib/python3.9/site-packages/airflow/example_dags/example_params_ui_tutorial.py
[2023-03-25T14:13:55.885-0400] {logging_mixin.py:137} INFO - [2023-03-25T14:13:55.885-0400] {dag.py:2693} INFO - Sync 1 DAGs
[2023-03-25T14:13:55.892-0400] {logging_mixin.py:137} INFO - [2023-03-25T14:13:55.892-0400] {dag.py:3440} INFO - Setting next_dagrun for example_params_ui_tutorial to None, run_after=None
[2023-03-25T14:13:55.900-0400] {processor.py:175} INFO - Processing /Users/sunanda/Downloads/airflow/py_env/lib/python3.9/site-packages/airflow/example_dags/example_params_ui_tutorial.py took 0.269 seconds
[2023-03-25T14:15:20.054-0400] {processor.py:153} INFO - Started process (PID=8661) to work on /Users/sunanda/Downloads/airflow/py_env/lib/python3.9/site-packages/airflow/example_dags/example_params_ui_tutorial.py
[2023-03-25T14:15:20.057-0400] {processor.py:743} INFO - Processing file /Users/sunanda/Downloads/airflow/py_env/lib/python3.9/site-packages/airflow/example_dags/example_params_ui_tutorial.py for tasks to queue
[2023-03-25T14:15:20.057-0400] {logging_mixin.py:137} INFO - [2023-03-25T14:15:20.057-0400] {dagbag.py:532} INFO - Filling up the DagBag from /Users/sunanda/Downloads/airflow/py_env/lib/python3.9/site-packages/airflow/example_dags/example_params_ui_tutorial.py
[2023-03-25T14:15:20.099-0400] {processor.py:753} INFO - DAG(s) dict_keys(['example_params_ui_tutorial']) retrieved from /Users/sunanda/Downloads/airflow/py_env/lib/python3.9/site-packages/airflow/example_dags/example_params_ui_tutorial.py
[2023-03-25T14:15:20.319-0400] {logging_mixin.py:137} INFO - [2023-03-25T14:15:20.319-0400] {dag.py:2693} INFO - Sync 1 DAGs
[2023-03-25T14:15:20.326-0400] {logging_mixin.py:137} INFO - [2023-03-25T14:15:20.326-0400] {dag.py:3440} INFO - Setting next_dagrun for example_params_ui_tutorial to None, run_after=None
[2023-03-25T14:15:20.332-0400] {processor.py:175} INFO - Processing /Users/sunanda/Downloads/airflow/py_env/lib/python3.9/site-packages/airflow/example_dags/example_params_ui_tutorial.py took 0.278 seconds
[2023-03-25T14:16:52.320-0400] {processor.py:153} INFO - Started process (PID=8803) to work on /Users/sunanda/Downloads/airflow/py_env/lib/python3.9/site-packages/airflow/example_dags/example_params_ui_tutorial.py
[2023-03-25T14:16:52.322-0400] {processor.py:743} INFO - Processing file /Users/sunanda/Downloads/airflow/py_env/lib/python3.9/site-packages/airflow/example_dags/example_params_ui_tutorial.py for tasks to queue
[2023-03-25T14:16:52.322-0400] {logging_mixin.py:137} INFO - [2023-03-25T14:16:52.322-0400] {dagbag.py:532} INFO - Filling up the DagBag from /Users/sunanda/Downloads/airflow/py_env/lib/python3.9/site-packages/airflow/example_dags/example_params_ui_tutorial.py
[2023-03-25T14:16:52.358-0400] {processor.py:753} INFO - DAG(s) dict_keys(['example_params_ui_tutorial']) retrieved from /Users/sunanda/Downloads/airflow/py_env/lib/python3.9/site-packages/airflow/example_dags/example_params_ui_tutorial.py
[2023-03-25T14:16:52.584-0400] {logging_mixin.py:137} INFO - [2023-03-25T14:16:52.584-0400] {dag.py:2693} INFO - Sync 1 DAGs
[2023-03-25T14:16:52.591-0400] {logging_mixin.py:137} INFO - [2023-03-25T14:16:52.591-0400] {dag.py:3440} INFO - Setting next_dagrun for example_params_ui_tutorial to None, run_after=None
[2023-03-25T14:16:52.597-0400] {processor.py:175} INFO - Processing /Users/sunanda/Downloads/airflow/py_env/lib/python3.9/site-packages/airflow/example_dags/example_params_ui_tutorial.py took 0.278 seconds
[2023-03-25T14:19:10.763-0400] {processor.py:153} INFO - Started process (PID=9043) to work on /Users/sunanda/Downloads/airflow/py_env/lib/python3.9/site-packages/airflow/example_dags/example_params_ui_tutorial.py
[2023-03-25T14:19:10.766-0400] {processor.py:743} INFO - Processing file /Users/sunanda/Downloads/airflow/py_env/lib/python3.9/site-packages/airflow/example_dags/example_params_ui_tutorial.py for tasks to queue
[2023-03-25T14:19:10.766-0400] {logging_mixin.py:137} INFO - [2023-03-25T14:19:10.766-0400] {dagbag.py:532} INFO - Filling up the DagBag from /Users/sunanda/Downloads/airflow/py_env/lib/python3.9/site-packages/airflow/example_dags/example_params_ui_tutorial.py
[2023-03-25T14:19:10.803-0400] {processor.py:753} INFO - DAG(s) dict_keys(['example_params_ui_tutorial']) retrieved from /Users/sunanda/Downloads/airflow/py_env/lib/python3.9/site-packages/airflow/example_dags/example_params_ui_tutorial.py
[2023-03-25T14:19:11.017-0400] {logging_mixin.py:137} INFO - [2023-03-25T14:19:11.017-0400] {dag.py:2693} INFO - Sync 1 DAGs
[2023-03-25T14:19:11.024-0400] {logging_mixin.py:137} INFO - [2023-03-25T14:19:11.024-0400] {dag.py:3440} INFO - Setting next_dagrun for example_params_ui_tutorial to None, run_after=None
[2023-03-25T14:19:11.031-0400] {processor.py:175} INFO - Processing /Users/sunanda/Downloads/airflow/py_env/lib/python3.9/site-packages/airflow/example_dags/example_params_ui_tutorial.py took 0.269 seconds
[2023-03-25T14:43:30.562-0400] {processor.py:153} INFO - Started process (PID=10762) to work on /Users/sunanda/Downloads/airflow/py_env/lib/python3.9/site-packages/airflow/example_dags/example_params_ui_tutorial.py
[2023-03-25T14:43:30.565-0400] {processor.py:743} INFO - Processing file /Users/sunanda/Downloads/airflow/py_env/lib/python3.9/site-packages/airflow/example_dags/example_params_ui_tutorial.py for tasks to queue
[2023-03-25T14:43:30.565-0400] {logging_mixin.py:137} INFO - [2023-03-25T14:43:30.565-0400] {dagbag.py:532} INFO - Filling up the DagBag from /Users/sunanda/Downloads/airflow/py_env/lib/python3.9/site-packages/airflow/example_dags/example_params_ui_tutorial.py
[2023-03-25T14:43:30.604-0400] {processor.py:753} INFO - DAG(s) dict_keys(['example_params_ui_tutorial']) retrieved from /Users/sunanda/Downloads/airflow/py_env/lib/python3.9/site-packages/airflow/example_dags/example_params_ui_tutorial.py
[2023-03-25T14:43:30.827-0400] {logging_mixin.py:137} INFO - [2023-03-25T14:43:30.827-0400] {dag.py:2693} INFO - Sync 1 DAGs
[2023-03-25T14:43:30.834-0400] {logging_mixin.py:137} INFO - [2023-03-25T14:43:30.834-0400] {dag.py:3440} INFO - Setting next_dagrun for example_params_ui_tutorial to None, run_after=None
[2023-03-25T14:43:30.841-0400] {processor.py:175} INFO - Processing /Users/sunanda/Downloads/airflow/py_env/lib/python3.9/site-packages/airflow/example_dags/example_params_ui_tutorial.py took 0.279 seconds
[2023-03-25T14:44:47.170-0400] {processor.py:153} INFO - Started process (PID=10904) to work on /Users/sunanda/Downloads/airflow/py_env/lib/python3.9/site-packages/airflow/example_dags/example_params_ui_tutorial.py
[2023-03-25T14:44:47.173-0400] {processor.py:743} INFO - Processing file /Users/sunanda/Downloads/airflow/py_env/lib/python3.9/site-packages/airflow/example_dags/example_params_ui_tutorial.py for tasks to queue
[2023-03-25T14:44:47.173-0400] {logging_mixin.py:137} INFO - [2023-03-25T14:44:47.173-0400] {dagbag.py:532} INFO - Filling up the DagBag from /Users/sunanda/Downloads/airflow/py_env/lib/python3.9/site-packages/airflow/example_dags/example_params_ui_tutorial.py
[2023-03-25T14:44:47.213-0400] {processor.py:753} INFO - DAG(s) dict_keys(['example_params_ui_tutorial']) retrieved from /Users/sunanda/Downloads/airflow/py_env/lib/python3.9/site-packages/airflow/example_dags/example_params_ui_tutorial.py
[2023-03-25T14:44:47.449-0400] {logging_mixin.py:137} INFO - [2023-03-25T14:44:47.448-0400] {dag.py:2693} INFO - Sync 1 DAGs
[2023-03-25T14:44:47.456-0400] {logging_mixin.py:137} INFO - [2023-03-25T14:44:47.456-0400] {dag.py:3440} INFO - Setting next_dagrun for example_params_ui_tutorial to None, run_after=None
[2023-03-25T14:44:47.463-0400] {processor.py:175} INFO - Processing /Users/sunanda/Downloads/airflow/py_env/lib/python3.9/site-packages/airflow/example_dags/example_params_ui_tutorial.py took 0.294 seconds
[2023-03-25T14:46:15.553-0400] {processor.py:153} INFO - Started process (PID=11041) to work on /Users/sunanda/Downloads/airflow/py_env/lib/python3.9/site-packages/airflow/example_dags/example_params_ui_tutorial.py
[2023-03-25T14:46:15.556-0400] {processor.py:743} INFO - Processing file /Users/sunanda/Downloads/airflow/py_env/lib/python3.9/site-packages/airflow/example_dags/example_params_ui_tutorial.py for tasks to queue
[2023-03-25T14:46:15.556-0400] {logging_mixin.py:137} INFO - [2023-03-25T14:46:15.556-0400] {dagbag.py:532} INFO - Filling up the DagBag from /Users/sunanda/Downloads/airflow/py_env/lib/python3.9/site-packages/airflow/example_dags/example_params_ui_tutorial.py
[2023-03-25T14:46:15.598-0400] {processor.py:753} INFO - DAG(s) dict_keys(['example_params_ui_tutorial']) retrieved from /Users/sunanda/Downloads/airflow/py_env/lib/python3.9/site-packages/airflow/example_dags/example_params_ui_tutorial.py
[2023-03-25T14:46:15.830-0400] {logging_mixin.py:137} INFO - [2023-03-25T14:46:15.830-0400] {dag.py:2693} INFO - Sync 1 DAGs
[2023-03-25T14:46:15.837-0400] {logging_mixin.py:137} INFO - [2023-03-25T14:46:15.837-0400] {dag.py:3440} INFO - Setting next_dagrun for example_params_ui_tutorial to None, run_after=None
[2023-03-25T14:46:15.845-0400] {processor.py:175} INFO - Processing /Users/sunanda/Downloads/airflow/py_env/lib/python3.9/site-packages/airflow/example_dags/example_params_ui_tutorial.py took 0.292 seconds
[2023-03-25T14:47:47.657-0400] {processor.py:153} INFO - Started process (PID=11185) to work on /Users/sunanda/Downloads/airflow/py_env/lib/python3.9/site-packages/airflow/example_dags/example_params_ui_tutorial.py
[2023-03-25T14:47:47.660-0400] {processor.py:743} INFO - Processing file /Users/sunanda/Downloads/airflow/py_env/lib/python3.9/site-packages/airflow/example_dags/example_params_ui_tutorial.py for tasks to queue
[2023-03-25T14:47:47.660-0400] {logging_mixin.py:137} INFO - [2023-03-25T14:47:47.660-0400] {dagbag.py:532} INFO - Filling up the DagBag from /Users/sunanda/Downloads/airflow/py_env/lib/python3.9/site-packages/airflow/example_dags/example_params_ui_tutorial.py
[2023-03-25T14:47:47.699-0400] {processor.py:753} INFO - DAG(s) dict_keys(['example_params_ui_tutorial']) retrieved from /Users/sunanda/Downloads/airflow/py_env/lib/python3.9/site-packages/airflow/example_dags/example_params_ui_tutorial.py
[2023-03-25T14:47:47.914-0400] {logging_mixin.py:137} INFO - [2023-03-25T14:47:47.914-0400] {dag.py:2693} INFO - Sync 1 DAGs
[2023-03-25T14:47:47.921-0400] {logging_mixin.py:137} INFO - [2023-03-25T14:47:47.921-0400] {dag.py:3440} INFO - Setting next_dagrun for example_params_ui_tutorial to None, run_after=None
[2023-03-25T14:47:47.928-0400] {processor.py:175} INFO - Processing /Users/sunanda/Downloads/airflow/py_env/lib/python3.9/site-packages/airflow/example_dags/example_params_ui_tutorial.py took 0.272 seconds
