[2023-03-25T14:09:50.691-0400] {processor.py:153} INFO - Started process (PID=8114) to work on /Users/sunanda/Downloads/airflow/py_env/lib/python3.9/site-packages/airflow/example_dags/example_nested_branch_dag.py
[2023-03-25T14:09:50.693-0400] {processor.py:743} INFO - Processing file /Users/sunanda/Downloads/airflow/py_env/lib/python3.9/site-packages/airflow/example_dags/example_nested_branch_dag.py for tasks to queue
[2023-03-25T14:09:50.694-0400] {logging_mixin.py:137} INFO - [2023-03-25T14:09:50.694-0400] {dagbag.py:532} INFO - Filling up the DagBag from /Users/sunanda/Downloads/airflow/py_env/lib/python3.9/site-packages/airflow/example_dags/example_nested_branch_dag.py
[2023-03-25T14:09:50.716-0400] {processor.py:753} INFO - DAG(s) dict_keys(['example_nested_branch_dag']) retrieved from /Users/sunanda/Downloads/airflow/py_env/lib/python3.9/site-packages/airflow/example_dags/example_nested_branch_dag.py
[2023-03-25T14:09:50.954-0400] {logging_mixin.py:137} INFO - [2023-03-25T14:09:50.953-0400] {dag.py:2693} INFO - Sync 1 DAGs
[2023-03-25T14:09:50.961-0400] {logging_mixin.py:137} INFO - [2023-03-25T14:09:50.961-0400] {dag.py:3440} INFO - Setting next_dagrun for example_nested_branch_dag to 2023-03-24T00:00:00+00:00, run_after=2023-03-25T00:00:00+00:00
[2023-03-25T14:09:50.969-0400] {processor.py:175} INFO - Processing /Users/sunanda/Downloads/airflow/py_env/lib/python3.9/site-packages/airflow/example_dags/example_nested_branch_dag.py took 0.278 seconds
[2023-03-25T14:11:14.486-0400] {processor.py:153} INFO - Started process (PID=8260) to work on /Users/sunanda/Downloads/airflow/py_env/lib/python3.9/site-packages/airflow/example_dags/example_nested_branch_dag.py
[2023-03-25T14:11:14.488-0400] {processor.py:743} INFO - Processing file /Users/sunanda/Downloads/airflow/py_env/lib/python3.9/site-packages/airflow/example_dags/example_nested_branch_dag.py for tasks to queue
[2023-03-25T14:11:14.488-0400] {logging_mixin.py:137} INFO - [2023-03-25T14:11:14.488-0400] {dagbag.py:532} INFO - Filling up the DagBag from /Users/sunanda/Downloads/airflow/py_env/lib/python3.9/site-packages/airflow/example_dags/example_nested_branch_dag.py
[2023-03-25T14:11:14.508-0400] {processor.py:753} INFO - DAG(s) dict_keys(['example_nested_branch_dag']) retrieved from /Users/sunanda/Downloads/airflow/py_env/lib/python3.9/site-packages/airflow/example_dags/example_nested_branch_dag.py
[2023-03-25T14:11:14.714-0400] {logging_mixin.py:137} INFO - [2023-03-25T14:11:14.714-0400] {dag.py:2693} INFO - Sync 1 DAGs
[2023-03-25T14:11:14.721-0400] {logging_mixin.py:137} INFO - [2023-03-25T14:11:14.721-0400] {dag.py:3440} INFO - Setting next_dagrun for example_nested_branch_dag to 2023-03-24T00:00:00+00:00, run_after=2023-03-25T00:00:00+00:00
[2023-03-25T14:11:14.728-0400] {processor.py:175} INFO - Processing /Users/sunanda/Downloads/airflow/py_env/lib/python3.9/site-packages/airflow/example_dags/example_nested_branch_dag.py took 0.243 seconds
[2023-03-25T14:12:44.055-0400] {processor.py:153} INFO - Started process (PID=8417) to work on /Users/sunanda/Downloads/airflow/py_env/lib/python3.9/site-packages/airflow/example_dags/example_nested_branch_dag.py
[2023-03-25T14:12:44.059-0400] {processor.py:743} INFO - Processing file /Users/sunanda/Downloads/airflow/py_env/lib/python3.9/site-packages/airflow/example_dags/example_nested_branch_dag.py for tasks to queue
[2023-03-25T14:12:44.059-0400] {logging_mixin.py:137} INFO - [2023-03-25T14:12:44.059-0400] {dagbag.py:532} INFO - Filling up the DagBag from /Users/sunanda/Downloads/airflow/py_env/lib/python3.9/site-packages/airflow/example_dags/example_nested_branch_dag.py
[2023-03-25T14:12:44.078-0400] {processor.py:753} INFO - DAG(s) dict_keys(['example_nested_branch_dag']) retrieved from /Users/sunanda/Downloads/airflow/py_env/lib/python3.9/site-packages/airflow/example_dags/example_nested_branch_dag.py
[2023-03-25T14:12:44.284-0400] {logging_mixin.py:137} INFO - [2023-03-25T14:12:44.284-0400] {dag.py:2693} INFO - Sync 1 DAGs
[2023-03-25T14:12:44.291-0400] {logging_mixin.py:137} INFO - [2023-03-25T14:12:44.291-0400] {dag.py:3440} INFO - Setting next_dagrun for example_nested_branch_dag to 2023-03-24T00:00:00+00:00, run_after=2023-03-25T00:00:00+00:00
[2023-03-25T14:12:44.298-0400] {processor.py:175} INFO - Processing /Users/sunanda/Downloads/airflow/py_env/lib/python3.9/site-packages/airflow/example_dags/example_nested_branch_dag.py took 0.243 seconds
[2023-03-25T14:14:09.656-0400] {processor.py:153} INFO - Started process (PID=8552) to work on /Users/sunanda/Downloads/airflow/py_env/lib/python3.9/site-packages/airflow/example_dags/example_nested_branch_dag.py
[2023-03-25T14:14:09.658-0400] {processor.py:743} INFO - Processing file /Users/sunanda/Downloads/airflow/py_env/lib/python3.9/site-packages/airflow/example_dags/example_nested_branch_dag.py for tasks to queue
[2023-03-25T14:14:09.658-0400] {logging_mixin.py:137} INFO - [2023-03-25T14:14:09.658-0400] {dagbag.py:532} INFO - Filling up the DagBag from /Users/sunanda/Downloads/airflow/py_env/lib/python3.9/site-packages/airflow/example_dags/example_nested_branch_dag.py
[2023-03-25T14:14:09.679-0400] {processor.py:753} INFO - DAG(s) dict_keys(['example_nested_branch_dag']) retrieved from /Users/sunanda/Downloads/airflow/py_env/lib/python3.9/site-packages/airflow/example_dags/example_nested_branch_dag.py
[2023-03-25T14:14:09.884-0400] {logging_mixin.py:137} INFO - [2023-03-25T14:14:09.884-0400] {dag.py:2693} INFO - Sync 1 DAGs
[2023-03-25T14:14:09.891-0400] {logging_mixin.py:137} INFO - [2023-03-25T14:14:09.891-0400] {dag.py:3440} INFO - Setting next_dagrun for example_nested_branch_dag to 2023-03-24T00:00:00+00:00, run_after=2023-03-25T00:00:00+00:00
[2023-03-25T14:14:09.899-0400] {processor.py:175} INFO - Processing /Users/sunanda/Downloads/airflow/py_env/lib/python3.9/site-packages/airflow/example_dags/example_nested_branch_dag.py took 0.243 seconds
[2023-03-25T14:15:38.465-0400] {processor.py:153} INFO - Started process (PID=8689) to work on /Users/sunanda/Downloads/airflow/py_env/lib/python3.9/site-packages/airflow/example_dags/example_nested_branch_dag.py
[2023-03-25T14:15:38.468-0400] {processor.py:743} INFO - Processing file /Users/sunanda/Downloads/airflow/py_env/lib/python3.9/site-packages/airflow/example_dags/example_nested_branch_dag.py for tasks to queue
[2023-03-25T14:15:38.469-0400] {logging_mixin.py:137} INFO - [2023-03-25T14:15:38.468-0400] {dagbag.py:532} INFO - Filling up the DagBag from /Users/sunanda/Downloads/airflow/py_env/lib/python3.9/site-packages/airflow/example_dags/example_nested_branch_dag.py
[2023-03-25T14:15:38.488-0400] {processor.py:753} INFO - DAG(s) dict_keys(['example_nested_branch_dag']) retrieved from /Users/sunanda/Downloads/airflow/py_env/lib/python3.9/site-packages/airflow/example_dags/example_nested_branch_dag.py
[2023-03-25T14:15:38.702-0400] {logging_mixin.py:137} INFO - [2023-03-25T14:15:38.702-0400] {dag.py:2693} INFO - Sync 1 DAGs
[2023-03-25T14:15:38.709-0400] {logging_mixin.py:137} INFO - [2023-03-25T14:15:38.709-0400] {dag.py:3440} INFO - Setting next_dagrun for example_nested_branch_dag to 2023-03-24T00:00:00+00:00, run_after=2023-03-25T00:00:00+00:00
[2023-03-25T14:15:38.716-0400] {processor.py:175} INFO - Processing /Users/sunanda/Downloads/airflow/py_env/lib/python3.9/site-packages/airflow/example_dags/example_nested_branch_dag.py took 0.251 seconds
[2023-03-25T14:17:09.527-0400] {processor.py:153} INFO - Started process (PID=8830) to work on /Users/sunanda/Downloads/airflow/py_env/lib/python3.9/site-packages/airflow/example_dags/example_nested_branch_dag.py
[2023-03-25T14:17:09.529-0400] {processor.py:743} INFO - Processing file /Users/sunanda/Downloads/airflow/py_env/lib/python3.9/site-packages/airflow/example_dags/example_nested_branch_dag.py for tasks to queue
[2023-03-25T14:17:09.529-0400] {logging_mixin.py:137} INFO - [2023-03-25T14:17:09.529-0400] {dagbag.py:532} INFO - Filling up the DagBag from /Users/sunanda/Downloads/airflow/py_env/lib/python3.9/site-packages/airflow/example_dags/example_nested_branch_dag.py
[2023-03-25T14:17:09.548-0400] {processor.py:753} INFO - DAG(s) dict_keys(['example_nested_branch_dag']) retrieved from /Users/sunanda/Downloads/airflow/py_env/lib/python3.9/site-packages/airflow/example_dags/example_nested_branch_dag.py
[2023-03-25T14:17:09.758-0400] {logging_mixin.py:137} INFO - [2023-03-25T14:17:09.758-0400] {dag.py:2693} INFO - Sync 1 DAGs
[2023-03-25T14:17:09.765-0400] {logging_mixin.py:137} INFO - [2023-03-25T14:17:09.764-0400] {dag.py:3440} INFO - Setting next_dagrun for example_nested_branch_dag to 2023-03-24T00:00:00+00:00, run_after=2023-03-25T00:00:00+00:00
[2023-03-25T14:17:09.772-0400] {processor.py:175} INFO - Processing /Users/sunanda/Downloads/airflow/py_env/lib/python3.9/site-packages/airflow/example_dags/example_nested_branch_dag.py took 0.246 seconds
[2023-03-25T14:19:12.739-0400] {processor.py:153} INFO - Started process (PID=9047) to work on /Users/sunanda/Downloads/airflow/py_env/lib/python3.9/site-packages/airflow/example_dags/example_nested_branch_dag.py
[2023-03-25T14:19:12.742-0400] {processor.py:743} INFO - Processing file /Users/sunanda/Downloads/airflow/py_env/lib/python3.9/site-packages/airflow/example_dags/example_nested_branch_dag.py for tasks to queue
[2023-03-25T14:19:12.742-0400] {logging_mixin.py:137} INFO - [2023-03-25T14:19:12.742-0400] {dagbag.py:532} INFO - Filling up the DagBag from /Users/sunanda/Downloads/airflow/py_env/lib/python3.9/site-packages/airflow/example_dags/example_nested_branch_dag.py
[2023-03-25T14:19:12.764-0400] {processor.py:753} INFO - DAG(s) dict_keys(['example_nested_branch_dag']) retrieved from /Users/sunanda/Downloads/airflow/py_env/lib/python3.9/site-packages/airflow/example_dags/example_nested_branch_dag.py
[2023-03-25T14:19:12.993-0400] {logging_mixin.py:137} INFO - [2023-03-25T14:19:12.993-0400] {dag.py:2693} INFO - Sync 1 DAGs
[2023-03-25T14:19:13.001-0400] {logging_mixin.py:137} INFO - [2023-03-25T14:19:13.001-0400] {dag.py:3440} INFO - Setting next_dagrun for example_nested_branch_dag to 2023-03-24T00:00:00+00:00, run_after=2023-03-25T00:00:00+00:00
[2023-03-25T14:19:13.009-0400] {processor.py:175} INFO - Processing /Users/sunanda/Downloads/airflow/py_env/lib/python3.9/site-packages/airflow/example_dags/example_nested_branch_dag.py took 0.271 seconds
[2023-03-25T14:43:32.007-0400] {processor.py:153} INFO - Started process (PID=10764) to work on /Users/sunanda/Downloads/airflow/py_env/lib/python3.9/site-packages/airflow/example_dags/example_nested_branch_dag.py
[2023-03-25T14:43:32.010-0400] {processor.py:743} INFO - Processing file /Users/sunanda/Downloads/airflow/py_env/lib/python3.9/site-packages/airflow/example_dags/example_nested_branch_dag.py for tasks to queue
[2023-03-25T14:43:32.011-0400] {logging_mixin.py:137} INFO - [2023-03-25T14:43:32.011-0400] {dagbag.py:532} INFO - Filling up the DagBag from /Users/sunanda/Downloads/airflow/py_env/lib/python3.9/site-packages/airflow/example_dags/example_nested_branch_dag.py
[2023-03-25T14:43:32.031-0400] {processor.py:753} INFO - DAG(s) dict_keys(['example_nested_branch_dag']) retrieved from /Users/sunanda/Downloads/airflow/py_env/lib/python3.9/site-packages/airflow/example_dags/example_nested_branch_dag.py
[2023-03-25T14:43:32.252-0400] {logging_mixin.py:137} INFO - [2023-03-25T14:43:32.251-0400] {dag.py:2693} INFO - Sync 1 DAGs
[2023-03-25T14:43:32.258-0400] {logging_mixin.py:137} INFO - [2023-03-25T14:43:32.258-0400] {dag.py:3440} INFO - Setting next_dagrun for example_nested_branch_dag to 2023-03-24T00:00:00+00:00, run_after=2023-03-25T00:00:00+00:00
[2023-03-25T14:43:32.266-0400] {processor.py:175} INFO - Processing /Users/sunanda/Downloads/airflow/py_env/lib/python3.9/site-packages/airflow/example_dags/example_nested_branch_dag.py took 0.259 seconds
[2023-03-25T14:44:49.116-0400] {processor.py:153} INFO - Started process (PID=10907) to work on /Users/sunanda/Downloads/airflow/py_env/lib/python3.9/site-packages/airflow/example_dags/example_nested_branch_dag.py
[2023-03-25T14:44:49.118-0400] {processor.py:743} INFO - Processing file /Users/sunanda/Downloads/airflow/py_env/lib/python3.9/site-packages/airflow/example_dags/example_nested_branch_dag.py for tasks to queue
[2023-03-25T14:44:49.118-0400] {logging_mixin.py:137} INFO - [2023-03-25T14:44:49.118-0400] {dagbag.py:532} INFO - Filling up the DagBag from /Users/sunanda/Downloads/airflow/py_env/lib/python3.9/site-packages/airflow/example_dags/example_nested_branch_dag.py
[2023-03-25T14:44:49.139-0400] {processor.py:753} INFO - DAG(s) dict_keys(['example_nested_branch_dag']) retrieved from /Users/sunanda/Downloads/airflow/py_env/lib/python3.9/site-packages/airflow/example_dags/example_nested_branch_dag.py
[2023-03-25T14:44:49.362-0400] {logging_mixin.py:137} INFO - [2023-03-25T14:44:49.362-0400] {dag.py:2693} INFO - Sync 1 DAGs
[2023-03-25T14:44:49.370-0400] {logging_mixin.py:137} INFO - [2023-03-25T14:44:49.370-0400] {dag.py:3440} INFO - Setting next_dagrun for example_nested_branch_dag to 2023-03-24T00:00:00+00:00, run_after=2023-03-25T00:00:00+00:00
[2023-03-25T14:44:49.378-0400] {processor.py:175} INFO - Processing /Users/sunanda/Downloads/airflow/py_env/lib/python3.9/site-packages/airflow/example_dags/example_nested_branch_dag.py took 0.262 seconds
[2023-03-25T14:46:17.489-0400] {processor.py:153} INFO - Started process (PID=11044) to work on /Users/sunanda/Downloads/airflow/py_env/lib/python3.9/site-packages/airflow/example_dags/example_nested_branch_dag.py
[2023-03-25T14:46:17.492-0400] {processor.py:743} INFO - Processing file /Users/sunanda/Downloads/airflow/py_env/lib/python3.9/site-packages/airflow/example_dags/example_nested_branch_dag.py for tasks to queue
[2023-03-25T14:46:17.492-0400] {logging_mixin.py:137} INFO - [2023-03-25T14:46:17.492-0400] {dagbag.py:532} INFO - Filling up the DagBag from /Users/sunanda/Downloads/airflow/py_env/lib/python3.9/site-packages/airflow/example_dags/example_nested_branch_dag.py
[2023-03-25T14:46:17.513-0400] {processor.py:753} INFO - DAG(s) dict_keys(['example_nested_branch_dag']) retrieved from /Users/sunanda/Downloads/airflow/py_env/lib/python3.9/site-packages/airflow/example_dags/example_nested_branch_dag.py
[2023-03-25T14:46:17.728-0400] {logging_mixin.py:137} INFO - [2023-03-25T14:46:17.728-0400] {dag.py:2693} INFO - Sync 1 DAGs
[2023-03-25T14:46:17.736-0400] {logging_mixin.py:137} INFO - [2023-03-25T14:46:17.736-0400] {dag.py:3440} INFO - Setting next_dagrun for example_nested_branch_dag to 2023-03-24T00:00:00+00:00, run_after=2023-03-25T00:00:00+00:00
[2023-03-25T14:46:17.744-0400] {processor.py:175} INFO - Processing /Users/sunanda/Downloads/airflow/py_env/lib/python3.9/site-packages/airflow/example_dags/example_nested_branch_dag.py took 0.255 seconds
[2023-03-25T14:47:49.537-0400] {processor.py:153} INFO - Started process (PID=11187) to work on /Users/sunanda/Downloads/airflow/py_env/lib/python3.9/site-packages/airflow/example_dags/example_nested_branch_dag.py
[2023-03-25T14:47:49.541-0400] {processor.py:743} INFO - Processing file /Users/sunanda/Downloads/airflow/py_env/lib/python3.9/site-packages/airflow/example_dags/example_nested_branch_dag.py for tasks to queue
[2023-03-25T14:47:49.541-0400] {logging_mixin.py:137} INFO - [2023-03-25T14:47:49.541-0400] {dagbag.py:532} INFO - Filling up the DagBag from /Users/sunanda/Downloads/airflow/py_env/lib/python3.9/site-packages/airflow/example_dags/example_nested_branch_dag.py
[2023-03-25T14:47:49.561-0400] {processor.py:753} INFO - DAG(s) dict_keys(['example_nested_branch_dag']) retrieved from /Users/sunanda/Downloads/airflow/py_env/lib/python3.9/site-packages/airflow/example_dags/example_nested_branch_dag.py
[2023-03-25T14:47:49.778-0400] {logging_mixin.py:137} INFO - [2023-03-25T14:47:49.778-0400] {dag.py:2693} INFO - Sync 1 DAGs
[2023-03-25T14:47:49.786-0400] {logging_mixin.py:137} INFO - [2023-03-25T14:47:49.786-0400] {dag.py:3440} INFO - Setting next_dagrun for example_nested_branch_dag to 2023-03-24T00:00:00+00:00, run_after=2023-03-25T00:00:00+00:00
[2023-03-25T14:47:49.794-0400] {processor.py:175} INFO - Processing /Users/sunanda/Downloads/airflow/py_env/lib/python3.9/site-packages/airflow/example_dags/example_nested_branch_dag.py took 0.257 seconds
