[2023-03-25T14:10:01.680-0400] {processor.py:153} INFO - Started process (PID=8131) to work on /Users/sunanda/Downloads/airflow/py_env/lib/python3.9/site-packages/airflow/example_dags/example_dynamic_task_mapping.py
[2023-03-25T14:10:01.682-0400] {processor.py:743} INFO - Processing file /Users/sunanda/Downloads/airflow/py_env/lib/python3.9/site-packages/airflow/example_dags/example_dynamic_task_mapping.py for tasks to queue
[2023-03-25T14:10:01.683-0400] {logging_mixin.py:137} INFO - [2023-03-25T14:10:01.682-0400] {dagbag.py:532} INFO - Filling up the DagBag from /Users/sunanda/Downloads/airflow/py_env/lib/python3.9/site-packages/airflow/example_dags/example_dynamic_task_mapping.py
[2023-03-25T14:10:01.704-0400] {processor.py:753} INFO - DAG(s) dict_keys(['example_dynamic_task_mapping']) retrieved from /Users/sunanda/Downloads/airflow/py_env/lib/python3.9/site-packages/airflow/example_dags/example_dynamic_task_mapping.py
[2023-03-25T14:10:01.936-0400] {logging_mixin.py:137} INFO - [2023-03-25T14:10:01.935-0400] {dag.py:2693} INFO - Sync 1 DAGs
[2023-03-25T14:10:01.942-0400] {logging_mixin.py:137} INFO - [2023-03-25T14:10:01.942-0400] {dag.py:3440} INFO - Setting next_dagrun for example_dynamic_task_mapping to 2022-03-04T00:00:00+00:00, run_after=2022-03-05T00:00:00+00:00
[2023-03-25T14:10:01.951-0400] {processor.py:175} INFO - Processing /Users/sunanda/Downloads/airflow/py_env/lib/python3.9/site-packages/airflow/example_dags/example_dynamic_task_mapping.py took 0.271 seconds
[2023-03-25T14:11:25.524-0400] {processor.py:153} INFO - Started process (PID=8277) to work on /Users/sunanda/Downloads/airflow/py_env/lib/python3.9/site-packages/airflow/example_dags/example_dynamic_task_mapping.py
[2023-03-25T14:11:25.527-0400] {processor.py:743} INFO - Processing file /Users/sunanda/Downloads/airflow/py_env/lib/python3.9/site-packages/airflow/example_dags/example_dynamic_task_mapping.py for tasks to queue
[2023-03-25T14:11:25.527-0400] {logging_mixin.py:137} INFO - [2023-03-25T14:11:25.527-0400] {dagbag.py:532} INFO - Filling up the DagBag from /Users/sunanda/Downloads/airflow/py_env/lib/python3.9/site-packages/airflow/example_dags/example_dynamic_task_mapping.py
[2023-03-25T14:11:25.544-0400] {processor.py:753} INFO - DAG(s) dict_keys(['example_dynamic_task_mapping']) retrieved from /Users/sunanda/Downloads/airflow/py_env/lib/python3.9/site-packages/airflow/example_dags/example_dynamic_task_mapping.py
[2023-03-25T14:11:25.747-0400] {logging_mixin.py:137} INFO - [2023-03-25T14:11:25.747-0400] {dag.py:2693} INFO - Sync 1 DAGs
[2023-03-25T14:11:25.753-0400] {logging_mixin.py:137} INFO - [2023-03-25T14:11:25.753-0400] {dag.py:3440} INFO - Setting next_dagrun for example_dynamic_task_mapping to 2022-03-04T00:00:00+00:00, run_after=2022-03-05T00:00:00+00:00
[2023-03-25T14:11:25.760-0400] {processor.py:175} INFO - Processing /Users/sunanda/Downloads/airflow/py_env/lib/python3.9/site-packages/airflow/example_dags/example_dynamic_task_mapping.py took 0.236 seconds
[2023-03-25T14:12:54.813-0400] {processor.py:153} INFO - Started process (PID=8433) to work on /Users/sunanda/Downloads/airflow/py_env/lib/python3.9/site-packages/airflow/example_dags/example_dynamic_task_mapping.py
[2023-03-25T14:12:54.816-0400] {processor.py:743} INFO - Processing file /Users/sunanda/Downloads/airflow/py_env/lib/python3.9/site-packages/airflow/example_dags/example_dynamic_task_mapping.py for tasks to queue
[2023-03-25T14:12:54.816-0400] {logging_mixin.py:137} INFO - [2023-03-25T14:12:54.816-0400] {dagbag.py:532} INFO - Filling up the DagBag from /Users/sunanda/Downloads/airflow/py_env/lib/python3.9/site-packages/airflow/example_dags/example_dynamic_task_mapping.py
[2023-03-25T14:12:54.835-0400] {processor.py:753} INFO - DAG(s) dict_keys(['example_dynamic_task_mapping']) retrieved from /Users/sunanda/Downloads/airflow/py_env/lib/python3.9/site-packages/airflow/example_dags/example_dynamic_task_mapping.py
[2023-03-25T14:12:55.040-0400] {logging_mixin.py:137} INFO - [2023-03-25T14:12:55.040-0400] {dag.py:2693} INFO - Sync 1 DAGs
[2023-03-25T14:12:55.047-0400] {logging_mixin.py:137} INFO - [2023-03-25T14:12:55.047-0400] {dag.py:3440} INFO - Setting next_dagrun for example_dynamic_task_mapping to 2022-03-04T00:00:00+00:00, run_after=2022-03-05T00:00:00+00:00
[2023-03-25T14:12:55.054-0400] {processor.py:175} INFO - Processing /Users/sunanda/Downloads/airflow/py_env/lib/python3.9/site-packages/airflow/example_dags/example_dynamic_task_mapping.py took 0.241 seconds
[2023-03-25T14:14:20.368-0400] {processor.py:153} INFO - Started process (PID=8568) to work on /Users/sunanda/Downloads/airflow/py_env/lib/python3.9/site-packages/airflow/example_dags/example_dynamic_task_mapping.py
[2023-03-25T14:14:20.370-0400] {processor.py:743} INFO - Processing file /Users/sunanda/Downloads/airflow/py_env/lib/python3.9/site-packages/airflow/example_dags/example_dynamic_task_mapping.py for tasks to queue
[2023-03-25T14:14:20.370-0400] {logging_mixin.py:137} INFO - [2023-03-25T14:14:20.370-0400] {dagbag.py:532} INFO - Filling up the DagBag from /Users/sunanda/Downloads/airflow/py_env/lib/python3.9/site-packages/airflow/example_dags/example_dynamic_task_mapping.py
[2023-03-25T14:14:20.392-0400] {processor.py:753} INFO - DAG(s) dict_keys(['example_dynamic_task_mapping']) retrieved from /Users/sunanda/Downloads/airflow/py_env/lib/python3.9/site-packages/airflow/example_dags/example_dynamic_task_mapping.py
[2023-03-25T14:14:20.600-0400] {logging_mixin.py:137} INFO - [2023-03-25T14:14:20.600-0400] {dag.py:2693} INFO - Sync 1 DAGs
[2023-03-25T14:14:20.606-0400] {logging_mixin.py:137} INFO - [2023-03-25T14:14:20.606-0400] {dag.py:3440} INFO - Setting next_dagrun for example_dynamic_task_mapping to 2022-03-04T00:00:00+00:00, run_after=2022-03-05T00:00:00+00:00
[2023-03-25T14:14:20.614-0400] {processor.py:175} INFO - Processing /Users/sunanda/Downloads/airflow/py_env/lib/python3.9/site-packages/airflow/example_dags/example_dynamic_task_mapping.py took 0.246 seconds
[2023-03-25T14:15:49.465-0400] {processor.py:153} INFO - Started process (PID=8705) to work on /Users/sunanda/Downloads/airflow/py_env/lib/python3.9/site-packages/airflow/example_dags/example_dynamic_task_mapping.py
[2023-03-25T14:15:49.468-0400] {processor.py:743} INFO - Processing file /Users/sunanda/Downloads/airflow/py_env/lib/python3.9/site-packages/airflow/example_dags/example_dynamic_task_mapping.py for tasks to queue
[2023-03-25T14:15:49.468-0400] {logging_mixin.py:137} INFO - [2023-03-25T14:15:49.468-0400] {dagbag.py:532} INFO - Filling up the DagBag from /Users/sunanda/Downloads/airflow/py_env/lib/python3.9/site-packages/airflow/example_dags/example_dynamic_task_mapping.py
[2023-03-25T14:15:49.486-0400] {processor.py:753} INFO - DAG(s) dict_keys(['example_dynamic_task_mapping']) retrieved from /Users/sunanda/Downloads/airflow/py_env/lib/python3.9/site-packages/airflow/example_dags/example_dynamic_task_mapping.py
[2023-03-25T14:15:49.689-0400] {logging_mixin.py:137} INFO - [2023-03-25T14:15:49.689-0400] {dag.py:2693} INFO - Sync 1 DAGs
[2023-03-25T14:15:49.696-0400] {logging_mixin.py:137} INFO - [2023-03-25T14:15:49.696-0400] {dag.py:3440} INFO - Setting next_dagrun for example_dynamic_task_mapping to 2022-03-04T00:00:00+00:00, run_after=2022-03-05T00:00:00+00:00
[2023-03-25T14:15:49.703-0400] {processor.py:175} INFO - Processing /Users/sunanda/Downloads/airflow/py_env/lib/python3.9/site-packages/airflow/example_dags/example_dynamic_task_mapping.py took 0.239 seconds
[2023-03-25T14:17:20.443-0400] {processor.py:153} INFO - Started process (PID=8848) to work on /Users/sunanda/Downloads/airflow/py_env/lib/python3.9/site-packages/airflow/example_dags/example_dynamic_task_mapping.py
[2023-03-25T14:17:20.445-0400] {processor.py:743} INFO - Processing file /Users/sunanda/Downloads/airflow/py_env/lib/python3.9/site-packages/airflow/example_dags/example_dynamic_task_mapping.py for tasks to queue
[2023-03-25T14:17:20.446-0400] {logging_mixin.py:137} INFO - [2023-03-25T14:17:20.446-0400] {dagbag.py:532} INFO - Filling up the DagBag from /Users/sunanda/Downloads/airflow/py_env/lib/python3.9/site-packages/airflow/example_dags/example_dynamic_task_mapping.py
[2023-03-25T14:17:20.463-0400] {processor.py:753} INFO - DAG(s) dict_keys(['example_dynamic_task_mapping']) retrieved from /Users/sunanda/Downloads/airflow/py_env/lib/python3.9/site-packages/airflow/example_dags/example_dynamic_task_mapping.py
[2023-03-25T14:17:20.668-0400] {logging_mixin.py:137} INFO - [2023-03-25T14:17:20.668-0400] {dag.py:2693} INFO - Sync 1 DAGs
[2023-03-25T14:17:20.675-0400] {logging_mixin.py:137} INFO - [2023-03-25T14:17:20.675-0400] {dag.py:3440} INFO - Setting next_dagrun for example_dynamic_task_mapping to 2022-03-04T00:00:00+00:00, run_after=2022-03-05T00:00:00+00:00
[2023-03-25T14:17:20.682-0400] {processor.py:175} INFO - Processing /Users/sunanda/Downloads/airflow/py_env/lib/python3.9/site-packages/airflow/example_dags/example_dynamic_task_mapping.py took 0.239 seconds
[2023-03-25T14:19:23.896-0400] {processor.py:153} INFO - Started process (PID=9064) to work on /Users/sunanda/Downloads/airflow/py_env/lib/python3.9/site-packages/airflow/example_dags/example_dynamic_task_mapping.py
[2023-03-25T14:19:23.899-0400] {processor.py:743} INFO - Processing file /Users/sunanda/Downloads/airflow/py_env/lib/python3.9/site-packages/airflow/example_dags/example_dynamic_task_mapping.py for tasks to queue
[2023-03-25T14:19:23.899-0400] {logging_mixin.py:137} INFO - [2023-03-25T14:19:23.899-0400] {dagbag.py:532} INFO - Filling up the DagBag from /Users/sunanda/Downloads/airflow/py_env/lib/python3.9/site-packages/airflow/example_dags/example_dynamic_task_mapping.py
[2023-03-25T14:19:23.919-0400] {processor.py:753} INFO - DAG(s) dict_keys(['example_dynamic_task_mapping']) retrieved from /Users/sunanda/Downloads/airflow/py_env/lib/python3.9/site-packages/airflow/example_dags/example_dynamic_task_mapping.py
[2023-03-25T14:19:24.150-0400] {logging_mixin.py:137} INFO - [2023-03-25T14:19:24.150-0400] {dag.py:2693} INFO - Sync 1 DAGs
[2023-03-25T14:19:24.157-0400] {logging_mixin.py:137} INFO - [2023-03-25T14:19:24.157-0400] {dag.py:3440} INFO - Setting next_dagrun for example_dynamic_task_mapping to 2022-03-04T00:00:00+00:00, run_after=2022-03-05T00:00:00+00:00
[2023-03-25T14:19:24.165-0400] {processor.py:175} INFO - Processing /Users/sunanda/Downloads/airflow/py_env/lib/python3.9/site-packages/airflow/example_dags/example_dynamic_task_mapping.py took 0.269 seconds
[2023-03-25T14:43:43.314-0400] {processor.py:153} INFO - Started process (PID=10787) to work on /Users/sunanda/Downloads/airflow/py_env/lib/python3.9/site-packages/airflow/example_dags/example_dynamic_task_mapping.py
[2023-03-25T14:43:43.317-0400] {processor.py:743} INFO - Processing file /Users/sunanda/Downloads/airflow/py_env/lib/python3.9/site-packages/airflow/example_dags/example_dynamic_task_mapping.py for tasks to queue
[2023-03-25T14:43:43.318-0400] {logging_mixin.py:137} INFO - [2023-03-25T14:43:43.318-0400] {dagbag.py:532} INFO - Filling up the DagBag from /Users/sunanda/Downloads/airflow/py_env/lib/python3.9/site-packages/airflow/example_dags/example_dynamic_task_mapping.py
[2023-03-25T14:43:43.337-0400] {processor.py:753} INFO - DAG(s) dict_keys(['example_dynamic_task_mapping']) retrieved from /Users/sunanda/Downloads/airflow/py_env/lib/python3.9/site-packages/airflow/example_dags/example_dynamic_task_mapping.py
[2023-03-25T14:43:43.562-0400] {logging_mixin.py:137} INFO - [2023-03-25T14:43:43.562-0400] {dag.py:2693} INFO - Sync 1 DAGs
[2023-03-25T14:43:43.569-0400] {logging_mixin.py:137} INFO - [2023-03-25T14:43:43.569-0400] {dag.py:3440} INFO - Setting next_dagrun for example_dynamic_task_mapping to 2022-03-04T00:00:00+00:00, run_after=2022-03-05T00:00:00+00:00
[2023-03-25T14:43:43.577-0400] {processor.py:175} INFO - Processing /Users/sunanda/Downloads/airflow/py_env/lib/python3.9/site-packages/airflow/example_dags/example_dynamic_task_mapping.py took 0.264 seconds
[2023-03-25T14:45:17.178-0400] {processor.py:153} INFO - Started process (PID=10950) to work on /Users/sunanda/Downloads/airflow/py_env/lib/python3.9/site-packages/airflow/example_dags/example_dynamic_task_mapping.py
[2023-03-25T14:45:17.180-0400] {processor.py:743} INFO - Processing file /Users/sunanda/Downloads/airflow/py_env/lib/python3.9/site-packages/airflow/example_dags/example_dynamic_task_mapping.py for tasks to queue
[2023-03-25T14:45:17.180-0400] {logging_mixin.py:137} INFO - [2023-03-25T14:45:17.180-0400] {dagbag.py:532} INFO - Filling up the DagBag from /Users/sunanda/Downloads/airflow/py_env/lib/python3.9/site-packages/airflow/example_dags/example_dynamic_task_mapping.py
[2023-03-25T14:45:17.202-0400] {processor.py:753} INFO - DAG(s) dict_keys(['example_dynamic_task_mapping']) retrieved from /Users/sunanda/Downloads/airflow/py_env/lib/python3.9/site-packages/airflow/example_dags/example_dynamic_task_mapping.py
[2023-03-25T14:45:17.426-0400] {logging_mixin.py:137} INFO - [2023-03-25T14:45:17.426-0400] {dag.py:2693} INFO - Sync 1 DAGs
[2023-03-25T14:45:17.433-0400] {logging_mixin.py:137} INFO - [2023-03-25T14:45:17.433-0400] {dag.py:3440} INFO - Setting next_dagrun for example_dynamic_task_mapping to 2022-03-04T00:00:00+00:00, run_after=2022-03-05T00:00:00+00:00
[2023-03-25T14:45:17.441-0400] {processor.py:175} INFO - Processing /Users/sunanda/Downloads/airflow/py_env/lib/python3.9/site-packages/airflow/example_dags/example_dynamic_task_mapping.py took 0.264 seconds
[2023-03-25T14:46:45.595-0400] {processor.py:153} INFO - Started process (PID=11088) to work on /Users/sunanda/Downloads/airflow/py_env/lib/python3.9/site-packages/airflow/example_dags/example_dynamic_task_mapping.py
[2023-03-25T14:46:45.598-0400] {processor.py:743} INFO - Processing file /Users/sunanda/Downloads/airflow/py_env/lib/python3.9/site-packages/airflow/example_dags/example_dynamic_task_mapping.py for tasks to queue
[2023-03-25T14:46:45.598-0400] {logging_mixin.py:137} INFO - [2023-03-25T14:46:45.598-0400] {dagbag.py:532} INFO - Filling up the DagBag from /Users/sunanda/Downloads/airflow/py_env/lib/python3.9/site-packages/airflow/example_dags/example_dynamic_task_mapping.py
[2023-03-25T14:46:45.620-0400] {processor.py:753} INFO - DAG(s) dict_keys(['example_dynamic_task_mapping']) retrieved from /Users/sunanda/Downloads/airflow/py_env/lib/python3.9/site-packages/airflow/example_dags/example_dynamic_task_mapping.py
[2023-03-25T14:46:45.872-0400] {logging_mixin.py:137} INFO - [2023-03-25T14:46:45.872-0400] {dag.py:2693} INFO - Sync 1 DAGs
[2023-03-25T14:46:45.879-0400] {logging_mixin.py:137} INFO - [2023-03-25T14:46:45.879-0400] {dag.py:3440} INFO - Setting next_dagrun for example_dynamic_task_mapping to 2022-03-04T00:00:00+00:00, run_after=2022-03-05T00:00:00+00:00
[2023-03-25T14:46:45.887-0400] {processor.py:175} INFO - Processing /Users/sunanda/Downloads/airflow/py_env/lib/python3.9/site-packages/airflow/example_dags/example_dynamic_task_mapping.py took 0.292 seconds
[2023-03-25T14:48:16.533-0400] {processor.py:153} INFO - Started process (PID=11231) to work on /Users/sunanda/Downloads/airflow/py_env/lib/python3.9/site-packages/airflow/example_dags/example_dynamic_task_mapping.py
[2023-03-25T14:48:16.536-0400] {processor.py:743} INFO - Processing file /Users/sunanda/Downloads/airflow/py_env/lib/python3.9/site-packages/airflow/example_dags/example_dynamic_task_mapping.py for tasks to queue
[2023-03-25T14:48:16.536-0400] {logging_mixin.py:137} INFO - [2023-03-25T14:48:16.536-0400] {dagbag.py:532} INFO - Filling up the DagBag from /Users/sunanda/Downloads/airflow/py_env/lib/python3.9/site-packages/airflow/example_dags/example_dynamic_task_mapping.py
[2023-03-25T14:48:16.568-0400] {processor.py:753} INFO - DAG(s) dict_keys(['example_dynamic_task_mapping']) retrieved from /Users/sunanda/Downloads/airflow/py_env/lib/python3.9/site-packages/airflow/example_dags/example_dynamic_task_mapping.py
[2023-03-25T14:48:16.877-0400] {logging_mixin.py:137} INFO - [2023-03-25T14:48:16.876-0400] {dag.py:2693} INFO - Sync 1 DAGs
[2023-03-25T14:48:16.885-0400] {logging_mixin.py:137} INFO - [2023-03-25T14:48:16.885-0400] {dag.py:3440} INFO - Setting next_dagrun for example_dynamic_task_mapping to 2022-03-04T00:00:00+00:00, run_after=2022-03-05T00:00:00+00:00
[2023-03-25T14:48:16.893-0400] {processor.py:175} INFO - Processing /Users/sunanda/Downloads/airflow/py_env/lib/python3.9/site-packages/airflow/example_dags/example_dynamic_task_mapping.py took 0.360 seconds
