[2023-03-25T14:10:07.582-0400] {processor.py:153} INFO - Started process (PID=8141) to work on /Users/sunanda/Downloads/airflow/py_env/lib/python3.9/site-packages/airflow/example_dags/example_complex.py
[2023-03-25T14:10:07.584-0400] {processor.py:743} INFO - Processing file /Users/sunanda/Downloads/airflow/py_env/lib/python3.9/site-packages/airflow/example_dags/example_complex.py for tasks to queue
[2023-03-25T14:10:07.584-0400] {logging_mixin.py:137} INFO - [2023-03-25T14:10:07.584-0400] {dagbag.py:532} INFO - Filling up the DagBag from /Users/sunanda/Downloads/airflow/py_env/lib/python3.9/site-packages/airflow/example_dags/example_complex.py
[2023-03-25T14:10:07.593-0400] {logging_mixin.py:137} INFO - [2023-03-25T14:10:07.593-0400] {taskmixin.py:211} WARNING - Dependency <Task(BashOperator): create_entry_group>, delete_entry_group already registered for DAG: example_complex
[2023-03-25T14:10:07.593-0400] {logging_mixin.py:137} INFO - [2023-03-25T14:10:07.593-0400] {taskmixin.py:211} WARNING - Dependency <Task(BashOperator): delete_entry_group>, create_entry_group already registered for DAG: example_complex
[2023-03-25T14:10:07.593-0400] {logging_mixin.py:137} INFO - [2023-03-25T14:10:07.593-0400] {taskmixin.py:211} WARNING - Dependency <Task(BashOperator): create_entry_gcs>, delete_entry already registered for DAG: example_complex
[2023-03-25T14:10:07.593-0400] {logging_mixin.py:137} INFO - [2023-03-25T14:10:07.593-0400] {taskmixin.py:211} WARNING - Dependency <Task(BashOperator): delete_entry>, create_entry_gcs already registered for DAG: example_complex
[2023-03-25T14:10:07.594-0400] {logging_mixin.py:137} INFO - [2023-03-25T14:10:07.594-0400] {taskmixin.py:211} WARNING - Dependency <Task(BashOperator): create_tag>, delete_tag already registered for DAG: example_complex
[2023-03-25T14:10:07.594-0400] {logging_mixin.py:137} INFO - [2023-03-25T14:10:07.594-0400] {taskmixin.py:211} WARNING - Dependency <Task(BashOperator): delete_tag>, create_tag already registered for DAG: example_complex
[2023-03-25T14:10:07.597-0400] {processor.py:753} INFO - DAG(s) dict_keys(['example_complex']) retrieved from /Users/sunanda/Downloads/airflow/py_env/lib/python3.9/site-packages/airflow/example_dags/example_complex.py
[2023-03-25T14:10:07.852-0400] {logging_mixin.py:137} INFO - [2023-03-25T14:10:07.852-0400] {dag.py:2693} INFO - Sync 1 DAGs
[2023-03-25T14:10:07.858-0400] {logging_mixin.py:137} INFO - [2023-03-25T14:10:07.858-0400] {dag.py:3440} INFO - Setting next_dagrun for example_complex to None, run_after=None
[2023-03-25T14:10:07.865-0400] {processor.py:175} INFO - Processing /Users/sunanda/Downloads/airflow/py_env/lib/python3.9/site-packages/airflow/example_dags/example_complex.py took 0.284 seconds
[2023-03-25T14:11:30.342-0400] {processor.py:153} INFO - Started process (PID=8284) to work on /Users/sunanda/Downloads/airflow/py_env/lib/python3.9/site-packages/airflow/example_dags/example_complex.py
[2023-03-25T14:11:30.344-0400] {processor.py:743} INFO - Processing file /Users/sunanda/Downloads/airflow/py_env/lib/python3.9/site-packages/airflow/example_dags/example_complex.py for tasks to queue
[2023-03-25T14:11:30.344-0400] {logging_mixin.py:137} INFO - [2023-03-25T14:11:30.344-0400] {dagbag.py:532} INFO - Filling up the DagBag from /Users/sunanda/Downloads/airflow/py_env/lib/python3.9/site-packages/airflow/example_dags/example_complex.py
[2023-03-25T14:11:30.353-0400] {logging_mixin.py:137} INFO - [2023-03-25T14:11:30.353-0400] {taskmixin.py:211} WARNING - Dependency <Task(BashOperator): create_entry_group>, delete_entry_group already registered for DAG: example_complex
[2023-03-25T14:11:30.353-0400] {logging_mixin.py:137} INFO - [2023-03-25T14:11:30.353-0400] {taskmixin.py:211} WARNING - Dependency <Task(BashOperator): delete_entry_group>, create_entry_group already registered for DAG: example_complex
[2023-03-25T14:11:30.354-0400] {logging_mixin.py:137} INFO - [2023-03-25T14:11:30.354-0400] {taskmixin.py:211} WARNING - Dependency <Task(BashOperator): create_entry_gcs>, delete_entry already registered for DAG: example_complex
[2023-03-25T14:11:30.354-0400] {logging_mixin.py:137} INFO - [2023-03-25T14:11:30.354-0400] {taskmixin.py:211} WARNING - Dependency <Task(BashOperator): delete_entry>, create_entry_gcs already registered for DAG: example_complex
[2023-03-25T14:11:30.354-0400] {logging_mixin.py:137} INFO - [2023-03-25T14:11:30.354-0400] {taskmixin.py:211} WARNING - Dependency <Task(BashOperator): create_tag>, delete_tag already registered for DAG: example_complex
[2023-03-25T14:11:30.354-0400] {logging_mixin.py:137} INFO - [2023-03-25T14:11:30.354-0400] {taskmixin.py:211} WARNING - Dependency <Task(BashOperator): delete_tag>, create_tag already registered for DAG: example_complex
[2023-03-25T14:11:30.357-0400] {processor.py:753} INFO - DAG(s) dict_keys(['example_complex']) retrieved from /Users/sunanda/Downloads/airflow/py_env/lib/python3.9/site-packages/airflow/example_dags/example_complex.py
[2023-03-25T14:11:30.570-0400] {logging_mixin.py:137} INFO - [2023-03-25T14:11:30.570-0400] {dag.py:2693} INFO - Sync 1 DAGs
[2023-03-25T14:11:30.576-0400] {logging_mixin.py:137} INFO - [2023-03-25T14:11:30.576-0400] {dag.py:3440} INFO - Setting next_dagrun for example_complex to None, run_after=None
[2023-03-25T14:11:30.583-0400] {processor.py:175} INFO - Processing /Users/sunanda/Downloads/airflow/py_env/lib/python3.9/site-packages/airflow/example_dags/example_complex.py took 0.242 seconds
[2023-03-25T14:13:00.293-0400] {processor.py:153} INFO - Started process (PID=8441) to work on /Users/sunanda/Downloads/airflow/py_env/lib/python3.9/site-packages/airflow/example_dags/example_complex.py
[2023-03-25T14:13:00.296-0400] {processor.py:743} INFO - Processing file /Users/sunanda/Downloads/airflow/py_env/lib/python3.9/site-packages/airflow/example_dags/example_complex.py for tasks to queue
[2023-03-25T14:13:00.297-0400] {logging_mixin.py:137} INFO - [2023-03-25T14:13:00.297-0400] {dagbag.py:532} INFO - Filling up the DagBag from /Users/sunanda/Downloads/airflow/py_env/lib/python3.9/site-packages/airflow/example_dags/example_complex.py
[2023-03-25T14:13:00.306-0400] {logging_mixin.py:137} INFO - [2023-03-25T14:13:00.306-0400] {taskmixin.py:211} WARNING - Dependency <Task(BashOperator): create_entry_group>, delete_entry_group already registered for DAG: example_complex
[2023-03-25T14:13:00.306-0400] {logging_mixin.py:137} INFO - [2023-03-25T14:13:00.306-0400] {taskmixin.py:211} WARNING - Dependency <Task(BashOperator): delete_entry_group>, create_entry_group already registered for DAG: example_complex
[2023-03-25T14:13:00.306-0400] {logging_mixin.py:137} INFO - [2023-03-25T14:13:00.306-0400] {taskmixin.py:211} WARNING - Dependency <Task(BashOperator): create_entry_gcs>, delete_entry already registered for DAG: example_complex
[2023-03-25T14:13:00.306-0400] {logging_mixin.py:137} INFO - [2023-03-25T14:13:00.306-0400] {taskmixin.py:211} WARNING - Dependency <Task(BashOperator): delete_entry>, create_entry_gcs already registered for DAG: example_complex
[2023-03-25T14:13:00.306-0400] {logging_mixin.py:137} INFO - [2023-03-25T14:13:00.306-0400] {taskmixin.py:211} WARNING - Dependency <Task(BashOperator): create_tag>, delete_tag already registered for DAG: example_complex
[2023-03-25T14:13:00.306-0400] {logging_mixin.py:137} INFO - [2023-03-25T14:13:00.306-0400] {taskmixin.py:211} WARNING - Dependency <Task(BashOperator): delete_tag>, create_tag already registered for DAG: example_complex
[2023-03-25T14:13:00.310-0400] {processor.py:753} INFO - DAG(s) dict_keys(['example_complex']) retrieved from /Users/sunanda/Downloads/airflow/py_env/lib/python3.9/site-packages/airflow/example_dags/example_complex.py
[2023-03-25T14:13:00.523-0400] {logging_mixin.py:137} INFO - [2023-03-25T14:13:00.523-0400] {dag.py:2693} INFO - Sync 1 DAGs
[2023-03-25T14:13:00.529-0400] {logging_mixin.py:137} INFO - [2023-03-25T14:13:00.529-0400] {dag.py:3440} INFO - Setting next_dagrun for example_complex to None, run_after=None
[2023-03-25T14:13:00.536-0400] {processor.py:175} INFO - Processing /Users/sunanda/Downloads/airflow/py_env/lib/python3.9/site-packages/airflow/example_dags/example_complex.py took 0.243 seconds
[2023-03-25T14:14:25.553-0400] {processor.py:153} INFO - Started process (PID=8576) to work on /Users/sunanda/Downloads/airflow/py_env/lib/python3.9/site-packages/airflow/example_dags/example_complex.py
[2023-03-25T14:14:25.555-0400] {processor.py:743} INFO - Processing file /Users/sunanda/Downloads/airflow/py_env/lib/python3.9/site-packages/airflow/example_dags/example_complex.py for tasks to queue
[2023-03-25T14:14:25.556-0400] {logging_mixin.py:137} INFO - [2023-03-25T14:14:25.556-0400] {dagbag.py:532} INFO - Filling up the DagBag from /Users/sunanda/Downloads/airflow/py_env/lib/python3.9/site-packages/airflow/example_dags/example_complex.py
[2023-03-25T14:14:25.565-0400] {logging_mixin.py:137} INFO - [2023-03-25T14:14:25.565-0400] {taskmixin.py:211} WARNING - Dependency <Task(BashOperator): create_entry_group>, delete_entry_group already registered for DAG: example_complex
[2023-03-25T14:14:25.565-0400] {logging_mixin.py:137} INFO - [2023-03-25T14:14:25.565-0400] {taskmixin.py:211} WARNING - Dependency <Task(BashOperator): delete_entry_group>, create_entry_group already registered for DAG: example_complex
[2023-03-25T14:14:25.566-0400] {logging_mixin.py:137} INFO - [2023-03-25T14:14:25.566-0400] {taskmixin.py:211} WARNING - Dependency <Task(BashOperator): create_entry_gcs>, delete_entry already registered for DAG: example_complex
[2023-03-25T14:14:25.566-0400] {logging_mixin.py:137} INFO - [2023-03-25T14:14:25.566-0400] {taskmixin.py:211} WARNING - Dependency <Task(BashOperator): delete_entry>, create_entry_gcs already registered for DAG: example_complex
[2023-03-25T14:14:25.566-0400] {logging_mixin.py:137} INFO - [2023-03-25T14:14:25.566-0400] {taskmixin.py:211} WARNING - Dependency <Task(BashOperator): create_tag>, delete_tag already registered for DAG: example_complex
[2023-03-25T14:14:25.566-0400] {logging_mixin.py:137} INFO - [2023-03-25T14:14:25.566-0400] {taskmixin.py:211} WARNING - Dependency <Task(BashOperator): delete_tag>, create_tag already registered for DAG: example_complex
[2023-03-25T14:14:25.569-0400] {processor.py:753} INFO - DAG(s) dict_keys(['example_complex']) retrieved from /Users/sunanda/Downloads/airflow/py_env/lib/python3.9/site-packages/airflow/example_dags/example_complex.py
[2023-03-25T14:14:25.782-0400] {logging_mixin.py:137} INFO - [2023-03-25T14:14:25.782-0400] {dag.py:2693} INFO - Sync 1 DAGs
[2023-03-25T14:14:25.788-0400] {logging_mixin.py:137} INFO - [2023-03-25T14:14:25.788-0400] {dag.py:3440} INFO - Setting next_dagrun for example_complex to None, run_after=None
[2023-03-25T14:14:25.795-0400] {processor.py:175} INFO - Processing /Users/sunanda/Downloads/airflow/py_env/lib/python3.9/site-packages/airflow/example_dags/example_complex.py took 0.242 seconds
[2023-03-25T14:15:54.724-0400] {processor.py:153} INFO - Started process (PID=8713) to work on /Users/sunanda/Downloads/airflow/py_env/lib/python3.9/site-packages/airflow/example_dags/example_complex.py
[2023-03-25T14:15:54.726-0400] {processor.py:743} INFO - Processing file /Users/sunanda/Downloads/airflow/py_env/lib/python3.9/site-packages/airflow/example_dags/example_complex.py for tasks to queue
[2023-03-25T14:15:54.727-0400] {logging_mixin.py:137} INFO - [2023-03-25T14:15:54.727-0400] {dagbag.py:532} INFO - Filling up the DagBag from /Users/sunanda/Downloads/airflow/py_env/lib/python3.9/site-packages/airflow/example_dags/example_complex.py
[2023-03-25T14:15:54.735-0400] {logging_mixin.py:137} INFO - [2023-03-25T14:15:54.735-0400] {taskmixin.py:211} WARNING - Dependency <Task(BashOperator): create_entry_group>, delete_entry_group already registered for DAG: example_complex
[2023-03-25T14:15:54.735-0400] {logging_mixin.py:137} INFO - [2023-03-25T14:15:54.735-0400] {taskmixin.py:211} WARNING - Dependency <Task(BashOperator): delete_entry_group>, create_entry_group already registered for DAG: example_complex
[2023-03-25T14:15:54.735-0400] {logging_mixin.py:137} INFO - [2023-03-25T14:15:54.735-0400] {taskmixin.py:211} WARNING - Dependency <Task(BashOperator): create_entry_gcs>, delete_entry already registered for DAG: example_complex
[2023-03-25T14:15:54.735-0400] {logging_mixin.py:137} INFO - [2023-03-25T14:15:54.735-0400] {taskmixin.py:211} WARNING - Dependency <Task(BashOperator): delete_entry>, create_entry_gcs already registered for DAG: example_complex
[2023-03-25T14:15:54.735-0400] {logging_mixin.py:137} INFO - [2023-03-25T14:15:54.735-0400] {taskmixin.py:211} WARNING - Dependency <Task(BashOperator): create_tag>, delete_tag already registered for DAG: example_complex
[2023-03-25T14:15:54.736-0400] {logging_mixin.py:137} INFO - [2023-03-25T14:15:54.735-0400] {taskmixin.py:211} WARNING - Dependency <Task(BashOperator): delete_tag>, create_tag already registered for DAG: example_complex
[2023-03-25T14:15:54.739-0400] {processor.py:753} INFO - DAG(s) dict_keys(['example_complex']) retrieved from /Users/sunanda/Downloads/airflow/py_env/lib/python3.9/site-packages/airflow/example_dags/example_complex.py
[2023-03-25T14:15:54.958-0400] {logging_mixin.py:137} INFO - [2023-03-25T14:15:54.958-0400] {dag.py:2693} INFO - Sync 1 DAGs
[2023-03-25T14:15:54.964-0400] {logging_mixin.py:137} INFO - [2023-03-25T14:15:54.964-0400] {dag.py:3440} INFO - Setting next_dagrun for example_complex to None, run_after=None
[2023-03-25T14:15:54.971-0400] {processor.py:175} INFO - Processing /Users/sunanda/Downloads/airflow/py_env/lib/python3.9/site-packages/airflow/example_dags/example_complex.py took 0.247 seconds
[2023-03-25T14:17:26.131-0400] {processor.py:153} INFO - Started process (PID=8856) to work on /Users/sunanda/Downloads/airflow/py_env/lib/python3.9/site-packages/airflow/example_dags/example_complex.py
[2023-03-25T14:17:26.133-0400] {processor.py:743} INFO - Processing file /Users/sunanda/Downloads/airflow/py_env/lib/python3.9/site-packages/airflow/example_dags/example_complex.py for tasks to queue
[2023-03-25T14:17:26.133-0400] {logging_mixin.py:137} INFO - [2023-03-25T14:17:26.133-0400] {dagbag.py:532} INFO - Filling up the DagBag from /Users/sunanda/Downloads/airflow/py_env/lib/python3.9/site-packages/airflow/example_dags/example_complex.py
[2023-03-25T14:17:26.141-0400] {logging_mixin.py:137} INFO - [2023-03-25T14:17:26.141-0400] {taskmixin.py:211} WARNING - Dependency <Task(BashOperator): create_entry_group>, delete_entry_group already registered for DAG: example_complex
[2023-03-25T14:17:26.141-0400] {logging_mixin.py:137} INFO - [2023-03-25T14:17:26.141-0400] {taskmixin.py:211} WARNING - Dependency <Task(BashOperator): delete_entry_group>, create_entry_group already registered for DAG: example_complex
[2023-03-25T14:17:26.141-0400] {logging_mixin.py:137} INFO - [2023-03-25T14:17:26.141-0400] {taskmixin.py:211} WARNING - Dependency <Task(BashOperator): create_entry_gcs>, delete_entry already registered for DAG: example_complex
[2023-03-25T14:17:26.141-0400] {logging_mixin.py:137} INFO - [2023-03-25T14:17:26.141-0400] {taskmixin.py:211} WARNING - Dependency <Task(BashOperator): delete_entry>, create_entry_gcs already registered for DAG: example_complex
[2023-03-25T14:17:26.142-0400] {logging_mixin.py:137} INFO - [2023-03-25T14:17:26.142-0400] {taskmixin.py:211} WARNING - Dependency <Task(BashOperator): create_tag>, delete_tag already registered for DAG: example_complex
[2023-03-25T14:17:26.142-0400] {logging_mixin.py:137} INFO - [2023-03-25T14:17:26.142-0400] {taskmixin.py:211} WARNING - Dependency <Task(BashOperator): delete_tag>, create_tag already registered for DAG: example_complex
[2023-03-25T14:17:26.145-0400] {processor.py:753} INFO - DAG(s) dict_keys(['example_complex']) retrieved from /Users/sunanda/Downloads/airflow/py_env/lib/python3.9/site-packages/airflow/example_dags/example_complex.py
[2023-03-25T14:17:26.362-0400] {logging_mixin.py:137} INFO - [2023-03-25T14:17:26.362-0400] {dag.py:2693} INFO - Sync 1 DAGs
[2023-03-25T14:17:26.368-0400] {logging_mixin.py:137} INFO - [2023-03-25T14:17:26.368-0400] {dag.py:3440} INFO - Setting next_dagrun for example_complex to None, run_after=None
[2023-03-25T14:17:26.375-0400] {processor.py:175} INFO - Processing /Users/sunanda/Downloads/airflow/py_env/lib/python3.9/site-packages/airflow/example_dags/example_complex.py took 0.245 seconds
[2023-03-25T14:19:28.925-0400] {processor.py:153} INFO - Started process (PID=9071) to work on /Users/sunanda/Downloads/airflow/py_env/lib/python3.9/site-packages/airflow/example_dags/example_complex.py
[2023-03-25T14:19:28.928-0400] {processor.py:743} INFO - Processing file /Users/sunanda/Downloads/airflow/py_env/lib/python3.9/site-packages/airflow/example_dags/example_complex.py for tasks to queue
[2023-03-25T14:19:28.928-0400] {logging_mixin.py:137} INFO - [2023-03-25T14:19:28.928-0400] {dagbag.py:532} INFO - Filling up the DagBag from /Users/sunanda/Downloads/airflow/py_env/lib/python3.9/site-packages/airflow/example_dags/example_complex.py
[2023-03-25T14:19:28.936-0400] {logging_mixin.py:137} INFO - [2023-03-25T14:19:28.936-0400] {taskmixin.py:211} WARNING - Dependency <Task(BashOperator): create_entry_group>, delete_entry_group already registered for DAG: example_complex
[2023-03-25T14:19:28.936-0400] {logging_mixin.py:137} INFO - [2023-03-25T14:19:28.936-0400] {taskmixin.py:211} WARNING - Dependency <Task(BashOperator): delete_entry_group>, create_entry_group already registered for DAG: example_complex
[2023-03-25T14:19:28.936-0400] {logging_mixin.py:137} INFO - [2023-03-25T14:19:28.936-0400] {taskmixin.py:211} WARNING - Dependency <Task(BashOperator): create_entry_gcs>, delete_entry already registered for DAG: example_complex
[2023-03-25T14:19:28.936-0400] {logging_mixin.py:137} INFO - [2023-03-25T14:19:28.936-0400] {taskmixin.py:211} WARNING - Dependency <Task(BashOperator): delete_entry>, create_entry_gcs already registered for DAG: example_complex
[2023-03-25T14:19:28.937-0400] {logging_mixin.py:137} INFO - [2023-03-25T14:19:28.937-0400] {taskmixin.py:211} WARNING - Dependency <Task(BashOperator): create_tag>, delete_tag already registered for DAG: example_complex
[2023-03-25T14:19:28.937-0400] {logging_mixin.py:137} INFO - [2023-03-25T14:19:28.937-0400] {taskmixin.py:211} WARNING - Dependency <Task(BashOperator): delete_tag>, create_tag already registered for DAG: example_complex
[2023-03-25T14:19:28.940-0400] {processor.py:753} INFO - DAG(s) dict_keys(['example_complex']) retrieved from /Users/sunanda/Downloads/airflow/py_env/lib/python3.9/site-packages/airflow/example_dags/example_complex.py
[2023-03-25T14:19:29.159-0400] {logging_mixin.py:137} INFO - [2023-03-25T14:19:29.159-0400] {dag.py:2693} INFO - Sync 1 DAGs
[2023-03-25T14:19:29.166-0400] {logging_mixin.py:137} INFO - [2023-03-25T14:19:29.166-0400] {dag.py:3440} INFO - Setting next_dagrun for example_complex to None, run_after=None
[2023-03-25T14:19:29.173-0400] {processor.py:175} INFO - Processing /Users/sunanda/Downloads/airflow/py_env/lib/python3.9/site-packages/airflow/example_dags/example_complex.py took 0.248 seconds
[2023-03-25T14:43:48.560-0400] {processor.py:153} INFO - Started process (PID=10796) to work on /Users/sunanda/Downloads/airflow/py_env/lib/python3.9/site-packages/airflow/example_dags/example_complex.py
[2023-03-25T14:43:48.564-0400] {processor.py:743} INFO - Processing file /Users/sunanda/Downloads/airflow/py_env/lib/python3.9/site-packages/airflow/example_dags/example_complex.py for tasks to queue
[2023-03-25T14:43:48.564-0400] {logging_mixin.py:137} INFO - [2023-03-25T14:43:48.564-0400] {dagbag.py:532} INFO - Filling up the DagBag from /Users/sunanda/Downloads/airflow/py_env/lib/python3.9/site-packages/airflow/example_dags/example_complex.py
[2023-03-25T14:43:48.574-0400] {logging_mixin.py:137} INFO - [2023-03-25T14:43:48.574-0400] {taskmixin.py:211} WARNING - Dependency <Task(BashOperator): create_entry_group>, delete_entry_group already registered for DAG: example_complex
[2023-03-25T14:43:48.574-0400] {logging_mixin.py:137} INFO - [2023-03-25T14:43:48.574-0400] {taskmixin.py:211} WARNING - Dependency <Task(BashOperator): delete_entry_group>, create_entry_group already registered for DAG: example_complex
[2023-03-25T14:43:48.574-0400] {logging_mixin.py:137} INFO - [2023-03-25T14:43:48.574-0400] {taskmixin.py:211} WARNING - Dependency <Task(BashOperator): create_entry_gcs>, delete_entry already registered for DAG: example_complex
[2023-03-25T14:43:48.574-0400] {logging_mixin.py:137} INFO - [2023-03-25T14:43:48.574-0400] {taskmixin.py:211} WARNING - Dependency <Task(BashOperator): delete_entry>, create_entry_gcs already registered for DAG: example_complex
[2023-03-25T14:43:48.574-0400] {logging_mixin.py:137} INFO - [2023-03-25T14:43:48.574-0400] {taskmixin.py:211} WARNING - Dependency <Task(BashOperator): create_tag>, delete_tag already registered for DAG: example_complex
[2023-03-25T14:43:48.574-0400] {logging_mixin.py:137} INFO - [2023-03-25T14:43:48.574-0400] {taskmixin.py:211} WARNING - Dependency <Task(BashOperator): delete_tag>, create_tag already registered for DAG: example_complex
[2023-03-25T14:43:48.578-0400] {processor.py:753} INFO - DAG(s) dict_keys(['example_complex']) retrieved from /Users/sunanda/Downloads/airflow/py_env/lib/python3.9/site-packages/airflow/example_dags/example_complex.py
[2023-03-25T14:43:48.811-0400] {logging_mixin.py:137} INFO - [2023-03-25T14:43:48.811-0400] {dag.py:2693} INFO - Sync 1 DAGs
[2023-03-25T14:43:48.817-0400] {logging_mixin.py:137} INFO - [2023-03-25T14:43:48.817-0400] {dag.py:3440} INFO - Setting next_dagrun for example_complex to None, run_after=None
[2023-03-25T14:43:48.825-0400] {processor.py:175} INFO - Processing /Users/sunanda/Downloads/airflow/py_env/lib/python3.9/site-packages/airflow/example_dags/example_complex.py took 0.265 seconds
[2023-03-25T14:45:22.176-0400] {processor.py:153} INFO - Started process (PID=10957) to work on /Users/sunanda/Downloads/airflow/py_env/lib/python3.9/site-packages/airflow/example_dags/example_complex.py
[2023-03-25T14:45:22.178-0400] {processor.py:743} INFO - Processing file /Users/sunanda/Downloads/airflow/py_env/lib/python3.9/site-packages/airflow/example_dags/example_complex.py for tasks to queue
[2023-03-25T14:45:22.179-0400] {logging_mixin.py:137} INFO - [2023-03-25T14:45:22.179-0400] {dagbag.py:532} INFO - Filling up the DagBag from /Users/sunanda/Downloads/airflow/py_env/lib/python3.9/site-packages/airflow/example_dags/example_complex.py
[2023-03-25T14:45:22.189-0400] {logging_mixin.py:137} INFO - [2023-03-25T14:45:22.189-0400] {taskmixin.py:211} WARNING - Dependency <Task(BashOperator): create_entry_group>, delete_entry_group already registered for DAG: example_complex
[2023-03-25T14:45:22.189-0400] {logging_mixin.py:137} INFO - [2023-03-25T14:45:22.189-0400] {taskmixin.py:211} WARNING - Dependency <Task(BashOperator): delete_entry_group>, create_entry_group already registered for DAG: example_complex
[2023-03-25T14:45:22.189-0400] {logging_mixin.py:137} INFO - [2023-03-25T14:45:22.189-0400] {taskmixin.py:211} WARNING - Dependency <Task(BashOperator): create_entry_gcs>, delete_entry already registered for DAG: example_complex
[2023-03-25T14:45:22.190-0400] {logging_mixin.py:137} INFO - [2023-03-25T14:45:22.189-0400] {taskmixin.py:211} WARNING - Dependency <Task(BashOperator): delete_entry>, create_entry_gcs already registered for DAG: example_complex
[2023-03-25T14:45:22.190-0400] {logging_mixin.py:137} INFO - [2023-03-25T14:45:22.190-0400] {taskmixin.py:211} WARNING - Dependency <Task(BashOperator): create_tag>, delete_tag already registered for DAG: example_complex
[2023-03-25T14:45:22.190-0400] {logging_mixin.py:137} INFO - [2023-03-25T14:45:22.190-0400] {taskmixin.py:211} WARNING - Dependency <Task(BashOperator): delete_tag>, create_tag already registered for DAG: example_complex
[2023-03-25T14:45:22.193-0400] {processor.py:753} INFO - DAG(s) dict_keys(['example_complex']) retrieved from /Users/sunanda/Downloads/airflow/py_env/lib/python3.9/site-packages/airflow/example_dags/example_complex.py
[2023-03-25T14:45:22.423-0400] {logging_mixin.py:137} INFO - [2023-03-25T14:45:22.423-0400] {dag.py:2693} INFO - Sync 1 DAGs
[2023-03-25T14:45:22.429-0400] {logging_mixin.py:137} INFO - [2023-03-25T14:45:22.429-0400] {dag.py:3440} INFO - Setting next_dagrun for example_complex to None, run_after=None
[2023-03-25T14:45:22.437-0400] {processor.py:175} INFO - Processing /Users/sunanda/Downloads/airflow/py_env/lib/python3.9/site-packages/airflow/example_dags/example_complex.py took 0.261 seconds
[2023-03-25T14:46:51.412-0400] {processor.py:153} INFO - Started process (PID=11097) to work on /Users/sunanda/Downloads/airflow/py_env/lib/python3.9/site-packages/airflow/example_dags/example_complex.py
[2023-03-25T14:46:51.416-0400] {processor.py:743} INFO - Processing file /Users/sunanda/Downloads/airflow/py_env/lib/python3.9/site-packages/airflow/example_dags/example_complex.py for tasks to queue
[2023-03-25T14:46:51.416-0400] {logging_mixin.py:137} INFO - [2023-03-25T14:46:51.416-0400] {dagbag.py:532} INFO - Filling up the DagBag from /Users/sunanda/Downloads/airflow/py_env/lib/python3.9/site-packages/airflow/example_dags/example_complex.py
[2023-03-25T14:46:51.426-0400] {logging_mixin.py:137} INFO - [2023-03-25T14:46:51.426-0400] {taskmixin.py:211} WARNING - Dependency <Task(BashOperator): create_entry_group>, delete_entry_group already registered for DAG: example_complex
[2023-03-25T14:46:51.427-0400] {logging_mixin.py:137} INFO - [2023-03-25T14:46:51.426-0400] {taskmixin.py:211} WARNING - Dependency <Task(BashOperator): delete_entry_group>, create_entry_group already registered for DAG: example_complex
[2023-03-25T14:46:51.427-0400] {logging_mixin.py:137} INFO - [2023-03-25T14:46:51.427-0400] {taskmixin.py:211} WARNING - Dependency <Task(BashOperator): create_entry_gcs>, delete_entry already registered for DAG: example_complex
[2023-03-25T14:46:51.427-0400] {logging_mixin.py:137} INFO - [2023-03-25T14:46:51.427-0400] {taskmixin.py:211} WARNING - Dependency <Task(BashOperator): delete_entry>, create_entry_gcs already registered for DAG: example_complex
[2023-03-25T14:46:51.427-0400] {logging_mixin.py:137} INFO - [2023-03-25T14:46:51.427-0400] {taskmixin.py:211} WARNING - Dependency <Task(BashOperator): create_tag>, delete_tag already registered for DAG: example_complex
[2023-03-25T14:46:51.427-0400] {logging_mixin.py:137} INFO - [2023-03-25T14:46:51.427-0400] {taskmixin.py:211} WARNING - Dependency <Task(BashOperator): delete_tag>, create_tag already registered for DAG: example_complex
[2023-03-25T14:46:51.430-0400] {processor.py:753} INFO - DAG(s) dict_keys(['example_complex']) retrieved from /Users/sunanda/Downloads/airflow/py_env/lib/python3.9/site-packages/airflow/example_dags/example_complex.py
[2023-03-25T14:46:51.663-0400] {logging_mixin.py:137} INFO - [2023-03-25T14:46:51.663-0400] {dag.py:2693} INFO - Sync 1 DAGs
[2023-03-25T14:46:51.670-0400] {logging_mixin.py:137} INFO - [2023-03-25T14:46:51.670-0400] {dag.py:3440} INFO - Setting next_dagrun for example_complex to None, run_after=None
[2023-03-25T14:46:51.678-0400] {processor.py:175} INFO - Processing /Users/sunanda/Downloads/airflow/py_env/lib/python3.9/site-packages/airflow/example_dags/example_complex.py took 0.266 seconds
[2023-03-25T14:48:20.389-0400] {processor.py:153} INFO - Started process (PID=11238) to work on /Users/sunanda/Downloads/airflow/py_env/lib/python3.9/site-packages/airflow/example_dags/example_complex.py
[2023-03-25T14:48:20.392-0400] {processor.py:743} INFO - Processing file /Users/sunanda/Downloads/airflow/py_env/lib/python3.9/site-packages/airflow/example_dags/example_complex.py for tasks to queue
[2023-03-25T14:48:20.392-0400] {logging_mixin.py:137} INFO - [2023-03-25T14:48:20.392-0400] {dagbag.py:532} INFO - Filling up the DagBag from /Users/sunanda/Downloads/airflow/py_env/lib/python3.9/site-packages/airflow/example_dags/example_complex.py
[2023-03-25T14:48:20.402-0400] {logging_mixin.py:137} INFO - [2023-03-25T14:48:20.402-0400] {taskmixin.py:211} WARNING - Dependency <Task(BashOperator): create_entry_group>, delete_entry_group already registered for DAG: example_complex
[2023-03-25T14:48:20.402-0400] {logging_mixin.py:137} INFO - [2023-03-25T14:48:20.402-0400] {taskmixin.py:211} WARNING - Dependency <Task(BashOperator): delete_entry_group>, create_entry_group already registered for DAG: example_complex
[2023-03-25T14:48:20.402-0400] {logging_mixin.py:137} INFO - [2023-03-25T14:48:20.402-0400] {taskmixin.py:211} WARNING - Dependency <Task(BashOperator): create_entry_gcs>, delete_entry already registered for DAG: example_complex
[2023-03-25T14:48:20.402-0400] {logging_mixin.py:137} INFO - [2023-03-25T14:48:20.402-0400] {taskmixin.py:211} WARNING - Dependency <Task(BashOperator): delete_entry>, create_entry_gcs already registered for DAG: example_complex
[2023-03-25T14:48:20.402-0400] {logging_mixin.py:137} INFO - [2023-03-25T14:48:20.402-0400] {taskmixin.py:211} WARNING - Dependency <Task(BashOperator): create_tag>, delete_tag already registered for DAG: example_complex
[2023-03-25T14:48:20.402-0400] {logging_mixin.py:137} INFO - [2023-03-25T14:48:20.402-0400] {taskmixin.py:211} WARNING - Dependency <Task(BashOperator): delete_tag>, create_tag already registered for DAG: example_complex
[2023-03-25T14:48:20.406-0400] {processor.py:753} INFO - DAG(s) dict_keys(['example_complex']) retrieved from /Users/sunanda/Downloads/airflow/py_env/lib/python3.9/site-packages/airflow/example_dags/example_complex.py
[2023-03-25T14:48:20.643-0400] {logging_mixin.py:137} INFO - [2023-03-25T14:48:20.643-0400] {dag.py:2693} INFO - Sync 1 DAGs
[2023-03-25T14:48:20.657-0400] {logging_mixin.py:137} INFO - [2023-03-25T14:48:20.657-0400] {dag.py:3440} INFO - Setting next_dagrun for example_complex to None, run_after=None
[2023-03-25T14:48:20.678-0400] {processor.py:175} INFO - Processing /Users/sunanda/Downloads/airflow/py_env/lib/python3.9/site-packages/airflow/example_dags/example_complex.py took 0.289 seconds
