[2023-03-25T14:10:03.639-0400] {processor.py:153} INFO - Started process (PID=8135) to work on /Users/sunanda/Downloads/airflow/py_env/lib/python3.9/site-packages/airflow/example_dags/example_datasets.py
[2023-03-25T14:10:03.642-0400] {processor.py:743} INFO - Processing file /Users/sunanda/Downloads/airflow/py_env/lib/python3.9/site-packages/airflow/example_dags/example_datasets.py for tasks to queue
[2023-03-25T14:10:03.642-0400] {logging_mixin.py:137} INFO - [2023-03-25T14:10:03.642-0400] {dagbag.py:532} INFO - Filling up the DagBag from /Users/sunanda/Downloads/airflow/py_env/lib/python3.9/site-packages/airflow/example_dags/example_datasets.py
[2023-03-25T14:10:03.653-0400] {processor.py:753} INFO - DAG(s) dict_keys(['dataset_consumes_1', 'dataset_consumes_unknown_never_scheduled', 'dataset_produces_1', 'dataset_produces_2', 'dataset_consumes_1_and_2', 'dataset_consumes_1_never_scheduled']) retrieved from /Users/sunanda/Downloads/airflow/py_env/lib/python3.9/site-packages/airflow/example_dags/example_datasets.py
[2023-03-25T14:10:03.882-0400] {logging_mixin.py:137} INFO - [2023-03-25T14:10:03.882-0400] {dag.py:2693} INFO - Sync 6 DAGs
[2023-03-25T14:10:03.889-0400] {logging_mixin.py:137} INFO - [2023-03-25T14:10:03.889-0400] {dag.py:3440} INFO - Setting next_dagrun for dataset_consumes_1 to None, run_after=None
[2023-03-25T14:10:03.890-0400] {logging_mixin.py:137} INFO - [2023-03-25T14:10:03.890-0400] {dag.py:3440} INFO - Setting next_dagrun for dataset_consumes_1_and_2 to None, run_after=None
[2023-03-25T14:10:03.890-0400] {logging_mixin.py:137} INFO - [2023-03-25T14:10:03.890-0400] {dag.py:3440} INFO - Setting next_dagrun for dataset_consumes_1_never_scheduled to None, run_after=None
[2023-03-25T14:10:03.890-0400] {logging_mixin.py:137} INFO - [2023-03-25T14:10:03.890-0400] {dag.py:3440} INFO - Setting next_dagrun for dataset_consumes_unknown_never_scheduled to None, run_after=None
[2023-03-25T14:10:03.891-0400] {logging_mixin.py:137} INFO - [2023-03-25T14:10:03.891-0400] {dag.py:3440} INFO - Setting next_dagrun for dataset_produces_1 to 2023-03-24T00:00:00+00:00, run_after=2023-03-25T00:00:00+00:00
[2023-03-25T14:10:03.892-0400] {logging_mixin.py:137} INFO - [2023-03-25T14:10:03.891-0400] {dag.py:3440} INFO - Setting next_dagrun for dataset_produces_2 to None, run_after=None
[2023-03-25T14:10:03.903-0400] {processor.py:175} INFO - Processing /Users/sunanda/Downloads/airflow/py_env/lib/python3.9/site-packages/airflow/example_dags/example_datasets.py took 0.264 seconds
[2023-03-25T14:11:27.378-0400] {processor.py:153} INFO - Started process (PID=8279) to work on /Users/sunanda/Downloads/airflow/py_env/lib/python3.9/site-packages/airflow/example_dags/example_datasets.py
[2023-03-25T14:11:27.380-0400] {processor.py:743} INFO - Processing file /Users/sunanda/Downloads/airflow/py_env/lib/python3.9/site-packages/airflow/example_dags/example_datasets.py for tasks to queue
[2023-03-25T14:11:27.381-0400] {logging_mixin.py:137} INFO - [2023-03-25T14:11:27.381-0400] {dagbag.py:532} INFO - Filling up the DagBag from /Users/sunanda/Downloads/airflow/py_env/lib/python3.9/site-packages/airflow/example_dags/example_datasets.py
[2023-03-25T14:11:27.391-0400] {processor.py:753} INFO - DAG(s) dict_keys(['dataset_produces_2', 'dataset_consumes_1_never_scheduled', 'dataset_produces_1', 'dataset_consumes_unknown_never_scheduled', 'dataset_consumes_1', 'dataset_consumes_1_and_2']) retrieved from /Users/sunanda/Downloads/airflow/py_env/lib/python3.9/site-packages/airflow/example_dags/example_datasets.py
[2023-03-25T14:11:27.612-0400] {logging_mixin.py:137} INFO - [2023-03-25T14:11:27.612-0400] {dag.py:2693} INFO - Sync 6 DAGs
[2023-03-25T14:11:27.619-0400] {logging_mixin.py:137} INFO - [2023-03-25T14:11:27.619-0400] {dag.py:3440} INFO - Setting next_dagrun for dataset_consumes_1 to None, run_after=None
[2023-03-25T14:11:27.620-0400] {logging_mixin.py:137} INFO - [2023-03-25T14:11:27.620-0400] {dag.py:3440} INFO - Setting next_dagrun for dataset_consumes_1_and_2 to None, run_after=None
[2023-03-25T14:11:27.620-0400] {logging_mixin.py:137} INFO - [2023-03-25T14:11:27.620-0400] {dag.py:3440} INFO - Setting next_dagrun for dataset_consumes_1_never_scheduled to None, run_after=None
[2023-03-25T14:11:27.620-0400] {logging_mixin.py:137} INFO - [2023-03-25T14:11:27.620-0400] {dag.py:3440} INFO - Setting next_dagrun for dataset_consumes_unknown_never_scheduled to None, run_after=None
[2023-03-25T14:11:27.621-0400] {logging_mixin.py:137} INFO - [2023-03-25T14:11:27.621-0400] {dag.py:3440} INFO - Setting next_dagrun for dataset_produces_1 to 2023-03-24T00:00:00+00:00, run_after=2023-03-25T00:00:00+00:00
[2023-03-25T14:11:27.622-0400] {logging_mixin.py:137} INFO - [2023-03-25T14:11:27.622-0400] {dag.py:3440} INFO - Setting next_dagrun for dataset_produces_2 to None, run_after=None
[2023-03-25T14:11:27.632-0400] {processor.py:175} INFO - Processing /Users/sunanda/Downloads/airflow/py_env/lib/python3.9/site-packages/airflow/example_dags/example_datasets.py took 0.254 seconds
[2023-03-25T14:12:56.493-0400] {processor.py:153} INFO - Started process (PID=8436) to work on /Users/sunanda/Downloads/airflow/py_env/lib/python3.9/site-packages/airflow/example_dags/example_datasets.py
[2023-03-25T14:12:56.496-0400] {processor.py:743} INFO - Processing file /Users/sunanda/Downloads/airflow/py_env/lib/python3.9/site-packages/airflow/example_dags/example_datasets.py for tasks to queue
[2023-03-25T14:12:56.496-0400] {logging_mixin.py:137} INFO - [2023-03-25T14:12:56.496-0400] {dagbag.py:532} INFO - Filling up the DagBag from /Users/sunanda/Downloads/airflow/py_env/lib/python3.9/site-packages/airflow/example_dags/example_datasets.py
[2023-03-25T14:12:56.507-0400] {processor.py:753} INFO - DAG(s) dict_keys(['dataset_produces_1', 'dataset_consumes_1', 'dataset_consumes_1_and_2', 'dataset_consumes_1_never_scheduled', 'dataset_produces_2', 'dataset_consumes_unknown_never_scheduled']) retrieved from /Users/sunanda/Downloads/airflow/py_env/lib/python3.9/site-packages/airflow/example_dags/example_datasets.py
[2023-03-25T14:12:56.730-0400] {logging_mixin.py:137} INFO - [2023-03-25T14:12:56.730-0400] {dag.py:2693} INFO - Sync 6 DAGs
[2023-03-25T14:12:56.737-0400] {logging_mixin.py:137} INFO - [2023-03-25T14:12:56.737-0400] {dag.py:3440} INFO - Setting next_dagrun for dataset_consumes_1 to None, run_after=None
[2023-03-25T14:12:56.737-0400] {logging_mixin.py:137} INFO - [2023-03-25T14:12:56.737-0400] {dag.py:3440} INFO - Setting next_dagrun for dataset_consumes_1_and_2 to None, run_after=None
[2023-03-25T14:12:56.738-0400] {logging_mixin.py:137} INFO - [2023-03-25T14:12:56.738-0400] {dag.py:3440} INFO - Setting next_dagrun for dataset_consumes_1_never_scheduled to None, run_after=None
[2023-03-25T14:12:56.738-0400] {logging_mixin.py:137} INFO - [2023-03-25T14:12:56.738-0400] {dag.py:3440} INFO - Setting next_dagrun for dataset_consumes_unknown_never_scheduled to None, run_after=None
[2023-03-25T14:12:56.739-0400] {logging_mixin.py:137} INFO - [2023-03-25T14:12:56.739-0400] {dag.py:3440} INFO - Setting next_dagrun for dataset_produces_1 to 2023-03-24T00:00:00+00:00, run_after=2023-03-25T00:00:00+00:00
[2023-03-25T14:12:56.739-0400] {logging_mixin.py:137} INFO - [2023-03-25T14:12:56.739-0400] {dag.py:3440} INFO - Setting next_dagrun for dataset_produces_2 to None, run_after=None
[2023-03-25T14:12:56.749-0400] {processor.py:175} INFO - Processing /Users/sunanda/Downloads/airflow/py_env/lib/python3.9/site-packages/airflow/example_dags/example_datasets.py took 0.257 seconds
[2023-03-25T14:14:22.254-0400] {processor.py:153} INFO - Started process (PID=8571) to work on /Users/sunanda/Downloads/airflow/py_env/lib/python3.9/site-packages/airflow/example_dags/example_datasets.py
[2023-03-25T14:14:22.256-0400] {processor.py:743} INFO - Processing file /Users/sunanda/Downloads/airflow/py_env/lib/python3.9/site-packages/airflow/example_dags/example_datasets.py for tasks to queue
[2023-03-25T14:14:22.257-0400] {logging_mixin.py:137} INFO - [2023-03-25T14:14:22.257-0400] {dagbag.py:532} INFO - Filling up the DagBag from /Users/sunanda/Downloads/airflow/py_env/lib/python3.9/site-packages/airflow/example_dags/example_datasets.py
[2023-03-25T14:14:22.268-0400] {processor.py:753} INFO - DAG(s) dict_keys(['dataset_consumes_1_and_2', 'dataset_consumes_1_never_scheduled', 'dataset_produces_2', 'dataset_produces_1', 'dataset_consumes_unknown_never_scheduled', 'dataset_consumes_1']) retrieved from /Users/sunanda/Downloads/airflow/py_env/lib/python3.9/site-packages/airflow/example_dags/example_datasets.py
[2023-03-25T14:14:22.499-0400] {logging_mixin.py:137} INFO - [2023-03-25T14:14:22.499-0400] {dag.py:2693} INFO - Sync 6 DAGs
[2023-03-25T14:14:22.506-0400] {logging_mixin.py:137} INFO - [2023-03-25T14:14:22.506-0400] {dag.py:3440} INFO - Setting next_dagrun for dataset_consumes_1 to None, run_after=None
[2023-03-25T14:14:22.507-0400] {logging_mixin.py:137} INFO - [2023-03-25T14:14:22.507-0400] {dag.py:3440} INFO - Setting next_dagrun for dataset_consumes_1_and_2 to None, run_after=None
[2023-03-25T14:14:22.507-0400] {logging_mixin.py:137} INFO - [2023-03-25T14:14:22.507-0400] {dag.py:3440} INFO - Setting next_dagrun for dataset_consumes_1_never_scheduled to None, run_after=None
[2023-03-25T14:14:22.507-0400] {logging_mixin.py:137} INFO - [2023-03-25T14:14:22.507-0400] {dag.py:3440} INFO - Setting next_dagrun for dataset_consumes_unknown_never_scheduled to None, run_after=None
[2023-03-25T14:14:22.508-0400] {logging_mixin.py:137} INFO - [2023-03-25T14:14:22.508-0400] {dag.py:3440} INFO - Setting next_dagrun for dataset_produces_1 to 2023-03-24T00:00:00+00:00, run_after=2023-03-25T00:00:00+00:00
[2023-03-25T14:14:22.509-0400] {logging_mixin.py:137} INFO - [2023-03-25T14:14:22.509-0400] {dag.py:3440} INFO - Setting next_dagrun for dataset_produces_2 to None, run_after=None
[2023-03-25T14:14:22.519-0400] {processor.py:175} INFO - Processing /Users/sunanda/Downloads/airflow/py_env/lib/python3.9/site-packages/airflow/example_dags/example_datasets.py took 0.265 seconds
[2023-03-25T14:15:50.873-0400] {processor.py:153} INFO - Started process (PID=8708) to work on /Users/sunanda/Downloads/airflow/py_env/lib/python3.9/site-packages/airflow/example_dags/example_datasets.py
[2023-03-25T14:15:50.876-0400] {processor.py:743} INFO - Processing file /Users/sunanda/Downloads/airflow/py_env/lib/python3.9/site-packages/airflow/example_dags/example_datasets.py for tasks to queue
[2023-03-25T14:15:50.877-0400] {logging_mixin.py:137} INFO - [2023-03-25T14:15:50.877-0400] {dagbag.py:532} INFO - Filling up the DagBag from /Users/sunanda/Downloads/airflow/py_env/lib/python3.9/site-packages/airflow/example_dags/example_datasets.py
[2023-03-25T14:15:50.887-0400] {processor.py:753} INFO - DAG(s) dict_keys(['dataset_consumes_1_and_2', 'dataset_consumes_1', 'dataset_produces_2', 'dataset_consumes_unknown_never_scheduled', 'dataset_consumes_1_never_scheduled', 'dataset_produces_1']) retrieved from /Users/sunanda/Downloads/airflow/py_env/lib/python3.9/site-packages/airflow/example_dags/example_datasets.py
[2023-03-25T14:15:51.110-0400] {logging_mixin.py:137} INFO - [2023-03-25T14:15:51.110-0400] {dag.py:2693} INFO - Sync 6 DAGs
[2023-03-25T14:15:51.117-0400] {logging_mixin.py:137} INFO - [2023-03-25T14:15:51.117-0400] {dag.py:3440} INFO - Setting next_dagrun for dataset_consumes_1 to None, run_after=None
[2023-03-25T14:15:51.118-0400] {logging_mixin.py:137} INFO - [2023-03-25T14:15:51.118-0400] {dag.py:3440} INFO - Setting next_dagrun for dataset_consumes_1_and_2 to None, run_after=None
[2023-03-25T14:15:51.118-0400] {logging_mixin.py:137} INFO - [2023-03-25T14:15:51.118-0400] {dag.py:3440} INFO - Setting next_dagrun for dataset_consumes_1_never_scheduled to None, run_after=None
[2023-03-25T14:15:51.118-0400] {logging_mixin.py:137} INFO - [2023-03-25T14:15:51.118-0400] {dag.py:3440} INFO - Setting next_dagrun for dataset_consumes_unknown_never_scheduled to None, run_after=None
[2023-03-25T14:15:51.119-0400] {logging_mixin.py:137} INFO - [2023-03-25T14:15:51.119-0400] {dag.py:3440} INFO - Setting next_dagrun for dataset_produces_1 to 2023-03-24T00:00:00+00:00, run_after=2023-03-25T00:00:00+00:00
[2023-03-25T14:15:51.120-0400] {logging_mixin.py:137} INFO - [2023-03-25T14:15:51.119-0400] {dag.py:3440} INFO - Setting next_dagrun for dataset_produces_2 to None, run_after=None
[2023-03-25T14:15:51.130-0400] {processor.py:175} INFO - Processing /Users/sunanda/Downloads/airflow/py_env/lib/python3.9/site-packages/airflow/example_dags/example_datasets.py took 0.257 seconds
[2023-03-25T14:17:22.343-0400] {processor.py:153} INFO - Started process (PID=8851) to work on /Users/sunanda/Downloads/airflow/py_env/lib/python3.9/site-packages/airflow/example_dags/example_datasets.py
[2023-03-25T14:17:22.345-0400] {processor.py:743} INFO - Processing file /Users/sunanda/Downloads/airflow/py_env/lib/python3.9/site-packages/airflow/example_dags/example_datasets.py for tasks to queue
[2023-03-25T14:17:22.345-0400] {logging_mixin.py:137} INFO - [2023-03-25T14:17:22.345-0400] {dagbag.py:532} INFO - Filling up the DagBag from /Users/sunanda/Downloads/airflow/py_env/lib/python3.9/site-packages/airflow/example_dags/example_datasets.py
[2023-03-25T14:17:22.356-0400] {processor.py:753} INFO - DAG(s) dict_keys(['dataset_produces_2', 'dataset_consumes_1_never_scheduled', 'dataset_consumes_unknown_never_scheduled', 'dataset_consumes_1_and_2', 'dataset_consumes_1', 'dataset_produces_1']) retrieved from /Users/sunanda/Downloads/airflow/py_env/lib/python3.9/site-packages/airflow/example_dags/example_datasets.py
[2023-03-25T14:17:22.582-0400] {logging_mixin.py:137} INFO - [2023-03-25T14:17:22.582-0400] {dag.py:2693} INFO - Sync 6 DAGs
[2023-03-25T14:17:22.589-0400] {logging_mixin.py:137} INFO - [2023-03-25T14:17:22.589-0400] {dag.py:3440} INFO - Setting next_dagrun for dataset_consumes_1 to None, run_after=None
[2023-03-25T14:17:22.590-0400] {logging_mixin.py:137} INFO - [2023-03-25T14:17:22.590-0400] {dag.py:3440} INFO - Setting next_dagrun for dataset_consumes_1_and_2 to None, run_after=None
[2023-03-25T14:17:22.590-0400] {logging_mixin.py:137} INFO - [2023-03-25T14:17:22.590-0400] {dag.py:3440} INFO - Setting next_dagrun for dataset_consumes_1_never_scheduled to None, run_after=None
[2023-03-25T14:17:22.591-0400] {logging_mixin.py:137} INFO - [2023-03-25T14:17:22.591-0400] {dag.py:3440} INFO - Setting next_dagrun for dataset_consumes_unknown_never_scheduled to None, run_after=None
[2023-03-25T14:17:22.592-0400] {logging_mixin.py:137} INFO - [2023-03-25T14:17:22.592-0400] {dag.py:3440} INFO - Setting next_dagrun for dataset_produces_1 to 2023-03-24T00:00:00+00:00, run_after=2023-03-25T00:00:00+00:00
[2023-03-25T14:17:22.592-0400] {logging_mixin.py:137} INFO - [2023-03-25T14:17:22.592-0400] {dag.py:3440} INFO - Setting next_dagrun for dataset_produces_2 to None, run_after=None
[2023-03-25T14:17:22.602-0400] {processor.py:175} INFO - Processing /Users/sunanda/Downloads/airflow/py_env/lib/python3.9/site-packages/airflow/example_dags/example_datasets.py took 0.260 seconds
[2023-03-25T14:19:25.835-0400] {processor.py:153} INFO - Started process (PID=9067) to work on /Users/sunanda/Downloads/airflow/py_env/lib/python3.9/site-packages/airflow/example_dags/example_datasets.py
[2023-03-25T14:19:25.838-0400] {processor.py:743} INFO - Processing file /Users/sunanda/Downloads/airflow/py_env/lib/python3.9/site-packages/airflow/example_dags/example_datasets.py for tasks to queue
[2023-03-25T14:19:25.839-0400] {logging_mixin.py:137} INFO - [2023-03-25T14:19:25.838-0400] {dagbag.py:532} INFO - Filling up the DagBag from /Users/sunanda/Downloads/airflow/py_env/lib/python3.9/site-packages/airflow/example_dags/example_datasets.py
[2023-03-25T14:19:25.851-0400] {processor.py:753} INFO - DAG(s) dict_keys(['dataset_consumes_1_never_scheduled', 'dataset_consumes_1_and_2', 'dataset_produces_1', 'dataset_consumes_1', 'dataset_produces_2', 'dataset_consumes_unknown_never_scheduled']) retrieved from /Users/sunanda/Downloads/airflow/py_env/lib/python3.9/site-packages/airflow/example_dags/example_datasets.py
[2023-03-25T14:19:26.089-0400] {logging_mixin.py:137} INFO - [2023-03-25T14:19:26.089-0400] {dag.py:2693} INFO - Sync 6 DAGs
[2023-03-25T14:19:26.098-0400] {logging_mixin.py:137} INFO - [2023-03-25T14:19:26.098-0400] {dag.py:3440} INFO - Setting next_dagrun for dataset_consumes_1 to None, run_after=None
[2023-03-25T14:19:26.099-0400] {logging_mixin.py:137} INFO - [2023-03-25T14:19:26.099-0400] {dag.py:3440} INFO - Setting next_dagrun for dataset_consumes_1_and_2 to None, run_after=None
[2023-03-25T14:19:26.099-0400] {logging_mixin.py:137} INFO - [2023-03-25T14:19:26.099-0400] {dag.py:3440} INFO - Setting next_dagrun for dataset_consumes_1_never_scheduled to None, run_after=None
[2023-03-25T14:19:26.099-0400] {logging_mixin.py:137} INFO - [2023-03-25T14:19:26.099-0400] {dag.py:3440} INFO - Setting next_dagrun for dataset_consumes_unknown_never_scheduled to None, run_after=None
[2023-03-25T14:19:26.100-0400] {logging_mixin.py:137} INFO - [2023-03-25T14:19:26.100-0400] {dag.py:3440} INFO - Setting next_dagrun for dataset_produces_1 to 2023-03-24T00:00:00+00:00, run_after=2023-03-25T00:00:00+00:00
[2023-03-25T14:19:26.101-0400] {logging_mixin.py:137} INFO - [2023-03-25T14:19:26.101-0400] {dag.py:3440} INFO - Setting next_dagrun for dataset_produces_2 to None, run_after=None
[2023-03-25T14:19:26.113-0400] {processor.py:175} INFO - Processing /Users/sunanda/Downloads/airflow/py_env/lib/python3.9/site-packages/airflow/example_dags/example_datasets.py took 0.278 seconds
[2023-03-25T14:43:45.199-0400] {processor.py:153} INFO - Started process (PID=10790) to work on /Users/sunanda/Downloads/airflow/py_env/lib/python3.9/site-packages/airflow/example_dags/example_datasets.py
[2023-03-25T14:43:45.202-0400] {processor.py:743} INFO - Processing file /Users/sunanda/Downloads/airflow/py_env/lib/python3.9/site-packages/airflow/example_dags/example_datasets.py for tasks to queue
[2023-03-25T14:43:45.202-0400] {logging_mixin.py:137} INFO - [2023-03-25T14:43:45.202-0400] {dagbag.py:532} INFO - Filling up the DagBag from /Users/sunanda/Downloads/airflow/py_env/lib/python3.9/site-packages/airflow/example_dags/example_datasets.py
[2023-03-25T14:43:45.214-0400] {processor.py:753} INFO - DAG(s) dict_keys(['dataset_produces_1', 'dataset_consumes_1_never_scheduled', 'dataset_produces_2', 'dataset_consumes_1', 'dataset_consumes_1_and_2', 'dataset_consumes_unknown_never_scheduled']) retrieved from /Users/sunanda/Downloads/airflow/py_env/lib/python3.9/site-packages/airflow/example_dags/example_datasets.py
[2023-03-25T14:43:45.449-0400] {logging_mixin.py:137} INFO - [2023-03-25T14:43:45.449-0400] {dag.py:2693} INFO - Sync 6 DAGs
[2023-03-25T14:43:45.457-0400] {logging_mixin.py:137} INFO - [2023-03-25T14:43:45.457-0400] {dag.py:3440} INFO - Setting next_dagrun for dataset_consumes_1 to None, run_after=None
[2023-03-25T14:43:45.458-0400] {logging_mixin.py:137} INFO - [2023-03-25T14:43:45.458-0400] {dag.py:3440} INFO - Setting next_dagrun for dataset_consumes_1_and_2 to None, run_after=None
[2023-03-25T14:43:45.458-0400] {logging_mixin.py:137} INFO - [2023-03-25T14:43:45.458-0400] {dag.py:3440} INFO - Setting next_dagrun for dataset_consumes_1_never_scheduled to None, run_after=None
[2023-03-25T14:43:45.458-0400] {logging_mixin.py:137} INFO - [2023-03-25T14:43:45.458-0400] {dag.py:3440} INFO - Setting next_dagrun for dataset_consumes_unknown_never_scheduled to None, run_after=None
[2023-03-25T14:43:45.459-0400] {logging_mixin.py:137} INFO - [2023-03-25T14:43:45.459-0400] {dag.py:3440} INFO - Setting next_dagrun for dataset_produces_1 to 2023-03-24T00:00:00+00:00, run_after=2023-03-25T00:00:00+00:00
[2023-03-25T14:43:45.460-0400] {logging_mixin.py:137} INFO - [2023-03-25T14:43:45.459-0400] {dag.py:3440} INFO - Setting next_dagrun for dataset_produces_2 to None, run_after=None
[2023-03-25T14:43:45.471-0400] {processor.py:175} INFO - Processing /Users/sunanda/Downloads/airflow/py_env/lib/python3.9/site-packages/airflow/example_dags/example_datasets.py took 0.273 seconds
[2023-03-25T14:45:19.127-0400] {processor.py:153} INFO - Started process (PID=10953) to work on /Users/sunanda/Downloads/airflow/py_env/lib/python3.9/site-packages/airflow/example_dags/example_datasets.py
[2023-03-25T14:45:19.129-0400] {processor.py:743} INFO - Processing file /Users/sunanda/Downloads/airflow/py_env/lib/python3.9/site-packages/airflow/example_dags/example_datasets.py for tasks to queue
[2023-03-25T14:45:19.129-0400] {logging_mixin.py:137} INFO - [2023-03-25T14:45:19.129-0400] {dagbag.py:532} INFO - Filling up the DagBag from /Users/sunanda/Downloads/airflow/py_env/lib/python3.9/site-packages/airflow/example_dags/example_datasets.py
[2023-03-25T14:45:19.142-0400] {processor.py:753} INFO - DAG(s) dict_keys(['dataset_produces_2', 'dataset_produces_1', 'dataset_consumes_unknown_never_scheduled', 'dataset_consumes_1_and_2', 'dataset_consumes_1_never_scheduled', 'dataset_consumes_1']) retrieved from /Users/sunanda/Downloads/airflow/py_env/lib/python3.9/site-packages/airflow/example_dags/example_datasets.py
[2023-03-25T14:45:19.386-0400] {logging_mixin.py:137} INFO - [2023-03-25T14:45:19.386-0400] {dag.py:2693} INFO - Sync 6 DAGs
[2023-03-25T14:45:19.394-0400] {logging_mixin.py:137} INFO - [2023-03-25T14:45:19.394-0400] {dag.py:3440} INFO - Setting next_dagrun for dataset_consumes_1 to None, run_after=None
[2023-03-25T14:45:19.395-0400] {logging_mixin.py:137} INFO - [2023-03-25T14:45:19.395-0400] {dag.py:3440} INFO - Setting next_dagrun for dataset_consumes_1_and_2 to None, run_after=None
[2023-03-25T14:45:19.396-0400] {logging_mixin.py:137} INFO - [2023-03-25T14:45:19.396-0400] {dag.py:3440} INFO - Setting next_dagrun for dataset_consumes_1_never_scheduled to None, run_after=None
[2023-03-25T14:45:19.396-0400] {logging_mixin.py:137} INFO - [2023-03-25T14:45:19.396-0400] {dag.py:3440} INFO - Setting next_dagrun for dataset_consumes_unknown_never_scheduled to None, run_after=None
[2023-03-25T14:45:19.397-0400] {logging_mixin.py:137} INFO - [2023-03-25T14:45:19.397-0400] {dag.py:3440} INFO - Setting next_dagrun for dataset_produces_1 to 2023-03-24T00:00:00+00:00, run_after=2023-03-25T00:00:00+00:00
[2023-03-25T14:45:19.397-0400] {logging_mixin.py:137} INFO - [2023-03-25T14:45:19.397-0400] {dag.py:3440} INFO - Setting next_dagrun for dataset_produces_2 to None, run_after=None
[2023-03-25T14:45:19.408-0400] {processor.py:175} INFO - Processing /Users/sunanda/Downloads/airflow/py_env/lib/python3.9/site-packages/airflow/example_dags/example_datasets.py took 0.282 seconds
[2023-03-25T14:46:47.524-0400] {processor.py:153} INFO - Started process (PID=11091) to work on /Users/sunanda/Downloads/airflow/py_env/lib/python3.9/site-packages/airflow/example_dags/example_datasets.py
[2023-03-25T14:46:47.527-0400] {processor.py:743} INFO - Processing file /Users/sunanda/Downloads/airflow/py_env/lib/python3.9/site-packages/airflow/example_dags/example_datasets.py for tasks to queue
[2023-03-25T14:46:47.528-0400] {logging_mixin.py:137} INFO - [2023-03-25T14:46:47.528-0400] {dagbag.py:532} INFO - Filling up the DagBag from /Users/sunanda/Downloads/airflow/py_env/lib/python3.9/site-packages/airflow/example_dags/example_datasets.py
[2023-03-25T14:46:47.541-0400] {processor.py:753} INFO - DAG(s) dict_keys(['dataset_consumes_1_never_scheduled', 'dataset_consumes_1', 'dataset_consumes_1_and_2', 'dataset_produces_1', 'dataset_produces_2', 'dataset_consumes_unknown_never_scheduled']) retrieved from /Users/sunanda/Downloads/airflow/py_env/lib/python3.9/site-packages/airflow/example_dags/example_datasets.py
[2023-03-25T14:46:47.786-0400] {logging_mixin.py:137} INFO - [2023-03-25T14:46:47.786-0400] {dag.py:2693} INFO - Sync 6 DAGs
[2023-03-25T14:46:47.794-0400] {logging_mixin.py:137} INFO - [2023-03-25T14:46:47.794-0400] {dag.py:3440} INFO - Setting next_dagrun for dataset_consumes_1 to None, run_after=None
[2023-03-25T14:46:47.795-0400] {logging_mixin.py:137} INFO - [2023-03-25T14:46:47.795-0400] {dag.py:3440} INFO - Setting next_dagrun for dataset_consumes_1_and_2 to None, run_after=None
[2023-03-25T14:46:47.795-0400] {logging_mixin.py:137} INFO - [2023-03-25T14:46:47.795-0400] {dag.py:3440} INFO - Setting next_dagrun for dataset_consumes_1_never_scheduled to None, run_after=None
[2023-03-25T14:46:47.796-0400] {logging_mixin.py:137} INFO - [2023-03-25T14:46:47.796-0400] {dag.py:3440} INFO - Setting next_dagrun for dataset_consumes_unknown_never_scheduled to None, run_after=None
[2023-03-25T14:46:47.797-0400] {logging_mixin.py:137} INFO - [2023-03-25T14:46:47.797-0400] {dag.py:3440} INFO - Setting next_dagrun for dataset_produces_1 to 2023-03-24T00:00:00+00:00, run_after=2023-03-25T00:00:00+00:00
[2023-03-25T14:46:47.797-0400] {logging_mixin.py:137} INFO - [2023-03-25T14:46:47.797-0400] {dag.py:3440} INFO - Setting next_dagrun for dataset_produces_2 to None, run_after=None
[2023-03-25T14:46:47.810-0400] {processor.py:175} INFO - Processing /Users/sunanda/Downloads/airflow/py_env/lib/python3.9/site-packages/airflow/example_dags/example_datasets.py took 0.286 seconds
[2023-03-25T14:48:17.547-0400] {processor.py:153} INFO - Started process (PID=11233) to work on /Users/sunanda/Downloads/airflow/py_env/lib/python3.9/site-packages/airflow/example_dags/example_datasets.py
[2023-03-25T14:48:17.549-0400] {processor.py:743} INFO - Processing file /Users/sunanda/Downloads/airflow/py_env/lib/python3.9/site-packages/airflow/example_dags/example_datasets.py for tasks to queue
[2023-03-25T14:48:17.550-0400] {logging_mixin.py:137} INFO - [2023-03-25T14:48:17.550-0400] {dagbag.py:532} INFO - Filling up the DagBag from /Users/sunanda/Downloads/airflow/py_env/lib/python3.9/site-packages/airflow/example_dags/example_datasets.py
[2023-03-25T14:48:17.562-0400] {processor.py:753} INFO - DAG(s) dict_keys(['dataset_consumes_1', 'dataset_consumes_1_never_scheduled', 'dataset_consumes_1_and_2', 'dataset_produces_1', 'dataset_produces_2', 'dataset_consumes_unknown_never_scheduled']) retrieved from /Users/sunanda/Downloads/airflow/py_env/lib/python3.9/site-packages/airflow/example_dags/example_datasets.py
[2023-03-25T14:48:17.800-0400] {logging_mixin.py:137} INFO - [2023-03-25T14:48:17.800-0400] {dag.py:2693} INFO - Sync 6 DAGs
[2023-03-25T14:48:17.807-0400] {logging_mixin.py:137} INFO - [2023-03-25T14:48:17.807-0400] {dag.py:3440} INFO - Setting next_dagrun for dataset_consumes_1 to None, run_after=None
[2023-03-25T14:48:17.808-0400] {logging_mixin.py:137} INFO - [2023-03-25T14:48:17.808-0400] {dag.py:3440} INFO - Setting next_dagrun for dataset_consumes_1_and_2 to None, run_after=None
[2023-03-25T14:48:17.808-0400] {logging_mixin.py:137} INFO - [2023-03-25T14:48:17.808-0400] {dag.py:3440} INFO - Setting next_dagrun for dataset_consumes_1_never_scheduled to None, run_after=None
[2023-03-25T14:48:17.809-0400] {logging_mixin.py:137} INFO - [2023-03-25T14:48:17.809-0400] {dag.py:3440} INFO - Setting next_dagrun for dataset_consumes_unknown_never_scheduled to None, run_after=None
[2023-03-25T14:48:17.809-0400] {logging_mixin.py:137} INFO - [2023-03-25T14:48:17.809-0400] {dag.py:3440} INFO - Setting next_dagrun for dataset_produces_1 to 2023-03-24T00:00:00+00:00, run_after=2023-03-25T00:00:00+00:00
[2023-03-25T14:48:17.810-0400] {logging_mixin.py:137} INFO - [2023-03-25T14:48:17.810-0400] {dag.py:3440} INFO - Setting next_dagrun for dataset_produces_2 to None, run_after=None
[2023-03-25T14:48:17.821-0400] {processor.py:175} INFO - Processing /Users/sunanda/Downloads/airflow/py_env/lib/python3.9/site-packages/airflow/example_dags/example_datasets.py took 0.274 seconds
