[2023-03-25T14:09:34.464-0400] {processor.py:153} INFO - Started process (PID=8088) to work on /Users/sunanda/Downloads/airflow/py_env/lib/python3.9/site-packages/airflow/example_dags/example_sla_dag.py
[2023-03-25T14:09:34.466-0400] {processor.py:743} INFO - Processing file /Users/sunanda/Downloads/airflow/py_env/lib/python3.9/site-packages/airflow/example_dags/example_sla_dag.py for tasks to queue
[2023-03-25T14:09:34.466-0400] {logging_mixin.py:137} INFO - [2023-03-25T14:09:34.466-0400] {dagbag.py:532} INFO - Filling up the DagBag from /Users/sunanda/Downloads/airflow/py_env/lib/python3.9/site-packages/airflow/example_dags/example_sla_dag.py
[2023-03-25T14:09:34.485-0400] {processor.py:753} INFO - DAG(s) dict_keys(['example_sla_dag']) retrieved from /Users/sunanda/Downloads/airflow/py_env/lib/python3.9/site-packages/airflow/example_dags/example_sla_dag.py
[2023-03-25T14:09:34.696-0400] {logging_mixin.py:137} INFO - [2023-03-25T14:09:34.696-0400] {dag.py:2693} INFO - Sync 1 DAGs
[2023-03-25T14:09:34.703-0400] {logging_mixin.py:137} INFO - [2023-03-25T14:09:34.703-0400] {dag.py:3440} INFO - Setting next_dagrun for example_sla_dag to 2023-03-25T18:06:00+00:00, run_after=2023-03-25T18:08:00+00:00
[2023-03-25T14:09:34.711-0400] {processor.py:175} INFO - Processing /Users/sunanda/Downloads/airflow/py_env/lib/python3.9/site-packages/airflow/example_dags/example_sla_dag.py took 0.248 seconds
[2023-03-25T14:10:58.648-0400] {processor.py:153} INFO - Started process (PID=8233) to work on /Users/sunanda/Downloads/airflow/py_env/lib/python3.9/site-packages/airflow/example_dags/example_sla_dag.py
[2023-03-25T14:10:58.650-0400] {processor.py:743} INFO - Processing file /Users/sunanda/Downloads/airflow/py_env/lib/python3.9/site-packages/airflow/example_dags/example_sla_dag.py for tasks to queue
[2023-03-25T14:10:58.650-0400] {logging_mixin.py:137} INFO - [2023-03-25T14:10:58.650-0400] {dagbag.py:532} INFO - Filling up the DagBag from /Users/sunanda/Downloads/airflow/py_env/lib/python3.9/site-packages/airflow/example_dags/example_sla_dag.py
[2023-03-25T14:10:58.669-0400] {processor.py:753} INFO - DAG(s) dict_keys(['example_sla_dag']) retrieved from /Users/sunanda/Downloads/airflow/py_env/lib/python3.9/site-packages/airflow/example_dags/example_sla_dag.py
[2023-03-25T14:10:58.872-0400] {logging_mixin.py:137} INFO - [2023-03-25T14:10:58.872-0400] {dag.py:2693} INFO - Sync 1 DAGs
[2023-03-25T14:10:58.880-0400] {logging_mixin.py:137} INFO - [2023-03-25T14:10:58.880-0400] {dag.py:3440} INFO - Setting next_dagrun for example_sla_dag to 2023-03-25T18:08:00+00:00, run_after=2023-03-25T18:10:00+00:00
[2023-03-25T14:10:58.887-0400] {processor.py:175} INFO - Processing /Users/sunanda/Downloads/airflow/py_env/lib/python3.9/site-packages/airflow/example_dags/example_sla_dag.py took 0.240 seconds
[2023-03-25T14:12:14.856-0400] {processor.py:153} INFO - Started process (PID=8373) to work on /Users/sunanda/Downloads/airflow/py_env/lib/python3.9/site-packages/airflow/example_dags/example_sla_dag.py
[2023-03-25T14:12:14.860-0400] {processor.py:743} INFO - Processing file /Users/sunanda/Downloads/airflow/py_env/lib/python3.9/site-packages/airflow/example_dags/example_sla_dag.py for tasks to queue
[2023-03-25T14:12:14.860-0400] {logging_mixin.py:137} INFO - [2023-03-25T14:12:14.860-0400] {dagbag.py:532} INFO - Filling up the DagBag from /Users/sunanda/Downloads/airflow/py_env/lib/python3.9/site-packages/airflow/example_dags/example_sla_dag.py
[2023-03-25T14:12:14.879-0400] {processor.py:753} INFO - DAG(s) dict_keys(['example_sla_dag']) retrieved from /Users/sunanda/Downloads/airflow/py_env/lib/python3.9/site-packages/airflow/example_dags/example_sla_dag.py
[2023-03-25T14:12:15.081-0400] {logging_mixin.py:137} INFO - [2023-03-25T14:12:15.081-0400] {dag.py:2693} INFO - Sync 1 DAGs
[2023-03-25T14:12:15.089-0400] {logging_mixin.py:137} INFO - [2023-03-25T14:12:15.089-0400] {dag.py:3440} INFO - Setting next_dagrun for example_sla_dag to 2023-03-25T18:10:00+00:00, run_after=2023-03-25T18:12:00+00:00
[2023-03-25T14:12:15.096-0400] {processor.py:175} INFO - Processing /Users/sunanda/Downloads/airflow/py_env/lib/python3.9/site-packages/airflow/example_dags/example_sla_dag.py took 0.240 seconds
[2023-03-25T14:13:42.115-0400] {processor.py:153} INFO - Started process (PID=8507) to work on /Users/sunanda/Downloads/airflow/py_env/lib/python3.9/site-packages/airflow/example_dags/example_sla_dag.py
[2023-03-25T14:13:42.118-0400] {processor.py:743} INFO - Processing file /Users/sunanda/Downloads/airflow/py_env/lib/python3.9/site-packages/airflow/example_dags/example_sla_dag.py for tasks to queue
[2023-03-25T14:13:42.118-0400] {logging_mixin.py:137} INFO - [2023-03-25T14:13:42.118-0400] {dagbag.py:532} INFO - Filling up the DagBag from /Users/sunanda/Downloads/airflow/py_env/lib/python3.9/site-packages/airflow/example_dags/example_sla_dag.py
[2023-03-25T14:13:42.137-0400] {processor.py:753} INFO - DAG(s) dict_keys(['example_sla_dag']) retrieved from /Users/sunanda/Downloads/airflow/py_env/lib/python3.9/site-packages/airflow/example_dags/example_sla_dag.py
[2023-03-25T14:13:42.344-0400] {logging_mixin.py:137} INFO - [2023-03-25T14:13:42.343-0400] {dag.py:2693} INFO - Sync 1 DAGs
[2023-03-25T14:13:42.351-0400] {logging_mixin.py:137} INFO - [2023-03-25T14:13:42.351-0400] {dag.py:3440} INFO - Setting next_dagrun for example_sla_dag to 2023-03-25T18:10:00+00:00, run_after=2023-03-25T18:12:00+00:00
[2023-03-25T14:13:42.358-0400] {processor.py:175} INFO - Processing /Users/sunanda/Downloads/airflow/py_env/lib/python3.9/site-packages/airflow/example_dags/example_sla_dag.py took 0.244 seconds
[2023-03-25T14:15:05.988-0400] {processor.py:153} INFO - Started process (PID=8640) to work on /Users/sunanda/Downloads/airflow/py_env/lib/python3.9/site-packages/airflow/example_dags/example_sla_dag.py
[2023-03-25T14:15:05.991-0400] {processor.py:743} INFO - Processing file /Users/sunanda/Downloads/airflow/py_env/lib/python3.9/site-packages/airflow/example_dags/example_sla_dag.py for tasks to queue
[2023-03-25T14:15:05.992-0400] {logging_mixin.py:137} INFO - [2023-03-25T14:15:05.992-0400] {dagbag.py:532} INFO - Filling up the DagBag from /Users/sunanda/Downloads/airflow/py_env/lib/python3.9/site-packages/airflow/example_dags/example_sla_dag.py
[2023-03-25T14:15:06.010-0400] {processor.py:753} INFO - DAG(s) dict_keys(['example_sla_dag']) retrieved from /Users/sunanda/Downloads/airflow/py_env/lib/python3.9/site-packages/airflow/example_dags/example_sla_dag.py
[2023-03-25T14:15:06.219-0400] {logging_mixin.py:137} INFO - [2023-03-25T14:15:06.219-0400] {dag.py:2693} INFO - Sync 1 DAGs
[2023-03-25T14:15:06.227-0400] {logging_mixin.py:137} INFO - [2023-03-25T14:15:06.227-0400] {dag.py:3440} INFO - Setting next_dagrun for example_sla_dag to 2023-03-25T18:12:00+00:00, run_after=2023-03-25T18:14:00+00:00
[2023-03-25T14:15:06.234-0400] {processor.py:175} INFO - Processing /Users/sunanda/Downloads/airflow/py_env/lib/python3.9/site-packages/airflow/example_dags/example_sla_dag.py took 0.246 seconds
[2023-03-25T14:16:37.485-0400] {processor.py:153} INFO - Started process (PID=8778) to work on /Users/sunanda/Downloads/airflow/py_env/lib/python3.9/site-packages/airflow/example_dags/example_sla_dag.py
[2023-03-25T14:16:37.488-0400] {processor.py:743} INFO - Processing file /Users/sunanda/Downloads/airflow/py_env/lib/python3.9/site-packages/airflow/example_dags/example_sla_dag.py for tasks to queue
[2023-03-25T14:16:37.489-0400] {logging_mixin.py:137} INFO - [2023-03-25T14:16:37.489-0400] {dagbag.py:532} INFO - Filling up the DagBag from /Users/sunanda/Downloads/airflow/py_env/lib/python3.9/site-packages/airflow/example_dags/example_sla_dag.py
[2023-03-25T14:16:37.507-0400] {processor.py:753} INFO - DAG(s) dict_keys(['example_sla_dag']) retrieved from /Users/sunanda/Downloads/airflow/py_env/lib/python3.9/site-packages/airflow/example_dags/example_sla_dag.py
[2023-03-25T14:16:37.711-0400] {logging_mixin.py:137} INFO - [2023-03-25T14:16:37.711-0400] {dag.py:2693} INFO - Sync 1 DAGs
[2023-03-25T14:16:37.719-0400] {logging_mixin.py:137} INFO - [2023-03-25T14:16:37.719-0400] {dag.py:3440} INFO - Setting next_dagrun for example_sla_dag to 2023-03-25T18:14:00+00:00, run_after=2023-03-25T18:16:00+00:00
[2023-03-25T14:16:37.726-0400] {processor.py:175} INFO - Processing /Users/sunanda/Downloads/airflow/py_env/lib/python3.9/site-packages/airflow/example_dags/example_sla_dag.py took 0.241 seconds
[2023-03-25T14:18:10.422-0400] {processor.py:153} INFO - Started process (PID=8946) to work on /Users/sunanda/Downloads/airflow/py_env/lib/python3.9/site-packages/airflow/example_dags/example_sla_dag.py
[2023-03-25T14:18:10.425-0400] {processor.py:743} INFO - Processing file /Users/sunanda/Downloads/airflow/py_env/lib/python3.9/site-packages/airflow/example_dags/example_sla_dag.py for tasks to queue
[2023-03-25T14:18:10.425-0400] {logging_mixin.py:137} INFO - [2023-03-25T14:18:10.425-0400] {dagbag.py:532} INFO - Filling up the DagBag from /Users/sunanda/Downloads/airflow/py_env/lib/python3.9/site-packages/airflow/example_dags/example_sla_dag.py
[2023-03-25T14:18:10.447-0400] {processor.py:753} INFO - DAG(s) dict_keys(['example_sla_dag']) retrieved from /Users/sunanda/Downloads/airflow/py_env/lib/python3.9/site-packages/airflow/example_dags/example_sla_dag.py
[2023-03-25T14:18:10.674-0400] {logging_mixin.py:137} INFO - [2023-03-25T14:18:10.674-0400] {dag.py:2693} INFO - Sync 1 DAGs
[2023-03-25T14:18:10.682-0400] {logging_mixin.py:137} INFO - [2023-03-25T14:18:10.682-0400] {dag.py:3440} INFO - Setting next_dagrun for example_sla_dag to 2023-03-25T18:16:00+00:00, run_after=2023-03-25T18:18:00+00:00
[2023-03-25T14:18:10.689-0400] {processor.py:175} INFO - Processing /Users/sunanda/Downloads/airflow/py_env/lib/python3.9/site-packages/airflow/example_dags/example_sla_dag.py took 0.267 seconds
[2023-03-25T14:18:56.179-0400] {processor.py:153} INFO - Started process (PID=9020) to work on /Users/sunanda/Downloads/airflow/py_env/lib/python3.9/site-packages/airflow/example_dags/example_sla_dag.py
[2023-03-25T14:18:56.181-0400] {processor.py:743} INFO - Processing file /Users/sunanda/Downloads/airflow/py_env/lib/python3.9/site-packages/airflow/example_dags/example_sla_dag.py for tasks to queue
[2023-03-25T14:18:56.182-0400] {logging_mixin.py:137} INFO - [2023-03-25T14:18:56.181-0400] {dagbag.py:532} INFO - Filling up the DagBag from /Users/sunanda/Downloads/airflow/py_env/lib/python3.9/site-packages/airflow/example_dags/example_sla_dag.py
[2023-03-25T14:18:56.200-0400] {processor.py:753} INFO - DAG(s) dict_keys(['example_sla_dag']) retrieved from /Users/sunanda/Downloads/airflow/py_env/lib/python3.9/site-packages/airflow/example_dags/example_sla_dag.py
[2023-03-25T14:18:56.406-0400] {logging_mixin.py:137} INFO - [2023-03-25T14:18:56.406-0400] {dag.py:2693} INFO - Sync 1 DAGs
[2023-03-25T14:18:56.414-0400] {logging_mixin.py:137} INFO - [2023-03-25T14:18:56.414-0400] {dag.py:3440} INFO - Setting next_dagrun for example_sla_dag to 2023-03-25T18:16:00+00:00, run_after=2023-03-25T18:18:00+00:00
[2023-03-25T14:18:56.421-0400] {processor.py:175} INFO - Processing /Users/sunanda/Downloads/airflow/py_env/lib/python3.9/site-packages/airflow/example_dags/example_sla_dag.py took 0.242 seconds
[2023-03-25T14:43:16.133-0400] {processor.py:153} INFO - Started process (PID=10740) to work on /Users/sunanda/Downloads/airflow/py_env/lib/python3.9/site-packages/airflow/example_dags/example_sla_dag.py
[2023-03-25T14:43:16.136-0400] {processor.py:743} INFO - Processing file /Users/sunanda/Downloads/airflow/py_env/lib/python3.9/site-packages/airflow/example_dags/example_sla_dag.py for tasks to queue
[2023-03-25T14:43:16.136-0400] {logging_mixin.py:137} INFO - [2023-03-25T14:43:16.136-0400] {dagbag.py:532} INFO - Filling up the DagBag from /Users/sunanda/Downloads/airflow/py_env/lib/python3.9/site-packages/airflow/example_dags/example_sla_dag.py
[2023-03-25T14:43:16.156-0400] {processor.py:753} INFO - DAG(s) dict_keys(['example_sla_dag']) retrieved from /Users/sunanda/Downloads/airflow/py_env/lib/python3.9/site-packages/airflow/example_dags/example_sla_dag.py
[2023-03-25T14:43:16.376-0400] {logging_mixin.py:137} INFO - [2023-03-25T14:43:16.375-0400] {dag.py:2693} INFO - Sync 1 DAGs
[2023-03-25T14:43:16.384-0400] {logging_mixin.py:137} INFO - [2023-03-25T14:43:16.383-0400] {dag.py:3440} INFO - Setting next_dagrun for example_sla_dag to 2023-03-25T18:40:00+00:00, run_after=2023-03-25T18:42:00+00:00
[2023-03-25T14:43:16.391-0400] {processor.py:175} INFO - Processing /Users/sunanda/Downloads/airflow/py_env/lib/python3.9/site-packages/airflow/example_dags/example_sla_dag.py took 0.259 seconds
[2023-03-25T14:44:33.735-0400] {processor.py:153} INFO - Started process (PID=10879) to work on /Users/sunanda/Downloads/airflow/py_env/lib/python3.9/site-packages/airflow/example_dags/example_sla_dag.py
[2023-03-25T14:44:33.737-0400] {processor.py:743} INFO - Processing file /Users/sunanda/Downloads/airflow/py_env/lib/python3.9/site-packages/airflow/example_dags/example_sla_dag.py for tasks to queue
[2023-03-25T14:44:33.737-0400] {logging_mixin.py:137} INFO - [2023-03-25T14:44:33.737-0400] {dagbag.py:532} INFO - Filling up the DagBag from /Users/sunanda/Downloads/airflow/py_env/lib/python3.9/site-packages/airflow/example_dags/example_sla_dag.py
[2023-03-25T14:44:33.757-0400] {processor.py:753} INFO - DAG(s) dict_keys(['example_sla_dag']) retrieved from /Users/sunanda/Downloads/airflow/py_env/lib/python3.9/site-packages/airflow/example_dags/example_sla_dag.py
[2023-03-25T14:44:33.972-0400] {logging_mixin.py:137} INFO - [2023-03-25T14:44:33.972-0400] {dag.py:2693} INFO - Sync 1 DAGs
[2023-03-25T14:44:33.980-0400] {logging_mixin.py:137} INFO - [2023-03-25T14:44:33.980-0400] {dag.py:3440} INFO - Setting next_dagrun for example_sla_dag to 2023-03-25T18:42:00+00:00, run_after=2023-03-25T18:44:00+00:00
[2023-03-25T14:44:33.988-0400] {processor.py:175} INFO - Processing /Users/sunanda/Downloads/airflow/py_env/lib/python3.9/site-packages/airflow/example_dags/example_sla_dag.py took 0.253 seconds
[2023-03-25T14:46:00.730-0400] {processor.py:153} INFO - Started process (PID=11018) to work on /Users/sunanda/Downloads/airflow/py_env/lib/python3.9/site-packages/airflow/example_dags/example_sla_dag.py
[2023-03-25T14:46:00.733-0400] {processor.py:743} INFO - Processing file /Users/sunanda/Downloads/airflow/py_env/lib/python3.9/site-packages/airflow/example_dags/example_sla_dag.py for tasks to queue
[2023-03-25T14:46:00.733-0400] {logging_mixin.py:137} INFO - [2023-03-25T14:46:00.733-0400] {dagbag.py:532} INFO - Filling up the DagBag from /Users/sunanda/Downloads/airflow/py_env/lib/python3.9/site-packages/airflow/example_dags/example_sla_dag.py
[2023-03-25T14:46:00.755-0400] {processor.py:753} INFO - DAG(s) dict_keys(['example_sla_dag']) retrieved from /Users/sunanda/Downloads/airflow/py_env/lib/python3.9/site-packages/airflow/example_dags/example_sla_dag.py
[2023-03-25T14:46:00.969-0400] {logging_mixin.py:137} INFO - [2023-03-25T14:46:00.969-0400] {dag.py:2693} INFO - Sync 1 DAGs
[2023-03-25T14:46:00.977-0400] {logging_mixin.py:137} INFO - [2023-03-25T14:46:00.977-0400] {dag.py:3440} INFO - Setting next_dagrun for example_sla_dag to 2023-03-25T18:44:00+00:00, run_after=2023-03-25T18:46:00+00:00
[2023-03-25T14:46:00.984-0400] {processor.py:175} INFO - Processing /Users/sunanda/Downloads/airflow/py_env/lib/python3.9/site-packages/airflow/example_dags/example_sla_dag.py took 0.254 seconds
[2023-03-25T14:47:34.901-0400] {processor.py:153} INFO - Started process (PID=11164) to work on /Users/sunanda/Downloads/airflow/py_env/lib/python3.9/site-packages/airflow/example_dags/example_sla_dag.py
[2023-03-25T14:47:34.904-0400] {processor.py:743} INFO - Processing file /Users/sunanda/Downloads/airflow/py_env/lib/python3.9/site-packages/airflow/example_dags/example_sla_dag.py for tasks to queue
[2023-03-25T14:47:34.904-0400] {logging_mixin.py:137} INFO - [2023-03-25T14:47:34.904-0400] {dagbag.py:532} INFO - Filling up the DagBag from /Users/sunanda/Downloads/airflow/py_env/lib/python3.9/site-packages/airflow/example_dags/example_sla_dag.py
[2023-03-25T14:47:34.924-0400] {processor.py:753} INFO - DAG(s) dict_keys(['example_sla_dag']) retrieved from /Users/sunanda/Downloads/airflow/py_env/lib/python3.9/site-packages/airflow/example_dags/example_sla_dag.py
[2023-03-25T14:47:35.140-0400] {logging_mixin.py:137} INFO - [2023-03-25T14:47:35.140-0400] {dag.py:2693} INFO - Sync 1 DAGs
[2023-03-25T14:47:35.148-0400] {logging_mixin.py:137} INFO - [2023-03-25T14:47:35.148-0400] {dag.py:3440} INFO - Setting next_dagrun for example_sla_dag to 2023-03-25T18:44:00+00:00, run_after=2023-03-25T18:46:00+00:00
[2023-03-25T14:47:35.156-0400] {processor.py:175} INFO - Processing /Users/sunanda/Downloads/airflow/py_env/lib/python3.9/site-packages/airflow/example_dags/example_sla_dag.py took 0.255 seconds
