[2023-03-25T14:09:36.364-0400] {processor.py:153} INFO - Started process (PID=8091) to work on /Users/sunanda/Downloads/airflow/py_env/lib/python3.9/site-packages/airflow/example_dags/example_skip_dag.py
[2023-03-25T14:09:36.366-0400] {processor.py:743} INFO - Processing file /Users/sunanda/Downloads/airflow/py_env/lib/python3.9/site-packages/airflow/example_dags/example_skip_dag.py for tasks to queue
[2023-03-25T14:09:36.366-0400] {logging_mixin.py:137} INFO - [2023-03-25T14:09:36.366-0400] {dagbag.py:532} INFO - Filling up the DagBag from /Users/sunanda/Downloads/airflow/py_env/lib/python3.9/site-packages/airflow/example_dags/example_skip_dag.py
[2023-03-25T14:09:36.375-0400] {processor.py:753} INFO - DAG(s) dict_keys(['example_skip_dag']) retrieved from /Users/sunanda/Downloads/airflow/py_env/lib/python3.9/site-packages/airflow/example_dags/example_skip_dag.py
[2023-03-25T14:09:36.596-0400] {logging_mixin.py:137} INFO - [2023-03-25T14:09:36.595-0400] {dag.py:2693} INFO - Sync 1 DAGs
[2023-03-25T14:09:36.602-0400] {logging_mixin.py:137} INFO - [2023-03-25T14:09:36.602-0400] {dag.py:3440} INFO - Setting next_dagrun for example_skip_dag to 2023-03-24T18:09:36.602351+00:00, run_after=2023-03-25T18:09:36.602351+00:00
[2023-03-25T14:09:36.609-0400] {processor.py:175} INFO - Processing /Users/sunanda/Downloads/airflow/py_env/lib/python3.9/site-packages/airflow/example_dags/example_skip_dag.py took 0.246 seconds
[2023-03-25T14:10:59.798-0400] {processor.py:153} INFO - Started process (PID=8236) to work on /Users/sunanda/Downloads/airflow/py_env/lib/python3.9/site-packages/airflow/example_dags/example_skip_dag.py
[2023-03-25T14:10:59.800-0400] {processor.py:743} INFO - Processing file /Users/sunanda/Downloads/airflow/py_env/lib/python3.9/site-packages/airflow/example_dags/example_skip_dag.py for tasks to queue
[2023-03-25T14:10:59.800-0400] {logging_mixin.py:137} INFO - [2023-03-25T14:10:59.800-0400] {dagbag.py:532} INFO - Filling up the DagBag from /Users/sunanda/Downloads/airflow/py_env/lib/python3.9/site-packages/airflow/example_dags/example_skip_dag.py
[2023-03-25T14:10:59.809-0400] {processor.py:753} INFO - DAG(s) dict_keys(['example_skip_dag']) retrieved from /Users/sunanda/Downloads/airflow/py_env/lib/python3.9/site-packages/airflow/example_dags/example_skip_dag.py
[2023-03-25T14:11:00.017-0400] {logging_mixin.py:137} INFO - [2023-03-25T14:11:00.017-0400] {dag.py:2693} INFO - Sync 1 DAGs
[2023-03-25T14:11:00.024-0400] {logging_mixin.py:137} INFO - [2023-03-25T14:11:00.024-0400] {dag.py:3440} INFO - Setting next_dagrun for example_skip_dag to 2023-03-24T18:11:00.023995+00:00, run_after=2023-03-25T18:11:00.023995+00:00
[2023-03-25T14:11:00.031-0400] {processor.py:175} INFO - Processing /Users/sunanda/Downloads/airflow/py_env/lib/python3.9/site-packages/airflow/example_dags/example_skip_dag.py took 0.234 seconds
[2023-03-25T14:12:16.750-0400] {processor.py:153} INFO - Started process (PID=8376) to work on /Users/sunanda/Downloads/airflow/py_env/lib/python3.9/site-packages/airflow/example_dags/example_skip_dag.py
[2023-03-25T14:12:16.753-0400] {processor.py:743} INFO - Processing file /Users/sunanda/Downloads/airflow/py_env/lib/python3.9/site-packages/airflow/example_dags/example_skip_dag.py for tasks to queue
[2023-03-25T14:12:16.753-0400] {logging_mixin.py:137} INFO - [2023-03-25T14:12:16.753-0400] {dagbag.py:532} INFO - Filling up the DagBag from /Users/sunanda/Downloads/airflow/py_env/lib/python3.9/site-packages/airflow/example_dags/example_skip_dag.py
[2023-03-25T14:12:16.763-0400] {processor.py:753} INFO - DAG(s) dict_keys(['example_skip_dag']) retrieved from /Users/sunanda/Downloads/airflow/py_env/lib/python3.9/site-packages/airflow/example_dags/example_skip_dag.py
[2023-03-25T14:12:16.974-0400] {logging_mixin.py:137} INFO - [2023-03-25T14:12:16.973-0400] {dag.py:2693} INFO - Sync 1 DAGs
[2023-03-25T14:12:16.980-0400] {logging_mixin.py:137} INFO - [2023-03-25T14:12:16.980-0400] {dag.py:3440} INFO - Setting next_dagrun for example_skip_dag to 2023-03-24T18:12:16.980312+00:00, run_after=2023-03-25T18:12:16.980312+00:00
[2023-03-25T14:12:16.987-0400] {processor.py:175} INFO - Processing /Users/sunanda/Downloads/airflow/py_env/lib/python3.9/site-packages/airflow/example_dags/example_skip_dag.py took 0.237 seconds
[2023-03-25T14:13:44.013-0400] {processor.py:153} INFO - Started process (PID=8510) to work on /Users/sunanda/Downloads/airflow/py_env/lib/python3.9/site-packages/airflow/example_dags/example_skip_dag.py
[2023-03-25T14:13:44.016-0400] {processor.py:743} INFO - Processing file /Users/sunanda/Downloads/airflow/py_env/lib/python3.9/site-packages/airflow/example_dags/example_skip_dag.py for tasks to queue
[2023-03-25T14:13:44.016-0400] {logging_mixin.py:137} INFO - [2023-03-25T14:13:44.016-0400] {dagbag.py:532} INFO - Filling up the DagBag from /Users/sunanda/Downloads/airflow/py_env/lib/python3.9/site-packages/airflow/example_dags/example_skip_dag.py
[2023-03-25T14:13:44.026-0400] {processor.py:753} INFO - DAG(s) dict_keys(['example_skip_dag']) retrieved from /Users/sunanda/Downloads/airflow/py_env/lib/python3.9/site-packages/airflow/example_dags/example_skip_dag.py
[2023-03-25T14:13:44.259-0400] {logging_mixin.py:137} INFO - [2023-03-25T14:13:44.258-0400] {dag.py:2693} INFO - Sync 1 DAGs
[2023-03-25T14:13:44.265-0400] {logging_mixin.py:137} INFO - [2023-03-25T14:13:44.265-0400] {dag.py:3440} INFO - Setting next_dagrun for example_skip_dag to 2023-03-24T18:13:44.265418+00:00, run_after=2023-03-25T18:13:44.265418+00:00
[2023-03-25T14:13:44.272-0400] {processor.py:175} INFO - Processing /Users/sunanda/Downloads/airflow/py_env/lib/python3.9/site-packages/airflow/example_dags/example_skip_dag.py took 0.259 seconds
[2023-03-25T14:15:07.262-0400] {processor.py:153} INFO - Started process (PID=8642) to work on /Users/sunanda/Downloads/airflow/py_env/lib/python3.9/site-packages/airflow/example_dags/example_skip_dag.py
[2023-03-25T14:15:07.266-0400] {processor.py:743} INFO - Processing file /Users/sunanda/Downloads/airflow/py_env/lib/python3.9/site-packages/airflow/example_dags/example_skip_dag.py for tasks to queue
[2023-03-25T14:15:07.266-0400] {logging_mixin.py:137} INFO - [2023-03-25T14:15:07.266-0400] {dagbag.py:532} INFO - Filling up the DagBag from /Users/sunanda/Downloads/airflow/py_env/lib/python3.9/site-packages/airflow/example_dags/example_skip_dag.py
[2023-03-25T14:15:07.276-0400] {processor.py:753} INFO - DAG(s) dict_keys(['example_skip_dag']) retrieved from /Users/sunanda/Downloads/airflow/py_env/lib/python3.9/site-packages/airflow/example_dags/example_skip_dag.py
[2023-03-25T14:15:07.483-0400] {logging_mixin.py:137} INFO - [2023-03-25T14:15:07.483-0400] {dag.py:2693} INFO - Sync 1 DAGs
[2023-03-25T14:15:07.490-0400] {logging_mixin.py:137} INFO - [2023-03-25T14:15:07.490-0400] {dag.py:3440} INFO - Setting next_dagrun for example_skip_dag to 2023-03-24T18:15:07.490114+00:00, run_after=2023-03-25T18:15:07.490114+00:00
[2023-03-25T14:15:07.497-0400] {processor.py:175} INFO - Processing /Users/sunanda/Downloads/airflow/py_env/lib/python3.9/site-packages/airflow/example_dags/example_skip_dag.py took 0.235 seconds
[2023-03-25T14:16:39.368-0400] {processor.py:153} INFO - Started process (PID=8781) to work on /Users/sunanda/Downloads/airflow/py_env/lib/python3.9/site-packages/airflow/example_dags/example_skip_dag.py
[2023-03-25T14:16:39.371-0400] {processor.py:743} INFO - Processing file /Users/sunanda/Downloads/airflow/py_env/lib/python3.9/site-packages/airflow/example_dags/example_skip_dag.py for tasks to queue
[2023-03-25T14:16:39.371-0400] {logging_mixin.py:137} INFO - [2023-03-25T14:16:39.371-0400] {dagbag.py:532} INFO - Filling up the DagBag from /Users/sunanda/Downloads/airflow/py_env/lib/python3.9/site-packages/airflow/example_dags/example_skip_dag.py
[2023-03-25T14:16:39.380-0400] {processor.py:753} INFO - DAG(s) dict_keys(['example_skip_dag']) retrieved from /Users/sunanda/Downloads/airflow/py_env/lib/python3.9/site-packages/airflow/example_dags/example_skip_dag.py
[2023-03-25T14:16:39.601-0400] {logging_mixin.py:137} INFO - [2023-03-25T14:16:39.601-0400] {dag.py:2693} INFO - Sync 1 DAGs
[2023-03-25T14:16:39.608-0400] {logging_mixin.py:137} INFO - [2023-03-25T14:16:39.608-0400] {dag.py:3440} INFO - Setting next_dagrun for example_skip_dag to 2023-03-24T18:16:39.608273+00:00, run_after=2023-03-25T18:16:39.608273+00:00
[2023-03-25T14:16:39.616-0400] {processor.py:175} INFO - Processing /Users/sunanda/Downloads/airflow/py_env/lib/python3.9/site-packages/airflow/example_dags/example_skip_dag.py took 0.249 seconds
[2023-03-25T14:18:12.371-0400] {processor.py:153} INFO - Started process (PID=8949) to work on /Users/sunanda/Downloads/airflow/py_env/lib/python3.9/site-packages/airflow/example_dags/example_skip_dag.py
[2023-03-25T14:18:12.374-0400] {processor.py:743} INFO - Processing file /Users/sunanda/Downloads/airflow/py_env/lib/python3.9/site-packages/airflow/example_dags/example_skip_dag.py for tasks to queue
[2023-03-25T14:18:12.374-0400] {logging_mixin.py:137} INFO - [2023-03-25T14:18:12.374-0400] {dagbag.py:532} INFO - Filling up the DagBag from /Users/sunanda/Downloads/airflow/py_env/lib/python3.9/site-packages/airflow/example_dags/example_skip_dag.py
[2023-03-25T14:18:12.385-0400] {processor.py:753} INFO - DAG(s) dict_keys(['example_skip_dag']) retrieved from /Users/sunanda/Downloads/airflow/py_env/lib/python3.9/site-packages/airflow/example_dags/example_skip_dag.py
[2023-03-25T14:18:12.623-0400] {logging_mixin.py:137} INFO - [2023-03-25T14:18:12.623-0400] {dag.py:2693} INFO - Sync 1 DAGs
[2023-03-25T14:18:12.631-0400] {logging_mixin.py:137} INFO - [2023-03-25T14:18:12.631-0400] {dag.py:3440} INFO - Setting next_dagrun for example_skip_dag to 2023-03-24T18:18:12.631256+00:00, run_after=2023-03-25T18:18:12.631256+00:00
[2023-03-25T14:18:12.640-0400] {processor.py:175} INFO - Processing /Users/sunanda/Downloads/airflow/py_env/lib/python3.9/site-packages/airflow/example_dags/example_skip_dag.py took 0.269 seconds
[2023-03-25T14:18:58.085-0400] {processor.py:153} INFO - Started process (PID=9022) to work on /Users/sunanda/Downloads/airflow/py_env/lib/python3.9/site-packages/airflow/example_dags/example_skip_dag.py
[2023-03-25T14:18:58.088-0400] {processor.py:743} INFO - Processing file /Users/sunanda/Downloads/airflow/py_env/lib/python3.9/site-packages/airflow/example_dags/example_skip_dag.py for tasks to queue
[2023-03-25T14:18:58.088-0400] {logging_mixin.py:137} INFO - [2023-03-25T14:18:58.088-0400] {dagbag.py:532} INFO - Filling up the DagBag from /Users/sunanda/Downloads/airflow/py_env/lib/python3.9/site-packages/airflow/example_dags/example_skip_dag.py
[2023-03-25T14:18:58.098-0400] {processor.py:753} INFO - DAG(s) dict_keys(['example_skip_dag']) retrieved from /Users/sunanda/Downloads/airflow/py_env/lib/python3.9/site-packages/airflow/example_dags/example_skip_dag.py
[2023-03-25T14:18:58.326-0400] {logging_mixin.py:137} INFO - [2023-03-25T14:18:58.326-0400] {dag.py:2693} INFO - Sync 1 DAGs
[2023-03-25T14:18:58.333-0400] {logging_mixin.py:137} INFO - [2023-03-25T14:18:58.333-0400] {dag.py:3440} INFO - Setting next_dagrun for example_skip_dag to 2023-03-24T18:18:58.333840+00:00, run_after=2023-03-25T18:18:58.333840+00:00
[2023-03-25T14:18:58.341-0400] {processor.py:175} INFO - Processing /Users/sunanda/Downloads/airflow/py_env/lib/python3.9/site-packages/airflow/example_dags/example_skip_dag.py took 0.256 seconds
[2023-03-25T14:43:17.362-0400] {processor.py:153} INFO - Started process (PID=10742) to work on /Users/sunanda/Downloads/airflow/py_env/lib/python3.9/site-packages/airflow/example_dags/example_skip_dag.py
[2023-03-25T14:43:17.365-0400] {processor.py:743} INFO - Processing file /Users/sunanda/Downloads/airflow/py_env/lib/python3.9/site-packages/airflow/example_dags/example_skip_dag.py for tasks to queue
[2023-03-25T14:43:17.365-0400] {logging_mixin.py:137} INFO - [2023-03-25T14:43:17.365-0400] {dagbag.py:532} INFO - Filling up the DagBag from /Users/sunanda/Downloads/airflow/py_env/lib/python3.9/site-packages/airflow/example_dags/example_skip_dag.py
[2023-03-25T14:43:17.376-0400] {processor.py:753} INFO - DAG(s) dict_keys(['example_skip_dag']) retrieved from /Users/sunanda/Downloads/airflow/py_env/lib/python3.9/site-packages/airflow/example_dags/example_skip_dag.py
[2023-03-25T14:43:17.595-0400] {logging_mixin.py:137} INFO - [2023-03-25T14:43:17.595-0400] {dag.py:2693} INFO - Sync 1 DAGs
[2023-03-25T14:43:17.602-0400] {logging_mixin.py:137} INFO - [2023-03-25T14:43:17.601-0400] {dag.py:3440} INFO - Setting next_dagrun for example_skip_dag to 2023-03-24T18:43:17.601887+00:00, run_after=2023-03-25T18:43:17.601887+00:00
[2023-03-25T14:43:17.609-0400] {processor.py:175} INFO - Processing /Users/sunanda/Downloads/airflow/py_env/lib/python3.9/site-packages/airflow/example_dags/example_skip_dag.py took 0.248 seconds
[2023-03-25T14:44:34.970-0400] {processor.py:153} INFO - Started process (PID=10881) to work on /Users/sunanda/Downloads/airflow/py_env/lib/python3.9/site-packages/airflow/example_dags/example_skip_dag.py
[2023-03-25T14:44:34.972-0400] {processor.py:743} INFO - Processing file /Users/sunanda/Downloads/airflow/py_env/lib/python3.9/site-packages/airflow/example_dags/example_skip_dag.py for tasks to queue
[2023-03-25T14:44:34.972-0400] {logging_mixin.py:137} INFO - [2023-03-25T14:44:34.972-0400] {dagbag.py:532} INFO - Filling up the DagBag from /Users/sunanda/Downloads/airflow/py_env/lib/python3.9/site-packages/airflow/example_dags/example_skip_dag.py
[2023-03-25T14:44:34.982-0400] {processor.py:753} INFO - DAG(s) dict_keys(['example_skip_dag']) retrieved from /Users/sunanda/Downloads/airflow/py_env/lib/python3.9/site-packages/airflow/example_dags/example_skip_dag.py
[2023-03-25T14:44:35.201-0400] {logging_mixin.py:137} INFO - [2023-03-25T14:44:35.201-0400] {dag.py:2693} INFO - Sync 1 DAGs
[2023-03-25T14:44:35.208-0400] {logging_mixin.py:137} INFO - [2023-03-25T14:44:35.208-0400] {dag.py:3440} INFO - Setting next_dagrun for example_skip_dag to 2023-03-24T18:44:35.208112+00:00, run_after=2023-03-25T18:44:35.208112+00:00
[2023-03-25T14:44:35.215-0400] {processor.py:175} INFO - Processing /Users/sunanda/Downloads/airflow/py_env/lib/python3.9/site-packages/airflow/example_dags/example_skip_dag.py took 0.246 seconds
[2023-03-25T14:46:02.608-0400] {processor.py:153} INFO - Started process (PID=11021) to work on /Users/sunanda/Downloads/airflow/py_env/lib/python3.9/site-packages/airflow/example_dags/example_skip_dag.py
[2023-03-25T14:46:02.610-0400] {processor.py:743} INFO - Processing file /Users/sunanda/Downloads/airflow/py_env/lib/python3.9/site-packages/airflow/example_dags/example_skip_dag.py for tasks to queue
[2023-03-25T14:46:02.611-0400] {logging_mixin.py:137} INFO - [2023-03-25T14:46:02.610-0400] {dagbag.py:532} INFO - Filling up the DagBag from /Users/sunanda/Downloads/airflow/py_env/lib/python3.9/site-packages/airflow/example_dags/example_skip_dag.py
[2023-03-25T14:46:02.622-0400] {processor.py:753} INFO - DAG(s) dict_keys(['example_skip_dag']) retrieved from /Users/sunanda/Downloads/airflow/py_env/lib/python3.9/site-packages/airflow/example_dags/example_skip_dag.py
[2023-03-25T14:46:02.841-0400] {logging_mixin.py:137} INFO - [2023-03-25T14:46:02.841-0400] {dag.py:2693} INFO - Sync 1 DAGs
[2023-03-25T14:46:02.848-0400] {logging_mixin.py:137} INFO - [2023-03-25T14:46:02.848-0400] {dag.py:3440} INFO - Setting next_dagrun for example_skip_dag to 2023-03-24T18:46:02.848196+00:00, run_after=2023-03-25T18:46:02.848196+00:00
[2023-03-25T14:46:02.856-0400] {processor.py:175} INFO - Processing /Users/sunanda/Downloads/airflow/py_env/lib/python3.9/site-packages/airflow/example_dags/example_skip_dag.py took 0.248 seconds
[2023-03-25T14:47:36.759-0400] {processor.py:153} INFO - Started process (PID=11167) to work on /Users/sunanda/Downloads/airflow/py_env/lib/python3.9/site-packages/airflow/example_dags/example_skip_dag.py
[2023-03-25T14:47:36.762-0400] {processor.py:743} INFO - Processing file /Users/sunanda/Downloads/airflow/py_env/lib/python3.9/site-packages/airflow/example_dags/example_skip_dag.py for tasks to queue
[2023-03-25T14:47:36.763-0400] {logging_mixin.py:137} INFO - [2023-03-25T14:47:36.762-0400] {dagbag.py:532} INFO - Filling up the DagBag from /Users/sunanda/Downloads/airflow/py_env/lib/python3.9/site-packages/airflow/example_dags/example_skip_dag.py
[2023-03-25T14:47:36.773-0400] {processor.py:753} INFO - DAG(s) dict_keys(['example_skip_dag']) retrieved from /Users/sunanda/Downloads/airflow/py_env/lib/python3.9/site-packages/airflow/example_dags/example_skip_dag.py
[2023-03-25T14:47:36.997-0400] {logging_mixin.py:137} INFO - [2023-03-25T14:47:36.997-0400] {dag.py:2693} INFO - Sync 1 DAGs
[2023-03-25T14:47:37.004-0400] {logging_mixin.py:137} INFO - [2023-03-25T14:47:37.004-0400] {dag.py:3440} INFO - Setting next_dagrun for example_skip_dag to 2023-03-24T18:47:37.004151+00:00, run_after=2023-03-25T18:47:37.004151+00:00
[2023-03-25T14:47:37.011-0400] {processor.py:175} INFO - Processing /Users/sunanda/Downloads/airflow/py_env/lib/python3.9/site-packages/airflow/example_dags/example_skip_dag.py took 0.252 seconds
