[2023-03-25T14:10:14.532-0400] {processor.py:153} INFO - Started process (PID=8153) to work on /Users/sunanda/Downloads/airflow/py_env/lib/python3.9/site-packages/airflow/example_dags/example_branch_labels.py
[2023-03-25T14:10:14.534-0400] {processor.py:743} INFO - Processing file /Users/sunanda/Downloads/airflow/py_env/lib/python3.9/site-packages/airflow/example_dags/example_branch_labels.py for tasks to queue
[2023-03-25T14:10:14.534-0400] {logging_mixin.py:137} INFO - [2023-03-25T14:10:14.534-0400] {dagbag.py:532} INFO - Filling up the DagBag from /Users/sunanda/Downloads/airflow/py_env/lib/python3.9/site-packages/airflow/example_dags/example_branch_labels.py
[2023-03-25T14:10:14.544-0400] {processor.py:753} INFO - DAG(s) dict_keys(['example_branch_labels']) retrieved from /Users/sunanda/Downloads/airflow/py_env/lib/python3.9/site-packages/airflow/example_dags/example_branch_labels.py
[2023-03-25T14:10:14.767-0400] {logging_mixin.py:137} INFO - [2023-03-25T14:10:14.767-0400] {dag.py:2693} INFO - Sync 1 DAGs
[2023-03-25T14:10:14.775-0400] {logging_mixin.py:137} INFO - [2023-03-25T14:10:14.775-0400] {dag.py:3440} INFO - Setting next_dagrun for example_branch_labels to 2023-03-24T00:00:00+00:00, run_after=2023-03-25T00:00:00+00:00
[2023-03-25T14:10:14.782-0400] {processor.py:175} INFO - Processing /Users/sunanda/Downloads/airflow/py_env/lib/python3.9/site-packages/airflow/example_dags/example_branch_labels.py took 0.251 seconds
[2023-03-25T14:11:36.948-0400] {processor.py:153} INFO - Started process (PID=8294) to work on /Users/sunanda/Downloads/airflow/py_env/lib/python3.9/site-packages/airflow/example_dags/example_branch_labels.py
[2023-03-25T14:11:36.950-0400] {processor.py:743} INFO - Processing file /Users/sunanda/Downloads/airflow/py_env/lib/python3.9/site-packages/airflow/example_dags/example_branch_labels.py for tasks to queue
[2023-03-25T14:11:36.950-0400] {logging_mixin.py:137} INFO - [2023-03-25T14:11:36.950-0400] {dagbag.py:532} INFO - Filling up the DagBag from /Users/sunanda/Downloads/airflow/py_env/lib/python3.9/site-packages/airflow/example_dags/example_branch_labels.py
[2023-03-25T14:11:36.960-0400] {processor.py:753} INFO - DAG(s) dict_keys(['example_branch_labels']) retrieved from /Users/sunanda/Downloads/airflow/py_env/lib/python3.9/site-packages/airflow/example_dags/example_branch_labels.py
[2023-03-25T14:11:37.167-0400] {logging_mixin.py:137} INFO - [2023-03-25T14:11:37.167-0400] {dag.py:2693} INFO - Sync 1 DAGs
[2023-03-25T14:11:37.174-0400] {logging_mixin.py:137} INFO - [2023-03-25T14:11:37.174-0400] {dag.py:3440} INFO - Setting next_dagrun for example_branch_labels to 2023-03-24T00:00:00+00:00, run_after=2023-03-25T00:00:00+00:00
[2023-03-25T14:11:37.181-0400] {processor.py:175} INFO - Processing /Users/sunanda/Downloads/airflow/py_env/lib/python3.9/site-packages/airflow/example_dags/example_branch_labels.py took 0.233 seconds
[2023-03-25T14:13:06.184-0400] {processor.py:153} INFO - Started process (PID=8451) to work on /Users/sunanda/Downloads/airflow/py_env/lib/python3.9/site-packages/airflow/example_dags/example_branch_labels.py
[2023-03-25T14:13:06.187-0400] {processor.py:743} INFO - Processing file /Users/sunanda/Downloads/airflow/py_env/lib/python3.9/site-packages/airflow/example_dags/example_branch_labels.py for tasks to queue
[2023-03-25T14:13:06.187-0400] {logging_mixin.py:137} INFO - [2023-03-25T14:13:06.187-0400] {dagbag.py:532} INFO - Filling up the DagBag from /Users/sunanda/Downloads/airflow/py_env/lib/python3.9/site-packages/airflow/example_dags/example_branch_labels.py
[2023-03-25T14:13:06.197-0400] {processor.py:753} INFO - DAG(s) dict_keys(['example_branch_labels']) retrieved from /Users/sunanda/Downloads/airflow/py_env/lib/python3.9/site-packages/airflow/example_dags/example_branch_labels.py
[2023-03-25T14:13:06.413-0400] {logging_mixin.py:137} INFO - [2023-03-25T14:13:06.413-0400] {dag.py:2693} INFO - Sync 1 DAGs
[2023-03-25T14:13:06.420-0400] {logging_mixin.py:137} INFO - [2023-03-25T14:13:06.419-0400] {dag.py:3440} INFO - Setting next_dagrun for example_branch_labels to 2023-03-24T00:00:00+00:00, run_after=2023-03-25T00:00:00+00:00
[2023-03-25T14:13:06.426-0400] {processor.py:175} INFO - Processing /Users/sunanda/Downloads/airflow/py_env/lib/python3.9/site-packages/airflow/example_dags/example_branch_labels.py took 0.243 seconds
[2023-03-25T14:14:31.429-0400] {processor.py:153} INFO - Started process (PID=8585) to work on /Users/sunanda/Downloads/airflow/py_env/lib/python3.9/site-packages/airflow/example_dags/example_branch_labels.py
[2023-03-25T14:14:31.431-0400] {processor.py:743} INFO - Processing file /Users/sunanda/Downloads/airflow/py_env/lib/python3.9/site-packages/airflow/example_dags/example_branch_labels.py for tasks to queue
[2023-03-25T14:14:31.431-0400] {logging_mixin.py:137} INFO - [2023-03-25T14:14:31.431-0400] {dagbag.py:532} INFO - Filling up the DagBag from /Users/sunanda/Downloads/airflow/py_env/lib/python3.9/site-packages/airflow/example_dags/example_branch_labels.py
[2023-03-25T14:14:31.443-0400] {processor.py:753} INFO - DAG(s) dict_keys(['example_branch_labels']) retrieved from /Users/sunanda/Downloads/airflow/py_env/lib/python3.9/site-packages/airflow/example_dags/example_branch_labels.py
[2023-03-25T14:14:31.662-0400] {logging_mixin.py:137} INFO - [2023-03-25T14:14:31.662-0400] {dag.py:2693} INFO - Sync 1 DAGs
[2023-03-25T14:14:31.671-0400] {logging_mixin.py:137} INFO - [2023-03-25T14:14:31.671-0400] {dag.py:3440} INFO - Setting next_dagrun for example_branch_labels to 2023-03-24T00:00:00+00:00, run_after=2023-03-25T00:00:00+00:00
[2023-03-25T14:14:31.678-0400] {processor.py:175} INFO - Processing /Users/sunanda/Downloads/airflow/py_env/lib/python3.9/site-packages/airflow/example_dags/example_branch_labels.py took 0.250 seconds
[2023-03-25T14:16:01.476-0400] {processor.py:153} INFO - Started process (PID=8724) to work on /Users/sunanda/Downloads/airflow/py_env/lib/python3.9/site-packages/airflow/example_dags/example_branch_labels.py
[2023-03-25T14:16:01.478-0400] {processor.py:743} INFO - Processing file /Users/sunanda/Downloads/airflow/py_env/lib/python3.9/site-packages/airflow/example_dags/example_branch_labels.py for tasks to queue
[2023-03-25T14:16:01.478-0400] {logging_mixin.py:137} INFO - [2023-03-25T14:16:01.478-0400] {dagbag.py:532} INFO - Filling up the DagBag from /Users/sunanda/Downloads/airflow/py_env/lib/python3.9/site-packages/airflow/example_dags/example_branch_labels.py
[2023-03-25T14:16:01.488-0400] {processor.py:753} INFO - DAG(s) dict_keys(['example_branch_labels']) retrieved from /Users/sunanda/Downloads/airflow/py_env/lib/python3.9/site-packages/airflow/example_dags/example_branch_labels.py
[2023-03-25T14:16:01.702-0400] {logging_mixin.py:137} INFO - [2023-03-25T14:16:01.702-0400] {dag.py:2693} INFO - Sync 1 DAGs
[2023-03-25T14:16:01.709-0400] {logging_mixin.py:137} INFO - [2023-03-25T14:16:01.709-0400] {dag.py:3440} INFO - Setting next_dagrun for example_branch_labels to 2023-03-24T00:00:00+00:00, run_after=2023-03-25T00:00:00+00:00
[2023-03-25T14:16:01.715-0400] {processor.py:175} INFO - Processing /Users/sunanda/Downloads/airflow/py_env/lib/python3.9/site-packages/airflow/example_dags/example_branch_labels.py took 0.240 seconds
[2023-03-25T14:17:31.987-0400] {processor.py:153} INFO - Started process (PID=8866) to work on /Users/sunanda/Downloads/airflow/py_env/lib/python3.9/site-packages/airflow/example_dags/example_branch_labels.py
[2023-03-25T14:17:31.990-0400] {processor.py:743} INFO - Processing file /Users/sunanda/Downloads/airflow/py_env/lib/python3.9/site-packages/airflow/example_dags/example_branch_labels.py for tasks to queue
[2023-03-25T14:17:31.990-0400] {logging_mixin.py:137} INFO - [2023-03-25T14:17:31.990-0400] {dagbag.py:532} INFO - Filling up the DagBag from /Users/sunanda/Downloads/airflow/py_env/lib/python3.9/site-packages/airflow/example_dags/example_branch_labels.py
[2023-03-25T14:17:32.001-0400] {processor.py:753} INFO - DAG(s) dict_keys(['example_branch_labels']) retrieved from /Users/sunanda/Downloads/airflow/py_env/lib/python3.9/site-packages/airflow/example_dags/example_branch_labels.py
[2023-03-25T14:17:32.224-0400] {logging_mixin.py:137} INFO - [2023-03-25T14:17:32.223-0400] {dag.py:2693} INFO - Sync 1 DAGs
[2023-03-25T14:17:32.232-0400] {logging_mixin.py:137} INFO - [2023-03-25T14:17:32.232-0400] {dag.py:3440} INFO - Setting next_dagrun for example_branch_labels to 2023-03-24T00:00:00+00:00, run_after=2023-03-25T00:00:00+00:00
[2023-03-25T14:17:32.239-0400] {processor.py:175} INFO - Processing /Users/sunanda/Downloads/airflow/py_env/lib/python3.9/site-packages/airflow/example_dags/example_branch_labels.py took 0.252 seconds
[2023-03-25T14:19:36.682-0400] {processor.py:153} INFO - Started process (PID=9086) to work on /Users/sunanda/Downloads/airflow/py_env/lib/python3.9/site-packages/airflow/example_dags/example_branch_labels.py
[2023-03-25T14:19:36.685-0400] {processor.py:743} INFO - Processing file /Users/sunanda/Downloads/airflow/py_env/lib/python3.9/site-packages/airflow/example_dags/example_branch_labels.py for tasks to queue
[2023-03-25T14:19:36.686-0400] {logging_mixin.py:137} INFO - [2023-03-25T14:19:36.686-0400] {dagbag.py:532} INFO - Filling up the DagBag from /Users/sunanda/Downloads/airflow/py_env/lib/python3.9/site-packages/airflow/example_dags/example_branch_labels.py
[2023-03-25T14:19:36.696-0400] {processor.py:753} INFO - DAG(s) dict_keys(['example_branch_labels']) retrieved from /Users/sunanda/Downloads/airflow/py_env/lib/python3.9/site-packages/airflow/example_dags/example_branch_labels.py
[2023-03-25T14:19:36.912-0400] {logging_mixin.py:137} INFO - [2023-03-25T14:19:36.911-0400] {dag.py:2693} INFO - Sync 1 DAGs
[2023-03-25T14:19:36.918-0400] {logging_mixin.py:137} INFO - [2023-03-25T14:19:36.918-0400] {dag.py:3440} INFO - Setting next_dagrun for example_branch_labels to 2023-03-24T00:00:00+00:00, run_after=2023-03-25T00:00:00+00:00
[2023-03-25T14:19:36.925-0400] {processor.py:175} INFO - Processing /Users/sunanda/Downloads/airflow/py_env/lib/python3.9/site-packages/airflow/example_dags/example_branch_labels.py took 0.243 seconds
[2023-03-25T14:43:56.154-0400] {processor.py:153} INFO - Started process (PID=10807) to work on /Users/sunanda/Downloads/airflow/py_env/lib/python3.9/site-packages/airflow/example_dags/example_branch_labels.py
[2023-03-25T14:43:56.158-0400] {processor.py:743} INFO - Processing file /Users/sunanda/Downloads/airflow/py_env/lib/python3.9/site-packages/airflow/example_dags/example_branch_labels.py for tasks to queue
[2023-03-25T14:43:56.158-0400] {logging_mixin.py:137} INFO - [2023-03-25T14:43:56.158-0400] {dagbag.py:532} INFO - Filling up the DagBag from /Users/sunanda/Downloads/airflow/py_env/lib/python3.9/site-packages/airflow/example_dags/example_branch_labels.py
[2023-03-25T14:43:56.169-0400] {processor.py:753} INFO - DAG(s) dict_keys(['example_branch_labels']) retrieved from /Users/sunanda/Downloads/airflow/py_env/lib/python3.9/site-packages/airflow/example_dags/example_branch_labels.py
[2023-03-25T14:43:56.391-0400] {logging_mixin.py:137} INFO - [2023-03-25T14:43:56.391-0400] {dag.py:2693} INFO - Sync 1 DAGs
[2023-03-25T14:43:56.398-0400] {logging_mixin.py:137} INFO - [2023-03-25T14:43:56.398-0400] {dag.py:3440} INFO - Setting next_dagrun for example_branch_labels to 2023-03-24T00:00:00+00:00, run_after=2023-03-25T00:00:00+00:00
[2023-03-25T14:43:56.404-0400] {processor.py:175} INFO - Processing /Users/sunanda/Downloads/airflow/py_env/lib/python3.9/site-packages/airflow/example_dags/example_branch_labels.py took 0.251 seconds
[2023-03-25T14:45:28.080-0400] {processor.py:153} INFO - Started process (PID=10967) to work on /Users/sunanda/Downloads/airflow/py_env/lib/python3.9/site-packages/airflow/example_dags/example_branch_labels.py
[2023-03-25T14:45:28.083-0400] {processor.py:743} INFO - Processing file /Users/sunanda/Downloads/airflow/py_env/lib/python3.9/site-packages/airflow/example_dags/example_branch_labels.py for tasks to queue
[2023-03-25T14:45:28.083-0400] {logging_mixin.py:137} INFO - [2023-03-25T14:45:28.083-0400] {dagbag.py:532} INFO - Filling up the DagBag from /Users/sunanda/Downloads/airflow/py_env/lib/python3.9/site-packages/airflow/example_dags/example_branch_labels.py
[2023-03-25T14:45:28.095-0400] {processor.py:753} INFO - DAG(s) dict_keys(['example_branch_labels']) retrieved from /Users/sunanda/Downloads/airflow/py_env/lib/python3.9/site-packages/airflow/example_dags/example_branch_labels.py
[2023-03-25T14:45:28.323-0400] {logging_mixin.py:137} INFO - [2023-03-25T14:45:28.323-0400] {dag.py:2693} INFO - Sync 1 DAGs
[2023-03-25T14:45:28.331-0400] {logging_mixin.py:137} INFO - [2023-03-25T14:45:28.331-0400] {dag.py:3440} INFO - Setting next_dagrun for example_branch_labels to 2023-03-24T00:00:00+00:00, run_after=2023-03-25T00:00:00+00:00
[2023-03-25T14:45:28.338-0400] {processor.py:175} INFO - Processing /Users/sunanda/Downloads/airflow/py_env/lib/python3.9/site-packages/airflow/example_dags/example_branch_labels.py took 0.258 seconds
[2023-03-25T14:46:58.548-0400] {processor.py:153} INFO - Started process (PID=11108) to work on /Users/sunanda/Downloads/airflow/py_env/lib/python3.9/site-packages/airflow/example_dags/example_branch_labels.py
[2023-03-25T14:46:58.551-0400] {processor.py:743} INFO - Processing file /Users/sunanda/Downloads/airflow/py_env/lib/python3.9/site-packages/airflow/example_dags/example_branch_labels.py for tasks to queue
[2023-03-25T14:46:58.552-0400] {logging_mixin.py:137} INFO - [2023-03-25T14:46:58.552-0400] {dagbag.py:532} INFO - Filling up the DagBag from /Users/sunanda/Downloads/airflow/py_env/lib/python3.9/site-packages/airflow/example_dags/example_branch_labels.py
[2023-03-25T14:46:58.566-0400] {processor.py:753} INFO - DAG(s) dict_keys(['example_branch_labels']) retrieved from /Users/sunanda/Downloads/airflow/py_env/lib/python3.9/site-packages/airflow/example_dags/example_branch_labels.py
[2023-03-25T14:46:58.814-0400] {logging_mixin.py:137} INFO - [2023-03-25T14:46:58.814-0400] {dag.py:2693} INFO - Sync 1 DAGs
[2023-03-25T14:46:58.822-0400] {logging_mixin.py:137} INFO - [2023-03-25T14:46:58.821-0400] {dag.py:3440} INFO - Setting next_dagrun for example_branch_labels to 2023-03-24T00:00:00+00:00, run_after=2023-03-25T00:00:00+00:00
[2023-03-25T14:46:58.829-0400] {processor.py:175} INFO - Processing /Users/sunanda/Downloads/airflow/py_env/lib/python3.9/site-packages/airflow/example_dags/example_branch_labels.py took 0.281 seconds
