[2023-03-25T14:09:59.624-0400] {processor.py:153} INFO - Started process (PID=8128) to work on /Users/sunanda/Downloads/airflow/py_env/lib/python3.9/site-packages/airflow/example_dags/example_external_task_marker_dag.py
[2023-03-25T14:09:59.626-0400] {processor.py:743} INFO - Processing file /Users/sunanda/Downloads/airflow/py_env/lib/python3.9/site-packages/airflow/example_dags/example_external_task_marker_dag.py for tasks to queue
[2023-03-25T14:09:59.626-0400] {logging_mixin.py:137} INFO - [2023-03-25T14:09:59.626-0400] {dagbag.py:532} INFO - Filling up the DagBag from /Users/sunanda/Downloads/airflow/py_env/lib/python3.9/site-packages/airflow/example_dags/example_external_task_marker_dag.py
[2023-03-25T14:09:59.637-0400] {processor.py:753} INFO - DAG(s) dict_keys(['example_external_task_marker_child', 'example_external_task_marker_parent']) retrieved from /Users/sunanda/Downloads/airflow/py_env/lib/python3.9/site-packages/airflow/example_dags/example_external_task_marker_dag.py
[2023-03-25T14:09:59.934-0400] {logging_mixin.py:137} INFO - [2023-03-25T14:09:59.934-0400] {dag.py:2693} INFO - Sync 2 DAGs
[2023-03-25T14:09:59.942-0400] {logging_mixin.py:137} INFO - [2023-03-25T14:09:59.942-0400] {dag.py:3440} INFO - Setting next_dagrun for example_external_task_marker_child to None, run_after=None
[2023-03-25T14:09:59.943-0400] {logging_mixin.py:137} INFO - [2023-03-25T14:09:59.943-0400] {dag.py:3440} INFO - Setting next_dagrun for example_external_task_marker_parent to None, run_after=None
[2023-03-25T14:09:59.951-0400] {processor.py:175} INFO - Processing /Users/sunanda/Downloads/airflow/py_env/lib/python3.9/site-packages/airflow/example_dags/example_external_task_marker_dag.py took 0.328 seconds
[2023-03-25T14:11:23.650-0400] {processor.py:153} INFO - Started process (PID=8274) to work on /Users/sunanda/Downloads/airflow/py_env/lib/python3.9/site-packages/airflow/example_dags/example_external_task_marker_dag.py
[2023-03-25T14:11:23.653-0400] {processor.py:743} INFO - Processing file /Users/sunanda/Downloads/airflow/py_env/lib/python3.9/site-packages/airflow/example_dags/example_external_task_marker_dag.py for tasks to queue
[2023-03-25T14:11:23.653-0400] {logging_mixin.py:137} INFO - [2023-03-25T14:11:23.653-0400] {dagbag.py:532} INFO - Filling up the DagBag from /Users/sunanda/Downloads/airflow/py_env/lib/python3.9/site-packages/airflow/example_dags/example_external_task_marker_dag.py
[2023-03-25T14:11:23.662-0400] {processor.py:753} INFO - DAG(s) dict_keys(['example_external_task_marker_parent', 'example_external_task_marker_child']) retrieved from /Users/sunanda/Downloads/airflow/py_env/lib/python3.9/site-packages/airflow/example_dags/example_external_task_marker_dag.py
[2023-03-25T14:11:23.903-0400] {logging_mixin.py:137} INFO - [2023-03-25T14:11:23.903-0400] {dag.py:2693} INFO - Sync 2 DAGs
[2023-03-25T14:11:23.910-0400] {logging_mixin.py:137} INFO - [2023-03-25T14:11:23.909-0400] {dag.py:3440} INFO - Setting next_dagrun for example_external_task_marker_child to None, run_after=None
[2023-03-25T14:11:23.910-0400] {logging_mixin.py:137} INFO - [2023-03-25T14:11:23.910-0400] {dag.py:3440} INFO - Setting next_dagrun for example_external_task_marker_parent to None, run_after=None
[2023-03-25T14:11:23.918-0400] {processor.py:175} INFO - Processing /Users/sunanda/Downloads/airflow/py_env/lib/python3.9/site-packages/airflow/example_dags/example_external_task_marker_dag.py took 0.268 seconds
[2023-03-25T14:12:52.887-0400] {processor.py:153} INFO - Started process (PID=8431) to work on /Users/sunanda/Downloads/airflow/py_env/lib/python3.9/site-packages/airflow/example_dags/example_external_task_marker_dag.py
[2023-03-25T14:12:52.890-0400] {processor.py:743} INFO - Processing file /Users/sunanda/Downloads/airflow/py_env/lib/python3.9/site-packages/airflow/example_dags/example_external_task_marker_dag.py for tasks to queue
[2023-03-25T14:12:52.890-0400] {logging_mixin.py:137} INFO - [2023-03-25T14:12:52.890-0400] {dagbag.py:532} INFO - Filling up the DagBag from /Users/sunanda/Downloads/airflow/py_env/lib/python3.9/site-packages/airflow/example_dags/example_external_task_marker_dag.py
[2023-03-25T14:12:52.900-0400] {processor.py:753} INFO - DAG(s) dict_keys(['example_external_task_marker_child', 'example_external_task_marker_parent']) retrieved from /Users/sunanda/Downloads/airflow/py_env/lib/python3.9/site-packages/airflow/example_dags/example_external_task_marker_dag.py
[2023-03-25T14:12:53.147-0400] {logging_mixin.py:137} INFO - [2023-03-25T14:12:53.147-0400] {dag.py:2693} INFO - Sync 2 DAGs
[2023-03-25T14:12:53.153-0400] {logging_mixin.py:137} INFO - [2023-03-25T14:12:53.153-0400] {dag.py:3440} INFO - Setting next_dagrun for example_external_task_marker_child to None, run_after=None
[2023-03-25T14:12:53.154-0400] {logging_mixin.py:137} INFO - [2023-03-25T14:12:53.154-0400] {dag.py:3440} INFO - Setting next_dagrun for example_external_task_marker_parent to None, run_after=None
[2023-03-25T14:12:53.161-0400] {processor.py:175} INFO - Processing /Users/sunanda/Downloads/airflow/py_env/lib/python3.9/site-packages/airflow/example_dags/example_external_task_marker_dag.py took 0.274 seconds
[2023-03-25T14:14:18.440-0400] {processor.py:153} INFO - Started process (PID=8565) to work on /Users/sunanda/Downloads/airflow/py_env/lib/python3.9/site-packages/airflow/example_dags/example_external_task_marker_dag.py
[2023-03-25T14:14:18.442-0400] {processor.py:743} INFO - Processing file /Users/sunanda/Downloads/airflow/py_env/lib/python3.9/site-packages/airflow/example_dags/example_external_task_marker_dag.py for tasks to queue
[2023-03-25T14:14:18.442-0400] {logging_mixin.py:137} INFO - [2023-03-25T14:14:18.442-0400] {dagbag.py:532} INFO - Filling up the DagBag from /Users/sunanda/Downloads/airflow/py_env/lib/python3.9/site-packages/airflow/example_dags/example_external_task_marker_dag.py
[2023-03-25T14:14:18.453-0400] {processor.py:753} INFO - DAG(s) dict_keys(['example_external_task_marker_child', 'example_external_task_marker_parent']) retrieved from /Users/sunanda/Downloads/airflow/py_env/lib/python3.9/site-packages/airflow/example_dags/example_external_task_marker_dag.py
[2023-03-25T14:14:18.695-0400] {logging_mixin.py:137} INFO - [2023-03-25T14:14:18.695-0400] {dag.py:2693} INFO - Sync 2 DAGs
[2023-03-25T14:14:18.702-0400] {logging_mixin.py:137} INFO - [2023-03-25T14:14:18.702-0400] {dag.py:3440} INFO - Setting next_dagrun for example_external_task_marker_child to None, run_after=None
[2023-03-25T14:14:18.703-0400] {logging_mixin.py:137} INFO - [2023-03-25T14:14:18.703-0400] {dag.py:3440} INFO - Setting next_dagrun for example_external_task_marker_parent to None, run_after=None
[2023-03-25T14:14:18.709-0400] {processor.py:175} INFO - Processing /Users/sunanda/Downloads/airflow/py_env/lib/python3.9/site-packages/airflow/example_dags/example_external_task_marker_dag.py took 0.270 seconds
[2023-03-25T14:15:47.508-0400] {processor.py:153} INFO - Started process (PID=8703) to work on /Users/sunanda/Downloads/airflow/py_env/lib/python3.9/site-packages/airflow/example_dags/example_external_task_marker_dag.py
[2023-03-25T14:15:47.511-0400] {processor.py:743} INFO - Processing file /Users/sunanda/Downloads/airflow/py_env/lib/python3.9/site-packages/airflow/example_dags/example_external_task_marker_dag.py for tasks to queue
[2023-03-25T14:15:47.512-0400] {logging_mixin.py:137} INFO - [2023-03-25T14:15:47.511-0400] {dagbag.py:532} INFO - Filling up the DagBag from /Users/sunanda/Downloads/airflow/py_env/lib/python3.9/site-packages/airflow/example_dags/example_external_task_marker_dag.py
[2023-03-25T14:15:47.521-0400] {processor.py:753} INFO - DAG(s) dict_keys(['example_external_task_marker_child', 'example_external_task_marker_parent']) retrieved from /Users/sunanda/Downloads/airflow/py_env/lib/python3.9/site-packages/airflow/example_dags/example_external_task_marker_dag.py
[2023-03-25T14:15:47.792-0400] {logging_mixin.py:137} INFO - [2023-03-25T14:15:47.791-0400] {dag.py:2693} INFO - Sync 2 DAGs
[2023-03-25T14:15:47.799-0400] {logging_mixin.py:137} INFO - [2023-03-25T14:15:47.799-0400] {dag.py:3440} INFO - Setting next_dagrun for example_external_task_marker_child to None, run_after=None
[2023-03-25T14:15:47.800-0400] {logging_mixin.py:137} INFO - [2023-03-25T14:15:47.800-0400] {dag.py:3440} INFO - Setting next_dagrun for example_external_task_marker_parent to None, run_after=None
[2023-03-25T14:15:47.807-0400] {processor.py:175} INFO - Processing /Users/sunanda/Downloads/airflow/py_env/lib/python3.9/site-packages/airflow/example_dags/example_external_task_marker_dag.py took 0.299 seconds
[2023-03-25T14:17:18.542-0400] {processor.py:153} INFO - Started process (PID=8845) to work on /Users/sunanda/Downloads/airflow/py_env/lib/python3.9/site-packages/airflow/example_dags/example_external_task_marker_dag.py
[2023-03-25T14:17:18.544-0400] {processor.py:743} INFO - Processing file /Users/sunanda/Downloads/airflow/py_env/lib/python3.9/site-packages/airflow/example_dags/example_external_task_marker_dag.py for tasks to queue
[2023-03-25T14:17:18.544-0400] {logging_mixin.py:137} INFO - [2023-03-25T14:17:18.544-0400] {dagbag.py:532} INFO - Filling up the DagBag from /Users/sunanda/Downloads/airflow/py_env/lib/python3.9/site-packages/airflow/example_dags/example_external_task_marker_dag.py
[2023-03-25T14:17:18.554-0400] {processor.py:753} INFO - DAG(s) dict_keys(['example_external_task_marker_parent', 'example_external_task_marker_child']) retrieved from /Users/sunanda/Downloads/airflow/py_env/lib/python3.9/site-packages/airflow/example_dags/example_external_task_marker_dag.py
[2023-03-25T14:17:18.799-0400] {logging_mixin.py:137} INFO - [2023-03-25T14:17:18.799-0400] {dag.py:2693} INFO - Sync 2 DAGs
[2023-03-25T14:17:18.806-0400] {logging_mixin.py:137} INFO - [2023-03-25T14:17:18.805-0400] {dag.py:3440} INFO - Setting next_dagrun for example_external_task_marker_child to None, run_after=None
[2023-03-25T14:17:18.806-0400] {logging_mixin.py:137} INFO - [2023-03-25T14:17:18.806-0400] {dag.py:3440} INFO - Setting next_dagrun for example_external_task_marker_parent to None, run_after=None
[2023-03-25T14:17:18.813-0400] {processor.py:175} INFO - Processing /Users/sunanda/Downloads/airflow/py_env/lib/python3.9/site-packages/airflow/example_dags/example_external_task_marker_dag.py took 0.272 seconds
[2023-03-25T14:19:21.873-0400] {processor.py:153} INFO - Started process (PID=9061) to work on /Users/sunanda/Downloads/airflow/py_env/lib/python3.9/site-packages/airflow/example_dags/example_external_task_marker_dag.py
[2023-03-25T14:19:21.876-0400] {processor.py:743} INFO - Processing file /Users/sunanda/Downloads/airflow/py_env/lib/python3.9/site-packages/airflow/example_dags/example_external_task_marker_dag.py for tasks to queue
[2023-03-25T14:19:21.876-0400] {logging_mixin.py:137} INFO - [2023-03-25T14:19:21.876-0400] {dagbag.py:532} INFO - Filling up the DagBag from /Users/sunanda/Downloads/airflow/py_env/lib/python3.9/site-packages/airflow/example_dags/example_external_task_marker_dag.py
[2023-03-25T14:19:21.887-0400] {processor.py:753} INFO - DAG(s) dict_keys(['example_external_task_marker_parent', 'example_external_task_marker_child']) retrieved from /Users/sunanda/Downloads/airflow/py_env/lib/python3.9/site-packages/airflow/example_dags/example_external_task_marker_dag.py
[2023-03-25T14:19:22.166-0400] {logging_mixin.py:137} INFO - [2023-03-25T14:19:22.166-0400] {dag.py:2693} INFO - Sync 2 DAGs
[2023-03-25T14:19:22.173-0400] {logging_mixin.py:137} INFO - [2023-03-25T14:19:22.173-0400] {dag.py:3440} INFO - Setting next_dagrun for example_external_task_marker_child to None, run_after=None
[2023-03-25T14:19:22.174-0400] {logging_mixin.py:137} INFO - [2023-03-25T14:19:22.174-0400] {dag.py:3440} INFO - Setting next_dagrun for example_external_task_marker_parent to None, run_after=None
[2023-03-25T14:19:22.182-0400] {processor.py:175} INFO - Processing /Users/sunanda/Downloads/airflow/py_env/lib/python3.9/site-packages/airflow/example_dags/example_external_task_marker_dag.py took 0.309 seconds
[2023-03-25T14:43:41.409-0400] {processor.py:153} INFO - Started process (PID=10780) to work on /Users/sunanda/Downloads/airflow/py_env/lib/python3.9/site-packages/airflow/example_dags/example_external_task_marker_dag.py
[2023-03-25T14:43:41.413-0400] {processor.py:743} INFO - Processing file /Users/sunanda/Downloads/airflow/py_env/lib/python3.9/site-packages/airflow/example_dags/example_external_task_marker_dag.py for tasks to queue
[2023-03-25T14:43:41.413-0400] {logging_mixin.py:137} INFO - [2023-03-25T14:43:41.413-0400] {dagbag.py:532} INFO - Filling up the DagBag from /Users/sunanda/Downloads/airflow/py_env/lib/python3.9/site-packages/airflow/example_dags/example_external_task_marker_dag.py
[2023-03-25T14:43:41.424-0400] {processor.py:753} INFO - DAG(s) dict_keys(['example_external_task_marker_child', 'example_external_task_marker_parent']) retrieved from /Users/sunanda/Downloads/airflow/py_env/lib/python3.9/site-packages/airflow/example_dags/example_external_task_marker_dag.py
[2023-03-25T14:43:41.686-0400] {logging_mixin.py:137} INFO - [2023-03-25T14:43:41.686-0400] {dag.py:2693} INFO - Sync 2 DAGs
[2023-03-25T14:43:41.693-0400] {logging_mixin.py:137} INFO - [2023-03-25T14:43:41.693-0400] {dag.py:3440} INFO - Setting next_dagrun for example_external_task_marker_child to None, run_after=None
[2023-03-25T14:43:41.694-0400] {logging_mixin.py:137} INFO - [2023-03-25T14:43:41.694-0400] {dag.py:3440} INFO - Setting next_dagrun for example_external_task_marker_parent to None, run_after=None
[2023-03-25T14:43:41.701-0400] {processor.py:175} INFO - Processing /Users/sunanda/Downloads/airflow/py_env/lib/python3.9/site-packages/airflow/example_dags/example_external_task_marker_dag.py took 0.292 seconds
[2023-03-25T14:45:15.246-0400] {processor.py:153} INFO - Started process (PID=10947) to work on /Users/sunanda/Downloads/airflow/py_env/lib/python3.9/site-packages/airflow/example_dags/example_external_task_marker_dag.py
[2023-03-25T14:45:15.249-0400] {processor.py:743} INFO - Processing file /Users/sunanda/Downloads/airflow/py_env/lib/python3.9/site-packages/airflow/example_dags/example_external_task_marker_dag.py for tasks to queue
[2023-03-25T14:45:15.249-0400] {logging_mixin.py:137} INFO - [2023-03-25T14:45:15.249-0400] {dagbag.py:532} INFO - Filling up the DagBag from /Users/sunanda/Downloads/airflow/py_env/lib/python3.9/site-packages/airflow/example_dags/example_external_task_marker_dag.py
[2023-03-25T14:45:15.260-0400] {processor.py:753} INFO - DAG(s) dict_keys(['example_external_task_marker_parent', 'example_external_task_marker_child']) retrieved from /Users/sunanda/Downloads/airflow/py_env/lib/python3.9/site-packages/airflow/example_dags/example_external_task_marker_dag.py
[2023-03-25T14:45:15.521-0400] {logging_mixin.py:137} INFO - [2023-03-25T14:45:15.521-0400] {dag.py:2693} INFO - Sync 2 DAGs
[2023-03-25T14:45:15.527-0400] {logging_mixin.py:137} INFO - [2023-03-25T14:45:15.527-0400] {dag.py:3440} INFO - Setting next_dagrun for example_external_task_marker_child to None, run_after=None
[2023-03-25T14:45:15.528-0400] {logging_mixin.py:137} INFO - [2023-03-25T14:45:15.528-0400] {dag.py:3440} INFO - Setting next_dagrun for example_external_task_marker_parent to None, run_after=None
[2023-03-25T14:45:15.536-0400] {processor.py:175} INFO - Processing /Users/sunanda/Downloads/airflow/py_env/lib/python3.9/site-packages/airflow/example_dags/example_external_task_marker_dag.py took 0.290 seconds
[2023-03-25T14:46:43.652-0400] {processor.py:153} INFO - Started process (PID=11085) to work on /Users/sunanda/Downloads/airflow/py_env/lib/python3.9/site-packages/airflow/example_dags/example_external_task_marker_dag.py
[2023-03-25T14:46:43.656-0400] {processor.py:743} INFO - Processing file /Users/sunanda/Downloads/airflow/py_env/lib/python3.9/site-packages/airflow/example_dags/example_external_task_marker_dag.py for tasks to queue
[2023-03-25T14:46:43.656-0400] {logging_mixin.py:137} INFO - [2023-03-25T14:46:43.656-0400] {dagbag.py:532} INFO - Filling up the DagBag from /Users/sunanda/Downloads/airflow/py_env/lib/python3.9/site-packages/airflow/example_dags/example_external_task_marker_dag.py
[2023-03-25T14:46:43.667-0400] {processor.py:753} INFO - DAG(s) dict_keys(['example_external_task_marker_parent', 'example_external_task_marker_child']) retrieved from /Users/sunanda/Downloads/airflow/py_env/lib/python3.9/site-packages/airflow/example_dags/example_external_task_marker_dag.py
[2023-03-25T14:46:43.939-0400] {logging_mixin.py:137} INFO - [2023-03-25T14:46:43.939-0400] {dag.py:2693} INFO - Sync 2 DAGs
[2023-03-25T14:46:43.946-0400] {logging_mixin.py:137} INFO - [2023-03-25T14:46:43.946-0400] {dag.py:3440} INFO - Setting next_dagrun for example_external_task_marker_child to None, run_after=None
[2023-03-25T14:46:43.947-0400] {logging_mixin.py:137} INFO - [2023-03-25T14:46:43.947-0400] {dag.py:3440} INFO - Setting next_dagrun for example_external_task_marker_parent to None, run_after=None
[2023-03-25T14:46:43.954-0400] {processor.py:175} INFO - Processing /Users/sunanda/Downloads/airflow/py_env/lib/python3.9/site-packages/airflow/example_dags/example_external_task_marker_dag.py took 0.302 seconds
[2023-03-25T14:48:14.533-0400] {processor.py:153} INFO - Started process (PID=11228) to work on /Users/sunanda/Downloads/airflow/py_env/lib/python3.9/site-packages/airflow/example_dags/example_external_task_marker_dag.py
[2023-03-25T14:48:14.536-0400] {processor.py:743} INFO - Processing file /Users/sunanda/Downloads/airflow/py_env/lib/python3.9/site-packages/airflow/example_dags/example_external_task_marker_dag.py for tasks to queue
[2023-03-25T14:48:14.536-0400] {logging_mixin.py:137} INFO - [2023-03-25T14:48:14.536-0400] {dagbag.py:532} INFO - Filling up the DagBag from /Users/sunanda/Downloads/airflow/py_env/lib/python3.9/site-packages/airflow/example_dags/example_external_task_marker_dag.py
[2023-03-25T14:48:14.546-0400] {processor.py:753} INFO - DAG(s) dict_keys(['example_external_task_marker_child', 'example_external_task_marker_parent']) retrieved from /Users/sunanda/Downloads/airflow/py_env/lib/python3.9/site-packages/airflow/example_dags/example_external_task_marker_dag.py
[2023-03-25T14:48:14.822-0400] {logging_mixin.py:137} INFO - [2023-03-25T14:48:14.822-0400] {dag.py:2693} INFO - Sync 2 DAGs
[2023-03-25T14:48:14.828-0400] {logging_mixin.py:137} INFO - [2023-03-25T14:48:14.828-0400] {dag.py:3440} INFO - Setting next_dagrun for example_external_task_marker_child to None, run_after=None
[2023-03-25T14:48:14.829-0400] {logging_mixin.py:137} INFO - [2023-03-25T14:48:14.829-0400] {dag.py:3440} INFO - Setting next_dagrun for example_external_task_marker_parent to None, run_after=None
[2023-03-25T14:48:14.837-0400] {processor.py:175} INFO - Processing /Users/sunanda/Downloads/airflow/py_env/lib/python3.9/site-packages/airflow/example_dags/example_external_task_marker_dag.py took 0.304 seconds
