[2023-03-25T14:09:30.627-0400] {processor.py:153} INFO - Started process (PID=8083) to work on /Users/sunanda/Downloads/airflow/py_env/lib/python3.9/site-packages/airflow/example_dags/example_task_group.py
[2023-03-25T14:09:30.629-0400] {processor.py:743} INFO - Processing file /Users/sunanda/Downloads/airflow/py_env/lib/python3.9/site-packages/airflow/example_dags/example_task_group.py for tasks to queue
[2023-03-25T14:09:30.629-0400] {logging_mixin.py:137} INFO - [2023-03-25T14:09:30.629-0400] {dagbag.py:532} INFO - Filling up the DagBag from /Users/sunanda/Downloads/airflow/py_env/lib/python3.9/site-packages/airflow/example_dags/example_task_group.py
[2023-03-25T14:09:30.640-0400] {processor.py:753} INFO - DAG(s) dict_keys(['example_task_group']) retrieved from /Users/sunanda/Downloads/airflow/py_env/lib/python3.9/site-packages/airflow/example_dags/example_task_group.py
[2023-03-25T14:09:30.851-0400] {logging_mixin.py:137} INFO - [2023-03-25T14:09:30.851-0400] {dag.py:2693} INFO - Sync 1 DAGs
[2023-03-25T14:09:30.858-0400] {logging_mixin.py:137} INFO - [2023-03-25T14:09:30.858-0400] {dag.py:3440} INFO - Setting next_dagrun for example_task_group to 2023-03-24T18:09:30.858074+00:00, run_after=2023-03-25T18:09:30.858074+00:00
[2023-03-25T14:09:30.865-0400] {processor.py:175} INFO - Processing /Users/sunanda/Downloads/airflow/py_env/lib/python3.9/site-packages/airflow/example_dags/example_task_group.py took 0.238 seconds
[2023-03-25T14:10:55.800-0400] {processor.py:153} INFO - Started process (PID=8229) to work on /Users/sunanda/Downloads/airflow/py_env/lib/python3.9/site-packages/airflow/example_dags/example_task_group.py
[2023-03-25T14:10:55.802-0400] {processor.py:743} INFO - Processing file /Users/sunanda/Downloads/airflow/py_env/lib/python3.9/site-packages/airflow/example_dags/example_task_group.py for tasks to queue
[2023-03-25T14:10:55.802-0400] {logging_mixin.py:137} INFO - [2023-03-25T14:10:55.802-0400] {dagbag.py:532} INFO - Filling up the DagBag from /Users/sunanda/Downloads/airflow/py_env/lib/python3.9/site-packages/airflow/example_dags/example_task_group.py
[2023-03-25T14:10:55.812-0400] {processor.py:753} INFO - DAG(s) dict_keys(['example_task_group']) retrieved from /Users/sunanda/Downloads/airflow/py_env/lib/python3.9/site-packages/airflow/example_dags/example_task_group.py
[2023-03-25T14:10:56.021-0400] {logging_mixin.py:137} INFO - [2023-03-25T14:10:56.020-0400] {dag.py:2693} INFO - Sync 1 DAGs
[2023-03-25T14:10:56.027-0400] {logging_mixin.py:137} INFO - [2023-03-25T14:10:56.027-0400] {dag.py:3440} INFO - Setting next_dagrun for example_task_group to 2023-03-24T18:10:56.027109+00:00, run_after=2023-03-25T18:10:56.027109+00:00
[2023-03-25T14:10:56.034-0400] {processor.py:175} INFO - Processing /Users/sunanda/Downloads/airflow/py_env/lib/python3.9/site-packages/airflow/example_dags/example_task_group.py took 0.235 seconds
[2023-03-25T14:12:11.601-0400] {processor.py:153} INFO - Started process (PID=8368) to work on /Users/sunanda/Downloads/airflow/py_env/lib/python3.9/site-packages/airflow/example_dags/example_task_group.py
[2023-03-25T14:12:11.605-0400] {processor.py:743} INFO - Processing file /Users/sunanda/Downloads/airflow/py_env/lib/python3.9/site-packages/airflow/example_dags/example_task_group.py for tasks to queue
[2023-03-25T14:12:11.605-0400] {logging_mixin.py:137} INFO - [2023-03-25T14:12:11.605-0400] {dagbag.py:532} INFO - Filling up the DagBag from /Users/sunanda/Downloads/airflow/py_env/lib/python3.9/site-packages/airflow/example_dags/example_task_group.py
[2023-03-25T14:12:11.615-0400] {processor.py:753} INFO - DAG(s) dict_keys(['example_task_group']) retrieved from /Users/sunanda/Downloads/airflow/py_env/lib/python3.9/site-packages/airflow/example_dags/example_task_group.py
[2023-03-25T14:12:11.824-0400] {logging_mixin.py:137} INFO - [2023-03-25T14:12:11.824-0400] {dag.py:2693} INFO - Sync 1 DAGs
[2023-03-25T14:12:11.830-0400] {logging_mixin.py:137} INFO - [2023-03-25T14:12:11.830-0400] {dag.py:3440} INFO - Setting next_dagrun for example_task_group to 2023-03-24T18:12:11.830829+00:00, run_after=2023-03-25T18:12:11.830829+00:00
[2023-03-25T14:12:11.837-0400] {processor.py:175} INFO - Processing /Users/sunanda/Downloads/airflow/py_env/lib/python3.9/site-packages/airflow/example_dags/example_task_group.py took 0.236 seconds
[2023-03-25T14:13:39.056-0400] {processor.py:153} INFO - Started process (PID=8502) to work on /Users/sunanda/Downloads/airflow/py_env/lib/python3.9/site-packages/airflow/example_dags/example_task_group.py
[2023-03-25T14:13:39.059-0400] {processor.py:743} INFO - Processing file /Users/sunanda/Downloads/airflow/py_env/lib/python3.9/site-packages/airflow/example_dags/example_task_group.py for tasks to queue
[2023-03-25T14:13:39.060-0400] {logging_mixin.py:137} INFO - [2023-03-25T14:13:39.059-0400] {dagbag.py:532} INFO - Filling up the DagBag from /Users/sunanda/Downloads/airflow/py_env/lib/python3.9/site-packages/airflow/example_dags/example_task_group.py
[2023-03-25T14:13:39.070-0400] {processor.py:753} INFO - DAG(s) dict_keys(['example_task_group']) retrieved from /Users/sunanda/Downloads/airflow/py_env/lib/python3.9/site-packages/airflow/example_dags/example_task_group.py
[2023-03-25T14:13:39.283-0400] {logging_mixin.py:137} INFO - [2023-03-25T14:13:39.283-0400] {dag.py:2693} INFO - Sync 1 DAGs
[2023-03-25T14:13:39.289-0400] {logging_mixin.py:137} INFO - [2023-03-25T14:13:39.289-0400] {dag.py:3440} INFO - Setting next_dagrun for example_task_group to 2023-03-24T18:13:39.289423+00:00, run_after=2023-03-25T18:13:39.289423+00:00
[2023-03-25T14:13:39.296-0400] {processor.py:175} INFO - Processing /Users/sunanda/Downloads/airflow/py_env/lib/python3.9/site-packages/airflow/example_dags/example_task_group.py took 0.240 seconds
[2023-03-25T14:15:02.145-0400] {processor.py:153} INFO - Started process (PID=8634) to work on /Users/sunanda/Downloads/airflow/py_env/lib/python3.9/site-packages/airflow/example_dags/example_task_group.py
[2023-03-25T14:15:02.148-0400] {processor.py:743} INFO - Processing file /Users/sunanda/Downloads/airflow/py_env/lib/python3.9/site-packages/airflow/example_dags/example_task_group.py for tasks to queue
[2023-03-25T14:15:02.149-0400] {logging_mixin.py:137} INFO - [2023-03-25T14:15:02.149-0400] {dagbag.py:532} INFO - Filling up the DagBag from /Users/sunanda/Downloads/airflow/py_env/lib/python3.9/site-packages/airflow/example_dags/example_task_group.py
[2023-03-25T14:15:02.159-0400] {processor.py:753} INFO - DAG(s) dict_keys(['example_task_group']) retrieved from /Users/sunanda/Downloads/airflow/py_env/lib/python3.9/site-packages/airflow/example_dags/example_task_group.py
[2023-03-25T14:15:02.379-0400] {logging_mixin.py:137} INFO - [2023-03-25T14:15:02.379-0400] {dag.py:2693} INFO - Sync 1 DAGs
[2023-03-25T14:15:02.386-0400] {logging_mixin.py:137} INFO - [2023-03-25T14:15:02.386-0400] {dag.py:3440} INFO - Setting next_dagrun for example_task_group to 2023-03-24T18:15:02.386022+00:00, run_after=2023-03-25T18:15:02.386022+00:00
[2023-03-25T14:15:02.393-0400] {processor.py:175} INFO - Processing /Users/sunanda/Downloads/airflow/py_env/lib/python3.9/site-packages/airflow/example_dags/example_task_group.py took 0.248 seconds
[2023-03-25T14:16:33.642-0400] {processor.py:153} INFO - Started process (PID=8773) to work on /Users/sunanda/Downloads/airflow/py_env/lib/python3.9/site-packages/airflow/example_dags/example_task_group.py
[2023-03-25T14:16:33.645-0400] {processor.py:743} INFO - Processing file /Users/sunanda/Downloads/airflow/py_env/lib/python3.9/site-packages/airflow/example_dags/example_task_group.py for tasks to queue
[2023-03-25T14:16:33.645-0400] {logging_mixin.py:137} INFO - [2023-03-25T14:16:33.645-0400] {dagbag.py:532} INFO - Filling up the DagBag from /Users/sunanda/Downloads/airflow/py_env/lib/python3.9/site-packages/airflow/example_dags/example_task_group.py
[2023-03-25T14:16:33.655-0400] {processor.py:753} INFO - DAG(s) dict_keys(['example_task_group']) retrieved from /Users/sunanda/Downloads/airflow/py_env/lib/python3.9/site-packages/airflow/example_dags/example_task_group.py
[2023-03-25T14:16:33.881-0400] {logging_mixin.py:137} INFO - [2023-03-25T14:16:33.881-0400] {dag.py:2693} INFO - Sync 1 DAGs
[2023-03-25T14:16:33.888-0400] {logging_mixin.py:137} INFO - [2023-03-25T14:16:33.888-0400] {dag.py:3440} INFO - Setting next_dagrun for example_task_group to 2023-03-24T18:16:33.888444+00:00, run_after=2023-03-25T18:16:33.888444+00:00
[2023-03-25T14:16:33.895-0400] {processor.py:175} INFO - Processing /Users/sunanda/Downloads/airflow/py_env/lib/python3.9/site-packages/airflow/example_dags/example_task_group.py took 0.254 seconds
[2023-03-25T14:18:06.512-0400] {processor.py:153} INFO - Started process (PID=8939) to work on /Users/sunanda/Downloads/airflow/py_env/lib/python3.9/site-packages/airflow/example_dags/example_task_group.py
[2023-03-25T14:18:06.515-0400] {processor.py:743} INFO - Processing file /Users/sunanda/Downloads/airflow/py_env/lib/python3.9/site-packages/airflow/example_dags/example_task_group.py for tasks to queue
[2023-03-25T14:18:06.516-0400] {logging_mixin.py:137} INFO - [2023-03-25T14:18:06.515-0400] {dagbag.py:532} INFO - Filling up the DagBag from /Users/sunanda/Downloads/airflow/py_env/lib/python3.9/site-packages/airflow/example_dags/example_task_group.py
[2023-03-25T14:18:06.526-0400] {processor.py:753} INFO - DAG(s) dict_keys(['example_task_group']) retrieved from /Users/sunanda/Downloads/airflow/py_env/lib/python3.9/site-packages/airflow/example_dags/example_task_group.py
[2023-03-25T14:18:06.755-0400] {logging_mixin.py:137} INFO - [2023-03-25T14:18:06.755-0400] {dag.py:2693} INFO - Sync 1 DAGs
[2023-03-25T14:18:06.762-0400] {logging_mixin.py:137} INFO - [2023-03-25T14:18:06.762-0400] {dag.py:3440} INFO - Setting next_dagrun for example_task_group to 2023-03-24T18:18:06.762053+00:00, run_after=2023-03-25T18:18:06.762053+00:00
[2023-03-25T14:18:06.769-0400] {processor.py:175} INFO - Processing /Users/sunanda/Downloads/airflow/py_env/lib/python3.9/site-packages/airflow/example_dags/example_task_group.py took 0.257 seconds
[2023-03-25T14:18:52.946-0400] {processor.py:153} INFO - Started process (PID=9015) to work on /Users/sunanda/Downloads/airflow/py_env/lib/python3.9/site-packages/airflow/example_dags/example_task_group.py
[2023-03-25T14:18:52.948-0400] {processor.py:743} INFO - Processing file /Users/sunanda/Downloads/airflow/py_env/lib/python3.9/site-packages/airflow/example_dags/example_task_group.py for tasks to queue
[2023-03-25T14:18:52.948-0400] {logging_mixin.py:137} INFO - [2023-03-25T14:18:52.948-0400] {dagbag.py:532} INFO - Filling up the DagBag from /Users/sunanda/Downloads/airflow/py_env/lib/python3.9/site-packages/airflow/example_dags/example_task_group.py
[2023-03-25T14:18:52.958-0400] {processor.py:753} INFO - DAG(s) dict_keys(['example_task_group']) retrieved from /Users/sunanda/Downloads/airflow/py_env/lib/python3.9/site-packages/airflow/example_dags/example_task_group.py
[2023-03-25T14:18:53.168-0400] {logging_mixin.py:137} INFO - [2023-03-25T14:18:53.167-0400] {dag.py:2693} INFO - Sync 1 DAGs
[2023-03-25T14:18:53.174-0400] {logging_mixin.py:137} INFO - [2023-03-25T14:18:53.174-0400] {dag.py:3440} INFO - Setting next_dagrun for example_task_group to 2023-03-24T18:18:53.174308+00:00, run_after=2023-03-25T18:18:53.174308+00:00
[2023-03-25T14:18:53.180-0400] {processor.py:175} INFO - Processing /Users/sunanda/Downloads/airflow/py_env/lib/python3.9/site-packages/airflow/example_dags/example_task_group.py took 0.235 seconds
[2023-03-25T14:43:13.356-0400] {processor.py:153} INFO - Started process (PID=10735) to work on /Users/sunanda/Downloads/airflow/py_env/lib/python3.9/site-packages/airflow/example_dags/example_task_group.py
[2023-03-25T14:43:13.359-0400] {processor.py:743} INFO - Processing file /Users/sunanda/Downloads/airflow/py_env/lib/python3.9/site-packages/airflow/example_dags/example_task_group.py for tasks to queue
[2023-03-25T14:43:13.360-0400] {logging_mixin.py:137} INFO - [2023-03-25T14:43:13.359-0400] {dagbag.py:532} INFO - Filling up the DagBag from /Users/sunanda/Downloads/airflow/py_env/lib/python3.9/site-packages/airflow/example_dags/example_task_group.py
[2023-03-25T14:43:13.371-0400] {processor.py:753} INFO - DAG(s) dict_keys(['example_task_group']) retrieved from /Users/sunanda/Downloads/airflow/py_env/lib/python3.9/site-packages/airflow/example_dags/example_task_group.py
[2023-03-25T14:43:13.584-0400] {logging_mixin.py:137} INFO - [2023-03-25T14:43:13.584-0400] {dag.py:2693} INFO - Sync 1 DAGs
[2023-03-25T14:43:13.591-0400] {logging_mixin.py:137} INFO - [2023-03-25T14:43:13.590-0400] {dag.py:3440} INFO - Setting next_dagrun for example_task_group to 2023-03-24T18:43:13.590898+00:00, run_after=2023-03-25T18:43:13.590898+00:00
[2023-03-25T14:43:13.598-0400] {processor.py:175} INFO - Processing /Users/sunanda/Downloads/airflow/py_env/lib/python3.9/site-packages/airflow/example_dags/example_task_group.py took 0.242 seconds
[2023-03-25T14:44:30.363-0400] {processor.py:153} INFO - Started process (PID=10874) to work on /Users/sunanda/Downloads/airflow/py_env/lib/python3.9/site-packages/airflow/example_dags/example_task_group.py
[2023-03-25T14:44:30.365-0400] {processor.py:743} INFO - Processing file /Users/sunanda/Downloads/airflow/py_env/lib/python3.9/site-packages/airflow/example_dags/example_task_group.py for tasks to queue
[2023-03-25T14:44:30.366-0400] {logging_mixin.py:137} INFO - [2023-03-25T14:44:30.366-0400] {dagbag.py:532} INFO - Filling up the DagBag from /Users/sunanda/Downloads/airflow/py_env/lib/python3.9/site-packages/airflow/example_dags/example_task_group.py
[2023-03-25T14:44:30.376-0400] {processor.py:753} INFO - DAG(s) dict_keys(['example_task_group']) retrieved from /Users/sunanda/Downloads/airflow/py_env/lib/python3.9/site-packages/airflow/example_dags/example_task_group.py
[2023-03-25T14:44:30.600-0400] {logging_mixin.py:137} INFO - [2023-03-25T14:44:30.600-0400] {dag.py:2693} INFO - Sync 1 DAGs
[2023-03-25T14:44:30.607-0400] {logging_mixin.py:137} INFO - [2023-03-25T14:44:30.607-0400] {dag.py:3440} INFO - Setting next_dagrun for example_task_group to 2023-03-24T18:44:30.607238+00:00, run_after=2023-03-25T18:44:30.607238+00:00
[2023-03-25T14:44:30.614-0400] {processor.py:175} INFO - Processing /Users/sunanda/Downloads/airflow/py_env/lib/python3.9/site-packages/airflow/example_dags/example_task_group.py took 0.251 seconds
[2023-03-25T14:45:57.714-0400] {processor.py:153} INFO - Started process (PID=11013) to work on /Users/sunanda/Downloads/airflow/py_env/lib/python3.9/site-packages/airflow/example_dags/example_task_group.py
[2023-03-25T14:45:57.716-0400] {processor.py:743} INFO - Processing file /Users/sunanda/Downloads/airflow/py_env/lib/python3.9/site-packages/airflow/example_dags/example_task_group.py for tasks to queue
[2023-03-25T14:45:57.717-0400] {logging_mixin.py:137} INFO - [2023-03-25T14:45:57.717-0400] {dagbag.py:532} INFO - Filling up the DagBag from /Users/sunanda/Downloads/airflow/py_env/lib/python3.9/site-packages/airflow/example_dags/example_task_group.py
[2023-03-25T14:45:57.730-0400] {processor.py:753} INFO - DAG(s) dict_keys(['example_task_group']) retrieved from /Users/sunanda/Downloads/airflow/py_env/lib/python3.9/site-packages/airflow/example_dags/example_task_group.py
[2023-03-25T14:45:57.949-0400] {logging_mixin.py:137} INFO - [2023-03-25T14:45:57.949-0400] {dag.py:2693} INFO - Sync 1 DAGs
[2023-03-25T14:45:57.955-0400] {logging_mixin.py:137} INFO - [2023-03-25T14:45:57.955-0400] {dag.py:3440} INFO - Setting next_dagrun for example_task_group to 2023-03-24T18:45:57.955652+00:00, run_after=2023-03-25T18:45:57.955652+00:00
[2023-03-25T14:45:57.963-0400] {processor.py:175} INFO - Processing /Users/sunanda/Downloads/airflow/py_env/lib/python3.9/site-packages/airflow/example_dags/example_task_group.py took 0.250 seconds
[2023-03-25T14:47:31.350-0400] {processor.py:153} INFO - Started process (PID=11158) to work on /Users/sunanda/Downloads/airflow/py_env/lib/python3.9/site-packages/airflow/example_dags/example_task_group.py
[2023-03-25T14:47:31.353-0400] {processor.py:743} INFO - Processing file /Users/sunanda/Downloads/airflow/py_env/lib/python3.9/site-packages/airflow/example_dags/example_task_group.py for tasks to queue
[2023-03-25T14:47:31.353-0400] {logging_mixin.py:137} INFO - [2023-03-25T14:47:31.353-0400] {dagbag.py:532} INFO - Filling up the DagBag from /Users/sunanda/Downloads/airflow/py_env/lib/python3.9/site-packages/airflow/example_dags/example_task_group.py
[2023-03-25T14:47:31.365-0400] {processor.py:753} INFO - DAG(s) dict_keys(['example_task_group']) retrieved from /Users/sunanda/Downloads/airflow/py_env/lib/python3.9/site-packages/airflow/example_dags/example_task_group.py
[2023-03-25T14:47:31.585-0400] {logging_mixin.py:137} INFO - [2023-03-25T14:47:31.585-0400] {dag.py:2693} INFO - Sync 1 DAGs
[2023-03-25T14:47:31.592-0400] {logging_mixin.py:137} INFO - [2023-03-25T14:47:31.592-0400] {dag.py:3440} INFO - Setting next_dagrun for example_task_group to 2023-03-24T18:47:31.592124+00:00, run_after=2023-03-25T18:47:31.592124+00:00
[2023-03-25T14:47:31.599-0400] {processor.py:175} INFO - Processing /Users/sunanda/Downloads/airflow/py_env/lib/python3.9/site-packages/airflow/example_dags/example_task_group.py took 0.250 seconds
