[2023-03-25T14:09:58.158-0400] {processor.py:153} INFO - Started process (PID=8125) to work on /Users/sunanda/Downloads/airflow/py_env/lib/python3.9/site-packages/airflow/example_dags/example_kubernetes_executor.py
[2023-03-25T14:09:58.160-0400] {processor.py:743} INFO - Processing file /Users/sunanda/Downloads/airflow/py_env/lib/python3.9/site-packages/airflow/example_dags/example_kubernetes_executor.py for tasks to queue
[2023-03-25T14:09:58.160-0400] {logging_mixin.py:137} INFO - [2023-03-25T14:09:58.160-0400] {dagbag.py:532} INFO - Filling up the DagBag from /Users/sunanda/Downloads/airflow/py_env/lib/python3.9/site-packages/airflow/example_dags/example_kubernetes_executor.py
[2023-03-25T14:09:58.180-0400] {processor.py:753} INFO - DAG(s) dict_keys(['example_kubernetes_executor']) retrieved from /Users/sunanda/Downloads/airflow/py_env/lib/python3.9/site-packages/airflow/example_dags/example_kubernetes_executor.py
[2023-03-25T14:09:58.411-0400] {logging_mixin.py:137} INFO - [2023-03-25T14:09:58.411-0400] {dag.py:2693} INFO - Sync 1 DAGs
[2023-03-25T14:09:58.418-0400] {logging_mixin.py:137} INFO - [2023-03-25T14:09:58.418-0400] {dag.py:3440} INFO - Setting next_dagrun for example_kubernetes_executor to None, run_after=None
[2023-03-25T14:09:58.426-0400] {processor.py:175} INFO - Processing /Users/sunanda/Downloads/airflow/py_env/lib/python3.9/site-packages/airflow/example_dags/example_kubernetes_executor.py took 0.268 seconds
[2023-03-25T14:11:21.795-0400] {processor.py:153} INFO - Started process (PID=8271) to work on /Users/sunanda/Downloads/airflow/py_env/lib/python3.9/site-packages/airflow/example_dags/example_kubernetes_executor.py
[2023-03-25T14:11:21.797-0400] {processor.py:743} INFO - Processing file /Users/sunanda/Downloads/airflow/py_env/lib/python3.9/site-packages/airflow/example_dags/example_kubernetes_executor.py for tasks to queue
[2023-03-25T14:11:21.797-0400] {logging_mixin.py:137} INFO - [2023-03-25T14:11:21.797-0400] {dagbag.py:532} INFO - Filling up the DagBag from /Users/sunanda/Downloads/airflow/py_env/lib/python3.9/site-packages/airflow/example_dags/example_kubernetes_executor.py
[2023-03-25T14:11:21.817-0400] {processor.py:753} INFO - DAG(s) dict_keys(['example_kubernetes_executor']) retrieved from /Users/sunanda/Downloads/airflow/py_env/lib/python3.9/site-packages/airflow/example_dags/example_kubernetes_executor.py
[2023-03-25T14:11:22.020-0400] {logging_mixin.py:137} INFO - [2023-03-25T14:11:22.020-0400] {dag.py:2693} INFO - Sync 1 DAGs
[2023-03-25T14:11:22.027-0400] {logging_mixin.py:137} INFO - [2023-03-25T14:11:22.026-0400] {dag.py:3440} INFO - Setting next_dagrun for example_kubernetes_executor to None, run_after=None
[2023-03-25T14:11:22.033-0400] {processor.py:175} INFO - Processing /Users/sunanda/Downloads/airflow/py_env/lib/python3.9/site-packages/airflow/example_dags/example_kubernetes_executor.py took 0.239 seconds
[2023-03-25T14:12:51.003-0400] {processor.py:153} INFO - Started process (PID=8428) to work on /Users/sunanda/Downloads/airflow/py_env/lib/python3.9/site-packages/airflow/example_dags/example_kubernetes_executor.py
[2023-03-25T14:12:51.006-0400] {processor.py:743} INFO - Processing file /Users/sunanda/Downloads/airflow/py_env/lib/python3.9/site-packages/airflow/example_dags/example_kubernetes_executor.py for tasks to queue
[2023-03-25T14:12:51.006-0400] {logging_mixin.py:137} INFO - [2023-03-25T14:12:51.006-0400] {dagbag.py:532} INFO - Filling up the DagBag from /Users/sunanda/Downloads/airflow/py_env/lib/python3.9/site-packages/airflow/example_dags/example_kubernetes_executor.py
[2023-03-25T14:12:51.026-0400] {processor.py:753} INFO - DAG(s) dict_keys(['example_kubernetes_executor']) retrieved from /Users/sunanda/Downloads/airflow/py_env/lib/python3.9/site-packages/airflow/example_dags/example_kubernetes_executor.py
[2023-03-25T14:12:51.236-0400] {logging_mixin.py:137} INFO - [2023-03-25T14:12:51.235-0400] {dag.py:2693} INFO - Sync 1 DAGs
[2023-03-25T14:12:51.242-0400] {logging_mixin.py:137} INFO - [2023-03-25T14:12:51.242-0400] {dag.py:3440} INFO - Setting next_dagrun for example_kubernetes_executor to None, run_after=None
[2023-03-25T14:12:51.249-0400] {processor.py:175} INFO - Processing /Users/sunanda/Downloads/airflow/py_env/lib/python3.9/site-packages/airflow/example_dags/example_kubernetes_executor.py took 0.246 seconds
[2023-03-25T14:14:16.559-0400] {processor.py:153} INFO - Started process (PID=8562) to work on /Users/sunanda/Downloads/airflow/py_env/lib/python3.9/site-packages/airflow/example_dags/example_kubernetes_executor.py
[2023-03-25T14:14:16.561-0400] {processor.py:743} INFO - Processing file /Users/sunanda/Downloads/airflow/py_env/lib/python3.9/site-packages/airflow/example_dags/example_kubernetes_executor.py for tasks to queue
[2023-03-25T14:14:16.561-0400] {logging_mixin.py:137} INFO - [2023-03-25T14:14:16.561-0400] {dagbag.py:532} INFO - Filling up the DagBag from /Users/sunanda/Downloads/airflow/py_env/lib/python3.9/site-packages/airflow/example_dags/example_kubernetes_executor.py
[2023-03-25T14:14:16.582-0400] {processor.py:753} INFO - DAG(s) dict_keys(['example_kubernetes_executor']) retrieved from /Users/sunanda/Downloads/airflow/py_env/lib/python3.9/site-packages/airflow/example_dags/example_kubernetes_executor.py
[2023-03-25T14:14:16.788-0400] {logging_mixin.py:137} INFO - [2023-03-25T14:14:16.788-0400] {dag.py:2693} INFO - Sync 1 DAGs
[2023-03-25T14:14:16.795-0400] {logging_mixin.py:137} INFO - [2023-03-25T14:14:16.795-0400] {dag.py:3440} INFO - Setting next_dagrun for example_kubernetes_executor to None, run_after=None
[2023-03-25T14:14:16.801-0400] {processor.py:175} INFO - Processing /Users/sunanda/Downloads/airflow/py_env/lib/python3.9/site-packages/airflow/example_dags/example_kubernetes_executor.py took 0.243 seconds
[2023-03-25T14:15:45.600-0400] {processor.py:153} INFO - Started process (PID=8700) to work on /Users/sunanda/Downloads/airflow/py_env/lib/python3.9/site-packages/airflow/example_dags/example_kubernetes_executor.py
[2023-03-25T14:15:45.603-0400] {processor.py:743} INFO - Processing file /Users/sunanda/Downloads/airflow/py_env/lib/python3.9/site-packages/airflow/example_dags/example_kubernetes_executor.py for tasks to queue
[2023-03-25T14:15:45.603-0400] {logging_mixin.py:137} INFO - [2023-03-25T14:15:45.603-0400] {dagbag.py:532} INFO - Filling up the DagBag from /Users/sunanda/Downloads/airflow/py_env/lib/python3.9/site-packages/airflow/example_dags/example_kubernetes_executor.py
[2023-03-25T14:15:45.623-0400] {processor.py:753} INFO - DAG(s) dict_keys(['example_kubernetes_executor']) retrieved from /Users/sunanda/Downloads/airflow/py_env/lib/python3.9/site-packages/airflow/example_dags/example_kubernetes_executor.py
[2023-03-25T14:15:45.838-0400] {logging_mixin.py:137} INFO - [2023-03-25T14:15:45.838-0400] {dag.py:2693} INFO - Sync 1 DAGs
[2023-03-25T14:15:45.845-0400] {logging_mixin.py:137} INFO - [2023-03-25T14:15:45.845-0400] {dag.py:3440} INFO - Setting next_dagrun for example_kubernetes_executor to None, run_after=None
[2023-03-25T14:15:45.851-0400] {processor.py:175} INFO - Processing /Users/sunanda/Downloads/airflow/py_env/lib/python3.9/site-packages/airflow/example_dags/example_kubernetes_executor.py took 0.252 seconds
[2023-03-25T14:17:16.639-0400] {processor.py:153} INFO - Started process (PID=8842) to work on /Users/sunanda/Downloads/airflow/py_env/lib/python3.9/site-packages/airflow/example_dags/example_kubernetes_executor.py
[2023-03-25T14:17:16.642-0400] {processor.py:743} INFO - Processing file /Users/sunanda/Downloads/airflow/py_env/lib/python3.9/site-packages/airflow/example_dags/example_kubernetes_executor.py for tasks to queue
[2023-03-25T14:17:16.642-0400] {logging_mixin.py:137} INFO - [2023-03-25T14:17:16.642-0400] {dagbag.py:532} INFO - Filling up the DagBag from /Users/sunanda/Downloads/airflow/py_env/lib/python3.9/site-packages/airflow/example_dags/example_kubernetes_executor.py
[2023-03-25T14:17:16.666-0400] {processor.py:753} INFO - DAG(s) dict_keys(['example_kubernetes_executor']) retrieved from /Users/sunanda/Downloads/airflow/py_env/lib/python3.9/site-packages/airflow/example_dags/example_kubernetes_executor.py
[2023-03-25T14:17:16.879-0400] {logging_mixin.py:137} INFO - [2023-03-25T14:17:16.878-0400] {dag.py:2693} INFO - Sync 1 DAGs
[2023-03-25T14:17:16.885-0400] {logging_mixin.py:137} INFO - [2023-03-25T14:17:16.885-0400] {dag.py:3440} INFO - Setting next_dagrun for example_kubernetes_executor to None, run_after=None
[2023-03-25T14:17:16.892-0400] {processor.py:175} INFO - Processing /Users/sunanda/Downloads/airflow/py_env/lib/python3.9/site-packages/airflow/example_dags/example_kubernetes_executor.py took 0.253 seconds
[2023-03-25T14:19:19.934-0400] {processor.py:153} INFO - Started process (PID=9058) to work on /Users/sunanda/Downloads/airflow/py_env/lib/python3.9/site-packages/airflow/example_dags/example_kubernetes_executor.py
[2023-03-25T14:19:19.938-0400] {processor.py:743} INFO - Processing file /Users/sunanda/Downloads/airflow/py_env/lib/python3.9/site-packages/airflow/example_dags/example_kubernetes_executor.py for tasks to queue
[2023-03-25T14:19:19.938-0400] {logging_mixin.py:137} INFO - [2023-03-25T14:19:19.938-0400] {dagbag.py:532} INFO - Filling up the DagBag from /Users/sunanda/Downloads/airflow/py_env/lib/python3.9/site-packages/airflow/example_dags/example_kubernetes_executor.py
[2023-03-25T14:19:19.958-0400] {processor.py:753} INFO - DAG(s) dict_keys(['example_kubernetes_executor']) retrieved from /Users/sunanda/Downloads/airflow/py_env/lib/python3.9/site-packages/airflow/example_dags/example_kubernetes_executor.py
[2023-03-25T14:19:20.172-0400] {logging_mixin.py:137} INFO - [2023-03-25T14:19:20.172-0400] {dag.py:2693} INFO - Sync 1 DAGs
[2023-03-25T14:19:20.179-0400] {logging_mixin.py:137} INFO - [2023-03-25T14:19:20.179-0400] {dag.py:3440} INFO - Setting next_dagrun for example_kubernetes_executor to None, run_after=None
[2023-03-25T14:19:20.186-0400] {processor.py:175} INFO - Processing /Users/sunanda/Downloads/airflow/py_env/lib/python3.9/site-packages/airflow/example_dags/example_kubernetes_executor.py took 0.252 seconds
[2023-03-25T14:43:39.504-0400] {processor.py:153} INFO - Started process (PID=10775) to work on /Users/sunanda/Downloads/airflow/py_env/lib/python3.9/site-packages/airflow/example_dags/example_kubernetes_executor.py
[2023-03-25T14:43:39.507-0400] {processor.py:743} INFO - Processing file /Users/sunanda/Downloads/airflow/py_env/lib/python3.9/site-packages/airflow/example_dags/example_kubernetes_executor.py for tasks to queue
[2023-03-25T14:43:39.507-0400] {logging_mixin.py:137} INFO - [2023-03-25T14:43:39.507-0400] {dagbag.py:532} INFO - Filling up the DagBag from /Users/sunanda/Downloads/airflow/py_env/lib/python3.9/site-packages/airflow/example_dags/example_kubernetes_executor.py
[2023-03-25T14:43:39.529-0400] {processor.py:753} INFO - DAG(s) dict_keys(['example_kubernetes_executor']) retrieved from /Users/sunanda/Downloads/airflow/py_env/lib/python3.9/site-packages/airflow/example_dags/example_kubernetes_executor.py
[2023-03-25T14:43:39.751-0400] {logging_mixin.py:137} INFO - [2023-03-25T14:43:39.751-0400] {dag.py:2693} INFO - Sync 1 DAGs
[2023-03-25T14:43:39.758-0400] {logging_mixin.py:137} INFO - [2023-03-25T14:43:39.758-0400] {dag.py:3440} INFO - Setting next_dagrun for example_kubernetes_executor to None, run_after=None
[2023-03-25T14:43:39.766-0400] {processor.py:175} INFO - Processing /Users/sunanda/Downloads/airflow/py_env/lib/python3.9/site-packages/airflow/example_dags/example_kubernetes_executor.py took 0.263 seconds
[2023-03-25T14:45:13.765-0400] {processor.py:153} INFO - Started process (PID=10944) to work on /Users/sunanda/Downloads/airflow/py_env/lib/python3.9/site-packages/airflow/example_dags/example_kubernetes_executor.py
[2023-03-25T14:45:13.767-0400] {processor.py:743} INFO - Processing file /Users/sunanda/Downloads/airflow/py_env/lib/python3.9/site-packages/airflow/example_dags/example_kubernetes_executor.py for tasks to queue
[2023-03-25T14:45:13.767-0400] {logging_mixin.py:137} INFO - [2023-03-25T14:45:13.767-0400] {dagbag.py:532} INFO - Filling up the DagBag from /Users/sunanda/Downloads/airflow/py_env/lib/python3.9/site-packages/airflow/example_dags/example_kubernetes_executor.py
[2023-03-25T14:45:13.789-0400] {processor.py:753} INFO - DAG(s) dict_keys(['example_kubernetes_executor']) retrieved from /Users/sunanda/Downloads/airflow/py_env/lib/python3.9/site-packages/airflow/example_dags/example_kubernetes_executor.py
[2023-03-25T14:45:13.997-0400] {logging_mixin.py:137} INFO - [2023-03-25T14:45:13.997-0400] {dag.py:2693} INFO - Sync 1 DAGs
[2023-03-25T14:45:14.004-0400] {logging_mixin.py:137} INFO - [2023-03-25T14:45:14.004-0400] {dag.py:3440} INFO - Setting next_dagrun for example_kubernetes_executor to None, run_after=None
[2023-03-25T14:45:14.012-0400] {processor.py:175} INFO - Processing /Users/sunanda/Downloads/airflow/py_env/lib/python3.9/site-packages/airflow/example_dags/example_kubernetes_executor.py took 0.247 seconds
[2023-03-25T14:46:42.667-0400] {processor.py:153} INFO - Started process (PID=11083) to work on /Users/sunanda/Downloads/airflow/py_env/lib/python3.9/site-packages/airflow/example_dags/example_kubernetes_executor.py
[2023-03-25T14:46:42.670-0400] {processor.py:743} INFO - Processing file /Users/sunanda/Downloads/airflow/py_env/lib/python3.9/site-packages/airflow/example_dags/example_kubernetes_executor.py for tasks to queue
[2023-03-25T14:46:42.670-0400] {logging_mixin.py:137} INFO - [2023-03-25T14:46:42.670-0400] {dagbag.py:532} INFO - Filling up the DagBag from /Users/sunanda/Downloads/airflow/py_env/lib/python3.9/site-packages/airflow/example_dags/example_kubernetes_executor.py
[2023-03-25T14:46:42.692-0400] {processor.py:753} INFO - DAG(s) dict_keys(['example_kubernetes_executor']) retrieved from /Users/sunanda/Downloads/airflow/py_env/lib/python3.9/site-packages/airflow/example_dags/example_kubernetes_executor.py
[2023-03-25T14:46:42.906-0400] {logging_mixin.py:137} INFO - [2023-03-25T14:46:42.906-0400] {dag.py:2693} INFO - Sync 1 DAGs
[2023-03-25T14:46:42.914-0400] {logging_mixin.py:137} INFO - [2023-03-25T14:46:42.914-0400] {dag.py:3440} INFO - Setting next_dagrun for example_kubernetes_executor to None, run_after=None
[2023-03-25T14:46:42.921-0400] {processor.py:175} INFO - Processing /Users/sunanda/Downloads/airflow/py_env/lib/python3.9/site-packages/airflow/example_dags/example_kubernetes_executor.py took 0.254 seconds
[2023-03-25T14:48:12.580-0400] {processor.py:153} INFO - Started process (PID=11225) to work on /Users/sunanda/Downloads/airflow/py_env/lib/python3.9/site-packages/airflow/example_dags/example_kubernetes_executor.py
[2023-03-25T14:48:12.584-0400] {processor.py:743} INFO - Processing file /Users/sunanda/Downloads/airflow/py_env/lib/python3.9/site-packages/airflow/example_dags/example_kubernetes_executor.py for tasks to queue
[2023-03-25T14:48:12.584-0400] {logging_mixin.py:137} INFO - [2023-03-25T14:48:12.584-0400] {dagbag.py:532} INFO - Filling up the DagBag from /Users/sunanda/Downloads/airflow/py_env/lib/python3.9/site-packages/airflow/example_dags/example_kubernetes_executor.py
[2023-03-25T14:48:12.610-0400] {processor.py:753} INFO - DAG(s) dict_keys(['example_kubernetes_executor']) retrieved from /Users/sunanda/Downloads/airflow/py_env/lib/python3.9/site-packages/airflow/example_dags/example_kubernetes_executor.py
[2023-03-25T14:48:12.843-0400] {logging_mixin.py:137} INFO - [2023-03-25T14:48:12.843-0400] {dag.py:2693} INFO - Sync 1 DAGs
[2023-03-25T14:48:12.851-0400] {logging_mixin.py:137} INFO - [2023-03-25T14:48:12.850-0400] {dag.py:3440} INFO - Setting next_dagrun for example_kubernetes_executor to None, run_after=None
[2023-03-25T14:48:12.858-0400] {processor.py:175} INFO - Processing /Users/sunanda/Downloads/airflow/py_env/lib/python3.9/site-packages/airflow/example_dags/example_kubernetes_executor.py took 0.278 seconds
