[2023-03-25T14:10:16.433-0400] {processor.py:153} INFO - Started process (PID=8156) to work on /Users/sunanda/Downloads/airflow/py_env/lib/python3.9/site-packages/airflow/example_dags/example_branch_day_of_week_operator.py
[2023-03-25T14:10:16.435-0400] {processor.py:743} INFO - Processing file /Users/sunanda/Downloads/airflow/py_env/lib/python3.9/site-packages/airflow/example_dags/example_branch_day_of_week_operator.py for tasks to queue
[2023-03-25T14:10:16.436-0400] {logging_mixin.py:137} INFO - [2023-03-25T14:10:16.436-0400] {dagbag.py:532} INFO - Filling up the DagBag from /Users/sunanda/Downloads/airflow/py_env/lib/python3.9/site-packages/airflow/example_dags/example_branch_day_of_week_operator.py
[2023-03-25T14:10:16.447-0400] {processor.py:753} INFO - DAG(s) dict_keys(['example_weekday_branch_operator']) retrieved from /Users/sunanda/Downloads/airflow/py_env/lib/python3.9/site-packages/airflow/example_dags/example_branch_day_of_week_operator.py
[2023-03-25T14:10:16.674-0400] {logging_mixin.py:137} INFO - [2023-03-25T14:10:16.674-0400] {dag.py:2693} INFO - Sync 1 DAGs
[2023-03-25T14:10:16.681-0400] {logging_mixin.py:137} INFO - [2023-03-25T14:10:16.681-0400] {dag.py:3440} INFO - Setting next_dagrun for example_weekday_branch_operator to 2023-03-24T00:00:00+00:00, run_after=2023-03-25T00:00:00+00:00
[2023-03-25T14:10:16.688-0400] {processor.py:175} INFO - Processing /Users/sunanda/Downloads/airflow/py_env/lib/python3.9/site-packages/airflow/example_dags/example_branch_day_of_week_operator.py took 0.255 seconds
[2023-03-25T14:11:38.800-0400] {processor.py:153} INFO - Started process (PID=8297) to work on /Users/sunanda/Downloads/airflow/py_env/lib/python3.9/site-packages/airflow/example_dags/example_branch_day_of_week_operator.py
[2023-03-25T14:11:38.803-0400] {processor.py:743} INFO - Processing file /Users/sunanda/Downloads/airflow/py_env/lib/python3.9/site-packages/airflow/example_dags/example_branch_day_of_week_operator.py for tasks to queue
[2023-03-25T14:11:38.803-0400] {logging_mixin.py:137} INFO - [2023-03-25T14:11:38.803-0400] {dagbag.py:532} INFO - Filling up the DagBag from /Users/sunanda/Downloads/airflow/py_env/lib/python3.9/site-packages/airflow/example_dags/example_branch_day_of_week_operator.py
[2023-03-25T14:11:38.813-0400] {processor.py:753} INFO - DAG(s) dict_keys(['example_weekday_branch_operator']) retrieved from /Users/sunanda/Downloads/airflow/py_env/lib/python3.9/site-packages/airflow/example_dags/example_branch_day_of_week_operator.py
[2023-03-25T14:11:39.023-0400] {logging_mixin.py:137} INFO - [2023-03-25T14:11:39.022-0400] {dag.py:2693} INFO - Sync 1 DAGs
[2023-03-25T14:11:39.029-0400] {logging_mixin.py:137} INFO - [2023-03-25T14:11:39.029-0400] {dag.py:3440} INFO - Setting next_dagrun for example_weekday_branch_operator to 2023-03-24T00:00:00+00:00, run_after=2023-03-25T00:00:00+00:00
[2023-03-25T14:11:39.036-0400] {processor.py:175} INFO - Processing /Users/sunanda/Downloads/airflow/py_env/lib/python3.9/site-packages/airflow/example_dags/example_branch_day_of_week_operator.py took 0.236 seconds
[2023-03-25T14:13:07.392-0400] {processor.py:153} INFO - Started process (PID=8453) to work on /Users/sunanda/Downloads/airflow/py_env/lib/python3.9/site-packages/airflow/example_dags/example_branch_day_of_week_operator.py
[2023-03-25T14:13:07.395-0400] {processor.py:743} INFO - Processing file /Users/sunanda/Downloads/airflow/py_env/lib/python3.9/site-packages/airflow/example_dags/example_branch_day_of_week_operator.py for tasks to queue
[2023-03-25T14:13:07.395-0400] {logging_mixin.py:137} INFO - [2023-03-25T14:13:07.395-0400] {dagbag.py:532} INFO - Filling up the DagBag from /Users/sunanda/Downloads/airflow/py_env/lib/python3.9/site-packages/airflow/example_dags/example_branch_day_of_week_operator.py
[2023-03-25T14:13:07.406-0400] {processor.py:753} INFO - DAG(s) dict_keys(['example_weekday_branch_operator']) retrieved from /Users/sunanda/Downloads/airflow/py_env/lib/python3.9/site-packages/airflow/example_dags/example_branch_day_of_week_operator.py
[2023-03-25T14:13:07.621-0400] {logging_mixin.py:137} INFO - [2023-03-25T14:13:07.620-0400] {dag.py:2693} INFO - Sync 1 DAGs
[2023-03-25T14:13:07.627-0400] {logging_mixin.py:137} INFO - [2023-03-25T14:13:07.627-0400] {dag.py:3440} INFO - Setting next_dagrun for example_weekday_branch_operator to 2023-03-24T00:00:00+00:00, run_after=2023-03-25T00:00:00+00:00
[2023-03-25T14:13:07.634-0400] {processor.py:175} INFO - Processing /Users/sunanda/Downloads/airflow/py_env/lib/python3.9/site-packages/airflow/example_dags/example_branch_day_of_week_operator.py took 0.242 seconds
[2023-03-25T14:14:33.330-0400] {processor.py:153} INFO - Started process (PID=8588) to work on /Users/sunanda/Downloads/airflow/py_env/lib/python3.9/site-packages/airflow/example_dags/example_branch_day_of_week_operator.py
[2023-03-25T14:14:33.333-0400] {processor.py:743} INFO - Processing file /Users/sunanda/Downloads/airflow/py_env/lib/python3.9/site-packages/airflow/example_dags/example_branch_day_of_week_operator.py for tasks to queue
[2023-03-25T14:14:33.333-0400] {logging_mixin.py:137} INFO - [2023-03-25T14:14:33.333-0400] {dagbag.py:532} INFO - Filling up the DagBag from /Users/sunanda/Downloads/airflow/py_env/lib/python3.9/site-packages/airflow/example_dags/example_branch_day_of_week_operator.py
[2023-03-25T14:14:33.344-0400] {processor.py:753} INFO - DAG(s) dict_keys(['example_weekday_branch_operator']) retrieved from /Users/sunanda/Downloads/airflow/py_env/lib/python3.9/site-packages/airflow/example_dags/example_branch_day_of_week_operator.py
[2023-03-25T14:14:33.553-0400] {logging_mixin.py:137} INFO - [2023-03-25T14:14:33.553-0400] {dag.py:2693} INFO - Sync 1 DAGs
[2023-03-25T14:14:33.560-0400] {logging_mixin.py:137} INFO - [2023-03-25T14:14:33.560-0400] {dag.py:3440} INFO - Setting next_dagrun for example_weekday_branch_operator to 2023-03-24T00:00:00+00:00, run_after=2023-03-25T00:00:00+00:00
[2023-03-25T14:14:33.567-0400] {processor.py:175} INFO - Processing /Users/sunanda/Downloads/airflow/py_env/lib/python3.9/site-packages/airflow/example_dags/example_branch_day_of_week_operator.py took 0.238 seconds
[2023-03-25T14:16:02.517-0400] {processor.py:153} INFO - Started process (PID=8726) to work on /Users/sunanda/Downloads/airflow/py_env/lib/python3.9/site-packages/airflow/example_dags/example_branch_day_of_week_operator.py
[2023-03-25T14:16:02.520-0400] {processor.py:743} INFO - Processing file /Users/sunanda/Downloads/airflow/py_env/lib/python3.9/site-packages/airflow/example_dags/example_branch_day_of_week_operator.py for tasks to queue
[2023-03-25T14:16:02.520-0400] {logging_mixin.py:137} INFO - [2023-03-25T14:16:02.520-0400] {dagbag.py:532} INFO - Filling up the DagBag from /Users/sunanda/Downloads/airflow/py_env/lib/python3.9/site-packages/airflow/example_dags/example_branch_day_of_week_operator.py
[2023-03-25T14:16:02.531-0400] {processor.py:753} INFO - DAG(s) dict_keys(['example_weekday_branch_operator']) retrieved from /Users/sunanda/Downloads/airflow/py_env/lib/python3.9/site-packages/airflow/example_dags/example_branch_day_of_week_operator.py
[2023-03-25T14:16:02.741-0400] {logging_mixin.py:137} INFO - [2023-03-25T14:16:02.741-0400] {dag.py:2693} INFO - Sync 1 DAGs
[2023-03-25T14:16:02.748-0400] {logging_mixin.py:137} INFO - [2023-03-25T14:16:02.748-0400] {dag.py:3440} INFO - Setting next_dagrun for example_weekday_branch_operator to 2023-03-24T00:00:00+00:00, run_after=2023-03-25T00:00:00+00:00
[2023-03-25T14:16:02.756-0400] {processor.py:175} INFO - Processing /Users/sunanda/Downloads/airflow/py_env/lib/python3.9/site-packages/airflow/example_dags/example_branch_day_of_week_operator.py took 0.240 seconds
[2023-03-25T14:17:33.874-0400] {processor.py:153} INFO - Started process (PID=8868) to work on /Users/sunanda/Downloads/airflow/py_env/lib/python3.9/site-packages/airflow/example_dags/example_branch_day_of_week_operator.py
[2023-03-25T14:17:33.876-0400] {processor.py:743} INFO - Processing file /Users/sunanda/Downloads/airflow/py_env/lib/python3.9/site-packages/airflow/example_dags/example_branch_day_of_week_operator.py for tasks to queue
[2023-03-25T14:17:33.877-0400] {logging_mixin.py:137} INFO - [2023-03-25T14:17:33.876-0400] {dagbag.py:532} INFO - Filling up the DagBag from /Users/sunanda/Downloads/airflow/py_env/lib/python3.9/site-packages/airflow/example_dags/example_branch_day_of_week_operator.py
[2023-03-25T14:17:33.887-0400] {processor.py:753} INFO - DAG(s) dict_keys(['example_weekday_branch_operator']) retrieved from /Users/sunanda/Downloads/airflow/py_env/lib/python3.9/site-packages/airflow/example_dags/example_branch_day_of_week_operator.py
[2023-03-25T14:17:34.150-0400] {logging_mixin.py:137} INFO - [2023-03-25T14:17:34.150-0400] {dag.py:2693} INFO - Sync 1 DAGs
[2023-03-25T14:17:34.157-0400] {logging_mixin.py:137} INFO - [2023-03-25T14:17:34.157-0400] {dag.py:3440} INFO - Setting next_dagrun for example_weekday_branch_operator to 2023-03-24T00:00:00+00:00, run_after=2023-03-25T00:00:00+00:00
[2023-03-25T14:17:34.168-0400] {processor.py:175} INFO - Processing /Users/sunanda/Downloads/airflow/py_env/lib/python3.9/site-packages/airflow/example_dags/example_branch_day_of_week_operator.py took 0.294 seconds
[2023-03-25T14:19:38.573-0400] {processor.py:153} INFO - Started process (PID=9088) to work on /Users/sunanda/Downloads/airflow/py_env/lib/python3.9/site-packages/airflow/example_dags/example_branch_day_of_week_operator.py
[2023-03-25T14:19:38.575-0400] {processor.py:743} INFO - Processing file /Users/sunanda/Downloads/airflow/py_env/lib/python3.9/site-packages/airflow/example_dags/example_branch_day_of_week_operator.py for tasks to queue
[2023-03-25T14:19:38.576-0400] {logging_mixin.py:137} INFO - [2023-03-25T14:19:38.576-0400] {dagbag.py:532} INFO - Filling up the DagBag from /Users/sunanda/Downloads/airflow/py_env/lib/python3.9/site-packages/airflow/example_dags/example_branch_day_of_week_operator.py
[2023-03-25T14:19:38.587-0400] {processor.py:753} INFO - DAG(s) dict_keys(['example_weekday_branch_operator']) retrieved from /Users/sunanda/Downloads/airflow/py_env/lib/python3.9/site-packages/airflow/example_dags/example_branch_day_of_week_operator.py
[2023-03-25T14:19:38.806-0400] {logging_mixin.py:137} INFO - [2023-03-25T14:19:38.806-0400] {dag.py:2693} INFO - Sync 1 DAGs
[2023-03-25T14:19:38.813-0400] {logging_mixin.py:137} INFO - [2023-03-25T14:19:38.813-0400] {dag.py:3440} INFO - Setting next_dagrun for example_weekday_branch_operator to 2023-03-24T00:00:00+00:00, run_after=2023-03-25T00:00:00+00:00
[2023-03-25T14:19:38.820-0400] {processor.py:175} INFO - Processing /Users/sunanda/Downloads/airflow/py_env/lib/python3.9/site-packages/airflow/example_dags/example_branch_day_of_week_operator.py took 0.247 seconds
[2023-03-25T14:43:58.019-0400] {processor.py:153} INFO - Started process (PID=10811) to work on /Users/sunanda/Downloads/airflow/py_env/lib/python3.9/site-packages/airflow/example_dags/example_branch_day_of_week_operator.py
[2023-03-25T14:43:58.022-0400] {processor.py:743} INFO - Processing file /Users/sunanda/Downloads/airflow/py_env/lib/python3.9/site-packages/airflow/example_dags/example_branch_day_of_week_operator.py for tasks to queue
[2023-03-25T14:43:58.023-0400] {logging_mixin.py:137} INFO - [2023-03-25T14:43:58.023-0400] {dagbag.py:532} INFO - Filling up the DagBag from /Users/sunanda/Downloads/airflow/py_env/lib/python3.9/site-packages/airflow/example_dags/example_branch_day_of_week_operator.py
[2023-03-25T14:43:58.035-0400] {processor.py:753} INFO - DAG(s) dict_keys(['example_weekday_branch_operator']) retrieved from /Users/sunanda/Downloads/airflow/py_env/lib/python3.9/site-packages/airflow/example_dags/example_branch_day_of_week_operator.py
[2023-03-25T14:43:58.257-0400] {logging_mixin.py:137} INFO - [2023-03-25T14:43:58.257-0400] {dag.py:2693} INFO - Sync 1 DAGs
[2023-03-25T14:43:58.264-0400] {logging_mixin.py:137} INFO - [2023-03-25T14:43:58.264-0400] {dag.py:3440} INFO - Setting next_dagrun for example_weekday_branch_operator to 2023-03-24T00:00:00+00:00, run_after=2023-03-25T00:00:00+00:00
[2023-03-25T14:43:58.271-0400] {processor.py:175} INFO - Processing /Users/sunanda/Downloads/airflow/py_env/lib/python3.9/site-packages/airflow/example_dags/example_branch_day_of_week_operator.py took 0.252 seconds
[2023-03-25T14:45:29.982-0400] {processor.py:153} INFO - Started process (PID=10970) to work on /Users/sunanda/Downloads/airflow/py_env/lib/python3.9/site-packages/airflow/example_dags/example_branch_day_of_week_operator.py
[2023-03-25T14:45:29.984-0400] {processor.py:743} INFO - Processing file /Users/sunanda/Downloads/airflow/py_env/lib/python3.9/site-packages/airflow/example_dags/example_branch_day_of_week_operator.py for tasks to queue
[2023-03-25T14:45:29.985-0400] {logging_mixin.py:137} INFO - [2023-03-25T14:45:29.985-0400] {dagbag.py:532} INFO - Filling up the DagBag from /Users/sunanda/Downloads/airflow/py_env/lib/python3.9/site-packages/airflow/example_dags/example_branch_day_of_week_operator.py
[2023-03-25T14:45:29.997-0400] {processor.py:753} INFO - DAG(s) dict_keys(['example_weekday_branch_operator']) retrieved from /Users/sunanda/Downloads/airflow/py_env/lib/python3.9/site-packages/airflow/example_dags/example_branch_day_of_week_operator.py
[2023-03-25T14:45:30.218-0400] {logging_mixin.py:137} INFO - [2023-03-25T14:45:30.217-0400] {dag.py:2693} INFO - Sync 1 DAGs
[2023-03-25T14:45:30.224-0400] {logging_mixin.py:137} INFO - [2023-03-25T14:45:30.224-0400] {dag.py:3440} INFO - Setting next_dagrun for example_weekday_branch_operator to 2023-03-24T00:00:00+00:00, run_after=2023-03-25T00:00:00+00:00
[2023-03-25T14:45:30.232-0400] {processor.py:175} INFO - Processing /Users/sunanda/Downloads/airflow/py_env/lib/python3.9/site-packages/airflow/example_dags/example_branch_day_of_week_operator.py took 0.250 seconds
[2023-03-25T14:47:00.478-0400] {processor.py:153} INFO - Started process (PID=11111) to work on /Users/sunanda/Downloads/airflow/py_env/lib/python3.9/site-packages/airflow/example_dags/example_branch_day_of_week_operator.py
[2023-03-25T14:47:00.481-0400] {processor.py:743} INFO - Processing file /Users/sunanda/Downloads/airflow/py_env/lib/python3.9/site-packages/airflow/example_dags/example_branch_day_of_week_operator.py for tasks to queue
[2023-03-25T14:47:00.481-0400] {logging_mixin.py:137} INFO - [2023-03-25T14:47:00.481-0400] {dagbag.py:532} INFO - Filling up the DagBag from /Users/sunanda/Downloads/airflow/py_env/lib/python3.9/site-packages/airflow/example_dags/example_branch_day_of_week_operator.py
[2023-03-25T14:47:00.494-0400] {processor.py:753} INFO - DAG(s) dict_keys(['example_weekday_branch_operator']) retrieved from /Users/sunanda/Downloads/airflow/py_env/lib/python3.9/site-packages/airflow/example_dags/example_branch_day_of_week_operator.py
[2023-03-25T14:47:00.732-0400] {logging_mixin.py:137} INFO - [2023-03-25T14:47:00.732-0400] {dag.py:2693} INFO - Sync 1 DAGs
[2023-03-25T14:47:00.739-0400] {logging_mixin.py:137} INFO - [2023-03-25T14:47:00.739-0400] {dag.py:3440} INFO - Setting next_dagrun for example_weekday_branch_operator to 2023-03-24T00:00:00+00:00, run_after=2023-03-25T00:00:00+00:00
[2023-03-25T14:47:00.747-0400] {processor.py:175} INFO - Processing /Users/sunanda/Downloads/airflow/py_env/lib/python3.9/site-packages/airflow/example_dags/example_branch_day_of_week_operator.py took 0.270 seconds
