[2023-03-25T14:09:54.244-0400] {processor.py:153} INFO - Started process (PID=8119) to work on /Users/sunanda/Downloads/airflow/py_env/lib/python3.9/site-packages/airflow/example_dags/example_latest_only_with_trigger.py
[2023-03-25T14:09:54.246-0400] {processor.py:743} INFO - Processing file /Users/sunanda/Downloads/airflow/py_env/lib/python3.9/site-packages/airflow/example_dags/example_latest_only_with_trigger.py for tasks to queue
[2023-03-25T14:09:54.247-0400] {logging_mixin.py:137} INFO - [2023-03-25T14:09:54.247-0400] {dagbag.py:532} INFO - Filling up the DagBag from /Users/sunanda/Downloads/airflow/py_env/lib/python3.9/site-packages/airflow/example_dags/example_latest_only_with_trigger.py
[2023-03-25T14:09:54.256-0400] {processor.py:753} INFO - DAG(s) dict_keys(['latest_only_with_trigger']) retrieved from /Users/sunanda/Downloads/airflow/py_env/lib/python3.9/site-packages/airflow/example_dags/example_latest_only_with_trigger.py
[2023-03-25T14:09:54.475-0400] {logging_mixin.py:137} INFO - [2023-03-25T14:09:54.475-0400] {dag.py:2693} INFO - Sync 1 DAGs
[2023-03-25T14:09:54.481-0400] {logging_mixin.py:137} INFO - [2023-03-25T14:09:54.481-0400] {dag.py:3440} INFO - Setting next_dagrun for latest_only_with_trigger to 2023-03-25T14:09:54.481841+00:00, run_after=2023-03-25T18:09:54.481841+00:00
[2023-03-25T14:09:54.489-0400] {processor.py:175} INFO - Processing /Users/sunanda/Downloads/airflow/py_env/lib/python3.9/site-packages/airflow/example_dags/example_latest_only_with_trigger.py took 0.245 seconds
[2023-03-25T14:11:18.197-0400] {processor.py:153} INFO - Started process (PID=8266) to work on /Users/sunanda/Downloads/airflow/py_env/lib/python3.9/site-packages/airflow/example_dags/example_latest_only_with_trigger.py
[2023-03-25T14:11:18.199-0400] {processor.py:743} INFO - Processing file /Users/sunanda/Downloads/airflow/py_env/lib/python3.9/site-packages/airflow/example_dags/example_latest_only_with_trigger.py for tasks to queue
[2023-03-25T14:11:18.199-0400] {logging_mixin.py:137} INFO - [2023-03-25T14:11:18.199-0400] {dagbag.py:532} INFO - Filling up the DagBag from /Users/sunanda/Downloads/airflow/py_env/lib/python3.9/site-packages/airflow/example_dags/example_latest_only_with_trigger.py
[2023-03-25T14:11:18.208-0400] {processor.py:753} INFO - DAG(s) dict_keys(['latest_only_with_trigger']) retrieved from /Users/sunanda/Downloads/airflow/py_env/lib/python3.9/site-packages/airflow/example_dags/example_latest_only_with_trigger.py
[2023-03-25T14:11:18.418-0400] {logging_mixin.py:137} INFO - [2023-03-25T14:11:18.418-0400] {dag.py:2693} INFO - Sync 1 DAGs
[2023-03-25T14:11:18.424-0400] {logging_mixin.py:137} INFO - [2023-03-25T14:11:18.424-0400] {dag.py:3440} INFO - Setting next_dagrun for latest_only_with_trigger to 2023-03-25T14:11:18.424868+00:00, run_after=2023-03-25T18:11:18.424868+00:00
[2023-03-25T14:11:18.431-0400] {processor.py:175} INFO - Processing /Users/sunanda/Downloads/airflow/py_env/lib/python3.9/site-packages/airflow/example_dags/example_latest_only_with_trigger.py took 0.235 seconds
[2023-03-25T14:12:47.486-0400] {processor.py:153} INFO - Started process (PID=8422) to work on /Users/sunanda/Downloads/airflow/py_env/lib/python3.9/site-packages/airflow/example_dags/example_latest_only_with_trigger.py
[2023-03-25T14:12:47.489-0400] {processor.py:743} INFO - Processing file /Users/sunanda/Downloads/airflow/py_env/lib/python3.9/site-packages/airflow/example_dags/example_latest_only_with_trigger.py for tasks to queue
[2023-03-25T14:12:47.489-0400] {logging_mixin.py:137} INFO - [2023-03-25T14:12:47.489-0400] {dagbag.py:532} INFO - Filling up the DagBag from /Users/sunanda/Downloads/airflow/py_env/lib/python3.9/site-packages/airflow/example_dags/example_latest_only_with_trigger.py
[2023-03-25T14:12:47.499-0400] {processor.py:753} INFO - DAG(s) dict_keys(['latest_only_with_trigger']) retrieved from /Users/sunanda/Downloads/airflow/py_env/lib/python3.9/site-packages/airflow/example_dags/example_latest_only_with_trigger.py
[2023-03-25T14:12:47.711-0400] {logging_mixin.py:137} INFO - [2023-03-25T14:12:47.711-0400] {dag.py:2693} INFO - Sync 1 DAGs
[2023-03-25T14:12:47.718-0400] {logging_mixin.py:137} INFO - [2023-03-25T14:12:47.717-0400] {dag.py:3440} INFO - Setting next_dagrun for latest_only_with_trigger to 2023-03-25T14:12:47.717930+00:00, run_after=2023-03-25T18:12:47.717930+00:00
[2023-03-25T14:12:47.724-0400] {processor.py:175} INFO - Processing /Users/sunanda/Downloads/airflow/py_env/lib/python3.9/site-packages/airflow/example_dags/example_latest_only_with_trigger.py took 0.239 seconds
[2023-03-25T14:14:12.788-0400] {processor.py:153} INFO - Started process (PID=8557) to work on /Users/sunanda/Downloads/airflow/py_env/lib/python3.9/site-packages/airflow/example_dags/example_latest_only_with_trigger.py
[2023-03-25T14:14:12.790-0400] {processor.py:743} INFO - Processing file /Users/sunanda/Downloads/airflow/py_env/lib/python3.9/site-packages/airflow/example_dags/example_latest_only_with_trigger.py for tasks to queue
[2023-03-25T14:14:12.790-0400] {logging_mixin.py:137} INFO - [2023-03-25T14:14:12.790-0400] {dagbag.py:532} INFO - Filling up the DagBag from /Users/sunanda/Downloads/airflow/py_env/lib/python3.9/site-packages/airflow/example_dags/example_latest_only_with_trigger.py
[2023-03-25T14:14:12.802-0400] {processor.py:753} INFO - DAG(s) dict_keys(['latest_only_with_trigger']) retrieved from /Users/sunanda/Downloads/airflow/py_env/lib/python3.9/site-packages/airflow/example_dags/example_latest_only_with_trigger.py
[2023-03-25T14:14:13.027-0400] {logging_mixin.py:137} INFO - [2023-03-25T14:14:13.027-0400] {dag.py:2693} INFO - Sync 1 DAGs
[2023-03-25T14:14:13.034-0400] {logging_mixin.py:137} INFO - [2023-03-25T14:14:13.034-0400] {dag.py:3440} INFO - Setting next_dagrun for latest_only_with_trigger to 2023-03-25T14:14:13.034139+00:00, run_after=2023-03-25T18:14:13.034139+00:00
[2023-03-25T14:14:13.041-0400] {processor.py:175} INFO - Processing /Users/sunanda/Downloads/airflow/py_env/lib/python3.9/site-packages/airflow/example_dags/example_latest_only_with_trigger.py took 0.254 seconds
[2023-03-25T14:15:41.848-0400] {processor.py:153} INFO - Started process (PID=8694) to work on /Users/sunanda/Downloads/airflow/py_env/lib/python3.9/site-packages/airflow/example_dags/example_latest_only_with_trigger.py
[2023-03-25T14:15:41.851-0400] {processor.py:743} INFO - Processing file /Users/sunanda/Downloads/airflow/py_env/lib/python3.9/site-packages/airflow/example_dags/example_latest_only_with_trigger.py for tasks to queue
[2023-03-25T14:15:41.852-0400] {logging_mixin.py:137} INFO - [2023-03-25T14:15:41.851-0400] {dagbag.py:532} INFO - Filling up the DagBag from /Users/sunanda/Downloads/airflow/py_env/lib/python3.9/site-packages/airflow/example_dags/example_latest_only_with_trigger.py
[2023-03-25T14:15:41.861-0400] {processor.py:753} INFO - DAG(s) dict_keys(['latest_only_with_trigger']) retrieved from /Users/sunanda/Downloads/airflow/py_env/lib/python3.9/site-packages/airflow/example_dags/example_latest_only_with_trigger.py
[2023-03-25T14:15:42.070-0400] {logging_mixin.py:137} INFO - [2023-03-25T14:15:42.070-0400] {dag.py:2693} INFO - Sync 1 DAGs
[2023-03-25T14:15:42.076-0400] {logging_mixin.py:137} INFO - [2023-03-25T14:15:42.076-0400] {dag.py:3440} INFO - Setting next_dagrun for latest_only_with_trigger to 2023-03-25T14:15:42.076836+00:00, run_after=2023-03-25T18:15:42.076836+00:00
[2023-03-25T14:15:42.083-0400] {processor.py:175} INFO - Processing /Users/sunanda/Downloads/airflow/py_env/lib/python3.9/site-packages/airflow/example_dags/example_latest_only_with_trigger.py took 0.235 seconds
[2023-03-25T14:17:13.319-0400] {processor.py:153} INFO - Started process (PID=8836) to work on /Users/sunanda/Downloads/airflow/py_env/lib/python3.9/site-packages/airflow/example_dags/example_latest_only_with_trigger.py
[2023-03-25T14:17:13.321-0400] {processor.py:743} INFO - Processing file /Users/sunanda/Downloads/airflow/py_env/lib/python3.9/site-packages/airflow/example_dags/example_latest_only_with_trigger.py for tasks to queue
[2023-03-25T14:17:13.321-0400] {logging_mixin.py:137} INFO - [2023-03-25T14:17:13.321-0400] {dagbag.py:532} INFO - Filling up the DagBag from /Users/sunanda/Downloads/airflow/py_env/lib/python3.9/site-packages/airflow/example_dags/example_latest_only_with_trigger.py
[2023-03-25T14:17:13.330-0400] {processor.py:753} INFO - DAG(s) dict_keys(['latest_only_with_trigger']) retrieved from /Users/sunanda/Downloads/airflow/py_env/lib/python3.9/site-packages/airflow/example_dags/example_latest_only_with_trigger.py
[2023-03-25T14:17:13.545-0400] {logging_mixin.py:137} INFO - [2023-03-25T14:17:13.545-0400] {dag.py:2693} INFO - Sync 1 DAGs
[2023-03-25T14:17:13.551-0400] {logging_mixin.py:137} INFO - [2023-03-25T14:17:13.551-0400] {dag.py:3440} INFO - Setting next_dagrun for latest_only_with_trigger to 2023-03-25T14:17:13.551604+00:00, run_after=2023-03-25T18:17:13.551604+00:00
[2023-03-25T14:17:13.558-0400] {processor.py:175} INFO - Processing /Users/sunanda/Downloads/airflow/py_env/lib/python3.9/site-packages/airflow/example_dags/example_latest_only_with_trigger.py took 0.240 seconds
[2023-03-25T14:19:16.662-0400] {processor.py:153} INFO - Started process (PID=9053) to work on /Users/sunanda/Downloads/airflow/py_env/lib/python3.9/site-packages/airflow/example_dags/example_latest_only_with_trigger.py
[2023-03-25T14:19:16.665-0400] {processor.py:743} INFO - Processing file /Users/sunanda/Downloads/airflow/py_env/lib/python3.9/site-packages/airflow/example_dags/example_latest_only_with_trigger.py for tasks to queue
[2023-03-25T14:19:16.666-0400] {logging_mixin.py:137} INFO - [2023-03-25T14:19:16.666-0400] {dagbag.py:532} INFO - Filling up the DagBag from /Users/sunanda/Downloads/airflow/py_env/lib/python3.9/site-packages/airflow/example_dags/example_latest_only_with_trigger.py
[2023-03-25T14:19:16.676-0400] {processor.py:753} INFO - DAG(s) dict_keys(['latest_only_with_trigger']) retrieved from /Users/sunanda/Downloads/airflow/py_env/lib/python3.9/site-packages/airflow/example_dags/example_latest_only_with_trigger.py
[2023-03-25T14:19:16.904-0400] {logging_mixin.py:137} INFO - [2023-03-25T14:19:16.904-0400] {dag.py:2693} INFO - Sync 1 DAGs
[2023-03-25T14:19:16.912-0400] {logging_mixin.py:137} INFO - [2023-03-25T14:19:16.912-0400] {dag.py:3440} INFO - Setting next_dagrun for latest_only_with_trigger to 2023-03-25T14:19:16.911996+00:00, run_after=2023-03-25T18:19:16.911996+00:00
[2023-03-25T14:19:16.920-0400] {processor.py:175} INFO - Processing /Users/sunanda/Downloads/airflow/py_env/lib/python3.9/site-packages/airflow/example_dags/example_latest_only_with_trigger.py took 0.258 seconds
[2023-03-25T14:43:35.767-0400] {processor.py:153} INFO - Started process (PID=10770) to work on /Users/sunanda/Downloads/airflow/py_env/lib/python3.9/site-packages/airflow/example_dags/example_latest_only_with_trigger.py
[2023-03-25T14:43:35.770-0400] {processor.py:743} INFO - Processing file /Users/sunanda/Downloads/airflow/py_env/lib/python3.9/site-packages/airflow/example_dags/example_latest_only_with_trigger.py for tasks to queue
[2023-03-25T14:43:35.770-0400] {logging_mixin.py:137} INFO - [2023-03-25T14:43:35.770-0400] {dagbag.py:532} INFO - Filling up the DagBag from /Users/sunanda/Downloads/airflow/py_env/lib/python3.9/site-packages/airflow/example_dags/example_latest_only_with_trigger.py
[2023-03-25T14:43:35.781-0400] {processor.py:753} INFO - DAG(s) dict_keys(['latest_only_with_trigger']) retrieved from /Users/sunanda/Downloads/airflow/py_env/lib/python3.9/site-packages/airflow/example_dags/example_latest_only_with_trigger.py
[2023-03-25T14:43:35.997-0400] {logging_mixin.py:137} INFO - [2023-03-25T14:43:35.997-0400] {dag.py:2693} INFO - Sync 1 DAGs
[2023-03-25T14:43:36.004-0400] {logging_mixin.py:137} INFO - [2023-03-25T14:43:36.004-0400] {dag.py:3440} INFO - Setting next_dagrun for latest_only_with_trigger to 2023-03-25T14:43:36.004197+00:00, run_after=2023-03-25T18:43:36.004197+00:00
[2023-03-25T14:43:36.011-0400] {processor.py:175} INFO - Processing /Users/sunanda/Downloads/airflow/py_env/lib/python3.9/site-packages/airflow/example_dags/example_latest_only_with_trigger.py took 0.245 seconds
[2023-03-25T14:45:10.045-0400] {processor.py:153} INFO - Started process (PID=10939) to work on /Users/sunanda/Downloads/airflow/py_env/lib/python3.9/site-packages/airflow/example_dags/example_latest_only_with_trigger.py
[2023-03-25T14:45:10.047-0400] {processor.py:743} INFO - Processing file /Users/sunanda/Downloads/airflow/py_env/lib/python3.9/site-packages/airflow/example_dags/example_latest_only_with_trigger.py for tasks to queue
[2023-03-25T14:45:10.047-0400] {logging_mixin.py:137} INFO - [2023-03-25T14:45:10.047-0400] {dagbag.py:532} INFO - Filling up the DagBag from /Users/sunanda/Downloads/airflow/py_env/lib/python3.9/site-packages/airflow/example_dags/example_latest_only_with_trigger.py
[2023-03-25T14:45:10.059-0400] {processor.py:753} INFO - DAG(s) dict_keys(['latest_only_with_trigger']) retrieved from /Users/sunanda/Downloads/airflow/py_env/lib/python3.9/site-packages/airflow/example_dags/example_latest_only_with_trigger.py
[2023-03-25T14:45:10.281-0400] {logging_mixin.py:137} INFO - [2023-03-25T14:45:10.281-0400] {dag.py:2693} INFO - Sync 1 DAGs
[2023-03-25T14:45:10.288-0400] {logging_mixin.py:137} INFO - [2023-03-25T14:45:10.287-0400] {dag.py:3440} INFO - Setting next_dagrun for latest_only_with_trigger to 2023-03-25T14:45:10.287922+00:00, run_after=2023-03-25T18:45:10.287922+00:00
[2023-03-25T14:45:10.295-0400] {processor.py:175} INFO - Processing /Users/sunanda/Downloads/airflow/py_env/lib/python3.9/site-packages/airflow/example_dags/example_latest_only_with_trigger.py took 0.250 seconds
[2023-03-25T14:46:39.652-0400] {processor.py:153} INFO - Started process (PID=11079) to work on /Users/sunanda/Downloads/airflow/py_env/lib/python3.9/site-packages/airflow/example_dags/example_latest_only_with_trigger.py
[2023-03-25T14:46:39.655-0400] {processor.py:743} INFO - Processing file /Users/sunanda/Downloads/airflow/py_env/lib/python3.9/site-packages/airflow/example_dags/example_latest_only_with_trigger.py for tasks to queue
[2023-03-25T14:46:39.655-0400] {logging_mixin.py:137} INFO - [2023-03-25T14:46:39.655-0400] {dagbag.py:532} INFO - Filling up the DagBag from /Users/sunanda/Downloads/airflow/py_env/lib/python3.9/site-packages/airflow/example_dags/example_latest_only_with_trigger.py
[2023-03-25T14:46:39.666-0400] {processor.py:753} INFO - DAG(s) dict_keys(['latest_only_with_trigger']) retrieved from /Users/sunanda/Downloads/airflow/py_env/lib/python3.9/site-packages/airflow/example_dags/example_latest_only_with_trigger.py
[2023-03-25T14:46:39.894-0400] {logging_mixin.py:137} INFO - [2023-03-25T14:46:39.894-0400] {dag.py:2693} INFO - Sync 1 DAGs
[2023-03-25T14:46:39.901-0400] {logging_mixin.py:137} INFO - [2023-03-25T14:46:39.901-0400] {dag.py:3440} INFO - Setting next_dagrun for latest_only_with_trigger to 2023-03-25T14:46:39.901332+00:00, run_after=2023-03-25T18:46:39.901332+00:00
[2023-03-25T14:46:39.908-0400] {processor.py:175} INFO - Processing /Users/sunanda/Downloads/airflow/py_env/lib/python3.9/site-packages/airflow/example_dags/example_latest_only_with_trigger.py took 0.256 seconds
[2023-03-25T14:48:08.694-0400] {processor.py:153} INFO - Started process (PID=11219) to work on /Users/sunanda/Downloads/airflow/py_env/lib/python3.9/site-packages/airflow/example_dags/example_latest_only_with_trigger.py
[2023-03-25T14:48:08.700-0400] {processor.py:743} INFO - Processing file /Users/sunanda/Downloads/airflow/py_env/lib/python3.9/site-packages/airflow/example_dags/example_latest_only_with_trigger.py for tasks to queue
[2023-03-25T14:48:08.700-0400] {logging_mixin.py:137} INFO - [2023-03-25T14:48:08.700-0400] {dagbag.py:532} INFO - Filling up the DagBag from /Users/sunanda/Downloads/airflow/py_env/lib/python3.9/site-packages/airflow/example_dags/example_latest_only_with_trigger.py
[2023-03-25T14:48:08.711-0400] {processor.py:753} INFO - DAG(s) dict_keys(['latest_only_with_trigger']) retrieved from /Users/sunanda/Downloads/airflow/py_env/lib/python3.9/site-packages/airflow/example_dags/example_latest_only_with_trigger.py
[2023-03-25T14:48:08.941-0400] {logging_mixin.py:137} INFO - [2023-03-25T14:48:08.941-0400] {dag.py:2693} INFO - Sync 1 DAGs
[2023-03-25T14:48:08.948-0400] {logging_mixin.py:137} INFO - [2023-03-25T14:48:08.948-0400] {dag.py:3440} INFO - Setting next_dagrun for latest_only_with_trigger to 2023-03-25T14:48:08.948758+00:00, run_after=2023-03-25T18:48:08.948758+00:00
[2023-03-25T14:48:08.956-0400] {processor.py:175} INFO - Processing /Users/sunanda/Downloads/airflow/py_env/lib/python3.9/site-packages/airflow/example_dags/example_latest_only_with_trigger.py took 0.262 seconds
