[2023-03-25T14:09:43.498-0400] {processor.py:153} INFO - Started process (PID=8102) to work on /Users/sunanda/Downloads/airflow/py_env/lib/python3.9/site-packages/airflow/example_dags/example_sensor_decorator.py
[2023-03-25T14:09:43.500-0400] {processor.py:743} INFO - Processing file /Users/sunanda/Downloads/airflow/py_env/lib/python3.9/site-packages/airflow/example_dags/example_sensor_decorator.py for tasks to queue
[2023-03-25T14:09:43.500-0400] {logging_mixin.py:137} INFO - [2023-03-25T14:09:43.500-0400] {dagbag.py:532} INFO - Filling up the DagBag from /Users/sunanda/Downloads/airflow/py_env/lib/python3.9/site-packages/airflow/example_dags/example_sensor_decorator.py
[2023-03-25T14:09:43.520-0400] {processor.py:753} INFO - DAG(s) dict_keys(['example_sensor_decorator']) retrieved from /Users/sunanda/Downloads/airflow/py_env/lib/python3.9/site-packages/airflow/example_dags/example_sensor_decorator.py
[2023-03-25T14:09:43.785-0400] {logging_mixin.py:137} INFO - [2023-03-25T14:09:43.784-0400] {dag.py:2693} INFO - Sync 1 DAGs
[2023-03-25T14:09:43.792-0400] {logging_mixin.py:137} INFO - [2023-03-25T14:09:43.792-0400] {dag.py:3440} INFO - Setting next_dagrun for example_sensor_decorator to None, run_after=None
[2023-03-25T14:09:43.801-0400] {processor.py:175} INFO - Processing /Users/sunanda/Downloads/airflow/py_env/lib/python3.9/site-packages/airflow/example_dags/example_sensor_decorator.py took 0.304 seconds
[2023-03-25T14:11:07.206-0400] {processor.py:153} INFO - Started process (PID=8246) to work on /Users/sunanda/Downloads/airflow/py_env/lib/python3.9/site-packages/airflow/example_dags/example_sensor_decorator.py
[2023-03-25T14:11:07.208-0400] {processor.py:743} INFO - Processing file /Users/sunanda/Downloads/airflow/py_env/lib/python3.9/site-packages/airflow/example_dags/example_sensor_decorator.py for tasks to queue
[2023-03-25T14:11:07.208-0400] {logging_mixin.py:137} INFO - [2023-03-25T14:11:07.208-0400] {dagbag.py:532} INFO - Filling up the DagBag from /Users/sunanda/Downloads/airflow/py_env/lib/python3.9/site-packages/airflow/example_dags/example_sensor_decorator.py
[2023-03-25T14:11:07.227-0400] {processor.py:753} INFO - DAG(s) dict_keys(['example_sensor_decorator']) retrieved from /Users/sunanda/Downloads/airflow/py_env/lib/python3.9/site-packages/airflow/example_dags/example_sensor_decorator.py
[2023-03-25T14:11:07.469-0400] {logging_mixin.py:137} INFO - [2023-03-25T14:11:07.469-0400] {dag.py:2693} INFO - Sync 1 DAGs
[2023-03-25T14:11:07.477-0400] {logging_mixin.py:137} INFO - [2023-03-25T14:11:07.477-0400] {dag.py:3440} INFO - Setting next_dagrun for example_sensor_decorator to None, run_after=None
[2023-03-25T14:11:07.484-0400] {processor.py:175} INFO - Processing /Users/sunanda/Downloads/airflow/py_env/lib/python3.9/site-packages/airflow/example_dags/example_sensor_decorator.py took 0.279 seconds
[2023-03-25T14:12:22.612-0400] {processor.py:153} INFO - Started process (PID=8385) to work on /Users/sunanda/Downloads/airflow/py_env/lib/python3.9/site-packages/airflow/example_dags/example_sensor_decorator.py
[2023-03-25T14:12:22.615-0400] {processor.py:743} INFO - Processing file /Users/sunanda/Downloads/airflow/py_env/lib/python3.9/site-packages/airflow/example_dags/example_sensor_decorator.py for tasks to queue
[2023-03-25T14:12:22.615-0400] {logging_mixin.py:137} INFO - [2023-03-25T14:12:22.615-0400] {dagbag.py:532} INFO - Filling up the DagBag from /Users/sunanda/Downloads/airflow/py_env/lib/python3.9/site-packages/airflow/example_dags/example_sensor_decorator.py
[2023-03-25T14:12:22.635-0400] {processor.py:753} INFO - DAG(s) dict_keys(['example_sensor_decorator']) retrieved from /Users/sunanda/Downloads/airflow/py_env/lib/python3.9/site-packages/airflow/example_dags/example_sensor_decorator.py
[2023-03-25T14:12:22.877-0400] {logging_mixin.py:137} INFO - [2023-03-25T14:12:22.877-0400] {dag.py:2693} INFO - Sync 1 DAGs
[2023-03-25T14:12:22.884-0400] {logging_mixin.py:137} INFO - [2023-03-25T14:12:22.884-0400] {dag.py:3440} INFO - Setting next_dagrun for example_sensor_decorator to None, run_after=None
[2023-03-25T14:12:22.891-0400] {processor.py:175} INFO - Processing /Users/sunanda/Downloads/airflow/py_env/lib/python3.9/site-packages/airflow/example_dags/example_sensor_decorator.py took 0.280 seconds
[2023-03-25T14:13:50.962-0400] {processor.py:153} INFO - Started process (PID=8521) to work on /Users/sunanda/Downloads/airflow/py_env/lib/python3.9/site-packages/airflow/example_dags/example_sensor_decorator.py
[2023-03-25T14:13:50.964-0400] {processor.py:743} INFO - Processing file /Users/sunanda/Downloads/airflow/py_env/lib/python3.9/site-packages/airflow/example_dags/example_sensor_decorator.py for tasks to queue
[2023-03-25T14:13:50.965-0400] {logging_mixin.py:137} INFO - [2023-03-25T14:13:50.965-0400] {dagbag.py:532} INFO - Filling up the DagBag from /Users/sunanda/Downloads/airflow/py_env/lib/python3.9/site-packages/airflow/example_dags/example_sensor_decorator.py
[2023-03-25T14:13:50.985-0400] {processor.py:753} INFO - DAG(s) dict_keys(['example_sensor_decorator']) retrieved from /Users/sunanda/Downloads/airflow/py_env/lib/python3.9/site-packages/airflow/example_dags/example_sensor_decorator.py
[2023-03-25T14:13:51.227-0400] {logging_mixin.py:137} INFO - [2023-03-25T14:13:51.227-0400] {dag.py:2693} INFO - Sync 1 DAGs
[2023-03-25T14:13:51.234-0400] {logging_mixin.py:137} INFO - [2023-03-25T14:13:51.234-0400] {dag.py:3440} INFO - Setting next_dagrun for example_sensor_decorator to None, run_after=None
[2023-03-25T14:13:51.240-0400] {processor.py:175} INFO - Processing /Users/sunanda/Downloads/airflow/py_env/lib/python3.9/site-packages/airflow/example_dags/example_sensor_decorator.py took 0.279 seconds
[2023-03-25T14:15:14.647-0400] {processor.py:153} INFO - Started process (PID=8653) to work on /Users/sunanda/Downloads/airflow/py_env/lib/python3.9/site-packages/airflow/example_dags/example_sensor_decorator.py
[2023-03-25T14:15:14.649-0400] {processor.py:743} INFO - Processing file /Users/sunanda/Downloads/airflow/py_env/lib/python3.9/site-packages/airflow/example_dags/example_sensor_decorator.py for tasks to queue
[2023-03-25T14:15:14.650-0400] {logging_mixin.py:137} INFO - [2023-03-25T14:15:14.649-0400] {dagbag.py:532} INFO - Filling up the DagBag from /Users/sunanda/Downloads/airflow/py_env/lib/python3.9/site-packages/airflow/example_dags/example_sensor_decorator.py
[2023-03-25T14:15:14.669-0400] {processor.py:753} INFO - DAG(s) dict_keys(['example_sensor_decorator']) retrieved from /Users/sunanda/Downloads/airflow/py_env/lib/python3.9/site-packages/airflow/example_dags/example_sensor_decorator.py
[2023-03-25T14:15:14.904-0400] {logging_mixin.py:137} INFO - [2023-03-25T14:15:14.904-0400] {dag.py:2693} INFO - Sync 1 DAGs
[2023-03-25T14:15:14.911-0400] {logging_mixin.py:137} INFO - [2023-03-25T14:15:14.911-0400] {dag.py:3440} INFO - Setting next_dagrun for example_sensor_decorator to None, run_after=None
[2023-03-25T14:15:14.917-0400] {processor.py:175} INFO - Processing /Users/sunanda/Downloads/airflow/py_env/lib/python3.9/site-packages/airflow/example_dags/example_sensor_decorator.py took 0.271 seconds
[2023-03-25T14:16:46.526-0400] {processor.py:153} INFO - Started process (PID=8794) to work on /Users/sunanda/Downloads/airflow/py_env/lib/python3.9/site-packages/airflow/example_dags/example_sensor_decorator.py
[2023-03-25T14:16:46.529-0400] {processor.py:743} INFO - Processing file /Users/sunanda/Downloads/airflow/py_env/lib/python3.9/site-packages/airflow/example_dags/example_sensor_decorator.py for tasks to queue
[2023-03-25T14:16:46.529-0400] {logging_mixin.py:137} INFO - [2023-03-25T14:16:46.529-0400] {dagbag.py:532} INFO - Filling up the DagBag from /Users/sunanda/Downloads/airflow/py_env/lib/python3.9/site-packages/airflow/example_dags/example_sensor_decorator.py
[2023-03-25T14:16:46.547-0400] {processor.py:753} INFO - DAG(s) dict_keys(['example_sensor_decorator']) retrieved from /Users/sunanda/Downloads/airflow/py_env/lib/python3.9/site-packages/airflow/example_dags/example_sensor_decorator.py
[2023-03-25T14:16:46.784-0400] {logging_mixin.py:137} INFO - [2023-03-25T14:16:46.784-0400] {dag.py:2693} INFO - Sync 1 DAGs
[2023-03-25T14:16:46.791-0400] {logging_mixin.py:137} INFO - [2023-03-25T14:16:46.791-0400] {dag.py:3440} INFO - Setting next_dagrun for example_sensor_decorator to None, run_after=None
[2023-03-25T14:16:46.798-0400] {processor.py:175} INFO - Processing /Users/sunanda/Downloads/airflow/py_env/lib/python3.9/site-packages/airflow/example_dags/example_sensor_decorator.py took 0.272 seconds
[2023-03-25T14:18:20.063-0400] {processor.py:153} INFO - Started process (PID=8961) to work on /Users/sunanda/Downloads/airflow/py_env/lib/python3.9/site-packages/airflow/example_dags/example_sensor_decorator.py
[2023-03-25T14:18:20.066-0400] {processor.py:743} INFO - Processing file /Users/sunanda/Downloads/airflow/py_env/lib/python3.9/site-packages/airflow/example_dags/example_sensor_decorator.py for tasks to queue
[2023-03-25T14:18:20.067-0400] {logging_mixin.py:137} INFO - [2023-03-25T14:18:20.067-0400] {dagbag.py:532} INFO - Filling up the DagBag from /Users/sunanda/Downloads/airflow/py_env/lib/python3.9/site-packages/airflow/example_dags/example_sensor_decorator.py
[2023-03-25T14:18:20.086-0400] {processor.py:753} INFO - DAG(s) dict_keys(['example_sensor_decorator']) retrieved from /Users/sunanda/Downloads/airflow/py_env/lib/python3.9/site-packages/airflow/example_dags/example_sensor_decorator.py
[2023-03-25T14:18:20.335-0400] {logging_mixin.py:137} INFO - [2023-03-25T14:18:20.334-0400] {dag.py:2693} INFO - Sync 1 DAGs
[2023-03-25T14:18:20.341-0400] {logging_mixin.py:137} INFO - [2023-03-25T14:18:20.341-0400] {dag.py:3440} INFO - Setting next_dagrun for example_sensor_decorator to None, run_after=None
[2023-03-25T14:18:20.348-0400] {processor.py:175} INFO - Processing /Users/sunanda/Downloads/airflow/py_env/lib/python3.9/site-packages/airflow/example_dags/example_sensor_decorator.py took 0.286 seconds
[2023-03-25T14:19:05.774-0400] {processor.py:153} INFO - Started process (PID=9035) to work on /Users/sunanda/Downloads/airflow/py_env/lib/python3.9/site-packages/airflow/example_dags/example_sensor_decorator.py
[2023-03-25T14:19:05.776-0400] {processor.py:743} INFO - Processing file /Users/sunanda/Downloads/airflow/py_env/lib/python3.9/site-packages/airflow/example_dags/example_sensor_decorator.py for tasks to queue
[2023-03-25T14:19:05.776-0400] {logging_mixin.py:137} INFO - [2023-03-25T14:19:05.776-0400] {dagbag.py:532} INFO - Filling up the DagBag from /Users/sunanda/Downloads/airflow/py_env/lib/python3.9/site-packages/airflow/example_dags/example_sensor_decorator.py
[2023-03-25T14:19:05.795-0400] {processor.py:753} INFO - DAG(s) dict_keys(['example_sensor_decorator']) retrieved from /Users/sunanda/Downloads/airflow/py_env/lib/python3.9/site-packages/airflow/example_dags/example_sensor_decorator.py
[2023-03-25T14:19:06.037-0400] {logging_mixin.py:137} INFO - [2023-03-25T14:19:06.037-0400] {dag.py:2693} INFO - Sync 1 DAGs
[2023-03-25T14:19:06.044-0400] {logging_mixin.py:137} INFO - [2023-03-25T14:19:06.044-0400] {dag.py:3440} INFO - Setting next_dagrun for example_sensor_decorator to None, run_after=None
[2023-03-25T14:19:06.052-0400] {processor.py:175} INFO - Processing /Users/sunanda/Downloads/airflow/py_env/lib/python3.9/site-packages/airflow/example_dags/example_sensor_decorator.py took 0.278 seconds
[2023-03-25T14:43:24.850-0400] {processor.py:153} INFO - Started process (PID=10753) to work on /Users/sunanda/Downloads/airflow/py_env/lib/python3.9/site-packages/airflow/example_dags/example_sensor_decorator.py
[2023-03-25T14:43:24.853-0400] {processor.py:743} INFO - Processing file /Users/sunanda/Downloads/airflow/py_env/lib/python3.9/site-packages/airflow/example_dags/example_sensor_decorator.py for tasks to queue
[2023-03-25T14:43:24.853-0400] {logging_mixin.py:137} INFO - [2023-03-25T14:43:24.853-0400] {dagbag.py:532} INFO - Filling up the DagBag from /Users/sunanda/Downloads/airflow/py_env/lib/python3.9/site-packages/airflow/example_dags/example_sensor_decorator.py
[2023-03-25T14:43:24.872-0400] {processor.py:753} INFO - DAG(s) dict_keys(['example_sensor_decorator']) retrieved from /Users/sunanda/Downloads/airflow/py_env/lib/python3.9/site-packages/airflow/example_dags/example_sensor_decorator.py
[2023-03-25T14:43:25.111-0400] {logging_mixin.py:137} INFO - [2023-03-25T14:43:25.111-0400] {dag.py:2693} INFO - Sync 1 DAGs
[2023-03-25T14:43:25.118-0400] {logging_mixin.py:137} INFO - [2023-03-25T14:43:25.118-0400] {dag.py:3440} INFO - Setting next_dagrun for example_sensor_decorator to None, run_after=None
[2023-03-25T14:43:25.125-0400] {processor.py:175} INFO - Processing /Users/sunanda/Downloads/airflow/py_env/lib/python3.9/site-packages/airflow/example_dags/example_sensor_decorator.py took 0.275 seconds
[2023-03-25T14:44:41.527-0400] {processor.py:153} INFO - Started process (PID=10892) to work on /Users/sunanda/Downloads/airflow/py_env/lib/python3.9/site-packages/airflow/example_dags/example_sensor_decorator.py
[2023-03-25T14:44:41.529-0400] {processor.py:743} INFO - Processing file /Users/sunanda/Downloads/airflow/py_env/lib/python3.9/site-packages/airflow/example_dags/example_sensor_decorator.py for tasks to queue
[2023-03-25T14:44:41.529-0400] {logging_mixin.py:137} INFO - [2023-03-25T14:44:41.529-0400] {dagbag.py:532} INFO - Filling up the DagBag from /Users/sunanda/Downloads/airflow/py_env/lib/python3.9/site-packages/airflow/example_dags/example_sensor_decorator.py
[2023-03-25T14:44:41.548-0400] {processor.py:753} INFO - DAG(s) dict_keys(['example_sensor_decorator']) retrieved from /Users/sunanda/Downloads/airflow/py_env/lib/python3.9/site-packages/airflow/example_dags/example_sensor_decorator.py
[2023-03-25T14:44:41.803-0400] {logging_mixin.py:137} INFO - [2023-03-25T14:44:41.803-0400] {dag.py:2693} INFO - Sync 1 DAGs
[2023-03-25T14:44:41.810-0400] {logging_mixin.py:137} INFO - [2023-03-25T14:44:41.810-0400] {dag.py:3440} INFO - Setting next_dagrun for example_sensor_decorator to None, run_after=None
[2023-03-25T14:44:41.817-0400] {processor.py:175} INFO - Processing /Users/sunanda/Downloads/airflow/py_env/lib/python3.9/site-packages/airflow/example_dags/example_sensor_decorator.py took 0.291 seconds
[2023-03-25T14:46:09.828-0400] {processor.py:153} INFO - Started process (PID=11032) to work on /Users/sunanda/Downloads/airflow/py_env/lib/python3.9/site-packages/airflow/example_dags/example_sensor_decorator.py
[2023-03-25T14:46:09.830-0400] {processor.py:743} INFO - Processing file /Users/sunanda/Downloads/airflow/py_env/lib/python3.9/site-packages/airflow/example_dags/example_sensor_decorator.py for tasks to queue
[2023-03-25T14:46:09.831-0400] {logging_mixin.py:137} INFO - [2023-03-25T14:46:09.830-0400] {dagbag.py:532} INFO - Filling up the DagBag from /Users/sunanda/Downloads/airflow/py_env/lib/python3.9/site-packages/airflow/example_dags/example_sensor_decorator.py
[2023-03-25T14:46:09.851-0400] {processor.py:753} INFO - DAG(s) dict_keys(['example_sensor_decorator']) retrieved from /Users/sunanda/Downloads/airflow/py_env/lib/python3.9/site-packages/airflow/example_dags/example_sensor_decorator.py
[2023-03-25T14:46:10.085-0400] {logging_mixin.py:137} INFO - [2023-03-25T14:46:10.085-0400] {dag.py:2693} INFO - Sync 1 DAGs
[2023-03-25T14:46:10.092-0400] {logging_mixin.py:137} INFO - [2023-03-25T14:46:10.092-0400] {dag.py:3440} INFO - Setting next_dagrun for example_sensor_decorator to None, run_after=None
[2023-03-25T14:46:10.099-0400] {processor.py:175} INFO - Processing /Users/sunanda/Downloads/airflow/py_env/lib/python3.9/site-packages/airflow/example_dags/example_sensor_decorator.py took 0.272 seconds
[2023-03-25T14:47:43.480-0400] {processor.py:153} INFO - Started process (PID=11178) to work on /Users/sunanda/Downloads/airflow/py_env/lib/python3.9/site-packages/airflow/example_dags/example_sensor_decorator.py
[2023-03-25T14:47:43.484-0400] {processor.py:743} INFO - Processing file /Users/sunanda/Downloads/airflow/py_env/lib/python3.9/site-packages/airflow/example_dags/example_sensor_decorator.py for tasks to queue
[2023-03-25T14:47:43.484-0400] {logging_mixin.py:137} INFO - [2023-03-25T14:47:43.484-0400] {dagbag.py:532} INFO - Filling up the DagBag from /Users/sunanda/Downloads/airflow/py_env/lib/python3.9/site-packages/airflow/example_dags/example_sensor_decorator.py
[2023-03-25T14:47:43.503-0400] {processor.py:753} INFO - DAG(s) dict_keys(['example_sensor_decorator']) retrieved from /Users/sunanda/Downloads/airflow/py_env/lib/python3.9/site-packages/airflow/example_dags/example_sensor_decorator.py
[2023-03-25T14:47:43.751-0400] {logging_mixin.py:137} INFO - [2023-03-25T14:47:43.751-0400] {dag.py:2693} INFO - Sync 1 DAGs
[2023-03-25T14:47:43.759-0400] {logging_mixin.py:137} INFO - [2023-03-25T14:47:43.758-0400] {dag.py:3440} INFO - Setting next_dagrun for example_sensor_decorator to None, run_after=None
[2023-03-25T14:47:43.766-0400] {processor.py:175} INFO - Processing /Users/sunanda/Downloads/airflow/py_env/lib/python3.9/site-packages/airflow/example_dags/example_sensor_decorator.py took 0.285 seconds
