[2023-03-25T14:09:12.953-0400] {processor.py:153} INFO - Started process (PID=8056) to work on /Users/sunanda/Downloads/airflow/py_env/lib/python3.9/site-packages/airflow/example_dags/tutorial_taskflow_api_virtualenv.py
[2023-03-25T14:09:12.955-0400] {processor.py:743} INFO - Processing file /Users/sunanda/Downloads/airflow/py_env/lib/python3.9/site-packages/airflow/example_dags/tutorial_taskflow_api_virtualenv.py for tasks to queue
[2023-03-25T14:09:12.956-0400] {logging_mixin.py:137} INFO - [2023-03-25T14:09:12.956-0400] {dagbag.py:532} INFO - Filling up the DagBag from /Users/sunanda/Downloads/airflow/py_env/lib/python3.9/site-packages/airflow/example_dags/tutorial_taskflow_api_virtualenv.py
[2023-03-25T14:09:12.975-0400] {processor.py:753} INFO - DAG(s) dict_keys(['tutorial_taskflow_api_virtualenv']) retrieved from /Users/sunanda/Downloads/airflow/py_env/lib/python3.9/site-packages/airflow/example_dags/tutorial_taskflow_api_virtualenv.py
[2023-03-25T14:09:13.192-0400] {logging_mixin.py:137} INFO - [2023-03-25T14:09:13.192-0400] {dag.py:2693} INFO - Sync 1 DAGs
[2023-03-25T14:09:13.198-0400] {logging_mixin.py:137} INFO - [2023-03-25T14:09:13.198-0400] {dag.py:3440} INFO - Setting next_dagrun for tutorial_taskflow_api_virtualenv to None, run_after=None
[2023-03-25T14:09:13.206-0400] {processor.py:175} INFO - Processing /Users/sunanda/Downloads/airflow/py_env/lib/python3.9/site-packages/airflow/example_dags/tutorial_taskflow_api_virtualenv.py took 0.253 seconds
[2023-03-25T14:10:37.642-0400] {processor.py:153} INFO - Started process (PID=8190) to work on /Users/sunanda/Downloads/airflow/py_env/lib/python3.9/site-packages/airflow/example_dags/tutorial_taskflow_api_virtualenv.py
[2023-03-25T14:10:37.644-0400] {processor.py:743} INFO - Processing file /Users/sunanda/Downloads/airflow/py_env/lib/python3.9/site-packages/airflow/example_dags/tutorial_taskflow_api_virtualenv.py for tasks to queue
[2023-03-25T14:10:37.644-0400] {logging_mixin.py:137} INFO - [2023-03-25T14:10:37.644-0400] {dagbag.py:532} INFO - Filling up the DagBag from /Users/sunanda/Downloads/airflow/py_env/lib/python3.9/site-packages/airflow/example_dags/tutorial_taskflow_api_virtualenv.py
[2023-03-25T14:10:37.662-0400] {processor.py:753} INFO - DAG(s) dict_keys(['tutorial_taskflow_api_virtualenv']) retrieved from /Users/sunanda/Downloads/airflow/py_env/lib/python3.9/site-packages/airflow/example_dags/tutorial_taskflow_api_virtualenv.py
[2023-03-25T14:10:37.864-0400] {logging_mixin.py:137} INFO - [2023-03-25T14:10:37.864-0400] {dag.py:2693} INFO - Sync 1 DAGs
[2023-03-25T14:10:37.870-0400] {logging_mixin.py:137} INFO - [2023-03-25T14:10:37.870-0400] {dag.py:3440} INFO - Setting next_dagrun for tutorial_taskflow_api_virtualenv to None, run_after=None
[2023-03-25T14:10:37.878-0400] {processor.py:175} INFO - Processing /Users/sunanda/Downloads/airflow/py_env/lib/python3.9/site-packages/airflow/example_dags/tutorial_taskflow_api_virtualenv.py took 0.236 seconds
[2023-03-25T14:11:53.346-0400] {processor.py:153} INFO - Started process (PID=8320) to work on /Users/sunanda/Downloads/airflow/py_env/lib/python3.9/site-packages/airflow/example_dags/tutorial_taskflow_api_virtualenv.py
[2023-03-25T14:11:53.348-0400] {processor.py:743} INFO - Processing file /Users/sunanda/Downloads/airflow/py_env/lib/python3.9/site-packages/airflow/example_dags/tutorial_taskflow_api_virtualenv.py for tasks to queue
[2023-03-25T14:11:53.348-0400] {logging_mixin.py:137} INFO - [2023-03-25T14:11:53.348-0400] {dagbag.py:532} INFO - Filling up the DagBag from /Users/sunanda/Downloads/airflow/py_env/lib/python3.9/site-packages/airflow/example_dags/tutorial_taskflow_api_virtualenv.py
[2023-03-25T14:11:53.366-0400] {processor.py:753} INFO - DAG(s) dict_keys(['tutorial_taskflow_api_virtualenv']) retrieved from /Users/sunanda/Downloads/airflow/py_env/lib/python3.9/site-packages/airflow/example_dags/tutorial_taskflow_api_virtualenv.py
[2023-03-25T14:11:53.571-0400] {logging_mixin.py:137} INFO - [2023-03-25T14:11:53.571-0400] {dag.py:2693} INFO - Sync 1 DAGs
[2023-03-25T14:11:53.577-0400] {logging_mixin.py:137} INFO - [2023-03-25T14:11:53.577-0400] {dag.py:3440} INFO - Setting next_dagrun for tutorial_taskflow_api_virtualenv to None, run_after=None
[2023-03-25T14:11:53.584-0400] {processor.py:175} INFO - Processing /Users/sunanda/Downloads/airflow/py_env/lib/python3.9/site-packages/airflow/example_dags/tutorial_taskflow_api_virtualenv.py took 0.239 seconds
[2023-03-25T14:12:38.425-0400] {processor.py:153} INFO - Started process (PID=8409) to work on /Users/sunanda/Downloads/airflow/py_env/lib/python3.9/site-packages/airflow/example_dags/tutorial_taskflow_api_virtualenv.py
[2023-03-25T14:12:38.428-0400] {processor.py:743} INFO - Processing file /Users/sunanda/Downloads/airflow/py_env/lib/python3.9/site-packages/airflow/example_dags/tutorial_taskflow_api_virtualenv.py for tasks to queue
[2023-03-25T14:12:38.429-0400] {logging_mixin.py:137} INFO - [2023-03-25T14:12:38.429-0400] {dagbag.py:532} INFO - Filling up the DagBag from /Users/sunanda/Downloads/airflow/py_env/lib/python3.9/site-packages/airflow/example_dags/tutorial_taskflow_api_virtualenv.py
[2023-03-25T14:12:38.447-0400] {processor.py:753} INFO - DAG(s) dict_keys(['tutorial_taskflow_api_virtualenv']) retrieved from /Users/sunanda/Downloads/airflow/py_env/lib/python3.9/site-packages/airflow/example_dags/tutorial_taskflow_api_virtualenv.py
[2023-03-25T14:12:38.652-0400] {logging_mixin.py:137} INFO - [2023-03-25T14:12:38.652-0400] {dag.py:2693} INFO - Sync 1 DAGs
[2023-03-25T14:12:38.658-0400] {logging_mixin.py:137} INFO - [2023-03-25T14:12:38.658-0400] {dag.py:3440} INFO - Setting next_dagrun for tutorial_taskflow_api_virtualenv to None, run_after=None
[2023-03-25T14:12:38.665-0400] {processor.py:175} INFO - Processing /Users/sunanda/Downloads/airflow/py_env/lib/python3.9/site-packages/airflow/example_dags/tutorial_taskflow_api_virtualenv.py took 0.240 seconds
[2023-03-25T14:13:21.997-0400] {processor.py:153} INFO - Started process (PID=8475) to work on /Users/sunanda/Downloads/airflow/py_env/lib/python3.9/site-packages/airflow/example_dags/tutorial_taskflow_api_virtualenv.py
[2023-03-25T14:13:21.999-0400] {processor.py:743} INFO - Processing file /Users/sunanda/Downloads/airflow/py_env/lib/python3.9/site-packages/airflow/example_dags/tutorial_taskflow_api_virtualenv.py for tasks to queue
[2023-03-25T14:13:21.999-0400] {logging_mixin.py:137} INFO - [2023-03-25T14:13:21.999-0400] {dagbag.py:532} INFO - Filling up the DagBag from /Users/sunanda/Downloads/airflow/py_env/lib/python3.9/site-packages/airflow/example_dags/tutorial_taskflow_api_virtualenv.py
[2023-03-25T14:13:22.017-0400] {processor.py:753} INFO - DAG(s) dict_keys(['tutorial_taskflow_api_virtualenv']) retrieved from /Users/sunanda/Downloads/airflow/py_env/lib/python3.9/site-packages/airflow/example_dags/tutorial_taskflow_api_virtualenv.py
[2023-03-25T14:13:22.225-0400] {logging_mixin.py:137} INFO - [2023-03-25T14:13:22.225-0400] {dag.py:2693} INFO - Sync 1 DAGs
[2023-03-25T14:13:22.231-0400] {logging_mixin.py:137} INFO - [2023-03-25T14:13:22.231-0400] {dag.py:3440} INFO - Setting next_dagrun for tutorial_taskflow_api_virtualenv to None, run_after=None
[2023-03-25T14:13:22.239-0400] {processor.py:175} INFO - Processing /Users/sunanda/Downloads/airflow/py_env/lib/python3.9/site-packages/airflow/example_dags/tutorial_taskflow_api_virtualenv.py took 0.242 seconds
[2023-03-25T14:14:04.605-0400] {processor.py:153} INFO - Started process (PID=8544) to work on /Users/sunanda/Downloads/airflow/py_env/lib/python3.9/site-packages/airflow/example_dags/tutorial_taskflow_api_virtualenv.py
[2023-03-25T14:14:04.607-0400] {processor.py:743} INFO - Processing file /Users/sunanda/Downloads/airflow/py_env/lib/python3.9/site-packages/airflow/example_dags/tutorial_taskflow_api_virtualenv.py for tasks to queue
[2023-03-25T14:14:04.607-0400] {logging_mixin.py:137} INFO - [2023-03-25T14:14:04.607-0400] {dagbag.py:532} INFO - Filling up the DagBag from /Users/sunanda/Downloads/airflow/py_env/lib/python3.9/site-packages/airflow/example_dags/tutorial_taskflow_api_virtualenv.py
[2023-03-25T14:14:04.627-0400] {processor.py:753} INFO - DAG(s) dict_keys(['tutorial_taskflow_api_virtualenv']) retrieved from /Users/sunanda/Downloads/airflow/py_env/lib/python3.9/site-packages/airflow/example_dags/tutorial_taskflow_api_virtualenv.py
[2023-03-25T14:14:04.834-0400] {logging_mixin.py:137} INFO - [2023-03-25T14:14:04.834-0400] {dag.py:2693} INFO - Sync 1 DAGs
[2023-03-25T14:14:04.841-0400] {logging_mixin.py:137} INFO - [2023-03-25T14:14:04.841-0400] {dag.py:3440} INFO - Setting next_dagrun for tutorial_taskflow_api_virtualenv to None, run_after=None
[2023-03-25T14:14:04.849-0400] {processor.py:175} INFO - Processing /Users/sunanda/Downloads/airflow/py_env/lib/python3.9/site-packages/airflow/example_dags/tutorial_taskflow_api_virtualenv.py took 0.244 seconds
[2023-03-25T14:14:45.428-0400] {processor.py:153} INFO - Started process (PID=8608) to work on /Users/sunanda/Downloads/airflow/py_env/lib/python3.9/site-packages/airflow/example_dags/tutorial_taskflow_api_virtualenv.py
[2023-03-25T14:14:45.431-0400] {processor.py:743} INFO - Processing file /Users/sunanda/Downloads/airflow/py_env/lib/python3.9/site-packages/airflow/example_dags/tutorial_taskflow_api_virtualenv.py for tasks to queue
[2023-03-25T14:14:45.431-0400] {logging_mixin.py:137} INFO - [2023-03-25T14:14:45.431-0400] {dagbag.py:532} INFO - Filling up the DagBag from /Users/sunanda/Downloads/airflow/py_env/lib/python3.9/site-packages/airflow/example_dags/tutorial_taskflow_api_virtualenv.py
[2023-03-25T14:14:45.450-0400] {processor.py:753} INFO - DAG(s) dict_keys(['tutorial_taskflow_api_virtualenv']) retrieved from /Users/sunanda/Downloads/airflow/py_env/lib/python3.9/site-packages/airflow/example_dags/tutorial_taskflow_api_virtualenv.py
[2023-03-25T14:14:45.657-0400] {logging_mixin.py:137} INFO - [2023-03-25T14:14:45.657-0400] {dag.py:2693} INFO - Sync 1 DAGs
[2023-03-25T14:14:45.663-0400] {logging_mixin.py:137} INFO - [2023-03-25T14:14:45.663-0400] {dag.py:3440} INFO - Setting next_dagrun for tutorial_taskflow_api_virtualenv to None, run_after=None
[2023-03-25T14:14:45.670-0400] {processor.py:175} INFO - Processing /Users/sunanda/Downloads/airflow/py_env/lib/python3.9/site-packages/airflow/example_dags/tutorial_taskflow_api_virtualenv.py took 0.243 seconds
[2023-03-25T14:15:29.029-0400] {processor.py:153} INFO - Started process (PID=8675) to work on /Users/sunanda/Downloads/airflow/py_env/lib/python3.9/site-packages/airflow/example_dags/tutorial_taskflow_api_virtualenv.py
[2023-03-25T14:15:29.032-0400] {processor.py:743} INFO - Processing file /Users/sunanda/Downloads/airflow/py_env/lib/python3.9/site-packages/airflow/example_dags/tutorial_taskflow_api_virtualenv.py for tasks to queue
[2023-03-25T14:15:29.032-0400] {logging_mixin.py:137} INFO - [2023-03-25T14:15:29.032-0400] {dagbag.py:532} INFO - Filling up the DagBag from /Users/sunanda/Downloads/airflow/py_env/lib/python3.9/site-packages/airflow/example_dags/tutorial_taskflow_api_virtualenv.py
[2023-03-25T14:15:29.050-0400] {processor.py:753} INFO - DAG(s) dict_keys(['tutorial_taskflow_api_virtualenv']) retrieved from /Users/sunanda/Downloads/airflow/py_env/lib/python3.9/site-packages/airflow/example_dags/tutorial_taskflow_api_virtualenv.py
[2023-03-25T14:15:29.261-0400] {logging_mixin.py:137} INFO - [2023-03-25T14:15:29.261-0400] {dag.py:2693} INFO - Sync 1 DAGs
[2023-03-25T14:15:29.267-0400] {logging_mixin.py:137} INFO - [2023-03-25T14:15:29.267-0400] {dag.py:3440} INFO - Setting next_dagrun for tutorial_taskflow_api_virtualenv to None, run_after=None
[2023-03-25T14:15:29.275-0400] {processor.py:175} INFO - Processing /Users/sunanda/Downloads/airflow/py_env/lib/python3.9/site-packages/airflow/example_dags/tutorial_taskflow_api_virtualenv.py took 0.247 seconds
[2023-03-25T14:16:17.336-0400] {processor.py:153} INFO - Started process (PID=8747) to work on /Users/sunanda/Downloads/airflow/py_env/lib/python3.9/site-packages/airflow/example_dags/tutorial_taskflow_api_virtualenv.py
[2023-03-25T14:16:17.339-0400] {processor.py:743} INFO - Processing file /Users/sunanda/Downloads/airflow/py_env/lib/python3.9/site-packages/airflow/example_dags/tutorial_taskflow_api_virtualenv.py for tasks to queue
[2023-03-25T14:16:17.339-0400] {logging_mixin.py:137} INFO - [2023-03-25T14:16:17.339-0400] {dagbag.py:532} INFO - Filling up the DagBag from /Users/sunanda/Downloads/airflow/py_env/lib/python3.9/site-packages/airflow/example_dags/tutorial_taskflow_api_virtualenv.py
[2023-03-25T14:16:17.357-0400] {processor.py:753} INFO - DAG(s) dict_keys(['tutorial_taskflow_api_virtualenv']) retrieved from /Users/sunanda/Downloads/airflow/py_env/lib/python3.9/site-packages/airflow/example_dags/tutorial_taskflow_api_virtualenv.py
[2023-03-25T14:16:17.566-0400] {logging_mixin.py:137} INFO - [2023-03-25T14:16:17.566-0400] {dag.py:2693} INFO - Sync 1 DAGs
[2023-03-25T14:16:17.572-0400] {logging_mixin.py:137} INFO - [2023-03-25T14:16:17.572-0400] {dag.py:3440} INFO - Setting next_dagrun for tutorial_taskflow_api_virtualenv to None, run_after=None
[2023-03-25T14:16:17.580-0400] {processor.py:175} INFO - Processing /Users/sunanda/Downloads/airflow/py_env/lib/python3.9/site-packages/airflow/example_dags/tutorial_taskflow_api_virtualenv.py took 0.243 seconds
[2023-03-25T14:17:01.866-0400] {processor.py:153} INFO - Started process (PID=8818) to work on /Users/sunanda/Downloads/airflow/py_env/lib/python3.9/site-packages/airflow/example_dags/tutorial_taskflow_api_virtualenv.py
[2023-03-25T14:17:01.868-0400] {processor.py:743} INFO - Processing file /Users/sunanda/Downloads/airflow/py_env/lib/python3.9/site-packages/airflow/example_dags/tutorial_taskflow_api_virtualenv.py for tasks to queue
[2023-03-25T14:17:01.869-0400] {logging_mixin.py:137} INFO - [2023-03-25T14:17:01.869-0400] {dagbag.py:532} INFO - Filling up the DagBag from /Users/sunanda/Downloads/airflow/py_env/lib/python3.9/site-packages/airflow/example_dags/tutorial_taskflow_api_virtualenv.py
[2023-03-25T14:17:01.888-0400] {processor.py:753} INFO - DAG(s) dict_keys(['tutorial_taskflow_api_virtualenv']) retrieved from /Users/sunanda/Downloads/airflow/py_env/lib/python3.9/site-packages/airflow/example_dags/tutorial_taskflow_api_virtualenv.py
[2023-03-25T14:17:02.103-0400] {logging_mixin.py:137} INFO - [2023-03-25T14:17:02.103-0400] {dag.py:2693} INFO - Sync 1 DAGs
[2023-03-25T14:17:02.110-0400] {logging_mixin.py:137} INFO - [2023-03-25T14:17:02.110-0400] {dag.py:3440} INFO - Setting next_dagrun for tutorial_taskflow_api_virtualenv to None, run_after=None
[2023-03-25T14:17:02.117-0400] {processor.py:175} INFO - Processing /Users/sunanda/Downloads/airflow/py_env/lib/python3.9/site-packages/airflow/example_dags/tutorial_taskflow_api_virtualenv.py took 0.251 seconds
[2023-03-25T14:17:48.750-0400] {processor.py:153} INFO - Started process (PID=8892) to work on /Users/sunanda/Downloads/airflow/py_env/lib/python3.9/site-packages/airflow/example_dags/tutorial_taskflow_api_virtualenv.py
[2023-03-25T14:17:48.753-0400] {processor.py:743} INFO - Processing file /Users/sunanda/Downloads/airflow/py_env/lib/python3.9/site-packages/airflow/example_dags/tutorial_taskflow_api_virtualenv.py for tasks to queue
[2023-03-25T14:17:48.753-0400] {logging_mixin.py:137} INFO - [2023-03-25T14:17:48.753-0400] {dagbag.py:532} INFO - Filling up the DagBag from /Users/sunanda/Downloads/airflow/py_env/lib/python3.9/site-packages/airflow/example_dags/tutorial_taskflow_api_virtualenv.py
[2023-03-25T14:17:48.774-0400] {processor.py:753} INFO - DAG(s) dict_keys(['tutorial_taskflow_api_virtualenv']) retrieved from /Users/sunanda/Downloads/airflow/py_env/lib/python3.9/site-packages/airflow/example_dags/tutorial_taskflow_api_virtualenv.py
[2023-03-25T14:17:48.985-0400] {logging_mixin.py:137} INFO - [2023-03-25T14:17:48.984-0400] {dag.py:2693} INFO - Sync 1 DAGs
[2023-03-25T14:17:48.991-0400] {logging_mixin.py:137} INFO - [2023-03-25T14:17:48.991-0400] {dag.py:3440} INFO - Setting next_dagrun for tutorial_taskflow_api_virtualenv to None, run_after=None
[2023-03-25T14:17:48.999-0400] {processor.py:175} INFO - Processing /Users/sunanda/Downloads/airflow/py_env/lib/python3.9/site-packages/airflow/example_dags/tutorial_taskflow_api_virtualenv.py took 0.249 seconds
[2023-03-25T14:18:34.444-0400] {processor.py:153} INFO - Started process (PID=8985) to work on /Users/sunanda/Downloads/airflow/py_env/lib/python3.9/site-packages/airflow/example_dags/tutorial_taskflow_api_virtualenv.py
[2023-03-25T14:18:34.446-0400] {processor.py:743} INFO - Processing file /Users/sunanda/Downloads/airflow/py_env/lib/python3.9/site-packages/airflow/example_dags/tutorial_taskflow_api_virtualenv.py for tasks to queue
[2023-03-25T14:18:34.446-0400] {logging_mixin.py:137} INFO - [2023-03-25T14:18:34.446-0400] {dagbag.py:532} INFO - Filling up the DagBag from /Users/sunanda/Downloads/airflow/py_env/lib/python3.9/site-packages/airflow/example_dags/tutorial_taskflow_api_virtualenv.py
[2023-03-25T14:18:34.465-0400] {processor.py:753} INFO - DAG(s) dict_keys(['tutorial_taskflow_api_virtualenv']) retrieved from /Users/sunanda/Downloads/airflow/py_env/lib/python3.9/site-packages/airflow/example_dags/tutorial_taskflow_api_virtualenv.py
[2023-03-25T14:18:34.667-0400] {logging_mixin.py:137} INFO - [2023-03-25T14:18:34.667-0400] {dag.py:2693} INFO - Sync 1 DAGs
[2023-03-25T14:18:34.673-0400] {logging_mixin.py:137} INFO - [2023-03-25T14:18:34.673-0400] {dag.py:3440} INFO - Setting next_dagrun for tutorial_taskflow_api_virtualenv to None, run_after=None
[2023-03-25T14:18:34.680-0400] {processor.py:175} INFO - Processing /Users/sunanda/Downloads/airflow/py_env/lib/python3.9/site-packages/airflow/example_dags/tutorial_taskflow_api_virtualenv.py took 0.236 seconds
[2023-03-25T14:42:55.235-0400] {processor.py:153} INFO - Started process (PID=10708) to work on /Users/sunanda/Downloads/airflow/py_env/lib/python3.9/site-packages/airflow/example_dags/tutorial_taskflow_api_virtualenv.py
[2023-03-25T14:42:55.238-0400] {processor.py:743} INFO - Processing file /Users/sunanda/Downloads/airflow/py_env/lib/python3.9/site-packages/airflow/example_dags/tutorial_taskflow_api_virtualenv.py for tasks to queue
[2023-03-25T14:42:55.238-0400] {logging_mixin.py:137} INFO - [2023-03-25T14:42:55.238-0400] {dagbag.py:532} INFO - Filling up the DagBag from /Users/sunanda/Downloads/airflow/py_env/lib/python3.9/site-packages/airflow/example_dags/tutorial_taskflow_api_virtualenv.py
[2023-03-25T14:42:55.259-0400] {processor.py:753} INFO - DAG(s) dict_keys(['tutorial_taskflow_api_virtualenv']) retrieved from /Users/sunanda/Downloads/airflow/py_env/lib/python3.9/site-packages/airflow/example_dags/tutorial_taskflow_api_virtualenv.py
[2023-03-25T14:42:55.478-0400] {logging_mixin.py:137} INFO - [2023-03-25T14:42:55.478-0400] {dag.py:2693} INFO - Sync 1 DAGs
[2023-03-25T14:42:55.484-0400] {logging_mixin.py:137} INFO - [2023-03-25T14:42:55.484-0400] {dag.py:3440} INFO - Setting next_dagrun for tutorial_taskflow_api_virtualenv to None, run_after=None
[2023-03-25T14:42:55.492-0400] {processor.py:175} INFO - Processing /Users/sunanda/Downloads/airflow/py_env/lib/python3.9/site-packages/airflow/example_dags/tutorial_taskflow_api_virtualenv.py took 0.257 seconds
[2023-03-25T14:44:12.156-0400] {processor.py:153} INFO - Started process (PID=10844) to work on /Users/sunanda/Downloads/airflow/py_env/lib/python3.9/site-packages/airflow/example_dags/tutorial_taskflow_api_virtualenv.py
[2023-03-25T14:44:12.159-0400] {processor.py:743} INFO - Processing file /Users/sunanda/Downloads/airflow/py_env/lib/python3.9/site-packages/airflow/example_dags/tutorial_taskflow_api_virtualenv.py for tasks to queue
[2023-03-25T14:44:12.159-0400] {logging_mixin.py:137} INFO - [2023-03-25T14:44:12.159-0400] {dagbag.py:532} INFO - Filling up the DagBag from /Users/sunanda/Downloads/airflow/py_env/lib/python3.9/site-packages/airflow/example_dags/tutorial_taskflow_api_virtualenv.py
[2023-03-25T14:44:12.179-0400] {processor.py:753} INFO - DAG(s) dict_keys(['tutorial_taskflow_api_virtualenv']) retrieved from /Users/sunanda/Downloads/airflow/py_env/lib/python3.9/site-packages/airflow/example_dags/tutorial_taskflow_api_virtualenv.py
[2023-03-25T14:44:12.400-0400] {logging_mixin.py:137} INFO - [2023-03-25T14:44:12.400-0400] {dag.py:2693} INFO - Sync 1 DAGs
[2023-03-25T14:44:12.407-0400] {logging_mixin.py:137} INFO - [2023-03-25T14:44:12.407-0400] {dag.py:3440} INFO - Setting next_dagrun for tutorial_taskflow_api_virtualenv to None, run_after=None
[2023-03-25T14:44:12.416-0400] {processor.py:175} INFO - Processing /Users/sunanda/Downloads/airflow/py_env/lib/python3.9/site-packages/airflow/example_dags/tutorial_taskflow_api_virtualenv.py took 0.260 seconds
[2023-03-25T14:44:58.724-0400] {processor.py:153} INFO - Started process (PID=10922) to work on /Users/sunanda/Downloads/airflow/py_env/lib/python3.9/site-packages/airflow/example_dags/tutorial_taskflow_api_virtualenv.py
[2023-03-25T14:44:58.726-0400] {processor.py:743} INFO - Processing file /Users/sunanda/Downloads/airflow/py_env/lib/python3.9/site-packages/airflow/example_dags/tutorial_taskflow_api_virtualenv.py for tasks to queue
[2023-03-25T14:44:58.727-0400] {logging_mixin.py:137} INFO - [2023-03-25T14:44:58.727-0400] {dagbag.py:532} INFO - Filling up the DagBag from /Users/sunanda/Downloads/airflow/py_env/lib/python3.9/site-packages/airflow/example_dags/tutorial_taskflow_api_virtualenv.py
[2023-03-25T14:44:58.747-0400] {processor.py:753} INFO - DAG(s) dict_keys(['tutorial_taskflow_api_virtualenv']) retrieved from /Users/sunanda/Downloads/airflow/py_env/lib/python3.9/site-packages/airflow/example_dags/tutorial_taskflow_api_virtualenv.py
[2023-03-25T14:44:58.964-0400] {logging_mixin.py:137} INFO - [2023-03-25T14:44:58.964-0400] {dag.py:2693} INFO - Sync 1 DAGs
[2023-03-25T14:44:58.970-0400] {logging_mixin.py:137} INFO - [2023-03-25T14:44:58.970-0400] {dag.py:3440} INFO - Setting next_dagrun for tutorial_taskflow_api_virtualenv to None, run_after=None
[2023-03-25T14:44:58.979-0400] {processor.py:175} INFO - Processing /Users/sunanda/Downloads/airflow/py_env/lib/python3.9/site-packages/airflow/example_dags/tutorial_taskflow_api_virtualenv.py took 0.255 seconds
[2023-03-25T14:45:43.566-0400] {processor.py:153} INFO - Started process (PID=10991) to work on /Users/sunanda/Downloads/airflow/py_env/lib/python3.9/site-packages/airflow/example_dags/tutorial_taskflow_api_virtualenv.py
[2023-03-25T14:45:43.569-0400] {processor.py:743} INFO - Processing file /Users/sunanda/Downloads/airflow/py_env/lib/python3.9/site-packages/airflow/example_dags/tutorial_taskflow_api_virtualenv.py for tasks to queue
[2023-03-25T14:45:43.569-0400] {logging_mixin.py:137} INFO - [2023-03-25T14:45:43.569-0400] {dagbag.py:532} INFO - Filling up the DagBag from /Users/sunanda/Downloads/airflow/py_env/lib/python3.9/site-packages/airflow/example_dags/tutorial_taskflow_api_virtualenv.py
[2023-03-25T14:45:43.588-0400] {processor.py:753} INFO - DAG(s) dict_keys(['tutorial_taskflow_api_virtualenv']) retrieved from /Users/sunanda/Downloads/airflow/py_env/lib/python3.9/site-packages/airflow/example_dags/tutorial_taskflow_api_virtualenv.py
[2023-03-25T14:45:43.802-0400] {logging_mixin.py:137} INFO - [2023-03-25T14:45:43.802-0400] {dag.py:2693} INFO - Sync 1 DAGs
[2023-03-25T14:45:43.808-0400] {logging_mixin.py:137} INFO - [2023-03-25T14:45:43.808-0400] {dag.py:3440} INFO - Setting next_dagrun for tutorial_taskflow_api_virtualenv to None, run_after=None
[2023-03-25T14:45:43.816-0400] {processor.py:175} INFO - Processing /Users/sunanda/Downloads/airflow/py_env/lib/python3.9/site-packages/airflow/example_dags/tutorial_taskflow_api_virtualenv.py took 0.250 seconds
[2023-03-25T14:46:28.643-0400] {processor.py:153} INFO - Started process (PID=11062) to work on /Users/sunanda/Downloads/airflow/py_env/lib/python3.9/site-packages/airflow/example_dags/tutorial_taskflow_api_virtualenv.py
[2023-03-25T14:46:28.646-0400] {processor.py:743} INFO - Processing file /Users/sunanda/Downloads/airflow/py_env/lib/python3.9/site-packages/airflow/example_dags/tutorial_taskflow_api_virtualenv.py for tasks to queue
[2023-03-25T14:46:28.646-0400] {logging_mixin.py:137} INFO - [2023-03-25T14:46:28.646-0400] {dagbag.py:532} INFO - Filling up the DagBag from /Users/sunanda/Downloads/airflow/py_env/lib/python3.9/site-packages/airflow/example_dags/tutorial_taskflow_api_virtualenv.py
[2023-03-25T14:46:28.667-0400] {processor.py:753} INFO - DAG(s) dict_keys(['tutorial_taskflow_api_virtualenv']) retrieved from /Users/sunanda/Downloads/airflow/py_env/lib/python3.9/site-packages/airflow/example_dags/tutorial_taskflow_api_virtualenv.py
[2023-03-25T14:46:28.887-0400] {logging_mixin.py:137} INFO - [2023-03-25T14:46:28.887-0400] {dag.py:2693} INFO - Sync 1 DAGs
[2023-03-25T14:46:28.894-0400] {logging_mixin.py:137} INFO - [2023-03-25T14:46:28.894-0400] {dag.py:3440} INFO - Setting next_dagrun for tutorial_taskflow_api_virtualenv to None, run_after=None
[2023-03-25T14:46:28.902-0400] {processor.py:175} INFO - Processing /Users/sunanda/Downloads/airflow/py_env/lib/python3.9/site-packages/airflow/example_dags/tutorial_taskflow_api_virtualenv.py took 0.260 seconds
[2023-03-25T14:47:15.053-0400] {processor.py:153} INFO - Started process (PID=11133) to work on /Users/sunanda/Downloads/airflow/py_env/lib/python3.9/site-packages/airflow/example_dags/tutorial_taskflow_api_virtualenv.py
[2023-03-25T14:47:15.056-0400] {processor.py:743} INFO - Processing file /Users/sunanda/Downloads/airflow/py_env/lib/python3.9/site-packages/airflow/example_dags/tutorial_taskflow_api_virtualenv.py for tasks to queue
[2023-03-25T14:47:15.056-0400] {logging_mixin.py:137} INFO - [2023-03-25T14:47:15.056-0400] {dagbag.py:532} INFO - Filling up the DagBag from /Users/sunanda/Downloads/airflow/py_env/lib/python3.9/site-packages/airflow/example_dags/tutorial_taskflow_api_virtualenv.py
[2023-03-25T14:47:15.077-0400] {processor.py:753} INFO - DAG(s) dict_keys(['tutorial_taskflow_api_virtualenv']) retrieved from /Users/sunanda/Downloads/airflow/py_env/lib/python3.9/site-packages/airflow/example_dags/tutorial_taskflow_api_virtualenv.py
[2023-03-25T14:47:15.292-0400] {logging_mixin.py:137} INFO - [2023-03-25T14:47:15.291-0400] {dag.py:2693} INFO - Sync 1 DAGs
[2023-03-25T14:47:15.298-0400] {logging_mixin.py:137} INFO - [2023-03-25T14:47:15.298-0400] {dag.py:3440} INFO - Setting next_dagrun for tutorial_taskflow_api_virtualenv to None, run_after=None
[2023-03-25T14:47:15.305-0400] {processor.py:175} INFO - Processing /Users/sunanda/Downloads/airflow/py_env/lib/python3.9/site-packages/airflow/example_dags/tutorial_taskflow_api_virtualenv.py took 0.252 seconds
[2023-03-25T14:47:59.385-0400] {processor.py:153} INFO - Started process (PID=11203) to work on /Users/sunanda/Downloads/airflow/py_env/lib/python3.9/site-packages/airflow/example_dags/tutorial_taskflow_api_virtualenv.py
[2023-03-25T14:47:59.388-0400] {processor.py:743} INFO - Processing file /Users/sunanda/Downloads/airflow/py_env/lib/python3.9/site-packages/airflow/example_dags/tutorial_taskflow_api_virtualenv.py for tasks to queue
[2023-03-25T14:47:59.388-0400] {logging_mixin.py:137} INFO - [2023-03-25T14:47:59.388-0400] {dagbag.py:532} INFO - Filling up the DagBag from /Users/sunanda/Downloads/airflow/py_env/lib/python3.9/site-packages/airflow/example_dags/tutorial_taskflow_api_virtualenv.py
[2023-03-25T14:47:59.408-0400] {processor.py:753} INFO - DAG(s) dict_keys(['tutorial_taskflow_api_virtualenv']) retrieved from /Users/sunanda/Downloads/airflow/py_env/lib/python3.9/site-packages/airflow/example_dags/tutorial_taskflow_api_virtualenv.py
[2023-03-25T14:47:59.624-0400] {logging_mixin.py:137} INFO - [2023-03-25T14:47:59.624-0400] {dag.py:2693} INFO - Sync 1 DAGs
[2023-03-25T14:47:59.630-0400] {logging_mixin.py:137} INFO - [2023-03-25T14:47:59.630-0400] {dag.py:3440} INFO - Setting next_dagrun for tutorial_taskflow_api_virtualenv to None, run_after=None
[2023-03-25T14:47:59.638-0400] {processor.py:175} INFO - Processing /Users/sunanda/Downloads/airflow/py_env/lib/python3.9/site-packages/airflow/example_dags/tutorial_taskflow_api_virtualenv.py took 0.253 seconds
[2023-03-25T16:12:26.083-0400] {processor.py:153} INFO - Started process (PID=17927) to work on /Users/sunanda/Downloads/airflow/py_env/lib/python3.9/site-packages/airflow/example_dags/tutorial_taskflow_api_virtualenv.py
[2023-03-25T16:12:26.086-0400] {processor.py:743} INFO - Processing file /Users/sunanda/Downloads/airflow/py_env/lib/python3.9/site-packages/airflow/example_dags/tutorial_taskflow_api_virtualenv.py for tasks to queue
[2023-03-25T16:12:26.087-0400] {logging_mixin.py:137} INFO - [2023-03-25T16:12:26.087-0400] {dagbag.py:532} INFO - Filling up the DagBag from /Users/sunanda/Downloads/airflow/py_env/lib/python3.9/site-packages/airflow/example_dags/tutorial_taskflow_api_virtualenv.py
[2023-03-25T16:12:26.107-0400] {processor.py:753} INFO - DAG(s) dict_keys(['tutorial_taskflow_api_virtualenv']) retrieved from /Users/sunanda/Downloads/airflow/py_env/lib/python3.9/site-packages/airflow/example_dags/tutorial_taskflow_api_virtualenv.py
[2023-03-25T16:12:26.324-0400] {logging_mixin.py:137} INFO - [2023-03-25T16:12:26.323-0400] {dag.py:2693} INFO - Sync 1 DAGs
[2023-03-25T16:12:26.330-0400] {logging_mixin.py:137} INFO - [2023-03-25T16:12:26.330-0400] {dag.py:3440} INFO - Setting next_dagrun for tutorial_taskflow_api_virtualenv to None, run_after=None
[2023-03-25T16:12:26.338-0400] {processor.py:175} INFO - Processing /Users/sunanda/Downloads/airflow/py_env/lib/python3.9/site-packages/airflow/example_dags/tutorial_taskflow_api_virtualenv.py took 0.255 seconds
