[2023-03-25T14:09:18.013-0400] {processor.py:153} INFO - Started process (PID=8064) to work on /Users/sunanda/Downloads/airflow/py_env/lib/python3.9/site-packages/airflow/example_dags/tutorial.py
[2023-03-25T14:09:18.016-0400] {processor.py:743} INFO - Processing file /Users/sunanda/Downloads/airflow/py_env/lib/python3.9/site-packages/airflow/example_dags/tutorial.py for tasks to queue
[2023-03-25T14:09:18.016-0400] {logging_mixin.py:137} INFO - [2023-03-25T14:09:18.016-0400] {dagbag.py:532} INFO - Filling up the DagBag from /Users/sunanda/Downloads/airflow/py_env/lib/python3.9/site-packages/airflow/example_dags/tutorial.py
[2023-03-25T14:09:18.026-0400] {processor.py:753} INFO - DAG(s) dict_keys(['tutorial']) retrieved from /Users/sunanda/Downloads/airflow/py_env/lib/python3.9/site-packages/airflow/example_dags/tutorial.py
[2023-03-25T14:09:18.242-0400] {logging_mixin.py:137} INFO - [2023-03-25T14:09:18.241-0400] {dag.py:2693} INFO - Sync 1 DAGs
[2023-03-25T14:09:18.248-0400] {logging_mixin.py:137} INFO - [2023-03-25T14:09:18.248-0400] {dag.py:3440} INFO - Setting next_dagrun for tutorial to 2023-03-24T18:09:18.248249+00:00, run_after=2023-03-25T18:09:18.248249+00:00
[2023-03-25T14:09:18.255-0400] {processor.py:175} INFO - Processing /Users/sunanda/Downloads/airflow/py_env/lib/python3.9/site-packages/airflow/example_dags/tutorial.py took 0.242 seconds
[2023-03-25T14:10:42.771-0400] {processor.py:153} INFO - Started process (PID=8198) to work on /Users/sunanda/Downloads/airflow/py_env/lib/python3.9/site-packages/airflow/example_dags/tutorial.py
[2023-03-25T14:10:42.773-0400] {processor.py:743} INFO - Processing file /Users/sunanda/Downloads/airflow/py_env/lib/python3.9/site-packages/airflow/example_dags/tutorial.py for tasks to queue
[2023-03-25T14:10:42.774-0400] {logging_mixin.py:137} INFO - [2023-03-25T14:10:42.774-0400] {dagbag.py:532} INFO - Filling up the DagBag from /Users/sunanda/Downloads/airflow/py_env/lib/python3.9/site-packages/airflow/example_dags/tutorial.py
[2023-03-25T14:10:42.784-0400] {processor.py:753} INFO - DAG(s) dict_keys(['tutorial']) retrieved from /Users/sunanda/Downloads/airflow/py_env/lib/python3.9/site-packages/airflow/example_dags/tutorial.py
[2023-03-25T14:10:43.005-0400] {logging_mixin.py:137} INFO - [2023-03-25T14:10:43.005-0400] {dag.py:2693} INFO - Sync 1 DAGs
[2023-03-25T14:10:43.012-0400] {logging_mixin.py:137} INFO - [2023-03-25T14:10:43.012-0400] {dag.py:3440} INFO - Setting next_dagrun for tutorial to 2023-03-24T18:10:43.012232+00:00, run_after=2023-03-25T18:10:43.012232+00:00
[2023-03-25T14:10:43.019-0400] {processor.py:175} INFO - Processing /Users/sunanda/Downloads/airflow/py_env/lib/python3.9/site-packages/airflow/example_dags/tutorial.py took 0.249 seconds
[2023-03-25T14:11:58.958-0400] {processor.py:153} INFO - Started process (PID=8334) to work on /Users/sunanda/Downloads/airflow/py_env/lib/python3.9/site-packages/airflow/example_dags/tutorial.py
[2023-03-25T14:11:58.960-0400] {processor.py:743} INFO - Processing file /Users/sunanda/Downloads/airflow/py_env/lib/python3.9/site-packages/airflow/example_dags/tutorial.py for tasks to queue
[2023-03-25T14:11:58.960-0400] {logging_mixin.py:137} INFO - [2023-03-25T14:11:58.960-0400] {dagbag.py:532} INFO - Filling up the DagBag from /Users/sunanda/Downloads/airflow/py_env/lib/python3.9/site-packages/airflow/example_dags/tutorial.py
[2023-03-25T14:11:58.970-0400] {processor.py:753} INFO - DAG(s) dict_keys(['tutorial']) retrieved from /Users/sunanda/Downloads/airflow/py_env/lib/python3.9/site-packages/airflow/example_dags/tutorial.py
[2023-03-25T14:11:59.178-0400] {logging_mixin.py:137} INFO - [2023-03-25T14:11:59.178-0400] {dag.py:2693} INFO - Sync 1 DAGs
[2023-03-25T14:11:59.185-0400] {logging_mixin.py:137} INFO - [2023-03-25T14:11:59.185-0400] {dag.py:3440} INFO - Setting next_dagrun for tutorial to 2023-03-24T18:11:59.185016+00:00, run_after=2023-03-25T18:11:59.185016+00:00
[2023-03-25T14:11:59.192-0400] {processor.py:175} INFO - Processing /Users/sunanda/Downloads/airflow/py_env/lib/python3.9/site-packages/airflow/example_dags/tutorial.py took 0.234 seconds
[2023-03-25T14:13:27.736-0400] {processor.py:153} INFO - Started process (PID=8483) to work on /Users/sunanda/Downloads/airflow/py_env/lib/python3.9/site-packages/airflow/example_dags/tutorial.py
[2023-03-25T14:13:27.739-0400] {processor.py:743} INFO - Processing file /Users/sunanda/Downloads/airflow/py_env/lib/python3.9/site-packages/airflow/example_dags/tutorial.py for tasks to queue
[2023-03-25T14:13:27.739-0400] {logging_mixin.py:137} INFO - [2023-03-25T14:13:27.739-0400] {dagbag.py:532} INFO - Filling up the DagBag from /Users/sunanda/Downloads/airflow/py_env/lib/python3.9/site-packages/airflow/example_dags/tutorial.py
[2023-03-25T14:13:27.750-0400] {processor.py:753} INFO - DAG(s) dict_keys(['tutorial']) retrieved from /Users/sunanda/Downloads/airflow/py_env/lib/python3.9/site-packages/airflow/example_dags/tutorial.py
[2023-03-25T14:13:27.967-0400] {logging_mixin.py:137} INFO - [2023-03-25T14:13:27.966-0400] {dag.py:2693} INFO - Sync 1 DAGs
[2023-03-25T14:13:27.973-0400] {logging_mixin.py:137} INFO - [2023-03-25T14:13:27.973-0400] {dag.py:3440} INFO - Setting next_dagrun for tutorial to 2023-03-24T18:13:27.973701+00:00, run_after=2023-03-25T18:13:27.973701+00:00
[2023-03-25T14:13:27.981-0400] {processor.py:175} INFO - Processing /Users/sunanda/Downloads/airflow/py_env/lib/python3.9/site-packages/airflow/example_dags/tutorial.py took 0.246 seconds
[2023-03-25T14:14:49.193-0400] {processor.py:153} INFO - Started process (PID=8614) to work on /Users/sunanda/Downloads/airflow/py_env/lib/python3.9/site-packages/airflow/example_dags/tutorial.py
[2023-03-25T14:14:49.196-0400] {processor.py:743} INFO - Processing file /Users/sunanda/Downloads/airflow/py_env/lib/python3.9/site-packages/airflow/example_dags/tutorial.py for tasks to queue
[2023-03-25T14:14:49.197-0400] {logging_mixin.py:137} INFO - [2023-03-25T14:14:49.197-0400] {dagbag.py:532} INFO - Filling up the DagBag from /Users/sunanda/Downloads/airflow/py_env/lib/python3.9/site-packages/airflow/example_dags/tutorial.py
[2023-03-25T14:14:49.206-0400] {processor.py:753} INFO - DAG(s) dict_keys(['tutorial']) retrieved from /Users/sunanda/Downloads/airflow/py_env/lib/python3.9/site-packages/airflow/example_dags/tutorial.py
[2023-03-25T14:14:49.419-0400] {logging_mixin.py:137} INFO - [2023-03-25T14:14:49.419-0400] {dag.py:2693} INFO - Sync 1 DAGs
[2023-03-25T14:14:49.425-0400] {logging_mixin.py:137} INFO - [2023-03-25T14:14:49.425-0400] {dag.py:3440} INFO - Setting next_dagrun for tutorial to 2023-03-24T18:14:49.425579+00:00, run_after=2023-03-25T18:14:49.425579+00:00
[2023-03-25T14:14:49.432-0400] {processor.py:175} INFO - Processing /Users/sunanda/Downloads/airflow/py_env/lib/python3.9/site-packages/airflow/example_dags/tutorial.py took 0.239 seconds
[2023-03-25T14:15:34.725-0400] {processor.py:153} INFO - Started process (PID=8684) to work on /Users/sunanda/Downloads/airflow/py_env/lib/python3.9/site-packages/airflow/example_dags/tutorial.py
[2023-03-25T14:15:34.728-0400] {processor.py:743} INFO - Processing file /Users/sunanda/Downloads/airflow/py_env/lib/python3.9/site-packages/airflow/example_dags/tutorial.py for tasks to queue
[2023-03-25T14:15:34.728-0400] {logging_mixin.py:137} INFO - [2023-03-25T14:15:34.728-0400] {dagbag.py:532} INFO - Filling up the DagBag from /Users/sunanda/Downloads/airflow/py_env/lib/python3.9/site-packages/airflow/example_dags/tutorial.py
[2023-03-25T14:15:34.738-0400] {processor.py:753} INFO - DAG(s) dict_keys(['tutorial']) retrieved from /Users/sunanda/Downloads/airflow/py_env/lib/python3.9/site-packages/airflow/example_dags/tutorial.py
[2023-03-25T14:15:34.951-0400] {logging_mixin.py:137} INFO - [2023-03-25T14:15:34.951-0400] {dag.py:2693} INFO - Sync 1 DAGs
[2023-03-25T14:15:34.958-0400] {logging_mixin.py:137} INFO - [2023-03-25T14:15:34.958-0400] {dag.py:3440} INFO - Setting next_dagrun for tutorial to 2023-03-24T18:15:34.957946+00:00, run_after=2023-03-25T18:15:34.957946+00:00
[2023-03-25T14:15:34.965-0400] {processor.py:175} INFO - Processing /Users/sunanda/Downloads/airflow/py_env/lib/python3.9/site-packages/airflow/example_dags/tutorial.py took 0.240 seconds
[2023-03-25T14:16:22.734-0400] {processor.py:153} INFO - Started process (PID=8755) to work on /Users/sunanda/Downloads/airflow/py_env/lib/python3.9/site-packages/airflow/example_dags/tutorial.py
[2023-03-25T14:16:22.736-0400] {processor.py:743} INFO - Processing file /Users/sunanda/Downloads/airflow/py_env/lib/python3.9/site-packages/airflow/example_dags/tutorial.py for tasks to queue
[2023-03-25T14:16:22.736-0400] {logging_mixin.py:137} INFO - [2023-03-25T14:16:22.736-0400] {dagbag.py:532} INFO - Filling up the DagBag from /Users/sunanda/Downloads/airflow/py_env/lib/python3.9/site-packages/airflow/example_dags/tutorial.py
[2023-03-25T14:16:22.745-0400] {processor.py:753} INFO - DAG(s) dict_keys(['tutorial']) retrieved from /Users/sunanda/Downloads/airflow/py_env/lib/python3.9/site-packages/airflow/example_dags/tutorial.py
[2023-03-25T14:16:22.962-0400] {logging_mixin.py:137} INFO - [2023-03-25T14:16:22.962-0400] {dag.py:2693} INFO - Sync 1 DAGs
[2023-03-25T14:16:22.969-0400] {logging_mixin.py:137} INFO - [2023-03-25T14:16:22.969-0400] {dag.py:3440} INFO - Setting next_dagrun for tutorial to 2023-03-24T18:16:22.969000+00:00, run_after=2023-03-25T18:16:22.969000+00:00
[2023-03-25T14:16:22.976-0400] {processor.py:175} INFO - Processing /Users/sunanda/Downloads/airflow/py_env/lib/python3.9/site-packages/airflow/example_dags/tutorial.py took 0.242 seconds
[2023-03-25T14:17:07.644-0400] {processor.py:153} INFO - Started process (PID=8828) to work on /Users/sunanda/Downloads/airflow/py_env/lib/python3.9/site-packages/airflow/example_dags/tutorial.py
[2023-03-25T14:17:07.646-0400] {processor.py:743} INFO - Processing file /Users/sunanda/Downloads/airflow/py_env/lib/python3.9/site-packages/airflow/example_dags/tutorial.py for tasks to queue
[2023-03-25T14:17:07.646-0400] {logging_mixin.py:137} INFO - [2023-03-25T14:17:07.646-0400] {dagbag.py:532} INFO - Filling up the DagBag from /Users/sunanda/Downloads/airflow/py_env/lib/python3.9/site-packages/airflow/example_dags/tutorial.py
[2023-03-25T14:17:07.656-0400] {processor.py:753} INFO - DAG(s) dict_keys(['tutorial']) retrieved from /Users/sunanda/Downloads/airflow/py_env/lib/python3.9/site-packages/airflow/example_dags/tutorial.py
[2023-03-25T14:17:07.877-0400] {logging_mixin.py:137} INFO - [2023-03-25T14:17:07.877-0400] {dag.py:2693} INFO - Sync 1 DAGs
[2023-03-25T14:17:07.883-0400] {logging_mixin.py:137} INFO - [2023-03-25T14:17:07.883-0400] {dag.py:3440} INFO - Setting next_dagrun for tutorial to 2023-03-24T18:17:07.883733+00:00, run_after=2023-03-25T18:17:07.883733+00:00
[2023-03-25T14:17:07.890-0400] {processor.py:175} INFO - Processing /Users/sunanda/Downloads/airflow/py_env/lib/python3.9/site-packages/airflow/example_dags/tutorial.py took 0.247 seconds
[2023-03-25T14:17:54.695-0400] {processor.py:153} INFO - Started process (PID=8915) to work on /Users/sunanda/Downloads/airflow/py_env/lib/python3.9/site-packages/airflow/example_dags/tutorial.py
[2023-03-25T14:17:54.697-0400] {processor.py:743} INFO - Processing file /Users/sunanda/Downloads/airflow/py_env/lib/python3.9/site-packages/airflow/example_dags/tutorial.py for tasks to queue
[2023-03-25T14:17:54.697-0400] {logging_mixin.py:137} INFO - [2023-03-25T14:17:54.697-0400] {dagbag.py:532} INFO - Filling up the DagBag from /Users/sunanda/Downloads/airflow/py_env/lib/python3.9/site-packages/airflow/example_dags/tutorial.py
[2023-03-25T14:17:54.710-0400] {processor.py:753} INFO - DAG(s) dict_keys(['tutorial']) retrieved from /Users/sunanda/Downloads/airflow/py_env/lib/python3.9/site-packages/airflow/example_dags/tutorial.py
[2023-03-25T14:17:54.959-0400] {logging_mixin.py:137} INFO - [2023-03-25T14:17:54.958-0400] {dag.py:2693} INFO - Sync 1 DAGs
[2023-03-25T14:17:54.966-0400] {logging_mixin.py:137} INFO - [2023-03-25T14:17:54.966-0400] {dag.py:3440} INFO - Setting next_dagrun for tutorial to 2023-03-24T18:17:54.966579+00:00, run_after=2023-03-25T18:17:54.966579+00:00
[2023-03-25T14:17:54.974-0400] {processor.py:175} INFO - Processing /Users/sunanda/Downloads/airflow/py_env/lib/python3.9/site-packages/airflow/example_dags/tutorial.py took 0.280 seconds
[2023-03-25T14:18:39.567-0400] {processor.py:153} INFO - Started process (PID=8993) to work on /Users/sunanda/Downloads/airflow/py_env/lib/python3.9/site-packages/airflow/example_dags/tutorial.py
[2023-03-25T14:18:39.569-0400] {processor.py:743} INFO - Processing file /Users/sunanda/Downloads/airflow/py_env/lib/python3.9/site-packages/airflow/example_dags/tutorial.py for tasks to queue
[2023-03-25T14:18:39.570-0400] {logging_mixin.py:137} INFO - [2023-03-25T14:18:39.569-0400] {dagbag.py:532} INFO - Filling up the DagBag from /Users/sunanda/Downloads/airflow/py_env/lib/python3.9/site-packages/airflow/example_dags/tutorial.py
[2023-03-25T14:18:39.580-0400] {processor.py:753} INFO - DAG(s) dict_keys(['tutorial']) retrieved from /Users/sunanda/Downloads/airflow/py_env/lib/python3.9/site-packages/airflow/example_dags/tutorial.py
[2023-03-25T14:18:39.816-0400] {logging_mixin.py:137} INFO - [2023-03-25T14:18:39.816-0400] {dag.py:2693} INFO - Sync 1 DAGs
[2023-03-25T14:18:39.824-0400] {logging_mixin.py:137} INFO - [2023-03-25T14:18:39.824-0400] {dag.py:3440} INFO - Setting next_dagrun for tutorial to 2023-03-24T18:18:39.824272+00:00, run_after=2023-03-25T18:18:39.824272+00:00
[2023-03-25T14:18:39.838-0400] {processor.py:175} INFO - Processing /Users/sunanda/Downloads/airflow/py_env/lib/python3.9/site-packages/airflow/example_dags/tutorial.py took 0.271 seconds
[2023-03-25T14:43:00.275-0400] {processor.py:153} INFO - Started process (PID=10716) to work on /Users/sunanda/Downloads/airflow/py_env/lib/python3.9/site-packages/airflow/example_dags/tutorial.py
[2023-03-25T14:43:00.278-0400] {processor.py:743} INFO - Processing file /Users/sunanda/Downloads/airflow/py_env/lib/python3.9/site-packages/airflow/example_dags/tutorial.py for tasks to queue
[2023-03-25T14:43:00.279-0400] {logging_mixin.py:137} INFO - [2023-03-25T14:43:00.279-0400] {dagbag.py:532} INFO - Filling up the DagBag from /Users/sunanda/Downloads/airflow/py_env/lib/python3.9/site-packages/airflow/example_dags/tutorial.py
[2023-03-25T14:43:00.289-0400] {processor.py:753} INFO - DAG(s) dict_keys(['tutorial']) retrieved from /Users/sunanda/Downloads/airflow/py_env/lib/python3.9/site-packages/airflow/example_dags/tutorial.py
[2023-03-25T14:43:00.508-0400] {logging_mixin.py:137} INFO - [2023-03-25T14:43:00.508-0400] {dag.py:2693} INFO - Sync 1 DAGs
[2023-03-25T14:43:00.514-0400] {logging_mixin.py:137} INFO - [2023-03-25T14:43:00.514-0400] {dag.py:3440} INFO - Setting next_dagrun for tutorial to 2023-03-24T18:43:00.514724+00:00, run_after=2023-03-25T18:43:00.514724+00:00
[2023-03-25T14:43:00.521-0400] {processor.py:175} INFO - Processing /Users/sunanda/Downloads/airflow/py_env/lib/python3.9/site-packages/airflow/example_dags/tutorial.py took 0.246 seconds
[2023-03-25T14:44:17.758-0400] {processor.py:153} INFO - Started process (PID=10852) to work on /Users/sunanda/Downloads/airflow/py_env/lib/python3.9/site-packages/airflow/example_dags/tutorial.py
[2023-03-25T14:44:17.760-0400] {processor.py:743} INFO - Processing file /Users/sunanda/Downloads/airflow/py_env/lib/python3.9/site-packages/airflow/example_dags/tutorial.py for tasks to queue
[2023-03-25T14:44:17.760-0400] {logging_mixin.py:137} INFO - [2023-03-25T14:44:17.760-0400] {dagbag.py:532} INFO - Filling up the DagBag from /Users/sunanda/Downloads/airflow/py_env/lib/python3.9/site-packages/airflow/example_dags/tutorial.py
[2023-03-25T14:44:17.770-0400] {processor.py:753} INFO - DAG(s) dict_keys(['tutorial']) retrieved from /Users/sunanda/Downloads/airflow/py_env/lib/python3.9/site-packages/airflow/example_dags/tutorial.py
[2023-03-25T14:44:17.992-0400] {logging_mixin.py:137} INFO - [2023-03-25T14:44:17.991-0400] {dag.py:2693} INFO - Sync 1 DAGs
[2023-03-25T14:44:17.999-0400] {logging_mixin.py:137} INFO - [2023-03-25T14:44:17.998-0400] {dag.py:3440} INFO - Setting next_dagrun for tutorial to 2023-03-24T18:44:17.998879+00:00, run_after=2023-03-25T18:44:17.998879+00:00
[2023-03-25T14:44:18.006-0400] {processor.py:175} INFO - Processing /Users/sunanda/Downloads/airflow/py_env/lib/python3.9/site-packages/airflow/example_dags/tutorial.py took 0.248 seconds
[2023-03-25T14:45:04.386-0400] {processor.py:153} INFO - Started process (PID=10930) to work on /Users/sunanda/Downloads/airflow/py_env/lib/python3.9/site-packages/airflow/example_dags/tutorial.py
[2023-03-25T14:45:04.389-0400] {processor.py:743} INFO - Processing file /Users/sunanda/Downloads/airflow/py_env/lib/python3.9/site-packages/airflow/example_dags/tutorial.py for tasks to queue
[2023-03-25T14:45:04.389-0400] {logging_mixin.py:137} INFO - [2023-03-25T14:45:04.389-0400] {dagbag.py:532} INFO - Filling up the DagBag from /Users/sunanda/Downloads/airflow/py_env/lib/python3.9/site-packages/airflow/example_dags/tutorial.py
[2023-03-25T14:45:04.401-0400] {processor.py:753} INFO - DAG(s) dict_keys(['tutorial']) retrieved from /Users/sunanda/Downloads/airflow/py_env/lib/python3.9/site-packages/airflow/example_dags/tutorial.py
[2023-03-25T14:45:04.623-0400] {logging_mixin.py:137} INFO - [2023-03-25T14:45:04.623-0400] {dag.py:2693} INFO - Sync 1 DAGs
[2023-03-25T14:45:04.630-0400] {logging_mixin.py:137} INFO - [2023-03-25T14:45:04.630-0400] {dag.py:3440} INFO - Setting next_dagrun for tutorial to 2023-03-24T18:45:04.630268+00:00, run_after=2023-03-25T18:45:04.630268+00:00
[2023-03-25T14:45:04.638-0400] {processor.py:175} INFO - Processing /Users/sunanda/Downloads/airflow/py_env/lib/python3.9/site-packages/airflow/example_dags/tutorial.py took 0.252 seconds
[2023-03-25T14:46:33.957-0400] {processor.py:153} INFO - Started process (PID=11070) to work on /Users/sunanda/Downloads/airflow/py_env/lib/python3.9/site-packages/airflow/example_dags/tutorial.py
[2023-03-25T14:46:33.960-0400] {processor.py:743} INFO - Processing file /Users/sunanda/Downloads/airflow/py_env/lib/python3.9/site-packages/airflow/example_dags/tutorial.py for tasks to queue
[2023-03-25T14:46:33.960-0400] {logging_mixin.py:137} INFO - [2023-03-25T14:46:33.960-0400] {dagbag.py:532} INFO - Filling up the DagBag from /Users/sunanda/Downloads/airflow/py_env/lib/python3.9/site-packages/airflow/example_dags/tutorial.py
[2023-03-25T14:46:33.971-0400] {processor.py:753} INFO - DAG(s) dict_keys(['tutorial']) retrieved from /Users/sunanda/Downloads/airflow/py_env/lib/python3.9/site-packages/airflow/example_dags/tutorial.py
[2023-03-25T14:46:34.194-0400] {logging_mixin.py:137} INFO - [2023-03-25T14:46:34.193-0400] {dag.py:2693} INFO - Sync 1 DAGs
[2023-03-25T14:46:34.200-0400] {logging_mixin.py:137} INFO - [2023-03-25T14:46:34.200-0400] {dag.py:3440} INFO - Setting next_dagrun for tutorial to 2023-03-24T18:46:34.200511+00:00, run_after=2023-03-25T18:46:34.200511+00:00
[2023-03-25T14:46:34.208-0400] {processor.py:175} INFO - Processing /Users/sunanda/Downloads/airflow/py_env/lib/python3.9/site-packages/airflow/example_dags/tutorial.py took 0.251 seconds
[2023-03-25T14:47:20.630-0400] {processor.py:153} INFO - Started process (PID=11142) to work on /Users/sunanda/Downloads/airflow/py_env/lib/python3.9/site-packages/airflow/example_dags/tutorial.py
[2023-03-25T14:47:20.633-0400] {processor.py:743} INFO - Processing file /Users/sunanda/Downloads/airflow/py_env/lib/python3.9/site-packages/airflow/example_dags/tutorial.py for tasks to queue
[2023-03-25T14:47:20.633-0400] {logging_mixin.py:137} INFO - [2023-03-25T14:47:20.633-0400] {dagbag.py:532} INFO - Filling up the DagBag from /Users/sunanda/Downloads/airflow/py_env/lib/python3.9/site-packages/airflow/example_dags/tutorial.py
[2023-03-25T14:47:20.644-0400] {processor.py:753} INFO - DAG(s) dict_keys(['tutorial']) retrieved from /Users/sunanda/Downloads/airflow/py_env/lib/python3.9/site-packages/airflow/example_dags/tutorial.py
[2023-03-25T14:47:20.856-0400] {logging_mixin.py:137} INFO - [2023-03-25T14:47:20.856-0400] {dag.py:2693} INFO - Sync 1 DAGs
[2023-03-25T14:47:20.862-0400] {logging_mixin.py:137} INFO - [2023-03-25T14:47:20.862-0400] {dag.py:3440} INFO - Setting next_dagrun for tutorial to 2023-03-24T18:47:20.862579+00:00, run_after=2023-03-25T18:47:20.862579+00:00
[2023-03-25T14:47:20.869-0400] {processor.py:175} INFO - Processing /Users/sunanda/Downloads/airflow/py_env/lib/python3.9/site-packages/airflow/example_dags/tutorial.py took 0.240 seconds
[2023-03-25T16:12:32.167-0400] {processor.py:153} INFO - Started process (PID=17936) to work on /Users/sunanda/Downloads/airflow/py_env/lib/python3.9/site-packages/airflow/example_dags/tutorial.py
[2023-03-25T16:12:32.170-0400] {processor.py:743} INFO - Processing file /Users/sunanda/Downloads/airflow/py_env/lib/python3.9/site-packages/airflow/example_dags/tutorial.py for tasks to queue
[2023-03-25T16:12:32.171-0400] {logging_mixin.py:137} INFO - [2023-03-25T16:12:32.171-0400] {dagbag.py:532} INFO - Filling up the DagBag from /Users/sunanda/Downloads/airflow/py_env/lib/python3.9/site-packages/airflow/example_dags/tutorial.py
[2023-03-25T16:12:32.182-0400] {processor.py:753} INFO - DAG(s) dict_keys(['tutorial']) retrieved from /Users/sunanda/Downloads/airflow/py_env/lib/python3.9/site-packages/airflow/example_dags/tutorial.py
[2023-03-25T16:12:32.403-0400] {logging_mixin.py:137} INFO - [2023-03-25T16:12:32.403-0400] {dag.py:2693} INFO - Sync 1 DAGs
[2023-03-25T16:12:32.410-0400] {logging_mixin.py:137} INFO - [2023-03-25T16:12:32.410-0400] {dag.py:3440} INFO - Setting next_dagrun for tutorial to 2023-03-24T20:12:32.410148+00:00, run_after=2023-03-25T20:12:32.410148+00:00
[2023-03-25T16:12:32.418-0400] {processor.py:175} INFO - Processing /Users/sunanda/Downloads/airflow/py_env/lib/python3.9/site-packages/airflow/example_dags/tutorial.py took 0.251 seconds
