[2023-03-25T14:09:16.133-0400] {processor.py:153} INFO - Started process (PID=8061) to work on /Users/sunanda/Downloads/airflow/py_env/lib/python3.9/site-packages/airflow/example_dags/tutorial_dag.py
[2023-03-25T14:09:16.135-0400] {processor.py:743} INFO - Processing file /Users/sunanda/Downloads/airflow/py_env/lib/python3.9/site-packages/airflow/example_dags/tutorial_dag.py for tasks to queue
[2023-03-25T14:09:16.136-0400] {logging_mixin.py:137} INFO - [2023-03-25T14:09:16.136-0400] {dagbag.py:532} INFO - Filling up the DagBag from /Users/sunanda/Downloads/airflow/py_env/lib/python3.9/site-packages/airflow/example_dags/tutorial_dag.py
[2023-03-25T14:09:16.149-0400] {processor.py:753} INFO - DAG(s) dict_keys(['tutorial_dag']) retrieved from /Users/sunanda/Downloads/airflow/py_env/lib/python3.9/site-packages/airflow/example_dags/tutorial_dag.py
[2023-03-25T14:09:16.358-0400] {logging_mixin.py:137} INFO - [2023-03-25T14:09:16.358-0400] {dag.py:2693} INFO - Sync 1 DAGs
[2023-03-25T14:09:16.365-0400] {logging_mixin.py:137} INFO - [2023-03-25T14:09:16.365-0400] {dag.py:3440} INFO - Setting next_dagrun for tutorial_dag to None, run_after=None
[2023-03-25T14:09:16.372-0400] {processor.py:175} INFO - Processing /Users/sunanda/Downloads/airflow/py_env/lib/python3.9/site-packages/airflow/example_dags/tutorial_dag.py took 0.239 seconds
[2023-03-25T14:10:41.410-0400] {processor.py:153} INFO - Started process (PID=8195) to work on /Users/sunanda/Downloads/airflow/py_env/lib/python3.9/site-packages/airflow/example_dags/tutorial_dag.py
[2023-03-25T14:10:41.413-0400] {processor.py:743} INFO - Processing file /Users/sunanda/Downloads/airflow/py_env/lib/python3.9/site-packages/airflow/example_dags/tutorial_dag.py for tasks to queue
[2023-03-25T14:10:41.413-0400] {logging_mixin.py:137} INFO - [2023-03-25T14:10:41.413-0400] {dagbag.py:532} INFO - Filling up the DagBag from /Users/sunanda/Downloads/airflow/py_env/lib/python3.9/site-packages/airflow/example_dags/tutorial_dag.py
[2023-03-25T14:10:41.428-0400] {processor.py:753} INFO - DAG(s) dict_keys(['tutorial_dag']) retrieved from /Users/sunanda/Downloads/airflow/py_env/lib/python3.9/site-packages/airflow/example_dags/tutorial_dag.py
[2023-03-25T14:10:41.636-0400] {logging_mixin.py:137} INFO - [2023-03-25T14:10:41.636-0400] {dag.py:2693} INFO - Sync 1 DAGs
[2023-03-25T14:10:41.643-0400] {logging_mixin.py:137} INFO - [2023-03-25T14:10:41.643-0400] {dag.py:3440} INFO - Setting next_dagrun for tutorial_dag to None, run_after=None
[2023-03-25T14:10:41.651-0400] {processor.py:175} INFO - Processing /Users/sunanda/Downloads/airflow/py_env/lib/python3.9/site-packages/airflow/example_dags/tutorial_dag.py took 0.241 seconds
[2023-03-25T14:11:57.077-0400] {processor.py:153} INFO - Started process (PID=8327) to work on /Users/sunanda/Downloads/airflow/py_env/lib/python3.9/site-packages/airflow/example_dags/tutorial_dag.py
[2023-03-25T14:11:57.079-0400] {processor.py:743} INFO - Processing file /Users/sunanda/Downloads/airflow/py_env/lib/python3.9/site-packages/airflow/example_dags/tutorial_dag.py for tasks to queue
[2023-03-25T14:11:57.080-0400] {logging_mixin.py:137} INFO - [2023-03-25T14:11:57.080-0400] {dagbag.py:532} INFO - Filling up the DagBag from /Users/sunanda/Downloads/airflow/py_env/lib/python3.9/site-packages/airflow/example_dags/tutorial_dag.py
[2023-03-25T14:11:57.094-0400] {processor.py:753} INFO - DAG(s) dict_keys(['tutorial_dag']) retrieved from /Users/sunanda/Downloads/airflow/py_env/lib/python3.9/site-packages/airflow/example_dags/tutorial_dag.py
[2023-03-25T14:11:57.311-0400] {logging_mixin.py:137} INFO - [2023-03-25T14:11:57.311-0400] {dag.py:2693} INFO - Sync 1 DAGs
[2023-03-25T14:11:57.318-0400] {logging_mixin.py:137} INFO - [2023-03-25T14:11:57.318-0400] {dag.py:3440} INFO - Setting next_dagrun for tutorial_dag to None, run_after=None
[2023-03-25T14:11:57.326-0400] {processor.py:175} INFO - Processing /Users/sunanda/Downloads/airflow/py_env/lib/python3.9/site-packages/airflow/example_dags/tutorial_dag.py took 0.250 seconds
[2023-03-25T14:12:42.178-0400] {processor.py:153} INFO - Started process (PID=8415) to work on /Users/sunanda/Downloads/airflow/py_env/lib/python3.9/site-packages/airflow/example_dags/tutorial_dag.py
[2023-03-25T14:12:42.181-0400] {processor.py:743} INFO - Processing file /Users/sunanda/Downloads/airflow/py_env/lib/python3.9/site-packages/airflow/example_dags/tutorial_dag.py for tasks to queue
[2023-03-25T14:12:42.182-0400] {logging_mixin.py:137} INFO - [2023-03-25T14:12:42.182-0400] {dagbag.py:532} INFO - Filling up the DagBag from /Users/sunanda/Downloads/airflow/py_env/lib/python3.9/site-packages/airflow/example_dags/tutorial_dag.py
[2023-03-25T14:12:42.197-0400] {processor.py:753} INFO - DAG(s) dict_keys(['tutorial_dag']) retrieved from /Users/sunanda/Downloads/airflow/py_env/lib/python3.9/site-packages/airflow/example_dags/tutorial_dag.py
[2023-03-25T14:12:42.403-0400] {logging_mixin.py:137} INFO - [2023-03-25T14:12:42.403-0400] {dag.py:2693} INFO - Sync 1 DAGs
[2023-03-25T14:12:42.409-0400] {logging_mixin.py:137} INFO - [2023-03-25T14:12:42.409-0400] {dag.py:3440} INFO - Setting next_dagrun for tutorial_dag to None, run_after=None
[2023-03-25T14:12:42.416-0400] {processor.py:175} INFO - Processing /Users/sunanda/Downloads/airflow/py_env/lib/python3.9/site-packages/airflow/example_dags/tutorial_dag.py took 0.238 seconds
[2023-03-25T14:13:25.797-0400] {processor.py:153} INFO - Started process (PID=8480) to work on /Users/sunanda/Downloads/airflow/py_env/lib/python3.9/site-packages/airflow/example_dags/tutorial_dag.py
[2023-03-25T14:13:25.799-0400] {processor.py:743} INFO - Processing file /Users/sunanda/Downloads/airflow/py_env/lib/python3.9/site-packages/airflow/example_dags/tutorial_dag.py for tasks to queue
[2023-03-25T14:13:25.799-0400] {logging_mixin.py:137} INFO - [2023-03-25T14:13:25.799-0400] {dagbag.py:532} INFO - Filling up the DagBag from /Users/sunanda/Downloads/airflow/py_env/lib/python3.9/site-packages/airflow/example_dags/tutorial_dag.py
[2023-03-25T14:13:25.813-0400] {processor.py:753} INFO - DAG(s) dict_keys(['tutorial_dag']) retrieved from /Users/sunanda/Downloads/airflow/py_env/lib/python3.9/site-packages/airflow/example_dags/tutorial_dag.py
[2023-03-25T14:13:26.023-0400] {logging_mixin.py:137} INFO - [2023-03-25T14:13:26.023-0400] {dag.py:2693} INFO - Sync 1 DAGs
[2023-03-25T14:13:26.029-0400] {logging_mixin.py:137} INFO - [2023-03-25T14:13:26.029-0400] {dag.py:3440} INFO - Setting next_dagrun for tutorial_dag to None, run_after=None
[2023-03-25T14:13:26.036-0400] {processor.py:175} INFO - Processing /Users/sunanda/Downloads/airflow/py_env/lib/python3.9/site-packages/airflow/example_dags/tutorial_dag.py took 0.240 seconds
[2023-03-25T14:14:07.762-0400] {processor.py:153} INFO - Started process (PID=8549) to work on /Users/sunanda/Downloads/airflow/py_env/lib/python3.9/site-packages/airflow/example_dags/tutorial_dag.py
[2023-03-25T14:14:07.764-0400] {processor.py:743} INFO - Processing file /Users/sunanda/Downloads/airflow/py_env/lib/python3.9/site-packages/airflow/example_dags/tutorial_dag.py for tasks to queue
[2023-03-25T14:14:07.764-0400] {logging_mixin.py:137} INFO - [2023-03-25T14:14:07.764-0400] {dagbag.py:532} INFO - Filling up the DagBag from /Users/sunanda/Downloads/airflow/py_env/lib/python3.9/site-packages/airflow/example_dags/tutorial_dag.py
[2023-03-25T14:14:07.778-0400] {processor.py:753} INFO - DAG(s) dict_keys(['tutorial_dag']) retrieved from /Users/sunanda/Downloads/airflow/py_env/lib/python3.9/site-packages/airflow/example_dags/tutorial_dag.py
[2023-03-25T14:14:07.998-0400] {logging_mixin.py:137} INFO - [2023-03-25T14:14:07.998-0400] {dag.py:2693} INFO - Sync 1 DAGs
[2023-03-25T14:14:08.004-0400] {logging_mixin.py:137} INFO - [2023-03-25T14:14:08.004-0400] {dag.py:3440} INFO - Setting next_dagrun for tutorial_dag to None, run_after=None
[2023-03-25T14:14:08.011-0400] {processor.py:175} INFO - Processing /Users/sunanda/Downloads/airflow/py_env/lib/python3.9/site-packages/airflow/example_dags/tutorial_dag.py took 0.249 seconds
[2023-03-25T14:15:32.841-0400] {processor.py:153} INFO - Started process (PID=8681) to work on /Users/sunanda/Downloads/airflow/py_env/lib/python3.9/site-packages/airflow/example_dags/tutorial_dag.py
[2023-03-25T14:15:32.843-0400] {processor.py:743} INFO - Processing file /Users/sunanda/Downloads/airflow/py_env/lib/python3.9/site-packages/airflow/example_dags/tutorial_dag.py for tasks to queue
[2023-03-25T14:15:32.844-0400] {logging_mixin.py:137} INFO - [2023-03-25T14:15:32.843-0400] {dagbag.py:532} INFO - Filling up the DagBag from /Users/sunanda/Downloads/airflow/py_env/lib/python3.9/site-packages/airflow/example_dags/tutorial_dag.py
[2023-03-25T14:15:32.857-0400] {processor.py:753} INFO - DAG(s) dict_keys(['tutorial_dag']) retrieved from /Users/sunanda/Downloads/airflow/py_env/lib/python3.9/site-packages/airflow/example_dags/tutorial_dag.py
[2023-03-25T14:15:33.066-0400] {logging_mixin.py:137} INFO - [2023-03-25T14:15:33.066-0400] {dag.py:2693} INFO - Sync 1 DAGs
[2023-03-25T14:15:33.073-0400] {logging_mixin.py:137} INFO - [2023-03-25T14:15:33.073-0400] {dag.py:3440} INFO - Setting next_dagrun for tutorial_dag to None, run_after=None
[2023-03-25T14:15:33.079-0400] {processor.py:175} INFO - Processing /Users/sunanda/Downloads/airflow/py_env/lib/python3.9/site-packages/airflow/example_dags/tutorial_dag.py took 0.239 seconds
[2023-03-25T14:16:21.131-0400] {processor.py:153} INFO - Started process (PID=8753) to work on /Users/sunanda/Downloads/airflow/py_env/lib/python3.9/site-packages/airflow/example_dags/tutorial_dag.py
[2023-03-25T14:16:21.133-0400] {processor.py:743} INFO - Processing file /Users/sunanda/Downloads/airflow/py_env/lib/python3.9/site-packages/airflow/example_dags/tutorial_dag.py for tasks to queue
[2023-03-25T14:16:21.133-0400] {logging_mixin.py:137} INFO - [2023-03-25T14:16:21.133-0400] {dagbag.py:532} INFO - Filling up the DagBag from /Users/sunanda/Downloads/airflow/py_env/lib/python3.9/site-packages/airflow/example_dags/tutorial_dag.py
[2023-03-25T14:16:21.148-0400] {processor.py:753} INFO - DAG(s) dict_keys(['tutorial_dag']) retrieved from /Users/sunanda/Downloads/airflow/py_env/lib/python3.9/site-packages/airflow/example_dags/tutorial_dag.py
[2023-03-25T14:16:21.360-0400] {logging_mixin.py:137} INFO - [2023-03-25T14:16:21.360-0400] {dag.py:2693} INFO - Sync 1 DAGs
[2023-03-25T14:16:21.367-0400] {logging_mixin.py:137} INFO - [2023-03-25T14:16:21.367-0400] {dag.py:3440} INFO - Setting next_dagrun for tutorial_dag to None, run_after=None
[2023-03-25T14:16:21.373-0400] {processor.py:175} INFO - Processing /Users/sunanda/Downloads/airflow/py_env/lib/python3.9/site-packages/airflow/example_dags/tutorial_dag.py took 0.243 seconds
[2023-03-25T14:17:05.753-0400] {processor.py:153} INFO - Started process (PID=8825) to work on /Users/sunanda/Downloads/airflow/py_env/lib/python3.9/site-packages/airflow/example_dags/tutorial_dag.py
[2023-03-25T14:17:05.755-0400] {processor.py:743} INFO - Processing file /Users/sunanda/Downloads/airflow/py_env/lib/python3.9/site-packages/airflow/example_dags/tutorial_dag.py for tasks to queue
[2023-03-25T14:17:05.755-0400] {logging_mixin.py:137} INFO - [2023-03-25T14:17:05.755-0400] {dagbag.py:532} INFO - Filling up the DagBag from /Users/sunanda/Downloads/airflow/py_env/lib/python3.9/site-packages/airflow/example_dags/tutorial_dag.py
[2023-03-25T14:17:05.770-0400] {processor.py:753} INFO - DAG(s) dict_keys(['tutorial_dag']) retrieved from /Users/sunanda/Downloads/airflow/py_env/lib/python3.9/site-packages/airflow/example_dags/tutorial_dag.py
[2023-03-25T14:17:05.977-0400] {logging_mixin.py:137} INFO - [2023-03-25T14:17:05.977-0400] {dag.py:2693} INFO - Sync 1 DAGs
[2023-03-25T14:17:05.983-0400] {logging_mixin.py:137} INFO - [2023-03-25T14:17:05.983-0400] {dag.py:3440} INFO - Setting next_dagrun for tutorial_dag to None, run_after=None
[2023-03-25T14:17:05.990-0400] {processor.py:175} INFO - Processing /Users/sunanda/Downloads/airflow/py_env/lib/python3.9/site-packages/airflow/example_dags/tutorial_dag.py took 0.237 seconds
[2023-03-25T14:17:52.721-0400] {processor.py:153} INFO - Started process (PID=8911) to work on /Users/sunanda/Downloads/airflow/py_env/lib/python3.9/site-packages/airflow/example_dags/tutorial_dag.py
[2023-03-25T14:17:52.724-0400] {processor.py:743} INFO - Processing file /Users/sunanda/Downloads/airflow/py_env/lib/python3.9/site-packages/airflow/example_dags/tutorial_dag.py for tasks to queue
[2023-03-25T14:17:52.724-0400] {logging_mixin.py:137} INFO - [2023-03-25T14:17:52.724-0400] {dagbag.py:532} INFO - Filling up the DagBag from /Users/sunanda/Downloads/airflow/py_env/lib/python3.9/site-packages/airflow/example_dags/tutorial_dag.py
[2023-03-25T14:17:52.742-0400] {processor.py:753} INFO - DAG(s) dict_keys(['tutorial_dag']) retrieved from /Users/sunanda/Downloads/airflow/py_env/lib/python3.9/site-packages/airflow/example_dags/tutorial_dag.py
[2023-03-25T14:17:52.983-0400] {logging_mixin.py:137} INFO - [2023-03-25T14:17:52.983-0400] {dag.py:2693} INFO - Sync 1 DAGs
[2023-03-25T14:17:52.990-0400] {logging_mixin.py:137} INFO - [2023-03-25T14:17:52.990-0400] {dag.py:3440} INFO - Setting next_dagrun for tutorial_dag to None, run_after=None
[2023-03-25T14:17:52.998-0400] {processor.py:175} INFO - Processing /Users/sunanda/Downloads/airflow/py_env/lib/python3.9/site-packages/airflow/example_dags/tutorial_dag.py took 0.277 seconds
[2023-03-25T14:18:38.162-0400] {processor.py:153} INFO - Started process (PID=8991) to work on /Users/sunanda/Downloads/airflow/py_env/lib/python3.9/site-packages/airflow/example_dags/tutorial_dag.py
[2023-03-25T14:18:38.164-0400] {processor.py:743} INFO - Processing file /Users/sunanda/Downloads/airflow/py_env/lib/python3.9/site-packages/airflow/example_dags/tutorial_dag.py for tasks to queue
[2023-03-25T14:18:38.164-0400] {logging_mixin.py:137} INFO - [2023-03-25T14:18:38.164-0400] {dagbag.py:532} INFO - Filling up the DagBag from /Users/sunanda/Downloads/airflow/py_env/lib/python3.9/site-packages/airflow/example_dags/tutorial_dag.py
[2023-03-25T14:18:38.179-0400] {processor.py:753} INFO - DAG(s) dict_keys(['tutorial_dag']) retrieved from /Users/sunanda/Downloads/airflow/py_env/lib/python3.9/site-packages/airflow/example_dags/tutorial_dag.py
[2023-03-25T14:18:38.406-0400] {logging_mixin.py:137} INFO - [2023-03-25T14:18:38.406-0400] {dag.py:2693} INFO - Sync 1 DAGs
[2023-03-25T14:18:38.413-0400] {logging_mixin.py:137} INFO - [2023-03-25T14:18:38.413-0400] {dag.py:3440} INFO - Setting next_dagrun for tutorial_dag to None, run_after=None
[2023-03-25T14:18:38.421-0400] {processor.py:175} INFO - Processing /Users/sunanda/Downloads/airflow/py_env/lib/python3.9/site-packages/airflow/example_dags/tutorial_dag.py took 0.259 seconds
[2023-03-25T14:42:58.972-0400] {processor.py:153} INFO - Started process (PID=10714) to work on /Users/sunanda/Downloads/airflow/py_env/lib/python3.9/site-packages/airflow/example_dags/tutorial_dag.py
[2023-03-25T14:42:58.976-0400] {processor.py:743} INFO - Processing file /Users/sunanda/Downloads/airflow/py_env/lib/python3.9/site-packages/airflow/example_dags/tutorial_dag.py for tasks to queue
[2023-03-25T14:42:58.976-0400] {logging_mixin.py:137} INFO - [2023-03-25T14:42:58.976-0400] {dagbag.py:532} INFO - Filling up the DagBag from /Users/sunanda/Downloads/airflow/py_env/lib/python3.9/site-packages/airflow/example_dags/tutorial_dag.py
[2023-03-25T14:42:58.993-0400] {processor.py:753} INFO - DAG(s) dict_keys(['tutorial_dag']) retrieved from /Users/sunanda/Downloads/airflow/py_env/lib/python3.9/site-packages/airflow/example_dags/tutorial_dag.py
[2023-03-25T14:42:59.210-0400] {logging_mixin.py:137} INFO - [2023-03-25T14:42:59.210-0400] {dag.py:2693} INFO - Sync 1 DAGs
[2023-03-25T14:42:59.217-0400] {logging_mixin.py:137} INFO - [2023-03-25T14:42:59.217-0400] {dag.py:3440} INFO - Setting next_dagrun for tutorial_dag to None, run_after=None
[2023-03-25T14:42:59.224-0400] {processor.py:175} INFO - Processing /Users/sunanda/Downloads/airflow/py_env/lib/python3.9/site-packages/airflow/example_dags/tutorial_dag.py took 0.252 seconds
[2023-03-25T14:44:15.898-0400] {processor.py:153} INFO - Started process (PID=10849) to work on /Users/sunanda/Downloads/airflow/py_env/lib/python3.9/site-packages/airflow/example_dags/tutorial_dag.py
[2023-03-25T14:44:15.901-0400] {processor.py:743} INFO - Processing file /Users/sunanda/Downloads/airflow/py_env/lib/python3.9/site-packages/airflow/example_dags/tutorial_dag.py for tasks to queue
[2023-03-25T14:44:15.901-0400] {logging_mixin.py:137} INFO - [2023-03-25T14:44:15.901-0400] {dagbag.py:532} INFO - Filling up the DagBag from /Users/sunanda/Downloads/airflow/py_env/lib/python3.9/site-packages/airflow/example_dags/tutorial_dag.py
[2023-03-25T14:44:15.916-0400] {processor.py:753} INFO - DAG(s) dict_keys(['tutorial_dag']) retrieved from /Users/sunanda/Downloads/airflow/py_env/lib/python3.9/site-packages/airflow/example_dags/tutorial_dag.py
[2023-03-25T14:44:16.126-0400] {logging_mixin.py:137} INFO - [2023-03-25T14:44:16.125-0400] {dag.py:2693} INFO - Sync 1 DAGs
[2023-03-25T14:44:16.132-0400] {logging_mixin.py:137} INFO - [2023-03-25T14:44:16.132-0400] {dag.py:3440} INFO - Setting next_dagrun for tutorial_dag to None, run_after=None
[2023-03-25T14:44:16.139-0400] {processor.py:175} INFO - Processing /Users/sunanda/Downloads/airflow/py_env/lib/python3.9/site-packages/airflow/example_dags/tutorial_dag.py took 0.241 seconds
[2023-03-25T14:45:02.494-0400] {processor.py:153} INFO - Started process (PID=10928) to work on /Users/sunanda/Downloads/airflow/py_env/lib/python3.9/site-packages/airflow/example_dags/tutorial_dag.py
[2023-03-25T14:45:02.496-0400] {processor.py:743} INFO - Processing file /Users/sunanda/Downloads/airflow/py_env/lib/python3.9/site-packages/airflow/example_dags/tutorial_dag.py for tasks to queue
[2023-03-25T14:45:02.496-0400] {logging_mixin.py:137} INFO - [2023-03-25T14:45:02.496-0400] {dagbag.py:532} INFO - Filling up the DagBag from /Users/sunanda/Downloads/airflow/py_env/lib/python3.9/site-packages/airflow/example_dags/tutorial_dag.py
[2023-03-25T14:45:02.512-0400] {processor.py:753} INFO - DAG(s) dict_keys(['tutorial_dag']) retrieved from /Users/sunanda/Downloads/airflow/py_env/lib/python3.9/site-packages/airflow/example_dags/tutorial_dag.py
[2023-03-25T14:45:02.734-0400] {logging_mixin.py:137} INFO - [2023-03-25T14:45:02.734-0400] {dag.py:2693} INFO - Sync 1 DAGs
[2023-03-25T14:45:02.741-0400] {logging_mixin.py:137} INFO - [2023-03-25T14:45:02.741-0400] {dag.py:3440} INFO - Setting next_dagrun for tutorial_dag to None, run_after=None
[2023-03-25T14:45:02.749-0400] {processor.py:175} INFO - Processing /Users/sunanda/Downloads/airflow/py_env/lib/python3.9/site-packages/airflow/example_dags/tutorial_dag.py took 0.255 seconds
[2023-03-25T14:45:47.320-0400] {processor.py:153} INFO - Started process (PID=10998) to work on /Users/sunanda/Downloads/airflow/py_env/lib/python3.9/site-packages/airflow/example_dags/tutorial_dag.py
[2023-03-25T14:45:47.323-0400] {processor.py:743} INFO - Processing file /Users/sunanda/Downloads/airflow/py_env/lib/python3.9/site-packages/airflow/example_dags/tutorial_dag.py for tasks to queue
[2023-03-25T14:45:47.323-0400] {logging_mixin.py:137} INFO - [2023-03-25T14:45:47.323-0400] {dagbag.py:532} INFO - Filling up the DagBag from /Users/sunanda/Downloads/airflow/py_env/lib/python3.9/site-packages/airflow/example_dags/tutorial_dag.py
[2023-03-25T14:45:47.339-0400] {processor.py:753} INFO - DAG(s) dict_keys(['tutorial_dag']) retrieved from /Users/sunanda/Downloads/airflow/py_env/lib/python3.9/site-packages/airflow/example_dags/tutorial_dag.py
[2023-03-25T14:45:47.552-0400] {logging_mixin.py:137} INFO - [2023-03-25T14:45:47.552-0400] {dag.py:2693} INFO - Sync 1 DAGs
[2023-03-25T14:45:47.558-0400] {logging_mixin.py:137} INFO - [2023-03-25T14:45:47.558-0400] {dag.py:3440} INFO - Setting next_dagrun for tutorial_dag to None, run_after=None
[2023-03-25T14:45:47.566-0400] {processor.py:175} INFO - Processing /Users/sunanda/Downloads/airflow/py_env/lib/python3.9/site-packages/airflow/example_dags/tutorial_dag.py took 0.246 seconds
[2023-03-25T14:46:32.053-0400] {processor.py:153} INFO - Started process (PID=11067) to work on /Users/sunanda/Downloads/airflow/py_env/lib/python3.9/site-packages/airflow/example_dags/tutorial_dag.py
[2023-03-25T14:46:32.057-0400] {processor.py:743} INFO - Processing file /Users/sunanda/Downloads/airflow/py_env/lib/python3.9/site-packages/airflow/example_dags/tutorial_dag.py for tasks to queue
[2023-03-25T14:46:32.057-0400] {logging_mixin.py:137} INFO - [2023-03-25T14:46:32.057-0400] {dagbag.py:532} INFO - Filling up the DagBag from /Users/sunanda/Downloads/airflow/py_env/lib/python3.9/site-packages/airflow/example_dags/tutorial_dag.py
[2023-03-25T14:46:32.072-0400] {processor.py:753} INFO - DAG(s) dict_keys(['tutorial_dag']) retrieved from /Users/sunanda/Downloads/airflow/py_env/lib/python3.9/site-packages/airflow/example_dags/tutorial_dag.py
[2023-03-25T14:46:32.297-0400] {logging_mixin.py:137} INFO - [2023-03-25T14:46:32.297-0400] {dag.py:2693} INFO - Sync 1 DAGs
[2023-03-25T14:46:32.304-0400] {logging_mixin.py:137} INFO - [2023-03-25T14:46:32.304-0400] {dag.py:3440} INFO - Setting next_dagrun for tutorial_dag to None, run_after=None
[2023-03-25T14:46:32.312-0400] {processor.py:175} INFO - Processing /Users/sunanda/Downloads/airflow/py_env/lib/python3.9/site-packages/airflow/example_dags/tutorial_dag.py took 0.259 seconds
[2023-03-25T14:47:18.773-0400] {processor.py:153} INFO - Started process (PID=11139) to work on /Users/sunanda/Downloads/airflow/py_env/lib/python3.9/site-packages/airflow/example_dags/tutorial_dag.py
[2023-03-25T14:47:18.777-0400] {processor.py:743} INFO - Processing file /Users/sunanda/Downloads/airflow/py_env/lib/python3.9/site-packages/airflow/example_dags/tutorial_dag.py for tasks to queue
[2023-03-25T14:47:18.777-0400] {logging_mixin.py:137} INFO - [2023-03-25T14:47:18.777-0400] {dagbag.py:532} INFO - Filling up the DagBag from /Users/sunanda/Downloads/airflow/py_env/lib/python3.9/site-packages/airflow/example_dags/tutorial_dag.py
[2023-03-25T14:47:18.793-0400] {processor.py:753} INFO - DAG(s) dict_keys(['tutorial_dag']) retrieved from /Users/sunanda/Downloads/airflow/py_env/lib/python3.9/site-packages/airflow/example_dags/tutorial_dag.py
[2023-03-25T14:47:19.009-0400] {logging_mixin.py:137} INFO - [2023-03-25T14:47:19.008-0400] {dag.py:2693} INFO - Sync 1 DAGs
[2023-03-25T14:47:19.015-0400] {logging_mixin.py:137} INFO - [2023-03-25T14:47:19.015-0400] {dag.py:3440} INFO - Setting next_dagrun for tutorial_dag to None, run_after=None
[2023-03-25T14:47:19.023-0400] {processor.py:175} INFO - Processing /Users/sunanda/Downloads/airflow/py_env/lib/python3.9/site-packages/airflow/example_dags/tutorial_dag.py took 0.250 seconds
[2023-03-25T14:48:02.836-0400] {processor.py:153} INFO - Started process (PID=11209) to work on /Users/sunanda/Downloads/airflow/py_env/lib/python3.9/site-packages/airflow/example_dags/tutorial_dag.py
[2023-03-25T14:48:02.839-0400] {processor.py:743} INFO - Processing file /Users/sunanda/Downloads/airflow/py_env/lib/python3.9/site-packages/airflow/example_dags/tutorial_dag.py for tasks to queue
[2023-03-25T14:48:02.839-0400] {logging_mixin.py:137} INFO - [2023-03-25T14:48:02.839-0400] {dagbag.py:532} INFO - Filling up the DagBag from /Users/sunanda/Downloads/airflow/py_env/lib/python3.9/site-packages/airflow/example_dags/tutorial_dag.py
[2023-03-25T14:48:02.854-0400] {processor.py:753} INFO - DAG(s) dict_keys(['tutorial_dag']) retrieved from /Users/sunanda/Downloads/airflow/py_env/lib/python3.9/site-packages/airflow/example_dags/tutorial_dag.py
[2023-03-25T14:48:03.076-0400] {logging_mixin.py:137} INFO - [2023-03-25T14:48:03.075-0400] {dag.py:2693} INFO - Sync 1 DAGs
[2023-03-25T14:48:03.082-0400] {logging_mixin.py:137} INFO - [2023-03-25T14:48:03.082-0400] {dag.py:3440} INFO - Setting next_dagrun for tutorial_dag to None, run_after=None
[2023-03-25T14:48:03.089-0400] {processor.py:175} INFO - Processing /Users/sunanda/Downloads/airflow/py_env/lib/python3.9/site-packages/airflow/example_dags/tutorial_dag.py took 0.254 seconds
[2023-03-25T16:12:30.661-0400] {processor.py:153} INFO - Started process (PID=17933) to work on /Users/sunanda/Downloads/airflow/py_env/lib/python3.9/site-packages/airflow/example_dags/tutorial_dag.py
[2023-03-25T16:12:30.666-0400] {processor.py:743} INFO - Processing file /Users/sunanda/Downloads/airflow/py_env/lib/python3.9/site-packages/airflow/example_dags/tutorial_dag.py for tasks to queue
[2023-03-25T16:12:30.666-0400] {logging_mixin.py:137} INFO - [2023-03-25T16:12:30.666-0400] {dagbag.py:532} INFO - Filling up the DagBag from /Users/sunanda/Downloads/airflow/py_env/lib/python3.9/site-packages/airflow/example_dags/tutorial_dag.py
[2023-03-25T16:12:30.685-0400] {processor.py:753} INFO - DAG(s) dict_keys(['tutorial_dag']) retrieved from /Users/sunanda/Downloads/airflow/py_env/lib/python3.9/site-packages/airflow/example_dags/tutorial_dag.py
[2023-03-25T16:12:30.958-0400] {logging_mixin.py:137} INFO - [2023-03-25T16:12:30.958-0400] {dag.py:2693} INFO - Sync 1 DAGs
[2023-03-25T16:12:30.965-0400] {logging_mixin.py:137} INFO - [2023-03-25T16:12:30.965-0400] {dag.py:3440} INFO - Setting next_dagrun for tutorial_dag to None, run_after=None
[2023-03-25T16:12:30.973-0400] {processor.py:175} INFO - Processing /Users/sunanda/Downloads/airflow/py_env/lib/python3.9/site-packages/airflow/example_dags/tutorial_dag.py took 0.313 seconds
