[2023-03-25T14:09:14.850-0400] {processor.py:153} INFO - Started process (PID=8059) to work on /Users/sunanda/Downloads/airflow/py_env/lib/python3.9/site-packages/airflow/example_dags/tutorial_taskflow_api.py
[2023-03-25T14:09:14.853-0400] {processor.py:743} INFO - Processing file /Users/sunanda/Downloads/airflow/py_env/lib/python3.9/site-packages/airflow/example_dags/tutorial_taskflow_api.py for tasks to queue
[2023-03-25T14:09:14.853-0400] {logging_mixin.py:137} INFO - [2023-03-25T14:09:14.853-0400] {dagbag.py:532} INFO - Filling up the DagBag from /Users/sunanda/Downloads/airflow/py_env/lib/python3.9/site-packages/airflow/example_dags/tutorial_taskflow_api.py
[2023-03-25T14:09:14.870-0400] {processor.py:753} INFO - DAG(s) dict_keys(['tutorial_taskflow_api']) retrieved from /Users/sunanda/Downloads/airflow/py_env/lib/python3.9/site-packages/airflow/example_dags/tutorial_taskflow_api.py
[2023-03-25T14:09:15.077-0400] {logging_mixin.py:137} INFO - [2023-03-25T14:09:15.077-0400] {dag.py:2693} INFO - Sync 1 DAGs
[2023-03-25T14:09:15.083-0400] {logging_mixin.py:137} INFO - [2023-03-25T14:09:15.083-0400] {dag.py:3440} INFO - Setting next_dagrun for tutorial_taskflow_api to None, run_after=None
[2023-03-25T14:09:15.091-0400] {processor.py:175} INFO - Processing /Users/sunanda/Downloads/airflow/py_env/lib/python3.9/site-packages/airflow/example_dags/tutorial_taskflow_api.py took 0.241 seconds
[2023-03-25T14:10:39.511-0400] {processor.py:153} INFO - Started process (PID=8192) to work on /Users/sunanda/Downloads/airflow/py_env/lib/python3.9/site-packages/airflow/example_dags/tutorial_taskflow_api.py
[2023-03-25T14:10:39.513-0400] {processor.py:743} INFO - Processing file /Users/sunanda/Downloads/airflow/py_env/lib/python3.9/site-packages/airflow/example_dags/tutorial_taskflow_api.py for tasks to queue
[2023-03-25T14:10:39.513-0400] {logging_mixin.py:137} INFO - [2023-03-25T14:10:39.513-0400] {dagbag.py:532} INFO - Filling up the DagBag from /Users/sunanda/Downloads/airflow/py_env/lib/python3.9/site-packages/airflow/example_dags/tutorial_taskflow_api.py
[2023-03-25T14:10:39.531-0400] {processor.py:753} INFO - DAG(s) dict_keys(['tutorial_taskflow_api']) retrieved from /Users/sunanda/Downloads/airflow/py_env/lib/python3.9/site-packages/airflow/example_dags/tutorial_taskflow_api.py
[2023-03-25T14:10:39.735-0400] {logging_mixin.py:137} INFO - [2023-03-25T14:10:39.735-0400] {dag.py:2693} INFO - Sync 1 DAGs
[2023-03-25T14:10:39.742-0400] {logging_mixin.py:137} INFO - [2023-03-25T14:10:39.741-0400] {dag.py:3440} INFO - Setting next_dagrun for tutorial_taskflow_api to None, run_after=None
[2023-03-25T14:10:39.750-0400] {processor.py:175} INFO - Processing /Users/sunanda/Downloads/airflow/py_env/lib/python3.9/site-packages/airflow/example_dags/tutorial_taskflow_api.py took 0.239 seconds
[2023-03-25T14:11:55.206-0400] {processor.py:153} INFO - Started process (PID=8322) to work on /Users/sunanda/Downloads/airflow/py_env/lib/python3.9/site-packages/airflow/example_dags/tutorial_taskflow_api.py
[2023-03-25T14:11:55.208-0400] {processor.py:743} INFO - Processing file /Users/sunanda/Downloads/airflow/py_env/lib/python3.9/site-packages/airflow/example_dags/tutorial_taskflow_api.py for tasks to queue
[2023-03-25T14:11:55.208-0400] {logging_mixin.py:137} INFO - [2023-03-25T14:11:55.208-0400] {dagbag.py:532} INFO - Filling up the DagBag from /Users/sunanda/Downloads/airflow/py_env/lib/python3.9/site-packages/airflow/example_dags/tutorial_taskflow_api.py
[2023-03-25T14:11:55.226-0400] {processor.py:753} INFO - DAG(s) dict_keys(['tutorial_taskflow_api']) retrieved from /Users/sunanda/Downloads/airflow/py_env/lib/python3.9/site-packages/airflow/example_dags/tutorial_taskflow_api.py
[2023-03-25T14:11:55.428-0400] {logging_mixin.py:137} INFO - [2023-03-25T14:11:55.428-0400] {dag.py:2693} INFO - Sync 1 DAGs
[2023-03-25T14:11:55.434-0400] {logging_mixin.py:137} INFO - [2023-03-25T14:11:55.434-0400] {dag.py:3440} INFO - Setting next_dagrun for tutorial_taskflow_api to None, run_after=None
[2023-03-25T14:11:55.441-0400] {processor.py:175} INFO - Processing /Users/sunanda/Downloads/airflow/py_env/lib/python3.9/site-packages/airflow/example_dags/tutorial_taskflow_api.py took 0.235 seconds
[2023-03-25T14:12:40.300-0400] {processor.py:153} INFO - Started process (PID=8412) to work on /Users/sunanda/Downloads/airflow/py_env/lib/python3.9/site-packages/airflow/example_dags/tutorial_taskflow_api.py
[2023-03-25T14:12:40.303-0400] {processor.py:743} INFO - Processing file /Users/sunanda/Downloads/airflow/py_env/lib/python3.9/site-packages/airflow/example_dags/tutorial_taskflow_api.py for tasks to queue
[2023-03-25T14:12:40.303-0400] {logging_mixin.py:137} INFO - [2023-03-25T14:12:40.303-0400] {dagbag.py:532} INFO - Filling up the DagBag from /Users/sunanda/Downloads/airflow/py_env/lib/python3.9/site-packages/airflow/example_dags/tutorial_taskflow_api.py
[2023-03-25T14:12:40.321-0400] {processor.py:753} INFO - DAG(s) dict_keys(['tutorial_taskflow_api']) retrieved from /Users/sunanda/Downloads/airflow/py_env/lib/python3.9/site-packages/airflow/example_dags/tutorial_taskflow_api.py
[2023-03-25T14:12:40.524-0400] {logging_mixin.py:137} INFO - [2023-03-25T14:12:40.524-0400] {dag.py:2693} INFO - Sync 1 DAGs
[2023-03-25T14:12:40.530-0400] {logging_mixin.py:137} INFO - [2023-03-25T14:12:40.530-0400] {dag.py:3440} INFO - Setting next_dagrun for tutorial_taskflow_api to None, run_after=None
[2023-03-25T14:12:40.537-0400] {processor.py:175} INFO - Processing /Users/sunanda/Downloads/airflow/py_env/lib/python3.9/site-packages/airflow/example_dags/tutorial_taskflow_api.py took 0.238 seconds
[2023-03-25T14:13:23.887-0400] {processor.py:153} INFO - Started process (PID=8478) to work on /Users/sunanda/Downloads/airflow/py_env/lib/python3.9/site-packages/airflow/example_dags/tutorial_taskflow_api.py
[2023-03-25T14:13:23.890-0400] {processor.py:743} INFO - Processing file /Users/sunanda/Downloads/airflow/py_env/lib/python3.9/site-packages/airflow/example_dags/tutorial_taskflow_api.py for tasks to queue
[2023-03-25T14:13:23.890-0400] {logging_mixin.py:137} INFO - [2023-03-25T14:13:23.890-0400] {dagbag.py:532} INFO - Filling up the DagBag from /Users/sunanda/Downloads/airflow/py_env/lib/python3.9/site-packages/airflow/example_dags/tutorial_taskflow_api.py
[2023-03-25T14:13:23.908-0400] {processor.py:753} INFO - DAG(s) dict_keys(['tutorial_taskflow_api']) retrieved from /Users/sunanda/Downloads/airflow/py_env/lib/python3.9/site-packages/airflow/example_dags/tutorial_taskflow_api.py
[2023-03-25T14:13:24.117-0400] {logging_mixin.py:137} INFO - [2023-03-25T14:13:24.117-0400] {dag.py:2693} INFO - Sync 1 DAGs
[2023-03-25T14:13:24.123-0400] {logging_mixin.py:137} INFO - [2023-03-25T14:13:24.123-0400] {dag.py:3440} INFO - Setting next_dagrun for tutorial_taskflow_api to None, run_after=None
[2023-03-25T14:13:24.130-0400] {processor.py:175} INFO - Processing /Users/sunanda/Downloads/airflow/py_env/lib/python3.9/site-packages/airflow/example_dags/tutorial_taskflow_api.py took 0.243 seconds
[2023-03-25T14:14:06.505-0400] {processor.py:153} INFO - Started process (PID=8547) to work on /Users/sunanda/Downloads/airflow/py_env/lib/python3.9/site-packages/airflow/example_dags/tutorial_taskflow_api.py
[2023-03-25T14:14:06.507-0400] {processor.py:743} INFO - Processing file /Users/sunanda/Downloads/airflow/py_env/lib/python3.9/site-packages/airflow/example_dags/tutorial_taskflow_api.py for tasks to queue
[2023-03-25T14:14:06.508-0400] {logging_mixin.py:137} INFO - [2023-03-25T14:14:06.507-0400] {dagbag.py:532} INFO - Filling up the DagBag from /Users/sunanda/Downloads/airflow/py_env/lib/python3.9/site-packages/airflow/example_dags/tutorial_taskflow_api.py
[2023-03-25T14:14:06.528-0400] {processor.py:753} INFO - DAG(s) dict_keys(['tutorial_taskflow_api']) retrieved from /Users/sunanda/Downloads/airflow/py_env/lib/python3.9/site-packages/airflow/example_dags/tutorial_taskflow_api.py
[2023-03-25T14:14:06.747-0400] {logging_mixin.py:137} INFO - [2023-03-25T14:14:06.747-0400] {dag.py:2693} INFO - Sync 1 DAGs
[2023-03-25T14:14:06.754-0400] {logging_mixin.py:137} INFO - [2023-03-25T14:14:06.754-0400] {dag.py:3440} INFO - Setting next_dagrun for tutorial_taskflow_api to None, run_after=None
[2023-03-25T14:14:06.762-0400] {processor.py:175} INFO - Processing /Users/sunanda/Downloads/airflow/py_env/lib/python3.9/site-packages/airflow/example_dags/tutorial_taskflow_api.py took 0.258 seconds
[2023-03-25T14:14:47.318-0400] {processor.py:153} INFO - Started process (PID=8611) to work on /Users/sunanda/Downloads/airflow/py_env/lib/python3.9/site-packages/airflow/example_dags/tutorial_taskflow_api.py
[2023-03-25T14:14:47.321-0400] {processor.py:743} INFO - Processing file /Users/sunanda/Downloads/airflow/py_env/lib/python3.9/site-packages/airflow/example_dags/tutorial_taskflow_api.py for tasks to queue
[2023-03-25T14:14:47.321-0400] {logging_mixin.py:137} INFO - [2023-03-25T14:14:47.321-0400] {dagbag.py:532} INFO - Filling up the DagBag from /Users/sunanda/Downloads/airflow/py_env/lib/python3.9/site-packages/airflow/example_dags/tutorial_taskflow_api.py
[2023-03-25T14:14:47.340-0400] {processor.py:753} INFO - DAG(s) dict_keys(['tutorial_taskflow_api']) retrieved from /Users/sunanda/Downloads/airflow/py_env/lib/python3.9/site-packages/airflow/example_dags/tutorial_taskflow_api.py
[2023-03-25T14:14:47.543-0400] {logging_mixin.py:137} INFO - [2023-03-25T14:14:47.543-0400] {dag.py:2693} INFO - Sync 1 DAGs
[2023-03-25T14:14:47.549-0400] {logging_mixin.py:137} INFO - [2023-03-25T14:14:47.549-0400] {dag.py:3440} INFO - Setting next_dagrun for tutorial_taskflow_api to None, run_after=None
[2023-03-25T14:14:47.557-0400] {processor.py:175} INFO - Processing /Users/sunanda/Downloads/airflow/py_env/lib/python3.9/site-packages/airflow/example_dags/tutorial_taskflow_api.py took 0.239 seconds
[2023-03-25T14:15:30.942-0400] {processor.py:153} INFO - Started process (PID=8678) to work on /Users/sunanda/Downloads/airflow/py_env/lib/python3.9/site-packages/airflow/example_dags/tutorial_taskflow_api.py
[2023-03-25T14:15:30.945-0400] {processor.py:743} INFO - Processing file /Users/sunanda/Downloads/airflow/py_env/lib/python3.9/site-packages/airflow/example_dags/tutorial_taskflow_api.py for tasks to queue
[2023-03-25T14:15:30.945-0400] {logging_mixin.py:137} INFO - [2023-03-25T14:15:30.945-0400] {dagbag.py:532} INFO - Filling up the DagBag from /Users/sunanda/Downloads/airflow/py_env/lib/python3.9/site-packages/airflow/example_dags/tutorial_taskflow_api.py
[2023-03-25T14:15:30.964-0400] {processor.py:753} INFO - DAG(s) dict_keys(['tutorial_taskflow_api']) retrieved from /Users/sunanda/Downloads/airflow/py_env/lib/python3.9/site-packages/airflow/example_dags/tutorial_taskflow_api.py
[2023-03-25T14:15:31.174-0400] {logging_mixin.py:137} INFO - [2023-03-25T14:15:31.174-0400] {dag.py:2693} INFO - Sync 1 DAGs
[2023-03-25T14:15:31.180-0400] {logging_mixin.py:137} INFO - [2023-03-25T14:15:31.180-0400] {dag.py:3440} INFO - Setting next_dagrun for tutorial_taskflow_api to None, run_after=None
[2023-03-25T14:15:31.187-0400] {processor.py:175} INFO - Processing /Users/sunanda/Downloads/airflow/py_env/lib/python3.9/site-packages/airflow/example_dags/tutorial_taskflow_api.py took 0.245 seconds
[2023-03-25T14:16:19.239-0400] {processor.py:153} INFO - Started process (PID=8750) to work on /Users/sunanda/Downloads/airflow/py_env/lib/python3.9/site-packages/airflow/example_dags/tutorial_taskflow_api.py
[2023-03-25T14:16:19.241-0400] {processor.py:743} INFO - Processing file /Users/sunanda/Downloads/airflow/py_env/lib/python3.9/site-packages/airflow/example_dags/tutorial_taskflow_api.py for tasks to queue
[2023-03-25T14:16:19.241-0400] {logging_mixin.py:137} INFO - [2023-03-25T14:16:19.241-0400] {dagbag.py:532} INFO - Filling up the DagBag from /Users/sunanda/Downloads/airflow/py_env/lib/python3.9/site-packages/airflow/example_dags/tutorial_taskflow_api.py
[2023-03-25T14:16:19.260-0400] {processor.py:753} INFO - DAG(s) dict_keys(['tutorial_taskflow_api']) retrieved from /Users/sunanda/Downloads/airflow/py_env/lib/python3.9/site-packages/airflow/example_dags/tutorial_taskflow_api.py
[2023-03-25T14:16:19.470-0400] {logging_mixin.py:137} INFO - [2023-03-25T14:16:19.470-0400] {dag.py:2693} INFO - Sync 1 DAGs
[2023-03-25T14:16:19.476-0400] {logging_mixin.py:137} INFO - [2023-03-25T14:16:19.476-0400] {dag.py:3440} INFO - Setting next_dagrun for tutorial_taskflow_api to None, run_after=None
[2023-03-25T14:16:19.484-0400] {processor.py:175} INFO - Processing /Users/sunanda/Downloads/airflow/py_env/lib/python3.9/site-packages/airflow/example_dags/tutorial_taskflow_api.py took 0.245 seconds
[2023-03-25T14:17:03.774-0400] {processor.py:153} INFO - Started process (PID=8822) to work on /Users/sunanda/Downloads/airflow/py_env/lib/python3.9/site-packages/airflow/example_dags/tutorial_taskflow_api.py
[2023-03-25T14:17:03.777-0400] {processor.py:743} INFO - Processing file /Users/sunanda/Downloads/airflow/py_env/lib/python3.9/site-packages/airflow/example_dags/tutorial_taskflow_api.py for tasks to queue
[2023-03-25T14:17:03.777-0400] {logging_mixin.py:137} INFO - [2023-03-25T14:17:03.777-0400] {dagbag.py:532} INFO - Filling up the DagBag from /Users/sunanda/Downloads/airflow/py_env/lib/python3.9/site-packages/airflow/example_dags/tutorial_taskflow_api.py
[2023-03-25T14:17:03.799-0400] {processor.py:753} INFO - DAG(s) dict_keys(['tutorial_taskflow_api']) retrieved from /Users/sunanda/Downloads/airflow/py_env/lib/python3.9/site-packages/airflow/example_dags/tutorial_taskflow_api.py
[2023-03-25T14:17:04.042-0400] {logging_mixin.py:137} INFO - [2023-03-25T14:17:04.041-0400] {dag.py:2693} INFO - Sync 1 DAGs
[2023-03-25T14:17:04.049-0400] {logging_mixin.py:137} INFO - [2023-03-25T14:17:04.049-0400] {dag.py:3440} INFO - Setting next_dagrun for tutorial_taskflow_api to None, run_after=None
[2023-03-25T14:17:04.058-0400] {processor.py:175} INFO - Processing /Users/sunanda/Downloads/airflow/py_env/lib/python3.9/site-packages/airflow/example_dags/tutorial_taskflow_api.py took 0.284 seconds
[2023-03-25T14:17:50.687-0400] {processor.py:153} INFO - Started process (PID=8908) to work on /Users/sunanda/Downloads/airflow/py_env/lib/python3.9/site-packages/airflow/example_dags/tutorial_taskflow_api.py
[2023-03-25T14:17:50.689-0400] {processor.py:743} INFO - Processing file /Users/sunanda/Downloads/airflow/py_env/lib/python3.9/site-packages/airflow/example_dags/tutorial_taskflow_api.py for tasks to queue
[2023-03-25T14:17:50.689-0400] {logging_mixin.py:137} INFO - [2023-03-25T14:17:50.689-0400] {dagbag.py:532} INFO - Filling up the DagBag from /Users/sunanda/Downloads/airflow/py_env/lib/python3.9/site-packages/airflow/example_dags/tutorial_taskflow_api.py
[2023-03-25T14:17:50.710-0400] {processor.py:753} INFO - DAG(s) dict_keys(['tutorial_taskflow_api']) retrieved from /Users/sunanda/Downloads/airflow/py_env/lib/python3.9/site-packages/airflow/example_dags/tutorial_taskflow_api.py
[2023-03-25T14:17:50.946-0400] {logging_mixin.py:137} INFO - [2023-03-25T14:17:50.946-0400] {dag.py:2693} INFO - Sync 1 DAGs
[2023-03-25T14:17:50.958-0400] {logging_mixin.py:137} INFO - [2023-03-25T14:17:50.958-0400] {dag.py:3440} INFO - Setting next_dagrun for tutorial_taskflow_api to None, run_after=None
[2023-03-25T14:17:50.969-0400] {processor.py:175} INFO - Processing /Users/sunanda/Downloads/airflow/py_env/lib/python3.9/site-packages/airflow/example_dags/tutorial_taskflow_api.py took 0.283 seconds
[2023-03-25T14:18:36.306-0400] {processor.py:153} INFO - Started process (PID=8988) to work on /Users/sunanda/Downloads/airflow/py_env/lib/python3.9/site-packages/airflow/example_dags/tutorial_taskflow_api.py
[2023-03-25T14:18:36.309-0400] {processor.py:743} INFO - Processing file /Users/sunanda/Downloads/airflow/py_env/lib/python3.9/site-packages/airflow/example_dags/tutorial_taskflow_api.py for tasks to queue
[2023-03-25T14:18:36.309-0400] {logging_mixin.py:137} INFO - [2023-03-25T14:18:36.309-0400] {dagbag.py:532} INFO - Filling up the DagBag from /Users/sunanda/Downloads/airflow/py_env/lib/python3.9/site-packages/airflow/example_dags/tutorial_taskflow_api.py
[2023-03-25T14:18:36.327-0400] {processor.py:753} INFO - DAG(s) dict_keys(['tutorial_taskflow_api']) retrieved from /Users/sunanda/Downloads/airflow/py_env/lib/python3.9/site-packages/airflow/example_dags/tutorial_taskflow_api.py
[2023-03-25T14:18:36.535-0400] {logging_mixin.py:137} INFO - [2023-03-25T14:18:36.534-0400] {dag.py:2693} INFO - Sync 1 DAGs
[2023-03-25T14:18:36.541-0400] {logging_mixin.py:137} INFO - [2023-03-25T14:18:36.541-0400] {dag.py:3440} INFO - Setting next_dagrun for tutorial_taskflow_api to None, run_after=None
[2023-03-25T14:18:36.548-0400] {processor.py:175} INFO - Processing /Users/sunanda/Downloads/airflow/py_env/lib/python3.9/site-packages/airflow/example_dags/tutorial_taskflow_api.py took 0.242 seconds
[2023-03-25T14:42:57.110-0400] {processor.py:153} INFO - Started process (PID=10711) to work on /Users/sunanda/Downloads/airflow/py_env/lib/python3.9/site-packages/airflow/example_dags/tutorial_taskflow_api.py
[2023-03-25T14:42:57.113-0400] {processor.py:743} INFO - Processing file /Users/sunanda/Downloads/airflow/py_env/lib/python3.9/site-packages/airflow/example_dags/tutorial_taskflow_api.py for tasks to queue
[2023-03-25T14:42:57.114-0400] {logging_mixin.py:137} INFO - [2023-03-25T14:42:57.113-0400] {dagbag.py:532} INFO - Filling up the DagBag from /Users/sunanda/Downloads/airflow/py_env/lib/python3.9/site-packages/airflow/example_dags/tutorial_taskflow_api.py
[2023-03-25T14:42:57.133-0400] {processor.py:753} INFO - DAG(s) dict_keys(['tutorial_taskflow_api']) retrieved from /Users/sunanda/Downloads/airflow/py_env/lib/python3.9/site-packages/airflow/example_dags/tutorial_taskflow_api.py
[2023-03-25T14:42:57.347-0400] {logging_mixin.py:137} INFO - [2023-03-25T14:42:57.346-0400] {dag.py:2693} INFO - Sync 1 DAGs
[2023-03-25T14:42:57.353-0400] {logging_mixin.py:137} INFO - [2023-03-25T14:42:57.353-0400] {dag.py:3440} INFO - Setting next_dagrun for tutorial_taskflow_api to None, run_after=None
[2023-03-25T14:42:57.361-0400] {processor.py:175} INFO - Processing /Users/sunanda/Downloads/airflow/py_env/lib/python3.9/site-packages/airflow/example_dags/tutorial_taskflow_api.py took 0.251 seconds
[2023-03-25T14:44:14.028-0400] {processor.py:153} INFO - Started process (PID=10846) to work on /Users/sunanda/Downloads/airflow/py_env/lib/python3.9/site-packages/airflow/example_dags/tutorial_taskflow_api.py
[2023-03-25T14:44:14.030-0400] {processor.py:743} INFO - Processing file /Users/sunanda/Downloads/airflow/py_env/lib/python3.9/site-packages/airflow/example_dags/tutorial_taskflow_api.py for tasks to queue
[2023-03-25T14:44:14.031-0400] {logging_mixin.py:137} INFO - [2023-03-25T14:44:14.031-0400] {dagbag.py:532} INFO - Filling up the DagBag from /Users/sunanda/Downloads/airflow/py_env/lib/python3.9/site-packages/airflow/example_dags/tutorial_taskflow_api.py
[2023-03-25T14:44:14.050-0400] {processor.py:753} INFO - DAG(s) dict_keys(['tutorial_taskflow_api']) retrieved from /Users/sunanda/Downloads/airflow/py_env/lib/python3.9/site-packages/airflow/example_dags/tutorial_taskflow_api.py
[2023-03-25T14:44:14.266-0400] {logging_mixin.py:137} INFO - [2023-03-25T14:44:14.266-0400] {dag.py:2693} INFO - Sync 1 DAGs
[2023-03-25T14:44:14.272-0400] {logging_mixin.py:137} INFO - [2023-03-25T14:44:14.272-0400] {dag.py:3440} INFO - Setting next_dagrun for tutorial_taskflow_api to None, run_after=None
[2023-03-25T14:44:14.280-0400] {processor.py:175} INFO - Processing /Users/sunanda/Downloads/airflow/py_env/lib/python3.9/site-packages/airflow/example_dags/tutorial_taskflow_api.py took 0.252 seconds
[2023-03-25T14:45:00.617-0400] {processor.py:153} INFO - Started process (PID=10925) to work on /Users/sunanda/Downloads/airflow/py_env/lib/python3.9/site-packages/airflow/example_dags/tutorial_taskflow_api.py
[2023-03-25T14:45:00.620-0400] {processor.py:743} INFO - Processing file /Users/sunanda/Downloads/airflow/py_env/lib/python3.9/site-packages/airflow/example_dags/tutorial_taskflow_api.py for tasks to queue
[2023-03-25T14:45:00.620-0400] {logging_mixin.py:137} INFO - [2023-03-25T14:45:00.620-0400] {dagbag.py:532} INFO - Filling up the DagBag from /Users/sunanda/Downloads/airflow/py_env/lib/python3.9/site-packages/airflow/example_dags/tutorial_taskflow_api.py
[2023-03-25T14:45:00.641-0400] {processor.py:753} INFO - DAG(s) dict_keys(['tutorial_taskflow_api']) retrieved from /Users/sunanda/Downloads/airflow/py_env/lib/python3.9/site-packages/airflow/example_dags/tutorial_taskflow_api.py
[2023-03-25T14:45:00.860-0400] {logging_mixin.py:137} INFO - [2023-03-25T14:45:00.860-0400] {dag.py:2693} INFO - Sync 1 DAGs
[2023-03-25T14:45:00.866-0400] {logging_mixin.py:137} INFO - [2023-03-25T14:45:00.866-0400] {dag.py:3440} INFO - Setting next_dagrun for tutorial_taskflow_api to None, run_after=None
[2023-03-25T14:45:00.874-0400] {processor.py:175} INFO - Processing /Users/sunanda/Downloads/airflow/py_env/lib/python3.9/site-packages/airflow/example_dags/tutorial_taskflow_api.py took 0.258 seconds
[2023-03-25T14:45:45.434-0400] {processor.py:153} INFO - Started process (PID=10994) to work on /Users/sunanda/Downloads/airflow/py_env/lib/python3.9/site-packages/airflow/example_dags/tutorial_taskflow_api.py
[2023-03-25T14:45:45.436-0400] {processor.py:743} INFO - Processing file /Users/sunanda/Downloads/airflow/py_env/lib/python3.9/site-packages/airflow/example_dags/tutorial_taskflow_api.py for tasks to queue
[2023-03-25T14:45:45.437-0400] {logging_mixin.py:137} INFO - [2023-03-25T14:45:45.437-0400] {dagbag.py:532} INFO - Filling up the DagBag from /Users/sunanda/Downloads/airflow/py_env/lib/python3.9/site-packages/airflow/example_dags/tutorial_taskflow_api.py
[2023-03-25T14:45:45.456-0400] {processor.py:753} INFO - DAG(s) dict_keys(['tutorial_taskflow_api']) retrieved from /Users/sunanda/Downloads/airflow/py_env/lib/python3.9/site-packages/airflow/example_dags/tutorial_taskflow_api.py
[2023-03-25T14:45:45.679-0400] {logging_mixin.py:137} INFO - [2023-03-25T14:45:45.679-0400] {dag.py:2693} INFO - Sync 1 DAGs
[2023-03-25T14:45:45.686-0400] {logging_mixin.py:137} INFO - [2023-03-25T14:45:45.686-0400] {dag.py:3440} INFO - Setting next_dagrun for tutorial_taskflow_api to None, run_after=None
[2023-03-25T14:45:45.694-0400] {processor.py:175} INFO - Processing /Users/sunanda/Downloads/airflow/py_env/lib/python3.9/site-packages/airflow/example_dags/tutorial_taskflow_api.py took 0.261 seconds
[2023-03-25T14:46:30.140-0400] {processor.py:153} INFO - Started process (PID=11065) to work on /Users/sunanda/Downloads/airflow/py_env/lib/python3.9/site-packages/airflow/example_dags/tutorial_taskflow_api.py
[2023-03-25T14:46:30.143-0400] {processor.py:743} INFO - Processing file /Users/sunanda/Downloads/airflow/py_env/lib/python3.9/site-packages/airflow/example_dags/tutorial_taskflow_api.py for tasks to queue
[2023-03-25T14:46:30.143-0400] {logging_mixin.py:137} INFO - [2023-03-25T14:46:30.143-0400] {dagbag.py:532} INFO - Filling up the DagBag from /Users/sunanda/Downloads/airflow/py_env/lib/python3.9/site-packages/airflow/example_dags/tutorial_taskflow_api.py
[2023-03-25T14:46:30.163-0400] {processor.py:753} INFO - DAG(s) dict_keys(['tutorial_taskflow_api']) retrieved from /Users/sunanda/Downloads/airflow/py_env/lib/python3.9/site-packages/airflow/example_dags/tutorial_taskflow_api.py
[2023-03-25T14:46:30.382-0400] {logging_mixin.py:137} INFO - [2023-03-25T14:46:30.382-0400] {dag.py:2693} INFO - Sync 1 DAGs
[2023-03-25T14:46:30.388-0400] {logging_mixin.py:137} INFO - [2023-03-25T14:46:30.388-0400] {dag.py:3440} INFO - Setting next_dagrun for tutorial_taskflow_api to None, run_after=None
[2023-03-25T14:46:30.396-0400] {processor.py:175} INFO - Processing /Users/sunanda/Downloads/airflow/py_env/lib/python3.9/site-packages/airflow/example_dags/tutorial_taskflow_api.py took 0.256 seconds
[2023-03-25T14:47:16.916-0400] {processor.py:153} INFO - Started process (PID=11136) to work on /Users/sunanda/Downloads/airflow/py_env/lib/python3.9/site-packages/airflow/example_dags/tutorial_taskflow_api.py
[2023-03-25T14:47:16.919-0400] {processor.py:743} INFO - Processing file /Users/sunanda/Downloads/airflow/py_env/lib/python3.9/site-packages/airflow/example_dags/tutorial_taskflow_api.py for tasks to queue
[2023-03-25T14:47:16.919-0400] {logging_mixin.py:137} INFO - [2023-03-25T14:47:16.919-0400] {dagbag.py:532} INFO - Filling up the DagBag from /Users/sunanda/Downloads/airflow/py_env/lib/python3.9/site-packages/airflow/example_dags/tutorial_taskflow_api.py
[2023-03-25T14:47:16.939-0400] {processor.py:753} INFO - DAG(s) dict_keys(['tutorial_taskflow_api']) retrieved from /Users/sunanda/Downloads/airflow/py_env/lib/python3.9/site-packages/airflow/example_dags/tutorial_taskflow_api.py
[2023-03-25T14:47:17.153-0400] {logging_mixin.py:137} INFO - [2023-03-25T14:47:17.153-0400] {dag.py:2693} INFO - Sync 1 DAGs
[2023-03-25T14:47:17.160-0400] {logging_mixin.py:137} INFO - [2023-03-25T14:47:17.160-0400] {dag.py:3440} INFO - Setting next_dagrun for tutorial_taskflow_api to None, run_after=None
[2023-03-25T14:47:17.167-0400] {processor.py:175} INFO - Processing /Users/sunanda/Downloads/airflow/py_env/lib/python3.9/site-packages/airflow/example_dags/tutorial_taskflow_api.py took 0.252 seconds
[2023-03-25T14:48:00.976-0400] {processor.py:153} INFO - Started process (PID=11206) to work on /Users/sunanda/Downloads/airflow/py_env/lib/python3.9/site-packages/airflow/example_dags/tutorial_taskflow_api.py
[2023-03-25T14:48:00.978-0400] {processor.py:743} INFO - Processing file /Users/sunanda/Downloads/airflow/py_env/lib/python3.9/site-packages/airflow/example_dags/tutorial_taskflow_api.py for tasks to queue
[2023-03-25T14:48:00.978-0400] {logging_mixin.py:137} INFO - [2023-03-25T14:48:00.978-0400] {dagbag.py:532} INFO - Filling up the DagBag from /Users/sunanda/Downloads/airflow/py_env/lib/python3.9/site-packages/airflow/example_dags/tutorial_taskflow_api.py
[2023-03-25T14:48:00.998-0400] {processor.py:753} INFO - DAG(s) dict_keys(['tutorial_taskflow_api']) retrieved from /Users/sunanda/Downloads/airflow/py_env/lib/python3.9/site-packages/airflow/example_dags/tutorial_taskflow_api.py
[2023-03-25T14:48:01.209-0400] {logging_mixin.py:137} INFO - [2023-03-25T14:48:01.209-0400] {dag.py:2693} INFO - Sync 1 DAGs
[2023-03-25T14:48:01.215-0400] {logging_mixin.py:137} INFO - [2023-03-25T14:48:01.215-0400] {dag.py:3440} INFO - Setting next_dagrun for tutorial_taskflow_api to None, run_after=None
[2023-03-25T14:48:01.223-0400] {processor.py:175} INFO - Processing /Users/sunanda/Downloads/airflow/py_env/lib/python3.9/site-packages/airflow/example_dags/tutorial_taskflow_api.py took 0.248 seconds
[2023-03-25T16:12:28.069-0400] {processor.py:153} INFO - Started process (PID=17930) to work on /Users/sunanda/Downloads/airflow/py_env/lib/python3.9/site-packages/airflow/example_dags/tutorial_taskflow_api.py
[2023-03-25T16:12:28.072-0400] {processor.py:743} INFO - Processing file /Users/sunanda/Downloads/airflow/py_env/lib/python3.9/site-packages/airflow/example_dags/tutorial_taskflow_api.py for tasks to queue
[2023-03-25T16:12:28.072-0400] {logging_mixin.py:137} INFO - [2023-03-25T16:12:28.072-0400] {dagbag.py:532} INFO - Filling up the DagBag from /Users/sunanda/Downloads/airflow/py_env/lib/python3.9/site-packages/airflow/example_dags/tutorial_taskflow_api.py
[2023-03-25T16:12:28.093-0400] {processor.py:753} INFO - DAG(s) dict_keys(['tutorial_taskflow_api']) retrieved from /Users/sunanda/Downloads/airflow/py_env/lib/python3.9/site-packages/airflow/example_dags/tutorial_taskflow_api.py
[2023-03-25T16:12:28.328-0400] {logging_mixin.py:137} INFO - [2023-03-25T16:12:28.328-0400] {dag.py:2693} INFO - Sync 1 DAGs
[2023-03-25T16:12:28.340-0400] {logging_mixin.py:137} INFO - [2023-03-25T16:12:28.340-0400] {dag.py:3440} INFO - Setting next_dagrun for tutorial_taskflow_api to None, run_after=None
[2023-03-25T16:12:28.349-0400] {processor.py:175} INFO - Processing /Users/sunanda/Downloads/airflow/py_env/lib/python3.9/site-packages/airflow/example_dags/tutorial_taskflow_api.py took 0.281 seconds
