[2023-03-22T16:34:06.633-0400] {taskinstance.py:1083} INFO - Dependencies all met for <TaskInstance: api_dag.is_api_active manual__2023-03-22T19:06:03.876863+00:00 [queued]>
[2023-03-22T16:34:06.640-0400] {taskinstance.py:1083} INFO - Dependencies all met for <TaskInstance: api_dag.is_api_active manual__2023-03-22T19:06:03.876863+00:00 [queued]>
[2023-03-22T16:34:06.640-0400] {taskinstance.py:1279} INFO - 
--------------------------------------------------------------------------------
[2023-03-22T16:34:06.640-0400] {taskinstance.py:1280} INFO - Starting attempt 14 of 1
[2023-03-22T16:34:06.640-0400] {taskinstance.py:1281} INFO - 
--------------------------------------------------------------------------------
[2023-03-22T16:34:06.644-0400] {taskinstance.py:1300} INFO - Executing <Task(HttpSensor): is_api_active> on 2023-03-22 19:06:03.876863+00:00
[2023-03-22T16:34:06.648-0400] {standard_task_runner.py:55} INFO - Started process 75917 to run task
[2023-03-22T16:34:06.650-0400] {standard_task_runner.py:82} INFO - Running: ['airflow', 'tasks', 'run', 'api_dag', 'is_api_active', 'manual__2023-03-22T19:06:03.876863+00:00', '--job-id', '52', '--raw', '--subdir', 'DAGS_FOLDER/weatherapi_test.py', '--cfg-path', '/var/folders/71/zhs_yc7n05l7c97rnhn92bb80000gn/T/tmpillunre1']
[2023-03-22T16:34:06.651-0400] {standard_task_runner.py:83} INFO - Job 52: Subtask is_api_active
[2023-03-22T16:34:06.674-0400] {task_command.py:388} INFO - Running <TaskInstance: api_dag.is_api_active manual__2023-03-22T19:06:03.876863+00:00 [running]> on host sunandas-laptop.local
[2023-03-22T16:34:06.692-0400] {taskinstance.py:1507} INFO - Exporting the following env vars:
AIRFLOW_CTX_DAG_OWNER=airflow
AIRFLOW_CTX_DAG_ID=api_dag
AIRFLOW_CTX_TASK_ID=is_api_active
AIRFLOW_CTX_EXECUTION_DATE=2023-03-22T19:06:03.876863+00:00
AIRFLOW_CTX_TRY_NUMBER=14
AIRFLOW_CTX_DAG_RUN_ID=manual__2023-03-22T19:06:03.876863+00:00
[2023-03-22T16:34:06.693-0400] {http.py:122} INFO - Poking: weather?q=Monroe,GA,US&units=standard&appid=94ca56afa3eee20f7100985fdfe682aa
[2023-03-22T16:34:06.696-0400] {base.py:73} INFO - Using connection ID 'my_api_connection' for task execution.
[2023-03-22T16:35:17.078-0400] {local_task_job.py:272} WARNING - State of this instance has been externally set to None. Terminating instance.
[2023-03-22T16:35:17.084-0400] {process_utils.py:129} INFO - Sending Signals.SIGTERM to group 75917. PIDs of all processes in the group: [75917]
[2023-03-22T16:35:17.084-0400] {process_utils.py:84} INFO - Sending the signal Signals.SIGTERM to group 75917
