[2023-03-22T19:37:28.553-0400] {taskinstance.py:1083} INFO - Dependencies all met for <TaskInstance: api_dag.is_api_active manual__2023-03-22T19:06:03.876863+00:00 [queued]>
[2023-03-22T19:37:28.560-0400] {taskinstance.py:1083} INFO - Dependencies all met for <TaskInstance: api_dag.is_api_active manual__2023-03-22T19:06:03.876863+00:00 [queued]>
[2023-03-22T19:37:28.560-0400] {taskinstance.py:1279} INFO - 
--------------------------------------------------------------------------------
[2023-03-22T19:37:28.560-0400] {taskinstance.py:1280} INFO - Starting attempt 18 of 1
[2023-03-22T19:37:28.560-0400] {taskinstance.py:1281} INFO - 
--------------------------------------------------------------------------------
[2023-03-22T19:37:28.565-0400] {taskinstance.py:1300} INFO - Executing <Task(HttpSensor): is_api_active> on 2023-03-22 19:06:03.876863+00:00
[2023-03-22T19:37:28.567-0400] {standard_task_runner.py:55} INFO - Started process 5715 to run task
[2023-03-22T19:37:28.570-0400] {standard_task_runner.py:82} INFO - Running: ['airflow', 'tasks', 'run', 'api_dag', 'is_api_active', 'manual__2023-03-22T19:06:03.876863+00:00', '--job-id', '73', '--raw', '--subdir', 'DAGS_FOLDER/weatherapi_test.py', '--cfg-path', '/var/folders/71/zhs_yc7n05l7c97rnhn92bb80000gn/T/tmp8tvlo1lj']
[2023-03-22T19:37:28.571-0400] {standard_task_runner.py:83} INFO - Job 73: Subtask is_api_active
[2023-03-22T19:37:28.596-0400] {task_command.py:388} INFO - Running <TaskInstance: api_dag.is_api_active manual__2023-03-22T19:06:03.876863+00:00 [running]> on host sunandas-laptop.hsd1.ga.comcast.net
[2023-03-22T19:37:28.617-0400] {taskinstance.py:1507} INFO - Exporting the following env vars:
AIRFLOW_CTX_DAG_OWNER=airflow
AIRFLOW_CTX_DAG_ID=api_dag
AIRFLOW_CTX_TASK_ID=is_api_active
AIRFLOW_CTX_EXECUTION_DATE=2023-03-22T19:06:03.876863+00:00
AIRFLOW_CTX_TRY_NUMBER=18
AIRFLOW_CTX_DAG_RUN_ID=manual__2023-03-22T19:06:03.876863+00:00
[2023-03-22T19:37:28.618-0400] {http.py:122} INFO - Poking: weather?q=Monroe,GA,US&units=standard&appid=94ca56afa3eee20f7100985fdfe682aa
[2023-03-22T19:37:28.620-0400] {base.py:73} INFO - Using connection ID 'my_api_connection' for task execution.
