[2023-03-25T16:12:38.640-0400] {taskinstance.py:1084} INFO - Dependencies all met for dep_context=non-requeueable deps ti=<TaskInstance: api_dag.is_api_active scheduled__2023-03-23T00:00:00+00:00 [queued]>
[2023-03-25T16:12:38.644-0400] {taskinstance.py:1084} INFO - Dependencies all met for dep_context=requeueable deps ti=<TaskInstance: api_dag.is_api_active scheduled__2023-03-23T00:00:00+00:00 [queued]>
[2023-03-25T16:12:38.644-0400] {taskinstance.py:1282} INFO - 
--------------------------------------------------------------------------------
[2023-03-25T16:12:38.644-0400] {taskinstance.py:1283} INFO - Starting attempt 5 of 1
[2023-03-25T16:12:38.644-0400] {taskinstance.py:1284} INFO - 
--------------------------------------------------------------------------------
[2023-03-25T16:12:38.648-0400] {taskinstance.py:1303} INFO - Executing <Task(HttpSensor): is_api_active> on 2023-03-23 00:00:00+00:00
[2023-03-25T16:12:38.650-0400] {standard_task_runner.py:55} INFO - Started process 17948 to run task
[2023-03-25T16:12:38.653-0400] {standard_task_runner.py:82} INFO - Running: ['airflow', 'tasks', 'run', 'api_dag', 'is_api_active', 'scheduled__2023-03-23T00:00:00+00:00', '--job-id', '114', '--raw', '--subdir', 'DAGS_FOLDER/weatherapi_test.py', '--cfg-path', '/var/folders/71/zhs_yc7n05l7c97rnhn92bb80000gn/T/tmpk5pfnmtl']
[2023-03-25T16:12:38.654-0400] {standard_task_runner.py:83} INFO - Job 114: Subtask is_api_active
[2023-03-25T16:12:38.675-0400] {task_command.py:388} INFO - Running <TaskInstance: api_dag.is_api_active scheduled__2023-03-23T00:00:00+00:00 [running]> on host sunandas-laptop.hsd1.ga.comcast.net
[2023-03-25T16:12:38.694-0400] {taskinstance.py:1509} INFO - Exporting the following env vars:
AIRFLOW_CTX_DAG_OWNER=airflow
AIRFLOW_CTX_DAG_ID=api_dag
AIRFLOW_CTX_TASK_ID=is_api_active
AIRFLOW_CTX_EXECUTION_DATE=2023-03-23T00:00:00+00:00
AIRFLOW_CTX_TRY_NUMBER=5
AIRFLOW_CTX_DAG_RUN_ID=scheduled__2023-03-23T00:00:00+00:00
[2023-03-25T16:12:38.695-0400] {http.py:122} INFO - Poking: weather?q=Atlanta,Georgia,US&units=standard&appid=94ca56afa3eee20f7100985fdfe682aa
[2023-03-25T16:12:38.697-0400] {base.py:73} INFO - Using connection ID 'my_api_connection' for task execution.
