[2023-03-20T00:26:50.251-0400] {taskinstance.py:1084} INFO - Dependencies all met for dep_context=non-requeueable deps ti=<TaskInstance: api_dag.is_api_active scheduled__2023-03-19T00:00:00+00:00 [queued]>
[2023-03-20T00:26:50.256-0400] {taskinstance.py:1084} INFO - Dependencies all met for dep_context=requeueable deps ti=<TaskInstance: api_dag.is_api_active scheduled__2023-03-19T00:00:00+00:00 [queued]>
[2023-03-20T00:26:50.256-0400] {taskinstance.py:1282} INFO - 
--------------------------------------------------------------------------------
[2023-03-20T00:26:50.256-0400] {taskinstance.py:1283} INFO - Starting attempt 1 of 1
[2023-03-20T00:26:50.256-0400] {taskinstance.py:1284} INFO - 
--------------------------------------------------------------------------------
[2023-03-20T00:26:50.260-0400] {taskinstance.py:1303} INFO - Executing <Task(HttpSensor): is_api_active> on 2023-03-19 00:00:00+00:00
[2023-03-20T00:26:50.262-0400] {standard_task_runner.py:55} INFO - Started process 60085 to run task
[2023-03-20T00:26:50.265-0400] {standard_task_runner.py:82} INFO - Running: ['airflow', 'tasks', 'run', 'api_dag', 'is_api_active', 'scheduled__2023-03-19T00:00:00+00:00', '--job-id', '2', '--raw', '--subdir', 'DAGS_FOLDER/api_dag.py', '--cfg-path', '/var/folders/71/zhs_yc7n05l7c97rnhn92bb80000gn/T/tmpwfjb3qt4']
[2023-03-20T00:26:50.265-0400] {standard_task_runner.py:83} INFO - Job 2: Subtask is_api_active
[2023-03-20T00:26:50.289-0400] {task_command.py:388} INFO - Running <TaskInstance: api_dag.is_api_active scheduled__2023-03-19T00:00:00+00:00 [running]> on host sunandas-laptop.hsd1.ga.comcast.net
[2023-03-20T00:26:50.305-0400] {taskinstance.py:1509} INFO - Exporting the following env vars:
AIRFLOW_CTX_DAG_OWNER=airflow
AIRFLOW_CTX_DAG_ID=api_dag
AIRFLOW_CTX_TASK_ID=is_api_active
AIRFLOW_CTX_EXECUTION_DATE=2023-03-19T00:00:00+00:00
AIRFLOW_CTX_TRY_NUMBER=1
AIRFLOW_CTX_DAG_RUN_ID=scheduled__2023-03-19T00:00:00+00:00
[2023-03-20T00:26:50.307-0400] {http.py:122} INFO - Poking: posts/
[2023-03-20T00:26:50.309-0400] {base.py:73} INFO - Using connection ID 'api_posts' for task execution.
[2023-03-20T00:37:47.649-0400] {local_task_job.py:113} ERROR - Received SIGTERM. Terminating subprocesses
[2023-03-20T00:37:47.664-0400] {process_utils.py:129} INFO - Sending Signals.SIGTERM to group 60085. PIDs of all processes in the group: [60085]
[2023-03-20T00:37:47.664-0400] {process_utils.py:84} INFO - Sending the signal Signals.SIGTERM to group 60085
[2023-03-20T00:37:53.526-0400] {local_task_job.py:113} ERROR - Received SIGTERM. Terminating subprocesses
[2023-03-20T00:37:53.529-0400] {process_utils.py:129} INFO - Sending Signals.SIGTERM to group 60085. PIDs of all processes in the group: [60085]
[2023-03-20T00:37:53.530-0400] {process_utils.py:84} INFO - Sending the signal Signals.SIGTERM to group 60085
[2023-03-20T18:51:57.489-0400] {taskinstance.py:1083} INFO - Dependencies all met for <TaskInstance: api_dag.is_api_active scheduled__2023-03-19T00:00:00+00:00 [queued]>
[2023-03-20T18:51:57.494-0400] {taskinstance.py:1083} INFO - Dependencies all met for <TaskInstance: api_dag.is_api_active scheduled__2023-03-19T00:00:00+00:00 [queued]>
[2023-03-20T18:51:57.494-0400] {taskinstance.py:1279} INFO - 
--------------------------------------------------------------------------------
[2023-03-20T18:51:57.494-0400] {taskinstance.py:1280} INFO - Starting attempt 1 of 1
[2023-03-20T18:51:57.494-0400] {taskinstance.py:1281} INFO - 
--------------------------------------------------------------------------------
[2023-03-20T18:51:57.498-0400] {taskinstance.py:1300} INFO - Executing <Task(HttpSensor): is_api_active> on 2023-03-19 00:00:00+00:00
[2023-03-20T18:51:57.500-0400] {standard_task_runner.py:55} INFO - Started process 1345 to run task
[2023-03-20T18:51:57.502-0400] {standard_task_runner.py:82} INFO - Running: ['airflow', 'tasks', 'run', 'api_dag', 'is_api_active', 'scheduled__2023-03-19T00:00:00+00:00', '--job-id', '6', '--raw', '--subdir', 'DAGS_FOLDER/weatherapi_test.py', '--cfg-path', '/var/folders/71/zhs_yc7n05l7c97rnhn92bb80000gn/T/tmpj0y5khww']
[2023-03-20T18:51:57.503-0400] {standard_task_runner.py:83} INFO - Job 6: Subtask is_api_active
[2023-03-20T18:51:57.520-0400] {task_command.py:388} INFO - Running <TaskInstance: api_dag.is_api_active scheduled__2023-03-19T00:00:00+00:00 [running]> on host sunandas-laptop.hsd1.ga.comcast.net
[2023-03-20T18:51:57.537-0400] {taskinstance.py:1507} INFO - Exporting the following env vars:
AIRFLOW_CTX_DAG_OWNER=airflow
AIRFLOW_CTX_DAG_ID=api_dag
AIRFLOW_CTX_TASK_ID=is_api_active
AIRFLOW_CTX_EXECUTION_DATE=2023-03-19T00:00:00+00:00
AIRFLOW_CTX_TRY_NUMBER=1
AIRFLOW_CTX_DAG_RUN_ID=scheduled__2023-03-19T00:00:00+00:00
[2023-03-20T18:51:57.537-0400] {http.py:122} INFO - Poking: weather?q=Monroe,GA,US&units=standard&appid=94ca56afa3eee20f7100985fdfe682aa
[2023-03-20T18:51:57.540-0400] {base.py:73} INFO - Using connection ID 'my_api_connection' for task execution.
[2023-03-21T16:10:44.084-0400] {local_task_job.py:234} ERROR - The recorded hostname sunandas-laptop.local does not match this instance's hostname sunandas-laptop.hsd1.ga.comcast.net
[2023-03-21T16:10:44.090-0400] {process_utils.py:129} INFO - Sending Signals.SIGTERM to group 1345. PIDs of all processes in the group: [1345]
[2023-03-21T16:10:44.090-0400] {process_utils.py:84} INFO - Sending the signal Signals.SIGTERM to group 1345
[2023-03-21T16:11:44.127-0400] {process_utils.py:147} WARNING - process psutil.Process(pid=1345, name='Python', status='running', started='18:51:57') did not respond to SIGTERM. Trying SIGKILL
[2023-03-21T16:11:44.128-0400] {process_utils.py:84} INFO - Sending the signal Signals.SIGKILL to group 1345
[2023-03-21T16:11:44.136-0400] {process_utils.py:79} INFO - Process psutil.Process(pid=1345, name='Python', status='terminated', exitcode=<Negsignal.SIGKILL: -9>, started='18:51:57') (1345) terminated with exit code Negsignal.SIGKILL
[2023-03-21T16:11:44.136-0400] {standard_task_runner.py:168} ERROR - Job 8 was killed before it finished (likely due to running out of memory)
