[2023-03-20T00:23:30.465-0400] {processor.py:153} INFO - Started process (PID=59764) to work on /Users/sunanda/Downloads/python-demo/venv/lib/python3.9/site-packages/airflow/example_dags/plugins/event_listener.py
[2023-03-20T00:23:30.467-0400] {processor.py:743} INFO - Processing file /Users/sunanda/Downloads/python-demo/venv/lib/python3.9/site-packages/airflow/example_dags/plugins/event_listener.py for tasks to queue
[2023-03-20T00:23:30.467-0400] {logging_mixin.py:137} INFO - [2023-03-20T00:23:30.467-0400] {dagbag.py:532} INFO - Filling up the DagBag from /Users/sunanda/Downloads/python-demo/venv/lib/python3.9/site-packages/airflow/example_dags/plugins/event_listener.py
[2023-03-20T00:23:30.473-0400] {processor.py:755} WARNING - No viable dags retrieved from /Users/sunanda/Downloads/python-demo/venv/lib/python3.9/site-packages/airflow/example_dags/plugins/event_listener.py
[2023-03-20T00:23:30.768-0400] {processor.py:175} INFO - Processing /Users/sunanda/Downloads/python-demo/venv/lib/python3.9/site-packages/airflow/example_dags/plugins/event_listener.py took 0.303 seconds
[2023-03-20T00:24:52.040-0400] {processor.py:153} INFO - Started process (PID=59890) to work on /Users/sunanda/Downloads/python-demo/venv/lib/python3.9/site-packages/airflow/example_dags/plugins/event_listener.py
[2023-03-20T00:24:52.043-0400] {processor.py:743} INFO - Processing file /Users/sunanda/Downloads/python-demo/venv/lib/python3.9/site-packages/airflow/example_dags/plugins/event_listener.py for tasks to queue
[2023-03-20T00:24:52.043-0400] {logging_mixin.py:137} INFO - [2023-03-20T00:24:52.043-0400] {dagbag.py:532} INFO - Filling up the DagBag from /Users/sunanda/Downloads/python-demo/venv/lib/python3.9/site-packages/airflow/example_dags/plugins/event_listener.py
[2023-03-20T00:24:52.049-0400] {processor.py:755} WARNING - No viable dags retrieved from /Users/sunanda/Downloads/python-demo/venv/lib/python3.9/site-packages/airflow/example_dags/plugins/event_listener.py
[2023-03-20T00:24:52.320-0400] {processor.py:175} INFO - Processing /Users/sunanda/Downloads/python-demo/venv/lib/python3.9/site-packages/airflow/example_dags/plugins/event_listener.py took 0.280 seconds
[2023-03-20T00:25:44.019-0400] {processor.py:153} INFO - Started process (PID=59981) to work on /Users/sunanda/Downloads/python-demo/venv/lib/python3.9/site-packages/airflow/example_dags/plugins/event_listener.py
[2023-03-20T00:25:44.022-0400] {processor.py:743} INFO - Processing file /Users/sunanda/Downloads/python-demo/venv/lib/python3.9/site-packages/airflow/example_dags/plugins/event_listener.py for tasks to queue
[2023-03-20T00:25:44.022-0400] {logging_mixin.py:137} INFO - [2023-03-20T00:25:44.022-0400] {dagbag.py:532} INFO - Filling up the DagBag from /Users/sunanda/Downloads/python-demo/venv/lib/python3.9/site-packages/airflow/example_dags/plugins/event_listener.py
[2023-03-20T00:25:44.027-0400] {processor.py:755} WARNING - No viable dags retrieved from /Users/sunanda/Downloads/python-demo/venv/lib/python3.9/site-packages/airflow/example_dags/plugins/event_listener.py
[2023-03-20T00:25:44.298-0400] {processor.py:175} INFO - Processing /Users/sunanda/Downloads/python-demo/venv/lib/python3.9/site-packages/airflow/example_dags/plugins/event_listener.py took 0.279 seconds
[2023-03-20T00:26:33.675-0400] {processor.py:153} INFO - Started process (PID=60057) to work on /Users/sunanda/Downloads/python-demo/venv/lib/python3.9/site-packages/airflow/example_dags/plugins/event_listener.py
[2023-03-20T00:26:33.678-0400] {processor.py:743} INFO - Processing file /Users/sunanda/Downloads/python-demo/venv/lib/python3.9/site-packages/airflow/example_dags/plugins/event_listener.py for tasks to queue
[2023-03-20T00:26:33.678-0400] {logging_mixin.py:137} INFO - [2023-03-20T00:26:33.678-0400] {dagbag.py:532} INFO - Filling up the DagBag from /Users/sunanda/Downloads/python-demo/venv/lib/python3.9/site-packages/airflow/example_dags/plugins/event_listener.py
[2023-03-20T00:26:33.684-0400] {processor.py:755} WARNING - No viable dags retrieved from /Users/sunanda/Downloads/python-demo/venv/lib/python3.9/site-packages/airflow/example_dags/plugins/event_listener.py
[2023-03-20T00:26:33.946-0400] {processor.py:175} INFO - Processing /Users/sunanda/Downloads/python-demo/venv/lib/python3.9/site-packages/airflow/example_dags/plugins/event_listener.py took 0.271 seconds
