[2023-03-20T00:23:29.120-0400] {processor.py:153} INFO - Started process (PID=59760) to work on /Users/sunanda/Downloads/python-demo/venv/lib/python3.9/site-packages/airflow/example_dags/plugins/listener_plugin.py
[2023-03-20T00:23:29.122-0400] {processor.py:743} INFO - Processing file /Users/sunanda/Downloads/python-demo/venv/lib/python3.9/site-packages/airflow/example_dags/plugins/listener_plugin.py for tasks to queue
[2023-03-20T00:23:29.122-0400] {logging_mixin.py:137} INFO - [2023-03-20T00:23:29.122-0400] {dagbag.py:532} INFO - Filling up the DagBag from /Users/sunanda/Downloads/python-demo/venv/lib/python3.9/site-packages/airflow/example_dags/plugins/listener_plugin.py
[2023-03-20T00:23:29.129-0400] {processor.py:755} WARNING - No viable dags retrieved from /Users/sunanda/Downloads/python-demo/venv/lib/python3.9/site-packages/airflow/example_dags/plugins/listener_plugin.py
[2023-03-20T00:23:29.408-0400] {processor.py:175} INFO - Processing /Users/sunanda/Downloads/python-demo/venv/lib/python3.9/site-packages/airflow/example_dags/plugins/listener_plugin.py took 0.288 seconds
[2023-03-20T00:24:50.101-0400] {processor.py:153} INFO - Started process (PID=59887) to work on /Users/sunanda/Downloads/python-demo/venv/lib/python3.9/site-packages/airflow/example_dags/plugins/listener_plugin.py
[2023-03-20T00:24:50.103-0400] {processor.py:743} INFO - Processing file /Users/sunanda/Downloads/python-demo/venv/lib/python3.9/site-packages/airflow/example_dags/plugins/listener_plugin.py for tasks to queue
[2023-03-20T00:24:50.104-0400] {logging_mixin.py:137} INFO - [2023-03-20T00:24:50.104-0400] {dagbag.py:532} INFO - Filling up the DagBag from /Users/sunanda/Downloads/python-demo/venv/lib/python3.9/site-packages/airflow/example_dags/plugins/listener_plugin.py
[2023-03-20T00:24:50.110-0400] {processor.py:755} WARNING - No viable dags retrieved from /Users/sunanda/Downloads/python-demo/venv/lib/python3.9/site-packages/airflow/example_dags/plugins/listener_plugin.py
[2023-03-20T00:24:50.402-0400] {processor.py:175} INFO - Processing /Users/sunanda/Downloads/python-demo/venv/lib/python3.9/site-packages/airflow/example_dags/plugins/listener_plugin.py took 0.302 seconds
[2023-03-20T00:25:42.125-0400] {processor.py:153} INFO - Started process (PID=59978) to work on /Users/sunanda/Downloads/python-demo/venv/lib/python3.9/site-packages/airflow/example_dags/plugins/listener_plugin.py
[2023-03-20T00:25:42.128-0400] {processor.py:743} INFO - Processing file /Users/sunanda/Downloads/python-demo/venv/lib/python3.9/site-packages/airflow/example_dags/plugins/listener_plugin.py for tasks to queue
[2023-03-20T00:25:42.128-0400] {logging_mixin.py:137} INFO - [2023-03-20T00:25:42.128-0400] {dagbag.py:532} INFO - Filling up the DagBag from /Users/sunanda/Downloads/python-demo/venv/lib/python3.9/site-packages/airflow/example_dags/plugins/listener_plugin.py
[2023-03-20T00:25:42.134-0400] {processor.py:755} WARNING - No viable dags retrieved from /Users/sunanda/Downloads/python-demo/venv/lib/python3.9/site-packages/airflow/example_dags/plugins/listener_plugin.py
[2023-03-20T00:25:42.397-0400] {processor.py:175} INFO - Processing /Users/sunanda/Downloads/python-demo/venv/lib/python3.9/site-packages/airflow/example_dags/plugins/listener_plugin.py took 0.272 seconds
[2023-03-20T00:26:31.766-0400] {processor.py:153} INFO - Started process (PID=60054) to work on /Users/sunanda/Downloads/python-demo/venv/lib/python3.9/site-packages/airflow/example_dags/plugins/listener_plugin.py
[2023-03-20T00:26:31.769-0400] {processor.py:743} INFO - Processing file /Users/sunanda/Downloads/python-demo/venv/lib/python3.9/site-packages/airflow/example_dags/plugins/listener_plugin.py for tasks to queue
[2023-03-20T00:26:31.769-0400] {logging_mixin.py:137} INFO - [2023-03-20T00:26:31.769-0400] {dagbag.py:532} INFO - Filling up the DagBag from /Users/sunanda/Downloads/python-demo/venv/lib/python3.9/site-packages/airflow/example_dags/plugins/listener_plugin.py
[2023-03-20T00:26:31.775-0400] {processor.py:755} WARNING - No viable dags retrieved from /Users/sunanda/Downloads/python-demo/venv/lib/python3.9/site-packages/airflow/example_dags/plugins/listener_plugin.py
[2023-03-20T00:26:32.036-0400] {processor.py:175} INFO - Processing /Users/sunanda/Downloads/python-demo/venv/lib/python3.9/site-packages/airflow/example_dags/plugins/listener_plugin.py took 0.271 seconds
