[2023-03-20T00:23:27.157-0400] {processor.py:153} INFO - Started process (PID=59758) to work on /Users/sunanda/Downloads/python-demo/venv/lib/python3.9/site-packages/airflow/example_dags/plugins/workday.py
[2023-03-20T00:23:27.159-0400] {processor.py:743} INFO - Processing file /Users/sunanda/Downloads/python-demo/venv/lib/python3.9/site-packages/airflow/example_dags/plugins/workday.py for tasks to queue
[2023-03-20T00:23:27.159-0400] {logging_mixin.py:137} INFO - [2023-03-20T00:23:27.159-0400] {dagbag.py:532} INFO - Filling up the DagBag from /Users/sunanda/Downloads/python-demo/venv/lib/python3.9/site-packages/airflow/example_dags/plugins/workday.py
[2023-03-20T00:23:27.165-0400] {processor.py:755} WARNING - No viable dags retrieved from /Users/sunanda/Downloads/python-demo/venv/lib/python3.9/site-packages/airflow/example_dags/plugins/workday.py
[2023-03-20T00:23:27.444-0400] {processor.py:175} INFO - Processing /Users/sunanda/Downloads/python-demo/venv/lib/python3.9/site-packages/airflow/example_dags/plugins/workday.py took 0.288 seconds
[2023-03-20T00:24:48.169-0400] {processor.py:153} INFO - Started process (PID=59885) to work on /Users/sunanda/Downloads/python-demo/venv/lib/python3.9/site-packages/airflow/example_dags/plugins/workday.py
[2023-03-20T00:24:48.171-0400] {processor.py:743} INFO - Processing file /Users/sunanda/Downloads/python-demo/venv/lib/python3.9/site-packages/airflow/example_dags/plugins/workday.py for tasks to queue
[2023-03-20T00:24:48.172-0400] {logging_mixin.py:137} INFO - [2023-03-20T00:24:48.172-0400] {dagbag.py:532} INFO - Filling up the DagBag from /Users/sunanda/Downloads/python-demo/venv/lib/python3.9/site-packages/airflow/example_dags/plugins/workday.py
[2023-03-20T00:24:48.178-0400] {processor.py:755} WARNING - No viable dags retrieved from /Users/sunanda/Downloads/python-demo/venv/lib/python3.9/site-packages/airflow/example_dags/plugins/workday.py
[2023-03-20T00:24:48.457-0400] {processor.py:175} INFO - Processing /Users/sunanda/Downloads/python-demo/venv/lib/python3.9/site-packages/airflow/example_dags/plugins/workday.py took 0.289 seconds
[2023-03-20T00:25:40.213-0400] {processor.py:153} INFO - Started process (PID=59975) to work on /Users/sunanda/Downloads/python-demo/venv/lib/python3.9/site-packages/airflow/example_dags/plugins/workday.py
[2023-03-20T00:25:40.216-0400] {processor.py:743} INFO - Processing file /Users/sunanda/Downloads/python-demo/venv/lib/python3.9/site-packages/airflow/example_dags/plugins/workday.py for tasks to queue
[2023-03-20T00:25:40.216-0400] {logging_mixin.py:137} INFO - [2023-03-20T00:25:40.216-0400] {dagbag.py:532} INFO - Filling up the DagBag from /Users/sunanda/Downloads/python-demo/venv/lib/python3.9/site-packages/airflow/example_dags/plugins/workday.py
[2023-03-20T00:25:40.221-0400] {processor.py:755} WARNING - No viable dags retrieved from /Users/sunanda/Downloads/python-demo/venv/lib/python3.9/site-packages/airflow/example_dags/plugins/workday.py
[2023-03-20T00:25:40.497-0400] {processor.py:175} INFO - Processing /Users/sunanda/Downloads/python-demo/venv/lib/python3.9/site-packages/airflow/example_dags/plugins/workday.py took 0.284 seconds
[2023-03-20T00:26:29.825-0400] {processor.py:153} INFO - Started process (PID=60050) to work on /Users/sunanda/Downloads/python-demo/venv/lib/python3.9/site-packages/airflow/example_dags/plugins/workday.py
[2023-03-20T00:26:29.828-0400] {processor.py:743} INFO - Processing file /Users/sunanda/Downloads/python-demo/venv/lib/python3.9/site-packages/airflow/example_dags/plugins/workday.py for tasks to queue
[2023-03-20T00:26:29.828-0400] {logging_mixin.py:137} INFO - [2023-03-20T00:26:29.828-0400] {dagbag.py:532} INFO - Filling up the DagBag from /Users/sunanda/Downloads/python-demo/venv/lib/python3.9/site-packages/airflow/example_dags/plugins/workday.py
[2023-03-20T00:26:29.833-0400] {processor.py:755} WARNING - No viable dags retrieved from /Users/sunanda/Downloads/python-demo/venv/lib/python3.9/site-packages/airflow/example_dags/plugins/workday.py
[2023-03-20T00:26:30.095-0400] {processor.py:175} INFO - Processing /Users/sunanda/Downloads/python-demo/venv/lib/python3.9/site-packages/airflow/example_dags/plugins/workday.py took 0.271 seconds
[2023-03-20T08:53:51.347-0400] {processor.py:153} INFO - Started process (PID=5830) to work on /Users/sunanda/Downloads/airflow/py_env/lib/python3.9/site-packages/airflow/example_dags/plugins/workday.py
[2023-03-20T08:53:51.350-0400] {processor.py:743} INFO - Processing file /Users/sunanda/Downloads/airflow/py_env/lib/python3.9/site-packages/airflow/example_dags/plugins/workday.py for tasks to queue
[2023-03-20T08:53:51.350-0400] {logging_mixin.py:137} INFO - [2023-03-20T08:53:51.350-0400] {dagbag.py:538} INFO - Filling up the DagBag from /Users/sunanda/Downloads/airflow/py_env/lib/python3.9/site-packages/airflow/example_dags/plugins/workday.py
[2023-03-20T08:53:51.356-0400] {processor.py:755} WARNING - No viable dags retrieved from /Users/sunanda/Downloads/airflow/py_env/lib/python3.9/site-packages/airflow/example_dags/plugins/workday.py
[2023-03-20T08:53:51.575-0400] {processor.py:175} INFO - Processing /Users/sunanda/Downloads/airflow/py_env/lib/python3.9/site-packages/airflow/example_dags/plugins/workday.py took 0.228 seconds
[2023-03-20T08:55:06.035-0400] {processor.py:153} INFO - Started process (PID=5942) to work on /Users/sunanda/Downloads/airflow/py_env/lib/python3.9/site-packages/airflow/example_dags/plugins/workday.py
[2023-03-20T08:55:06.038-0400] {processor.py:743} INFO - Processing file /Users/sunanda/Downloads/airflow/py_env/lib/python3.9/site-packages/airflow/example_dags/plugins/workday.py for tasks to queue
[2023-03-20T08:55:06.038-0400] {logging_mixin.py:137} INFO - [2023-03-20T08:55:06.038-0400] {dagbag.py:538} INFO - Filling up the DagBag from /Users/sunanda/Downloads/airflow/py_env/lib/python3.9/site-packages/airflow/example_dags/plugins/workday.py
[2023-03-20T08:55:06.043-0400] {processor.py:755} WARNING - No viable dags retrieved from /Users/sunanda/Downloads/airflow/py_env/lib/python3.9/site-packages/airflow/example_dags/plugins/workday.py
[2023-03-20T08:55:06.226-0400] {processor.py:175} INFO - Processing /Users/sunanda/Downloads/airflow/py_env/lib/python3.9/site-packages/airflow/example_dags/plugins/workday.py took 0.191 seconds
[2023-03-20T18:49:56.535-0400] {processor.py:153} INFO - Started process (PID=1126) to work on /Users/sunanda/Downloads/airflow/py_env/lib/python3.9/site-packages/airflow/example_dags/plugins/workday.py
[2023-03-20T18:49:56.537-0400] {processor.py:743} INFO - Processing file /Users/sunanda/Downloads/airflow/py_env/lib/python3.9/site-packages/airflow/example_dags/plugins/workday.py for tasks to queue
[2023-03-20T18:49:56.537-0400] {logging_mixin.py:137} INFO - [2023-03-20T18:49:56.537-0400] {dagbag.py:538} INFO - Filling up the DagBag from /Users/sunanda/Downloads/airflow/py_env/lib/python3.9/site-packages/airflow/example_dags/plugins/workday.py
[2023-03-20T18:49:56.542-0400] {processor.py:755} WARNING - No viable dags retrieved from /Users/sunanda/Downloads/airflow/py_env/lib/python3.9/site-packages/airflow/example_dags/plugins/workday.py
[2023-03-20T18:49:56.725-0400] {processor.py:175} INFO - Processing /Users/sunanda/Downloads/airflow/py_env/lib/python3.9/site-packages/airflow/example_dags/plugins/workday.py took 0.190 seconds
[2023-03-20T18:51:06.666-0400] {processor.py:153} INFO - Started process (PID=1262) to work on /Users/sunanda/Downloads/airflow/py_env/lib/python3.9/site-packages/airflow/example_dags/plugins/workday.py
[2023-03-20T18:51:06.668-0400] {processor.py:743} INFO - Processing file /Users/sunanda/Downloads/airflow/py_env/lib/python3.9/site-packages/airflow/example_dags/plugins/workday.py for tasks to queue
[2023-03-20T18:51:06.668-0400] {logging_mixin.py:137} INFO - [2023-03-20T18:51:06.668-0400] {dagbag.py:538} INFO - Filling up the DagBag from /Users/sunanda/Downloads/airflow/py_env/lib/python3.9/site-packages/airflow/example_dags/plugins/workday.py
[2023-03-20T18:51:06.673-0400] {processor.py:755} WARNING - No viable dags retrieved from /Users/sunanda/Downloads/airflow/py_env/lib/python3.9/site-packages/airflow/example_dags/plugins/workday.py
[2023-03-20T18:51:06.854-0400] {processor.py:175} INFO - Processing /Users/sunanda/Downloads/airflow/py_env/lib/python3.9/site-packages/airflow/example_dags/plugins/workday.py took 0.189 seconds
[2023-03-20T18:51:47.407-0400] {processor.py:153} INFO - Started process (PID=1328) to work on /Users/sunanda/Downloads/airflow/py_env/lib/python3.9/site-packages/airflow/example_dags/plugins/workday.py
[2023-03-20T18:51:47.409-0400] {processor.py:743} INFO - Processing file /Users/sunanda/Downloads/airflow/py_env/lib/python3.9/site-packages/airflow/example_dags/plugins/workday.py for tasks to queue
[2023-03-20T18:51:47.409-0400] {logging_mixin.py:137} INFO - [2023-03-20T18:51:47.409-0400] {dagbag.py:538} INFO - Filling up the DagBag from /Users/sunanda/Downloads/airflow/py_env/lib/python3.9/site-packages/airflow/example_dags/plugins/workday.py
[2023-03-20T18:51:47.414-0400] {processor.py:755} WARNING - No viable dags retrieved from /Users/sunanda/Downloads/airflow/py_env/lib/python3.9/site-packages/airflow/example_dags/plugins/workday.py
[2023-03-20T18:51:47.601-0400] {processor.py:175} INFO - Processing /Users/sunanda/Downloads/airflow/py_env/lib/python3.9/site-packages/airflow/example_dags/plugins/workday.py took 0.195 seconds
