[2023-03-27T23:37:10.552-0400] {processor.py:153} INFO - Started process (PID=79108) to work on /Users/sunanda/Downloads/airflow/py_env/lib/python3.9/site-packages/airflow/example_dags/plugins/event_listener.py
[2023-03-27T23:37:10.559-0400] {processor.py:743} INFO - Processing file /Users/sunanda/Downloads/airflow/py_env/lib/python3.9/site-packages/airflow/example_dags/plugins/event_listener.py for tasks to queue
[2023-03-27T23:37:10.560-0400] {logging_mixin.py:137} INFO - [2023-03-27T23:37:10.560-0400] {dagbag.py:532} INFO - Filling up the DagBag from /Users/sunanda/Downloads/airflow/py_env/lib/python3.9/site-packages/airflow/example_dags/plugins/event_listener.py
[2023-03-27T23:37:10.567-0400] {processor.py:755} WARNING - No viable dags retrieved from /Users/sunanda/Downloads/airflow/py_env/lib/python3.9/site-packages/airflow/example_dags/plugins/event_listener.py
[2023-03-27T23:37:10.834-0400] {processor.py:175} INFO - Processing /Users/sunanda/Downloads/airflow/py_env/lib/python3.9/site-packages/airflow/example_dags/plugins/event_listener.py took 0.283 seconds
[2023-03-27T23:38:35.585-0400] {processor.py:153} INFO - Started process (PID=79279) to work on /Users/sunanda/Downloads/airflow/py_env/lib/python3.9/site-packages/airflow/example_dags/plugins/event_listener.py
[2023-03-27T23:38:35.592-0400] {processor.py:743} INFO - Processing file /Users/sunanda/Downloads/airflow/py_env/lib/python3.9/site-packages/airflow/example_dags/plugins/event_listener.py for tasks to queue
[2023-03-27T23:38:35.592-0400] {logging_mixin.py:137} INFO - [2023-03-27T23:38:35.592-0400] {dagbag.py:532} INFO - Filling up the DagBag from /Users/sunanda/Downloads/airflow/py_env/lib/python3.9/site-packages/airflow/example_dags/plugins/event_listener.py
[2023-03-27T23:38:35.598-0400] {processor.py:755} WARNING - No viable dags retrieved from /Users/sunanda/Downloads/airflow/py_env/lib/python3.9/site-packages/airflow/example_dags/plugins/event_listener.py
[2023-03-27T23:38:35.829-0400] {processor.py:175} INFO - Processing /Users/sunanda/Downloads/airflow/py_env/lib/python3.9/site-packages/airflow/example_dags/plugins/event_listener.py took 0.245 seconds
[2023-03-27T23:39:30.299-0400] {processor.py:153} INFO - Started process (PID=79372) to work on /Users/sunanda/Downloads/airflow/py_env/lib/python3.9/site-packages/airflow/example_dags/plugins/event_listener.py
[2023-03-27T23:39:30.308-0400] {processor.py:743} INFO - Processing file /Users/sunanda/Downloads/airflow/py_env/lib/python3.9/site-packages/airflow/example_dags/plugins/event_listener.py for tasks to queue
[2023-03-27T23:39:30.308-0400] {logging_mixin.py:137} INFO - [2023-03-27T23:39:30.308-0400] {dagbag.py:532} INFO - Filling up the DagBag from /Users/sunanda/Downloads/airflow/py_env/lib/python3.9/site-packages/airflow/example_dags/plugins/event_listener.py
[2023-03-27T23:39:30.314-0400] {processor.py:755} WARNING - No viable dags retrieved from /Users/sunanda/Downloads/airflow/py_env/lib/python3.9/site-packages/airflow/example_dags/plugins/event_listener.py
[2023-03-27T23:39:30.562-0400] {processor.py:175} INFO - Processing /Users/sunanda/Downloads/airflow/py_env/lib/python3.9/site-packages/airflow/example_dags/plugins/event_listener.py took 0.265 seconds
[2023-03-27T23:40:25.469-0400] {processor.py:153} INFO - Started process (PID=79454) to work on /Users/sunanda/Downloads/airflow/py_env/lib/python3.9/site-packages/airflow/example_dags/plugins/event_listener.py
[2023-03-27T23:40:25.477-0400] {processor.py:743} INFO - Processing file /Users/sunanda/Downloads/airflow/py_env/lib/python3.9/site-packages/airflow/example_dags/plugins/event_listener.py for tasks to queue
[2023-03-27T23:40:25.477-0400] {logging_mixin.py:137} INFO - [2023-03-27T23:40:25.477-0400] {dagbag.py:532} INFO - Filling up the DagBag from /Users/sunanda/Downloads/airflow/py_env/lib/python3.9/site-packages/airflow/example_dags/plugins/event_listener.py
[2023-03-27T23:40:25.483-0400] {processor.py:755} WARNING - No viable dags retrieved from /Users/sunanda/Downloads/airflow/py_env/lib/python3.9/site-packages/airflow/example_dags/plugins/event_listener.py
[2023-03-27T23:40:25.732-0400] {processor.py:175} INFO - Processing /Users/sunanda/Downloads/airflow/py_env/lib/python3.9/site-packages/airflow/example_dags/plugins/event_listener.py took 0.264 seconds
[2023-03-27T23:41:20.702-0400] {processor.py:153} INFO - Started process (PID=79579) to work on /Users/sunanda/Downloads/airflow/py_env/lib/python3.9/site-packages/airflow/example_dags/plugins/event_listener.py
[2023-03-27T23:41:20.706-0400] {processor.py:743} INFO - Processing file /Users/sunanda/Downloads/airflow/py_env/lib/python3.9/site-packages/airflow/example_dags/plugins/event_listener.py for tasks to queue
[2023-03-27T23:41:20.706-0400] {logging_mixin.py:137} INFO - [2023-03-27T23:41:20.706-0400] {dagbag.py:532} INFO - Filling up the DagBag from /Users/sunanda/Downloads/airflow/py_env/lib/python3.9/site-packages/airflow/example_dags/plugins/event_listener.py
[2023-03-27T23:41:20.715-0400] {processor.py:755} WARNING - No viable dags retrieved from /Users/sunanda/Downloads/airflow/py_env/lib/python3.9/site-packages/airflow/example_dags/plugins/event_listener.py
[2023-03-27T23:41:21.000-0400] {processor.py:175} INFO - Processing /Users/sunanda/Downloads/airflow/py_env/lib/python3.9/site-packages/airflow/example_dags/plugins/event_listener.py took 0.299 seconds
[2023-03-27T23:54:21.577-0400] {processor.py:153} INFO - Started process (PID=80484) to work on /Users/sunanda/Downloads/airflow/py_env/lib/python3.9/site-packages/airflow/example_dags/plugins/event_listener.py
[2023-03-27T23:54:21.580-0400] {processor.py:743} INFO - Processing file /Users/sunanda/Downloads/airflow/py_env/lib/python3.9/site-packages/airflow/example_dags/plugins/event_listener.py for tasks to queue
[2023-03-27T23:54:21.581-0400] {logging_mixin.py:137} INFO - [2023-03-27T23:54:21.581-0400] {dagbag.py:532} INFO - Filling up the DagBag from /Users/sunanda/Downloads/airflow/py_env/lib/python3.9/site-packages/airflow/example_dags/plugins/event_listener.py
[2023-03-27T23:54:21.586-0400] {processor.py:755} WARNING - No viable dags retrieved from /Users/sunanda/Downloads/airflow/py_env/lib/python3.9/site-packages/airflow/example_dags/plugins/event_listener.py
[2023-03-27T23:54:21.925-0400] {processor.py:175} INFO - Processing /Users/sunanda/Downloads/airflow/py_env/lib/python3.9/site-packages/airflow/example_dags/plugins/event_listener.py took 0.348 seconds
[2023-03-28T00:19:05.582-0400] {processor.py:153} INFO - Started process (PID=82415) to work on /Users/sunanda/Downloads/airflow/py_env/lib/python3.9/site-packages/airflow/example_dags/plugins/event_listener.py
[2023-03-28T00:19:05.587-0400] {processor.py:743} INFO - Processing file /Users/sunanda/Downloads/airflow/py_env/lib/python3.9/site-packages/airflow/example_dags/plugins/event_listener.py for tasks to queue
[2023-03-28T00:19:05.587-0400] {logging_mixin.py:137} INFO - [2023-03-28T00:19:05.587-0400] {dagbag.py:532} INFO - Filling up the DagBag from /Users/sunanda/Downloads/airflow/py_env/lib/python3.9/site-packages/airflow/example_dags/plugins/event_listener.py
[2023-03-28T00:19:05.596-0400] {processor.py:755} WARNING - No viable dags retrieved from /Users/sunanda/Downloads/airflow/py_env/lib/python3.9/site-packages/airflow/example_dags/plugins/event_listener.py
[2023-03-28T00:19:05.882-0400] {processor.py:175} INFO - Processing /Users/sunanda/Downloads/airflow/py_env/lib/python3.9/site-packages/airflow/example_dags/plugins/event_listener.py took 0.301 seconds
[2023-03-28T00:21:21.361-0400] {processor.py:153} INFO - Started process (PID=82583) to work on /Users/sunanda/Downloads/airflow/py_env/lib/python3.9/site-packages/airflow/example_dags/plugins/event_listener.py
[2023-03-28T00:21:21.365-0400] {processor.py:743} INFO - Processing file /Users/sunanda/Downloads/airflow/py_env/lib/python3.9/site-packages/airflow/example_dags/plugins/event_listener.py for tasks to queue
[2023-03-28T00:21:21.366-0400] {logging_mixin.py:137} INFO - [2023-03-28T00:21:21.366-0400] {dagbag.py:532} INFO - Filling up the DagBag from /Users/sunanda/Downloads/airflow/py_env/lib/python3.9/site-packages/airflow/example_dags/plugins/event_listener.py
[2023-03-28T00:21:21.373-0400] {processor.py:755} WARNING - No viable dags retrieved from /Users/sunanda/Downloads/airflow/py_env/lib/python3.9/site-packages/airflow/example_dags/plugins/event_listener.py
[2023-03-28T00:21:21.649-0400] {processor.py:175} INFO - Processing /Users/sunanda/Downloads/airflow/py_env/lib/python3.9/site-packages/airflow/example_dags/plugins/event_listener.py took 0.289 seconds
[2023-03-28T00:24:35.971-0400] {processor.py:153} INFO - Started process (PID=82854) to work on /Users/sunanda/Downloads/airflow/py_env/lib/python3.9/site-packages/airflow/example_dags/plugins/event_listener.py
[2023-03-28T00:24:35.975-0400] {processor.py:743} INFO - Processing file /Users/sunanda/Downloads/airflow/py_env/lib/python3.9/site-packages/airflow/example_dags/plugins/event_listener.py for tasks to queue
[2023-03-28T00:24:35.975-0400] {logging_mixin.py:137} INFO - [2023-03-28T00:24:35.975-0400] {dagbag.py:532} INFO - Filling up the DagBag from /Users/sunanda/Downloads/airflow/py_env/lib/python3.9/site-packages/airflow/example_dags/plugins/event_listener.py
[2023-03-28T00:24:35.986-0400] {processor.py:755} WARNING - No viable dags retrieved from /Users/sunanda/Downloads/airflow/py_env/lib/python3.9/site-packages/airflow/example_dags/plugins/event_listener.py
[2023-03-28T00:24:36.407-0400] {processor.py:175} INFO - Processing /Users/sunanda/Downloads/airflow/py_env/lib/python3.9/site-packages/airflow/example_dags/plugins/event_listener.py took 0.437 seconds
[2023-03-28T10:07:32.887-0400] {processor.py:153} INFO - Started process (PID=91003) to work on /Users/sunanda/Downloads/airflow/py_env/lib/python3.9/site-packages/airflow/example_dags/plugins/event_listener.py
[2023-03-28T10:07:32.893-0400] {processor.py:743} INFO - Processing file /Users/sunanda/Downloads/airflow/py_env/lib/python3.9/site-packages/airflow/example_dags/plugins/event_listener.py for tasks to queue
[2023-03-28T10:07:32.893-0400] {logging_mixin.py:137} INFO - [2023-03-28T10:07:32.893-0400] {dagbag.py:532} INFO - Filling up the DagBag from /Users/sunanda/Downloads/airflow/py_env/lib/python3.9/site-packages/airflow/example_dags/plugins/event_listener.py
[2023-03-28T10:07:32.914-0400] {processor.py:755} WARNING - No viable dags retrieved from /Users/sunanda/Downloads/airflow/py_env/lib/python3.9/site-packages/airflow/example_dags/plugins/event_listener.py
[2023-03-28T10:07:33.526-0400] {processor.py:175} INFO - Processing /Users/sunanda/Downloads/airflow/py_env/lib/python3.9/site-packages/airflow/example_dags/plugins/event_listener.py took 0.640 seconds
[2023-03-28T10:09:44.762-0400] {processor.py:153} INFO - Started process (PID=91212) to work on /Users/sunanda/Downloads/airflow/py_env/lib/python3.9/site-packages/airflow/example_dags/plugins/event_listener.py
[2023-03-28T10:09:44.778-0400] {processor.py:743} INFO - Processing file /Users/sunanda/Downloads/airflow/py_env/lib/python3.9/site-packages/airflow/example_dags/plugins/event_listener.py for tasks to queue
[2023-03-28T10:09:44.778-0400] {logging_mixin.py:137} INFO - [2023-03-28T10:09:44.778-0400] {dagbag.py:532} INFO - Filling up the DagBag from /Users/sunanda/Downloads/airflow/py_env/lib/python3.9/site-packages/airflow/example_dags/plugins/event_listener.py
[2023-03-28T10:09:44.797-0400] {processor.py:755} WARNING - No viable dags retrieved from /Users/sunanda/Downloads/airflow/py_env/lib/python3.9/site-packages/airflow/example_dags/plugins/event_listener.py
[2023-03-28T10:09:45.637-0400] {processor.py:175} INFO - Processing /Users/sunanda/Downloads/airflow/py_env/lib/python3.9/site-packages/airflow/example_dags/plugins/event_listener.py took 0.875 seconds
[2023-03-28T10:12:34.699-0400] {processor.py:153} INFO - Started process (PID=91433) to work on /Users/sunanda/Downloads/airflow/py_env/lib/python3.9/site-packages/airflow/example_dags/plugins/event_listener.py
[2023-03-28T10:12:34.703-0400] {processor.py:743} INFO - Processing file /Users/sunanda/Downloads/airflow/py_env/lib/python3.9/site-packages/airflow/example_dags/plugins/event_listener.py for tasks to queue
[2023-03-28T10:12:34.703-0400] {logging_mixin.py:137} INFO - [2023-03-28T10:12:34.703-0400] {dagbag.py:532} INFO - Filling up the DagBag from /Users/sunanda/Downloads/airflow/py_env/lib/python3.9/site-packages/airflow/example_dags/plugins/event_listener.py
[2023-03-28T10:12:34.713-0400] {processor.py:755} WARNING - No viable dags retrieved from /Users/sunanda/Downloads/airflow/py_env/lib/python3.9/site-packages/airflow/example_dags/plugins/event_listener.py
[2023-03-28T10:12:35.337-0400] {processor.py:175} INFO - Processing /Users/sunanda/Downloads/airflow/py_env/lib/python3.9/site-packages/airflow/example_dags/plugins/event_listener.py took 0.640 seconds
[2023-03-28T10:14:54.825-0400] {processor.py:153} INFO - Started process (PID=91609) to work on /Users/sunanda/Downloads/airflow/py_env/lib/python3.9/site-packages/airflow/example_dags/plugins/event_listener.py
[2023-03-28T10:14:54.835-0400] {processor.py:743} INFO - Processing file /Users/sunanda/Downloads/airflow/py_env/lib/python3.9/site-packages/airflow/example_dags/plugins/event_listener.py for tasks to queue
[2023-03-28T10:14:54.835-0400] {logging_mixin.py:137} INFO - [2023-03-28T10:14:54.835-0400] {dagbag.py:532} INFO - Filling up the DagBag from /Users/sunanda/Downloads/airflow/py_env/lib/python3.9/site-packages/airflow/example_dags/plugins/event_listener.py
[2023-03-28T10:14:54.843-0400] {processor.py:755} WARNING - No viable dags retrieved from /Users/sunanda/Downloads/airflow/py_env/lib/python3.9/site-packages/airflow/example_dags/plugins/event_listener.py
[2023-03-28T10:14:55.461-0400] {processor.py:175} INFO - Processing /Users/sunanda/Downloads/airflow/py_env/lib/python3.9/site-packages/airflow/example_dags/plugins/event_listener.py took 0.639 seconds
[2023-03-28T10:17:12.974-0400] {processor.py:153} INFO - Started process (PID=91779) to work on /Users/sunanda/Downloads/airflow/py_env/lib/python3.9/site-packages/airflow/example_dags/plugins/event_listener.py
[2023-03-28T10:17:12.978-0400] {processor.py:743} INFO - Processing file /Users/sunanda/Downloads/airflow/py_env/lib/python3.9/site-packages/airflow/example_dags/plugins/event_listener.py for tasks to queue
[2023-03-28T10:17:12.978-0400] {logging_mixin.py:137} INFO - [2023-03-28T10:17:12.978-0400] {dagbag.py:532} INFO - Filling up the DagBag from /Users/sunanda/Downloads/airflow/py_env/lib/python3.9/site-packages/airflow/example_dags/plugins/event_listener.py
[2023-03-28T10:17:12.985-0400] {processor.py:755} WARNING - No viable dags retrieved from /Users/sunanda/Downloads/airflow/py_env/lib/python3.9/site-packages/airflow/example_dags/plugins/event_listener.py
[2023-03-28T10:17:13.759-0400] {processor.py:175} INFO - Processing /Users/sunanda/Downloads/airflow/py_env/lib/python3.9/site-packages/airflow/example_dags/plugins/event_listener.py took 0.786 seconds
[2023-03-28T10:19:20.015-0400] {processor.py:153} INFO - Started process (PID=91951) to work on /Users/sunanda/Downloads/airflow/py_env/lib/python3.9/site-packages/airflow/example_dags/plugins/event_listener.py
[2023-03-28T10:19:20.024-0400] {processor.py:743} INFO - Processing file /Users/sunanda/Downloads/airflow/py_env/lib/python3.9/site-packages/airflow/example_dags/plugins/event_listener.py for tasks to queue
[2023-03-28T10:19:20.024-0400] {logging_mixin.py:137} INFO - [2023-03-28T10:19:20.024-0400] {dagbag.py:532} INFO - Filling up the DagBag from /Users/sunanda/Downloads/airflow/py_env/lib/python3.9/site-packages/airflow/example_dags/plugins/event_listener.py
[2023-03-28T10:19:20.038-0400] {processor.py:755} WARNING - No viable dags retrieved from /Users/sunanda/Downloads/airflow/py_env/lib/python3.9/site-packages/airflow/example_dags/plugins/event_listener.py
[2023-03-28T10:19:20.605-0400] {processor.py:175} INFO - Processing /Users/sunanda/Downloads/airflow/py_env/lib/python3.9/site-packages/airflow/example_dags/plugins/event_listener.py took 0.590 seconds
[2023-03-28T10:21:21.745-0400] {processor.py:153} INFO - Started process (PID=92151) to work on /Users/sunanda/Downloads/airflow/py_env/lib/python3.9/site-packages/airflow/example_dags/plugins/event_listener.py
[2023-03-28T10:21:21.751-0400] {processor.py:743} INFO - Processing file /Users/sunanda/Downloads/airflow/py_env/lib/python3.9/site-packages/airflow/example_dags/plugins/event_listener.py for tasks to queue
[2023-03-28T10:21:21.751-0400] {logging_mixin.py:137} INFO - [2023-03-28T10:21:21.751-0400] {dagbag.py:532} INFO - Filling up the DagBag from /Users/sunanda/Downloads/airflow/py_env/lib/python3.9/site-packages/airflow/example_dags/plugins/event_listener.py
[2023-03-28T10:21:21.773-0400] {processor.py:755} WARNING - No viable dags retrieved from /Users/sunanda/Downloads/airflow/py_env/lib/python3.9/site-packages/airflow/example_dags/plugins/event_listener.py
[2023-03-28T10:21:22.372-0400] {processor.py:175} INFO - Processing /Users/sunanda/Downloads/airflow/py_env/lib/python3.9/site-packages/airflow/example_dags/plugins/event_listener.py took 0.627 seconds
[2023-03-28T10:23:25.997-0400] {processor.py:153} INFO - Started process (PID=92306) to work on /Users/sunanda/Downloads/airflow/py_env/lib/python3.9/site-packages/airflow/example_dags/plugins/event_listener.py
[2023-03-28T10:23:26.073-0400] {processor.py:743} INFO - Processing file /Users/sunanda/Downloads/airflow/py_env/lib/python3.9/site-packages/airflow/example_dags/plugins/event_listener.py for tasks to queue
[2023-03-28T10:23:26.073-0400] {logging_mixin.py:137} INFO - [2023-03-28T10:23:26.073-0400] {dagbag.py:532} INFO - Filling up the DagBag from /Users/sunanda/Downloads/airflow/py_env/lib/python3.9/site-packages/airflow/example_dags/plugins/event_listener.py
[2023-03-28T10:23:26.080-0400] {processor.py:755} WARNING - No viable dags retrieved from /Users/sunanda/Downloads/airflow/py_env/lib/python3.9/site-packages/airflow/example_dags/plugins/event_listener.py
[2023-03-28T10:23:26.602-0400] {processor.py:175} INFO - Processing /Users/sunanda/Downloads/airflow/py_env/lib/python3.9/site-packages/airflow/example_dags/plugins/event_listener.py took 0.614 seconds
[2023-03-28T10:25:31.241-0400] {processor.py:153} INFO - Started process (PID=92584) to work on /Users/sunanda/Downloads/airflow/py_env/lib/python3.9/site-packages/airflow/example_dags/plugins/event_listener.py
[2023-03-28T10:25:31.246-0400] {processor.py:743} INFO - Processing file /Users/sunanda/Downloads/airflow/py_env/lib/python3.9/site-packages/airflow/example_dags/plugins/event_listener.py for tasks to queue
[2023-03-28T10:25:31.246-0400] {logging_mixin.py:137} INFO - [2023-03-28T10:25:31.246-0400] {dagbag.py:532} INFO - Filling up the DagBag from /Users/sunanda/Downloads/airflow/py_env/lib/python3.9/site-packages/airflow/example_dags/plugins/event_listener.py
[2023-03-28T10:25:31.253-0400] {processor.py:755} WARNING - No viable dags retrieved from /Users/sunanda/Downloads/airflow/py_env/lib/python3.9/site-packages/airflow/example_dags/plugins/event_listener.py
[2023-03-28T10:25:31.802-0400] {processor.py:175} INFO - Processing /Users/sunanda/Downloads/airflow/py_env/lib/python3.9/site-packages/airflow/example_dags/plugins/event_listener.py took 0.563 seconds
[2023-03-28T10:27:44.820-0400] {processor.py:153} INFO - Started process (PID=92776) to work on /Users/sunanda/Downloads/airflow/py_env/lib/python3.9/site-packages/airflow/example_dags/plugins/event_listener.py
[2023-03-28T10:27:44.823-0400] {processor.py:743} INFO - Processing file /Users/sunanda/Downloads/airflow/py_env/lib/python3.9/site-packages/airflow/example_dags/plugins/event_listener.py for tasks to queue
[2023-03-28T10:27:44.823-0400] {logging_mixin.py:137} INFO - [2023-03-28T10:27:44.823-0400] {dagbag.py:532} INFO - Filling up the DagBag from /Users/sunanda/Downloads/airflow/py_env/lib/python3.9/site-packages/airflow/example_dags/plugins/event_listener.py
[2023-03-28T10:27:44.830-0400] {processor.py:755} WARNING - No viable dags retrieved from /Users/sunanda/Downloads/airflow/py_env/lib/python3.9/site-packages/airflow/example_dags/plugins/event_listener.py
[2023-03-28T10:27:45.314-0400] {processor.py:175} INFO - Processing /Users/sunanda/Downloads/airflow/py_env/lib/python3.9/site-packages/airflow/example_dags/plugins/event_listener.py took 0.494 seconds
[2023-03-28T10:29:59.483-0400] {processor.py:153} INFO - Started process (PID=93049) to work on /Users/sunanda/Downloads/airflow/py_env/lib/python3.9/site-packages/airflow/example_dags/plugins/event_listener.py
[2023-03-28T10:29:59.500-0400] {processor.py:743} INFO - Processing file /Users/sunanda/Downloads/airflow/py_env/lib/python3.9/site-packages/airflow/example_dags/plugins/event_listener.py for tasks to queue
[2023-03-28T10:29:59.500-0400] {logging_mixin.py:137} INFO - [2023-03-28T10:29:59.500-0400] {dagbag.py:532} INFO - Filling up the DagBag from /Users/sunanda/Downloads/airflow/py_env/lib/python3.9/site-packages/airflow/example_dags/plugins/event_listener.py
[2023-03-28T10:29:59.509-0400] {processor.py:755} WARNING - No viable dags retrieved from /Users/sunanda/Downloads/airflow/py_env/lib/python3.9/site-packages/airflow/example_dags/plugins/event_listener.py
[2023-03-28T10:30:00.152-0400] {processor.py:175} INFO - Processing /Users/sunanda/Downloads/airflow/py_env/lib/python3.9/site-packages/airflow/example_dags/plugins/event_listener.py took 0.671 seconds
[2023-03-28T10:32:04.921-0400] {processor.py:153} INFO - Started process (PID=93280) to work on /Users/sunanda/Downloads/airflow/py_env/lib/python3.9/site-packages/airflow/example_dags/plugins/event_listener.py
[2023-03-28T10:32:04.940-0400] {processor.py:743} INFO - Processing file /Users/sunanda/Downloads/airflow/py_env/lib/python3.9/site-packages/airflow/example_dags/plugins/event_listener.py for tasks to queue
[2023-03-28T10:32:04.941-0400] {logging_mixin.py:137} INFO - [2023-03-28T10:32:04.941-0400] {dagbag.py:532} INFO - Filling up the DagBag from /Users/sunanda/Downloads/airflow/py_env/lib/python3.9/site-packages/airflow/example_dags/plugins/event_listener.py
[2023-03-28T10:32:04.958-0400] {processor.py:755} WARNING - No viable dags retrieved from /Users/sunanda/Downloads/airflow/py_env/lib/python3.9/site-packages/airflow/example_dags/plugins/event_listener.py
[2023-03-28T10:32:05.467-0400] {processor.py:175} INFO - Processing /Users/sunanda/Downloads/airflow/py_env/lib/python3.9/site-packages/airflow/example_dags/plugins/event_listener.py took 0.546 seconds
[2023-03-28T10:34:03.687-0400] {processor.py:153} INFO - Started process (PID=93430) to work on /Users/sunanda/Downloads/airflow/py_env/lib/python3.9/site-packages/airflow/example_dags/plugins/event_listener.py
[2023-03-28T10:34:03.690-0400] {processor.py:743} INFO - Processing file /Users/sunanda/Downloads/airflow/py_env/lib/python3.9/site-packages/airflow/example_dags/plugins/event_listener.py for tasks to queue
[2023-03-28T10:34:03.691-0400] {logging_mixin.py:137} INFO - [2023-03-28T10:34:03.691-0400] {dagbag.py:532} INFO - Filling up the DagBag from /Users/sunanda/Downloads/airflow/py_env/lib/python3.9/site-packages/airflow/example_dags/plugins/event_listener.py
[2023-03-28T10:34:03.700-0400] {processor.py:755} WARNING - No viable dags retrieved from /Users/sunanda/Downloads/airflow/py_env/lib/python3.9/site-packages/airflow/example_dags/plugins/event_listener.py
[2023-03-28T10:34:04.379-0400] {processor.py:175} INFO - Processing /Users/sunanda/Downloads/airflow/py_env/lib/python3.9/site-packages/airflow/example_dags/plugins/event_listener.py took 0.693 seconds
[2023-03-28T10:36:06.612-0400] {processor.py:153} INFO - Started process (PID=93888) to work on /Users/sunanda/Downloads/airflow/py_env/lib/python3.9/site-packages/airflow/example_dags/plugins/event_listener.py
[2023-03-28T10:36:06.623-0400] {processor.py:743} INFO - Processing file /Users/sunanda/Downloads/airflow/py_env/lib/python3.9/site-packages/airflow/example_dags/plugins/event_listener.py for tasks to queue
[2023-03-28T10:36:06.623-0400] {logging_mixin.py:137} INFO - [2023-03-28T10:36:06.623-0400] {dagbag.py:532} INFO - Filling up the DagBag from /Users/sunanda/Downloads/airflow/py_env/lib/python3.9/site-packages/airflow/example_dags/plugins/event_listener.py
[2023-03-28T10:36:06.690-0400] {processor.py:755} WARNING - No viable dags retrieved from /Users/sunanda/Downloads/airflow/py_env/lib/python3.9/site-packages/airflow/example_dags/plugins/event_listener.py
[2023-03-28T10:36:07.546-0400] {processor.py:175} INFO - Processing /Users/sunanda/Downloads/airflow/py_env/lib/python3.9/site-packages/airflow/example_dags/plugins/event_listener.py took 0.937 seconds
[2023-03-28T10:38:31.687-0400] {processor.py:153} INFO - Started process (PID=95226) to work on /Users/sunanda/Downloads/airflow/py_env/lib/python3.9/site-packages/airflow/example_dags/plugins/event_listener.py
[2023-03-28T10:38:31.697-0400] {processor.py:743} INFO - Processing file /Users/sunanda/Downloads/airflow/py_env/lib/python3.9/site-packages/airflow/example_dags/plugins/event_listener.py for tasks to queue
[2023-03-28T10:38:31.698-0400] {logging_mixin.py:137} INFO - [2023-03-28T10:38:31.698-0400] {dagbag.py:532} INFO - Filling up the DagBag from /Users/sunanda/Downloads/airflow/py_env/lib/python3.9/site-packages/airflow/example_dags/plugins/event_listener.py
[2023-03-28T10:38:31.722-0400] {processor.py:755} WARNING - No viable dags retrieved from /Users/sunanda/Downloads/airflow/py_env/lib/python3.9/site-packages/airflow/example_dags/plugins/event_listener.py
[2023-03-28T10:38:32.441-0400] {processor.py:175} INFO - Processing /Users/sunanda/Downloads/airflow/py_env/lib/python3.9/site-packages/airflow/example_dags/plugins/event_listener.py took 0.755 seconds
[2023-03-28T10:40:52.797-0400] {processor.py:153} INFO - Started process (PID=95540) to work on /Users/sunanda/Downloads/airflow/py_env/lib/python3.9/site-packages/airflow/example_dags/plugins/event_listener.py
[2023-03-28T10:40:52.802-0400] {processor.py:743} INFO - Processing file /Users/sunanda/Downloads/airflow/py_env/lib/python3.9/site-packages/airflow/example_dags/plugins/event_listener.py for tasks to queue
[2023-03-28T10:40:52.803-0400] {logging_mixin.py:137} INFO - [2023-03-28T10:40:52.803-0400] {dagbag.py:532} INFO - Filling up the DagBag from /Users/sunanda/Downloads/airflow/py_env/lib/python3.9/site-packages/airflow/example_dags/plugins/event_listener.py
[2023-03-28T10:40:52.817-0400] {processor.py:755} WARNING - No viable dags retrieved from /Users/sunanda/Downloads/airflow/py_env/lib/python3.9/site-packages/airflow/example_dags/plugins/event_listener.py
[2023-03-28T10:40:53.482-0400] {processor.py:175} INFO - Processing /Users/sunanda/Downloads/airflow/py_env/lib/python3.9/site-packages/airflow/example_dags/plugins/event_listener.py took 0.686 seconds
[2023-03-28T10:42:56.715-0400] {processor.py:153} INFO - Started process (PID=95732) to work on /Users/sunanda/Downloads/airflow/py_env/lib/python3.9/site-packages/airflow/example_dags/plugins/event_listener.py
[2023-03-28T10:42:56.718-0400] {processor.py:743} INFO - Processing file /Users/sunanda/Downloads/airflow/py_env/lib/python3.9/site-packages/airflow/example_dags/plugins/event_listener.py for tasks to queue
[2023-03-28T10:42:56.718-0400] {logging_mixin.py:137} INFO - [2023-03-28T10:42:56.718-0400] {dagbag.py:532} INFO - Filling up the DagBag from /Users/sunanda/Downloads/airflow/py_env/lib/python3.9/site-packages/airflow/example_dags/plugins/event_listener.py
[2023-03-28T10:42:56.730-0400] {processor.py:755} WARNING - No viable dags retrieved from /Users/sunanda/Downloads/airflow/py_env/lib/python3.9/site-packages/airflow/example_dags/plugins/event_listener.py
[2023-03-28T10:42:57.233-0400] {processor.py:175} INFO - Processing /Users/sunanda/Downloads/airflow/py_env/lib/python3.9/site-packages/airflow/example_dags/plugins/event_listener.py took 0.518 seconds
[2023-03-28T10:44:54.633-0400] {processor.py:153} INFO - Started process (PID=96032) to work on /Users/sunanda/Downloads/airflow/py_env/lib/python3.9/site-packages/airflow/example_dags/plugins/event_listener.py
[2023-03-28T10:44:54.637-0400] {processor.py:743} INFO - Processing file /Users/sunanda/Downloads/airflow/py_env/lib/python3.9/site-packages/airflow/example_dags/plugins/event_listener.py for tasks to queue
[2023-03-28T10:44:54.637-0400] {logging_mixin.py:137} INFO - [2023-03-28T10:44:54.637-0400] {dagbag.py:532} INFO - Filling up the DagBag from /Users/sunanda/Downloads/airflow/py_env/lib/python3.9/site-packages/airflow/example_dags/plugins/event_listener.py
[2023-03-28T10:44:54.643-0400] {processor.py:755} WARNING - No viable dags retrieved from /Users/sunanda/Downloads/airflow/py_env/lib/python3.9/site-packages/airflow/example_dags/plugins/event_listener.py
[2023-03-28T10:44:55.337-0400] {processor.py:175} INFO - Processing /Users/sunanda/Downloads/airflow/py_env/lib/python3.9/site-packages/airflow/example_dags/plugins/event_listener.py took 0.705 seconds
[2023-03-28T10:46:52.899-0400] {processor.py:153} INFO - Started process (PID=96225) to work on /Users/sunanda/Downloads/airflow/py_env/lib/python3.9/site-packages/airflow/example_dags/plugins/event_listener.py
[2023-03-28T10:46:52.902-0400] {processor.py:743} INFO - Processing file /Users/sunanda/Downloads/airflow/py_env/lib/python3.9/site-packages/airflow/example_dags/plugins/event_listener.py for tasks to queue
[2023-03-28T10:46:52.903-0400] {logging_mixin.py:137} INFO - [2023-03-28T10:46:52.903-0400] {dagbag.py:532} INFO - Filling up the DagBag from /Users/sunanda/Downloads/airflow/py_env/lib/python3.9/site-packages/airflow/example_dags/plugins/event_listener.py
[2023-03-28T10:46:52.909-0400] {processor.py:755} WARNING - No viable dags retrieved from /Users/sunanda/Downloads/airflow/py_env/lib/python3.9/site-packages/airflow/example_dags/plugins/event_listener.py
[2023-03-28T10:46:53.817-0400] {processor.py:175} INFO - Processing /Users/sunanda/Downloads/airflow/py_env/lib/python3.9/site-packages/airflow/example_dags/plugins/event_listener.py took 0.918 seconds
[2023-03-28T10:48:59.218-0400] {processor.py:153} INFO - Started process (PID=96526) to work on /Users/sunanda/Downloads/airflow/py_env/lib/python3.9/site-packages/airflow/example_dags/plugins/event_listener.py
[2023-03-28T10:48:59.232-0400] {processor.py:743} INFO - Processing file /Users/sunanda/Downloads/airflow/py_env/lib/python3.9/site-packages/airflow/example_dags/plugins/event_listener.py for tasks to queue
[2023-03-28T10:48:59.232-0400] {logging_mixin.py:137} INFO - [2023-03-28T10:48:59.232-0400] {dagbag.py:532} INFO - Filling up the DagBag from /Users/sunanda/Downloads/airflow/py_env/lib/python3.9/site-packages/airflow/example_dags/plugins/event_listener.py
[2023-03-28T10:48:59.243-0400] {processor.py:755} WARNING - No viable dags retrieved from /Users/sunanda/Downloads/airflow/py_env/lib/python3.9/site-packages/airflow/example_dags/plugins/event_listener.py
[2023-03-28T10:48:59.641-0400] {processor.py:175} INFO - Processing /Users/sunanda/Downloads/airflow/py_env/lib/python3.9/site-packages/airflow/example_dags/plugins/event_listener.py took 0.423 seconds
[2023-03-28T10:51:03.720-0400] {processor.py:153} INFO - Started process (PID=96708) to work on /Users/sunanda/Downloads/airflow/py_env/lib/python3.9/site-packages/airflow/example_dags/plugins/event_listener.py
[2023-03-28T10:51:03.723-0400] {processor.py:743} INFO - Processing file /Users/sunanda/Downloads/airflow/py_env/lib/python3.9/site-packages/airflow/example_dags/plugins/event_listener.py for tasks to queue
[2023-03-28T10:51:03.723-0400] {logging_mixin.py:137} INFO - [2023-03-28T10:51:03.723-0400] {dagbag.py:532} INFO - Filling up the DagBag from /Users/sunanda/Downloads/airflow/py_env/lib/python3.9/site-packages/airflow/example_dags/plugins/event_listener.py
[2023-03-28T10:51:03.730-0400] {processor.py:755} WARNING - No viable dags retrieved from /Users/sunanda/Downloads/airflow/py_env/lib/python3.9/site-packages/airflow/example_dags/plugins/event_listener.py
[2023-03-28T10:51:04.133-0400] {processor.py:175} INFO - Processing /Users/sunanda/Downloads/airflow/py_env/lib/python3.9/site-packages/airflow/example_dags/plugins/event_listener.py took 0.413 seconds
[2023-03-28T10:53:11.335-0400] {processor.py:153} INFO - Started process (PID=96974) to work on /Users/sunanda/Downloads/airflow/py_env/lib/python3.9/site-packages/airflow/example_dags/plugins/event_listener.py
[2023-03-28T10:53:11.338-0400] {processor.py:743} INFO - Processing file /Users/sunanda/Downloads/airflow/py_env/lib/python3.9/site-packages/airflow/example_dags/plugins/event_listener.py for tasks to queue
[2023-03-28T10:53:11.338-0400] {logging_mixin.py:137} INFO - [2023-03-28T10:53:11.338-0400] {dagbag.py:532} INFO - Filling up the DagBag from /Users/sunanda/Downloads/airflow/py_env/lib/python3.9/site-packages/airflow/example_dags/plugins/event_listener.py
[2023-03-28T10:53:11.345-0400] {processor.py:755} WARNING - No viable dags retrieved from /Users/sunanda/Downloads/airflow/py_env/lib/python3.9/site-packages/airflow/example_dags/plugins/event_listener.py
[2023-03-28T10:53:11.737-0400] {processor.py:175} INFO - Processing /Users/sunanda/Downloads/airflow/py_env/lib/python3.9/site-packages/airflow/example_dags/plugins/event_listener.py took 0.403 seconds
[2023-03-28T10:54:49.874-0400] {processor.py:153} INFO - Started process (PID=97111) to work on /Users/sunanda/Downloads/airflow/py_env/lib/python3.9/site-packages/airflow/example_dags/plugins/event_listener.py
[2023-03-28T10:54:49.877-0400] {processor.py:743} INFO - Processing file /Users/sunanda/Downloads/airflow/py_env/lib/python3.9/site-packages/airflow/example_dags/plugins/event_listener.py for tasks to queue
[2023-03-28T10:54:49.877-0400] {logging_mixin.py:137} INFO - [2023-03-28T10:54:49.877-0400] {dagbag.py:532} INFO - Filling up the DagBag from /Users/sunanda/Downloads/airflow/py_env/lib/python3.9/site-packages/airflow/example_dags/plugins/event_listener.py
[2023-03-28T10:54:49.909-0400] {processor.py:755} WARNING - No viable dags retrieved from /Users/sunanda/Downloads/airflow/py_env/lib/python3.9/site-packages/airflow/example_dags/plugins/event_listener.py
[2023-03-28T10:54:50.324-0400] {processor.py:175} INFO - Processing /Users/sunanda/Downloads/airflow/py_env/lib/python3.9/site-packages/airflow/example_dags/plugins/event_listener.py took 0.453 seconds
[2023-03-28T10:56:41.028-0400] {processor.py:153} INFO - Started process (PID=97258) to work on /Users/sunanda/Downloads/airflow/py_env/lib/python3.9/site-packages/airflow/example_dags/plugins/event_listener.py
[2023-03-28T10:56:41.040-0400] {processor.py:743} INFO - Processing file /Users/sunanda/Downloads/airflow/py_env/lib/python3.9/site-packages/airflow/example_dags/plugins/event_listener.py for tasks to queue
[2023-03-28T10:56:41.040-0400] {logging_mixin.py:137} INFO - [2023-03-28T10:56:41.040-0400] {dagbag.py:532} INFO - Filling up the DagBag from /Users/sunanda/Downloads/airflow/py_env/lib/python3.9/site-packages/airflow/example_dags/plugins/event_listener.py
[2023-03-28T10:56:41.049-0400] {processor.py:755} WARNING - No viable dags retrieved from /Users/sunanda/Downloads/airflow/py_env/lib/python3.9/site-packages/airflow/example_dags/plugins/event_listener.py
[2023-03-28T10:56:41.595-0400] {processor.py:175} INFO - Processing /Users/sunanda/Downloads/airflow/py_env/lib/python3.9/site-packages/airflow/example_dags/plugins/event_listener.py took 0.569 seconds
[2023-03-28T10:58:32.739-0400] {processor.py:153} INFO - Started process (PID=97547) to work on /Users/sunanda/Downloads/airflow/py_env/lib/python3.9/site-packages/airflow/example_dags/plugins/event_listener.py
[2023-03-28T10:58:32.742-0400] {processor.py:743} INFO - Processing file /Users/sunanda/Downloads/airflow/py_env/lib/python3.9/site-packages/airflow/example_dags/plugins/event_listener.py for tasks to queue
[2023-03-28T10:58:32.742-0400] {logging_mixin.py:137} INFO - [2023-03-28T10:58:32.742-0400] {dagbag.py:532} INFO - Filling up the DagBag from /Users/sunanda/Downloads/airflow/py_env/lib/python3.9/site-packages/airflow/example_dags/plugins/event_listener.py
[2023-03-28T10:58:32.748-0400] {processor.py:755} WARNING - No viable dags retrieved from /Users/sunanda/Downloads/airflow/py_env/lib/python3.9/site-packages/airflow/example_dags/plugins/event_listener.py
[2023-03-28T10:58:33.533-0400] {processor.py:175} INFO - Processing /Users/sunanda/Downloads/airflow/py_env/lib/python3.9/site-packages/airflow/example_dags/plugins/event_listener.py took 0.794 seconds
[2023-03-28T11:00:25.175-0400] {processor.py:153} INFO - Started process (PID=97746) to work on /Users/sunanda/Downloads/airflow/py_env/lib/python3.9/site-packages/airflow/example_dags/plugins/event_listener.py
[2023-03-28T11:00:25.182-0400] {processor.py:743} INFO - Processing file /Users/sunanda/Downloads/airflow/py_env/lib/python3.9/site-packages/airflow/example_dags/plugins/event_listener.py for tasks to queue
[2023-03-28T11:00:25.182-0400] {logging_mixin.py:137} INFO - [2023-03-28T11:00:25.182-0400] {dagbag.py:532} INFO - Filling up the DagBag from /Users/sunanda/Downloads/airflow/py_env/lib/python3.9/site-packages/airflow/example_dags/plugins/event_listener.py
[2023-03-28T11:00:25.191-0400] {processor.py:755} WARNING - No viable dags retrieved from /Users/sunanda/Downloads/airflow/py_env/lib/python3.9/site-packages/airflow/example_dags/plugins/event_listener.py
[2023-03-28T11:00:25.690-0400] {processor.py:175} INFO - Processing /Users/sunanda/Downloads/airflow/py_env/lib/python3.9/site-packages/airflow/example_dags/plugins/event_listener.py took 0.516 seconds
[2023-03-28T11:02:15.922-0400] {processor.py:153} INFO - Started process (PID=97913) to work on /Users/sunanda/Downloads/airflow/py_env/lib/python3.9/site-packages/airflow/example_dags/plugins/event_listener.py
[2023-03-28T11:02:15.928-0400] {processor.py:743} INFO - Processing file /Users/sunanda/Downloads/airflow/py_env/lib/python3.9/site-packages/airflow/example_dags/plugins/event_listener.py for tasks to queue
[2023-03-28T11:02:15.928-0400] {logging_mixin.py:137} INFO - [2023-03-28T11:02:15.928-0400] {dagbag.py:532} INFO - Filling up the DagBag from /Users/sunanda/Downloads/airflow/py_env/lib/python3.9/site-packages/airflow/example_dags/plugins/event_listener.py
[2023-03-28T11:02:15.953-0400] {processor.py:755} WARNING - No viable dags retrieved from /Users/sunanda/Downloads/airflow/py_env/lib/python3.9/site-packages/airflow/example_dags/plugins/event_listener.py
[2023-03-28T11:02:16.372-0400] {processor.py:175} INFO - Processing /Users/sunanda/Downloads/airflow/py_env/lib/python3.9/site-packages/airflow/example_dags/plugins/event_listener.py took 0.450 seconds
[2023-03-28T11:04:04.428-0400] {processor.py:153} INFO - Started process (PID=98064) to work on /Users/sunanda/Downloads/airflow/py_env/lib/python3.9/site-packages/airflow/example_dags/plugins/event_listener.py
[2023-03-28T11:04:04.459-0400] {processor.py:743} INFO - Processing file /Users/sunanda/Downloads/airflow/py_env/lib/python3.9/site-packages/airflow/example_dags/plugins/event_listener.py for tasks to queue
[2023-03-28T11:04:04.459-0400] {logging_mixin.py:137} INFO - [2023-03-28T11:04:04.459-0400] {dagbag.py:532} INFO - Filling up the DagBag from /Users/sunanda/Downloads/airflow/py_env/lib/python3.9/site-packages/airflow/example_dags/plugins/event_listener.py
[2023-03-28T11:04:04.467-0400] {processor.py:755} WARNING - No viable dags retrieved from /Users/sunanda/Downloads/airflow/py_env/lib/python3.9/site-packages/airflow/example_dags/plugins/event_listener.py
[2023-03-28T11:04:04.938-0400] {processor.py:175} INFO - Processing /Users/sunanda/Downloads/airflow/py_env/lib/python3.9/site-packages/airflow/example_dags/plugins/event_listener.py took 0.526 seconds
[2023-03-28T11:05:54.995-0400] {processor.py:153} INFO - Started process (PID=98215) to work on /Users/sunanda/Downloads/airflow/py_env/lib/python3.9/site-packages/airflow/example_dags/plugins/event_listener.py
[2023-03-28T11:05:55.033-0400] {processor.py:743} INFO - Processing file /Users/sunanda/Downloads/airflow/py_env/lib/python3.9/site-packages/airflow/example_dags/plugins/event_listener.py for tasks to queue
[2023-03-28T11:05:55.033-0400] {logging_mixin.py:137} INFO - [2023-03-28T11:05:55.033-0400] {dagbag.py:532} INFO - Filling up the DagBag from /Users/sunanda/Downloads/airflow/py_env/lib/python3.9/site-packages/airflow/example_dags/plugins/event_listener.py
[2023-03-28T11:05:55.039-0400] {processor.py:755} WARNING - No viable dags retrieved from /Users/sunanda/Downloads/airflow/py_env/lib/python3.9/site-packages/airflow/example_dags/plugins/event_listener.py
[2023-03-28T11:05:55.573-0400] {processor.py:175} INFO - Processing /Users/sunanda/Downloads/airflow/py_env/lib/python3.9/site-packages/airflow/example_dags/plugins/event_listener.py took 0.580 seconds
[2023-03-28T11:07:44.536-0400] {processor.py:153} INFO - Started process (PID=98358) to work on /Users/sunanda/Downloads/airflow/py_env/lib/python3.9/site-packages/airflow/example_dags/plugins/event_listener.py
[2023-03-28T11:07:44.598-0400] {processor.py:743} INFO - Processing file /Users/sunanda/Downloads/airflow/py_env/lib/python3.9/site-packages/airflow/example_dags/plugins/event_listener.py for tasks to queue
[2023-03-28T11:07:44.599-0400] {logging_mixin.py:137} INFO - [2023-03-28T11:07:44.599-0400] {dagbag.py:532} INFO - Filling up the DagBag from /Users/sunanda/Downloads/airflow/py_env/lib/python3.9/site-packages/airflow/example_dags/plugins/event_listener.py
[2023-03-28T11:07:44.605-0400] {processor.py:755} WARNING - No viable dags retrieved from /Users/sunanda/Downloads/airflow/py_env/lib/python3.9/site-packages/airflow/example_dags/plugins/event_listener.py
[2023-03-28T11:07:45.218-0400] {processor.py:175} INFO - Processing /Users/sunanda/Downloads/airflow/py_env/lib/python3.9/site-packages/airflow/example_dags/plugins/event_listener.py took 0.719 seconds
[2023-03-28T11:09:46.697-0400] {processor.py:153} INFO - Started process (PID=98537) to work on /Users/sunanda/Downloads/airflow/py_env/lib/python3.9/site-packages/airflow/example_dags/plugins/event_listener.py
[2023-03-28T11:09:46.781-0400] {processor.py:743} INFO - Processing file /Users/sunanda/Downloads/airflow/py_env/lib/python3.9/site-packages/airflow/example_dags/plugins/event_listener.py for tasks to queue
[2023-03-28T11:09:46.781-0400] {logging_mixin.py:137} INFO - [2023-03-28T11:09:46.781-0400] {dagbag.py:532} INFO - Filling up the DagBag from /Users/sunanda/Downloads/airflow/py_env/lib/python3.9/site-packages/airflow/example_dags/plugins/event_listener.py
[2023-03-28T11:09:46.791-0400] {processor.py:755} WARNING - No viable dags retrieved from /Users/sunanda/Downloads/airflow/py_env/lib/python3.9/site-packages/airflow/example_dags/plugins/event_listener.py
[2023-03-28T11:09:47.350-0400] {processor.py:175} INFO - Processing /Users/sunanda/Downloads/airflow/py_env/lib/python3.9/site-packages/airflow/example_dags/plugins/event_listener.py took 0.656 seconds
[2023-03-28T11:11:49.970-0400] {processor.py:153} INFO - Started process (PID=98694) to work on /Users/sunanda/Downloads/airflow/py_env/lib/python3.9/site-packages/airflow/example_dags/plugins/event_listener.py
[2023-03-28T11:11:49.973-0400] {processor.py:743} INFO - Processing file /Users/sunanda/Downloads/airflow/py_env/lib/python3.9/site-packages/airflow/example_dags/plugins/event_listener.py for tasks to queue
[2023-03-28T11:11:49.973-0400] {logging_mixin.py:137} INFO - [2023-03-28T11:11:49.973-0400] {dagbag.py:532} INFO - Filling up the DagBag from /Users/sunanda/Downloads/airflow/py_env/lib/python3.9/site-packages/airflow/example_dags/plugins/event_listener.py
[2023-03-28T11:11:49.980-0400] {processor.py:755} WARNING - No viable dags retrieved from /Users/sunanda/Downloads/airflow/py_env/lib/python3.9/site-packages/airflow/example_dags/plugins/event_listener.py
[2023-03-28T11:11:50.436-0400] {processor.py:175} INFO - Processing /Users/sunanda/Downloads/airflow/py_env/lib/python3.9/site-packages/airflow/example_dags/plugins/event_listener.py took 0.467 seconds
[2023-03-28T11:13:43.779-0400] {processor.py:153} INFO - Started process (PID=98838) to work on /Users/sunanda/Downloads/airflow/py_env/lib/python3.9/site-packages/airflow/example_dags/plugins/event_listener.py
[2023-03-28T11:13:43.782-0400] {processor.py:743} INFO - Processing file /Users/sunanda/Downloads/airflow/py_env/lib/python3.9/site-packages/airflow/example_dags/plugins/event_listener.py for tasks to queue
[2023-03-28T11:13:43.783-0400] {logging_mixin.py:137} INFO - [2023-03-28T11:13:43.783-0400] {dagbag.py:532} INFO - Filling up the DagBag from /Users/sunanda/Downloads/airflow/py_env/lib/python3.9/site-packages/airflow/example_dags/plugins/event_listener.py
[2023-03-28T11:13:43.790-0400] {processor.py:755} WARNING - No viable dags retrieved from /Users/sunanda/Downloads/airflow/py_env/lib/python3.9/site-packages/airflow/example_dags/plugins/event_listener.py
[2023-03-28T11:13:44.353-0400] {processor.py:175} INFO - Processing /Users/sunanda/Downloads/airflow/py_env/lib/python3.9/site-packages/airflow/example_dags/plugins/event_listener.py took 0.576 seconds
[2023-03-28T11:15:40.774-0400] {processor.py:153} INFO - Started process (PID=98994) to work on /Users/sunanda/Downloads/airflow/py_env/lib/python3.9/site-packages/airflow/example_dags/plugins/event_listener.py
[2023-03-28T11:15:40.794-0400] {processor.py:743} INFO - Processing file /Users/sunanda/Downloads/airflow/py_env/lib/python3.9/site-packages/airflow/example_dags/plugins/event_listener.py for tasks to queue
[2023-03-28T11:15:40.796-0400] {logging_mixin.py:137} INFO - [2023-03-28T11:15:40.795-0400] {dagbag.py:532} INFO - Filling up the DagBag from /Users/sunanda/Downloads/airflow/py_env/lib/python3.9/site-packages/airflow/example_dags/plugins/event_listener.py
[2023-03-28T11:15:40.880-0400] {processor.py:755} WARNING - No viable dags retrieved from /Users/sunanda/Downloads/airflow/py_env/lib/python3.9/site-packages/airflow/example_dags/plugins/event_listener.py
[2023-03-28T11:15:41.389-0400] {processor.py:175} INFO - Processing /Users/sunanda/Downloads/airflow/py_env/lib/python3.9/site-packages/airflow/example_dags/plugins/event_listener.py took 0.616 seconds
[2023-03-28T11:17:37.512-0400] {processor.py:153} INFO - Started process (PID=99144) to work on /Users/sunanda/Downloads/airflow/py_env/lib/python3.9/site-packages/airflow/example_dags/plugins/event_listener.py
[2023-03-28T11:17:37.543-0400] {processor.py:743} INFO - Processing file /Users/sunanda/Downloads/airflow/py_env/lib/python3.9/site-packages/airflow/example_dags/plugins/event_listener.py for tasks to queue
[2023-03-28T11:17:37.543-0400] {logging_mixin.py:137} INFO - [2023-03-28T11:17:37.543-0400] {dagbag.py:532} INFO - Filling up the DagBag from /Users/sunanda/Downloads/airflow/py_env/lib/python3.9/site-packages/airflow/example_dags/plugins/event_listener.py
[2023-03-28T11:17:37.549-0400] {processor.py:755} WARNING - No viable dags retrieved from /Users/sunanda/Downloads/airflow/py_env/lib/python3.9/site-packages/airflow/example_dags/plugins/event_listener.py
[2023-03-28T11:17:37.988-0400] {processor.py:175} INFO - Processing /Users/sunanda/Downloads/airflow/py_env/lib/python3.9/site-packages/airflow/example_dags/plugins/event_listener.py took 0.478 seconds
[2023-03-28T11:19:33.561-0400] {processor.py:153} INFO - Started process (PID=99289) to work on /Users/sunanda/Downloads/airflow/py_env/lib/python3.9/site-packages/airflow/example_dags/plugins/event_listener.py
[2023-03-28T11:19:33.579-0400] {processor.py:743} INFO - Processing file /Users/sunanda/Downloads/airflow/py_env/lib/python3.9/site-packages/airflow/example_dags/plugins/event_listener.py for tasks to queue
[2023-03-28T11:19:33.579-0400] {logging_mixin.py:137} INFO - [2023-03-28T11:19:33.579-0400] {dagbag.py:532} INFO - Filling up the DagBag from /Users/sunanda/Downloads/airflow/py_env/lib/python3.9/site-packages/airflow/example_dags/plugins/event_listener.py
[2023-03-28T11:19:33.595-0400] {processor.py:755} WARNING - No viable dags retrieved from /Users/sunanda/Downloads/airflow/py_env/lib/python3.9/site-packages/airflow/example_dags/plugins/event_listener.py
[2023-03-28T11:19:34.051-0400] {processor.py:175} INFO - Processing /Users/sunanda/Downloads/airflow/py_env/lib/python3.9/site-packages/airflow/example_dags/plugins/event_listener.py took 0.490 seconds
[2023-03-28T11:21:29.552-0400] {processor.py:153} INFO - Started process (PID=99435) to work on /Users/sunanda/Downloads/airflow/py_env/lib/python3.9/site-packages/airflow/example_dags/plugins/event_listener.py
[2023-03-28T11:21:29.554-0400] {processor.py:743} INFO - Processing file /Users/sunanda/Downloads/airflow/py_env/lib/python3.9/site-packages/airflow/example_dags/plugins/event_listener.py for tasks to queue
[2023-03-28T11:21:29.554-0400] {logging_mixin.py:137} INFO - [2023-03-28T11:21:29.554-0400] {dagbag.py:532} INFO - Filling up the DagBag from /Users/sunanda/Downloads/airflow/py_env/lib/python3.9/site-packages/airflow/example_dags/plugins/event_listener.py
[2023-03-28T11:21:29.560-0400] {processor.py:755} WARNING - No viable dags retrieved from /Users/sunanda/Downloads/airflow/py_env/lib/python3.9/site-packages/airflow/example_dags/plugins/event_listener.py
[2023-03-28T11:21:30.133-0400] {processor.py:175} INFO - Processing /Users/sunanda/Downloads/airflow/py_env/lib/python3.9/site-packages/airflow/example_dags/plugins/event_listener.py took 0.582 seconds
[2023-03-28T11:23:24.409-0400] {processor.py:153} INFO - Started process (PID=99583) to work on /Users/sunanda/Downloads/airflow/py_env/lib/python3.9/site-packages/airflow/example_dags/plugins/event_listener.py
[2023-03-28T11:23:24.412-0400] {processor.py:743} INFO - Processing file /Users/sunanda/Downloads/airflow/py_env/lib/python3.9/site-packages/airflow/example_dags/plugins/event_listener.py for tasks to queue
[2023-03-28T11:23:24.412-0400] {logging_mixin.py:137} INFO - [2023-03-28T11:23:24.412-0400] {dagbag.py:532} INFO - Filling up the DagBag from /Users/sunanda/Downloads/airflow/py_env/lib/python3.9/site-packages/airflow/example_dags/plugins/event_listener.py
[2023-03-28T11:23:24.445-0400] {processor.py:755} WARNING - No viable dags retrieved from /Users/sunanda/Downloads/airflow/py_env/lib/python3.9/site-packages/airflow/example_dags/plugins/event_listener.py
[2023-03-28T11:23:25.071-0400] {processor.py:175} INFO - Processing /Users/sunanda/Downloads/airflow/py_env/lib/python3.9/site-packages/airflow/example_dags/plugins/event_listener.py took 0.662 seconds
[2023-03-28T11:25:22.454-0400] {processor.py:153} INFO - Started process (PID=99734) to work on /Users/sunanda/Downloads/airflow/py_env/lib/python3.9/site-packages/airflow/example_dags/plugins/event_listener.py
[2023-03-28T11:25:22.456-0400] {processor.py:743} INFO - Processing file /Users/sunanda/Downloads/airflow/py_env/lib/python3.9/site-packages/airflow/example_dags/plugins/event_listener.py for tasks to queue
[2023-03-28T11:25:22.457-0400] {logging_mixin.py:137} INFO - [2023-03-28T11:25:22.457-0400] {dagbag.py:532} INFO - Filling up the DagBag from /Users/sunanda/Downloads/airflow/py_env/lib/python3.9/site-packages/airflow/example_dags/plugins/event_listener.py
[2023-03-28T11:25:22.463-0400] {processor.py:755} WARNING - No viable dags retrieved from /Users/sunanda/Downloads/airflow/py_env/lib/python3.9/site-packages/airflow/example_dags/plugins/event_listener.py
[2023-03-28T11:25:22.967-0400] {processor.py:175} INFO - Processing /Users/sunanda/Downloads/airflow/py_env/lib/python3.9/site-packages/airflow/example_dags/plugins/event_listener.py took 0.513 seconds
[2023-03-28T11:27:21.436-0400] {processor.py:153} INFO - Started process (PID=99884) to work on /Users/sunanda/Downloads/airflow/py_env/lib/python3.9/site-packages/airflow/example_dags/plugins/event_listener.py
[2023-03-28T11:27:21.439-0400] {processor.py:743} INFO - Processing file /Users/sunanda/Downloads/airflow/py_env/lib/python3.9/site-packages/airflow/example_dags/plugins/event_listener.py for tasks to queue
[2023-03-28T11:27:21.440-0400] {logging_mixin.py:137} INFO - [2023-03-28T11:27:21.440-0400] {dagbag.py:532} INFO - Filling up the DagBag from /Users/sunanda/Downloads/airflow/py_env/lib/python3.9/site-packages/airflow/example_dags/plugins/event_listener.py
[2023-03-28T11:27:21.446-0400] {processor.py:755} WARNING - No viable dags retrieved from /Users/sunanda/Downloads/airflow/py_env/lib/python3.9/site-packages/airflow/example_dags/plugins/event_listener.py
[2023-03-28T11:27:21.905-0400] {processor.py:175} INFO - Processing /Users/sunanda/Downloads/airflow/py_env/lib/python3.9/site-packages/airflow/example_dags/plugins/event_listener.py took 0.469 seconds
[2023-03-28T11:36:23.047-0400] {processor.py:153} INFO - Started process (PID=213) to work on /Users/sunanda/Downloads/airflow/py_env/lib/python3.9/site-packages/airflow/example_dags/plugins/event_listener.py
[2023-03-28T11:36:23.050-0400] {processor.py:743} INFO - Processing file /Users/sunanda/Downloads/airflow/py_env/lib/python3.9/site-packages/airflow/example_dags/plugins/event_listener.py for tasks to queue
[2023-03-28T11:36:23.051-0400] {logging_mixin.py:137} INFO - [2023-03-28T11:36:23.051-0400] {dagbag.py:532} INFO - Filling up the DagBag from /Users/sunanda/Downloads/airflow/py_env/lib/python3.9/site-packages/airflow/example_dags/plugins/event_listener.py
[2023-03-28T11:36:23.058-0400] {processor.py:755} WARNING - No viable dags retrieved from /Users/sunanda/Downloads/airflow/py_env/lib/python3.9/site-packages/airflow/example_dags/plugins/event_listener.py
[2023-03-28T11:36:23.648-0400] {processor.py:175} INFO - Processing /Users/sunanda/Downloads/airflow/py_env/lib/python3.9/site-packages/airflow/example_dags/plugins/event_listener.py took 0.601 seconds
[2023-03-28T11:38:24.041-0400] {processor.py:153} INFO - Started process (PID=469) to work on /Users/sunanda/Downloads/airflow/py_env/lib/python3.9/site-packages/airflow/example_dags/plugins/event_listener.py
[2023-03-28T11:38:24.044-0400] {processor.py:743} INFO - Processing file /Users/sunanda/Downloads/airflow/py_env/lib/python3.9/site-packages/airflow/example_dags/plugins/event_listener.py for tasks to queue
[2023-03-28T11:38:24.044-0400] {logging_mixin.py:137} INFO - [2023-03-28T11:38:24.044-0400] {dagbag.py:532} INFO - Filling up the DagBag from /Users/sunanda/Downloads/airflow/py_env/lib/python3.9/site-packages/airflow/example_dags/plugins/event_listener.py
[2023-03-28T11:38:24.050-0400] {processor.py:755} WARNING - No viable dags retrieved from /Users/sunanda/Downloads/airflow/py_env/lib/python3.9/site-packages/airflow/example_dags/plugins/event_listener.py
[2023-03-28T11:38:24.760-0400] {processor.py:175} INFO - Processing /Users/sunanda/Downloads/airflow/py_env/lib/python3.9/site-packages/airflow/example_dags/plugins/event_listener.py took 0.719 seconds
[2023-03-28T11:40:21.509-0400] {processor.py:153} INFO - Started process (PID=684) to work on /Users/sunanda/Downloads/airflow/py_env/lib/python3.9/site-packages/airflow/example_dags/plugins/event_listener.py
[2023-03-28T11:40:21.512-0400] {processor.py:743} INFO - Processing file /Users/sunanda/Downloads/airflow/py_env/lib/python3.9/site-packages/airflow/example_dags/plugins/event_listener.py for tasks to queue
[2023-03-28T11:40:21.512-0400] {logging_mixin.py:137} INFO - [2023-03-28T11:40:21.512-0400] {dagbag.py:532} INFO - Filling up the DagBag from /Users/sunanda/Downloads/airflow/py_env/lib/python3.9/site-packages/airflow/example_dags/plugins/event_listener.py
[2023-03-28T11:40:21.518-0400] {processor.py:755} WARNING - No viable dags retrieved from /Users/sunanda/Downloads/airflow/py_env/lib/python3.9/site-packages/airflow/example_dags/plugins/event_listener.py
[2023-03-28T11:40:22.082-0400] {processor.py:175} INFO - Processing /Users/sunanda/Downloads/airflow/py_env/lib/python3.9/site-packages/airflow/example_dags/plugins/event_listener.py took 0.573 seconds
[2023-03-28T11:42:13.058-0400] {processor.py:153} INFO - Started process (PID=840) to work on /Users/sunanda/Downloads/airflow/py_env/lib/python3.9/site-packages/airflow/example_dags/plugins/event_listener.py
[2023-03-28T11:42:13.060-0400] {processor.py:743} INFO - Processing file /Users/sunanda/Downloads/airflow/py_env/lib/python3.9/site-packages/airflow/example_dags/plugins/event_listener.py for tasks to queue
[2023-03-28T11:42:13.060-0400] {logging_mixin.py:137} INFO - [2023-03-28T11:42:13.060-0400] {dagbag.py:532} INFO - Filling up the DagBag from /Users/sunanda/Downloads/airflow/py_env/lib/python3.9/site-packages/airflow/example_dags/plugins/event_listener.py
[2023-03-28T11:42:13.066-0400] {processor.py:755} WARNING - No viable dags retrieved from /Users/sunanda/Downloads/airflow/py_env/lib/python3.9/site-packages/airflow/example_dags/plugins/event_listener.py
[2023-03-28T11:42:13.681-0400] {processor.py:175} INFO - Processing /Users/sunanda/Downloads/airflow/py_env/lib/python3.9/site-packages/airflow/example_dags/plugins/event_listener.py took 0.624 seconds
[2023-03-28T11:44:13.222-0400] {processor.py:153} INFO - Started process (PID=996) to work on /Users/sunanda/Downloads/airflow/py_env/lib/python3.9/site-packages/airflow/example_dags/plugins/event_listener.py
[2023-03-28T11:44:13.226-0400] {processor.py:743} INFO - Processing file /Users/sunanda/Downloads/airflow/py_env/lib/python3.9/site-packages/airflow/example_dags/plugins/event_listener.py for tasks to queue
[2023-03-28T11:44:13.227-0400] {logging_mixin.py:137} INFO - [2023-03-28T11:44:13.227-0400] {dagbag.py:532} INFO - Filling up the DagBag from /Users/sunanda/Downloads/airflow/py_env/lib/python3.9/site-packages/airflow/example_dags/plugins/event_listener.py
[2023-03-28T11:44:13.234-0400] {processor.py:755} WARNING - No viable dags retrieved from /Users/sunanda/Downloads/airflow/py_env/lib/python3.9/site-packages/airflow/example_dags/plugins/event_listener.py
[2023-03-28T11:44:13.720-0400] {processor.py:175} INFO - Processing /Users/sunanda/Downloads/airflow/py_env/lib/python3.9/site-packages/airflow/example_dags/plugins/event_listener.py took 0.498 seconds
[2023-03-28T11:45:57.505-0400] {processor.py:153} INFO - Started process (PID=1131) to work on /Users/sunanda/Downloads/airflow/py_env/lib/python3.9/site-packages/airflow/example_dags/plugins/event_listener.py
[2023-03-28T11:45:57.507-0400] {processor.py:743} INFO - Processing file /Users/sunanda/Downloads/airflow/py_env/lib/python3.9/site-packages/airflow/example_dags/plugins/event_listener.py for tasks to queue
[2023-03-28T11:45:57.508-0400] {logging_mixin.py:137} INFO - [2023-03-28T11:45:57.508-0400] {dagbag.py:532} INFO - Filling up the DagBag from /Users/sunanda/Downloads/airflow/py_env/lib/python3.9/site-packages/airflow/example_dags/plugins/event_listener.py
[2023-03-28T11:45:57.520-0400] {processor.py:755} WARNING - No viable dags retrieved from /Users/sunanda/Downloads/airflow/py_env/lib/python3.9/site-packages/airflow/example_dags/plugins/event_listener.py
[2023-03-28T11:45:58.088-0400] {processor.py:175} INFO - Processing /Users/sunanda/Downloads/airflow/py_env/lib/python3.9/site-packages/airflow/example_dags/plugins/event_listener.py took 0.583 seconds
[2023-03-28T11:47:52.007-0400] {processor.py:153} INFO - Started process (PID=1325) to work on /Users/sunanda/Downloads/airflow/py_env/lib/python3.9/site-packages/airflow/example_dags/plugins/event_listener.py
[2023-03-28T11:47:52.028-0400] {processor.py:743} INFO - Processing file /Users/sunanda/Downloads/airflow/py_env/lib/python3.9/site-packages/airflow/example_dags/plugins/event_listener.py for tasks to queue
[2023-03-28T11:47:52.029-0400] {logging_mixin.py:137} INFO - [2023-03-28T11:47:52.028-0400] {dagbag.py:532} INFO - Filling up the DagBag from /Users/sunanda/Downloads/airflow/py_env/lib/python3.9/site-packages/airflow/example_dags/plugins/event_listener.py
[2023-03-28T11:47:52.035-0400] {processor.py:755} WARNING - No viable dags retrieved from /Users/sunanda/Downloads/airflow/py_env/lib/python3.9/site-packages/airflow/example_dags/plugins/event_listener.py
[2023-03-28T11:47:52.469-0400] {processor.py:175} INFO - Processing /Users/sunanda/Downloads/airflow/py_env/lib/python3.9/site-packages/airflow/example_dags/plugins/event_listener.py took 0.463 seconds
[2023-03-28T11:49:48.739-0400] {processor.py:153} INFO - Started process (PID=1490) to work on /Users/sunanda/Downloads/airflow/py_env/lib/python3.9/site-packages/airflow/example_dags/plugins/event_listener.py
[2023-03-28T11:49:48.743-0400] {processor.py:743} INFO - Processing file /Users/sunanda/Downloads/airflow/py_env/lib/python3.9/site-packages/airflow/example_dags/plugins/event_listener.py for tasks to queue
[2023-03-28T11:49:48.743-0400] {logging_mixin.py:137} INFO - [2023-03-28T11:49:48.743-0400] {dagbag.py:532} INFO - Filling up the DagBag from /Users/sunanda/Downloads/airflow/py_env/lib/python3.9/site-packages/airflow/example_dags/plugins/event_listener.py
[2023-03-28T11:49:48.749-0400] {processor.py:755} WARNING - No viable dags retrieved from /Users/sunanda/Downloads/airflow/py_env/lib/python3.9/site-packages/airflow/example_dags/plugins/event_listener.py
[2023-03-28T11:49:49.262-0400] {processor.py:175} INFO - Processing /Users/sunanda/Downloads/airflow/py_env/lib/python3.9/site-packages/airflow/example_dags/plugins/event_listener.py took 0.528 seconds
[2023-03-28T11:52:04.872-0400] {processor.py:153} INFO - Started process (PID=1719) to work on /Users/sunanda/Downloads/airflow/py_env/lib/python3.9/site-packages/airflow/example_dags/plugins/event_listener.py
[2023-03-28T11:52:04.875-0400] {processor.py:743} INFO - Processing file /Users/sunanda/Downloads/airflow/py_env/lib/python3.9/site-packages/airflow/example_dags/plugins/event_listener.py for tasks to queue
[2023-03-28T11:52:04.876-0400] {logging_mixin.py:137} INFO - [2023-03-28T11:52:04.876-0400] {dagbag.py:532} INFO - Filling up the DagBag from /Users/sunanda/Downloads/airflow/py_env/lib/python3.9/site-packages/airflow/example_dags/plugins/event_listener.py
[2023-03-28T11:52:04.882-0400] {processor.py:755} WARNING - No viable dags retrieved from /Users/sunanda/Downloads/airflow/py_env/lib/python3.9/site-packages/airflow/example_dags/plugins/event_listener.py
[2023-03-28T11:52:05.459-0400] {processor.py:175} INFO - Processing /Users/sunanda/Downloads/airflow/py_env/lib/python3.9/site-packages/airflow/example_dags/plugins/event_listener.py took 0.587 seconds
[2023-03-28T11:54:06.524-0400] {processor.py:153} INFO - Started process (PID=1871) to work on /Users/sunanda/Downloads/airflow/py_env/lib/python3.9/site-packages/airflow/example_dags/plugins/event_listener.py
[2023-03-28T11:54:06.539-0400] {processor.py:743} INFO - Processing file /Users/sunanda/Downloads/airflow/py_env/lib/python3.9/site-packages/airflow/example_dags/plugins/event_listener.py for tasks to queue
[2023-03-28T11:54:06.539-0400] {logging_mixin.py:137} INFO - [2023-03-28T11:54:06.539-0400] {dagbag.py:532} INFO - Filling up the DagBag from /Users/sunanda/Downloads/airflow/py_env/lib/python3.9/site-packages/airflow/example_dags/plugins/event_listener.py
[2023-03-28T11:54:06.554-0400] {processor.py:755} WARNING - No viable dags retrieved from /Users/sunanda/Downloads/airflow/py_env/lib/python3.9/site-packages/airflow/example_dags/plugins/event_listener.py
[2023-03-28T11:54:07.032-0400] {processor.py:175} INFO - Processing /Users/sunanda/Downloads/airflow/py_env/lib/python3.9/site-packages/airflow/example_dags/plugins/event_listener.py took 0.508 seconds
[2023-03-28T11:56:10.631-0400] {processor.py:153} INFO - Started process (PID=2035) to work on /Users/sunanda/Downloads/airflow/py_env/lib/python3.9/site-packages/airflow/example_dags/plugins/event_listener.py
[2023-03-28T11:56:10.638-0400] {processor.py:743} INFO - Processing file /Users/sunanda/Downloads/airflow/py_env/lib/python3.9/site-packages/airflow/example_dags/plugins/event_listener.py for tasks to queue
[2023-03-28T11:56:10.638-0400] {logging_mixin.py:137} INFO - [2023-03-28T11:56:10.638-0400] {dagbag.py:532} INFO - Filling up the DagBag from /Users/sunanda/Downloads/airflow/py_env/lib/python3.9/site-packages/airflow/example_dags/plugins/event_listener.py
[2023-03-28T11:56:10.644-0400] {processor.py:755} WARNING - No viable dags retrieved from /Users/sunanda/Downloads/airflow/py_env/lib/python3.9/site-packages/airflow/example_dags/plugins/event_listener.py
[2023-03-28T11:56:11.171-0400] {processor.py:175} INFO - Processing /Users/sunanda/Downloads/airflow/py_env/lib/python3.9/site-packages/airflow/example_dags/plugins/event_listener.py took 0.541 seconds
[2023-03-28T11:58:02.015-0400] {processor.py:153} INFO - Started process (PID=2185) to work on /Users/sunanda/Downloads/airflow/py_env/lib/python3.9/site-packages/airflow/example_dags/plugins/event_listener.py
[2023-03-28T11:58:02.036-0400] {processor.py:743} INFO - Processing file /Users/sunanda/Downloads/airflow/py_env/lib/python3.9/site-packages/airflow/example_dags/plugins/event_listener.py for tasks to queue
[2023-03-28T11:58:02.036-0400] {logging_mixin.py:137} INFO - [2023-03-28T11:58:02.036-0400] {dagbag.py:532} INFO - Filling up the DagBag from /Users/sunanda/Downloads/airflow/py_env/lib/python3.9/site-packages/airflow/example_dags/plugins/event_listener.py
[2023-03-28T11:58:02.042-0400] {processor.py:755} WARNING - No viable dags retrieved from /Users/sunanda/Downloads/airflow/py_env/lib/python3.9/site-packages/airflow/example_dags/plugins/event_listener.py
[2023-03-28T11:58:02.509-0400] {processor.py:175} INFO - Processing /Users/sunanda/Downloads/airflow/py_env/lib/python3.9/site-packages/airflow/example_dags/plugins/event_listener.py took 0.495 seconds
[2023-03-28T11:59:52.152-0400] {processor.py:153} INFO - Started process (PID=2344) to work on /Users/sunanda/Downloads/airflow/py_env/lib/python3.9/site-packages/airflow/example_dags/plugins/event_listener.py
[2023-03-28T11:59:52.169-0400] {processor.py:743} INFO - Processing file /Users/sunanda/Downloads/airflow/py_env/lib/python3.9/site-packages/airflow/example_dags/plugins/event_listener.py for tasks to queue
[2023-03-28T11:59:52.170-0400] {logging_mixin.py:137} INFO - [2023-03-28T11:59:52.170-0400] {dagbag.py:532} INFO - Filling up the DagBag from /Users/sunanda/Downloads/airflow/py_env/lib/python3.9/site-packages/airflow/example_dags/plugins/event_listener.py
[2023-03-28T11:59:52.176-0400] {processor.py:755} WARNING - No viable dags retrieved from /Users/sunanda/Downloads/airflow/py_env/lib/python3.9/site-packages/airflow/example_dags/plugins/event_listener.py
[2023-03-28T11:59:52.701-0400] {processor.py:175} INFO - Processing /Users/sunanda/Downloads/airflow/py_env/lib/python3.9/site-packages/airflow/example_dags/plugins/event_listener.py took 0.552 seconds
[2023-03-28T12:01:42.140-0400] {processor.py:153} INFO - Started process (PID=2495) to work on /Users/sunanda/Downloads/airflow/py_env/lib/python3.9/site-packages/airflow/example_dags/plugins/event_listener.py
[2023-03-28T12:01:42.146-0400] {processor.py:743} INFO - Processing file /Users/sunanda/Downloads/airflow/py_env/lib/python3.9/site-packages/airflow/example_dags/plugins/event_listener.py for tasks to queue
[2023-03-28T12:01:42.147-0400] {logging_mixin.py:137} INFO - [2023-03-28T12:01:42.147-0400] {dagbag.py:532} INFO - Filling up the DagBag from /Users/sunanda/Downloads/airflow/py_env/lib/python3.9/site-packages/airflow/example_dags/plugins/event_listener.py
[2023-03-28T12:01:42.153-0400] {processor.py:755} WARNING - No viable dags retrieved from /Users/sunanda/Downloads/airflow/py_env/lib/python3.9/site-packages/airflow/example_dags/plugins/event_listener.py
[2023-03-28T12:01:42.626-0400] {processor.py:175} INFO - Processing /Users/sunanda/Downloads/airflow/py_env/lib/python3.9/site-packages/airflow/example_dags/plugins/event_listener.py took 0.490 seconds
[2023-03-28T12:03:44.359-0400] {processor.py:153} INFO - Started process (PID=2692) to work on /Users/sunanda/Downloads/airflow/py_env/lib/python3.9/site-packages/airflow/example_dags/plugins/event_listener.py
[2023-03-28T12:03:44.362-0400] {processor.py:743} INFO - Processing file /Users/sunanda/Downloads/airflow/py_env/lib/python3.9/site-packages/airflow/example_dags/plugins/event_listener.py for tasks to queue
[2023-03-28T12:03:44.363-0400] {logging_mixin.py:137} INFO - [2023-03-28T12:03:44.363-0400] {dagbag.py:532} INFO - Filling up the DagBag from /Users/sunanda/Downloads/airflow/py_env/lib/python3.9/site-packages/airflow/example_dags/plugins/event_listener.py
[2023-03-28T12:03:44.370-0400] {processor.py:755} WARNING - No viable dags retrieved from /Users/sunanda/Downloads/airflow/py_env/lib/python3.9/site-packages/airflow/example_dags/plugins/event_listener.py
[2023-03-28T12:03:44.771-0400] {processor.py:175} INFO - Processing /Users/sunanda/Downloads/airflow/py_env/lib/python3.9/site-packages/airflow/example_dags/plugins/event_listener.py took 0.413 seconds
[2023-03-28T12:05:38.373-0400] {processor.py:153} INFO - Started process (PID=2854) to work on /Users/sunanda/Downloads/airflow/py_env/lib/python3.9/site-packages/airflow/example_dags/plugins/event_listener.py
[2023-03-28T12:05:38.376-0400] {processor.py:743} INFO - Processing file /Users/sunanda/Downloads/airflow/py_env/lib/python3.9/site-packages/airflow/example_dags/plugins/event_listener.py for tasks to queue
[2023-03-28T12:05:38.376-0400] {logging_mixin.py:137} INFO - [2023-03-28T12:05:38.376-0400] {dagbag.py:532} INFO - Filling up the DagBag from /Users/sunanda/Downloads/airflow/py_env/lib/python3.9/site-packages/airflow/example_dags/plugins/event_listener.py
[2023-03-28T12:05:38.390-0400] {processor.py:755} WARNING - No viable dags retrieved from /Users/sunanda/Downloads/airflow/py_env/lib/python3.9/site-packages/airflow/example_dags/plugins/event_listener.py
[2023-03-28T12:05:38.901-0400] {processor.py:175} INFO - Processing /Users/sunanda/Downloads/airflow/py_env/lib/python3.9/site-packages/airflow/example_dags/plugins/event_listener.py took 0.528 seconds
[2023-03-28T12:07:36.726-0400] {processor.py:153} INFO - Started process (PID=3066) to work on /Users/sunanda/Downloads/airflow/py_env/lib/python3.9/site-packages/airflow/example_dags/plugins/event_listener.py
[2023-03-28T12:07:36.732-0400] {processor.py:743} INFO - Processing file /Users/sunanda/Downloads/airflow/py_env/lib/python3.9/site-packages/airflow/example_dags/plugins/event_listener.py for tasks to queue
[2023-03-28T12:07:36.732-0400] {logging_mixin.py:137} INFO - [2023-03-28T12:07:36.732-0400] {dagbag.py:532} INFO - Filling up the DagBag from /Users/sunanda/Downloads/airflow/py_env/lib/python3.9/site-packages/airflow/example_dags/plugins/event_listener.py
[2023-03-28T12:07:36.739-0400] {processor.py:755} WARNING - No viable dags retrieved from /Users/sunanda/Downloads/airflow/py_env/lib/python3.9/site-packages/airflow/example_dags/plugins/event_listener.py
[2023-03-28T12:07:37.354-0400] {processor.py:175} INFO - Processing /Users/sunanda/Downloads/airflow/py_env/lib/python3.9/site-packages/airflow/example_dags/plugins/event_listener.py took 0.629 seconds
[2023-03-28T12:09:41.859-0400] {processor.py:153} INFO - Started process (PID=3304) to work on /Users/sunanda/Downloads/airflow/py_env/lib/python3.9/site-packages/airflow/example_dags/plugins/event_listener.py
[2023-03-28T12:09:41.862-0400] {processor.py:743} INFO - Processing file /Users/sunanda/Downloads/airflow/py_env/lib/python3.9/site-packages/airflow/example_dags/plugins/event_listener.py for tasks to queue
[2023-03-28T12:09:41.862-0400] {logging_mixin.py:137} INFO - [2023-03-28T12:09:41.862-0400] {dagbag.py:532} INFO - Filling up the DagBag from /Users/sunanda/Downloads/airflow/py_env/lib/python3.9/site-packages/airflow/example_dags/plugins/event_listener.py
[2023-03-28T12:09:41.869-0400] {processor.py:755} WARNING - No viable dags retrieved from /Users/sunanda/Downloads/airflow/py_env/lib/python3.9/site-packages/airflow/example_dags/plugins/event_listener.py
[2023-03-28T12:09:42.343-0400] {processor.py:175} INFO - Processing /Users/sunanda/Downloads/airflow/py_env/lib/python3.9/site-packages/airflow/example_dags/plugins/event_listener.py took 0.486 seconds
[2023-03-28T12:11:39.815-0400] {processor.py:153} INFO - Started process (PID=3497) to work on /Users/sunanda/Downloads/airflow/py_env/lib/python3.9/site-packages/airflow/example_dags/plugins/event_listener.py
[2023-03-28T12:11:39.819-0400] {processor.py:743} INFO - Processing file /Users/sunanda/Downloads/airflow/py_env/lib/python3.9/site-packages/airflow/example_dags/plugins/event_listener.py for tasks to queue
[2023-03-28T12:11:39.819-0400] {logging_mixin.py:137} INFO - [2023-03-28T12:11:39.819-0400] {dagbag.py:532} INFO - Filling up the DagBag from /Users/sunanda/Downloads/airflow/py_env/lib/python3.9/site-packages/airflow/example_dags/plugins/event_listener.py
[2023-03-28T12:11:39.825-0400] {processor.py:755} WARNING - No viable dags retrieved from /Users/sunanda/Downloads/airflow/py_env/lib/python3.9/site-packages/airflow/example_dags/plugins/event_listener.py
[2023-03-28T12:11:40.437-0400] {processor.py:175} INFO - Processing /Users/sunanda/Downloads/airflow/py_env/lib/python3.9/site-packages/airflow/example_dags/plugins/event_listener.py took 0.622 seconds
[2023-03-28T12:13:32.972-0400] {processor.py:153} INFO - Started process (PID=3666) to work on /Users/sunanda/Downloads/airflow/py_env/lib/python3.9/site-packages/airflow/example_dags/plugins/event_listener.py
[2023-03-28T12:13:32.975-0400] {processor.py:743} INFO - Processing file /Users/sunanda/Downloads/airflow/py_env/lib/python3.9/site-packages/airflow/example_dags/plugins/event_listener.py for tasks to queue
[2023-03-28T12:13:32.976-0400] {logging_mixin.py:137} INFO - [2023-03-28T12:13:32.976-0400] {dagbag.py:532} INFO - Filling up the DagBag from /Users/sunanda/Downloads/airflow/py_env/lib/python3.9/site-packages/airflow/example_dags/plugins/event_listener.py
[2023-03-28T12:13:32.982-0400] {processor.py:755} WARNING - No viable dags retrieved from /Users/sunanda/Downloads/airflow/py_env/lib/python3.9/site-packages/airflow/example_dags/plugins/event_listener.py
[2023-03-28T12:13:33.421-0400] {processor.py:175} INFO - Processing /Users/sunanda/Downloads/airflow/py_env/lib/python3.9/site-packages/airflow/example_dags/plugins/event_listener.py took 0.449 seconds
[2023-03-28T12:13:59.317-0400] {processor.py:153} INFO - Started process (PID=3702) to work on /Users/sunanda/Downloads/airflow/py_env/lib/python3.9/site-packages/airflow/example_dags/plugins/event_listener.py
[2023-03-28T12:13:59.321-0400] {processor.py:743} INFO - Processing file /Users/sunanda/Downloads/airflow/py_env/lib/python3.9/site-packages/airflow/example_dags/plugins/event_listener.py for tasks to queue
[2023-03-28T12:13:59.321-0400] {logging_mixin.py:137} INFO - [2023-03-28T12:13:59.321-0400] {dagbag.py:532} INFO - Filling up the DagBag from /Users/sunanda/Downloads/airflow/py_env/lib/python3.9/site-packages/airflow/example_dags/plugins/event_listener.py
[2023-03-28T12:13:59.327-0400] {processor.py:755} WARNING - No viable dags retrieved from /Users/sunanda/Downloads/airflow/py_env/lib/python3.9/site-packages/airflow/example_dags/plugins/event_listener.py
[2023-03-28T12:13:59.692-0400] {processor.py:175} INFO - Processing /Users/sunanda/Downloads/airflow/py_env/lib/python3.9/site-packages/airflow/example_dags/plugins/event_listener.py took 0.375 seconds
[2023-03-28T12:16:18.395-0400] {processor.py:153} INFO - Started process (PID=3937) to work on /Users/sunanda/Downloads/airflow/py_env/lib/python3.9/site-packages/airflow/example_dags/plugins/event_listener.py
[2023-03-28T12:16:18.399-0400] {processor.py:743} INFO - Processing file /Users/sunanda/Downloads/airflow/py_env/lib/python3.9/site-packages/airflow/example_dags/plugins/event_listener.py for tasks to queue
[2023-03-28T12:16:18.414-0400] {logging_mixin.py:137} INFO - [2023-03-28T12:16:18.414-0400] {dagbag.py:532} INFO - Filling up the DagBag from /Users/sunanda/Downloads/airflow/py_env/lib/python3.9/site-packages/airflow/example_dags/plugins/event_listener.py
[2023-03-28T12:16:18.448-0400] {processor.py:755} WARNING - No viable dags retrieved from /Users/sunanda/Downloads/airflow/py_env/lib/python3.9/site-packages/airflow/example_dags/plugins/event_listener.py
[2023-03-28T12:16:19.002-0400] {processor.py:175} INFO - Processing /Users/sunanda/Downloads/airflow/py_env/lib/python3.9/site-packages/airflow/example_dags/plugins/event_listener.py took 0.608 seconds
[2023-03-28T12:18:14.250-0400] {processor.py:153} INFO - Started process (PID=4097) to work on /Users/sunanda/Downloads/airflow/py_env/lib/python3.9/site-packages/airflow/example_dags/plugins/event_listener.py
[2023-03-28T12:18:14.252-0400] {processor.py:743} INFO - Processing file /Users/sunanda/Downloads/airflow/py_env/lib/python3.9/site-packages/airflow/example_dags/plugins/event_listener.py for tasks to queue
[2023-03-28T12:18:14.252-0400] {logging_mixin.py:137} INFO - [2023-03-28T12:18:14.252-0400] {dagbag.py:532} INFO - Filling up the DagBag from /Users/sunanda/Downloads/airflow/py_env/lib/python3.9/site-packages/airflow/example_dags/plugins/event_listener.py
[2023-03-28T12:18:14.259-0400] {processor.py:755} WARNING - No viable dags retrieved from /Users/sunanda/Downloads/airflow/py_env/lib/python3.9/site-packages/airflow/example_dags/plugins/event_listener.py
[2023-03-28T12:18:14.848-0400] {processor.py:175} INFO - Processing /Users/sunanda/Downloads/airflow/py_env/lib/python3.9/site-packages/airflow/example_dags/plugins/event_listener.py took 0.601 seconds
[2023-03-28T12:20:04.889-0400] {processor.py:153} INFO - Started process (PID=4239) to work on /Users/sunanda/Downloads/airflow/py_env/lib/python3.9/site-packages/airflow/example_dags/plugins/event_listener.py
[2023-03-28T12:20:04.906-0400] {processor.py:743} INFO - Processing file /Users/sunanda/Downloads/airflow/py_env/lib/python3.9/site-packages/airflow/example_dags/plugins/event_listener.py for tasks to queue
[2023-03-28T12:20:04.910-0400] {logging_mixin.py:137} INFO - [2023-03-28T12:20:04.910-0400] {dagbag.py:532} INFO - Filling up the DagBag from /Users/sunanda/Downloads/airflow/py_env/lib/python3.9/site-packages/airflow/example_dags/plugins/event_listener.py
[2023-03-28T12:20:04.919-0400] {processor.py:755} WARNING - No viable dags retrieved from /Users/sunanda/Downloads/airflow/py_env/lib/python3.9/site-packages/airflow/example_dags/plugins/event_listener.py
[2023-03-28T12:20:05.397-0400] {processor.py:175} INFO - Processing /Users/sunanda/Downloads/airflow/py_env/lib/python3.9/site-packages/airflow/example_dags/plugins/event_listener.py took 0.516 seconds
[2023-03-28T12:22:01.054-0400] {processor.py:153} INFO - Started process (PID=4387) to work on /Users/sunanda/Downloads/airflow/py_env/lib/python3.9/site-packages/airflow/example_dags/plugins/event_listener.py
[2023-03-28T12:22:01.067-0400] {processor.py:743} INFO - Processing file /Users/sunanda/Downloads/airflow/py_env/lib/python3.9/site-packages/airflow/example_dags/plugins/event_listener.py for tasks to queue
[2023-03-28T12:22:01.068-0400] {logging_mixin.py:137} INFO - [2023-03-28T12:22:01.068-0400] {dagbag.py:532} INFO - Filling up the DagBag from /Users/sunanda/Downloads/airflow/py_env/lib/python3.9/site-packages/airflow/example_dags/plugins/event_listener.py
[2023-03-28T12:22:01.074-0400] {processor.py:755} WARNING - No viable dags retrieved from /Users/sunanda/Downloads/airflow/py_env/lib/python3.9/site-packages/airflow/example_dags/plugins/event_listener.py
[2023-03-28T12:22:01.434-0400] {processor.py:175} INFO - Processing /Users/sunanda/Downloads/airflow/py_env/lib/python3.9/site-packages/airflow/example_dags/plugins/event_listener.py took 0.391 seconds
[2023-03-28T12:23:59.241-0400] {processor.py:153} INFO - Started process (PID=4548) to work on /Users/sunanda/Downloads/airflow/py_env/lib/python3.9/site-packages/airflow/example_dags/plugins/event_listener.py
[2023-03-28T12:23:59.244-0400] {processor.py:743} INFO - Processing file /Users/sunanda/Downloads/airflow/py_env/lib/python3.9/site-packages/airflow/example_dags/plugins/event_listener.py for tasks to queue
[2023-03-28T12:23:59.245-0400] {logging_mixin.py:137} INFO - [2023-03-28T12:23:59.245-0400] {dagbag.py:532} INFO - Filling up the DagBag from /Users/sunanda/Downloads/airflow/py_env/lib/python3.9/site-packages/airflow/example_dags/plugins/event_listener.py
[2023-03-28T12:23:59.251-0400] {processor.py:755} WARNING - No viable dags retrieved from /Users/sunanda/Downloads/airflow/py_env/lib/python3.9/site-packages/airflow/example_dags/plugins/event_listener.py
[2023-03-28T12:23:59.861-0400] {processor.py:175} INFO - Processing /Users/sunanda/Downloads/airflow/py_env/lib/python3.9/site-packages/airflow/example_dags/plugins/event_listener.py took 0.620 seconds
[2023-03-28T12:28:47.973-0400] {processor.py:153} INFO - Started process (PID=4726) to work on /Users/sunanda/Downloads/airflow/py_env/lib/python3.9/site-packages/airflow/example_dags/plugins/event_listener.py
[2023-03-28T12:28:47.981-0400] {processor.py:743} INFO - Processing file /Users/sunanda/Downloads/airflow/py_env/lib/python3.9/site-packages/airflow/example_dags/plugins/event_listener.py for tasks to queue
[2023-03-28T12:28:47.981-0400] {logging_mixin.py:137} INFO - [2023-03-28T12:28:47.981-0400] {dagbag.py:532} INFO - Filling up the DagBag from /Users/sunanda/Downloads/airflow/py_env/lib/python3.9/site-packages/airflow/example_dags/plugins/event_listener.py
[2023-03-28T12:28:48.000-0400] {processor.py:755} WARNING - No viable dags retrieved from /Users/sunanda/Downloads/airflow/py_env/lib/python3.9/site-packages/airflow/example_dags/plugins/event_listener.py
[2023-03-28T12:28:48.478-0400] {processor.py:175} INFO - Processing /Users/sunanda/Downloads/airflow/py_env/lib/python3.9/site-packages/airflow/example_dags/plugins/event_listener.py took 0.506 seconds
[2023-03-28T12:30:46.818-0400] {processor.py:153} INFO - Started process (PID=4883) to work on /Users/sunanda/Downloads/airflow/py_env/lib/python3.9/site-packages/airflow/example_dags/plugins/event_listener.py
[2023-03-28T12:30:46.823-0400] {processor.py:743} INFO - Processing file /Users/sunanda/Downloads/airflow/py_env/lib/python3.9/site-packages/airflow/example_dags/plugins/event_listener.py for tasks to queue
[2023-03-28T12:30:46.823-0400] {logging_mixin.py:137} INFO - [2023-03-28T12:30:46.823-0400] {dagbag.py:532} INFO - Filling up the DagBag from /Users/sunanda/Downloads/airflow/py_env/lib/python3.9/site-packages/airflow/example_dags/plugins/event_listener.py
[2023-03-28T12:30:46.844-0400] {processor.py:755} WARNING - No viable dags retrieved from /Users/sunanda/Downloads/airflow/py_env/lib/python3.9/site-packages/airflow/example_dags/plugins/event_listener.py
[2023-03-28T12:30:47.327-0400] {processor.py:175} INFO - Processing /Users/sunanda/Downloads/airflow/py_env/lib/python3.9/site-packages/airflow/example_dags/plugins/event_listener.py took 0.510 seconds
