[2023-03-27T23:37:08.583-0400] {processor.py:153} INFO - Started process (PID=79106) to work on /Users/sunanda/Downloads/airflow/py_env/lib/python3.9/site-packages/airflow/example_dags/plugins/listener_plugin.py
[2023-03-27T23:37:08.585-0400] {processor.py:743} INFO - Processing file /Users/sunanda/Downloads/airflow/py_env/lib/python3.9/site-packages/airflow/example_dags/plugins/listener_plugin.py for tasks to queue
[2023-03-27T23:37:08.586-0400] {logging_mixin.py:137} INFO - [2023-03-27T23:37:08.586-0400] {dagbag.py:532} INFO - Filling up the DagBag from /Users/sunanda/Downloads/airflow/py_env/lib/python3.9/site-packages/airflow/example_dags/plugins/listener_plugin.py
[2023-03-27T23:37:08.592-0400] {processor.py:755} WARNING - No viable dags retrieved from /Users/sunanda/Downloads/airflow/py_env/lib/python3.9/site-packages/airflow/example_dags/plugins/listener_plugin.py
[2023-03-27T23:37:08.836-0400] {processor.py:175} INFO - Processing /Users/sunanda/Downloads/airflow/py_env/lib/python3.9/site-packages/airflow/example_dags/plugins/listener_plugin.py took 0.254 seconds
[2023-03-27T23:38:33.779-0400] {processor.py:153} INFO - Started process (PID=79276) to work on /Users/sunanda/Downloads/airflow/py_env/lib/python3.9/site-packages/airflow/example_dags/plugins/listener_plugin.py
[2023-03-27T23:38:33.789-0400] {processor.py:743} INFO - Processing file /Users/sunanda/Downloads/airflow/py_env/lib/python3.9/site-packages/airflow/example_dags/plugins/listener_plugin.py for tasks to queue
[2023-03-27T23:38:33.789-0400] {logging_mixin.py:137} INFO - [2023-03-27T23:38:33.789-0400] {dagbag.py:532} INFO - Filling up the DagBag from /Users/sunanda/Downloads/airflow/py_env/lib/python3.9/site-packages/airflow/example_dags/plugins/listener_plugin.py
[2023-03-27T23:38:33.802-0400] {processor.py:755} WARNING - No viable dags retrieved from /Users/sunanda/Downloads/airflow/py_env/lib/python3.9/site-packages/airflow/example_dags/plugins/listener_plugin.py
[2023-03-27T23:38:34.054-0400] {processor.py:175} INFO - Processing /Users/sunanda/Downloads/airflow/py_env/lib/python3.9/site-packages/airflow/example_dags/plugins/listener_plugin.py took 0.279 seconds
[2023-03-27T23:39:28.293-0400] {processor.py:153} INFO - Started process (PID=79369) to work on /Users/sunanda/Downloads/airflow/py_env/lib/python3.9/site-packages/airflow/example_dags/plugins/listener_plugin.py
[2023-03-27T23:39:28.296-0400] {processor.py:743} INFO - Processing file /Users/sunanda/Downloads/airflow/py_env/lib/python3.9/site-packages/airflow/example_dags/plugins/listener_plugin.py for tasks to queue
[2023-03-27T23:39:28.296-0400] {logging_mixin.py:137} INFO - [2023-03-27T23:39:28.296-0400] {dagbag.py:532} INFO - Filling up the DagBag from /Users/sunanda/Downloads/airflow/py_env/lib/python3.9/site-packages/airflow/example_dags/plugins/listener_plugin.py
[2023-03-27T23:39:28.303-0400] {processor.py:755} WARNING - No viable dags retrieved from /Users/sunanda/Downloads/airflow/py_env/lib/python3.9/site-packages/airflow/example_dags/plugins/listener_plugin.py
[2023-03-27T23:39:28.551-0400] {processor.py:175} INFO - Processing /Users/sunanda/Downloads/airflow/py_env/lib/python3.9/site-packages/airflow/example_dags/plugins/listener_plugin.py took 0.259 seconds
[2023-03-27T23:40:23.548-0400] {processor.py:153} INFO - Started process (PID=79451) to work on /Users/sunanda/Downloads/airflow/py_env/lib/python3.9/site-packages/airflow/example_dags/plugins/listener_plugin.py
[2023-03-27T23:40:23.551-0400] {processor.py:743} INFO - Processing file /Users/sunanda/Downloads/airflow/py_env/lib/python3.9/site-packages/airflow/example_dags/plugins/listener_plugin.py for tasks to queue
[2023-03-27T23:40:23.551-0400] {logging_mixin.py:137} INFO - [2023-03-27T23:40:23.551-0400] {dagbag.py:532} INFO - Filling up the DagBag from /Users/sunanda/Downloads/airflow/py_env/lib/python3.9/site-packages/airflow/example_dags/plugins/listener_plugin.py
[2023-03-27T23:40:23.558-0400] {processor.py:755} WARNING - No viable dags retrieved from /Users/sunanda/Downloads/airflow/py_env/lib/python3.9/site-packages/airflow/example_dags/plugins/listener_plugin.py
[2023-03-27T23:40:23.797-0400] {processor.py:175} INFO - Processing /Users/sunanda/Downloads/airflow/py_env/lib/python3.9/site-packages/airflow/example_dags/plugins/listener_plugin.py took 0.250 seconds
[2023-03-27T23:41:18.715-0400] {processor.py:153} INFO - Started process (PID=79574) to work on /Users/sunanda/Downloads/airflow/py_env/lib/python3.9/site-packages/airflow/example_dags/plugins/listener_plugin.py
[2023-03-27T23:41:18.718-0400] {processor.py:743} INFO - Processing file /Users/sunanda/Downloads/airflow/py_env/lib/python3.9/site-packages/airflow/example_dags/plugins/listener_plugin.py for tasks to queue
[2023-03-27T23:41:18.718-0400] {logging_mixin.py:137} INFO - [2023-03-27T23:41:18.718-0400] {dagbag.py:532} INFO - Filling up the DagBag from /Users/sunanda/Downloads/airflow/py_env/lib/python3.9/site-packages/airflow/example_dags/plugins/listener_plugin.py
[2023-03-27T23:41:18.725-0400] {processor.py:755} WARNING - No viable dags retrieved from /Users/sunanda/Downloads/airflow/py_env/lib/python3.9/site-packages/airflow/example_dags/plugins/listener_plugin.py
[2023-03-27T23:41:19.006-0400] {processor.py:175} INFO - Processing /Users/sunanda/Downloads/airflow/py_env/lib/python3.9/site-packages/airflow/example_dags/plugins/listener_plugin.py took 0.292 seconds
[2023-03-27T23:54:19.533-0400] {processor.py:153} INFO - Started process (PID=80481) to work on /Users/sunanda/Downloads/airflow/py_env/lib/python3.9/site-packages/airflow/example_dags/plugins/listener_plugin.py
[2023-03-27T23:54:19.542-0400] {processor.py:743} INFO - Processing file /Users/sunanda/Downloads/airflow/py_env/lib/python3.9/site-packages/airflow/example_dags/plugins/listener_plugin.py for tasks to queue
[2023-03-27T23:54:19.542-0400] {logging_mixin.py:137} INFO - [2023-03-27T23:54:19.542-0400] {dagbag.py:532} INFO - Filling up the DagBag from /Users/sunanda/Downloads/airflow/py_env/lib/python3.9/site-packages/airflow/example_dags/plugins/listener_plugin.py
[2023-03-27T23:54:19.549-0400] {processor.py:755} WARNING - No viable dags retrieved from /Users/sunanda/Downloads/airflow/py_env/lib/python3.9/site-packages/airflow/example_dags/plugins/listener_plugin.py
[2023-03-27T23:54:19.826-0400] {processor.py:175} INFO - Processing /Users/sunanda/Downloads/airflow/py_env/lib/python3.9/site-packages/airflow/example_dags/plugins/listener_plugin.py took 0.295 seconds
[2023-03-28T00:19:03.672-0400] {processor.py:153} INFO - Started process (PID=82413) to work on /Users/sunanda/Downloads/airflow/py_env/lib/python3.9/site-packages/airflow/example_dags/plugins/listener_plugin.py
[2023-03-28T00:19:03.680-0400] {processor.py:743} INFO - Processing file /Users/sunanda/Downloads/airflow/py_env/lib/python3.9/site-packages/airflow/example_dags/plugins/listener_plugin.py for tasks to queue
[2023-03-28T00:19:03.680-0400] {logging_mixin.py:137} INFO - [2023-03-28T00:19:03.680-0400] {dagbag.py:532} INFO - Filling up the DagBag from /Users/sunanda/Downloads/airflow/py_env/lib/python3.9/site-packages/airflow/example_dags/plugins/listener_plugin.py
[2023-03-28T00:19:03.687-0400] {processor.py:755} WARNING - No viable dags retrieved from /Users/sunanda/Downloads/airflow/py_env/lib/python3.9/site-packages/airflow/example_dags/plugins/listener_plugin.py
[2023-03-28T00:19:03.954-0400] {processor.py:175} INFO - Processing /Users/sunanda/Downloads/airflow/py_env/lib/python3.9/site-packages/airflow/example_dags/plugins/listener_plugin.py took 0.284 seconds
[2023-03-28T00:21:19.619-0400] {processor.py:153} INFO - Started process (PID=82580) to work on /Users/sunanda/Downloads/airflow/py_env/lib/python3.9/site-packages/airflow/example_dags/plugins/listener_plugin.py
[2023-03-28T00:21:19.622-0400] {processor.py:743} INFO - Processing file /Users/sunanda/Downloads/airflow/py_env/lib/python3.9/site-packages/airflow/example_dags/plugins/listener_plugin.py for tasks to queue
[2023-03-28T00:21:19.623-0400] {logging_mixin.py:137} INFO - [2023-03-28T00:21:19.623-0400] {dagbag.py:532} INFO - Filling up the DagBag from /Users/sunanda/Downloads/airflow/py_env/lib/python3.9/site-packages/airflow/example_dags/plugins/listener_plugin.py
[2023-03-28T00:21:19.629-0400] {processor.py:755} WARNING - No viable dags retrieved from /Users/sunanda/Downloads/airflow/py_env/lib/python3.9/site-packages/airflow/example_dags/plugins/listener_plugin.py
[2023-03-28T00:21:19.938-0400] {processor.py:175} INFO - Processing /Users/sunanda/Downloads/airflow/py_env/lib/python3.9/site-packages/airflow/example_dags/plugins/listener_plugin.py took 0.320 seconds
[2023-03-28T00:24:33.387-0400] {processor.py:153} INFO - Started process (PID=82850) to work on /Users/sunanda/Downloads/airflow/py_env/lib/python3.9/site-packages/airflow/example_dags/plugins/listener_plugin.py
[2023-03-28T00:24:33.398-0400] {processor.py:743} INFO - Processing file /Users/sunanda/Downloads/airflow/py_env/lib/python3.9/site-packages/airflow/example_dags/plugins/listener_plugin.py for tasks to queue
[2023-03-28T00:24:33.399-0400] {logging_mixin.py:137} INFO - [2023-03-28T00:24:33.398-0400] {dagbag.py:532} INFO - Filling up the DagBag from /Users/sunanda/Downloads/airflow/py_env/lib/python3.9/site-packages/airflow/example_dags/plugins/listener_plugin.py
[2023-03-28T00:24:33.436-0400] {processor.py:755} WARNING - No viable dags retrieved from /Users/sunanda/Downloads/airflow/py_env/lib/python3.9/site-packages/airflow/example_dags/plugins/listener_plugin.py
[2023-03-28T00:24:33.797-0400] {processor.py:175} INFO - Processing /Users/sunanda/Downloads/airflow/py_env/lib/python3.9/site-packages/airflow/example_dags/plugins/listener_plugin.py took 0.411 seconds
[2023-03-28T10:07:28.746-0400] {processor.py:153} INFO - Started process (PID=90996) to work on /Users/sunanda/Downloads/airflow/py_env/lib/python3.9/site-packages/airflow/example_dags/plugins/listener_plugin.py
[2023-03-28T10:07:28.768-0400] {processor.py:743} INFO - Processing file /Users/sunanda/Downloads/airflow/py_env/lib/python3.9/site-packages/airflow/example_dags/plugins/listener_plugin.py for tasks to queue
[2023-03-28T10:07:28.768-0400] {logging_mixin.py:137} INFO - [2023-03-28T10:07:28.768-0400] {dagbag.py:532} INFO - Filling up the DagBag from /Users/sunanda/Downloads/airflow/py_env/lib/python3.9/site-packages/airflow/example_dags/plugins/listener_plugin.py
[2023-03-28T10:07:28.780-0400] {processor.py:755} WARNING - No viable dags retrieved from /Users/sunanda/Downloads/airflow/py_env/lib/python3.9/site-packages/airflow/example_dags/plugins/listener_plugin.py
[2023-03-28T10:07:29.390-0400] {processor.py:175} INFO - Processing /Users/sunanda/Downloads/airflow/py_env/lib/python3.9/site-packages/airflow/example_dags/plugins/listener_plugin.py took 0.644 seconds
[2023-03-28T10:09:40.738-0400] {processor.py:153} INFO - Started process (PID=91207) to work on /Users/sunanda/Downloads/airflow/py_env/lib/python3.9/site-packages/airflow/example_dags/plugins/listener_plugin.py
[2023-03-28T10:09:40.740-0400] {processor.py:743} INFO - Processing file /Users/sunanda/Downloads/airflow/py_env/lib/python3.9/site-packages/airflow/example_dags/plugins/listener_plugin.py for tasks to queue
[2023-03-28T10:09:40.741-0400] {logging_mixin.py:137} INFO - [2023-03-28T10:09:40.741-0400] {dagbag.py:532} INFO - Filling up the DagBag from /Users/sunanda/Downloads/airflow/py_env/lib/python3.9/site-packages/airflow/example_dags/plugins/listener_plugin.py
[2023-03-28T10:09:40.748-0400] {processor.py:755} WARNING - No viable dags retrieved from /Users/sunanda/Downloads/airflow/py_env/lib/python3.9/site-packages/airflow/example_dags/plugins/listener_plugin.py
[2023-03-28T10:09:41.466-0400] {processor.py:175} INFO - Processing /Users/sunanda/Downloads/airflow/py_env/lib/python3.9/site-packages/airflow/example_dags/plugins/listener_plugin.py took 0.728 seconds
[2023-03-28T10:12:30.884-0400] {processor.py:153} INFO - Started process (PID=91428) to work on /Users/sunanda/Downloads/airflow/py_env/lib/python3.9/site-packages/airflow/example_dags/plugins/listener_plugin.py
[2023-03-28T10:12:30.891-0400] {processor.py:743} INFO - Processing file /Users/sunanda/Downloads/airflow/py_env/lib/python3.9/site-packages/airflow/example_dags/plugins/listener_plugin.py for tasks to queue
[2023-03-28T10:12:30.891-0400] {logging_mixin.py:137} INFO - [2023-03-28T10:12:30.891-0400] {dagbag.py:532} INFO - Filling up the DagBag from /Users/sunanda/Downloads/airflow/py_env/lib/python3.9/site-packages/airflow/example_dags/plugins/listener_plugin.py
[2023-03-28T10:12:30.899-0400] {processor.py:755} WARNING - No viable dags retrieved from /Users/sunanda/Downloads/airflow/py_env/lib/python3.9/site-packages/airflow/example_dags/plugins/listener_plugin.py
[2023-03-28T10:12:31.464-0400] {processor.py:175} INFO - Processing /Users/sunanda/Downloads/airflow/py_env/lib/python3.9/site-packages/airflow/example_dags/plugins/listener_plugin.py took 0.580 seconds
[2023-03-28T10:14:51.371-0400] {processor.py:153} INFO - Started process (PID=91604) to work on /Users/sunanda/Downloads/airflow/py_env/lib/python3.9/site-packages/airflow/example_dags/plugins/listener_plugin.py
[2023-03-28T10:14:51.379-0400] {processor.py:743} INFO - Processing file /Users/sunanda/Downloads/airflow/py_env/lib/python3.9/site-packages/airflow/example_dags/plugins/listener_plugin.py for tasks to queue
[2023-03-28T10:14:51.379-0400] {logging_mixin.py:137} INFO - [2023-03-28T10:14:51.379-0400] {dagbag.py:532} INFO - Filling up the DagBag from /Users/sunanda/Downloads/airflow/py_env/lib/python3.9/site-packages/airflow/example_dags/plugins/listener_plugin.py
[2023-03-28T10:14:51.387-0400] {processor.py:755} WARNING - No viable dags retrieved from /Users/sunanda/Downloads/airflow/py_env/lib/python3.9/site-packages/airflow/example_dags/plugins/listener_plugin.py
[2023-03-28T10:14:52.070-0400] {processor.py:175} INFO - Processing /Users/sunanda/Downloads/airflow/py_env/lib/python3.9/site-packages/airflow/example_dags/plugins/listener_plugin.py took 0.701 seconds
[2023-03-28T10:17:09.328-0400] {processor.py:153} INFO - Started process (PID=91774) to work on /Users/sunanda/Downloads/airflow/py_env/lib/python3.9/site-packages/airflow/example_dags/plugins/listener_plugin.py
[2023-03-28T10:17:09.334-0400] {processor.py:743} INFO - Processing file /Users/sunanda/Downloads/airflow/py_env/lib/python3.9/site-packages/airflow/example_dags/plugins/listener_plugin.py for tasks to queue
[2023-03-28T10:17:09.335-0400] {logging_mixin.py:137} INFO - [2023-03-28T10:17:09.335-0400] {dagbag.py:532} INFO - Filling up the DagBag from /Users/sunanda/Downloads/airflow/py_env/lib/python3.9/site-packages/airflow/example_dags/plugins/listener_plugin.py
[2023-03-28T10:17:09.342-0400] {processor.py:755} WARNING - No viable dags retrieved from /Users/sunanda/Downloads/airflow/py_env/lib/python3.9/site-packages/airflow/example_dags/plugins/listener_plugin.py
[2023-03-28T10:17:09.955-0400] {processor.py:175} INFO - Processing /Users/sunanda/Downloads/airflow/py_env/lib/python3.9/site-packages/airflow/example_dags/plugins/listener_plugin.py took 0.628 seconds
[2023-03-28T10:19:17.863-0400] {processor.py:153} INFO - Started process (PID=91948) to work on /Users/sunanda/Downloads/airflow/py_env/lib/python3.9/site-packages/airflow/example_dags/plugins/listener_plugin.py
[2023-03-28T10:19:17.868-0400] {processor.py:743} INFO - Processing file /Users/sunanda/Downloads/airflow/py_env/lib/python3.9/site-packages/airflow/example_dags/plugins/listener_plugin.py for tasks to queue
[2023-03-28T10:19:17.868-0400] {logging_mixin.py:137} INFO - [2023-03-28T10:19:17.868-0400] {dagbag.py:532} INFO - Filling up the DagBag from /Users/sunanda/Downloads/airflow/py_env/lib/python3.9/site-packages/airflow/example_dags/plugins/listener_plugin.py
[2023-03-28T10:19:17.875-0400] {processor.py:755} WARNING - No viable dags retrieved from /Users/sunanda/Downloads/airflow/py_env/lib/python3.9/site-packages/airflow/example_dags/plugins/listener_plugin.py
[2023-03-28T10:19:18.278-0400] {processor.py:175} INFO - Processing /Users/sunanda/Downloads/airflow/py_env/lib/python3.9/site-packages/airflow/example_dags/plugins/listener_plugin.py took 0.416 seconds
[2023-03-28T10:21:17.850-0400] {processor.py:153} INFO - Started process (PID=92147) to work on /Users/sunanda/Downloads/airflow/py_env/lib/python3.9/site-packages/airflow/example_dags/plugins/listener_plugin.py
[2023-03-28T10:21:17.855-0400] {processor.py:743} INFO - Processing file /Users/sunanda/Downloads/airflow/py_env/lib/python3.9/site-packages/airflow/example_dags/plugins/listener_plugin.py for tasks to queue
[2023-03-28T10:21:17.855-0400] {logging_mixin.py:137} INFO - [2023-03-28T10:21:17.855-0400] {dagbag.py:532} INFO - Filling up the DagBag from /Users/sunanda/Downloads/airflow/py_env/lib/python3.9/site-packages/airflow/example_dags/plugins/listener_plugin.py
[2023-03-28T10:21:17.861-0400] {processor.py:755} WARNING - No viable dags retrieved from /Users/sunanda/Downloads/airflow/py_env/lib/python3.9/site-packages/airflow/example_dags/plugins/listener_plugin.py
[2023-03-28T10:21:18.301-0400] {processor.py:175} INFO - Processing /Users/sunanda/Downloads/airflow/py_env/lib/python3.9/site-packages/airflow/example_dags/plugins/listener_plugin.py took 0.451 seconds
[2023-03-28T10:23:21.963-0400] {processor.py:153} INFO - Started process (PID=92302) to work on /Users/sunanda/Downloads/airflow/py_env/lib/python3.9/site-packages/airflow/example_dags/plugins/listener_plugin.py
[2023-03-28T10:23:21.966-0400] {processor.py:743} INFO - Processing file /Users/sunanda/Downloads/airflow/py_env/lib/python3.9/site-packages/airflow/example_dags/plugins/listener_plugin.py for tasks to queue
[2023-03-28T10:23:21.966-0400] {logging_mixin.py:137} INFO - [2023-03-28T10:23:21.966-0400] {dagbag.py:532} INFO - Filling up the DagBag from /Users/sunanda/Downloads/airflow/py_env/lib/python3.9/site-packages/airflow/example_dags/plugins/listener_plugin.py
[2023-03-28T10:23:22.012-0400] {processor.py:755} WARNING - No viable dags retrieved from /Users/sunanda/Downloads/airflow/py_env/lib/python3.9/site-packages/airflow/example_dags/plugins/listener_plugin.py
[2023-03-28T10:23:22.496-0400] {processor.py:175} INFO - Processing /Users/sunanda/Downloads/airflow/py_env/lib/python3.9/site-packages/airflow/example_dags/plugins/listener_plugin.py took 0.533 seconds
[2023-03-28T10:25:27.895-0400] {processor.py:153} INFO - Started process (PID=92575) to work on /Users/sunanda/Downloads/airflow/py_env/lib/python3.9/site-packages/airflow/example_dags/plugins/listener_plugin.py
[2023-03-28T10:25:27.902-0400] {processor.py:743} INFO - Processing file /Users/sunanda/Downloads/airflow/py_env/lib/python3.9/site-packages/airflow/example_dags/plugins/listener_plugin.py for tasks to queue
[2023-03-28T10:25:27.902-0400] {logging_mixin.py:137} INFO - [2023-03-28T10:25:27.902-0400] {dagbag.py:532} INFO - Filling up the DagBag from /Users/sunanda/Downloads/airflow/py_env/lib/python3.9/site-packages/airflow/example_dags/plugins/listener_plugin.py
[2023-03-28T10:25:27.912-0400] {processor.py:755} WARNING - No viable dags retrieved from /Users/sunanda/Downloads/airflow/py_env/lib/python3.9/site-packages/airflow/example_dags/plugins/listener_plugin.py
[2023-03-28T10:25:28.349-0400] {processor.py:175} INFO - Processing /Users/sunanda/Downloads/airflow/py_env/lib/python3.9/site-packages/airflow/example_dags/plugins/listener_plugin.py took 0.460 seconds
[2023-03-28T10:27:41.359-0400] {processor.py:153} INFO - Started process (PID=92772) to work on /Users/sunanda/Downloads/airflow/py_env/lib/python3.9/site-packages/airflow/example_dags/plugins/listener_plugin.py
[2023-03-28T10:27:41.377-0400] {processor.py:743} INFO - Processing file /Users/sunanda/Downloads/airflow/py_env/lib/python3.9/site-packages/airflow/example_dags/plugins/listener_plugin.py for tasks to queue
[2023-03-28T10:27:41.378-0400] {logging_mixin.py:137} INFO - [2023-03-28T10:27:41.378-0400] {dagbag.py:532} INFO - Filling up the DagBag from /Users/sunanda/Downloads/airflow/py_env/lib/python3.9/site-packages/airflow/example_dags/plugins/listener_plugin.py
[2023-03-28T10:27:41.393-0400] {processor.py:755} WARNING - No viable dags retrieved from /Users/sunanda/Downloads/airflow/py_env/lib/python3.9/site-packages/airflow/example_dags/plugins/listener_plugin.py
[2023-03-28T10:27:42.007-0400] {processor.py:175} INFO - Processing /Users/sunanda/Downloads/airflow/py_env/lib/python3.9/site-packages/airflow/example_dags/plugins/listener_plugin.py took 0.652 seconds
[2023-03-28T10:29:56.424-0400] {processor.py:153} INFO - Started process (PID=93046) to work on /Users/sunanda/Downloads/airflow/py_env/lib/python3.9/site-packages/airflow/example_dags/plugins/listener_plugin.py
[2023-03-28T10:29:56.463-0400] {processor.py:743} INFO - Processing file /Users/sunanda/Downloads/airflow/py_env/lib/python3.9/site-packages/airflow/example_dags/plugins/listener_plugin.py for tasks to queue
[2023-03-28T10:29:56.463-0400] {logging_mixin.py:137} INFO - [2023-03-28T10:29:56.463-0400] {dagbag.py:532} INFO - Filling up the DagBag from /Users/sunanda/Downloads/airflow/py_env/lib/python3.9/site-packages/airflow/example_dags/plugins/listener_plugin.py
[2023-03-28T10:29:56.470-0400] {processor.py:755} WARNING - No viable dags retrieved from /Users/sunanda/Downloads/airflow/py_env/lib/python3.9/site-packages/airflow/example_dags/plugins/listener_plugin.py
[2023-03-28T10:29:57.227-0400] {processor.py:175} INFO - Processing /Users/sunanda/Downloads/airflow/py_env/lib/python3.9/site-packages/airflow/example_dags/plugins/listener_plugin.py took 0.803 seconds
[2023-03-28T10:32:01.395-0400] {processor.py:153} INFO - Started process (PID=93275) to work on /Users/sunanda/Downloads/airflow/py_env/lib/python3.9/site-packages/airflow/example_dags/plugins/listener_plugin.py
[2023-03-28T10:32:01.399-0400] {processor.py:743} INFO - Processing file /Users/sunanda/Downloads/airflow/py_env/lib/python3.9/site-packages/airflow/example_dags/plugins/listener_plugin.py for tasks to queue
[2023-03-28T10:32:01.399-0400] {logging_mixin.py:137} INFO - [2023-03-28T10:32:01.399-0400] {dagbag.py:532} INFO - Filling up the DagBag from /Users/sunanda/Downloads/airflow/py_env/lib/python3.9/site-packages/airflow/example_dags/plugins/listener_plugin.py
[2023-03-28T10:32:01.408-0400] {processor.py:755} WARNING - No viable dags retrieved from /Users/sunanda/Downloads/airflow/py_env/lib/python3.9/site-packages/airflow/example_dags/plugins/listener_plugin.py
[2023-03-28T10:32:01.894-0400] {processor.py:175} INFO - Processing /Users/sunanda/Downloads/airflow/py_env/lib/python3.9/site-packages/airflow/example_dags/plugins/listener_plugin.py took 0.501 seconds
[2023-03-28T10:34:00.303-0400] {processor.py:153} INFO - Started process (PID=93426) to work on /Users/sunanda/Downloads/airflow/py_env/lib/python3.9/site-packages/airflow/example_dags/plugins/listener_plugin.py
[2023-03-28T10:34:00.309-0400] {processor.py:743} INFO - Processing file /Users/sunanda/Downloads/airflow/py_env/lib/python3.9/site-packages/airflow/example_dags/plugins/listener_plugin.py for tasks to queue
[2023-03-28T10:34:00.309-0400] {logging_mixin.py:137} INFO - [2023-03-28T10:34:00.309-0400] {dagbag.py:532} INFO - Filling up the DagBag from /Users/sunanda/Downloads/airflow/py_env/lib/python3.9/site-packages/airflow/example_dags/plugins/listener_plugin.py
[2023-03-28T10:34:00.338-0400] {processor.py:755} WARNING - No viable dags retrieved from /Users/sunanda/Downloads/airflow/py_env/lib/python3.9/site-packages/airflow/example_dags/plugins/listener_plugin.py
[2023-03-28T10:34:00.810-0400] {processor.py:175} INFO - Processing /Users/sunanda/Downloads/airflow/py_env/lib/python3.9/site-packages/airflow/example_dags/plugins/listener_plugin.py took 0.508 seconds
[2023-03-28T10:36:01.994-0400] {processor.py:153} INFO - Started process (PID=93800) to work on /Users/sunanda/Downloads/airflow/py_env/lib/python3.9/site-packages/airflow/example_dags/plugins/listener_plugin.py
[2023-03-28T10:36:02.002-0400] {processor.py:743} INFO - Processing file /Users/sunanda/Downloads/airflow/py_env/lib/python3.9/site-packages/airflow/example_dags/plugins/listener_plugin.py for tasks to queue
[2023-03-28T10:36:02.003-0400] {logging_mixin.py:137} INFO - [2023-03-28T10:36:02.003-0400] {dagbag.py:532} INFO - Filling up the DagBag from /Users/sunanda/Downloads/airflow/py_env/lib/python3.9/site-packages/airflow/example_dags/plugins/listener_plugin.py
[2023-03-28T10:36:02.010-0400] {processor.py:755} WARNING - No viable dags retrieved from /Users/sunanda/Downloads/airflow/py_env/lib/python3.9/site-packages/airflow/example_dags/plugins/listener_plugin.py
[2023-03-28T10:36:02.780-0400] {processor.py:175} INFO - Processing /Users/sunanda/Downloads/airflow/py_env/lib/python3.9/site-packages/airflow/example_dags/plugins/listener_plugin.py took 0.787 seconds
[2023-03-28T10:38:26.580-0400] {processor.py:153} INFO - Started process (PID=95216) to work on /Users/sunanda/Downloads/airflow/py_env/lib/python3.9/site-packages/airflow/example_dags/plugins/listener_plugin.py
[2023-03-28T10:38:26.647-0400] {processor.py:743} INFO - Processing file /Users/sunanda/Downloads/airflow/py_env/lib/python3.9/site-packages/airflow/example_dags/plugins/listener_plugin.py for tasks to queue
[2023-03-28T10:38:26.649-0400] {logging_mixin.py:137} INFO - [2023-03-28T10:38:26.649-0400] {dagbag.py:532} INFO - Filling up the DagBag from /Users/sunanda/Downloads/airflow/py_env/lib/python3.9/site-packages/airflow/example_dags/plugins/listener_plugin.py
[2023-03-28T10:38:26.724-0400] {processor.py:755} WARNING - No viable dags retrieved from /Users/sunanda/Downloads/airflow/py_env/lib/python3.9/site-packages/airflow/example_dags/plugins/listener_plugin.py
[2023-03-28T10:38:27.668-0400] {processor.py:175} INFO - Processing /Users/sunanda/Downloads/airflow/py_env/lib/python3.9/site-packages/airflow/example_dags/plugins/listener_plugin.py took 1.089 seconds
[2023-03-28T10:40:48.832-0400] {processor.py:153} INFO - Started process (PID=95535) to work on /Users/sunanda/Downloads/airflow/py_env/lib/python3.9/site-packages/airflow/example_dags/plugins/listener_plugin.py
[2023-03-28T10:40:48.835-0400] {processor.py:743} INFO - Processing file /Users/sunanda/Downloads/airflow/py_env/lib/python3.9/site-packages/airflow/example_dags/plugins/listener_plugin.py for tasks to queue
[2023-03-28T10:40:48.835-0400] {logging_mixin.py:137} INFO - [2023-03-28T10:40:48.835-0400] {dagbag.py:532} INFO - Filling up the DagBag from /Users/sunanda/Downloads/airflow/py_env/lib/python3.9/site-packages/airflow/example_dags/plugins/listener_plugin.py
[2023-03-28T10:40:48.842-0400] {processor.py:755} WARNING - No viable dags retrieved from /Users/sunanda/Downloads/airflow/py_env/lib/python3.9/site-packages/airflow/example_dags/plugins/listener_plugin.py
[2023-03-28T10:40:49.586-0400] {processor.py:175} INFO - Processing /Users/sunanda/Downloads/airflow/py_env/lib/python3.9/site-packages/airflow/example_dags/plugins/listener_plugin.py took 0.755 seconds
[2023-03-28T10:42:53.666-0400] {processor.py:153} INFO - Started process (PID=95728) to work on /Users/sunanda/Downloads/airflow/py_env/lib/python3.9/site-packages/airflow/example_dags/plugins/listener_plugin.py
[2023-03-28T10:42:53.681-0400] {processor.py:743} INFO - Processing file /Users/sunanda/Downloads/airflow/py_env/lib/python3.9/site-packages/airflow/example_dags/plugins/listener_plugin.py for tasks to queue
[2023-03-28T10:42:53.681-0400] {logging_mixin.py:137} INFO - [2023-03-28T10:42:53.681-0400] {dagbag.py:532} INFO - Filling up the DagBag from /Users/sunanda/Downloads/airflow/py_env/lib/python3.9/site-packages/airflow/example_dags/plugins/listener_plugin.py
[2023-03-28T10:42:53.699-0400] {processor.py:755} WARNING - No viable dags retrieved from /Users/sunanda/Downloads/airflow/py_env/lib/python3.9/site-packages/airflow/example_dags/plugins/listener_plugin.py
[2023-03-28T10:42:54.263-0400] {processor.py:175} INFO - Processing /Users/sunanda/Downloads/airflow/py_env/lib/python3.9/site-packages/airflow/example_dags/plugins/listener_plugin.py took 0.597 seconds
[2023-03-28T10:44:50.708-0400] {processor.py:153} INFO - Started process (PID=96023) to work on /Users/sunanda/Downloads/airflow/py_env/lib/python3.9/site-packages/airflow/example_dags/plugins/listener_plugin.py
[2023-03-28T10:44:50.712-0400] {processor.py:743} INFO - Processing file /Users/sunanda/Downloads/airflow/py_env/lib/python3.9/site-packages/airflow/example_dags/plugins/listener_plugin.py for tasks to queue
[2023-03-28T10:44:50.712-0400] {logging_mixin.py:137} INFO - [2023-03-28T10:44:50.712-0400] {dagbag.py:532} INFO - Filling up the DagBag from /Users/sunanda/Downloads/airflow/py_env/lib/python3.9/site-packages/airflow/example_dags/plugins/listener_plugin.py
[2023-03-28T10:44:50.719-0400] {processor.py:755} WARNING - No viable dags retrieved from /Users/sunanda/Downloads/airflow/py_env/lib/python3.9/site-packages/airflow/example_dags/plugins/listener_plugin.py
[2023-03-28T10:44:51.540-0400] {processor.py:175} INFO - Processing /Users/sunanda/Downloads/airflow/py_env/lib/python3.9/site-packages/airflow/example_dags/plugins/listener_plugin.py took 0.833 seconds
[2023-03-28T10:46:49.596-0400] {processor.py:153} INFO - Started process (PID=96219) to work on /Users/sunanda/Downloads/airflow/py_env/lib/python3.9/site-packages/airflow/example_dags/plugins/listener_plugin.py
[2023-03-28T10:46:49.614-0400] {processor.py:743} INFO - Processing file /Users/sunanda/Downloads/airflow/py_env/lib/python3.9/site-packages/airflow/example_dags/plugins/listener_plugin.py for tasks to queue
[2023-03-28T10:46:49.614-0400] {logging_mixin.py:137} INFO - [2023-03-28T10:46:49.614-0400] {dagbag.py:532} INFO - Filling up the DagBag from /Users/sunanda/Downloads/airflow/py_env/lib/python3.9/site-packages/airflow/example_dags/plugins/listener_plugin.py
[2023-03-28T10:46:49.621-0400] {processor.py:755} WARNING - No viable dags retrieved from /Users/sunanda/Downloads/airflow/py_env/lib/python3.9/site-packages/airflow/example_dags/plugins/listener_plugin.py
[2023-03-28T10:46:50.417-0400] {processor.py:175} INFO - Processing /Users/sunanda/Downloads/airflow/py_env/lib/python3.9/site-packages/airflow/example_dags/plugins/listener_plugin.py took 0.824 seconds
[2023-03-28T10:48:56.288-0400] {processor.py:153} INFO - Started process (PID=96522) to work on /Users/sunanda/Downloads/airflow/py_env/lib/python3.9/site-packages/airflow/example_dags/plugins/listener_plugin.py
[2023-03-28T10:48:56.297-0400] {processor.py:743} INFO - Processing file /Users/sunanda/Downloads/airflow/py_env/lib/python3.9/site-packages/airflow/example_dags/plugins/listener_plugin.py for tasks to queue
[2023-03-28T10:48:56.297-0400] {logging_mixin.py:137} INFO - [2023-03-28T10:48:56.297-0400] {dagbag.py:532} INFO - Filling up the DagBag from /Users/sunanda/Downloads/airflow/py_env/lib/python3.9/site-packages/airflow/example_dags/plugins/listener_plugin.py
[2023-03-28T10:48:56.310-0400] {processor.py:755} WARNING - No viable dags retrieved from /Users/sunanda/Downloads/airflow/py_env/lib/python3.9/site-packages/airflow/example_dags/plugins/listener_plugin.py
[2023-03-28T10:48:56.684-0400] {processor.py:175} INFO - Processing /Users/sunanda/Downloads/airflow/py_env/lib/python3.9/site-packages/airflow/example_dags/plugins/listener_plugin.py took 0.397 seconds
[2023-03-28T10:51:01.220-0400] {processor.py:153} INFO - Started process (PID=96706) to work on /Users/sunanda/Downloads/airflow/py_env/lib/python3.9/site-packages/airflow/example_dags/plugins/listener_plugin.py
[2023-03-28T10:51:01.223-0400] {processor.py:743} INFO - Processing file /Users/sunanda/Downloads/airflow/py_env/lib/python3.9/site-packages/airflow/example_dags/plugins/listener_plugin.py for tasks to queue
[2023-03-28T10:51:01.223-0400] {logging_mixin.py:137} INFO - [2023-03-28T10:51:01.223-0400] {dagbag.py:532} INFO - Filling up the DagBag from /Users/sunanda/Downloads/airflow/py_env/lib/python3.9/site-packages/airflow/example_dags/plugins/listener_plugin.py
[2023-03-28T10:51:01.230-0400] {processor.py:755} WARNING - No viable dags retrieved from /Users/sunanda/Downloads/airflow/py_env/lib/python3.9/site-packages/airflow/example_dags/plugins/listener_plugin.py
[2023-03-28T10:51:01.782-0400] {processor.py:175} INFO - Processing /Users/sunanda/Downloads/airflow/py_env/lib/python3.9/site-packages/airflow/example_dags/plugins/listener_plugin.py took 0.563 seconds
[2023-03-28T10:53:08.130-0400] {processor.py:153} INFO - Started process (PID=96969) to work on /Users/sunanda/Downloads/airflow/py_env/lib/python3.9/site-packages/airflow/example_dags/plugins/listener_plugin.py
[2023-03-28T10:53:08.133-0400] {processor.py:743} INFO - Processing file /Users/sunanda/Downloads/airflow/py_env/lib/python3.9/site-packages/airflow/example_dags/plugins/listener_plugin.py for tasks to queue
[2023-03-28T10:53:08.133-0400] {logging_mixin.py:137} INFO - [2023-03-28T10:53:08.133-0400] {dagbag.py:532} INFO - Filling up the DagBag from /Users/sunanda/Downloads/airflow/py_env/lib/python3.9/site-packages/airflow/example_dags/plugins/listener_plugin.py
[2023-03-28T10:53:08.143-0400] {processor.py:755} WARNING - No viable dags retrieved from /Users/sunanda/Downloads/airflow/py_env/lib/python3.9/site-packages/airflow/example_dags/plugins/listener_plugin.py
[2023-03-28T10:53:08.661-0400] {processor.py:175} INFO - Processing /Users/sunanda/Downloads/airflow/py_env/lib/python3.9/site-packages/airflow/example_dags/plugins/listener_plugin.py took 0.531 seconds
[2023-03-28T10:54:47.117-0400] {processor.py:153} INFO - Started process (PID=97107) to work on /Users/sunanda/Downloads/airflow/py_env/lib/python3.9/site-packages/airflow/example_dags/plugins/listener_plugin.py
[2023-03-28T10:54:47.121-0400] {processor.py:743} INFO - Processing file /Users/sunanda/Downloads/airflow/py_env/lib/python3.9/site-packages/airflow/example_dags/plugins/listener_plugin.py for tasks to queue
[2023-03-28T10:54:47.121-0400] {logging_mixin.py:137} INFO - [2023-03-28T10:54:47.121-0400] {dagbag.py:532} INFO - Filling up the DagBag from /Users/sunanda/Downloads/airflow/py_env/lib/python3.9/site-packages/airflow/example_dags/plugins/listener_plugin.py
[2023-03-28T10:54:47.136-0400] {processor.py:755} WARNING - No viable dags retrieved from /Users/sunanda/Downloads/airflow/py_env/lib/python3.9/site-packages/airflow/example_dags/plugins/listener_plugin.py
[2023-03-28T10:54:47.778-0400] {processor.py:175} INFO - Processing /Users/sunanda/Downloads/airflow/py_env/lib/python3.9/site-packages/airflow/example_dags/plugins/listener_plugin.py took 0.662 seconds
[2023-03-28T10:56:37.960-0400] {processor.py:153} INFO - Started process (PID=97254) to work on /Users/sunanda/Downloads/airflow/py_env/lib/python3.9/site-packages/airflow/example_dags/plugins/listener_plugin.py
[2023-03-28T10:56:37.964-0400] {processor.py:743} INFO - Processing file /Users/sunanda/Downloads/airflow/py_env/lib/python3.9/site-packages/airflow/example_dags/plugins/listener_plugin.py for tasks to queue
[2023-03-28T10:56:37.966-0400] {logging_mixin.py:137} INFO - [2023-03-28T10:56:37.966-0400] {dagbag.py:532} INFO - Filling up the DagBag from /Users/sunanda/Downloads/airflow/py_env/lib/python3.9/site-packages/airflow/example_dags/plugins/listener_plugin.py
[2023-03-28T10:56:37.980-0400] {processor.py:755} WARNING - No viable dags retrieved from /Users/sunanda/Downloads/airflow/py_env/lib/python3.9/site-packages/airflow/example_dags/plugins/listener_plugin.py
[2023-03-28T10:56:38.402-0400] {processor.py:175} INFO - Processing /Users/sunanda/Downloads/airflow/py_env/lib/python3.9/site-packages/airflow/example_dags/plugins/listener_plugin.py took 0.444 seconds
[2023-03-28T10:58:29.447-0400] {processor.py:153} INFO - Started process (PID=97542) to work on /Users/sunanda/Downloads/airflow/py_env/lib/python3.9/site-packages/airflow/example_dags/plugins/listener_plugin.py
[2023-03-28T10:58:29.450-0400] {processor.py:743} INFO - Processing file /Users/sunanda/Downloads/airflow/py_env/lib/python3.9/site-packages/airflow/example_dags/plugins/listener_plugin.py for tasks to queue
[2023-03-28T10:58:29.451-0400] {logging_mixin.py:137} INFO - [2023-03-28T10:58:29.451-0400] {dagbag.py:532} INFO - Filling up the DagBag from /Users/sunanda/Downloads/airflow/py_env/lib/python3.9/site-packages/airflow/example_dags/plugins/listener_plugin.py
[2023-03-28T10:58:29.458-0400] {processor.py:755} WARNING - No viable dags retrieved from /Users/sunanda/Downloads/airflow/py_env/lib/python3.9/site-packages/airflow/example_dags/plugins/listener_plugin.py
[2023-03-28T10:58:30.022-0400] {processor.py:175} INFO - Processing /Users/sunanda/Downloads/airflow/py_env/lib/python3.9/site-packages/airflow/example_dags/plugins/listener_plugin.py took 0.575 seconds
[2023-03-28T11:00:22.774-0400] {processor.py:153} INFO - Started process (PID=97743) to work on /Users/sunanda/Downloads/airflow/py_env/lib/python3.9/site-packages/airflow/example_dags/plugins/listener_plugin.py
[2023-03-28T11:00:22.777-0400] {processor.py:743} INFO - Processing file /Users/sunanda/Downloads/airflow/py_env/lib/python3.9/site-packages/airflow/example_dags/plugins/listener_plugin.py for tasks to queue
[2023-03-28T11:00:22.778-0400] {logging_mixin.py:137} INFO - [2023-03-28T11:00:22.778-0400] {dagbag.py:532} INFO - Filling up the DagBag from /Users/sunanda/Downloads/airflow/py_env/lib/python3.9/site-packages/airflow/example_dags/plugins/listener_plugin.py
[2023-03-28T11:00:22.823-0400] {processor.py:755} WARNING - No viable dags retrieved from /Users/sunanda/Downloads/airflow/py_env/lib/python3.9/site-packages/airflow/example_dags/plugins/listener_plugin.py
[2023-03-28T11:00:23.223-0400] {processor.py:175} INFO - Processing /Users/sunanda/Downloads/airflow/py_env/lib/python3.9/site-packages/airflow/example_dags/plugins/listener_plugin.py took 0.449 seconds
[2023-03-28T11:02:12.305-0400] {processor.py:153} INFO - Started process (PID=97907) to work on /Users/sunanda/Downloads/airflow/py_env/lib/python3.9/site-packages/airflow/example_dags/plugins/listener_plugin.py
[2023-03-28T11:02:12.308-0400] {processor.py:743} INFO - Processing file /Users/sunanda/Downloads/airflow/py_env/lib/python3.9/site-packages/airflow/example_dags/plugins/listener_plugin.py for tasks to queue
[2023-03-28T11:02:12.308-0400] {logging_mixin.py:137} INFO - [2023-03-28T11:02:12.308-0400] {dagbag.py:532} INFO - Filling up the DagBag from /Users/sunanda/Downloads/airflow/py_env/lib/python3.9/site-packages/airflow/example_dags/plugins/listener_plugin.py
[2023-03-28T11:02:12.316-0400] {processor.py:755} WARNING - No viable dags retrieved from /Users/sunanda/Downloads/airflow/py_env/lib/python3.9/site-packages/airflow/example_dags/plugins/listener_plugin.py
[2023-03-28T11:02:12.743-0400] {processor.py:175} INFO - Processing /Users/sunanda/Downloads/airflow/py_env/lib/python3.9/site-packages/airflow/example_dags/plugins/listener_plugin.py took 0.438 seconds
[2023-03-28T11:04:02.105-0400] {processor.py:153} INFO - Started process (PID=98061) to work on /Users/sunanda/Downloads/airflow/py_env/lib/python3.9/site-packages/airflow/example_dags/plugins/listener_plugin.py
[2023-03-28T11:04:02.108-0400] {processor.py:743} INFO - Processing file /Users/sunanda/Downloads/airflow/py_env/lib/python3.9/site-packages/airflow/example_dags/plugins/listener_plugin.py for tasks to queue
[2023-03-28T11:04:02.108-0400] {logging_mixin.py:137} INFO - [2023-03-28T11:04:02.108-0400] {dagbag.py:532} INFO - Filling up the DagBag from /Users/sunanda/Downloads/airflow/py_env/lib/python3.9/site-packages/airflow/example_dags/plugins/listener_plugin.py
[2023-03-28T11:04:02.115-0400] {processor.py:755} WARNING - No viable dags retrieved from /Users/sunanda/Downloads/airflow/py_env/lib/python3.9/site-packages/airflow/example_dags/plugins/listener_plugin.py
[2023-03-28T11:04:02.544-0400] {processor.py:175} INFO - Processing /Users/sunanda/Downloads/airflow/py_env/lib/python3.9/site-packages/airflow/example_dags/plugins/listener_plugin.py took 0.442 seconds
[2023-03-28T11:05:51.641-0400] {processor.py:153} INFO - Started process (PID=98211) to work on /Users/sunanda/Downloads/airflow/py_env/lib/python3.9/site-packages/airflow/example_dags/plugins/listener_plugin.py
[2023-03-28T11:05:51.645-0400] {processor.py:743} INFO - Processing file /Users/sunanda/Downloads/airflow/py_env/lib/python3.9/site-packages/airflow/example_dags/plugins/listener_plugin.py for tasks to queue
[2023-03-28T11:05:51.645-0400] {logging_mixin.py:137} INFO - [2023-03-28T11:05:51.645-0400] {dagbag.py:532} INFO - Filling up the DagBag from /Users/sunanda/Downloads/airflow/py_env/lib/python3.9/site-packages/airflow/example_dags/plugins/listener_plugin.py
[2023-03-28T11:05:51.652-0400] {processor.py:755} WARNING - No viable dags retrieved from /Users/sunanda/Downloads/airflow/py_env/lib/python3.9/site-packages/airflow/example_dags/plugins/listener_plugin.py
[2023-03-28T11:05:52.123-0400] {processor.py:175} INFO - Processing /Users/sunanda/Downloads/airflow/py_env/lib/python3.9/site-packages/airflow/example_dags/plugins/listener_plugin.py took 0.482 seconds
[2023-03-28T11:07:41.137-0400] {processor.py:153} INFO - Started process (PID=98354) to work on /Users/sunanda/Downloads/airflow/py_env/lib/python3.9/site-packages/airflow/example_dags/plugins/listener_plugin.py
[2023-03-28T11:07:41.141-0400] {processor.py:743} INFO - Processing file /Users/sunanda/Downloads/airflow/py_env/lib/python3.9/site-packages/airflow/example_dags/plugins/listener_plugin.py for tasks to queue
[2023-03-28T11:07:41.141-0400] {logging_mixin.py:137} INFO - [2023-03-28T11:07:41.141-0400] {dagbag.py:532} INFO - Filling up the DagBag from /Users/sunanda/Downloads/airflow/py_env/lib/python3.9/site-packages/airflow/example_dags/plugins/listener_plugin.py
[2023-03-28T11:07:41.149-0400] {processor.py:755} WARNING - No viable dags retrieved from /Users/sunanda/Downloads/airflow/py_env/lib/python3.9/site-packages/airflow/example_dags/plugins/listener_plugin.py
[2023-03-28T11:07:41.648-0400] {processor.py:175} INFO - Processing /Users/sunanda/Downloads/airflow/py_env/lib/python3.9/site-packages/airflow/example_dags/plugins/listener_plugin.py took 0.512 seconds
[2023-03-28T11:09:43.221-0400] {processor.py:153} INFO - Started process (PID=98533) to work on /Users/sunanda/Downloads/airflow/py_env/lib/python3.9/site-packages/airflow/example_dags/plugins/listener_plugin.py
[2023-03-28T11:09:43.229-0400] {processor.py:743} INFO - Processing file /Users/sunanda/Downloads/airflow/py_env/lib/python3.9/site-packages/airflow/example_dags/plugins/listener_plugin.py for tasks to queue
[2023-03-28T11:09:43.229-0400] {logging_mixin.py:137} INFO - [2023-03-28T11:09:43.229-0400] {dagbag.py:532} INFO - Filling up the DagBag from /Users/sunanda/Downloads/airflow/py_env/lib/python3.9/site-packages/airflow/example_dags/plugins/listener_plugin.py
[2023-03-28T11:09:43.236-0400] {processor.py:755} WARNING - No viable dags retrieved from /Users/sunanda/Downloads/airflow/py_env/lib/python3.9/site-packages/airflow/example_dags/plugins/listener_plugin.py
[2023-03-28T11:09:43.848-0400] {processor.py:175} INFO - Processing /Users/sunanda/Downloads/airflow/py_env/lib/python3.9/site-packages/airflow/example_dags/plugins/listener_plugin.py took 0.630 seconds
[2023-03-28T11:11:46.952-0400] {processor.py:153} INFO - Started process (PID=98690) to work on /Users/sunanda/Downloads/airflow/py_env/lib/python3.9/site-packages/airflow/example_dags/plugins/listener_plugin.py
[2023-03-28T11:11:46.957-0400] {processor.py:743} INFO - Processing file /Users/sunanda/Downloads/airflow/py_env/lib/python3.9/site-packages/airflow/example_dags/plugins/listener_plugin.py for tasks to queue
[2023-03-28T11:11:46.957-0400] {logging_mixin.py:137} INFO - [2023-03-28T11:11:46.957-0400] {dagbag.py:532} INFO - Filling up the DagBag from /Users/sunanda/Downloads/airflow/py_env/lib/python3.9/site-packages/airflow/example_dags/plugins/listener_plugin.py
[2023-03-28T11:11:46.964-0400] {processor.py:755} WARNING - No viable dags retrieved from /Users/sunanda/Downloads/airflow/py_env/lib/python3.9/site-packages/airflow/example_dags/plugins/listener_plugin.py
[2023-03-28T11:11:47.408-0400] {processor.py:175} INFO - Processing /Users/sunanda/Downloads/airflow/py_env/lib/python3.9/site-packages/airflow/example_dags/plugins/listener_plugin.py took 0.457 seconds
[2023-03-28T11:13:40.360-0400] {processor.py:153} INFO - Started process (PID=98833) to work on /Users/sunanda/Downloads/airflow/py_env/lib/python3.9/site-packages/airflow/example_dags/plugins/listener_plugin.py
[2023-03-28T11:13:40.391-0400] {processor.py:743} INFO - Processing file /Users/sunanda/Downloads/airflow/py_env/lib/python3.9/site-packages/airflow/example_dags/plugins/listener_plugin.py for tasks to queue
[2023-03-28T11:13:40.391-0400] {logging_mixin.py:137} INFO - [2023-03-28T11:13:40.391-0400] {dagbag.py:532} INFO - Filling up the DagBag from /Users/sunanda/Downloads/airflow/py_env/lib/python3.9/site-packages/airflow/example_dags/plugins/listener_plugin.py
[2023-03-28T11:13:40.407-0400] {processor.py:755} WARNING - No viable dags retrieved from /Users/sunanda/Downloads/airflow/py_env/lib/python3.9/site-packages/airflow/example_dags/plugins/listener_plugin.py
[2023-03-28T11:13:40.939-0400] {processor.py:175} INFO - Processing /Users/sunanda/Downloads/airflow/py_env/lib/python3.9/site-packages/airflow/example_dags/plugins/listener_plugin.py took 0.582 seconds
[2023-03-28T11:15:37.676-0400] {processor.py:153} INFO - Started process (PID=98990) to work on /Users/sunanda/Downloads/airflow/py_env/lib/python3.9/site-packages/airflow/example_dags/plugins/listener_plugin.py
[2023-03-28T11:15:37.682-0400] {processor.py:743} INFO - Processing file /Users/sunanda/Downloads/airflow/py_env/lib/python3.9/site-packages/airflow/example_dags/plugins/listener_plugin.py for tasks to queue
[2023-03-28T11:15:37.684-0400] {logging_mixin.py:137} INFO - [2023-03-28T11:15:37.683-0400] {dagbag.py:532} INFO - Filling up the DagBag from /Users/sunanda/Downloads/airflow/py_env/lib/python3.9/site-packages/airflow/example_dags/plugins/listener_plugin.py
[2023-03-28T11:15:37.695-0400] {processor.py:755} WARNING - No viable dags retrieved from /Users/sunanda/Downloads/airflow/py_env/lib/python3.9/site-packages/airflow/example_dags/plugins/listener_plugin.py
[2023-03-28T11:15:38.166-0400] {processor.py:175} INFO - Processing /Users/sunanda/Downloads/airflow/py_env/lib/python3.9/site-packages/airflow/example_dags/plugins/listener_plugin.py took 0.490 seconds
[2023-03-28T11:17:34.235-0400] {processor.py:153} INFO - Started process (PID=99140) to work on /Users/sunanda/Downloads/airflow/py_env/lib/python3.9/site-packages/airflow/example_dags/plugins/listener_plugin.py
[2023-03-28T11:17:34.257-0400] {processor.py:743} INFO - Processing file /Users/sunanda/Downloads/airflow/py_env/lib/python3.9/site-packages/airflow/example_dags/plugins/listener_plugin.py for tasks to queue
[2023-03-28T11:17:34.257-0400] {logging_mixin.py:137} INFO - [2023-03-28T11:17:34.257-0400] {dagbag.py:532} INFO - Filling up the DagBag from /Users/sunanda/Downloads/airflow/py_env/lib/python3.9/site-packages/airflow/example_dags/plugins/listener_plugin.py
[2023-03-28T11:17:34.271-0400] {processor.py:755} WARNING - No viable dags retrieved from /Users/sunanda/Downloads/airflow/py_env/lib/python3.9/site-packages/airflow/example_dags/plugins/listener_plugin.py
[2023-03-28T11:17:34.789-0400] {processor.py:175} INFO - Processing /Users/sunanda/Downloads/airflow/py_env/lib/python3.9/site-packages/airflow/example_dags/plugins/listener_plugin.py took 0.582 seconds
[2023-03-28T11:19:30.848-0400] {processor.py:153} INFO - Started process (PID=99286) to work on /Users/sunanda/Downloads/airflow/py_env/lib/python3.9/site-packages/airflow/example_dags/plugins/listener_plugin.py
[2023-03-28T11:19:30.851-0400] {processor.py:743} INFO - Processing file /Users/sunanda/Downloads/airflow/py_env/lib/python3.9/site-packages/airflow/example_dags/plugins/listener_plugin.py for tasks to queue
[2023-03-28T11:19:30.851-0400] {logging_mixin.py:137} INFO - [2023-03-28T11:19:30.851-0400] {dagbag.py:532} INFO - Filling up the DagBag from /Users/sunanda/Downloads/airflow/py_env/lib/python3.9/site-packages/airflow/example_dags/plugins/listener_plugin.py
[2023-03-28T11:19:30.859-0400] {processor.py:755} WARNING - No viable dags retrieved from /Users/sunanda/Downloads/airflow/py_env/lib/python3.9/site-packages/airflow/example_dags/plugins/listener_plugin.py
[2023-03-28T11:19:31.470-0400] {processor.py:175} INFO - Processing /Users/sunanda/Downloads/airflow/py_env/lib/python3.9/site-packages/airflow/example_dags/plugins/listener_plugin.py took 0.622 seconds
[2023-03-28T11:21:26.011-0400] {processor.py:153} INFO - Started process (PID=99431) to work on /Users/sunanda/Downloads/airflow/py_env/lib/python3.9/site-packages/airflow/example_dags/plugins/listener_plugin.py
[2023-03-28T11:21:26.013-0400] {processor.py:743} INFO - Processing file /Users/sunanda/Downloads/airflow/py_env/lib/python3.9/site-packages/airflow/example_dags/plugins/listener_plugin.py for tasks to queue
[2023-03-28T11:21:26.014-0400] {logging_mixin.py:137} INFO - [2023-03-28T11:21:26.014-0400] {dagbag.py:532} INFO - Filling up the DagBag from /Users/sunanda/Downloads/airflow/py_env/lib/python3.9/site-packages/airflow/example_dags/plugins/listener_plugin.py
[2023-03-28T11:21:26.040-0400] {processor.py:755} WARNING - No viable dags retrieved from /Users/sunanda/Downloads/airflow/py_env/lib/python3.9/site-packages/airflow/example_dags/plugins/listener_plugin.py
[2023-03-28T11:21:26.559-0400] {processor.py:175} INFO - Processing /Users/sunanda/Downloads/airflow/py_env/lib/python3.9/site-packages/airflow/example_dags/plugins/listener_plugin.py took 0.549 seconds
[2023-03-28T11:23:20.822-0400] {processor.py:153} INFO - Started process (PID=99577) to work on /Users/sunanda/Downloads/airflow/py_env/lib/python3.9/site-packages/airflow/example_dags/plugins/listener_plugin.py
[2023-03-28T11:23:20.825-0400] {processor.py:743} INFO - Processing file /Users/sunanda/Downloads/airflow/py_env/lib/python3.9/site-packages/airflow/example_dags/plugins/listener_plugin.py for tasks to queue
[2023-03-28T11:23:20.825-0400] {logging_mixin.py:137} INFO - [2023-03-28T11:23:20.825-0400] {dagbag.py:532} INFO - Filling up the DagBag from /Users/sunanda/Downloads/airflow/py_env/lib/python3.9/site-packages/airflow/example_dags/plugins/listener_plugin.py
[2023-03-28T11:23:20.834-0400] {processor.py:755} WARNING - No viable dags retrieved from /Users/sunanda/Downloads/airflow/py_env/lib/python3.9/site-packages/airflow/example_dags/plugins/listener_plugin.py
[2023-03-28T11:23:21.389-0400] {processor.py:175} INFO - Processing /Users/sunanda/Downloads/airflow/py_env/lib/python3.9/site-packages/airflow/example_dags/plugins/listener_plugin.py took 0.567 seconds
[2023-03-28T11:25:19.020-0400] {processor.py:153} INFO - Started process (PID=99730) to work on /Users/sunanda/Downloads/airflow/py_env/lib/python3.9/site-packages/airflow/example_dags/plugins/listener_plugin.py
[2023-03-28T11:25:19.029-0400] {processor.py:743} INFO - Processing file /Users/sunanda/Downloads/airflow/py_env/lib/python3.9/site-packages/airflow/example_dags/plugins/listener_plugin.py for tasks to queue
[2023-03-28T11:25:19.029-0400] {logging_mixin.py:137} INFO - [2023-03-28T11:25:19.029-0400] {dagbag.py:532} INFO - Filling up the DagBag from /Users/sunanda/Downloads/airflow/py_env/lib/python3.9/site-packages/airflow/example_dags/plugins/listener_plugin.py
[2023-03-28T11:25:19.036-0400] {processor.py:755} WARNING - No viable dags retrieved from /Users/sunanda/Downloads/airflow/py_env/lib/python3.9/site-packages/airflow/example_dags/plugins/listener_plugin.py
[2023-03-28T11:25:19.584-0400] {processor.py:175} INFO - Processing /Users/sunanda/Downloads/airflow/py_env/lib/python3.9/site-packages/airflow/example_dags/plugins/listener_plugin.py took 0.575 seconds
[2023-03-28T11:27:17.943-0400] {processor.py:153} INFO - Started process (PID=99880) to work on /Users/sunanda/Downloads/airflow/py_env/lib/python3.9/site-packages/airflow/example_dags/plugins/listener_plugin.py
[2023-03-28T11:27:17.946-0400] {processor.py:743} INFO - Processing file /Users/sunanda/Downloads/airflow/py_env/lib/python3.9/site-packages/airflow/example_dags/plugins/listener_plugin.py for tasks to queue
[2023-03-28T11:27:17.946-0400] {logging_mixin.py:137} INFO - [2023-03-28T11:27:17.946-0400] {dagbag.py:532} INFO - Filling up the DagBag from /Users/sunanda/Downloads/airflow/py_env/lib/python3.9/site-packages/airflow/example_dags/plugins/listener_plugin.py
[2023-03-28T11:27:17.953-0400] {processor.py:755} WARNING - No viable dags retrieved from /Users/sunanda/Downloads/airflow/py_env/lib/python3.9/site-packages/airflow/example_dags/plugins/listener_plugin.py
[2023-03-28T11:27:18.616-0400] {processor.py:175} INFO - Processing /Users/sunanda/Downloads/airflow/py_env/lib/python3.9/site-packages/airflow/example_dags/plugins/listener_plugin.py took 0.673 seconds
[2023-03-28T11:36:20.558-0400] {processor.py:153} INFO - Started process (PID=206) to work on /Users/sunanda/Downloads/airflow/py_env/lib/python3.9/site-packages/airflow/example_dags/plugins/listener_plugin.py
[2023-03-28T11:36:20.579-0400] {processor.py:743} INFO - Processing file /Users/sunanda/Downloads/airflow/py_env/lib/python3.9/site-packages/airflow/example_dags/plugins/listener_plugin.py for tasks to queue
[2023-03-28T11:36:20.579-0400] {logging_mixin.py:137} INFO - [2023-03-28T11:36:20.579-0400] {dagbag.py:532} INFO - Filling up the DagBag from /Users/sunanda/Downloads/airflow/py_env/lib/python3.9/site-packages/airflow/example_dags/plugins/listener_plugin.py
[2023-03-28T11:36:20.587-0400] {processor.py:755} WARNING - No viable dags retrieved from /Users/sunanda/Downloads/airflow/py_env/lib/python3.9/site-packages/airflow/example_dags/plugins/listener_plugin.py
[2023-03-28T11:36:21.211-0400] {processor.py:175} INFO - Processing /Users/sunanda/Downloads/airflow/py_env/lib/python3.9/site-packages/airflow/example_dags/plugins/listener_plugin.py took 0.677 seconds
[2023-03-28T11:38:21.730-0400] {processor.py:153} INFO - Started process (PID=462) to work on /Users/sunanda/Downloads/airflow/py_env/lib/python3.9/site-packages/airflow/example_dags/plugins/listener_plugin.py
[2023-03-28T11:38:21.734-0400] {processor.py:743} INFO - Processing file /Users/sunanda/Downloads/airflow/py_env/lib/python3.9/site-packages/airflow/example_dags/plugins/listener_plugin.py for tasks to queue
[2023-03-28T11:38:21.734-0400] {logging_mixin.py:137} INFO - [2023-03-28T11:38:21.734-0400] {dagbag.py:532} INFO - Filling up the DagBag from /Users/sunanda/Downloads/airflow/py_env/lib/python3.9/site-packages/airflow/example_dags/plugins/listener_plugin.py
[2023-03-28T11:38:21.741-0400] {processor.py:755} WARNING - No viable dags retrieved from /Users/sunanda/Downloads/airflow/py_env/lib/python3.9/site-packages/airflow/example_dags/plugins/listener_plugin.py
[2023-03-28T11:38:22.209-0400] {processor.py:175} INFO - Processing /Users/sunanda/Downloads/airflow/py_env/lib/python3.9/site-packages/airflow/example_dags/plugins/listener_plugin.py took 0.479 seconds
[2023-03-28T11:40:18.975-0400] {processor.py:153} INFO - Started process (PID=679) to work on /Users/sunanda/Downloads/airflow/py_env/lib/python3.9/site-packages/airflow/example_dags/plugins/listener_plugin.py
[2023-03-28T11:40:18.990-0400] {processor.py:743} INFO - Processing file /Users/sunanda/Downloads/airflow/py_env/lib/python3.9/site-packages/airflow/example_dags/plugins/listener_plugin.py for tasks to queue
[2023-03-28T11:40:18.992-0400] {logging_mixin.py:137} INFO - [2023-03-28T11:40:18.992-0400] {dagbag.py:532} INFO - Filling up the DagBag from /Users/sunanda/Downloads/airflow/py_env/lib/python3.9/site-packages/airflow/example_dags/plugins/listener_plugin.py
[2023-03-28T11:40:19.024-0400] {processor.py:755} WARNING - No viable dags retrieved from /Users/sunanda/Downloads/airflow/py_env/lib/python3.9/site-packages/airflow/example_dags/plugins/listener_plugin.py
[2023-03-28T11:40:19.528-0400] {processor.py:175} INFO - Processing /Users/sunanda/Downloads/airflow/py_env/lib/python3.9/site-packages/airflow/example_dags/plugins/listener_plugin.py took 0.554 seconds
[2023-03-28T11:42:09.955-0400] {processor.py:153} INFO - Started process (PID=836) to work on /Users/sunanda/Downloads/airflow/py_env/lib/python3.9/site-packages/airflow/example_dags/plugins/listener_plugin.py
[2023-03-28T11:42:09.958-0400] {processor.py:743} INFO - Processing file /Users/sunanda/Downloads/airflow/py_env/lib/python3.9/site-packages/airflow/example_dags/plugins/listener_plugin.py for tasks to queue
[2023-03-28T11:42:09.958-0400] {logging_mixin.py:137} INFO - [2023-03-28T11:42:09.958-0400] {dagbag.py:532} INFO - Filling up the DagBag from /Users/sunanda/Downloads/airflow/py_env/lib/python3.9/site-packages/airflow/example_dags/plugins/listener_plugin.py
[2023-03-28T11:42:09.964-0400] {processor.py:755} WARNING - No viable dags retrieved from /Users/sunanda/Downloads/airflow/py_env/lib/python3.9/site-packages/airflow/example_dags/plugins/listener_plugin.py
[2023-03-28T11:42:10.451-0400] {processor.py:175} INFO - Processing /Users/sunanda/Downloads/airflow/py_env/lib/python3.9/site-packages/airflow/example_dags/plugins/listener_plugin.py took 0.496 seconds
[2023-03-28T11:44:10.019-0400] {processor.py:153} INFO - Started process (PID=992) to work on /Users/sunanda/Downloads/airflow/py_env/lib/python3.9/site-packages/airflow/example_dags/plugins/listener_plugin.py
[2023-03-28T11:44:10.061-0400] {processor.py:743} INFO - Processing file /Users/sunanda/Downloads/airflow/py_env/lib/python3.9/site-packages/airflow/example_dags/plugins/listener_plugin.py for tasks to queue
[2023-03-28T11:44:10.062-0400] {logging_mixin.py:137} INFO - [2023-03-28T11:44:10.062-0400] {dagbag.py:532} INFO - Filling up the DagBag from /Users/sunanda/Downloads/airflow/py_env/lib/python3.9/site-packages/airflow/example_dags/plugins/listener_plugin.py
[2023-03-28T11:44:10.069-0400] {processor.py:755} WARNING - No viable dags retrieved from /Users/sunanda/Downloads/airflow/py_env/lib/python3.9/site-packages/airflow/example_dags/plugins/listener_plugin.py
[2023-03-28T11:44:10.589-0400] {processor.py:175} INFO - Processing /Users/sunanda/Downloads/airflow/py_env/lib/python3.9/site-packages/airflow/example_dags/plugins/listener_plugin.py took 0.577 seconds
[2023-03-28T11:45:54.505-0400] {processor.py:153} INFO - Started process (PID=1127) to work on /Users/sunanda/Downloads/airflow/py_env/lib/python3.9/site-packages/airflow/example_dags/plugins/listener_plugin.py
[2023-03-28T11:45:54.513-0400] {processor.py:743} INFO - Processing file /Users/sunanda/Downloads/airflow/py_env/lib/python3.9/site-packages/airflow/example_dags/plugins/listener_plugin.py for tasks to queue
[2023-03-28T11:45:54.514-0400] {logging_mixin.py:137} INFO - [2023-03-28T11:45:54.514-0400] {dagbag.py:532} INFO - Filling up the DagBag from /Users/sunanda/Downloads/airflow/py_env/lib/python3.9/site-packages/airflow/example_dags/plugins/listener_plugin.py
[2023-03-28T11:45:54.532-0400] {processor.py:755} WARNING - No viable dags retrieved from /Users/sunanda/Downloads/airflow/py_env/lib/python3.9/site-packages/airflow/example_dags/plugins/listener_plugin.py
[2023-03-28T11:45:55.035-0400] {processor.py:175} INFO - Processing /Users/sunanda/Downloads/airflow/py_env/lib/python3.9/site-packages/airflow/example_dags/plugins/listener_plugin.py took 0.531 seconds
[2023-03-28T11:47:48.583-0400] {processor.py:153} INFO - Started process (PID=1320) to work on /Users/sunanda/Downloads/airflow/py_env/lib/python3.9/site-packages/airflow/example_dags/plugins/listener_plugin.py
[2023-03-28T11:47:48.593-0400] {processor.py:743} INFO - Processing file /Users/sunanda/Downloads/airflow/py_env/lib/python3.9/site-packages/airflow/example_dags/plugins/listener_plugin.py for tasks to queue
[2023-03-28T11:47:48.593-0400] {logging_mixin.py:137} INFO - [2023-03-28T11:47:48.593-0400] {dagbag.py:532} INFO - Filling up the DagBag from /Users/sunanda/Downloads/airflow/py_env/lib/python3.9/site-packages/airflow/example_dags/plugins/listener_plugin.py
[2023-03-28T11:47:48.612-0400] {processor.py:755} WARNING - No viable dags retrieved from /Users/sunanda/Downloads/airflow/py_env/lib/python3.9/site-packages/airflow/example_dags/plugins/listener_plugin.py
[2023-03-28T11:47:49.128-0400] {processor.py:175} INFO - Processing /Users/sunanda/Downloads/airflow/py_env/lib/python3.9/site-packages/airflow/example_dags/plugins/listener_plugin.py took 0.548 seconds
[2023-03-28T11:49:46.028-0400] {processor.py:153} INFO - Started process (PID=1485) to work on /Users/sunanda/Downloads/airflow/py_env/lib/python3.9/site-packages/airflow/example_dags/plugins/listener_plugin.py
[2023-03-28T11:49:46.032-0400] {processor.py:743} INFO - Processing file /Users/sunanda/Downloads/airflow/py_env/lib/python3.9/site-packages/airflow/example_dags/plugins/listener_plugin.py for tasks to queue
[2023-03-28T11:49:46.033-0400] {logging_mixin.py:137} INFO - [2023-03-28T11:49:46.032-0400] {dagbag.py:532} INFO - Filling up the DagBag from /Users/sunanda/Downloads/airflow/py_env/lib/python3.9/site-packages/airflow/example_dags/plugins/listener_plugin.py
[2023-03-28T11:49:46.043-0400] {processor.py:755} WARNING - No viable dags retrieved from /Users/sunanda/Downloads/airflow/py_env/lib/python3.9/site-packages/airflow/example_dags/plugins/listener_plugin.py
[2023-03-28T11:49:46.565-0400] {processor.py:175} INFO - Processing /Users/sunanda/Downloads/airflow/py_env/lib/python3.9/site-packages/airflow/example_dags/plugins/listener_plugin.py took 0.537 seconds
[2023-03-28T11:52:01.838-0400] {processor.py:153} INFO - Started process (PID=1715) to work on /Users/sunanda/Downloads/airflow/py_env/lib/python3.9/site-packages/airflow/example_dags/plugins/listener_plugin.py
[2023-03-28T11:52:01.841-0400] {processor.py:743} INFO - Processing file /Users/sunanda/Downloads/airflow/py_env/lib/python3.9/site-packages/airflow/example_dags/plugins/listener_plugin.py for tasks to queue
[2023-03-28T11:52:01.841-0400] {logging_mixin.py:137} INFO - [2023-03-28T11:52:01.841-0400] {dagbag.py:532} INFO - Filling up the DagBag from /Users/sunanda/Downloads/airflow/py_env/lib/python3.9/site-packages/airflow/example_dags/plugins/listener_plugin.py
[2023-03-28T11:52:01.849-0400] {processor.py:755} WARNING - No viable dags retrieved from /Users/sunanda/Downloads/airflow/py_env/lib/python3.9/site-packages/airflow/example_dags/plugins/listener_plugin.py
[2023-03-28T11:52:02.220-0400] {processor.py:175} INFO - Processing /Users/sunanda/Downloads/airflow/py_env/lib/python3.9/site-packages/airflow/example_dags/plugins/listener_plugin.py took 0.382 seconds
[2023-03-28T11:54:03.193-0400] {processor.py:153} INFO - Started process (PID=1867) to work on /Users/sunanda/Downloads/airflow/py_env/lib/python3.9/site-packages/airflow/example_dags/plugins/listener_plugin.py
[2023-03-28T11:54:03.196-0400] {processor.py:743} INFO - Processing file /Users/sunanda/Downloads/airflow/py_env/lib/python3.9/site-packages/airflow/example_dags/plugins/listener_plugin.py for tasks to queue
[2023-03-28T11:54:03.196-0400] {logging_mixin.py:137} INFO - [2023-03-28T11:54:03.196-0400] {dagbag.py:532} INFO - Filling up the DagBag from /Users/sunanda/Downloads/airflow/py_env/lib/python3.9/site-packages/airflow/example_dags/plugins/listener_plugin.py
[2023-03-28T11:54:03.204-0400] {processor.py:755} WARNING - No viable dags retrieved from /Users/sunanda/Downloads/airflow/py_env/lib/python3.9/site-packages/airflow/example_dags/plugins/listener_plugin.py
[2023-03-28T11:54:03.713-0400] {processor.py:175} INFO - Processing /Users/sunanda/Downloads/airflow/py_env/lib/python3.9/site-packages/airflow/example_dags/plugins/listener_plugin.py took 0.520 seconds
[2023-03-28T11:56:07.244-0400] {processor.py:153} INFO - Started process (PID=2031) to work on /Users/sunanda/Downloads/airflow/py_env/lib/python3.9/site-packages/airflow/example_dags/plugins/listener_plugin.py
[2023-03-28T11:56:07.249-0400] {processor.py:743} INFO - Processing file /Users/sunanda/Downloads/airflow/py_env/lib/python3.9/site-packages/airflow/example_dags/plugins/listener_plugin.py for tasks to queue
[2023-03-28T11:56:07.254-0400] {logging_mixin.py:137} INFO - [2023-03-28T11:56:07.253-0400] {dagbag.py:532} INFO - Filling up the DagBag from /Users/sunanda/Downloads/airflow/py_env/lib/python3.9/site-packages/airflow/example_dags/plugins/listener_plugin.py
[2023-03-28T11:56:07.262-0400] {processor.py:755} WARNING - No viable dags retrieved from /Users/sunanda/Downloads/airflow/py_env/lib/python3.9/site-packages/airflow/example_dags/plugins/listener_plugin.py
[2023-03-28T11:56:07.872-0400] {processor.py:175} INFO - Processing /Users/sunanda/Downloads/airflow/py_env/lib/python3.9/site-packages/airflow/example_dags/plugins/listener_plugin.py took 0.660 seconds
[2023-03-28T11:57:58.944-0400] {processor.py:153} INFO - Started process (PID=2181) to work on /Users/sunanda/Downloads/airflow/py_env/lib/python3.9/site-packages/airflow/example_dags/plugins/listener_plugin.py
[2023-03-28T11:57:58.959-0400] {processor.py:743} INFO - Processing file /Users/sunanda/Downloads/airflow/py_env/lib/python3.9/site-packages/airflow/example_dags/plugins/listener_plugin.py for tasks to queue
[2023-03-28T11:57:58.959-0400] {logging_mixin.py:137} INFO - [2023-03-28T11:57:58.959-0400] {dagbag.py:532} INFO - Filling up the DagBag from /Users/sunanda/Downloads/airflow/py_env/lib/python3.9/site-packages/airflow/example_dags/plugins/listener_plugin.py
[2023-03-28T11:57:58.969-0400] {processor.py:755} WARNING - No viable dags retrieved from /Users/sunanda/Downloads/airflow/py_env/lib/python3.9/site-packages/airflow/example_dags/plugins/listener_plugin.py
[2023-03-28T11:57:59.392-0400] {processor.py:175} INFO - Processing /Users/sunanda/Downloads/airflow/py_env/lib/python3.9/site-packages/airflow/example_dags/plugins/listener_plugin.py took 0.469 seconds
[2023-03-28T11:59:50.167-0400] {processor.py:153} INFO - Started process (PID=2341) to work on /Users/sunanda/Downloads/airflow/py_env/lib/python3.9/site-packages/airflow/example_dags/plugins/listener_plugin.py
[2023-03-28T11:59:50.173-0400] {processor.py:743} INFO - Processing file /Users/sunanda/Downloads/airflow/py_env/lib/python3.9/site-packages/airflow/example_dags/plugins/listener_plugin.py for tasks to queue
[2023-03-28T11:59:50.174-0400] {logging_mixin.py:137} INFO - [2023-03-28T11:59:50.173-0400] {dagbag.py:532} INFO - Filling up the DagBag from /Users/sunanda/Downloads/airflow/py_env/lib/python3.9/site-packages/airflow/example_dags/plugins/listener_plugin.py
[2023-03-28T11:59:50.198-0400] {processor.py:755} WARNING - No viable dags retrieved from /Users/sunanda/Downloads/airflow/py_env/lib/python3.9/site-packages/airflow/example_dags/plugins/listener_plugin.py
[2023-03-28T11:59:50.657-0400] {processor.py:175} INFO - Processing /Users/sunanda/Downloads/airflow/py_env/lib/python3.9/site-packages/airflow/example_dags/plugins/listener_plugin.py took 0.490 seconds
[2023-03-28T12:01:38.913-0400] {processor.py:153} INFO - Started process (PID=2491) to work on /Users/sunanda/Downloads/airflow/py_env/lib/python3.9/site-packages/airflow/example_dags/plugins/listener_plugin.py
[2023-03-28T12:01:38.919-0400] {processor.py:743} INFO - Processing file /Users/sunanda/Downloads/airflow/py_env/lib/python3.9/site-packages/airflow/example_dags/plugins/listener_plugin.py for tasks to queue
[2023-03-28T12:01:38.919-0400] {logging_mixin.py:137} INFO - [2023-03-28T12:01:38.919-0400] {dagbag.py:532} INFO - Filling up the DagBag from /Users/sunanda/Downloads/airflow/py_env/lib/python3.9/site-packages/airflow/example_dags/plugins/listener_plugin.py
[2023-03-28T12:01:38.942-0400] {processor.py:755} WARNING - No viable dags retrieved from /Users/sunanda/Downloads/airflow/py_env/lib/python3.9/site-packages/airflow/example_dags/plugins/listener_plugin.py
[2023-03-28T12:01:39.440-0400] {processor.py:175} INFO - Processing /Users/sunanda/Downloads/airflow/py_env/lib/python3.9/site-packages/airflow/example_dags/plugins/listener_plugin.py took 0.527 seconds
[2023-03-28T12:03:41.237-0400] {processor.py:153} INFO - Started process (PID=2688) to work on /Users/sunanda/Downloads/airflow/py_env/lib/python3.9/site-packages/airflow/example_dags/plugins/listener_plugin.py
[2023-03-28T12:03:41.244-0400] {processor.py:743} INFO - Processing file /Users/sunanda/Downloads/airflow/py_env/lib/python3.9/site-packages/airflow/example_dags/plugins/listener_plugin.py for tasks to queue
[2023-03-28T12:03:41.244-0400] {logging_mixin.py:137} INFO - [2023-03-28T12:03:41.244-0400] {dagbag.py:532} INFO - Filling up the DagBag from /Users/sunanda/Downloads/airflow/py_env/lib/python3.9/site-packages/airflow/example_dags/plugins/listener_plugin.py
[2023-03-28T12:03:41.263-0400] {processor.py:755} WARNING - No viable dags retrieved from /Users/sunanda/Downloads/airflow/py_env/lib/python3.9/site-packages/airflow/example_dags/plugins/listener_plugin.py
[2023-03-28T12:03:41.686-0400] {processor.py:175} INFO - Processing /Users/sunanda/Downloads/airflow/py_env/lib/python3.9/site-packages/airflow/example_dags/plugins/listener_plugin.py took 0.450 seconds
[2023-03-28T12:05:35.194-0400] {processor.py:153} INFO - Started process (PID=2846) to work on /Users/sunanda/Downloads/airflow/py_env/lib/python3.9/site-packages/airflow/example_dags/plugins/listener_plugin.py
[2023-03-28T12:05:35.197-0400] {processor.py:743} INFO - Processing file /Users/sunanda/Downloads/airflow/py_env/lib/python3.9/site-packages/airflow/example_dags/plugins/listener_plugin.py for tasks to queue
[2023-03-28T12:05:35.197-0400] {logging_mixin.py:137} INFO - [2023-03-28T12:05:35.197-0400] {dagbag.py:532} INFO - Filling up the DagBag from /Users/sunanda/Downloads/airflow/py_env/lib/python3.9/site-packages/airflow/example_dags/plugins/listener_plugin.py
[2023-03-28T12:05:35.205-0400] {processor.py:755} WARNING - No viable dags retrieved from /Users/sunanda/Downloads/airflow/py_env/lib/python3.9/site-packages/airflow/example_dags/plugins/listener_plugin.py
[2023-03-28T12:05:35.653-0400] {processor.py:175} INFO - Processing /Users/sunanda/Downloads/airflow/py_env/lib/python3.9/site-packages/airflow/example_dags/plugins/listener_plugin.py took 0.460 seconds
[2023-03-28T12:07:33.013-0400] {processor.py:153} INFO - Started process (PID=3049) to work on /Users/sunanda/Downloads/airflow/py_env/lib/python3.9/site-packages/airflow/example_dags/plugins/listener_plugin.py
[2023-03-28T12:07:33.016-0400] {processor.py:743} INFO - Processing file /Users/sunanda/Downloads/airflow/py_env/lib/python3.9/site-packages/airflow/example_dags/plugins/listener_plugin.py for tasks to queue
[2023-03-28T12:07:33.017-0400] {logging_mixin.py:137} INFO - [2023-03-28T12:07:33.016-0400] {dagbag.py:532} INFO - Filling up the DagBag from /Users/sunanda/Downloads/airflow/py_env/lib/python3.9/site-packages/airflow/example_dags/plugins/listener_plugin.py
[2023-03-28T12:07:33.034-0400] {processor.py:755} WARNING - No viable dags retrieved from /Users/sunanda/Downloads/airflow/py_env/lib/python3.9/site-packages/airflow/example_dags/plugins/listener_plugin.py
[2023-03-28T12:07:33.715-0400] {processor.py:175} INFO - Processing /Users/sunanda/Downloads/airflow/py_env/lib/python3.9/site-packages/airflow/example_dags/plugins/listener_plugin.py took 0.703 seconds
[2023-03-28T12:09:38.279-0400] {processor.py:153} INFO - Started process (PID=3300) to work on /Users/sunanda/Downloads/airflow/py_env/lib/python3.9/site-packages/airflow/example_dags/plugins/listener_plugin.py
[2023-03-28T12:09:38.288-0400] {processor.py:743} INFO - Processing file /Users/sunanda/Downloads/airflow/py_env/lib/python3.9/site-packages/airflow/example_dags/plugins/listener_plugin.py for tasks to queue
[2023-03-28T12:09:38.289-0400] {logging_mixin.py:137} INFO - [2023-03-28T12:09:38.289-0400] {dagbag.py:532} INFO - Filling up the DagBag from /Users/sunanda/Downloads/airflow/py_env/lib/python3.9/site-packages/airflow/example_dags/plugins/listener_plugin.py
[2023-03-28T12:09:38.314-0400] {processor.py:755} WARNING - No viable dags retrieved from /Users/sunanda/Downloads/airflow/py_env/lib/python3.9/site-packages/airflow/example_dags/plugins/listener_plugin.py
[2023-03-28T12:09:39.045-0400] {processor.py:175} INFO - Processing /Users/sunanda/Downloads/airflow/py_env/lib/python3.9/site-packages/airflow/example_dags/plugins/listener_plugin.py took 0.770 seconds
[2023-03-28T12:11:36.437-0400] {processor.py:153} INFO - Started process (PID=3483) to work on /Users/sunanda/Downloads/airflow/py_env/lib/python3.9/site-packages/airflow/example_dags/plugins/listener_plugin.py
[2023-03-28T12:11:36.448-0400] {processor.py:743} INFO - Processing file /Users/sunanda/Downloads/airflow/py_env/lib/python3.9/site-packages/airflow/example_dags/plugins/listener_plugin.py for tasks to queue
[2023-03-28T12:11:36.448-0400] {logging_mixin.py:137} INFO - [2023-03-28T12:11:36.448-0400] {dagbag.py:532} INFO - Filling up the DagBag from /Users/sunanda/Downloads/airflow/py_env/lib/python3.9/site-packages/airflow/example_dags/plugins/listener_plugin.py
[2023-03-28T12:11:36.457-0400] {processor.py:755} WARNING - No viable dags retrieved from /Users/sunanda/Downloads/airflow/py_env/lib/python3.9/site-packages/airflow/example_dags/plugins/listener_plugin.py
[2023-03-28T12:11:36.933-0400] {processor.py:175} INFO - Processing /Users/sunanda/Downloads/airflow/py_env/lib/python3.9/site-packages/airflow/example_dags/plugins/listener_plugin.py took 0.496 seconds
[2023-03-28T12:13:30.113-0400] {processor.py:153} INFO - Started process (PID=3662) to work on /Users/sunanda/Downloads/airflow/py_env/lib/python3.9/site-packages/airflow/example_dags/plugins/listener_plugin.py
[2023-03-28T12:13:30.118-0400] {processor.py:743} INFO - Processing file /Users/sunanda/Downloads/airflow/py_env/lib/python3.9/site-packages/airflow/example_dags/plugins/listener_plugin.py for tasks to queue
[2023-03-28T12:13:30.119-0400] {logging_mixin.py:137} INFO - [2023-03-28T12:13:30.119-0400] {dagbag.py:532} INFO - Filling up the DagBag from /Users/sunanda/Downloads/airflow/py_env/lib/python3.9/site-packages/airflow/example_dags/plugins/listener_plugin.py
[2023-03-28T12:13:30.126-0400] {processor.py:755} WARNING - No viable dags retrieved from /Users/sunanda/Downloads/airflow/py_env/lib/python3.9/site-packages/airflow/example_dags/plugins/listener_plugin.py
[2023-03-28T12:13:30.680-0400] {processor.py:175} INFO - Processing /Users/sunanda/Downloads/airflow/py_env/lib/python3.9/site-packages/airflow/example_dags/plugins/listener_plugin.py took 0.568 seconds
[2023-03-28T12:13:56.226-0400] {processor.py:153} INFO - Started process (PID=3698) to work on /Users/sunanda/Downloads/airflow/py_env/lib/python3.9/site-packages/airflow/example_dags/plugins/listener_plugin.py
[2023-03-28T12:13:56.229-0400] {processor.py:743} INFO - Processing file /Users/sunanda/Downloads/airflow/py_env/lib/python3.9/site-packages/airflow/example_dags/plugins/listener_plugin.py for tasks to queue
[2023-03-28T12:13:56.230-0400] {logging_mixin.py:137} INFO - [2023-03-28T12:13:56.230-0400] {dagbag.py:532} INFO - Filling up the DagBag from /Users/sunanda/Downloads/airflow/py_env/lib/python3.9/site-packages/airflow/example_dags/plugins/listener_plugin.py
[2023-03-28T12:13:56.237-0400] {processor.py:755} WARNING - No viable dags retrieved from /Users/sunanda/Downloads/airflow/py_env/lib/python3.9/site-packages/airflow/example_dags/plugins/listener_plugin.py
[2023-03-28T12:13:56.701-0400] {processor.py:175} INFO - Processing /Users/sunanda/Downloads/airflow/py_env/lib/python3.9/site-packages/airflow/example_dags/plugins/listener_plugin.py took 0.476 seconds
[2023-03-28T12:16:15.084-0400] {processor.py:153} INFO - Started process (PID=3933) to work on /Users/sunanda/Downloads/airflow/py_env/lib/python3.9/site-packages/airflow/example_dags/plugins/listener_plugin.py
[2023-03-28T12:16:15.092-0400] {processor.py:743} INFO - Processing file /Users/sunanda/Downloads/airflow/py_env/lib/python3.9/site-packages/airflow/example_dags/plugins/listener_plugin.py for tasks to queue
[2023-03-28T12:16:15.093-0400] {logging_mixin.py:137} INFO - [2023-03-28T12:16:15.093-0400] {dagbag.py:532} INFO - Filling up the DagBag from /Users/sunanda/Downloads/airflow/py_env/lib/python3.9/site-packages/airflow/example_dags/plugins/listener_plugin.py
[2023-03-28T12:16:15.109-0400] {processor.py:755} WARNING - No viable dags retrieved from /Users/sunanda/Downloads/airflow/py_env/lib/python3.9/site-packages/airflow/example_dags/plugins/listener_plugin.py
[2023-03-28T12:16:15.590-0400] {processor.py:175} INFO - Processing /Users/sunanda/Downloads/airflow/py_env/lib/python3.9/site-packages/airflow/example_dags/plugins/listener_plugin.py took 0.516 seconds
[2023-03-28T12:18:11.125-0400] {processor.py:153} INFO - Started process (PID=4093) to work on /Users/sunanda/Downloads/airflow/py_env/lib/python3.9/site-packages/airflow/example_dags/plugins/listener_plugin.py
[2023-03-28T12:18:11.131-0400] {processor.py:743} INFO - Processing file /Users/sunanda/Downloads/airflow/py_env/lib/python3.9/site-packages/airflow/example_dags/plugins/listener_plugin.py for tasks to queue
[2023-03-28T12:18:11.132-0400] {logging_mixin.py:137} INFO - [2023-03-28T12:18:11.132-0400] {dagbag.py:532} INFO - Filling up the DagBag from /Users/sunanda/Downloads/airflow/py_env/lib/python3.9/site-packages/airflow/example_dags/plugins/listener_plugin.py
[2023-03-28T12:18:11.139-0400] {processor.py:755} WARNING - No viable dags retrieved from /Users/sunanda/Downloads/airflow/py_env/lib/python3.9/site-packages/airflow/example_dags/plugins/listener_plugin.py
[2023-03-28T12:18:11.650-0400] {processor.py:175} INFO - Processing /Users/sunanda/Downloads/airflow/py_env/lib/python3.9/site-packages/airflow/example_dags/plugins/listener_plugin.py took 0.526 seconds
[2023-03-28T12:20:01.955-0400] {processor.py:153} INFO - Started process (PID=4235) to work on /Users/sunanda/Downloads/airflow/py_env/lib/python3.9/site-packages/airflow/example_dags/plugins/listener_plugin.py
[2023-03-28T12:20:01.972-0400] {processor.py:743} INFO - Processing file /Users/sunanda/Downloads/airflow/py_env/lib/python3.9/site-packages/airflow/example_dags/plugins/listener_plugin.py for tasks to queue
[2023-03-28T12:20:01.972-0400] {logging_mixin.py:137} INFO - [2023-03-28T12:20:01.972-0400] {dagbag.py:532} INFO - Filling up the DagBag from /Users/sunanda/Downloads/airflow/py_env/lib/python3.9/site-packages/airflow/example_dags/plugins/listener_plugin.py
[2023-03-28T12:20:01.979-0400] {processor.py:755} WARNING - No viable dags retrieved from /Users/sunanda/Downloads/airflow/py_env/lib/python3.9/site-packages/airflow/example_dags/plugins/listener_plugin.py
[2023-03-28T12:20:02.492-0400] {processor.py:175} INFO - Processing /Users/sunanda/Downloads/airflow/py_env/lib/python3.9/site-packages/airflow/example_dags/plugins/listener_plugin.py took 0.556 seconds
[2023-03-28T12:21:57.865-0400] {processor.py:153} INFO - Started process (PID=4382) to work on /Users/sunanda/Downloads/airflow/py_env/lib/python3.9/site-packages/airflow/example_dags/plugins/listener_plugin.py
[2023-03-28T12:21:57.886-0400] {processor.py:743} INFO - Processing file /Users/sunanda/Downloads/airflow/py_env/lib/python3.9/site-packages/airflow/example_dags/plugins/listener_plugin.py for tasks to queue
[2023-03-28T12:21:57.887-0400] {logging_mixin.py:137} INFO - [2023-03-28T12:21:57.887-0400] {dagbag.py:532} INFO - Filling up the DagBag from /Users/sunanda/Downloads/airflow/py_env/lib/python3.9/site-packages/airflow/example_dags/plugins/listener_plugin.py
[2023-03-28T12:21:57.903-0400] {processor.py:755} WARNING - No viable dags retrieved from /Users/sunanda/Downloads/airflow/py_env/lib/python3.9/site-packages/airflow/example_dags/plugins/listener_plugin.py
[2023-03-28T12:21:58.356-0400] {processor.py:175} INFO - Processing /Users/sunanda/Downloads/airflow/py_env/lib/python3.9/site-packages/airflow/example_dags/plugins/listener_plugin.py took 0.492 seconds
[2023-03-28T12:23:56.110-0400] {processor.py:153} INFO - Started process (PID=4544) to work on /Users/sunanda/Downloads/airflow/py_env/lib/python3.9/site-packages/airflow/example_dags/plugins/listener_plugin.py
[2023-03-28T12:23:56.113-0400] {processor.py:743} INFO - Processing file /Users/sunanda/Downloads/airflow/py_env/lib/python3.9/site-packages/airflow/example_dags/plugins/listener_plugin.py for tasks to queue
[2023-03-28T12:23:56.114-0400] {logging_mixin.py:137} INFO - [2023-03-28T12:23:56.114-0400] {dagbag.py:532} INFO - Filling up the DagBag from /Users/sunanda/Downloads/airflow/py_env/lib/python3.9/site-packages/airflow/example_dags/plugins/listener_plugin.py
[2023-03-28T12:23:56.120-0400] {processor.py:755} WARNING - No viable dags retrieved from /Users/sunanda/Downloads/airflow/py_env/lib/python3.9/site-packages/airflow/example_dags/plugins/listener_plugin.py
[2023-03-28T12:23:56.481-0400] {processor.py:175} INFO - Processing /Users/sunanda/Downloads/airflow/py_env/lib/python3.9/site-packages/airflow/example_dags/plugins/listener_plugin.py took 0.371 seconds
[2023-03-28T12:28:44.454-0400] {processor.py:153} INFO - Started process (PID=4722) to work on /Users/sunanda/Downloads/airflow/py_env/lib/python3.9/site-packages/airflow/example_dags/plugins/listener_plugin.py
[2023-03-28T12:28:44.528-0400] {processor.py:743} INFO - Processing file /Users/sunanda/Downloads/airflow/py_env/lib/python3.9/site-packages/airflow/example_dags/plugins/listener_plugin.py for tasks to queue
[2023-03-28T12:28:44.528-0400] {logging_mixin.py:137} INFO - [2023-03-28T12:28:44.528-0400] {dagbag.py:532} INFO - Filling up the DagBag from /Users/sunanda/Downloads/airflow/py_env/lib/python3.9/site-packages/airflow/example_dags/plugins/listener_plugin.py
[2023-03-28T12:28:44.535-0400] {processor.py:755} WARNING - No viable dags retrieved from /Users/sunanda/Downloads/airflow/py_env/lib/python3.9/site-packages/airflow/example_dags/plugins/listener_plugin.py
[2023-03-28T12:28:45.069-0400] {processor.py:175} INFO - Processing /Users/sunanda/Downloads/airflow/py_env/lib/python3.9/site-packages/airflow/example_dags/plugins/listener_plugin.py took 0.616 seconds
[2023-03-28T12:30:43.081-0400] {processor.py:153} INFO - Started process (PID=4879) to work on /Users/sunanda/Downloads/airflow/py_env/lib/python3.9/site-packages/airflow/example_dags/plugins/listener_plugin.py
[2023-03-28T12:30:43.085-0400] {processor.py:743} INFO - Processing file /Users/sunanda/Downloads/airflow/py_env/lib/python3.9/site-packages/airflow/example_dags/plugins/listener_plugin.py for tasks to queue
[2023-03-28T12:30:43.086-0400] {logging_mixin.py:137} INFO - [2023-03-28T12:30:43.086-0400] {dagbag.py:532} INFO - Filling up the DagBag from /Users/sunanda/Downloads/airflow/py_env/lib/python3.9/site-packages/airflow/example_dags/plugins/listener_plugin.py
[2023-03-28T12:30:43.102-0400] {processor.py:755} WARNING - No viable dags retrieved from /Users/sunanda/Downloads/airflow/py_env/lib/python3.9/site-packages/airflow/example_dags/plugins/listener_plugin.py
[2023-03-28T12:30:43.721-0400] {processor.py:175} INFO - Processing /Users/sunanda/Downloads/airflow/py_env/lib/python3.9/site-packages/airflow/example_dags/plugins/listener_plugin.py took 0.641 seconds
