[2023-03-27T23:37:06.620-0400] {processor.py:153} INFO - Started process (PID=79103) to work on /Users/sunanda/Downloads/airflow/py_env/lib/python3.9/site-packages/airflow/example_dags/plugins/workday.py
[2023-03-27T23:37:06.627-0400] {processor.py:743} INFO - Processing file /Users/sunanda/Downloads/airflow/py_env/lib/python3.9/site-packages/airflow/example_dags/plugins/workday.py for tasks to queue
[2023-03-27T23:37:06.627-0400] {logging_mixin.py:137} INFO - [2023-03-27T23:37:06.627-0400] {dagbag.py:532} INFO - Filling up the DagBag from /Users/sunanda/Downloads/airflow/py_env/lib/python3.9/site-packages/airflow/example_dags/plugins/workday.py
[2023-03-27T23:37:06.636-0400] {processor.py:755} WARNING - No viable dags retrieved from /Users/sunanda/Downloads/airflow/py_env/lib/python3.9/site-packages/airflow/example_dags/plugins/workday.py
[2023-03-27T23:37:06.880-0400] {processor.py:175} INFO - Processing /Users/sunanda/Downloads/airflow/py_env/lib/python3.9/site-packages/airflow/example_dags/plugins/workday.py took 0.261 seconds
[2023-03-27T23:38:31.811-0400] {processor.py:153} INFO - Started process (PID=79274) to work on /Users/sunanda/Downloads/airflow/py_env/lib/python3.9/site-packages/airflow/example_dags/plugins/workday.py
[2023-03-27T23:38:31.818-0400] {processor.py:743} INFO - Processing file /Users/sunanda/Downloads/airflow/py_env/lib/python3.9/site-packages/airflow/example_dags/plugins/workday.py for tasks to queue
[2023-03-27T23:38:31.818-0400] {logging_mixin.py:137} INFO - [2023-03-27T23:38:31.818-0400] {dagbag.py:532} INFO - Filling up the DagBag from /Users/sunanda/Downloads/airflow/py_env/lib/python3.9/site-packages/airflow/example_dags/plugins/workday.py
[2023-03-27T23:38:31.824-0400] {processor.py:755} WARNING - No viable dags retrieved from /Users/sunanda/Downloads/airflow/py_env/lib/python3.9/site-packages/airflow/example_dags/plugins/workday.py
[2023-03-27T23:38:32.063-0400] {processor.py:175} INFO - Processing /Users/sunanda/Downloads/airflow/py_env/lib/python3.9/site-packages/airflow/example_dags/plugins/workday.py took 0.253 seconds
[2023-03-27T23:39:26.304-0400] {processor.py:153} INFO - Started process (PID=79367) to work on /Users/sunanda/Downloads/airflow/py_env/lib/python3.9/site-packages/airflow/example_dags/plugins/workday.py
[2023-03-27T23:39:26.312-0400] {processor.py:743} INFO - Processing file /Users/sunanda/Downloads/airflow/py_env/lib/python3.9/site-packages/airflow/example_dags/plugins/workday.py for tasks to queue
[2023-03-27T23:39:26.312-0400] {logging_mixin.py:137} INFO - [2023-03-27T23:39:26.312-0400] {dagbag.py:532} INFO - Filling up the DagBag from /Users/sunanda/Downloads/airflow/py_env/lib/python3.9/site-packages/airflow/example_dags/plugins/workday.py
[2023-03-27T23:39:26.318-0400] {processor.py:755} WARNING - No viable dags retrieved from /Users/sunanda/Downloads/airflow/py_env/lib/python3.9/site-packages/airflow/example_dags/plugins/workday.py
[2023-03-27T23:39:26.563-0400] {processor.py:175} INFO - Processing /Users/sunanda/Downloads/airflow/py_env/lib/python3.9/site-packages/airflow/example_dags/plugins/workday.py took 0.259 seconds
[2023-03-27T23:40:21.525-0400] {processor.py:153} INFO - Started process (PID=79448) to work on /Users/sunanda/Downloads/airflow/py_env/lib/python3.9/site-packages/airflow/example_dags/plugins/workday.py
[2023-03-27T23:40:21.528-0400] {processor.py:743} INFO - Processing file /Users/sunanda/Downloads/airflow/py_env/lib/python3.9/site-packages/airflow/example_dags/plugins/workday.py for tasks to queue
[2023-03-27T23:40:21.528-0400] {logging_mixin.py:137} INFO - [2023-03-27T23:40:21.528-0400] {dagbag.py:532} INFO - Filling up the DagBag from /Users/sunanda/Downloads/airflow/py_env/lib/python3.9/site-packages/airflow/example_dags/plugins/workday.py
[2023-03-27T23:40:21.539-0400] {processor.py:755} WARNING - No viable dags retrieved from /Users/sunanda/Downloads/airflow/py_env/lib/python3.9/site-packages/airflow/example_dags/plugins/workday.py
[2023-03-27T23:40:21.787-0400] {processor.py:175} INFO - Processing /Users/sunanda/Downloads/airflow/py_env/lib/python3.9/site-packages/airflow/example_dags/plugins/workday.py took 0.263 seconds
[2023-03-27T23:41:16.696-0400] {processor.py:153} INFO - Started process (PID=79570) to work on /Users/sunanda/Downloads/airflow/py_env/lib/python3.9/site-packages/airflow/example_dags/plugins/workday.py
[2023-03-27T23:41:16.704-0400] {processor.py:743} INFO - Processing file /Users/sunanda/Downloads/airflow/py_env/lib/python3.9/site-packages/airflow/example_dags/plugins/workday.py for tasks to queue
[2023-03-27T23:41:16.704-0400] {logging_mixin.py:137} INFO - [2023-03-27T23:41:16.704-0400] {dagbag.py:532} INFO - Filling up the DagBag from /Users/sunanda/Downloads/airflow/py_env/lib/python3.9/site-packages/airflow/example_dags/plugins/workday.py
[2023-03-27T23:41:16.710-0400] {processor.py:755} WARNING - No viable dags retrieved from /Users/sunanda/Downloads/airflow/py_env/lib/python3.9/site-packages/airflow/example_dags/plugins/workday.py
[2023-03-27T23:41:16.940-0400] {processor.py:175} INFO - Processing /Users/sunanda/Downloads/airflow/py_env/lib/python3.9/site-packages/airflow/example_dags/plugins/workday.py took 0.245 seconds
[2023-03-27T23:54:17.313-0400] {processor.py:153} INFO - Started process (PID=80478) to work on /Users/sunanda/Downloads/airflow/py_env/lib/python3.9/site-packages/airflow/example_dags/plugins/workday.py
[2023-03-27T23:54:17.320-0400] {processor.py:743} INFO - Processing file /Users/sunanda/Downloads/airflow/py_env/lib/python3.9/site-packages/airflow/example_dags/plugins/workday.py for tasks to queue
[2023-03-27T23:54:17.321-0400] {logging_mixin.py:137} INFO - [2023-03-27T23:54:17.321-0400] {dagbag.py:532} INFO - Filling up the DagBag from /Users/sunanda/Downloads/airflow/py_env/lib/python3.9/site-packages/airflow/example_dags/plugins/workday.py
[2023-03-27T23:54:17.330-0400] {processor.py:755} WARNING - No viable dags retrieved from /Users/sunanda/Downloads/airflow/py_env/lib/python3.9/site-packages/airflow/example_dags/plugins/workday.py
[2023-03-27T23:54:17.700-0400] {processor.py:175} INFO - Processing /Users/sunanda/Downloads/airflow/py_env/lib/python3.9/site-packages/airflow/example_dags/plugins/workday.py took 0.389 seconds
[2023-03-28T00:19:01.390-0400] {processor.py:153} INFO - Started process (PID=82409) to work on /Users/sunanda/Downloads/airflow/py_env/lib/python3.9/site-packages/airflow/example_dags/plugins/workday.py
[2023-03-28T00:19:01.412-0400] {processor.py:743} INFO - Processing file /Users/sunanda/Downloads/airflow/py_env/lib/python3.9/site-packages/airflow/example_dags/plugins/workday.py for tasks to queue
[2023-03-28T00:19:01.413-0400] {logging_mixin.py:137} INFO - [2023-03-28T00:19:01.413-0400] {dagbag.py:532} INFO - Filling up the DagBag from /Users/sunanda/Downloads/airflow/py_env/lib/python3.9/site-packages/airflow/example_dags/plugins/workday.py
[2023-03-28T00:19:01.441-0400] {processor.py:755} WARNING - No viable dags retrieved from /Users/sunanda/Downloads/airflow/py_env/lib/python3.9/site-packages/airflow/example_dags/plugins/workday.py
[2023-03-28T00:19:01.733-0400] {processor.py:175} INFO - Processing /Users/sunanda/Downloads/airflow/py_env/lib/python3.9/site-packages/airflow/example_dags/plugins/workday.py took 0.344 seconds
[2023-03-28T00:21:17.246-0400] {processor.py:153} INFO - Started process (PID=82577) to work on /Users/sunanda/Downloads/airflow/py_env/lib/python3.9/site-packages/airflow/example_dags/plugins/workday.py
[2023-03-28T00:21:17.252-0400] {processor.py:743} INFO - Processing file /Users/sunanda/Downloads/airflow/py_env/lib/python3.9/site-packages/airflow/example_dags/plugins/workday.py for tasks to queue
[2023-03-28T00:21:17.253-0400] {logging_mixin.py:137} INFO - [2023-03-28T00:21:17.253-0400] {dagbag.py:532} INFO - Filling up the DagBag from /Users/sunanda/Downloads/airflow/py_env/lib/python3.9/site-packages/airflow/example_dags/plugins/workday.py
[2023-03-28T00:21:17.267-0400] {processor.py:755} WARNING - No viable dags retrieved from /Users/sunanda/Downloads/airflow/py_env/lib/python3.9/site-packages/airflow/example_dags/plugins/workday.py
[2023-03-28T00:21:17.606-0400] {processor.py:175} INFO - Processing /Users/sunanda/Downloads/airflow/py_env/lib/python3.9/site-packages/airflow/example_dags/plugins/workday.py took 0.360 seconds
[2023-03-28T00:22:54.416-0400] {processor.py:153} INFO - Started process (PID=82732) to work on /Users/sunanda/Downloads/airflow/py_env/lib/python3.9/site-packages/airflow/example_dags/plugins/workday.py
[2023-03-28T00:22:54.436-0400] {processor.py:743} INFO - Processing file /Users/sunanda/Downloads/airflow/py_env/lib/python3.9/site-packages/airflow/example_dags/plugins/workday.py for tasks to queue
[2023-03-28T00:22:54.437-0400] {logging_mixin.py:137} INFO - [2023-03-28T00:22:54.437-0400] {dagbag.py:532} INFO - Filling up the DagBag from /Users/sunanda/Downloads/airflow/py_env/lib/python3.9/site-packages/airflow/example_dags/plugins/workday.py
[2023-03-28T00:22:54.464-0400] {processor.py:755} WARNING - No viable dags retrieved from /Users/sunanda/Downloads/airflow/py_env/lib/python3.9/site-packages/airflow/example_dags/plugins/workday.py
[2023-03-28T00:22:54.818-0400] {processor.py:175} INFO - Processing /Users/sunanda/Downloads/airflow/py_env/lib/python3.9/site-packages/airflow/example_dags/plugins/workday.py took 0.403 seconds
[2023-03-28T00:24:30.160-0400] {processor.py:153} INFO - Started process (PID=82846) to work on /Users/sunanda/Downloads/airflow/py_env/lib/python3.9/site-packages/airflow/example_dags/plugins/workday.py
[2023-03-28T00:24:30.173-0400] {processor.py:743} INFO - Processing file /Users/sunanda/Downloads/airflow/py_env/lib/python3.9/site-packages/airflow/example_dags/plugins/workday.py for tasks to queue
[2023-03-28T00:24:30.175-0400] {logging_mixin.py:137} INFO - [2023-03-28T00:24:30.175-0400] {dagbag.py:532} INFO - Filling up the DagBag from /Users/sunanda/Downloads/airflow/py_env/lib/python3.9/site-packages/airflow/example_dags/plugins/workday.py
[2023-03-28T00:24:30.192-0400] {processor.py:755} WARNING - No viable dags retrieved from /Users/sunanda/Downloads/airflow/py_env/lib/python3.9/site-packages/airflow/example_dags/plugins/workday.py
[2023-03-28T00:24:30.593-0400] {processor.py:175} INFO - Processing /Users/sunanda/Downloads/airflow/py_env/lib/python3.9/site-packages/airflow/example_dags/plugins/workday.py took 0.434 seconds
[2023-03-28T10:07:23.265-0400] {processor.py:153} INFO - Started process (PID=90991) to work on /Users/sunanda/Downloads/airflow/py_env/lib/python3.9/site-packages/airflow/example_dags/plugins/workday.py
[2023-03-28T10:07:23.269-0400] {processor.py:743} INFO - Processing file /Users/sunanda/Downloads/airflow/py_env/lib/python3.9/site-packages/airflow/example_dags/plugins/workday.py for tasks to queue
[2023-03-28T10:07:23.269-0400] {logging_mixin.py:137} INFO - [2023-03-28T10:07:23.269-0400] {dagbag.py:532} INFO - Filling up the DagBag from /Users/sunanda/Downloads/airflow/py_env/lib/python3.9/site-packages/airflow/example_dags/plugins/workday.py
[2023-03-28T10:07:23.276-0400] {processor.py:755} WARNING - No viable dags retrieved from /Users/sunanda/Downloads/airflow/py_env/lib/python3.9/site-packages/airflow/example_dags/plugins/workday.py
[2023-03-28T10:07:24.846-0400] {processor.py:175} INFO - Processing /Users/sunanda/Downloads/airflow/py_env/lib/python3.9/site-packages/airflow/example_dags/plugins/workday.py took 1.581 seconds
[2023-03-28T10:09:36.366-0400] {processor.py:153} INFO - Started process (PID=91202) to work on /Users/sunanda/Downloads/airflow/py_env/lib/python3.9/site-packages/airflow/example_dags/plugins/workday.py
[2023-03-28T10:09:36.370-0400] {processor.py:743} INFO - Processing file /Users/sunanda/Downloads/airflow/py_env/lib/python3.9/site-packages/airflow/example_dags/plugins/workday.py for tasks to queue
[2023-03-28T10:09:36.371-0400] {logging_mixin.py:137} INFO - [2023-03-28T10:09:36.371-0400] {dagbag.py:532} INFO - Filling up the DagBag from /Users/sunanda/Downloads/airflow/py_env/lib/python3.9/site-packages/airflow/example_dags/plugins/workday.py
[2023-03-28T10:09:36.380-0400] {processor.py:755} WARNING - No viable dags retrieved from /Users/sunanda/Downloads/airflow/py_env/lib/python3.9/site-packages/airflow/example_dags/plugins/workday.py
[2023-03-28T10:09:37.162-0400] {processor.py:175} INFO - Processing /Users/sunanda/Downloads/airflow/py_env/lib/python3.9/site-packages/airflow/example_dags/plugins/workday.py took 0.798 seconds
[2023-03-28T10:12:26.626-0400] {processor.py:153} INFO - Started process (PID=91416) to work on /Users/sunanda/Downloads/airflow/py_env/lib/python3.9/site-packages/airflow/example_dags/plugins/workday.py
[2023-03-28T10:12:26.633-0400] {processor.py:743} INFO - Processing file /Users/sunanda/Downloads/airflow/py_env/lib/python3.9/site-packages/airflow/example_dags/plugins/workday.py for tasks to queue
[2023-03-28T10:12:26.633-0400] {logging_mixin.py:137} INFO - [2023-03-28T10:12:26.633-0400] {dagbag.py:532} INFO - Filling up the DagBag from /Users/sunanda/Downloads/airflow/py_env/lib/python3.9/site-packages/airflow/example_dags/plugins/workday.py
[2023-03-28T10:12:26.641-0400] {processor.py:755} WARNING - No viable dags retrieved from /Users/sunanda/Downloads/airflow/py_env/lib/python3.9/site-packages/airflow/example_dags/plugins/workday.py
[2023-03-28T10:12:27.383-0400] {processor.py:175} INFO - Processing /Users/sunanda/Downloads/airflow/py_env/lib/python3.9/site-packages/airflow/example_dags/plugins/workday.py took 0.759 seconds
[2023-03-28T10:14:47.421-0400] {processor.py:153} INFO - Started process (PID=91599) to work on /Users/sunanda/Downloads/airflow/py_env/lib/python3.9/site-packages/airflow/example_dags/plugins/workday.py
[2023-03-28T10:14:47.437-0400] {processor.py:743} INFO - Processing file /Users/sunanda/Downloads/airflow/py_env/lib/python3.9/site-packages/airflow/example_dags/plugins/workday.py for tasks to queue
[2023-03-28T10:14:47.437-0400] {logging_mixin.py:137} INFO - [2023-03-28T10:14:47.437-0400] {dagbag.py:532} INFO - Filling up the DagBag from /Users/sunanda/Downloads/airflow/py_env/lib/python3.9/site-packages/airflow/example_dags/plugins/workday.py
[2023-03-28T10:14:47.444-0400] {processor.py:755} WARNING - No viable dags retrieved from /Users/sunanda/Downloads/airflow/py_env/lib/python3.9/site-packages/airflow/example_dags/plugins/workday.py
[2023-03-28T10:14:48.107-0400] {processor.py:175} INFO - Processing /Users/sunanda/Downloads/airflow/py_env/lib/python3.9/site-packages/airflow/example_dags/plugins/workday.py took 0.696 seconds
[2023-03-28T10:17:05.532-0400] {processor.py:153} INFO - Started process (PID=91769) to work on /Users/sunanda/Downloads/airflow/py_env/lib/python3.9/site-packages/airflow/example_dags/plugins/workday.py
[2023-03-28T10:17:05.541-0400] {processor.py:743} INFO - Processing file /Users/sunanda/Downloads/airflow/py_env/lib/python3.9/site-packages/airflow/example_dags/plugins/workday.py for tasks to queue
[2023-03-28T10:17:05.541-0400] {logging_mixin.py:137} INFO - [2023-03-28T10:17:05.541-0400] {dagbag.py:532} INFO - Filling up the DagBag from /Users/sunanda/Downloads/airflow/py_env/lib/python3.9/site-packages/airflow/example_dags/plugins/workday.py
[2023-03-28T10:17:05.563-0400] {processor.py:755} WARNING - No viable dags retrieved from /Users/sunanda/Downloads/airflow/py_env/lib/python3.9/site-packages/airflow/example_dags/plugins/workday.py
[2023-03-28T10:17:06.247-0400] {processor.py:175} INFO - Processing /Users/sunanda/Downloads/airflow/py_env/lib/python3.9/site-packages/airflow/example_dags/plugins/workday.py took 0.716 seconds
[2023-03-28T10:19:14.545-0400] {processor.py:153} INFO - Started process (PID=91944) to work on /Users/sunanda/Downloads/airflow/py_env/lib/python3.9/site-packages/airflow/example_dags/plugins/workday.py
[2023-03-28T10:19:14.549-0400] {processor.py:743} INFO - Processing file /Users/sunanda/Downloads/airflow/py_env/lib/python3.9/site-packages/airflow/example_dags/plugins/workday.py for tasks to queue
[2023-03-28T10:19:14.549-0400] {logging_mixin.py:137} INFO - [2023-03-28T10:19:14.549-0400] {dagbag.py:532} INFO - Filling up the DagBag from /Users/sunanda/Downloads/airflow/py_env/lib/python3.9/site-packages/airflow/example_dags/plugins/workday.py
[2023-03-28T10:19:14.555-0400] {processor.py:755} WARNING - No viable dags retrieved from /Users/sunanda/Downloads/airflow/py_env/lib/python3.9/site-packages/airflow/example_dags/plugins/workday.py
[2023-03-28T10:19:15.141-0400] {processor.py:175} INFO - Processing /Users/sunanda/Downloads/airflow/py_env/lib/python3.9/site-packages/airflow/example_dags/plugins/workday.py took 0.596 seconds
[2023-03-28T10:21:14.684-0400] {processor.py:153} INFO - Started process (PID=92143) to work on /Users/sunanda/Downloads/airflow/py_env/lib/python3.9/site-packages/airflow/example_dags/plugins/workday.py
[2023-03-28T10:21:14.688-0400] {processor.py:743} INFO - Processing file /Users/sunanda/Downloads/airflow/py_env/lib/python3.9/site-packages/airflow/example_dags/plugins/workday.py for tasks to queue
[2023-03-28T10:21:14.688-0400] {logging_mixin.py:137} INFO - [2023-03-28T10:21:14.688-0400] {dagbag.py:532} INFO - Filling up the DagBag from /Users/sunanda/Downloads/airflow/py_env/lib/python3.9/site-packages/airflow/example_dags/plugins/workday.py
[2023-03-28T10:21:14.694-0400] {processor.py:755} WARNING - No viable dags retrieved from /Users/sunanda/Downloads/airflow/py_env/lib/python3.9/site-packages/airflow/example_dags/plugins/workday.py
[2023-03-28T10:21:15.257-0400] {processor.py:175} INFO - Processing /Users/sunanda/Downloads/airflow/py_env/lib/python3.9/site-packages/airflow/example_dags/plugins/workday.py took 0.572 seconds
[2023-03-28T10:23:18.813-0400] {processor.py:153} INFO - Started process (PID=92298) to work on /Users/sunanda/Downloads/airflow/py_env/lib/python3.9/site-packages/airflow/example_dags/plugins/workday.py
[2023-03-28T10:23:18.818-0400] {processor.py:743} INFO - Processing file /Users/sunanda/Downloads/airflow/py_env/lib/python3.9/site-packages/airflow/example_dags/plugins/workday.py for tasks to queue
[2023-03-28T10:23:18.818-0400] {logging_mixin.py:137} INFO - [2023-03-28T10:23:18.818-0400] {dagbag.py:532} INFO - Filling up the DagBag from /Users/sunanda/Downloads/airflow/py_env/lib/python3.9/site-packages/airflow/example_dags/plugins/workday.py
[2023-03-28T10:23:18.825-0400] {processor.py:755} WARNING - No viable dags retrieved from /Users/sunanda/Downloads/airflow/py_env/lib/python3.9/site-packages/airflow/example_dags/plugins/workday.py
[2023-03-28T10:23:19.293-0400] {processor.py:175} INFO - Processing /Users/sunanda/Downloads/airflow/py_env/lib/python3.9/site-packages/airflow/example_dags/plugins/workday.py took 0.480 seconds
[2023-03-28T10:25:24.741-0400] {processor.py:153} INFO - Started process (PID=92568) to work on /Users/sunanda/Downloads/airflow/py_env/lib/python3.9/site-packages/airflow/example_dags/plugins/workday.py
[2023-03-28T10:25:24.747-0400] {processor.py:743} INFO - Processing file /Users/sunanda/Downloads/airflow/py_env/lib/python3.9/site-packages/airflow/example_dags/plugins/workday.py for tasks to queue
[2023-03-28T10:25:24.747-0400] {logging_mixin.py:137} INFO - [2023-03-28T10:25:24.747-0400] {dagbag.py:532} INFO - Filling up the DagBag from /Users/sunanda/Downloads/airflow/py_env/lib/python3.9/site-packages/airflow/example_dags/plugins/workday.py
[2023-03-28T10:25:24.758-0400] {processor.py:755} WARNING - No viable dags retrieved from /Users/sunanda/Downloads/airflow/py_env/lib/python3.9/site-packages/airflow/example_dags/plugins/workday.py
[2023-03-28T10:25:25.235-0400] {processor.py:175} INFO - Processing /Users/sunanda/Downloads/airflow/py_env/lib/python3.9/site-packages/airflow/example_dags/plugins/workday.py took 0.494 seconds
[2023-03-28T10:27:37.664-0400] {processor.py:153} INFO - Started process (PID=92766) to work on /Users/sunanda/Downloads/airflow/py_env/lib/python3.9/site-packages/airflow/example_dags/plugins/workday.py
[2023-03-28T10:27:37.669-0400] {processor.py:743} INFO - Processing file /Users/sunanda/Downloads/airflow/py_env/lib/python3.9/site-packages/airflow/example_dags/plugins/workday.py for tasks to queue
[2023-03-28T10:27:37.669-0400] {logging_mixin.py:137} INFO - [2023-03-28T10:27:37.669-0400] {dagbag.py:532} INFO - Filling up the DagBag from /Users/sunanda/Downloads/airflow/py_env/lib/python3.9/site-packages/airflow/example_dags/plugins/workday.py
[2023-03-28T10:27:37.679-0400] {processor.py:755} WARNING - No viable dags retrieved from /Users/sunanda/Downloads/airflow/py_env/lib/python3.9/site-packages/airflow/example_dags/plugins/workday.py
[2023-03-28T10:27:38.514-0400] {processor.py:175} INFO - Processing /Users/sunanda/Downloads/airflow/py_env/lib/python3.9/site-packages/airflow/example_dags/plugins/workday.py took 0.850 seconds
[2023-03-28T10:29:52.872-0400] {processor.py:153} INFO - Started process (PID=93041) to work on /Users/sunanda/Downloads/airflow/py_env/lib/python3.9/site-packages/airflow/example_dags/plugins/workday.py
[2023-03-28T10:29:52.875-0400] {processor.py:743} INFO - Processing file /Users/sunanda/Downloads/airflow/py_env/lib/python3.9/site-packages/airflow/example_dags/plugins/workday.py for tasks to queue
[2023-03-28T10:29:52.875-0400] {logging_mixin.py:137} INFO - [2023-03-28T10:29:52.875-0400] {dagbag.py:532} INFO - Filling up the DagBag from /Users/sunanda/Downloads/airflow/py_env/lib/python3.9/site-packages/airflow/example_dags/plugins/workday.py
[2023-03-28T10:29:52.883-0400] {processor.py:755} WARNING - No viable dags retrieved from /Users/sunanda/Downloads/airflow/py_env/lib/python3.9/site-packages/airflow/example_dags/plugins/workday.py
[2023-03-28T10:29:53.446-0400] {processor.py:175} INFO - Processing /Users/sunanda/Downloads/airflow/py_env/lib/python3.9/site-packages/airflow/example_dags/plugins/workday.py took 0.575 seconds
[2023-03-28T10:31:57.149-0400] {processor.py:153} INFO - Started process (PID=93270) to work on /Users/sunanda/Downloads/airflow/py_env/lib/python3.9/site-packages/airflow/example_dags/plugins/workday.py
[2023-03-28T10:31:57.156-0400] {processor.py:743} INFO - Processing file /Users/sunanda/Downloads/airflow/py_env/lib/python3.9/site-packages/airflow/example_dags/plugins/workday.py for tasks to queue
[2023-03-28T10:31:57.157-0400] {logging_mixin.py:137} INFO - [2023-03-28T10:31:57.157-0400] {dagbag.py:532} INFO - Filling up the DagBag from /Users/sunanda/Downloads/airflow/py_env/lib/python3.9/site-packages/airflow/example_dags/plugins/workday.py
[2023-03-28T10:31:57.170-0400] {processor.py:755} WARNING - No viable dags retrieved from /Users/sunanda/Downloads/airflow/py_env/lib/python3.9/site-packages/airflow/example_dags/plugins/workday.py
[2023-03-28T10:31:57.852-0400] {processor.py:175} INFO - Processing /Users/sunanda/Downloads/airflow/py_env/lib/python3.9/site-packages/airflow/example_dags/plugins/workday.py took 0.707 seconds
[2023-03-28T10:33:56.998-0400] {processor.py:153} INFO - Started process (PID=93421) to work on /Users/sunanda/Downloads/airflow/py_env/lib/python3.9/site-packages/airflow/example_dags/plugins/workday.py
[2023-03-28T10:33:57.001-0400] {processor.py:743} INFO - Processing file /Users/sunanda/Downloads/airflow/py_env/lib/python3.9/site-packages/airflow/example_dags/plugins/workday.py for tasks to queue
[2023-03-28T10:33:57.003-0400] {logging_mixin.py:137} INFO - [2023-03-28T10:33:57.002-0400] {dagbag.py:532} INFO - Filling up the DagBag from /Users/sunanda/Downloads/airflow/py_env/lib/python3.9/site-packages/airflow/example_dags/plugins/workday.py
[2023-03-28T10:33:57.039-0400] {processor.py:755} WARNING - No viable dags retrieved from /Users/sunanda/Downloads/airflow/py_env/lib/python3.9/site-packages/airflow/example_dags/plugins/workday.py
[2023-03-28T10:33:57.637-0400] {processor.py:175} INFO - Processing /Users/sunanda/Downloads/airflow/py_env/lib/python3.9/site-packages/airflow/example_dags/plugins/workday.py took 0.639 seconds
[2023-03-28T10:35:58.182-0400] {processor.py:153} INFO - Started process (PID=93654) to work on /Users/sunanda/Downloads/airflow/py_env/lib/python3.9/site-packages/airflow/example_dags/plugins/workday.py
[2023-03-28T10:35:58.186-0400] {processor.py:743} INFO - Processing file /Users/sunanda/Downloads/airflow/py_env/lib/python3.9/site-packages/airflow/example_dags/plugins/workday.py for tasks to queue
[2023-03-28T10:35:58.186-0400] {logging_mixin.py:137} INFO - [2023-03-28T10:35:58.186-0400] {dagbag.py:532} INFO - Filling up the DagBag from /Users/sunanda/Downloads/airflow/py_env/lib/python3.9/site-packages/airflow/example_dags/plugins/workday.py
[2023-03-28T10:35:58.194-0400] {processor.py:755} WARNING - No viable dags retrieved from /Users/sunanda/Downloads/airflow/py_env/lib/python3.9/site-packages/airflow/example_dags/plugins/workday.py
[2023-03-28T10:35:58.977-0400] {processor.py:175} INFO - Processing /Users/sunanda/Downloads/airflow/py_env/lib/python3.9/site-packages/airflow/example_dags/plugins/workday.py took 0.795 seconds
[2023-03-28T10:38:20.218-0400] {processor.py:153} INFO - Started process (PID=95210) to work on /Users/sunanda/Downloads/airflow/py_env/lib/python3.9/site-packages/airflow/example_dags/plugins/workday.py
[2023-03-28T10:38:20.240-0400] {processor.py:743} INFO - Processing file /Users/sunanda/Downloads/airflow/py_env/lib/python3.9/site-packages/airflow/example_dags/plugins/workday.py for tasks to queue
[2023-03-28T10:38:20.240-0400] {logging_mixin.py:137} INFO - [2023-03-28T10:38:20.240-0400] {dagbag.py:532} INFO - Filling up the DagBag from /Users/sunanda/Downloads/airflow/py_env/lib/python3.9/site-packages/airflow/example_dags/plugins/workday.py
[2023-03-28T10:38:20.260-0400] {processor.py:755} WARNING - No viable dags retrieved from /Users/sunanda/Downloads/airflow/py_env/lib/python3.9/site-packages/airflow/example_dags/plugins/workday.py
[2023-03-28T10:38:20.873-0400] {processor.py:175} INFO - Processing /Users/sunanda/Downloads/airflow/py_env/lib/python3.9/site-packages/airflow/example_dags/plugins/workday.py took 0.720 seconds
[2023-03-28T10:40:44.953-0400] {processor.py:153} INFO - Started process (PID=95529) to work on /Users/sunanda/Downloads/airflow/py_env/lib/python3.9/site-packages/airflow/example_dags/plugins/workday.py
[2023-03-28T10:40:44.956-0400] {processor.py:743} INFO - Processing file /Users/sunanda/Downloads/airflow/py_env/lib/python3.9/site-packages/airflow/example_dags/plugins/workday.py for tasks to queue
[2023-03-28T10:40:44.957-0400] {logging_mixin.py:137} INFO - [2023-03-28T10:40:44.957-0400] {dagbag.py:532} INFO - Filling up the DagBag from /Users/sunanda/Downloads/airflow/py_env/lib/python3.9/site-packages/airflow/example_dags/plugins/workday.py
[2023-03-28T10:40:44.983-0400] {processor.py:755} WARNING - No viable dags retrieved from /Users/sunanda/Downloads/airflow/py_env/lib/python3.9/site-packages/airflow/example_dags/plugins/workday.py
[2023-03-28T10:40:45.661-0400] {processor.py:175} INFO - Processing /Users/sunanda/Downloads/airflow/py_env/lib/python3.9/site-packages/airflow/example_dags/plugins/workday.py took 0.714 seconds
[2023-03-28T10:42:50.133-0400] {processor.py:153} INFO - Started process (PID=95724) to work on /Users/sunanda/Downloads/airflow/py_env/lib/python3.9/site-packages/airflow/example_dags/plugins/workday.py
[2023-03-28T10:42:50.137-0400] {processor.py:743} INFO - Processing file /Users/sunanda/Downloads/airflow/py_env/lib/python3.9/site-packages/airflow/example_dags/plugins/workday.py for tasks to queue
[2023-03-28T10:42:50.137-0400] {logging_mixin.py:137} INFO - [2023-03-28T10:42:50.137-0400] {dagbag.py:532} INFO - Filling up the DagBag from /Users/sunanda/Downloads/airflow/py_env/lib/python3.9/site-packages/airflow/example_dags/plugins/workday.py
[2023-03-28T10:42:50.143-0400] {processor.py:755} WARNING - No viable dags retrieved from /Users/sunanda/Downloads/airflow/py_env/lib/python3.9/site-packages/airflow/example_dags/plugins/workday.py
[2023-03-28T10:42:50.789-0400] {processor.py:175} INFO - Processing /Users/sunanda/Downloads/airflow/py_env/lib/python3.9/site-packages/airflow/example_dags/plugins/workday.py took 0.656 seconds
[2023-03-28T10:44:46.592-0400] {processor.py:153} INFO - Started process (PID=96018) to work on /Users/sunanda/Downloads/airflow/py_env/lib/python3.9/site-packages/airflow/example_dags/plugins/workday.py
[2023-03-28T10:44:46.595-0400] {processor.py:743} INFO - Processing file /Users/sunanda/Downloads/airflow/py_env/lib/python3.9/site-packages/airflow/example_dags/plugins/workday.py for tasks to queue
[2023-03-28T10:44:46.595-0400] {logging_mixin.py:137} INFO - [2023-03-28T10:44:46.595-0400] {dagbag.py:532} INFO - Filling up the DagBag from /Users/sunanda/Downloads/airflow/py_env/lib/python3.9/site-packages/airflow/example_dags/plugins/workday.py
[2023-03-28T10:44:46.602-0400] {processor.py:755} WARNING - No viable dags retrieved from /Users/sunanda/Downloads/airflow/py_env/lib/python3.9/site-packages/airflow/example_dags/plugins/workday.py
[2023-03-28T10:44:47.394-0400] {processor.py:175} INFO - Processing /Users/sunanda/Downloads/airflow/py_env/lib/python3.9/site-packages/airflow/example_dags/plugins/workday.py took 0.802 seconds
[2023-03-28T10:46:46.153-0400] {processor.py:153} INFO - Started process (PID=96214) to work on /Users/sunanda/Downloads/airflow/py_env/lib/python3.9/site-packages/airflow/example_dags/plugins/workday.py
[2023-03-28T10:46:46.157-0400] {processor.py:743} INFO - Processing file /Users/sunanda/Downloads/airflow/py_env/lib/python3.9/site-packages/airflow/example_dags/plugins/workday.py for tasks to queue
[2023-03-28T10:46:46.157-0400] {logging_mixin.py:137} INFO - [2023-03-28T10:46:46.157-0400] {dagbag.py:532} INFO - Filling up the DagBag from /Users/sunanda/Downloads/airflow/py_env/lib/python3.9/site-packages/airflow/example_dags/plugins/workday.py
[2023-03-28T10:46:46.163-0400] {processor.py:755} WARNING - No viable dags retrieved from /Users/sunanda/Downloads/airflow/py_env/lib/python3.9/site-packages/airflow/example_dags/plugins/workday.py
[2023-03-28T10:46:46.557-0400] {processor.py:175} INFO - Processing /Users/sunanda/Downloads/airflow/py_env/lib/python3.9/site-packages/airflow/example_dags/plugins/workday.py took 0.404 seconds
[2023-03-28T10:48:53.098-0400] {processor.py:153} INFO - Started process (PID=96519) to work on /Users/sunanda/Downloads/airflow/py_env/lib/python3.9/site-packages/airflow/example_dags/plugins/workday.py
[2023-03-28T10:48:53.102-0400] {processor.py:743} INFO - Processing file /Users/sunanda/Downloads/airflow/py_env/lib/python3.9/site-packages/airflow/example_dags/plugins/workday.py for tasks to queue
[2023-03-28T10:48:53.102-0400] {logging_mixin.py:137} INFO - [2023-03-28T10:48:53.102-0400] {dagbag.py:532} INFO - Filling up the DagBag from /Users/sunanda/Downloads/airflow/py_env/lib/python3.9/site-packages/airflow/example_dags/plugins/workday.py
[2023-03-28T10:48:53.109-0400] {processor.py:755} WARNING - No viable dags retrieved from /Users/sunanda/Downloads/airflow/py_env/lib/python3.9/site-packages/airflow/example_dags/plugins/workday.py
[2023-03-28T10:48:53.646-0400] {processor.py:175} INFO - Processing /Users/sunanda/Downloads/airflow/py_env/lib/python3.9/site-packages/airflow/example_dags/plugins/workday.py took 0.555 seconds
[2023-03-28T10:50:58.369-0400] {processor.py:153} INFO - Started process (PID=96702) to work on /Users/sunanda/Downloads/airflow/py_env/lib/python3.9/site-packages/airflow/example_dags/plugins/workday.py
[2023-03-28T10:50:58.373-0400] {processor.py:743} INFO - Processing file /Users/sunanda/Downloads/airflow/py_env/lib/python3.9/site-packages/airflow/example_dags/plugins/workday.py for tasks to queue
[2023-03-28T10:50:58.374-0400] {logging_mixin.py:137} INFO - [2023-03-28T10:50:58.374-0400] {dagbag.py:532} INFO - Filling up the DagBag from /Users/sunanda/Downloads/airflow/py_env/lib/python3.9/site-packages/airflow/example_dags/plugins/workday.py
[2023-03-28T10:50:58.381-0400] {processor.py:755} WARNING - No viable dags retrieved from /Users/sunanda/Downloads/airflow/py_env/lib/python3.9/site-packages/airflow/example_dags/plugins/workday.py
[2023-03-28T10:50:58.907-0400] {processor.py:175} INFO - Processing /Users/sunanda/Downloads/airflow/py_env/lib/python3.9/site-packages/airflow/example_dags/plugins/workday.py took 0.538 seconds
[2023-03-28T10:53:05.547-0400] {processor.py:153} INFO - Started process (PID=96965) to work on /Users/sunanda/Downloads/airflow/py_env/lib/python3.9/site-packages/airflow/example_dags/plugins/workday.py
[2023-03-28T10:53:05.560-0400] {processor.py:743} INFO - Processing file /Users/sunanda/Downloads/airflow/py_env/lib/python3.9/site-packages/airflow/example_dags/plugins/workday.py for tasks to queue
[2023-03-28T10:53:05.560-0400] {logging_mixin.py:137} INFO - [2023-03-28T10:53:05.560-0400] {dagbag.py:532} INFO - Filling up the DagBag from /Users/sunanda/Downloads/airflow/py_env/lib/python3.9/site-packages/airflow/example_dags/plugins/workday.py
[2023-03-28T10:53:05.572-0400] {processor.py:755} WARNING - No viable dags retrieved from /Users/sunanda/Downloads/airflow/py_env/lib/python3.9/site-packages/airflow/example_dags/plugins/workday.py
[2023-03-28T10:53:05.963-0400] {processor.py:175} INFO - Processing /Users/sunanda/Downloads/airflow/py_env/lib/python3.9/site-packages/airflow/example_dags/plugins/workday.py took 0.417 seconds
[2023-03-28T10:54:43.944-0400] {processor.py:153} INFO - Started process (PID=97103) to work on /Users/sunanda/Downloads/airflow/py_env/lib/python3.9/site-packages/airflow/example_dags/plugins/workday.py
[2023-03-28T10:54:43.947-0400] {processor.py:743} INFO - Processing file /Users/sunanda/Downloads/airflow/py_env/lib/python3.9/site-packages/airflow/example_dags/plugins/workday.py for tasks to queue
[2023-03-28T10:54:43.947-0400] {logging_mixin.py:137} INFO - [2023-03-28T10:54:43.947-0400] {dagbag.py:532} INFO - Filling up the DagBag from /Users/sunanda/Downloads/airflow/py_env/lib/python3.9/site-packages/airflow/example_dags/plugins/workday.py
[2023-03-28T10:54:43.961-0400] {processor.py:755} WARNING - No viable dags retrieved from /Users/sunanda/Downloads/airflow/py_env/lib/python3.9/site-packages/airflow/example_dags/plugins/workday.py
[2023-03-28T10:54:44.514-0400] {processor.py:175} INFO - Processing /Users/sunanda/Downloads/airflow/py_env/lib/python3.9/site-packages/airflow/example_dags/plugins/workday.py took 0.570 seconds
[2023-03-28T10:56:35.287-0400] {processor.py:153} INFO - Started process (PID=97250) to work on /Users/sunanda/Downloads/airflow/py_env/lib/python3.9/site-packages/airflow/example_dags/plugins/workday.py
[2023-03-28T10:56:35.289-0400] {processor.py:743} INFO - Processing file /Users/sunanda/Downloads/airflow/py_env/lib/python3.9/site-packages/airflow/example_dags/plugins/workday.py for tasks to queue
[2023-03-28T10:56:35.290-0400] {logging_mixin.py:137} INFO - [2023-03-28T10:56:35.290-0400] {dagbag.py:532} INFO - Filling up the DagBag from /Users/sunanda/Downloads/airflow/py_env/lib/python3.9/site-packages/airflow/example_dags/plugins/workday.py
[2023-03-28T10:56:35.300-0400] {processor.py:755} WARNING - No viable dags retrieved from /Users/sunanda/Downloads/airflow/py_env/lib/python3.9/site-packages/airflow/example_dags/plugins/workday.py
[2023-03-28T10:56:35.818-0400] {processor.py:175} INFO - Processing /Users/sunanda/Downloads/airflow/py_env/lib/python3.9/site-packages/airflow/example_dags/plugins/workday.py took 0.531 seconds
[2023-03-28T10:58:25.773-0400] {processor.py:153} INFO - Started process (PID=97538) to work on /Users/sunanda/Downloads/airflow/py_env/lib/python3.9/site-packages/airflow/example_dags/plugins/workday.py
[2023-03-28T10:58:25.776-0400] {processor.py:743} INFO - Processing file /Users/sunanda/Downloads/airflow/py_env/lib/python3.9/site-packages/airflow/example_dags/plugins/workday.py for tasks to queue
[2023-03-28T10:58:25.776-0400] {logging_mixin.py:137} INFO - [2023-03-28T10:58:25.776-0400] {dagbag.py:532} INFO - Filling up the DagBag from /Users/sunanda/Downloads/airflow/py_env/lib/python3.9/site-packages/airflow/example_dags/plugins/workday.py
[2023-03-28T10:58:25.783-0400] {processor.py:755} WARNING - No viable dags retrieved from /Users/sunanda/Downloads/airflow/py_env/lib/python3.9/site-packages/airflow/example_dags/plugins/workday.py
[2023-03-28T10:58:26.322-0400] {processor.py:175} INFO - Processing /Users/sunanda/Downloads/airflow/py_env/lib/python3.9/site-packages/airflow/example_dags/plugins/workday.py took 0.550 seconds
[2023-03-28T11:00:19.416-0400] {processor.py:153} INFO - Started process (PID=97739) to work on /Users/sunanda/Downloads/airflow/py_env/lib/python3.9/site-packages/airflow/example_dags/plugins/workday.py
[2023-03-28T11:00:19.432-0400] {processor.py:743} INFO - Processing file /Users/sunanda/Downloads/airflow/py_env/lib/python3.9/site-packages/airflow/example_dags/plugins/workday.py for tasks to queue
[2023-03-28T11:00:19.432-0400] {logging_mixin.py:137} INFO - [2023-03-28T11:00:19.432-0400] {dagbag.py:532} INFO - Filling up the DagBag from /Users/sunanda/Downloads/airflow/py_env/lib/python3.9/site-packages/airflow/example_dags/plugins/workday.py
[2023-03-28T11:00:19.458-0400] {processor.py:755} WARNING - No viable dags retrieved from /Users/sunanda/Downloads/airflow/py_env/lib/python3.9/site-packages/airflow/example_dags/plugins/workday.py
[2023-03-28T11:00:19.913-0400] {processor.py:175} INFO - Processing /Users/sunanda/Downloads/airflow/py_env/lib/python3.9/site-packages/airflow/example_dags/plugins/workday.py took 0.498 seconds
[2023-03-28T11:02:09.391-0400] {processor.py:153} INFO - Started process (PID=97904) to work on /Users/sunanda/Downloads/airflow/py_env/lib/python3.9/site-packages/airflow/example_dags/plugins/workday.py
[2023-03-28T11:02:09.398-0400] {processor.py:743} INFO - Processing file /Users/sunanda/Downloads/airflow/py_env/lib/python3.9/site-packages/airflow/example_dags/plugins/workday.py for tasks to queue
[2023-03-28T11:02:09.399-0400] {logging_mixin.py:137} INFO - [2023-03-28T11:02:09.399-0400] {dagbag.py:532} INFO - Filling up the DagBag from /Users/sunanda/Downloads/airflow/py_env/lib/python3.9/site-packages/airflow/example_dags/plugins/workday.py
[2023-03-28T11:02:09.407-0400] {processor.py:755} WARNING - No viable dags retrieved from /Users/sunanda/Downloads/airflow/py_env/lib/python3.9/site-packages/airflow/example_dags/plugins/workday.py
[2023-03-28T11:02:09.772-0400] {processor.py:175} INFO - Processing /Users/sunanda/Downloads/airflow/py_env/lib/python3.9/site-packages/airflow/example_dags/plugins/workday.py took 0.388 seconds
[2023-03-28T11:03:58.865-0400] {processor.py:153} INFO - Started process (PID=98056) to work on /Users/sunanda/Downloads/airflow/py_env/lib/python3.9/site-packages/airflow/example_dags/plugins/workday.py
[2023-03-28T11:03:58.868-0400] {processor.py:743} INFO - Processing file /Users/sunanda/Downloads/airflow/py_env/lib/python3.9/site-packages/airflow/example_dags/plugins/workday.py for tasks to queue
[2023-03-28T11:03:58.868-0400] {logging_mixin.py:137} INFO - [2023-03-28T11:03:58.868-0400] {dagbag.py:532} INFO - Filling up the DagBag from /Users/sunanda/Downloads/airflow/py_env/lib/python3.9/site-packages/airflow/example_dags/plugins/workday.py
[2023-03-28T11:03:58.875-0400] {processor.py:755} WARNING - No viable dags retrieved from /Users/sunanda/Downloads/airflow/py_env/lib/python3.9/site-packages/airflow/example_dags/plugins/workday.py
[2023-03-28T11:03:59.373-0400] {processor.py:175} INFO - Processing /Users/sunanda/Downloads/airflow/py_env/lib/python3.9/site-packages/airflow/example_dags/plugins/workday.py took 0.508 seconds
[2023-03-28T11:05:48.232-0400] {processor.py:153} INFO - Started process (PID=98207) to work on /Users/sunanda/Downloads/airflow/py_env/lib/python3.9/site-packages/airflow/example_dags/plugins/workday.py
[2023-03-28T11:05:48.235-0400] {processor.py:743} INFO - Processing file /Users/sunanda/Downloads/airflow/py_env/lib/python3.9/site-packages/airflow/example_dags/plugins/workday.py for tasks to queue
[2023-03-28T11:05:48.235-0400] {logging_mixin.py:137} INFO - [2023-03-28T11:05:48.235-0400] {dagbag.py:532} INFO - Filling up the DagBag from /Users/sunanda/Downloads/airflow/py_env/lib/python3.9/site-packages/airflow/example_dags/plugins/workday.py
[2023-03-28T11:05:48.242-0400] {processor.py:755} WARNING - No viable dags retrieved from /Users/sunanda/Downloads/airflow/py_env/lib/python3.9/site-packages/airflow/example_dags/plugins/workday.py
[2023-03-28T11:05:48.731-0400] {processor.py:175} INFO - Processing /Users/sunanda/Downloads/airflow/py_env/lib/python3.9/site-packages/airflow/example_dags/plugins/workday.py took 0.500 seconds
[2023-03-28T11:07:37.900-0400] {processor.py:153} INFO - Started process (PID=98350) to work on /Users/sunanda/Downloads/airflow/py_env/lib/python3.9/site-packages/airflow/example_dags/plugins/workday.py
[2023-03-28T11:07:37.921-0400] {processor.py:743} INFO - Processing file /Users/sunanda/Downloads/airflow/py_env/lib/python3.9/site-packages/airflow/example_dags/plugins/workday.py for tasks to queue
[2023-03-28T11:07:37.921-0400] {logging_mixin.py:137} INFO - [2023-03-28T11:07:37.921-0400] {dagbag.py:532} INFO - Filling up the DagBag from /Users/sunanda/Downloads/airflow/py_env/lib/python3.9/site-packages/airflow/example_dags/plugins/workday.py
[2023-03-28T11:07:37.929-0400] {processor.py:755} WARNING - No viable dags retrieved from /Users/sunanda/Downloads/airflow/py_env/lib/python3.9/site-packages/airflow/example_dags/plugins/workday.py
[2023-03-28T11:07:38.439-0400] {processor.py:175} INFO - Processing /Users/sunanda/Downloads/airflow/py_env/lib/python3.9/site-packages/airflow/example_dags/plugins/workday.py took 0.545 seconds
[2023-03-28T11:09:39.747-0400] {processor.py:153} INFO - Started process (PID=98528) to work on /Users/sunanda/Downloads/airflow/py_env/lib/python3.9/site-packages/airflow/example_dags/plugins/workday.py
[2023-03-28T11:09:39.750-0400] {processor.py:743} INFO - Processing file /Users/sunanda/Downloads/airflow/py_env/lib/python3.9/site-packages/airflow/example_dags/plugins/workday.py for tasks to queue
[2023-03-28T11:09:39.750-0400] {logging_mixin.py:137} INFO - [2023-03-28T11:09:39.750-0400] {dagbag.py:532} INFO - Filling up the DagBag from /Users/sunanda/Downloads/airflow/py_env/lib/python3.9/site-packages/airflow/example_dags/plugins/workday.py
[2023-03-28T11:09:39.757-0400] {processor.py:755} WARNING - No viable dags retrieved from /Users/sunanda/Downloads/airflow/py_env/lib/python3.9/site-packages/airflow/example_dags/plugins/workday.py
[2023-03-28T11:09:40.321-0400] {processor.py:175} INFO - Processing /Users/sunanda/Downloads/airflow/py_env/lib/python3.9/site-packages/airflow/example_dags/plugins/workday.py took 0.575 seconds
[2023-03-28T11:11:43.848-0400] {processor.py:153} INFO - Started process (PID=98686) to work on /Users/sunanda/Downloads/airflow/py_env/lib/python3.9/site-packages/airflow/example_dags/plugins/workday.py
[2023-03-28T11:11:43.852-0400] {processor.py:743} INFO - Processing file /Users/sunanda/Downloads/airflow/py_env/lib/python3.9/site-packages/airflow/example_dags/plugins/workday.py for tasks to queue
[2023-03-28T11:11:43.852-0400] {logging_mixin.py:137} INFO - [2023-03-28T11:11:43.852-0400] {dagbag.py:532} INFO - Filling up the DagBag from /Users/sunanda/Downloads/airflow/py_env/lib/python3.9/site-packages/airflow/example_dags/plugins/workday.py
[2023-03-28T11:11:43.859-0400] {processor.py:755} WARNING - No viable dags retrieved from /Users/sunanda/Downloads/airflow/py_env/lib/python3.9/site-packages/airflow/example_dags/plugins/workday.py
[2023-03-28T11:11:44.355-0400] {processor.py:175} INFO - Processing /Users/sunanda/Downloads/airflow/py_env/lib/python3.9/site-packages/airflow/example_dags/plugins/workday.py took 0.507 seconds
[2023-03-28T11:13:36.966-0400] {processor.py:153} INFO - Started process (PID=98828) to work on /Users/sunanda/Downloads/airflow/py_env/lib/python3.9/site-packages/airflow/example_dags/plugins/workday.py
[2023-03-28T11:13:36.969-0400] {processor.py:743} INFO - Processing file /Users/sunanda/Downloads/airflow/py_env/lib/python3.9/site-packages/airflow/example_dags/plugins/workday.py for tasks to queue
[2023-03-28T11:13:36.970-0400] {logging_mixin.py:137} INFO - [2023-03-28T11:13:36.970-0400] {dagbag.py:532} INFO - Filling up the DagBag from /Users/sunanda/Downloads/airflow/py_env/lib/python3.9/site-packages/airflow/example_dags/plugins/workday.py
[2023-03-28T11:13:36.977-0400] {processor.py:755} WARNING - No viable dags retrieved from /Users/sunanda/Downloads/airflow/py_env/lib/python3.9/site-packages/airflow/example_dags/plugins/workday.py
[2023-03-28T11:13:37.521-0400] {processor.py:175} INFO - Processing /Users/sunanda/Downloads/airflow/py_env/lib/python3.9/site-packages/airflow/example_dags/plugins/workday.py took 0.555 seconds
[2023-03-28T11:15:34.245-0400] {processor.py:153} INFO - Started process (PID=98986) to work on /Users/sunanda/Downloads/airflow/py_env/lib/python3.9/site-packages/airflow/example_dags/plugins/workday.py
[2023-03-28T11:15:34.249-0400] {processor.py:743} INFO - Processing file /Users/sunanda/Downloads/airflow/py_env/lib/python3.9/site-packages/airflow/example_dags/plugins/workday.py for tasks to queue
[2023-03-28T11:15:34.249-0400] {logging_mixin.py:137} INFO - [2023-03-28T11:15:34.249-0400] {dagbag.py:532} INFO - Filling up the DagBag from /Users/sunanda/Downloads/airflow/py_env/lib/python3.9/site-packages/airflow/example_dags/plugins/workday.py
[2023-03-28T11:15:34.258-0400] {processor.py:755} WARNING - No viable dags retrieved from /Users/sunanda/Downloads/airflow/py_env/lib/python3.9/site-packages/airflow/example_dags/plugins/workday.py
[2023-03-28T11:15:34.773-0400] {processor.py:175} INFO - Processing /Users/sunanda/Downloads/airflow/py_env/lib/python3.9/site-packages/airflow/example_dags/plugins/workday.py took 0.528 seconds
[2023-03-28T11:17:30.680-0400] {processor.py:153} INFO - Started process (PID=99136) to work on /Users/sunanda/Downloads/airflow/py_env/lib/python3.9/site-packages/airflow/example_dags/plugins/workday.py
[2023-03-28T11:17:30.683-0400] {processor.py:743} INFO - Processing file /Users/sunanda/Downloads/airflow/py_env/lib/python3.9/site-packages/airflow/example_dags/plugins/workday.py for tasks to queue
[2023-03-28T11:17:30.683-0400] {logging_mixin.py:137} INFO - [2023-03-28T11:17:30.683-0400] {dagbag.py:532} INFO - Filling up the DagBag from /Users/sunanda/Downloads/airflow/py_env/lib/python3.9/site-packages/airflow/example_dags/plugins/workday.py
[2023-03-28T11:17:30.689-0400] {processor.py:755} WARNING - No viable dags retrieved from /Users/sunanda/Downloads/airflow/py_env/lib/python3.9/site-packages/airflow/example_dags/plugins/workday.py
[2023-03-28T11:17:31.247-0400] {processor.py:175} INFO - Processing /Users/sunanda/Downloads/airflow/py_env/lib/python3.9/site-packages/airflow/example_dags/plugins/workday.py took 0.566 seconds
[2023-03-28T11:19:28.417-0400] {processor.py:153} INFO - Started process (PID=99282) to work on /Users/sunanda/Downloads/airflow/py_env/lib/python3.9/site-packages/airflow/example_dags/plugins/workday.py
[2023-03-28T11:19:28.423-0400] {processor.py:743} INFO - Processing file /Users/sunanda/Downloads/airflow/py_env/lib/python3.9/site-packages/airflow/example_dags/plugins/workday.py for tasks to queue
[2023-03-28T11:19:28.423-0400] {logging_mixin.py:137} INFO - [2023-03-28T11:19:28.423-0400] {dagbag.py:532} INFO - Filling up the DagBag from /Users/sunanda/Downloads/airflow/py_env/lib/python3.9/site-packages/airflow/example_dags/plugins/workday.py
[2023-03-28T11:19:28.430-0400] {processor.py:755} WARNING - No viable dags retrieved from /Users/sunanda/Downloads/airflow/py_env/lib/python3.9/site-packages/airflow/example_dags/plugins/workday.py
[2023-03-28T11:19:28.903-0400] {processor.py:175} INFO - Processing /Users/sunanda/Downloads/airflow/py_env/lib/python3.9/site-packages/airflow/example_dags/plugins/workday.py took 0.489 seconds
[2023-03-28T11:21:22.659-0400] {processor.py:153} INFO - Started process (PID=99427) to work on /Users/sunanda/Downloads/airflow/py_env/lib/python3.9/site-packages/airflow/example_dags/plugins/workday.py
[2023-03-28T11:21:22.664-0400] {processor.py:743} INFO - Processing file /Users/sunanda/Downloads/airflow/py_env/lib/python3.9/site-packages/airflow/example_dags/plugins/workday.py for tasks to queue
[2023-03-28T11:21:22.664-0400] {logging_mixin.py:137} INFO - [2023-03-28T11:21:22.664-0400] {dagbag.py:532} INFO - Filling up the DagBag from /Users/sunanda/Downloads/airflow/py_env/lib/python3.9/site-packages/airflow/example_dags/plugins/workday.py
[2023-03-28T11:21:22.684-0400] {processor.py:755} WARNING - No viable dags retrieved from /Users/sunanda/Downloads/airflow/py_env/lib/python3.9/site-packages/airflow/example_dags/plugins/workday.py
[2023-03-28T11:21:23.308-0400] {processor.py:175} INFO - Processing /Users/sunanda/Downloads/airflow/py_env/lib/python3.9/site-packages/airflow/example_dags/plugins/workday.py took 0.650 seconds
[2023-03-28T11:23:17.722-0400] {processor.py:153} INFO - Started process (PID=99572) to work on /Users/sunanda/Downloads/airflow/py_env/lib/python3.9/site-packages/airflow/example_dags/plugins/workday.py
[2023-03-28T11:23:17.738-0400] {processor.py:743} INFO - Processing file /Users/sunanda/Downloads/airflow/py_env/lib/python3.9/site-packages/airflow/example_dags/plugins/workday.py for tasks to queue
[2023-03-28T11:23:17.738-0400] {logging_mixin.py:137} INFO - [2023-03-28T11:23:17.738-0400] {dagbag.py:532} INFO - Filling up the DagBag from /Users/sunanda/Downloads/airflow/py_env/lib/python3.9/site-packages/airflow/example_dags/plugins/workday.py
[2023-03-28T11:23:17.744-0400] {processor.py:755} WARNING - No viable dags retrieved from /Users/sunanda/Downloads/airflow/py_env/lib/python3.9/site-packages/airflow/example_dags/plugins/workday.py
[2023-03-28T11:23:18.156-0400] {processor.py:175} INFO - Processing /Users/sunanda/Downloads/airflow/py_env/lib/python3.9/site-packages/airflow/example_dags/plugins/workday.py took 0.437 seconds
[2023-03-28T11:25:15.406-0400] {processor.py:153} INFO - Started process (PID=99726) to work on /Users/sunanda/Downloads/airflow/py_env/lib/python3.9/site-packages/airflow/example_dags/plugins/workday.py
[2023-03-28T11:25:15.423-0400] {processor.py:743} INFO - Processing file /Users/sunanda/Downloads/airflow/py_env/lib/python3.9/site-packages/airflow/example_dags/plugins/workday.py for tasks to queue
[2023-03-28T11:25:15.424-0400] {logging_mixin.py:137} INFO - [2023-03-28T11:25:15.423-0400] {dagbag.py:532} INFO - Filling up the DagBag from /Users/sunanda/Downloads/airflow/py_env/lib/python3.9/site-packages/airflow/example_dags/plugins/workday.py
[2023-03-28T11:25:15.443-0400] {processor.py:755} WARNING - No viable dags retrieved from /Users/sunanda/Downloads/airflow/py_env/lib/python3.9/site-packages/airflow/example_dags/plugins/workday.py
[2023-03-28T11:25:16.159-0400] {processor.py:175} INFO - Processing /Users/sunanda/Downloads/airflow/py_env/lib/python3.9/site-packages/airflow/example_dags/plugins/workday.py took 0.753 seconds
[2023-03-28T11:27:14.614-0400] {processor.py:153} INFO - Started process (PID=99876) to work on /Users/sunanda/Downloads/airflow/py_env/lib/python3.9/site-packages/airflow/example_dags/plugins/workday.py
[2023-03-28T11:27:14.624-0400] {processor.py:743} INFO - Processing file /Users/sunanda/Downloads/airflow/py_env/lib/python3.9/site-packages/airflow/example_dags/plugins/workday.py for tasks to queue
[2023-03-28T11:27:14.624-0400] {logging_mixin.py:137} INFO - [2023-03-28T11:27:14.624-0400] {dagbag.py:532} INFO - Filling up the DagBag from /Users/sunanda/Downloads/airflow/py_env/lib/python3.9/site-packages/airflow/example_dags/plugins/workday.py
[2023-03-28T11:27:14.631-0400] {processor.py:755} WARNING - No viable dags retrieved from /Users/sunanda/Downloads/airflow/py_env/lib/python3.9/site-packages/airflow/example_dags/plugins/workday.py
[2023-03-28T11:27:15.066-0400] {processor.py:175} INFO - Processing /Users/sunanda/Downloads/airflow/py_env/lib/python3.9/site-packages/airflow/example_dags/plugins/workday.py took 0.453 seconds
[2023-03-28T11:36:17.032-0400] {processor.py:153} INFO - Started process (PID=196) to work on /Users/sunanda/Downloads/airflow/py_env/lib/python3.9/site-packages/airflow/example_dags/plugins/workday.py
[2023-03-28T11:36:17.035-0400] {processor.py:743} INFO - Processing file /Users/sunanda/Downloads/airflow/py_env/lib/python3.9/site-packages/airflow/example_dags/plugins/workday.py for tasks to queue
[2023-03-28T11:36:17.036-0400] {logging_mixin.py:137} INFO - [2023-03-28T11:36:17.036-0400] {dagbag.py:532} INFO - Filling up the DagBag from /Users/sunanda/Downloads/airflow/py_env/lib/python3.9/site-packages/airflow/example_dags/plugins/workday.py
[2023-03-28T11:36:17.042-0400] {processor.py:755} WARNING - No viable dags retrieved from /Users/sunanda/Downloads/airflow/py_env/lib/python3.9/site-packages/airflow/example_dags/plugins/workday.py
[2023-03-28T11:36:17.465-0400] {processor.py:175} INFO - Processing /Users/sunanda/Downloads/airflow/py_env/lib/python3.9/site-packages/airflow/example_dags/plugins/workday.py took 0.433 seconds
[2023-03-28T11:38:18.600-0400] {processor.py:153} INFO - Started process (PID=453) to work on /Users/sunanda/Downloads/airflow/py_env/lib/python3.9/site-packages/airflow/example_dags/plugins/workday.py
[2023-03-28T11:38:18.603-0400] {processor.py:743} INFO - Processing file /Users/sunanda/Downloads/airflow/py_env/lib/python3.9/site-packages/airflow/example_dags/plugins/workday.py for tasks to queue
[2023-03-28T11:38:18.604-0400] {logging_mixin.py:137} INFO - [2023-03-28T11:38:18.604-0400] {dagbag.py:532} INFO - Filling up the DagBag from /Users/sunanda/Downloads/airflow/py_env/lib/python3.9/site-packages/airflow/example_dags/plugins/workday.py
[2023-03-28T11:38:18.611-0400] {processor.py:755} WARNING - No viable dags retrieved from /Users/sunanda/Downloads/airflow/py_env/lib/python3.9/site-packages/airflow/example_dags/plugins/workday.py
[2023-03-28T11:38:19.068-0400] {processor.py:175} INFO - Processing /Users/sunanda/Downloads/airflow/py_env/lib/python3.9/site-packages/airflow/example_dags/plugins/workday.py took 0.468 seconds
[2023-03-28T11:40:15.784-0400] {processor.py:153} INFO - Started process (PID=675) to work on /Users/sunanda/Downloads/airflow/py_env/lib/python3.9/site-packages/airflow/example_dags/plugins/workday.py
[2023-03-28T11:40:15.793-0400] {processor.py:743} INFO - Processing file /Users/sunanda/Downloads/airflow/py_env/lib/python3.9/site-packages/airflow/example_dags/plugins/workday.py for tasks to queue
[2023-03-28T11:40:15.794-0400] {logging_mixin.py:137} INFO - [2023-03-28T11:40:15.794-0400] {dagbag.py:532} INFO - Filling up the DagBag from /Users/sunanda/Downloads/airflow/py_env/lib/python3.9/site-packages/airflow/example_dags/plugins/workday.py
[2023-03-28T11:40:15.801-0400] {processor.py:755} WARNING - No viable dags retrieved from /Users/sunanda/Downloads/airflow/py_env/lib/python3.9/site-packages/airflow/example_dags/plugins/workday.py
[2023-03-28T11:40:16.258-0400] {processor.py:175} INFO - Processing /Users/sunanda/Downloads/airflow/py_env/lib/python3.9/site-packages/airflow/example_dags/plugins/workday.py took 0.508 seconds
[2023-03-28T11:42:06.196-0400] {processor.py:153} INFO - Started process (PID=831) to work on /Users/sunanda/Downloads/airflow/py_env/lib/python3.9/site-packages/airflow/example_dags/plugins/workday.py
[2023-03-28T11:42:06.225-0400] {processor.py:743} INFO - Processing file /Users/sunanda/Downloads/airflow/py_env/lib/python3.9/site-packages/airflow/example_dags/plugins/workday.py for tasks to queue
[2023-03-28T11:42:06.225-0400] {logging_mixin.py:137} INFO - [2023-03-28T11:42:06.225-0400] {dagbag.py:532} INFO - Filling up the DagBag from /Users/sunanda/Downloads/airflow/py_env/lib/python3.9/site-packages/airflow/example_dags/plugins/workday.py
[2023-03-28T11:42:06.332-0400] {processor.py:755} WARNING - No viable dags retrieved from /Users/sunanda/Downloads/airflow/py_env/lib/python3.9/site-packages/airflow/example_dags/plugins/workday.py
[2023-03-28T11:42:06.953-0400] {processor.py:175} INFO - Processing /Users/sunanda/Downloads/airflow/py_env/lib/python3.9/site-packages/airflow/example_dags/plugins/workday.py took 0.760 seconds
[2023-03-28T11:44:06.870-0400] {processor.py:153} INFO - Started process (PID=986) to work on /Users/sunanda/Downloads/airflow/py_env/lib/python3.9/site-packages/airflow/example_dags/plugins/workday.py
[2023-03-28T11:44:06.874-0400] {processor.py:743} INFO - Processing file /Users/sunanda/Downloads/airflow/py_env/lib/python3.9/site-packages/airflow/example_dags/plugins/workday.py for tasks to queue
[2023-03-28T11:44:06.874-0400] {logging_mixin.py:137} INFO - [2023-03-28T11:44:06.874-0400] {dagbag.py:532} INFO - Filling up the DagBag from /Users/sunanda/Downloads/airflow/py_env/lib/python3.9/site-packages/airflow/example_dags/plugins/workday.py
[2023-03-28T11:44:06.880-0400] {processor.py:755} WARNING - No viable dags retrieved from /Users/sunanda/Downloads/airflow/py_env/lib/python3.9/site-packages/airflow/example_dags/plugins/workday.py
[2023-03-28T11:44:07.342-0400] {processor.py:175} INFO - Processing /Users/sunanda/Downloads/airflow/py_env/lib/python3.9/site-packages/airflow/example_dags/plugins/workday.py took 0.472 seconds
[2023-03-28T11:45:52.073-0400] {processor.py:153} INFO - Started process (PID=1124) to work on /Users/sunanda/Downloads/airflow/py_env/lib/python3.9/site-packages/airflow/example_dags/plugins/workday.py
[2023-03-28T11:45:52.077-0400] {processor.py:743} INFO - Processing file /Users/sunanda/Downloads/airflow/py_env/lib/python3.9/site-packages/airflow/example_dags/plugins/workday.py for tasks to queue
[2023-03-28T11:45:52.078-0400] {logging_mixin.py:137} INFO - [2023-03-28T11:45:52.078-0400] {dagbag.py:532} INFO - Filling up the DagBag from /Users/sunanda/Downloads/airflow/py_env/lib/python3.9/site-packages/airflow/example_dags/plugins/workday.py
[2023-03-28T11:45:52.109-0400] {processor.py:755} WARNING - No viable dags retrieved from /Users/sunanda/Downloads/airflow/py_env/lib/python3.9/site-packages/airflow/example_dags/plugins/workday.py
[2023-03-28T11:45:52.523-0400] {processor.py:175} INFO - Processing /Users/sunanda/Downloads/airflow/py_env/lib/python3.9/site-packages/airflow/example_dags/plugins/workday.py took 0.475 seconds
[2023-03-28T11:47:45.371-0400] {processor.py:153} INFO - Started process (PID=1312) to work on /Users/sunanda/Downloads/airflow/py_env/lib/python3.9/site-packages/airflow/example_dags/plugins/workday.py
[2023-03-28T11:47:45.403-0400] {processor.py:743} INFO - Processing file /Users/sunanda/Downloads/airflow/py_env/lib/python3.9/site-packages/airflow/example_dags/plugins/workday.py for tasks to queue
[2023-03-28T11:47:45.404-0400] {logging_mixin.py:137} INFO - [2023-03-28T11:47:45.404-0400] {dagbag.py:532} INFO - Filling up the DagBag from /Users/sunanda/Downloads/airflow/py_env/lib/python3.9/site-packages/airflow/example_dags/plugins/workday.py
[2023-03-28T11:47:45.412-0400] {processor.py:755} WARNING - No viable dags retrieved from /Users/sunanda/Downloads/airflow/py_env/lib/python3.9/site-packages/airflow/example_dags/plugins/workday.py
[2023-03-28T11:47:45.982-0400] {processor.py:175} INFO - Processing /Users/sunanda/Downloads/airflow/py_env/lib/python3.9/site-packages/airflow/example_dags/plugins/workday.py took 0.622 seconds
[2023-03-28T11:49:43.009-0400] {processor.py:153} INFO - Started process (PID=1476) to work on /Users/sunanda/Downloads/airflow/py_env/lib/python3.9/site-packages/airflow/example_dags/plugins/workday.py
[2023-03-28T11:49:43.039-0400] {processor.py:743} INFO - Processing file /Users/sunanda/Downloads/airflow/py_env/lib/python3.9/site-packages/airflow/example_dags/plugins/workday.py for tasks to queue
[2023-03-28T11:49:43.040-0400] {logging_mixin.py:137} INFO - [2023-03-28T11:49:43.040-0400] {dagbag.py:532} INFO - Filling up the DagBag from /Users/sunanda/Downloads/airflow/py_env/lib/python3.9/site-packages/airflow/example_dags/plugins/workday.py
[2023-03-28T11:49:43.046-0400] {processor.py:755} WARNING - No viable dags retrieved from /Users/sunanda/Downloads/airflow/py_env/lib/python3.9/site-packages/airflow/example_dags/plugins/workday.py
[2023-03-28T11:49:43.470-0400] {processor.py:175} INFO - Processing /Users/sunanda/Downloads/airflow/py_env/lib/python3.9/site-packages/airflow/example_dags/plugins/workday.py took 0.465 seconds
[2023-03-28T11:51:58.542-0400] {processor.py:153} INFO - Started process (PID=1710) to work on /Users/sunanda/Downloads/airflow/py_env/lib/python3.9/site-packages/airflow/example_dags/plugins/workday.py
[2023-03-28T11:51:58.545-0400] {processor.py:743} INFO - Processing file /Users/sunanda/Downloads/airflow/py_env/lib/python3.9/site-packages/airflow/example_dags/plugins/workday.py for tasks to queue
[2023-03-28T11:51:58.546-0400] {logging_mixin.py:137} INFO - [2023-03-28T11:51:58.546-0400] {dagbag.py:532} INFO - Filling up the DagBag from /Users/sunanda/Downloads/airflow/py_env/lib/python3.9/site-packages/airflow/example_dags/plugins/workday.py
[2023-03-28T11:51:58.558-0400] {processor.py:755} WARNING - No viable dags retrieved from /Users/sunanda/Downloads/airflow/py_env/lib/python3.9/site-packages/airflow/example_dags/plugins/workday.py
[2023-03-28T11:51:59.017-0400] {processor.py:175} INFO - Processing /Users/sunanda/Downloads/airflow/py_env/lib/python3.9/site-packages/airflow/example_dags/plugins/workday.py took 0.476 seconds
[2023-03-28T11:53:59.781-0400] {processor.py:153} INFO - Started process (PID=1862) to work on /Users/sunanda/Downloads/airflow/py_env/lib/python3.9/site-packages/airflow/example_dags/plugins/workday.py
[2023-03-28T11:53:59.797-0400] {processor.py:743} INFO - Processing file /Users/sunanda/Downloads/airflow/py_env/lib/python3.9/site-packages/airflow/example_dags/plugins/workday.py for tasks to queue
[2023-03-28T11:53:59.797-0400] {logging_mixin.py:137} INFO - [2023-03-28T11:53:59.797-0400] {dagbag.py:532} INFO - Filling up the DagBag from /Users/sunanda/Downloads/airflow/py_env/lib/python3.9/site-packages/airflow/example_dags/plugins/workday.py
[2023-03-28T11:53:59.816-0400] {processor.py:755} WARNING - No viable dags retrieved from /Users/sunanda/Downloads/airflow/py_env/lib/python3.9/site-packages/airflow/example_dags/plugins/workday.py
[2023-03-28T11:54:00.328-0400] {processor.py:175} INFO - Processing /Users/sunanda/Downloads/airflow/py_env/lib/python3.9/site-packages/airflow/example_dags/plugins/workday.py took 0.548 seconds
[2023-03-28T11:56:03.923-0400] {processor.py:153} INFO - Started process (PID=2027) to work on /Users/sunanda/Downloads/airflow/py_env/lib/python3.9/site-packages/airflow/example_dags/plugins/workday.py
[2023-03-28T11:56:03.926-0400] {processor.py:743} INFO - Processing file /Users/sunanda/Downloads/airflow/py_env/lib/python3.9/site-packages/airflow/example_dags/plugins/workday.py for tasks to queue
[2023-03-28T11:56:03.927-0400] {logging_mixin.py:137} INFO - [2023-03-28T11:56:03.927-0400] {dagbag.py:532} INFO - Filling up the DagBag from /Users/sunanda/Downloads/airflow/py_env/lib/python3.9/site-packages/airflow/example_dags/plugins/workday.py
[2023-03-28T11:56:03.941-0400] {processor.py:755} WARNING - No viable dags retrieved from /Users/sunanda/Downloads/airflow/py_env/lib/python3.9/site-packages/airflow/example_dags/plugins/workday.py
[2023-03-28T11:56:04.515-0400] {processor.py:175} INFO - Processing /Users/sunanda/Downloads/airflow/py_env/lib/python3.9/site-packages/airflow/example_dags/plugins/workday.py took 0.593 seconds
[2023-03-28T11:57:55.710-0400] {processor.py:153} INFO - Started process (PID=2174) to work on /Users/sunanda/Downloads/airflow/py_env/lib/python3.9/site-packages/airflow/example_dags/plugins/workday.py
[2023-03-28T11:57:55.725-0400] {processor.py:743} INFO - Processing file /Users/sunanda/Downloads/airflow/py_env/lib/python3.9/site-packages/airflow/example_dags/plugins/workday.py for tasks to queue
[2023-03-28T11:57:55.726-0400] {logging_mixin.py:137} INFO - [2023-03-28T11:57:55.725-0400] {dagbag.py:532} INFO - Filling up the DagBag from /Users/sunanda/Downloads/airflow/py_env/lib/python3.9/site-packages/airflow/example_dags/plugins/workday.py
[2023-03-28T11:57:55.732-0400] {processor.py:755} WARNING - No viable dags retrieved from /Users/sunanda/Downloads/airflow/py_env/lib/python3.9/site-packages/airflow/example_dags/plugins/workday.py
[2023-03-28T11:57:56.195-0400] {processor.py:175} INFO - Processing /Users/sunanda/Downloads/airflow/py_env/lib/python3.9/site-packages/airflow/example_dags/plugins/workday.py took 0.488 seconds
[2023-03-28T11:59:46.920-0400] {processor.py:153} INFO - Started process (PID=2337) to work on /Users/sunanda/Downloads/airflow/py_env/lib/python3.9/site-packages/airflow/example_dags/plugins/workday.py
[2023-03-28T11:59:46.931-0400] {processor.py:743} INFO - Processing file /Users/sunanda/Downloads/airflow/py_env/lib/python3.9/site-packages/airflow/example_dags/plugins/workday.py for tasks to queue
[2023-03-28T11:59:46.932-0400] {logging_mixin.py:137} INFO - [2023-03-28T11:59:46.932-0400] {dagbag.py:532} INFO - Filling up the DagBag from /Users/sunanda/Downloads/airflow/py_env/lib/python3.9/site-packages/airflow/example_dags/plugins/workday.py
[2023-03-28T11:59:46.939-0400] {processor.py:755} WARNING - No viable dags retrieved from /Users/sunanda/Downloads/airflow/py_env/lib/python3.9/site-packages/airflow/example_dags/plugins/workday.py
[2023-03-28T11:59:47.463-0400] {processor.py:175} INFO - Processing /Users/sunanda/Downloads/airflow/py_env/lib/python3.9/site-packages/airflow/example_dags/plugins/workday.py took 0.547 seconds
[2023-03-28T12:01:35.686-0400] {processor.py:153} INFO - Started process (PID=2488) to work on /Users/sunanda/Downloads/airflow/py_env/lib/python3.9/site-packages/airflow/example_dags/plugins/workday.py
[2023-03-28T12:01:35.694-0400] {processor.py:743} INFO - Processing file /Users/sunanda/Downloads/airflow/py_env/lib/python3.9/site-packages/airflow/example_dags/plugins/workday.py for tasks to queue
[2023-03-28T12:01:35.694-0400] {logging_mixin.py:137} INFO - [2023-03-28T12:01:35.694-0400] {dagbag.py:532} INFO - Filling up the DagBag from /Users/sunanda/Downloads/airflow/py_env/lib/python3.9/site-packages/airflow/example_dags/plugins/workday.py
[2023-03-28T12:01:35.702-0400] {processor.py:755} WARNING - No viable dags retrieved from /Users/sunanda/Downloads/airflow/py_env/lib/python3.9/site-packages/airflow/example_dags/plugins/workday.py
[2023-03-28T12:01:36.270-0400] {processor.py:175} INFO - Processing /Users/sunanda/Downloads/airflow/py_env/lib/python3.9/site-packages/airflow/example_dags/plugins/workday.py took 0.585 seconds
[2023-03-28T12:03:37.994-0400] {processor.py:153} INFO - Started process (PID=2684) to work on /Users/sunanda/Downloads/airflow/py_env/lib/python3.9/site-packages/airflow/example_dags/plugins/workday.py
[2023-03-28T12:03:37.999-0400] {processor.py:743} INFO - Processing file /Users/sunanda/Downloads/airflow/py_env/lib/python3.9/site-packages/airflow/example_dags/plugins/workday.py for tasks to queue
[2023-03-28T12:03:38.000-0400] {logging_mixin.py:137} INFO - [2023-03-28T12:03:38.000-0400] {dagbag.py:532} INFO - Filling up the DagBag from /Users/sunanda/Downloads/airflow/py_env/lib/python3.9/site-packages/airflow/example_dags/plugins/workday.py
[2023-03-28T12:03:38.006-0400] {processor.py:755} WARNING - No viable dags retrieved from /Users/sunanda/Downloads/airflow/py_env/lib/python3.9/site-packages/airflow/example_dags/plugins/workday.py
[2023-03-28T12:03:38.474-0400] {processor.py:175} INFO - Processing /Users/sunanda/Downloads/airflow/py_env/lib/python3.9/site-packages/airflow/example_dags/plugins/workday.py took 0.500 seconds
[2023-03-28T12:05:30.825-0400] {processor.py:153} INFO - Started process (PID=2838) to work on /Users/sunanda/Downloads/airflow/py_env/lib/python3.9/site-packages/airflow/example_dags/plugins/workday.py
[2023-03-28T12:05:30.828-0400] {processor.py:743} INFO - Processing file /Users/sunanda/Downloads/airflow/py_env/lib/python3.9/site-packages/airflow/example_dags/plugins/workday.py for tasks to queue
[2023-03-28T12:05:30.829-0400] {logging_mixin.py:137} INFO - [2023-03-28T12:05:30.828-0400] {dagbag.py:532} INFO - Filling up the DagBag from /Users/sunanda/Downloads/airflow/py_env/lib/python3.9/site-packages/airflow/example_dags/plugins/workday.py
[2023-03-28T12:05:30.835-0400] {processor.py:755} WARNING - No viable dags retrieved from /Users/sunanda/Downloads/airflow/py_env/lib/python3.9/site-packages/airflow/example_dags/plugins/workday.py
[2023-03-28T12:05:31.442-0400] {processor.py:175} INFO - Processing /Users/sunanda/Downloads/airflow/py_env/lib/python3.9/site-packages/airflow/example_dags/plugins/workday.py took 0.618 seconds
[2023-03-28T12:07:28.591-0400] {processor.py:153} INFO - Started process (PID=3038) to work on /Users/sunanda/Downloads/airflow/py_env/lib/python3.9/site-packages/airflow/example_dags/plugins/workday.py
[2023-03-28T12:07:28.599-0400] {processor.py:743} INFO - Processing file /Users/sunanda/Downloads/airflow/py_env/lib/python3.9/site-packages/airflow/example_dags/plugins/workday.py for tasks to queue
[2023-03-28T12:07:28.600-0400] {logging_mixin.py:137} INFO - [2023-03-28T12:07:28.600-0400] {dagbag.py:532} INFO - Filling up the DagBag from /Users/sunanda/Downloads/airflow/py_env/lib/python3.9/site-packages/airflow/example_dags/plugins/workday.py
[2023-03-28T12:07:28.607-0400] {processor.py:755} WARNING - No viable dags retrieved from /Users/sunanda/Downloads/airflow/py_env/lib/python3.9/site-packages/airflow/example_dags/plugins/workday.py
[2023-03-28T12:07:29.290-0400] {processor.py:175} INFO - Processing /Users/sunanda/Downloads/airflow/py_env/lib/python3.9/site-packages/airflow/example_dags/plugins/workday.py took 0.700 seconds
[2023-03-28T12:09:34.783-0400] {processor.py:153} INFO - Started process (PID=3295) to work on /Users/sunanda/Downloads/airflow/py_env/lib/python3.9/site-packages/airflow/example_dags/plugins/workday.py
[2023-03-28T12:09:34.786-0400] {processor.py:743} INFO - Processing file /Users/sunanda/Downloads/airflow/py_env/lib/python3.9/site-packages/airflow/example_dags/plugins/workday.py for tasks to queue
[2023-03-28T12:09:34.786-0400] {logging_mixin.py:137} INFO - [2023-03-28T12:09:34.786-0400] {dagbag.py:532} INFO - Filling up the DagBag from /Users/sunanda/Downloads/airflow/py_env/lib/python3.9/site-packages/airflow/example_dags/plugins/workday.py
[2023-03-28T12:09:34.794-0400] {processor.py:755} WARNING - No viable dags retrieved from /Users/sunanda/Downloads/airflow/py_env/lib/python3.9/site-packages/airflow/example_dags/plugins/workday.py
[2023-03-28T12:09:35.319-0400] {processor.py:175} INFO - Processing /Users/sunanda/Downloads/airflow/py_env/lib/python3.9/site-packages/airflow/example_dags/plugins/workday.py took 0.537 seconds
[2023-03-28T12:11:32.097-0400] {processor.py:153} INFO - Started process (PID=3477) to work on /Users/sunanda/Downloads/airflow/py_env/lib/python3.9/site-packages/airflow/example_dags/plugins/workday.py
[2023-03-28T12:11:32.101-0400] {processor.py:743} INFO - Processing file /Users/sunanda/Downloads/airflow/py_env/lib/python3.9/site-packages/airflow/example_dags/plugins/workday.py for tasks to queue
[2023-03-28T12:11:32.101-0400] {logging_mixin.py:137} INFO - [2023-03-28T12:11:32.101-0400] {dagbag.py:532} INFO - Filling up the DagBag from /Users/sunanda/Downloads/airflow/py_env/lib/python3.9/site-packages/airflow/example_dags/plugins/workday.py
[2023-03-28T12:11:32.108-0400] {processor.py:755} WARNING - No viable dags retrieved from /Users/sunanda/Downloads/airflow/py_env/lib/python3.9/site-packages/airflow/example_dags/plugins/workday.py
[2023-03-28T12:11:32.735-0400] {processor.py:175} INFO - Processing /Users/sunanda/Downloads/airflow/py_env/lib/python3.9/site-packages/airflow/example_dags/plugins/workday.py took 0.638 seconds
[2023-03-28T12:13:27.116-0400] {processor.py:153} INFO - Started process (PID=3657) to work on /Users/sunanda/Downloads/airflow/py_env/lib/python3.9/site-packages/airflow/example_dags/plugins/workday.py
[2023-03-28T12:13:27.120-0400] {processor.py:743} INFO - Processing file /Users/sunanda/Downloads/airflow/py_env/lib/python3.9/site-packages/airflow/example_dags/plugins/workday.py for tasks to queue
[2023-03-28T12:13:27.120-0400] {logging_mixin.py:137} INFO - [2023-03-28T12:13:27.120-0400] {dagbag.py:532} INFO - Filling up the DagBag from /Users/sunanda/Downloads/airflow/py_env/lib/python3.9/site-packages/airflow/example_dags/plugins/workday.py
[2023-03-28T12:13:27.126-0400] {processor.py:755} WARNING - No viable dags retrieved from /Users/sunanda/Downloads/airflow/py_env/lib/python3.9/site-packages/airflow/example_dags/plugins/workday.py
[2023-03-28T12:13:27.589-0400] {processor.py:175} INFO - Processing /Users/sunanda/Downloads/airflow/py_env/lib/python3.9/site-packages/airflow/example_dags/plugins/workday.py took 0.474 seconds
[2023-03-28T12:13:53.435-0400] {processor.py:153} INFO - Started process (PID=3694) to work on /Users/sunanda/Downloads/airflow/py_env/lib/python3.9/site-packages/airflow/example_dags/plugins/workday.py
[2023-03-28T12:13:53.441-0400] {processor.py:743} INFO - Processing file /Users/sunanda/Downloads/airflow/py_env/lib/python3.9/site-packages/airflow/example_dags/plugins/workday.py for tasks to queue
[2023-03-28T12:13:53.441-0400] {logging_mixin.py:137} INFO - [2023-03-28T12:13:53.441-0400] {dagbag.py:532} INFO - Filling up the DagBag from /Users/sunanda/Downloads/airflow/py_env/lib/python3.9/site-packages/airflow/example_dags/plugins/workday.py
[2023-03-28T12:13:53.447-0400] {processor.py:755} WARNING - No viable dags retrieved from /Users/sunanda/Downloads/airflow/py_env/lib/python3.9/site-packages/airflow/example_dags/plugins/workday.py
[2023-03-28T12:13:53.847-0400] {processor.py:175} INFO - Processing /Users/sunanda/Downloads/airflow/py_env/lib/python3.9/site-packages/airflow/example_dags/plugins/workday.py took 0.413 seconds
[2023-03-28T12:16:11.741-0400] {processor.py:153} INFO - Started process (PID=3928) to work on /Users/sunanda/Downloads/airflow/py_env/lib/python3.9/site-packages/airflow/example_dags/plugins/workday.py
[2023-03-28T12:16:11.756-0400] {processor.py:743} INFO - Processing file /Users/sunanda/Downloads/airflow/py_env/lib/python3.9/site-packages/airflow/example_dags/plugins/workday.py for tasks to queue
[2023-03-28T12:16:11.756-0400] {logging_mixin.py:137} INFO - [2023-03-28T12:16:11.756-0400] {dagbag.py:532} INFO - Filling up the DagBag from /Users/sunanda/Downloads/airflow/py_env/lib/python3.9/site-packages/airflow/example_dags/plugins/workday.py
[2023-03-28T12:16:11.763-0400] {processor.py:755} WARNING - No viable dags retrieved from /Users/sunanda/Downloads/airflow/py_env/lib/python3.9/site-packages/airflow/example_dags/plugins/workday.py
[2023-03-28T12:16:12.257-0400] {processor.py:175} INFO - Processing /Users/sunanda/Downloads/airflow/py_env/lib/python3.9/site-packages/airflow/example_dags/plugins/workday.py took 0.519 seconds
[2023-03-28T12:18:08.019-0400] {processor.py:153} INFO - Started process (PID=4089) to work on /Users/sunanda/Downloads/airflow/py_env/lib/python3.9/site-packages/airflow/example_dags/plugins/workday.py
[2023-03-28T12:18:08.049-0400] {processor.py:743} INFO - Processing file /Users/sunanda/Downloads/airflow/py_env/lib/python3.9/site-packages/airflow/example_dags/plugins/workday.py for tasks to queue
[2023-03-28T12:18:08.050-0400] {logging_mixin.py:137} INFO - [2023-03-28T12:18:08.050-0400] {dagbag.py:532} INFO - Filling up the DagBag from /Users/sunanda/Downloads/airflow/py_env/lib/python3.9/site-packages/airflow/example_dags/plugins/workday.py
[2023-03-28T12:18:08.056-0400] {processor.py:755} WARNING - No viable dags retrieved from /Users/sunanda/Downloads/airflow/py_env/lib/python3.9/site-packages/airflow/example_dags/plugins/workday.py
[2023-03-28T12:18:08.428-0400] {processor.py:175} INFO - Processing /Users/sunanda/Downloads/airflow/py_env/lib/python3.9/site-packages/airflow/example_dags/plugins/workday.py took 0.412 seconds
[2023-03-28T12:19:58.781-0400] {processor.py:153} INFO - Started process (PID=4231) to work on /Users/sunanda/Downloads/airflow/py_env/lib/python3.9/site-packages/airflow/example_dags/plugins/workday.py
[2023-03-28T12:19:58.784-0400] {processor.py:743} INFO - Processing file /Users/sunanda/Downloads/airflow/py_env/lib/python3.9/site-packages/airflow/example_dags/plugins/workday.py for tasks to queue
[2023-03-28T12:19:58.784-0400] {logging_mixin.py:137} INFO - [2023-03-28T12:19:58.784-0400] {dagbag.py:532} INFO - Filling up the DagBag from /Users/sunanda/Downloads/airflow/py_env/lib/python3.9/site-packages/airflow/example_dags/plugins/workday.py
[2023-03-28T12:19:58.792-0400] {processor.py:755} WARNING - No viable dags retrieved from /Users/sunanda/Downloads/airflow/py_env/lib/python3.9/site-packages/airflow/example_dags/plugins/workday.py
[2023-03-28T12:19:59.265-0400] {processor.py:175} INFO - Processing /Users/sunanda/Downloads/airflow/py_env/lib/python3.9/site-packages/airflow/example_dags/plugins/workday.py took 0.485 seconds
[2023-03-28T12:21:55.610-0400] {processor.py:153} INFO - Started process (PID=4376) to work on /Users/sunanda/Downloads/airflow/py_env/lib/python3.9/site-packages/airflow/example_dags/plugins/workday.py
[2023-03-28T12:21:55.616-0400] {processor.py:743} INFO - Processing file /Users/sunanda/Downloads/airflow/py_env/lib/python3.9/site-packages/airflow/example_dags/plugins/workday.py for tasks to queue
[2023-03-28T12:21:55.617-0400] {logging_mixin.py:137} INFO - [2023-03-28T12:21:55.617-0400] {dagbag.py:532} INFO - Filling up the DagBag from /Users/sunanda/Downloads/airflow/py_env/lib/python3.9/site-packages/airflow/example_dags/plugins/workday.py
[2023-03-28T12:21:55.624-0400] {processor.py:755} WARNING - No viable dags retrieved from /Users/sunanda/Downloads/airflow/py_env/lib/python3.9/site-packages/airflow/example_dags/plugins/workday.py
[2023-03-28T12:21:56.064-0400] {processor.py:175} INFO - Processing /Users/sunanda/Downloads/airflow/py_env/lib/python3.9/site-packages/airflow/example_dags/plugins/workday.py took 0.457 seconds
[2023-03-28T12:23:53.032-0400] {processor.py:153} INFO - Started process (PID=4540) to work on /Users/sunanda/Downloads/airflow/py_env/lib/python3.9/site-packages/airflow/example_dags/plugins/workday.py
[2023-03-28T12:23:53.050-0400] {processor.py:743} INFO - Processing file /Users/sunanda/Downloads/airflow/py_env/lib/python3.9/site-packages/airflow/example_dags/plugins/workday.py for tasks to queue
[2023-03-28T12:23:53.050-0400] {logging_mixin.py:137} INFO - [2023-03-28T12:23:53.050-0400] {dagbag.py:532} INFO - Filling up the DagBag from /Users/sunanda/Downloads/airflow/py_env/lib/python3.9/site-packages/airflow/example_dags/plugins/workday.py
[2023-03-28T12:23:53.057-0400] {processor.py:755} WARNING - No viable dags retrieved from /Users/sunanda/Downloads/airflow/py_env/lib/python3.9/site-packages/airflow/example_dags/plugins/workday.py
[2023-03-28T12:23:53.527-0400] {processor.py:175} INFO - Processing /Users/sunanda/Downloads/airflow/py_env/lib/python3.9/site-packages/airflow/example_dags/plugins/workday.py took 0.495 seconds
[2023-03-28T12:28:40.933-0400] {processor.py:153} INFO - Started process (PID=4717) to work on /Users/sunanda/Downloads/airflow/py_env/lib/python3.9/site-packages/airflow/example_dags/plugins/workday.py
[2023-03-28T12:28:40.945-0400] {processor.py:743} INFO - Processing file /Users/sunanda/Downloads/airflow/py_env/lib/python3.9/site-packages/airflow/example_dags/plugins/workday.py for tasks to queue
[2023-03-28T12:28:40.946-0400] {logging_mixin.py:137} INFO - [2023-03-28T12:28:40.946-0400] {dagbag.py:532} INFO - Filling up the DagBag from /Users/sunanda/Downloads/airflow/py_env/lib/python3.9/site-packages/airflow/example_dags/plugins/workday.py
[2023-03-28T12:28:40.965-0400] {processor.py:755} WARNING - No viable dags retrieved from /Users/sunanda/Downloads/airflow/py_env/lib/python3.9/site-packages/airflow/example_dags/plugins/workday.py
[2023-03-28T12:28:41.487-0400] {processor.py:175} INFO - Processing /Users/sunanda/Downloads/airflow/py_env/lib/python3.9/site-packages/airflow/example_dags/plugins/workday.py took 0.555 seconds
[2023-03-28T12:30:39.605-0400] {processor.py:153} INFO - Started process (PID=4875) to work on /Users/sunanda/Downloads/airflow/py_env/lib/python3.9/site-packages/airflow/example_dags/plugins/workday.py
[2023-03-28T12:30:39.608-0400] {processor.py:743} INFO - Processing file /Users/sunanda/Downloads/airflow/py_env/lib/python3.9/site-packages/airflow/example_dags/plugins/workday.py for tasks to queue
[2023-03-28T12:30:39.608-0400] {logging_mixin.py:137} INFO - [2023-03-28T12:30:39.608-0400] {dagbag.py:532} INFO - Filling up the DagBag from /Users/sunanda/Downloads/airflow/py_env/lib/python3.9/site-packages/airflow/example_dags/plugins/workday.py
[2023-03-28T12:30:39.615-0400] {processor.py:755} WARNING - No viable dags retrieved from /Users/sunanda/Downloads/airflow/py_env/lib/python3.9/site-packages/airflow/example_dags/plugins/workday.py
[2023-03-28T12:30:40.201-0400] {processor.py:175} INFO - Processing /Users/sunanda/Downloads/airflow/py_env/lib/python3.9/site-packages/airflow/example_dags/plugins/workday.py took 0.596 seconds
[2023-03-28T16:51:23.177-0400] {processor.py:153} INFO - Started process (PID=18029) to work on /Users/sunanda/Downloads/airflow/py_env/lib/python3.9/site-packages/airflow/example_dags/plugins/workday.py
[2023-03-28T16:51:23.181-0400] {processor.py:743} INFO - Processing file /Users/sunanda/Downloads/airflow/py_env/lib/python3.9/site-packages/airflow/example_dags/plugins/workday.py for tasks to queue
[2023-03-28T16:51:23.181-0400] {logging_mixin.py:137} INFO - [2023-03-28T16:51:23.181-0400] {dagbag.py:532} INFO - Filling up the DagBag from /Users/sunanda/Downloads/airflow/py_env/lib/python3.9/site-packages/airflow/example_dags/plugins/workday.py
[2023-03-28T16:51:23.189-0400] {processor.py:755} WARNING - No viable dags retrieved from /Users/sunanda/Downloads/airflow/py_env/lib/python3.9/site-packages/airflow/example_dags/plugins/workday.py
[2023-03-28T16:51:24.037-0400] {processor.py:175} INFO - Processing /Users/sunanda/Downloads/airflow/py_env/lib/python3.9/site-packages/airflow/example_dags/plugins/workday.py took 0.861 seconds
