[2023-03-26T00:18:52.730-0400] {taskinstance.py:1084} INFO - Dependencies all met for dep_context=non-requeueable deps ti=<TaskInstance: api_dag.is_api_active scheduled__2023-03-25T00:00:00+00:00 [queued]>
[2023-03-26T00:18:52.735-0400] {taskinstance.py:1084} INFO - Dependencies all met for dep_context=requeueable deps ti=<TaskInstance: api_dag.is_api_active scheduled__2023-03-25T00:00:00+00:00 [queued]>
[2023-03-26T00:18:52.735-0400] {taskinstance.py:1282} INFO - 
--------------------------------------------------------------------------------
[2023-03-26T00:18:52.735-0400] {taskinstance.py:1283} INFO - Starting attempt 2 of 1
[2023-03-26T00:18:52.735-0400] {taskinstance.py:1284} INFO - 
--------------------------------------------------------------------------------
[2023-03-26T00:18:52.743-0400] {taskinstance.py:1303} INFO - Executing <Task(HttpSensor): is_api_active> on 2023-03-25 00:00:00+00:00
[2023-03-26T00:18:52.747-0400] {standard_task_runner.py:55} INFO - Started process 35324 to run task
[2023-03-26T00:18:52.750-0400] {standard_task_runner.py:82} INFO - Running: ['airflow', 'tasks', 'run', 'api_dag', 'is_api_active', 'scheduled__2023-03-25T00:00:00+00:00', '--job-id', '118', '--raw', '--subdir', 'DAGS_FOLDER/weatherapi_test.py', '--cfg-path', '/var/folders/71/zhs_yc7n05l7c97rnhn92bb80000gn/T/tmpw26glfun']
[2023-03-26T00:18:52.750-0400] {standard_task_runner.py:83} INFO - Job 118: Subtask is_api_active
[2023-03-26T00:18:52.885-0400] {task_command.py:388} INFO - Running <TaskInstance: api_dag.is_api_active scheduled__2023-03-25T00:00:00+00:00 [running]> on host sunandas-laptop.hsd1.ga.comcast.net
[2023-03-26T00:18:52.914-0400] {taskinstance.py:1509} INFO - Exporting the following env vars:
AIRFLOW_CTX_DAG_OWNER=airflow
AIRFLOW_CTX_DAG_ID=api_dag
AIRFLOW_CTX_TASK_ID=is_api_active
AIRFLOW_CTX_EXECUTION_DATE=2023-03-25T00:00:00+00:00
AIRFLOW_CTX_TRY_NUMBER=2
AIRFLOW_CTX_DAG_RUN_ID=scheduled__2023-03-25T00:00:00+00:00
[2023-03-26T00:18:52.914-0400] {http.py:122} INFO - Poking: weather?q=Atlanta,Georgia,US&units=standard&appid=94ca56afa3eee20f7100985fdfe682aa
[2023-03-26T00:18:52.916-0400] {base.py:73} INFO - Using connection ID 'my_api_connection' for task execution.
