[2023-03-24T14:14:52.548-0400] {processor.py:153} INFO - Started process (PID=20823) to work on /Users/sunanda/Downloads/python-demo/venv/lib/python3.9/site-packages/airflow/example_dags/example_params_ui_tutorial.py
[2023-03-24T14:14:52.550-0400] {processor.py:743} INFO - Processing file /Users/sunanda/Downloads/python-demo/venv/lib/python3.9/site-packages/airflow/example_dags/example_params_ui_tutorial.py for tasks to queue
[2023-03-24T14:14:52.551-0400] {logging_mixin.py:137} INFO - [2023-03-24T14:14:52.551-0400] {dagbag.py:532} INFO - Filling up the DagBag from /Users/sunanda/Downloads/python-demo/venv/lib/python3.9/site-packages/airflow/example_dags/example_params_ui_tutorial.py
[2023-03-24T14:14:52.599-0400] {processor.py:753} INFO - DAG(s) dict_keys(['example_params_ui_tutorial']) retrieved from /Users/sunanda/Downloads/python-demo/venv/lib/python3.9/site-packages/airflow/example_dags/example_params_ui_tutorial.py
[2023-03-24T14:14:52.934-0400] {logging_mixin.py:137} INFO - [2023-03-24T14:14:52.934-0400] {dag.py:2693} INFO - Sync 1 DAGs
[2023-03-24T14:14:52.941-0400] {logging_mixin.py:137} INFO - [2023-03-24T14:14:52.941-0400] {dag.py:3440} INFO - Setting next_dagrun for example_params_ui_tutorial to None, run_after=None
[2023-03-24T14:14:52.950-0400] {processor.py:175} INFO - Processing /Users/sunanda/Downloads/python-demo/venv/lib/python3.9/site-packages/airflow/example_dags/example_params_ui_tutorial.py took 0.403 seconds
[2023-03-24T14:16:13.357-0400] {processor.py:153} INFO - Started process (PID=20961) to work on /Users/sunanda/Downloads/python-demo/venv/lib/python3.9/site-packages/airflow/example_dags/example_params_ui_tutorial.py
[2023-03-24T14:16:13.360-0400] {processor.py:743} INFO - Processing file /Users/sunanda/Downloads/python-demo/venv/lib/python3.9/site-packages/airflow/example_dags/example_params_ui_tutorial.py for tasks to queue
[2023-03-24T14:16:13.360-0400] {logging_mixin.py:137} INFO - [2023-03-24T14:16:13.360-0400] {dagbag.py:532} INFO - Filling up the DagBag from /Users/sunanda/Downloads/python-demo/venv/lib/python3.9/site-packages/airflow/example_dags/example_params_ui_tutorial.py
[2023-03-24T14:16:13.401-0400] {processor.py:753} INFO - DAG(s) dict_keys(['example_params_ui_tutorial']) retrieved from /Users/sunanda/Downloads/python-demo/venv/lib/python3.9/site-packages/airflow/example_dags/example_params_ui_tutorial.py
[2023-03-24T14:16:13.694-0400] {logging_mixin.py:137} INFO - [2023-03-24T14:16:13.694-0400] {dag.py:2693} INFO - Sync 1 DAGs
[2023-03-24T14:16:13.701-0400] {logging_mixin.py:137} INFO - [2023-03-24T14:16:13.701-0400] {dag.py:3440} INFO - Setting next_dagrun for example_params_ui_tutorial to None, run_after=None
[2023-03-24T14:16:13.708-0400] {processor.py:175} INFO - Processing /Users/sunanda/Downloads/python-demo/venv/lib/python3.9/site-packages/airflow/example_dags/example_params_ui_tutorial.py took 0.351 seconds
[2023-03-24T14:17:47.774-0400] {processor.py:153} INFO - Started process (PID=21121) to work on /Users/sunanda/Downloads/python-demo/venv/lib/python3.9/site-packages/airflow/example_dags/example_params_ui_tutorial.py
[2023-03-24T14:17:47.776-0400] {processor.py:743} INFO - Processing file /Users/sunanda/Downloads/python-demo/venv/lib/python3.9/site-packages/airflow/example_dags/example_params_ui_tutorial.py for tasks to queue
[2023-03-24T14:17:47.777-0400] {logging_mixin.py:137} INFO - [2023-03-24T14:17:47.777-0400] {dagbag.py:532} INFO - Filling up the DagBag from /Users/sunanda/Downloads/python-demo/venv/lib/python3.9/site-packages/airflow/example_dags/example_params_ui_tutorial.py
[2023-03-24T14:17:47.817-0400] {processor.py:753} INFO - DAG(s) dict_keys(['example_params_ui_tutorial']) retrieved from /Users/sunanda/Downloads/python-demo/venv/lib/python3.9/site-packages/airflow/example_dags/example_params_ui_tutorial.py
[2023-03-24T14:17:48.123-0400] {logging_mixin.py:137} INFO - [2023-03-24T14:17:48.123-0400] {dag.py:2693} INFO - Sync 1 DAGs
[2023-03-24T14:17:48.130-0400] {logging_mixin.py:137} INFO - [2023-03-24T14:17:48.130-0400] {dag.py:3440} INFO - Setting next_dagrun for example_params_ui_tutorial to None, run_after=None
[2023-03-24T14:17:48.137-0400] {processor.py:175} INFO - Processing /Users/sunanda/Downloads/python-demo/venv/lib/python3.9/site-packages/airflow/example_dags/example_params_ui_tutorial.py took 0.363 seconds
[2023-03-24T14:19:21.020-0400] {processor.py:153} INFO - Started process (PID=21278) to work on /Users/sunanda/Downloads/python-demo/venv/lib/python3.9/site-packages/airflow/example_dags/example_params_ui_tutorial.py
[2023-03-24T14:19:21.023-0400] {processor.py:743} INFO - Processing file /Users/sunanda/Downloads/python-demo/venv/lib/python3.9/site-packages/airflow/example_dags/example_params_ui_tutorial.py for tasks to queue
[2023-03-24T14:19:21.023-0400] {logging_mixin.py:137} INFO - [2023-03-24T14:19:21.023-0400] {dagbag.py:532} INFO - Filling up the DagBag from /Users/sunanda/Downloads/python-demo/venv/lib/python3.9/site-packages/airflow/example_dags/example_params_ui_tutorial.py
[2023-03-24T14:19:21.059-0400] {processor.py:753} INFO - DAG(s) dict_keys(['example_params_ui_tutorial']) retrieved from /Users/sunanda/Downloads/python-demo/venv/lib/python3.9/site-packages/airflow/example_dags/example_params_ui_tutorial.py
[2023-03-24T14:19:21.332-0400] {logging_mixin.py:137} INFO - [2023-03-24T14:19:21.331-0400] {dag.py:2693} INFO - Sync 1 DAGs
[2023-03-24T14:19:21.338-0400] {logging_mixin.py:137} INFO - [2023-03-24T14:19:21.338-0400] {dag.py:3440} INFO - Setting next_dagrun for example_params_ui_tutorial to None, run_after=None
[2023-03-24T14:19:21.346-0400] {processor.py:175} INFO - Processing /Users/sunanda/Downloads/python-demo/venv/lib/python3.9/site-packages/airflow/example_dags/example_params_ui_tutorial.py took 0.326 seconds
[2023-03-24T14:20:55.228-0400] {processor.py:153} INFO - Started process (PID=21445) to work on /Users/sunanda/Downloads/python-demo/venv/lib/python3.9/site-packages/airflow/example_dags/example_params_ui_tutorial.py
[2023-03-24T14:20:55.230-0400] {processor.py:743} INFO - Processing file /Users/sunanda/Downloads/python-demo/venv/lib/python3.9/site-packages/airflow/example_dags/example_params_ui_tutorial.py for tasks to queue
[2023-03-24T14:20:55.230-0400] {logging_mixin.py:137} INFO - [2023-03-24T14:20:55.230-0400] {dagbag.py:532} INFO - Filling up the DagBag from /Users/sunanda/Downloads/python-demo/venv/lib/python3.9/site-packages/airflow/example_dags/example_params_ui_tutorial.py
[2023-03-24T14:20:55.268-0400] {processor.py:753} INFO - DAG(s) dict_keys(['example_params_ui_tutorial']) retrieved from /Users/sunanda/Downloads/python-demo/venv/lib/python3.9/site-packages/airflow/example_dags/example_params_ui_tutorial.py
[2023-03-24T14:20:55.546-0400] {logging_mixin.py:137} INFO - [2023-03-24T14:20:55.546-0400] {dag.py:2693} INFO - Sync 1 DAGs
[2023-03-24T14:20:55.552-0400] {logging_mixin.py:137} INFO - [2023-03-24T14:20:55.552-0400] {dag.py:3440} INFO - Setting next_dagrun for example_params_ui_tutorial to None, run_after=None
[2023-03-24T14:20:55.559-0400] {processor.py:175} INFO - Processing /Users/sunanda/Downloads/python-demo/venv/lib/python3.9/site-packages/airflow/example_dags/example_params_ui_tutorial.py took 0.332 seconds
[2023-03-24T14:22:25.646-0400] {processor.py:153} INFO - Started process (PID=21625) to work on /Users/sunanda/Downloads/python-demo/venv/lib/python3.9/site-packages/airflow/example_dags/example_params_ui_tutorial.py
[2023-03-24T14:22:25.649-0400] {processor.py:743} INFO - Processing file /Users/sunanda/Downloads/python-demo/venv/lib/python3.9/site-packages/airflow/example_dags/example_params_ui_tutorial.py for tasks to queue
[2023-03-24T14:22:25.649-0400] {logging_mixin.py:137} INFO - [2023-03-24T14:22:25.649-0400] {dagbag.py:532} INFO - Filling up the DagBag from /Users/sunanda/Downloads/python-demo/venv/lib/python3.9/site-packages/airflow/example_dags/example_params_ui_tutorial.py
[2023-03-24T14:22:25.690-0400] {processor.py:753} INFO - DAG(s) dict_keys(['example_params_ui_tutorial']) retrieved from /Users/sunanda/Downloads/python-demo/venv/lib/python3.9/site-packages/airflow/example_dags/example_params_ui_tutorial.py
[2023-03-24T14:22:25.987-0400] {logging_mixin.py:137} INFO - [2023-03-24T14:22:25.987-0400] {dag.py:2693} INFO - Sync 1 DAGs
[2023-03-24T14:22:25.994-0400] {logging_mixin.py:137} INFO - [2023-03-24T14:22:25.994-0400] {dag.py:3440} INFO - Setting next_dagrun for example_params_ui_tutorial to None, run_after=None
[2023-03-24T14:22:26.002-0400] {processor.py:175} INFO - Processing /Users/sunanda/Downloads/python-demo/venv/lib/python3.9/site-packages/airflow/example_dags/example_params_ui_tutorial.py took 0.356 seconds
[2023-03-24T14:24:06.058-0400] {processor.py:153} INFO - Started process (PID=21795) to work on /Users/sunanda/Downloads/python-demo/venv/lib/python3.9/site-packages/airflow/example_dags/example_params_ui_tutorial.py
[2023-03-24T14:24:06.061-0400] {processor.py:743} INFO - Processing file /Users/sunanda/Downloads/python-demo/venv/lib/python3.9/site-packages/airflow/example_dags/example_params_ui_tutorial.py for tasks to queue
[2023-03-24T14:24:06.061-0400] {logging_mixin.py:137} INFO - [2023-03-24T14:24:06.061-0400] {dagbag.py:532} INFO - Filling up the DagBag from /Users/sunanda/Downloads/python-demo/venv/lib/python3.9/site-packages/airflow/example_dags/example_params_ui_tutorial.py
[2023-03-24T14:24:06.102-0400] {processor.py:753} INFO - DAG(s) dict_keys(['example_params_ui_tutorial']) retrieved from /Users/sunanda/Downloads/python-demo/venv/lib/python3.9/site-packages/airflow/example_dags/example_params_ui_tutorial.py
[2023-03-24T14:24:06.392-0400] {logging_mixin.py:137} INFO - [2023-03-24T14:24:06.391-0400] {dag.py:2693} INFO - Sync 1 DAGs
[2023-03-24T14:24:06.398-0400] {logging_mixin.py:137} INFO - [2023-03-24T14:24:06.398-0400] {dag.py:3440} INFO - Setting next_dagrun for example_params_ui_tutorial to None, run_after=None
[2023-03-24T14:24:06.406-0400] {processor.py:175} INFO - Processing /Users/sunanda/Downloads/python-demo/venv/lib/python3.9/site-packages/airflow/example_dags/example_params_ui_tutorial.py took 0.347 seconds
[2023-03-24T14:25:39.843-0400] {processor.py:153} INFO - Started process (PID=21943) to work on /Users/sunanda/Downloads/python-demo/venv/lib/python3.9/site-packages/airflow/example_dags/example_params_ui_tutorial.py
[2023-03-24T14:25:39.845-0400] {processor.py:743} INFO - Processing file /Users/sunanda/Downloads/python-demo/venv/lib/python3.9/site-packages/airflow/example_dags/example_params_ui_tutorial.py for tasks to queue
[2023-03-24T14:25:39.845-0400] {logging_mixin.py:137} INFO - [2023-03-24T14:25:39.845-0400] {dagbag.py:532} INFO - Filling up the DagBag from /Users/sunanda/Downloads/python-demo/venv/lib/python3.9/site-packages/airflow/example_dags/example_params_ui_tutorial.py
[2023-03-24T14:25:39.886-0400] {processor.py:753} INFO - DAG(s) dict_keys(['example_params_ui_tutorial']) retrieved from /Users/sunanda/Downloads/python-demo/venv/lib/python3.9/site-packages/airflow/example_dags/example_params_ui_tutorial.py
[2023-03-24T14:25:40.194-0400] {logging_mixin.py:137} INFO - [2023-03-24T14:25:40.193-0400] {dag.py:2693} INFO - Sync 1 DAGs
[2023-03-24T14:25:40.201-0400] {logging_mixin.py:137} INFO - [2023-03-24T14:25:40.201-0400] {dag.py:3440} INFO - Setting next_dagrun for example_params_ui_tutorial to None, run_after=None
[2023-03-24T14:25:40.209-0400] {processor.py:175} INFO - Processing /Users/sunanda/Downloads/python-demo/venv/lib/python3.9/site-packages/airflow/example_dags/example_params_ui_tutorial.py took 0.367 seconds
[2023-03-24T14:27:16.304-0400] {processor.py:153} INFO - Started process (PID=22117) to work on /Users/sunanda/Downloads/python-demo/venv/lib/python3.9/site-packages/airflow/example_dags/example_params_ui_tutorial.py
[2023-03-24T14:27:16.307-0400] {processor.py:743} INFO - Processing file /Users/sunanda/Downloads/python-demo/venv/lib/python3.9/site-packages/airflow/example_dags/example_params_ui_tutorial.py for tasks to queue
[2023-03-24T14:27:16.307-0400] {logging_mixin.py:137} INFO - [2023-03-24T14:27:16.307-0400] {dagbag.py:532} INFO - Filling up the DagBag from /Users/sunanda/Downloads/python-demo/venv/lib/python3.9/site-packages/airflow/example_dags/example_params_ui_tutorial.py
[2023-03-24T14:27:16.343-0400] {processor.py:753} INFO - DAG(s) dict_keys(['example_params_ui_tutorial']) retrieved from /Users/sunanda/Downloads/python-demo/venv/lib/python3.9/site-packages/airflow/example_dags/example_params_ui_tutorial.py
[2023-03-24T14:27:16.615-0400] {logging_mixin.py:137} INFO - [2023-03-24T14:27:16.615-0400] {dag.py:2693} INFO - Sync 1 DAGs
[2023-03-24T14:27:16.621-0400] {logging_mixin.py:137} INFO - [2023-03-24T14:27:16.621-0400] {dag.py:3440} INFO - Setting next_dagrun for example_params_ui_tutorial to None, run_after=None
[2023-03-24T14:27:16.629-0400] {processor.py:175} INFO - Processing /Users/sunanda/Downloads/python-demo/venv/lib/python3.9/site-packages/airflow/example_dags/example_params_ui_tutorial.py took 0.325 seconds
[2023-03-24T14:28:50.886-0400] {processor.py:153} INFO - Started process (PID=22274) to work on /Users/sunanda/Downloads/python-demo/venv/lib/python3.9/site-packages/airflow/example_dags/example_params_ui_tutorial.py
[2023-03-24T14:28:50.889-0400] {processor.py:743} INFO - Processing file /Users/sunanda/Downloads/python-demo/venv/lib/python3.9/site-packages/airflow/example_dags/example_params_ui_tutorial.py for tasks to queue
[2023-03-24T14:28:50.889-0400] {logging_mixin.py:137} INFO - [2023-03-24T14:28:50.889-0400] {dagbag.py:532} INFO - Filling up the DagBag from /Users/sunanda/Downloads/python-demo/venv/lib/python3.9/site-packages/airflow/example_dags/example_params_ui_tutorial.py
[2023-03-24T14:28:50.926-0400] {processor.py:753} INFO - DAG(s) dict_keys(['example_params_ui_tutorial']) retrieved from /Users/sunanda/Downloads/python-demo/venv/lib/python3.9/site-packages/airflow/example_dags/example_params_ui_tutorial.py
[2023-03-24T14:28:51.203-0400] {logging_mixin.py:137} INFO - [2023-03-24T14:28:51.203-0400] {dag.py:2693} INFO - Sync 1 DAGs
[2023-03-24T14:28:51.209-0400] {logging_mixin.py:137} INFO - [2023-03-24T14:28:51.209-0400] {dag.py:3440} INFO - Setting next_dagrun for example_params_ui_tutorial to None, run_after=None
[2023-03-24T14:28:51.216-0400] {processor.py:175} INFO - Processing /Users/sunanda/Downloads/python-demo/venv/lib/python3.9/site-packages/airflow/example_dags/example_params_ui_tutorial.py took 0.330 seconds
[2023-03-24T14:30:27.805-0400] {processor.py:153} INFO - Started process (PID=22440) to work on /Users/sunanda/Downloads/python-demo/venv/lib/python3.9/site-packages/airflow/example_dags/example_params_ui_tutorial.py
[2023-03-24T14:30:27.808-0400] {processor.py:743} INFO - Processing file /Users/sunanda/Downloads/python-demo/venv/lib/python3.9/site-packages/airflow/example_dags/example_params_ui_tutorial.py for tasks to queue
[2023-03-24T14:30:27.808-0400] {logging_mixin.py:137} INFO - [2023-03-24T14:30:27.808-0400] {dagbag.py:532} INFO - Filling up the DagBag from /Users/sunanda/Downloads/python-demo/venv/lib/python3.9/site-packages/airflow/example_dags/example_params_ui_tutorial.py
[2023-03-24T14:30:27.845-0400] {processor.py:753} INFO - DAG(s) dict_keys(['example_params_ui_tutorial']) retrieved from /Users/sunanda/Downloads/python-demo/venv/lib/python3.9/site-packages/airflow/example_dags/example_params_ui_tutorial.py
[2023-03-24T14:30:28.124-0400] {logging_mixin.py:137} INFO - [2023-03-24T14:30:28.124-0400] {dag.py:2693} INFO - Sync 1 DAGs
[2023-03-24T14:30:28.130-0400] {logging_mixin.py:137} INFO - [2023-03-24T14:30:28.130-0400] {dag.py:3440} INFO - Setting next_dagrun for example_params_ui_tutorial to None, run_after=None
[2023-03-24T14:30:28.138-0400] {processor.py:175} INFO - Processing /Users/sunanda/Downloads/python-demo/venv/lib/python3.9/site-packages/airflow/example_dags/example_params_ui_tutorial.py took 0.333 seconds
[2023-03-24T14:32:09.257-0400] {processor.py:153} INFO - Started process (PID=22612) to work on /Users/sunanda/Downloads/python-demo/venv/lib/python3.9/site-packages/airflow/example_dags/example_params_ui_tutorial.py
[2023-03-24T14:32:09.260-0400] {processor.py:743} INFO - Processing file /Users/sunanda/Downloads/python-demo/venv/lib/python3.9/site-packages/airflow/example_dags/example_params_ui_tutorial.py for tasks to queue
[2023-03-24T14:32:09.261-0400] {logging_mixin.py:137} INFO - [2023-03-24T14:32:09.261-0400] {dagbag.py:532} INFO - Filling up the DagBag from /Users/sunanda/Downloads/python-demo/venv/lib/python3.9/site-packages/airflow/example_dags/example_params_ui_tutorial.py
[2023-03-24T14:32:09.298-0400] {processor.py:753} INFO - DAG(s) dict_keys(['example_params_ui_tutorial']) retrieved from /Users/sunanda/Downloads/python-demo/venv/lib/python3.9/site-packages/airflow/example_dags/example_params_ui_tutorial.py
[2023-03-24T14:32:09.578-0400] {logging_mixin.py:137} INFO - [2023-03-24T14:32:09.578-0400] {dag.py:2693} INFO - Sync 1 DAGs
[2023-03-24T14:32:09.585-0400] {logging_mixin.py:137} INFO - [2023-03-24T14:32:09.585-0400] {dag.py:3440} INFO - Setting next_dagrun for example_params_ui_tutorial to None, run_after=None
[2023-03-24T14:32:09.592-0400] {processor.py:175} INFO - Processing /Users/sunanda/Downloads/python-demo/venv/lib/python3.9/site-packages/airflow/example_dags/example_params_ui_tutorial.py took 0.335 seconds
[2023-03-24T14:33:49.034-0400] {processor.py:153} INFO - Started process (PID=22901) to work on /Users/sunanda/Downloads/python-demo/venv/lib/python3.9/site-packages/airflow/example_dags/example_params_ui_tutorial.py
[2023-03-24T14:33:49.037-0400] {processor.py:743} INFO - Processing file /Users/sunanda/Downloads/python-demo/venv/lib/python3.9/site-packages/airflow/example_dags/example_params_ui_tutorial.py for tasks to queue
[2023-03-24T14:33:49.038-0400] {logging_mixin.py:137} INFO - [2023-03-24T14:33:49.038-0400] {dagbag.py:532} INFO - Filling up the DagBag from /Users/sunanda/Downloads/python-demo/venv/lib/python3.9/site-packages/airflow/example_dags/example_params_ui_tutorial.py
[2023-03-24T14:33:49.077-0400] {processor.py:753} INFO - DAG(s) dict_keys(['example_params_ui_tutorial']) retrieved from /Users/sunanda/Downloads/python-demo/venv/lib/python3.9/site-packages/airflow/example_dags/example_params_ui_tutorial.py
[2023-03-24T14:33:49.380-0400] {logging_mixin.py:137} INFO - [2023-03-24T14:33:49.380-0400] {dag.py:2693} INFO - Sync 1 DAGs
[2023-03-24T14:33:49.387-0400] {logging_mixin.py:137} INFO - [2023-03-24T14:33:49.387-0400] {dag.py:3440} INFO - Setting next_dagrun for example_params_ui_tutorial to None, run_after=None
[2023-03-24T14:33:49.394-0400] {processor.py:175} INFO - Processing /Users/sunanda/Downloads/python-demo/venv/lib/python3.9/site-packages/airflow/example_dags/example_params_ui_tutorial.py took 0.361 seconds
[2023-03-24T14:35:24.180-0400] {processor.py:153} INFO - Started process (PID=23118) to work on /Users/sunanda/Downloads/python-demo/venv/lib/python3.9/site-packages/airflow/example_dags/example_params_ui_tutorial.py
[2023-03-24T14:35:24.183-0400] {processor.py:743} INFO - Processing file /Users/sunanda/Downloads/python-demo/venv/lib/python3.9/site-packages/airflow/example_dags/example_params_ui_tutorial.py for tasks to queue
[2023-03-24T14:35:24.183-0400] {logging_mixin.py:137} INFO - [2023-03-24T14:35:24.183-0400] {dagbag.py:532} INFO - Filling up the DagBag from /Users/sunanda/Downloads/python-demo/venv/lib/python3.9/site-packages/airflow/example_dags/example_params_ui_tutorial.py
[2023-03-24T14:35:24.220-0400] {processor.py:753} INFO - DAG(s) dict_keys(['example_params_ui_tutorial']) retrieved from /Users/sunanda/Downloads/python-demo/venv/lib/python3.9/site-packages/airflow/example_dags/example_params_ui_tutorial.py
[2023-03-24T14:35:24.501-0400] {logging_mixin.py:137} INFO - [2023-03-24T14:35:24.501-0400] {dag.py:2693} INFO - Sync 1 DAGs
[2023-03-24T14:35:24.508-0400] {logging_mixin.py:137} INFO - [2023-03-24T14:35:24.508-0400] {dag.py:3440} INFO - Setting next_dagrun for example_params_ui_tutorial to None, run_after=None
[2023-03-24T14:35:24.515-0400] {processor.py:175} INFO - Processing /Users/sunanda/Downloads/python-demo/venv/lib/python3.9/site-packages/airflow/example_dags/example_params_ui_tutorial.py took 0.336 seconds
[2023-03-24T14:36:55.537-0400] {processor.py:153} INFO - Started process (PID=23283) to work on /Users/sunanda/Downloads/python-demo/venv/lib/python3.9/site-packages/airflow/example_dags/example_params_ui_tutorial.py
[2023-03-24T14:36:55.539-0400] {processor.py:743} INFO - Processing file /Users/sunanda/Downloads/python-demo/venv/lib/python3.9/site-packages/airflow/example_dags/example_params_ui_tutorial.py for tasks to queue
[2023-03-24T14:36:55.540-0400] {logging_mixin.py:137} INFO - [2023-03-24T14:36:55.540-0400] {dagbag.py:532} INFO - Filling up the DagBag from /Users/sunanda/Downloads/python-demo/venv/lib/python3.9/site-packages/airflow/example_dags/example_params_ui_tutorial.py
[2023-03-24T14:36:55.581-0400] {processor.py:753} INFO - DAG(s) dict_keys(['example_params_ui_tutorial']) retrieved from /Users/sunanda/Downloads/python-demo/venv/lib/python3.9/site-packages/airflow/example_dags/example_params_ui_tutorial.py
[2023-03-24T14:36:55.869-0400] {logging_mixin.py:137} INFO - [2023-03-24T14:36:55.869-0400] {dag.py:2693} INFO - Sync 1 DAGs
[2023-03-24T14:36:55.876-0400] {logging_mixin.py:137} INFO - [2023-03-24T14:36:55.876-0400] {dag.py:3440} INFO - Setting next_dagrun for example_params_ui_tutorial to None, run_after=None
[2023-03-24T14:36:55.883-0400] {processor.py:175} INFO - Processing /Users/sunanda/Downloads/python-demo/venv/lib/python3.9/site-packages/airflow/example_dags/example_params_ui_tutorial.py took 0.347 seconds
[2023-03-24T14:38:36.814-0400] {processor.py:153} INFO - Started process (PID=23462) to work on /Users/sunanda/Downloads/python-demo/venv/lib/python3.9/site-packages/airflow/example_dags/example_params_ui_tutorial.py
[2023-03-24T14:38:36.816-0400] {processor.py:743} INFO - Processing file /Users/sunanda/Downloads/python-demo/venv/lib/python3.9/site-packages/airflow/example_dags/example_params_ui_tutorial.py for tasks to queue
[2023-03-24T14:38:36.816-0400] {logging_mixin.py:137} INFO - [2023-03-24T14:38:36.816-0400] {dagbag.py:532} INFO - Filling up the DagBag from /Users/sunanda/Downloads/python-demo/venv/lib/python3.9/site-packages/airflow/example_dags/example_params_ui_tutorial.py
[2023-03-24T14:38:36.857-0400] {processor.py:753} INFO - DAG(s) dict_keys(['example_params_ui_tutorial']) retrieved from /Users/sunanda/Downloads/python-demo/venv/lib/python3.9/site-packages/airflow/example_dags/example_params_ui_tutorial.py
[2023-03-24T14:38:37.165-0400] {logging_mixin.py:137} INFO - [2023-03-24T14:38:37.165-0400] {dag.py:2693} INFO - Sync 1 DAGs
[2023-03-24T14:38:37.172-0400] {logging_mixin.py:137} INFO - [2023-03-24T14:38:37.172-0400] {dag.py:3440} INFO - Setting next_dagrun for example_params_ui_tutorial to None, run_after=None
[2023-03-24T14:38:37.180-0400] {processor.py:175} INFO - Processing /Users/sunanda/Downloads/python-demo/venv/lib/python3.9/site-packages/airflow/example_dags/example_params_ui_tutorial.py took 0.366 seconds
[2023-03-24T14:40:21.940-0400] {processor.py:153} INFO - Started process (PID=23632) to work on /Users/sunanda/Downloads/python-demo/venv/lib/python3.9/site-packages/airflow/example_dags/example_params_ui_tutorial.py
[2023-03-24T14:40:21.943-0400] {processor.py:743} INFO - Processing file /Users/sunanda/Downloads/python-demo/venv/lib/python3.9/site-packages/airflow/example_dags/example_params_ui_tutorial.py for tasks to queue
[2023-03-24T14:40:21.943-0400] {logging_mixin.py:137} INFO - [2023-03-24T14:40:21.943-0400] {dagbag.py:532} INFO - Filling up the DagBag from /Users/sunanda/Downloads/python-demo/venv/lib/python3.9/site-packages/airflow/example_dags/example_params_ui_tutorial.py
[2023-03-24T14:40:21.982-0400] {processor.py:753} INFO - DAG(s) dict_keys(['example_params_ui_tutorial']) retrieved from /Users/sunanda/Downloads/python-demo/venv/lib/python3.9/site-packages/airflow/example_dags/example_params_ui_tutorial.py
[2023-03-24T14:40:22.279-0400] {logging_mixin.py:137} INFO - [2023-03-24T14:40:22.279-0400] {dag.py:2693} INFO - Sync 1 DAGs
[2023-03-24T14:40:22.285-0400] {logging_mixin.py:137} INFO - [2023-03-24T14:40:22.285-0400] {dag.py:3440} INFO - Setting next_dagrun for example_params_ui_tutorial to None, run_after=None
[2023-03-24T14:40:22.294-0400] {processor.py:175} INFO - Processing /Users/sunanda/Downloads/python-demo/venv/lib/python3.9/site-packages/airflow/example_dags/example_params_ui_tutorial.py took 0.354 seconds
[2023-03-24T14:41:56.240-0400] {processor.py:153} INFO - Started process (PID=23800) to work on /Users/sunanda/Downloads/python-demo/venv/lib/python3.9/site-packages/airflow/example_dags/example_params_ui_tutorial.py
[2023-03-24T14:41:56.242-0400] {processor.py:743} INFO - Processing file /Users/sunanda/Downloads/python-demo/venv/lib/python3.9/site-packages/airflow/example_dags/example_params_ui_tutorial.py for tasks to queue
[2023-03-24T14:41:56.242-0400] {logging_mixin.py:137} INFO - [2023-03-24T14:41:56.242-0400] {dagbag.py:532} INFO - Filling up the DagBag from /Users/sunanda/Downloads/python-demo/venv/lib/python3.9/site-packages/airflow/example_dags/example_params_ui_tutorial.py
[2023-03-24T14:41:56.285-0400] {processor.py:753} INFO - DAG(s) dict_keys(['example_params_ui_tutorial']) retrieved from /Users/sunanda/Downloads/python-demo/venv/lib/python3.9/site-packages/airflow/example_dags/example_params_ui_tutorial.py
[2023-03-24T14:41:56.596-0400] {logging_mixin.py:137} INFO - [2023-03-24T14:41:56.596-0400] {dag.py:2693} INFO - Sync 1 DAGs
[2023-03-24T14:41:56.603-0400] {logging_mixin.py:137} INFO - [2023-03-24T14:41:56.603-0400] {dag.py:3440} INFO - Setting next_dagrun for example_params_ui_tutorial to None, run_after=None
[2023-03-24T14:41:56.611-0400] {processor.py:175} INFO - Processing /Users/sunanda/Downloads/python-demo/venv/lib/python3.9/site-packages/airflow/example_dags/example_params_ui_tutorial.py took 0.372 seconds
[2023-03-24T14:43:31.816-0400] {processor.py:153} INFO - Started process (PID=24019) to work on /Users/sunanda/Downloads/python-demo/venv/lib/python3.9/site-packages/airflow/example_dags/example_params_ui_tutorial.py
[2023-03-24T14:43:31.819-0400] {processor.py:743} INFO - Processing file /Users/sunanda/Downloads/python-demo/venv/lib/python3.9/site-packages/airflow/example_dags/example_params_ui_tutorial.py for tasks to queue
[2023-03-24T14:43:31.819-0400] {logging_mixin.py:137} INFO - [2023-03-24T14:43:31.819-0400] {dagbag.py:532} INFO - Filling up the DagBag from /Users/sunanda/Downloads/python-demo/venv/lib/python3.9/site-packages/airflow/example_dags/example_params_ui_tutorial.py
[2023-03-24T14:43:31.857-0400] {processor.py:753} INFO - DAG(s) dict_keys(['example_params_ui_tutorial']) retrieved from /Users/sunanda/Downloads/python-demo/venv/lib/python3.9/site-packages/airflow/example_dags/example_params_ui_tutorial.py
[2023-03-24T14:43:32.135-0400] {logging_mixin.py:137} INFO - [2023-03-24T14:43:32.135-0400] {dag.py:2693} INFO - Sync 1 DAGs
[2023-03-24T14:43:32.141-0400] {logging_mixin.py:137} INFO - [2023-03-24T14:43:32.141-0400] {dag.py:3440} INFO - Setting next_dagrun for example_params_ui_tutorial to None, run_after=None
[2023-03-24T14:43:32.148-0400] {processor.py:175} INFO - Processing /Users/sunanda/Downloads/python-demo/venv/lib/python3.9/site-packages/airflow/example_dags/example_params_ui_tutorial.py took 0.333 seconds
[2023-03-24T14:45:01.565-0400] {processor.py:153} INFO - Started process (PID=24164) to work on /Users/sunanda/Downloads/python-demo/venv/lib/python3.9/site-packages/airflow/example_dags/example_params_ui_tutorial.py
[2023-03-24T14:45:01.567-0400] {processor.py:743} INFO - Processing file /Users/sunanda/Downloads/python-demo/venv/lib/python3.9/site-packages/airflow/example_dags/example_params_ui_tutorial.py for tasks to queue
[2023-03-24T14:45:01.567-0400] {logging_mixin.py:137} INFO - [2023-03-24T14:45:01.567-0400] {dagbag.py:532} INFO - Filling up the DagBag from /Users/sunanda/Downloads/python-demo/venv/lib/python3.9/site-packages/airflow/example_dags/example_params_ui_tutorial.py
[2023-03-24T14:45:01.604-0400] {processor.py:753} INFO - DAG(s) dict_keys(['example_params_ui_tutorial']) retrieved from /Users/sunanda/Downloads/python-demo/venv/lib/python3.9/site-packages/airflow/example_dags/example_params_ui_tutorial.py
[2023-03-24T14:45:01.891-0400] {logging_mixin.py:137} INFO - [2023-03-24T14:45:01.891-0400] {dag.py:2693} INFO - Sync 1 DAGs
[2023-03-24T14:45:01.897-0400] {logging_mixin.py:137} INFO - [2023-03-24T14:45:01.897-0400] {dag.py:3440} INFO - Setting next_dagrun for example_params_ui_tutorial to None, run_after=None
[2023-03-24T14:45:01.904-0400] {processor.py:175} INFO - Processing /Users/sunanda/Downloads/python-demo/venv/lib/python3.9/site-packages/airflow/example_dags/example_params_ui_tutorial.py took 0.340 seconds
[2023-03-24T14:46:37.723-0400] {processor.py:153} INFO - Started process (PID=24319) to work on /Users/sunanda/Downloads/python-demo/venv/lib/python3.9/site-packages/airflow/example_dags/example_params_ui_tutorial.py
[2023-03-24T14:46:37.727-0400] {processor.py:743} INFO - Processing file /Users/sunanda/Downloads/python-demo/venv/lib/python3.9/site-packages/airflow/example_dags/example_params_ui_tutorial.py for tasks to queue
[2023-03-24T14:46:37.727-0400] {logging_mixin.py:137} INFO - [2023-03-24T14:46:37.727-0400] {dagbag.py:532} INFO - Filling up the DagBag from /Users/sunanda/Downloads/python-demo/venv/lib/python3.9/site-packages/airflow/example_dags/example_params_ui_tutorial.py
[2023-03-24T14:46:37.767-0400] {processor.py:753} INFO - DAG(s) dict_keys(['example_params_ui_tutorial']) retrieved from /Users/sunanda/Downloads/python-demo/venv/lib/python3.9/site-packages/airflow/example_dags/example_params_ui_tutorial.py
[2023-03-24T14:46:38.074-0400] {logging_mixin.py:137} INFO - [2023-03-24T14:46:38.074-0400] {dag.py:2693} INFO - Sync 1 DAGs
[2023-03-24T14:46:38.081-0400] {logging_mixin.py:137} INFO - [2023-03-24T14:46:38.081-0400] {dag.py:3440} INFO - Setting next_dagrun for example_params_ui_tutorial to None, run_after=None
[2023-03-24T14:46:38.088-0400] {processor.py:175} INFO - Processing /Users/sunanda/Downloads/python-demo/venv/lib/python3.9/site-packages/airflow/example_dags/example_params_ui_tutorial.py took 0.365 seconds
[2023-03-24T14:48:15.084-0400] {processor.py:153} INFO - Started process (PID=24489) to work on /Users/sunanda/Downloads/python-demo/venv/lib/python3.9/site-packages/airflow/example_dags/example_params_ui_tutorial.py
[2023-03-24T14:48:15.088-0400] {processor.py:743} INFO - Processing file /Users/sunanda/Downloads/python-demo/venv/lib/python3.9/site-packages/airflow/example_dags/example_params_ui_tutorial.py for tasks to queue
[2023-03-24T14:48:15.088-0400] {logging_mixin.py:137} INFO - [2023-03-24T14:48:15.088-0400] {dagbag.py:532} INFO - Filling up the DagBag from /Users/sunanda/Downloads/python-demo/venv/lib/python3.9/site-packages/airflow/example_dags/example_params_ui_tutorial.py
[2023-03-24T14:48:15.125-0400] {processor.py:753} INFO - DAG(s) dict_keys(['example_params_ui_tutorial']) retrieved from /Users/sunanda/Downloads/python-demo/venv/lib/python3.9/site-packages/airflow/example_dags/example_params_ui_tutorial.py
[2023-03-24T14:48:15.426-0400] {logging_mixin.py:137} INFO - [2023-03-24T14:48:15.426-0400] {dag.py:2693} INFO - Sync 1 DAGs
[2023-03-24T14:48:15.433-0400] {logging_mixin.py:137} INFO - [2023-03-24T14:48:15.433-0400] {dag.py:3440} INFO - Setting next_dagrun for example_params_ui_tutorial to None, run_after=None
[2023-03-24T14:48:15.440-0400] {processor.py:175} INFO - Processing /Users/sunanda/Downloads/python-demo/venv/lib/python3.9/site-packages/airflow/example_dags/example_params_ui_tutorial.py took 0.356 seconds
[2023-03-24T14:49:50.518-0400] {processor.py:153} INFO - Started process (PID=24650) to work on /Users/sunanda/Downloads/python-demo/venv/lib/python3.9/site-packages/airflow/example_dags/example_params_ui_tutorial.py
[2023-03-24T14:49:50.521-0400] {processor.py:743} INFO - Processing file /Users/sunanda/Downloads/python-demo/venv/lib/python3.9/site-packages/airflow/example_dags/example_params_ui_tutorial.py for tasks to queue
[2023-03-24T14:49:50.521-0400] {logging_mixin.py:137} INFO - [2023-03-24T14:49:50.521-0400] {dagbag.py:532} INFO - Filling up the DagBag from /Users/sunanda/Downloads/python-demo/venv/lib/python3.9/site-packages/airflow/example_dags/example_params_ui_tutorial.py
[2023-03-24T14:49:50.558-0400] {processor.py:753} INFO - DAG(s) dict_keys(['example_params_ui_tutorial']) retrieved from /Users/sunanda/Downloads/python-demo/venv/lib/python3.9/site-packages/airflow/example_dags/example_params_ui_tutorial.py
[2023-03-24T14:49:50.839-0400] {logging_mixin.py:137} INFO - [2023-03-24T14:49:50.839-0400] {dag.py:2693} INFO - Sync 1 DAGs
[2023-03-24T14:49:50.845-0400] {logging_mixin.py:137} INFO - [2023-03-24T14:49:50.845-0400] {dag.py:3440} INFO - Setting next_dagrun for example_params_ui_tutorial to None, run_after=None
[2023-03-24T14:49:50.852-0400] {processor.py:175} INFO - Processing /Users/sunanda/Downloads/python-demo/venv/lib/python3.9/site-packages/airflow/example_dags/example_params_ui_tutorial.py took 0.334 seconds
[2023-03-24T14:51:22.299-0400] {processor.py:153} INFO - Started process (PID=24794) to work on /Users/sunanda/Downloads/python-demo/venv/lib/python3.9/site-packages/airflow/example_dags/example_params_ui_tutorial.py
[2023-03-24T14:51:22.301-0400] {processor.py:743} INFO - Processing file /Users/sunanda/Downloads/python-demo/venv/lib/python3.9/site-packages/airflow/example_dags/example_params_ui_tutorial.py for tasks to queue
[2023-03-24T14:51:22.302-0400] {logging_mixin.py:137} INFO - [2023-03-24T14:51:22.302-0400] {dagbag.py:532} INFO - Filling up the DagBag from /Users/sunanda/Downloads/python-demo/venv/lib/python3.9/site-packages/airflow/example_dags/example_params_ui_tutorial.py
[2023-03-24T14:51:22.338-0400] {processor.py:753} INFO - DAG(s) dict_keys(['example_params_ui_tutorial']) retrieved from /Users/sunanda/Downloads/python-demo/venv/lib/python3.9/site-packages/airflow/example_dags/example_params_ui_tutorial.py
[2023-03-24T14:51:22.617-0400] {logging_mixin.py:137} INFO - [2023-03-24T14:51:22.617-0400] {dag.py:2693} INFO - Sync 1 DAGs
[2023-03-24T14:51:22.623-0400] {logging_mixin.py:137} INFO - [2023-03-24T14:51:22.623-0400] {dag.py:3440} INFO - Setting next_dagrun for example_params_ui_tutorial to None, run_after=None
[2023-03-24T14:51:22.631-0400] {processor.py:175} INFO - Processing /Users/sunanda/Downloads/python-demo/venv/lib/python3.9/site-packages/airflow/example_dags/example_params_ui_tutorial.py took 0.332 seconds
[2023-03-24T14:52:57.015-0400] {processor.py:153} INFO - Started process (PID=24947) to work on /Users/sunanda/Downloads/python-demo/venv/lib/python3.9/site-packages/airflow/example_dags/example_params_ui_tutorial.py
[2023-03-24T14:52:57.017-0400] {processor.py:743} INFO - Processing file /Users/sunanda/Downloads/python-demo/venv/lib/python3.9/site-packages/airflow/example_dags/example_params_ui_tutorial.py for tasks to queue
[2023-03-24T14:52:57.017-0400] {logging_mixin.py:137} INFO - [2023-03-24T14:52:57.017-0400] {dagbag.py:532} INFO - Filling up the DagBag from /Users/sunanda/Downloads/python-demo/venv/lib/python3.9/site-packages/airflow/example_dags/example_params_ui_tutorial.py
[2023-03-24T14:52:57.053-0400] {processor.py:753} INFO - DAG(s) dict_keys(['example_params_ui_tutorial']) retrieved from /Users/sunanda/Downloads/python-demo/venv/lib/python3.9/site-packages/airflow/example_dags/example_params_ui_tutorial.py
[2023-03-24T14:52:57.330-0400] {logging_mixin.py:137} INFO - [2023-03-24T14:52:57.330-0400] {dag.py:2693} INFO - Sync 1 DAGs
[2023-03-24T14:52:57.336-0400] {logging_mixin.py:137} INFO - [2023-03-24T14:52:57.336-0400] {dag.py:3440} INFO - Setting next_dagrun for example_params_ui_tutorial to None, run_after=None
[2023-03-24T14:52:57.344-0400] {processor.py:175} INFO - Processing /Users/sunanda/Downloads/python-demo/venv/lib/python3.9/site-packages/airflow/example_dags/example_params_ui_tutorial.py took 0.329 seconds
[2023-03-24T14:54:24.248-0400] {processor.py:153} INFO - Started process (PID=25086) to work on /Users/sunanda/Downloads/python-demo/venv/lib/python3.9/site-packages/airflow/example_dags/example_params_ui_tutorial.py
[2023-03-24T14:54:24.251-0400] {processor.py:743} INFO - Processing file /Users/sunanda/Downloads/python-demo/venv/lib/python3.9/site-packages/airflow/example_dags/example_params_ui_tutorial.py for tasks to queue
[2023-03-24T14:54:24.251-0400] {logging_mixin.py:137} INFO - [2023-03-24T14:54:24.251-0400] {dagbag.py:532} INFO - Filling up the DagBag from /Users/sunanda/Downloads/python-demo/venv/lib/python3.9/site-packages/airflow/example_dags/example_params_ui_tutorial.py
[2023-03-24T14:54:24.287-0400] {processor.py:753} INFO - DAG(s) dict_keys(['example_params_ui_tutorial']) retrieved from /Users/sunanda/Downloads/python-demo/venv/lib/python3.9/site-packages/airflow/example_dags/example_params_ui_tutorial.py
[2023-03-24T14:54:24.566-0400] {logging_mixin.py:137} INFO - [2023-03-24T14:54:24.565-0400] {dag.py:2693} INFO - Sync 1 DAGs
[2023-03-24T14:54:24.572-0400] {logging_mixin.py:137} INFO - [2023-03-24T14:54:24.572-0400] {dag.py:3440} INFO - Setting next_dagrun for example_params_ui_tutorial to None, run_after=None
[2023-03-24T14:54:24.581-0400] {processor.py:175} INFO - Processing /Users/sunanda/Downloads/python-demo/venv/lib/python3.9/site-packages/airflow/example_dags/example_params_ui_tutorial.py took 0.333 seconds
[2023-03-24T14:55:57.594-0400] {processor.py:153} INFO - Started process (PID=25240) to work on /Users/sunanda/Downloads/python-demo/venv/lib/python3.9/site-packages/airflow/example_dags/example_params_ui_tutorial.py
[2023-03-24T14:55:57.596-0400] {processor.py:743} INFO - Processing file /Users/sunanda/Downloads/python-demo/venv/lib/python3.9/site-packages/airflow/example_dags/example_params_ui_tutorial.py for tasks to queue
[2023-03-24T14:55:57.596-0400] {logging_mixin.py:137} INFO - [2023-03-24T14:55:57.596-0400] {dagbag.py:532} INFO - Filling up the DagBag from /Users/sunanda/Downloads/python-demo/venv/lib/python3.9/site-packages/airflow/example_dags/example_params_ui_tutorial.py
[2023-03-24T14:55:57.635-0400] {processor.py:753} INFO - DAG(s) dict_keys(['example_params_ui_tutorial']) retrieved from /Users/sunanda/Downloads/python-demo/venv/lib/python3.9/site-packages/airflow/example_dags/example_params_ui_tutorial.py
[2023-03-24T14:55:57.915-0400] {logging_mixin.py:137} INFO - [2023-03-24T14:55:57.915-0400] {dag.py:2693} INFO - Sync 1 DAGs
[2023-03-24T14:55:57.921-0400] {logging_mixin.py:137} INFO - [2023-03-24T14:55:57.921-0400] {dag.py:3440} INFO - Setting next_dagrun for example_params_ui_tutorial to None, run_after=None
[2023-03-24T14:55:57.928-0400] {processor.py:175} INFO - Processing /Users/sunanda/Downloads/python-demo/venv/lib/python3.9/site-packages/airflow/example_dags/example_params_ui_tutorial.py took 0.335 seconds
[2023-03-24T15:07:19.122-0400] {processor.py:153} INFO - Started process (PID=25412) to work on /Users/sunanda/Downloads/python-demo/venv/lib/python3.9/site-packages/airflow/example_dags/example_params_ui_tutorial.py
[2023-03-24T15:07:19.125-0400] {processor.py:743} INFO - Processing file /Users/sunanda/Downloads/python-demo/venv/lib/python3.9/site-packages/airflow/example_dags/example_params_ui_tutorial.py for tasks to queue
[2023-03-24T15:07:19.125-0400] {logging_mixin.py:137} INFO - [2023-03-24T15:07:19.125-0400] {dagbag.py:532} INFO - Filling up the DagBag from /Users/sunanda/Downloads/python-demo/venv/lib/python3.9/site-packages/airflow/example_dags/example_params_ui_tutorial.py
[2023-03-24T15:07:19.162-0400] {processor.py:753} INFO - DAG(s) dict_keys(['example_params_ui_tutorial']) retrieved from /Users/sunanda/Downloads/python-demo/venv/lib/python3.9/site-packages/airflow/example_dags/example_params_ui_tutorial.py
[2023-03-24T15:07:19.437-0400] {logging_mixin.py:137} INFO - [2023-03-24T15:07:19.437-0400] {dag.py:2693} INFO - Sync 1 DAGs
[2023-03-24T15:07:19.443-0400] {logging_mixin.py:137} INFO - [2023-03-24T15:07:19.443-0400] {dag.py:3440} INFO - Setting next_dagrun for example_params_ui_tutorial to None, run_after=None
[2023-03-24T15:07:19.450-0400] {processor.py:175} INFO - Processing /Users/sunanda/Downloads/python-demo/venv/lib/python3.9/site-packages/airflow/example_dags/example_params_ui_tutorial.py took 0.329 seconds
[2023-03-24T15:14:46.994-0400] {processor.py:153} INFO - Started process (PID=25575) to work on /Users/sunanda/Downloads/python-demo/venv/lib/python3.9/site-packages/airflow/example_dags/example_params_ui_tutorial.py
[2023-03-24T15:14:46.997-0400] {processor.py:743} INFO - Processing file /Users/sunanda/Downloads/python-demo/venv/lib/python3.9/site-packages/airflow/example_dags/example_params_ui_tutorial.py for tasks to queue
[2023-03-24T15:14:46.997-0400] {logging_mixin.py:137} INFO - [2023-03-24T15:14:46.997-0400] {dagbag.py:532} INFO - Filling up the DagBag from /Users/sunanda/Downloads/python-demo/venv/lib/python3.9/site-packages/airflow/example_dags/example_params_ui_tutorial.py
[2023-03-24T15:14:47.034-0400] {processor.py:753} INFO - DAG(s) dict_keys(['example_params_ui_tutorial']) retrieved from /Users/sunanda/Downloads/python-demo/venv/lib/python3.9/site-packages/airflow/example_dags/example_params_ui_tutorial.py
[2023-03-24T15:14:47.317-0400] {logging_mixin.py:137} INFO - [2023-03-24T15:14:47.316-0400] {dag.py:2693} INFO - Sync 1 DAGs
[2023-03-24T15:14:47.324-0400] {logging_mixin.py:137} INFO - [2023-03-24T15:14:47.324-0400] {dag.py:3440} INFO - Setting next_dagrun for example_params_ui_tutorial to None, run_after=None
[2023-03-24T15:14:47.333-0400] {processor.py:175} INFO - Processing /Users/sunanda/Downloads/python-demo/venv/lib/python3.9/site-packages/airflow/example_dags/example_params_ui_tutorial.py took 0.339 seconds
[2023-03-24T15:16:23.200-0400] {processor.py:153} INFO - Started process (PID=25729) to work on /Users/sunanda/Downloads/python-demo/venv/lib/python3.9/site-packages/airflow/example_dags/example_params_ui_tutorial.py
[2023-03-24T15:16:23.203-0400] {processor.py:743} INFO - Processing file /Users/sunanda/Downloads/python-demo/venv/lib/python3.9/site-packages/airflow/example_dags/example_params_ui_tutorial.py for tasks to queue
[2023-03-24T15:16:23.203-0400] {logging_mixin.py:137} INFO - [2023-03-24T15:16:23.203-0400] {dagbag.py:532} INFO - Filling up the DagBag from /Users/sunanda/Downloads/python-demo/venv/lib/python3.9/site-packages/airflow/example_dags/example_params_ui_tutorial.py
[2023-03-24T15:16:23.240-0400] {processor.py:753} INFO - DAG(s) dict_keys(['example_params_ui_tutorial']) retrieved from /Users/sunanda/Downloads/python-demo/venv/lib/python3.9/site-packages/airflow/example_dags/example_params_ui_tutorial.py
[2023-03-24T15:16:23.515-0400] {logging_mixin.py:137} INFO - [2023-03-24T15:16:23.515-0400] {dag.py:2693} INFO - Sync 1 DAGs
[2023-03-24T15:16:23.522-0400] {logging_mixin.py:137} INFO - [2023-03-24T15:16:23.522-0400] {dag.py:3440} INFO - Setting next_dagrun for example_params_ui_tutorial to None, run_after=None
[2023-03-24T15:16:23.529-0400] {processor.py:175} INFO - Processing /Users/sunanda/Downloads/python-demo/venv/lib/python3.9/site-packages/airflow/example_dags/example_params_ui_tutorial.py took 0.329 seconds
[2023-03-24T15:17:55.510-0400] {processor.py:153} INFO - Started process (PID=25890) to work on /Users/sunanda/Downloads/python-demo/venv/lib/python3.9/site-packages/airflow/example_dags/example_params_ui_tutorial.py
[2023-03-24T15:17:55.513-0400] {processor.py:743} INFO - Processing file /Users/sunanda/Downloads/python-demo/venv/lib/python3.9/site-packages/airflow/example_dags/example_params_ui_tutorial.py for tasks to queue
[2023-03-24T15:17:55.513-0400] {logging_mixin.py:137} INFO - [2023-03-24T15:17:55.513-0400] {dagbag.py:532} INFO - Filling up the DagBag from /Users/sunanda/Downloads/python-demo/venv/lib/python3.9/site-packages/airflow/example_dags/example_params_ui_tutorial.py
[2023-03-24T15:17:55.550-0400] {processor.py:753} INFO - DAG(s) dict_keys(['example_params_ui_tutorial']) retrieved from /Users/sunanda/Downloads/python-demo/venv/lib/python3.9/site-packages/airflow/example_dags/example_params_ui_tutorial.py
[2023-03-24T15:17:55.831-0400] {logging_mixin.py:137} INFO - [2023-03-24T15:17:55.831-0400] {dag.py:2693} INFO - Sync 1 DAGs
[2023-03-24T15:17:55.837-0400] {logging_mixin.py:137} INFO - [2023-03-24T15:17:55.837-0400] {dag.py:3440} INFO - Setting next_dagrun for example_params_ui_tutorial to None, run_after=None
[2023-03-24T15:17:55.844-0400] {processor.py:175} INFO - Processing /Users/sunanda/Downloads/python-demo/venv/lib/python3.9/site-packages/airflow/example_dags/example_params_ui_tutorial.py took 0.334 seconds
[2023-03-24T15:19:28.979-0400] {processor.py:153} INFO - Started process (PID=26047) to work on /Users/sunanda/Downloads/python-demo/venv/lib/python3.9/site-packages/airflow/example_dags/example_params_ui_tutorial.py
[2023-03-24T15:19:28.982-0400] {processor.py:743} INFO - Processing file /Users/sunanda/Downloads/python-demo/venv/lib/python3.9/site-packages/airflow/example_dags/example_params_ui_tutorial.py for tasks to queue
[2023-03-24T15:19:28.982-0400] {logging_mixin.py:137} INFO - [2023-03-24T15:19:28.982-0400] {dagbag.py:532} INFO - Filling up the DagBag from /Users/sunanda/Downloads/python-demo/venv/lib/python3.9/site-packages/airflow/example_dags/example_params_ui_tutorial.py
[2023-03-24T15:19:29.018-0400] {processor.py:753} INFO - DAG(s) dict_keys(['example_params_ui_tutorial']) retrieved from /Users/sunanda/Downloads/python-demo/venv/lib/python3.9/site-packages/airflow/example_dags/example_params_ui_tutorial.py
[2023-03-24T15:19:29.297-0400] {logging_mixin.py:137} INFO - [2023-03-24T15:19:29.297-0400] {dag.py:2693} INFO - Sync 1 DAGs
[2023-03-24T15:19:29.304-0400] {logging_mixin.py:137} INFO - [2023-03-24T15:19:29.304-0400] {dag.py:3440} INFO - Setting next_dagrun for example_params_ui_tutorial to None, run_after=None
[2023-03-24T15:19:29.311-0400] {processor.py:175} INFO - Processing /Users/sunanda/Downloads/python-demo/venv/lib/python3.9/site-packages/airflow/example_dags/example_params_ui_tutorial.py took 0.332 seconds
[2023-03-24T15:21:04.639-0400] {processor.py:153} INFO - Started process (PID=26211) to work on /Users/sunanda/Downloads/python-demo/venv/lib/python3.9/site-packages/airflow/example_dags/example_params_ui_tutorial.py
[2023-03-24T15:21:04.642-0400] {processor.py:743} INFO - Processing file /Users/sunanda/Downloads/python-demo/venv/lib/python3.9/site-packages/airflow/example_dags/example_params_ui_tutorial.py for tasks to queue
[2023-03-24T15:21:04.642-0400] {logging_mixin.py:137} INFO - [2023-03-24T15:21:04.642-0400] {dagbag.py:532} INFO - Filling up the DagBag from /Users/sunanda/Downloads/python-demo/venv/lib/python3.9/site-packages/airflow/example_dags/example_params_ui_tutorial.py
[2023-03-24T15:21:04.679-0400] {processor.py:753} INFO - DAG(s) dict_keys(['example_params_ui_tutorial']) retrieved from /Users/sunanda/Downloads/python-demo/venv/lib/python3.9/site-packages/airflow/example_dags/example_params_ui_tutorial.py
[2023-03-24T15:21:04.958-0400] {logging_mixin.py:137} INFO - [2023-03-24T15:21:04.957-0400] {dag.py:2693} INFO - Sync 1 DAGs
[2023-03-24T15:21:04.964-0400] {logging_mixin.py:137} INFO - [2023-03-24T15:21:04.964-0400] {dag.py:3440} INFO - Setting next_dagrun for example_params_ui_tutorial to None, run_after=None
[2023-03-24T15:21:04.971-0400] {processor.py:175} INFO - Processing /Users/sunanda/Downloads/python-demo/venv/lib/python3.9/site-packages/airflow/example_dags/example_params_ui_tutorial.py took 0.332 seconds
[2023-03-24T15:22:42.575-0400] {processor.py:153} INFO - Started process (PID=26378) to work on /Users/sunanda/Downloads/python-demo/venv/lib/python3.9/site-packages/airflow/example_dags/example_params_ui_tutorial.py
[2023-03-24T15:22:42.578-0400] {processor.py:743} INFO - Processing file /Users/sunanda/Downloads/python-demo/venv/lib/python3.9/site-packages/airflow/example_dags/example_params_ui_tutorial.py for tasks to queue
[2023-03-24T15:22:42.579-0400] {logging_mixin.py:137} INFO - [2023-03-24T15:22:42.579-0400] {dagbag.py:532} INFO - Filling up the DagBag from /Users/sunanda/Downloads/python-demo/venv/lib/python3.9/site-packages/airflow/example_dags/example_params_ui_tutorial.py
[2023-03-24T15:22:42.617-0400] {processor.py:753} INFO - DAG(s) dict_keys(['example_params_ui_tutorial']) retrieved from /Users/sunanda/Downloads/python-demo/venv/lib/python3.9/site-packages/airflow/example_dags/example_params_ui_tutorial.py
[2023-03-24T15:22:42.919-0400] {logging_mixin.py:137} INFO - [2023-03-24T15:22:42.918-0400] {dag.py:2693} INFO - Sync 1 DAGs
[2023-03-24T15:22:42.925-0400] {logging_mixin.py:137} INFO - [2023-03-24T15:22:42.925-0400] {dag.py:3440} INFO - Setting next_dagrun for example_params_ui_tutorial to None, run_after=None
[2023-03-24T15:22:42.932-0400] {processor.py:175} INFO - Processing /Users/sunanda/Downloads/python-demo/venv/lib/python3.9/site-packages/airflow/example_dags/example_params_ui_tutorial.py took 0.357 seconds
[2023-03-24T15:24:17.651-0400] {processor.py:153} INFO - Started process (PID=26546) to work on /Users/sunanda/Downloads/python-demo/venv/lib/python3.9/site-packages/airflow/example_dags/example_params_ui_tutorial.py
[2023-03-24T15:24:17.654-0400] {processor.py:743} INFO - Processing file /Users/sunanda/Downloads/python-demo/venv/lib/python3.9/site-packages/airflow/example_dags/example_params_ui_tutorial.py for tasks to queue
[2023-03-24T15:24:17.654-0400] {logging_mixin.py:137} INFO - [2023-03-24T15:24:17.654-0400] {dagbag.py:532} INFO - Filling up the DagBag from /Users/sunanda/Downloads/python-demo/venv/lib/python3.9/site-packages/airflow/example_dags/example_params_ui_tutorial.py
[2023-03-24T15:24:17.691-0400] {processor.py:753} INFO - DAG(s) dict_keys(['example_params_ui_tutorial']) retrieved from /Users/sunanda/Downloads/python-demo/venv/lib/python3.9/site-packages/airflow/example_dags/example_params_ui_tutorial.py
[2023-03-24T15:24:17.967-0400] {logging_mixin.py:137} INFO - [2023-03-24T15:24:17.967-0400] {dag.py:2693} INFO - Sync 1 DAGs
[2023-03-24T15:24:17.973-0400] {logging_mixin.py:137} INFO - [2023-03-24T15:24:17.973-0400] {dag.py:3440} INFO - Setting next_dagrun for example_params_ui_tutorial to None, run_after=None
[2023-03-24T15:24:17.980-0400] {processor.py:175} INFO - Processing /Users/sunanda/Downloads/python-demo/venv/lib/python3.9/site-packages/airflow/example_dags/example_params_ui_tutorial.py took 0.330 seconds
[2023-03-24T15:25:48.185-0400] {processor.py:153} INFO - Started process (PID=26698) to work on /Users/sunanda/Downloads/python-demo/venv/lib/python3.9/site-packages/airflow/example_dags/example_params_ui_tutorial.py
[2023-03-24T15:25:48.188-0400] {processor.py:743} INFO - Processing file /Users/sunanda/Downloads/python-demo/venv/lib/python3.9/site-packages/airflow/example_dags/example_params_ui_tutorial.py for tasks to queue
[2023-03-24T15:25:48.188-0400] {logging_mixin.py:137} INFO - [2023-03-24T15:25:48.188-0400] {dagbag.py:532} INFO - Filling up the DagBag from /Users/sunanda/Downloads/python-demo/venv/lib/python3.9/site-packages/airflow/example_dags/example_params_ui_tutorial.py
[2023-03-24T15:25:48.225-0400] {processor.py:753} INFO - DAG(s) dict_keys(['example_params_ui_tutorial']) retrieved from /Users/sunanda/Downloads/python-demo/venv/lib/python3.9/site-packages/airflow/example_dags/example_params_ui_tutorial.py
[2023-03-24T15:25:48.516-0400] {logging_mixin.py:137} INFO - [2023-03-24T15:25:48.516-0400] {dag.py:2693} INFO - Sync 1 DAGs
[2023-03-24T15:25:48.522-0400] {logging_mixin.py:137} INFO - [2023-03-24T15:25:48.522-0400] {dag.py:3440} INFO - Setting next_dagrun for example_params_ui_tutorial to None, run_after=None
[2023-03-24T15:25:48.531-0400] {processor.py:175} INFO - Processing /Users/sunanda/Downloads/python-demo/venv/lib/python3.9/site-packages/airflow/example_dags/example_params_ui_tutorial.py took 0.346 seconds
[2023-03-24T15:27:23.417-0400] {processor.py:153} INFO - Started process (PID=26855) to work on /Users/sunanda/Downloads/python-demo/venv/lib/python3.9/site-packages/airflow/example_dags/example_params_ui_tutorial.py
[2023-03-24T15:27:23.420-0400] {processor.py:743} INFO - Processing file /Users/sunanda/Downloads/python-demo/venv/lib/python3.9/site-packages/airflow/example_dags/example_params_ui_tutorial.py for tasks to queue
[2023-03-24T15:27:23.421-0400] {logging_mixin.py:137} INFO - [2023-03-24T15:27:23.421-0400] {dagbag.py:532} INFO - Filling up the DagBag from /Users/sunanda/Downloads/python-demo/venv/lib/python3.9/site-packages/airflow/example_dags/example_params_ui_tutorial.py
[2023-03-24T15:27:23.458-0400] {processor.py:753} INFO - DAG(s) dict_keys(['example_params_ui_tutorial']) retrieved from /Users/sunanda/Downloads/python-demo/venv/lib/python3.9/site-packages/airflow/example_dags/example_params_ui_tutorial.py
[2023-03-24T15:27:23.751-0400] {logging_mixin.py:137} INFO - [2023-03-24T15:27:23.750-0400] {dag.py:2693} INFO - Sync 1 DAGs
[2023-03-24T15:27:23.757-0400] {logging_mixin.py:137} INFO - [2023-03-24T15:27:23.757-0400] {dag.py:3440} INFO - Setting next_dagrun for example_params_ui_tutorial to None, run_after=None
[2023-03-24T15:27:23.764-0400] {processor.py:175} INFO - Processing /Users/sunanda/Downloads/python-demo/venv/lib/python3.9/site-packages/airflow/example_dags/example_params_ui_tutorial.py took 0.347 seconds
[2023-03-24T15:28:56.199-0400] {processor.py:153} INFO - Started process (PID=27029) to work on /Users/sunanda/Downloads/python-demo/venv/lib/python3.9/site-packages/airflow/example_dags/example_params_ui_tutorial.py
[2023-03-24T15:28:56.202-0400] {processor.py:743} INFO - Processing file /Users/sunanda/Downloads/python-demo/venv/lib/python3.9/site-packages/airflow/example_dags/example_params_ui_tutorial.py for tasks to queue
[2023-03-24T15:28:56.203-0400] {logging_mixin.py:137} INFO - [2023-03-24T15:28:56.203-0400] {dagbag.py:532} INFO - Filling up the DagBag from /Users/sunanda/Downloads/python-demo/venv/lib/python3.9/site-packages/airflow/example_dags/example_params_ui_tutorial.py
[2023-03-24T15:28:56.240-0400] {processor.py:753} INFO - DAG(s) dict_keys(['example_params_ui_tutorial']) retrieved from /Users/sunanda/Downloads/python-demo/venv/lib/python3.9/site-packages/airflow/example_dags/example_params_ui_tutorial.py
[2023-03-24T15:28:56.530-0400] {logging_mixin.py:137} INFO - [2023-03-24T15:28:56.530-0400] {dag.py:2693} INFO - Sync 1 DAGs
[2023-03-24T15:28:56.537-0400] {logging_mixin.py:137} INFO - [2023-03-24T15:28:56.537-0400] {dag.py:3440} INFO - Setting next_dagrun for example_params_ui_tutorial to None, run_after=None
[2023-03-24T15:28:56.546-0400] {processor.py:175} INFO - Processing /Users/sunanda/Downloads/python-demo/venv/lib/python3.9/site-packages/airflow/example_dags/example_params_ui_tutorial.py took 0.347 seconds
