[2023-03-20T00:24:38.288-0400] {processor.py:153} INFO - Started process (PID=59870) to work on /Users/sunanda/Downloads/python-demo/venv/lib/python3.9/site-packages/airflow/example_dags/example_branch_datetime_operator.py
[2023-03-20T00:24:38.290-0400] {processor.py:743} INFO - Processing file /Users/sunanda/Downloads/python-demo/venv/lib/python3.9/site-packages/airflow/example_dags/example_branch_datetime_operator.py for tasks to queue
[2023-03-20T00:24:38.290-0400] {logging_mixin.py:137} INFO - [2023-03-20T00:24:38.290-0400] {dagbag.py:532} INFO - Filling up the DagBag from /Users/sunanda/Downloads/python-demo/venv/lib/python3.9/site-packages/airflow/example_dags/example_branch_datetime_operator.py
[2023-03-20T00:24:38.303-0400] {processor.py:753} INFO - DAG(s) dict_keys(['example_branch_datetime_operator', 'example_branch_datetime_operator_3', 'example_branch_datetime_operator_2']) retrieved from /Users/sunanda/Downloads/python-demo/venv/lib/python3.9/site-packages/airflow/example_dags/example_branch_datetime_operator.py
[2023-03-20T00:24:38.594-0400] {logging_mixin.py:137} INFO - [2023-03-20T00:24:38.593-0400] {dag.py:2693} INFO - Sync 3 DAGs
[2023-03-20T00:24:38.601-0400] {logging_mixin.py:137} INFO - [2023-03-20T00:24:38.601-0400] {dag.py:3440} INFO - Setting next_dagrun for example_branch_datetime_operator to 2023-03-19T00:00:00+00:00, run_after=2023-03-20T00:00:00+00:00
[2023-03-20T00:24:38.603-0400] {logging_mixin.py:137} INFO - [2023-03-20T00:24:38.602-0400] {dag.py:3440} INFO - Setting next_dagrun for example_branch_datetime_operator_2 to 2023-03-19T00:00:00+00:00, run_after=2023-03-20T00:00:00+00:00
[2023-03-20T00:24:38.603-0400] {logging_mixin.py:137} INFO - [2023-03-20T00:24:38.603-0400] {dag.py:3440} INFO - Setting next_dagrun for example_branch_datetime_operator_3 to 2023-03-19T00:00:00+00:00, run_after=2023-03-20T00:00:00+00:00
[2023-03-20T00:24:38.611-0400] {processor.py:175} INFO - Processing /Users/sunanda/Downloads/python-demo/venv/lib/python3.9/site-packages/airflow/example_dags/example_branch_datetime_operator.py took 0.324 seconds
[2023-03-20T00:26:20.868-0400] {processor.py:153} INFO - Started process (PID=60036) to work on /Users/sunanda/Downloads/python-demo/venv/lib/python3.9/site-packages/airflow/example_dags/example_branch_datetime_operator.py
[2023-03-20T00:26:20.871-0400] {processor.py:743} INFO - Processing file /Users/sunanda/Downloads/python-demo/venv/lib/python3.9/site-packages/airflow/example_dags/example_branch_datetime_operator.py for tasks to queue
[2023-03-20T00:26:20.872-0400] {logging_mixin.py:137} INFO - [2023-03-20T00:26:20.872-0400] {dagbag.py:532} INFO - Filling up the DagBag from /Users/sunanda/Downloads/python-demo/venv/lib/python3.9/site-packages/airflow/example_dags/example_branch_datetime_operator.py
[2023-03-20T00:26:20.884-0400] {processor.py:753} INFO - DAG(s) dict_keys(['example_branch_datetime_operator', 'example_branch_datetime_operator_2', 'example_branch_datetime_operator_3']) retrieved from /Users/sunanda/Downloads/python-demo/venv/lib/python3.9/site-packages/airflow/example_dags/example_branch_datetime_operator.py
[2023-03-20T00:26:21.162-0400] {logging_mixin.py:137} INFO - [2023-03-20T00:26:21.162-0400] {dag.py:2693} INFO - Sync 3 DAGs
[2023-03-20T00:26:21.170-0400] {logging_mixin.py:137} INFO - [2023-03-20T00:26:21.170-0400] {dag.py:3440} INFO - Setting next_dagrun for example_branch_datetime_operator to 2023-03-19T00:00:00+00:00, run_after=2023-03-20T00:00:00+00:00
[2023-03-20T00:26:21.172-0400] {logging_mixin.py:137} INFO - [2023-03-20T00:26:21.172-0400] {dag.py:3440} INFO - Setting next_dagrun for example_branch_datetime_operator_2 to 2023-03-19T00:00:00+00:00, run_after=2023-03-20T00:00:00+00:00
[2023-03-20T00:26:21.173-0400] {logging_mixin.py:137} INFO - [2023-03-20T00:26:21.173-0400] {dag.py:3440} INFO - Setting next_dagrun for example_branch_datetime_operator_3 to 2023-03-19T00:00:00+00:00, run_after=2023-03-20T00:00:00+00:00
[2023-03-20T00:26:21.180-0400] {processor.py:175} INFO - Processing /Users/sunanda/Downloads/python-demo/venv/lib/python3.9/site-packages/airflow/example_dags/example_branch_datetime_operator.py took 0.312 seconds
[2023-03-20T08:54:57.139-0400] {processor.py:153} INFO - Started process (PID=5928) to work on /Users/sunanda/Downloads/airflow/py_env/lib/python3.9/site-packages/airflow/example_dags/example_branch_datetime_operator.py
[2023-03-20T08:54:57.142-0400] {processor.py:743} INFO - Processing file /Users/sunanda/Downloads/airflow/py_env/lib/python3.9/site-packages/airflow/example_dags/example_branch_datetime_operator.py for tasks to queue
[2023-03-20T08:54:57.142-0400] {logging_mixin.py:137} INFO - [2023-03-20T08:54:57.142-0400] {dagbag.py:538} INFO - Filling up the DagBag from /Users/sunanda/Downloads/airflow/py_env/lib/python3.9/site-packages/airflow/example_dags/example_branch_datetime_operator.py
[2023-03-20T08:54:57.156-0400] {processor.py:753} INFO - DAG(s) dict_keys(['example_branch_datetime_operator', 'example_branch_datetime_operator_3', 'example_branch_datetime_operator_2']) retrieved from /Users/sunanda/Downloads/airflow/py_env/lib/python3.9/site-packages/airflow/example_dags/example_branch_datetime_operator.py
[2023-03-20T08:54:57.392-0400] {logging_mixin.py:137} INFO - [2023-03-20T08:54:57.392-0400] {dag.py:2690} INFO - Sync 3 DAGs
[2023-03-20T08:54:57.400-0400] {logging_mixin.py:137} INFO - [2023-03-20T08:54:57.400-0400] {dag.py:3437} INFO - Setting next_dagrun for example_branch_datetime_operator to 2023-03-19T00:00:00+00:00, run_after=2023-03-20T00:00:00+00:00
[2023-03-20T08:54:57.402-0400] {logging_mixin.py:137} INFO - [2023-03-20T08:54:57.402-0400] {dag.py:3437} INFO - Setting next_dagrun for example_branch_datetime_operator_2 to 2023-03-19T00:00:00+00:00, run_after=2023-03-20T00:00:00+00:00
[2023-03-20T08:54:57.403-0400] {logging_mixin.py:137} INFO - [2023-03-20T08:54:57.403-0400] {dag.py:3437} INFO - Setting next_dagrun for example_branch_datetime_operator_3 to 2023-03-19T00:00:00+00:00, run_after=2023-03-20T00:00:00+00:00
[2023-03-20T08:54:57.412-0400] {processor.py:175} INFO - Processing /Users/sunanda/Downloads/airflow/py_env/lib/python3.9/site-packages/airflow/example_dags/example_branch_datetime_operator.py took 0.274 seconds
[2023-03-20T18:50:59.328-0400] {processor.py:153} INFO - Started process (PID=1247) to work on /Users/sunanda/Downloads/airflow/py_env/lib/python3.9/site-packages/airflow/example_dags/example_branch_datetime_operator.py
[2023-03-20T18:50:59.330-0400] {processor.py:743} INFO - Processing file /Users/sunanda/Downloads/airflow/py_env/lib/python3.9/site-packages/airflow/example_dags/example_branch_datetime_operator.py for tasks to queue
[2023-03-20T18:50:59.330-0400] {logging_mixin.py:137} INFO - [2023-03-20T18:50:59.330-0400] {dagbag.py:538} INFO - Filling up the DagBag from /Users/sunanda/Downloads/airflow/py_env/lib/python3.9/site-packages/airflow/example_dags/example_branch_datetime_operator.py
[2023-03-20T18:50:59.342-0400] {processor.py:753} INFO - DAG(s) dict_keys(['example_branch_datetime_operator', 'example_branch_datetime_operator_3', 'example_branch_datetime_operator_2']) retrieved from /Users/sunanda/Downloads/airflow/py_env/lib/python3.9/site-packages/airflow/example_dags/example_branch_datetime_operator.py
[2023-03-20T18:50:59.536-0400] {logging_mixin.py:137} INFO - [2023-03-20T18:50:59.536-0400] {dag.py:2690} INFO - Sync 3 DAGs
[2023-03-20T18:50:59.543-0400] {logging_mixin.py:137} INFO - [2023-03-20T18:50:59.543-0400] {dag.py:3437} INFO - Setting next_dagrun for example_branch_datetime_operator to 2023-03-19T00:00:00+00:00, run_after=2023-03-20T00:00:00+00:00
[2023-03-20T18:50:59.545-0400] {logging_mixin.py:137} INFO - [2023-03-20T18:50:59.545-0400] {dag.py:3437} INFO - Setting next_dagrun for example_branch_datetime_operator_2 to 2023-03-19T00:00:00+00:00, run_after=2023-03-20T00:00:00+00:00
[2023-03-20T18:50:59.546-0400] {logging_mixin.py:137} INFO - [2023-03-20T18:50:59.546-0400] {dag.py:3437} INFO - Setting next_dagrun for example_branch_datetime_operator_3 to 2023-03-19T00:00:00+00:00, run_after=2023-03-20T00:00:00+00:00
[2023-03-20T18:50:59.552-0400] {processor.py:175} INFO - Processing /Users/sunanda/Downloads/airflow/py_env/lib/python3.9/site-packages/airflow/example_dags/example_branch_datetime_operator.py took 0.225 seconds
