[2023-03-20T00:23:52.370-0400] {processor.py:153} INFO - Started process (PID=59797) to work on /Users/sunanda/Downloads/python-demo/venv/lib/python3.9/site-packages/airflow/example_dags/example_subdag_operator.py
[2023-03-20T00:23:52.373-0400] {processor.py:743} INFO - Processing file /Users/sunanda/Downloads/python-demo/venv/lib/python3.9/site-packages/airflow/example_dags/example_subdag_operator.py for tasks to queue
[2023-03-20T00:23:52.373-0400] {logging_mixin.py:137} INFO - [2023-03-20T00:23:52.373-0400] {dagbag.py:532} INFO - Filling up the DagBag from /Users/sunanda/Downloads/python-demo/venv/lib/python3.9/site-packages/airflow/example_dags/example_subdag_operator.py
[2023-03-20T00:23:52.648-0400] {processor.py:753} INFO - DAG(s) dict_keys(['example_subdag_operator.section-1', 'example_subdag_operator.section-2', 'example_subdag_operator']) retrieved from /Users/sunanda/Downloads/python-demo/venv/lib/python3.9/site-packages/airflow/example_dags/example_subdag_operator.py
[2023-03-20T00:23:52.694-0400] {logging_mixin.py:137} INFO - [2023-03-20T00:23:52.694-0400] {dag.py:2693} INFO - Sync 3 DAGs
[2023-03-20T00:23:52.701-0400] {logging_mixin.py:137} INFO - [2023-03-20T00:23:52.701-0400] {dag.py:3440} INFO - Setting next_dagrun for example_subdag_operator to 2022-01-01T00:00:00+00:00, run_after=2022-01-01T00:00:00+00:00
[2023-03-20T00:23:52.702-0400] {logging_mixin.py:137} INFO - [2023-03-20T00:23:52.702-0400] {dag.py:3440} INFO - Setting next_dagrun for example_subdag_operator.section-1 to None, run_after=None
[2023-03-20T00:23:52.703-0400] {logging_mixin.py:137} INFO - [2023-03-20T00:23:52.703-0400] {dag.py:3440} INFO - Setting next_dagrun for example_subdag_operator.section-2 to None, run_after=None
[2023-03-20T00:23:52.706-0400] {logging_mixin.py:137} INFO - [2023-03-20T00:23:52.706-0400] {dag.py:2693} INFO - Sync 2 DAGs
[2023-03-20T00:23:52.707-0400] {logging_mixin.py:137} INFO - [2023-03-20T00:23:52.707-0400] {dag.py:3440} INFO - Setting next_dagrun for example_subdag_operator.section-1 to None, run_after=None
[2023-03-20T00:23:52.707-0400] {logging_mixin.py:137} INFO - [2023-03-20T00:23:52.707-0400] {dag.py:3440} INFO - Setting next_dagrun for example_subdag_operator.section-2 to None, run_after=None
[2023-03-20T00:23:52.712-0400] {processor.py:175} INFO - Processing /Users/sunanda/Downloads/python-demo/venv/lib/python3.9/site-packages/airflow/example_dags/example_subdag_operator.py took 0.342 seconds
[2023-03-20T00:25:13.010-0400] {processor.py:153} INFO - Started process (PID=59924) to work on /Users/sunanda/Downloads/python-demo/venv/lib/python3.9/site-packages/airflow/example_dags/example_subdag_operator.py
[2023-03-20T00:25:13.013-0400] {processor.py:743} INFO - Processing file /Users/sunanda/Downloads/python-demo/venv/lib/python3.9/site-packages/airflow/example_dags/example_subdag_operator.py for tasks to queue
[2023-03-20T00:25:13.013-0400] {logging_mixin.py:137} INFO - [2023-03-20T00:25:13.013-0400] {dagbag.py:532} INFO - Filling up the DagBag from /Users/sunanda/Downloads/python-demo/venv/lib/python3.9/site-packages/airflow/example_dags/example_subdag_operator.py
[2023-03-20T00:25:13.301-0400] {processor.py:753} INFO - DAG(s) dict_keys(['example_subdag_operator.section-1', 'example_subdag_operator.section-2', 'example_subdag_operator']) retrieved from /Users/sunanda/Downloads/python-demo/venv/lib/python3.9/site-packages/airflow/example_dags/example_subdag_operator.py
[2023-03-20T00:25:13.341-0400] {logging_mixin.py:137} INFO - [2023-03-20T00:25:13.341-0400] {dag.py:2693} INFO - Sync 3 DAGs
[2023-03-20T00:25:13.348-0400] {logging_mixin.py:137} INFO - [2023-03-20T00:25:13.347-0400] {dag.py:3440} INFO - Setting next_dagrun for example_subdag_operator to 2022-01-01T00:00:00+00:00, run_after=2022-01-01T00:00:00+00:00
[2023-03-20T00:25:13.349-0400] {logging_mixin.py:137} INFO - [2023-03-20T00:25:13.349-0400] {dag.py:3440} INFO - Setting next_dagrun for example_subdag_operator.section-1 to None, run_after=None
[2023-03-20T00:25:13.349-0400] {logging_mixin.py:137} INFO - [2023-03-20T00:25:13.349-0400] {dag.py:3440} INFO - Setting next_dagrun for example_subdag_operator.section-2 to None, run_after=None
[2023-03-20T00:25:13.351-0400] {logging_mixin.py:137} INFO - [2023-03-20T00:25:13.351-0400] {dag.py:2693} INFO - Sync 2 DAGs
[2023-03-20T00:25:13.352-0400] {logging_mixin.py:137} INFO - [2023-03-20T00:25:13.352-0400] {dag.py:3440} INFO - Setting next_dagrun for example_subdag_operator.section-1 to None, run_after=None
[2023-03-20T00:25:13.352-0400] {logging_mixin.py:137} INFO - [2023-03-20T00:25:13.352-0400] {dag.py:3440} INFO - Setting next_dagrun for example_subdag_operator.section-2 to None, run_after=None
[2023-03-20T00:25:13.357-0400] {processor.py:175} INFO - Processing /Users/sunanda/Downloads/python-demo/venv/lib/python3.9/site-packages/airflow/example_dags/example_subdag_operator.py took 0.347 seconds
[2023-03-20T08:54:13.335-0400] {processor.py:153} INFO - Started process (PID=5863) to work on /Users/sunanda/Downloads/airflow/py_env/lib/python3.9/site-packages/airflow/example_dags/example_subdag_operator.py
[2023-03-20T08:54:13.339-0400] {processor.py:743} INFO - Processing file /Users/sunanda/Downloads/airflow/py_env/lib/python3.9/site-packages/airflow/example_dags/example_subdag_operator.py for tasks to queue
[2023-03-20T08:54:13.339-0400] {logging_mixin.py:137} INFO - [2023-03-20T08:54:13.339-0400] {dagbag.py:538} INFO - Filling up the DagBag from /Users/sunanda/Downloads/airflow/py_env/lib/python3.9/site-packages/airflow/example_dags/example_subdag_operator.py
[2023-03-20T08:54:13.534-0400] {processor.py:753} INFO - DAG(s) dict_keys(['example_subdag_operator.section-1', 'example_subdag_operator.section-2', 'example_subdag_operator']) retrieved from /Users/sunanda/Downloads/airflow/py_env/lib/python3.9/site-packages/airflow/example_dags/example_subdag_operator.py
[2023-03-20T08:54:13.575-0400] {logging_mixin.py:137} INFO - [2023-03-20T08:54:13.575-0400] {dag.py:2690} INFO - Sync 3 DAGs
[2023-03-20T08:54:13.581-0400] {logging_mixin.py:137} INFO - [2023-03-20T08:54:13.581-0400] {dag.py:3437} INFO - Setting next_dagrun for example_subdag_operator to 2022-01-01T00:00:00+00:00, run_after=2022-01-01T00:00:00+00:00
[2023-03-20T08:54:13.582-0400] {logging_mixin.py:137} INFO - [2023-03-20T08:54:13.582-0400] {dag.py:3437} INFO - Setting next_dagrun for example_subdag_operator.section-1 to None, run_after=None
[2023-03-20T08:54:13.582-0400] {logging_mixin.py:137} INFO - [2023-03-20T08:54:13.582-0400] {dag.py:3437} INFO - Setting next_dagrun for example_subdag_operator.section-2 to None, run_after=None
[2023-03-20T08:54:13.585-0400] {logging_mixin.py:137} INFO - [2023-03-20T08:54:13.585-0400] {dag.py:2690} INFO - Sync 2 DAGs
[2023-03-20T08:54:13.587-0400] {logging_mixin.py:137} INFO - [2023-03-20T08:54:13.587-0400] {dag.py:3437} INFO - Setting next_dagrun for example_subdag_operator.section-1 to None, run_after=None
[2023-03-20T08:54:13.587-0400] {logging_mixin.py:137} INFO - [2023-03-20T08:54:13.587-0400] {dag.py:3437} INFO - Setting next_dagrun for example_subdag_operator.section-2 to None, run_after=None
[2023-03-20T08:54:13.592-0400] {processor.py:175} INFO - Processing /Users/sunanda/Downloads/airflow/py_env/lib/python3.9/site-packages/airflow/example_dags/example_subdag_operator.py took 0.257 seconds
[2023-03-20T08:55:26.560-0400] {processor.py:153} INFO - Started process (PID=5973) to work on /Users/sunanda/Downloads/airflow/py_env/lib/python3.9/site-packages/airflow/example_dags/example_subdag_operator.py
[2023-03-20T08:55:26.563-0400] {processor.py:743} INFO - Processing file /Users/sunanda/Downloads/airflow/py_env/lib/python3.9/site-packages/airflow/example_dags/example_subdag_operator.py for tasks to queue
[2023-03-20T08:55:26.563-0400] {logging_mixin.py:137} INFO - [2023-03-20T08:55:26.563-0400] {dagbag.py:538} INFO - Filling up the DagBag from /Users/sunanda/Downloads/airflow/py_env/lib/python3.9/site-packages/airflow/example_dags/example_subdag_operator.py
[2023-03-20T08:55:26.770-0400] {processor.py:753} INFO - DAG(s) dict_keys(['example_subdag_operator.section-1', 'example_subdag_operator.section-2', 'example_subdag_operator']) retrieved from /Users/sunanda/Downloads/airflow/py_env/lib/python3.9/site-packages/airflow/example_dags/example_subdag_operator.py
[2023-03-20T08:55:26.803-0400] {logging_mixin.py:137} INFO - [2023-03-20T08:55:26.803-0400] {dag.py:2690} INFO - Sync 3 DAGs
[2023-03-20T08:55:26.809-0400] {logging_mixin.py:137} INFO - [2023-03-20T08:55:26.809-0400] {dag.py:3437} INFO - Setting next_dagrun for example_subdag_operator to 2022-01-01T00:00:00+00:00, run_after=2022-01-01T00:00:00+00:00
[2023-03-20T08:55:26.810-0400] {logging_mixin.py:137} INFO - [2023-03-20T08:55:26.810-0400] {dag.py:3437} INFO - Setting next_dagrun for example_subdag_operator.section-1 to None, run_after=None
[2023-03-20T08:55:26.811-0400] {logging_mixin.py:137} INFO - [2023-03-20T08:55:26.811-0400] {dag.py:3437} INFO - Setting next_dagrun for example_subdag_operator.section-2 to None, run_after=None
[2023-03-20T08:55:26.813-0400] {logging_mixin.py:137} INFO - [2023-03-20T08:55:26.813-0400] {dag.py:2690} INFO - Sync 2 DAGs
[2023-03-20T08:55:26.814-0400] {logging_mixin.py:137} INFO - [2023-03-20T08:55:26.814-0400] {dag.py:3437} INFO - Setting next_dagrun for example_subdag_operator.section-1 to None, run_after=None
[2023-03-20T08:55:26.815-0400] {logging_mixin.py:137} INFO - [2023-03-20T08:55:26.814-0400] {dag.py:3437} INFO - Setting next_dagrun for example_subdag_operator.section-2 to None, run_after=None
[2023-03-20T08:55:26.819-0400] {processor.py:175} INFO - Processing /Users/sunanda/Downloads/airflow/py_env/lib/python3.9/site-packages/airflow/example_dags/example_subdag_operator.py took 0.259 seconds
[2023-03-20T18:50:18.374-0400] {processor.py:153} INFO - Started process (PID=1172) to work on /Users/sunanda/Downloads/airflow/py_env/lib/python3.9/site-packages/airflow/example_dags/example_subdag_operator.py
[2023-03-20T18:50:18.376-0400] {processor.py:743} INFO - Processing file /Users/sunanda/Downloads/airflow/py_env/lib/python3.9/site-packages/airflow/example_dags/example_subdag_operator.py for tasks to queue
[2023-03-20T18:50:18.377-0400] {logging_mixin.py:137} INFO - [2023-03-20T18:50:18.377-0400] {dagbag.py:538} INFO - Filling up the DagBag from /Users/sunanda/Downloads/airflow/py_env/lib/python3.9/site-packages/airflow/example_dags/example_subdag_operator.py
[2023-03-20T18:50:18.580-0400] {processor.py:753} INFO - DAG(s) dict_keys(['example_subdag_operator.section-1', 'example_subdag_operator.section-2', 'example_subdag_operator']) retrieved from /Users/sunanda/Downloads/airflow/py_env/lib/python3.9/site-packages/airflow/example_dags/example_subdag_operator.py
[2023-03-20T18:50:18.615-0400] {logging_mixin.py:137} INFO - [2023-03-20T18:50:18.615-0400] {dag.py:2690} INFO - Sync 3 DAGs
[2023-03-20T18:50:18.622-0400] {logging_mixin.py:137} INFO - [2023-03-20T18:50:18.622-0400] {dag.py:3437} INFO - Setting next_dagrun for example_subdag_operator to 2022-01-01T00:00:00+00:00, run_after=2022-01-01T00:00:00+00:00
[2023-03-20T18:50:18.623-0400] {logging_mixin.py:137} INFO - [2023-03-20T18:50:18.623-0400] {dag.py:3437} INFO - Setting next_dagrun for example_subdag_operator.section-1 to None, run_after=None
[2023-03-20T18:50:18.624-0400] {logging_mixin.py:137} INFO - [2023-03-20T18:50:18.624-0400] {dag.py:3437} INFO - Setting next_dagrun for example_subdag_operator.section-2 to None, run_after=None
[2023-03-20T18:50:18.626-0400] {logging_mixin.py:137} INFO - [2023-03-20T18:50:18.626-0400] {dag.py:2690} INFO - Sync 2 DAGs
[2023-03-20T18:50:18.628-0400] {logging_mixin.py:137} INFO - [2023-03-20T18:50:18.628-0400] {dag.py:3437} INFO - Setting next_dagrun for example_subdag_operator.section-1 to None, run_after=None
[2023-03-20T18:50:18.628-0400] {logging_mixin.py:137} INFO - [2023-03-20T18:50:18.628-0400] {dag.py:3437} INFO - Setting next_dagrun for example_subdag_operator.section-2 to None, run_after=None
[2023-03-20T18:50:18.632-0400] {processor.py:175} INFO - Processing /Users/sunanda/Downloads/airflow/py_env/lib/python3.9/site-packages/airflow/example_dags/example_subdag_operator.py took 0.258 seconds
[2023-03-20T18:51:28.016-0400] {processor.py:153} INFO - Started process (PID=1297) to work on /Users/sunanda/Downloads/airflow/py_env/lib/python3.9/site-packages/airflow/example_dags/example_subdag_operator.py
[2023-03-20T18:51:28.018-0400] {processor.py:743} INFO - Processing file /Users/sunanda/Downloads/airflow/py_env/lib/python3.9/site-packages/airflow/example_dags/example_subdag_operator.py for tasks to queue
[2023-03-20T18:51:28.019-0400] {logging_mixin.py:137} INFO - [2023-03-20T18:51:28.018-0400] {dagbag.py:538} INFO - Filling up the DagBag from /Users/sunanda/Downloads/airflow/py_env/lib/python3.9/site-packages/airflow/example_dags/example_subdag_operator.py
[2023-03-20T18:51:28.248-0400] {processor.py:753} INFO - DAG(s) dict_keys(['example_subdag_operator.section-1', 'example_subdag_operator.section-2', 'example_subdag_operator']) retrieved from /Users/sunanda/Downloads/airflow/py_env/lib/python3.9/site-packages/airflow/example_dags/example_subdag_operator.py
[2023-03-20T18:51:28.285-0400] {logging_mixin.py:137} INFO - [2023-03-20T18:51:28.285-0400] {dag.py:2690} INFO - Sync 3 DAGs
[2023-03-20T18:51:28.292-0400] {logging_mixin.py:137} INFO - [2023-03-20T18:51:28.292-0400] {dag.py:3437} INFO - Setting next_dagrun for example_subdag_operator to 2022-01-01T00:00:00+00:00, run_after=2022-01-01T00:00:00+00:00
[2023-03-20T18:51:28.294-0400] {logging_mixin.py:137} INFO - [2023-03-20T18:51:28.294-0400] {dag.py:3437} INFO - Setting next_dagrun for example_subdag_operator.section-1 to None, run_after=None
[2023-03-20T18:51:28.294-0400] {logging_mixin.py:137} INFO - [2023-03-20T18:51:28.294-0400] {dag.py:3437} INFO - Setting next_dagrun for example_subdag_operator.section-2 to None, run_after=None
[2023-03-20T18:51:28.297-0400] {logging_mixin.py:137} INFO - [2023-03-20T18:51:28.297-0400] {dag.py:2690} INFO - Sync 2 DAGs
[2023-03-20T18:51:28.299-0400] {logging_mixin.py:137} INFO - [2023-03-20T18:51:28.299-0400] {dag.py:3437} INFO - Setting next_dagrun for example_subdag_operator.section-1 to None, run_after=None
[2023-03-20T18:51:28.299-0400] {logging_mixin.py:137} INFO - [2023-03-20T18:51:28.299-0400] {dag.py:3437} INFO - Setting next_dagrun for example_subdag_operator.section-2 to None, run_after=None
[2023-03-20T18:51:28.304-0400] {processor.py:175} INFO - Processing /Users/sunanda/Downloads/airflow/py_env/lib/python3.9/site-packages/airflow/example_dags/example_subdag_operator.py took 0.289 seconds
