[2023-03-20T00:24:37.234-0400] {processor.py:153} INFO - Started process (PID=59867) to work on /Users/sunanda/Downloads/python-demo/venv/lib/python3.9/site-packages/airflow/example_dags/example_branch_day_of_week_operator.py
[2023-03-20T00:24:37.237-0400] {processor.py:743} INFO - Processing file /Users/sunanda/Downloads/python-demo/venv/lib/python3.9/site-packages/airflow/example_dags/example_branch_day_of_week_operator.py for tasks to queue
[2023-03-20T00:24:37.237-0400] {logging_mixin.py:137} INFO - [2023-03-20T00:24:37.237-0400] {dagbag.py:532} INFO - Filling up the DagBag from /Users/sunanda/Downloads/python-demo/venv/lib/python3.9/site-packages/airflow/example_dags/example_branch_day_of_week_operator.py
[2023-03-20T00:24:37.250-0400] {processor.py:753} INFO - DAG(s) dict_keys(['example_weekday_branch_operator']) retrieved from /Users/sunanda/Downloads/python-demo/venv/lib/python3.9/site-packages/airflow/example_dags/example_branch_day_of_week_operator.py
[2023-03-20T00:24:37.536-0400] {logging_mixin.py:137} INFO - [2023-03-20T00:24:37.536-0400] {dag.py:2693} INFO - Sync 1 DAGs
[2023-03-20T00:24:37.543-0400] {logging_mixin.py:137} INFO - [2023-03-20T00:24:37.543-0400] {dag.py:3440} INFO - Setting next_dagrun for example_weekday_branch_operator to 2023-03-19T00:00:00+00:00, run_after=2023-03-20T00:00:00+00:00
[2023-03-20T00:24:37.552-0400] {processor.py:175} INFO - Processing /Users/sunanda/Downloads/python-demo/venv/lib/python3.9/site-packages/airflow/example_dags/example_branch_day_of_week_operator.py took 0.318 seconds
[2023-03-20T00:26:18.902-0400] {processor.py:153} INFO - Started process (PID=60034) to work on /Users/sunanda/Downloads/python-demo/venv/lib/python3.9/site-packages/airflow/example_dags/example_branch_day_of_week_operator.py
[2023-03-20T00:26:18.905-0400] {processor.py:743} INFO - Processing file /Users/sunanda/Downloads/python-demo/venv/lib/python3.9/site-packages/airflow/example_dags/example_branch_day_of_week_operator.py for tasks to queue
[2023-03-20T00:26:18.905-0400] {logging_mixin.py:137} INFO - [2023-03-20T00:26:18.905-0400] {dagbag.py:532} INFO - Filling up the DagBag from /Users/sunanda/Downloads/python-demo/venv/lib/python3.9/site-packages/airflow/example_dags/example_branch_day_of_week_operator.py
[2023-03-20T00:26:18.916-0400] {processor.py:753} INFO - DAG(s) dict_keys(['example_weekday_branch_operator']) retrieved from /Users/sunanda/Downloads/python-demo/venv/lib/python3.9/site-packages/airflow/example_dags/example_branch_day_of_week_operator.py
[2023-03-20T00:26:19.200-0400] {logging_mixin.py:137} INFO - [2023-03-20T00:26:19.200-0400] {dag.py:2693} INFO - Sync 1 DAGs
[2023-03-20T00:26:19.207-0400] {logging_mixin.py:137} INFO - [2023-03-20T00:26:19.207-0400] {dag.py:3440} INFO - Setting next_dagrun for example_weekday_branch_operator to 2023-03-19T00:00:00+00:00, run_after=2023-03-20T00:00:00+00:00
[2023-03-20T00:26:19.214-0400] {processor.py:175} INFO - Processing /Users/sunanda/Downloads/python-demo/venv/lib/python3.9/site-packages/airflow/example_dags/example_branch_day_of_week_operator.py took 0.313 seconds
[2023-03-20T08:54:55.206-0400] {processor.py:153} INFO - Started process (PID=5925) to work on /Users/sunanda/Downloads/airflow/py_env/lib/python3.9/site-packages/airflow/example_dags/example_branch_day_of_week_operator.py
[2023-03-20T08:54:55.209-0400] {processor.py:743} INFO - Processing file /Users/sunanda/Downloads/airflow/py_env/lib/python3.9/site-packages/airflow/example_dags/example_branch_day_of_week_operator.py for tasks to queue
[2023-03-20T08:54:55.209-0400] {logging_mixin.py:137} INFO - [2023-03-20T08:54:55.209-0400] {dagbag.py:538} INFO - Filling up the DagBag from /Users/sunanda/Downloads/airflow/py_env/lib/python3.9/site-packages/airflow/example_dags/example_branch_day_of_week_operator.py
[2023-03-20T08:54:55.220-0400] {processor.py:753} INFO - DAG(s) dict_keys(['example_weekday_branch_operator']) retrieved from /Users/sunanda/Downloads/airflow/py_env/lib/python3.9/site-packages/airflow/example_dags/example_branch_day_of_week_operator.py
[2023-03-20T08:54:55.424-0400] {logging_mixin.py:137} INFO - [2023-03-20T08:54:55.424-0400] {dag.py:2690} INFO - Sync 1 DAGs
[2023-03-20T08:54:55.431-0400] {logging_mixin.py:137} INFO - [2023-03-20T08:54:55.431-0400] {dag.py:3437} INFO - Setting next_dagrun for example_weekday_branch_operator to 2023-03-19T00:00:00+00:00, run_after=2023-03-20T00:00:00+00:00
[2023-03-20T08:54:55.439-0400] {processor.py:175} INFO - Processing /Users/sunanda/Downloads/airflow/py_env/lib/python3.9/site-packages/airflow/example_dags/example_branch_day_of_week_operator.py took 0.233 seconds
[2023-03-20T18:50:57.499-0400] {processor.py:153} INFO - Started process (PID=1245) to work on /Users/sunanda/Downloads/airflow/py_env/lib/python3.9/site-packages/airflow/example_dags/example_branch_day_of_week_operator.py
[2023-03-20T18:50:57.501-0400] {processor.py:743} INFO - Processing file /Users/sunanda/Downloads/airflow/py_env/lib/python3.9/site-packages/airflow/example_dags/example_branch_day_of_week_operator.py for tasks to queue
[2023-03-20T18:50:57.501-0400] {logging_mixin.py:137} INFO - [2023-03-20T18:50:57.501-0400] {dagbag.py:538} INFO - Filling up the DagBag from /Users/sunanda/Downloads/airflow/py_env/lib/python3.9/site-packages/airflow/example_dags/example_branch_day_of_week_operator.py
[2023-03-20T18:50:57.512-0400] {processor.py:753} INFO - DAG(s) dict_keys(['example_weekday_branch_operator']) retrieved from /Users/sunanda/Downloads/airflow/py_env/lib/python3.9/site-packages/airflow/example_dags/example_branch_day_of_week_operator.py
[2023-03-20T18:50:57.702-0400] {logging_mixin.py:137} INFO - [2023-03-20T18:50:57.702-0400] {dag.py:2690} INFO - Sync 1 DAGs
[2023-03-20T18:50:57.709-0400] {logging_mixin.py:137} INFO - [2023-03-20T18:50:57.709-0400] {dag.py:3437} INFO - Setting next_dagrun for example_weekday_branch_operator to 2023-03-19T00:00:00+00:00, run_after=2023-03-20T00:00:00+00:00
[2023-03-20T18:50:57.716-0400] {processor.py:175} INFO - Processing /Users/sunanda/Downloads/airflow/py_env/lib/python3.9/site-packages/airflow/example_dags/example_branch_day_of_week_operator.py took 0.217 seconds
