[2023-03-20T00:24:40.276-0400] {processor.py:153} INFO - Started process (PID=59873) to work on /Users/sunanda/Downloads/python-demo/venv/lib/python3.9/site-packages/airflow/example_dags/example_bash_operator.py
[2023-03-20T00:24:40.278-0400] {processor.py:743} INFO - Processing file /Users/sunanda/Downloads/python-demo/venv/lib/python3.9/site-packages/airflow/example_dags/example_bash_operator.py for tasks to queue
[2023-03-20T00:24:40.278-0400] {logging_mixin.py:137} INFO - [2023-03-20T00:24:40.278-0400] {dagbag.py:532} INFO - Filling up the DagBag from /Users/sunanda/Downloads/python-demo/venv/lib/python3.9/site-packages/airflow/example_dags/example_bash_operator.py
[2023-03-20T00:24:40.299-0400] {processor.py:753} INFO - DAG(s) dict_keys(['example_bash_operator']) retrieved from /Users/sunanda/Downloads/python-demo/venv/lib/python3.9/site-packages/airflow/example_dags/example_bash_operator.py
[2023-03-20T00:24:40.574-0400] {logging_mixin.py:137} INFO - [2023-03-20T00:24:40.574-0400] {dag.py:2693} INFO - Sync 1 DAGs
[2023-03-20T00:24:40.581-0400] {logging_mixin.py:137} INFO - [2023-03-20T00:24:40.581-0400] {dag.py:3440} INFO - Setting next_dagrun for example_bash_operator to 2023-03-19T00:00:00+00:00, run_after=2023-03-20T00:00:00+00:00
[2023-03-20T00:24:40.589-0400] {processor.py:175} INFO - Processing /Users/sunanda/Downloads/python-demo/venv/lib/python3.9/site-packages/airflow/example_dags/example_bash_operator.py took 0.314 seconds
[2023-03-20T00:26:21.911-0400] {processor.py:153} INFO - Started process (PID=60039) to work on /Users/sunanda/Downloads/python-demo/venv/lib/python3.9/site-packages/airflow/example_dags/example_bash_operator.py
[2023-03-20T00:26:21.914-0400] {processor.py:743} INFO - Processing file /Users/sunanda/Downloads/python-demo/venv/lib/python3.9/site-packages/airflow/example_dags/example_bash_operator.py for tasks to queue
[2023-03-20T00:26:21.914-0400] {logging_mixin.py:137} INFO - [2023-03-20T00:26:21.914-0400] {dagbag.py:532} INFO - Filling up the DagBag from /Users/sunanda/Downloads/python-demo/venv/lib/python3.9/site-packages/airflow/example_dags/example_bash_operator.py
[2023-03-20T00:26:21.935-0400] {processor.py:753} INFO - DAG(s) dict_keys(['example_bash_operator']) retrieved from /Users/sunanda/Downloads/python-demo/venv/lib/python3.9/site-packages/airflow/example_dags/example_bash_operator.py
[2023-03-20T00:26:22.205-0400] {logging_mixin.py:137} INFO - [2023-03-20T00:26:22.205-0400] {dag.py:2693} INFO - Sync 1 DAGs
[2023-03-20T00:26:22.213-0400] {logging_mixin.py:137} INFO - [2023-03-20T00:26:22.213-0400] {dag.py:3440} INFO - Setting next_dagrun for example_bash_operator to 2023-03-19T00:00:00+00:00, run_after=2023-03-20T00:00:00+00:00
[2023-03-20T00:26:22.220-0400] {processor.py:175} INFO - Processing /Users/sunanda/Downloads/python-demo/venv/lib/python3.9/site-packages/airflow/example_dags/example_bash_operator.py took 0.310 seconds
[2023-03-20T08:54:59.141-0400] {processor.py:153} INFO - Started process (PID=5931) to work on /Users/sunanda/Downloads/airflow/py_env/lib/python3.9/site-packages/airflow/example_dags/example_bash_operator.py
[2023-03-20T08:54:59.144-0400] {processor.py:743} INFO - Processing file /Users/sunanda/Downloads/airflow/py_env/lib/python3.9/site-packages/airflow/example_dags/example_bash_operator.py for tasks to queue
[2023-03-20T08:54:59.144-0400] {logging_mixin.py:137} INFO - [2023-03-20T08:54:59.144-0400] {dagbag.py:538} INFO - Filling up the DagBag from /Users/sunanda/Downloads/airflow/py_env/lib/python3.9/site-packages/airflow/example_dags/example_bash_operator.py
[2023-03-20T08:54:59.165-0400] {processor.py:753} INFO - DAG(s) dict_keys(['example_bash_operator']) retrieved from /Users/sunanda/Downloads/airflow/py_env/lib/python3.9/site-packages/airflow/example_dags/example_bash_operator.py
[2023-03-20T08:54:59.383-0400] {logging_mixin.py:137} INFO - [2023-03-20T08:54:59.383-0400] {dag.py:2690} INFO - Sync 1 DAGs
[2023-03-20T08:54:59.390-0400] {logging_mixin.py:137} INFO - [2023-03-20T08:54:59.390-0400] {dag.py:3437} INFO - Setting next_dagrun for example_bash_operator to 2023-03-19T00:00:00+00:00, run_after=2023-03-20T00:00:00+00:00
[2023-03-20T08:54:59.399-0400] {processor.py:175} INFO - Processing /Users/sunanda/Downloads/airflow/py_env/lib/python3.9/site-packages/airflow/example_dags/example_bash_operator.py took 0.258 seconds
[2023-03-20T18:51:01.189-0400] {processor.py:153} INFO - Started process (PID=1254) to work on /Users/sunanda/Downloads/airflow/py_env/lib/python3.9/site-packages/airflow/example_dags/example_bash_operator.py
[2023-03-20T18:51:01.191-0400] {processor.py:743} INFO - Processing file /Users/sunanda/Downloads/airflow/py_env/lib/python3.9/site-packages/airflow/example_dags/example_bash_operator.py for tasks to queue
[2023-03-20T18:51:01.192-0400] {logging_mixin.py:137} INFO - [2023-03-20T18:51:01.192-0400] {dagbag.py:538} INFO - Filling up the DagBag from /Users/sunanda/Downloads/airflow/py_env/lib/python3.9/site-packages/airflow/example_dags/example_bash_operator.py
[2023-03-20T18:51:01.210-0400] {processor.py:753} INFO - DAG(s) dict_keys(['example_bash_operator']) retrieved from /Users/sunanda/Downloads/airflow/py_env/lib/python3.9/site-packages/airflow/example_dags/example_bash_operator.py
[2023-03-20T18:51:01.395-0400] {logging_mixin.py:137} INFO - [2023-03-20T18:51:01.395-0400] {dag.py:2690} INFO - Sync 1 DAGs
[2023-03-20T18:51:01.402-0400] {logging_mixin.py:137} INFO - [2023-03-20T18:51:01.402-0400] {dag.py:3437} INFO - Setting next_dagrun for example_bash_operator to 2023-03-19T00:00:00+00:00, run_after=2023-03-20T00:00:00+00:00
[2023-03-20T18:51:01.409-0400] {processor.py:175} INFO - Processing /Users/sunanda/Downloads/airflow/py_env/lib/python3.9/site-packages/airflow/example_dags/example_bash_operator.py took 0.220 seconds
