[2023-03-20T00:23:39.557-0400] {processor.py:153} INFO - Started process (PID=59778) to work on /Users/sunanda/Downloads/python-demo/venv/lib/python3.9/site-packages/airflow/example_dags/example_xcomargs.py
[2023-03-20T00:23:39.560-0400] {processor.py:743} INFO - Processing file /Users/sunanda/Downloads/python-demo/venv/lib/python3.9/site-packages/airflow/example_dags/example_xcomargs.py for tasks to queue
[2023-03-20T00:23:39.560-0400] {logging_mixin.py:137} INFO - [2023-03-20T00:23:39.560-0400] {dagbag.py:532} INFO - Filling up the DagBag from /Users/sunanda/Downloads/python-demo/venv/lib/python3.9/site-packages/airflow/example_dags/example_xcomargs.py
[2023-03-20T00:23:39.583-0400] {processor.py:753} INFO - DAG(s) dict_keys(['example_xcom_args_with_operators', 'example_xcom_args']) retrieved from /Users/sunanda/Downloads/python-demo/venv/lib/python3.9/site-packages/airflow/example_dags/example_xcomargs.py
[2023-03-20T00:23:39.890-0400] {logging_mixin.py:137} INFO - [2023-03-20T00:23:39.890-0400] {dag.py:2693} INFO - Sync 2 DAGs
[2023-03-20T00:23:39.899-0400] {logging_mixin.py:137} INFO - [2023-03-20T00:23:39.899-0400] {dag.py:3440} INFO - Setting next_dagrun for example_xcom_args to None, run_after=None
[2023-03-20T00:23:39.900-0400] {logging_mixin.py:137} INFO - [2023-03-20T00:23:39.900-0400] {dag.py:3440} INFO - Setting next_dagrun for example_xcom_args_with_operators to None, run_after=None
[2023-03-20T00:23:39.909-0400] {processor.py:175} INFO - Processing /Users/sunanda/Downloads/python-demo/venv/lib/python3.9/site-packages/airflow/example_dags/example_xcomargs.py took 0.351 seconds
[2023-03-20T00:25:01.142-0400] {processor.py:153} INFO - Started process (PID=59905) to work on /Users/sunanda/Downloads/python-demo/venv/lib/python3.9/site-packages/airflow/example_dags/example_xcomargs.py
[2023-03-20T00:25:01.145-0400] {processor.py:743} INFO - Processing file /Users/sunanda/Downloads/python-demo/venv/lib/python3.9/site-packages/airflow/example_dags/example_xcomargs.py for tasks to queue
[2023-03-20T00:25:01.145-0400] {logging_mixin.py:137} INFO - [2023-03-20T00:25:01.145-0400] {dagbag.py:532} INFO - Filling up the DagBag from /Users/sunanda/Downloads/python-demo/venv/lib/python3.9/site-packages/airflow/example_dags/example_xcomargs.py
[2023-03-20T00:25:01.165-0400] {processor.py:753} INFO - DAG(s) dict_keys(['example_xcom_args', 'example_xcom_args_with_operators']) retrieved from /Users/sunanda/Downloads/python-demo/venv/lib/python3.9/site-packages/airflow/example_dags/example_xcomargs.py
[2023-03-20T00:25:01.451-0400] {logging_mixin.py:137} INFO - [2023-03-20T00:25:01.451-0400] {dag.py:2693} INFO - Sync 2 DAGs
[2023-03-20T00:25:01.458-0400] {logging_mixin.py:137} INFO - [2023-03-20T00:25:01.458-0400] {dag.py:3440} INFO - Setting next_dagrun for example_xcom_args to None, run_after=None
[2023-03-20T00:25:01.459-0400] {logging_mixin.py:137} INFO - [2023-03-20T00:25:01.459-0400] {dag.py:3440} INFO - Setting next_dagrun for example_xcom_args_with_operators to None, run_after=None
[2023-03-20T00:25:01.466-0400] {processor.py:175} INFO - Processing /Users/sunanda/Downloads/python-demo/venv/lib/python3.9/site-packages/airflow/example_dags/example_xcomargs.py took 0.324 seconds
[2023-03-20T00:25:53.085-0400] {processor.py:153} INFO - Started process (PID=59994) to work on /Users/sunanda/Downloads/python-demo/venv/lib/python3.9/site-packages/airflow/example_dags/example_xcomargs.py
[2023-03-20T00:25:53.088-0400] {processor.py:743} INFO - Processing file /Users/sunanda/Downloads/python-demo/venv/lib/python3.9/site-packages/airflow/example_dags/example_xcomargs.py for tasks to queue
[2023-03-20T00:25:53.089-0400] {logging_mixin.py:137} INFO - [2023-03-20T00:25:53.088-0400] {dagbag.py:532} INFO - Filling up the DagBag from /Users/sunanda/Downloads/python-demo/venv/lib/python3.9/site-packages/airflow/example_dags/example_xcomargs.py
[2023-03-20T00:25:53.108-0400] {processor.py:753} INFO - DAG(s) dict_keys(['example_xcom_args_with_operators', 'example_xcom_args']) retrieved from /Users/sunanda/Downloads/python-demo/venv/lib/python3.9/site-packages/airflow/example_dags/example_xcomargs.py
[2023-03-20T00:25:53.379-0400] {logging_mixin.py:137} INFO - [2023-03-20T00:25:53.379-0400] {dag.py:2693} INFO - Sync 2 DAGs
[2023-03-20T00:25:53.385-0400] {logging_mixin.py:137} INFO - [2023-03-20T00:25:53.385-0400] {dag.py:3440} INFO - Setting next_dagrun for example_xcom_args to None, run_after=None
[2023-03-20T00:25:53.386-0400] {logging_mixin.py:137} INFO - [2023-03-20T00:25:53.386-0400] {dag.py:3440} INFO - Setting next_dagrun for example_xcom_args_with_operators to None, run_after=None
[2023-03-20T00:25:53.392-0400] {processor.py:175} INFO - Processing /Users/sunanda/Downloads/python-demo/venv/lib/python3.9/site-packages/airflow/example_dags/example_xcomargs.py took 0.308 seconds
[2023-03-20T08:53:59.844-0400] {processor.py:153} INFO - Started process (PID=5843) to work on /Users/sunanda/Downloads/airflow/py_env/lib/python3.9/site-packages/airflow/example_dags/example_xcomargs.py
[2023-03-20T08:53:59.847-0400] {processor.py:743} INFO - Processing file /Users/sunanda/Downloads/airflow/py_env/lib/python3.9/site-packages/airflow/example_dags/example_xcomargs.py for tasks to queue
[2023-03-20T08:53:59.847-0400] {logging_mixin.py:137} INFO - [2023-03-20T08:53:59.847-0400] {dagbag.py:538} INFO - Filling up the DagBag from /Users/sunanda/Downloads/airflow/py_env/lib/python3.9/site-packages/airflow/example_dags/example_xcomargs.py
[2023-03-20T08:53:59.867-0400] {processor.py:753} INFO - DAG(s) dict_keys(['example_xcom_args_with_operators', 'example_xcom_args']) retrieved from /Users/sunanda/Downloads/airflow/py_env/lib/python3.9/site-packages/airflow/example_dags/example_xcomargs.py
[2023-03-20T08:54:00.065-0400] {logging_mixin.py:137} INFO - [2023-03-20T08:54:00.065-0400] {dag.py:2690} INFO - Sync 2 DAGs
[2023-03-20T08:54:00.073-0400] {logging_mixin.py:137} INFO - [2023-03-20T08:54:00.073-0400] {dag.py:3437} INFO - Setting next_dagrun for example_xcom_args to None, run_after=None
[2023-03-20T08:54:00.074-0400] {logging_mixin.py:137} INFO - [2023-03-20T08:54:00.074-0400] {dag.py:3437} INFO - Setting next_dagrun for example_xcom_args_with_operators to None, run_after=None
[2023-03-20T08:54:00.082-0400] {processor.py:175} INFO - Processing /Users/sunanda/Downloads/airflow/py_env/lib/python3.9/site-packages/airflow/example_dags/example_xcomargs.py took 0.239 seconds
[2023-03-20T08:55:15.034-0400] {processor.py:153} INFO - Started process (PID=5955) to work on /Users/sunanda/Downloads/airflow/py_env/lib/python3.9/site-packages/airflow/example_dags/example_xcomargs.py
[2023-03-20T08:55:15.037-0400] {processor.py:743} INFO - Processing file /Users/sunanda/Downloads/airflow/py_env/lib/python3.9/site-packages/airflow/example_dags/example_xcomargs.py for tasks to queue
[2023-03-20T08:55:15.037-0400] {logging_mixin.py:137} INFO - [2023-03-20T08:55:15.037-0400] {dagbag.py:538} INFO - Filling up the DagBag from /Users/sunanda/Downloads/airflow/py_env/lib/python3.9/site-packages/airflow/example_dags/example_xcomargs.py
[2023-03-20T08:55:15.056-0400] {processor.py:753} INFO - DAG(s) dict_keys(['example_xcom_args', 'example_xcom_args_with_operators']) retrieved from /Users/sunanda/Downloads/airflow/py_env/lib/python3.9/site-packages/airflow/example_dags/example_xcomargs.py
[2023-03-20T08:55:15.246-0400] {logging_mixin.py:137} INFO - [2023-03-20T08:55:15.246-0400] {dag.py:2690} INFO - Sync 2 DAGs
[2023-03-20T08:55:15.253-0400] {logging_mixin.py:137} INFO - [2023-03-20T08:55:15.253-0400] {dag.py:3437} INFO - Setting next_dagrun for example_xcom_args to None, run_after=None
[2023-03-20T08:55:15.254-0400] {logging_mixin.py:137} INFO - [2023-03-20T08:55:15.254-0400] {dag.py:3437} INFO - Setting next_dagrun for example_xcom_args_with_operators to None, run_after=None
[2023-03-20T08:55:15.261-0400] {processor.py:175} INFO - Processing /Users/sunanda/Downloads/airflow/py_env/lib/python3.9/site-packages/airflow/example_dags/example_xcomargs.py took 0.227 seconds
[2023-03-20T18:50:05.677-0400] {processor.py:153} INFO - Started process (PID=1139) to work on /Users/sunanda/Downloads/airflow/py_env/lib/python3.9/site-packages/airflow/example_dags/example_xcomargs.py
[2023-03-20T18:50:05.679-0400] {processor.py:743} INFO - Processing file /Users/sunanda/Downloads/airflow/py_env/lib/python3.9/site-packages/airflow/example_dags/example_xcomargs.py for tasks to queue
[2023-03-20T18:50:05.679-0400] {logging_mixin.py:137} INFO - [2023-03-20T18:50:05.679-0400] {dagbag.py:538} INFO - Filling up the DagBag from /Users/sunanda/Downloads/airflow/py_env/lib/python3.9/site-packages/airflow/example_dags/example_xcomargs.py
[2023-03-20T18:50:05.698-0400] {processor.py:753} INFO - DAG(s) dict_keys(['example_xcom_args', 'example_xcom_args_with_operators']) retrieved from /Users/sunanda/Downloads/airflow/py_env/lib/python3.9/site-packages/airflow/example_dags/example_xcomargs.py
[2023-03-20T18:50:05.881-0400] {logging_mixin.py:137} INFO - [2023-03-20T18:50:05.881-0400] {dag.py:2690} INFO - Sync 2 DAGs
[2023-03-20T18:50:05.887-0400] {logging_mixin.py:137} INFO - [2023-03-20T18:50:05.887-0400] {dag.py:3437} INFO - Setting next_dagrun for example_xcom_args to None, run_after=None
[2023-03-20T18:50:05.888-0400] {logging_mixin.py:137} INFO - [2023-03-20T18:50:05.888-0400] {dag.py:3437} INFO - Setting next_dagrun for example_xcom_args_with_operators to None, run_after=None
[2023-03-20T18:50:05.895-0400] {processor.py:175} INFO - Processing /Users/sunanda/Downloads/airflow/py_env/lib/python3.9/site-packages/airflow/example_dags/example_xcomargs.py took 0.218 seconds
[2023-03-20T18:51:15.676-0400] {processor.py:153} INFO - Started process (PID=1276) to work on /Users/sunanda/Downloads/airflow/py_env/lib/python3.9/site-packages/airflow/example_dags/example_xcomargs.py
[2023-03-20T18:51:15.678-0400] {processor.py:743} INFO - Processing file /Users/sunanda/Downloads/airflow/py_env/lib/python3.9/site-packages/airflow/example_dags/example_xcomargs.py for tasks to queue
[2023-03-20T18:51:15.678-0400] {logging_mixin.py:137} INFO - [2023-03-20T18:51:15.678-0400] {dagbag.py:538} INFO - Filling up the DagBag from /Users/sunanda/Downloads/airflow/py_env/lib/python3.9/site-packages/airflow/example_dags/example_xcomargs.py
[2023-03-20T18:51:15.698-0400] {processor.py:753} INFO - DAG(s) dict_keys(['example_xcom_args', 'example_xcom_args_with_operators']) retrieved from /Users/sunanda/Downloads/airflow/py_env/lib/python3.9/site-packages/airflow/example_dags/example_xcomargs.py
[2023-03-20T18:51:15.895-0400] {logging_mixin.py:137} INFO - [2023-03-20T18:51:15.895-0400] {dag.py:2690} INFO - Sync 2 DAGs
[2023-03-20T18:51:15.902-0400] {logging_mixin.py:137} INFO - [2023-03-20T18:51:15.902-0400] {dag.py:3437} INFO - Setting next_dagrun for example_xcom_args to None, run_after=None
[2023-03-20T18:51:15.903-0400] {logging_mixin.py:137} INFO - [2023-03-20T18:51:15.903-0400] {dag.py:3437} INFO - Setting next_dagrun for example_xcom_args_with_operators to None, run_after=None
[2023-03-20T18:51:15.909-0400] {processor.py:175} INFO - Processing /Users/sunanda/Downloads/airflow/py_env/lib/python3.9/site-packages/airflow/example_dags/example_xcomargs.py took 0.234 seconds
