[2023-03-20T00:24:16.280-0400] {processor.py:153} INFO - Started process (PID=59834) to work on /Users/sunanda/Downloads/python-demo/venv/lib/python3.9/site-packages/airflow/example_dags/example_latest_only.py
[2023-03-20T00:24:16.282-0400] {processor.py:743} INFO - Processing file /Users/sunanda/Downloads/python-demo/venv/lib/python3.9/site-packages/airflow/example_dags/example_latest_only.py for tasks to queue
[2023-03-20T00:24:16.282-0400] {logging_mixin.py:137} INFO - [2023-03-20T00:24:16.282-0400] {dagbag.py:532} INFO - Filling up the DagBag from /Users/sunanda/Downloads/python-demo/venv/lib/python3.9/site-packages/airflow/example_dags/example_latest_only.py
[2023-03-20T00:24:16.293-0400] {processor.py:753} INFO - DAG(s) dict_keys(['latest_only']) retrieved from /Users/sunanda/Downloads/python-demo/venv/lib/python3.9/site-packages/airflow/example_dags/example_latest_only.py
[2023-03-20T00:24:16.588-0400] {logging_mixin.py:137} INFO - [2023-03-20T00:24:16.588-0400] {dag.py:2693} INFO - Sync 1 DAGs
[2023-03-20T00:24:16.595-0400] {logging_mixin.py:137} INFO - [2023-03-20T00:24:16.595-0400] {dag.py:3440} INFO - Setting next_dagrun for latest_only to 2023-03-20T00:24:16.595433+00:00, run_after=2023-03-20T04:24:16.595433+00:00
[2023-03-20T00:24:16.604-0400] {processor.py:175} INFO - Processing /Users/sunanda/Downloads/python-demo/venv/lib/python3.9/site-packages/airflow/example_dags/example_latest_only.py took 0.325 seconds
[2023-03-20T00:25:58.198-0400] {processor.py:153} INFO - Started process (PID=60003) to work on /Users/sunanda/Downloads/python-demo/venv/lib/python3.9/site-packages/airflow/example_dags/example_latest_only.py
[2023-03-20T00:25:58.200-0400] {processor.py:743} INFO - Processing file /Users/sunanda/Downloads/python-demo/venv/lib/python3.9/site-packages/airflow/example_dags/example_latest_only.py for tasks to queue
[2023-03-20T00:25:58.201-0400] {logging_mixin.py:137} INFO - [2023-03-20T00:25:58.201-0400] {dagbag.py:532} INFO - Filling up the DagBag from /Users/sunanda/Downloads/python-demo/venv/lib/python3.9/site-packages/airflow/example_dags/example_latest_only.py
[2023-03-20T00:25:58.216-0400] {processor.py:753} INFO - DAG(s) dict_keys(['latest_only']) retrieved from /Users/sunanda/Downloads/python-demo/venv/lib/python3.9/site-packages/airflow/example_dags/example_latest_only.py
[2023-03-20T00:25:58.543-0400] {logging_mixin.py:137} INFO - [2023-03-20T00:25:58.543-0400] {dag.py:2693} INFO - Sync 1 DAGs
[2023-03-20T00:25:58.551-0400] {logging_mixin.py:137} INFO - [2023-03-20T00:25:58.551-0400] {dag.py:3440} INFO - Setting next_dagrun for latest_only to 2023-03-20T00:25:58.551811+00:00, run_after=2023-03-20T04:25:58.551811+00:00
[2023-03-20T00:25:58.560-0400] {processor.py:175} INFO - Processing /Users/sunanda/Downloads/python-demo/venv/lib/python3.9/site-packages/airflow/example_dags/example_latest_only.py took 0.363 seconds
[2023-03-20T08:54:35.006-0400] {processor.py:153} INFO - Started process (PID=5895) to work on /Users/sunanda/Downloads/airflow/py_env/lib/python3.9/site-packages/airflow/example_dags/example_latest_only.py
[2023-03-20T08:54:35.009-0400] {processor.py:743} INFO - Processing file /Users/sunanda/Downloads/airflow/py_env/lib/python3.9/site-packages/airflow/example_dags/example_latest_only.py for tasks to queue
[2023-03-20T08:54:35.010-0400] {logging_mixin.py:137} INFO - [2023-03-20T08:54:35.010-0400] {dagbag.py:538} INFO - Filling up the DagBag from /Users/sunanda/Downloads/airflow/py_env/lib/python3.9/site-packages/airflow/example_dags/example_latest_only.py
[2023-03-20T08:54:35.019-0400] {processor.py:753} INFO - DAG(s) dict_keys(['latest_only']) retrieved from /Users/sunanda/Downloads/airflow/py_env/lib/python3.9/site-packages/airflow/example_dags/example_latest_only.py
[2023-03-20T08:54:35.215-0400] {logging_mixin.py:137} INFO - [2023-03-20T08:54:35.215-0400] {dag.py:2690} INFO - Sync 1 DAGs
[2023-03-20T08:54:35.222-0400] {logging_mixin.py:137} INFO - [2023-03-20T08:54:35.222-0400] {dag.py:3437} INFO - Setting next_dagrun for latest_only to 2023-03-20T08:54:35.222522+00:00, run_after=2023-03-20T12:54:35.222522+00:00
[2023-03-20T08:54:35.230-0400] {processor.py:175} INFO - Processing /Users/sunanda/Downloads/airflow/py_env/lib/python3.9/site-packages/airflow/example_dags/example_latest_only.py took 0.224 seconds
[2023-03-20T18:50:38.895-0400] {processor.py:153} INFO - Started process (PID=1207) to work on /Users/sunanda/Downloads/airflow/py_env/lib/python3.9/site-packages/airflow/example_dags/example_latest_only.py
[2023-03-20T18:50:38.897-0400] {processor.py:743} INFO - Processing file /Users/sunanda/Downloads/airflow/py_env/lib/python3.9/site-packages/airflow/example_dags/example_latest_only.py for tasks to queue
[2023-03-20T18:50:38.897-0400] {logging_mixin.py:137} INFO - [2023-03-20T18:50:38.897-0400] {dagbag.py:538} INFO - Filling up the DagBag from /Users/sunanda/Downloads/airflow/py_env/lib/python3.9/site-packages/airflow/example_dags/example_latest_only.py
[2023-03-20T18:50:38.908-0400] {processor.py:753} INFO - DAG(s) dict_keys(['latest_only']) retrieved from /Users/sunanda/Downloads/airflow/py_env/lib/python3.9/site-packages/airflow/example_dags/example_latest_only.py
[2023-03-20T18:50:39.096-0400] {logging_mixin.py:137} INFO - [2023-03-20T18:50:39.096-0400] {dag.py:2690} INFO - Sync 1 DAGs
[2023-03-20T18:50:39.102-0400] {logging_mixin.py:137} INFO - [2023-03-20T18:50:39.102-0400] {dag.py:3437} INFO - Setting next_dagrun for latest_only to 2023-03-20T18:50:39.102608+00:00, run_after=2023-03-20T22:50:39.102608+00:00
[2023-03-20T18:50:39.109-0400] {processor.py:175} INFO - Processing /Users/sunanda/Downloads/airflow/py_env/lib/python3.9/site-packages/airflow/example_dags/example_latest_only.py took 0.214 seconds
