[2023-03-20T00:23:45.332-0400] {processor.py:153} INFO - Started process (PID=59787) to work on /Users/sunanda/Downloads/python-demo/venv/lib/python3.9/site-packages/airflow/example_dags/example_trigger_controller_dag.py
[2023-03-20T00:23:45.334-0400] {processor.py:743} INFO - Processing file /Users/sunanda/Downloads/python-demo/venv/lib/python3.9/site-packages/airflow/example_dags/example_trigger_controller_dag.py for tasks to queue
[2023-03-20T00:23:45.334-0400] {logging_mixin.py:137} INFO - [2023-03-20T00:23:45.334-0400] {dagbag.py:532} INFO - Filling up the DagBag from /Users/sunanda/Downloads/python-demo/venv/lib/python3.9/site-packages/airflow/example_dags/example_trigger_controller_dag.py
[2023-03-20T00:23:45.345-0400] {processor.py:753} INFO - DAG(s) dict_keys(['example_trigger_controller_dag']) retrieved from /Users/sunanda/Downloads/python-demo/venv/lib/python3.9/site-packages/airflow/example_dags/example_trigger_controller_dag.py
[2023-03-20T00:23:45.626-0400] {logging_mixin.py:137} INFO - [2023-03-20T00:23:45.626-0400] {dag.py:2693} INFO - Sync 1 DAGs
[2023-03-20T00:23:45.633-0400] {logging_mixin.py:137} INFO - [2023-03-20T00:23:45.633-0400] {dag.py:3440} INFO - Setting next_dagrun for example_trigger_controller_dag to 2021-01-01T00:00:00+00:00, run_after=2021-01-01T00:00:00+00:00
[2023-03-20T00:23:45.641-0400] {processor.py:175} INFO - Processing /Users/sunanda/Downloads/python-demo/venv/lib/python3.9/site-packages/airflow/example_dags/example_trigger_controller_dag.py took 0.309 seconds
[2023-03-20T00:25:07.063-0400] {processor.py:153} INFO - Started process (PID=59913) to work on /Users/sunanda/Downloads/python-demo/venv/lib/python3.9/site-packages/airflow/example_dags/example_trigger_controller_dag.py
[2023-03-20T00:25:07.066-0400] {processor.py:743} INFO - Processing file /Users/sunanda/Downloads/python-demo/venv/lib/python3.9/site-packages/airflow/example_dags/example_trigger_controller_dag.py for tasks to queue
[2023-03-20T00:25:07.066-0400] {logging_mixin.py:137} INFO - [2023-03-20T00:25:07.066-0400] {dagbag.py:532} INFO - Filling up the DagBag from /Users/sunanda/Downloads/python-demo/venv/lib/python3.9/site-packages/airflow/example_dags/example_trigger_controller_dag.py
[2023-03-20T00:25:07.076-0400] {processor.py:753} INFO - DAG(s) dict_keys(['example_trigger_controller_dag']) retrieved from /Users/sunanda/Downloads/python-demo/venv/lib/python3.9/site-packages/airflow/example_dags/example_trigger_controller_dag.py
[2023-03-20T00:25:07.362-0400] {logging_mixin.py:137} INFO - [2023-03-20T00:25:07.362-0400] {dag.py:2693} INFO - Sync 1 DAGs
[2023-03-20T00:25:07.369-0400] {logging_mixin.py:137} INFO - [2023-03-20T00:25:07.369-0400] {dag.py:3440} INFO - Setting next_dagrun for example_trigger_controller_dag to 2021-01-01T00:00:00+00:00, run_after=2021-01-01T00:00:00+00:00
[2023-03-20T00:25:07.376-0400] {processor.py:175} INFO - Processing /Users/sunanda/Downloads/python-demo/venv/lib/python3.9/site-packages/airflow/example_dags/example_trigger_controller_dag.py took 0.314 seconds
[2023-03-20T00:26:45.817-0400] {processor.py:153} INFO - Started process (PID=60075) to work on /Users/sunanda/Downloads/python-demo/venv/lib/python3.9/site-packages/airflow/example_dags/example_trigger_controller_dag.py
[2023-03-20T00:26:45.820-0400] {processor.py:743} INFO - Processing file /Users/sunanda/Downloads/python-demo/venv/lib/python3.9/site-packages/airflow/example_dags/example_trigger_controller_dag.py for tasks to queue
[2023-03-20T00:26:45.821-0400] {logging_mixin.py:137} INFO - [2023-03-20T00:26:45.821-0400] {dagbag.py:532} INFO - Filling up the DagBag from /Users/sunanda/Downloads/python-demo/venv/lib/python3.9/site-packages/airflow/example_dags/example_trigger_controller_dag.py
[2023-03-20T00:26:45.831-0400] {processor.py:753} INFO - DAG(s) dict_keys(['example_trigger_controller_dag']) retrieved from /Users/sunanda/Downloads/python-demo/venv/lib/python3.9/site-packages/airflow/example_dags/example_trigger_controller_dag.py
[2023-03-20T00:26:46.104-0400] {logging_mixin.py:137} INFO - [2023-03-20T00:26:46.104-0400] {dag.py:2693} INFO - Sync 1 DAGs
[2023-03-20T00:26:46.110-0400] {logging_mixin.py:137} INFO - [2023-03-20T00:26:46.110-0400] {dag.py:3440} INFO - Setting next_dagrun for example_trigger_controller_dag to 2021-01-01T00:00:00+00:00, run_after=2021-01-01T00:00:00+00:00
[2023-03-20T00:26:46.117-0400] {processor.py:175} INFO - Processing /Users/sunanda/Downloads/python-demo/venv/lib/python3.9/site-packages/airflow/example_dags/example_trigger_controller_dag.py took 0.300 seconds
[2023-03-20T08:54:05.671-0400] {processor.py:153} INFO - Started process (PID=5852) to work on /Users/sunanda/Downloads/airflow/py_env/lib/python3.9/site-packages/airflow/example_dags/example_trigger_controller_dag.py
[2023-03-20T08:54:05.674-0400] {processor.py:743} INFO - Processing file /Users/sunanda/Downloads/airflow/py_env/lib/python3.9/site-packages/airflow/example_dags/example_trigger_controller_dag.py for tasks to queue
[2023-03-20T08:54:05.674-0400] {logging_mixin.py:137} INFO - [2023-03-20T08:54:05.674-0400] {dagbag.py:538} INFO - Filling up the DagBag from /Users/sunanda/Downloads/airflow/py_env/lib/python3.9/site-packages/airflow/example_dags/example_trigger_controller_dag.py
[2023-03-20T08:54:05.683-0400] {processor.py:753} INFO - DAG(s) dict_keys(['example_trigger_controller_dag']) retrieved from /Users/sunanda/Downloads/airflow/py_env/lib/python3.9/site-packages/airflow/example_dags/example_trigger_controller_dag.py
[2023-03-20T08:54:05.880-0400] {logging_mixin.py:137} INFO - [2023-03-20T08:54:05.880-0400] {dag.py:2690} INFO - Sync 1 DAGs
[2023-03-20T08:54:05.886-0400] {logging_mixin.py:137} INFO - [2023-03-20T08:54:05.886-0400] {dag.py:3437} INFO - Setting next_dagrun for example_trigger_controller_dag to 2021-01-01T00:00:00+00:00, run_after=2021-01-01T00:00:00+00:00
[2023-03-20T08:54:05.894-0400] {processor.py:175} INFO - Processing /Users/sunanda/Downloads/airflow/py_env/lib/python3.9/site-packages/airflow/example_dags/example_trigger_controller_dag.py took 0.224 seconds
[2023-03-20T08:55:20.035-0400] {processor.py:153} INFO - Started process (PID=5963) to work on /Users/sunanda/Downloads/airflow/py_env/lib/python3.9/site-packages/airflow/example_dags/example_trigger_controller_dag.py
[2023-03-20T08:55:20.038-0400] {processor.py:743} INFO - Processing file /Users/sunanda/Downloads/airflow/py_env/lib/python3.9/site-packages/airflow/example_dags/example_trigger_controller_dag.py for tasks to queue
[2023-03-20T08:55:20.039-0400] {logging_mixin.py:137} INFO - [2023-03-20T08:55:20.038-0400] {dagbag.py:538} INFO - Filling up the DagBag from /Users/sunanda/Downloads/airflow/py_env/lib/python3.9/site-packages/airflow/example_dags/example_trigger_controller_dag.py
[2023-03-20T08:55:20.048-0400] {processor.py:753} INFO - DAG(s) dict_keys(['example_trigger_controller_dag']) retrieved from /Users/sunanda/Downloads/airflow/py_env/lib/python3.9/site-packages/airflow/example_dags/example_trigger_controller_dag.py
[2023-03-20T08:55:20.235-0400] {logging_mixin.py:137} INFO - [2023-03-20T08:55:20.235-0400] {dag.py:2690} INFO - Sync 1 DAGs
[2023-03-20T08:55:20.242-0400] {logging_mixin.py:137} INFO - [2023-03-20T08:55:20.242-0400] {dag.py:3437} INFO - Setting next_dagrun for example_trigger_controller_dag to 2021-01-01T00:00:00+00:00, run_after=2021-01-01T00:00:00+00:00
[2023-03-20T08:55:20.248-0400] {processor.py:175} INFO - Processing /Users/sunanda/Downloads/airflow/py_env/lib/python3.9/site-packages/airflow/example_dags/example_trigger_controller_dag.py took 0.214 seconds
[2023-03-20T18:50:10.925-0400] {processor.py:153} INFO - Started process (PID=1147) to work on /Users/sunanda/Downloads/airflow/py_env/lib/python3.9/site-packages/airflow/example_dags/example_trigger_controller_dag.py
[2023-03-20T18:50:10.927-0400] {processor.py:743} INFO - Processing file /Users/sunanda/Downloads/airflow/py_env/lib/python3.9/site-packages/airflow/example_dags/example_trigger_controller_dag.py for tasks to queue
[2023-03-20T18:50:10.927-0400] {logging_mixin.py:137} INFO - [2023-03-20T18:50:10.927-0400] {dagbag.py:538} INFO - Filling up the DagBag from /Users/sunanda/Downloads/airflow/py_env/lib/python3.9/site-packages/airflow/example_dags/example_trigger_controller_dag.py
[2023-03-20T18:50:10.937-0400] {processor.py:753} INFO - DAG(s) dict_keys(['example_trigger_controller_dag']) retrieved from /Users/sunanda/Downloads/airflow/py_env/lib/python3.9/site-packages/airflow/example_dags/example_trigger_controller_dag.py
[2023-03-20T18:50:11.134-0400] {logging_mixin.py:137} INFO - [2023-03-20T18:50:11.134-0400] {dag.py:2690} INFO - Sync 1 DAGs
[2023-03-20T18:50:11.141-0400] {logging_mixin.py:137} INFO - [2023-03-20T18:50:11.141-0400] {dag.py:3437} INFO - Setting next_dagrun for example_trigger_controller_dag to 2021-01-01T00:00:00+00:00, run_after=2021-01-01T00:00:00+00:00
[2023-03-20T18:50:11.148-0400] {processor.py:175} INFO - Processing /Users/sunanda/Downloads/airflow/py_env/lib/python3.9/site-packages/airflow/example_dags/example_trigger_controller_dag.py took 0.223 seconds
[2023-03-20T18:51:21.244-0400] {processor.py:153} INFO - Started process (PID=1285) to work on /Users/sunanda/Downloads/airflow/py_env/lib/python3.9/site-packages/airflow/example_dags/example_trigger_controller_dag.py
[2023-03-20T18:51:21.246-0400] {processor.py:743} INFO - Processing file /Users/sunanda/Downloads/airflow/py_env/lib/python3.9/site-packages/airflow/example_dags/example_trigger_controller_dag.py for tasks to queue
[2023-03-20T18:51:21.246-0400] {logging_mixin.py:137} INFO - [2023-03-20T18:51:21.246-0400] {dagbag.py:538} INFO - Filling up the DagBag from /Users/sunanda/Downloads/airflow/py_env/lib/python3.9/site-packages/airflow/example_dags/example_trigger_controller_dag.py
[2023-03-20T18:51:21.255-0400] {processor.py:753} INFO - DAG(s) dict_keys(['example_trigger_controller_dag']) retrieved from /Users/sunanda/Downloads/airflow/py_env/lib/python3.9/site-packages/airflow/example_dags/example_trigger_controller_dag.py
[2023-03-20T18:51:21.443-0400] {logging_mixin.py:137} INFO - [2023-03-20T18:51:21.443-0400] {dag.py:2690} INFO - Sync 1 DAGs
[2023-03-20T18:51:21.450-0400] {logging_mixin.py:137} INFO - [2023-03-20T18:51:21.450-0400] {dag.py:3437} INFO - Setting next_dagrun for example_trigger_controller_dag to 2021-01-01T00:00:00+00:00, run_after=2021-01-01T00:00:00+00:00
[2023-03-20T18:51:21.456-0400] {processor.py:175} INFO - Processing /Users/sunanda/Downloads/airflow/py_env/lib/python3.9/site-packages/airflow/example_dags/example_trigger_controller_dag.py took 0.213 seconds
