[2023-03-20T00:24:14.298-0400] {processor.py:153} INFO - Started process (PID=59831) to work on /Users/sunanda/Downloads/python-demo/venv/lib/python3.9/site-packages/airflow/example_dags/example_latest_only_with_trigger.py
[2023-03-20T00:24:14.300-0400] {processor.py:743} INFO - Processing file /Users/sunanda/Downloads/python-demo/venv/lib/python3.9/site-packages/airflow/example_dags/example_latest_only_with_trigger.py for tasks to queue
[2023-03-20T00:24:14.300-0400] {logging_mixin.py:137} INFO - [2023-03-20T00:24:14.300-0400] {dagbag.py:532} INFO - Filling up the DagBag from /Users/sunanda/Downloads/python-demo/venv/lib/python3.9/site-packages/airflow/example_dags/example_latest_only_with_trigger.py
[2023-03-20T00:24:14.312-0400] {processor.py:753} INFO - DAG(s) dict_keys(['latest_only_with_trigger']) retrieved from /Users/sunanda/Downloads/python-demo/venv/lib/python3.9/site-packages/airflow/example_dags/example_latest_only_with_trigger.py
[2023-03-20T00:24:14.597-0400] {logging_mixin.py:137} INFO - [2023-03-20T00:24:14.597-0400] {dag.py:2693} INFO - Sync 1 DAGs
[2023-03-20T00:24:14.603-0400] {logging_mixin.py:137} INFO - [2023-03-20T00:24:14.603-0400] {dag.py:3440} INFO - Setting next_dagrun for latest_only_with_trigger to 2023-03-20T00:24:14.603699+00:00, run_after=2023-03-20T04:24:14.603699+00:00
[2023-03-20T00:24:14.613-0400] {processor.py:175} INFO - Processing /Users/sunanda/Downloads/python-demo/venv/lib/python3.9/site-packages/airflow/example_dags/example_latest_only_with_trigger.py took 0.315 seconds
[2023-03-20T00:25:56.110-0400] {processor.py:153} INFO - Started process (PID=59999) to work on /Users/sunanda/Downloads/python-demo/venv/lib/python3.9/site-packages/airflow/example_dags/example_latest_only_with_trigger.py
[2023-03-20T00:25:56.113-0400] {processor.py:743} INFO - Processing file /Users/sunanda/Downloads/python-demo/venv/lib/python3.9/site-packages/airflow/example_dags/example_latest_only_with_trigger.py for tasks to queue
[2023-03-20T00:25:56.114-0400] {logging_mixin.py:137} INFO - [2023-03-20T00:25:56.114-0400] {dagbag.py:532} INFO - Filling up the DagBag from /Users/sunanda/Downloads/python-demo/venv/lib/python3.9/site-packages/airflow/example_dags/example_latest_only_with_trigger.py
[2023-03-20T00:25:56.126-0400] {processor.py:753} INFO - DAG(s) dict_keys(['latest_only_with_trigger']) retrieved from /Users/sunanda/Downloads/python-demo/venv/lib/python3.9/site-packages/airflow/example_dags/example_latest_only_with_trigger.py
[2023-03-20T00:25:56.411-0400] {logging_mixin.py:137} INFO - [2023-03-20T00:25:56.411-0400] {dag.py:2693} INFO - Sync 1 DAGs
[2023-03-20T00:25:56.418-0400] {logging_mixin.py:137} INFO - [2023-03-20T00:25:56.418-0400] {dag.py:3440} INFO - Setting next_dagrun for latest_only_with_trigger to 2023-03-20T00:25:56.417978+00:00, run_after=2023-03-20T04:25:56.417978+00:00
[2023-03-20T00:25:56.425-0400] {processor.py:175} INFO - Processing /Users/sunanda/Downloads/python-demo/venv/lib/python3.9/site-packages/airflow/example_dags/example_latest_only_with_trigger.py took 0.315 seconds
[2023-03-20T08:54:33.105-0400] {processor.py:153} INFO - Started process (PID=5892) to work on /Users/sunanda/Downloads/airflow/py_env/lib/python3.9/site-packages/airflow/example_dags/example_latest_only_with_trigger.py
[2023-03-20T08:54:33.108-0400] {processor.py:743} INFO - Processing file /Users/sunanda/Downloads/airflow/py_env/lib/python3.9/site-packages/airflow/example_dags/example_latest_only_with_trigger.py for tasks to queue
[2023-03-20T08:54:33.108-0400] {logging_mixin.py:137} INFO - [2023-03-20T08:54:33.108-0400] {dagbag.py:538} INFO - Filling up the DagBag from /Users/sunanda/Downloads/airflow/py_env/lib/python3.9/site-packages/airflow/example_dags/example_latest_only_with_trigger.py
[2023-03-20T08:54:33.119-0400] {processor.py:753} INFO - DAG(s) dict_keys(['latest_only_with_trigger']) retrieved from /Users/sunanda/Downloads/airflow/py_env/lib/python3.9/site-packages/airflow/example_dags/example_latest_only_with_trigger.py
[2023-03-20T08:54:33.316-0400] {logging_mixin.py:137} INFO - [2023-03-20T08:54:33.316-0400] {dag.py:2690} INFO - Sync 1 DAGs
[2023-03-20T08:54:33.323-0400] {logging_mixin.py:137} INFO - [2023-03-20T08:54:33.323-0400] {dag.py:3437} INFO - Setting next_dagrun for latest_only_with_trigger to 2023-03-20T08:54:33.323048+00:00, run_after=2023-03-20T12:54:33.323048+00:00
[2023-03-20T08:54:33.330-0400] {processor.py:175} INFO - Processing /Users/sunanda/Downloads/airflow/py_env/lib/python3.9/site-packages/airflow/example_dags/example_latest_only_with_trigger.py took 0.226 seconds
[2023-03-20T18:50:37.129-0400] {processor.py:153} INFO - Started process (PID=1205) to work on /Users/sunanda/Downloads/airflow/py_env/lib/python3.9/site-packages/airflow/example_dags/example_latest_only_with_trigger.py
[2023-03-20T18:50:37.131-0400] {processor.py:743} INFO - Processing file /Users/sunanda/Downloads/airflow/py_env/lib/python3.9/site-packages/airflow/example_dags/example_latest_only_with_trigger.py for tasks to queue
[2023-03-20T18:50:37.132-0400] {logging_mixin.py:137} INFO - [2023-03-20T18:50:37.132-0400] {dagbag.py:538} INFO - Filling up the DagBag from /Users/sunanda/Downloads/airflow/py_env/lib/python3.9/site-packages/airflow/example_dags/example_latest_only_with_trigger.py
[2023-03-20T18:50:37.142-0400] {processor.py:753} INFO - DAG(s) dict_keys(['latest_only_with_trigger']) retrieved from /Users/sunanda/Downloads/airflow/py_env/lib/python3.9/site-packages/airflow/example_dags/example_latest_only_with_trigger.py
[2023-03-20T18:50:37.331-0400] {logging_mixin.py:137} INFO - [2023-03-20T18:50:37.331-0400] {dag.py:2690} INFO - Sync 1 DAGs
[2023-03-20T18:50:37.337-0400] {logging_mixin.py:137} INFO - [2023-03-20T18:50:37.337-0400] {dag.py:3437} INFO - Setting next_dagrun for latest_only_with_trigger to 2023-03-20T18:50:37.337692+00:00, run_after=2023-03-20T22:50:37.337692+00:00
[2023-03-20T18:50:37.344-0400] {processor.py:175} INFO - Processing /Users/sunanda/Downloads/airflow/py_env/lib/python3.9/site-packages/airflow/example_dags/example_latest_only_with_trigger.py took 0.215 seconds
