[2023-03-20T00:24:32.198-0400] {processor.py:153} INFO - Started process (PID=59860) to work on /Users/sunanda/Downloads/python-demo/venv/lib/python3.9/site-packages/airflow/example_dags/example_branch_operator_decorator.py
[2023-03-20T00:24:32.201-0400] {processor.py:743} INFO - Processing file /Users/sunanda/Downloads/python-demo/venv/lib/python3.9/site-packages/airflow/example_dags/example_branch_operator_decorator.py for tasks to queue
[2023-03-20T00:24:32.201-0400] {logging_mixin.py:137} INFO - [2023-03-20T00:24:32.201-0400] {dagbag.py:532} INFO - Filling up the DagBag from /Users/sunanda/Downloads/python-demo/venv/lib/python3.9/site-packages/airflow/example_dags/example_branch_operator_decorator.py
[2023-03-20T00:24:32.222-0400] {processor.py:753} INFO - DAG(s) dict_keys(['example_branch_python_operator_decorator']) retrieved from /Users/sunanda/Downloads/python-demo/venv/lib/python3.9/site-packages/airflow/example_dags/example_branch_operator_decorator.py
[2023-03-20T00:24:32.502-0400] {logging_mixin.py:137} INFO - [2023-03-20T00:24:32.502-0400] {dag.py:2693} INFO - Sync 1 DAGs
[2023-03-20T00:24:32.508-0400] {logging_mixin.py:137} INFO - [2023-03-20T00:24:32.508-0400] {dag.py:3440} INFO - Setting next_dagrun for example_branch_python_operator_decorator to 2023-03-19T00:00:00+00:00, run_after=2023-03-20T00:00:00+00:00
[2023-03-20T00:24:32.517-0400] {processor.py:175} INFO - Processing /Users/sunanda/Downloads/python-demo/venv/lib/python3.9/site-packages/airflow/example_dags/example_branch_operator_decorator.py took 0.319 seconds
[2023-03-20T00:26:13.062-0400] {processor.py:153} INFO - Started process (PID=60025) to work on /Users/sunanda/Downloads/python-demo/venv/lib/python3.9/site-packages/airflow/example_dags/example_branch_operator_decorator.py
[2023-03-20T00:26:13.065-0400] {processor.py:743} INFO - Processing file /Users/sunanda/Downloads/python-demo/venv/lib/python3.9/site-packages/airflow/example_dags/example_branch_operator_decorator.py for tasks to queue
[2023-03-20T00:26:13.065-0400] {logging_mixin.py:137} INFO - [2023-03-20T00:26:13.065-0400] {dagbag.py:532} INFO - Filling up the DagBag from /Users/sunanda/Downloads/python-demo/venv/lib/python3.9/site-packages/airflow/example_dags/example_branch_operator_decorator.py
[2023-03-20T00:26:13.085-0400] {processor.py:753} INFO - DAG(s) dict_keys(['example_branch_python_operator_decorator']) retrieved from /Users/sunanda/Downloads/python-demo/venv/lib/python3.9/site-packages/airflow/example_dags/example_branch_operator_decorator.py
[2023-03-20T00:26:13.351-0400] {logging_mixin.py:137} INFO - [2023-03-20T00:26:13.351-0400] {dag.py:2693} INFO - Sync 1 DAGs
[2023-03-20T00:26:13.358-0400] {logging_mixin.py:137} INFO - [2023-03-20T00:26:13.358-0400] {dag.py:3440} INFO - Setting next_dagrun for example_branch_python_operator_decorator to 2023-03-19T00:00:00+00:00, run_after=2023-03-20T00:00:00+00:00
[2023-03-20T00:26:13.365-0400] {processor.py:175} INFO - Processing /Users/sunanda/Downloads/python-demo/venv/lib/python3.9/site-packages/airflow/example_dags/example_branch_operator_decorator.py took 0.303 seconds
[2023-03-20T08:54:49.387-0400] {processor.py:153} INFO - Started process (PID=5917) to work on /Users/sunanda/Downloads/airflow/py_env/lib/python3.9/site-packages/airflow/example_dags/example_branch_operator_decorator.py
[2023-03-20T08:54:49.390-0400] {processor.py:743} INFO - Processing file /Users/sunanda/Downloads/airflow/py_env/lib/python3.9/site-packages/airflow/example_dags/example_branch_operator_decorator.py for tasks to queue
[2023-03-20T08:54:49.391-0400] {logging_mixin.py:137} INFO - [2023-03-20T08:54:49.391-0400] {dagbag.py:538} INFO - Filling up the DagBag from /Users/sunanda/Downloads/airflow/py_env/lib/python3.9/site-packages/airflow/example_dags/example_branch_operator_decorator.py
[2023-03-20T08:54:49.412-0400] {processor.py:753} INFO - DAG(s) dict_keys(['example_branch_python_operator_decorator']) retrieved from /Users/sunanda/Downloads/airflow/py_env/lib/python3.9/site-packages/airflow/example_dags/example_branch_operator_decorator.py
[2023-03-20T08:54:49.612-0400] {logging_mixin.py:137} INFO - [2023-03-20T08:54:49.612-0400] {dag.py:2690} INFO - Sync 1 DAGs
[2023-03-20T08:54:49.620-0400] {logging_mixin.py:137} INFO - [2023-03-20T08:54:49.620-0400] {dag.py:3437} INFO - Setting next_dagrun for example_branch_python_operator_decorator to 2023-03-19T00:00:00+00:00, run_after=2023-03-20T00:00:00+00:00
[2023-03-20T08:54:49.628-0400] {processor.py:175} INFO - Processing /Users/sunanda/Downloads/airflow/py_env/lib/python3.9/site-packages/airflow/example_dags/example_branch_operator_decorator.py took 0.241 seconds
[2023-03-20T18:50:53.521-0400] {processor.py:153} INFO - Started process (PID=1238) to work on /Users/sunanda/Downloads/airflow/py_env/lib/python3.9/site-packages/airflow/example_dags/example_branch_operator_decorator.py
[2023-03-20T18:50:53.523-0400] {processor.py:743} INFO - Processing file /Users/sunanda/Downloads/airflow/py_env/lib/python3.9/site-packages/airflow/example_dags/example_branch_operator_decorator.py for tasks to queue
[2023-03-20T18:50:53.523-0400] {logging_mixin.py:137} INFO - [2023-03-20T18:50:53.523-0400] {dagbag.py:538} INFO - Filling up the DagBag from /Users/sunanda/Downloads/airflow/py_env/lib/python3.9/site-packages/airflow/example_dags/example_branch_operator_decorator.py
[2023-03-20T18:50:53.543-0400] {processor.py:753} INFO - DAG(s) dict_keys(['example_branch_python_operator_decorator']) retrieved from /Users/sunanda/Downloads/airflow/py_env/lib/python3.9/site-packages/airflow/example_dags/example_branch_operator_decorator.py
[2023-03-20T18:50:53.728-0400] {logging_mixin.py:137} INFO - [2023-03-20T18:50:53.728-0400] {dag.py:2690} INFO - Sync 1 DAGs
[2023-03-20T18:50:53.735-0400] {logging_mixin.py:137} INFO - [2023-03-20T18:50:53.735-0400] {dag.py:3437} INFO - Setting next_dagrun for example_branch_python_operator_decorator to 2023-03-19T00:00:00+00:00, run_after=2023-03-20T00:00:00+00:00
[2023-03-20T18:50:53.743-0400] {processor.py:175} INFO - Processing /Users/sunanda/Downloads/airflow/py_env/lib/python3.9/site-packages/airflow/example_dags/example_branch_operator_decorator.py took 0.222 seconds
