[2023-03-20T00:24:30.241-0400] {processor.py:153} INFO - Started process (PID=59856) to work on /Users/sunanda/Downloads/python-demo/venv/lib/python3.9/site-packages/airflow/example_dags/example_branch_python_dop_operator_3.py
[2023-03-20T00:24:30.243-0400] {processor.py:743} INFO - Processing file /Users/sunanda/Downloads/python-demo/venv/lib/python3.9/site-packages/airflow/example_dags/example_branch_python_dop_operator_3.py for tasks to queue
[2023-03-20T00:24:30.243-0400] {logging_mixin.py:137} INFO - [2023-03-20T00:24:30.243-0400] {dagbag.py:532} INFO - Filling up the DagBag from /Users/sunanda/Downloads/python-demo/venv/lib/python3.9/site-packages/airflow/example_dags/example_branch_python_dop_operator_3.py
[2023-03-20T00:24:30.263-0400] {processor.py:753} INFO - DAG(s) dict_keys(['example_branch_dop_operator_v3']) retrieved from /Users/sunanda/Downloads/python-demo/venv/lib/python3.9/site-packages/airflow/example_dags/example_branch_python_dop_operator_3.py
[2023-03-20T00:24:30.543-0400] {logging_mixin.py:137} INFO - [2023-03-20T00:24:30.543-0400] {dag.py:2693} INFO - Sync 1 DAGs
[2023-03-20T00:24:30.551-0400] {logging_mixin.py:137} INFO - [2023-03-20T00:24:30.551-0400] {dag.py:3440} INFO - Setting next_dagrun for example_branch_dop_operator_v3 to 2023-03-20T04:23:00+00:00, run_after=2023-03-20T04:24:00+00:00
[2023-03-20T00:24:30.560-0400] {processor.py:175} INFO - Processing /Users/sunanda/Downloads/python-demo/venv/lib/python3.9/site-packages/airflow/example_dags/example_branch_python_dop_operator_3.py took 0.320 seconds
[2023-03-20T00:26:11.983-0400] {processor.py:153} INFO - Started process (PID=60023) to work on /Users/sunanda/Downloads/python-demo/venv/lib/python3.9/site-packages/airflow/example_dags/example_branch_python_dop_operator_3.py
[2023-03-20T00:26:11.986-0400] {processor.py:743} INFO - Processing file /Users/sunanda/Downloads/python-demo/venv/lib/python3.9/site-packages/airflow/example_dags/example_branch_python_dop_operator_3.py for tasks to queue
[2023-03-20T00:26:11.986-0400] {logging_mixin.py:137} INFO - [2023-03-20T00:26:11.986-0400] {dagbag.py:532} INFO - Filling up the DagBag from /Users/sunanda/Downloads/python-demo/venv/lib/python3.9/site-packages/airflow/example_dags/example_branch_python_dop_operator_3.py
[2023-03-20T00:26:12.006-0400] {processor.py:753} INFO - DAG(s) dict_keys(['example_branch_dop_operator_v3']) retrieved from /Users/sunanda/Downloads/python-demo/venv/lib/python3.9/site-packages/airflow/example_dags/example_branch_python_dop_operator_3.py
[2023-03-20T00:26:12.275-0400] {logging_mixin.py:137} INFO - [2023-03-20T00:26:12.275-0400] {dag.py:2693} INFO - Sync 1 DAGs
[2023-03-20T00:26:12.284-0400] {logging_mixin.py:137} INFO - [2023-03-20T00:26:12.284-0400] {dag.py:3440} INFO - Setting next_dagrun for example_branch_dop_operator_v3 to 2023-03-20T04:25:00+00:00, run_after=2023-03-20T04:26:00+00:00
[2023-03-20T00:26:12.291-0400] {processor.py:175} INFO - Processing /Users/sunanda/Downloads/python-demo/venv/lib/python3.9/site-packages/airflow/example_dags/example_branch_python_dop_operator_3.py took 0.309 seconds
[2023-03-20T08:54:48.250-0400] {processor.py:153} INFO - Started process (PID=5915) to work on /Users/sunanda/Downloads/airflow/py_env/lib/python3.9/site-packages/airflow/example_dags/example_branch_python_dop_operator_3.py
[2023-03-20T08:54:48.253-0400] {processor.py:743} INFO - Processing file /Users/sunanda/Downloads/airflow/py_env/lib/python3.9/site-packages/airflow/example_dags/example_branch_python_dop_operator_3.py for tasks to queue
[2023-03-20T08:54:48.253-0400] {logging_mixin.py:137} INFO - [2023-03-20T08:54:48.253-0400] {dagbag.py:538} INFO - Filling up the DagBag from /Users/sunanda/Downloads/airflow/py_env/lib/python3.9/site-packages/airflow/example_dags/example_branch_python_dop_operator_3.py
[2023-03-20T08:54:48.273-0400] {processor.py:753} INFO - DAG(s) dict_keys(['example_branch_dop_operator_v3']) retrieved from /Users/sunanda/Downloads/airflow/py_env/lib/python3.9/site-packages/airflow/example_dags/example_branch_python_dop_operator_3.py
[2023-03-20T08:54:48.465-0400] {logging_mixin.py:137} INFO - [2023-03-20T08:54:48.465-0400] {dag.py:2690} INFO - Sync 1 DAGs
[2023-03-20T08:54:48.473-0400] {logging_mixin.py:137} INFO - [2023-03-20T08:54:48.473-0400] {dag.py:3437} INFO - Setting next_dagrun for example_branch_dop_operator_v3 to 2023-03-20T12:53:00+00:00, run_after=2023-03-20T12:54:00+00:00
[2023-03-20T08:54:48.481-0400] {processor.py:175} INFO - Processing /Users/sunanda/Downloads/airflow/py_env/lib/python3.9/site-packages/airflow/example_dags/example_branch_python_dop_operator_3.py took 0.232 seconds
[2023-03-20T18:50:51.666-0400] {processor.py:153} INFO - Started process (PID=1235) to work on /Users/sunanda/Downloads/airflow/py_env/lib/python3.9/site-packages/airflow/example_dags/example_branch_python_dop_operator_3.py
[2023-03-20T18:50:51.668-0400] {processor.py:743} INFO - Processing file /Users/sunanda/Downloads/airflow/py_env/lib/python3.9/site-packages/airflow/example_dags/example_branch_python_dop_operator_3.py for tasks to queue
[2023-03-20T18:50:51.668-0400] {logging_mixin.py:137} INFO - [2023-03-20T18:50:51.668-0400] {dagbag.py:538} INFO - Filling up the DagBag from /Users/sunanda/Downloads/airflow/py_env/lib/python3.9/site-packages/airflow/example_dags/example_branch_python_dop_operator_3.py
[2023-03-20T18:50:51.688-0400] {processor.py:753} INFO - DAG(s) dict_keys(['example_branch_dop_operator_v3']) retrieved from /Users/sunanda/Downloads/airflow/py_env/lib/python3.9/site-packages/airflow/example_dags/example_branch_python_dop_operator_3.py
[2023-03-20T18:50:51.871-0400] {logging_mixin.py:137} INFO - [2023-03-20T18:50:51.871-0400] {dag.py:2690} INFO - Sync 1 DAGs
[2023-03-20T18:50:51.879-0400] {logging_mixin.py:137} INFO - [2023-03-20T18:50:51.879-0400] {dag.py:3437} INFO - Setting next_dagrun for example_branch_dop_operator_v3 to 2023-03-20T22:49:00+00:00, run_after=2023-03-20T22:50:00+00:00
[2023-03-20T18:50:51.887-0400] {processor.py:175} INFO - Processing /Users/sunanda/Downloads/airflow/py_env/lib/python3.9/site-packages/airflow/example_dags/example_branch_python_dop_operator_3.py took 0.221 seconds
