[2023-03-20T00:23:54.380-0400] {processor.py:153} INFO - Started process (PID=59800) to work on /Users/sunanda/Downloads/python-demo/venv/lib/python3.9/site-packages/airflow/example_dags/example_sla_dag.py
[2023-03-20T00:23:54.382-0400] {processor.py:743} INFO - Processing file /Users/sunanda/Downloads/python-demo/venv/lib/python3.9/site-packages/airflow/example_dags/example_sla_dag.py for tasks to queue
[2023-03-20T00:23:54.383-0400] {logging_mixin.py:137} INFO - [2023-03-20T00:23:54.383-0400] {dagbag.py:532} INFO - Filling up the DagBag from /Users/sunanda/Downloads/python-demo/venv/lib/python3.9/site-packages/airflow/example_dags/example_sla_dag.py
[2023-03-20T00:23:54.402-0400] {processor.py:753} INFO - DAG(s) dict_keys(['example_sla_dag']) retrieved from /Users/sunanda/Downloads/python-demo/venv/lib/python3.9/site-packages/airflow/example_dags/example_sla_dag.py
[2023-03-20T00:23:54.679-0400] {logging_mixin.py:137} INFO - [2023-03-20T00:23:54.679-0400] {dag.py:2693} INFO - Sync 1 DAGs
[2023-03-20T00:23:54.687-0400] {logging_mixin.py:137} INFO - [2023-03-20T00:23:54.687-0400] {dag.py:3440} INFO - Setting next_dagrun for example_sla_dag to 2023-03-20T04:20:00+00:00, run_after=2023-03-20T04:22:00+00:00
[2023-03-20T00:23:54.696-0400] {processor.py:175} INFO - Processing /Users/sunanda/Downloads/python-demo/venv/lib/python3.9/site-packages/airflow/example_dags/example_sla_dag.py took 0.316 seconds
[2023-03-20T00:25:15.004-0400] {processor.py:153} INFO - Started process (PID=59928) to work on /Users/sunanda/Downloads/python-demo/venv/lib/python3.9/site-packages/airflow/example_dags/example_sla_dag.py
[2023-03-20T00:25:15.007-0400] {processor.py:743} INFO - Processing file /Users/sunanda/Downloads/python-demo/venv/lib/python3.9/site-packages/airflow/example_dags/example_sla_dag.py for tasks to queue
[2023-03-20T00:25:15.007-0400] {logging_mixin.py:137} INFO - [2023-03-20T00:25:15.007-0400] {dagbag.py:532} INFO - Filling up the DagBag from /Users/sunanda/Downloads/python-demo/venv/lib/python3.9/site-packages/airflow/example_dags/example_sla_dag.py
[2023-03-20T00:25:15.026-0400] {processor.py:753} INFO - DAG(s) dict_keys(['example_sla_dag']) retrieved from /Users/sunanda/Downloads/python-demo/venv/lib/python3.9/site-packages/airflow/example_dags/example_sla_dag.py
[2023-03-20T00:25:15.307-0400] {logging_mixin.py:137} INFO - [2023-03-20T00:25:15.307-0400] {dag.py:2693} INFO - Sync 1 DAGs
[2023-03-20T00:25:15.315-0400] {logging_mixin.py:137} INFO - [2023-03-20T00:25:15.315-0400] {dag.py:3440} INFO - Setting next_dagrun for example_sla_dag to 2023-03-20T04:22:00+00:00, run_after=2023-03-20T04:24:00+00:00
[2023-03-20T00:25:15.322-0400] {processor.py:175} INFO - Processing /Users/sunanda/Downloads/python-demo/venv/lib/python3.9/site-packages/airflow/example_dags/example_sla_dag.py took 0.318 seconds
[2023-03-20T08:54:15.259-0400] {processor.py:153} INFO - Started process (PID=5866) to work on /Users/sunanda/Downloads/airflow/py_env/lib/python3.9/site-packages/airflow/example_dags/example_sla_dag.py
[2023-03-20T08:54:15.262-0400] {processor.py:743} INFO - Processing file /Users/sunanda/Downloads/airflow/py_env/lib/python3.9/site-packages/airflow/example_dags/example_sla_dag.py for tasks to queue
[2023-03-20T08:54:15.262-0400] {logging_mixin.py:137} INFO - [2023-03-20T08:54:15.262-0400] {dagbag.py:538} INFO - Filling up the DagBag from /Users/sunanda/Downloads/airflow/py_env/lib/python3.9/site-packages/airflow/example_dags/example_sla_dag.py
[2023-03-20T08:54:15.280-0400] {processor.py:753} INFO - DAG(s) dict_keys(['example_sla_dag']) retrieved from /Users/sunanda/Downloads/airflow/py_env/lib/python3.9/site-packages/airflow/example_dags/example_sla_dag.py
[2023-03-20T08:54:15.473-0400] {logging_mixin.py:137} INFO - [2023-03-20T08:54:15.473-0400] {dag.py:2690} INFO - Sync 1 DAGs
[2023-03-20T08:54:15.481-0400] {logging_mixin.py:137} INFO - [2023-03-20T08:54:15.481-0400] {dag.py:3437} INFO - Setting next_dagrun for example_sla_dag to 2023-03-20T12:52:00+00:00, run_after=2023-03-20T12:54:00+00:00
[2023-03-20T08:54:15.489-0400] {processor.py:175} INFO - Processing /Users/sunanda/Downloads/airflow/py_env/lib/python3.9/site-packages/airflow/example_dags/example_sla_dag.py took 0.230 seconds
[2023-03-20T08:55:28.502-0400] {processor.py:153} INFO - Started process (PID=5976) to work on /Users/sunanda/Downloads/airflow/py_env/lib/python3.9/site-packages/airflow/example_dags/example_sla_dag.py
[2023-03-20T08:55:28.505-0400] {processor.py:743} INFO - Processing file /Users/sunanda/Downloads/airflow/py_env/lib/python3.9/site-packages/airflow/example_dags/example_sla_dag.py for tasks to queue
[2023-03-20T08:55:28.505-0400] {logging_mixin.py:137} INFO - [2023-03-20T08:55:28.505-0400] {dagbag.py:538} INFO - Filling up the DagBag from /Users/sunanda/Downloads/airflow/py_env/lib/python3.9/site-packages/airflow/example_dags/example_sla_dag.py
[2023-03-20T08:55:28.524-0400] {processor.py:753} INFO - DAG(s) dict_keys(['example_sla_dag']) retrieved from /Users/sunanda/Downloads/airflow/py_env/lib/python3.9/site-packages/airflow/example_dags/example_sla_dag.py
[2023-03-20T08:55:28.713-0400] {logging_mixin.py:137} INFO - [2023-03-20T08:55:28.713-0400] {dag.py:2690} INFO - Sync 1 DAGs
[2023-03-20T08:55:28.720-0400] {logging_mixin.py:137} INFO - [2023-03-20T08:55:28.720-0400] {dag.py:3437} INFO - Setting next_dagrun for example_sla_dag to 2023-03-20T12:52:00+00:00, run_after=2023-03-20T12:54:00+00:00
[2023-03-20T08:55:28.727-0400] {processor.py:175} INFO - Processing /Users/sunanda/Downloads/airflow/py_env/lib/python3.9/site-packages/airflow/example_dags/example_sla_dag.py took 0.226 seconds
[2023-03-20T18:50:20.248-0400] {processor.py:153} INFO - Started process (PID=1177) to work on /Users/sunanda/Downloads/airflow/py_env/lib/python3.9/site-packages/airflow/example_dags/example_sla_dag.py
[2023-03-20T18:50:20.250-0400] {processor.py:743} INFO - Processing file /Users/sunanda/Downloads/airflow/py_env/lib/python3.9/site-packages/airflow/example_dags/example_sla_dag.py for tasks to queue
[2023-03-20T18:50:20.250-0400] {logging_mixin.py:137} INFO - [2023-03-20T18:50:20.250-0400] {dagbag.py:538} INFO - Filling up the DagBag from /Users/sunanda/Downloads/airflow/py_env/lib/python3.9/site-packages/airflow/example_dags/example_sla_dag.py
[2023-03-20T18:50:20.269-0400] {processor.py:753} INFO - DAG(s) dict_keys(['example_sla_dag']) retrieved from /Users/sunanda/Downloads/airflow/py_env/lib/python3.9/site-packages/airflow/example_dags/example_sla_dag.py
[2023-03-20T18:50:20.452-0400] {logging_mixin.py:137} INFO - [2023-03-20T18:50:20.452-0400] {dag.py:2690} INFO - Sync 1 DAGs
[2023-03-20T18:50:20.460-0400] {logging_mixin.py:137} INFO - [2023-03-20T18:50:20.460-0400] {dag.py:3437} INFO - Setting next_dagrun for example_sla_dag to 2023-03-20T22:48:00+00:00, run_after=2023-03-20T22:50:00+00:00
[2023-03-20T18:50:20.467-0400] {processor.py:175} INFO - Processing /Users/sunanda/Downloads/airflow/py_env/lib/python3.9/site-packages/airflow/example_dags/example_sla_dag.py took 0.220 seconds
[2023-03-20T18:51:29.998-0400] {processor.py:153} INFO - Started process (PID=1300) to work on /Users/sunanda/Downloads/airflow/py_env/lib/python3.9/site-packages/airflow/example_dags/example_sla_dag.py
[2023-03-20T18:51:30.000-0400] {processor.py:743} INFO - Processing file /Users/sunanda/Downloads/airflow/py_env/lib/python3.9/site-packages/airflow/example_dags/example_sla_dag.py for tasks to queue
[2023-03-20T18:51:30.000-0400] {logging_mixin.py:137} INFO - [2023-03-20T18:51:30.000-0400] {dagbag.py:538} INFO - Filling up the DagBag from /Users/sunanda/Downloads/airflow/py_env/lib/python3.9/site-packages/airflow/example_dags/example_sla_dag.py
[2023-03-20T18:51:30.019-0400] {processor.py:753} INFO - DAG(s) dict_keys(['example_sla_dag']) retrieved from /Users/sunanda/Downloads/airflow/py_env/lib/python3.9/site-packages/airflow/example_dags/example_sla_dag.py
[2023-03-20T18:51:30.209-0400] {logging_mixin.py:137} INFO - [2023-03-20T18:51:30.209-0400] {dag.py:2690} INFO - Sync 1 DAGs
[2023-03-20T18:51:30.217-0400] {logging_mixin.py:137} INFO - [2023-03-20T18:51:30.217-0400] {dag.py:3437} INFO - Setting next_dagrun for example_sla_dag to 2023-03-20T22:48:00+00:00, run_after=2023-03-20T22:50:00+00:00
[2023-03-20T18:51:30.225-0400] {processor.py:175} INFO - Processing /Users/sunanda/Downloads/airflow/py_env/lib/python3.9/site-packages/airflow/example_dags/example_sla_dag.py took 0.228 seconds
