[2023-03-20T00:23:41.423-0400] {processor.py:153} INFO - Started process (PID=59781) to work on /Users/sunanda/Downloads/python-demo/venv/lib/python3.9/site-packages/airflow/example_dags/example_xcom.py
[2023-03-20T00:23:41.426-0400] {processor.py:743} INFO - Processing file /Users/sunanda/Downloads/python-demo/venv/lib/python3.9/site-packages/airflow/example_dags/example_xcom.py for tasks to queue
[2023-03-20T00:23:41.426-0400] {logging_mixin.py:137} INFO - [2023-03-20T00:23:41.426-0400] {dagbag.py:532} INFO - Filling up the DagBag from /Users/sunanda/Downloads/python-demo/venv/lib/python3.9/site-packages/airflow/example_dags/example_xcom.py
[2023-03-20T00:23:41.446-0400] {processor.py:753} INFO - DAG(s) dict_keys(['example_xcom']) retrieved from /Users/sunanda/Downloads/python-demo/venv/lib/python3.9/site-packages/airflow/example_dags/example_xcom.py
[2023-03-20T00:23:41.724-0400] {logging_mixin.py:137} INFO - [2023-03-20T00:23:41.724-0400] {dag.py:2693} INFO - Sync 1 DAGs
[2023-03-20T00:23:41.731-0400] {logging_mixin.py:137} INFO - [2023-03-20T00:23:41.730-0400] {dag.py:3440} INFO - Setting next_dagrun for example_xcom to 2021-01-01T00:00:00+00:00, run_after=2021-01-01T00:00:00+00:00
[2023-03-20T00:23:41.738-0400] {processor.py:175} INFO - Processing /Users/sunanda/Downloads/python-demo/venv/lib/python3.9/site-packages/airflow/example_dags/example_xcom.py took 0.315 seconds
[2023-03-20T00:25:03.132-0400] {processor.py:153} INFO - Started process (PID=59908) to work on /Users/sunanda/Downloads/python-demo/venv/lib/python3.9/site-packages/airflow/example_dags/example_xcom.py
[2023-03-20T00:25:03.135-0400] {processor.py:743} INFO - Processing file /Users/sunanda/Downloads/python-demo/venv/lib/python3.9/site-packages/airflow/example_dags/example_xcom.py for tasks to queue
[2023-03-20T00:25:03.135-0400] {logging_mixin.py:137} INFO - [2023-03-20T00:25:03.135-0400] {dagbag.py:532} INFO - Filling up the DagBag from /Users/sunanda/Downloads/python-demo/venv/lib/python3.9/site-packages/airflow/example_dags/example_xcom.py
[2023-03-20T00:25:03.155-0400] {processor.py:753} INFO - DAG(s) dict_keys(['example_xcom']) retrieved from /Users/sunanda/Downloads/python-demo/venv/lib/python3.9/site-packages/airflow/example_dags/example_xcom.py
[2023-03-20T00:25:03.431-0400] {logging_mixin.py:137} INFO - [2023-03-20T00:25:03.431-0400] {dag.py:2693} INFO - Sync 1 DAGs
[2023-03-20T00:25:03.437-0400] {logging_mixin.py:137} INFO - [2023-03-20T00:25:03.437-0400] {dag.py:3440} INFO - Setting next_dagrun for example_xcom to 2021-01-01T00:00:00+00:00, run_after=2021-01-01T00:00:00+00:00
[2023-03-20T00:25:03.445-0400] {processor.py:175} INFO - Processing /Users/sunanda/Downloads/python-demo/venv/lib/python3.9/site-packages/airflow/example_dags/example_xcom.py took 0.313 seconds
[2023-03-20T00:26:42.813-0400] {processor.py:153} INFO - Started process (PID=60070) to work on /Users/sunanda/Downloads/python-demo/venv/lib/python3.9/site-packages/airflow/example_dags/example_xcom.py
[2023-03-20T00:26:42.816-0400] {processor.py:743} INFO - Processing file /Users/sunanda/Downloads/python-demo/venv/lib/python3.9/site-packages/airflow/example_dags/example_xcom.py for tasks to queue
[2023-03-20T00:26:42.817-0400] {logging_mixin.py:137} INFO - [2023-03-20T00:26:42.817-0400] {dagbag.py:532} INFO - Filling up the DagBag from /Users/sunanda/Downloads/python-demo/venv/lib/python3.9/site-packages/airflow/example_dags/example_xcom.py
[2023-03-20T00:26:42.836-0400] {processor.py:753} INFO - DAG(s) dict_keys(['example_xcom']) retrieved from /Users/sunanda/Downloads/python-demo/venv/lib/python3.9/site-packages/airflow/example_dags/example_xcom.py
[2023-03-20T00:26:43.109-0400] {logging_mixin.py:137} INFO - [2023-03-20T00:26:43.109-0400] {dag.py:2693} INFO - Sync 1 DAGs
[2023-03-20T00:26:43.116-0400] {logging_mixin.py:137} INFO - [2023-03-20T00:26:43.116-0400] {dag.py:3440} INFO - Setting next_dagrun for example_xcom to 2021-01-01T00:00:00+00:00, run_after=2021-01-01T00:00:00+00:00
[2023-03-20T00:26:43.123-0400] {processor.py:175} INFO - Processing /Users/sunanda/Downloads/python-demo/venv/lib/python3.9/site-packages/airflow/example_dags/example_xcom.py took 0.310 seconds
[2023-03-20T08:54:01.838-0400] {processor.py:153} INFO - Started process (PID=5846) to work on /Users/sunanda/Downloads/airflow/py_env/lib/python3.9/site-packages/airflow/example_dags/example_xcom.py
[2023-03-20T08:54:01.841-0400] {processor.py:743} INFO - Processing file /Users/sunanda/Downloads/airflow/py_env/lib/python3.9/site-packages/airflow/example_dags/example_xcom.py for tasks to queue
[2023-03-20T08:54:01.842-0400] {logging_mixin.py:137} INFO - [2023-03-20T08:54:01.842-0400] {dagbag.py:538} INFO - Filling up the DagBag from /Users/sunanda/Downloads/airflow/py_env/lib/python3.9/site-packages/airflow/example_dags/example_xcom.py
[2023-03-20T08:54:01.862-0400] {processor.py:753} INFO - DAG(s) dict_keys(['example_xcom']) retrieved from /Users/sunanda/Downloads/airflow/py_env/lib/python3.9/site-packages/airflow/example_dags/example_xcom.py
[2023-03-20T08:54:02.065-0400] {logging_mixin.py:137} INFO - [2023-03-20T08:54:02.065-0400] {dag.py:2690} INFO - Sync 1 DAGs
[2023-03-20T08:54:02.072-0400] {logging_mixin.py:137} INFO - [2023-03-20T08:54:02.072-0400] {dag.py:3437} INFO - Setting next_dagrun for example_xcom to 2021-01-01T00:00:00+00:00, run_after=2021-01-01T00:00:00+00:00
[2023-03-20T08:54:02.080-0400] {processor.py:175} INFO - Processing /Users/sunanda/Downloads/airflow/py_env/lib/python3.9/site-packages/airflow/example_dags/example_xcom.py took 0.242 seconds
[2023-03-20T08:55:16.932-0400] {processor.py:153} INFO - Started process (PID=5958) to work on /Users/sunanda/Downloads/airflow/py_env/lib/python3.9/site-packages/airflow/example_dags/example_xcom.py
[2023-03-20T08:55:16.935-0400] {processor.py:743} INFO - Processing file /Users/sunanda/Downloads/airflow/py_env/lib/python3.9/site-packages/airflow/example_dags/example_xcom.py for tasks to queue
[2023-03-20T08:55:16.935-0400] {logging_mixin.py:137} INFO - [2023-03-20T08:55:16.935-0400] {dagbag.py:538} INFO - Filling up the DagBag from /Users/sunanda/Downloads/airflow/py_env/lib/python3.9/site-packages/airflow/example_dags/example_xcom.py
[2023-03-20T08:55:16.955-0400] {processor.py:753} INFO - DAG(s) dict_keys(['example_xcom']) retrieved from /Users/sunanda/Downloads/airflow/py_env/lib/python3.9/site-packages/airflow/example_dags/example_xcom.py
[2023-03-20T08:55:17.141-0400] {logging_mixin.py:137} INFO - [2023-03-20T08:55:17.141-0400] {dag.py:2690} INFO - Sync 1 DAGs
[2023-03-20T08:55:17.147-0400] {logging_mixin.py:137} INFO - [2023-03-20T08:55:17.147-0400] {dag.py:3437} INFO - Setting next_dagrun for example_xcom to 2021-01-01T00:00:00+00:00, run_after=2021-01-01T00:00:00+00:00
[2023-03-20T08:55:17.155-0400] {processor.py:175} INFO - Processing /Users/sunanda/Downloads/airflow/py_env/lib/python3.9/site-packages/airflow/example_dags/example_xcom.py took 0.223 seconds
[2023-03-20T18:50:07.235-0400] {processor.py:153} INFO - Started process (PID=1142) to work on /Users/sunanda/Downloads/airflow/py_env/lib/python3.9/site-packages/airflow/example_dags/example_xcom.py
[2023-03-20T18:50:07.237-0400] {processor.py:743} INFO - Processing file /Users/sunanda/Downloads/airflow/py_env/lib/python3.9/site-packages/airflow/example_dags/example_xcom.py for tasks to queue
[2023-03-20T18:50:07.237-0400] {logging_mixin.py:137} INFO - [2023-03-20T18:50:07.237-0400] {dagbag.py:538} INFO - Filling up the DagBag from /Users/sunanda/Downloads/airflow/py_env/lib/python3.9/site-packages/airflow/example_dags/example_xcom.py
[2023-03-20T18:50:07.256-0400] {processor.py:753} INFO - DAG(s) dict_keys(['example_xcom']) retrieved from /Users/sunanda/Downloads/airflow/py_env/lib/python3.9/site-packages/airflow/example_dags/example_xcom.py
[2023-03-20T18:50:07.438-0400] {logging_mixin.py:137} INFO - [2023-03-20T18:50:07.438-0400] {dag.py:2690} INFO - Sync 1 DAGs
[2023-03-20T18:50:07.445-0400] {logging_mixin.py:137} INFO - [2023-03-20T18:50:07.445-0400] {dag.py:3437} INFO - Setting next_dagrun for example_xcom to 2021-01-01T00:00:00+00:00, run_after=2021-01-01T00:00:00+00:00
[2023-03-20T18:50:07.452-0400] {processor.py:175} INFO - Processing /Users/sunanda/Downloads/airflow/py_env/lib/python3.9/site-packages/airflow/example_dags/example_xcom.py took 0.217 seconds
[2023-03-20T18:51:17.543-0400] {processor.py:153} INFO - Started process (PID=1280) to work on /Users/sunanda/Downloads/airflow/py_env/lib/python3.9/site-packages/airflow/example_dags/example_xcom.py
[2023-03-20T18:51:17.545-0400] {processor.py:743} INFO - Processing file /Users/sunanda/Downloads/airflow/py_env/lib/python3.9/site-packages/airflow/example_dags/example_xcom.py for tasks to queue
[2023-03-20T18:51:17.545-0400] {logging_mixin.py:137} INFO - [2023-03-20T18:51:17.545-0400] {dagbag.py:538} INFO - Filling up the DagBag from /Users/sunanda/Downloads/airflow/py_env/lib/python3.9/site-packages/airflow/example_dags/example_xcom.py
[2023-03-20T18:51:17.563-0400] {processor.py:753} INFO - DAG(s) dict_keys(['example_xcom']) retrieved from /Users/sunanda/Downloads/airflow/py_env/lib/python3.9/site-packages/airflow/example_dags/example_xcom.py
[2023-03-20T18:51:17.750-0400] {logging_mixin.py:137} INFO - [2023-03-20T18:51:17.750-0400] {dag.py:2690} INFO - Sync 1 DAGs
[2023-03-20T18:51:17.758-0400] {logging_mixin.py:137} INFO - [2023-03-20T18:51:17.758-0400] {dag.py:3437} INFO - Setting next_dagrun for example_xcom to 2021-01-01T00:00:00+00:00, run_after=2021-01-01T00:00:00+00:00
[2023-03-20T18:51:17.766-0400] {processor.py:175} INFO - Processing /Users/sunanda/Downloads/airflow/py_env/lib/python3.9/site-packages/airflow/example_dags/example_xcom.py took 0.223 seconds
