[2023-03-20T00:24:22.343-0400] {processor.py:153} INFO - Started process (PID=59842) to work on /Users/sunanda/Downloads/python-demo/venv/lib/python3.9/site-packages/airflow/example_dags/example_dynamic_task_mapping.py
[2023-03-20T00:24:22.345-0400] {processor.py:743} INFO - Processing file /Users/sunanda/Downloads/python-demo/venv/lib/python3.9/site-packages/airflow/example_dags/example_dynamic_task_mapping.py for tasks to queue
[2023-03-20T00:24:22.345-0400] {logging_mixin.py:137} INFO - [2023-03-20T00:24:22.345-0400] {dagbag.py:532} INFO - Filling up the DagBag from /Users/sunanda/Downloads/python-demo/venv/lib/python3.9/site-packages/airflow/example_dags/example_dynamic_task_mapping.py
[2023-03-20T00:24:22.365-0400] {processor.py:753} INFO - DAG(s) dict_keys(['example_dynamic_task_mapping']) retrieved from /Users/sunanda/Downloads/python-demo/venv/lib/python3.9/site-packages/airflow/example_dags/example_dynamic_task_mapping.py
[2023-03-20T00:24:22.648-0400] {logging_mixin.py:137} INFO - [2023-03-20T00:24:22.647-0400] {dag.py:2693} INFO - Sync 1 DAGs
[2023-03-20T00:24:22.654-0400] {logging_mixin.py:137} INFO - [2023-03-20T00:24:22.654-0400] {dag.py:3440} INFO - Setting next_dagrun for example_dynamic_task_mapping to 2022-03-04T00:00:00+00:00, run_after=2022-03-05T00:00:00+00:00
[2023-03-20T00:24:22.663-0400] {processor.py:175} INFO - Processing /Users/sunanda/Downloads/python-demo/venv/lib/python3.9/site-packages/airflow/example_dags/example_dynamic_task_mapping.py took 0.321 seconds
[2023-03-20T00:26:04.096-0400] {processor.py:153} INFO - Started process (PID=60012) to work on /Users/sunanda/Downloads/python-demo/venv/lib/python3.9/site-packages/airflow/example_dags/example_dynamic_task_mapping.py
[2023-03-20T00:26:04.099-0400] {processor.py:743} INFO - Processing file /Users/sunanda/Downloads/python-demo/venv/lib/python3.9/site-packages/airflow/example_dags/example_dynamic_task_mapping.py for tasks to queue
[2023-03-20T00:26:04.099-0400] {logging_mixin.py:137} INFO - [2023-03-20T00:26:04.099-0400] {dagbag.py:532} INFO - Filling up the DagBag from /Users/sunanda/Downloads/python-demo/venv/lib/python3.9/site-packages/airflow/example_dags/example_dynamic_task_mapping.py
[2023-03-20T00:26:04.119-0400] {processor.py:753} INFO - DAG(s) dict_keys(['example_dynamic_task_mapping']) retrieved from /Users/sunanda/Downloads/python-demo/venv/lib/python3.9/site-packages/airflow/example_dags/example_dynamic_task_mapping.py
[2023-03-20T00:26:04.397-0400] {logging_mixin.py:137} INFO - [2023-03-20T00:26:04.397-0400] {dag.py:2693} INFO - Sync 1 DAGs
[2023-03-20T00:26:04.403-0400] {logging_mixin.py:137} INFO - [2023-03-20T00:26:04.403-0400] {dag.py:3440} INFO - Setting next_dagrun for example_dynamic_task_mapping to 2022-03-04T00:00:00+00:00, run_after=2022-03-05T00:00:00+00:00
[2023-03-20T00:26:04.410-0400] {processor.py:175} INFO - Processing /Users/sunanda/Downloads/python-demo/venv/lib/python3.9/site-packages/airflow/example_dags/example_dynamic_task_mapping.py took 0.314 seconds
[2023-03-20T08:54:40.390-0400] {processor.py:153} INFO - Started process (PID=5903) to work on /Users/sunanda/Downloads/airflow/py_env/lib/python3.9/site-packages/airflow/example_dags/example_dynamic_task_mapping.py
[2023-03-20T08:54:40.393-0400] {processor.py:743} INFO - Processing file /Users/sunanda/Downloads/airflow/py_env/lib/python3.9/site-packages/airflow/example_dags/example_dynamic_task_mapping.py for tasks to queue
[2023-03-20T08:54:40.393-0400] {logging_mixin.py:137} INFO - [2023-03-20T08:54:40.393-0400] {dagbag.py:538} INFO - Filling up the DagBag from /Users/sunanda/Downloads/airflow/py_env/lib/python3.9/site-packages/airflow/example_dags/example_dynamic_task_mapping.py
[2023-03-20T08:54:40.413-0400] {processor.py:753} INFO - DAG(s) dict_keys(['example_dynamic_task_mapping']) retrieved from /Users/sunanda/Downloads/airflow/py_env/lib/python3.9/site-packages/airflow/example_dags/example_dynamic_task_mapping.py
[2023-03-20T08:54:40.619-0400] {logging_mixin.py:137} INFO - [2023-03-20T08:54:40.619-0400] {dag.py:2690} INFO - Sync 1 DAGs
[2023-03-20T08:54:40.628-0400] {logging_mixin.py:137} INFO - [2023-03-20T08:54:40.628-0400] {dag.py:3437} INFO - Setting next_dagrun for example_dynamic_task_mapping to 2022-03-04T00:00:00+00:00, run_after=2022-03-05T00:00:00+00:00
[2023-03-20T08:54:40.636-0400] {processor.py:175} INFO - Processing /Users/sunanda/Downloads/airflow/py_env/lib/python3.9/site-packages/airflow/example_dags/example_dynamic_task_mapping.py took 0.247 seconds
[2023-03-20T18:50:44.301-0400] {processor.py:153} INFO - Started process (PID=1221) to work on /Users/sunanda/Downloads/airflow/py_env/lib/python3.9/site-packages/airflow/example_dags/example_dynamic_task_mapping.py
[2023-03-20T18:50:44.303-0400] {processor.py:743} INFO - Processing file /Users/sunanda/Downloads/airflow/py_env/lib/python3.9/site-packages/airflow/example_dags/example_dynamic_task_mapping.py for tasks to queue
[2023-03-20T18:50:44.304-0400] {logging_mixin.py:137} INFO - [2023-03-20T18:50:44.304-0400] {dagbag.py:538} INFO - Filling up the DagBag from /Users/sunanda/Downloads/airflow/py_env/lib/python3.9/site-packages/airflow/example_dags/example_dynamic_task_mapping.py
[2023-03-20T18:50:44.322-0400] {processor.py:753} INFO - DAG(s) dict_keys(['example_dynamic_task_mapping']) retrieved from /Users/sunanda/Downloads/airflow/py_env/lib/python3.9/site-packages/airflow/example_dags/example_dynamic_task_mapping.py
[2023-03-20T18:50:44.510-0400] {logging_mixin.py:137} INFO - [2023-03-20T18:50:44.510-0400] {dag.py:2690} INFO - Sync 1 DAGs
[2023-03-20T18:50:44.517-0400] {logging_mixin.py:137} INFO - [2023-03-20T18:50:44.517-0400] {dag.py:3437} INFO - Setting next_dagrun for example_dynamic_task_mapping to 2022-03-04T00:00:00+00:00, run_after=2022-03-05T00:00:00+00:00
[2023-03-20T18:50:44.523-0400] {processor.py:175} INFO - Processing /Users/sunanda/Downloads/airflow/py_env/lib/python3.9/site-packages/airflow/example_dags/example_dynamic_task_mapping.py took 0.222 seconds
