[2023-03-20T00:24:24.299-0400] {processor.py:153} INFO - Started process (PID=59845) to work on /Users/sunanda/Downloads/python-demo/venv/lib/python3.9/site-packages/airflow/example_dags/example_datasets.py
[2023-03-20T00:24:24.301-0400] {processor.py:743} INFO - Processing file /Users/sunanda/Downloads/python-demo/venv/lib/python3.9/site-packages/airflow/example_dags/example_datasets.py for tasks to queue
[2023-03-20T00:24:24.301-0400] {logging_mixin.py:137} INFO - [2023-03-20T00:24:24.301-0400] {dagbag.py:532} INFO - Filling up the DagBag from /Users/sunanda/Downloads/python-demo/venv/lib/python3.9/site-packages/airflow/example_dags/example_datasets.py
[2023-03-20T00:24:24.314-0400] {processor.py:753} INFO - DAG(s) dict_keys(['dataset_produces_2', 'dataset_produces_1', 'dataset_consumes_unknown_never_scheduled', 'dataset_consumes_1_never_scheduled', 'dataset_consumes_1', 'dataset_consumes_1_and_2']) retrieved from /Users/sunanda/Downloads/python-demo/venv/lib/python3.9/site-packages/airflow/example_dags/example_datasets.py
[2023-03-20T00:24:24.628-0400] {logging_mixin.py:137} INFO - [2023-03-20T00:24:24.627-0400] {dag.py:2693} INFO - Sync 6 DAGs
[2023-03-20T00:24:24.635-0400] {logging_mixin.py:137} INFO - [2023-03-20T00:24:24.635-0400] {dag.py:3440} INFO - Setting next_dagrun for dataset_consumes_1 to None, run_after=None
[2023-03-20T00:24:24.636-0400] {logging_mixin.py:137} INFO - [2023-03-20T00:24:24.636-0400] {dag.py:3440} INFO - Setting next_dagrun for dataset_consumes_1_and_2 to None, run_after=None
[2023-03-20T00:24:24.636-0400] {logging_mixin.py:137} INFO - [2023-03-20T00:24:24.636-0400] {dag.py:3440} INFO - Setting next_dagrun for dataset_consumes_1_never_scheduled to None, run_after=None
[2023-03-20T00:24:24.637-0400] {logging_mixin.py:137} INFO - [2023-03-20T00:24:24.636-0400] {dag.py:3440} INFO - Setting next_dagrun for dataset_consumes_unknown_never_scheduled to None, run_after=None
[2023-03-20T00:24:24.637-0400] {logging_mixin.py:137} INFO - [2023-03-20T00:24:24.637-0400] {dag.py:3440} INFO - Setting next_dagrun for dataset_produces_1 to 2023-03-19T00:00:00+00:00, run_after=2023-03-20T00:00:00+00:00
[2023-03-20T00:24:24.638-0400] {logging_mixin.py:137} INFO - [2023-03-20T00:24:24.638-0400] {dag.py:3440} INFO - Setting next_dagrun for dataset_produces_2 to None, run_after=None
[2023-03-20T00:24:24.650-0400] {processor.py:175} INFO - Processing /Users/sunanda/Downloads/python-demo/venv/lib/python3.9/site-packages/airflow/example_dags/example_datasets.py took 0.352 seconds
[2023-03-20T00:26:06.058-0400] {processor.py:153} INFO - Started process (PID=60015) to work on /Users/sunanda/Downloads/python-demo/venv/lib/python3.9/site-packages/airflow/example_dags/example_datasets.py
[2023-03-20T00:26:06.060-0400] {processor.py:743} INFO - Processing file /Users/sunanda/Downloads/python-demo/venv/lib/python3.9/site-packages/airflow/example_dags/example_datasets.py for tasks to queue
[2023-03-20T00:26:06.060-0400] {logging_mixin.py:137} INFO - [2023-03-20T00:26:06.060-0400] {dagbag.py:532} INFO - Filling up the DagBag from /Users/sunanda/Downloads/python-demo/venv/lib/python3.9/site-packages/airflow/example_dags/example_datasets.py
[2023-03-20T00:26:06.072-0400] {processor.py:753} INFO - DAG(s) dict_keys(['dataset_consumes_1_and_2', 'dataset_consumes_1_never_scheduled', 'dataset_produces_2', 'dataset_produces_1', 'dataset_consumes_1', 'dataset_consumes_unknown_never_scheduled']) retrieved from /Users/sunanda/Downloads/python-demo/venv/lib/python3.9/site-packages/airflow/example_dags/example_datasets.py
[2023-03-20T00:26:06.358-0400] {logging_mixin.py:137} INFO - [2023-03-20T00:26:06.358-0400] {dag.py:2693} INFO - Sync 6 DAGs
[2023-03-20T00:26:06.365-0400] {logging_mixin.py:137} INFO - [2023-03-20T00:26:06.365-0400] {dag.py:3440} INFO - Setting next_dagrun for dataset_consumes_1 to None, run_after=None
[2023-03-20T00:26:06.366-0400] {logging_mixin.py:137} INFO - [2023-03-20T00:26:06.366-0400] {dag.py:3440} INFO - Setting next_dagrun for dataset_consumes_1_and_2 to None, run_after=None
[2023-03-20T00:26:06.366-0400] {logging_mixin.py:137} INFO - [2023-03-20T00:26:06.366-0400] {dag.py:3440} INFO - Setting next_dagrun for dataset_consumes_1_never_scheduled to None, run_after=None
[2023-03-20T00:26:06.367-0400] {logging_mixin.py:137} INFO - [2023-03-20T00:26:06.366-0400] {dag.py:3440} INFO - Setting next_dagrun for dataset_consumes_unknown_never_scheduled to None, run_after=None
[2023-03-20T00:26:06.367-0400] {logging_mixin.py:137} INFO - [2023-03-20T00:26:06.367-0400] {dag.py:3440} INFO - Setting next_dagrun for dataset_produces_1 to 2023-03-19T00:00:00+00:00, run_after=2023-03-20T00:00:00+00:00
[2023-03-20T00:26:06.368-0400] {logging_mixin.py:137} INFO - [2023-03-20T00:26:06.368-0400] {dag.py:3440} INFO - Setting next_dagrun for dataset_produces_2 to None, run_after=None
[2023-03-20T00:26:06.378-0400] {processor.py:175} INFO - Processing /Users/sunanda/Downloads/python-demo/venv/lib/python3.9/site-packages/airflow/example_dags/example_datasets.py took 0.321 seconds
[2023-03-20T08:54:42.325-0400] {processor.py:153} INFO - Started process (PID=5906) to work on /Users/sunanda/Downloads/airflow/py_env/lib/python3.9/site-packages/airflow/example_dags/example_datasets.py
[2023-03-20T08:54:42.328-0400] {processor.py:743} INFO - Processing file /Users/sunanda/Downloads/airflow/py_env/lib/python3.9/site-packages/airflow/example_dags/example_datasets.py for tasks to queue
[2023-03-20T08:54:42.328-0400] {logging_mixin.py:137} INFO - [2023-03-20T08:54:42.328-0400] {dagbag.py:538} INFO - Filling up the DagBag from /Users/sunanda/Downloads/airflow/py_env/lib/python3.9/site-packages/airflow/example_dags/example_datasets.py
[2023-03-20T08:54:42.341-0400] {processor.py:753} INFO - DAG(s) dict_keys(['dataset_produces_2', 'dataset_consumes_1_and_2', 'dataset_consumes_unknown_never_scheduled', 'dataset_consumes_1', 'dataset_consumes_1_never_scheduled', 'dataset_produces_1']) retrieved from /Users/sunanda/Downloads/airflow/py_env/lib/python3.9/site-packages/airflow/example_dags/example_datasets.py
[2023-03-20T08:54:42.573-0400] {logging_mixin.py:137} INFO - [2023-03-20T08:54:42.573-0400] {dag.py:2690} INFO - Sync 6 DAGs
[2023-03-20T08:54:42.580-0400] {logging_mixin.py:137} INFO - [2023-03-20T08:54:42.580-0400] {dag.py:3437} INFO - Setting next_dagrun for dataset_consumes_1 to None, run_after=None
[2023-03-20T08:54:42.581-0400] {logging_mixin.py:137} INFO - [2023-03-20T08:54:42.581-0400] {dag.py:3437} INFO - Setting next_dagrun for dataset_consumes_1_and_2 to None, run_after=None
[2023-03-20T08:54:42.582-0400] {logging_mixin.py:137} INFO - [2023-03-20T08:54:42.582-0400] {dag.py:3437} INFO - Setting next_dagrun for dataset_consumes_1_never_scheduled to None, run_after=None
[2023-03-20T08:54:42.582-0400] {logging_mixin.py:137} INFO - [2023-03-20T08:54:42.582-0400] {dag.py:3437} INFO - Setting next_dagrun for dataset_consumes_unknown_never_scheduled to None, run_after=None
[2023-03-20T08:54:42.583-0400] {logging_mixin.py:137} INFO - [2023-03-20T08:54:42.583-0400] {dag.py:3437} INFO - Setting next_dagrun for dataset_produces_1 to 2023-03-19T00:00:00+00:00, run_after=2023-03-20T00:00:00+00:00
[2023-03-20T08:54:42.583-0400] {logging_mixin.py:137} INFO - [2023-03-20T08:54:42.583-0400] {dag.py:3437} INFO - Setting next_dagrun for dataset_produces_2 to None, run_after=None
[2023-03-20T08:54:42.595-0400] {processor.py:175} INFO - Processing /Users/sunanda/Downloads/airflow/py_env/lib/python3.9/site-packages/airflow/example_dags/example_datasets.py took 0.271 seconds
[2023-03-20T18:50:46.134-0400] {processor.py:153} INFO - Started process (PID=1225) to work on /Users/sunanda/Downloads/airflow/py_env/lib/python3.9/site-packages/airflow/example_dags/example_datasets.py
[2023-03-20T18:50:46.136-0400] {processor.py:743} INFO - Processing file /Users/sunanda/Downloads/airflow/py_env/lib/python3.9/site-packages/airflow/example_dags/example_datasets.py for tasks to queue
[2023-03-20T18:50:46.136-0400] {logging_mixin.py:137} INFO - [2023-03-20T18:50:46.136-0400] {dagbag.py:538} INFO - Filling up the DagBag from /Users/sunanda/Downloads/airflow/py_env/lib/python3.9/site-packages/airflow/example_dags/example_datasets.py
[2023-03-20T18:50:46.148-0400] {processor.py:753} INFO - DAG(s) dict_keys(['dataset_produces_1', 'dataset_produces_2', 'dataset_consumes_1_never_scheduled', 'dataset_consumes_1_and_2', 'dataset_consumes_1', 'dataset_consumes_unknown_never_scheduled']) retrieved from /Users/sunanda/Downloads/airflow/py_env/lib/python3.9/site-packages/airflow/example_dags/example_datasets.py
[2023-03-20T18:50:46.353-0400] {logging_mixin.py:137} INFO - [2023-03-20T18:50:46.353-0400] {dag.py:2690} INFO - Sync 6 DAGs
[2023-03-20T18:50:46.360-0400] {logging_mixin.py:137} INFO - [2023-03-20T18:50:46.360-0400] {dag.py:3437} INFO - Setting next_dagrun for dataset_consumes_1 to None, run_after=None
[2023-03-20T18:50:46.361-0400] {logging_mixin.py:137} INFO - [2023-03-20T18:50:46.361-0400] {dag.py:3437} INFO - Setting next_dagrun for dataset_consumes_1_and_2 to None, run_after=None
[2023-03-20T18:50:46.361-0400] {logging_mixin.py:137} INFO - [2023-03-20T18:50:46.361-0400] {dag.py:3437} INFO - Setting next_dagrun for dataset_consumes_1_never_scheduled to None, run_after=None
[2023-03-20T18:50:46.361-0400] {logging_mixin.py:137} INFO - [2023-03-20T18:50:46.361-0400] {dag.py:3437} INFO - Setting next_dagrun for dataset_consumes_unknown_never_scheduled to None, run_after=None
[2023-03-20T18:50:46.362-0400] {logging_mixin.py:137} INFO - [2023-03-20T18:50:46.362-0400] {dag.py:3437} INFO - Setting next_dagrun for dataset_produces_1 to 2023-03-19T00:00:00+00:00, run_after=2023-03-20T00:00:00+00:00
[2023-03-20T18:50:46.362-0400] {logging_mixin.py:137} INFO - [2023-03-20T18:50:46.362-0400] {dag.py:3437} INFO - Setting next_dagrun for dataset_produces_2 to None, run_after=None
[2023-03-20T18:50:46.373-0400] {processor.py:175} INFO - Processing /Users/sunanda/Downloads/airflow/py_env/lib/python3.9/site-packages/airflow/example_dags/example_datasets.py took 0.239 seconds
