[2023-03-20T00:23:51.200-0400] {processor.py:153} INFO - Started process (PID=59795) to work on /Users/sunanda/Downloads/python-demo/venv/lib/python3.9/site-packages/airflow/example_dags/example_task_group.py
[2023-03-20T00:23:51.202-0400] {processor.py:743} INFO - Processing file /Users/sunanda/Downloads/python-demo/venv/lib/python3.9/site-packages/airflow/example_dags/example_task_group.py for tasks to queue
[2023-03-20T00:23:51.202-0400] {logging_mixin.py:137} INFO - [2023-03-20T00:23:51.202-0400] {dagbag.py:532} INFO - Filling up the DagBag from /Users/sunanda/Downloads/python-demo/venv/lib/python3.9/site-packages/airflow/example_dags/example_task_group.py
[2023-03-20T00:23:51.214-0400] {processor.py:753} INFO - DAG(s) dict_keys(['example_task_group']) retrieved from /Users/sunanda/Downloads/python-demo/venv/lib/python3.9/site-packages/airflow/example_dags/example_task_group.py
[2023-03-20T00:23:51.503-0400] {logging_mixin.py:137} INFO - [2023-03-20T00:23:51.502-0400] {dag.py:2693} INFO - Sync 1 DAGs
[2023-03-20T00:23:51.509-0400] {logging_mixin.py:137} INFO - [2023-03-20T00:23:51.509-0400] {dag.py:3440} INFO - Setting next_dagrun for example_task_group to 2023-03-19T04:23:51.509046+00:00, run_after=2023-03-20T04:23:51.509046+00:00
[2023-03-20T00:23:51.517-0400] {processor.py:175} INFO - Processing /Users/sunanda/Downloads/python-demo/venv/lib/python3.9/site-packages/airflow/example_dags/example_task_group.py took 0.318 seconds
[2023-03-20T00:25:11.049-0400] {processor.py:153} INFO - Started process (PID=59921) to work on /Users/sunanda/Downloads/python-demo/venv/lib/python3.9/site-packages/airflow/example_dags/example_task_group.py
[2023-03-20T00:25:11.052-0400] {processor.py:743} INFO - Processing file /Users/sunanda/Downloads/python-demo/venv/lib/python3.9/site-packages/airflow/example_dags/example_task_group.py for tasks to queue
[2023-03-20T00:25:11.052-0400] {logging_mixin.py:137} INFO - [2023-03-20T00:25:11.052-0400] {dagbag.py:532} INFO - Filling up the DagBag from /Users/sunanda/Downloads/python-demo/venv/lib/python3.9/site-packages/airflow/example_dags/example_task_group.py
[2023-03-20T00:25:11.063-0400] {processor.py:753} INFO - DAG(s) dict_keys(['example_task_group']) retrieved from /Users/sunanda/Downloads/python-demo/venv/lib/python3.9/site-packages/airflow/example_dags/example_task_group.py
[2023-03-20T00:25:11.345-0400] {logging_mixin.py:137} INFO - [2023-03-20T00:25:11.345-0400] {dag.py:2693} INFO - Sync 1 DAGs
[2023-03-20T00:25:11.352-0400] {logging_mixin.py:137} INFO - [2023-03-20T00:25:11.352-0400] {dag.py:3440} INFO - Setting next_dagrun for example_task_group to 2023-03-19T04:25:11.351951+00:00, run_after=2023-03-20T04:25:11.351951+00:00
[2023-03-20T00:25:11.359-0400] {processor.py:175} INFO - Processing /Users/sunanda/Downloads/python-demo/venv/lib/python3.9/site-packages/airflow/example_dags/example_task_group.py took 0.310 seconds
[2023-03-20T08:54:11.397-0400] {processor.py:153} INFO - Started process (PID=5860) to work on /Users/sunanda/Downloads/airflow/py_env/lib/python3.9/site-packages/airflow/example_dags/example_task_group.py
[2023-03-20T08:54:11.401-0400] {processor.py:743} INFO - Processing file /Users/sunanda/Downloads/airflow/py_env/lib/python3.9/site-packages/airflow/example_dags/example_task_group.py for tasks to queue
[2023-03-20T08:54:11.401-0400] {logging_mixin.py:137} INFO - [2023-03-20T08:54:11.401-0400] {dagbag.py:538} INFO - Filling up the DagBag from /Users/sunanda/Downloads/airflow/py_env/lib/python3.9/site-packages/airflow/example_dags/example_task_group.py
[2023-03-20T08:54:11.411-0400] {processor.py:753} INFO - DAG(s) dict_keys(['example_task_group']) retrieved from /Users/sunanda/Downloads/airflow/py_env/lib/python3.9/site-packages/airflow/example_dags/example_task_group.py
[2023-03-20T08:54:11.610-0400] {logging_mixin.py:137} INFO - [2023-03-20T08:54:11.610-0400] {dag.py:2690} INFO - Sync 1 DAGs
[2023-03-20T08:54:11.617-0400] {logging_mixin.py:137} INFO - [2023-03-20T08:54:11.617-0400] {dag.py:3437} INFO - Setting next_dagrun for example_task_group to 2023-03-19T12:54:11.617440+00:00, run_after=2023-03-20T12:54:11.617440+00:00
[2023-03-20T08:54:11.625-0400] {processor.py:175} INFO - Processing /Users/sunanda/Downloads/airflow/py_env/lib/python3.9/site-packages/airflow/example_dags/example_task_group.py took 0.228 seconds
[2023-03-20T08:55:24.673-0400] {processor.py:153} INFO - Started process (PID=5970) to work on /Users/sunanda/Downloads/airflow/py_env/lib/python3.9/site-packages/airflow/example_dags/example_task_group.py
[2023-03-20T08:55:24.676-0400] {processor.py:743} INFO - Processing file /Users/sunanda/Downloads/airflow/py_env/lib/python3.9/site-packages/airflow/example_dags/example_task_group.py for tasks to queue
[2023-03-20T08:55:24.676-0400] {logging_mixin.py:137} INFO - [2023-03-20T08:55:24.676-0400] {dagbag.py:538} INFO - Filling up the DagBag from /Users/sunanda/Downloads/airflow/py_env/lib/python3.9/site-packages/airflow/example_dags/example_task_group.py
[2023-03-20T08:55:24.687-0400] {processor.py:753} INFO - DAG(s) dict_keys(['example_task_group']) retrieved from /Users/sunanda/Downloads/airflow/py_env/lib/python3.9/site-packages/airflow/example_dags/example_task_group.py
[2023-03-20T08:55:24.877-0400] {logging_mixin.py:137} INFO - [2023-03-20T08:55:24.876-0400] {dag.py:2690} INFO - Sync 1 DAGs
[2023-03-20T08:55:24.883-0400] {logging_mixin.py:137} INFO - [2023-03-20T08:55:24.883-0400] {dag.py:3437} INFO - Setting next_dagrun for example_task_group to 2023-03-19T12:55:24.883254+00:00, run_after=2023-03-20T12:55:24.883254+00:00
[2023-03-20T08:55:24.890-0400] {processor.py:175} INFO - Processing /Users/sunanda/Downloads/airflow/py_env/lib/python3.9/site-packages/airflow/example_dags/example_task_group.py took 0.217 seconds
[2023-03-20T18:50:16.545-0400] {processor.py:153} INFO - Started process (PID=1169) to work on /Users/sunanda/Downloads/airflow/py_env/lib/python3.9/site-packages/airflow/example_dags/example_task_group.py
[2023-03-20T18:50:16.547-0400] {processor.py:743} INFO - Processing file /Users/sunanda/Downloads/airflow/py_env/lib/python3.9/site-packages/airflow/example_dags/example_task_group.py for tasks to queue
[2023-03-20T18:50:16.547-0400] {logging_mixin.py:137} INFO - [2023-03-20T18:50:16.547-0400] {dagbag.py:538} INFO - Filling up the DagBag from /Users/sunanda/Downloads/airflow/py_env/lib/python3.9/site-packages/airflow/example_dags/example_task_group.py
[2023-03-20T18:50:16.558-0400] {processor.py:753} INFO - DAG(s) dict_keys(['example_task_group']) retrieved from /Users/sunanda/Downloads/airflow/py_env/lib/python3.9/site-packages/airflow/example_dags/example_task_group.py
[2023-03-20T18:50:16.745-0400] {logging_mixin.py:137} INFO - [2023-03-20T18:50:16.745-0400] {dag.py:2690} INFO - Sync 1 DAGs
[2023-03-20T18:50:16.751-0400] {logging_mixin.py:137} INFO - [2023-03-20T18:50:16.751-0400] {dag.py:3437} INFO - Setting next_dagrun for example_task_group to 2023-03-19T22:50:16.751228+00:00, run_after=2023-03-20T22:50:16.751228+00:00
[2023-03-20T18:50:16.758-0400] {processor.py:175} INFO - Processing /Users/sunanda/Downloads/airflow/py_env/lib/python3.9/site-packages/airflow/example_dags/example_task_group.py took 0.213 seconds
[2023-03-20T18:51:26.078-0400] {processor.py:153} INFO - Started process (PID=1295) to work on /Users/sunanda/Downloads/airflow/py_env/lib/python3.9/site-packages/airflow/example_dags/example_task_group.py
[2023-03-20T18:51:26.081-0400] {processor.py:743} INFO - Processing file /Users/sunanda/Downloads/airflow/py_env/lib/python3.9/site-packages/airflow/example_dags/example_task_group.py for tasks to queue
[2023-03-20T18:51:26.081-0400] {logging_mixin.py:137} INFO - [2023-03-20T18:51:26.081-0400] {dagbag.py:538} INFO - Filling up the DagBag from /Users/sunanda/Downloads/airflow/py_env/lib/python3.9/site-packages/airflow/example_dags/example_task_group.py
[2023-03-20T18:51:26.091-0400] {processor.py:753} INFO - DAG(s) dict_keys(['example_task_group']) retrieved from /Users/sunanda/Downloads/airflow/py_env/lib/python3.9/site-packages/airflow/example_dags/example_task_group.py
[2023-03-20T18:51:26.284-0400] {logging_mixin.py:137} INFO - [2023-03-20T18:51:26.283-0400] {dag.py:2690} INFO - Sync 1 DAGs
[2023-03-20T18:51:26.291-0400] {logging_mixin.py:137} INFO - [2023-03-20T18:51:26.291-0400] {dag.py:3437} INFO - Setting next_dagrun for example_task_group to 2023-03-19T22:51:26.291281+00:00, run_after=2023-03-20T22:51:26.291281+00:00
[2023-03-20T18:51:26.299-0400] {processor.py:175} INFO - Processing /Users/sunanda/Downloads/airflow/py_env/lib/python3.9/site-packages/airflow/example_dags/example_task_group.py took 0.220 seconds
