[2023-03-20T00:23:47.276-0400] {processor.py:153} INFO - Started process (PID=59789) to work on /Users/sunanda/Downloads/python-demo/venv/lib/python3.9/site-packages/airflow/example_dags/example_time_delta_sensor_async.py
[2023-03-20T00:23:47.278-0400] {processor.py:743} INFO - Processing file /Users/sunanda/Downloads/python-demo/venv/lib/python3.9/site-packages/airflow/example_dags/example_time_delta_sensor_async.py for tasks to queue
[2023-03-20T00:23:47.278-0400] {logging_mixin.py:137} INFO - [2023-03-20T00:23:47.278-0400] {dagbag.py:532} INFO - Filling up the DagBag from /Users/sunanda/Downloads/python-demo/venv/lib/python3.9/site-packages/airflow/example_dags/example_time_delta_sensor_async.py
[2023-03-20T00:23:47.294-0400] {processor.py:753} INFO - DAG(s) dict_keys(['example_time_delta_sensor_async']) retrieved from /Users/sunanda/Downloads/python-demo/venv/lib/python3.9/site-packages/airflow/example_dags/example_time_delta_sensor_async.py
[2023-03-20T00:23:47.614-0400] {logging_mixin.py:137} INFO - [2023-03-20T00:23:47.614-0400] {dag.py:2693} INFO - Sync 1 DAGs
[2023-03-20T00:23:47.620-0400] {logging_mixin.py:137} INFO - [2023-03-20T00:23:47.620-0400] {dag.py:3440} INFO - Setting next_dagrun for example_time_delta_sensor_async to None, run_after=None
[2023-03-20T00:23:47.627-0400] {processor.py:175} INFO - Processing /Users/sunanda/Downloads/python-demo/venv/lib/python3.9/site-packages/airflow/example_dags/example_time_delta_sensor_async.py took 0.352 seconds
[2023-03-20T00:25:08.102-0400] {processor.py:153} INFO - Started process (PID=59915) to work on /Users/sunanda/Downloads/python-demo/venv/lib/python3.9/site-packages/airflow/example_dags/example_time_delta_sensor_async.py
[2023-03-20T00:25:08.104-0400] {processor.py:743} INFO - Processing file /Users/sunanda/Downloads/python-demo/venv/lib/python3.9/site-packages/airflow/example_dags/example_time_delta_sensor_async.py for tasks to queue
[2023-03-20T00:25:08.105-0400] {logging_mixin.py:137} INFO - [2023-03-20T00:25:08.105-0400] {dagbag.py:532} INFO - Filling up the DagBag from /Users/sunanda/Downloads/python-demo/venv/lib/python3.9/site-packages/airflow/example_dags/example_time_delta_sensor_async.py
[2023-03-20T00:25:08.120-0400] {processor.py:753} INFO - DAG(s) dict_keys(['example_time_delta_sensor_async']) retrieved from /Users/sunanda/Downloads/python-demo/venv/lib/python3.9/site-packages/airflow/example_dags/example_time_delta_sensor_async.py
[2023-03-20T00:25:08.484-0400] {logging_mixin.py:137} INFO - [2023-03-20T00:25:08.483-0400] {dag.py:2693} INFO - Sync 1 DAGs
[2023-03-20T00:25:08.492-0400] {logging_mixin.py:137} INFO - [2023-03-20T00:25:08.492-0400] {dag.py:3440} INFO - Setting next_dagrun for example_time_delta_sensor_async to None, run_after=None
[2023-03-20T00:25:08.501-0400] {processor.py:175} INFO - Processing /Users/sunanda/Downloads/python-demo/venv/lib/python3.9/site-packages/airflow/example_dags/example_time_delta_sensor_async.py took 0.399 seconds
[2023-03-20T00:26:46.755-0400] {processor.py:153} INFO - Started process (PID=60078) to work on /Users/sunanda/Downloads/python-demo/venv/lib/python3.9/site-packages/airflow/example_dags/example_time_delta_sensor_async.py
[2023-03-20T00:26:46.759-0400] {processor.py:743} INFO - Processing file /Users/sunanda/Downloads/python-demo/venv/lib/python3.9/site-packages/airflow/example_dags/example_time_delta_sensor_async.py for tasks to queue
[2023-03-20T00:26:46.759-0400] {logging_mixin.py:137} INFO - [2023-03-20T00:26:46.759-0400] {dagbag.py:532} INFO - Filling up the DagBag from /Users/sunanda/Downloads/python-demo/venv/lib/python3.9/site-packages/airflow/example_dags/example_time_delta_sensor_async.py
[2023-03-20T00:26:46.774-0400] {processor.py:753} INFO - DAG(s) dict_keys(['example_time_delta_sensor_async']) retrieved from /Users/sunanda/Downloads/python-demo/venv/lib/python3.9/site-packages/airflow/example_dags/example_time_delta_sensor_async.py
[2023-03-20T00:26:47.109-0400] {logging_mixin.py:137} INFO - [2023-03-20T00:26:47.109-0400] {dag.py:2693} INFO - Sync 1 DAGs
[2023-03-20T00:26:47.116-0400] {logging_mixin.py:137} INFO - [2023-03-20T00:26:47.116-0400] {dag.py:3440} INFO - Setting next_dagrun for example_time_delta_sensor_async to None, run_after=None
[2023-03-20T00:26:47.122-0400] {processor.py:175} INFO - Processing /Users/sunanda/Downloads/python-demo/venv/lib/python3.9/site-packages/airflow/example_dags/example_time_delta_sensor_async.py took 0.367 seconds
[2023-03-20T08:54:07.569-0400] {processor.py:153} INFO - Started process (PID=5855) to work on /Users/sunanda/Downloads/airflow/py_env/lib/python3.9/site-packages/airflow/example_dags/example_time_delta_sensor_async.py
[2023-03-20T08:54:07.572-0400] {processor.py:743} INFO - Processing file /Users/sunanda/Downloads/airflow/py_env/lib/python3.9/site-packages/airflow/example_dags/example_time_delta_sensor_async.py for tasks to queue
[2023-03-20T08:54:07.572-0400] {logging_mixin.py:137} INFO - [2023-03-20T08:54:07.572-0400] {dagbag.py:538} INFO - Filling up the DagBag from /Users/sunanda/Downloads/airflow/py_env/lib/python3.9/site-packages/airflow/example_dags/example_time_delta_sensor_async.py
[2023-03-20T08:54:07.587-0400] {processor.py:753} INFO - DAG(s) dict_keys(['example_time_delta_sensor_async']) retrieved from /Users/sunanda/Downloads/airflow/py_env/lib/python3.9/site-packages/airflow/example_dags/example_time_delta_sensor_async.py
[2023-03-20T08:54:07.801-0400] {logging_mixin.py:137} INFO - [2023-03-20T08:54:07.801-0400] {dag.py:2690} INFO - Sync 1 DAGs
[2023-03-20T08:54:07.807-0400] {logging_mixin.py:137} INFO - [2023-03-20T08:54:07.807-0400] {dag.py:3437} INFO - Setting next_dagrun for example_time_delta_sensor_async to None, run_after=None
[2023-03-20T08:54:07.815-0400] {processor.py:175} INFO - Processing /Users/sunanda/Downloads/airflow/py_env/lib/python3.9/site-packages/airflow/example_dags/example_time_delta_sensor_async.py took 0.247 seconds
[2023-03-20T08:55:21.920-0400] {processor.py:153} INFO - Started process (PID=5965) to work on /Users/sunanda/Downloads/airflow/py_env/lib/python3.9/site-packages/airflow/example_dags/example_time_delta_sensor_async.py
[2023-03-20T08:55:21.923-0400] {processor.py:743} INFO - Processing file /Users/sunanda/Downloads/airflow/py_env/lib/python3.9/site-packages/airflow/example_dags/example_time_delta_sensor_async.py for tasks to queue
[2023-03-20T08:55:21.924-0400] {logging_mixin.py:137} INFO - [2023-03-20T08:55:21.924-0400] {dagbag.py:538} INFO - Filling up the DagBag from /Users/sunanda/Downloads/airflow/py_env/lib/python3.9/site-packages/airflow/example_dags/example_time_delta_sensor_async.py
[2023-03-20T08:55:21.938-0400] {processor.py:753} INFO - DAG(s) dict_keys(['example_time_delta_sensor_async']) retrieved from /Users/sunanda/Downloads/airflow/py_env/lib/python3.9/site-packages/airflow/example_dags/example_time_delta_sensor_async.py
[2023-03-20T08:55:22.147-0400] {logging_mixin.py:137} INFO - [2023-03-20T08:55:22.146-0400] {dag.py:2690} INFO - Sync 1 DAGs
[2023-03-20T08:55:22.153-0400] {logging_mixin.py:137} INFO - [2023-03-20T08:55:22.153-0400] {dag.py:3437} INFO - Setting next_dagrun for example_time_delta_sensor_async to None, run_after=None
[2023-03-20T08:55:22.160-0400] {processor.py:175} INFO - Processing /Users/sunanda/Downloads/airflow/py_env/lib/python3.9/site-packages/airflow/example_dags/example_time_delta_sensor_async.py took 0.240 seconds
[2023-03-20T18:50:12.771-0400] {processor.py:153} INFO - Started process (PID=1150) to work on /Users/sunanda/Downloads/airflow/py_env/lib/python3.9/site-packages/airflow/example_dags/example_time_delta_sensor_async.py
[2023-03-20T18:50:12.773-0400] {processor.py:743} INFO - Processing file /Users/sunanda/Downloads/airflow/py_env/lib/python3.9/site-packages/airflow/example_dags/example_time_delta_sensor_async.py for tasks to queue
[2023-03-20T18:50:12.773-0400] {logging_mixin.py:137} INFO - [2023-03-20T18:50:12.773-0400] {dagbag.py:538} INFO - Filling up the DagBag from /Users/sunanda/Downloads/airflow/py_env/lib/python3.9/site-packages/airflow/example_dags/example_time_delta_sensor_async.py
[2023-03-20T18:50:12.790-0400] {processor.py:753} INFO - DAG(s) dict_keys(['example_time_delta_sensor_async']) retrieved from /Users/sunanda/Downloads/airflow/py_env/lib/python3.9/site-packages/airflow/example_dags/example_time_delta_sensor_async.py
[2023-03-20T18:50:13.019-0400] {logging_mixin.py:137} INFO - [2023-03-20T18:50:13.019-0400] {dag.py:2690} INFO - Sync 1 DAGs
[2023-03-20T18:50:13.026-0400] {logging_mixin.py:137} INFO - [2023-03-20T18:50:13.026-0400] {dag.py:3437} INFO - Setting next_dagrun for example_time_delta_sensor_async to None, run_after=None
[2023-03-20T18:50:13.034-0400] {processor.py:175} INFO - Processing /Users/sunanda/Downloads/airflow/py_env/lib/python3.9/site-packages/airflow/example_dags/example_time_delta_sensor_async.py took 0.263 seconds
[2023-03-20T18:51:23.074-0400] {processor.py:153} INFO - Started process (PID=1288) to work on /Users/sunanda/Downloads/airflow/py_env/lib/python3.9/site-packages/airflow/example_dags/example_time_delta_sensor_async.py
[2023-03-20T18:51:23.076-0400] {processor.py:743} INFO - Processing file /Users/sunanda/Downloads/airflow/py_env/lib/python3.9/site-packages/airflow/example_dags/example_time_delta_sensor_async.py for tasks to queue
[2023-03-20T18:51:23.076-0400] {logging_mixin.py:137} INFO - [2023-03-20T18:51:23.076-0400] {dagbag.py:538} INFO - Filling up the DagBag from /Users/sunanda/Downloads/airflow/py_env/lib/python3.9/site-packages/airflow/example_dags/example_time_delta_sensor_async.py
[2023-03-20T18:51:23.091-0400] {processor.py:753} INFO - DAG(s) dict_keys(['example_time_delta_sensor_async']) retrieved from /Users/sunanda/Downloads/airflow/py_env/lib/python3.9/site-packages/airflow/example_dags/example_time_delta_sensor_async.py
[2023-03-20T18:51:23.297-0400] {logging_mixin.py:137} INFO - [2023-03-20T18:51:23.297-0400] {dag.py:2690} INFO - Sync 1 DAGs
[2023-03-20T18:51:23.304-0400] {logging_mixin.py:137} INFO - [2023-03-20T18:51:23.303-0400] {dag.py:3437} INFO - Setting next_dagrun for example_time_delta_sensor_async to None, run_after=None
[2023-03-20T18:51:23.310-0400] {processor.py:175} INFO - Processing /Users/sunanda/Downloads/airflow/py_env/lib/python3.9/site-packages/airflow/example_dags/example_time_delta_sensor_async.py took 0.237 seconds
