[2023-03-20T00:23:43.373-0400] {processor.py:153} INFO - Started process (PID=59784) to work on /Users/sunanda/Downloads/python-demo/venv/lib/python3.9/site-packages/airflow/example_dags/example_trigger_target_dag.py
[2023-03-20T00:23:43.375-0400] {processor.py:743} INFO - Processing file /Users/sunanda/Downloads/python-demo/venv/lib/python3.9/site-packages/airflow/example_dags/example_trigger_target_dag.py for tasks to queue
[2023-03-20T00:23:43.375-0400] {logging_mixin.py:137} INFO - [2023-03-20T00:23:43.375-0400] {dagbag.py:532} INFO - Filling up the DagBag from /Users/sunanda/Downloads/python-demo/venv/lib/python3.9/site-packages/airflow/example_dags/example_trigger_target_dag.py
[2023-03-20T00:23:43.394-0400] {processor.py:753} INFO - DAG(s) dict_keys(['example_trigger_target_dag']) retrieved from /Users/sunanda/Downloads/python-demo/venv/lib/python3.9/site-packages/airflow/example_dags/example_trigger_target_dag.py
[2023-03-20T00:23:43.671-0400] {logging_mixin.py:137} INFO - [2023-03-20T00:23:43.671-0400] {dag.py:2693} INFO - Sync 1 DAGs
[2023-03-20T00:23:43.678-0400] {logging_mixin.py:137} INFO - [2023-03-20T00:23:43.677-0400] {dag.py:3440} INFO - Setting next_dagrun for example_trigger_target_dag to None, run_after=None
[2023-03-20T00:23:43.685-0400] {processor.py:175} INFO - Processing /Users/sunanda/Downloads/python-demo/venv/lib/python3.9/site-packages/airflow/example_dags/example_trigger_target_dag.py took 0.313 seconds
[2023-03-20T00:25:05.111-0400] {processor.py:153} INFO - Started process (PID=59910) to work on /Users/sunanda/Downloads/python-demo/venv/lib/python3.9/site-packages/airflow/example_dags/example_trigger_target_dag.py
[2023-03-20T00:25:05.114-0400] {processor.py:743} INFO - Processing file /Users/sunanda/Downloads/python-demo/venv/lib/python3.9/site-packages/airflow/example_dags/example_trigger_target_dag.py for tasks to queue
[2023-03-20T00:25:05.114-0400] {logging_mixin.py:137} INFO - [2023-03-20T00:25:05.114-0400] {dagbag.py:532} INFO - Filling up the DagBag from /Users/sunanda/Downloads/python-demo/venv/lib/python3.9/site-packages/airflow/example_dags/example_trigger_target_dag.py
[2023-03-20T00:25:05.134-0400] {processor.py:753} INFO - DAG(s) dict_keys(['example_trigger_target_dag']) retrieved from /Users/sunanda/Downloads/python-demo/venv/lib/python3.9/site-packages/airflow/example_dags/example_trigger_target_dag.py
[2023-03-20T00:25:05.409-0400] {logging_mixin.py:137} INFO - [2023-03-20T00:25:05.409-0400] {dag.py:2693} INFO - Sync 1 DAGs
[2023-03-20T00:25:05.415-0400] {logging_mixin.py:137} INFO - [2023-03-20T00:25:05.415-0400] {dag.py:3440} INFO - Setting next_dagrun for example_trigger_target_dag to None, run_after=None
[2023-03-20T00:25:05.422-0400] {processor.py:175} INFO - Processing /Users/sunanda/Downloads/python-demo/venv/lib/python3.9/site-packages/airflow/example_dags/example_trigger_target_dag.py took 0.312 seconds
[2023-03-20T00:26:43.826-0400] {processor.py:153} INFO - Started process (PID=60072) to work on /Users/sunanda/Downloads/python-demo/venv/lib/python3.9/site-packages/airflow/example_dags/example_trigger_target_dag.py
[2023-03-20T00:26:43.829-0400] {processor.py:743} INFO - Processing file /Users/sunanda/Downloads/python-demo/venv/lib/python3.9/site-packages/airflow/example_dags/example_trigger_target_dag.py for tasks to queue
[2023-03-20T00:26:43.829-0400] {logging_mixin.py:137} INFO - [2023-03-20T00:26:43.829-0400] {dagbag.py:532} INFO - Filling up the DagBag from /Users/sunanda/Downloads/python-demo/venv/lib/python3.9/site-packages/airflow/example_dags/example_trigger_target_dag.py
[2023-03-20T00:26:43.849-0400] {processor.py:753} INFO - DAG(s) dict_keys(['example_trigger_target_dag']) retrieved from /Users/sunanda/Downloads/python-demo/venv/lib/python3.9/site-packages/airflow/example_dags/example_trigger_target_dag.py
[2023-03-20T00:26:44.131-0400] {logging_mixin.py:137} INFO - [2023-03-20T00:26:44.131-0400] {dag.py:2693} INFO - Sync 1 DAGs
[2023-03-20T00:26:44.137-0400] {logging_mixin.py:137} INFO - [2023-03-20T00:26:44.137-0400] {dag.py:3440} INFO - Setting next_dagrun for example_trigger_target_dag to None, run_after=None
[2023-03-20T00:26:44.145-0400] {processor.py:175} INFO - Processing /Users/sunanda/Downloads/python-demo/venv/lib/python3.9/site-packages/airflow/example_dags/example_trigger_target_dag.py took 0.319 seconds
[2023-03-20T08:54:03.774-0400] {processor.py:153} INFO - Started process (PID=5849) to work on /Users/sunanda/Downloads/airflow/py_env/lib/python3.9/site-packages/airflow/example_dags/example_trigger_target_dag.py
[2023-03-20T08:54:03.777-0400] {processor.py:743} INFO - Processing file /Users/sunanda/Downloads/airflow/py_env/lib/python3.9/site-packages/airflow/example_dags/example_trigger_target_dag.py for tasks to queue
[2023-03-20T08:54:03.777-0400] {logging_mixin.py:137} INFO - [2023-03-20T08:54:03.777-0400] {dagbag.py:538} INFO - Filling up the DagBag from /Users/sunanda/Downloads/airflow/py_env/lib/python3.9/site-packages/airflow/example_dags/example_trigger_target_dag.py
[2023-03-20T08:54:03.796-0400] {processor.py:753} INFO - DAG(s) dict_keys(['example_trigger_target_dag']) retrieved from /Users/sunanda/Downloads/airflow/py_env/lib/python3.9/site-packages/airflow/example_dags/example_trigger_target_dag.py
[2023-03-20T08:54:03.990-0400] {logging_mixin.py:137} INFO - [2023-03-20T08:54:03.990-0400] {dag.py:2690} INFO - Sync 1 DAGs
[2023-03-20T08:54:03.996-0400] {logging_mixin.py:137} INFO - [2023-03-20T08:54:03.996-0400] {dag.py:3437} INFO - Setting next_dagrun for example_trigger_target_dag to None, run_after=None
[2023-03-20T08:54:04.004-0400] {processor.py:175} INFO - Processing /Users/sunanda/Downloads/airflow/py_env/lib/python3.9/site-packages/airflow/example_dags/example_trigger_target_dag.py took 0.230 seconds
[2023-03-20T08:55:18.155-0400] {processor.py:153} INFO - Started process (PID=5960) to work on /Users/sunanda/Downloads/airflow/py_env/lib/python3.9/site-packages/airflow/example_dags/example_trigger_target_dag.py
[2023-03-20T08:55:18.158-0400] {processor.py:743} INFO - Processing file /Users/sunanda/Downloads/airflow/py_env/lib/python3.9/site-packages/airflow/example_dags/example_trigger_target_dag.py for tasks to queue
[2023-03-20T08:55:18.158-0400] {logging_mixin.py:137} INFO - [2023-03-20T08:55:18.158-0400] {dagbag.py:538} INFO - Filling up the DagBag from /Users/sunanda/Downloads/airflow/py_env/lib/python3.9/site-packages/airflow/example_dags/example_trigger_target_dag.py
[2023-03-20T08:55:18.176-0400] {processor.py:753} INFO - DAG(s) dict_keys(['example_trigger_target_dag']) retrieved from /Users/sunanda/Downloads/airflow/py_env/lib/python3.9/site-packages/airflow/example_dags/example_trigger_target_dag.py
[2023-03-20T08:55:18.360-0400] {logging_mixin.py:137} INFO - [2023-03-20T08:55:18.360-0400] {dag.py:2690} INFO - Sync 1 DAGs
[2023-03-20T08:55:18.366-0400] {logging_mixin.py:137} INFO - [2023-03-20T08:55:18.366-0400] {dag.py:3437} INFO - Setting next_dagrun for example_trigger_target_dag to None, run_after=None
[2023-03-20T08:55:18.374-0400] {processor.py:175} INFO - Processing /Users/sunanda/Downloads/airflow/py_env/lib/python3.9/site-packages/airflow/example_dags/example_trigger_target_dag.py took 0.219 seconds
[2023-03-20T18:50:09.068-0400] {processor.py:153} INFO - Started process (PID=1144) to work on /Users/sunanda/Downloads/airflow/py_env/lib/python3.9/site-packages/airflow/example_dags/example_trigger_target_dag.py
[2023-03-20T18:50:09.070-0400] {processor.py:743} INFO - Processing file /Users/sunanda/Downloads/airflow/py_env/lib/python3.9/site-packages/airflow/example_dags/example_trigger_target_dag.py for tasks to queue
[2023-03-20T18:50:09.071-0400] {logging_mixin.py:137} INFO - [2023-03-20T18:50:09.071-0400] {dagbag.py:538} INFO - Filling up the DagBag from /Users/sunanda/Downloads/airflow/py_env/lib/python3.9/site-packages/airflow/example_dags/example_trigger_target_dag.py
[2023-03-20T18:50:09.090-0400] {processor.py:753} INFO - DAG(s) dict_keys(['example_trigger_target_dag']) retrieved from /Users/sunanda/Downloads/airflow/py_env/lib/python3.9/site-packages/airflow/example_dags/example_trigger_target_dag.py
[2023-03-20T18:50:09.288-0400] {logging_mixin.py:137} INFO - [2023-03-20T18:50:09.288-0400] {dag.py:2690} INFO - Sync 1 DAGs
[2023-03-20T18:50:09.294-0400] {logging_mixin.py:137} INFO - [2023-03-20T18:50:09.294-0400] {dag.py:3437} INFO - Setting next_dagrun for example_trigger_target_dag to None, run_after=None
[2023-03-20T18:50:09.302-0400] {processor.py:175} INFO - Processing /Users/sunanda/Downloads/airflow/py_env/lib/python3.9/site-packages/airflow/example_dags/example_trigger_target_dag.py took 0.234 seconds
[2023-03-20T18:51:19.411-0400] {processor.py:153} INFO - Started process (PID=1282) to work on /Users/sunanda/Downloads/airflow/py_env/lib/python3.9/site-packages/airflow/example_dags/example_trigger_target_dag.py
[2023-03-20T18:51:19.414-0400] {processor.py:743} INFO - Processing file /Users/sunanda/Downloads/airflow/py_env/lib/python3.9/site-packages/airflow/example_dags/example_trigger_target_dag.py for tasks to queue
[2023-03-20T18:51:19.414-0400] {logging_mixin.py:137} INFO - [2023-03-20T18:51:19.414-0400] {dagbag.py:538} INFO - Filling up the DagBag from /Users/sunanda/Downloads/airflow/py_env/lib/python3.9/site-packages/airflow/example_dags/example_trigger_target_dag.py
[2023-03-20T18:51:19.432-0400] {processor.py:753} INFO - DAG(s) dict_keys(['example_trigger_target_dag']) retrieved from /Users/sunanda/Downloads/airflow/py_env/lib/python3.9/site-packages/airflow/example_dags/example_trigger_target_dag.py
[2023-03-20T18:51:19.615-0400] {logging_mixin.py:137} INFO - [2023-03-20T18:51:19.615-0400] {dag.py:2690} INFO - Sync 1 DAGs
[2023-03-20T18:51:19.621-0400] {logging_mixin.py:137} INFO - [2023-03-20T18:51:19.621-0400] {dag.py:3437} INFO - Setting next_dagrun for example_trigger_target_dag to None, run_after=None
[2023-03-20T18:51:19.628-0400] {processor.py:175} INFO - Processing /Users/sunanda/Downloads/airflow/py_env/lib/python3.9/site-packages/airflow/example_dags/example_trigger_target_dag.py took 0.217 seconds
