[2023-03-20T00:24:13.180-0400] {processor.py:153} INFO - Started process (PID=59829) to work on /Users/sunanda/Downloads/python-demo/venv/lib/python3.9/site-packages/airflow/example_dags/example_local_kubernetes_executor.py
[2023-03-20T00:24:13.182-0400] {processor.py:743} INFO - Processing file /Users/sunanda/Downloads/python-demo/venv/lib/python3.9/site-packages/airflow/example_dags/example_local_kubernetes_executor.py for tasks to queue
[2023-03-20T00:24:13.182-0400] {logging_mixin.py:137} INFO - [2023-03-20T00:24:13.182-0400] {dagbag.py:532} INFO - Filling up the DagBag from /Users/sunanda/Downloads/python-demo/venv/lib/python3.9/site-packages/airflow/example_dags/example_local_kubernetes_executor.py
[2023-03-20T00:24:13.202-0400] {processor.py:753} INFO - DAG(s) dict_keys(['example_local_kubernetes_executor']) retrieved from /Users/sunanda/Downloads/python-demo/venv/lib/python3.9/site-packages/airflow/example_dags/example_local_kubernetes_executor.py
[2023-03-20T00:24:13.501-0400] {logging_mixin.py:137} INFO - [2023-03-20T00:24:13.500-0400] {manager.py:504} INFO - Created Permission View: can edit on DAG:example_local_kubernetes_executor
[2023-03-20T00:24:13.503-0400] {logging_mixin.py:137} INFO - [2023-03-20T00:24:13.503-0400] {manager.py:504} INFO - Created Permission View: can read on DAG:example_local_kubernetes_executor
[2023-03-20T00:24:13.505-0400] {logging_mixin.py:137} INFO - [2023-03-20T00:24:13.505-0400] {manager.py:504} INFO - Created Permission View: can delete on DAG:example_local_kubernetes_executor
[2023-03-20T00:24:13.505-0400] {logging_mixin.py:137} INFO - [2023-03-20T00:24:13.505-0400] {dag.py:2693} INFO - Sync 1 DAGs
[2023-03-20T00:24:13.509-0400] {logging_mixin.py:137} INFO - [2023-03-20T00:24:13.509-0400] {dag.py:2714} INFO - Creating ORM DAG for example_local_kubernetes_executor
[2023-03-20T00:24:13.512-0400] {logging_mixin.py:137} INFO - [2023-03-20T00:24:13.512-0400] {dag.py:3440} INFO - Setting next_dagrun for example_local_kubernetes_executor to None, run_after=None
[2023-03-20T00:24:13.519-0400] {processor.py:175} INFO - Processing /Users/sunanda/Downloads/python-demo/venv/lib/python3.9/site-packages/airflow/example_dags/example_local_kubernetes_executor.py took 0.339 seconds
[2023-03-20T00:25:55.031-0400] {processor.py:153} INFO - Started process (PID=59997) to work on /Users/sunanda/Downloads/python-demo/venv/lib/python3.9/site-packages/airflow/example_dags/example_local_kubernetes_executor.py
[2023-03-20T00:25:55.034-0400] {processor.py:743} INFO - Processing file /Users/sunanda/Downloads/python-demo/venv/lib/python3.9/site-packages/airflow/example_dags/example_local_kubernetes_executor.py for tasks to queue
[2023-03-20T00:25:55.034-0400] {logging_mixin.py:137} INFO - [2023-03-20T00:25:55.034-0400] {dagbag.py:532} INFO - Filling up the DagBag from /Users/sunanda/Downloads/python-demo/venv/lib/python3.9/site-packages/airflow/example_dags/example_local_kubernetes_executor.py
[2023-03-20T00:25:55.053-0400] {processor.py:753} INFO - DAG(s) dict_keys(['example_local_kubernetes_executor']) retrieved from /Users/sunanda/Downloads/python-demo/venv/lib/python3.9/site-packages/airflow/example_dags/example_local_kubernetes_executor.py
[2023-03-20T00:25:55.338-0400] {logging_mixin.py:137} INFO - [2023-03-20T00:25:55.338-0400] {dag.py:2693} INFO - Sync 1 DAGs
[2023-03-20T00:25:55.344-0400] {logging_mixin.py:137} INFO - [2023-03-20T00:25:55.344-0400] {dag.py:3440} INFO - Setting next_dagrun for example_local_kubernetes_executor to None, run_after=None
[2023-03-20T00:25:55.351-0400] {processor.py:175} INFO - Processing /Users/sunanda/Downloads/python-demo/venv/lib/python3.9/site-packages/airflow/example_dags/example_local_kubernetes_executor.py took 0.320 seconds
[2023-03-20T08:54:31.176-0400] {processor.py:153} INFO - Started process (PID=5890) to work on /Users/sunanda/Downloads/airflow/py_env/lib/python3.9/site-packages/airflow/example_dags/example_local_kubernetes_executor.py
[2023-03-20T08:54:31.180-0400] {processor.py:743} INFO - Processing file /Users/sunanda/Downloads/airflow/py_env/lib/python3.9/site-packages/airflow/example_dags/example_local_kubernetes_executor.py for tasks to queue
[2023-03-20T08:54:31.180-0400] {logging_mixin.py:137} INFO - [2023-03-20T08:54:31.180-0400] {dagbag.py:538} INFO - Filling up the DagBag from /Users/sunanda/Downloads/airflow/py_env/lib/python3.9/site-packages/airflow/example_dags/example_local_kubernetes_executor.py
[2023-03-20T08:54:31.200-0400] {processor.py:753} INFO - DAG(s) dict_keys(['example_local_kubernetes_executor']) retrieved from /Users/sunanda/Downloads/airflow/py_env/lib/python3.9/site-packages/airflow/example_dags/example_local_kubernetes_executor.py
[2023-03-20T08:54:31.409-0400] {logging_mixin.py:137} INFO - [2023-03-20T08:54:31.409-0400] {dag.py:2690} INFO - Sync 1 DAGs
[2023-03-20T08:54:31.416-0400] {logging_mixin.py:137} INFO - [2023-03-20T08:54:31.416-0400] {dag.py:3437} INFO - Setting next_dagrun for example_local_kubernetes_executor to None, run_after=None
[2023-03-20T08:54:31.425-0400] {processor.py:175} INFO - Processing /Users/sunanda/Downloads/airflow/py_env/lib/python3.9/site-packages/airflow/example_dags/example_local_kubernetes_executor.py took 0.249 seconds
[2023-03-20T18:50:35.299-0400] {processor.py:153} INFO - Started process (PID=1202) to work on /Users/sunanda/Downloads/airflow/py_env/lib/python3.9/site-packages/airflow/example_dags/example_local_kubernetes_executor.py
[2023-03-20T18:50:35.301-0400] {processor.py:743} INFO - Processing file /Users/sunanda/Downloads/airflow/py_env/lib/python3.9/site-packages/airflow/example_dags/example_local_kubernetes_executor.py for tasks to queue
[2023-03-20T18:50:35.302-0400] {logging_mixin.py:137} INFO - [2023-03-20T18:50:35.302-0400] {dagbag.py:538} INFO - Filling up the DagBag from /Users/sunanda/Downloads/airflow/py_env/lib/python3.9/site-packages/airflow/example_dags/example_local_kubernetes_executor.py
[2023-03-20T18:50:35.321-0400] {processor.py:753} INFO - DAG(s) dict_keys(['example_local_kubernetes_executor']) retrieved from /Users/sunanda/Downloads/airflow/py_env/lib/python3.9/site-packages/airflow/example_dags/example_local_kubernetes_executor.py
[2023-03-20T18:50:35.508-0400] {logging_mixin.py:137} INFO - [2023-03-20T18:50:35.508-0400] {dag.py:2690} INFO - Sync 1 DAGs
[2023-03-20T18:50:35.514-0400] {logging_mixin.py:137} INFO - [2023-03-20T18:50:35.514-0400] {dag.py:3437} INFO - Setting next_dagrun for example_local_kubernetes_executor to None, run_after=None
[2023-03-20T18:50:35.521-0400] {processor.py:175} INFO - Processing /Users/sunanda/Downloads/airflow/py_env/lib/python3.9/site-packages/airflow/example_dags/example_local_kubernetes_executor.py took 0.222 seconds
[2023-03-20T18:51:56.277-0400] {processor.py:153} INFO - Started process (PID=1341) to work on /Users/sunanda/Downloads/airflow/py_env/lib/python3.9/site-packages/airflow/example_dags/example_local_kubernetes_executor.py
[2023-03-20T18:51:56.280-0400] {processor.py:743} INFO - Processing file /Users/sunanda/Downloads/airflow/py_env/lib/python3.9/site-packages/airflow/example_dags/example_local_kubernetes_executor.py for tasks to queue
[2023-03-20T18:51:56.280-0400] {logging_mixin.py:137} INFO - [2023-03-20T18:51:56.280-0400] {dagbag.py:538} INFO - Filling up the DagBag from /Users/sunanda/Downloads/airflow/py_env/lib/python3.9/site-packages/airflow/example_dags/example_local_kubernetes_executor.py
[2023-03-20T18:51:56.302-0400] {processor.py:753} INFO - DAG(s) dict_keys(['example_local_kubernetes_executor']) retrieved from /Users/sunanda/Downloads/airflow/py_env/lib/python3.9/site-packages/airflow/example_dags/example_local_kubernetes_executor.py
[2023-03-20T18:51:56.517-0400] {logging_mixin.py:137} INFO - [2023-03-20T18:51:56.517-0400] {dag.py:2690} INFO - Sync 1 DAGs
[2023-03-20T18:51:56.524-0400] {logging_mixin.py:137} INFO - [2023-03-20T18:51:56.524-0400] {dag.py:3437} INFO - Setting next_dagrun for example_local_kubernetes_executor to None, run_after=None
[2023-03-20T18:51:56.532-0400] {processor.py:175} INFO - Processing /Users/sunanda/Downloads/airflow/py_env/lib/python3.9/site-packages/airflow/example_dags/example_local_kubernetes_executor.py took 0.256 seconds
