[2023-03-20T00:24:35.275-0400] {processor.py:153} INFO - Started process (PID=59865) to work on /Users/sunanda/Downloads/python-demo/venv/lib/python3.9/site-packages/airflow/example_dags/example_branch_labels.py
[2023-03-20T00:24:35.277-0400] {processor.py:743} INFO - Processing file /Users/sunanda/Downloads/python-demo/venv/lib/python3.9/site-packages/airflow/example_dags/example_branch_labels.py for tasks to queue
[2023-03-20T00:24:35.278-0400] {logging_mixin.py:137} INFO - [2023-03-20T00:24:35.278-0400] {dagbag.py:532} INFO - Filling up the DagBag from /Users/sunanda/Downloads/python-demo/venv/lib/python3.9/site-packages/airflow/example_dags/example_branch_labels.py
[2023-03-20T00:24:35.289-0400] {processor.py:753} INFO - DAG(s) dict_keys(['example_branch_labels']) retrieved from /Users/sunanda/Downloads/python-demo/venv/lib/python3.9/site-packages/airflow/example_dags/example_branch_labels.py
[2023-03-20T00:24:35.579-0400] {logging_mixin.py:137} INFO - [2023-03-20T00:24:35.579-0400] {dag.py:2693} INFO - Sync 1 DAGs
[2023-03-20T00:24:35.587-0400] {logging_mixin.py:137} INFO - [2023-03-20T00:24:35.587-0400] {dag.py:3440} INFO - Setting next_dagrun for example_branch_labels to 2023-03-19T00:00:00+00:00, run_after=2023-03-20T00:00:00+00:00
[2023-03-20T00:24:35.596-0400] {processor.py:175} INFO - Processing /Users/sunanda/Downloads/python-demo/venv/lib/python3.9/site-packages/airflow/example_dags/example_branch_labels.py took 0.321 seconds
[2023-03-20T00:26:16.974-0400] {processor.py:153} INFO - Started process (PID=60031) to work on /Users/sunanda/Downloads/python-demo/venv/lib/python3.9/site-packages/airflow/example_dags/example_branch_labels.py
[2023-03-20T00:26:16.977-0400] {processor.py:743} INFO - Processing file /Users/sunanda/Downloads/python-demo/venv/lib/python3.9/site-packages/airflow/example_dags/example_branch_labels.py for tasks to queue
[2023-03-20T00:26:16.977-0400] {logging_mixin.py:137} INFO - [2023-03-20T00:26:16.977-0400] {dagbag.py:532} INFO - Filling up the DagBag from /Users/sunanda/Downloads/python-demo/venv/lib/python3.9/site-packages/airflow/example_dags/example_branch_labels.py
[2023-03-20T00:26:16.988-0400] {processor.py:753} INFO - DAG(s) dict_keys(['example_branch_labels']) retrieved from /Users/sunanda/Downloads/python-demo/venv/lib/python3.9/site-packages/airflow/example_dags/example_branch_labels.py
[2023-03-20T00:26:17.262-0400] {logging_mixin.py:137} INFO - [2023-03-20T00:26:17.262-0400] {dag.py:2693} INFO - Sync 1 DAGs
[2023-03-20T00:26:17.269-0400] {logging_mixin.py:137} INFO - [2023-03-20T00:26:17.269-0400] {dag.py:3440} INFO - Setting next_dagrun for example_branch_labels to 2023-03-19T00:00:00+00:00, run_after=2023-03-20T00:00:00+00:00
[2023-03-20T00:26:17.276-0400] {processor.py:175} INFO - Processing /Users/sunanda/Downloads/python-demo/venv/lib/python3.9/site-packages/airflow/example_dags/example_branch_labels.py took 0.302 seconds
[2023-03-20T08:54:53.298-0400] {processor.py:153} INFO - Started process (PID=5922) to work on /Users/sunanda/Downloads/airflow/py_env/lib/python3.9/site-packages/airflow/example_dags/example_branch_labels.py
[2023-03-20T08:54:53.301-0400] {processor.py:743} INFO - Processing file /Users/sunanda/Downloads/airflow/py_env/lib/python3.9/site-packages/airflow/example_dags/example_branch_labels.py for tasks to queue
[2023-03-20T08:54:53.302-0400] {logging_mixin.py:137} INFO - [2023-03-20T08:54:53.302-0400] {dagbag.py:538} INFO - Filling up the DagBag from /Users/sunanda/Downloads/airflow/py_env/lib/python3.9/site-packages/airflow/example_dags/example_branch_labels.py
[2023-03-20T08:54:53.312-0400] {processor.py:753} INFO - DAG(s) dict_keys(['example_branch_labels']) retrieved from /Users/sunanda/Downloads/airflow/py_env/lib/python3.9/site-packages/airflow/example_dags/example_branch_labels.py
[2023-03-20T08:54:53.510-0400] {logging_mixin.py:137} INFO - [2023-03-20T08:54:53.510-0400] {dag.py:2690} INFO - Sync 1 DAGs
[2023-03-20T08:54:53.517-0400] {logging_mixin.py:137} INFO - [2023-03-20T08:54:53.517-0400] {dag.py:3437} INFO - Setting next_dagrun for example_branch_labels to 2023-03-19T00:00:00+00:00, run_after=2023-03-20T00:00:00+00:00
[2023-03-20T08:54:53.525-0400] {processor.py:175} INFO - Processing /Users/sunanda/Downloads/airflow/py_env/lib/python3.9/site-packages/airflow/example_dags/example_branch_labels.py took 0.227 seconds
[2023-03-20T18:50:56.545-0400] {processor.py:153} INFO - Started process (PID=1243) to work on /Users/sunanda/Downloads/airflow/py_env/lib/python3.9/site-packages/airflow/example_dags/example_branch_labels.py
[2023-03-20T18:50:56.548-0400] {processor.py:743} INFO - Processing file /Users/sunanda/Downloads/airflow/py_env/lib/python3.9/site-packages/airflow/example_dags/example_branch_labels.py for tasks to queue
[2023-03-20T18:50:56.548-0400] {logging_mixin.py:137} INFO - [2023-03-20T18:50:56.548-0400] {dagbag.py:538} INFO - Filling up the DagBag from /Users/sunanda/Downloads/airflow/py_env/lib/python3.9/site-packages/airflow/example_dags/example_branch_labels.py
[2023-03-20T18:50:56.559-0400] {processor.py:753} INFO - DAG(s) dict_keys(['example_branch_labels']) retrieved from /Users/sunanda/Downloads/airflow/py_env/lib/python3.9/site-packages/airflow/example_dags/example_branch_labels.py
[2023-03-20T18:50:56.745-0400] {logging_mixin.py:137} INFO - [2023-03-20T18:50:56.745-0400] {dag.py:2690} INFO - Sync 1 DAGs
[2023-03-20T18:50:56.752-0400] {logging_mixin.py:137} INFO - [2023-03-20T18:50:56.752-0400] {dag.py:3437} INFO - Setting next_dagrun for example_branch_labels to 2023-03-19T00:00:00+00:00, run_after=2023-03-20T00:00:00+00:00
[2023-03-20T18:50:56.759-0400] {processor.py:175} INFO - Processing /Users/sunanda/Downloads/airflow/py_env/lib/python3.9/site-packages/airflow/example_dags/example_branch_labels.py took 0.214 seconds
