[2023-03-20T00:23:58.317-0400] {processor.py:153} INFO - Started process (PID=59806) to work on /Users/sunanda/Downloads/python-demo/venv/lib/python3.9/site-packages/airflow/example_dags/example_short_circuit_operator.py
[2023-03-20T00:23:58.319-0400] {processor.py:743} INFO - Processing file /Users/sunanda/Downloads/python-demo/venv/lib/python3.9/site-packages/airflow/example_dags/example_short_circuit_operator.py for tasks to queue
[2023-03-20T00:23:58.319-0400] {logging_mixin.py:137} INFO - [2023-03-20T00:23:58.319-0400] {dagbag.py:532} INFO - Filling up the DagBag from /Users/sunanda/Downloads/python-demo/venv/lib/python3.9/site-packages/airflow/example_dags/example_short_circuit_operator.py
[2023-03-20T00:23:58.335-0400] {processor.py:753} INFO - DAG(s) dict_keys(['example_short_circuit_operator']) retrieved from /Users/sunanda/Downloads/python-demo/venv/lib/python3.9/site-packages/airflow/example_dags/example_short_circuit_operator.py
[2023-03-20T00:23:58.626-0400] {logging_mixin.py:137} INFO - [2023-03-20T00:23:58.626-0400] {dag.py:2693} INFO - Sync 1 DAGs
[2023-03-20T00:23:58.632-0400] {logging_mixin.py:137} INFO - [2023-03-20T00:23:58.632-0400] {dag.py:3440} INFO - Setting next_dagrun for example_short_circuit_operator to 2023-03-19T04:23:58.632434+00:00, run_after=2023-03-20T04:23:58.632434+00:00
[2023-03-20T00:23:58.641-0400] {processor.py:175} INFO - Processing /Users/sunanda/Downloads/python-demo/venv/lib/python3.9/site-packages/airflow/example_dags/example_short_circuit_operator.py took 0.324 seconds
[2023-03-20T00:25:18.952-0400] {processor.py:153} INFO - Started process (PID=59933) to work on /Users/sunanda/Downloads/python-demo/venv/lib/python3.9/site-packages/airflow/example_dags/example_short_circuit_operator.py
[2023-03-20T00:25:18.955-0400] {processor.py:743} INFO - Processing file /Users/sunanda/Downloads/python-demo/venv/lib/python3.9/site-packages/airflow/example_dags/example_short_circuit_operator.py for tasks to queue
[2023-03-20T00:25:18.955-0400] {logging_mixin.py:137} INFO - [2023-03-20T00:25:18.955-0400] {dagbag.py:532} INFO - Filling up the DagBag from /Users/sunanda/Downloads/python-demo/venv/lib/python3.9/site-packages/airflow/example_dags/example_short_circuit_operator.py
[2023-03-20T00:25:18.971-0400] {processor.py:753} INFO - DAG(s) dict_keys(['example_short_circuit_operator']) retrieved from /Users/sunanda/Downloads/python-demo/venv/lib/python3.9/site-packages/airflow/example_dags/example_short_circuit_operator.py
[2023-03-20T00:25:19.271-0400] {logging_mixin.py:137} INFO - [2023-03-20T00:25:19.271-0400] {dag.py:2693} INFO - Sync 1 DAGs
[2023-03-20T00:25:19.279-0400] {logging_mixin.py:137} INFO - [2023-03-20T00:25:19.279-0400] {dag.py:3440} INFO - Setting next_dagrun for example_short_circuit_operator to 2023-03-19T04:25:19.279233+00:00, run_after=2023-03-20T04:25:19.279233+00:00
[2023-03-20T00:25:19.287-0400] {processor.py:175} INFO - Processing /Users/sunanda/Downloads/python-demo/venv/lib/python3.9/site-packages/airflow/example_dags/example_short_circuit_operator.py took 0.336 seconds
[2023-03-20T08:54:18.482-0400] {processor.py:153} INFO - Started process (PID=5871) to work on /Users/sunanda/Downloads/airflow/py_env/lib/python3.9/site-packages/airflow/example_dags/example_short_circuit_operator.py
[2023-03-20T08:54:18.485-0400] {processor.py:743} INFO - Processing file /Users/sunanda/Downloads/airflow/py_env/lib/python3.9/site-packages/airflow/example_dags/example_short_circuit_operator.py for tasks to queue
[2023-03-20T08:54:18.486-0400] {logging_mixin.py:137} INFO - [2023-03-20T08:54:18.486-0400] {dagbag.py:538} INFO - Filling up the DagBag from /Users/sunanda/Downloads/airflow/py_env/lib/python3.9/site-packages/airflow/example_dags/example_short_circuit_operator.py
[2023-03-20T08:54:18.502-0400] {processor.py:753} INFO - DAG(s) dict_keys(['example_short_circuit_operator']) retrieved from /Users/sunanda/Downloads/airflow/py_env/lib/python3.9/site-packages/airflow/example_dags/example_short_circuit_operator.py
[2023-03-20T08:54:18.708-0400] {logging_mixin.py:137} INFO - [2023-03-20T08:54:18.708-0400] {dag.py:2690} INFO - Sync 1 DAGs
[2023-03-20T08:54:18.716-0400] {logging_mixin.py:137} INFO - [2023-03-20T08:54:18.716-0400] {dag.py:3437} INFO - Setting next_dagrun for example_short_circuit_operator to 2023-03-19T12:54:18.716151+00:00, run_after=2023-03-20T12:54:18.716151+00:00
[2023-03-20T08:54:18.724-0400] {processor.py:175} INFO - Processing /Users/sunanda/Downloads/airflow/py_env/lib/python3.9/site-packages/airflow/example_dags/example_short_circuit_operator.py took 0.242 seconds
[2023-03-20T08:55:32.299-0400] {processor.py:153} INFO - Started process (PID=5981) to work on /Users/sunanda/Downloads/airflow/py_env/lib/python3.9/site-packages/airflow/example_dags/example_short_circuit_operator.py
[2023-03-20T08:55:32.302-0400] {processor.py:743} INFO - Processing file /Users/sunanda/Downloads/airflow/py_env/lib/python3.9/site-packages/airflow/example_dags/example_short_circuit_operator.py for tasks to queue
[2023-03-20T08:55:32.303-0400] {logging_mixin.py:137} INFO - [2023-03-20T08:55:32.303-0400] {dagbag.py:538} INFO - Filling up the DagBag from /Users/sunanda/Downloads/airflow/py_env/lib/python3.9/site-packages/airflow/example_dags/example_short_circuit_operator.py
[2023-03-20T08:55:32.318-0400] {processor.py:753} INFO - DAG(s) dict_keys(['example_short_circuit_operator']) retrieved from /Users/sunanda/Downloads/airflow/py_env/lib/python3.9/site-packages/airflow/example_dags/example_short_circuit_operator.py
[2023-03-20T08:55:32.507-0400] {logging_mixin.py:137} INFO - [2023-03-20T08:55:32.507-0400] {dag.py:2690} INFO - Sync 1 DAGs
[2023-03-20T08:55:32.513-0400] {logging_mixin.py:137} INFO - [2023-03-20T08:55:32.513-0400] {dag.py:3437} INFO - Setting next_dagrun for example_short_circuit_operator to 2023-03-19T12:55:32.513815+00:00, run_after=2023-03-20T12:55:32.513815+00:00
[2023-03-20T08:55:32.520-0400] {processor.py:175} INFO - Processing /Users/sunanda/Downloads/airflow/py_env/lib/python3.9/site-packages/airflow/example_dags/example_short_circuit_operator.py took 0.221 seconds
[2023-03-20T18:50:23.058-0400] {processor.py:153} INFO - Started process (PID=1182) to work on /Users/sunanda/Downloads/airflow/py_env/lib/python3.9/site-packages/airflow/example_dags/example_short_circuit_operator.py
[2023-03-20T18:50:23.060-0400] {processor.py:743} INFO - Processing file /Users/sunanda/Downloads/airflow/py_env/lib/python3.9/site-packages/airflow/example_dags/example_short_circuit_operator.py for tasks to queue
[2023-03-20T18:50:23.061-0400] {logging_mixin.py:137} INFO - [2023-03-20T18:50:23.061-0400] {dagbag.py:538} INFO - Filling up the DagBag from /Users/sunanda/Downloads/airflow/py_env/lib/python3.9/site-packages/airflow/example_dags/example_short_circuit_operator.py
[2023-03-20T18:50:23.075-0400] {processor.py:753} INFO - DAG(s) dict_keys(['example_short_circuit_operator']) retrieved from /Users/sunanda/Downloads/airflow/py_env/lib/python3.9/site-packages/airflow/example_dags/example_short_circuit_operator.py
[2023-03-20T18:50:23.261-0400] {logging_mixin.py:137} INFO - [2023-03-20T18:50:23.261-0400] {dag.py:2690} INFO - Sync 1 DAGs
[2023-03-20T18:50:23.267-0400] {logging_mixin.py:137} INFO - [2023-03-20T18:50:23.267-0400] {dag.py:3437} INFO - Setting next_dagrun for example_short_circuit_operator to 2023-03-19T22:50:23.267551+00:00, run_after=2023-03-20T22:50:23.267551+00:00
[2023-03-20T18:50:23.274-0400] {processor.py:175} INFO - Processing /Users/sunanda/Downloads/airflow/py_env/lib/python3.9/site-packages/airflow/example_dags/example_short_circuit_operator.py took 0.216 seconds
[2023-03-20T18:51:32.760-0400] {processor.py:153} INFO - Started process (PID=1305) to work on /Users/sunanda/Downloads/airflow/py_env/lib/python3.9/site-packages/airflow/example_dags/example_short_circuit_operator.py
[2023-03-20T18:51:32.762-0400] {processor.py:743} INFO - Processing file /Users/sunanda/Downloads/airflow/py_env/lib/python3.9/site-packages/airflow/example_dags/example_short_circuit_operator.py for tasks to queue
[2023-03-20T18:51:32.763-0400] {logging_mixin.py:137} INFO - [2023-03-20T18:51:32.763-0400] {dagbag.py:538} INFO - Filling up the DagBag from /Users/sunanda/Downloads/airflow/py_env/lib/python3.9/site-packages/airflow/example_dags/example_short_circuit_operator.py
[2023-03-20T18:51:32.777-0400] {processor.py:753} INFO - DAG(s) dict_keys(['example_short_circuit_operator']) retrieved from /Users/sunanda/Downloads/airflow/py_env/lib/python3.9/site-packages/airflow/example_dags/example_short_circuit_operator.py
[2023-03-20T18:51:32.961-0400] {logging_mixin.py:137} INFO - [2023-03-20T18:51:32.961-0400] {dag.py:2690} INFO - Sync 1 DAGs
[2023-03-20T18:51:32.967-0400] {logging_mixin.py:137} INFO - [2023-03-20T18:51:32.967-0400] {dag.py:3437} INFO - Setting next_dagrun for example_short_circuit_operator to 2023-03-19T22:51:32.967367+00:00, run_after=2023-03-20T22:51:32.967367+00:00
[2023-03-20T18:51:32.974-0400] {processor.py:175} INFO - Processing /Users/sunanda/Downloads/airflow/py_env/lib/python3.9/site-packages/airflow/example_dags/example_short_circuit_operator.py took 0.214 seconds
