[2023-03-20T00:24:28.317-0400] {processor.py:153} INFO - Started process (PID=59853) to work on /Users/sunanda/Downloads/python-demo/venv/lib/python3.9/site-packages/airflow/example_dags/example_complex.py
[2023-03-20T00:24:28.319-0400] {processor.py:743} INFO - Processing file /Users/sunanda/Downloads/python-demo/venv/lib/python3.9/site-packages/airflow/example_dags/example_complex.py for tasks to queue
[2023-03-20T00:24:28.320-0400] {logging_mixin.py:137} INFO - [2023-03-20T00:24:28.320-0400] {dagbag.py:532} INFO - Filling up the DagBag from /Users/sunanda/Downloads/python-demo/venv/lib/python3.9/site-packages/airflow/example_dags/example_complex.py
[2023-03-20T00:24:28.329-0400] {logging_mixin.py:137} INFO - [2023-03-20T00:24:28.329-0400] {taskmixin.py:211} WARNING - Dependency <Task(BashOperator): create_entry_group>, delete_entry_group already registered for DAG: example_complex
[2023-03-20T00:24:28.329-0400] {logging_mixin.py:137} INFO - [2023-03-20T00:24:28.329-0400] {taskmixin.py:211} WARNING - Dependency <Task(BashOperator): delete_entry_group>, create_entry_group already registered for DAG: example_complex
[2023-03-20T00:24:28.329-0400] {logging_mixin.py:137} INFO - [2023-03-20T00:24:28.329-0400] {taskmixin.py:211} WARNING - Dependency <Task(BashOperator): create_entry_gcs>, delete_entry already registered for DAG: example_complex
[2023-03-20T00:24:28.329-0400] {logging_mixin.py:137} INFO - [2023-03-20T00:24:28.329-0400] {taskmixin.py:211} WARNING - Dependency <Task(BashOperator): delete_entry>, create_entry_gcs already registered for DAG: example_complex
[2023-03-20T00:24:28.330-0400] {logging_mixin.py:137} INFO - [2023-03-20T00:24:28.330-0400] {taskmixin.py:211} WARNING - Dependency <Task(BashOperator): create_tag>, delete_tag already registered for DAG: example_complex
[2023-03-20T00:24:28.330-0400] {logging_mixin.py:137} INFO - [2023-03-20T00:24:28.330-0400] {taskmixin.py:211} WARNING - Dependency <Task(BashOperator): delete_tag>, create_tag already registered for DAG: example_complex
[2023-03-20T00:24:28.333-0400] {processor.py:753} INFO - DAG(s) dict_keys(['example_complex']) retrieved from /Users/sunanda/Downloads/python-demo/venv/lib/python3.9/site-packages/airflow/example_dags/example_complex.py
[2023-03-20T00:24:28.629-0400] {logging_mixin.py:137} INFO - [2023-03-20T00:24:28.629-0400] {dag.py:2693} INFO - Sync 1 DAGs
[2023-03-20T00:24:28.635-0400] {logging_mixin.py:137} INFO - [2023-03-20T00:24:28.635-0400] {dag.py:3440} INFO - Setting next_dagrun for example_complex to None, run_after=None
[2023-03-20T00:24:28.644-0400] {processor.py:175} INFO - Processing /Users/sunanda/Downloads/python-demo/venv/lib/python3.9/site-packages/airflow/example_dags/example_complex.py took 0.327 seconds
[2023-03-20T00:26:10.020-0400] {processor.py:153} INFO - Started process (PID=60020) to work on /Users/sunanda/Downloads/python-demo/venv/lib/python3.9/site-packages/airflow/example_dags/example_complex.py
[2023-03-20T00:26:10.023-0400] {processor.py:743} INFO - Processing file /Users/sunanda/Downloads/python-demo/venv/lib/python3.9/site-packages/airflow/example_dags/example_complex.py for tasks to queue
[2023-03-20T00:26:10.023-0400] {logging_mixin.py:137} INFO - [2023-03-20T00:26:10.023-0400] {dagbag.py:532} INFO - Filling up the DagBag from /Users/sunanda/Downloads/python-demo/venv/lib/python3.9/site-packages/airflow/example_dags/example_complex.py
[2023-03-20T00:26:10.032-0400] {logging_mixin.py:137} INFO - [2023-03-20T00:26:10.032-0400] {taskmixin.py:211} WARNING - Dependency <Task(BashOperator): create_entry_group>, delete_entry_group already registered for DAG: example_complex
[2023-03-20T00:26:10.032-0400] {logging_mixin.py:137} INFO - [2023-03-20T00:26:10.032-0400] {taskmixin.py:211} WARNING - Dependency <Task(BashOperator): delete_entry_group>, create_entry_group already registered for DAG: example_complex
[2023-03-20T00:26:10.032-0400] {logging_mixin.py:137} INFO - [2023-03-20T00:26:10.032-0400] {taskmixin.py:211} WARNING - Dependency <Task(BashOperator): create_entry_gcs>, delete_entry already registered for DAG: example_complex
[2023-03-20T00:26:10.032-0400] {logging_mixin.py:137} INFO - [2023-03-20T00:26:10.032-0400] {taskmixin.py:211} WARNING - Dependency <Task(BashOperator): delete_entry>, create_entry_gcs already registered for DAG: example_complex
[2023-03-20T00:26:10.032-0400] {logging_mixin.py:137} INFO - [2023-03-20T00:26:10.032-0400] {taskmixin.py:211} WARNING - Dependency <Task(BashOperator): create_tag>, delete_tag already registered for DAG: example_complex
[2023-03-20T00:26:10.032-0400] {logging_mixin.py:137} INFO - [2023-03-20T00:26:10.032-0400] {taskmixin.py:211} WARNING - Dependency <Task(BashOperator): delete_tag>, create_tag already registered for DAG: example_complex
[2023-03-20T00:26:10.036-0400] {processor.py:753} INFO - DAG(s) dict_keys(['example_complex']) retrieved from /Users/sunanda/Downloads/python-demo/venv/lib/python3.9/site-packages/airflow/example_dags/example_complex.py
[2023-03-20T00:26:10.306-0400] {logging_mixin.py:137} INFO - [2023-03-20T00:26:10.306-0400] {dag.py:2693} INFO - Sync 1 DAGs
[2023-03-20T00:26:10.312-0400] {logging_mixin.py:137} INFO - [2023-03-20T00:26:10.312-0400] {dag.py:3440} INFO - Setting next_dagrun for example_complex to None, run_after=None
[2023-03-20T00:26:10.319-0400] {processor.py:175} INFO - Processing /Users/sunanda/Downloads/python-demo/venv/lib/python3.9/site-packages/airflow/example_dags/example_complex.py took 0.299 seconds
[2023-03-20T08:54:46.270-0400] {processor.py:153} INFO - Started process (PID=5912) to work on /Users/sunanda/Downloads/airflow/py_env/lib/python3.9/site-packages/airflow/example_dags/example_complex.py
[2023-03-20T08:54:46.273-0400] {processor.py:743} INFO - Processing file /Users/sunanda/Downloads/airflow/py_env/lib/python3.9/site-packages/airflow/example_dags/example_complex.py for tasks to queue
[2023-03-20T08:54:46.274-0400] {logging_mixin.py:137} INFO - [2023-03-20T08:54:46.273-0400] {dagbag.py:538} INFO - Filling up the DagBag from /Users/sunanda/Downloads/airflow/py_env/lib/python3.9/site-packages/airflow/example_dags/example_complex.py
[2023-03-20T08:54:46.284-0400] {logging_mixin.py:137} INFO - [2023-03-20T08:54:46.284-0400] {taskmixin.py:205} WARNING - Dependency <Task(BashOperator): create_entry_group>, delete_entry_group already registered for DAG: example_complex
[2023-03-20T08:54:46.284-0400] {logging_mixin.py:137} INFO - [2023-03-20T08:54:46.284-0400] {taskmixin.py:205} WARNING - Dependency <Task(BashOperator): delete_entry_group>, create_entry_group already registered for DAG: example_complex
[2023-03-20T08:54:46.284-0400] {logging_mixin.py:137} INFO - [2023-03-20T08:54:46.284-0400] {taskmixin.py:205} WARNING - Dependency <Task(BashOperator): create_entry_gcs>, delete_entry already registered for DAG: example_complex
[2023-03-20T08:54:46.284-0400] {logging_mixin.py:137} INFO - [2023-03-20T08:54:46.284-0400] {taskmixin.py:205} WARNING - Dependency <Task(BashOperator): delete_entry>, create_entry_gcs already registered for DAG: example_complex
[2023-03-20T08:54:46.284-0400] {logging_mixin.py:137} INFO - [2023-03-20T08:54:46.284-0400] {taskmixin.py:205} WARNING - Dependency <Task(BashOperator): create_tag>, delete_tag already registered for DAG: example_complex
[2023-03-20T08:54:46.284-0400] {logging_mixin.py:137} INFO - [2023-03-20T08:54:46.284-0400] {taskmixin.py:205} WARNING - Dependency <Task(BashOperator): delete_tag>, create_tag already registered for DAG: example_complex
[2023-03-20T08:54:46.288-0400] {processor.py:753} INFO - DAG(s) dict_keys(['example_complex']) retrieved from /Users/sunanda/Downloads/airflow/py_env/lib/python3.9/site-packages/airflow/example_dags/example_complex.py
[2023-03-20T08:54:46.554-0400] {logging_mixin.py:137} INFO - [2023-03-20T08:54:46.554-0400] {dag.py:2690} INFO - Sync 1 DAGs
[2023-03-20T08:54:46.562-0400] {logging_mixin.py:137} INFO - [2023-03-20T08:54:46.562-0400] {dag.py:3437} INFO - Setting next_dagrun for example_complex to None, run_after=None
[2023-03-20T08:54:46.570-0400] {processor.py:175} INFO - Processing /Users/sunanda/Downloads/airflow/py_env/lib/python3.9/site-packages/airflow/example_dags/example_complex.py took 0.301 seconds
[2023-03-20T18:50:49.847-0400] {processor.py:153} INFO - Started process (PID=1232) to work on /Users/sunanda/Downloads/airflow/py_env/lib/python3.9/site-packages/airflow/example_dags/example_complex.py
[2023-03-20T18:50:49.849-0400] {processor.py:743} INFO - Processing file /Users/sunanda/Downloads/airflow/py_env/lib/python3.9/site-packages/airflow/example_dags/example_complex.py for tasks to queue
[2023-03-20T18:50:49.849-0400] {logging_mixin.py:137} INFO - [2023-03-20T18:50:49.849-0400] {dagbag.py:538} INFO - Filling up the DagBag from /Users/sunanda/Downloads/airflow/py_env/lib/python3.9/site-packages/airflow/example_dags/example_complex.py
[2023-03-20T18:50:49.858-0400] {logging_mixin.py:137} INFO - [2023-03-20T18:50:49.858-0400] {taskmixin.py:205} WARNING - Dependency <Task(BashOperator): create_entry_group>, delete_entry_group already registered for DAG: example_complex
[2023-03-20T18:50:49.858-0400] {logging_mixin.py:137} INFO - [2023-03-20T18:50:49.858-0400] {taskmixin.py:205} WARNING - Dependency <Task(BashOperator): delete_entry_group>, create_entry_group already registered for DAG: example_complex
[2023-03-20T18:50:49.858-0400] {logging_mixin.py:137} INFO - [2023-03-20T18:50:49.858-0400] {taskmixin.py:205} WARNING - Dependency <Task(BashOperator): create_entry_gcs>, delete_entry already registered for DAG: example_complex
[2023-03-20T18:50:49.858-0400] {logging_mixin.py:137} INFO - [2023-03-20T18:50:49.858-0400] {taskmixin.py:205} WARNING - Dependency <Task(BashOperator): delete_entry>, create_entry_gcs already registered for DAG: example_complex
[2023-03-20T18:50:49.858-0400] {logging_mixin.py:137} INFO - [2023-03-20T18:50:49.858-0400] {taskmixin.py:205} WARNING - Dependency <Task(BashOperator): create_tag>, delete_tag already registered for DAG: example_complex
[2023-03-20T18:50:49.858-0400] {logging_mixin.py:137} INFO - [2023-03-20T18:50:49.858-0400] {taskmixin.py:205} WARNING - Dependency <Task(BashOperator): delete_tag>, create_tag already registered for DAG: example_complex
[2023-03-20T18:50:49.861-0400] {processor.py:753} INFO - DAG(s) dict_keys(['example_complex']) retrieved from /Users/sunanda/Downloads/airflow/py_env/lib/python3.9/site-packages/airflow/example_dags/example_complex.py
[2023-03-20T18:50:50.053-0400] {logging_mixin.py:137} INFO - [2023-03-20T18:50:50.053-0400] {dag.py:2690} INFO - Sync 1 DAGs
[2023-03-20T18:50:50.059-0400] {logging_mixin.py:137} INFO - [2023-03-20T18:50:50.059-0400] {dag.py:3437} INFO - Setting next_dagrun for example_complex to None, run_after=None
[2023-03-20T18:50:50.066-0400] {processor.py:175} INFO - Processing /Users/sunanda/Downloads/airflow/py_env/lib/python3.9/site-packages/airflow/example_dags/example_complex.py took 0.219 seconds
