[2023-03-20T00:24:00.276-0400] {processor.py:153} INFO - Started process (PID=59809) to work on /Users/sunanda/Downloads/python-demo/venv/lib/python3.9/site-packages/airflow/example_dags/example_short_circuit_decorator.py
[2023-03-20T00:24:00.278-0400] {processor.py:743} INFO - Processing file /Users/sunanda/Downloads/python-demo/venv/lib/python3.9/site-packages/airflow/example_dags/example_short_circuit_decorator.py for tasks to queue
[2023-03-20T00:24:00.279-0400] {logging_mixin.py:137} INFO - [2023-03-20T00:24:00.279-0400] {dagbag.py:532} INFO - Filling up the DagBag from /Users/sunanda/Downloads/python-demo/venv/lib/python3.9/site-packages/airflow/example_dags/example_short_circuit_decorator.py
[2023-03-20T00:24:00.298-0400] {processor.py:753} INFO - DAG(s) dict_keys(['example_short_circuit_decorator']) retrieved from /Users/sunanda/Downloads/python-demo/venv/lib/python3.9/site-packages/airflow/example_dags/example_short_circuit_decorator.py
[2023-03-20T00:24:00.574-0400] {logging_mixin.py:137} INFO - [2023-03-20T00:24:00.573-0400] {dag.py:2693} INFO - Sync 1 DAGs
[2023-03-20T00:24:00.580-0400] {logging_mixin.py:137} INFO - [2023-03-20T00:24:00.580-0400] {dag.py:3440} INFO - Setting next_dagrun for example_short_circuit_decorator to 2023-03-19T04:24:00.580429+00:00, run_after=2023-03-20T04:24:00.580429+00:00
[2023-03-20T00:24:00.589-0400] {processor.py:175} INFO - Processing /Users/sunanda/Downloads/python-demo/venv/lib/python3.9/site-packages/airflow/example_dags/example_short_circuit_decorator.py took 0.313 seconds
[2023-03-20T00:25:20.968-0400] {processor.py:153} INFO - Started process (PID=59938) to work on /Users/sunanda/Downloads/python-demo/venv/lib/python3.9/site-packages/airflow/example_dags/example_short_circuit_decorator.py
[2023-03-20T00:25:20.971-0400] {processor.py:743} INFO - Processing file /Users/sunanda/Downloads/python-demo/venv/lib/python3.9/site-packages/airflow/example_dags/example_short_circuit_decorator.py for tasks to queue
[2023-03-20T00:25:20.971-0400] {logging_mixin.py:137} INFO - [2023-03-20T00:25:20.971-0400] {dagbag.py:532} INFO - Filling up the DagBag from /Users/sunanda/Downloads/python-demo/venv/lib/python3.9/site-packages/airflow/example_dags/example_short_circuit_decorator.py
[2023-03-20T00:25:20.992-0400] {processor.py:753} INFO - DAG(s) dict_keys(['example_short_circuit_decorator']) retrieved from /Users/sunanda/Downloads/python-demo/venv/lib/python3.9/site-packages/airflow/example_dags/example_short_circuit_decorator.py
[2023-03-20T00:25:21.301-0400] {logging_mixin.py:137} INFO - [2023-03-20T00:25:21.301-0400] {dag.py:2693} INFO - Sync 1 DAGs
[2023-03-20T00:25:21.309-0400] {logging_mixin.py:137} INFO - [2023-03-20T00:25:21.308-0400] {dag.py:3440} INFO - Setting next_dagrun for example_short_circuit_decorator to 2023-03-19T04:25:21.308896+00:00, run_after=2023-03-20T04:25:21.308896+00:00
[2023-03-20T00:25:21.317-0400] {processor.py:175} INFO - Processing /Users/sunanda/Downloads/python-demo/venv/lib/python3.9/site-packages/airflow/example_dags/example_short_circuit_decorator.py took 0.349 seconds
[2023-03-20T08:54:20.423-0400] {processor.py:153} INFO - Started process (PID=5874) to work on /Users/sunanda/Downloads/airflow/py_env/lib/python3.9/site-packages/airflow/example_dags/example_short_circuit_decorator.py
[2023-03-20T08:54:20.427-0400] {processor.py:743} INFO - Processing file /Users/sunanda/Downloads/airflow/py_env/lib/python3.9/site-packages/airflow/example_dags/example_short_circuit_decorator.py for tasks to queue
[2023-03-20T08:54:20.427-0400] {logging_mixin.py:137} INFO - [2023-03-20T08:54:20.427-0400] {dagbag.py:538} INFO - Filling up the DagBag from /Users/sunanda/Downloads/airflow/py_env/lib/python3.9/site-packages/airflow/example_dags/example_short_circuit_decorator.py
[2023-03-20T08:54:20.446-0400] {processor.py:753} INFO - DAG(s) dict_keys(['example_short_circuit_decorator']) retrieved from /Users/sunanda/Downloads/airflow/py_env/lib/python3.9/site-packages/airflow/example_dags/example_short_circuit_decorator.py
[2023-03-20T08:54:20.645-0400] {logging_mixin.py:137} INFO - [2023-03-20T08:54:20.645-0400] {dag.py:2690} INFO - Sync 1 DAGs
[2023-03-20T08:54:20.652-0400] {logging_mixin.py:137} INFO - [2023-03-20T08:54:20.652-0400] {dag.py:3437} INFO - Setting next_dagrun for example_short_circuit_decorator to 2023-03-19T12:54:20.652424+00:00, run_after=2023-03-20T12:54:20.652424+00:00
[2023-03-20T08:54:20.660-0400] {processor.py:175} INFO - Processing /Users/sunanda/Downloads/airflow/py_env/lib/python3.9/site-packages/airflow/example_dags/example_short_circuit_decorator.py took 0.237 seconds
[2023-03-20T08:55:34.047-0400] {processor.py:153} INFO - Started process (PID=5984) to work on /Users/sunanda/Downloads/airflow/py_env/lib/python3.9/site-packages/airflow/example_dags/example_short_circuit_decorator.py
[2023-03-20T08:55:34.050-0400] {processor.py:743} INFO - Processing file /Users/sunanda/Downloads/airflow/py_env/lib/python3.9/site-packages/airflow/example_dags/example_short_circuit_decorator.py for tasks to queue
[2023-03-20T08:55:34.050-0400] {logging_mixin.py:137} INFO - [2023-03-20T08:55:34.050-0400] {dagbag.py:538} INFO - Filling up the DagBag from /Users/sunanda/Downloads/airflow/py_env/lib/python3.9/site-packages/airflow/example_dags/example_short_circuit_decorator.py
[2023-03-20T08:55:34.069-0400] {processor.py:753} INFO - DAG(s) dict_keys(['example_short_circuit_decorator']) retrieved from /Users/sunanda/Downloads/airflow/py_env/lib/python3.9/site-packages/airflow/example_dags/example_short_circuit_decorator.py
[2023-03-20T08:55:34.254-0400] {logging_mixin.py:137} INFO - [2023-03-20T08:55:34.254-0400] {dag.py:2690} INFO - Sync 1 DAGs
[2023-03-20T08:55:34.261-0400] {logging_mixin.py:137} INFO - [2023-03-20T08:55:34.261-0400] {dag.py:3437} INFO - Setting next_dagrun for example_short_circuit_decorator to 2023-03-19T12:55:34.260965+00:00, run_after=2023-03-20T12:55:34.260965+00:00
[2023-03-20T08:55:34.268-0400] {processor.py:175} INFO - Processing /Users/sunanda/Downloads/airflow/py_env/lib/python3.9/site-packages/airflow/example_dags/example_short_circuit_decorator.py took 0.221 seconds
[2023-03-20T18:50:24.258-0400] {processor.py:153} INFO - Started process (PID=1184) to work on /Users/sunanda/Downloads/airflow/py_env/lib/python3.9/site-packages/airflow/example_dags/example_short_circuit_decorator.py
[2023-03-20T18:50:24.260-0400] {processor.py:743} INFO - Processing file /Users/sunanda/Downloads/airflow/py_env/lib/python3.9/site-packages/airflow/example_dags/example_short_circuit_decorator.py for tasks to queue
[2023-03-20T18:50:24.260-0400] {logging_mixin.py:137} INFO - [2023-03-20T18:50:24.260-0400] {dagbag.py:538} INFO - Filling up the DagBag from /Users/sunanda/Downloads/airflow/py_env/lib/python3.9/site-packages/airflow/example_dags/example_short_circuit_decorator.py
[2023-03-20T18:50:24.279-0400] {processor.py:753} INFO - DAG(s) dict_keys(['example_short_circuit_decorator']) retrieved from /Users/sunanda/Downloads/airflow/py_env/lib/python3.9/site-packages/airflow/example_dags/example_short_circuit_decorator.py
[2023-03-20T18:50:24.465-0400] {logging_mixin.py:137} INFO - [2023-03-20T18:50:24.464-0400] {dag.py:2690} INFO - Sync 1 DAGs
[2023-03-20T18:50:24.471-0400] {logging_mixin.py:137} INFO - [2023-03-20T18:50:24.471-0400] {dag.py:3437} INFO - Setting next_dagrun for example_short_circuit_decorator to 2023-03-19T22:50:24.471157+00:00, run_after=2023-03-20T22:50:24.471157+00:00
[2023-03-20T18:50:24.478-0400] {processor.py:175} INFO - Processing /Users/sunanda/Downloads/airflow/py_env/lib/python3.9/site-packages/airflow/example_dags/example_short_circuit_decorator.py took 0.221 seconds
[2023-03-20T18:51:34.611-0400] {processor.py:153} INFO - Started process (PID=1308) to work on /Users/sunanda/Downloads/airflow/py_env/lib/python3.9/site-packages/airflow/example_dags/example_short_circuit_decorator.py
[2023-03-20T18:51:34.613-0400] {processor.py:743} INFO - Processing file /Users/sunanda/Downloads/airflow/py_env/lib/python3.9/site-packages/airflow/example_dags/example_short_circuit_decorator.py for tasks to queue
[2023-03-20T18:51:34.613-0400] {logging_mixin.py:137} INFO - [2023-03-20T18:51:34.613-0400] {dagbag.py:538} INFO - Filling up the DagBag from /Users/sunanda/Downloads/airflow/py_env/lib/python3.9/site-packages/airflow/example_dags/example_short_circuit_decorator.py
[2023-03-20T18:51:34.631-0400] {processor.py:753} INFO - DAG(s) dict_keys(['example_short_circuit_decorator']) retrieved from /Users/sunanda/Downloads/airflow/py_env/lib/python3.9/site-packages/airflow/example_dags/example_short_circuit_decorator.py
[2023-03-20T18:51:34.813-0400] {logging_mixin.py:137} INFO - [2023-03-20T18:51:34.813-0400] {dag.py:2690} INFO - Sync 1 DAGs
[2023-03-20T18:51:34.819-0400] {logging_mixin.py:137} INFO - [2023-03-20T18:51:34.819-0400] {dag.py:3437} INFO - Setting next_dagrun for example_short_circuit_decorator to 2023-03-19T22:51:34.819831+00:00, run_after=2023-03-20T22:51:34.819831+00:00
[2023-03-20T18:51:34.827-0400] {processor.py:175} INFO - Processing /Users/sunanda/Downloads/airflow/py_env/lib/python3.9/site-packages/airflow/example_dags/example_short_circuit_decorator.py took 0.216 seconds
