[2023-03-20T00:24:03.323-0400] {processor.py:153} INFO - Started process (PID=59814) to work on /Users/sunanda/Downloads/python-demo/venv/lib/python3.9/site-packages/airflow/example_dags/example_sensor_decorator.py
[2023-03-20T00:24:03.326-0400] {processor.py:743} INFO - Processing file /Users/sunanda/Downloads/python-demo/venv/lib/python3.9/site-packages/airflow/example_dags/example_sensor_decorator.py for tasks to queue
[2023-03-20T00:24:03.326-0400] {logging_mixin.py:137} INFO - [2023-03-20T00:24:03.326-0400] {dagbag.py:532} INFO - Filling up the DagBag from /Users/sunanda/Downloads/python-demo/venv/lib/python3.9/site-packages/airflow/example_dags/example_sensor_decorator.py
[2023-03-20T00:24:03.345-0400] {processor.py:753} INFO - DAG(s) dict_keys(['example_sensor_decorator']) retrieved from /Users/sunanda/Downloads/python-demo/venv/lib/python3.9/site-packages/airflow/example_dags/example_sensor_decorator.py
[2023-03-20T00:24:03.656-0400] {logging_mixin.py:137} INFO - [2023-03-20T00:24:03.656-0400] {dag.py:2693} INFO - Sync 1 DAGs
[2023-03-20T00:24:03.662-0400] {logging_mixin.py:137} INFO - [2023-03-20T00:24:03.662-0400] {dag.py:3440} INFO - Setting next_dagrun for example_sensor_decorator to None, run_after=None
[2023-03-20T00:24:03.670-0400] {processor.py:175} INFO - Processing /Users/sunanda/Downloads/python-demo/venv/lib/python3.9/site-packages/airflow/example_dags/example_sensor_decorator.py took 0.347 seconds
[2023-03-20T00:25:24.944-0400] {processor.py:153} INFO - Started process (PID=59945) to work on /Users/sunanda/Downloads/python-demo/venv/lib/python3.9/site-packages/airflow/example_dags/example_sensor_decorator.py
[2023-03-20T00:25:24.947-0400] {processor.py:743} INFO - Processing file /Users/sunanda/Downloads/python-demo/venv/lib/python3.9/site-packages/airflow/example_dags/example_sensor_decorator.py for tasks to queue
[2023-03-20T00:25:24.947-0400] {logging_mixin.py:137} INFO - [2023-03-20T00:25:24.947-0400] {dagbag.py:532} INFO - Filling up the DagBag from /Users/sunanda/Downloads/python-demo/venv/lib/python3.9/site-packages/airflow/example_dags/example_sensor_decorator.py
[2023-03-20T00:25:24.967-0400] {processor.py:753} INFO - DAG(s) dict_keys(['example_sensor_decorator']) retrieved from /Users/sunanda/Downloads/python-demo/venv/lib/python3.9/site-packages/airflow/example_dags/example_sensor_decorator.py
[2023-03-20T00:25:25.293-0400] {logging_mixin.py:137} INFO - [2023-03-20T00:25:25.292-0400] {dag.py:2693} INFO - Sync 1 DAGs
[2023-03-20T00:25:25.299-0400] {logging_mixin.py:137} INFO - [2023-03-20T00:25:25.299-0400] {dag.py:3440} INFO - Setting next_dagrun for example_sensor_decorator to None, run_after=None
[2023-03-20T00:25:25.308-0400] {processor.py:175} INFO - Processing /Users/sunanda/Downloads/python-demo/venv/lib/python3.9/site-packages/airflow/example_dags/example_sensor_decorator.py took 0.364 seconds
[2023-03-20T08:54:24.301-0400] {processor.py:153} INFO - Started process (PID=5879) to work on /Users/sunanda/Downloads/airflow/py_env/lib/python3.9/site-packages/airflow/example_dags/example_sensor_decorator.py
[2023-03-20T08:54:24.305-0400] {processor.py:743} INFO - Processing file /Users/sunanda/Downloads/airflow/py_env/lib/python3.9/site-packages/airflow/example_dags/example_sensor_decorator.py for tasks to queue
[2023-03-20T08:54:24.305-0400] {logging_mixin.py:137} INFO - [2023-03-20T08:54:24.305-0400] {dagbag.py:538} INFO - Filling up the DagBag from /Users/sunanda/Downloads/airflow/py_env/lib/python3.9/site-packages/airflow/example_dags/example_sensor_decorator.py
[2023-03-20T08:54:24.323-0400] {processor.py:753} INFO - DAG(s) dict_keys(['example_sensor_decorator']) retrieved from /Users/sunanda/Downloads/airflow/py_env/lib/python3.9/site-packages/airflow/example_dags/example_sensor_decorator.py
[2023-03-20T08:54:24.555-0400] {logging_mixin.py:137} INFO - [2023-03-20T08:54:24.555-0400] {dag.py:2690} INFO - Sync 1 DAGs
[2023-03-20T08:54:24.562-0400] {logging_mixin.py:137} INFO - [2023-03-20T08:54:24.561-0400] {dag.py:3437} INFO - Setting next_dagrun for example_sensor_decorator to None, run_after=None
[2023-03-20T08:54:24.569-0400] {processor.py:175} INFO - Processing /Users/sunanda/Downloads/airflow/py_env/lib/python3.9/site-packages/airflow/example_dags/example_sensor_decorator.py took 0.268 seconds
[2023-03-20T18:50:27.950-0400] {processor.py:153} INFO - Started process (PID=1189) to work on /Users/sunanda/Downloads/airflow/py_env/lib/python3.9/site-packages/airflow/example_dags/example_sensor_decorator.py
[2023-03-20T18:50:27.952-0400] {processor.py:743} INFO - Processing file /Users/sunanda/Downloads/airflow/py_env/lib/python3.9/site-packages/airflow/example_dags/example_sensor_decorator.py for tasks to queue
[2023-03-20T18:50:27.952-0400] {logging_mixin.py:137} INFO - [2023-03-20T18:50:27.952-0400] {dagbag.py:538} INFO - Filling up the DagBag from /Users/sunanda/Downloads/airflow/py_env/lib/python3.9/site-packages/airflow/example_dags/example_sensor_decorator.py
[2023-03-20T18:50:27.970-0400] {processor.py:753} INFO - DAG(s) dict_keys(['example_sensor_decorator']) retrieved from /Users/sunanda/Downloads/airflow/py_env/lib/python3.9/site-packages/airflow/example_dags/example_sensor_decorator.py
[2023-03-20T18:50:28.183-0400] {logging_mixin.py:137} INFO - [2023-03-20T18:50:28.183-0400] {dag.py:2690} INFO - Sync 1 DAGs
[2023-03-20T18:50:28.189-0400] {logging_mixin.py:137} INFO - [2023-03-20T18:50:28.189-0400] {dag.py:3437} INFO - Setting next_dagrun for example_sensor_decorator to None, run_after=None
[2023-03-20T18:50:28.196-0400] {processor.py:175} INFO - Processing /Users/sunanda/Downloads/airflow/py_env/lib/python3.9/site-packages/airflow/example_dags/example_sensor_decorator.py took 0.247 seconds
[2023-03-20T18:51:38.394-0400] {processor.py:153} INFO - Started process (PID=1314) to work on /Users/sunanda/Downloads/airflow/py_env/lib/python3.9/site-packages/airflow/example_dags/example_sensor_decorator.py
[2023-03-20T18:51:38.397-0400] {processor.py:743} INFO - Processing file /Users/sunanda/Downloads/airflow/py_env/lib/python3.9/site-packages/airflow/example_dags/example_sensor_decorator.py for tasks to queue
[2023-03-20T18:51:38.397-0400] {logging_mixin.py:137} INFO - [2023-03-20T18:51:38.397-0400] {dagbag.py:538} INFO - Filling up the DagBag from /Users/sunanda/Downloads/airflow/py_env/lib/python3.9/site-packages/airflow/example_dags/example_sensor_decorator.py
[2023-03-20T18:51:38.415-0400] {processor.py:753} INFO - DAG(s) dict_keys(['example_sensor_decorator']) retrieved from /Users/sunanda/Downloads/airflow/py_env/lib/python3.9/site-packages/airflow/example_dags/example_sensor_decorator.py
[2023-03-20T18:51:38.634-0400] {logging_mixin.py:137} INFO - [2023-03-20T18:51:38.634-0400] {dag.py:2690} INFO - Sync 1 DAGs
[2023-03-20T18:51:38.642-0400] {logging_mixin.py:137} INFO - [2023-03-20T18:51:38.642-0400] {dag.py:3437} INFO - Setting next_dagrun for example_sensor_decorator to None, run_after=None
[2023-03-20T18:51:38.649-0400] {processor.py:175} INFO - Processing /Users/sunanda/Downloads/airflow/py_env/lib/python3.9/site-packages/airflow/example_dags/example_sensor_decorator.py took 0.255 seconds
