[2023-03-20T00:24:05.335-0400] {processor.py:153} INFO - Started process (PID=59816) to work on /Users/sunanda/Downloads/python-demo/venv/lib/python3.9/site-packages/airflow/example_dags/example_python_operator.py
[2023-03-20T00:24:05.337-0400] {processor.py:743} INFO - Processing file /Users/sunanda/Downloads/python-demo/venv/lib/python3.9/site-packages/airflow/example_dags/example_python_operator.py for tasks to queue
[2023-03-20T00:24:05.337-0400] {logging_mixin.py:137} INFO - [2023-03-20T00:24:05.337-0400] {dagbag.py:532} INFO - Filling up the DagBag from /Users/sunanda/Downloads/python-demo/venv/lib/python3.9/site-packages/airflow/example_dags/example_python_operator.py
[2023-03-20T00:24:05.355-0400] {logging_mixin.py:137} INFO - [2023-03-20T00:24:05.355-0400] {taskmixin.py:211} WARNING - Dependency <Task(_PythonDecoratedOperator): print_the_context>, log_sql_query already registered for DAG: example_python_operator
[2023-03-20T00:24:05.356-0400] {logging_mixin.py:137} INFO - [2023-03-20T00:24:05.355-0400] {taskmixin.py:211} WARNING - Dependency <Task(_PythonDecoratedOperator): log_sql_query>, print_the_context already registered for DAG: example_python_operator
[2023-03-20T00:24:05.356-0400] {logging_mixin.py:137} INFO - [2023-03-20T00:24:05.356-0400] {taskmixin.py:211} WARNING - Dependency <Task(_PythonDecoratedOperator): print_the_context>, log_sql_query already registered for DAG: example_python_operator
[2023-03-20T00:24:05.356-0400] {logging_mixin.py:137} INFO - [2023-03-20T00:24:05.356-0400] {taskmixin.py:211} WARNING - Dependency <Task(_PythonDecoratedOperator): log_sql_query>, print_the_context already registered for DAG: example_python_operator
[2023-03-20T00:24:05.356-0400] {logging_mixin.py:137} INFO - [2023-03-20T00:24:05.356-0400] {taskmixin.py:211} WARNING - Dependency <Task(_PythonDecoratedOperator): print_the_context>, log_sql_query already registered for DAG: example_python_operator
[2023-03-20T00:24:05.356-0400] {logging_mixin.py:137} INFO - [2023-03-20T00:24:05.356-0400] {taskmixin.py:211} WARNING - Dependency <Task(_PythonDecoratedOperator): log_sql_query>, print_the_context already registered for DAG: example_python_operator
[2023-03-20T00:24:05.356-0400] {logging_mixin.py:137} INFO - [2023-03-20T00:24:05.356-0400] {taskmixin.py:211} WARNING - Dependency <Task(_PythonDecoratedOperator): print_the_context>, log_sql_query already registered for DAG: example_python_operator
[2023-03-20T00:24:05.356-0400] {logging_mixin.py:137} INFO - [2023-03-20T00:24:05.356-0400] {taskmixin.py:211} WARNING - Dependency <Task(_PythonDecoratedOperator): log_sql_query>, print_the_context already registered for DAG: example_python_operator
[2023-03-20T00:24:05.357-0400] {logging_mixin.py:137} INFO - [2023-03-20T00:24:05.357-0400] {example_python_operator.py:90} WARNING - The virtalenv_python example task requires virtualenv, please install it.
[2023-03-20T00:24:05.359-0400] {processor.py:753} INFO - DAG(s) dict_keys(['example_python_operator']) retrieved from /Users/sunanda/Downloads/python-demo/venv/lib/python3.9/site-packages/airflow/example_dags/example_python_operator.py
[2023-03-20T00:24:05.657-0400] {logging_mixin.py:137} INFO - [2023-03-20T00:24:05.657-0400] {dag.py:2693} INFO - Sync 1 DAGs
[2023-03-20T00:24:05.663-0400] {logging_mixin.py:137} INFO - [2023-03-20T00:24:05.663-0400] {dag.py:3440} INFO - Setting next_dagrun for example_python_operator to None, run_after=None
[2023-03-20T00:24:05.671-0400] {processor.py:175} INFO - Processing /Users/sunanda/Downloads/python-demo/venv/lib/python3.9/site-packages/airflow/example_dags/example_python_operator.py took 0.337 seconds
[2023-03-20T00:25:26.990-0400] {processor.py:153} INFO - Started process (PID=59948) to work on /Users/sunanda/Downloads/python-demo/venv/lib/python3.9/site-packages/airflow/example_dags/example_python_operator.py
[2023-03-20T00:25:26.993-0400] {processor.py:743} INFO - Processing file /Users/sunanda/Downloads/python-demo/venv/lib/python3.9/site-packages/airflow/example_dags/example_python_operator.py for tasks to queue
[2023-03-20T00:25:26.993-0400] {logging_mixin.py:137} INFO - [2023-03-20T00:25:26.993-0400] {dagbag.py:532} INFO - Filling up the DagBag from /Users/sunanda/Downloads/python-demo/venv/lib/python3.9/site-packages/airflow/example_dags/example_python_operator.py
[2023-03-20T00:25:27.011-0400] {logging_mixin.py:137} INFO - [2023-03-20T00:25:27.011-0400] {taskmixin.py:211} WARNING - Dependency <Task(_PythonDecoratedOperator): print_the_context>, log_sql_query already registered for DAG: example_python_operator
[2023-03-20T00:25:27.011-0400] {logging_mixin.py:137} INFO - [2023-03-20T00:25:27.011-0400] {taskmixin.py:211} WARNING - Dependency <Task(_PythonDecoratedOperator): log_sql_query>, print_the_context already registered for DAG: example_python_operator
[2023-03-20T00:25:27.011-0400] {logging_mixin.py:137} INFO - [2023-03-20T00:25:27.011-0400] {taskmixin.py:211} WARNING - Dependency <Task(_PythonDecoratedOperator): print_the_context>, log_sql_query already registered for DAG: example_python_operator
[2023-03-20T00:25:27.011-0400] {logging_mixin.py:137} INFO - [2023-03-20T00:25:27.011-0400] {taskmixin.py:211} WARNING - Dependency <Task(_PythonDecoratedOperator): log_sql_query>, print_the_context already registered for DAG: example_python_operator
[2023-03-20T00:25:27.011-0400] {logging_mixin.py:137} INFO - [2023-03-20T00:25:27.011-0400] {taskmixin.py:211} WARNING - Dependency <Task(_PythonDecoratedOperator): print_the_context>, log_sql_query already registered for DAG: example_python_operator
[2023-03-20T00:25:27.012-0400] {logging_mixin.py:137} INFO - [2023-03-20T00:25:27.011-0400] {taskmixin.py:211} WARNING - Dependency <Task(_PythonDecoratedOperator): log_sql_query>, print_the_context already registered for DAG: example_python_operator
[2023-03-20T00:25:27.012-0400] {logging_mixin.py:137} INFO - [2023-03-20T00:25:27.012-0400] {taskmixin.py:211} WARNING - Dependency <Task(_PythonDecoratedOperator): print_the_context>, log_sql_query already registered for DAG: example_python_operator
[2023-03-20T00:25:27.012-0400] {logging_mixin.py:137} INFO - [2023-03-20T00:25:27.012-0400] {taskmixin.py:211} WARNING - Dependency <Task(_PythonDecoratedOperator): log_sql_query>, print_the_context already registered for DAG: example_python_operator
[2023-03-20T00:25:27.012-0400] {logging_mixin.py:137} INFO - [2023-03-20T00:25:27.012-0400] {example_python_operator.py:90} WARNING - The virtalenv_python example task requires virtualenv, please install it.
[2023-03-20T00:25:27.015-0400] {processor.py:753} INFO - DAG(s) dict_keys(['example_python_operator']) retrieved from /Users/sunanda/Downloads/python-demo/venv/lib/python3.9/site-packages/airflow/example_dags/example_python_operator.py
[2023-03-20T00:25:27.309-0400] {logging_mixin.py:137} INFO - [2023-03-20T00:25:27.309-0400] {dag.py:2693} INFO - Sync 1 DAGs
[2023-03-20T00:25:27.315-0400] {logging_mixin.py:137} INFO - [2023-03-20T00:25:27.315-0400] {dag.py:3440} INFO - Setting next_dagrun for example_python_operator to None, run_after=None
[2023-03-20T00:25:27.322-0400] {processor.py:175} INFO - Processing /Users/sunanda/Downloads/python-demo/venv/lib/python3.9/site-packages/airflow/example_dags/example_python_operator.py took 0.333 seconds
[2023-03-20T08:54:26.231-0400] {processor.py:153} INFO - Started process (PID=5882) to work on /Users/sunanda/Downloads/airflow/py_env/lib/python3.9/site-packages/airflow/example_dags/example_python_operator.py
[2023-03-20T08:54:26.234-0400] {processor.py:743} INFO - Processing file /Users/sunanda/Downloads/airflow/py_env/lib/python3.9/site-packages/airflow/example_dags/example_python_operator.py for tasks to queue
[2023-03-20T08:54:26.234-0400] {logging_mixin.py:137} INFO - [2023-03-20T08:54:26.234-0400] {dagbag.py:538} INFO - Filling up the DagBag from /Users/sunanda/Downloads/airflow/py_env/lib/python3.9/site-packages/airflow/example_dags/example_python_operator.py
[2023-03-20T08:54:26.252-0400] {logging_mixin.py:137} INFO - [2023-03-20T08:54:26.252-0400] {taskmixin.py:205} WARNING - Dependency <Task(_PythonDecoratedOperator): print_the_context>, log_sql_query already registered for DAG: example_python_operator
[2023-03-20T08:54:26.252-0400] {logging_mixin.py:137} INFO - [2023-03-20T08:54:26.252-0400] {taskmixin.py:205} WARNING - Dependency <Task(_PythonDecoratedOperator): log_sql_query>, print_the_context already registered for DAG: example_python_operator
[2023-03-20T08:54:26.252-0400] {logging_mixin.py:137} INFO - [2023-03-20T08:54:26.252-0400] {taskmixin.py:205} WARNING - Dependency <Task(_PythonDecoratedOperator): print_the_context>, log_sql_query already registered for DAG: example_python_operator
[2023-03-20T08:54:26.252-0400] {logging_mixin.py:137} INFO - [2023-03-20T08:54:26.252-0400] {taskmixin.py:205} WARNING - Dependency <Task(_PythonDecoratedOperator): log_sql_query>, print_the_context already registered for DAG: example_python_operator
[2023-03-20T08:54:26.253-0400] {logging_mixin.py:137} INFO - [2023-03-20T08:54:26.253-0400] {taskmixin.py:205} WARNING - Dependency <Task(_PythonDecoratedOperator): print_the_context>, log_sql_query already registered for DAG: example_python_operator
[2023-03-20T08:54:26.253-0400] {logging_mixin.py:137} INFO - [2023-03-20T08:54:26.253-0400] {taskmixin.py:205} WARNING - Dependency <Task(_PythonDecoratedOperator): log_sql_query>, print_the_context already registered for DAG: example_python_operator
[2023-03-20T08:54:26.253-0400] {logging_mixin.py:137} INFO - [2023-03-20T08:54:26.253-0400] {taskmixin.py:205} WARNING - Dependency <Task(_PythonDecoratedOperator): print_the_context>, log_sql_query already registered for DAG: example_python_operator
[2023-03-20T08:54:26.253-0400] {logging_mixin.py:137} INFO - [2023-03-20T08:54:26.253-0400] {taskmixin.py:205} WARNING - Dependency <Task(_PythonDecoratedOperator): log_sql_query>, print_the_context already registered for DAG: example_python_operator
[2023-03-20T08:54:26.253-0400] {logging_mixin.py:137} INFO - [2023-03-20T08:54:26.253-0400] {example_python_operator.py:90} WARNING - The virtalenv_python example task requires virtualenv, please install it.
[2023-03-20T08:54:26.256-0400] {processor.py:753} INFO - DAG(s) dict_keys(['example_python_operator']) retrieved from /Users/sunanda/Downloads/airflow/py_env/lib/python3.9/site-packages/airflow/example_dags/example_python_operator.py
[2023-03-20T08:54:26.461-0400] {logging_mixin.py:137} INFO - [2023-03-20T08:54:26.461-0400] {dag.py:2690} INFO - Sync 1 DAGs
[2023-03-20T08:54:26.468-0400] {logging_mixin.py:137} INFO - [2023-03-20T08:54:26.468-0400] {dag.py:3437} INFO - Setting next_dagrun for example_python_operator to None, run_after=None
[2023-03-20T08:54:26.476-0400] {processor.py:175} INFO - Processing /Users/sunanda/Downloads/airflow/py_env/lib/python3.9/site-packages/airflow/example_dags/example_python_operator.py took 0.245 seconds
[2023-03-20T18:50:29.800-0400] {processor.py:153} INFO - Started process (PID=1192) to work on /Users/sunanda/Downloads/airflow/py_env/lib/python3.9/site-packages/airflow/example_dags/example_python_operator.py
[2023-03-20T18:50:29.802-0400] {processor.py:743} INFO - Processing file /Users/sunanda/Downloads/airflow/py_env/lib/python3.9/site-packages/airflow/example_dags/example_python_operator.py for tasks to queue
[2023-03-20T18:50:29.802-0400] {logging_mixin.py:137} INFO - [2023-03-20T18:50:29.802-0400] {dagbag.py:538} INFO - Filling up the DagBag from /Users/sunanda/Downloads/airflow/py_env/lib/python3.9/site-packages/airflow/example_dags/example_python_operator.py
[2023-03-20T18:50:29.819-0400] {logging_mixin.py:137} INFO - [2023-03-20T18:50:29.819-0400] {taskmixin.py:205} WARNING - Dependency <Task(_PythonDecoratedOperator): print_the_context>, log_sql_query already registered for DAG: example_python_operator
[2023-03-20T18:50:29.819-0400] {logging_mixin.py:137} INFO - [2023-03-20T18:50:29.819-0400] {taskmixin.py:205} WARNING - Dependency <Task(_PythonDecoratedOperator): log_sql_query>, print_the_context already registered for DAG: example_python_operator
[2023-03-20T18:50:29.820-0400] {logging_mixin.py:137} INFO - [2023-03-20T18:50:29.819-0400] {taskmixin.py:205} WARNING - Dependency <Task(_PythonDecoratedOperator): print_the_context>, log_sql_query already registered for DAG: example_python_operator
[2023-03-20T18:50:29.820-0400] {logging_mixin.py:137} INFO - [2023-03-20T18:50:29.820-0400] {taskmixin.py:205} WARNING - Dependency <Task(_PythonDecoratedOperator): log_sql_query>, print_the_context already registered for DAG: example_python_operator
[2023-03-20T18:50:29.820-0400] {logging_mixin.py:137} INFO - [2023-03-20T18:50:29.820-0400] {taskmixin.py:205} WARNING - Dependency <Task(_PythonDecoratedOperator): print_the_context>, log_sql_query already registered for DAG: example_python_operator
[2023-03-20T18:50:29.820-0400] {logging_mixin.py:137} INFO - [2023-03-20T18:50:29.820-0400] {taskmixin.py:205} WARNING - Dependency <Task(_PythonDecoratedOperator): log_sql_query>, print_the_context already registered for DAG: example_python_operator
[2023-03-20T18:50:29.820-0400] {logging_mixin.py:137} INFO - [2023-03-20T18:50:29.820-0400] {taskmixin.py:205} WARNING - Dependency <Task(_PythonDecoratedOperator): print_the_context>, log_sql_query already registered for DAG: example_python_operator
[2023-03-20T18:50:29.820-0400] {logging_mixin.py:137} INFO - [2023-03-20T18:50:29.820-0400] {taskmixin.py:205} WARNING - Dependency <Task(_PythonDecoratedOperator): log_sql_query>, print_the_context already registered for DAG: example_python_operator
[2023-03-20T18:50:29.820-0400] {logging_mixin.py:137} INFO - [2023-03-20T18:50:29.820-0400] {example_python_operator.py:90} WARNING - The virtalenv_python example task requires virtualenv, please install it.
[2023-03-20T18:50:29.823-0400] {processor.py:753} INFO - DAG(s) dict_keys(['example_python_operator']) retrieved from /Users/sunanda/Downloads/airflow/py_env/lib/python3.9/site-packages/airflow/example_dags/example_python_operator.py
[2023-03-20T18:50:30.007-0400] {logging_mixin.py:137} INFO - [2023-03-20T18:50:30.007-0400] {dag.py:2690} INFO - Sync 1 DAGs
[2023-03-20T18:50:30.013-0400] {logging_mixin.py:137} INFO - [2023-03-20T18:50:30.013-0400] {dag.py:3437} INFO - Setting next_dagrun for example_python_operator to None, run_after=None
[2023-03-20T18:50:30.022-0400] {processor.py:175} INFO - Processing /Users/sunanda/Downloads/airflow/py_env/lib/python3.9/site-packages/airflow/example_dags/example_python_operator.py took 0.223 seconds
[2023-03-20T18:51:40.295-0400] {processor.py:153} INFO - Started process (PID=1317) to work on /Users/sunanda/Downloads/airflow/py_env/lib/python3.9/site-packages/airflow/example_dags/example_python_operator.py
[2023-03-20T18:51:40.298-0400] {processor.py:743} INFO - Processing file /Users/sunanda/Downloads/airflow/py_env/lib/python3.9/site-packages/airflow/example_dags/example_python_operator.py for tasks to queue
[2023-03-20T18:51:40.298-0400] {logging_mixin.py:137} INFO - [2023-03-20T18:51:40.298-0400] {dagbag.py:538} INFO - Filling up the DagBag from /Users/sunanda/Downloads/airflow/py_env/lib/python3.9/site-packages/airflow/example_dags/example_python_operator.py
[2023-03-20T18:51:40.314-0400] {logging_mixin.py:137} INFO - [2023-03-20T18:51:40.314-0400] {taskmixin.py:205} WARNING - Dependency <Task(_PythonDecoratedOperator): print_the_context>, log_sql_query already registered for DAG: example_python_operator
[2023-03-20T18:51:40.314-0400] {logging_mixin.py:137} INFO - [2023-03-20T18:51:40.314-0400] {taskmixin.py:205} WARNING - Dependency <Task(_PythonDecoratedOperator): log_sql_query>, print_the_context already registered for DAG: example_python_operator
[2023-03-20T18:51:40.314-0400] {logging_mixin.py:137} INFO - [2023-03-20T18:51:40.314-0400] {taskmixin.py:205} WARNING - Dependency <Task(_PythonDecoratedOperator): print_the_context>, log_sql_query already registered for DAG: example_python_operator
[2023-03-20T18:51:40.314-0400] {logging_mixin.py:137} INFO - [2023-03-20T18:51:40.314-0400] {taskmixin.py:205} WARNING - Dependency <Task(_PythonDecoratedOperator): log_sql_query>, print_the_context already registered for DAG: example_python_operator
[2023-03-20T18:51:40.315-0400] {logging_mixin.py:137} INFO - [2023-03-20T18:51:40.315-0400] {taskmixin.py:205} WARNING - Dependency <Task(_PythonDecoratedOperator): print_the_context>, log_sql_query already registered for DAG: example_python_operator
[2023-03-20T18:51:40.315-0400] {logging_mixin.py:137} INFO - [2023-03-20T18:51:40.315-0400] {taskmixin.py:205} WARNING - Dependency <Task(_PythonDecoratedOperator): log_sql_query>, print_the_context already registered for DAG: example_python_operator
[2023-03-20T18:51:40.315-0400] {logging_mixin.py:137} INFO - [2023-03-20T18:51:40.315-0400] {taskmixin.py:205} WARNING - Dependency <Task(_PythonDecoratedOperator): print_the_context>, log_sql_query already registered for DAG: example_python_operator
[2023-03-20T18:51:40.315-0400] {logging_mixin.py:137} INFO - [2023-03-20T18:51:40.315-0400] {taskmixin.py:205} WARNING - Dependency <Task(_PythonDecoratedOperator): log_sql_query>, print_the_context already registered for DAG: example_python_operator
[2023-03-20T18:51:40.315-0400] {logging_mixin.py:137} INFO - [2023-03-20T18:51:40.315-0400] {example_python_operator.py:90} WARNING - The virtalenv_python example task requires virtualenv, please install it.
[2023-03-20T18:51:40.318-0400] {processor.py:753} INFO - DAG(s) dict_keys(['example_python_operator']) retrieved from /Users/sunanda/Downloads/airflow/py_env/lib/python3.9/site-packages/airflow/example_dags/example_python_operator.py
[2023-03-20T18:51:40.503-0400] {logging_mixin.py:137} INFO - [2023-03-20T18:51:40.503-0400] {dag.py:2690} INFO - Sync 1 DAGs
[2023-03-20T18:51:40.510-0400] {logging_mixin.py:137} INFO - [2023-03-20T18:51:40.510-0400] {dag.py:3437} INFO - Setting next_dagrun for example_python_operator to None, run_after=None
[2023-03-20T18:51:40.517-0400] {processor.py:175} INFO - Processing /Users/sunanda/Downloads/airflow/py_env/lib/python3.9/site-packages/airflow/example_dags/example_python_operator.py took 0.222 seconds
