[2023-03-20T00:24:20.281-0400] {processor.py:153} INFO - Started process (PID=59839) to work on /Users/sunanda/Downloads/python-demo/venv/lib/python3.9/site-packages/airflow/example_dags/example_external_task_marker_dag.py
[2023-03-20T00:24:20.283-0400] {processor.py:743} INFO - Processing file /Users/sunanda/Downloads/python-demo/venv/lib/python3.9/site-packages/airflow/example_dags/example_external_task_marker_dag.py for tasks to queue
[2023-03-20T00:24:20.283-0400] {logging_mixin.py:137} INFO - [2023-03-20T00:24:20.283-0400] {dagbag.py:532} INFO - Filling up the DagBag from /Users/sunanda/Downloads/python-demo/venv/lib/python3.9/site-packages/airflow/example_dags/example_external_task_marker_dag.py
[2023-03-20T00:24:20.294-0400] {processor.py:753} INFO - DAG(s) dict_keys(['example_external_task_marker_parent', 'example_external_task_marker_child']) retrieved from /Users/sunanda/Downloads/python-demo/venv/lib/python3.9/site-packages/airflow/example_dags/example_external_task_marker_dag.py
[2023-03-20T00:24:20.643-0400] {logging_mixin.py:137} INFO - [2023-03-20T00:24:20.643-0400] {dag.py:2693} INFO - Sync 2 DAGs
[2023-03-20T00:24:20.650-0400] {logging_mixin.py:137} INFO - [2023-03-20T00:24:20.650-0400] {dag.py:3440} INFO - Setting next_dagrun for example_external_task_marker_child to None, run_after=None
[2023-03-20T00:24:20.651-0400] {logging_mixin.py:137} INFO - [2023-03-20T00:24:20.651-0400] {dag.py:3440} INFO - Setting next_dagrun for example_external_task_marker_parent to None, run_after=None
[2023-03-20T00:24:20.658-0400] {processor.py:175} INFO - Processing /Users/sunanda/Downloads/python-demo/venv/lib/python3.9/site-packages/airflow/example_dags/example_external_task_marker_dag.py took 0.378 seconds
[2023-03-20T00:26:02.086-0400] {processor.py:153} INFO - Started process (PID=60009) to work on /Users/sunanda/Downloads/python-demo/venv/lib/python3.9/site-packages/airflow/example_dags/example_external_task_marker_dag.py
[2023-03-20T00:26:02.089-0400] {processor.py:743} INFO - Processing file /Users/sunanda/Downloads/python-demo/venv/lib/python3.9/site-packages/airflow/example_dags/example_external_task_marker_dag.py for tasks to queue
[2023-03-20T00:26:02.090-0400] {logging_mixin.py:137} INFO - [2023-03-20T00:26:02.089-0400] {dagbag.py:532} INFO - Filling up the DagBag from /Users/sunanda/Downloads/python-demo/venv/lib/python3.9/site-packages/airflow/example_dags/example_external_task_marker_dag.py
[2023-03-20T00:26:02.100-0400] {processor.py:753} INFO - DAG(s) dict_keys(['example_external_task_marker_child', 'example_external_task_marker_parent']) retrieved from /Users/sunanda/Downloads/python-demo/venv/lib/python3.9/site-packages/airflow/example_dags/example_external_task_marker_dag.py
[2023-03-20T00:26:02.431-0400] {logging_mixin.py:137} INFO - [2023-03-20T00:26:02.430-0400] {dag.py:2693} INFO - Sync 2 DAGs
[2023-03-20T00:26:02.437-0400] {logging_mixin.py:137} INFO - [2023-03-20T00:26:02.437-0400] {dag.py:3440} INFO - Setting next_dagrun for example_external_task_marker_child to None, run_after=None
[2023-03-20T00:26:02.438-0400] {logging_mixin.py:137} INFO - [2023-03-20T00:26:02.438-0400] {dag.py:3440} INFO - Setting next_dagrun for example_external_task_marker_parent to None, run_after=None
[2023-03-20T00:26:02.445-0400] {processor.py:175} INFO - Processing /Users/sunanda/Downloads/python-demo/venv/lib/python3.9/site-packages/airflow/example_dags/example_external_task_marker_dag.py took 0.358 seconds
[2023-03-20T08:54:38.396-0400] {processor.py:153} INFO - Started process (PID=5900) to work on /Users/sunanda/Downloads/airflow/py_env/lib/python3.9/site-packages/airflow/example_dags/example_external_task_marker_dag.py
[2023-03-20T08:54:38.399-0400] {processor.py:743} INFO - Processing file /Users/sunanda/Downloads/airflow/py_env/lib/python3.9/site-packages/airflow/example_dags/example_external_task_marker_dag.py for tasks to queue
[2023-03-20T08:54:38.399-0400] {logging_mixin.py:137} INFO - [2023-03-20T08:54:38.399-0400] {dagbag.py:538} INFO - Filling up the DagBag from /Users/sunanda/Downloads/airflow/py_env/lib/python3.9/site-packages/airflow/example_dags/example_external_task_marker_dag.py
[2023-03-20T08:54:38.409-0400] {processor.py:753} INFO - DAG(s) dict_keys(['example_external_task_marker_child', 'example_external_task_marker_parent']) retrieved from /Users/sunanda/Downloads/airflow/py_env/lib/python3.9/site-packages/airflow/example_dags/example_external_task_marker_dag.py
[2023-03-20T08:54:38.639-0400] {logging_mixin.py:137} INFO - [2023-03-20T08:54:38.639-0400] {dag.py:2690} INFO - Sync 2 DAGs
[2023-03-20T08:54:38.646-0400] {logging_mixin.py:137} INFO - [2023-03-20T08:54:38.646-0400] {dag.py:3437} INFO - Setting next_dagrun for example_external_task_marker_child to None, run_after=None
[2023-03-20T08:54:38.647-0400] {logging_mixin.py:137} INFO - [2023-03-20T08:54:38.647-0400] {dag.py:3437} INFO - Setting next_dagrun for example_external_task_marker_parent to None, run_after=None
[2023-03-20T08:54:38.654-0400] {processor.py:175} INFO - Processing /Users/sunanda/Downloads/airflow/py_env/lib/python3.9/site-packages/airflow/example_dags/example_external_task_marker_dag.py took 0.259 seconds
[2023-03-20T18:50:42.548-0400] {processor.py:153} INFO - Started process (PID=1213) to work on /Users/sunanda/Downloads/airflow/py_env/lib/python3.9/site-packages/airflow/example_dags/example_external_task_marker_dag.py
[2023-03-20T18:50:42.550-0400] {processor.py:743} INFO - Processing file /Users/sunanda/Downloads/airflow/py_env/lib/python3.9/site-packages/airflow/example_dags/example_external_task_marker_dag.py for tasks to queue
[2023-03-20T18:50:42.550-0400] {logging_mixin.py:137} INFO - [2023-03-20T18:50:42.550-0400] {dagbag.py:538} INFO - Filling up the DagBag from /Users/sunanda/Downloads/airflow/py_env/lib/python3.9/site-packages/airflow/example_dags/example_external_task_marker_dag.py
[2023-03-20T18:50:42.561-0400] {processor.py:753} INFO - DAG(s) dict_keys(['example_external_task_marker_parent', 'example_external_task_marker_child']) retrieved from /Users/sunanda/Downloads/airflow/py_env/lib/python3.9/site-packages/airflow/example_dags/example_external_task_marker_dag.py
[2023-03-20T18:50:42.784-0400] {logging_mixin.py:137} INFO - [2023-03-20T18:50:42.784-0400] {dag.py:2690} INFO - Sync 2 DAGs
[2023-03-20T18:50:42.791-0400] {logging_mixin.py:137} INFO - [2023-03-20T18:50:42.791-0400] {dag.py:3437} INFO - Setting next_dagrun for example_external_task_marker_child to None, run_after=None
[2023-03-20T18:50:42.792-0400] {logging_mixin.py:137} INFO - [2023-03-20T18:50:42.792-0400] {dag.py:3437} INFO - Setting next_dagrun for example_external_task_marker_parent to None, run_after=None
[2023-03-20T18:50:42.800-0400] {processor.py:175} INFO - Processing /Users/sunanda/Downloads/airflow/py_env/lib/python3.9/site-packages/airflow/example_dags/example_external_task_marker_dag.py took 0.252 seconds
