[2023-03-20T00:24:34.193-0400] {processor.py:153} INFO - Started process (PID=59863) to work on /Users/sunanda/Downloads/python-demo/venv/lib/python3.9/site-packages/airflow/example_dags/example_branch_operator.py
[2023-03-20T00:24:34.195-0400] {processor.py:743} INFO - Processing file /Users/sunanda/Downloads/python-demo/venv/lib/python3.9/site-packages/airflow/example_dags/example_branch_operator.py for tasks to queue
[2023-03-20T00:24:34.196-0400] {logging_mixin.py:137} INFO - [2023-03-20T00:24:34.196-0400] {dagbag.py:532} INFO - Filling up the DagBag from /Users/sunanda/Downloads/python-demo/venv/lib/python3.9/site-packages/airflow/example_dags/example_branch_operator.py
[2023-03-20T00:24:34.212-0400] {processor.py:753} INFO - DAG(s) dict_keys(['example_branch_operator']) retrieved from /Users/sunanda/Downloads/python-demo/venv/lib/python3.9/site-packages/airflow/example_dags/example_branch_operator.py
[2023-03-20T00:24:34.496-0400] {logging_mixin.py:137} INFO - [2023-03-20T00:24:34.496-0400] {dag.py:2693} INFO - Sync 1 DAGs
[2023-03-20T00:24:34.503-0400] {logging_mixin.py:137} INFO - [2023-03-20T00:24:34.503-0400] {dag.py:3440} INFO - Setting next_dagrun for example_branch_operator to 2023-03-19T00:00:00+00:00, run_after=2023-03-20T00:00:00+00:00
[2023-03-20T00:24:34.512-0400] {processor.py:175} INFO - Processing /Users/sunanda/Downloads/python-demo/venv/lib/python3.9/site-packages/airflow/example_dags/example_branch_operator.py took 0.319 seconds
[2023-03-20T00:26:14.993-0400] {processor.py:153} INFO - Started process (PID=60028) to work on /Users/sunanda/Downloads/python-demo/venv/lib/python3.9/site-packages/airflow/example_dags/example_branch_operator.py
[2023-03-20T00:26:14.996-0400] {processor.py:743} INFO - Processing file /Users/sunanda/Downloads/python-demo/venv/lib/python3.9/site-packages/airflow/example_dags/example_branch_operator.py for tasks to queue
[2023-03-20T00:26:14.996-0400] {logging_mixin.py:137} INFO - [2023-03-20T00:26:14.996-0400] {dagbag.py:532} INFO - Filling up the DagBag from /Users/sunanda/Downloads/python-demo/venv/lib/python3.9/site-packages/airflow/example_dags/example_branch_operator.py
[2023-03-20T00:26:15.012-0400] {processor.py:753} INFO - DAG(s) dict_keys(['example_branch_operator']) retrieved from /Users/sunanda/Downloads/python-demo/venv/lib/python3.9/site-packages/airflow/example_dags/example_branch_operator.py
[2023-03-20T00:26:15.295-0400] {logging_mixin.py:137} INFO - [2023-03-20T00:26:15.295-0400] {dag.py:2693} INFO - Sync 1 DAGs
[2023-03-20T00:26:15.303-0400] {logging_mixin.py:137} INFO - [2023-03-20T00:26:15.303-0400] {dag.py:3440} INFO - Setting next_dagrun for example_branch_operator to 2023-03-19T00:00:00+00:00, run_after=2023-03-20T00:00:00+00:00
[2023-03-20T00:26:15.310-0400] {processor.py:175} INFO - Processing /Users/sunanda/Downloads/python-demo/venv/lib/python3.9/site-packages/airflow/example_dags/example_branch_operator.py took 0.317 seconds
[2023-03-20T08:54:51.330-0400] {processor.py:153} INFO - Started process (PID=5920) to work on /Users/sunanda/Downloads/airflow/py_env/lib/python3.9/site-packages/airflow/example_dags/example_branch_operator.py
[2023-03-20T08:54:51.333-0400] {processor.py:743} INFO - Processing file /Users/sunanda/Downloads/airflow/py_env/lib/python3.9/site-packages/airflow/example_dags/example_branch_operator.py for tasks to queue
[2023-03-20T08:54:51.334-0400] {logging_mixin.py:137} INFO - [2023-03-20T08:54:51.334-0400] {dagbag.py:538} INFO - Filling up the DagBag from /Users/sunanda/Downloads/airflow/py_env/lib/python3.9/site-packages/airflow/example_dags/example_branch_operator.py
[2023-03-20T08:54:51.352-0400] {processor.py:753} INFO - DAG(s) dict_keys(['example_branch_operator']) retrieved from /Users/sunanda/Downloads/airflow/py_env/lib/python3.9/site-packages/airflow/example_dags/example_branch_operator.py
[2023-03-20T08:54:51.571-0400] {logging_mixin.py:137} INFO - [2023-03-20T08:54:51.571-0400] {dag.py:2690} INFO - Sync 1 DAGs
[2023-03-20T08:54:51.579-0400] {logging_mixin.py:137} INFO - [2023-03-20T08:54:51.579-0400] {dag.py:3437} INFO - Setting next_dagrun for example_branch_operator to 2023-03-19T00:00:00+00:00, run_after=2023-03-20T00:00:00+00:00
[2023-03-20T08:54:51.587-0400] {processor.py:175} INFO - Processing /Users/sunanda/Downloads/airflow/py_env/lib/python3.9/site-packages/airflow/example_dags/example_branch_operator.py took 0.257 seconds
[2023-03-20T18:50:54.720-0400] {processor.py:153} INFO - Started process (PID=1240) to work on /Users/sunanda/Downloads/airflow/py_env/lib/python3.9/site-packages/airflow/example_dags/example_branch_operator.py
[2023-03-20T18:50:54.722-0400] {processor.py:743} INFO - Processing file /Users/sunanda/Downloads/airflow/py_env/lib/python3.9/site-packages/airflow/example_dags/example_branch_operator.py for tasks to queue
[2023-03-20T18:50:54.722-0400] {logging_mixin.py:137} INFO - [2023-03-20T18:50:54.722-0400] {dagbag.py:538} INFO - Filling up the DagBag from /Users/sunanda/Downloads/airflow/py_env/lib/python3.9/site-packages/airflow/example_dags/example_branch_operator.py
[2023-03-20T18:50:54.738-0400] {processor.py:753} INFO - DAG(s) dict_keys(['example_branch_operator']) retrieved from /Users/sunanda/Downloads/airflow/py_env/lib/python3.9/site-packages/airflow/example_dags/example_branch_operator.py
[2023-03-20T18:50:54.921-0400] {logging_mixin.py:137} INFO - [2023-03-20T18:50:54.921-0400] {dag.py:2690} INFO - Sync 1 DAGs
[2023-03-20T18:50:54.928-0400] {logging_mixin.py:137} INFO - [2023-03-20T18:50:54.928-0400] {dag.py:3437} INFO - Setting next_dagrun for example_branch_operator to 2023-03-19T00:00:00+00:00, run_after=2023-03-20T00:00:00+00:00
[2023-03-20T18:50:54.934-0400] {processor.py:175} INFO - Processing /Users/sunanda/Downloads/airflow/py_env/lib/python3.9/site-packages/airflow/example_dags/example_branch_operator.py took 0.215 seconds
