[2023-03-20T00:24:26.318-0400] {processor.py:153} INFO - Started process (PID=59850) to work on /Users/sunanda/Downloads/python-demo/venv/lib/python3.9/site-packages/airflow/example_dags/example_dag_decorator.py
[2023-03-20T00:24:26.320-0400] {processor.py:743} INFO - Processing file /Users/sunanda/Downloads/python-demo/venv/lib/python3.9/site-packages/airflow/example_dags/example_dag_decorator.py for tasks to queue
[2023-03-20T00:24:26.320-0400] {logging_mixin.py:137} INFO - [2023-03-20T00:24:26.320-0400] {dagbag.py:532} INFO - Filling up the DagBag from /Users/sunanda/Downloads/python-demo/venv/lib/python3.9/site-packages/airflow/example_dags/example_dag_decorator.py
[2023-03-20T00:24:26.388-0400] {logging_mixin.py:137} INFO - [2023-03-20T00:24:26.388-0400] {taskmixin.py:211} WARNING - Dependency <Task(_PythonDecoratedOperator): prepare_email>, send_email already registered for DAG: example_dag_decorator
[2023-03-20T00:24:26.388-0400] {logging_mixin.py:137} INFO - [2023-03-20T00:24:26.388-0400] {taskmixin.py:211} WARNING - Dependency <Task(EmailOperator): send_email>, prepare_email already registered for DAG: example_dag_decorator
[2023-03-20T00:24:26.402-0400] {processor.py:753} INFO - DAG(s) dict_keys(['example_dag_decorator']) retrieved from /Users/sunanda/Downloads/python-demo/venv/lib/python3.9/site-packages/airflow/example_dags/example_dag_decorator.py
[2023-03-20T00:24:26.648-0400] {logging_mixin.py:137} INFO - [2023-03-20T00:24:26.648-0400] {dag.py:2693} INFO - Sync 1 DAGs
[2023-03-20T00:24:26.654-0400] {logging_mixin.py:137} INFO - [2023-03-20T00:24:26.654-0400] {dag.py:3440} INFO - Setting next_dagrun for example_dag_decorator to None, run_after=None
[2023-03-20T00:24:26.662-0400] {processor.py:175} INFO - Processing /Users/sunanda/Downloads/python-demo/venv/lib/python3.9/site-packages/airflow/example_dags/example_dag_decorator.py took 0.345 seconds
[2023-03-20T00:26:08.029-0400] {processor.py:153} INFO - Started process (PID=60018) to work on /Users/sunanda/Downloads/python-demo/venv/lib/python3.9/site-packages/airflow/example_dags/example_dag_decorator.py
[2023-03-20T00:26:08.032-0400] {processor.py:743} INFO - Processing file /Users/sunanda/Downloads/python-demo/venv/lib/python3.9/site-packages/airflow/example_dags/example_dag_decorator.py for tasks to queue
[2023-03-20T00:26:08.032-0400] {logging_mixin.py:137} INFO - [2023-03-20T00:26:08.032-0400] {dagbag.py:532} INFO - Filling up the DagBag from /Users/sunanda/Downloads/python-demo/venv/lib/python3.9/site-packages/airflow/example_dags/example_dag_decorator.py
[2023-03-20T00:26:08.087-0400] {logging_mixin.py:137} INFO - [2023-03-20T00:26:08.086-0400] {taskmixin.py:211} WARNING - Dependency <Task(_PythonDecoratedOperator): prepare_email>, send_email already registered for DAG: example_dag_decorator
[2023-03-20T00:26:08.087-0400] {logging_mixin.py:137} INFO - [2023-03-20T00:26:08.087-0400] {taskmixin.py:211} WARNING - Dependency <Task(EmailOperator): send_email>, prepare_email already registered for DAG: example_dag_decorator
[2023-03-20T00:26:08.099-0400] {processor.py:753} INFO - DAG(s) dict_keys(['example_dag_decorator']) retrieved from /Users/sunanda/Downloads/python-demo/venv/lib/python3.9/site-packages/airflow/example_dags/example_dag_decorator.py
[2023-03-20T00:26:08.331-0400] {logging_mixin.py:137} INFO - [2023-03-20T00:26:08.331-0400] {dag.py:2693} INFO - Sync 1 DAGs
[2023-03-20T00:26:08.337-0400] {logging_mixin.py:137} INFO - [2023-03-20T00:26:08.337-0400] {dag.py:3440} INFO - Setting next_dagrun for example_dag_decorator to None, run_after=None
[2023-03-20T00:26:08.345-0400] {processor.py:175} INFO - Processing /Users/sunanda/Downloads/python-demo/venv/lib/python3.9/site-packages/airflow/example_dags/example_dag_decorator.py took 0.316 seconds
[2023-03-20T08:54:44.318-0400] {processor.py:153} INFO - Started process (PID=5909) to work on /Users/sunanda/Downloads/airflow/py_env/lib/python3.9/site-packages/airflow/example_dags/example_dag_decorator.py
[2023-03-20T08:54:44.321-0400] {processor.py:743} INFO - Processing file /Users/sunanda/Downloads/airflow/py_env/lib/python3.9/site-packages/airflow/example_dags/example_dag_decorator.py for tasks to queue
[2023-03-20T08:54:44.321-0400] {logging_mixin.py:137} INFO - [2023-03-20T08:54:44.321-0400] {dagbag.py:538} INFO - Filling up the DagBag from /Users/sunanda/Downloads/airflow/py_env/lib/python3.9/site-packages/airflow/example_dags/example_dag_decorator.py
[2023-03-20T08:54:44.384-0400] {logging_mixin.py:137} INFO - [2023-03-20T08:54:44.384-0400] {taskmixin.py:205} WARNING - Dependency <Task(_PythonDecoratedOperator): prepare_email>, send_email already registered for DAG: example_dag_decorator
[2023-03-20T08:54:44.384-0400] {logging_mixin.py:137} INFO - [2023-03-20T08:54:44.384-0400] {taskmixin.py:205} WARNING - Dependency <Task(EmailOperator): send_email>, prepare_email already registered for DAG: example_dag_decorator
[2023-03-20T08:54:44.397-0400] {processor.py:753} INFO - DAG(s) dict_keys(['example_dag_decorator']) retrieved from /Users/sunanda/Downloads/airflow/py_env/lib/python3.9/site-packages/airflow/example_dags/example_dag_decorator.py
[2023-03-20T08:54:44.557-0400] {logging_mixin.py:137} INFO - [2023-03-20T08:54:44.557-0400] {dag.py:2690} INFO - Sync 1 DAGs
[2023-03-20T08:54:44.565-0400] {logging_mixin.py:137} INFO - [2023-03-20T08:54:44.565-0400] {dag.py:3437} INFO - Setting next_dagrun for example_dag_decorator to None, run_after=None
[2023-03-20T08:54:44.574-0400] {processor.py:175} INFO - Processing /Users/sunanda/Downloads/airflow/py_env/lib/python3.9/site-packages/airflow/example_dags/example_dag_decorator.py took 0.257 seconds
[2023-03-20T18:50:47.991-0400] {processor.py:153} INFO - Started process (PID=1228) to work on /Users/sunanda/Downloads/airflow/py_env/lib/python3.9/site-packages/airflow/example_dags/example_dag_decorator.py
[2023-03-20T18:50:47.993-0400] {processor.py:743} INFO - Processing file /Users/sunanda/Downloads/airflow/py_env/lib/python3.9/site-packages/airflow/example_dags/example_dag_decorator.py for tasks to queue
[2023-03-20T18:50:47.993-0400] {logging_mixin.py:137} INFO - [2023-03-20T18:50:47.993-0400] {dagbag.py:538} INFO - Filling up the DagBag from /Users/sunanda/Downloads/airflow/py_env/lib/python3.9/site-packages/airflow/example_dags/example_dag_decorator.py
[2023-03-20T18:50:48.048-0400] {logging_mixin.py:137} INFO - [2023-03-20T18:50:48.048-0400] {taskmixin.py:205} WARNING - Dependency <Task(_PythonDecoratedOperator): prepare_email>, send_email already registered for DAG: example_dag_decorator
[2023-03-20T18:50:48.048-0400] {logging_mixin.py:137} INFO - [2023-03-20T18:50:48.048-0400] {taskmixin.py:205} WARNING - Dependency <Task(EmailOperator): send_email>, prepare_email already registered for DAG: example_dag_decorator
[2023-03-20T18:50:48.059-0400] {processor.py:753} INFO - DAG(s) dict_keys(['example_dag_decorator']) retrieved from /Users/sunanda/Downloads/airflow/py_env/lib/python3.9/site-packages/airflow/example_dags/example_dag_decorator.py
[2023-03-20T18:50:48.207-0400] {logging_mixin.py:137} INFO - [2023-03-20T18:50:48.207-0400] {dag.py:2690} INFO - Sync 1 DAGs
[2023-03-20T18:50:48.213-0400] {logging_mixin.py:137} INFO - [2023-03-20T18:50:48.213-0400] {dag.py:3437} INFO - Setting next_dagrun for example_dag_decorator to None, run_after=None
[2023-03-20T18:50:48.220-0400] {processor.py:175} INFO - Processing /Users/sunanda/Downloads/airflow/py_env/lib/python3.9/site-packages/airflow/example_dags/example_dag_decorator.py took 0.229 seconds
