[2023-03-20T00:24:02.253-0400] {processor.py:153} INFO - Started process (PID=59812) to work on /Users/sunanda/Downloads/python-demo/venv/lib/python3.9/site-packages/airflow/example_dags/example_sensors.py
[2023-03-20T00:24:02.255-0400] {processor.py:743} INFO - Processing file /Users/sunanda/Downloads/python-demo/venv/lib/python3.9/site-packages/airflow/example_dags/example_sensors.py for tasks to queue
[2023-03-20T00:24:02.255-0400] {logging_mixin.py:137} INFO - [2023-03-20T00:24:02.255-0400] {dagbag.py:532} INFO - Filling up the DagBag from /Users/sunanda/Downloads/python-demo/venv/lib/python3.9/site-packages/airflow/example_dags/example_sensors.py
[2023-03-20T00:24:02.275-0400] {processor.py:753} INFO - DAG(s) dict_keys(['example_sensors']) retrieved from /Users/sunanda/Downloads/python-demo/venv/lib/python3.9/site-packages/airflow/example_dags/example_sensors.py
[2023-03-20T00:24:02.584-0400] {logging_mixin.py:137} INFO - [2023-03-20T00:24:02.584-0400] {dag.py:2693} INFO - Sync 1 DAGs
[2023-03-20T00:24:02.591-0400] {logging_mixin.py:137} INFO - [2023-03-20T00:24:02.591-0400] {dag.py:3440} INFO - Setting next_dagrun for example_sensors to None, run_after=None
[2023-03-20T00:24:02.600-0400] {processor.py:175} INFO - Processing /Users/sunanda/Downloads/python-demo/venv/lib/python3.9/site-packages/airflow/example_dags/example_sensors.py took 0.347 seconds
[2023-03-20T00:25:22.933-0400] {processor.py:153} INFO - Started process (PID=59942) to work on /Users/sunanda/Downloads/python-demo/venv/lib/python3.9/site-packages/airflow/example_dags/example_sensors.py
[2023-03-20T00:25:22.936-0400] {processor.py:743} INFO - Processing file /Users/sunanda/Downloads/python-demo/venv/lib/python3.9/site-packages/airflow/example_dags/example_sensors.py for tasks to queue
[2023-03-20T00:25:22.936-0400] {logging_mixin.py:137} INFO - [2023-03-20T00:25:22.936-0400] {dagbag.py:532} INFO - Filling up the DagBag from /Users/sunanda/Downloads/python-demo/venv/lib/python3.9/site-packages/airflow/example_dags/example_sensors.py
[2023-03-20T00:25:22.957-0400] {processor.py:753} INFO - DAG(s) dict_keys(['example_sensors']) retrieved from /Users/sunanda/Downloads/python-demo/venv/lib/python3.9/site-packages/airflow/example_dags/example_sensors.py
[2023-03-20T00:25:23.268-0400] {logging_mixin.py:137} INFO - [2023-03-20T00:25:23.268-0400] {dag.py:2693} INFO - Sync 1 DAGs
[2023-03-20T00:25:23.275-0400] {logging_mixin.py:137} INFO - [2023-03-20T00:25:23.275-0400] {dag.py:3440} INFO - Setting next_dagrun for example_sensors to None, run_after=None
[2023-03-20T00:25:23.283-0400] {processor.py:175} INFO - Processing /Users/sunanda/Downloads/python-demo/venv/lib/python3.9/site-packages/airflow/example_dags/example_sensors.py took 0.350 seconds
[2023-03-20T08:54:22.349-0400] {processor.py:153} INFO - Started process (PID=5876) to work on /Users/sunanda/Downloads/airflow/py_env/lib/python3.9/site-packages/airflow/example_dags/example_sensors.py
[2023-03-20T08:54:22.352-0400] {processor.py:743} INFO - Processing file /Users/sunanda/Downloads/airflow/py_env/lib/python3.9/site-packages/airflow/example_dags/example_sensors.py for tasks to queue
[2023-03-20T08:54:22.352-0400] {logging_mixin.py:137} INFO - [2023-03-20T08:54:22.352-0400] {dagbag.py:538} INFO - Filling up the DagBag from /Users/sunanda/Downloads/airflow/py_env/lib/python3.9/site-packages/airflow/example_dags/example_sensors.py
[2023-03-20T08:54:22.371-0400] {processor.py:753} INFO - DAG(s) dict_keys(['example_sensors']) retrieved from /Users/sunanda/Downloads/airflow/py_env/lib/python3.9/site-packages/airflow/example_dags/example_sensors.py
[2023-03-20T08:54:22.599-0400] {logging_mixin.py:137} INFO - [2023-03-20T08:54:22.599-0400] {dag.py:2690} INFO - Sync 1 DAGs
[2023-03-20T08:54:22.605-0400] {logging_mixin.py:137} INFO - [2023-03-20T08:54:22.605-0400] {dag.py:3437} INFO - Setting next_dagrun for example_sensors to None, run_after=None
[2023-03-20T08:54:22.613-0400] {processor.py:175} INFO - Processing /Users/sunanda/Downloads/airflow/py_env/lib/python3.9/site-packages/airflow/example_dags/example_sensors.py took 0.264 seconds
[2023-03-20T18:50:26.096-0400] {processor.py:153} INFO - Started process (PID=1186) to work on /Users/sunanda/Downloads/airflow/py_env/lib/python3.9/site-packages/airflow/example_dags/example_sensors.py
[2023-03-20T18:50:26.098-0400] {processor.py:743} INFO - Processing file /Users/sunanda/Downloads/airflow/py_env/lib/python3.9/site-packages/airflow/example_dags/example_sensors.py for tasks to queue
[2023-03-20T18:50:26.098-0400] {logging_mixin.py:137} INFO - [2023-03-20T18:50:26.098-0400] {dagbag.py:538} INFO - Filling up the DagBag from /Users/sunanda/Downloads/airflow/py_env/lib/python3.9/site-packages/airflow/example_dags/example_sensors.py
[2023-03-20T18:50:26.118-0400] {processor.py:753} INFO - DAG(s) dict_keys(['example_sensors']) retrieved from /Users/sunanda/Downloads/airflow/py_env/lib/python3.9/site-packages/airflow/example_dags/example_sensors.py
[2023-03-20T18:50:26.327-0400] {logging_mixin.py:137} INFO - [2023-03-20T18:50:26.327-0400] {dag.py:2690} INFO - Sync 1 DAGs
[2023-03-20T18:50:26.333-0400] {logging_mixin.py:137} INFO - [2023-03-20T18:50:26.333-0400] {dag.py:3437} INFO - Setting next_dagrun for example_sensors to None, run_after=None
[2023-03-20T18:50:26.340-0400] {processor.py:175} INFO - Processing /Users/sunanda/Downloads/airflow/py_env/lib/python3.9/site-packages/airflow/example_dags/example_sensors.py took 0.244 seconds
[2023-03-20T18:51:36.478-0400] {processor.py:153} INFO - Started process (PID=1310) to work on /Users/sunanda/Downloads/airflow/py_env/lib/python3.9/site-packages/airflow/example_dags/example_sensors.py
[2023-03-20T18:51:36.480-0400] {processor.py:743} INFO - Processing file /Users/sunanda/Downloads/airflow/py_env/lib/python3.9/site-packages/airflow/example_dags/example_sensors.py for tasks to queue
[2023-03-20T18:51:36.480-0400] {logging_mixin.py:137} INFO - [2023-03-20T18:51:36.480-0400] {dagbag.py:538} INFO - Filling up the DagBag from /Users/sunanda/Downloads/airflow/py_env/lib/python3.9/site-packages/airflow/example_dags/example_sensors.py
[2023-03-20T18:51:36.499-0400] {processor.py:753} INFO - DAG(s) dict_keys(['example_sensors']) retrieved from /Users/sunanda/Downloads/airflow/py_env/lib/python3.9/site-packages/airflow/example_dags/example_sensors.py
[2023-03-20T18:51:36.720-0400] {logging_mixin.py:137} INFO - [2023-03-20T18:51:36.720-0400] {dag.py:2690} INFO - Sync 1 DAGs
[2023-03-20T18:51:36.727-0400] {logging_mixin.py:137} INFO - [2023-03-20T18:51:36.727-0400] {dag.py:3437} INFO - Setting next_dagrun for example_sensors to None, run_after=None
[2023-03-20T18:51:36.734-0400] {processor.py:175} INFO - Processing /Users/sunanda/Downloads/airflow/py_env/lib/python3.9/site-packages/airflow/example_dags/example_sensors.py took 0.257 seconds
