[2023-03-20T00:24:11.212-0400] {processor.py:153} INFO - Started process (PID=59826) to work on /Users/sunanda/Downloads/python-demo/venv/lib/python3.9/site-packages/airflow/example_dags/example_nested_branch_dag.py
[2023-03-20T00:24:11.215-0400] {processor.py:743} INFO - Processing file /Users/sunanda/Downloads/python-demo/venv/lib/python3.9/site-packages/airflow/example_dags/example_nested_branch_dag.py for tasks to queue
[2023-03-20T00:24:11.215-0400] {logging_mixin.py:137} INFO - [2023-03-20T00:24:11.215-0400] {dagbag.py:532} INFO - Filling up the DagBag from /Users/sunanda/Downloads/python-demo/venv/lib/python3.9/site-packages/airflow/example_dags/example_nested_branch_dag.py
[2023-03-20T00:24:11.236-0400] {processor.py:753} INFO - DAG(s) dict_keys(['example_nested_branch_dag']) retrieved from /Users/sunanda/Downloads/python-demo/venv/lib/python3.9/site-packages/airflow/example_dags/example_nested_branch_dag.py
[2023-03-20T00:24:11.526-0400] {logging_mixin.py:137} INFO - [2023-03-20T00:24:11.525-0400] {dag.py:2693} INFO - Sync 1 DAGs
[2023-03-20T00:24:11.533-0400] {logging_mixin.py:137} INFO - [2023-03-20T00:24:11.533-0400] {dag.py:3440} INFO - Setting next_dagrun for example_nested_branch_dag to 2023-03-19T00:00:00+00:00, run_after=2023-03-20T00:00:00+00:00
[2023-03-20T00:24:11.541-0400] {processor.py:175} INFO - Processing /Users/sunanda/Downloads/python-demo/venv/lib/python3.9/site-packages/airflow/example_dags/example_nested_branch_dag.py took 0.329 seconds
[2023-03-20T00:25:31.918-0400] {processor.py:153} INFO - Started process (PID=59958) to work on /Users/sunanda/Downloads/python-demo/venv/lib/python3.9/site-packages/airflow/example_dags/example_nested_branch_dag.py
[2023-03-20T00:25:31.921-0400] {processor.py:743} INFO - Processing file /Users/sunanda/Downloads/python-demo/venv/lib/python3.9/site-packages/airflow/example_dags/example_nested_branch_dag.py for tasks to queue
[2023-03-20T00:25:31.921-0400] {logging_mixin.py:137} INFO - [2023-03-20T00:25:31.921-0400] {dagbag.py:532} INFO - Filling up the DagBag from /Users/sunanda/Downloads/python-demo/venv/lib/python3.9/site-packages/airflow/example_dags/example_nested_branch_dag.py
[2023-03-20T00:25:31.944-0400] {processor.py:753} INFO - DAG(s) dict_keys(['example_nested_branch_dag']) retrieved from /Users/sunanda/Downloads/python-demo/venv/lib/python3.9/site-packages/airflow/example_dags/example_nested_branch_dag.py
[2023-03-20T00:25:32.257-0400] {logging_mixin.py:137} INFO - [2023-03-20T00:25:32.256-0400] {dag.py:2693} INFO - Sync 1 DAGs
[2023-03-20T00:25:32.264-0400] {logging_mixin.py:137} INFO - [2023-03-20T00:25:32.264-0400] {dag.py:3440} INFO - Setting next_dagrun for example_nested_branch_dag to 2023-03-19T00:00:00+00:00, run_after=2023-03-20T00:00:00+00:00
[2023-03-20T00:25:32.272-0400] {processor.py:175} INFO - Processing /Users/sunanda/Downloads/python-demo/venv/lib/python3.9/site-packages/airflow/example_dags/example_nested_branch_dag.py took 0.355 seconds
[2023-03-20T08:54:29.387-0400] {processor.py:153} INFO - Started process (PID=5887) to work on /Users/sunanda/Downloads/airflow/py_env/lib/python3.9/site-packages/airflow/example_dags/example_nested_branch_dag.py
[2023-03-20T08:54:29.390-0400] {processor.py:743} INFO - Processing file /Users/sunanda/Downloads/airflow/py_env/lib/python3.9/site-packages/airflow/example_dags/example_nested_branch_dag.py for tasks to queue
[2023-03-20T08:54:29.391-0400] {logging_mixin.py:137} INFO - [2023-03-20T08:54:29.391-0400] {dagbag.py:538} INFO - Filling up the DagBag from /Users/sunanda/Downloads/airflow/py_env/lib/python3.9/site-packages/airflow/example_dags/example_nested_branch_dag.py
[2023-03-20T08:54:29.413-0400] {processor.py:753} INFO - DAG(s) dict_keys(['example_nested_branch_dag']) retrieved from /Users/sunanda/Downloads/airflow/py_env/lib/python3.9/site-packages/airflow/example_dags/example_nested_branch_dag.py
[2023-03-20T08:54:29.633-0400] {logging_mixin.py:137} INFO - [2023-03-20T08:54:29.632-0400] {dag.py:2690} INFO - Sync 1 DAGs
[2023-03-20T08:54:29.642-0400] {logging_mixin.py:137} INFO - [2023-03-20T08:54:29.641-0400] {dag.py:3437} INFO - Setting next_dagrun for example_nested_branch_dag to 2023-03-19T00:00:00+00:00, run_after=2023-03-20T00:00:00+00:00
[2023-03-20T08:54:29.649-0400] {processor.py:175} INFO - Processing /Users/sunanda/Downloads/airflow/py_env/lib/python3.9/site-packages/airflow/example_dags/example_nested_branch_dag.py took 0.263 seconds
[2023-03-20T18:50:33.472-0400] {processor.py:153} INFO - Started process (PID=1199) to work on /Users/sunanda/Downloads/airflow/py_env/lib/python3.9/site-packages/airflow/example_dags/example_nested_branch_dag.py
[2023-03-20T18:50:33.474-0400] {processor.py:743} INFO - Processing file /Users/sunanda/Downloads/airflow/py_env/lib/python3.9/site-packages/airflow/example_dags/example_nested_branch_dag.py for tasks to queue
[2023-03-20T18:50:33.474-0400] {logging_mixin.py:137} INFO - [2023-03-20T18:50:33.474-0400] {dagbag.py:538} INFO - Filling up the DagBag from /Users/sunanda/Downloads/airflow/py_env/lib/python3.9/site-packages/airflow/example_dags/example_nested_branch_dag.py
[2023-03-20T18:50:33.493-0400] {processor.py:753} INFO - DAG(s) dict_keys(['example_nested_branch_dag']) retrieved from /Users/sunanda/Downloads/airflow/py_env/lib/python3.9/site-packages/airflow/example_dags/example_nested_branch_dag.py
[2023-03-20T18:50:33.677-0400] {logging_mixin.py:137} INFO - [2023-03-20T18:50:33.677-0400] {dag.py:2690} INFO - Sync 1 DAGs
[2023-03-20T18:50:33.684-0400] {logging_mixin.py:137} INFO - [2023-03-20T18:50:33.684-0400] {dag.py:3437} INFO - Setting next_dagrun for example_nested_branch_dag to 2023-03-19T00:00:00+00:00, run_after=2023-03-20T00:00:00+00:00
[2023-03-20T18:50:33.691-0400] {processor.py:175} INFO - Processing /Users/sunanda/Downloads/airflow/py_env/lib/python3.9/site-packages/airflow/example_dags/example_nested_branch_dag.py took 0.220 seconds
[2023-03-20T18:51:54.378-0400] {processor.py:153} INFO - Started process (PID=1338) to work on /Users/sunanda/Downloads/airflow/py_env/lib/python3.9/site-packages/airflow/example_dags/example_nested_branch_dag.py
[2023-03-20T18:51:54.380-0400] {processor.py:743} INFO - Processing file /Users/sunanda/Downloads/airflow/py_env/lib/python3.9/site-packages/airflow/example_dags/example_nested_branch_dag.py for tasks to queue
[2023-03-20T18:51:54.380-0400] {logging_mixin.py:137} INFO - [2023-03-20T18:51:54.380-0400] {dagbag.py:538} INFO - Filling up the DagBag from /Users/sunanda/Downloads/airflow/py_env/lib/python3.9/site-packages/airflow/example_dags/example_nested_branch_dag.py
[2023-03-20T18:51:54.399-0400] {processor.py:753} INFO - DAG(s) dict_keys(['example_nested_branch_dag']) retrieved from /Users/sunanda/Downloads/airflow/py_env/lib/python3.9/site-packages/airflow/example_dags/example_nested_branch_dag.py
[2023-03-20T18:51:54.581-0400] {logging_mixin.py:137} INFO - [2023-03-20T18:51:54.581-0400] {dag.py:2690} INFO - Sync 1 DAGs
[2023-03-20T18:51:54.588-0400] {logging_mixin.py:137} INFO - [2023-03-20T18:51:54.588-0400] {dag.py:3437} INFO - Setting next_dagrun for example_nested_branch_dag to 2023-03-19T00:00:00+00:00, run_after=2023-03-20T00:00:00+00:00
[2023-03-20T18:51:54.595-0400] {processor.py:175} INFO - Processing /Users/sunanda/Downloads/airflow/py_env/lib/python3.9/site-packages/airflow/example_dags/example_nested_branch_dag.py took 0.218 seconds
