[2023-03-20T00:23:56.330-0400] {processor.py:153} INFO - Started process (PID=59803) to work on /Users/sunanda/Downloads/python-demo/venv/lib/python3.9/site-packages/airflow/example_dags/example_skip_dag.py
[2023-03-20T00:23:56.332-0400] {processor.py:743} INFO - Processing file /Users/sunanda/Downloads/python-demo/venv/lib/python3.9/site-packages/airflow/example_dags/example_skip_dag.py for tasks to queue
[2023-03-20T00:23:56.333-0400] {logging_mixin.py:137} INFO - [2023-03-20T00:23:56.333-0400] {dagbag.py:532} INFO - Filling up the DagBag from /Users/sunanda/Downloads/python-demo/venv/lib/python3.9/site-packages/airflow/example_dags/example_skip_dag.py
[2023-03-20T00:23:56.342-0400] {processor.py:753} INFO - DAG(s) dict_keys(['example_skip_dag']) retrieved from /Users/sunanda/Downloads/python-demo/venv/lib/python3.9/site-packages/airflow/example_dags/example_skip_dag.py
[2023-03-20T00:23:56.633-0400] {logging_mixin.py:137} INFO - [2023-03-20T00:23:56.633-0400] {dag.py:2693} INFO - Sync 1 DAGs
[2023-03-20T00:23:56.640-0400] {logging_mixin.py:137} INFO - [2023-03-20T00:23:56.640-0400] {dag.py:3440} INFO - Setting next_dagrun for example_skip_dag to 2023-03-19T04:23:56.640459+00:00, run_after=2023-03-20T04:23:56.640459+00:00
[2023-03-20T00:23:56.649-0400] {processor.py:175} INFO - Processing /Users/sunanda/Downloads/python-demo/venv/lib/python3.9/site-packages/airflow/example_dags/example_skip_dag.py took 0.319 seconds
[2023-03-20T00:25:16.986-0400] {processor.py:153} INFO - Started process (PID=59931) to work on /Users/sunanda/Downloads/python-demo/venv/lib/python3.9/site-packages/airflow/example_dags/example_skip_dag.py
[2023-03-20T00:25:16.989-0400] {processor.py:743} INFO - Processing file /Users/sunanda/Downloads/python-demo/venv/lib/python3.9/site-packages/airflow/example_dags/example_skip_dag.py for tasks to queue
[2023-03-20T00:25:16.990-0400] {logging_mixin.py:137} INFO - [2023-03-20T00:25:16.990-0400] {dagbag.py:532} INFO - Filling up the DagBag from /Users/sunanda/Downloads/python-demo/venv/lib/python3.9/site-packages/airflow/example_dags/example_skip_dag.py
[2023-03-20T00:25:17.000-0400] {processor.py:753} INFO - DAG(s) dict_keys(['example_skip_dag']) retrieved from /Users/sunanda/Downloads/python-demo/venv/lib/python3.9/site-packages/airflow/example_dags/example_skip_dag.py
[2023-03-20T00:25:17.282-0400] {logging_mixin.py:137} INFO - [2023-03-20T00:25:17.281-0400] {dag.py:2693} INFO - Sync 1 DAGs
[2023-03-20T00:25:17.288-0400] {logging_mixin.py:137} INFO - [2023-03-20T00:25:17.288-0400] {dag.py:3440} INFO - Setting next_dagrun for example_skip_dag to 2023-03-19T04:25:17.288803+00:00, run_after=2023-03-20T04:25:17.288803+00:00
[2023-03-20T00:25:17.295-0400] {processor.py:175} INFO - Processing /Users/sunanda/Downloads/python-demo/venv/lib/python3.9/site-packages/airflow/example_dags/example_skip_dag.py took 0.310 seconds
[2023-03-20T08:54:16.563-0400] {processor.py:153} INFO - Started process (PID=5868) to work on /Users/sunanda/Downloads/airflow/py_env/lib/python3.9/site-packages/airflow/example_dags/example_skip_dag.py
[2023-03-20T08:54:16.566-0400] {processor.py:743} INFO - Processing file /Users/sunanda/Downloads/airflow/py_env/lib/python3.9/site-packages/airflow/example_dags/example_skip_dag.py for tasks to queue
[2023-03-20T08:54:16.566-0400] {logging_mixin.py:137} INFO - [2023-03-20T08:54:16.566-0400] {dagbag.py:538} INFO - Filling up the DagBag from /Users/sunanda/Downloads/airflow/py_env/lib/python3.9/site-packages/airflow/example_dags/example_skip_dag.py
[2023-03-20T08:54:16.576-0400] {processor.py:753} INFO - DAG(s) dict_keys(['example_skip_dag']) retrieved from /Users/sunanda/Downloads/airflow/py_env/lib/python3.9/site-packages/airflow/example_dags/example_skip_dag.py
[2023-03-20T08:54:16.773-0400] {logging_mixin.py:137} INFO - [2023-03-20T08:54:16.773-0400] {dag.py:2690} INFO - Sync 1 DAGs
[2023-03-20T08:54:16.779-0400] {logging_mixin.py:137} INFO - [2023-03-20T08:54:16.779-0400] {dag.py:3437} INFO - Setting next_dagrun for example_skip_dag to 2023-03-19T12:54:16.779745+00:00, run_after=2023-03-20T12:54:16.779745+00:00
[2023-03-20T08:54:16.787-0400] {processor.py:175} INFO - Processing /Users/sunanda/Downloads/airflow/py_env/lib/python3.9/site-packages/airflow/example_dags/example_skip_dag.py took 0.224 seconds
[2023-03-20T08:55:30.401-0400] {processor.py:153} INFO - Started process (PID=5978) to work on /Users/sunanda/Downloads/airflow/py_env/lib/python3.9/site-packages/airflow/example_dags/example_skip_dag.py
[2023-03-20T08:55:30.404-0400] {processor.py:743} INFO - Processing file /Users/sunanda/Downloads/airflow/py_env/lib/python3.9/site-packages/airflow/example_dags/example_skip_dag.py for tasks to queue
[2023-03-20T08:55:30.405-0400] {logging_mixin.py:137} INFO - [2023-03-20T08:55:30.405-0400] {dagbag.py:538} INFO - Filling up the DagBag from /Users/sunanda/Downloads/airflow/py_env/lib/python3.9/site-packages/airflow/example_dags/example_skip_dag.py
[2023-03-20T08:55:30.415-0400] {processor.py:753} INFO - DAG(s) dict_keys(['example_skip_dag']) retrieved from /Users/sunanda/Downloads/airflow/py_env/lib/python3.9/site-packages/airflow/example_dags/example_skip_dag.py
[2023-03-20T08:55:30.611-0400] {logging_mixin.py:137} INFO - [2023-03-20T08:55:30.611-0400] {dag.py:2690} INFO - Sync 1 DAGs
[2023-03-20T08:55:30.618-0400] {logging_mixin.py:137} INFO - [2023-03-20T08:55:30.618-0400] {dag.py:3437} INFO - Setting next_dagrun for example_skip_dag to 2023-03-19T12:55:30.618048+00:00, run_after=2023-03-20T12:55:30.618048+00:00
[2023-03-20T08:55:30.625-0400] {processor.py:175} INFO - Processing /Users/sunanda/Downloads/airflow/py_env/lib/python3.9/site-packages/airflow/example_dags/example_skip_dag.py took 0.224 seconds
[2023-03-20T18:50:22.076-0400] {processor.py:153} INFO - Started process (PID=1180) to work on /Users/sunanda/Downloads/airflow/py_env/lib/python3.9/site-packages/airflow/example_dags/example_skip_dag.py
[2023-03-20T18:50:22.078-0400] {processor.py:743} INFO - Processing file /Users/sunanda/Downloads/airflow/py_env/lib/python3.9/site-packages/airflow/example_dags/example_skip_dag.py for tasks to queue
[2023-03-20T18:50:22.078-0400] {logging_mixin.py:137} INFO - [2023-03-20T18:50:22.078-0400] {dagbag.py:538} INFO - Filling up the DagBag from /Users/sunanda/Downloads/airflow/py_env/lib/python3.9/site-packages/airflow/example_dags/example_skip_dag.py
[2023-03-20T18:50:22.089-0400] {processor.py:753} INFO - DAG(s) dict_keys(['example_skip_dag']) retrieved from /Users/sunanda/Downloads/airflow/py_env/lib/python3.9/site-packages/airflow/example_dags/example_skip_dag.py
[2023-03-20T18:50:22.284-0400] {logging_mixin.py:137} INFO - [2023-03-20T18:50:22.284-0400] {dag.py:2690} INFO - Sync 1 DAGs
[2023-03-20T18:50:22.290-0400] {logging_mixin.py:137} INFO - [2023-03-20T18:50:22.290-0400] {dag.py:3437} INFO - Setting next_dagrun for example_skip_dag to 2023-03-19T22:50:22.290622+00:00, run_after=2023-03-20T22:50:22.290622+00:00
[2023-03-20T18:50:22.297-0400] {processor.py:175} INFO - Processing /Users/sunanda/Downloads/airflow/py_env/lib/python3.9/site-packages/airflow/example_dags/example_skip_dag.py took 0.222 seconds
[2023-03-20T18:51:30.912-0400] {processor.py:153} INFO - Started process (PID=1302) to work on /Users/sunanda/Downloads/airflow/py_env/lib/python3.9/site-packages/airflow/example_dags/example_skip_dag.py
[2023-03-20T18:51:30.914-0400] {processor.py:743} INFO - Processing file /Users/sunanda/Downloads/airflow/py_env/lib/python3.9/site-packages/airflow/example_dags/example_skip_dag.py for tasks to queue
[2023-03-20T18:51:30.914-0400] {logging_mixin.py:137} INFO - [2023-03-20T18:51:30.914-0400] {dagbag.py:538} INFO - Filling up the DagBag from /Users/sunanda/Downloads/airflow/py_env/lib/python3.9/site-packages/airflow/example_dags/example_skip_dag.py
[2023-03-20T18:51:30.924-0400] {processor.py:753} INFO - DAG(s) dict_keys(['example_skip_dag']) retrieved from /Users/sunanda/Downloads/airflow/py_env/lib/python3.9/site-packages/airflow/example_dags/example_skip_dag.py
[2023-03-20T18:51:31.113-0400] {logging_mixin.py:137} INFO - [2023-03-20T18:51:31.113-0400] {dag.py:2690} INFO - Sync 1 DAGs
[2023-03-20T18:51:31.119-0400] {logging_mixin.py:137} INFO - [2023-03-20T18:51:31.119-0400] {dag.py:3437} INFO - Setting next_dagrun for example_skip_dag to 2023-03-19T22:51:31.119869+00:00, run_after=2023-03-20T22:51:31.119869+00:00
[2023-03-20T18:51:31.126-0400] {processor.py:175} INFO - Processing /Users/sunanda/Downloads/airflow/py_env/lib/python3.9/site-packages/airflow/example_dags/example_skip_dag.py took 0.215 seconds
