[2023-03-20T00:24:18.258-0400] {processor.py:153} INFO - Started process (PID=59837) to work on /Users/sunanda/Downloads/python-demo/venv/lib/python3.9/site-packages/airflow/example_dags/example_kubernetes_executor.py
[2023-03-20T00:24:18.260-0400] {processor.py:743} INFO - Processing file /Users/sunanda/Downloads/python-demo/venv/lib/python3.9/site-packages/airflow/example_dags/example_kubernetes_executor.py for tasks to queue
[2023-03-20T00:24:18.260-0400] {logging_mixin.py:137} INFO - [2023-03-20T00:24:18.260-0400] {dagbag.py:532} INFO - Filling up the DagBag from /Users/sunanda/Downloads/python-demo/venv/lib/python3.9/site-packages/airflow/example_dags/example_kubernetes_executor.py
[2023-03-20T00:24:18.283-0400] {processor.py:753} INFO - DAG(s) dict_keys(['example_kubernetes_executor']) retrieved from /Users/sunanda/Downloads/python-demo/venv/lib/python3.9/site-packages/airflow/example_dags/example_kubernetes_executor.py
[2023-03-20T00:24:18.595-0400] {logging_mixin.py:137} INFO - [2023-03-20T00:24:18.595-0400] {manager.py:504} INFO - Created Permission View: can read on DAG:example_kubernetes_executor
[2023-03-20T00:24:18.598-0400] {logging_mixin.py:137} INFO - [2023-03-20T00:24:18.598-0400] {manager.py:504} INFO - Created Permission View: can delete on DAG:example_kubernetes_executor
[2023-03-20T00:24:18.600-0400] {logging_mixin.py:137} INFO - [2023-03-20T00:24:18.600-0400] {manager.py:504} INFO - Created Permission View: can edit on DAG:example_kubernetes_executor
[2023-03-20T00:24:18.600-0400] {logging_mixin.py:137} INFO - [2023-03-20T00:24:18.600-0400] {dag.py:2693} INFO - Sync 1 DAGs
[2023-03-20T00:24:18.604-0400] {logging_mixin.py:137} INFO - [2023-03-20T00:24:18.604-0400] {dag.py:2714} INFO - Creating ORM DAG for example_kubernetes_executor
[2023-03-20T00:24:18.608-0400] {logging_mixin.py:137} INFO - [2023-03-20T00:24:18.608-0400] {dag.py:3440} INFO - Setting next_dagrun for example_kubernetes_executor to None, run_after=None
[2023-03-20T00:24:18.652-0400] {processor.py:175} INFO - Processing /Users/sunanda/Downloads/python-demo/venv/lib/python3.9/site-packages/airflow/example_dags/example_kubernetes_executor.py took 0.394 seconds
[2023-03-20T00:26:00.238-0400] {processor.py:153} INFO - Started process (PID=60006) to work on /Users/sunanda/Downloads/python-demo/venv/lib/python3.9/site-packages/airflow/example_dags/example_kubernetes_executor.py
[2023-03-20T00:26:00.240-0400] {processor.py:743} INFO - Processing file /Users/sunanda/Downloads/python-demo/venv/lib/python3.9/site-packages/airflow/example_dags/example_kubernetes_executor.py for tasks to queue
[2023-03-20T00:26:00.240-0400] {logging_mixin.py:137} INFO - [2023-03-20T00:26:00.240-0400] {dagbag.py:532} INFO - Filling up the DagBag from /Users/sunanda/Downloads/python-demo/venv/lib/python3.9/site-packages/airflow/example_dags/example_kubernetes_executor.py
[2023-03-20T00:26:00.261-0400] {processor.py:753} INFO - DAG(s) dict_keys(['example_kubernetes_executor']) retrieved from /Users/sunanda/Downloads/python-demo/venv/lib/python3.9/site-packages/airflow/example_dags/example_kubernetes_executor.py
[2023-03-20T00:26:00.528-0400] {logging_mixin.py:137} INFO - [2023-03-20T00:26:00.528-0400] {dag.py:2693} INFO - Sync 1 DAGs
[2023-03-20T00:26:00.536-0400] {logging_mixin.py:137} INFO - [2023-03-20T00:26:00.536-0400] {dag.py:3440} INFO - Setting next_dagrun for example_kubernetes_executor to None, run_after=None
[2023-03-20T00:26:00.544-0400] {processor.py:175} INFO - Processing /Users/sunanda/Downloads/python-demo/venv/lib/python3.9/site-packages/airflow/example_dags/example_kubernetes_executor.py took 0.306 seconds
[2023-03-20T08:54:36.917-0400] {processor.py:153} INFO - Started process (PID=5898) to work on /Users/sunanda/Downloads/airflow/py_env/lib/python3.9/site-packages/airflow/example_dags/example_kubernetes_executor.py
[2023-03-20T08:54:36.920-0400] {processor.py:743} INFO - Processing file /Users/sunanda/Downloads/airflow/py_env/lib/python3.9/site-packages/airflow/example_dags/example_kubernetes_executor.py for tasks to queue
[2023-03-20T08:54:36.920-0400] {logging_mixin.py:137} INFO - [2023-03-20T08:54:36.920-0400] {dagbag.py:538} INFO - Filling up the DagBag from /Users/sunanda/Downloads/airflow/py_env/lib/python3.9/site-packages/airflow/example_dags/example_kubernetes_executor.py
[2023-03-20T08:54:36.942-0400] {processor.py:753} INFO - DAG(s) dict_keys(['example_kubernetes_executor']) retrieved from /Users/sunanda/Downloads/airflow/py_env/lib/python3.9/site-packages/airflow/example_dags/example_kubernetes_executor.py
[2023-03-20T08:54:37.149-0400] {logging_mixin.py:137} INFO - [2023-03-20T08:54:37.149-0400] {dag.py:2690} INFO - Sync 1 DAGs
[2023-03-20T08:54:37.155-0400] {logging_mixin.py:137} INFO - [2023-03-20T08:54:37.155-0400] {dag.py:3437} INFO - Setting next_dagrun for example_kubernetes_executor to None, run_after=None
[2023-03-20T08:54:37.163-0400] {processor.py:175} INFO - Processing /Users/sunanda/Downloads/airflow/py_env/lib/python3.9/site-packages/airflow/example_dags/example_kubernetes_executor.py took 0.246 seconds
[2023-03-20T18:50:40.722-0400] {processor.py:153} INFO - Started process (PID=1210) to work on /Users/sunanda/Downloads/airflow/py_env/lib/python3.9/site-packages/airflow/example_dags/example_kubernetes_executor.py
[2023-03-20T18:50:40.725-0400] {processor.py:743} INFO - Processing file /Users/sunanda/Downloads/airflow/py_env/lib/python3.9/site-packages/airflow/example_dags/example_kubernetes_executor.py for tasks to queue
[2023-03-20T18:50:40.725-0400] {logging_mixin.py:137} INFO - [2023-03-20T18:50:40.725-0400] {dagbag.py:538} INFO - Filling up the DagBag from /Users/sunanda/Downloads/airflow/py_env/lib/python3.9/site-packages/airflow/example_dags/example_kubernetes_executor.py
[2023-03-20T18:50:40.745-0400] {processor.py:753} INFO - DAG(s) dict_keys(['example_kubernetes_executor']) retrieved from /Users/sunanda/Downloads/airflow/py_env/lib/python3.9/site-packages/airflow/example_dags/example_kubernetes_executor.py
[2023-03-20T18:50:40.931-0400] {logging_mixin.py:137} INFO - [2023-03-20T18:50:40.930-0400] {dag.py:2690} INFO - Sync 1 DAGs
[2023-03-20T18:50:40.937-0400] {logging_mixin.py:137} INFO - [2023-03-20T18:50:40.937-0400] {dag.py:3437} INFO - Setting next_dagrun for example_kubernetes_executor to None, run_after=None
[2023-03-20T18:50:40.944-0400] {processor.py:175} INFO - Processing /Users/sunanda/Downloads/airflow/py_env/lib/python3.9/site-packages/airflow/example_dags/example_kubernetes_executor.py took 0.222 seconds
