[2023-03-20T00:23:34.414-0400] {processor.py:153} INFO - Started process (PID=59769) to work on /Users/sunanda/Downloads/python-demo/venv/lib/python3.9/site-packages/airflow/example_dags/tutorial_taskflow_api.py
[2023-03-20T00:23:34.416-0400] {processor.py:743} INFO - Processing file /Users/sunanda/Downloads/python-demo/venv/lib/python3.9/site-packages/airflow/example_dags/tutorial_taskflow_api.py for tasks to queue
[2023-03-20T00:23:34.417-0400] {logging_mixin.py:137} INFO - [2023-03-20T00:23:34.417-0400] {dagbag.py:532} INFO - Filling up the DagBag from /Users/sunanda/Downloads/python-demo/venv/lib/python3.9/site-packages/airflow/example_dags/tutorial_taskflow_api.py
[2023-03-20T00:23:34.438-0400] {processor.py:753} INFO - DAG(s) dict_keys(['tutorial_taskflow_api']) retrieved from /Users/sunanda/Downloads/python-demo/venv/lib/python3.9/site-packages/airflow/example_dags/tutorial_taskflow_api.py
[2023-03-20T00:23:34.732-0400] {logging_mixin.py:137} INFO - [2023-03-20T00:23:34.732-0400] {dag.py:2693} INFO - Sync 1 DAGs
[2023-03-20T00:23:34.738-0400] {logging_mixin.py:137} INFO - [2023-03-20T00:23:34.738-0400] {dag.py:3440} INFO - Setting next_dagrun for tutorial_taskflow_api to None, run_after=None
[2023-03-20T00:23:34.747-0400] {processor.py:175} INFO - Processing /Users/sunanda/Downloads/python-demo/venv/lib/python3.9/site-packages/airflow/example_dags/tutorial_taskflow_api.py took 0.333 seconds
[2023-03-20T00:24:55.935-0400] {processor.py:153} INFO - Started process (PID=59897) to work on /Users/sunanda/Downloads/python-demo/venv/lib/python3.9/site-packages/airflow/example_dags/tutorial_taskflow_api.py
[2023-03-20T00:24:55.938-0400] {processor.py:743} INFO - Processing file /Users/sunanda/Downloads/python-demo/venv/lib/python3.9/site-packages/airflow/example_dags/tutorial_taskflow_api.py for tasks to queue
[2023-03-20T00:24:55.938-0400] {logging_mixin.py:137} INFO - [2023-03-20T00:24:55.938-0400] {dagbag.py:532} INFO - Filling up the DagBag from /Users/sunanda/Downloads/python-demo/venv/lib/python3.9/site-packages/airflow/example_dags/tutorial_taskflow_api.py
[2023-03-20T00:24:55.957-0400] {processor.py:753} INFO - DAG(s) dict_keys(['tutorial_taskflow_api']) retrieved from /Users/sunanda/Downloads/python-demo/venv/lib/python3.9/site-packages/airflow/example_dags/tutorial_taskflow_api.py
[2023-03-20T00:24:56.237-0400] {logging_mixin.py:137} INFO - [2023-03-20T00:24:56.237-0400] {dag.py:2693} INFO - Sync 1 DAGs
[2023-03-20T00:24:56.244-0400] {logging_mixin.py:137} INFO - [2023-03-20T00:24:56.244-0400] {dag.py:3440} INFO - Setting next_dagrun for tutorial_taskflow_api to None, run_after=None
[2023-03-20T00:24:56.250-0400] {processor.py:175} INFO - Processing /Users/sunanda/Downloads/python-demo/venv/lib/python3.9/site-packages/airflow/example_dags/tutorial_taskflow_api.py took 0.316 seconds
[2023-03-20T00:25:47.854-0400] {processor.py:153} INFO - Started process (PID=59987) to work on /Users/sunanda/Downloads/python-demo/venv/lib/python3.9/site-packages/airflow/example_dags/tutorial_taskflow_api.py
[2023-03-20T00:25:47.857-0400] {processor.py:743} INFO - Processing file /Users/sunanda/Downloads/python-demo/venv/lib/python3.9/site-packages/airflow/example_dags/tutorial_taskflow_api.py for tasks to queue
[2023-03-20T00:25:47.858-0400] {logging_mixin.py:137} INFO - [2023-03-20T00:25:47.858-0400] {dagbag.py:532} INFO - Filling up the DagBag from /Users/sunanda/Downloads/python-demo/venv/lib/python3.9/site-packages/airflow/example_dags/tutorial_taskflow_api.py
[2023-03-20T00:25:47.877-0400] {processor.py:753} INFO - DAG(s) dict_keys(['tutorial_taskflow_api']) retrieved from /Users/sunanda/Downloads/python-demo/venv/lib/python3.9/site-packages/airflow/example_dags/tutorial_taskflow_api.py
[2023-03-20T00:25:48.143-0400] {logging_mixin.py:137} INFO - [2023-03-20T00:25:48.143-0400] {dag.py:2693} INFO - Sync 1 DAGs
[2023-03-20T00:25:48.150-0400] {logging_mixin.py:137} INFO - [2023-03-20T00:25:48.150-0400] {dag.py:3440} INFO - Setting next_dagrun for tutorial_taskflow_api to None, run_after=None
[2023-03-20T00:25:48.156-0400] {processor.py:175} INFO - Processing /Users/sunanda/Downloads/python-demo/venv/lib/python3.9/site-packages/airflow/example_dags/tutorial_taskflow_api.py took 0.302 seconds
[2023-03-20T00:26:36.921-0400] {processor.py:153} INFO - Started process (PID=60062) to work on /Users/sunanda/Downloads/python-demo/venv/lib/python3.9/site-packages/airflow/example_dags/tutorial_taskflow_api.py
[2023-03-20T00:26:36.923-0400] {processor.py:743} INFO - Processing file /Users/sunanda/Downloads/python-demo/venv/lib/python3.9/site-packages/airflow/example_dags/tutorial_taskflow_api.py for tasks to queue
[2023-03-20T00:26:36.924-0400] {logging_mixin.py:137} INFO - [2023-03-20T00:26:36.923-0400] {dagbag.py:532} INFO - Filling up the DagBag from /Users/sunanda/Downloads/python-demo/venv/lib/python3.9/site-packages/airflow/example_dags/tutorial_taskflow_api.py
[2023-03-20T00:26:36.944-0400] {processor.py:753} INFO - DAG(s) dict_keys(['tutorial_taskflow_api']) retrieved from /Users/sunanda/Downloads/python-demo/venv/lib/python3.9/site-packages/airflow/example_dags/tutorial_taskflow_api.py
[2023-03-20T00:26:37.245-0400] {logging_mixin.py:137} INFO - [2023-03-20T00:26:37.245-0400] {dag.py:2693} INFO - Sync 1 DAGs
[2023-03-20T00:26:37.252-0400] {logging_mixin.py:137} INFO - [2023-03-20T00:26:37.252-0400] {dag.py:3440} INFO - Setting next_dagrun for tutorial_taskflow_api to None, run_after=None
[2023-03-20T00:26:37.261-0400] {processor.py:175} INFO - Processing /Users/sunanda/Downloads/python-demo/venv/lib/python3.9/site-packages/airflow/example_dags/tutorial_taskflow_api.py took 0.340 seconds
[2023-03-20T08:53:54.829-0400] {processor.py:153} INFO - Started process (PID=5835) to work on /Users/sunanda/Downloads/airflow/py_env/lib/python3.9/site-packages/airflow/example_dags/tutorial_taskflow_api.py
[2023-03-20T08:53:54.832-0400] {processor.py:743} INFO - Processing file /Users/sunanda/Downloads/airflow/py_env/lib/python3.9/site-packages/airflow/example_dags/tutorial_taskflow_api.py for tasks to queue
[2023-03-20T08:53:54.832-0400] {logging_mixin.py:137} INFO - [2023-03-20T08:53:54.832-0400] {dagbag.py:538} INFO - Filling up the DagBag from /Users/sunanda/Downloads/airflow/py_env/lib/python3.9/site-packages/airflow/example_dags/tutorial_taskflow_api.py
[2023-03-20T08:53:54.850-0400] {processor.py:753} INFO - DAG(s) dict_keys(['tutorial_taskflow_api']) retrieved from /Users/sunanda/Downloads/airflow/py_env/lib/python3.9/site-packages/airflow/example_dags/tutorial_taskflow_api.py
[2023-03-20T08:53:55.041-0400] {logging_mixin.py:137} INFO - [2023-03-20T08:53:55.041-0400] {dag.py:2690} INFO - Sync 1 DAGs
[2023-03-20T08:53:55.048-0400] {logging_mixin.py:137} INFO - [2023-03-20T08:53:55.048-0400] {dag.py:3437} INFO - Setting next_dagrun for tutorial_taskflow_api to None, run_after=None
[2023-03-20T08:53:55.055-0400] {processor.py:175} INFO - Processing /Users/sunanda/Downloads/airflow/py_env/lib/python3.9/site-packages/airflow/example_dags/tutorial_taskflow_api.py took 0.227 seconds
[2023-03-20T08:55:09.751-0400] {processor.py:153} INFO - Started process (PID=5947) to work on /Users/sunanda/Downloads/airflow/py_env/lib/python3.9/site-packages/airflow/example_dags/tutorial_taskflow_api.py
[2023-03-20T08:55:09.754-0400] {processor.py:743} INFO - Processing file /Users/sunanda/Downloads/airflow/py_env/lib/python3.9/site-packages/airflow/example_dags/tutorial_taskflow_api.py for tasks to queue
[2023-03-20T08:55:09.754-0400] {logging_mixin.py:137} INFO - [2023-03-20T08:55:09.754-0400] {dagbag.py:538} INFO - Filling up the DagBag from /Users/sunanda/Downloads/airflow/py_env/lib/python3.9/site-packages/airflow/example_dags/tutorial_taskflow_api.py
[2023-03-20T08:55:09.772-0400] {processor.py:753} INFO - DAG(s) dict_keys(['tutorial_taskflow_api']) retrieved from /Users/sunanda/Downloads/airflow/py_env/lib/python3.9/site-packages/airflow/example_dags/tutorial_taskflow_api.py
[2023-03-20T08:55:09.956-0400] {logging_mixin.py:137} INFO - [2023-03-20T08:55:09.956-0400] {dag.py:2690} INFO - Sync 1 DAGs
[2023-03-20T08:55:09.962-0400] {logging_mixin.py:137} INFO - [2023-03-20T08:55:09.962-0400] {dag.py:3437} INFO - Setting next_dagrun for tutorial_taskflow_api to None, run_after=None
[2023-03-20T08:55:09.969-0400] {processor.py:175} INFO - Processing /Users/sunanda/Downloads/airflow/py_env/lib/python3.9/site-packages/airflow/example_dags/tutorial_taskflow_api.py took 0.219 seconds
[2023-03-20T18:50:00.139-0400] {processor.py:153} INFO - Started process (PID=1131) to work on /Users/sunanda/Downloads/airflow/py_env/lib/python3.9/site-packages/airflow/example_dags/tutorial_taskflow_api.py
[2023-03-20T18:50:00.141-0400] {processor.py:743} INFO - Processing file /Users/sunanda/Downloads/airflow/py_env/lib/python3.9/site-packages/airflow/example_dags/tutorial_taskflow_api.py for tasks to queue
[2023-03-20T18:50:00.141-0400] {logging_mixin.py:137} INFO - [2023-03-20T18:50:00.141-0400] {dagbag.py:538} INFO - Filling up the DagBag from /Users/sunanda/Downloads/airflow/py_env/lib/python3.9/site-packages/airflow/example_dags/tutorial_taskflow_api.py
[2023-03-20T18:50:00.160-0400] {processor.py:753} INFO - DAG(s) dict_keys(['tutorial_taskflow_api']) retrieved from /Users/sunanda/Downloads/airflow/py_env/lib/python3.9/site-packages/airflow/example_dags/tutorial_taskflow_api.py
[2023-03-20T18:50:00.342-0400] {logging_mixin.py:137} INFO - [2023-03-20T18:50:00.342-0400] {dag.py:2690} INFO - Sync 1 DAGs
[2023-03-20T18:50:00.349-0400] {logging_mixin.py:137} INFO - [2023-03-20T18:50:00.349-0400] {dag.py:3437} INFO - Setting next_dagrun for tutorial_taskflow_api to None, run_after=None
[2023-03-20T18:50:00.356-0400] {processor.py:175} INFO - Processing /Users/sunanda/Downloads/airflow/py_env/lib/python3.9/site-packages/airflow/example_dags/tutorial_taskflow_api.py took 0.217 seconds
[2023-03-20T18:51:10.256-0400] {processor.py:153} INFO - Started process (PID=1268) to work on /Users/sunanda/Downloads/airflow/py_env/lib/python3.9/site-packages/airflow/example_dags/tutorial_taskflow_api.py
[2023-03-20T18:51:10.258-0400] {processor.py:743} INFO - Processing file /Users/sunanda/Downloads/airflow/py_env/lib/python3.9/site-packages/airflow/example_dags/tutorial_taskflow_api.py for tasks to queue
[2023-03-20T18:51:10.258-0400] {logging_mixin.py:137} INFO - [2023-03-20T18:51:10.258-0400] {dagbag.py:538} INFO - Filling up the DagBag from /Users/sunanda/Downloads/airflow/py_env/lib/python3.9/site-packages/airflow/example_dags/tutorial_taskflow_api.py
[2023-03-20T18:51:10.276-0400] {processor.py:753} INFO - DAG(s) dict_keys(['tutorial_taskflow_api']) retrieved from /Users/sunanda/Downloads/airflow/py_env/lib/python3.9/site-packages/airflow/example_dags/tutorial_taskflow_api.py
[2023-03-20T18:51:10.459-0400] {logging_mixin.py:137} INFO - [2023-03-20T18:51:10.458-0400] {dag.py:2690} INFO - Sync 1 DAGs
[2023-03-20T18:51:10.465-0400] {logging_mixin.py:137} INFO - [2023-03-20T18:51:10.465-0400] {dag.py:3437} INFO - Setting next_dagrun for tutorial_taskflow_api to None, run_after=None
[2023-03-20T18:51:10.472-0400] {processor.py:175} INFO - Processing /Users/sunanda/Downloads/airflow/py_env/lib/python3.9/site-packages/airflow/example_dags/tutorial_taskflow_api.py took 0.217 seconds
[2023-03-20T18:51:51.165-0400] {processor.py:153} INFO - Started process (PID=1333) to work on /Users/sunanda/Downloads/airflow/py_env/lib/python3.9/site-packages/airflow/example_dags/tutorial_taskflow_api.py
[2023-03-20T18:51:51.167-0400] {processor.py:743} INFO - Processing file /Users/sunanda/Downloads/airflow/py_env/lib/python3.9/site-packages/airflow/example_dags/tutorial_taskflow_api.py for tasks to queue
[2023-03-20T18:51:51.167-0400] {logging_mixin.py:137} INFO - [2023-03-20T18:51:51.167-0400] {dagbag.py:538} INFO - Filling up the DagBag from /Users/sunanda/Downloads/airflow/py_env/lib/python3.9/site-packages/airflow/example_dags/tutorial_taskflow_api.py
[2023-03-20T18:51:51.185-0400] {processor.py:753} INFO - DAG(s) dict_keys(['tutorial_taskflow_api']) retrieved from /Users/sunanda/Downloads/airflow/py_env/lib/python3.9/site-packages/airflow/example_dags/tutorial_taskflow_api.py
[2023-03-20T18:51:51.380-0400] {logging_mixin.py:137} INFO - [2023-03-20T18:51:51.380-0400] {dag.py:2690} INFO - Sync 1 DAGs
[2023-03-20T18:51:51.386-0400] {logging_mixin.py:137} INFO - [2023-03-20T18:51:51.386-0400] {dag.py:3437} INFO - Setting next_dagrun for tutorial_taskflow_api to None, run_after=None
[2023-03-20T18:51:51.393-0400] {processor.py:175} INFO - Processing /Users/sunanda/Downloads/airflow/py_env/lib/python3.9/site-packages/airflow/example_dags/tutorial_taskflow_api.py took 0.229 seconds
