[2023-03-20T00:23:35.463-0400] {processor.py:153} INFO - Started process (PID=59771) to work on /Users/sunanda/Downloads/python-demo/venv/lib/python3.9/site-packages/airflow/example_dags/tutorial_dag.py
[2023-03-20T00:23:35.465-0400] {processor.py:743} INFO - Processing file /Users/sunanda/Downloads/python-demo/venv/lib/python3.9/site-packages/airflow/example_dags/tutorial_dag.py for tasks to queue
[2023-03-20T00:23:35.466-0400] {logging_mixin.py:137} INFO - [2023-03-20T00:23:35.466-0400] {dagbag.py:532} INFO - Filling up the DagBag from /Users/sunanda/Downloads/python-demo/venv/lib/python3.9/site-packages/airflow/example_dags/tutorial_dag.py
[2023-03-20T00:23:35.485-0400] {processor.py:753} INFO - DAG(s) dict_keys(['tutorial_dag']) retrieved from /Users/sunanda/Downloads/python-demo/venv/lib/python3.9/site-packages/airflow/example_dags/tutorial_dag.py
[2023-03-20T00:23:35.828-0400] {logging_mixin.py:137} INFO - [2023-03-20T00:23:35.828-0400] {dag.py:2693} INFO - Sync 1 DAGs
[2023-03-20T00:23:35.835-0400] {logging_mixin.py:137} INFO - [2023-03-20T00:23:35.835-0400] {dag.py:3440} INFO - Setting next_dagrun for tutorial_dag to None, run_after=None
[2023-03-20T00:23:35.843-0400] {processor.py:175} INFO - Processing /Users/sunanda/Downloads/python-demo/venv/lib/python3.9/site-packages/airflow/example_dags/tutorial_dag.py took 0.380 seconds
[2023-03-20T00:24:57.171-0400] {processor.py:153} INFO - Started process (PID=59899) to work on /Users/sunanda/Downloads/python-demo/venv/lib/python3.9/site-packages/airflow/example_dags/tutorial_dag.py
[2023-03-20T00:24:57.173-0400] {processor.py:743} INFO - Processing file /Users/sunanda/Downloads/python-demo/venv/lib/python3.9/site-packages/airflow/example_dags/tutorial_dag.py for tasks to queue
[2023-03-20T00:24:57.174-0400] {logging_mixin.py:137} INFO - [2023-03-20T00:24:57.174-0400] {dagbag.py:532} INFO - Filling up the DagBag from /Users/sunanda/Downloads/python-demo/venv/lib/python3.9/site-packages/airflow/example_dags/tutorial_dag.py
[2023-03-20T00:24:57.189-0400] {processor.py:753} INFO - DAG(s) dict_keys(['tutorial_dag']) retrieved from /Users/sunanda/Downloads/python-demo/venv/lib/python3.9/site-packages/airflow/example_dags/tutorial_dag.py
[2023-03-20T00:24:57.465-0400] {logging_mixin.py:137} INFO - [2023-03-20T00:24:57.465-0400] {dag.py:2693} INFO - Sync 1 DAGs
[2023-03-20T00:24:57.471-0400] {logging_mixin.py:137} INFO - [2023-03-20T00:24:57.471-0400] {dag.py:3440} INFO - Setting next_dagrun for tutorial_dag to None, run_after=None
[2023-03-20T00:24:57.478-0400] {processor.py:175} INFO - Processing /Users/sunanda/Downloads/python-demo/venv/lib/python3.9/site-packages/airflow/example_dags/tutorial_dag.py took 0.307 seconds
[2023-03-20T00:25:49.804-0400] {processor.py:153} INFO - Started process (PID=59989) to work on /Users/sunanda/Downloads/python-demo/venv/lib/python3.9/site-packages/airflow/example_dags/tutorial_dag.py
[2023-03-20T00:25:49.807-0400] {processor.py:743} INFO - Processing file /Users/sunanda/Downloads/python-demo/venv/lib/python3.9/site-packages/airflow/example_dags/tutorial_dag.py for tasks to queue
[2023-03-20T00:25:49.807-0400] {logging_mixin.py:137} INFO - [2023-03-20T00:25:49.807-0400] {dagbag.py:532} INFO - Filling up the DagBag from /Users/sunanda/Downloads/python-demo/venv/lib/python3.9/site-packages/airflow/example_dags/tutorial_dag.py
[2023-03-20T00:25:49.821-0400] {processor.py:753} INFO - DAG(s) dict_keys(['tutorial_dag']) retrieved from /Users/sunanda/Downloads/python-demo/venv/lib/python3.9/site-packages/airflow/example_dags/tutorial_dag.py
[2023-03-20T00:25:50.096-0400] {logging_mixin.py:137} INFO - [2023-03-20T00:25:50.096-0400] {dag.py:2693} INFO - Sync 1 DAGs
[2023-03-20T00:25:50.102-0400] {logging_mixin.py:137} INFO - [2023-03-20T00:25:50.102-0400] {dag.py:3440} INFO - Setting next_dagrun for tutorial_dag to None, run_after=None
[2023-03-20T00:25:50.110-0400] {processor.py:175} INFO - Processing /Users/sunanda/Downloads/python-demo/venv/lib/python3.9/site-packages/airflow/example_dags/tutorial_dag.py took 0.306 seconds
[2023-03-20T00:26:38.942-0400] {processor.py:153} INFO - Started process (PID=60064) to work on /Users/sunanda/Downloads/python-demo/venv/lib/python3.9/site-packages/airflow/example_dags/tutorial_dag.py
[2023-03-20T00:26:38.945-0400] {processor.py:743} INFO - Processing file /Users/sunanda/Downloads/python-demo/venv/lib/python3.9/site-packages/airflow/example_dags/tutorial_dag.py for tasks to queue
[2023-03-20T00:26:38.945-0400] {logging_mixin.py:137} INFO - [2023-03-20T00:26:38.945-0400] {dagbag.py:532} INFO - Filling up the DagBag from /Users/sunanda/Downloads/python-demo/venv/lib/python3.9/site-packages/airflow/example_dags/tutorial_dag.py
[2023-03-20T00:26:38.960-0400] {processor.py:753} INFO - DAG(s) dict_keys(['tutorial_dag']) retrieved from /Users/sunanda/Downloads/python-demo/venv/lib/python3.9/site-packages/airflow/example_dags/tutorial_dag.py
[2023-03-20T00:26:39.235-0400] {logging_mixin.py:137} INFO - [2023-03-20T00:26:39.235-0400] {dag.py:2693} INFO - Sync 1 DAGs
[2023-03-20T00:26:39.241-0400] {logging_mixin.py:137} INFO - [2023-03-20T00:26:39.241-0400] {dag.py:3440} INFO - Setting next_dagrun for tutorial_dag to None, run_after=None
[2023-03-20T00:26:39.248-0400] {processor.py:175} INFO - Processing /Users/sunanda/Downloads/python-demo/venv/lib/python3.9/site-packages/airflow/example_dags/tutorial_dag.py took 0.306 seconds
[2023-03-20T08:53:56.768-0400] {processor.py:153} INFO - Started process (PID=5838) to work on /Users/sunanda/Downloads/airflow/py_env/lib/python3.9/site-packages/airflow/example_dags/tutorial_dag.py
[2023-03-20T08:53:56.771-0400] {processor.py:743} INFO - Processing file /Users/sunanda/Downloads/airflow/py_env/lib/python3.9/site-packages/airflow/example_dags/tutorial_dag.py for tasks to queue
[2023-03-20T08:53:56.772-0400] {logging_mixin.py:137} INFO - [2023-03-20T08:53:56.772-0400] {dagbag.py:538} INFO - Filling up the DagBag from /Users/sunanda/Downloads/airflow/py_env/lib/python3.9/site-packages/airflow/example_dags/tutorial_dag.py
[2023-03-20T08:53:56.785-0400] {processor.py:753} INFO - DAG(s) dict_keys(['tutorial_dag']) retrieved from /Users/sunanda/Downloads/airflow/py_env/lib/python3.9/site-packages/airflow/example_dags/tutorial_dag.py
[2023-03-20T08:53:56.977-0400] {logging_mixin.py:137} INFO - [2023-03-20T08:53:56.977-0400] {dag.py:2690} INFO - Sync 1 DAGs
[2023-03-20T08:53:56.984-0400] {logging_mixin.py:137} INFO - [2023-03-20T08:53:56.984-0400] {dag.py:3437} INFO - Setting next_dagrun for tutorial_dag to None, run_after=None
[2023-03-20T08:53:56.992-0400] {processor.py:175} INFO - Processing /Users/sunanda/Downloads/airflow/py_env/lib/python3.9/site-packages/airflow/example_dags/tutorial_dag.py took 0.224 seconds
[2023-03-20T08:55:11.276-0400] {processor.py:153} INFO - Started process (PID=5949) to work on /Users/sunanda/Downloads/airflow/py_env/lib/python3.9/site-packages/airflow/example_dags/tutorial_dag.py
[2023-03-20T08:55:11.279-0400] {processor.py:743} INFO - Processing file /Users/sunanda/Downloads/airflow/py_env/lib/python3.9/site-packages/airflow/example_dags/tutorial_dag.py for tasks to queue
[2023-03-20T08:55:11.279-0400] {logging_mixin.py:137} INFO - [2023-03-20T08:55:11.279-0400] {dagbag.py:538} INFO - Filling up the DagBag from /Users/sunanda/Downloads/airflow/py_env/lib/python3.9/site-packages/airflow/example_dags/tutorial_dag.py
[2023-03-20T08:55:11.294-0400] {processor.py:753} INFO - DAG(s) dict_keys(['tutorial_dag']) retrieved from /Users/sunanda/Downloads/airflow/py_env/lib/python3.9/site-packages/airflow/example_dags/tutorial_dag.py
[2023-03-20T08:55:11.483-0400] {logging_mixin.py:137} INFO - [2023-03-20T08:55:11.483-0400] {dag.py:2690} INFO - Sync 1 DAGs
[2023-03-20T08:55:11.490-0400] {logging_mixin.py:137} INFO - [2023-03-20T08:55:11.489-0400] {dag.py:3437} INFO - Setting next_dagrun for tutorial_dag to None, run_after=None
[2023-03-20T08:55:11.496-0400] {processor.py:175} INFO - Processing /Users/sunanda/Downloads/airflow/py_env/lib/python3.9/site-packages/airflow/example_dags/tutorial_dag.py took 0.221 seconds
[2023-03-20T18:50:01.967-0400] {processor.py:153} INFO - Started process (PID=1134) to work on /Users/sunanda/Downloads/airflow/py_env/lib/python3.9/site-packages/airflow/example_dags/tutorial_dag.py
[2023-03-20T18:50:01.970-0400] {processor.py:743} INFO - Processing file /Users/sunanda/Downloads/airflow/py_env/lib/python3.9/site-packages/airflow/example_dags/tutorial_dag.py for tasks to queue
[2023-03-20T18:50:01.970-0400] {logging_mixin.py:137} INFO - [2023-03-20T18:50:01.970-0400] {dagbag.py:538} INFO - Filling up the DagBag from /Users/sunanda/Downloads/airflow/py_env/lib/python3.9/site-packages/airflow/example_dags/tutorial_dag.py
[2023-03-20T18:50:01.984-0400] {processor.py:753} INFO - DAG(s) dict_keys(['tutorial_dag']) retrieved from /Users/sunanda/Downloads/airflow/py_env/lib/python3.9/site-packages/airflow/example_dags/tutorial_dag.py
[2023-03-20T18:50:02.184-0400] {logging_mixin.py:137} INFO - [2023-03-20T18:50:02.184-0400] {dag.py:2690} INFO - Sync 1 DAGs
[2023-03-20T18:50:02.190-0400] {logging_mixin.py:137} INFO - [2023-03-20T18:50:02.190-0400] {dag.py:3437} INFO - Setting next_dagrun for tutorial_dag to None, run_after=None
[2023-03-20T18:50:02.197-0400] {processor.py:175} INFO - Processing /Users/sunanda/Downloads/airflow/py_env/lib/python3.9/site-packages/airflow/example_dags/tutorial_dag.py took 0.230 seconds
[2023-03-20T18:51:12.078-0400] {processor.py:153} INFO - Started process (PID=1270) to work on /Users/sunanda/Downloads/airflow/py_env/lib/python3.9/site-packages/airflow/example_dags/tutorial_dag.py
[2023-03-20T18:51:12.080-0400] {processor.py:743} INFO - Processing file /Users/sunanda/Downloads/airflow/py_env/lib/python3.9/site-packages/airflow/example_dags/tutorial_dag.py for tasks to queue
[2023-03-20T18:51:12.081-0400] {logging_mixin.py:137} INFO - [2023-03-20T18:51:12.081-0400] {dagbag.py:538} INFO - Filling up the DagBag from /Users/sunanda/Downloads/airflow/py_env/lib/python3.9/site-packages/airflow/example_dags/tutorial_dag.py
[2023-03-20T18:51:12.094-0400] {processor.py:753} INFO - DAG(s) dict_keys(['tutorial_dag']) retrieved from /Users/sunanda/Downloads/airflow/py_env/lib/python3.9/site-packages/airflow/example_dags/tutorial_dag.py
[2023-03-20T18:51:12.277-0400] {logging_mixin.py:137} INFO - [2023-03-20T18:51:12.277-0400] {dag.py:2690} INFO - Sync 1 DAGs
[2023-03-20T18:51:12.283-0400] {logging_mixin.py:137} INFO - [2023-03-20T18:51:12.283-0400] {dag.py:3437} INFO - Setting next_dagrun for tutorial_dag to None, run_after=None
[2023-03-20T18:51:12.290-0400] {processor.py:175} INFO - Processing /Users/sunanda/Downloads/airflow/py_env/lib/python3.9/site-packages/airflow/example_dags/tutorial_dag.py took 0.212 seconds
[2023-03-20T18:51:52.530-0400] {processor.py:153} INFO - Started process (PID=1335) to work on /Users/sunanda/Downloads/airflow/py_env/lib/python3.9/site-packages/airflow/example_dags/tutorial_dag.py
[2023-03-20T18:51:52.532-0400] {processor.py:743} INFO - Processing file /Users/sunanda/Downloads/airflow/py_env/lib/python3.9/site-packages/airflow/example_dags/tutorial_dag.py for tasks to queue
[2023-03-20T18:51:52.532-0400] {logging_mixin.py:137} INFO - [2023-03-20T18:51:52.532-0400] {dagbag.py:538} INFO - Filling up the DagBag from /Users/sunanda/Downloads/airflow/py_env/lib/python3.9/site-packages/airflow/example_dags/tutorial_dag.py
[2023-03-20T18:51:52.546-0400] {processor.py:753} INFO - DAG(s) dict_keys(['tutorial_dag']) retrieved from /Users/sunanda/Downloads/airflow/py_env/lib/python3.9/site-packages/airflow/example_dags/tutorial_dag.py
[2023-03-20T18:51:52.728-0400] {logging_mixin.py:137} INFO - [2023-03-20T18:51:52.728-0400] {dag.py:2690} INFO - Sync 1 DAGs
[2023-03-20T18:51:52.734-0400] {logging_mixin.py:137} INFO - [2023-03-20T18:51:52.734-0400] {dag.py:3437} INFO - Setting next_dagrun for tutorial_dag to None, run_after=None
[2023-03-20T18:51:52.741-0400] {processor.py:175} INFO - Processing /Users/sunanda/Downloads/airflow/py_env/lib/python3.9/site-packages/airflow/example_dags/tutorial_dag.py took 0.211 seconds
