[2023-03-20T00:23:37.506-0400] {processor.py:153} INFO - Started process (PID=59775) to work on /Users/sunanda/Downloads/python-demo/venv/lib/python3.9/site-packages/airflow/example_dags/tutorial.py
[2023-03-20T00:23:37.508-0400] {processor.py:743} INFO - Processing file /Users/sunanda/Downloads/python-demo/venv/lib/python3.9/site-packages/airflow/example_dags/tutorial.py for tasks to queue
[2023-03-20T00:23:37.508-0400] {logging_mixin.py:137} INFO - [2023-03-20T00:23:37.508-0400] {dagbag.py:532} INFO - Filling up the DagBag from /Users/sunanda/Downloads/python-demo/venv/lib/python3.9/site-packages/airflow/example_dags/tutorial.py
[2023-03-20T00:23:37.523-0400] {processor.py:753} INFO - DAG(s) dict_keys(['tutorial']) retrieved from /Users/sunanda/Downloads/python-demo/venv/lib/python3.9/site-packages/airflow/example_dags/tutorial.py
[2023-03-20T00:23:37.842-0400] {logging_mixin.py:137} INFO - [2023-03-20T00:23:37.842-0400] {dag.py:2693} INFO - Sync 1 DAGs
[2023-03-20T00:23:37.849-0400] {logging_mixin.py:137} INFO - [2023-03-20T00:23:37.848-0400] {dag.py:3440} INFO - Setting next_dagrun for tutorial to 2023-03-19T04:23:37.848926+00:00, run_after=2023-03-20T04:23:37.848926+00:00
[2023-03-20T00:23:37.858-0400] {processor.py:175} INFO - Processing /Users/sunanda/Downloads/python-demo/venv/lib/python3.9/site-packages/airflow/example_dags/tutorial.py took 0.353 seconds
[2023-03-20T00:24:59.160-0400] {processor.py:153} INFO - Started process (PID=59902) to work on /Users/sunanda/Downloads/python-demo/venv/lib/python3.9/site-packages/airflow/example_dags/tutorial.py
[2023-03-20T00:24:59.163-0400] {processor.py:743} INFO - Processing file /Users/sunanda/Downloads/python-demo/venv/lib/python3.9/site-packages/airflow/example_dags/tutorial.py for tasks to queue
[2023-03-20T00:24:59.164-0400] {logging_mixin.py:137} INFO - [2023-03-20T00:24:59.164-0400] {dagbag.py:532} INFO - Filling up the DagBag from /Users/sunanda/Downloads/python-demo/venv/lib/python3.9/site-packages/airflow/example_dags/tutorial.py
[2023-03-20T00:24:59.176-0400] {processor.py:753} INFO - DAG(s) dict_keys(['tutorial']) retrieved from /Users/sunanda/Downloads/python-demo/venv/lib/python3.9/site-packages/airflow/example_dags/tutorial.py
[2023-03-20T00:24:59.465-0400] {logging_mixin.py:137} INFO - [2023-03-20T00:24:59.465-0400] {dag.py:2693} INFO - Sync 1 DAGs
[2023-03-20T00:24:59.473-0400] {logging_mixin.py:137} INFO - [2023-03-20T00:24:59.473-0400] {dag.py:3440} INFO - Setting next_dagrun for tutorial to 2023-03-19T04:24:59.472944+00:00, run_after=2023-03-20T04:24:59.472944+00:00
[2023-03-20T00:24:59.480-0400] {processor.py:175} INFO - Processing /Users/sunanda/Downloads/python-demo/venv/lib/python3.9/site-packages/airflow/example_dags/tutorial.py took 0.320 seconds
[2023-03-20T00:25:51.131-0400] {processor.py:153} INFO - Started process (PID=59992) to work on /Users/sunanda/Downloads/python-demo/venv/lib/python3.9/site-packages/airflow/example_dags/tutorial.py
[2023-03-20T00:25:51.134-0400] {processor.py:743} INFO - Processing file /Users/sunanda/Downloads/python-demo/venv/lib/python3.9/site-packages/airflow/example_dags/tutorial.py for tasks to queue
[2023-03-20T00:25:51.134-0400] {logging_mixin.py:137} INFO - [2023-03-20T00:25:51.134-0400] {dagbag.py:532} INFO - Filling up the DagBag from /Users/sunanda/Downloads/python-demo/venv/lib/python3.9/site-packages/airflow/example_dags/tutorial.py
[2023-03-20T00:25:51.145-0400] {processor.py:753} INFO - DAG(s) dict_keys(['tutorial']) retrieved from /Users/sunanda/Downloads/python-demo/venv/lib/python3.9/site-packages/airflow/example_dags/tutorial.py
[2023-03-20T00:25:51.427-0400] {logging_mixin.py:137} INFO - [2023-03-20T00:25:51.427-0400] {dag.py:2693} INFO - Sync 1 DAGs
[2023-03-20T00:25:51.434-0400] {logging_mixin.py:137} INFO - [2023-03-20T00:25:51.434-0400] {dag.py:3440} INFO - Setting next_dagrun for tutorial to 2023-03-19T04:25:51.434549+00:00, run_after=2023-03-20T04:25:51.434549+00:00
[2023-03-20T00:25:51.442-0400] {processor.py:175} INFO - Processing /Users/sunanda/Downloads/python-demo/venv/lib/python3.9/site-packages/airflow/example_dags/tutorial.py took 0.311 seconds
[2023-03-20T00:26:40.881-0400] {processor.py:153} INFO - Started process (PID=60067) to work on /Users/sunanda/Downloads/python-demo/venv/lib/python3.9/site-packages/airflow/example_dags/tutorial.py
[2023-03-20T00:26:40.884-0400] {processor.py:743} INFO - Processing file /Users/sunanda/Downloads/python-demo/venv/lib/python3.9/site-packages/airflow/example_dags/tutorial.py for tasks to queue
[2023-03-20T00:26:40.884-0400] {logging_mixin.py:137} INFO - [2023-03-20T00:26:40.884-0400] {dagbag.py:532} INFO - Filling up the DagBag from /Users/sunanda/Downloads/python-demo/venv/lib/python3.9/site-packages/airflow/example_dags/tutorial.py
[2023-03-20T00:26:40.894-0400] {processor.py:753} INFO - DAG(s) dict_keys(['tutorial']) retrieved from /Users/sunanda/Downloads/python-demo/venv/lib/python3.9/site-packages/airflow/example_dags/tutorial.py
[2023-03-20T00:26:41.161-0400] {logging_mixin.py:137} INFO - [2023-03-20T00:26:41.161-0400] {dag.py:2693} INFO - Sync 1 DAGs
[2023-03-20T00:26:41.167-0400] {logging_mixin.py:137} INFO - [2023-03-20T00:26:41.167-0400] {dag.py:3440} INFO - Setting next_dagrun for tutorial to 2023-03-19T04:26:41.167736+00:00, run_after=2023-03-20T04:26:41.167736+00:00
[2023-03-20T00:26:41.175-0400] {processor.py:175} INFO - Processing /Users/sunanda/Downloads/python-demo/venv/lib/python3.9/site-packages/airflow/example_dags/tutorial.py took 0.294 seconds
[2023-03-20T08:53:58.663-0400] {processor.py:153} INFO - Started process (PID=5841) to work on /Users/sunanda/Downloads/airflow/py_env/lib/python3.9/site-packages/airflow/example_dags/tutorial.py
[2023-03-20T08:53:58.666-0400] {processor.py:743} INFO - Processing file /Users/sunanda/Downloads/airflow/py_env/lib/python3.9/site-packages/airflow/example_dags/tutorial.py for tasks to queue
[2023-03-20T08:53:58.666-0400] {logging_mixin.py:137} INFO - [2023-03-20T08:53:58.666-0400] {dagbag.py:538} INFO - Filling up the DagBag from /Users/sunanda/Downloads/airflow/py_env/lib/python3.9/site-packages/airflow/example_dags/tutorial.py
[2023-03-20T08:53:58.676-0400] {processor.py:753} INFO - DAG(s) dict_keys(['tutorial']) retrieved from /Users/sunanda/Downloads/airflow/py_env/lib/python3.9/site-packages/airflow/example_dags/tutorial.py
[2023-03-20T08:53:58.872-0400] {logging_mixin.py:137} INFO - [2023-03-20T08:53:58.872-0400] {dag.py:2690} INFO - Sync 1 DAGs
[2023-03-20T08:53:58.878-0400] {logging_mixin.py:137} INFO - [2023-03-20T08:53:58.878-0400] {dag.py:3437} INFO - Setting next_dagrun for tutorial to 2023-03-19T12:53:58.878701+00:00, run_after=2023-03-20T12:53:58.878701+00:00
[2023-03-20T08:53:58.886-0400] {processor.py:175} INFO - Processing /Users/sunanda/Downloads/airflow/py_env/lib/python3.9/site-packages/airflow/example_dags/tutorial.py took 0.224 seconds
[2023-03-20T08:55:13.154-0400] {processor.py:153} INFO - Started process (PID=5952) to work on /Users/sunanda/Downloads/airflow/py_env/lib/python3.9/site-packages/airflow/example_dags/tutorial.py
[2023-03-20T08:55:13.157-0400] {processor.py:743} INFO - Processing file /Users/sunanda/Downloads/airflow/py_env/lib/python3.9/site-packages/airflow/example_dags/tutorial.py for tasks to queue
[2023-03-20T08:55:13.158-0400] {logging_mixin.py:137} INFO - [2023-03-20T08:55:13.158-0400] {dagbag.py:538} INFO - Filling up the DagBag from /Users/sunanda/Downloads/airflow/py_env/lib/python3.9/site-packages/airflow/example_dags/tutorial.py
[2023-03-20T08:55:13.167-0400] {processor.py:753} INFO - DAG(s) dict_keys(['tutorial']) retrieved from /Users/sunanda/Downloads/airflow/py_env/lib/python3.9/site-packages/airflow/example_dags/tutorial.py
[2023-03-20T08:55:13.356-0400] {logging_mixin.py:137} INFO - [2023-03-20T08:55:13.356-0400] {dag.py:2690} INFO - Sync 1 DAGs
[2023-03-20T08:55:13.362-0400] {logging_mixin.py:137} INFO - [2023-03-20T08:55:13.362-0400] {dag.py:3437} INFO - Setting next_dagrun for tutorial to 2023-03-19T12:55:13.362490+00:00, run_after=2023-03-20T12:55:13.362490+00:00
[2023-03-20T08:55:13.369-0400] {processor.py:175} INFO - Processing /Users/sunanda/Downloads/airflow/py_env/lib/python3.9/site-packages/airflow/example_dags/tutorial.py took 0.215 seconds
[2023-03-20T18:50:03.822-0400] {processor.py:153} INFO - Started process (PID=1136) to work on /Users/sunanda/Downloads/airflow/py_env/lib/python3.9/site-packages/airflow/example_dags/tutorial.py
[2023-03-20T18:50:03.824-0400] {processor.py:743} INFO - Processing file /Users/sunanda/Downloads/airflow/py_env/lib/python3.9/site-packages/airflow/example_dags/tutorial.py for tasks to queue
[2023-03-20T18:50:03.824-0400] {logging_mixin.py:137} INFO - [2023-03-20T18:50:03.824-0400] {dagbag.py:538} INFO - Filling up the DagBag from /Users/sunanda/Downloads/airflow/py_env/lib/python3.9/site-packages/airflow/example_dags/tutorial.py
[2023-03-20T18:50:03.834-0400] {processor.py:753} INFO - DAG(s) dict_keys(['tutorial']) retrieved from /Users/sunanda/Downloads/airflow/py_env/lib/python3.9/site-packages/airflow/example_dags/tutorial.py
[2023-03-20T18:50:04.021-0400] {logging_mixin.py:137} INFO - [2023-03-20T18:50:04.021-0400] {dag.py:2690} INFO - Sync 1 DAGs
[2023-03-20T18:50:04.027-0400] {logging_mixin.py:137} INFO - [2023-03-20T18:50:04.027-0400] {dag.py:3437} INFO - Setting next_dagrun for tutorial to 2023-03-19T22:50:04.027663+00:00, run_after=2023-03-20T22:50:04.027663+00:00
[2023-03-20T18:50:04.034-0400] {processor.py:175} INFO - Processing /Users/sunanda/Downloads/airflow/py_env/lib/python3.9/site-packages/airflow/example_dags/tutorial.py took 0.212 seconds
[2023-03-20T18:51:13.889-0400] {processor.py:153} INFO - Started process (PID=1273) to work on /Users/sunanda/Downloads/airflow/py_env/lib/python3.9/site-packages/airflow/example_dags/tutorial.py
[2023-03-20T18:51:13.892-0400] {processor.py:743} INFO - Processing file /Users/sunanda/Downloads/airflow/py_env/lib/python3.9/site-packages/airflow/example_dags/tutorial.py for tasks to queue
[2023-03-20T18:51:13.892-0400] {logging_mixin.py:137} INFO - [2023-03-20T18:51:13.892-0400] {dagbag.py:538} INFO - Filling up the DagBag from /Users/sunanda/Downloads/airflow/py_env/lib/python3.9/site-packages/airflow/example_dags/tutorial.py
[2023-03-20T18:51:13.901-0400] {processor.py:753} INFO - DAG(s) dict_keys(['tutorial']) retrieved from /Users/sunanda/Downloads/airflow/py_env/lib/python3.9/site-packages/airflow/example_dags/tutorial.py
[2023-03-20T18:51:14.088-0400] {logging_mixin.py:137} INFO - [2023-03-20T18:51:14.088-0400] {dag.py:2690} INFO - Sync 1 DAGs
[2023-03-20T18:51:14.094-0400] {logging_mixin.py:137} INFO - [2023-03-20T18:51:14.094-0400] {dag.py:3437} INFO - Setting next_dagrun for tutorial to 2023-03-19T22:51:14.094409+00:00, run_after=2023-03-20T22:51:14.094409+00:00
[2023-03-20T18:51:14.101-0400] {processor.py:175} INFO - Processing /Users/sunanda/Downloads/airflow/py_env/lib/python3.9/site-packages/airflow/example_dags/tutorial.py took 0.212 seconds
