[2023-03-25T14:06:52.096-0400] {processor.py:153} INFO - Started process (PID=7834) to work on /Users/sunanda/Downloads/airflow/py_env/lib/python3.9/site-packages/airflow/example_dags/plugins/event_listener.py
[2023-03-25T14:06:52.098-0400] {processor.py:743} INFO - Processing file /Users/sunanda/Downloads/airflow/py_env/lib/python3.9/site-packages/airflow/example_dags/plugins/event_listener.py for tasks to queue
[2023-03-25T14:06:52.098-0400] {logging_mixin.py:137} INFO - [2023-03-25T14:06:52.098-0400] {dagbag.py:532} INFO - Filling up the DagBag from /Users/sunanda/Downloads/airflow/py_env/lib/python3.9/site-packages/airflow/example_dags/plugins/event_listener.py
[2023-03-25T14:06:52.103-0400] {processor.py:755} WARNING - No viable dags retrieved from /Users/sunanda/Downloads/airflow/py_env/lib/python3.9/site-packages/airflow/example_dags/plugins/event_listener.py
[2023-03-25T14:06:52.315-0400] {processor.py:175} INFO - Processing /Users/sunanda/Downloads/airflow/py_env/lib/python3.9/site-packages/airflow/example_dags/plugins/event_listener.py took 0.220 seconds
[2023-03-25T14:09:11.123-0400] {processor.py:153} INFO - Started process (PID=8053) to work on /Users/sunanda/Downloads/airflow/py_env/lib/python3.9/site-packages/airflow/example_dags/plugins/event_listener.py
[2023-03-25T14:09:11.126-0400] {processor.py:743} INFO - Processing file /Users/sunanda/Downloads/airflow/py_env/lib/python3.9/site-packages/airflow/example_dags/plugins/event_listener.py for tasks to queue
[2023-03-25T14:09:11.126-0400] {logging_mixin.py:137} INFO - [2023-03-25T14:09:11.126-0400] {dagbag.py:532} INFO - Filling up the DagBag from /Users/sunanda/Downloads/airflow/py_env/lib/python3.9/site-packages/airflow/example_dags/plugins/event_listener.py
[2023-03-25T14:09:11.131-0400] {processor.py:755} WARNING - No viable dags retrieved from /Users/sunanda/Downloads/airflow/py_env/lib/python3.9/site-packages/airflow/example_dags/plugins/event_listener.py
[2023-03-25T14:09:11.345-0400] {processor.py:175} INFO - Processing /Users/sunanda/Downloads/airflow/py_env/lib/python3.9/site-packages/airflow/example_dags/plugins/event_listener.py took 0.223 seconds
[2023-03-25T14:10:35.826-0400] {processor.py:153} INFO - Started process (PID=8187) to work on /Users/sunanda/Downloads/airflow/py_env/lib/python3.9/site-packages/airflow/example_dags/plugins/event_listener.py
[2023-03-25T14:10:35.828-0400] {processor.py:743} INFO - Processing file /Users/sunanda/Downloads/airflow/py_env/lib/python3.9/site-packages/airflow/example_dags/plugins/event_listener.py for tasks to queue
[2023-03-25T14:10:35.828-0400] {logging_mixin.py:137} INFO - [2023-03-25T14:10:35.828-0400] {dagbag.py:532} INFO - Filling up the DagBag from /Users/sunanda/Downloads/airflow/py_env/lib/python3.9/site-packages/airflow/example_dags/plugins/event_listener.py
[2023-03-25T14:10:35.833-0400] {processor.py:755} WARNING - No viable dags retrieved from /Users/sunanda/Downloads/airflow/py_env/lib/python3.9/site-packages/airflow/example_dags/plugins/event_listener.py
[2023-03-25T14:10:36.035-0400] {processor.py:175} INFO - Processing /Users/sunanda/Downloads/airflow/py_env/lib/python3.9/site-packages/airflow/example_dags/plugins/event_listener.py took 0.209 seconds
[2023-03-25T14:11:51.510-0400] {processor.py:153} INFO - Started process (PID=8317) to work on /Users/sunanda/Downloads/airflow/py_env/lib/python3.9/site-packages/airflow/example_dags/plugins/event_listener.py
[2023-03-25T14:11:51.513-0400] {processor.py:743} INFO - Processing file /Users/sunanda/Downloads/airflow/py_env/lib/python3.9/site-packages/airflow/example_dags/plugins/event_listener.py for tasks to queue
[2023-03-25T14:11:51.513-0400] {logging_mixin.py:137} INFO - [2023-03-25T14:11:51.513-0400] {dagbag.py:532} INFO - Filling up the DagBag from /Users/sunanda/Downloads/airflow/py_env/lib/python3.9/site-packages/airflow/example_dags/plugins/event_listener.py
[2023-03-25T14:11:51.518-0400] {processor.py:755} WARNING - No viable dags retrieved from /Users/sunanda/Downloads/airflow/py_env/lib/python3.9/site-packages/airflow/example_dags/plugins/event_listener.py
[2023-03-25T14:11:51.722-0400] {processor.py:175} INFO - Processing /Users/sunanda/Downloads/airflow/py_env/lib/python3.9/site-packages/airflow/example_dags/plugins/event_listener.py took 0.212 seconds
[2023-03-25T14:12:36.594-0400] {processor.py:153} INFO - Started process (PID=8406) to work on /Users/sunanda/Downloads/airflow/py_env/lib/python3.9/site-packages/airflow/example_dags/plugins/event_listener.py
[2023-03-25T14:12:36.597-0400] {processor.py:743} INFO - Processing file /Users/sunanda/Downloads/airflow/py_env/lib/python3.9/site-packages/airflow/example_dags/plugins/event_listener.py for tasks to queue
[2023-03-25T14:12:36.597-0400] {logging_mixin.py:137} INFO - [2023-03-25T14:12:36.597-0400] {dagbag.py:532} INFO - Filling up the DagBag from /Users/sunanda/Downloads/airflow/py_env/lib/python3.9/site-packages/airflow/example_dags/plugins/event_listener.py
[2023-03-25T14:12:36.602-0400] {processor.py:755} WARNING - No viable dags retrieved from /Users/sunanda/Downloads/airflow/py_env/lib/python3.9/site-packages/airflow/example_dags/plugins/event_listener.py
[2023-03-25T14:12:36.805-0400] {processor.py:175} INFO - Processing /Users/sunanda/Downloads/airflow/py_env/lib/python3.9/site-packages/airflow/example_dags/plugins/event_listener.py took 0.211 seconds
[2023-03-25T14:13:20.150-0400] {processor.py:153} INFO - Started process (PID=8472) to work on /Users/sunanda/Downloads/airflow/py_env/lib/python3.9/site-packages/airflow/example_dags/plugins/event_listener.py
[2023-03-25T14:13:20.152-0400] {processor.py:743} INFO - Processing file /Users/sunanda/Downloads/airflow/py_env/lib/python3.9/site-packages/airflow/example_dags/plugins/event_listener.py for tasks to queue
[2023-03-25T14:13:20.152-0400] {logging_mixin.py:137} INFO - [2023-03-25T14:13:20.152-0400] {dagbag.py:532} INFO - Filling up the DagBag from /Users/sunanda/Downloads/airflow/py_env/lib/python3.9/site-packages/airflow/example_dags/plugins/event_listener.py
[2023-03-25T14:13:20.157-0400] {processor.py:755} WARNING - No viable dags retrieved from /Users/sunanda/Downloads/airflow/py_env/lib/python3.9/site-packages/airflow/example_dags/plugins/event_listener.py
[2023-03-25T14:13:20.365-0400] {processor.py:175} INFO - Processing /Users/sunanda/Downloads/airflow/py_env/lib/python3.9/site-packages/airflow/example_dags/plugins/event_listener.py took 0.215 seconds
[2023-03-25T14:14:02.747-0400] {processor.py:153} INFO - Started process (PID=8541) to work on /Users/sunanda/Downloads/airflow/py_env/lib/python3.9/site-packages/airflow/example_dags/plugins/event_listener.py
[2023-03-25T14:14:02.749-0400] {processor.py:743} INFO - Processing file /Users/sunanda/Downloads/airflow/py_env/lib/python3.9/site-packages/airflow/example_dags/plugins/event_listener.py for tasks to queue
[2023-03-25T14:14:02.750-0400] {logging_mixin.py:137} INFO - [2023-03-25T14:14:02.750-0400] {dagbag.py:532} INFO - Filling up the DagBag from /Users/sunanda/Downloads/airflow/py_env/lib/python3.9/site-packages/airflow/example_dags/plugins/event_listener.py
[2023-03-25T14:14:02.756-0400] {processor.py:755} WARNING - No viable dags retrieved from /Users/sunanda/Downloads/airflow/py_env/lib/python3.9/site-packages/airflow/example_dags/plugins/event_listener.py
[2023-03-25T14:14:02.970-0400] {processor.py:175} INFO - Processing /Users/sunanda/Downloads/airflow/py_env/lib/python3.9/site-packages/airflow/example_dags/plugins/event_listener.py took 0.223 seconds
[2023-03-25T14:14:44.116-0400] {processor.py:153} INFO - Started process (PID=8606) to work on /Users/sunanda/Downloads/airflow/py_env/lib/python3.9/site-packages/airflow/example_dags/plugins/event_listener.py
[2023-03-25T14:14:44.119-0400] {processor.py:743} INFO - Processing file /Users/sunanda/Downloads/airflow/py_env/lib/python3.9/site-packages/airflow/example_dags/plugins/event_listener.py for tasks to queue
[2023-03-25T14:14:44.120-0400] {logging_mixin.py:137} INFO - [2023-03-25T14:14:44.120-0400] {dagbag.py:532} INFO - Filling up the DagBag from /Users/sunanda/Downloads/airflow/py_env/lib/python3.9/site-packages/airflow/example_dags/plugins/event_listener.py
[2023-03-25T14:14:44.125-0400] {processor.py:755} WARNING - No viable dags retrieved from /Users/sunanda/Downloads/airflow/py_env/lib/python3.9/site-packages/airflow/example_dags/plugins/event_listener.py
[2023-03-25T14:14:44.329-0400] {processor.py:175} INFO - Processing /Users/sunanda/Downloads/airflow/py_env/lib/python3.9/site-packages/airflow/example_dags/plugins/event_listener.py took 0.213 seconds
[2023-03-25T14:15:27.746-0400] {processor.py:153} INFO - Started process (PID=8673) to work on /Users/sunanda/Downloads/airflow/py_env/lib/python3.9/site-packages/airflow/example_dags/plugins/event_listener.py
[2023-03-25T14:15:27.749-0400] {processor.py:743} INFO - Processing file /Users/sunanda/Downloads/airflow/py_env/lib/python3.9/site-packages/airflow/example_dags/plugins/event_listener.py for tasks to queue
[2023-03-25T14:15:27.749-0400] {logging_mixin.py:137} INFO - [2023-03-25T14:15:27.749-0400] {dagbag.py:532} INFO - Filling up the DagBag from /Users/sunanda/Downloads/airflow/py_env/lib/python3.9/site-packages/airflow/example_dags/plugins/event_listener.py
[2023-03-25T14:15:27.754-0400] {processor.py:755} WARNING - No viable dags retrieved from /Users/sunanda/Downloads/airflow/py_env/lib/python3.9/site-packages/airflow/example_dags/plugins/event_listener.py
[2023-03-25T14:15:27.961-0400] {processor.py:175} INFO - Processing /Users/sunanda/Downloads/airflow/py_env/lib/python3.9/site-packages/airflow/example_dags/plugins/event_listener.py took 0.215 seconds
[2023-03-25T14:16:15.478-0400] {processor.py:153} INFO - Started process (PID=8745) to work on /Users/sunanda/Downloads/airflow/py_env/lib/python3.9/site-packages/airflow/example_dags/plugins/event_listener.py
[2023-03-25T14:16:15.481-0400] {processor.py:743} INFO - Processing file /Users/sunanda/Downloads/airflow/py_env/lib/python3.9/site-packages/airflow/example_dags/plugins/event_listener.py for tasks to queue
[2023-03-25T14:16:15.481-0400] {logging_mixin.py:137} INFO - [2023-03-25T14:16:15.481-0400] {dagbag.py:532} INFO - Filling up the DagBag from /Users/sunanda/Downloads/airflow/py_env/lib/python3.9/site-packages/airflow/example_dags/plugins/event_listener.py
[2023-03-25T14:16:15.486-0400] {processor.py:755} WARNING - No viable dags retrieved from /Users/sunanda/Downloads/airflow/py_env/lib/python3.9/site-packages/airflow/example_dags/plugins/event_listener.py
[2023-03-25T14:16:15.696-0400] {processor.py:175} INFO - Processing /Users/sunanda/Downloads/airflow/py_env/lib/python3.9/site-packages/airflow/example_dags/plugins/event_listener.py took 0.218 seconds
[2023-03-25T14:17:00.022-0400] {processor.py:153} INFO - Started process (PID=8816) to work on /Users/sunanda/Downloads/airflow/py_env/lib/python3.9/site-packages/airflow/example_dags/plugins/event_listener.py
[2023-03-25T14:17:00.024-0400] {processor.py:743} INFO - Processing file /Users/sunanda/Downloads/airflow/py_env/lib/python3.9/site-packages/airflow/example_dags/plugins/event_listener.py for tasks to queue
[2023-03-25T14:17:00.024-0400] {logging_mixin.py:137} INFO - [2023-03-25T14:17:00.024-0400] {dagbag.py:532} INFO - Filling up the DagBag from /Users/sunanda/Downloads/airflow/py_env/lib/python3.9/site-packages/airflow/example_dags/plugins/event_listener.py
[2023-03-25T14:17:00.029-0400] {processor.py:755} WARNING - No viable dags retrieved from /Users/sunanda/Downloads/airflow/py_env/lib/python3.9/site-packages/airflow/example_dags/plugins/event_listener.py
[2023-03-25T14:17:00.231-0400] {processor.py:175} INFO - Processing /Users/sunanda/Downloads/airflow/py_env/lib/python3.9/site-packages/airflow/example_dags/plugins/event_listener.py took 0.210 seconds
[2023-03-25T14:17:47.010-0400] {processor.py:153} INFO - Started process (PID=8890) to work on /Users/sunanda/Downloads/airflow/py_env/lib/python3.9/site-packages/airflow/example_dags/plugins/event_listener.py
[2023-03-25T14:17:47.012-0400] {processor.py:743} INFO - Processing file /Users/sunanda/Downloads/airflow/py_env/lib/python3.9/site-packages/airflow/example_dags/plugins/event_listener.py for tasks to queue
[2023-03-25T14:17:47.012-0400] {logging_mixin.py:137} INFO - [2023-03-25T14:17:47.012-0400] {dagbag.py:532} INFO - Filling up the DagBag from /Users/sunanda/Downloads/airflow/py_env/lib/python3.9/site-packages/airflow/example_dags/plugins/event_listener.py
[2023-03-25T14:17:47.018-0400] {processor.py:755} WARNING - No viable dags retrieved from /Users/sunanda/Downloads/airflow/py_env/lib/python3.9/site-packages/airflow/example_dags/plugins/event_listener.py
[2023-03-25T14:17:47.221-0400] {processor.py:175} INFO - Processing /Users/sunanda/Downloads/airflow/py_env/lib/python3.9/site-packages/airflow/example_dags/plugins/event_listener.py took 0.212 seconds
[2023-03-25T14:18:32.627-0400] {processor.py:153} INFO - Started process (PID=8983) to work on /Users/sunanda/Downloads/airflow/py_env/lib/python3.9/site-packages/airflow/example_dags/plugins/event_listener.py
[2023-03-25T14:18:32.629-0400] {processor.py:743} INFO - Processing file /Users/sunanda/Downloads/airflow/py_env/lib/python3.9/site-packages/airflow/example_dags/plugins/event_listener.py for tasks to queue
[2023-03-25T14:18:32.629-0400] {logging_mixin.py:137} INFO - [2023-03-25T14:18:32.629-0400] {dagbag.py:532} INFO - Filling up the DagBag from /Users/sunanda/Downloads/airflow/py_env/lib/python3.9/site-packages/airflow/example_dags/plugins/event_listener.py
[2023-03-25T14:18:32.634-0400] {processor.py:755} WARNING - No viable dags retrieved from /Users/sunanda/Downloads/airflow/py_env/lib/python3.9/site-packages/airflow/example_dags/plugins/event_listener.py
[2023-03-25T14:18:32.835-0400] {processor.py:175} INFO - Processing /Users/sunanda/Downloads/airflow/py_env/lib/python3.9/site-packages/airflow/example_dags/plugins/event_listener.py took 0.209 seconds
[2023-03-25T14:42:53.408-0400] {processor.py:153} INFO - Started process (PID=10694) to work on /Users/sunanda/Downloads/airflow/py_env/lib/python3.9/site-packages/airflow/example_dags/plugins/event_listener.py
[2023-03-25T14:42:53.411-0400] {processor.py:743} INFO - Processing file /Users/sunanda/Downloads/airflow/py_env/lib/python3.9/site-packages/airflow/example_dags/plugins/event_listener.py for tasks to queue
[2023-03-25T14:42:53.411-0400] {logging_mixin.py:137} INFO - [2023-03-25T14:42:53.411-0400] {dagbag.py:532} INFO - Filling up the DagBag from /Users/sunanda/Downloads/airflow/py_env/lib/python3.9/site-packages/airflow/example_dags/plugins/event_listener.py
[2023-03-25T14:42:53.417-0400] {processor.py:755} WARNING - No viable dags retrieved from /Users/sunanda/Downloads/airflow/py_env/lib/python3.9/site-packages/airflow/example_dags/plugins/event_listener.py
[2023-03-25T14:42:53.631-0400] {processor.py:175} INFO - Processing /Users/sunanda/Downloads/airflow/py_env/lib/python3.9/site-packages/airflow/example_dags/plugins/event_listener.py took 0.224 seconds
[2023-03-25T14:44:10.317-0400] {processor.py:153} INFO - Started process (PID=10841) to work on /Users/sunanda/Downloads/airflow/py_env/lib/python3.9/site-packages/airflow/example_dags/plugins/event_listener.py
[2023-03-25T14:44:10.319-0400] {processor.py:743} INFO - Processing file /Users/sunanda/Downloads/airflow/py_env/lib/python3.9/site-packages/airflow/example_dags/plugins/event_listener.py for tasks to queue
[2023-03-25T14:44:10.319-0400] {logging_mixin.py:137} INFO - [2023-03-25T14:44:10.319-0400] {dagbag.py:532} INFO - Filling up the DagBag from /Users/sunanda/Downloads/airflow/py_env/lib/python3.9/site-packages/airflow/example_dags/plugins/event_listener.py
[2023-03-25T14:44:10.324-0400] {processor.py:755} WARNING - No viable dags retrieved from /Users/sunanda/Downloads/airflow/py_env/lib/python3.9/site-packages/airflow/example_dags/plugins/event_listener.py
[2023-03-25T14:44:10.537-0400] {processor.py:175} INFO - Processing /Users/sunanda/Downloads/airflow/py_env/lib/python3.9/site-packages/airflow/example_dags/plugins/event_listener.py took 0.221 seconds
[2023-03-25T14:44:56.860-0400] {processor.py:153} INFO - Started process (PID=10919) to work on /Users/sunanda/Downloads/airflow/py_env/lib/python3.9/site-packages/airflow/example_dags/plugins/event_listener.py
[2023-03-25T14:44:56.862-0400] {processor.py:743} INFO - Processing file /Users/sunanda/Downloads/airflow/py_env/lib/python3.9/site-packages/airflow/example_dags/plugins/event_listener.py for tasks to queue
[2023-03-25T14:44:56.863-0400] {logging_mixin.py:137} INFO - [2023-03-25T14:44:56.863-0400] {dagbag.py:532} INFO - Filling up the DagBag from /Users/sunanda/Downloads/airflow/py_env/lib/python3.9/site-packages/airflow/example_dags/plugins/event_listener.py
[2023-03-25T14:44:56.869-0400] {processor.py:755} WARNING - No viable dags retrieved from /Users/sunanda/Downloads/airflow/py_env/lib/python3.9/site-packages/airflow/example_dags/plugins/event_listener.py
[2023-03-25T14:44:57.086-0400] {processor.py:175} INFO - Processing /Users/sunanda/Downloads/airflow/py_env/lib/python3.9/site-packages/airflow/example_dags/plugins/event_listener.py took 0.226 seconds
[2023-03-25T14:45:41.733-0400] {processor.py:153} INFO - Started process (PID=10988) to work on /Users/sunanda/Downloads/airflow/py_env/lib/python3.9/site-packages/airflow/example_dags/plugins/event_listener.py
[2023-03-25T14:45:41.735-0400] {processor.py:743} INFO - Processing file /Users/sunanda/Downloads/airflow/py_env/lib/python3.9/site-packages/airflow/example_dags/plugins/event_listener.py for tasks to queue
[2023-03-25T14:45:41.735-0400] {logging_mixin.py:137} INFO - [2023-03-25T14:45:41.735-0400] {dagbag.py:532} INFO - Filling up the DagBag from /Users/sunanda/Downloads/airflow/py_env/lib/python3.9/site-packages/airflow/example_dags/plugins/event_listener.py
[2023-03-25T14:45:41.740-0400] {processor.py:755} WARNING - No viable dags retrieved from /Users/sunanda/Downloads/airflow/py_env/lib/python3.9/site-packages/airflow/example_dags/plugins/event_listener.py
[2023-03-25T14:45:41.952-0400] {processor.py:175} INFO - Processing /Users/sunanda/Downloads/airflow/py_env/lib/python3.9/site-packages/airflow/example_dags/plugins/event_listener.py took 0.219 seconds
[2023-03-25T14:46:26.798-0400] {processor.py:153} INFO - Started process (PID=11059) to work on /Users/sunanda/Downloads/airflow/py_env/lib/python3.9/site-packages/airflow/example_dags/plugins/event_listener.py
[2023-03-25T14:46:26.801-0400] {processor.py:743} INFO - Processing file /Users/sunanda/Downloads/airflow/py_env/lib/python3.9/site-packages/airflow/example_dags/plugins/event_listener.py for tasks to queue
[2023-03-25T14:46:26.801-0400] {logging_mixin.py:137} INFO - [2023-03-25T14:46:26.801-0400] {dagbag.py:532} INFO - Filling up the DagBag from /Users/sunanda/Downloads/airflow/py_env/lib/python3.9/site-packages/airflow/example_dags/plugins/event_listener.py
[2023-03-25T14:46:26.806-0400] {processor.py:755} WARNING - No viable dags retrieved from /Users/sunanda/Downloads/airflow/py_env/lib/python3.9/site-packages/airflow/example_dags/plugins/event_listener.py
[2023-03-25T14:46:27.019-0400] {processor.py:175} INFO - Processing /Users/sunanda/Downloads/airflow/py_env/lib/python3.9/site-packages/airflow/example_dags/plugins/event_listener.py took 0.222 seconds
[2023-03-25T14:47:13.214-0400] {processor.py:153} INFO - Started process (PID=11131) to work on /Users/sunanda/Downloads/airflow/py_env/lib/python3.9/site-packages/airflow/example_dags/plugins/event_listener.py
[2023-03-25T14:47:13.217-0400] {processor.py:743} INFO - Processing file /Users/sunanda/Downloads/airflow/py_env/lib/python3.9/site-packages/airflow/example_dags/plugins/event_listener.py for tasks to queue
[2023-03-25T14:47:13.218-0400] {logging_mixin.py:137} INFO - [2023-03-25T14:47:13.218-0400] {dagbag.py:532} INFO - Filling up the DagBag from /Users/sunanda/Downloads/airflow/py_env/lib/python3.9/site-packages/airflow/example_dags/plugins/event_listener.py
[2023-03-25T14:47:13.224-0400] {processor.py:755} WARNING - No viable dags retrieved from /Users/sunanda/Downloads/airflow/py_env/lib/python3.9/site-packages/airflow/example_dags/plugins/event_listener.py
[2023-03-25T14:47:13.438-0400] {processor.py:175} INFO - Processing /Users/sunanda/Downloads/airflow/py_env/lib/python3.9/site-packages/airflow/example_dags/plugins/event_listener.py took 0.224 seconds
[2023-03-25T14:47:58.473-0400] {processor.py:153} INFO - Started process (PID=11201) to work on /Users/sunanda/Downloads/airflow/py_env/lib/python3.9/site-packages/airflow/example_dags/plugins/event_listener.py
[2023-03-25T14:47:58.476-0400] {processor.py:743} INFO - Processing file /Users/sunanda/Downloads/airflow/py_env/lib/python3.9/site-packages/airflow/example_dags/plugins/event_listener.py for tasks to queue
[2023-03-25T14:47:58.476-0400] {logging_mixin.py:137} INFO - [2023-03-25T14:47:58.476-0400] {dagbag.py:532} INFO - Filling up the DagBag from /Users/sunanda/Downloads/airflow/py_env/lib/python3.9/site-packages/airflow/example_dags/plugins/event_listener.py
[2023-03-25T14:47:58.481-0400] {processor.py:755} WARNING - No viable dags retrieved from /Users/sunanda/Downloads/airflow/py_env/lib/python3.9/site-packages/airflow/example_dags/plugins/event_listener.py
[2023-03-25T14:47:58.691-0400] {processor.py:175} INFO - Processing /Users/sunanda/Downloads/airflow/py_env/lib/python3.9/site-packages/airflow/example_dags/plugins/event_listener.py took 0.218 seconds
[2023-03-25T16:12:24.601-0400] {processor.py:153} INFO - Started process (PID=17925) to work on /Users/sunanda/Downloads/airflow/py_env/lib/python3.9/site-packages/airflow/example_dags/plugins/event_listener.py
[2023-03-25T16:12:24.604-0400] {processor.py:743} INFO - Processing file /Users/sunanda/Downloads/airflow/py_env/lib/python3.9/site-packages/airflow/example_dags/plugins/event_listener.py for tasks to queue
[2023-03-25T16:12:24.604-0400] {logging_mixin.py:137} INFO - [2023-03-25T16:12:24.604-0400] {dagbag.py:532} INFO - Filling up the DagBag from /Users/sunanda/Downloads/airflow/py_env/lib/python3.9/site-packages/airflow/example_dags/plugins/event_listener.py
[2023-03-25T16:12:24.610-0400] {processor.py:755} WARNING - No viable dags retrieved from /Users/sunanda/Downloads/airflow/py_env/lib/python3.9/site-packages/airflow/example_dags/plugins/event_listener.py
[2023-03-25T16:12:24.931-0400] {processor.py:175} INFO - Processing /Users/sunanda/Downloads/airflow/py_env/lib/python3.9/site-packages/airflow/example_dags/plugins/event_listener.py took 0.330 seconds
