[2023-03-25T14:06:35.613-0400] {processor.py:153} INFO - Started process (PID=7801) to work on /Users/sunanda/Downloads/airflow/py_env/lib/python3.9/site-packages/airflow/example_dags/plugins/listener_plugin.py
[2023-03-25T14:06:35.615-0400] {processor.py:743} INFO - Processing file /Users/sunanda/Downloads/airflow/py_env/lib/python3.9/site-packages/airflow/example_dags/plugins/listener_plugin.py for tasks to queue
[2023-03-25T14:06:35.616-0400] {logging_mixin.py:137} INFO - [2023-03-25T14:06:35.616-0400] {dagbag.py:532} INFO - Filling up the DagBag from /Users/sunanda/Downloads/airflow/py_env/lib/python3.9/site-packages/airflow/example_dags/plugins/listener_plugin.py
[2023-03-25T14:06:35.621-0400] {processor.py:755} WARNING - No viable dags retrieved from /Users/sunanda/Downloads/airflow/py_env/lib/python3.9/site-packages/airflow/example_dags/plugins/listener_plugin.py
[2023-03-25T14:06:35.830-0400] {processor.py:175} INFO - Processing /Users/sunanda/Downloads/airflow/py_env/lib/python3.9/site-packages/airflow/example_dags/plugins/listener_plugin.py took 0.217 seconds
[2023-03-25T14:09:09.782-0400] {processor.py:153} INFO - Started process (PID=8051) to work on /Users/sunanda/Downloads/airflow/py_env/lib/python3.9/site-packages/airflow/example_dags/plugins/listener_plugin.py
[2023-03-25T14:09:09.785-0400] {processor.py:743} INFO - Processing file /Users/sunanda/Downloads/airflow/py_env/lib/python3.9/site-packages/airflow/example_dags/plugins/listener_plugin.py for tasks to queue
[2023-03-25T14:09:09.786-0400] {logging_mixin.py:137} INFO - [2023-03-25T14:09:09.786-0400] {dagbag.py:532} INFO - Filling up the DagBag from /Users/sunanda/Downloads/airflow/py_env/lib/python3.9/site-packages/airflow/example_dags/plugins/listener_plugin.py
[2023-03-25T14:09:09.791-0400] {processor.py:755} WARNING - No viable dags retrieved from /Users/sunanda/Downloads/airflow/py_env/lib/python3.9/site-packages/airflow/example_dags/plugins/listener_plugin.py
[2023-03-25T14:09:09.995-0400] {processor.py:175} INFO - Processing /Users/sunanda/Downloads/airflow/py_env/lib/python3.9/site-packages/airflow/example_dags/plugins/listener_plugin.py took 0.213 seconds
[2023-03-25T14:10:34.017-0400] {processor.py:153} INFO - Started process (PID=8184) to work on /Users/sunanda/Downloads/airflow/py_env/lib/python3.9/site-packages/airflow/example_dags/plugins/listener_plugin.py
[2023-03-25T14:10:34.019-0400] {processor.py:743} INFO - Processing file /Users/sunanda/Downloads/airflow/py_env/lib/python3.9/site-packages/airflow/example_dags/plugins/listener_plugin.py for tasks to queue
[2023-03-25T14:10:34.019-0400] {logging_mixin.py:137} INFO - [2023-03-25T14:10:34.019-0400] {dagbag.py:532} INFO - Filling up the DagBag from /Users/sunanda/Downloads/airflow/py_env/lib/python3.9/site-packages/airflow/example_dags/plugins/listener_plugin.py
[2023-03-25T14:10:34.024-0400] {processor.py:755} WARNING - No viable dags retrieved from /Users/sunanda/Downloads/airflow/py_env/lib/python3.9/site-packages/airflow/example_dags/plugins/listener_plugin.py
[2023-03-25T14:10:34.225-0400] {processor.py:175} INFO - Processing /Users/sunanda/Downloads/airflow/py_env/lib/python3.9/site-packages/airflow/example_dags/plugins/listener_plugin.py took 0.209 seconds
[2023-03-25T14:11:49.795-0400] {processor.py:153} INFO - Started process (PID=8314) to work on /Users/sunanda/Downloads/airflow/py_env/lib/python3.9/site-packages/airflow/example_dags/plugins/listener_plugin.py
[2023-03-25T14:11:49.797-0400] {processor.py:743} INFO - Processing file /Users/sunanda/Downloads/airflow/py_env/lib/python3.9/site-packages/airflow/example_dags/plugins/listener_plugin.py for tasks to queue
[2023-03-25T14:11:49.798-0400] {logging_mixin.py:137} INFO - [2023-03-25T14:11:49.797-0400] {dagbag.py:532} INFO - Filling up the DagBag from /Users/sunanda/Downloads/airflow/py_env/lib/python3.9/site-packages/airflow/example_dags/plugins/listener_plugin.py
[2023-03-25T14:11:49.803-0400] {processor.py:755} WARNING - No viable dags retrieved from /Users/sunanda/Downloads/airflow/py_env/lib/python3.9/site-packages/airflow/example_dags/plugins/listener_plugin.py
[2023-03-25T14:11:50.006-0400] {processor.py:175} INFO - Processing /Users/sunanda/Downloads/airflow/py_env/lib/python3.9/site-packages/airflow/example_dags/plugins/listener_plugin.py took 0.211 seconds
[2023-03-25T14:12:34.744-0400] {processor.py:153} INFO - Started process (PID=8404) to work on /Users/sunanda/Downloads/airflow/py_env/lib/python3.9/site-packages/airflow/example_dags/plugins/listener_plugin.py
[2023-03-25T14:12:34.747-0400] {processor.py:743} INFO - Processing file /Users/sunanda/Downloads/airflow/py_env/lib/python3.9/site-packages/airflow/example_dags/plugins/listener_plugin.py for tasks to queue
[2023-03-25T14:12:34.747-0400] {logging_mixin.py:137} INFO - [2023-03-25T14:12:34.747-0400] {dagbag.py:532} INFO - Filling up the DagBag from /Users/sunanda/Downloads/airflow/py_env/lib/python3.9/site-packages/airflow/example_dags/plugins/listener_plugin.py
[2023-03-25T14:12:34.753-0400] {processor.py:755} WARNING - No viable dags retrieved from /Users/sunanda/Downloads/airflow/py_env/lib/python3.9/site-packages/airflow/example_dags/plugins/listener_plugin.py
[2023-03-25T14:12:34.956-0400] {processor.py:175} INFO - Processing /Users/sunanda/Downloads/airflow/py_env/lib/python3.9/site-packages/airflow/example_dags/plugins/listener_plugin.py took 0.212 seconds
[2023-03-25T14:13:18.285-0400] {processor.py:153} INFO - Started process (PID=8469) to work on /Users/sunanda/Downloads/airflow/py_env/lib/python3.9/site-packages/airflow/example_dags/plugins/listener_plugin.py
[2023-03-25T14:13:18.287-0400] {processor.py:743} INFO - Processing file /Users/sunanda/Downloads/airflow/py_env/lib/python3.9/site-packages/airflow/example_dags/plugins/listener_plugin.py for tasks to queue
[2023-03-25T14:13:18.287-0400] {logging_mixin.py:137} INFO - [2023-03-25T14:13:18.287-0400] {dagbag.py:532} INFO - Filling up the DagBag from /Users/sunanda/Downloads/airflow/py_env/lib/python3.9/site-packages/airflow/example_dags/plugins/listener_plugin.py
[2023-03-25T14:13:18.293-0400] {processor.py:755} WARNING - No viable dags retrieved from /Users/sunanda/Downloads/airflow/py_env/lib/python3.9/site-packages/airflow/example_dags/plugins/listener_plugin.py
[2023-03-25T14:13:18.500-0400] {processor.py:175} INFO - Processing /Users/sunanda/Downloads/airflow/py_env/lib/python3.9/site-packages/airflow/example_dags/plugins/listener_plugin.py took 0.216 seconds
[2023-03-25T14:14:01.915-0400] {processor.py:153} INFO - Started process (PID=8539) to work on /Users/sunanda/Downloads/airflow/py_env/lib/python3.9/site-packages/airflow/example_dags/plugins/listener_plugin.py
[2023-03-25T14:14:01.917-0400] {processor.py:743} INFO - Processing file /Users/sunanda/Downloads/airflow/py_env/lib/python3.9/site-packages/airflow/example_dags/plugins/listener_plugin.py for tasks to queue
[2023-03-25T14:14:01.917-0400] {logging_mixin.py:137} INFO - [2023-03-25T14:14:01.917-0400] {dagbag.py:532} INFO - Filling up the DagBag from /Users/sunanda/Downloads/airflow/py_env/lib/python3.9/site-packages/airflow/example_dags/plugins/listener_plugin.py
[2023-03-25T14:14:01.924-0400] {processor.py:755} WARNING - No viable dags retrieved from /Users/sunanda/Downloads/airflow/py_env/lib/python3.9/site-packages/airflow/example_dags/plugins/listener_plugin.py
[2023-03-25T14:14:02.141-0400] {processor.py:175} INFO - Processing /Users/sunanda/Downloads/airflow/py_env/lib/python3.9/site-packages/airflow/example_dags/plugins/listener_plugin.py took 0.227 seconds
[2023-03-25T14:14:42.254-0400] {processor.py:153} INFO - Started process (PID=8602) to work on /Users/sunanda/Downloads/airflow/py_env/lib/python3.9/site-packages/airflow/example_dags/plugins/listener_plugin.py
[2023-03-25T14:14:42.257-0400] {processor.py:743} INFO - Processing file /Users/sunanda/Downloads/airflow/py_env/lib/python3.9/site-packages/airflow/example_dags/plugins/listener_plugin.py for tasks to queue
[2023-03-25T14:14:42.257-0400] {logging_mixin.py:137} INFO - [2023-03-25T14:14:42.257-0400] {dagbag.py:532} INFO - Filling up the DagBag from /Users/sunanda/Downloads/airflow/py_env/lib/python3.9/site-packages/airflow/example_dags/plugins/listener_plugin.py
[2023-03-25T14:14:42.263-0400] {processor.py:755} WARNING - No viable dags retrieved from /Users/sunanda/Downloads/airflow/py_env/lib/python3.9/site-packages/airflow/example_dags/plugins/listener_plugin.py
[2023-03-25T14:14:42.469-0400] {processor.py:175} INFO - Processing /Users/sunanda/Downloads/airflow/py_env/lib/python3.9/site-packages/airflow/example_dags/plugins/listener_plugin.py took 0.215 seconds
[2023-03-25T14:15:26.702-0400] {processor.py:153} INFO - Started process (PID=8671) to work on /Users/sunanda/Downloads/airflow/py_env/lib/python3.9/site-packages/airflow/example_dags/plugins/listener_plugin.py
[2023-03-25T14:15:26.705-0400] {processor.py:743} INFO - Processing file /Users/sunanda/Downloads/airflow/py_env/lib/python3.9/site-packages/airflow/example_dags/plugins/listener_plugin.py for tasks to queue
[2023-03-25T14:15:26.705-0400] {logging_mixin.py:137} INFO - [2023-03-25T14:15:26.705-0400] {dagbag.py:532} INFO - Filling up the DagBag from /Users/sunanda/Downloads/airflow/py_env/lib/python3.9/site-packages/airflow/example_dags/plugins/listener_plugin.py
[2023-03-25T14:15:26.712-0400] {processor.py:755} WARNING - No viable dags retrieved from /Users/sunanda/Downloads/airflow/py_env/lib/python3.9/site-packages/airflow/example_dags/plugins/listener_plugin.py
[2023-03-25T14:15:26.931-0400] {processor.py:175} INFO - Processing /Users/sunanda/Downloads/airflow/py_env/lib/python3.9/site-packages/airflow/example_dags/plugins/listener_plugin.py took 0.230 seconds
[2023-03-25T14:16:13.622-0400] {processor.py:153} INFO - Started process (PID=8742) to work on /Users/sunanda/Downloads/airflow/py_env/lib/python3.9/site-packages/airflow/example_dags/plugins/listener_plugin.py
[2023-03-25T14:16:13.625-0400] {processor.py:743} INFO - Processing file /Users/sunanda/Downloads/airflow/py_env/lib/python3.9/site-packages/airflow/example_dags/plugins/listener_plugin.py for tasks to queue
[2023-03-25T14:16:13.625-0400] {logging_mixin.py:137} INFO - [2023-03-25T14:16:13.625-0400] {dagbag.py:532} INFO - Filling up the DagBag from /Users/sunanda/Downloads/airflow/py_env/lib/python3.9/site-packages/airflow/example_dags/plugins/listener_plugin.py
[2023-03-25T14:16:13.630-0400] {processor.py:755} WARNING - No viable dags retrieved from /Users/sunanda/Downloads/airflow/py_env/lib/python3.9/site-packages/airflow/example_dags/plugins/listener_plugin.py
[2023-03-25T14:16:13.839-0400] {processor.py:175} INFO - Processing /Users/sunanda/Downloads/airflow/py_env/lib/python3.9/site-packages/airflow/example_dags/plugins/listener_plugin.py took 0.217 seconds
[2023-03-25T14:16:58.198-0400] {processor.py:153} INFO - Started process (PID=8813) to work on /Users/sunanda/Downloads/airflow/py_env/lib/python3.9/site-packages/airflow/example_dags/plugins/listener_plugin.py
[2023-03-25T14:16:58.200-0400] {processor.py:743} INFO - Processing file /Users/sunanda/Downloads/airflow/py_env/lib/python3.9/site-packages/airflow/example_dags/plugins/listener_plugin.py for tasks to queue
[2023-03-25T14:16:58.201-0400] {logging_mixin.py:137} INFO - [2023-03-25T14:16:58.201-0400] {dagbag.py:532} INFO - Filling up the DagBag from /Users/sunanda/Downloads/airflow/py_env/lib/python3.9/site-packages/airflow/example_dags/plugins/listener_plugin.py
[2023-03-25T14:16:58.206-0400] {processor.py:755} WARNING - No viable dags retrieved from /Users/sunanda/Downloads/airflow/py_env/lib/python3.9/site-packages/airflow/example_dags/plugins/listener_plugin.py
[2023-03-25T14:16:58.407-0400] {processor.py:175} INFO - Processing /Users/sunanda/Downloads/airflow/py_env/lib/python3.9/site-packages/airflow/example_dags/plugins/listener_plugin.py took 0.209 seconds
[2023-03-25T14:17:45.387-0400] {processor.py:153} INFO - Started process (PID=8887) to work on /Users/sunanda/Downloads/airflow/py_env/lib/python3.9/site-packages/airflow/example_dags/plugins/listener_plugin.py
[2023-03-25T14:17:45.389-0400] {processor.py:743} INFO - Processing file /Users/sunanda/Downloads/airflow/py_env/lib/python3.9/site-packages/airflow/example_dags/plugins/listener_plugin.py for tasks to queue
[2023-03-25T14:17:45.390-0400] {logging_mixin.py:137} INFO - [2023-03-25T14:17:45.390-0400] {dagbag.py:532} INFO - Filling up the DagBag from /Users/sunanda/Downloads/airflow/py_env/lib/python3.9/site-packages/airflow/example_dags/plugins/listener_plugin.py
[2023-03-25T14:17:45.396-0400] {processor.py:755} WARNING - No viable dags retrieved from /Users/sunanda/Downloads/airflow/py_env/lib/python3.9/site-packages/airflow/example_dags/plugins/listener_plugin.py
[2023-03-25T14:17:45.608-0400] {processor.py:175} INFO - Processing /Users/sunanda/Downloads/airflow/py_env/lib/python3.9/site-packages/airflow/example_dags/plugins/listener_plugin.py took 0.222 seconds
[2023-03-25T14:18:30.798-0400] {processor.py:153} INFO - Started process (PID=8980) to work on /Users/sunanda/Downloads/airflow/py_env/lib/python3.9/site-packages/airflow/example_dags/plugins/listener_plugin.py
[2023-03-25T14:18:30.800-0400] {processor.py:743} INFO - Processing file /Users/sunanda/Downloads/airflow/py_env/lib/python3.9/site-packages/airflow/example_dags/plugins/listener_plugin.py for tasks to queue
[2023-03-25T14:18:30.800-0400] {logging_mixin.py:137} INFO - [2023-03-25T14:18:30.800-0400] {dagbag.py:532} INFO - Filling up the DagBag from /Users/sunanda/Downloads/airflow/py_env/lib/python3.9/site-packages/airflow/example_dags/plugins/listener_plugin.py
[2023-03-25T14:18:30.806-0400] {processor.py:755} WARNING - No viable dags retrieved from /Users/sunanda/Downloads/airflow/py_env/lib/python3.9/site-packages/airflow/example_dags/plugins/listener_plugin.py
[2023-03-25T14:18:31.012-0400] {processor.py:175} INFO - Processing /Users/sunanda/Downloads/airflow/py_env/lib/python3.9/site-packages/airflow/example_dags/plugins/listener_plugin.py took 0.215 seconds
[2023-03-25T14:42:51.567-0400] {processor.py:153} INFO - Started process (PID=10692) to work on /Users/sunanda/Downloads/airflow/py_env/lib/python3.9/site-packages/airflow/example_dags/plugins/listener_plugin.py
[2023-03-25T14:42:51.570-0400] {processor.py:743} INFO - Processing file /Users/sunanda/Downloads/airflow/py_env/lib/python3.9/site-packages/airflow/example_dags/plugins/listener_plugin.py for tasks to queue
[2023-03-25T14:42:51.570-0400] {logging_mixin.py:137} INFO - [2023-03-25T14:42:51.570-0400] {dagbag.py:532} INFO - Filling up the DagBag from /Users/sunanda/Downloads/airflow/py_env/lib/python3.9/site-packages/airflow/example_dags/plugins/listener_plugin.py
[2023-03-25T14:42:51.576-0400] {processor.py:755} WARNING - No viable dags retrieved from /Users/sunanda/Downloads/airflow/py_env/lib/python3.9/site-packages/airflow/example_dags/plugins/listener_plugin.py
[2023-03-25T14:42:51.784-0400] {processor.py:175} INFO - Processing /Users/sunanda/Downloads/airflow/py_env/lib/python3.9/site-packages/airflow/example_dags/plugins/listener_plugin.py took 0.217 seconds
[2023-03-25T14:44:08.758-0400] {processor.py:153} INFO - Started process (PID=10838) to work on /Users/sunanda/Downloads/airflow/py_env/lib/python3.9/site-packages/airflow/example_dags/plugins/listener_plugin.py
[2023-03-25T14:44:08.761-0400] {processor.py:743} INFO - Processing file /Users/sunanda/Downloads/airflow/py_env/lib/python3.9/site-packages/airflow/example_dags/plugins/listener_plugin.py for tasks to queue
[2023-03-25T14:44:08.761-0400] {logging_mixin.py:137} INFO - [2023-03-25T14:44:08.761-0400] {dagbag.py:532} INFO - Filling up the DagBag from /Users/sunanda/Downloads/airflow/py_env/lib/python3.9/site-packages/airflow/example_dags/plugins/listener_plugin.py
[2023-03-25T14:44:08.766-0400] {processor.py:755} WARNING - No viable dags retrieved from /Users/sunanda/Downloads/airflow/py_env/lib/python3.9/site-packages/airflow/example_dags/plugins/listener_plugin.py
[2023-03-25T14:44:08.984-0400] {processor.py:175} INFO - Processing /Users/sunanda/Downloads/airflow/py_env/lib/python3.9/site-packages/airflow/example_dags/plugins/listener_plugin.py took 0.226 seconds
[2023-03-25T14:44:55.960-0400] {processor.py:153} INFO - Started process (PID=10917) to work on /Users/sunanda/Downloads/airflow/py_env/lib/python3.9/site-packages/airflow/example_dags/plugins/listener_plugin.py
[2023-03-25T14:44:55.962-0400] {processor.py:743} INFO - Processing file /Users/sunanda/Downloads/airflow/py_env/lib/python3.9/site-packages/airflow/example_dags/plugins/listener_plugin.py for tasks to queue
[2023-03-25T14:44:55.962-0400] {logging_mixin.py:137} INFO - [2023-03-25T14:44:55.962-0400] {dagbag.py:532} INFO - Filling up the DagBag from /Users/sunanda/Downloads/airflow/py_env/lib/python3.9/site-packages/airflow/example_dags/plugins/listener_plugin.py
[2023-03-25T14:44:55.969-0400] {processor.py:755} WARNING - No viable dags retrieved from /Users/sunanda/Downloads/airflow/py_env/lib/python3.9/site-packages/airflow/example_dags/plugins/listener_plugin.py
[2023-03-25T14:44:56.183-0400] {processor.py:175} INFO - Processing /Users/sunanda/Downloads/airflow/py_env/lib/python3.9/site-packages/airflow/example_dags/plugins/listener_plugin.py took 0.223 seconds
[2023-03-25T14:45:39.911-0400] {processor.py:153} INFO - Started process (PID=10985) to work on /Users/sunanda/Downloads/airflow/py_env/lib/python3.9/site-packages/airflow/example_dags/plugins/listener_plugin.py
[2023-03-25T14:45:39.914-0400] {processor.py:743} INFO - Processing file /Users/sunanda/Downloads/airflow/py_env/lib/python3.9/site-packages/airflow/example_dags/plugins/listener_plugin.py for tasks to queue
[2023-03-25T14:45:39.914-0400] {logging_mixin.py:137} INFO - [2023-03-25T14:45:39.914-0400] {dagbag.py:532} INFO - Filling up the DagBag from /Users/sunanda/Downloads/airflow/py_env/lib/python3.9/site-packages/airflow/example_dags/plugins/listener_plugin.py
[2023-03-25T14:45:39.919-0400] {processor.py:755} WARNING - No viable dags retrieved from /Users/sunanda/Downloads/airflow/py_env/lib/python3.9/site-packages/airflow/example_dags/plugins/listener_plugin.py
[2023-03-25T14:45:40.129-0400] {processor.py:175} INFO - Processing /Users/sunanda/Downloads/airflow/py_env/lib/python3.9/site-packages/airflow/example_dags/plugins/listener_plugin.py took 0.218 seconds
[2023-03-25T14:46:24.929-0400] {processor.py:153} INFO - Started process (PID=11057) to work on /Users/sunanda/Downloads/airflow/py_env/lib/python3.9/site-packages/airflow/example_dags/plugins/listener_plugin.py
[2023-03-25T14:46:24.932-0400] {processor.py:743} INFO - Processing file /Users/sunanda/Downloads/airflow/py_env/lib/python3.9/site-packages/airflow/example_dags/plugins/listener_plugin.py for tasks to queue
[2023-03-25T14:46:24.933-0400] {logging_mixin.py:137} INFO - [2023-03-25T14:46:24.932-0400] {dagbag.py:532} INFO - Filling up the DagBag from /Users/sunanda/Downloads/airflow/py_env/lib/python3.9/site-packages/airflow/example_dags/plugins/listener_plugin.py
[2023-03-25T14:46:24.939-0400] {processor.py:755} WARNING - No viable dags retrieved from /Users/sunanda/Downloads/airflow/py_env/lib/python3.9/site-packages/airflow/example_dags/plugins/listener_plugin.py
[2023-03-25T14:46:25.161-0400] {processor.py:175} INFO - Processing /Users/sunanda/Downloads/airflow/py_env/lib/python3.9/site-packages/airflow/example_dags/plugins/listener_plugin.py took 0.233 seconds
[2023-03-25T14:47:11.731-0400] {processor.py:153} INFO - Started process (PID=11128) to work on /Users/sunanda/Downloads/airflow/py_env/lib/python3.9/site-packages/airflow/example_dags/plugins/listener_plugin.py
[2023-03-25T14:47:11.734-0400] {processor.py:743} INFO - Processing file /Users/sunanda/Downloads/airflow/py_env/lib/python3.9/site-packages/airflow/example_dags/plugins/listener_plugin.py for tasks to queue
[2023-03-25T14:47:11.734-0400] {logging_mixin.py:137} INFO - [2023-03-25T14:47:11.734-0400] {dagbag.py:532} INFO - Filling up the DagBag from /Users/sunanda/Downloads/airflow/py_env/lib/python3.9/site-packages/airflow/example_dags/plugins/listener_plugin.py
[2023-03-25T14:47:11.741-0400] {processor.py:755} WARNING - No viable dags retrieved from /Users/sunanda/Downloads/airflow/py_env/lib/python3.9/site-packages/airflow/example_dags/plugins/listener_plugin.py
[2023-03-25T14:47:11.957-0400] {processor.py:175} INFO - Processing /Users/sunanda/Downloads/airflow/py_env/lib/python3.9/site-packages/airflow/example_dags/plugins/listener_plugin.py took 0.227 seconds
[2023-03-25T14:47:56.642-0400] {processor.py:153} INFO - Started process (PID=11198) to work on /Users/sunanda/Downloads/airflow/py_env/lib/python3.9/site-packages/airflow/example_dags/plugins/listener_plugin.py
[2023-03-25T14:47:56.644-0400] {processor.py:743} INFO - Processing file /Users/sunanda/Downloads/airflow/py_env/lib/python3.9/site-packages/airflow/example_dags/plugins/listener_plugin.py for tasks to queue
[2023-03-25T14:47:56.644-0400] {logging_mixin.py:137} INFO - [2023-03-25T14:47:56.644-0400] {dagbag.py:532} INFO - Filling up the DagBag from /Users/sunanda/Downloads/airflow/py_env/lib/python3.9/site-packages/airflow/example_dags/plugins/listener_plugin.py
[2023-03-25T14:47:56.650-0400] {processor.py:755} WARNING - No viable dags retrieved from /Users/sunanda/Downloads/airflow/py_env/lib/python3.9/site-packages/airflow/example_dags/plugins/listener_plugin.py
[2023-03-25T14:47:56.862-0400] {processor.py:175} INFO - Processing /Users/sunanda/Downloads/airflow/py_env/lib/python3.9/site-packages/airflow/example_dags/plugins/listener_plugin.py took 0.220 seconds
[2023-03-25T16:12:22.761-0400] {processor.py:153} INFO - Started process (PID=17922) to work on /Users/sunanda/Downloads/airflow/py_env/lib/python3.9/site-packages/airflow/example_dags/plugins/listener_plugin.py
[2023-03-25T16:12:22.764-0400] {processor.py:743} INFO - Processing file /Users/sunanda/Downloads/airflow/py_env/lib/python3.9/site-packages/airflow/example_dags/plugins/listener_plugin.py for tasks to queue
[2023-03-25T16:12:22.764-0400] {logging_mixin.py:137} INFO - [2023-03-25T16:12:22.764-0400] {dagbag.py:532} INFO - Filling up the DagBag from /Users/sunanda/Downloads/airflow/py_env/lib/python3.9/site-packages/airflow/example_dags/plugins/listener_plugin.py
[2023-03-25T16:12:22.770-0400] {processor.py:755} WARNING - No viable dags retrieved from /Users/sunanda/Downloads/airflow/py_env/lib/python3.9/site-packages/airflow/example_dags/plugins/listener_plugin.py
[2023-03-25T16:12:22.983-0400] {processor.py:175} INFO - Processing /Users/sunanda/Downloads/airflow/py_env/lib/python3.9/site-packages/airflow/example_dags/plugins/listener_plugin.py took 0.223 seconds
