[2023-03-25T14:06:19.225-0400] {processor.py:153} INFO - Started process (PID=7769) to work on /Users/sunanda/Downloads/airflow/py_env/lib/python3.9/site-packages/airflow/example_dags/plugins/workday.py
[2023-03-25T14:06:19.228-0400] {processor.py:743} INFO - Processing file /Users/sunanda/Downloads/airflow/py_env/lib/python3.9/site-packages/airflow/example_dags/plugins/workday.py for tasks to queue
[2023-03-25T14:06:19.228-0400] {logging_mixin.py:137} INFO - [2023-03-25T14:06:19.228-0400] {dagbag.py:532} INFO - Filling up the DagBag from /Users/sunanda/Downloads/airflow/py_env/lib/python3.9/site-packages/airflow/example_dags/plugins/workday.py
[2023-03-25T14:06:19.233-0400] {processor.py:755} WARNING - No viable dags retrieved from /Users/sunanda/Downloads/airflow/py_env/lib/python3.9/site-packages/airflow/example_dags/plugins/workday.py
[2023-03-25T14:06:19.437-0400] {processor.py:175} INFO - Processing /Users/sunanda/Downloads/airflow/py_env/lib/python3.9/site-packages/airflow/example_dags/plugins/workday.py took 0.212 seconds
[2023-03-25T14:09:07.932-0400] {processor.py:153} INFO - Started process (PID=8048) to work on /Users/sunanda/Downloads/airflow/py_env/lib/python3.9/site-packages/airflow/example_dags/plugins/workday.py
[2023-03-25T14:09:07.935-0400] {processor.py:743} INFO - Processing file /Users/sunanda/Downloads/airflow/py_env/lib/python3.9/site-packages/airflow/example_dags/plugins/workday.py for tasks to queue
[2023-03-25T14:09:07.935-0400] {logging_mixin.py:137} INFO - [2023-03-25T14:09:07.935-0400] {dagbag.py:532} INFO - Filling up the DagBag from /Users/sunanda/Downloads/airflow/py_env/lib/python3.9/site-packages/airflow/example_dags/plugins/workday.py
[2023-03-25T14:09:07.940-0400] {processor.py:755} WARNING - No viable dags retrieved from /Users/sunanda/Downloads/airflow/py_env/lib/python3.9/site-packages/airflow/example_dags/plugins/workday.py
[2023-03-25T14:09:08.154-0400] {processor.py:175} INFO - Processing /Users/sunanda/Downloads/airflow/py_env/lib/python3.9/site-packages/airflow/example_dags/plugins/workday.py took 0.223 seconds
[2023-03-25T14:10:32.199-0400] {processor.py:153} INFO - Started process (PID=8182) to work on /Users/sunanda/Downloads/airflow/py_env/lib/python3.9/site-packages/airflow/example_dags/plugins/workday.py
[2023-03-25T14:10:32.201-0400] {processor.py:743} INFO - Processing file /Users/sunanda/Downloads/airflow/py_env/lib/python3.9/site-packages/airflow/example_dags/plugins/workday.py for tasks to queue
[2023-03-25T14:10:32.201-0400] {logging_mixin.py:137} INFO - [2023-03-25T14:10:32.201-0400] {dagbag.py:532} INFO - Filling up the DagBag from /Users/sunanda/Downloads/airflow/py_env/lib/python3.9/site-packages/airflow/example_dags/plugins/workday.py
[2023-03-25T14:10:32.206-0400] {processor.py:755} WARNING - No viable dags retrieved from /Users/sunanda/Downloads/airflow/py_env/lib/python3.9/site-packages/airflow/example_dags/plugins/workday.py
[2023-03-25T14:10:32.409-0400] {processor.py:175} INFO - Processing /Users/sunanda/Downloads/airflow/py_env/lib/python3.9/site-packages/airflow/example_dags/plugins/workday.py took 0.211 seconds
[2023-03-25T14:11:47.978-0400] {processor.py:153} INFO - Started process (PID=8312) to work on /Users/sunanda/Downloads/airflow/py_env/lib/python3.9/site-packages/airflow/example_dags/plugins/workday.py
[2023-03-25T14:11:47.980-0400] {processor.py:743} INFO - Processing file /Users/sunanda/Downloads/airflow/py_env/lib/python3.9/site-packages/airflow/example_dags/plugins/workday.py for tasks to queue
[2023-03-25T14:11:47.980-0400] {logging_mixin.py:137} INFO - [2023-03-25T14:11:47.980-0400] {dagbag.py:532} INFO - Filling up the DagBag from /Users/sunanda/Downloads/airflow/py_env/lib/python3.9/site-packages/airflow/example_dags/plugins/workday.py
[2023-03-25T14:11:47.985-0400] {processor.py:755} WARNING - No viable dags retrieved from /Users/sunanda/Downloads/airflow/py_env/lib/python3.9/site-packages/airflow/example_dags/plugins/workday.py
[2023-03-25T14:11:48.187-0400] {processor.py:175} INFO - Processing /Users/sunanda/Downloads/airflow/py_env/lib/python3.9/site-packages/airflow/example_dags/plugins/workday.py took 0.209 seconds
[2023-03-25T14:12:33.279-0400] {processor.py:153} INFO - Started process (PID=8401) to work on /Users/sunanda/Downloads/airflow/py_env/lib/python3.9/site-packages/airflow/example_dags/plugins/workday.py
[2023-03-25T14:12:33.282-0400] {processor.py:743} INFO - Processing file /Users/sunanda/Downloads/airflow/py_env/lib/python3.9/site-packages/airflow/example_dags/plugins/workday.py for tasks to queue
[2023-03-25T14:12:33.283-0400] {logging_mixin.py:137} INFO - [2023-03-25T14:12:33.283-0400] {dagbag.py:532} INFO - Filling up the DagBag from /Users/sunanda/Downloads/airflow/py_env/lib/python3.9/site-packages/airflow/example_dags/plugins/workday.py
[2023-03-25T14:12:33.288-0400] {processor.py:755} WARNING - No viable dags retrieved from /Users/sunanda/Downloads/airflow/py_env/lib/python3.9/site-packages/airflow/example_dags/plugins/workday.py
[2023-03-25T14:12:33.492-0400] {processor.py:175} INFO - Processing /Users/sunanda/Downloads/airflow/py_env/lib/python3.9/site-packages/airflow/example_dags/plugins/workday.py took 0.213 seconds
[2023-03-25T14:13:16.817-0400] {processor.py:153} INFO - Started process (PID=8467) to work on /Users/sunanda/Downloads/airflow/py_env/lib/python3.9/site-packages/airflow/example_dags/plugins/workday.py
[2023-03-25T14:13:16.820-0400] {processor.py:743} INFO - Processing file /Users/sunanda/Downloads/airflow/py_env/lib/python3.9/site-packages/airflow/example_dags/plugins/workday.py for tasks to queue
[2023-03-25T14:13:16.820-0400] {logging_mixin.py:137} INFO - [2023-03-25T14:13:16.820-0400] {dagbag.py:532} INFO - Filling up the DagBag from /Users/sunanda/Downloads/airflow/py_env/lib/python3.9/site-packages/airflow/example_dags/plugins/workday.py
[2023-03-25T14:13:16.825-0400] {processor.py:755} WARNING - No viable dags retrieved from /Users/sunanda/Downloads/airflow/py_env/lib/python3.9/site-packages/airflow/example_dags/plugins/workday.py
[2023-03-25T14:13:17.032-0400] {processor.py:175} INFO - Processing /Users/sunanda/Downloads/airflow/py_env/lib/python3.9/site-packages/airflow/example_dags/plugins/workday.py took 0.215 seconds
[2023-03-25T14:14:00.702-0400] {processor.py:153} INFO - Started process (PID=8537) to work on /Users/sunanda/Downloads/airflow/py_env/lib/python3.9/site-packages/airflow/example_dags/plugins/workday.py
[2023-03-25T14:14:00.704-0400] {processor.py:743} INFO - Processing file /Users/sunanda/Downloads/airflow/py_env/lib/python3.9/site-packages/airflow/example_dags/plugins/workday.py for tasks to queue
[2023-03-25T14:14:00.704-0400] {logging_mixin.py:137} INFO - [2023-03-25T14:14:00.704-0400] {dagbag.py:532} INFO - Filling up the DagBag from /Users/sunanda/Downloads/airflow/py_env/lib/python3.9/site-packages/airflow/example_dags/plugins/workday.py
[2023-03-25T14:14:00.710-0400] {processor.py:755} WARNING - No viable dags retrieved from /Users/sunanda/Downloads/airflow/py_env/lib/python3.9/site-packages/airflow/example_dags/plugins/workday.py
[2023-03-25T14:14:00.916-0400] {processor.py:175} INFO - Processing /Users/sunanda/Downloads/airflow/py_env/lib/python3.9/site-packages/airflow/example_dags/plugins/workday.py took 0.214 seconds
[2023-03-25T14:14:40.386-0400] {processor.py:153} INFO - Started process (PID=8600) to work on /Users/sunanda/Downloads/airflow/py_env/lib/python3.9/site-packages/airflow/example_dags/plugins/workday.py
[2023-03-25T14:14:40.389-0400] {processor.py:743} INFO - Processing file /Users/sunanda/Downloads/airflow/py_env/lib/python3.9/site-packages/airflow/example_dags/plugins/workday.py for tasks to queue
[2023-03-25T14:14:40.390-0400] {logging_mixin.py:137} INFO - [2023-03-25T14:14:40.390-0400] {dagbag.py:532} INFO - Filling up the DagBag from /Users/sunanda/Downloads/airflow/py_env/lib/python3.9/site-packages/airflow/example_dags/plugins/workday.py
[2023-03-25T14:14:40.395-0400] {processor.py:755} WARNING - No viable dags retrieved from /Users/sunanda/Downloads/airflow/py_env/lib/python3.9/site-packages/airflow/example_dags/plugins/workday.py
[2023-03-25T14:14:40.609-0400] {processor.py:175} INFO - Processing /Users/sunanda/Downloads/airflow/py_env/lib/python3.9/site-packages/airflow/example_dags/plugins/workday.py took 0.223 seconds
[2023-03-25T14:15:25.749-0400] {processor.py:153} INFO - Started process (PID=8669) to work on /Users/sunanda/Downloads/airflow/py_env/lib/python3.9/site-packages/airflow/example_dags/plugins/workday.py
[2023-03-25T14:15:25.752-0400] {processor.py:743} INFO - Processing file /Users/sunanda/Downloads/airflow/py_env/lib/python3.9/site-packages/airflow/example_dags/plugins/workday.py for tasks to queue
[2023-03-25T14:15:25.752-0400] {logging_mixin.py:137} INFO - [2023-03-25T14:15:25.752-0400] {dagbag.py:532} INFO - Filling up the DagBag from /Users/sunanda/Downloads/airflow/py_env/lib/python3.9/site-packages/airflow/example_dags/plugins/workday.py
[2023-03-25T14:15:25.757-0400] {processor.py:755} WARNING - No viable dags retrieved from /Users/sunanda/Downloads/airflow/py_env/lib/python3.9/site-packages/airflow/example_dags/plugins/workday.py
[2023-03-25T14:15:25.984-0400] {processor.py:175} INFO - Processing /Users/sunanda/Downloads/airflow/py_env/lib/python3.9/site-packages/airflow/example_dags/plugins/workday.py took 0.235 seconds
[2023-03-25T14:16:11.878-0400] {processor.py:153} INFO - Started process (PID=8739) to work on /Users/sunanda/Downloads/airflow/py_env/lib/python3.9/site-packages/airflow/example_dags/plugins/workday.py
[2023-03-25T14:16:11.880-0400] {processor.py:743} INFO - Processing file /Users/sunanda/Downloads/airflow/py_env/lib/python3.9/site-packages/airflow/example_dags/plugins/workday.py for tasks to queue
[2023-03-25T14:16:11.880-0400] {logging_mixin.py:137} INFO - [2023-03-25T14:16:11.880-0400] {dagbag.py:532} INFO - Filling up the DagBag from /Users/sunanda/Downloads/airflow/py_env/lib/python3.9/site-packages/airflow/example_dags/plugins/workday.py
[2023-03-25T14:16:11.885-0400] {processor.py:755} WARNING - No viable dags retrieved from /Users/sunanda/Downloads/airflow/py_env/lib/python3.9/site-packages/airflow/example_dags/plugins/workday.py
[2023-03-25T14:16:12.088-0400] {processor.py:175} INFO - Processing /Users/sunanda/Downloads/airflow/py_env/lib/python3.9/site-packages/airflow/example_dags/plugins/workday.py took 0.210 seconds
[2023-03-25T14:16:57.352-0400] {processor.py:153} INFO - Started process (PID=8811) to work on /Users/sunanda/Downloads/airflow/py_env/lib/python3.9/site-packages/airflow/example_dags/plugins/workday.py
[2023-03-25T14:16:57.354-0400] {processor.py:743} INFO - Processing file /Users/sunanda/Downloads/airflow/py_env/lib/python3.9/site-packages/airflow/example_dags/plugins/workday.py for tasks to queue
[2023-03-25T14:16:57.354-0400] {logging_mixin.py:137} INFO - [2023-03-25T14:16:57.354-0400] {dagbag.py:532} INFO - Filling up the DagBag from /Users/sunanda/Downloads/airflow/py_env/lib/python3.9/site-packages/airflow/example_dags/plugins/workday.py
[2023-03-25T14:16:57.359-0400] {processor.py:755} WARNING - No viable dags retrieved from /Users/sunanda/Downloads/airflow/py_env/lib/python3.9/site-packages/airflow/example_dags/plugins/workday.py
[2023-03-25T14:16:57.562-0400] {processor.py:175} INFO - Processing /Users/sunanda/Downloads/airflow/py_env/lib/python3.9/site-packages/airflow/example_dags/plugins/workday.py took 0.210 seconds
[2023-03-25T14:17:43.536-0400] {processor.py:153} INFO - Started process (PID=8884) to work on /Users/sunanda/Downloads/airflow/py_env/lib/python3.9/site-packages/airflow/example_dags/plugins/workday.py
[2023-03-25T14:17:43.538-0400] {processor.py:743} INFO - Processing file /Users/sunanda/Downloads/airflow/py_env/lib/python3.9/site-packages/airflow/example_dags/plugins/workday.py for tasks to queue
[2023-03-25T14:17:43.538-0400] {logging_mixin.py:137} INFO - [2023-03-25T14:17:43.538-0400] {dagbag.py:532} INFO - Filling up the DagBag from /Users/sunanda/Downloads/airflow/py_env/lib/python3.9/site-packages/airflow/example_dags/plugins/workday.py
[2023-03-25T14:17:43.544-0400] {processor.py:755} WARNING - No viable dags retrieved from /Users/sunanda/Downloads/airflow/py_env/lib/python3.9/site-packages/airflow/example_dags/plugins/workday.py
[2023-03-25T14:17:43.751-0400] {processor.py:175} INFO - Processing /Users/sunanda/Downloads/airflow/py_env/lib/python3.9/site-packages/airflow/example_dags/plugins/workday.py took 0.215 seconds
[2023-03-25T14:18:28.933-0400] {processor.py:153} INFO - Started process (PID=8977) to work on /Users/sunanda/Downloads/airflow/py_env/lib/python3.9/site-packages/airflow/example_dags/plugins/workday.py
[2023-03-25T14:18:28.935-0400] {processor.py:743} INFO - Processing file /Users/sunanda/Downloads/airflow/py_env/lib/python3.9/site-packages/airflow/example_dags/plugins/workday.py for tasks to queue
[2023-03-25T14:18:28.935-0400] {logging_mixin.py:137} INFO - [2023-03-25T14:18:28.935-0400] {dagbag.py:532} INFO - Filling up the DagBag from /Users/sunanda/Downloads/airflow/py_env/lib/python3.9/site-packages/airflow/example_dags/plugins/workday.py
[2023-03-25T14:18:28.941-0400] {processor.py:755} WARNING - No viable dags retrieved from /Users/sunanda/Downloads/airflow/py_env/lib/python3.9/site-packages/airflow/example_dags/plugins/workday.py
[2023-03-25T14:18:29.160-0400] {processor.py:175} INFO - Processing /Users/sunanda/Downloads/airflow/py_env/lib/python3.9/site-packages/airflow/example_dags/plugins/workday.py took 0.228 seconds
[2023-03-25T14:42:49.723-0400] {processor.py:153} INFO - Started process (PID=10689) to work on /Users/sunanda/Downloads/airflow/py_env/lib/python3.9/site-packages/airflow/example_dags/plugins/workday.py
[2023-03-25T14:42:49.726-0400] {processor.py:743} INFO - Processing file /Users/sunanda/Downloads/airflow/py_env/lib/python3.9/site-packages/airflow/example_dags/plugins/workday.py for tasks to queue
[2023-03-25T14:42:49.726-0400] {logging_mixin.py:137} INFO - [2023-03-25T14:42:49.726-0400] {dagbag.py:532} INFO - Filling up the DagBag from /Users/sunanda/Downloads/airflow/py_env/lib/python3.9/site-packages/airflow/example_dags/plugins/workday.py
[2023-03-25T14:42:49.732-0400] {processor.py:755} WARNING - No viable dags retrieved from /Users/sunanda/Downloads/airflow/py_env/lib/python3.9/site-packages/airflow/example_dags/plugins/workday.py
[2023-03-25T14:42:49.949-0400] {processor.py:175} INFO - Processing /Users/sunanda/Downloads/airflow/py_env/lib/python3.9/site-packages/airflow/example_dags/plugins/workday.py took 0.227 seconds
[2023-03-25T14:44:06.931-0400] {processor.py:153} INFO - Started process (PID=10836) to work on /Users/sunanda/Downloads/airflow/py_env/lib/python3.9/site-packages/airflow/example_dags/plugins/workday.py
[2023-03-25T14:44:06.933-0400] {processor.py:743} INFO - Processing file /Users/sunanda/Downloads/airflow/py_env/lib/python3.9/site-packages/airflow/example_dags/plugins/workday.py for tasks to queue
[2023-03-25T14:44:06.934-0400] {logging_mixin.py:137} INFO - [2023-03-25T14:44:06.934-0400] {dagbag.py:532} INFO - Filling up the DagBag from /Users/sunanda/Downloads/airflow/py_env/lib/python3.9/site-packages/airflow/example_dags/plugins/workday.py
[2023-03-25T14:44:06.939-0400] {processor.py:755} WARNING - No viable dags retrieved from /Users/sunanda/Downloads/airflow/py_env/lib/python3.9/site-packages/airflow/example_dags/plugins/workday.py
[2023-03-25T14:44:07.151-0400] {processor.py:175} INFO - Processing /Users/sunanda/Downloads/airflow/py_env/lib/python3.9/site-packages/airflow/example_dags/plugins/workday.py took 0.220 seconds
[2023-03-25T14:44:54.090-0400] {processor.py:153} INFO - Started process (PID=10915) to work on /Users/sunanda/Downloads/airflow/py_env/lib/python3.9/site-packages/airflow/example_dags/plugins/workday.py
[2023-03-25T14:44:54.093-0400] {processor.py:743} INFO - Processing file /Users/sunanda/Downloads/airflow/py_env/lib/python3.9/site-packages/airflow/example_dags/plugins/workday.py for tasks to queue
[2023-03-25T14:44:54.093-0400] {logging_mixin.py:137} INFO - [2023-03-25T14:44:54.093-0400] {dagbag.py:532} INFO - Filling up the DagBag from /Users/sunanda/Downloads/airflow/py_env/lib/python3.9/site-packages/airflow/example_dags/plugins/workday.py
[2023-03-25T14:44:54.100-0400] {processor.py:755} WARNING - No viable dags retrieved from /Users/sunanda/Downloads/airflow/py_env/lib/python3.9/site-packages/airflow/example_dags/plugins/workday.py
[2023-03-25T14:44:54.323-0400] {processor.py:175} INFO - Processing /Users/sunanda/Downloads/airflow/py_env/lib/python3.9/site-packages/airflow/example_dags/plugins/workday.py took 0.233 seconds
[2023-03-25T14:45:38.067-0400] {processor.py:153} INFO - Started process (PID=10983) to work on /Users/sunanda/Downloads/airflow/py_env/lib/python3.9/site-packages/airflow/example_dags/plugins/workday.py
[2023-03-25T14:45:38.069-0400] {processor.py:743} INFO - Processing file /Users/sunanda/Downloads/airflow/py_env/lib/python3.9/site-packages/airflow/example_dags/plugins/workday.py for tasks to queue
[2023-03-25T14:45:38.069-0400] {logging_mixin.py:137} INFO - [2023-03-25T14:45:38.069-0400] {dagbag.py:532} INFO - Filling up the DagBag from /Users/sunanda/Downloads/airflow/py_env/lib/python3.9/site-packages/airflow/example_dags/plugins/workday.py
[2023-03-25T14:45:38.075-0400] {processor.py:755} WARNING - No viable dags retrieved from /Users/sunanda/Downloads/airflow/py_env/lib/python3.9/site-packages/airflow/example_dags/plugins/workday.py
[2023-03-25T14:45:38.286-0400] {processor.py:175} INFO - Processing /Users/sunanda/Downloads/airflow/py_env/lib/python3.9/site-packages/airflow/example_dags/plugins/workday.py took 0.219 seconds
[2023-03-25T14:46:23.087-0400] {processor.py:153} INFO - Started process (PID=11054) to work on /Users/sunanda/Downloads/airflow/py_env/lib/python3.9/site-packages/airflow/example_dags/plugins/workday.py
[2023-03-25T14:46:23.090-0400] {processor.py:743} INFO - Processing file /Users/sunanda/Downloads/airflow/py_env/lib/python3.9/site-packages/airflow/example_dags/plugins/workday.py for tasks to queue
[2023-03-25T14:46:23.090-0400] {logging_mixin.py:137} INFO - [2023-03-25T14:46:23.090-0400] {dagbag.py:532} INFO - Filling up the DagBag from /Users/sunanda/Downloads/airflow/py_env/lib/python3.9/site-packages/airflow/example_dags/plugins/workday.py
[2023-03-25T14:46:23.096-0400] {processor.py:755} WARNING - No viable dags retrieved from /Users/sunanda/Downloads/airflow/py_env/lib/python3.9/site-packages/airflow/example_dags/plugins/workday.py
[2023-03-25T14:46:23.318-0400] {processor.py:175} INFO - Processing /Users/sunanda/Downloads/airflow/py_env/lib/python3.9/site-packages/airflow/example_dags/plugins/workday.py took 0.231 seconds
[2023-03-25T14:47:09.893-0400] {processor.py:153} INFO - Started process (PID=11125) to work on /Users/sunanda/Downloads/airflow/py_env/lib/python3.9/site-packages/airflow/example_dags/plugins/workday.py
[2023-03-25T14:47:09.896-0400] {processor.py:743} INFO - Processing file /Users/sunanda/Downloads/airflow/py_env/lib/python3.9/site-packages/airflow/example_dags/plugins/workday.py for tasks to queue
[2023-03-25T14:47:09.896-0400] {logging_mixin.py:137} INFO - [2023-03-25T14:47:09.896-0400] {dagbag.py:532} INFO - Filling up the DagBag from /Users/sunanda/Downloads/airflow/py_env/lib/python3.9/site-packages/airflow/example_dags/plugins/workday.py
[2023-03-25T14:47:09.902-0400] {processor.py:755} WARNING - No viable dags retrieved from /Users/sunanda/Downloads/airflow/py_env/lib/python3.9/site-packages/airflow/example_dags/plugins/workday.py
[2023-03-25T14:47:10.118-0400] {processor.py:175} INFO - Processing /Users/sunanda/Downloads/airflow/py_env/lib/python3.9/site-packages/airflow/example_dags/plugins/workday.py took 0.225 seconds
[2023-03-25T14:47:55.124-0400] {processor.py:153} INFO - Started process (PID=11196) to work on /Users/sunanda/Downloads/airflow/py_env/lib/python3.9/site-packages/airflow/example_dags/plugins/workday.py
[2023-03-25T14:47:55.127-0400] {processor.py:743} INFO - Processing file /Users/sunanda/Downloads/airflow/py_env/lib/python3.9/site-packages/airflow/example_dags/plugins/workday.py for tasks to queue
[2023-03-25T14:47:55.127-0400] {logging_mixin.py:137} INFO - [2023-03-25T14:47:55.127-0400] {dagbag.py:532} INFO - Filling up the DagBag from /Users/sunanda/Downloads/airflow/py_env/lib/python3.9/site-packages/airflow/example_dags/plugins/workday.py
[2023-03-25T14:47:55.132-0400] {processor.py:755} WARNING - No viable dags retrieved from /Users/sunanda/Downloads/airflow/py_env/lib/python3.9/site-packages/airflow/example_dags/plugins/workday.py
[2023-03-25T14:47:55.345-0400] {processor.py:175} INFO - Processing /Users/sunanda/Downloads/airflow/py_env/lib/python3.9/site-packages/airflow/example_dags/plugins/workday.py took 0.221 seconds
[2023-03-25T16:12:20.909-0400] {processor.py:153} INFO - Started process (PID=17920) to work on /Users/sunanda/Downloads/airflow/py_env/lib/python3.9/site-packages/airflow/example_dags/plugins/workday.py
[2023-03-25T16:12:20.912-0400] {processor.py:743} INFO - Processing file /Users/sunanda/Downloads/airflow/py_env/lib/python3.9/site-packages/airflow/example_dags/plugins/workday.py for tasks to queue
[2023-03-25T16:12:20.913-0400] {logging_mixin.py:137} INFO - [2023-03-25T16:12:20.913-0400] {dagbag.py:532} INFO - Filling up the DagBag from /Users/sunanda/Downloads/airflow/py_env/lib/python3.9/site-packages/airflow/example_dags/plugins/workday.py
[2023-03-25T16:12:20.919-0400] {processor.py:755} WARNING - No viable dags retrieved from /Users/sunanda/Downloads/airflow/py_env/lib/python3.9/site-packages/airflow/example_dags/plugins/workday.py
[2023-03-25T16:12:21.133-0400] {processor.py:175} INFO - Processing /Users/sunanda/Downloads/airflow/py_env/lib/python3.9/site-packages/airflow/example_dags/plugins/workday.py took 0.224 seconds
