[2023-03-26T00:16:53.714-0400] {processor.py:153} INFO - Started process (PID=35192) to work on /Users/sunanda/Downloads/airflow/py_env/lib/python3.9/site-packages/airflow/example_dags/tutorial_taskflow_api.py
[2023-03-26T00:16:53.723-0400] {processor.py:743} INFO - Processing file /Users/sunanda/Downloads/airflow/py_env/lib/python3.9/site-packages/airflow/example_dags/tutorial_taskflow_api.py for tasks to queue
[2023-03-26T00:16:53.723-0400] {logging_mixin.py:137} INFO - [2023-03-26T00:16:53.723-0400] {dagbag.py:532} INFO - Filling up the DagBag from /Users/sunanda/Downloads/airflow/py_env/lib/python3.9/site-packages/airflow/example_dags/tutorial_taskflow_api.py
[2023-03-26T00:16:53.763-0400] {processor.py:753} INFO - DAG(s) dict_keys(['tutorial_taskflow_api']) retrieved from /Users/sunanda/Downloads/airflow/py_env/lib/python3.9/site-packages/airflow/example_dags/tutorial_taskflow_api.py
[2023-03-26T00:16:54.123-0400] {logging_mixin.py:137} INFO - [2023-03-26T00:16:54.123-0400] {dag.py:2693} INFO - Sync 1 DAGs
[2023-03-26T00:16:54.130-0400] {logging_mixin.py:137} INFO - [2023-03-26T00:16:54.130-0400] {dag.py:3440} INFO - Setting next_dagrun for tutorial_taskflow_api to None, run_after=None
[2023-03-26T00:16:54.138-0400] {processor.py:175} INFO - Processing /Users/sunanda/Downloads/airflow/py_env/lib/python3.9/site-packages/airflow/example_dags/tutorial_taskflow_api.py took 0.424 seconds
[2023-03-26T00:20:53.485-0400] {processor.py:153} INFO - Started process (PID=35462) to work on /Users/sunanda/Downloads/airflow/py_env/lib/python3.9/site-packages/airflow/example_dags/tutorial_taskflow_api.py
[2023-03-26T00:20:53.488-0400] {processor.py:743} INFO - Processing file /Users/sunanda/Downloads/airflow/py_env/lib/python3.9/site-packages/airflow/example_dags/tutorial_taskflow_api.py for tasks to queue
[2023-03-26T00:20:53.488-0400] {logging_mixin.py:137} INFO - [2023-03-26T00:20:53.488-0400] {dagbag.py:532} INFO - Filling up the DagBag from /Users/sunanda/Downloads/airflow/py_env/lib/python3.9/site-packages/airflow/example_dags/tutorial_taskflow_api.py
[2023-03-26T00:20:53.537-0400] {processor.py:753} INFO - DAG(s) dict_keys(['tutorial_taskflow_api']) retrieved from /Users/sunanda/Downloads/airflow/py_env/lib/python3.9/site-packages/airflow/example_dags/tutorial_taskflow_api.py
[2023-03-26T00:20:53.843-0400] {logging_mixin.py:137} INFO - [2023-03-26T00:20:53.843-0400] {dag.py:2693} INFO - Sync 1 DAGs
[2023-03-26T00:20:53.864-0400] {logging_mixin.py:137} INFO - [2023-03-26T00:20:53.864-0400] {dag.py:3440} INFO - Setting next_dagrun for tutorial_taskflow_api to None, run_after=None
[2023-03-26T00:20:53.885-0400] {processor.py:175} INFO - Processing /Users/sunanda/Downloads/airflow/py_env/lib/python3.9/site-packages/airflow/example_dags/tutorial_taskflow_api.py took 0.401 seconds
[2023-03-26T00:38:46.237-0400] {processor.py:153} INFO - Started process (PID=36742) to work on /Users/sunanda/Downloads/airflow/py_env/lib/python3.9/site-packages/airflow/example_dags/tutorial_taskflow_api.py
[2023-03-26T00:38:46.243-0400] {processor.py:743} INFO - Processing file /Users/sunanda/Downloads/airflow/py_env/lib/python3.9/site-packages/airflow/example_dags/tutorial_taskflow_api.py for tasks to queue
[2023-03-26T00:38:46.243-0400] {logging_mixin.py:137} INFO - [2023-03-26T00:38:46.243-0400] {dagbag.py:532} INFO - Filling up the DagBag from /Users/sunanda/Downloads/airflow/py_env/lib/python3.9/site-packages/airflow/example_dags/tutorial_taskflow_api.py
[2023-03-26T00:38:46.270-0400] {processor.py:753} INFO - DAG(s) dict_keys(['tutorial_taskflow_api']) retrieved from /Users/sunanda/Downloads/airflow/py_env/lib/python3.9/site-packages/airflow/example_dags/tutorial_taskflow_api.py
[2023-03-26T00:38:46.911-0400] {logging_mixin.py:137} INFO - [2023-03-26T00:38:46.911-0400] {dag.py:2693} INFO - Sync 1 DAGs
[2023-03-26T00:38:46.918-0400] {logging_mixin.py:137} INFO - [2023-03-26T00:38:46.918-0400] {dag.py:3440} INFO - Setting next_dagrun for tutorial_taskflow_api to None, run_after=None
[2023-03-26T00:38:46.926-0400] {processor.py:175} INFO - Processing /Users/sunanda/Downloads/airflow/py_env/lib/python3.9/site-packages/airflow/example_dags/tutorial_taskflow_api.py took 0.689 seconds
[2023-03-26T00:46:18.760-0400] {processor.py:153} INFO - Started process (PID=37313) to work on /Users/sunanda/Downloads/airflow/py_env/lib/python3.9/site-packages/airflow/example_dags/tutorial_taskflow_api.py
[2023-03-26T00:46:18.777-0400] {processor.py:743} INFO - Processing file /Users/sunanda/Downloads/airflow/py_env/lib/python3.9/site-packages/airflow/example_dags/tutorial_taskflow_api.py for tasks to queue
[2023-03-26T00:46:18.778-0400] {logging_mixin.py:137} INFO - [2023-03-26T00:46:18.778-0400] {dagbag.py:532} INFO - Filling up the DagBag from /Users/sunanda/Downloads/airflow/py_env/lib/python3.9/site-packages/airflow/example_dags/tutorial_taskflow_api.py
[2023-03-26T00:46:18.863-0400] {processor.py:753} INFO - DAG(s) dict_keys(['tutorial_taskflow_api']) retrieved from /Users/sunanda/Downloads/airflow/py_env/lib/python3.9/site-packages/airflow/example_dags/tutorial_taskflow_api.py
[2023-03-26T00:46:20.373-0400] {logging_mixin.py:137} INFO - [2023-03-26T00:46:20.373-0400] {dag.py:2693} INFO - Sync 1 DAGs
[2023-03-26T00:46:20.379-0400] {logging_mixin.py:137} INFO - [2023-03-26T00:46:20.379-0400] {dag.py:3440} INFO - Setting next_dagrun for tutorial_taskflow_api to None, run_after=None
[2023-03-26T00:46:20.389-0400] {processor.py:175} INFO - Processing /Users/sunanda/Downloads/airflow/py_env/lib/python3.9/site-packages/airflow/example_dags/tutorial_taskflow_api.py took 1.630 seconds
