[2023-03-26T00:16:52.242-0400] {processor.py:153} INFO - Started process (PID=35189) to work on /Users/sunanda/Downloads/airflow/py_env/lib/python3.9/site-packages/airflow/example_dags/tutorial_taskflow_api_virtualenv.py
[2023-03-26T00:16:52.244-0400] {processor.py:743} INFO - Processing file /Users/sunanda/Downloads/airflow/py_env/lib/python3.9/site-packages/airflow/example_dags/tutorial_taskflow_api_virtualenv.py for tasks to queue
[2023-03-26T00:16:52.244-0400] {logging_mixin.py:137} INFO - [2023-03-26T00:16:52.244-0400] {dagbag.py:532} INFO - Filling up the DagBag from /Users/sunanda/Downloads/airflow/py_env/lib/python3.9/site-packages/airflow/example_dags/tutorial_taskflow_api_virtualenv.py
[2023-03-26T00:16:52.268-0400] {processor.py:753} INFO - DAG(s) dict_keys(['tutorial_taskflow_api_virtualenv']) retrieved from /Users/sunanda/Downloads/airflow/py_env/lib/python3.9/site-packages/airflow/example_dags/tutorial_taskflow_api_virtualenv.py
[2023-03-26T00:16:52.678-0400] {logging_mixin.py:137} INFO - [2023-03-26T00:16:52.678-0400] {dag.py:2693} INFO - Sync 1 DAGs
[2023-03-26T00:16:52.695-0400] {logging_mixin.py:137} INFO - [2023-03-26T00:16:52.695-0400] {dag.py:3440} INFO - Setting next_dagrun for tutorial_taskflow_api_virtualenv to None, run_after=None
[2023-03-26T00:16:52.709-0400] {processor.py:175} INFO - Processing /Users/sunanda/Downloads/airflow/py_env/lib/python3.9/site-packages/airflow/example_dags/tutorial_taskflow_api_virtualenv.py took 0.468 seconds
[2023-03-26T00:20:50.611-0400] {processor.py:153} INFO - Started process (PID=35457) to work on /Users/sunanda/Downloads/airflow/py_env/lib/python3.9/site-packages/airflow/example_dags/tutorial_taskflow_api_virtualenv.py
[2023-03-26T00:20:50.615-0400] {processor.py:743} INFO - Processing file /Users/sunanda/Downloads/airflow/py_env/lib/python3.9/site-packages/airflow/example_dags/tutorial_taskflow_api_virtualenv.py for tasks to queue
[2023-03-26T00:20:50.615-0400] {logging_mixin.py:137} INFO - [2023-03-26T00:20:50.615-0400] {dagbag.py:532} INFO - Filling up the DagBag from /Users/sunanda/Downloads/airflow/py_env/lib/python3.9/site-packages/airflow/example_dags/tutorial_taskflow_api_virtualenv.py
[2023-03-26T00:20:50.636-0400] {processor.py:753} INFO - DAG(s) dict_keys(['tutorial_taskflow_api_virtualenv']) retrieved from /Users/sunanda/Downloads/airflow/py_env/lib/python3.9/site-packages/airflow/example_dags/tutorial_taskflow_api_virtualenv.py
[2023-03-26T00:20:51.081-0400] {logging_mixin.py:137} INFO - [2023-03-26T00:20:51.081-0400] {dag.py:2693} INFO - Sync 1 DAGs
[2023-03-26T00:20:51.090-0400] {logging_mixin.py:137} INFO - [2023-03-26T00:20:51.090-0400] {dag.py:3440} INFO - Setting next_dagrun for tutorial_taskflow_api_virtualenv to None, run_after=None
[2023-03-26T00:20:51.108-0400] {processor.py:175} INFO - Processing /Users/sunanda/Downloads/airflow/py_env/lib/python3.9/site-packages/airflow/example_dags/tutorial_taskflow_api_virtualenv.py took 0.498 seconds
[2023-03-26T00:38:42.230-0400] {processor.py:153} INFO - Started process (PID=36737) to work on /Users/sunanda/Downloads/airflow/py_env/lib/python3.9/site-packages/airflow/example_dags/tutorial_taskflow_api_virtualenv.py
[2023-03-26T00:38:42.233-0400] {processor.py:743} INFO - Processing file /Users/sunanda/Downloads/airflow/py_env/lib/python3.9/site-packages/airflow/example_dags/tutorial_taskflow_api_virtualenv.py for tasks to queue
[2023-03-26T00:38:42.233-0400] {logging_mixin.py:137} INFO - [2023-03-26T00:38:42.233-0400] {dagbag.py:532} INFO - Filling up the DagBag from /Users/sunanda/Downloads/airflow/py_env/lib/python3.9/site-packages/airflow/example_dags/tutorial_taskflow_api_virtualenv.py
[2023-03-26T00:38:42.264-0400] {processor.py:753} INFO - DAG(s) dict_keys(['tutorial_taskflow_api_virtualenv']) retrieved from /Users/sunanda/Downloads/airflow/py_env/lib/python3.9/site-packages/airflow/example_dags/tutorial_taskflow_api_virtualenv.py
[2023-03-26T00:38:43.083-0400] {logging_mixin.py:137} INFO - [2023-03-26T00:38:43.083-0400] {dag.py:2693} INFO - Sync 1 DAGs
[2023-03-26T00:38:43.105-0400] {logging_mixin.py:137} INFO - [2023-03-26T00:38:43.105-0400] {dag.py:3440} INFO - Setting next_dagrun for tutorial_taskflow_api_virtualenv to None, run_after=None
[2023-03-26T00:38:43.113-0400] {processor.py:175} INFO - Processing /Users/sunanda/Downloads/airflow/py_env/lib/python3.9/site-packages/airflow/example_dags/tutorial_taskflow_api_virtualenv.py took 0.884 seconds
[2023-03-26T00:46:13.368-0400] {processor.py:153} INFO - Started process (PID=37309) to work on /Users/sunanda/Downloads/airflow/py_env/lib/python3.9/site-packages/airflow/example_dags/tutorial_taskflow_api_virtualenv.py
[2023-03-26T00:46:13.377-0400] {processor.py:743} INFO - Processing file /Users/sunanda/Downloads/airflow/py_env/lib/python3.9/site-packages/airflow/example_dags/tutorial_taskflow_api_virtualenv.py for tasks to queue
[2023-03-26T00:46:13.377-0400] {logging_mixin.py:137} INFO - [2023-03-26T00:46:13.377-0400] {dagbag.py:532} INFO - Filling up the DagBag from /Users/sunanda/Downloads/airflow/py_env/lib/python3.9/site-packages/airflow/example_dags/tutorial_taskflow_api_virtualenv.py
[2023-03-26T00:46:13.403-0400] {processor.py:753} INFO - DAG(s) dict_keys(['tutorial_taskflow_api_virtualenv']) retrieved from /Users/sunanda/Downloads/airflow/py_env/lib/python3.9/site-packages/airflow/example_dags/tutorial_taskflow_api_virtualenv.py
[2023-03-26T00:46:13.996-0400] {logging_mixin.py:137} INFO - [2023-03-26T00:46:13.996-0400] {dag.py:2693} INFO - Sync 1 DAGs
[2023-03-26T00:46:14.008-0400] {logging_mixin.py:137} INFO - [2023-03-26T00:46:14.008-0400] {dag.py:3440} INFO - Setting next_dagrun for tutorial_taskflow_api_virtualenv to None, run_after=None
[2023-03-26T00:46:14.019-0400] {processor.py:175} INFO - Processing /Users/sunanda/Downloads/airflow/py_env/lib/python3.9/site-packages/airflow/example_dags/tutorial_taskflow_api_virtualenv.py took 0.652 seconds
