[2023-03-26T00:16:58.597-0400] {processor.py:153} INFO - Started process (PID=35199) to work on /Users/sunanda/Downloads/airflow/py_env/lib/python3.9/site-packages/airflow/example_dags/tutorial.py
[2023-03-26T00:16:58.602-0400] {processor.py:743} INFO - Processing file /Users/sunanda/Downloads/airflow/py_env/lib/python3.9/site-packages/airflow/example_dags/tutorial.py for tasks to queue
[2023-03-26T00:16:58.603-0400] {logging_mixin.py:137} INFO - [2023-03-26T00:16:58.602-0400] {dagbag.py:532} INFO - Filling up the DagBag from /Users/sunanda/Downloads/airflow/py_env/lib/python3.9/site-packages/airflow/example_dags/tutorial.py
[2023-03-26T00:16:58.637-0400] {processor.py:753} INFO - DAG(s) dict_keys(['tutorial']) retrieved from /Users/sunanda/Downloads/airflow/py_env/lib/python3.9/site-packages/airflow/example_dags/tutorial.py
[2023-03-26T00:16:58.941-0400] {logging_mixin.py:137} INFO - [2023-03-26T00:16:58.941-0400] {dag.py:2693} INFO - Sync 1 DAGs
[2023-03-26T00:16:58.955-0400] {logging_mixin.py:137} INFO - [2023-03-26T00:16:58.955-0400] {dag.py:3440} INFO - Setting next_dagrun for tutorial to 2023-03-25T04:16:58.955498+00:00, run_after=2023-03-26T04:16:58.955498+00:00
[2023-03-26T00:16:58.967-0400] {processor.py:175} INFO - Processing /Users/sunanda/Downloads/airflow/py_env/lib/python3.9/site-packages/airflow/example_dags/tutorial.py took 0.371 seconds
[2023-03-26T00:20:59.072-0400] {processor.py:153} INFO - Started process (PID=35469) to work on /Users/sunanda/Downloads/airflow/py_env/lib/python3.9/site-packages/airflow/example_dags/tutorial.py
[2023-03-26T00:20:59.077-0400] {processor.py:743} INFO - Processing file /Users/sunanda/Downloads/airflow/py_env/lib/python3.9/site-packages/airflow/example_dags/tutorial.py for tasks to queue
[2023-03-26T00:20:59.077-0400] {logging_mixin.py:137} INFO - [2023-03-26T00:20:59.077-0400] {dagbag.py:532} INFO - Filling up the DagBag from /Users/sunanda/Downloads/airflow/py_env/lib/python3.9/site-packages/airflow/example_dags/tutorial.py
[2023-03-26T00:20:59.089-0400] {processor.py:753} INFO - DAG(s) dict_keys(['tutorial']) retrieved from /Users/sunanda/Downloads/airflow/py_env/lib/python3.9/site-packages/airflow/example_dags/tutorial.py
[2023-03-26T00:20:59.868-0400] {logging_mixin.py:137} INFO - [2023-03-26T00:20:59.868-0400] {dag.py:2693} INFO - Sync 1 DAGs
[2023-03-26T00:20:59.889-0400] {logging_mixin.py:137} INFO - [2023-03-26T00:20:59.889-0400] {dag.py:3440} INFO - Setting next_dagrun for tutorial to 2023-03-25T04:20:59.888956+00:00, run_after=2023-03-26T04:20:59.888956+00:00
[2023-03-26T00:20:59.909-0400] {processor.py:175} INFO - Processing /Users/sunanda/Downloads/airflow/py_env/lib/python3.9/site-packages/airflow/example_dags/tutorial.py took 0.837 seconds
[2023-03-26T00:38:53.379-0400] {processor.py:153} INFO - Started process (PID=36752) to work on /Users/sunanda/Downloads/airflow/py_env/lib/python3.9/site-packages/airflow/example_dags/tutorial.py
[2023-03-26T00:38:53.383-0400] {processor.py:743} INFO - Processing file /Users/sunanda/Downloads/airflow/py_env/lib/python3.9/site-packages/airflow/example_dags/tutorial.py for tasks to queue
[2023-03-26T00:38:53.383-0400] {logging_mixin.py:137} INFO - [2023-03-26T00:38:53.383-0400] {dagbag.py:532} INFO - Filling up the DagBag from /Users/sunanda/Downloads/airflow/py_env/lib/python3.9/site-packages/airflow/example_dags/tutorial.py
[2023-03-26T00:38:53.397-0400] {processor.py:753} INFO - DAG(s) dict_keys(['tutorial']) retrieved from /Users/sunanda/Downloads/airflow/py_env/lib/python3.9/site-packages/airflow/example_dags/tutorial.py
[2023-03-26T00:38:54.031-0400] {logging_mixin.py:137} INFO - [2023-03-26T00:38:54.031-0400] {dag.py:2693} INFO - Sync 1 DAGs
[2023-03-26T00:38:54.039-0400] {logging_mixin.py:137} INFO - [2023-03-26T00:38:54.038-0400] {dag.py:3440} INFO - Setting next_dagrun for tutorial to 2023-03-25T04:38:54.038914+00:00, run_after=2023-03-26T04:38:54.038914+00:00
[2023-03-26T00:38:54.096-0400] {processor.py:175} INFO - Processing /Users/sunanda/Downloads/airflow/py_env/lib/python3.9/site-packages/airflow/example_dags/tutorial.py took 0.717 seconds
