[2023-03-24T19:36:54.888-0400] {taskinstance.py:1084} INFO - Dependencies all met for dep_context=non-requeueable deps ti=<TaskInstance: api_dag.is_api_active manual__2023-03-22T23:21:21.366461+00:00 [queued]>
[2023-03-24T19:36:54.893-0400] {taskinstance.py:1084} INFO - Dependencies all met for dep_context=requeueable deps ti=<TaskInstance: api_dag.is_api_active manual__2023-03-22T23:21:21.366461+00:00 [queued]>
[2023-03-24T19:36:54.893-0400] {taskinstance.py:1282} INFO - 
--------------------------------------------------------------------------------
[2023-03-24T19:36:54.893-0400] {taskinstance.py:1283} INFO - Starting attempt 2 of 1
[2023-03-24T19:36:54.893-0400] {taskinstance.py:1284} INFO - 
--------------------------------------------------------------------------------
[2023-03-24T19:36:54.898-0400] {taskinstance.py:1303} INFO - Executing <Task(HttpSensor): is_api_active> on 2023-03-22 23:21:21.366461+00:00
[2023-03-24T19:36:54.900-0400] {standard_task_runner.py:55} INFO - Started process 37997 to run task
[2023-03-24T19:36:54.903-0400] {standard_task_runner.py:82} INFO - Running: ['airflow', 'tasks', 'run', 'api_dag', 'is_api_active', 'manual__2023-03-22T23:21:21.366461+00:00', '--job-id', '93', '--raw', '--subdir', 'DAGS_FOLDER/weatherapi_test.py', '--cfg-path', '/var/folders/71/zhs_yc7n05l7c97rnhn92bb80000gn/T/tmpi61r2t9g']
[2023-03-24T19:36:54.903-0400] {standard_task_runner.py:83} INFO - Job 93: Subtask is_api_active
[2023-03-24T19:36:54.922-0400] {task_command.py:388} INFO - Running <TaskInstance: api_dag.is_api_active manual__2023-03-22T23:21:21.366461+00:00 [running]> on host sunandas-laptop.hsd1.ga.comcast.net
[2023-03-24T19:36:54.941-0400] {taskinstance.py:1509} INFO - Exporting the following env vars:
AIRFLOW_CTX_DAG_OWNER=airflow
AIRFLOW_CTX_DAG_ID=api_dag
AIRFLOW_CTX_TASK_ID=is_api_active
AIRFLOW_CTX_EXECUTION_DATE=2023-03-22T23:21:21.366461+00:00
AIRFLOW_CTX_TRY_NUMBER=2
AIRFLOW_CTX_DAG_RUN_ID=manual__2023-03-22T23:21:21.366461+00:00
[2023-03-24T19:36:54.941-0400] {http.py:122} INFO - Poking: weather?q=Atlanta,Georgia,US&units=standard&appid=94ca56afa3eee20f7100985fdfe682aa
[2023-03-24T19:36:54.944-0400] {base.py:73} INFO - Using connection ID 'my_api_connection' for task execution.
