[2023-03-21T20:24:16.462-0400] {taskinstance.py:1084} INFO - Dependencies all met for dep_context=non-requeueable deps ti=<TaskInstance: api_dag.get_posts scheduled__2023-03-19T00:00:00+00:00 [queued]>
[2023-03-21T20:24:16.468-0400] {taskinstance.py:1084} INFO - Dependencies all met for dep_context=requeueable deps ti=<TaskInstance: api_dag.get_posts scheduled__2023-03-19T00:00:00+00:00 [queued]>
[2023-03-21T20:24:16.468-0400] {taskinstance.py:1282} INFO - 
--------------------------------------------------------------------------------
[2023-03-21T20:24:16.468-0400] {taskinstance.py:1283} INFO - Starting attempt 2 of 1
[2023-03-21T20:24:16.468-0400] {taskinstance.py:1284} INFO - 
--------------------------------------------------------------------------------
[2023-03-21T20:24:16.472-0400] {taskinstance.py:1303} INFO - Executing <Task(SimpleHttpOperator): get_posts> on 2023-03-19 00:00:00+00:00
[2023-03-21T20:24:16.474-0400] {standard_task_runner.py:55} INFO - Started process 42644 to run task
[2023-03-21T20:24:16.477-0400] {standard_task_runner.py:82} INFO - Running: ['airflow', 'tasks', 'run', 'api_dag', 'get_posts', 'scheduled__2023-03-19T00:00:00+00:00', '--job-id', '12', '--raw', '--subdir', 'DAGS_FOLDER/weatherapi_test.py', '--cfg-path', '/var/folders/71/zhs_yc7n05l7c97rnhn92bb80000gn/T/tmp0fdwea_t']
[2023-03-21T20:24:16.478-0400] {standard_task_runner.py:83} INFO - Job 12: Subtask get_posts
[2023-03-21T20:24:16.498-0400] {task_command.py:388} INFO - Running <TaskInstance: api_dag.get_posts scheduled__2023-03-19T00:00:00+00:00 [running]> on host sunandas-laptop.hsd1.ga.comcast.net
[2023-03-21T20:24:16.515-0400] {taskinstance.py:1509} INFO - Exporting the following env vars:
AIRFLOW_CTX_DAG_OWNER=airflow
AIRFLOW_CTX_DAG_ID=api_dag
AIRFLOW_CTX_TASK_ID=get_posts
AIRFLOW_CTX_EXECUTION_DATE=2023-03-19T00:00:00+00:00
AIRFLOW_CTX_TRY_NUMBER=2
AIRFLOW_CTX_DAG_RUN_ID=scheduled__2023-03-19T00:00:00+00:00
[2023-03-21T20:24:16.516-0400] {http.py:123} INFO - Calling HTTP method
[2023-03-21T20:24:16.518-0400] {base.py:73} INFO - Using connection ID 'my_api_connection' for task execution.
