[2023-03-22T14:53:35.363-0400] {processor.py:153} INFO - Started process (PID=69535) to work on /Users/sunanda/Downloads/airflow/py_env/lib/python3.9/site-packages/airflow/example_dags/plugins/workday.py
[2023-03-22T14:53:35.365-0400] {processor.py:743} INFO - Processing file /Users/sunanda/Downloads/airflow/py_env/lib/python3.9/site-packages/airflow/example_dags/plugins/workday.py for tasks to queue
[2023-03-22T14:53:35.366-0400] {logging_mixin.py:137} INFO - [2023-03-22T14:53:35.366-0400] {dagbag.py:538} INFO - Filling up the DagBag from /Users/sunanda/Downloads/airflow/py_env/lib/python3.9/site-packages/airflow/example_dags/plugins/workday.py
[2023-03-22T14:53:35.372-0400] {processor.py:755} WARNING - No viable dags retrieved from /Users/sunanda/Downloads/airflow/py_env/lib/python3.9/site-packages/airflow/example_dags/plugins/workday.py
[2023-03-22T14:53:35.569-0400] {processor.py:175} INFO - Processing /Users/sunanda/Downloads/airflow/py_env/lib/python3.9/site-packages/airflow/example_dags/plugins/workday.py took 0.207 seconds
[2023-03-22T14:54:48.855-0400] {processor.py:153} INFO - Started process (PID=69649) to work on /Users/sunanda/Downloads/airflow/py_env/lib/python3.9/site-packages/airflow/example_dags/plugins/workday.py
[2023-03-22T14:54:48.857-0400] {processor.py:743} INFO - Processing file /Users/sunanda/Downloads/airflow/py_env/lib/python3.9/site-packages/airflow/example_dags/plugins/workday.py for tasks to queue
[2023-03-22T14:54:48.857-0400] {logging_mixin.py:137} INFO - [2023-03-22T14:54:48.857-0400] {dagbag.py:538} INFO - Filling up the DagBag from /Users/sunanda/Downloads/airflow/py_env/lib/python3.9/site-packages/airflow/example_dags/plugins/workday.py
[2023-03-22T14:54:48.864-0400] {processor.py:755} WARNING - No viable dags retrieved from /Users/sunanda/Downloads/airflow/py_env/lib/python3.9/site-packages/airflow/example_dags/plugins/workday.py
[2023-03-22T14:54:49.068-0400] {processor.py:175} INFO - Processing /Users/sunanda/Downloads/airflow/py_env/lib/python3.9/site-packages/airflow/example_dags/plugins/workday.py took 0.213 seconds
[2023-03-22T14:55:30.058-0400] {processor.py:153} INFO - Started process (PID=69714) to work on /Users/sunanda/Downloads/airflow/py_env/lib/python3.9/site-packages/airflow/example_dags/plugins/workday.py
[2023-03-22T14:55:30.060-0400] {processor.py:743} INFO - Processing file /Users/sunanda/Downloads/airflow/py_env/lib/python3.9/site-packages/airflow/example_dags/plugins/workday.py for tasks to queue
[2023-03-22T14:55:30.060-0400] {logging_mixin.py:137} INFO - [2023-03-22T14:55:30.060-0400] {dagbag.py:538} INFO - Filling up the DagBag from /Users/sunanda/Downloads/airflow/py_env/lib/python3.9/site-packages/airflow/example_dags/plugins/workday.py
[2023-03-22T14:55:30.066-0400] {processor.py:755} WARNING - No viable dags retrieved from /Users/sunanda/Downloads/airflow/py_env/lib/python3.9/site-packages/airflow/example_dags/plugins/workday.py
[2023-03-22T14:55:30.263-0400] {processor.py:175} INFO - Processing /Users/sunanda/Downloads/airflow/py_env/lib/python3.9/site-packages/airflow/example_dags/plugins/workday.py took 0.206 seconds
[2023-03-22T14:56:10.177-0400] {processor.py:153} INFO - Started process (PID=69779) to work on /Users/sunanda/Downloads/airflow/py_env/lib/python3.9/site-packages/airflow/example_dags/plugins/workday.py
[2023-03-22T14:56:10.179-0400] {processor.py:743} INFO - Processing file /Users/sunanda/Downloads/airflow/py_env/lib/python3.9/site-packages/airflow/example_dags/plugins/workday.py for tasks to queue
[2023-03-22T14:56:10.180-0400] {logging_mixin.py:137} INFO - [2023-03-22T14:56:10.179-0400] {dagbag.py:538} INFO - Filling up the DagBag from /Users/sunanda/Downloads/airflow/py_env/lib/python3.9/site-packages/airflow/example_dags/plugins/workday.py
[2023-03-22T14:56:10.185-0400] {processor.py:755} WARNING - No viable dags retrieved from /Users/sunanda/Downloads/airflow/py_env/lib/python3.9/site-packages/airflow/example_dags/plugins/workday.py
[2023-03-22T14:56:10.383-0400] {processor.py:175} INFO - Processing /Users/sunanda/Downloads/airflow/py_env/lib/python3.9/site-packages/airflow/example_dags/plugins/workday.py took 0.206 seconds
[2023-03-22T14:56:50.891-0400] {processor.py:153} INFO - Started process (PID=69841) to work on /Users/sunanda/Downloads/airflow/py_env/lib/python3.9/site-packages/airflow/example_dags/plugins/workday.py
[2023-03-22T14:56:50.893-0400] {processor.py:743} INFO - Processing file /Users/sunanda/Downloads/airflow/py_env/lib/python3.9/site-packages/airflow/example_dags/plugins/workday.py for tasks to queue
[2023-03-22T14:56:50.894-0400] {logging_mixin.py:137} INFO - [2023-03-22T14:56:50.894-0400] {dagbag.py:538} INFO - Filling up the DagBag from /Users/sunanda/Downloads/airflow/py_env/lib/python3.9/site-packages/airflow/example_dags/plugins/workday.py
[2023-03-22T14:56:50.899-0400] {processor.py:755} WARNING - No viable dags retrieved from /Users/sunanda/Downloads/airflow/py_env/lib/python3.9/site-packages/airflow/example_dags/plugins/workday.py
[2023-03-22T14:56:51.109-0400] {processor.py:175} INFO - Processing /Users/sunanda/Downloads/airflow/py_env/lib/python3.9/site-packages/airflow/example_dags/plugins/workday.py took 0.218 seconds
[2023-03-22T14:57:30.970-0400] {processor.py:153} INFO - Started process (PID=69904) to work on /Users/sunanda/Downloads/airflow/py_env/lib/python3.9/site-packages/airflow/example_dags/plugins/workday.py
[2023-03-22T14:57:30.972-0400] {processor.py:743} INFO - Processing file /Users/sunanda/Downloads/airflow/py_env/lib/python3.9/site-packages/airflow/example_dags/plugins/workday.py for tasks to queue
[2023-03-22T14:57:30.972-0400] {logging_mixin.py:137} INFO - [2023-03-22T14:57:30.972-0400] {dagbag.py:538} INFO - Filling up the DagBag from /Users/sunanda/Downloads/airflow/py_env/lib/python3.9/site-packages/airflow/example_dags/plugins/workday.py
[2023-03-22T14:57:30.977-0400] {processor.py:755} WARNING - No viable dags retrieved from /Users/sunanda/Downloads/airflow/py_env/lib/python3.9/site-packages/airflow/example_dags/plugins/workday.py
[2023-03-22T14:57:31.173-0400] {processor.py:175} INFO - Processing /Users/sunanda/Downloads/airflow/py_env/lib/python3.9/site-packages/airflow/example_dags/plugins/workday.py took 0.204 seconds
[2023-03-22T14:58:11.691-0400] {processor.py:153} INFO - Started process (PID=69968) to work on /Users/sunanda/Downloads/airflow/py_env/lib/python3.9/site-packages/airflow/example_dags/plugins/workday.py
[2023-03-22T14:58:11.695-0400] {processor.py:743} INFO - Processing file /Users/sunanda/Downloads/airflow/py_env/lib/python3.9/site-packages/airflow/example_dags/plugins/workday.py for tasks to queue
[2023-03-22T14:58:11.695-0400] {logging_mixin.py:137} INFO - [2023-03-22T14:58:11.695-0400] {dagbag.py:538} INFO - Filling up the DagBag from /Users/sunanda/Downloads/airflow/py_env/lib/python3.9/site-packages/airflow/example_dags/plugins/workday.py
[2023-03-22T14:58:11.701-0400] {processor.py:755} WARNING - No viable dags retrieved from /Users/sunanda/Downloads/airflow/py_env/lib/python3.9/site-packages/airflow/example_dags/plugins/workday.py
[2023-03-22T14:58:11.905-0400] {processor.py:175} INFO - Processing /Users/sunanda/Downloads/airflow/py_env/lib/python3.9/site-packages/airflow/example_dags/plugins/workday.py took 0.214 seconds
[2023-03-22T14:58:57.680-0400] {processor.py:153} INFO - Started process (PID=70039) to work on /Users/sunanda/Downloads/airflow/py_env/lib/python3.9/site-packages/airflow/example_dags/plugins/workday.py
[2023-03-22T14:58:57.682-0400] {processor.py:743} INFO - Processing file /Users/sunanda/Downloads/airflow/py_env/lib/python3.9/site-packages/airflow/example_dags/plugins/workday.py for tasks to queue
[2023-03-22T14:58:57.682-0400] {logging_mixin.py:137} INFO - [2023-03-22T14:58:57.682-0400] {dagbag.py:538} INFO - Filling up the DagBag from /Users/sunanda/Downloads/airflow/py_env/lib/python3.9/site-packages/airflow/example_dags/plugins/workday.py
[2023-03-22T14:58:57.688-0400] {processor.py:755} WARNING - No viable dags retrieved from /Users/sunanda/Downloads/airflow/py_env/lib/python3.9/site-packages/airflow/example_dags/plugins/workday.py
[2023-03-22T14:58:57.900-0400] {processor.py:175} INFO - Processing /Users/sunanda/Downloads/airflow/py_env/lib/python3.9/site-packages/airflow/example_dags/plugins/workday.py took 0.220 seconds
[2023-03-22T14:59:40.668-0400] {processor.py:153} INFO - Started process (PID=70108) to work on /Users/sunanda/Downloads/airflow/py_env/lib/python3.9/site-packages/airflow/example_dags/plugins/workday.py
[2023-03-22T14:59:40.671-0400] {processor.py:743} INFO - Processing file /Users/sunanda/Downloads/airflow/py_env/lib/python3.9/site-packages/airflow/example_dags/plugins/workday.py for tasks to queue
[2023-03-22T14:59:40.671-0400] {logging_mixin.py:137} INFO - [2023-03-22T14:59:40.671-0400] {dagbag.py:538} INFO - Filling up the DagBag from /Users/sunanda/Downloads/airflow/py_env/lib/python3.9/site-packages/airflow/example_dags/plugins/workday.py
[2023-03-22T14:59:40.676-0400] {processor.py:755} WARNING - No viable dags retrieved from /Users/sunanda/Downloads/airflow/py_env/lib/python3.9/site-packages/airflow/example_dags/plugins/workday.py
[2023-03-22T14:59:40.882-0400] {processor.py:175} INFO - Processing /Users/sunanda/Downloads/airflow/py_env/lib/python3.9/site-packages/airflow/example_dags/plugins/workday.py took 0.213 seconds
[2023-03-22T15:00:23.524-0400] {processor.py:153} INFO - Started process (PID=70175) to work on /Users/sunanda/Downloads/airflow/py_env/lib/python3.9/site-packages/airflow/example_dags/plugins/workday.py
[2023-03-22T15:00:23.527-0400] {processor.py:743} INFO - Processing file /Users/sunanda/Downloads/airflow/py_env/lib/python3.9/site-packages/airflow/example_dags/plugins/workday.py for tasks to queue
[2023-03-22T15:00:23.527-0400] {logging_mixin.py:137} INFO - [2023-03-22T15:00:23.527-0400] {dagbag.py:538} INFO - Filling up the DagBag from /Users/sunanda/Downloads/airflow/py_env/lib/python3.9/site-packages/airflow/example_dags/plugins/workday.py
[2023-03-22T15:00:23.532-0400] {processor.py:755} WARNING - No viable dags retrieved from /Users/sunanda/Downloads/airflow/py_env/lib/python3.9/site-packages/airflow/example_dags/plugins/workday.py
[2023-03-22T15:00:23.736-0400] {processor.py:175} INFO - Processing /Users/sunanda/Downloads/airflow/py_env/lib/python3.9/site-packages/airflow/example_dags/plugins/workday.py took 0.212 seconds
[2023-03-22T15:01:06.403-0400] {processor.py:153} INFO - Started process (PID=70243) to work on /Users/sunanda/Downloads/airflow/py_env/lib/python3.9/site-packages/airflow/example_dags/plugins/workday.py
[2023-03-22T15:01:06.405-0400] {processor.py:743} INFO - Processing file /Users/sunanda/Downloads/airflow/py_env/lib/python3.9/site-packages/airflow/example_dags/plugins/workday.py for tasks to queue
[2023-03-22T15:01:06.406-0400] {logging_mixin.py:137} INFO - [2023-03-22T15:01:06.406-0400] {dagbag.py:538} INFO - Filling up the DagBag from /Users/sunanda/Downloads/airflow/py_env/lib/python3.9/site-packages/airflow/example_dags/plugins/workday.py
[2023-03-22T15:01:06.411-0400] {processor.py:755} WARNING - No viable dags retrieved from /Users/sunanda/Downloads/airflow/py_env/lib/python3.9/site-packages/airflow/example_dags/plugins/workday.py
[2023-03-22T15:01:06.622-0400] {processor.py:175} INFO - Processing /Users/sunanda/Downloads/airflow/py_env/lib/python3.9/site-packages/airflow/example_dags/plugins/workday.py took 0.220 seconds
[2023-03-22T15:01:50.167-0400] {processor.py:153} INFO - Started process (PID=70315) to work on /Users/sunanda/Downloads/airflow/py_env/lib/python3.9/site-packages/airflow/example_dags/plugins/workday.py
[2023-03-22T15:01:50.170-0400] {processor.py:743} INFO - Processing file /Users/sunanda/Downloads/airflow/py_env/lib/python3.9/site-packages/airflow/example_dags/plugins/workday.py for tasks to queue
[2023-03-22T15:01:50.170-0400] {logging_mixin.py:137} INFO - [2023-03-22T15:01:50.170-0400] {dagbag.py:538} INFO - Filling up the DagBag from /Users/sunanda/Downloads/airflow/py_env/lib/python3.9/site-packages/airflow/example_dags/plugins/workday.py
[2023-03-22T15:01:50.175-0400] {processor.py:755} WARNING - No viable dags retrieved from /Users/sunanda/Downloads/airflow/py_env/lib/python3.9/site-packages/airflow/example_dags/plugins/workday.py
[2023-03-22T15:01:50.372-0400] {processor.py:175} INFO - Processing /Users/sunanda/Downloads/airflow/py_env/lib/python3.9/site-packages/airflow/example_dags/plugins/workday.py took 0.204 seconds
[2023-03-22T15:02:32.999-0400] {processor.py:153} INFO - Started process (PID=70383) to work on /Users/sunanda/Downloads/airflow/py_env/lib/python3.9/site-packages/airflow/example_dags/plugins/workday.py
[2023-03-22T15:02:33.002-0400] {processor.py:743} INFO - Processing file /Users/sunanda/Downloads/airflow/py_env/lib/python3.9/site-packages/airflow/example_dags/plugins/workday.py for tasks to queue
[2023-03-22T15:02:33.002-0400] {logging_mixin.py:137} INFO - [2023-03-22T15:02:33.002-0400] {dagbag.py:538} INFO - Filling up the DagBag from /Users/sunanda/Downloads/airflow/py_env/lib/python3.9/site-packages/airflow/example_dags/plugins/workday.py
[2023-03-22T15:02:33.009-0400] {processor.py:755} WARNING - No viable dags retrieved from /Users/sunanda/Downloads/airflow/py_env/lib/python3.9/site-packages/airflow/example_dags/plugins/workday.py
[2023-03-22T15:02:33.222-0400] {processor.py:175} INFO - Processing /Users/sunanda/Downloads/airflow/py_env/lib/python3.9/site-packages/airflow/example_dags/plugins/workday.py took 0.223 seconds
[2023-03-22T15:03:16.711-0400] {processor.py:153} INFO - Started process (PID=70450) to work on /Users/sunanda/Downloads/airflow/py_env/lib/python3.9/site-packages/airflow/example_dags/plugins/workday.py
[2023-03-22T15:03:16.713-0400] {processor.py:743} INFO - Processing file /Users/sunanda/Downloads/airflow/py_env/lib/python3.9/site-packages/airflow/example_dags/plugins/workday.py for tasks to queue
[2023-03-22T15:03:16.713-0400] {logging_mixin.py:137} INFO - [2023-03-22T15:03:16.713-0400] {dagbag.py:538} INFO - Filling up the DagBag from /Users/sunanda/Downloads/airflow/py_env/lib/python3.9/site-packages/airflow/example_dags/plugins/workday.py
[2023-03-22T15:03:16.719-0400] {processor.py:755} WARNING - No viable dags retrieved from /Users/sunanda/Downloads/airflow/py_env/lib/python3.9/site-packages/airflow/example_dags/plugins/workday.py
[2023-03-22T15:03:16.921-0400] {processor.py:175} INFO - Processing /Users/sunanda/Downloads/airflow/py_env/lib/python3.9/site-packages/airflow/example_dags/plugins/workday.py took 0.210 seconds
[2023-03-22T15:03:58.731-0400] {processor.py:153} INFO - Started process (PID=70538) to work on /Users/sunanda/Downloads/airflow/py_env/lib/python3.9/site-packages/airflow/example_dags/plugins/workday.py
[2023-03-22T15:03:58.734-0400] {processor.py:743} INFO - Processing file /Users/sunanda/Downloads/airflow/py_env/lib/python3.9/site-packages/airflow/example_dags/plugins/workday.py for tasks to queue
[2023-03-22T15:03:58.734-0400] {logging_mixin.py:137} INFO - [2023-03-22T15:03:58.734-0400] {dagbag.py:538} INFO - Filling up the DagBag from /Users/sunanda/Downloads/airflow/py_env/lib/python3.9/site-packages/airflow/example_dags/plugins/workday.py
[2023-03-22T15:03:58.740-0400] {processor.py:755} WARNING - No viable dags retrieved from /Users/sunanda/Downloads/airflow/py_env/lib/python3.9/site-packages/airflow/example_dags/plugins/workday.py
[2023-03-22T15:03:58.935-0400] {processor.py:175} INFO - Processing /Users/sunanda/Downloads/airflow/py_env/lib/python3.9/site-packages/airflow/example_dags/plugins/workday.py took 0.205 seconds
[2023-03-22T15:04:38.186-0400] {processor.py:153} INFO - Started process (PID=70601) to work on /Users/sunanda/Downloads/airflow/py_env/lib/python3.9/site-packages/airflow/example_dags/plugins/workday.py
[2023-03-22T15:04:38.189-0400] {processor.py:743} INFO - Processing file /Users/sunanda/Downloads/airflow/py_env/lib/python3.9/site-packages/airflow/example_dags/plugins/workday.py for tasks to queue
[2023-03-22T15:04:38.189-0400] {logging_mixin.py:137} INFO - [2023-03-22T15:04:38.189-0400] {dagbag.py:538} INFO - Filling up the DagBag from /Users/sunanda/Downloads/airflow/py_env/lib/python3.9/site-packages/airflow/example_dags/plugins/workday.py
[2023-03-22T15:04:38.194-0400] {processor.py:755} WARNING - No viable dags retrieved from /Users/sunanda/Downloads/airflow/py_env/lib/python3.9/site-packages/airflow/example_dags/plugins/workday.py
[2023-03-22T15:04:38.388-0400] {processor.py:175} INFO - Processing /Users/sunanda/Downloads/airflow/py_env/lib/python3.9/site-packages/airflow/example_dags/plugins/workday.py took 0.202 seconds
[2023-03-22T15:05:17.814-0400] {processor.py:153} INFO - Started process (PID=70666) to work on /Users/sunanda/Downloads/airflow/py_env/lib/python3.9/site-packages/airflow/example_dags/plugins/workday.py
[2023-03-22T15:05:17.817-0400] {processor.py:743} INFO - Processing file /Users/sunanda/Downloads/airflow/py_env/lib/python3.9/site-packages/airflow/example_dags/plugins/workday.py for tasks to queue
[2023-03-22T15:05:17.817-0400] {logging_mixin.py:137} INFO - [2023-03-22T15:05:17.817-0400] {dagbag.py:538} INFO - Filling up the DagBag from /Users/sunanda/Downloads/airflow/py_env/lib/python3.9/site-packages/airflow/example_dags/plugins/workday.py
[2023-03-22T15:05:17.822-0400] {processor.py:755} WARNING - No viable dags retrieved from /Users/sunanda/Downloads/airflow/py_env/lib/python3.9/site-packages/airflow/example_dags/plugins/workday.py
[2023-03-22T15:05:18.017-0400] {processor.py:175} INFO - Processing /Users/sunanda/Downloads/airflow/py_env/lib/python3.9/site-packages/airflow/example_dags/plugins/workday.py took 0.203 seconds
[2023-03-22T15:06:00.196-0400] {processor.py:153} INFO - Started process (PID=70735) to work on /Users/sunanda/Downloads/airflow/py_env/lib/python3.9/site-packages/airflow/example_dags/plugins/workday.py
[2023-03-22T15:06:00.198-0400] {processor.py:743} INFO - Processing file /Users/sunanda/Downloads/airflow/py_env/lib/python3.9/site-packages/airflow/example_dags/plugins/workday.py for tasks to queue
[2023-03-22T15:06:00.199-0400] {logging_mixin.py:137} INFO - [2023-03-22T15:06:00.199-0400] {dagbag.py:538} INFO - Filling up the DagBag from /Users/sunanda/Downloads/airflow/py_env/lib/python3.9/site-packages/airflow/example_dags/plugins/workday.py
[2023-03-22T15:06:00.204-0400] {processor.py:755} WARNING - No viable dags retrieved from /Users/sunanda/Downloads/airflow/py_env/lib/python3.9/site-packages/airflow/example_dags/plugins/workday.py
[2023-03-22T15:06:00.402-0400] {processor.py:175} INFO - Processing /Users/sunanda/Downloads/airflow/py_env/lib/python3.9/site-packages/airflow/example_dags/plugins/workday.py took 0.207 seconds
[2023-03-22T16:18:07.224-0400] {processor.py:153} INFO - Started process (PID=74833) to work on /Users/sunanda/Downloads/airflow/py_env/lib/python3.9/site-packages/airflow/example_dags/plugins/workday.py
[2023-03-22T16:18:07.228-0400] {processor.py:743} INFO - Processing file /Users/sunanda/Downloads/airflow/py_env/lib/python3.9/site-packages/airflow/example_dags/plugins/workday.py for tasks to queue
[2023-03-22T16:18:07.228-0400] {logging_mixin.py:137} INFO - [2023-03-22T16:18:07.228-0400] {dagbag.py:538} INFO - Filling up the DagBag from /Users/sunanda/Downloads/airflow/py_env/lib/python3.9/site-packages/airflow/example_dags/plugins/workday.py
[2023-03-22T16:18:07.233-0400] {processor.py:755} WARNING - No viable dags retrieved from /Users/sunanda/Downloads/airflow/py_env/lib/python3.9/site-packages/airflow/example_dags/plugins/workday.py
[2023-03-22T16:18:07.705-0400] {processor.py:175} INFO - Processing /Users/sunanda/Downloads/airflow/py_env/lib/python3.9/site-packages/airflow/example_dags/plugins/workday.py took 0.481 seconds
[2023-03-22T16:26:14.105-0400] {processor.py:153} INFO - Started process (PID=75367) to work on /Users/sunanda/Downloads/airflow/py_env/lib/python3.9/site-packages/airflow/example_dags/plugins/workday.py
[2023-03-22T16:26:14.108-0400] {processor.py:743} INFO - Processing file /Users/sunanda/Downloads/airflow/py_env/lib/python3.9/site-packages/airflow/example_dags/plugins/workday.py for tasks to queue
[2023-03-22T16:26:14.109-0400] {logging_mixin.py:137} INFO - [2023-03-22T16:26:14.109-0400] {dagbag.py:538} INFO - Filling up the DagBag from /Users/sunanda/Downloads/airflow/py_env/lib/python3.9/site-packages/airflow/example_dags/plugins/workday.py
[2023-03-22T16:26:14.114-0400] {processor.py:755} WARNING - No viable dags retrieved from /Users/sunanda/Downloads/airflow/py_env/lib/python3.9/site-packages/airflow/example_dags/plugins/workday.py
[2023-03-22T16:26:14.750-0400] {processor.py:175} INFO - Processing /Users/sunanda/Downloads/airflow/py_env/lib/python3.9/site-packages/airflow/example_dags/plugins/workday.py took 0.645 seconds
[2023-03-22T19:11:01.943-0400] {processor.py:153} INFO - Started process (PID=3740) to work on /Users/sunanda/Downloads/airflow/py_env/lib/python3.9/site-packages/airflow/example_dags/plugins/workday.py
[2023-03-22T19:11:01.946-0400] {processor.py:743} INFO - Processing file /Users/sunanda/Downloads/airflow/py_env/lib/python3.9/site-packages/airflow/example_dags/plugins/workday.py for tasks to queue
[2023-03-22T19:11:01.946-0400] {logging_mixin.py:137} INFO - [2023-03-22T19:11:01.946-0400] {dagbag.py:538} INFO - Filling up the DagBag from /Users/sunanda/Downloads/airflow/py_env/lib/python3.9/site-packages/airflow/example_dags/plugins/workday.py
[2023-03-22T19:11:01.951-0400] {processor.py:755} WARNING - No viable dags retrieved from /Users/sunanda/Downloads/airflow/py_env/lib/python3.9/site-packages/airflow/example_dags/plugins/workday.py
[2023-03-22T19:11:02.154-0400] {processor.py:175} INFO - Processing /Users/sunanda/Downloads/airflow/py_env/lib/python3.9/site-packages/airflow/example_dags/plugins/workday.py took 0.211 seconds
[2023-03-22T19:12:15.235-0400] {processor.py:153} INFO - Started process (PID=3861) to work on /Users/sunanda/Downloads/airflow/py_env/lib/python3.9/site-packages/airflow/example_dags/plugins/workday.py
[2023-03-22T19:12:15.237-0400] {processor.py:743} INFO - Processing file /Users/sunanda/Downloads/airflow/py_env/lib/python3.9/site-packages/airflow/example_dags/plugins/workday.py for tasks to queue
[2023-03-22T19:12:15.237-0400] {logging_mixin.py:137} INFO - [2023-03-22T19:12:15.237-0400] {dagbag.py:538} INFO - Filling up the DagBag from /Users/sunanda/Downloads/airflow/py_env/lib/python3.9/site-packages/airflow/example_dags/plugins/workday.py
[2023-03-22T19:12:15.242-0400] {processor.py:755} WARNING - No viable dags retrieved from /Users/sunanda/Downloads/airflow/py_env/lib/python3.9/site-packages/airflow/example_dags/plugins/workday.py
[2023-03-22T19:12:15.434-0400] {processor.py:175} INFO - Processing /Users/sunanda/Downloads/airflow/py_env/lib/python3.9/site-packages/airflow/example_dags/plugins/workday.py took 0.199 seconds
[2023-03-22T19:12:59.237-0400] {processor.py:153} INFO - Started process (PID=3928) to work on /Users/sunanda/Downloads/airflow/py_env/lib/python3.9/site-packages/airflow/example_dags/plugins/workday.py
[2023-03-22T19:12:59.239-0400] {processor.py:743} INFO - Processing file /Users/sunanda/Downloads/airflow/py_env/lib/python3.9/site-packages/airflow/example_dags/plugins/workday.py for tasks to queue
[2023-03-22T19:12:59.239-0400] {logging_mixin.py:137} INFO - [2023-03-22T19:12:59.239-0400] {dagbag.py:538} INFO - Filling up the DagBag from /Users/sunanda/Downloads/airflow/py_env/lib/python3.9/site-packages/airflow/example_dags/plugins/workday.py
[2023-03-22T19:12:59.244-0400] {processor.py:755} WARNING - No viable dags retrieved from /Users/sunanda/Downloads/airflow/py_env/lib/python3.9/site-packages/airflow/example_dags/plugins/workday.py
[2023-03-22T19:12:59.438-0400] {processor.py:175} INFO - Processing /Users/sunanda/Downloads/airflow/py_env/lib/python3.9/site-packages/airflow/example_dags/plugins/workday.py took 0.201 seconds
[2023-03-22T19:13:41.931-0400] {processor.py:153} INFO - Started process (PID=3997) to work on /Users/sunanda/Downloads/airflow/py_env/lib/python3.9/site-packages/airflow/example_dags/plugins/workday.py
[2023-03-22T19:13:41.934-0400] {processor.py:743} INFO - Processing file /Users/sunanda/Downloads/airflow/py_env/lib/python3.9/site-packages/airflow/example_dags/plugins/workday.py for tasks to queue
[2023-03-22T19:13:41.934-0400] {logging_mixin.py:137} INFO - [2023-03-22T19:13:41.934-0400] {dagbag.py:538} INFO - Filling up the DagBag from /Users/sunanda/Downloads/airflow/py_env/lib/python3.9/site-packages/airflow/example_dags/plugins/workday.py
[2023-03-22T19:13:41.938-0400] {processor.py:755} WARNING - No viable dags retrieved from /Users/sunanda/Downloads/airflow/py_env/lib/python3.9/site-packages/airflow/example_dags/plugins/workday.py
[2023-03-22T19:13:42.134-0400] {processor.py:175} INFO - Processing /Users/sunanda/Downloads/airflow/py_env/lib/python3.9/site-packages/airflow/example_dags/plugins/workday.py took 0.203 seconds
[2023-03-22T19:13:54.694-0400] {processor.py:153} INFO - Started process (PID=4018) to work on /Users/sunanda/Downloads/airflow/py_env/lib/python3.9/site-packages/airflow/example_dags/plugins/workday.py
[2023-03-22T19:13:54.696-0400] {processor.py:743} INFO - Processing file /Users/sunanda/Downloads/airflow/py_env/lib/python3.9/site-packages/airflow/example_dags/plugins/workday.py for tasks to queue
[2023-03-22T19:13:54.696-0400] {logging_mixin.py:137} INFO - [2023-03-22T19:13:54.696-0400] {dagbag.py:538} INFO - Filling up the DagBag from /Users/sunanda/Downloads/airflow/py_env/lib/python3.9/site-packages/airflow/example_dags/plugins/workday.py
[2023-03-22T19:13:54.701-0400] {processor.py:755} WARNING - No viable dags retrieved from /Users/sunanda/Downloads/airflow/py_env/lib/python3.9/site-packages/airflow/example_dags/plugins/workday.py
[2023-03-22T19:13:54.895-0400] {processor.py:175} INFO - Processing /Users/sunanda/Downloads/airflow/py_env/lib/python3.9/site-packages/airflow/example_dags/plugins/workday.py took 0.202 seconds
[2023-03-22T19:20:52.629-0400] {processor.py:153} INFO - Started process (PID=4504) to work on /Users/sunanda/Downloads/airflow/py_env/lib/python3.9/site-packages/airflow/example_dags/plugins/workday.py
[2023-03-22T19:20:52.632-0400] {processor.py:743} INFO - Processing file /Users/sunanda/Downloads/airflow/py_env/lib/python3.9/site-packages/airflow/example_dags/plugins/workday.py for tasks to queue
[2023-03-22T19:20:52.632-0400] {logging_mixin.py:137} INFO - [2023-03-22T19:20:52.632-0400] {dagbag.py:538} INFO - Filling up the DagBag from /Users/sunanda/Downloads/airflow/py_env/lib/python3.9/site-packages/airflow/example_dags/plugins/workday.py
[2023-03-22T19:20:52.637-0400] {processor.py:755} WARNING - No viable dags retrieved from /Users/sunanda/Downloads/airflow/py_env/lib/python3.9/site-packages/airflow/example_dags/plugins/workday.py
[2023-03-22T19:20:52.831-0400] {processor.py:175} INFO - Processing /Users/sunanda/Downloads/airflow/py_env/lib/python3.9/site-packages/airflow/example_dags/plugins/workday.py took 0.202 seconds
[2023-03-22T19:23:53.209-0400] {processor.py:153} INFO - Started process (PID=4723) to work on /Users/sunanda/Downloads/airflow/py_env/lib/python3.9/site-packages/airflow/example_dags/plugins/workday.py
[2023-03-22T19:23:53.212-0400] {processor.py:743} INFO - Processing file /Users/sunanda/Downloads/airflow/py_env/lib/python3.9/site-packages/airflow/example_dags/plugins/workday.py for tasks to queue
[2023-03-22T19:23:53.212-0400] {logging_mixin.py:137} INFO - [2023-03-22T19:23:53.212-0400] {dagbag.py:538} INFO - Filling up the DagBag from /Users/sunanda/Downloads/airflow/py_env/lib/python3.9/site-packages/airflow/example_dags/plugins/workday.py
[2023-03-22T19:23:53.217-0400] {processor.py:755} WARNING - No viable dags retrieved from /Users/sunanda/Downloads/airflow/py_env/lib/python3.9/site-packages/airflow/example_dags/plugins/workday.py
[2023-03-22T19:23:53.408-0400] {processor.py:175} INFO - Processing /Users/sunanda/Downloads/airflow/py_env/lib/python3.9/site-packages/airflow/example_dags/plugins/workday.py took 0.200 seconds
[2023-03-22T19:25:06.214-0400] {processor.py:153} INFO - Started process (PID=4836) to work on /Users/sunanda/Downloads/airflow/py_env/lib/python3.9/site-packages/airflow/example_dags/plugins/workday.py
[2023-03-22T19:25:06.218-0400] {processor.py:743} INFO - Processing file /Users/sunanda/Downloads/airflow/py_env/lib/python3.9/site-packages/airflow/example_dags/plugins/workday.py for tasks to queue
[2023-03-22T19:25:06.218-0400] {logging_mixin.py:137} INFO - [2023-03-22T19:25:06.218-0400] {dagbag.py:538} INFO - Filling up the DagBag from /Users/sunanda/Downloads/airflow/py_env/lib/python3.9/site-packages/airflow/example_dags/plugins/workday.py
[2023-03-22T19:25:06.224-0400] {processor.py:755} WARNING - No viable dags retrieved from /Users/sunanda/Downloads/airflow/py_env/lib/python3.9/site-packages/airflow/example_dags/plugins/workday.py
[2023-03-22T19:25:06.417-0400] {processor.py:175} INFO - Processing /Users/sunanda/Downloads/airflow/py_env/lib/python3.9/site-packages/airflow/example_dags/plugins/workday.py took 0.203 seconds
[2023-03-22T19:25:49.052-0400] {processor.py:153} INFO - Started process (PID=4901) to work on /Users/sunanda/Downloads/airflow/py_env/lib/python3.9/site-packages/airflow/example_dags/plugins/workday.py
[2023-03-22T19:25:49.054-0400] {processor.py:743} INFO - Processing file /Users/sunanda/Downloads/airflow/py_env/lib/python3.9/site-packages/airflow/example_dags/plugins/workday.py for tasks to queue
[2023-03-22T19:25:49.055-0400] {logging_mixin.py:137} INFO - [2023-03-22T19:25:49.055-0400] {dagbag.py:538} INFO - Filling up the DagBag from /Users/sunanda/Downloads/airflow/py_env/lib/python3.9/site-packages/airflow/example_dags/plugins/workday.py
[2023-03-22T19:25:49.060-0400] {processor.py:755} WARNING - No viable dags retrieved from /Users/sunanda/Downloads/airflow/py_env/lib/python3.9/site-packages/airflow/example_dags/plugins/workday.py
[2023-03-22T19:25:49.257-0400] {processor.py:175} INFO - Processing /Users/sunanda/Downloads/airflow/py_env/lib/python3.9/site-packages/airflow/example_dags/plugins/workday.py took 0.205 seconds
[2023-03-22T19:26:28.803-0400] {processor.py:153} INFO - Started process (PID=4963) to work on /Users/sunanda/Downloads/airflow/py_env/lib/python3.9/site-packages/airflow/example_dags/plugins/workday.py
[2023-03-22T19:26:28.805-0400] {processor.py:743} INFO - Processing file /Users/sunanda/Downloads/airflow/py_env/lib/python3.9/site-packages/airflow/example_dags/plugins/workday.py for tasks to queue
[2023-03-22T19:26:28.805-0400] {logging_mixin.py:137} INFO - [2023-03-22T19:26:28.805-0400] {dagbag.py:538} INFO - Filling up the DagBag from /Users/sunanda/Downloads/airflow/py_env/lib/python3.9/site-packages/airflow/example_dags/plugins/workday.py
[2023-03-22T19:26:28.810-0400] {processor.py:755} WARNING - No viable dags retrieved from /Users/sunanda/Downloads/airflow/py_env/lib/python3.9/site-packages/airflow/example_dags/plugins/workday.py
[2023-03-22T19:26:29.008-0400] {processor.py:175} INFO - Processing /Users/sunanda/Downloads/airflow/py_env/lib/python3.9/site-packages/airflow/example_dags/plugins/workday.py took 0.206 seconds
[2023-03-22T19:27:11.704-0400] {processor.py:153} INFO - Started process (PID=5031) to work on /Users/sunanda/Downloads/airflow/py_env/lib/python3.9/site-packages/airflow/example_dags/plugins/workday.py
[2023-03-22T19:27:11.707-0400] {processor.py:743} INFO - Processing file /Users/sunanda/Downloads/airflow/py_env/lib/python3.9/site-packages/airflow/example_dags/plugins/workday.py for tasks to queue
[2023-03-22T19:27:11.708-0400] {logging_mixin.py:137} INFO - [2023-03-22T19:27:11.707-0400] {dagbag.py:538} INFO - Filling up the DagBag from /Users/sunanda/Downloads/airflow/py_env/lib/python3.9/site-packages/airflow/example_dags/plugins/workday.py
[2023-03-22T19:27:11.714-0400] {processor.py:755} WARNING - No viable dags retrieved from /Users/sunanda/Downloads/airflow/py_env/lib/python3.9/site-packages/airflow/example_dags/plugins/workday.py
[2023-03-22T19:27:11.954-0400] {processor.py:175} INFO - Processing /Users/sunanda/Downloads/airflow/py_env/lib/python3.9/site-packages/airflow/example_dags/plugins/workday.py took 0.251 seconds
