[2023-03-26T00:16:42.372-0400] {processor.py:153} INFO - Started process (PID=35175) to work on /Users/sunanda/Downloads/airflow/py_env/lib/python3.9/site-packages/airflow/example_dags/subdags/subdag.py
[2023-03-26T00:16:42.375-0400] {processor.py:743} INFO - Processing file /Users/sunanda/Downloads/airflow/py_env/lib/python3.9/site-packages/airflow/example_dags/subdags/subdag.py for tasks to queue
[2023-03-26T00:16:42.377-0400] {logging_mixin.py:137} INFO - [2023-03-26T00:16:42.377-0400] {dagbag.py:532} INFO - Filling up the DagBag from /Users/sunanda/Downloads/airflow/py_env/lib/python3.9/site-packages/airflow/example_dags/subdags/subdag.py
[2023-03-26T00:16:42.388-0400] {processor.py:755} WARNING - No viable dags retrieved from /Users/sunanda/Downloads/airflow/py_env/lib/python3.9/site-packages/airflow/example_dags/subdags/subdag.py
[2023-03-26T00:16:42.695-0400] {processor.py:175} INFO - Processing /Users/sunanda/Downloads/airflow/py_env/lib/python3.9/site-packages/airflow/example_dags/subdags/subdag.py took 0.323 seconds
[2023-03-26T00:20:39.995-0400] {processor.py:153} INFO - Started process (PID=35443) to work on /Users/sunanda/Downloads/airflow/py_env/lib/python3.9/site-packages/airflow/example_dags/subdags/subdag.py
[2023-03-26T00:20:39.998-0400] {processor.py:743} INFO - Processing file /Users/sunanda/Downloads/airflow/py_env/lib/python3.9/site-packages/airflow/example_dags/subdags/subdag.py for tasks to queue
[2023-03-26T00:20:39.999-0400] {logging_mixin.py:137} INFO - [2023-03-26T00:20:39.999-0400] {dagbag.py:532} INFO - Filling up the DagBag from /Users/sunanda/Downloads/airflow/py_env/lib/python3.9/site-packages/airflow/example_dags/subdags/subdag.py
[2023-03-26T00:20:40.005-0400] {processor.py:755} WARNING - No viable dags retrieved from /Users/sunanda/Downloads/airflow/py_env/lib/python3.9/site-packages/airflow/example_dags/subdags/subdag.py
[2023-03-26T00:20:40.403-0400] {processor.py:175} INFO - Processing /Users/sunanda/Downloads/airflow/py_env/lib/python3.9/site-packages/airflow/example_dags/subdags/subdag.py took 0.411 seconds
[2023-03-26T00:38:32.226-0400] {processor.py:153} INFO - Started process (PID=36724) to work on /Users/sunanda/Downloads/airflow/py_env/lib/python3.9/site-packages/airflow/example_dags/subdags/subdag.py
[2023-03-26T00:38:32.230-0400] {processor.py:743} INFO - Processing file /Users/sunanda/Downloads/airflow/py_env/lib/python3.9/site-packages/airflow/example_dags/subdags/subdag.py for tasks to queue
[2023-03-26T00:38:32.231-0400] {logging_mixin.py:137} INFO - [2023-03-26T00:38:32.231-0400] {dagbag.py:532} INFO - Filling up the DagBag from /Users/sunanda/Downloads/airflow/py_env/lib/python3.9/site-packages/airflow/example_dags/subdags/subdag.py
[2023-03-26T00:38:32.245-0400] {processor.py:755} WARNING - No viable dags retrieved from /Users/sunanda/Downloads/airflow/py_env/lib/python3.9/site-packages/airflow/example_dags/subdags/subdag.py
[2023-03-26T00:38:32.730-0400] {processor.py:175} INFO - Processing /Users/sunanda/Downloads/airflow/py_env/lib/python3.9/site-packages/airflow/example_dags/subdags/subdag.py took 0.505 seconds
[2023-03-26T00:46:00.996-0400] {processor.py:153} INFO - Started process (PID=37293) to work on /Users/sunanda/Downloads/airflow/py_env/lib/python3.9/site-packages/airflow/example_dags/subdags/subdag.py
[2023-03-26T00:46:01.007-0400] {processor.py:743} INFO - Processing file /Users/sunanda/Downloads/airflow/py_env/lib/python3.9/site-packages/airflow/example_dags/subdags/subdag.py for tasks to queue
[2023-03-26T00:46:01.007-0400] {logging_mixin.py:137} INFO - [2023-03-26T00:46:01.007-0400] {dagbag.py:532} INFO - Filling up the DagBag from /Users/sunanda/Downloads/airflow/py_env/lib/python3.9/site-packages/airflow/example_dags/subdags/subdag.py
[2023-03-26T00:46:01.013-0400] {processor.py:755} WARNING - No viable dags retrieved from /Users/sunanda/Downloads/airflow/py_env/lib/python3.9/site-packages/airflow/example_dags/subdags/subdag.py
[2023-03-26T00:46:01.699-0400] {processor.py:175} INFO - Processing /Users/sunanda/Downloads/airflow/py_env/lib/python3.9/site-packages/airflow/example_dags/subdags/subdag.py took 0.703 seconds
