[2023-03-26T00:16:47.499-0400] {processor.py:153} INFO - Started process (PID=35183) to work on /Users/sunanda/Downloads/airflow/py_env/lib/python3.9/site-packages/airflow/example_dags/plugins/listener_plugin.py
[2023-03-26T00:16:47.506-0400] {processor.py:743} INFO - Processing file /Users/sunanda/Downloads/airflow/py_env/lib/python3.9/site-packages/airflow/example_dags/plugins/listener_plugin.py for tasks to queue
[2023-03-26T00:16:47.506-0400] {logging_mixin.py:137} INFO - [2023-03-26T00:16:47.506-0400] {dagbag.py:532} INFO - Filling up the DagBag from /Users/sunanda/Downloads/airflow/py_env/lib/python3.9/site-packages/airflow/example_dags/plugins/listener_plugin.py
[2023-03-26T00:16:47.515-0400] {processor.py:755} WARNING - No viable dags retrieved from /Users/sunanda/Downloads/airflow/py_env/lib/python3.9/site-packages/airflow/example_dags/plugins/listener_plugin.py
[2023-03-26T00:16:47.849-0400] {processor.py:175} INFO - Processing /Users/sunanda/Downloads/airflow/py_env/lib/python3.9/site-packages/airflow/example_dags/plugins/listener_plugin.py took 0.351 seconds
[2023-03-26T00:20:45.236-0400] {processor.py:153} INFO - Started process (PID=35450) to work on /Users/sunanda/Downloads/airflow/py_env/lib/python3.9/site-packages/airflow/example_dags/plugins/listener_plugin.py
[2023-03-26T00:20:45.240-0400] {processor.py:743} INFO - Processing file /Users/sunanda/Downloads/airflow/py_env/lib/python3.9/site-packages/airflow/example_dags/plugins/listener_plugin.py for tasks to queue
[2023-03-26T00:20:45.240-0400] {logging_mixin.py:137} INFO - [2023-03-26T00:20:45.240-0400] {dagbag.py:532} INFO - Filling up the DagBag from /Users/sunanda/Downloads/airflow/py_env/lib/python3.9/site-packages/airflow/example_dags/plugins/listener_plugin.py
[2023-03-26T00:20:45.247-0400] {processor.py:755} WARNING - No viable dags retrieved from /Users/sunanda/Downloads/airflow/py_env/lib/python3.9/site-packages/airflow/example_dags/plugins/listener_plugin.py
[2023-03-26T00:20:45.606-0400] {processor.py:175} INFO - Processing /Users/sunanda/Downloads/airflow/py_env/lib/python3.9/site-packages/airflow/example_dags/plugins/listener_plugin.py took 0.371 seconds
[2023-03-26T00:38:37.340-0400] {processor.py:153} INFO - Started process (PID=36731) to work on /Users/sunanda/Downloads/airflow/py_env/lib/python3.9/site-packages/airflow/example_dags/plugins/listener_plugin.py
[2023-03-26T00:38:37.343-0400] {processor.py:743} INFO - Processing file /Users/sunanda/Downloads/airflow/py_env/lib/python3.9/site-packages/airflow/example_dags/plugins/listener_plugin.py for tasks to queue
[2023-03-26T00:38:37.344-0400] {logging_mixin.py:137} INFO - [2023-03-26T00:38:37.344-0400] {dagbag.py:532} INFO - Filling up the DagBag from /Users/sunanda/Downloads/airflow/py_env/lib/python3.9/site-packages/airflow/example_dags/plugins/listener_plugin.py
[2023-03-26T00:38:37.353-0400] {processor.py:755} WARNING - No viable dags retrieved from /Users/sunanda/Downloads/airflow/py_env/lib/python3.9/site-packages/airflow/example_dags/plugins/listener_plugin.py
[2023-03-26T00:38:37.920-0400] {processor.py:175} INFO - Processing /Users/sunanda/Downloads/airflow/py_env/lib/python3.9/site-packages/airflow/example_dags/plugins/listener_plugin.py took 0.581 seconds
[2023-03-26T00:46:07.325-0400] {processor.py:153} INFO - Started process (PID=37301) to work on /Users/sunanda/Downloads/airflow/py_env/lib/python3.9/site-packages/airflow/example_dags/plugins/listener_plugin.py
[2023-03-26T00:46:07.330-0400] {processor.py:743} INFO - Processing file /Users/sunanda/Downloads/airflow/py_env/lib/python3.9/site-packages/airflow/example_dags/plugins/listener_plugin.py for tasks to queue
[2023-03-26T00:46:07.331-0400] {logging_mixin.py:137} INFO - [2023-03-26T00:46:07.331-0400] {dagbag.py:532} INFO - Filling up the DagBag from /Users/sunanda/Downloads/airflow/py_env/lib/python3.9/site-packages/airflow/example_dags/plugins/listener_plugin.py
[2023-03-26T00:46:07.350-0400] {processor.py:755} WARNING - No viable dags retrieved from /Users/sunanda/Downloads/airflow/py_env/lib/python3.9/site-packages/airflow/example_dags/plugins/listener_plugin.py
[2023-03-26T00:46:07.890-0400] {processor.py:175} INFO - Processing /Users/sunanda/Downloads/airflow/py_env/lib/python3.9/site-packages/airflow/example_dags/plugins/listener_plugin.py took 0.565 seconds
