[2023-03-26T00:16:44.961-0400] {processor.py:153} INFO - Started process (PID=35178) to work on /Users/sunanda/Downloads/airflow/py_env/lib/python3.9/site-packages/airflow/example_dags/plugins/workday.py
[2023-03-26T00:16:44.971-0400] {processor.py:743} INFO - Processing file /Users/sunanda/Downloads/airflow/py_env/lib/python3.9/site-packages/airflow/example_dags/plugins/workday.py for tasks to queue
[2023-03-26T00:16:44.973-0400] {logging_mixin.py:137} INFO - [2023-03-26T00:16:44.973-0400] {dagbag.py:532} INFO - Filling up the DagBag from /Users/sunanda/Downloads/airflow/py_env/lib/python3.9/site-packages/airflow/example_dags/plugins/workday.py
[2023-03-26T00:16:45.003-0400] {processor.py:755} WARNING - No viable dags retrieved from /Users/sunanda/Downloads/airflow/py_env/lib/python3.9/site-packages/airflow/example_dags/plugins/workday.py
[2023-03-26T00:16:45.438-0400] {processor.py:175} INFO - Processing /Users/sunanda/Downloads/airflow/py_env/lib/python3.9/site-packages/airflow/example_dags/plugins/workday.py took 0.497 seconds
[2023-03-26T00:20:42.620-0400] {processor.py:153} INFO - Started process (PID=35447) to work on /Users/sunanda/Downloads/airflow/py_env/lib/python3.9/site-packages/airflow/example_dags/plugins/workday.py
[2023-03-26T00:20:42.623-0400] {processor.py:743} INFO - Processing file /Users/sunanda/Downloads/airflow/py_env/lib/python3.9/site-packages/airflow/example_dags/plugins/workday.py for tasks to queue
[2023-03-26T00:20:42.623-0400] {logging_mixin.py:137} INFO - [2023-03-26T00:20:42.623-0400] {dagbag.py:532} INFO - Filling up the DagBag from /Users/sunanda/Downloads/airflow/py_env/lib/python3.9/site-packages/airflow/example_dags/plugins/workday.py
[2023-03-26T00:20:42.630-0400] {processor.py:755} WARNING - No viable dags retrieved from /Users/sunanda/Downloads/airflow/py_env/lib/python3.9/site-packages/airflow/example_dags/plugins/workday.py
[2023-03-26T00:20:43.021-0400] {processor.py:175} INFO - Processing /Users/sunanda/Downloads/airflow/py_env/lib/python3.9/site-packages/airflow/example_dags/plugins/workday.py took 0.401 seconds
[2023-03-26T00:38:35.138-0400] {processor.py:153} INFO - Started process (PID=36728) to work on /Users/sunanda/Downloads/airflow/py_env/lib/python3.9/site-packages/airflow/example_dags/plugins/workday.py
[2023-03-26T00:38:35.142-0400] {processor.py:743} INFO - Processing file /Users/sunanda/Downloads/airflow/py_env/lib/python3.9/site-packages/airflow/example_dags/plugins/workday.py for tasks to queue
[2023-03-26T00:38:35.142-0400] {logging_mixin.py:137} INFO - [2023-03-26T00:38:35.142-0400] {dagbag.py:532} INFO - Filling up the DagBag from /Users/sunanda/Downloads/airflow/py_env/lib/python3.9/site-packages/airflow/example_dags/plugins/workday.py
[2023-03-26T00:38:35.148-0400] {processor.py:755} WARNING - No viable dags retrieved from /Users/sunanda/Downloads/airflow/py_env/lib/python3.9/site-packages/airflow/example_dags/plugins/workday.py
[2023-03-26T00:38:35.674-0400] {processor.py:175} INFO - Processing /Users/sunanda/Downloads/airflow/py_env/lib/python3.9/site-packages/airflow/example_dags/plugins/workday.py took 0.536 seconds
[2023-03-26T00:46:04.258-0400] {processor.py:153} INFO - Started process (PID=37297) to work on /Users/sunanda/Downloads/airflow/py_env/lib/python3.9/site-packages/airflow/example_dags/plugins/workday.py
[2023-03-26T00:46:04.271-0400] {processor.py:743} INFO - Processing file /Users/sunanda/Downloads/airflow/py_env/lib/python3.9/site-packages/airflow/example_dags/plugins/workday.py for tasks to queue
[2023-03-26T00:46:04.272-0400] {logging_mixin.py:137} INFO - [2023-03-26T00:46:04.272-0400] {dagbag.py:532} INFO - Filling up the DagBag from /Users/sunanda/Downloads/airflow/py_env/lib/python3.9/site-packages/airflow/example_dags/plugins/workday.py
[2023-03-26T00:46:04.278-0400] {processor.py:755} WARNING - No viable dags retrieved from /Users/sunanda/Downloads/airflow/py_env/lib/python3.9/site-packages/airflow/example_dags/plugins/workday.py
[2023-03-26T00:46:04.784-0400] {processor.py:175} INFO - Processing /Users/sunanda/Downloads/airflow/py_env/lib/python3.9/site-packages/airflow/example_dags/plugins/workday.py took 0.529 seconds
