[2023-03-20T00:23:21.175-0400] {processor.py:153} INFO - Started process (PID=59747) to work on /Users/sunanda/airflow/dags/api_dag.py
[2023-03-20T00:23:21.177-0400] {processor.py:743} INFO - Processing file /Users/sunanda/airflow/dags/api_dag.py for tasks to queue
[2023-03-20T00:23:21.177-0400] {logging_mixin.py:137} INFO - [2023-03-20T00:23:21.177-0400] {dagbag.py:532} INFO - Filling up the DagBag from /Users/sunanda/airflow/dags/api_dag.py
[2023-03-20T00:23:21.323-0400] {logging_mixin.py:137} INFO - [2023-03-20T00:23:21.316-0400] {dagbag.py:341} ERROR - Failed to import: /Users/sunanda/airflow/dags/api_dag.py
Traceback (most recent call last):
  File "/Users/sunanda/Downloads/python-demo/venv/lib/python3.9/site-packages/airflow/models/dagbag.py", line 337, in parse
    loader.exec_module(new_module)
  File "<frozen importlib._bootstrap_external>", line 850, in exec_module
  File "<frozen importlib._bootstrap>", line 228, in _call_with_frames_removed
  File "/Users/sunanda/airflow/dags/api_dag.py", line 9, in <module>
    from dags.weatherapi import process_weather_api_data
ModuleNotFoundError: No module named 'dags'
[2023-03-20T00:23:21.325-0400] {processor.py:755} WARNING - No viable dags retrieved from /Users/sunanda/airflow/dags/api_dag.py
[2023-03-20T00:23:21.523-0400] {processor.py:175} INFO - Processing /Users/sunanda/airflow/dags/api_dag.py took 0.348 seconds
[2023-03-20T00:24:42.235-0400] {processor.py:153} INFO - Started process (PID=59876) to work on /Users/sunanda/airflow/dags/api_dag.py
[2023-03-20T00:24:42.238-0400] {processor.py:743} INFO - Processing file /Users/sunanda/airflow/dags/api_dag.py for tasks to queue
[2023-03-20T00:24:42.238-0400] {logging_mixin.py:137} INFO - [2023-03-20T00:24:42.238-0400] {dagbag.py:532} INFO - Filling up the DagBag from /Users/sunanda/airflow/dags/api_dag.py
[2023-03-20T00:24:42.398-0400] {logging_mixin.py:137} INFO - [2023-03-20T00:24:42.389-0400] {dagbag.py:341} ERROR - Failed to import: /Users/sunanda/airflow/dags/api_dag.py
Traceback (most recent call last):
  File "/Users/sunanda/Downloads/python-demo/venv/lib/python3.9/site-packages/airflow/models/dagbag.py", line 337, in parse
    loader.exec_module(new_module)
  File "<frozen importlib._bootstrap_external>", line 850, in exec_module
  File "<frozen importlib._bootstrap>", line 228, in _call_with_frames_removed
  File "/Users/sunanda/airflow/dags/api_dag.py", line 9, in <module>
    from dags.weatherapi import process_weather_api_data
ModuleNotFoundError: No module named 'dags'
[2023-03-20T00:24:42.400-0400] {processor.py:755} WARNING - No viable dags retrieved from /Users/sunanda/airflow/dags/api_dag.py
[2023-03-20T00:24:42.591-0400] {processor.py:175} INFO - Processing /Users/sunanda/airflow/dags/api_dag.py took 0.356 seconds
[2023-03-20T00:25:34.002-0400] {processor.py:153} INFO - Started process (PID=59962) to work on /Users/sunanda/airflow/dags/api_dag.py
[2023-03-20T00:25:34.005-0400] {processor.py:743} INFO - Processing file /Users/sunanda/airflow/dags/api_dag.py for tasks to queue
[2023-03-20T00:25:34.005-0400] {logging_mixin.py:137} INFO - [2023-03-20T00:25:34.005-0400] {dagbag.py:532} INFO - Filling up the DagBag from /Users/sunanda/airflow/dags/api_dag.py
[2023-03-20T00:25:34.176-0400] {processor.py:753} INFO - DAG(s) dict_keys(['api_dag']) retrieved from /Users/sunanda/airflow/dags/api_dag.py
[2023-03-20T00:25:34.496-0400] {logging_mixin.py:137} INFO - [2023-03-20T00:25:34.496-0400] {manager.py:504} INFO - Created Permission View: can edit on DAG:api_dag
[2023-03-20T00:25:34.499-0400] {logging_mixin.py:137} INFO - [2023-03-20T00:25:34.499-0400] {manager.py:504} INFO - Created Permission View: can read on DAG:api_dag
[2023-03-20T00:25:34.502-0400] {logging_mixin.py:137} INFO - [2023-03-20T00:25:34.501-0400] {manager.py:504} INFO - Created Permission View: can delete on DAG:api_dag
[2023-03-20T00:25:34.502-0400] {logging_mixin.py:137} INFO - [2023-03-20T00:25:34.502-0400] {dag.py:2693} INFO - Sync 1 DAGs
[2023-03-20T00:25:34.506-0400] {logging_mixin.py:137} INFO - [2023-03-20T00:25:34.506-0400] {dag.py:2714} INFO - Creating ORM DAG for api_dag
[2023-03-20T00:25:34.510-0400] {logging_mixin.py:137} INFO - [2023-03-20T00:25:34.510-0400] {dag.py:3440} INFO - Setting next_dagrun for api_dag to 2023-03-19T00:00:00+00:00, run_after=2023-03-20T00:00:00+00:00
[2023-03-20T00:25:34.517-0400] {processor.py:175} INFO - Processing /Users/sunanda/airflow/dags/api_dag.py took 0.515 seconds
[2023-03-20T00:26:23.867-0400] {processor.py:153} INFO - Started process (PID=60041) to work on /Users/sunanda/airflow/dags/api_dag.py
[2023-03-20T00:26:23.870-0400] {processor.py:743} INFO - Processing file /Users/sunanda/airflow/dags/api_dag.py for tasks to queue
[2023-03-20T00:26:23.871-0400] {logging_mixin.py:137} INFO - [2023-03-20T00:26:23.871-0400] {dagbag.py:532} INFO - Filling up the DagBag from /Users/sunanda/airflow/dags/api_dag.py
[2023-03-20T00:26:24.018-0400] {processor.py:753} INFO - DAG(s) dict_keys(['api_dag']) retrieved from /Users/sunanda/airflow/dags/api_dag.py
[2023-03-20T00:26:24.293-0400] {logging_mixin.py:137} INFO - [2023-03-20T00:26:24.293-0400] {dag.py:2693} INFO - Sync 1 DAGs
[2023-03-20T00:26:24.300-0400] {logging_mixin.py:137} INFO - [2023-03-20T00:26:24.300-0400] {dag.py:3440} INFO - Setting next_dagrun for api_dag to 2023-03-19T00:00:00+00:00, run_after=2023-03-20T00:00:00+00:00
[2023-03-20T00:26:24.307-0400] {processor.py:175} INFO - Processing /Users/sunanda/airflow/dags/api_dag.py took 0.440 seconds
[2023-03-20T08:53:47.442-0400] {processor.py:153} INFO - Started process (PID=5820) to work on /Users/sunanda/airflow/dags/api_dag.py
[2023-03-20T08:53:47.446-0400] {processor.py:743} INFO - Processing file /Users/sunanda/airflow/dags/api_dag.py for tasks to queue
[2023-03-20T08:53:47.446-0400] {logging_mixin.py:137} INFO - [2023-03-20T08:53:47.446-0400] {dagbag.py:538} INFO - Filling up the DagBag from /Users/sunanda/airflow/dags/api_dag.py
[2023-03-20T08:53:47.470-0400] {processor.py:753} INFO - DAG(s) dict_keys(['test_api_connection']) retrieved from /Users/sunanda/airflow/dags/api_dag.py
[2023-03-20T08:53:47.706-0400] {logging_mixin.py:137} INFO - [2023-03-20T08:53:47.706-0400] {manager.py:504} INFO - Created Permission View: can delete on DAG:test_api_connection
[2023-03-20T08:53:47.709-0400] {logging_mixin.py:137} INFO - [2023-03-20T08:53:47.709-0400] {manager.py:504} INFO - Created Permission View: can edit on DAG:test_api_connection
[2023-03-20T08:53:47.710-0400] {logging_mixin.py:137} INFO - [2023-03-20T08:53:47.710-0400] {manager.py:504} INFO - Created Permission View: can read on DAG:test_api_connection
[2023-03-20T08:53:47.711-0400] {logging_mixin.py:137} INFO - [2023-03-20T08:53:47.711-0400] {dag.py:2690} INFO - Sync 1 DAGs
[2023-03-20T08:53:47.714-0400] {logging_mixin.py:137} INFO - [2023-03-20T08:53:47.714-0400] {dag.py:2711} INFO - Creating ORM DAG for test_api_connection
[2023-03-20T08:53:47.718-0400] {logging_mixin.py:137} INFO - [2023-03-20T08:53:47.718-0400] {dag.py:3437} INFO - Setting next_dagrun for test_api_connection to 2023-03-20T00:00:00+00:00, run_after=2023-03-21T00:00:00+00:00
[2023-03-20T08:53:47.726-0400] {processor.py:175} INFO - Processing /Users/sunanda/airflow/dags/api_dag.py took 0.283 seconds
[2023-03-20T08:55:02.241-0400] {processor.py:153} INFO - Started process (PID=5936) to work on /Users/sunanda/airflow/dags/api_dag.py
[2023-03-20T08:55:02.243-0400] {processor.py:743} INFO - Processing file /Users/sunanda/airflow/dags/api_dag.py for tasks to queue
[2023-03-20T08:55:02.244-0400] {logging_mixin.py:137} INFO - [2023-03-20T08:55:02.243-0400] {dagbag.py:538} INFO - Filling up the DagBag from /Users/sunanda/airflow/dags/api_dag.py
[2023-03-20T08:55:02.269-0400] {processor.py:753} INFO - DAG(s) dict_keys(['test_api_connection']) retrieved from /Users/sunanda/airflow/dags/api_dag.py
[2023-03-20T08:55:02.471-0400] {logging_mixin.py:137} INFO - [2023-03-20T08:55:02.471-0400] {dag.py:2690} INFO - Sync 1 DAGs
[2023-03-20T08:55:02.478-0400] {logging_mixin.py:137} INFO - [2023-03-20T08:55:02.478-0400] {dag.py:3437} INFO - Setting next_dagrun for test_api_connection to 2023-03-20T00:00:00+00:00, run_after=2023-03-21T00:00:00+00:00
[2023-03-20T08:55:02.485-0400] {processor.py:175} INFO - Processing /Users/sunanda/airflow/dags/api_dag.py took 0.244 seconds
