[2023-03-20T00:23:23.193-0400] {processor.py:153} INFO - Started process (PID=59752) to work on /Users/sunanda/airflow/dags/weatherapi.py
[2023-03-20T00:23:23.196-0400] {processor.py:743} INFO - Processing file /Users/sunanda/airflow/dags/weatherapi.py for tasks to queue
[2023-03-20T00:23:23.196-0400] {logging_mixin.py:137} INFO - [2023-03-20T00:23:23.196-0400] {dagbag.py:532} INFO - Filling up the DagBag from /Users/sunanda/airflow/dags/weatherapi.py
[2023-03-20T00:23:23.334-0400] {processor.py:753} INFO - DAG(s) dict_keys(['weather_api_test']) retrieved from /Users/sunanda/airflow/dags/weatherapi.py
[2023-03-20T00:23:23.626-0400] {logging_mixin.py:137} INFO - [2023-03-20T00:23:23.626-0400] {manager.py:504} INFO - Created Permission View: can edit on DAG:weather_api_test
[2023-03-20T00:23:23.628-0400] {logging_mixin.py:137} INFO - [2023-03-20T00:23:23.628-0400] {manager.py:504} INFO - Created Permission View: can delete on DAG:weather_api_test
[2023-03-20T00:23:23.631-0400] {logging_mixin.py:137} INFO - [2023-03-20T00:23:23.630-0400] {manager.py:504} INFO - Created Permission View: can read on DAG:weather_api_test
[2023-03-20T00:23:23.631-0400] {logging_mixin.py:137} INFO - [2023-03-20T00:23:23.631-0400] {dag.py:2693} INFO - Sync 1 DAGs
[2023-03-20T00:23:23.635-0400] {logging_mixin.py:137} INFO - [2023-03-20T00:23:23.635-0400] {dag.py:2714} INFO - Creating ORM DAG for weather_api_test
[2023-03-20T00:23:23.638-0400] {logging_mixin.py:137} INFO - [2023-03-20T00:23:23.638-0400] {dag.py:3440} INFO - Setting next_dagrun for weather_api_test to 2023-03-20T00:00:00+00:00, run_after=2023-03-21T00:00:00+00:00
[2023-03-20T00:23:23.644-0400] {processor.py:175} INFO - Processing /Users/sunanda/airflow/dags/weatherapi.py took 0.451 seconds
[2023-03-20T00:24:44.248-0400] {processor.py:153} INFO - Started process (PID=59879) to work on /Users/sunanda/airflow/dags/weatherapi.py
[2023-03-20T00:24:44.250-0400] {processor.py:743} INFO - Processing file /Users/sunanda/airflow/dags/weatherapi.py for tasks to queue
[2023-03-20T00:24:44.250-0400] {logging_mixin.py:137} INFO - [2023-03-20T00:24:44.250-0400] {dagbag.py:532} INFO - Filling up the DagBag from /Users/sunanda/airflow/dags/weatherapi.py
[2023-03-20T00:24:44.387-0400] {processor.py:753} INFO - DAG(s) dict_keys(['weather_api_test']) retrieved from /Users/sunanda/airflow/dags/weatherapi.py
[2023-03-20T00:24:44.664-0400] {logging_mixin.py:137} INFO - [2023-03-20T00:24:44.664-0400] {dag.py:2693} INFO - Sync 1 DAGs
[2023-03-20T00:24:44.670-0400] {logging_mixin.py:137} INFO - [2023-03-20T00:24:44.670-0400] {dag.py:3440} INFO - Setting next_dagrun for weather_api_test to 2023-03-20T00:00:00+00:00, run_after=2023-03-21T00:00:00+00:00
[2023-03-20T00:24:44.676-0400] {processor.py:175} INFO - Processing /Users/sunanda/airflow/dags/weatherapi.py took 0.429 seconds
[2023-03-20T00:25:36.260-0400] {processor.py:153} INFO - Started process (PID=59969) to work on /Users/sunanda/airflow/dags/weatherapi.py
[2023-03-20T00:25:36.262-0400] {processor.py:743} INFO - Processing file /Users/sunanda/airflow/dags/weatherapi.py for tasks to queue
[2023-03-20T00:25:36.262-0400] {logging_mixin.py:137} INFO - [2023-03-20T00:25:36.262-0400] {dagbag.py:532} INFO - Filling up the DagBag from /Users/sunanda/airflow/dags/weatherapi.py
[2023-03-20T00:25:36.416-0400] {processor.py:753} INFO - DAG(s) dict_keys(['weather_api_test']) retrieved from /Users/sunanda/airflow/dags/weatherapi.py
[2023-03-20T00:25:36.695-0400] {logging_mixin.py:137} INFO - [2023-03-20T00:25:36.695-0400] {dag.py:2693} INFO - Sync 1 DAGs
[2023-03-20T00:25:36.702-0400] {logging_mixin.py:137} INFO - [2023-03-20T00:25:36.702-0400] {dag.py:3440} INFO - Setting next_dagrun for weather_api_test to 2023-03-20T00:00:00+00:00, run_after=2023-03-21T00:00:00+00:00
[2023-03-20T00:25:36.709-0400] {processor.py:175} INFO - Processing /Users/sunanda/airflow/dags/weatherapi.py took 0.450 seconds
[2023-03-20T00:26:25.986-0400] {processor.py:153} INFO - Started process (PID=60044) to work on /Users/sunanda/airflow/dags/weatherapi.py
[2023-03-20T00:26:25.989-0400] {processor.py:743} INFO - Processing file /Users/sunanda/airflow/dags/weatherapi.py for tasks to queue
[2023-03-20T00:26:25.989-0400] {logging_mixin.py:137} INFO - [2023-03-20T00:26:25.989-0400] {dagbag.py:532} INFO - Filling up the DagBag from /Users/sunanda/airflow/dags/weatherapi.py
[2023-03-20T00:26:26.127-0400] {processor.py:753} INFO - DAG(s) dict_keys(['weather_api_test']) retrieved from /Users/sunanda/airflow/dags/weatherapi.py
[2023-03-20T00:26:26.375-0400] {logging_mixin.py:137} INFO - [2023-03-20T00:26:26.375-0400] {dag.py:2693} INFO - Sync 1 DAGs
[2023-03-20T00:26:26.382-0400] {logging_mixin.py:137} INFO - [2023-03-20T00:26:26.382-0400] {dag.py:3440} INFO - Setting next_dagrun for weather_api_test to 2023-03-20T00:00:00+00:00, run_after=2023-03-21T00:00:00+00:00
[2023-03-20T00:26:26.389-0400] {processor.py:175} INFO - Processing /Users/sunanda/airflow/dags/weatherapi.py took 0.403 seconds
[2023-03-20T08:53:45.506-0400] {processor.py:153} INFO - Started process (PID=5817) to work on /Users/sunanda/airflow/dags/weatherapi.py
[2023-03-20T08:53:45.509-0400] {processor.py:743} INFO - Processing file /Users/sunanda/airflow/dags/weatherapi.py for tasks to queue
[2023-03-20T08:53:45.509-0400] {logging_mixin.py:137} INFO - [2023-03-20T08:53:45.509-0400] {dagbag.py:538} INFO - Filling up the DagBag from /Users/sunanda/airflow/dags/weatherapi.py
[2023-03-20T08:53:45.543-0400] {processor.py:753} INFO - DAG(s) dict_keys(['weather_api_test']) retrieved from /Users/sunanda/airflow/dags/weatherapi.py
[2023-03-20T08:53:45.759-0400] {logging_mixin.py:137} INFO - [2023-03-20T08:53:45.759-0400] {dag.py:2690} INFO - Sync 1 DAGs
[2023-03-20T08:53:45.765-0400] {logging_mixin.py:137} INFO - [2023-03-20T08:53:45.765-0400] {dag.py:3437} INFO - Setting next_dagrun for weather_api_test to 2023-03-20T00:00:00+00:00, run_after=2023-03-21T00:00:00+00:00
[2023-03-20T08:53:45.772-0400] {processor.py:175} INFO - Processing /Users/sunanda/airflow/dags/weatherapi.py took 0.267 seconds
[2023-03-20T08:55:00.327-0400] {processor.py:153} INFO - Started process (PID=5933) to work on /Users/sunanda/airflow/dags/weatherapi.py
[2023-03-20T08:55:00.330-0400] {processor.py:743} INFO - Processing file /Users/sunanda/airflow/dags/weatherapi.py for tasks to queue
[2023-03-20T08:55:00.331-0400] {logging_mixin.py:137} INFO - [2023-03-20T08:55:00.331-0400] {dagbag.py:538} INFO - Filling up the DagBag from /Users/sunanda/airflow/dags/weatherapi.py
[2023-03-20T08:55:00.357-0400] {processor.py:753} INFO - DAG(s) dict_keys(['weather_api_test']) retrieved from /Users/sunanda/airflow/dags/weatherapi.py
[2023-03-20T08:55:00.571-0400] {logging_mixin.py:137} INFO - [2023-03-20T08:55:00.571-0400] {dag.py:2690} INFO - Sync 1 DAGs
[2023-03-20T08:55:00.574-0400] {logging_mixin.py:137} INFO - [2023-03-20T08:55:00.574-0400] {dag.py:2711} INFO - Creating ORM DAG for weather_api_test
[2023-03-20T08:55:00.577-0400] {logging_mixin.py:137} INFO - [2023-03-20T08:55:00.577-0400] {dag.py:3437} INFO - Setting next_dagrun for weather_api_test to 2023-03-20T00:00:00+00:00, run_after=2023-03-21T00:00:00+00:00
[2023-03-20T08:55:00.584-0400] {processor.py:175} INFO - Processing /Users/sunanda/airflow/dags/weatherapi.py took 0.257 seconds
