[2023-03-22T14:54:17.733-0400] {processor.py:153} INFO - Started process (PID=69600) to work on /Users/sunanda/Downloads/airflow/py_env/lib/python3.9/site-packages/airflow/example_dags/example_latest_only.py
[2023-03-22T14:54:17.735-0400] {processor.py:743} INFO - Processing file /Users/sunanda/Downloads/airflow/py_env/lib/python3.9/site-packages/airflow/example_dags/example_latest_only.py for tasks to queue
[2023-03-22T14:54:17.735-0400] {logging_mixin.py:137} INFO - [2023-03-22T14:54:17.735-0400] {dagbag.py:538} INFO - Filling up the DagBag from /Users/sunanda/Downloads/airflow/py_env/lib/python3.9/site-packages/airflow/example_dags/example_latest_only.py
[2023-03-22T14:54:17.746-0400] {processor.py:753} INFO - DAG(s) dict_keys(['latest_only']) retrieved from /Users/sunanda/Downloads/airflow/py_env/lib/python3.9/site-packages/airflow/example_dags/example_latest_only.py
[2023-03-22T14:54:17.951-0400] {logging_mixin.py:137} INFO - [2023-03-22T14:54:17.951-0400] {dag.py:2690} INFO - Sync 1 DAGs
[2023-03-22T14:54:17.958-0400] {logging_mixin.py:137} INFO - [2023-03-22T14:54:17.958-0400] {dag.py:3437} INFO - Setting next_dagrun for latest_only to 2023-03-22T14:54:17.958488+00:00, run_after=2023-03-22T18:54:17.958488+00:00
[2023-03-22T14:54:17.967-0400] {processor.py:175} INFO - Processing /Users/sunanda/Downloads/airflow/py_env/lib/python3.9/site-packages/airflow/example_dags/example_latest_only.py took 0.234 seconds
[2023-03-22T14:55:41.006-0400] {processor.py:153} INFO - Started process (PID=69734) to work on /Users/sunanda/Downloads/airflow/py_env/lib/python3.9/site-packages/airflow/example_dags/example_latest_only.py
[2023-03-22T14:55:41.009-0400] {processor.py:743} INFO - Processing file /Users/sunanda/Downloads/airflow/py_env/lib/python3.9/site-packages/airflow/example_dags/example_latest_only.py for tasks to queue
[2023-03-22T14:55:41.009-0400] {logging_mixin.py:137} INFO - [2023-03-22T14:55:41.009-0400] {dagbag.py:538} INFO - Filling up the DagBag from /Users/sunanda/Downloads/airflow/py_env/lib/python3.9/site-packages/airflow/example_dags/example_latest_only.py
[2023-03-22T14:55:41.020-0400] {processor.py:753} INFO - DAG(s) dict_keys(['latest_only']) retrieved from /Users/sunanda/Downloads/airflow/py_env/lib/python3.9/site-packages/airflow/example_dags/example_latest_only.py
[2023-03-22T14:55:41.222-0400] {logging_mixin.py:137} INFO - [2023-03-22T14:55:41.222-0400] {dag.py:2690} INFO - Sync 1 DAGs
[2023-03-22T14:55:41.228-0400] {logging_mixin.py:137} INFO - [2023-03-22T14:55:41.228-0400] {dag.py:3437} INFO - Setting next_dagrun for latest_only to 2023-03-22T14:55:41.228643+00:00, run_after=2023-03-22T18:55:41.228643+00:00
[2023-03-22T14:55:41.236-0400] {processor.py:175} INFO - Processing /Users/sunanda/Downloads/airflow/py_env/lib/python3.9/site-packages/airflow/example_dags/example_latest_only.py took 0.231 seconds
[2023-03-22T14:57:03.609-0400] {processor.py:153} INFO - Started process (PID=69860) to work on /Users/sunanda/Downloads/airflow/py_env/lib/python3.9/site-packages/airflow/example_dags/example_latest_only.py
[2023-03-22T14:57:03.612-0400] {processor.py:743} INFO - Processing file /Users/sunanda/Downloads/airflow/py_env/lib/python3.9/site-packages/airflow/example_dags/example_latest_only.py for tasks to queue
[2023-03-22T14:57:03.613-0400] {logging_mixin.py:137} INFO - [2023-03-22T14:57:03.612-0400] {dagbag.py:538} INFO - Filling up the DagBag from /Users/sunanda/Downloads/airflow/py_env/lib/python3.9/site-packages/airflow/example_dags/example_latest_only.py
[2023-03-22T14:57:03.623-0400] {processor.py:753} INFO - DAG(s) dict_keys(['latest_only']) retrieved from /Users/sunanda/Downloads/airflow/py_env/lib/python3.9/site-packages/airflow/example_dags/example_latest_only.py
[2023-03-22T14:57:03.825-0400] {logging_mixin.py:137} INFO - [2023-03-22T14:57:03.825-0400] {dag.py:2690} INFO - Sync 1 DAGs
[2023-03-22T14:57:03.831-0400] {logging_mixin.py:137} INFO - [2023-03-22T14:57:03.831-0400] {dag.py:3437} INFO - Setting next_dagrun for latest_only to 2023-03-22T14:57:03.831817+00:00, run_after=2023-03-22T18:57:03.831817+00:00
[2023-03-22T14:57:03.839-0400] {processor.py:175} INFO - Processing /Users/sunanda/Downloads/airflow/py_env/lib/python3.9/site-packages/airflow/example_dags/example_latest_only.py took 0.230 seconds
[2023-03-22T14:58:26.189-0400] {processor.py:153} INFO - Started process (PID=69991) to work on /Users/sunanda/Downloads/airflow/py_env/lib/python3.9/site-packages/airflow/example_dags/example_latest_only.py
[2023-03-22T14:58:26.192-0400] {processor.py:743} INFO - Processing file /Users/sunanda/Downloads/airflow/py_env/lib/python3.9/site-packages/airflow/example_dags/example_latest_only.py for tasks to queue
[2023-03-22T14:58:26.192-0400] {logging_mixin.py:137} INFO - [2023-03-22T14:58:26.192-0400] {dagbag.py:538} INFO - Filling up the DagBag from /Users/sunanda/Downloads/airflow/py_env/lib/python3.9/site-packages/airflow/example_dags/example_latest_only.py
[2023-03-22T14:58:26.204-0400] {processor.py:753} INFO - DAG(s) dict_keys(['latest_only']) retrieved from /Users/sunanda/Downloads/airflow/py_env/lib/python3.9/site-packages/airflow/example_dags/example_latest_only.py
[2023-03-22T14:58:26.408-0400] {logging_mixin.py:137} INFO - [2023-03-22T14:58:26.408-0400] {dag.py:2690} INFO - Sync 1 DAGs
[2023-03-22T14:58:26.414-0400] {logging_mixin.py:137} INFO - [2023-03-22T14:58:26.414-0400] {dag.py:3437} INFO - Setting next_dagrun for latest_only to 2023-03-22T14:58:26.414773+00:00, run_after=2023-03-22T18:58:26.414773+00:00
[2023-03-22T14:58:26.422-0400] {processor.py:175} INFO - Processing /Users/sunanda/Downloads/airflow/py_env/lib/python3.9/site-packages/airflow/example_dags/example_latest_only.py took 0.234 seconds
[2023-03-22T14:59:52.281-0400] {processor.py:153} INFO - Started process (PID=70126) to work on /Users/sunanda/Downloads/airflow/py_env/lib/python3.9/site-packages/airflow/example_dags/example_latest_only.py
[2023-03-22T14:59:52.283-0400] {processor.py:743} INFO - Processing file /Users/sunanda/Downloads/airflow/py_env/lib/python3.9/site-packages/airflow/example_dags/example_latest_only.py for tasks to queue
[2023-03-22T14:59:52.284-0400] {logging_mixin.py:137} INFO - [2023-03-22T14:59:52.283-0400] {dagbag.py:538} INFO - Filling up the DagBag from /Users/sunanda/Downloads/airflow/py_env/lib/python3.9/site-packages/airflow/example_dags/example_latest_only.py
[2023-03-22T14:59:52.294-0400] {processor.py:753} INFO - DAG(s) dict_keys(['latest_only']) retrieved from /Users/sunanda/Downloads/airflow/py_env/lib/python3.9/site-packages/airflow/example_dags/example_latest_only.py
[2023-03-22T14:59:52.501-0400] {logging_mixin.py:137} INFO - [2023-03-22T14:59:52.500-0400] {dag.py:2690} INFO - Sync 1 DAGs
[2023-03-22T14:59:52.507-0400] {logging_mixin.py:137} INFO - [2023-03-22T14:59:52.507-0400] {dag.py:3437} INFO - Setting next_dagrun for latest_only to 2023-03-22T14:59:52.507387+00:00, run_after=2023-03-22T18:59:52.507387+00:00
[2023-03-22T14:59:52.514-0400] {processor.py:175} INFO - Processing /Users/sunanda/Downloads/airflow/py_env/lib/python3.9/site-packages/airflow/example_dags/example_latest_only.py took 0.234 seconds
[2023-03-22T15:01:19.237-0400] {processor.py:153} INFO - Started process (PID=70263) to work on /Users/sunanda/Downloads/airflow/py_env/lib/python3.9/site-packages/airflow/example_dags/example_latest_only.py
[2023-03-22T15:01:19.239-0400] {processor.py:743} INFO - Processing file /Users/sunanda/Downloads/airflow/py_env/lib/python3.9/site-packages/airflow/example_dags/example_latest_only.py for tasks to queue
[2023-03-22T15:01:19.239-0400] {logging_mixin.py:137} INFO - [2023-03-22T15:01:19.239-0400] {dagbag.py:538} INFO - Filling up the DagBag from /Users/sunanda/Downloads/airflow/py_env/lib/python3.9/site-packages/airflow/example_dags/example_latest_only.py
[2023-03-22T15:01:19.249-0400] {processor.py:753} INFO - DAG(s) dict_keys(['latest_only']) retrieved from /Users/sunanda/Downloads/airflow/py_env/lib/python3.9/site-packages/airflow/example_dags/example_latest_only.py
[2023-03-22T15:01:19.449-0400] {logging_mixin.py:137} INFO - [2023-03-22T15:01:19.448-0400] {dag.py:2690} INFO - Sync 1 DAGs
[2023-03-22T15:01:19.456-0400] {logging_mixin.py:137} INFO - [2023-03-22T15:01:19.456-0400] {dag.py:3437} INFO - Setting next_dagrun for latest_only to 2023-03-22T15:01:19.456024+00:00, run_after=2023-03-22T19:01:19.456024+00:00
[2023-03-22T15:01:19.463-0400] {processor.py:175} INFO - Processing /Users/sunanda/Downloads/airflow/py_env/lib/python3.9/site-packages/airflow/example_dags/example_latest_only.py took 0.226 seconds
[2023-03-22T15:02:47.275-0400] {processor.py:153} INFO - Started process (PID=70404) to work on /Users/sunanda/Downloads/airflow/py_env/lib/python3.9/site-packages/airflow/example_dags/example_latest_only.py
[2023-03-22T15:02:47.277-0400] {processor.py:743} INFO - Processing file /Users/sunanda/Downloads/airflow/py_env/lib/python3.9/site-packages/airflow/example_dags/example_latest_only.py for tasks to queue
[2023-03-22T15:02:47.277-0400] {logging_mixin.py:137} INFO - [2023-03-22T15:02:47.277-0400] {dagbag.py:538} INFO - Filling up the DagBag from /Users/sunanda/Downloads/airflow/py_env/lib/python3.9/site-packages/airflow/example_dags/example_latest_only.py
[2023-03-22T15:02:47.289-0400] {processor.py:753} INFO - DAG(s) dict_keys(['latest_only']) retrieved from /Users/sunanda/Downloads/airflow/py_env/lib/python3.9/site-packages/airflow/example_dags/example_latest_only.py
[2023-03-22T15:02:47.497-0400] {logging_mixin.py:137} INFO - [2023-03-22T15:02:47.497-0400] {dag.py:2690} INFO - Sync 1 DAGs
[2023-03-22T15:02:47.504-0400] {logging_mixin.py:137} INFO - [2023-03-22T15:02:47.503-0400] {dag.py:3437} INFO - Setting next_dagrun for latest_only to 2023-03-22T15:02:47.503925+00:00, run_after=2023-03-22T19:02:47.503925+00:00
[2023-03-22T15:02:47.511-0400] {processor.py:175} INFO - Processing /Users/sunanda/Downloads/airflow/py_env/lib/python3.9/site-packages/airflow/example_dags/example_latest_only.py took 0.236 seconds
[2023-03-22T15:04:09.184-0400] {processor.py:153} INFO - Started process (PID=70555) to work on /Users/sunanda/Downloads/airflow/py_env/lib/python3.9/site-packages/airflow/example_dags/example_latest_only.py
[2023-03-22T15:04:09.188-0400] {processor.py:743} INFO - Processing file /Users/sunanda/Downloads/airflow/py_env/lib/python3.9/site-packages/airflow/example_dags/example_latest_only.py for tasks to queue
[2023-03-22T15:04:09.188-0400] {logging_mixin.py:137} INFO - [2023-03-22T15:04:09.188-0400] {dagbag.py:538} INFO - Filling up the DagBag from /Users/sunanda/Downloads/airflow/py_env/lib/python3.9/site-packages/airflow/example_dags/example_latest_only.py
[2023-03-22T15:04:09.198-0400] {processor.py:753} INFO - DAG(s) dict_keys(['latest_only']) retrieved from /Users/sunanda/Downloads/airflow/py_env/lib/python3.9/site-packages/airflow/example_dags/example_latest_only.py
[2023-03-22T15:04:09.400-0400] {logging_mixin.py:137} INFO - [2023-03-22T15:04:09.400-0400] {dag.py:2690} INFO - Sync 1 DAGs
[2023-03-22T15:04:09.407-0400] {logging_mixin.py:137} INFO - [2023-03-22T15:04:09.407-0400] {dag.py:3437} INFO - Setting next_dagrun for latest_only to 2023-03-22T15:04:09.407054+00:00, run_after=2023-03-22T19:04:09.407054+00:00
[2023-03-22T15:04:09.414-0400] {processor.py:175} INFO - Processing /Users/sunanda/Downloads/airflow/py_env/lib/python3.9/site-packages/airflow/example_dags/example_latest_only.py took 0.230 seconds
[2023-03-22T15:05:30.659-0400] {processor.py:153} INFO - Started process (PID=70687) to work on /Users/sunanda/Downloads/airflow/py_env/lib/python3.9/site-packages/airflow/example_dags/example_latest_only.py
[2023-03-22T15:05:30.663-0400] {processor.py:743} INFO - Processing file /Users/sunanda/Downloads/airflow/py_env/lib/python3.9/site-packages/airflow/example_dags/example_latest_only.py for tasks to queue
[2023-03-22T15:05:30.663-0400] {logging_mixin.py:137} INFO - [2023-03-22T15:05:30.663-0400] {dagbag.py:538} INFO - Filling up the DagBag from /Users/sunanda/Downloads/airflow/py_env/lib/python3.9/site-packages/airflow/example_dags/example_latest_only.py
[2023-03-22T15:05:30.674-0400] {processor.py:753} INFO - DAG(s) dict_keys(['latest_only']) retrieved from /Users/sunanda/Downloads/airflow/py_env/lib/python3.9/site-packages/airflow/example_dags/example_latest_only.py
[2023-03-22T15:05:30.874-0400] {logging_mixin.py:137} INFO - [2023-03-22T15:05:30.874-0400] {dag.py:2690} INFO - Sync 1 DAGs
[2023-03-22T15:05:30.882-0400] {logging_mixin.py:137} INFO - [2023-03-22T15:05:30.881-0400] {dag.py:3437} INFO - Setting next_dagrun for latest_only to 2023-03-22T15:05:30.881919+00:00, run_after=2023-03-22T19:05:30.881919+00:00
[2023-03-22T15:05:30.889-0400] {processor.py:175} INFO - Processing /Users/sunanda/Downloads/airflow/py_env/lib/python3.9/site-packages/airflow/example_dags/example_latest_only.py took 0.230 seconds
[2023-03-22T19:11:44.486-0400] {processor.py:153} INFO - Started process (PID=3814) to work on /Users/sunanda/Downloads/airflow/py_env/lib/python3.9/site-packages/airflow/example_dags/example_latest_only.py
[2023-03-22T19:11:44.488-0400] {processor.py:743} INFO - Processing file /Users/sunanda/Downloads/airflow/py_env/lib/python3.9/site-packages/airflow/example_dags/example_latest_only.py for tasks to queue
[2023-03-22T19:11:44.489-0400] {logging_mixin.py:137} INFO - [2023-03-22T19:11:44.489-0400] {dagbag.py:538} INFO - Filling up the DagBag from /Users/sunanda/Downloads/airflow/py_env/lib/python3.9/site-packages/airflow/example_dags/example_latest_only.py
[2023-03-22T19:11:44.498-0400] {processor.py:753} INFO - DAG(s) dict_keys(['latest_only']) retrieved from /Users/sunanda/Downloads/airflow/py_env/lib/python3.9/site-packages/airflow/example_dags/example_latest_only.py
[2023-03-22T19:11:44.700-0400] {logging_mixin.py:137} INFO - [2023-03-22T19:11:44.700-0400] {dag.py:2690} INFO - Sync 1 DAGs
[2023-03-22T19:11:44.707-0400] {logging_mixin.py:137} INFO - [2023-03-22T19:11:44.707-0400] {dag.py:3437} INFO - Setting next_dagrun for latest_only to 2023-03-22T19:11:44.707046+00:00, run_after=2023-03-22T23:11:44.707046+00:00
[2023-03-22T19:11:44.714-0400] {processor.py:175} INFO - Processing /Users/sunanda/Downloads/airflow/py_env/lib/python3.9/site-packages/airflow/example_dags/example_latest_only.py took 0.228 seconds
[2023-03-22T19:13:13.331-0400] {processor.py:153} INFO - Started process (PID=3950) to work on /Users/sunanda/Downloads/airflow/py_env/lib/python3.9/site-packages/airflow/example_dags/example_latest_only.py
[2023-03-22T19:13:13.334-0400] {processor.py:743} INFO - Processing file /Users/sunanda/Downloads/airflow/py_env/lib/python3.9/site-packages/airflow/example_dags/example_latest_only.py for tasks to queue
[2023-03-22T19:13:13.334-0400] {logging_mixin.py:137} INFO - [2023-03-22T19:13:13.334-0400] {dagbag.py:538} INFO - Filling up the DagBag from /Users/sunanda/Downloads/airflow/py_env/lib/python3.9/site-packages/airflow/example_dags/example_latest_only.py
[2023-03-22T19:13:13.344-0400] {processor.py:753} INFO - DAG(s) dict_keys(['latest_only']) retrieved from /Users/sunanda/Downloads/airflow/py_env/lib/python3.9/site-packages/airflow/example_dags/example_latest_only.py
[2023-03-22T19:13:13.545-0400] {logging_mixin.py:137} INFO - [2023-03-22T19:13:13.545-0400] {dag.py:2690} INFO - Sync 1 DAGs
[2023-03-22T19:13:13.552-0400] {logging_mixin.py:137} INFO - [2023-03-22T19:13:13.552-0400] {dag.py:3437} INFO - Setting next_dagrun for latest_only to 2023-03-22T19:13:13.552237+00:00, run_after=2023-03-22T23:13:13.552237+00:00
[2023-03-22T19:13:13.559-0400] {processor.py:175} INFO - Processing /Users/sunanda/Downloads/airflow/py_env/lib/python3.9/site-packages/airflow/example_dags/example_latest_only.py took 0.228 seconds
[2023-03-22T19:24:36.342-0400] {processor.py:153} INFO - Started process (PID=4789) to work on /Users/sunanda/Downloads/airflow/py_env/lib/python3.9/site-packages/airflow/example_dags/example_latest_only.py
[2023-03-22T19:24:36.346-0400] {processor.py:743} INFO - Processing file /Users/sunanda/Downloads/airflow/py_env/lib/python3.9/site-packages/airflow/example_dags/example_latest_only.py for tasks to queue
[2023-03-22T19:24:36.347-0400] {logging_mixin.py:137} INFO - [2023-03-22T19:24:36.347-0400] {dagbag.py:538} INFO - Filling up the DagBag from /Users/sunanda/Downloads/airflow/py_env/lib/python3.9/site-packages/airflow/example_dags/example_latest_only.py
[2023-03-22T19:24:36.361-0400] {processor.py:753} INFO - DAG(s) dict_keys(['latest_only']) retrieved from /Users/sunanda/Downloads/airflow/py_env/lib/python3.9/site-packages/airflow/example_dags/example_latest_only.py
[2023-03-22T19:24:36.564-0400] {logging_mixin.py:137} INFO - [2023-03-22T19:24:36.564-0400] {dag.py:2690} INFO - Sync 1 DAGs
[2023-03-22T19:24:36.570-0400] {logging_mixin.py:137} INFO - [2023-03-22T19:24:36.570-0400] {dag.py:3437} INFO - Setting next_dagrun for latest_only to 2023-03-22T19:24:36.570758+00:00, run_after=2023-03-22T23:24:36.570758+00:00
[2023-03-22T19:24:36.578-0400] {processor.py:175} INFO - Processing /Users/sunanda/Downloads/airflow/py_env/lib/python3.9/site-packages/airflow/example_dags/example_latest_only.py took 0.236 seconds
[2023-03-22T19:25:59.980-0400] {processor.py:153} INFO - Started process (PID=4918) to work on /Users/sunanda/Downloads/airflow/py_env/lib/python3.9/site-packages/airflow/example_dags/example_latest_only.py
[2023-03-22T19:25:59.983-0400] {processor.py:743} INFO - Processing file /Users/sunanda/Downloads/airflow/py_env/lib/python3.9/site-packages/airflow/example_dags/example_latest_only.py for tasks to queue
[2023-03-22T19:25:59.983-0400] {logging_mixin.py:137} INFO - [2023-03-22T19:25:59.983-0400] {dagbag.py:538} INFO - Filling up the DagBag from /Users/sunanda/Downloads/airflow/py_env/lib/python3.9/site-packages/airflow/example_dags/example_latest_only.py
[2023-03-22T19:25:59.994-0400] {processor.py:753} INFO - DAG(s) dict_keys(['latest_only']) retrieved from /Users/sunanda/Downloads/airflow/py_env/lib/python3.9/site-packages/airflow/example_dags/example_latest_only.py
[2023-03-22T19:26:00.193-0400] {logging_mixin.py:137} INFO - [2023-03-22T19:26:00.193-0400] {dag.py:2690} INFO - Sync 1 DAGs
[2023-03-22T19:26:00.200-0400] {logging_mixin.py:137} INFO - [2023-03-22T19:26:00.200-0400] {dag.py:3437} INFO - Setting next_dagrun for latest_only to 2023-03-22T19:26:00.200243+00:00, run_after=2023-03-22T23:26:00.200243+00:00
[2023-03-22T19:26:00.208-0400] {processor.py:175} INFO - Processing /Users/sunanda/Downloads/airflow/py_env/lib/python3.9/site-packages/airflow/example_dags/example_latest_only.py took 0.228 seconds
[2023-03-22T19:27:25.425-0400] {processor.py:153} INFO - Started process (PID=5052) to work on /Users/sunanda/Downloads/airflow/py_env/lib/python3.9/site-packages/airflow/example_dags/example_latest_only.py
[2023-03-22T19:27:25.428-0400] {processor.py:743} INFO - Processing file /Users/sunanda/Downloads/airflow/py_env/lib/python3.9/site-packages/airflow/example_dags/example_latest_only.py for tasks to queue
[2023-03-22T19:27:25.428-0400] {logging_mixin.py:137} INFO - [2023-03-22T19:27:25.428-0400] {dagbag.py:538} INFO - Filling up the DagBag from /Users/sunanda/Downloads/airflow/py_env/lib/python3.9/site-packages/airflow/example_dags/example_latest_only.py
[2023-03-22T19:27:25.440-0400] {processor.py:753} INFO - DAG(s) dict_keys(['latest_only']) retrieved from /Users/sunanda/Downloads/airflow/py_env/lib/python3.9/site-packages/airflow/example_dags/example_latest_only.py
[2023-03-22T19:27:25.648-0400] {logging_mixin.py:137} INFO - [2023-03-22T19:27:25.647-0400] {dag.py:2690} INFO - Sync 1 DAGs
[2023-03-22T19:27:25.654-0400] {logging_mixin.py:137} INFO - [2023-03-22T19:27:25.654-0400] {dag.py:3437} INFO - Setting next_dagrun for latest_only to 2023-03-22T19:27:25.654492+00:00, run_after=2023-03-22T23:27:25.654492+00:00
[2023-03-22T19:27:25.662-0400] {processor.py:175} INFO - Processing /Users/sunanda/Downloads/airflow/py_env/lib/python3.9/site-packages/airflow/example_dags/example_latest_only.py took 0.237 seconds
