[2023-03-22T14:53:44.155-0400] {processor.py:153} INFO - Started process (PID=69548) to work on /Users/sunanda/Downloads/airflow/py_env/lib/python3.9/site-packages/airflow/example_dags/example_xcomargs.py
[2023-03-22T14:53:44.157-0400] {processor.py:743} INFO - Processing file /Users/sunanda/Downloads/airflow/py_env/lib/python3.9/site-packages/airflow/example_dags/example_xcomargs.py for tasks to queue
[2023-03-22T14:53:44.158-0400] {logging_mixin.py:137} INFO - [2023-03-22T14:53:44.158-0400] {dagbag.py:538} INFO - Filling up the DagBag from /Users/sunanda/Downloads/airflow/py_env/lib/python3.9/site-packages/airflow/example_dags/example_xcomargs.py
[2023-03-22T14:53:44.178-0400] {processor.py:753} INFO - DAG(s) dict_keys(['example_xcom_args', 'example_xcom_args_with_operators']) retrieved from /Users/sunanda/Downloads/airflow/py_env/lib/python3.9/site-packages/airflow/example_dags/example_xcomargs.py
[2023-03-22T14:53:44.380-0400] {logging_mixin.py:137} INFO - [2023-03-22T14:53:44.380-0400] {dag.py:2690} INFO - Sync 2 DAGs
[2023-03-22T14:53:44.387-0400] {logging_mixin.py:137} INFO - [2023-03-22T14:53:44.387-0400] {dag.py:3437} INFO - Setting next_dagrun for example_xcom_args to None, run_after=None
[2023-03-22T14:53:44.388-0400] {logging_mixin.py:137} INFO - [2023-03-22T14:53:44.388-0400] {dag.py:3437} INFO - Setting next_dagrun for example_xcom_args_with_operators to None, run_after=None
[2023-03-22T14:53:44.396-0400] {processor.py:175} INFO - Processing /Users/sunanda/Downloads/airflow/py_env/lib/python3.9/site-packages/airflow/example_dags/example_xcomargs.py took 0.241 seconds
[2023-03-22T14:54:57.725-0400] {processor.py:153} INFO - Started process (PID=69664) to work on /Users/sunanda/Downloads/airflow/py_env/lib/python3.9/site-packages/airflow/example_dags/example_xcomargs.py
[2023-03-22T14:54:57.728-0400] {processor.py:743} INFO - Processing file /Users/sunanda/Downloads/airflow/py_env/lib/python3.9/site-packages/airflow/example_dags/example_xcomargs.py for tasks to queue
[2023-03-22T14:54:57.728-0400] {logging_mixin.py:137} INFO - [2023-03-22T14:54:57.728-0400] {dagbag.py:538} INFO - Filling up the DagBag from /Users/sunanda/Downloads/airflow/py_env/lib/python3.9/site-packages/airflow/example_dags/example_xcomargs.py
[2023-03-22T14:54:57.749-0400] {processor.py:753} INFO - DAG(s) dict_keys(['example_xcom_args_with_operators', 'example_xcom_args']) retrieved from /Users/sunanda/Downloads/airflow/py_env/lib/python3.9/site-packages/airflow/example_dags/example_xcomargs.py
[2023-03-22T14:54:57.945-0400] {logging_mixin.py:137} INFO - [2023-03-22T14:54:57.945-0400] {dag.py:2690} INFO - Sync 2 DAGs
[2023-03-22T14:54:57.951-0400] {logging_mixin.py:137} INFO - [2023-03-22T14:54:57.951-0400] {dag.py:3437} INFO - Setting next_dagrun for example_xcom_args to None, run_after=None
[2023-03-22T14:54:57.953-0400] {logging_mixin.py:137} INFO - [2023-03-22T14:54:57.953-0400] {dag.py:3437} INFO - Setting next_dagrun for example_xcom_args_with_operators to None, run_after=None
[2023-03-22T14:54:57.960-0400] {processor.py:175} INFO - Processing /Users/sunanda/Downloads/airflow/py_env/lib/python3.9/site-packages/airflow/example_dags/example_xcomargs.py took 0.236 seconds
[2023-03-22T14:56:17.691-0400] {processor.py:153} INFO - Started process (PID=69790) to work on /Users/sunanda/Downloads/airflow/py_env/lib/python3.9/site-packages/airflow/example_dags/example_xcomargs.py
[2023-03-22T14:56:17.694-0400] {processor.py:743} INFO - Processing file /Users/sunanda/Downloads/airflow/py_env/lib/python3.9/site-packages/airflow/example_dags/example_xcomargs.py for tasks to queue
[2023-03-22T14:56:17.694-0400] {logging_mixin.py:137} INFO - [2023-03-22T14:56:17.694-0400] {dagbag.py:538} INFO - Filling up the DagBag from /Users/sunanda/Downloads/airflow/py_env/lib/python3.9/site-packages/airflow/example_dags/example_xcomargs.py
[2023-03-22T14:56:17.716-0400] {processor.py:753} INFO - DAG(s) dict_keys(['example_xcom_args', 'example_xcom_args_with_operators']) retrieved from /Users/sunanda/Downloads/airflow/py_env/lib/python3.9/site-packages/airflow/example_dags/example_xcomargs.py
[2023-03-22T14:56:17.918-0400] {logging_mixin.py:137} INFO - [2023-03-22T14:56:17.918-0400] {dag.py:2690} INFO - Sync 2 DAGs
[2023-03-22T14:56:17.924-0400] {logging_mixin.py:137} INFO - [2023-03-22T14:56:17.924-0400] {dag.py:3437} INFO - Setting next_dagrun for example_xcom_args to None, run_after=None
[2023-03-22T14:56:17.925-0400] {logging_mixin.py:137} INFO - [2023-03-22T14:56:17.925-0400] {dag.py:3437} INFO - Setting next_dagrun for example_xcom_args_with_operators to None, run_after=None
[2023-03-22T14:56:17.933-0400] {processor.py:175} INFO - Processing /Users/sunanda/Downloads/airflow/py_env/lib/python3.9/site-packages/airflow/example_dags/example_xcomargs.py took 0.242 seconds
[2023-03-22T14:57:37.521-0400] {processor.py:153} INFO - Started process (PID=69914) to work on /Users/sunanda/Downloads/airflow/py_env/lib/python3.9/site-packages/airflow/example_dags/example_xcomargs.py
[2023-03-22T14:57:37.524-0400] {processor.py:743} INFO - Processing file /Users/sunanda/Downloads/airflow/py_env/lib/python3.9/site-packages/airflow/example_dags/example_xcomargs.py for tasks to queue
[2023-03-22T14:57:37.524-0400] {logging_mixin.py:137} INFO - [2023-03-22T14:57:37.524-0400] {dagbag.py:538} INFO - Filling up the DagBag from /Users/sunanda/Downloads/airflow/py_env/lib/python3.9/site-packages/airflow/example_dags/example_xcomargs.py
[2023-03-22T14:57:37.544-0400] {processor.py:753} INFO - DAG(s) dict_keys(['example_xcom_args', 'example_xcom_args_with_operators']) retrieved from /Users/sunanda/Downloads/airflow/py_env/lib/python3.9/site-packages/airflow/example_dags/example_xcomargs.py
[2023-03-22T14:57:37.747-0400] {logging_mixin.py:137} INFO - [2023-03-22T14:57:37.747-0400] {dag.py:2690} INFO - Sync 2 DAGs
[2023-03-22T14:57:37.753-0400] {logging_mixin.py:137} INFO - [2023-03-22T14:57:37.753-0400] {dag.py:3437} INFO - Setting next_dagrun for example_xcom_args to None, run_after=None
[2023-03-22T14:57:37.754-0400] {logging_mixin.py:137} INFO - [2023-03-22T14:57:37.754-0400] {dag.py:3437} INFO - Setting next_dagrun for example_xcom_args_with_operators to None, run_after=None
[2023-03-22T14:57:37.762-0400] {processor.py:175} INFO - Processing /Users/sunanda/Downloads/airflow/py_env/lib/python3.9/site-packages/airflow/example_dags/example_xcomargs.py took 0.241 seconds
[2023-03-22T14:59:05.441-0400] {processor.py:153} INFO - Started process (PID=70054) to work on /Users/sunanda/Downloads/airflow/py_env/lib/python3.9/site-packages/airflow/example_dags/example_xcomargs.py
[2023-03-22T14:59:05.444-0400] {processor.py:743} INFO - Processing file /Users/sunanda/Downloads/airflow/py_env/lib/python3.9/site-packages/airflow/example_dags/example_xcomargs.py for tasks to queue
[2023-03-22T14:59:05.445-0400] {logging_mixin.py:137} INFO - [2023-03-22T14:59:05.445-0400] {dagbag.py:538} INFO - Filling up the DagBag from /Users/sunanda/Downloads/airflow/py_env/lib/python3.9/site-packages/airflow/example_dags/example_xcomargs.py
[2023-03-22T14:59:05.466-0400] {processor.py:753} INFO - DAG(s) dict_keys(['example_xcom_args', 'example_xcom_args_with_operators']) retrieved from /Users/sunanda/Downloads/airflow/py_env/lib/python3.9/site-packages/airflow/example_dags/example_xcomargs.py
[2023-03-22T14:59:05.671-0400] {logging_mixin.py:137} INFO - [2023-03-22T14:59:05.671-0400] {dag.py:2690} INFO - Sync 2 DAGs
[2023-03-22T14:59:05.678-0400] {logging_mixin.py:137} INFO - [2023-03-22T14:59:05.678-0400] {dag.py:3437} INFO - Setting next_dagrun for example_xcom_args to None, run_after=None
[2023-03-22T14:59:05.679-0400] {logging_mixin.py:137} INFO - [2023-03-22T14:59:05.679-0400] {dag.py:3437} INFO - Setting next_dagrun for example_xcom_args_with_operators to None, run_after=None
[2023-03-22T14:59:05.686-0400] {processor.py:175} INFO - Processing /Users/sunanda/Downloads/airflow/py_env/lib/python3.9/site-packages/airflow/example_dags/example_xcomargs.py took 0.245 seconds
[2023-03-22T15:00:31.844-0400] {processor.py:153} INFO - Started process (PID=70188) to work on /Users/sunanda/Downloads/airflow/py_env/lib/python3.9/site-packages/airflow/example_dags/example_xcomargs.py
[2023-03-22T15:00:31.846-0400] {processor.py:743} INFO - Processing file /Users/sunanda/Downloads/airflow/py_env/lib/python3.9/site-packages/airflow/example_dags/example_xcomargs.py for tasks to queue
[2023-03-22T15:00:31.847-0400] {logging_mixin.py:137} INFO - [2023-03-22T15:00:31.846-0400] {dagbag.py:538} INFO - Filling up the DagBag from /Users/sunanda/Downloads/airflow/py_env/lib/python3.9/site-packages/airflow/example_dags/example_xcomargs.py
[2023-03-22T15:00:31.867-0400] {processor.py:753} INFO - DAG(s) dict_keys(['example_xcom_args', 'example_xcom_args_with_operators']) retrieved from /Users/sunanda/Downloads/airflow/py_env/lib/python3.9/site-packages/airflow/example_dags/example_xcomargs.py
[2023-03-22T15:00:32.073-0400] {logging_mixin.py:137} INFO - [2023-03-22T15:00:32.072-0400] {dag.py:2690} INFO - Sync 2 DAGs
[2023-03-22T15:00:32.079-0400] {logging_mixin.py:137} INFO - [2023-03-22T15:00:32.079-0400] {dag.py:3437} INFO - Setting next_dagrun for example_xcom_args to None, run_after=None
[2023-03-22T15:00:32.080-0400] {logging_mixin.py:137} INFO - [2023-03-22T15:00:32.080-0400] {dag.py:3437} INFO - Setting next_dagrun for example_xcom_args_with_operators to None, run_after=None
[2023-03-22T15:00:32.088-0400] {processor.py:175} INFO - Processing /Users/sunanda/Downloads/airflow/py_env/lib/python3.9/site-packages/airflow/example_dags/example_xcomargs.py took 0.245 seconds
[2023-03-22T15:01:56.003-0400] {processor.py:153} INFO - Started process (PID=70325) to work on /Users/sunanda/Downloads/airflow/py_env/lib/python3.9/site-packages/airflow/example_dags/example_xcomargs.py
[2023-03-22T15:01:56.005-0400] {processor.py:743} INFO - Processing file /Users/sunanda/Downloads/airflow/py_env/lib/python3.9/site-packages/airflow/example_dags/example_xcomargs.py for tasks to queue
[2023-03-22T15:01:56.005-0400] {logging_mixin.py:137} INFO - [2023-03-22T15:01:56.005-0400] {dagbag.py:538} INFO - Filling up the DagBag from /Users/sunanda/Downloads/airflow/py_env/lib/python3.9/site-packages/airflow/example_dags/example_xcomargs.py
[2023-03-22T15:01:56.025-0400] {processor.py:753} INFO - DAG(s) dict_keys(['example_xcom_args', 'example_xcom_args_with_operators']) retrieved from /Users/sunanda/Downloads/airflow/py_env/lib/python3.9/site-packages/airflow/example_dags/example_xcomargs.py
[2023-03-22T15:01:56.280-0400] {logging_mixin.py:137} INFO - [2023-03-22T15:01:56.280-0400] {dag.py:2690} INFO - Sync 2 DAGs
[2023-03-22T15:01:56.287-0400] {logging_mixin.py:137} INFO - [2023-03-22T15:01:56.287-0400] {dag.py:3437} INFO - Setting next_dagrun for example_xcom_args to None, run_after=None
[2023-03-22T15:01:56.289-0400] {logging_mixin.py:137} INFO - [2023-03-22T15:01:56.289-0400] {dag.py:3437} INFO - Setting next_dagrun for example_xcom_args_with_operators to None, run_after=None
[2023-03-22T15:01:56.296-0400] {processor.py:175} INFO - Processing /Users/sunanda/Downloads/airflow/py_env/lib/python3.9/site-packages/airflow/example_dags/example_xcomargs.py took 0.294 seconds
[2023-03-22T15:02:41.844-0400] {processor.py:153} INFO - Started process (PID=70396) to work on /Users/sunanda/Downloads/airflow/py_env/lib/python3.9/site-packages/airflow/example_dags/example_xcomargs.py
[2023-03-22T15:02:41.846-0400] {processor.py:743} INFO - Processing file /Users/sunanda/Downloads/airflow/py_env/lib/python3.9/site-packages/airflow/example_dags/example_xcomargs.py for tasks to queue
[2023-03-22T15:02:41.847-0400] {logging_mixin.py:137} INFO - [2023-03-22T15:02:41.847-0400] {dagbag.py:538} INFO - Filling up the DagBag from /Users/sunanda/Downloads/airflow/py_env/lib/python3.9/site-packages/airflow/example_dags/example_xcomargs.py
[2023-03-22T15:02:41.866-0400] {processor.py:753} INFO - DAG(s) dict_keys(['example_xcom_args_with_operators', 'example_xcom_args']) retrieved from /Users/sunanda/Downloads/airflow/py_env/lib/python3.9/site-packages/airflow/example_dags/example_xcomargs.py
[2023-03-22T15:02:42.065-0400] {logging_mixin.py:137} INFO - [2023-03-22T15:02:42.065-0400] {dag.py:2690} INFO - Sync 2 DAGs
[2023-03-22T15:02:42.071-0400] {logging_mixin.py:137} INFO - [2023-03-22T15:02:42.071-0400] {dag.py:3437} INFO - Setting next_dagrun for example_xcom_args to None, run_after=None
[2023-03-22T15:02:42.072-0400] {logging_mixin.py:137} INFO - [2023-03-22T15:02:42.072-0400] {dag.py:3437} INFO - Setting next_dagrun for example_xcom_args_with_operators to None, run_after=None
[2023-03-22T15:02:42.080-0400] {processor.py:175} INFO - Processing /Users/sunanda/Downloads/airflow/py_env/lib/python3.9/site-packages/airflow/example_dags/example_xcomargs.py took 0.236 seconds
[2023-03-22T15:04:04.589-0400] {processor.py:153} INFO - Started process (PID=70547) to work on /Users/sunanda/Downloads/airflow/py_env/lib/python3.9/site-packages/airflow/example_dags/example_xcomargs.py
[2023-03-22T15:04:04.592-0400] {processor.py:743} INFO - Processing file /Users/sunanda/Downloads/airflow/py_env/lib/python3.9/site-packages/airflow/example_dags/example_xcomargs.py for tasks to queue
[2023-03-22T15:04:04.593-0400] {logging_mixin.py:137} INFO - [2023-03-22T15:04:04.593-0400] {dagbag.py:538} INFO - Filling up the DagBag from /Users/sunanda/Downloads/airflow/py_env/lib/python3.9/site-packages/airflow/example_dags/example_xcomargs.py
[2023-03-22T15:04:04.613-0400] {processor.py:753} INFO - DAG(s) dict_keys(['example_xcom_args', 'example_xcom_args_with_operators']) retrieved from /Users/sunanda/Downloads/airflow/py_env/lib/python3.9/site-packages/airflow/example_dags/example_xcomargs.py
[2023-03-22T15:04:04.813-0400] {logging_mixin.py:137} INFO - [2023-03-22T15:04:04.813-0400] {dag.py:2690} INFO - Sync 2 DAGs
[2023-03-22T15:04:04.820-0400] {logging_mixin.py:137} INFO - [2023-03-22T15:04:04.820-0400] {dag.py:3437} INFO - Setting next_dagrun for example_xcom_args to None, run_after=None
[2023-03-22T15:04:04.821-0400] {logging_mixin.py:137} INFO - [2023-03-22T15:04:04.821-0400] {dag.py:3437} INFO - Setting next_dagrun for example_xcom_args_with_operators to None, run_after=None
[2023-03-22T15:04:04.829-0400] {processor.py:175} INFO - Processing /Users/sunanda/Downloads/airflow/py_env/lib/python3.9/site-packages/airflow/example_dags/example_xcomargs.py took 0.240 seconds
[2023-03-22T15:05:25.178-0400] {processor.py:153} INFO - Started process (PID=70677) to work on /Users/sunanda/Downloads/airflow/py_env/lib/python3.9/site-packages/airflow/example_dags/example_xcomargs.py
[2023-03-22T15:05:25.181-0400] {processor.py:743} INFO - Processing file /Users/sunanda/Downloads/airflow/py_env/lib/python3.9/site-packages/airflow/example_dags/example_xcomargs.py for tasks to queue
[2023-03-22T15:05:25.181-0400] {logging_mixin.py:137} INFO - [2023-03-22T15:05:25.181-0400] {dagbag.py:538} INFO - Filling up the DagBag from /Users/sunanda/Downloads/airflow/py_env/lib/python3.9/site-packages/airflow/example_dags/example_xcomargs.py
[2023-03-22T15:05:25.202-0400] {processor.py:753} INFO - DAG(s) dict_keys(['example_xcom_args_with_operators', 'example_xcom_args']) retrieved from /Users/sunanda/Downloads/airflow/py_env/lib/python3.9/site-packages/airflow/example_dags/example_xcomargs.py
[2023-03-22T15:05:25.399-0400] {logging_mixin.py:137} INFO - [2023-03-22T15:05:25.399-0400] {dag.py:2690} INFO - Sync 2 DAGs
[2023-03-22T15:05:25.406-0400] {logging_mixin.py:137} INFO - [2023-03-22T15:05:25.406-0400] {dag.py:3437} INFO - Setting next_dagrun for example_xcom_args to None, run_after=None
[2023-03-22T15:05:25.407-0400] {logging_mixin.py:137} INFO - [2023-03-22T15:05:25.407-0400] {dag.py:3437} INFO - Setting next_dagrun for example_xcom_args_with_operators to None, run_after=None
[2023-03-22T15:05:25.414-0400] {processor.py:175} INFO - Processing /Users/sunanda/Downloads/airflow/py_env/lib/python3.9/site-packages/airflow/example_dags/example_xcomargs.py took 0.237 seconds
[2023-03-22T16:18:20.605-0400] {processor.py:153} INFO - Started process (PID=74850) to work on /Users/sunanda/Downloads/airflow/py_env/lib/python3.9/site-packages/airflow/example_dags/example_xcomargs.py
[2023-03-22T16:18:20.608-0400] {processor.py:743} INFO - Processing file /Users/sunanda/Downloads/airflow/py_env/lib/python3.9/site-packages/airflow/example_dags/example_xcomargs.py for tasks to queue
[2023-03-22T16:18:20.611-0400] {logging_mixin.py:137} INFO - [2023-03-22T16:18:20.610-0400] {dagbag.py:538} INFO - Filling up the DagBag from /Users/sunanda/Downloads/airflow/py_env/lib/python3.9/site-packages/airflow/example_dags/example_xcomargs.py
[2023-03-22T16:18:20.633-0400] {processor.py:753} INFO - DAG(s) dict_keys(['example_xcom_args_with_operators', 'example_xcom_args']) retrieved from /Users/sunanda/Downloads/airflow/py_env/lib/python3.9/site-packages/airflow/example_dags/example_xcomargs.py
[2023-03-22T16:18:21.191-0400] {logging_mixin.py:137} INFO - [2023-03-22T16:18:21.191-0400] {dag.py:2690} INFO - Sync 2 DAGs
[2023-03-22T16:18:21.199-0400] {logging_mixin.py:137} INFO - [2023-03-22T16:18:21.199-0400] {dag.py:3437} INFO - Setting next_dagrun for example_xcom_args to None, run_after=None
[2023-03-22T16:18:21.200-0400] {logging_mixin.py:137} INFO - [2023-03-22T16:18:21.200-0400] {dag.py:3437} INFO - Setting next_dagrun for example_xcom_args_with_operators to None, run_after=None
[2023-03-22T16:18:21.226-0400] {processor.py:175} INFO - Processing /Users/sunanda/Downloads/airflow/py_env/lib/python3.9/site-packages/airflow/example_dags/example_xcomargs.py took 0.621 seconds
[2023-03-22T16:26:30.576-0400] {processor.py:153} INFO - Started process (PID=75391) to work on /Users/sunanda/Downloads/airflow/py_env/lib/python3.9/site-packages/airflow/example_dags/example_xcomargs.py
[2023-03-22T16:26:30.579-0400] {processor.py:743} INFO - Processing file /Users/sunanda/Downloads/airflow/py_env/lib/python3.9/site-packages/airflow/example_dags/example_xcomargs.py for tasks to queue
[2023-03-22T16:26:30.579-0400] {logging_mixin.py:137} INFO - [2023-03-22T16:26:30.579-0400] {dagbag.py:538} INFO - Filling up the DagBag from /Users/sunanda/Downloads/airflow/py_env/lib/python3.9/site-packages/airflow/example_dags/example_xcomargs.py
[2023-03-22T16:26:30.643-0400] {processor.py:753} INFO - DAG(s) dict_keys(['example_xcom_args_with_operators', 'example_xcom_args']) retrieved from /Users/sunanda/Downloads/airflow/py_env/lib/python3.9/site-packages/airflow/example_dags/example_xcomargs.py
[2023-03-22T16:26:31.214-0400] {logging_mixin.py:137} INFO - [2023-03-22T16:26:31.214-0400] {dag.py:2690} INFO - Sync 2 DAGs
[2023-03-22T16:26:31.227-0400] {logging_mixin.py:137} INFO - [2023-03-22T16:26:31.226-0400] {dag.py:3437} INFO - Setting next_dagrun for example_xcom_args to None, run_after=None
[2023-03-22T16:26:31.228-0400] {logging_mixin.py:137} INFO - [2023-03-22T16:26:31.228-0400] {dag.py:3437} INFO - Setting next_dagrun for example_xcom_args_with_operators to None, run_after=None
[2023-03-22T16:26:31.236-0400] {processor.py:175} INFO - Processing /Users/sunanda/Downloads/airflow/py_env/lib/python3.9/site-packages/airflow/example_dags/example_xcomargs.py took 0.671 seconds
[2023-03-22T19:11:10.688-0400] {processor.py:153} INFO - Started process (PID=3754) to work on /Users/sunanda/Downloads/airflow/py_env/lib/python3.9/site-packages/airflow/example_dags/example_xcomargs.py
[2023-03-22T19:11:10.690-0400] {processor.py:743} INFO - Processing file /Users/sunanda/Downloads/airflow/py_env/lib/python3.9/site-packages/airflow/example_dags/example_xcomargs.py for tasks to queue
[2023-03-22T19:11:10.690-0400] {logging_mixin.py:137} INFO - [2023-03-22T19:11:10.690-0400] {dagbag.py:538} INFO - Filling up the DagBag from /Users/sunanda/Downloads/airflow/py_env/lib/python3.9/site-packages/airflow/example_dags/example_xcomargs.py
[2023-03-22T19:11:10.711-0400] {processor.py:753} INFO - DAG(s) dict_keys(['example_xcom_args', 'example_xcom_args_with_operators']) retrieved from /Users/sunanda/Downloads/airflow/py_env/lib/python3.9/site-packages/airflow/example_dags/example_xcomargs.py
[2023-03-22T19:11:10.917-0400] {logging_mixin.py:137} INFO - [2023-03-22T19:11:10.917-0400] {dag.py:2690} INFO - Sync 2 DAGs
[2023-03-22T19:11:10.925-0400] {logging_mixin.py:137} INFO - [2023-03-22T19:11:10.924-0400] {dag.py:3437} INFO - Setting next_dagrun for example_xcom_args to None, run_after=None
[2023-03-22T19:11:10.926-0400] {logging_mixin.py:137} INFO - [2023-03-22T19:11:10.926-0400] {dag.py:3437} INFO - Setting next_dagrun for example_xcom_args_with_operators to None, run_after=None
[2023-03-22T19:11:10.934-0400] {processor.py:175} INFO - Processing /Users/sunanda/Downloads/airflow/py_env/lib/python3.9/site-packages/airflow/example_dags/example_xcomargs.py took 0.247 seconds
[2023-03-22T19:12:23.740-0400] {processor.py:153} INFO - Started process (PID=3874) to work on /Users/sunanda/Downloads/airflow/py_env/lib/python3.9/site-packages/airflow/example_dags/example_xcomargs.py
[2023-03-22T19:12:23.742-0400] {processor.py:743} INFO - Processing file /Users/sunanda/Downloads/airflow/py_env/lib/python3.9/site-packages/airflow/example_dags/example_xcomargs.py for tasks to queue
[2023-03-22T19:12:23.742-0400] {logging_mixin.py:137} INFO - [2023-03-22T19:12:23.742-0400] {dagbag.py:538} INFO - Filling up the DagBag from /Users/sunanda/Downloads/airflow/py_env/lib/python3.9/site-packages/airflow/example_dags/example_xcomargs.py
[2023-03-22T19:12:23.761-0400] {processor.py:753} INFO - DAG(s) dict_keys(['example_xcom_args_with_operators', 'example_xcom_args']) retrieved from /Users/sunanda/Downloads/airflow/py_env/lib/python3.9/site-packages/airflow/example_dags/example_xcomargs.py
[2023-03-22T19:12:23.955-0400] {logging_mixin.py:137} INFO - [2023-03-22T19:12:23.955-0400] {dag.py:2690} INFO - Sync 2 DAGs
[2023-03-22T19:12:23.961-0400] {logging_mixin.py:137} INFO - [2023-03-22T19:12:23.961-0400] {dag.py:3437} INFO - Setting next_dagrun for example_xcom_args to None, run_after=None
[2023-03-22T19:12:23.962-0400] {logging_mixin.py:137} INFO - [2023-03-22T19:12:23.962-0400] {dag.py:3437} INFO - Setting next_dagrun for example_xcom_args_with_operators to None, run_after=None
[2023-03-22T19:12:23.969-0400] {processor.py:175} INFO - Processing /Users/sunanda/Downloads/airflow/py_env/lib/python3.9/site-packages/airflow/example_dags/example_xcomargs.py took 0.230 seconds
[2023-03-22T19:13:07.970-0400] {processor.py:153} INFO - Started process (PID=3941) to work on /Users/sunanda/Downloads/airflow/py_env/lib/python3.9/site-packages/airflow/example_dags/example_xcomargs.py
[2023-03-22T19:13:07.972-0400] {processor.py:743} INFO - Processing file /Users/sunanda/Downloads/airflow/py_env/lib/python3.9/site-packages/airflow/example_dags/example_xcomargs.py for tasks to queue
[2023-03-22T19:13:07.973-0400] {logging_mixin.py:137} INFO - [2023-03-22T19:13:07.972-0400] {dagbag.py:538} INFO - Filling up the DagBag from /Users/sunanda/Downloads/airflow/py_env/lib/python3.9/site-packages/airflow/example_dags/example_xcomargs.py
[2023-03-22T19:13:07.993-0400] {processor.py:753} INFO - DAG(s) dict_keys(['example_xcom_args', 'example_xcom_args_with_operators']) retrieved from /Users/sunanda/Downloads/airflow/py_env/lib/python3.9/site-packages/airflow/example_dags/example_xcomargs.py
[2023-03-22T19:13:08.189-0400] {logging_mixin.py:137} INFO - [2023-03-22T19:13:08.189-0400] {dag.py:2690} INFO - Sync 2 DAGs
[2023-03-22T19:13:08.196-0400] {logging_mixin.py:137} INFO - [2023-03-22T19:13:08.196-0400] {dag.py:3437} INFO - Setting next_dagrun for example_xcom_args to None, run_after=None
[2023-03-22T19:13:08.197-0400] {logging_mixin.py:137} INFO - [2023-03-22T19:13:08.197-0400] {dag.py:3437} INFO - Setting next_dagrun for example_xcom_args_with_operators to None, run_after=None
[2023-03-22T19:13:08.204-0400] {processor.py:175} INFO - Processing /Users/sunanda/Downloads/airflow/py_env/lib/python3.9/site-packages/airflow/example_dags/example_xcomargs.py took 0.235 seconds
[2023-03-22T19:14:03.761-0400] {processor.py:153} INFO - Started process (PID=4032) to work on /Users/sunanda/Downloads/airflow/py_env/lib/python3.9/site-packages/airflow/example_dags/example_xcomargs.py
[2023-03-22T19:14:03.765-0400] {processor.py:743} INFO - Processing file /Users/sunanda/Downloads/airflow/py_env/lib/python3.9/site-packages/airflow/example_dags/example_xcomargs.py for tasks to queue
[2023-03-22T19:14:03.765-0400] {logging_mixin.py:137} INFO - [2023-03-22T19:14:03.765-0400] {dagbag.py:538} INFO - Filling up the DagBag from /Users/sunanda/Downloads/airflow/py_env/lib/python3.9/site-packages/airflow/example_dags/example_xcomargs.py
[2023-03-22T19:14:03.793-0400] {processor.py:753} INFO - DAG(s) dict_keys(['example_xcom_args', 'example_xcom_args_with_operators']) retrieved from /Users/sunanda/Downloads/airflow/py_env/lib/python3.9/site-packages/airflow/example_dags/example_xcomargs.py
[2023-03-22T19:14:04.001-0400] {logging_mixin.py:137} INFO - [2023-03-22T19:14:04.001-0400] {dag.py:2690} INFO - Sync 2 DAGs
[2023-03-22T19:14:04.008-0400] {logging_mixin.py:137} INFO - [2023-03-22T19:14:04.008-0400] {dag.py:3437} INFO - Setting next_dagrun for example_xcom_args to None, run_after=None
[2023-03-22T19:14:04.009-0400] {logging_mixin.py:137} INFO - [2023-03-22T19:14:04.009-0400] {dag.py:3437} INFO - Setting next_dagrun for example_xcom_args_with_operators to None, run_after=None
[2023-03-22T19:14:04.017-0400] {processor.py:175} INFO - Processing /Users/sunanda/Downloads/airflow/py_env/lib/python3.9/site-packages/airflow/example_dags/example_xcomargs.py took 0.258 seconds
[2023-03-22T19:21:01.454-0400] {processor.py:153} INFO - Started process (PID=4521) to work on /Users/sunanda/Downloads/airflow/py_env/lib/python3.9/site-packages/airflow/example_dags/example_xcomargs.py
[2023-03-22T19:21:01.457-0400] {processor.py:743} INFO - Processing file /Users/sunanda/Downloads/airflow/py_env/lib/python3.9/site-packages/airflow/example_dags/example_xcomargs.py for tasks to queue
[2023-03-22T19:21:01.458-0400] {logging_mixin.py:137} INFO - [2023-03-22T19:21:01.458-0400] {dagbag.py:538} INFO - Filling up the DagBag from /Users/sunanda/Downloads/airflow/py_env/lib/python3.9/site-packages/airflow/example_dags/example_xcomargs.py
[2023-03-22T19:21:01.477-0400] {processor.py:753} INFO - DAG(s) dict_keys(['example_xcom_args_with_operators', 'example_xcom_args']) retrieved from /Users/sunanda/Downloads/airflow/py_env/lib/python3.9/site-packages/airflow/example_dags/example_xcomargs.py
[2023-03-22T19:21:01.683-0400] {logging_mixin.py:137} INFO - [2023-03-22T19:21:01.683-0400] {dag.py:2690} INFO - Sync 2 DAGs
[2023-03-22T19:21:01.691-0400] {logging_mixin.py:137} INFO - [2023-03-22T19:21:01.691-0400] {dag.py:3437} INFO - Setting next_dagrun for example_xcom_args to None, run_after=None
[2023-03-22T19:21:01.692-0400] {logging_mixin.py:137} INFO - [2023-03-22T19:21:01.692-0400] {dag.py:3437} INFO - Setting next_dagrun for example_xcom_args_with_operators to None, run_after=None
[2023-03-22T19:21:01.699-0400] {processor.py:175} INFO - Processing /Users/sunanda/Downloads/airflow/py_env/lib/python3.9/site-packages/airflow/example_dags/example_xcomargs.py took 0.245 seconds
[2023-03-22T19:24:01.734-0400] {processor.py:153} INFO - Started process (PID=4736) to work on /Users/sunanda/Downloads/airflow/py_env/lib/python3.9/site-packages/airflow/example_dags/example_xcomargs.py
[2023-03-22T19:24:01.738-0400] {processor.py:743} INFO - Processing file /Users/sunanda/Downloads/airflow/py_env/lib/python3.9/site-packages/airflow/example_dags/example_xcomargs.py for tasks to queue
[2023-03-22T19:24:01.738-0400] {logging_mixin.py:137} INFO - [2023-03-22T19:24:01.738-0400] {dagbag.py:538} INFO - Filling up the DagBag from /Users/sunanda/Downloads/airflow/py_env/lib/python3.9/site-packages/airflow/example_dags/example_xcomargs.py
[2023-03-22T19:24:01.758-0400] {processor.py:753} INFO - DAG(s) dict_keys(['example_xcom_args_with_operators', 'example_xcom_args']) retrieved from /Users/sunanda/Downloads/airflow/py_env/lib/python3.9/site-packages/airflow/example_dags/example_xcomargs.py
[2023-03-22T19:24:01.957-0400] {logging_mixin.py:137} INFO - [2023-03-22T19:24:01.957-0400] {dag.py:2690} INFO - Sync 2 DAGs
[2023-03-22T19:24:01.964-0400] {logging_mixin.py:137} INFO - [2023-03-22T19:24:01.964-0400] {dag.py:3437} INFO - Setting next_dagrun for example_xcom_args to None, run_after=None
[2023-03-22T19:24:01.965-0400] {logging_mixin.py:137} INFO - [2023-03-22T19:24:01.965-0400] {dag.py:3437} INFO - Setting next_dagrun for example_xcom_args_with_operators to None, run_after=None
[2023-03-22T19:24:01.972-0400] {processor.py:175} INFO - Processing /Users/sunanda/Downloads/airflow/py_env/lib/python3.9/site-packages/airflow/example_dags/example_xcomargs.py took 0.238 seconds
[2023-03-22T19:25:15.466-0400] {processor.py:153} INFO - Started process (PID=4850) to work on /Users/sunanda/Downloads/airflow/py_env/lib/python3.9/site-packages/airflow/example_dags/example_xcomargs.py
[2023-03-22T19:25:15.469-0400] {processor.py:743} INFO - Processing file /Users/sunanda/Downloads/airflow/py_env/lib/python3.9/site-packages/airflow/example_dags/example_xcomargs.py for tasks to queue
[2023-03-22T19:25:15.470-0400] {logging_mixin.py:137} INFO - [2023-03-22T19:25:15.469-0400] {dagbag.py:538} INFO - Filling up the DagBag from /Users/sunanda/Downloads/airflow/py_env/lib/python3.9/site-packages/airflow/example_dags/example_xcomargs.py
[2023-03-22T19:25:15.491-0400] {processor.py:753} INFO - DAG(s) dict_keys(['example_xcom_args_with_operators', 'example_xcom_args']) retrieved from /Users/sunanda/Downloads/airflow/py_env/lib/python3.9/site-packages/airflow/example_dags/example_xcomargs.py
[2023-03-22T19:25:15.691-0400] {logging_mixin.py:137} INFO - [2023-03-22T19:25:15.691-0400] {dag.py:2690} INFO - Sync 2 DAGs
[2023-03-22T19:25:15.698-0400] {logging_mixin.py:137} INFO - [2023-03-22T19:25:15.698-0400] {dag.py:3437} INFO - Setting next_dagrun for example_xcom_args to None, run_after=None
[2023-03-22T19:25:15.699-0400] {logging_mixin.py:137} INFO - [2023-03-22T19:25:15.699-0400] {dag.py:3437} INFO - Setting next_dagrun for example_xcom_args_with_operators to None, run_after=None
[2023-03-22T19:25:15.706-0400] {processor.py:175} INFO - Processing /Users/sunanda/Downloads/airflow/py_env/lib/python3.9/site-packages/airflow/example_dags/example_xcomargs.py took 0.241 seconds
[2023-03-22T19:26:37.201-0400] {processor.py:153} INFO - Started process (PID=4976) to work on /Users/sunanda/Downloads/airflow/py_env/lib/python3.9/site-packages/airflow/example_dags/example_xcomargs.py
[2023-03-22T19:26:37.204-0400] {processor.py:743} INFO - Processing file /Users/sunanda/Downloads/airflow/py_env/lib/python3.9/site-packages/airflow/example_dags/example_xcomargs.py for tasks to queue
[2023-03-22T19:26:37.204-0400] {logging_mixin.py:137} INFO - [2023-03-22T19:26:37.204-0400] {dagbag.py:538} INFO - Filling up the DagBag from /Users/sunanda/Downloads/airflow/py_env/lib/python3.9/site-packages/airflow/example_dags/example_xcomargs.py
[2023-03-22T19:26:37.226-0400] {processor.py:753} INFO - DAG(s) dict_keys(['example_xcom_args_with_operators', 'example_xcom_args']) retrieved from /Users/sunanda/Downloads/airflow/py_env/lib/python3.9/site-packages/airflow/example_dags/example_xcomargs.py
[2023-03-22T19:26:37.430-0400] {logging_mixin.py:137} INFO - [2023-03-22T19:26:37.430-0400] {dag.py:2690} INFO - Sync 2 DAGs
[2023-03-22T19:26:37.436-0400] {logging_mixin.py:137} INFO - [2023-03-22T19:26:37.436-0400] {dag.py:3437} INFO - Setting next_dagrun for example_xcom_args to None, run_after=None
[2023-03-22T19:26:37.437-0400] {logging_mixin.py:137} INFO - [2023-03-22T19:26:37.437-0400] {dag.py:3437} INFO - Setting next_dagrun for example_xcom_args_with_operators to None, run_after=None
[2023-03-22T19:26:37.444-0400] {processor.py:175} INFO - Processing /Users/sunanda/Downloads/airflow/py_env/lib/python3.9/site-packages/airflow/example_dags/example_xcomargs.py took 0.244 seconds
