[2023-03-22T14:54:14.319-0400] {processor.py:153} INFO - Started process (PID=69595) to work on /Users/sunanda/Downloads/airflow/py_env/lib/python3.9/site-packages/airflow/example_dags/example_local_kubernetes_executor.py
[2023-03-22T14:54:14.321-0400] {processor.py:743} INFO - Processing file /Users/sunanda/Downloads/airflow/py_env/lib/python3.9/site-packages/airflow/example_dags/example_local_kubernetes_executor.py for tasks to queue
[2023-03-22T14:54:14.321-0400] {logging_mixin.py:137} INFO - [2023-03-22T14:54:14.321-0400] {dagbag.py:538} INFO - Filling up the DagBag from /Users/sunanda/Downloads/airflow/py_env/lib/python3.9/site-packages/airflow/example_dags/example_local_kubernetes_executor.py
[2023-03-22T14:54:14.346-0400] {processor.py:753} INFO - DAG(s) dict_keys(['example_local_kubernetes_executor']) retrieved from /Users/sunanda/Downloads/airflow/py_env/lib/python3.9/site-packages/airflow/example_dags/example_local_kubernetes_executor.py
[2023-03-22T14:54:14.562-0400] {logging_mixin.py:137} INFO - [2023-03-22T14:54:14.562-0400] {dag.py:2690} INFO - Sync 1 DAGs
[2023-03-22T14:54:14.569-0400] {logging_mixin.py:137} INFO - [2023-03-22T14:54:14.569-0400] {dag.py:3437} INFO - Setting next_dagrun for example_local_kubernetes_executor to None, run_after=None
[2023-03-22T14:54:14.577-0400] {processor.py:175} INFO - Processing /Users/sunanda/Downloads/airflow/py_env/lib/python3.9/site-packages/airflow/example_dags/example_local_kubernetes_executor.py took 0.259 seconds
[2023-03-22T14:55:38.237-0400] {processor.py:153} INFO - Started process (PID=69729) to work on /Users/sunanda/Downloads/airflow/py_env/lib/python3.9/site-packages/airflow/example_dags/example_local_kubernetes_executor.py
[2023-03-22T14:55:38.240-0400] {processor.py:743} INFO - Processing file /Users/sunanda/Downloads/airflow/py_env/lib/python3.9/site-packages/airflow/example_dags/example_local_kubernetes_executor.py for tasks to queue
[2023-03-22T14:55:38.241-0400] {logging_mixin.py:137} INFO - [2023-03-22T14:55:38.241-0400] {dagbag.py:538} INFO - Filling up the DagBag from /Users/sunanda/Downloads/airflow/py_env/lib/python3.9/site-packages/airflow/example_dags/example_local_kubernetes_executor.py
[2023-03-22T14:55:38.262-0400] {processor.py:753} INFO - DAG(s) dict_keys(['example_local_kubernetes_executor']) retrieved from /Users/sunanda/Downloads/airflow/py_env/lib/python3.9/site-packages/airflow/example_dags/example_local_kubernetes_executor.py
[2023-03-22T14:55:38.462-0400] {logging_mixin.py:137} INFO - [2023-03-22T14:55:38.462-0400] {dag.py:2690} INFO - Sync 1 DAGs
[2023-03-22T14:55:38.469-0400] {logging_mixin.py:137} INFO - [2023-03-22T14:55:38.469-0400] {dag.py:3437} INFO - Setting next_dagrun for example_local_kubernetes_executor to None, run_after=None
[2023-03-22T14:55:38.477-0400] {processor.py:175} INFO - Processing /Users/sunanda/Downloads/airflow/py_env/lib/python3.9/site-packages/airflow/example_dags/example_local_kubernetes_executor.py took 0.240 seconds
[2023-03-22T14:57:00.073-0400] {processor.py:153} INFO - Started process (PID=69854) to work on /Users/sunanda/Downloads/airflow/py_env/lib/python3.9/site-packages/airflow/example_dags/example_local_kubernetes_executor.py
[2023-03-22T14:57:00.076-0400] {processor.py:743} INFO - Processing file /Users/sunanda/Downloads/airflow/py_env/lib/python3.9/site-packages/airflow/example_dags/example_local_kubernetes_executor.py for tasks to queue
[2023-03-22T14:57:00.076-0400] {logging_mixin.py:137} INFO - [2023-03-22T14:57:00.076-0400] {dagbag.py:538} INFO - Filling up the DagBag from /Users/sunanda/Downloads/airflow/py_env/lib/python3.9/site-packages/airflow/example_dags/example_local_kubernetes_executor.py
[2023-03-22T14:57:00.097-0400] {processor.py:753} INFO - DAG(s) dict_keys(['example_local_kubernetes_executor']) retrieved from /Users/sunanda/Downloads/airflow/py_env/lib/python3.9/site-packages/airflow/example_dags/example_local_kubernetes_executor.py
[2023-03-22T14:57:00.294-0400] {logging_mixin.py:137} INFO - [2023-03-22T14:57:00.294-0400] {dag.py:2690} INFO - Sync 1 DAGs
[2023-03-22T14:57:00.300-0400] {logging_mixin.py:137} INFO - [2023-03-22T14:57:00.300-0400] {dag.py:3437} INFO - Setting next_dagrun for example_local_kubernetes_executor to None, run_after=None
[2023-03-22T14:57:00.308-0400] {processor.py:175} INFO - Processing /Users/sunanda/Downloads/airflow/py_env/lib/python3.9/site-packages/airflow/example_dags/example_local_kubernetes_executor.py took 0.236 seconds
[2023-03-22T14:58:22.389-0400] {processor.py:153} INFO - Started process (PID=69986) to work on /Users/sunanda/Downloads/airflow/py_env/lib/python3.9/site-packages/airflow/example_dags/example_local_kubernetes_executor.py
[2023-03-22T14:58:22.392-0400] {processor.py:743} INFO - Processing file /Users/sunanda/Downloads/airflow/py_env/lib/python3.9/site-packages/airflow/example_dags/example_local_kubernetes_executor.py for tasks to queue
[2023-03-22T14:58:22.392-0400] {logging_mixin.py:137} INFO - [2023-03-22T14:58:22.392-0400] {dagbag.py:538} INFO - Filling up the DagBag from /Users/sunanda/Downloads/airflow/py_env/lib/python3.9/site-packages/airflow/example_dags/example_local_kubernetes_executor.py
[2023-03-22T14:58:22.415-0400] {processor.py:753} INFO - DAG(s) dict_keys(['example_local_kubernetes_executor']) retrieved from /Users/sunanda/Downloads/airflow/py_env/lib/python3.9/site-packages/airflow/example_dags/example_local_kubernetes_executor.py
[2023-03-22T14:58:22.620-0400] {logging_mixin.py:137} INFO - [2023-03-22T14:58:22.620-0400] {dag.py:2690} INFO - Sync 1 DAGs
[2023-03-22T14:58:22.626-0400] {logging_mixin.py:137} INFO - [2023-03-22T14:58:22.626-0400] {dag.py:3437} INFO - Setting next_dagrun for example_local_kubernetes_executor to None, run_after=None
[2023-03-22T14:58:22.634-0400] {processor.py:175} INFO - Processing /Users/sunanda/Downloads/airflow/py_env/lib/python3.9/site-packages/airflow/example_dags/example_local_kubernetes_executor.py took 0.246 seconds
[2023-03-22T14:59:48.462-0400] {processor.py:153} INFO - Started process (PID=70121) to work on /Users/sunanda/Downloads/airflow/py_env/lib/python3.9/site-packages/airflow/example_dags/example_local_kubernetes_executor.py
[2023-03-22T14:59:48.464-0400] {processor.py:743} INFO - Processing file /Users/sunanda/Downloads/airflow/py_env/lib/python3.9/site-packages/airflow/example_dags/example_local_kubernetes_executor.py for tasks to queue
[2023-03-22T14:59:48.464-0400] {logging_mixin.py:137} INFO - [2023-03-22T14:59:48.464-0400] {dagbag.py:538} INFO - Filling up the DagBag from /Users/sunanda/Downloads/airflow/py_env/lib/python3.9/site-packages/airflow/example_dags/example_local_kubernetes_executor.py
[2023-03-22T14:59:48.484-0400] {processor.py:753} INFO - DAG(s) dict_keys(['example_local_kubernetes_executor']) retrieved from /Users/sunanda/Downloads/airflow/py_env/lib/python3.9/site-packages/airflow/example_dags/example_local_kubernetes_executor.py
[2023-03-22T14:59:48.689-0400] {logging_mixin.py:137} INFO - [2023-03-22T14:59:48.688-0400] {dag.py:2690} INFO - Sync 1 DAGs
[2023-03-22T14:59:48.696-0400] {logging_mixin.py:137} INFO - [2023-03-22T14:59:48.695-0400] {dag.py:3437} INFO - Setting next_dagrun for example_local_kubernetes_executor to None, run_after=None
[2023-03-22T14:59:48.704-0400] {processor.py:175} INFO - Processing /Users/sunanda/Downloads/airflow/py_env/lib/python3.9/site-packages/airflow/example_dags/example_local_kubernetes_executor.py took 0.243 seconds
[2023-03-22T15:01:15.969-0400] {processor.py:153} INFO - Started process (PID=70258) to work on /Users/sunanda/Downloads/airflow/py_env/lib/python3.9/site-packages/airflow/example_dags/example_local_kubernetes_executor.py
[2023-03-22T15:01:15.971-0400] {processor.py:743} INFO - Processing file /Users/sunanda/Downloads/airflow/py_env/lib/python3.9/site-packages/airflow/example_dags/example_local_kubernetes_executor.py for tasks to queue
[2023-03-22T15:01:15.971-0400] {logging_mixin.py:137} INFO - [2023-03-22T15:01:15.971-0400] {dagbag.py:538} INFO - Filling up the DagBag from /Users/sunanda/Downloads/airflow/py_env/lib/python3.9/site-packages/airflow/example_dags/example_local_kubernetes_executor.py
[2023-03-22T15:01:15.993-0400] {processor.py:753} INFO - DAG(s) dict_keys(['example_local_kubernetes_executor']) retrieved from /Users/sunanda/Downloads/airflow/py_env/lib/python3.9/site-packages/airflow/example_dags/example_local_kubernetes_executor.py
[2023-03-22T15:01:16.195-0400] {logging_mixin.py:137} INFO - [2023-03-22T15:01:16.195-0400] {dag.py:2690} INFO - Sync 1 DAGs
[2023-03-22T15:01:16.201-0400] {logging_mixin.py:137} INFO - [2023-03-22T15:01:16.201-0400] {dag.py:3437} INFO - Setting next_dagrun for example_local_kubernetes_executor to None, run_after=None
[2023-03-22T15:01:16.209-0400] {processor.py:175} INFO - Processing /Users/sunanda/Downloads/airflow/py_env/lib/python3.9/site-packages/airflow/example_dags/example_local_kubernetes_executor.py took 0.241 seconds
[2023-03-22T15:02:43.723-0400] {processor.py:153} INFO - Started process (PID=70399) to work on /Users/sunanda/Downloads/airflow/py_env/lib/python3.9/site-packages/airflow/example_dags/example_local_kubernetes_executor.py
[2023-03-22T15:02:43.725-0400] {processor.py:743} INFO - Processing file /Users/sunanda/Downloads/airflow/py_env/lib/python3.9/site-packages/airflow/example_dags/example_local_kubernetes_executor.py for tasks to queue
[2023-03-22T15:02:43.725-0400] {logging_mixin.py:137} INFO - [2023-03-22T15:02:43.725-0400] {dagbag.py:538} INFO - Filling up the DagBag from /Users/sunanda/Downloads/airflow/py_env/lib/python3.9/site-packages/airflow/example_dags/example_local_kubernetes_executor.py
[2023-03-22T15:02:43.747-0400] {processor.py:753} INFO - DAG(s) dict_keys(['example_local_kubernetes_executor']) retrieved from /Users/sunanda/Downloads/airflow/py_env/lib/python3.9/site-packages/airflow/example_dags/example_local_kubernetes_executor.py
[2023-03-22T15:02:43.953-0400] {logging_mixin.py:137} INFO - [2023-03-22T15:02:43.953-0400] {dag.py:2690} INFO - Sync 1 DAGs
[2023-03-22T15:02:43.960-0400] {logging_mixin.py:137} INFO - [2023-03-22T15:02:43.960-0400] {dag.py:3437} INFO - Setting next_dagrun for example_local_kubernetes_executor to None, run_after=None
[2023-03-22T15:02:43.967-0400] {processor.py:175} INFO - Processing /Users/sunanda/Downloads/airflow/py_env/lib/python3.9/site-packages/airflow/example_dags/example_local_kubernetes_executor.py took 0.245 seconds
[2023-03-22T15:04:05.502-0400] {processor.py:153} INFO - Started process (PID=70549) to work on /Users/sunanda/Downloads/airflow/py_env/lib/python3.9/site-packages/airflow/example_dags/example_local_kubernetes_executor.py
[2023-03-22T15:04:05.505-0400] {processor.py:743} INFO - Processing file /Users/sunanda/Downloads/airflow/py_env/lib/python3.9/site-packages/airflow/example_dags/example_local_kubernetes_executor.py for tasks to queue
[2023-03-22T15:04:05.506-0400] {logging_mixin.py:137} INFO - [2023-03-22T15:04:05.505-0400] {dagbag.py:538} INFO - Filling up the DagBag from /Users/sunanda/Downloads/airflow/py_env/lib/python3.9/site-packages/airflow/example_dags/example_local_kubernetes_executor.py
[2023-03-22T15:04:05.526-0400] {processor.py:753} INFO - DAG(s) dict_keys(['example_local_kubernetes_executor']) retrieved from /Users/sunanda/Downloads/airflow/py_env/lib/python3.9/site-packages/airflow/example_dags/example_local_kubernetes_executor.py
[2023-03-22T15:04:05.725-0400] {logging_mixin.py:137} INFO - [2023-03-22T15:04:05.725-0400] {dag.py:2690} INFO - Sync 1 DAGs
[2023-03-22T15:04:05.732-0400] {logging_mixin.py:137} INFO - [2023-03-22T15:04:05.732-0400] {dag.py:3437} INFO - Setting next_dagrun for example_local_kubernetes_executor to None, run_after=None
[2023-03-22T15:04:05.739-0400] {processor.py:175} INFO - Processing /Users/sunanda/Downloads/airflow/py_env/lib/python3.9/site-packages/airflow/example_dags/example_local_kubernetes_executor.py took 0.237 seconds
[2023-03-22T15:05:27.022-0400] {processor.py:153} INFO - Started process (PID=70680) to work on /Users/sunanda/Downloads/airflow/py_env/lib/python3.9/site-packages/airflow/example_dags/example_local_kubernetes_executor.py
[2023-03-22T15:05:27.025-0400] {processor.py:743} INFO - Processing file /Users/sunanda/Downloads/airflow/py_env/lib/python3.9/site-packages/airflow/example_dags/example_local_kubernetes_executor.py for tasks to queue
[2023-03-22T15:05:27.025-0400] {logging_mixin.py:137} INFO - [2023-03-22T15:05:27.025-0400] {dagbag.py:538} INFO - Filling up the DagBag from /Users/sunanda/Downloads/airflow/py_env/lib/python3.9/site-packages/airflow/example_dags/example_local_kubernetes_executor.py
[2023-03-22T15:05:27.046-0400] {processor.py:753} INFO - DAG(s) dict_keys(['example_local_kubernetes_executor']) retrieved from /Users/sunanda/Downloads/airflow/py_env/lib/python3.9/site-packages/airflow/example_dags/example_local_kubernetes_executor.py
[2023-03-22T15:05:27.238-0400] {logging_mixin.py:137} INFO - [2023-03-22T15:05:27.238-0400] {dag.py:2690} INFO - Sync 1 DAGs
[2023-03-22T15:05:27.245-0400] {logging_mixin.py:137} INFO - [2023-03-22T15:05:27.245-0400] {dag.py:3437} INFO - Setting next_dagrun for example_local_kubernetes_executor to None, run_after=None
[2023-03-22T15:05:27.252-0400] {processor.py:175} INFO - Processing /Users/sunanda/Downloads/airflow/py_env/lib/python3.9/site-packages/airflow/example_dags/example_local_kubernetes_executor.py took 0.231 seconds
[2023-03-22T19:11:40.720-0400] {processor.py:153} INFO - Started process (PID=3809) to work on /Users/sunanda/Downloads/airflow/py_env/lib/python3.9/site-packages/airflow/example_dags/example_local_kubernetes_executor.py
[2023-03-22T19:11:40.723-0400] {processor.py:743} INFO - Processing file /Users/sunanda/Downloads/airflow/py_env/lib/python3.9/site-packages/airflow/example_dags/example_local_kubernetes_executor.py for tasks to queue
[2023-03-22T19:11:40.723-0400] {logging_mixin.py:137} INFO - [2023-03-22T19:11:40.723-0400] {dagbag.py:538} INFO - Filling up the DagBag from /Users/sunanda/Downloads/airflow/py_env/lib/python3.9/site-packages/airflow/example_dags/example_local_kubernetes_executor.py
[2023-03-22T19:11:40.742-0400] {processor.py:753} INFO - DAG(s) dict_keys(['example_local_kubernetes_executor']) retrieved from /Users/sunanda/Downloads/airflow/py_env/lib/python3.9/site-packages/airflow/example_dags/example_local_kubernetes_executor.py
[2023-03-22T19:11:40.941-0400] {logging_mixin.py:137} INFO - [2023-03-22T19:11:40.941-0400] {dag.py:2690} INFO - Sync 1 DAGs
[2023-03-22T19:11:40.948-0400] {logging_mixin.py:137} INFO - [2023-03-22T19:11:40.948-0400] {dag.py:3437} INFO - Setting next_dagrun for example_local_kubernetes_executor to None, run_after=None
[2023-03-22T19:11:40.955-0400] {processor.py:175} INFO - Processing /Users/sunanda/Downloads/airflow/py_env/lib/python3.9/site-packages/airflow/example_dags/example_local_kubernetes_executor.py took 0.235 seconds
[2023-03-22T19:13:09.840-0400] {processor.py:153} INFO - Started process (PID=3944) to work on /Users/sunanda/Downloads/airflow/py_env/lib/python3.9/site-packages/airflow/example_dags/example_local_kubernetes_executor.py
[2023-03-22T19:13:09.842-0400] {processor.py:743} INFO - Processing file /Users/sunanda/Downloads/airflow/py_env/lib/python3.9/site-packages/airflow/example_dags/example_local_kubernetes_executor.py for tasks to queue
[2023-03-22T19:13:09.842-0400] {logging_mixin.py:137} INFO - [2023-03-22T19:13:09.842-0400] {dagbag.py:538} INFO - Filling up the DagBag from /Users/sunanda/Downloads/airflow/py_env/lib/python3.9/site-packages/airflow/example_dags/example_local_kubernetes_executor.py
[2023-03-22T19:13:09.862-0400] {processor.py:753} INFO - DAG(s) dict_keys(['example_local_kubernetes_executor']) retrieved from /Users/sunanda/Downloads/airflow/py_env/lib/python3.9/site-packages/airflow/example_dags/example_local_kubernetes_executor.py
[2023-03-22T19:13:10.057-0400] {logging_mixin.py:137} INFO - [2023-03-22T19:13:10.057-0400] {dag.py:2690} INFO - Sync 1 DAGs
[2023-03-22T19:13:10.064-0400] {logging_mixin.py:137} INFO - [2023-03-22T19:13:10.064-0400] {dag.py:3437} INFO - Setting next_dagrun for example_local_kubernetes_executor to None, run_after=None
[2023-03-22T19:13:10.072-0400] {processor.py:175} INFO - Processing /Users/sunanda/Downloads/airflow/py_env/lib/python3.9/site-packages/airflow/example_dags/example_local_kubernetes_executor.py took 0.233 seconds
[2023-03-22T19:24:32.611-0400] {processor.py:153} INFO - Started process (PID=4783) to work on /Users/sunanda/Downloads/airflow/py_env/lib/python3.9/site-packages/airflow/example_dags/example_local_kubernetes_executor.py
[2023-03-22T19:24:32.614-0400] {processor.py:743} INFO - Processing file /Users/sunanda/Downloads/airflow/py_env/lib/python3.9/site-packages/airflow/example_dags/example_local_kubernetes_executor.py for tasks to queue
[2023-03-22T19:24:32.615-0400] {logging_mixin.py:137} INFO - [2023-03-22T19:24:32.615-0400] {dagbag.py:538} INFO - Filling up the DagBag from /Users/sunanda/Downloads/airflow/py_env/lib/python3.9/site-packages/airflow/example_dags/example_local_kubernetes_executor.py
[2023-03-22T19:24:32.634-0400] {processor.py:753} INFO - DAG(s) dict_keys(['example_local_kubernetes_executor']) retrieved from /Users/sunanda/Downloads/airflow/py_env/lib/python3.9/site-packages/airflow/example_dags/example_local_kubernetes_executor.py
[2023-03-22T19:24:32.829-0400] {logging_mixin.py:137} INFO - [2023-03-22T19:24:32.829-0400] {dag.py:2690} INFO - Sync 1 DAGs
[2023-03-22T19:24:32.835-0400] {logging_mixin.py:137} INFO - [2023-03-22T19:24:32.835-0400] {dag.py:3437} INFO - Setting next_dagrun for example_local_kubernetes_executor to None, run_after=None
[2023-03-22T19:24:32.843-0400] {processor.py:175} INFO - Processing /Users/sunanda/Downloads/airflow/py_env/lib/python3.9/site-packages/airflow/example_dags/example_local_kubernetes_executor.py took 0.232 seconds
[2023-03-22T19:25:56.208-0400] {processor.py:153} INFO - Started process (PID=4913) to work on /Users/sunanda/Downloads/airflow/py_env/lib/python3.9/site-packages/airflow/example_dags/example_local_kubernetes_executor.py
[2023-03-22T19:25:56.210-0400] {processor.py:743} INFO - Processing file /Users/sunanda/Downloads/airflow/py_env/lib/python3.9/site-packages/airflow/example_dags/example_local_kubernetes_executor.py for tasks to queue
[2023-03-22T19:25:56.210-0400] {logging_mixin.py:137} INFO - [2023-03-22T19:25:56.210-0400] {dagbag.py:538} INFO - Filling up the DagBag from /Users/sunanda/Downloads/airflow/py_env/lib/python3.9/site-packages/airflow/example_dags/example_local_kubernetes_executor.py
[2023-03-22T19:25:56.230-0400] {processor.py:753} INFO - DAG(s) dict_keys(['example_local_kubernetes_executor']) retrieved from /Users/sunanda/Downloads/airflow/py_env/lib/python3.9/site-packages/airflow/example_dags/example_local_kubernetes_executor.py
[2023-03-22T19:25:56.433-0400] {logging_mixin.py:137} INFO - [2023-03-22T19:25:56.433-0400] {dag.py:2690} INFO - Sync 1 DAGs
[2023-03-22T19:25:56.444-0400] {logging_mixin.py:137} INFO - [2023-03-22T19:25:56.444-0400] {dag.py:3437} INFO - Setting next_dagrun for example_local_kubernetes_executor to None, run_after=None
[2023-03-22T19:25:56.455-0400] {processor.py:175} INFO - Processing /Users/sunanda/Downloads/airflow/py_env/lib/python3.9/site-packages/airflow/example_dags/example_local_kubernetes_executor.py took 0.247 seconds
[2023-03-22T19:27:21.622-0400] {processor.py:153} INFO - Started process (PID=5046) to work on /Users/sunanda/Downloads/airflow/py_env/lib/python3.9/site-packages/airflow/example_dags/example_local_kubernetes_executor.py
[2023-03-22T19:27:21.626-0400] {processor.py:743} INFO - Processing file /Users/sunanda/Downloads/airflow/py_env/lib/python3.9/site-packages/airflow/example_dags/example_local_kubernetes_executor.py for tasks to queue
[2023-03-22T19:27:21.626-0400] {logging_mixin.py:137} INFO - [2023-03-22T19:27:21.626-0400] {dagbag.py:538} INFO - Filling up the DagBag from /Users/sunanda/Downloads/airflow/py_env/lib/python3.9/site-packages/airflow/example_dags/example_local_kubernetes_executor.py
[2023-03-22T19:27:21.647-0400] {processor.py:753} INFO - DAG(s) dict_keys(['example_local_kubernetes_executor']) retrieved from /Users/sunanda/Downloads/airflow/py_env/lib/python3.9/site-packages/airflow/example_dags/example_local_kubernetes_executor.py
[2023-03-22T19:27:21.853-0400] {logging_mixin.py:137} INFO - [2023-03-22T19:27:21.853-0400] {dag.py:2690} INFO - Sync 1 DAGs
[2023-03-22T19:27:21.859-0400] {logging_mixin.py:137} INFO - [2023-03-22T19:27:21.859-0400] {dag.py:3437} INFO - Setting next_dagrun for example_local_kubernetes_executor to None, run_after=None
[2023-03-22T19:27:21.867-0400] {processor.py:175} INFO - Processing /Users/sunanda/Downloads/airflow/py_env/lib/python3.9/site-packages/airflow/example_dags/example_local_kubernetes_executor.py took 0.245 seconds
