[2023-03-22T14:53:53.516-0400] {processor.py:153} INFO - Started process (PID=69562) to work on /Users/sunanda/Downloads/airflow/py_env/lib/python3.9/site-packages/airflow/example_dags/example_task_group_decorator.py
[2023-03-22T14:53:53.519-0400] {processor.py:743} INFO - Processing file /Users/sunanda/Downloads/airflow/py_env/lib/python3.9/site-packages/airflow/example_dags/example_task_group_decorator.py for tasks to queue
[2023-03-22T14:53:53.519-0400] {logging_mixin.py:137} INFO - [2023-03-22T14:53:53.519-0400] {dagbag.py:538} INFO - Filling up the DagBag from /Users/sunanda/Downloads/airflow/py_env/lib/python3.9/site-packages/airflow/example_dags/example_task_group_decorator.py
[2023-03-22T14:53:53.542-0400] {processor.py:753} INFO - DAG(s) dict_keys(['example_task_group_decorator']) retrieved from /Users/sunanda/Downloads/airflow/py_env/lib/python3.9/site-packages/airflow/example_dags/example_task_group_decorator.py
[2023-03-22T14:53:53.749-0400] {logging_mixin.py:137} INFO - [2023-03-22T14:53:53.749-0400] {dag.py:2690} INFO - Sync 1 DAGs
[2023-03-22T14:53:53.756-0400] {logging_mixin.py:137} INFO - [2023-03-22T14:53:53.756-0400] {dag.py:3437} INFO - Setting next_dagrun for example_task_group_decorator to 2023-03-21T18:53:53.756255+00:00, run_after=2023-03-22T18:53:53.756255+00:00
[2023-03-22T14:53:53.764-0400] {processor.py:175} INFO - Processing /Users/sunanda/Downloads/airflow/py_env/lib/python3.9/site-packages/airflow/example_dags/example_task_group_decorator.py took 0.248 seconds
[2023-03-22T14:55:06.422-0400] {processor.py:153} INFO - Started process (PID=69678) to work on /Users/sunanda/Downloads/airflow/py_env/lib/python3.9/site-packages/airflow/example_dags/example_task_group_decorator.py
[2023-03-22T14:55:06.425-0400] {processor.py:743} INFO - Processing file /Users/sunanda/Downloads/airflow/py_env/lib/python3.9/site-packages/airflow/example_dags/example_task_group_decorator.py for tasks to queue
[2023-03-22T14:55:06.425-0400] {logging_mixin.py:137} INFO - [2023-03-22T14:55:06.425-0400] {dagbag.py:538} INFO - Filling up the DagBag from /Users/sunanda/Downloads/airflow/py_env/lib/python3.9/site-packages/airflow/example_dags/example_task_group_decorator.py
[2023-03-22T14:55:06.447-0400] {processor.py:753} INFO - DAG(s) dict_keys(['example_task_group_decorator']) retrieved from /Users/sunanda/Downloads/airflow/py_env/lib/python3.9/site-packages/airflow/example_dags/example_task_group_decorator.py
[2023-03-22T14:55:06.642-0400] {logging_mixin.py:137} INFO - [2023-03-22T14:55:06.642-0400] {dag.py:2690} INFO - Sync 1 DAGs
[2023-03-22T14:55:06.649-0400] {logging_mixin.py:137} INFO - [2023-03-22T14:55:06.649-0400] {dag.py:3437} INFO - Setting next_dagrun for example_task_group_decorator to 2023-03-21T18:55:06.649409+00:00, run_after=2023-03-22T18:55:06.649409+00:00
[2023-03-22T14:55:06.657-0400] {processor.py:175} INFO - Processing /Users/sunanda/Downloads/airflow/py_env/lib/python3.9/site-packages/airflow/example_dags/example_task_group_decorator.py took 0.235 seconds
[2023-03-22T14:56:26.413-0400] {processor.py:153} INFO - Started process (PID=69803) to work on /Users/sunanda/Downloads/airflow/py_env/lib/python3.9/site-packages/airflow/example_dags/example_task_group_decorator.py
[2023-03-22T14:56:26.416-0400] {processor.py:743} INFO - Processing file /Users/sunanda/Downloads/airflow/py_env/lib/python3.9/site-packages/airflow/example_dags/example_task_group_decorator.py for tasks to queue
[2023-03-22T14:56:26.416-0400] {logging_mixin.py:137} INFO - [2023-03-22T14:56:26.416-0400] {dagbag.py:538} INFO - Filling up the DagBag from /Users/sunanda/Downloads/airflow/py_env/lib/python3.9/site-packages/airflow/example_dags/example_task_group_decorator.py
[2023-03-22T14:56:26.438-0400] {processor.py:753} INFO - DAG(s) dict_keys(['example_task_group_decorator']) retrieved from /Users/sunanda/Downloads/airflow/py_env/lib/python3.9/site-packages/airflow/example_dags/example_task_group_decorator.py
[2023-03-22T14:56:26.638-0400] {logging_mixin.py:137} INFO - [2023-03-22T14:56:26.638-0400] {dag.py:2690} INFO - Sync 1 DAGs
[2023-03-22T14:56:26.644-0400] {logging_mixin.py:137} INFO - [2023-03-22T14:56:26.644-0400] {dag.py:3437} INFO - Setting next_dagrun for example_task_group_decorator to 2023-03-21T18:56:26.644726+00:00, run_after=2023-03-22T18:56:26.644726+00:00
[2023-03-22T14:56:26.653-0400] {processor.py:175} INFO - Processing /Users/sunanda/Downloads/airflow/py_env/lib/python3.9/site-packages/airflow/example_dags/example_task_group_decorator.py took 0.240 seconds
[2023-03-22T14:57:46.749-0400] {processor.py:153} INFO - Started process (PID=69929) to work on /Users/sunanda/Downloads/airflow/py_env/lib/python3.9/site-packages/airflow/example_dags/example_task_group_decorator.py
[2023-03-22T14:57:46.752-0400] {processor.py:743} INFO - Processing file /Users/sunanda/Downloads/airflow/py_env/lib/python3.9/site-packages/airflow/example_dags/example_task_group_decorator.py for tasks to queue
[2023-03-22T14:57:46.752-0400] {logging_mixin.py:137} INFO - [2023-03-22T14:57:46.752-0400] {dagbag.py:538} INFO - Filling up the DagBag from /Users/sunanda/Downloads/airflow/py_env/lib/python3.9/site-packages/airflow/example_dags/example_task_group_decorator.py
[2023-03-22T14:57:46.775-0400] {processor.py:753} INFO - DAG(s) dict_keys(['example_task_group_decorator']) retrieved from /Users/sunanda/Downloads/airflow/py_env/lib/python3.9/site-packages/airflow/example_dags/example_task_group_decorator.py
[2023-03-22T14:57:46.993-0400] {logging_mixin.py:137} INFO - [2023-03-22T14:57:46.993-0400] {dag.py:2690} INFO - Sync 1 DAGs
[2023-03-22T14:57:47.000-0400] {logging_mixin.py:137} INFO - [2023-03-22T14:57:47.000-0400] {dag.py:3437} INFO - Setting next_dagrun for example_task_group_decorator to 2023-03-21T18:57:47.000706+00:00, run_after=2023-03-22T18:57:47.000706+00:00
[2023-03-22T14:57:47.009-0400] {processor.py:175} INFO - Processing /Users/sunanda/Downloads/airflow/py_env/lib/python3.9/site-packages/airflow/example_dags/example_task_group_decorator.py took 0.261 seconds
[2023-03-22T14:59:14.999-0400] {processor.py:153} INFO - Started process (PID=70069) to work on /Users/sunanda/Downloads/airflow/py_env/lib/python3.9/site-packages/airflow/example_dags/example_task_group_decorator.py
[2023-03-22T14:59:15.002-0400] {processor.py:743} INFO - Processing file /Users/sunanda/Downloads/airflow/py_env/lib/python3.9/site-packages/airflow/example_dags/example_task_group_decorator.py for tasks to queue
[2023-03-22T14:59:15.002-0400] {logging_mixin.py:137} INFO - [2023-03-22T14:59:15.002-0400] {dagbag.py:538} INFO - Filling up the DagBag from /Users/sunanda/Downloads/airflow/py_env/lib/python3.9/site-packages/airflow/example_dags/example_task_group_decorator.py
[2023-03-22T14:59:15.025-0400] {processor.py:753} INFO - DAG(s) dict_keys(['example_task_group_decorator']) retrieved from /Users/sunanda/Downloads/airflow/py_env/lib/python3.9/site-packages/airflow/example_dags/example_task_group_decorator.py
[2023-03-22T14:59:15.229-0400] {logging_mixin.py:137} INFO - [2023-03-22T14:59:15.229-0400] {dag.py:2690} INFO - Sync 1 DAGs
[2023-03-22T14:59:15.236-0400] {logging_mixin.py:137} INFO - [2023-03-22T14:59:15.236-0400] {dag.py:3437} INFO - Setting next_dagrun for example_task_group_decorator to 2023-03-21T18:59:15.236161+00:00, run_after=2023-03-22T18:59:15.236161+00:00
[2023-03-22T14:59:15.245-0400] {processor.py:175} INFO - Processing /Users/sunanda/Downloads/airflow/py_env/lib/python3.9/site-packages/airflow/example_dags/example_task_group_decorator.py took 0.246 seconds
[2023-03-22T15:00:39.725-0400] {processor.py:153} INFO - Started process (PID=70201) to work on /Users/sunanda/Downloads/airflow/py_env/lib/python3.9/site-packages/airflow/example_dags/example_task_group_decorator.py
[2023-03-22T15:00:39.727-0400] {processor.py:743} INFO - Processing file /Users/sunanda/Downloads/airflow/py_env/lib/python3.9/site-packages/airflow/example_dags/example_task_group_decorator.py for tasks to queue
[2023-03-22T15:00:39.727-0400] {logging_mixin.py:137} INFO - [2023-03-22T15:00:39.727-0400] {dagbag.py:538} INFO - Filling up the DagBag from /Users/sunanda/Downloads/airflow/py_env/lib/python3.9/site-packages/airflow/example_dags/example_task_group_decorator.py
[2023-03-22T15:00:39.748-0400] {processor.py:753} INFO - DAG(s) dict_keys(['example_task_group_decorator']) retrieved from /Users/sunanda/Downloads/airflow/py_env/lib/python3.9/site-packages/airflow/example_dags/example_task_group_decorator.py
[2023-03-22T15:00:39.957-0400] {logging_mixin.py:137} INFO - [2023-03-22T15:00:39.956-0400] {dag.py:2690} INFO - Sync 1 DAGs
[2023-03-22T15:00:39.963-0400] {logging_mixin.py:137} INFO - [2023-03-22T15:00:39.963-0400] {dag.py:3437} INFO - Setting next_dagrun for example_task_group_decorator to 2023-03-21T19:00:39.963642+00:00, run_after=2023-03-22T19:00:39.963642+00:00
[2023-03-22T15:00:39.972-0400] {processor.py:175} INFO - Processing /Users/sunanda/Downloads/airflow/py_env/lib/python3.9/site-packages/airflow/example_dags/example_task_group_decorator.py took 0.247 seconds
[2023-03-22T15:02:05.630-0400] {processor.py:153} INFO - Started process (PID=70342) to work on /Users/sunanda/Downloads/airflow/py_env/lib/python3.9/site-packages/airflow/example_dags/example_task_group_decorator.py
[2023-03-22T15:02:05.634-0400] {processor.py:743} INFO - Processing file /Users/sunanda/Downloads/airflow/py_env/lib/python3.9/site-packages/airflow/example_dags/example_task_group_decorator.py for tasks to queue
[2023-03-22T15:02:05.634-0400] {logging_mixin.py:137} INFO - [2023-03-22T15:02:05.634-0400] {dagbag.py:538} INFO - Filling up the DagBag from /Users/sunanda/Downloads/airflow/py_env/lib/python3.9/site-packages/airflow/example_dags/example_task_group_decorator.py
[2023-03-22T15:02:05.656-0400] {processor.py:753} INFO - DAG(s) dict_keys(['example_task_group_decorator']) retrieved from /Users/sunanda/Downloads/airflow/py_env/lib/python3.9/site-packages/airflow/example_dags/example_task_group_decorator.py
[2023-03-22T15:02:05.859-0400] {logging_mixin.py:137} INFO - [2023-03-22T15:02:05.859-0400] {dag.py:2690} INFO - Sync 1 DAGs
[2023-03-22T15:02:05.866-0400] {logging_mixin.py:137} INFO - [2023-03-22T15:02:05.866-0400] {dag.py:3437} INFO - Setting next_dagrun for example_task_group_decorator to 2023-03-21T19:02:05.866051+00:00, run_after=2023-03-22T19:02:05.866051+00:00
[2023-03-22T15:02:05.874-0400] {processor.py:175} INFO - Processing /Users/sunanda/Downloads/airflow/py_env/lib/python3.9/site-packages/airflow/example_dags/example_task_group_decorator.py took 0.244 seconds
[2023-03-22T15:03:32.054-0400] {processor.py:153} INFO - Started process (PID=70474) to work on /Users/sunanda/Downloads/airflow/py_env/lib/python3.9/site-packages/airflow/example_dags/example_task_group_decorator.py
[2023-03-22T15:03:32.056-0400] {processor.py:743} INFO - Processing file /Users/sunanda/Downloads/airflow/py_env/lib/python3.9/site-packages/airflow/example_dags/example_task_group_decorator.py for tasks to queue
[2023-03-22T15:03:32.056-0400] {logging_mixin.py:137} INFO - [2023-03-22T15:03:32.056-0400] {dagbag.py:538} INFO - Filling up the DagBag from /Users/sunanda/Downloads/airflow/py_env/lib/python3.9/site-packages/airflow/example_dags/example_task_group_decorator.py
[2023-03-22T15:03:32.077-0400] {processor.py:753} INFO - DAG(s) dict_keys(['example_task_group_decorator']) retrieved from /Users/sunanda/Downloads/airflow/py_env/lib/python3.9/site-packages/airflow/example_dags/example_task_group_decorator.py
[2023-03-22T15:03:32.282-0400] {logging_mixin.py:137} INFO - [2023-03-22T15:03:32.282-0400] {dag.py:2690} INFO - Sync 1 DAGs
[2023-03-22T15:03:32.289-0400] {logging_mixin.py:137} INFO - [2023-03-22T15:03:32.289-0400] {dag.py:3437} INFO - Setting next_dagrun for example_task_group_decorator to 2023-03-21T19:03:32.288966+00:00, run_after=2023-03-22T19:03:32.288966+00:00
[2023-03-22T15:03:32.297-0400] {processor.py:175} INFO - Processing /Users/sunanda/Downloads/airflow/py_env/lib/python3.9/site-packages/airflow/example_dags/example_task_group_decorator.py took 0.243 seconds
[2023-03-22T15:04:50.347-0400] {processor.py:153} INFO - Started process (PID=70620) to work on /Users/sunanda/Downloads/airflow/py_env/lib/python3.9/site-packages/airflow/example_dags/example_task_group_decorator.py
[2023-03-22T15:04:50.349-0400] {processor.py:743} INFO - Processing file /Users/sunanda/Downloads/airflow/py_env/lib/python3.9/site-packages/airflow/example_dags/example_task_group_decorator.py for tasks to queue
[2023-03-22T15:04:50.350-0400] {logging_mixin.py:137} INFO - [2023-03-22T15:04:50.349-0400] {dagbag.py:538} INFO - Filling up the DagBag from /Users/sunanda/Downloads/airflow/py_env/lib/python3.9/site-packages/airflow/example_dags/example_task_group_decorator.py
[2023-03-22T15:04:50.371-0400] {processor.py:753} INFO - DAG(s) dict_keys(['example_task_group_decorator']) retrieved from /Users/sunanda/Downloads/airflow/py_env/lib/python3.9/site-packages/airflow/example_dags/example_task_group_decorator.py
[2023-03-22T15:04:50.568-0400] {logging_mixin.py:137} INFO - [2023-03-22T15:04:50.568-0400] {dag.py:2690} INFO - Sync 1 DAGs
[2023-03-22T15:04:50.574-0400] {logging_mixin.py:137} INFO - [2023-03-22T15:04:50.574-0400] {dag.py:3437} INFO - Setting next_dagrun for example_task_group_decorator to 2023-03-21T19:04:50.574768+00:00, run_after=2023-03-22T19:04:50.574768+00:00
[2023-03-22T15:04:50.583-0400] {processor.py:175} INFO - Processing /Users/sunanda/Downloads/airflow/py_env/lib/python3.9/site-packages/airflow/example_dags/example_task_group_decorator.py took 0.236 seconds
[2023-03-22T16:18:35.581-0400] {processor.py:153} INFO - Started process (PID=74870) to work on /Users/sunanda/Downloads/airflow/py_env/lib/python3.9/site-packages/airflow/example_dags/example_task_group_decorator.py
[2023-03-22T16:18:35.583-0400] {processor.py:743} INFO - Processing file /Users/sunanda/Downloads/airflow/py_env/lib/python3.9/site-packages/airflow/example_dags/example_task_group_decorator.py for tasks to queue
[2023-03-22T16:18:35.584-0400] {logging_mixin.py:137} INFO - [2023-03-22T16:18:35.584-0400] {dagbag.py:538} INFO - Filling up the DagBag from /Users/sunanda/Downloads/airflow/py_env/lib/python3.9/site-packages/airflow/example_dags/example_task_group_decorator.py
[2023-03-22T16:18:35.612-0400] {processor.py:753} INFO - DAG(s) dict_keys(['example_task_group_decorator']) retrieved from /Users/sunanda/Downloads/airflow/py_env/lib/python3.9/site-packages/airflow/example_dags/example_task_group_decorator.py
[2023-03-22T16:18:36.093-0400] {logging_mixin.py:137} INFO - [2023-03-22T16:18:36.093-0400] {dag.py:2690} INFO - Sync 1 DAGs
[2023-03-22T16:18:36.100-0400] {logging_mixin.py:137} INFO - [2023-03-22T16:18:36.100-0400] {dag.py:3437} INFO - Setting next_dagrun for example_task_group_decorator to 2023-03-21T20:18:36.100197+00:00, run_after=2023-03-22T20:18:36.100197+00:00
[2023-03-22T16:18:36.108-0400] {processor.py:175} INFO - Processing /Users/sunanda/Downloads/airflow/py_env/lib/python3.9/site-packages/airflow/example_dags/example_task_group_decorator.py took 0.528 seconds
[2023-03-22T19:11:20.163-0400] {processor.py:153} INFO - Started process (PID=3776) to work on /Users/sunanda/Downloads/airflow/py_env/lib/python3.9/site-packages/airflow/example_dags/example_task_group_decorator.py
[2023-03-22T19:11:20.165-0400] {processor.py:743} INFO - Processing file /Users/sunanda/Downloads/airflow/py_env/lib/python3.9/site-packages/airflow/example_dags/example_task_group_decorator.py for tasks to queue
[2023-03-22T19:11:20.165-0400] {logging_mixin.py:137} INFO - [2023-03-22T19:11:20.165-0400] {dagbag.py:538} INFO - Filling up the DagBag from /Users/sunanda/Downloads/airflow/py_env/lib/python3.9/site-packages/airflow/example_dags/example_task_group_decorator.py
[2023-03-22T19:11:20.187-0400] {processor.py:753} INFO - DAG(s) dict_keys(['example_task_group_decorator']) retrieved from /Users/sunanda/Downloads/airflow/py_env/lib/python3.9/site-packages/airflow/example_dags/example_task_group_decorator.py
[2023-03-22T19:11:20.385-0400] {logging_mixin.py:137} INFO - [2023-03-22T19:11:20.385-0400] {dag.py:2690} INFO - Sync 1 DAGs
[2023-03-22T19:11:20.393-0400] {logging_mixin.py:137} INFO - [2023-03-22T19:11:20.392-0400] {dag.py:3437} INFO - Setting next_dagrun for example_task_group_decorator to 2023-03-21T23:11:20.392858+00:00, run_after=2023-03-22T23:11:20.392858+00:00
[2023-03-22T19:11:20.400-0400] {processor.py:175} INFO - Processing /Users/sunanda/Downloads/airflow/py_env/lib/python3.9/site-packages/airflow/example_dags/example_task_group_decorator.py took 0.238 seconds
[2023-03-22T19:12:32.343-0400] {processor.py:153} INFO - Started process (PID=3887) to work on /Users/sunanda/Downloads/airflow/py_env/lib/python3.9/site-packages/airflow/example_dags/example_task_group_decorator.py
[2023-03-22T19:12:32.345-0400] {processor.py:743} INFO - Processing file /Users/sunanda/Downloads/airflow/py_env/lib/python3.9/site-packages/airflow/example_dags/example_task_group_decorator.py for tasks to queue
[2023-03-22T19:12:32.345-0400] {logging_mixin.py:137} INFO - [2023-03-22T19:12:32.345-0400] {dagbag.py:538} INFO - Filling up the DagBag from /Users/sunanda/Downloads/airflow/py_env/lib/python3.9/site-packages/airflow/example_dags/example_task_group_decorator.py
[2023-03-22T19:12:32.366-0400] {processor.py:753} INFO - DAG(s) dict_keys(['example_task_group_decorator']) retrieved from /Users/sunanda/Downloads/airflow/py_env/lib/python3.9/site-packages/airflow/example_dags/example_task_group_decorator.py
[2023-03-22T19:12:32.559-0400] {logging_mixin.py:137} INFO - [2023-03-22T19:12:32.559-0400] {dag.py:2690} INFO - Sync 1 DAGs
[2023-03-22T19:12:32.566-0400] {logging_mixin.py:137} INFO - [2023-03-22T19:12:32.566-0400] {dag.py:3437} INFO - Setting next_dagrun for example_task_group_decorator to 2023-03-21T23:12:32.566422+00:00, run_after=2023-03-22T23:12:32.566422+00:00
[2023-03-22T19:12:32.574-0400] {processor.py:175} INFO - Processing /Users/sunanda/Downloads/airflow/py_env/lib/python3.9/site-packages/airflow/example_dags/example_task_group_decorator.py took 0.232 seconds
[2023-03-22T19:14:12.747-0400] {processor.py:153} INFO - Started process (PID=4050) to work on /Users/sunanda/Downloads/airflow/py_env/lib/python3.9/site-packages/airflow/example_dags/example_task_group_decorator.py
[2023-03-22T19:14:12.750-0400] {processor.py:743} INFO - Processing file /Users/sunanda/Downloads/airflow/py_env/lib/python3.9/site-packages/airflow/example_dags/example_task_group_decorator.py for tasks to queue
[2023-03-22T19:14:12.750-0400] {logging_mixin.py:137} INFO - [2023-03-22T19:14:12.750-0400] {dagbag.py:538} INFO - Filling up the DagBag from /Users/sunanda/Downloads/airflow/py_env/lib/python3.9/site-packages/airflow/example_dags/example_task_group_decorator.py
[2023-03-22T19:14:12.772-0400] {processor.py:753} INFO - DAG(s) dict_keys(['example_task_group_decorator']) retrieved from /Users/sunanda/Downloads/airflow/py_env/lib/python3.9/site-packages/airflow/example_dags/example_task_group_decorator.py
[2023-03-22T19:14:12.971-0400] {logging_mixin.py:137} INFO - [2023-03-22T19:14:12.971-0400] {dag.py:2690} INFO - Sync 1 DAGs
[2023-03-22T19:14:12.978-0400] {logging_mixin.py:137} INFO - [2023-03-22T19:14:12.978-0400] {dag.py:3437} INFO - Setting next_dagrun for example_task_group_decorator to 2023-03-21T23:14:12.978624+00:00, run_after=2023-03-22T23:14:12.978624+00:00
[2023-03-22T19:14:12.987-0400] {processor.py:175} INFO - Processing /Users/sunanda/Downloads/airflow/py_env/lib/python3.9/site-packages/airflow/example_dags/example_task_group_decorator.py took 0.240 seconds
[2023-03-22T19:21:11.002-0400] {processor.py:153} INFO - Started process (PID=4536) to work on /Users/sunanda/Downloads/airflow/py_env/lib/python3.9/site-packages/airflow/example_dags/example_task_group_decorator.py
[2023-03-22T19:21:11.004-0400] {processor.py:743} INFO - Processing file /Users/sunanda/Downloads/airflow/py_env/lib/python3.9/site-packages/airflow/example_dags/example_task_group_decorator.py for tasks to queue
[2023-03-22T19:21:11.004-0400] {logging_mixin.py:137} INFO - [2023-03-22T19:21:11.004-0400] {dagbag.py:538} INFO - Filling up the DagBag from /Users/sunanda/Downloads/airflow/py_env/lib/python3.9/site-packages/airflow/example_dags/example_task_group_decorator.py
[2023-03-22T19:21:11.030-0400] {processor.py:753} INFO - DAG(s) dict_keys(['example_task_group_decorator']) retrieved from /Users/sunanda/Downloads/airflow/py_env/lib/python3.9/site-packages/airflow/example_dags/example_task_group_decorator.py
[2023-03-22T19:21:11.265-0400] {logging_mixin.py:137} INFO - [2023-03-22T19:21:11.265-0400] {dag.py:2690} INFO - Sync 1 DAGs
[2023-03-22T19:21:11.272-0400] {logging_mixin.py:137} INFO - [2023-03-22T19:21:11.272-0400] {dag.py:3437} INFO - Setting next_dagrun for example_task_group_decorator to 2023-03-21T23:21:11.272685+00:00, run_after=2023-03-22T23:21:11.272685+00:00
[2023-03-22T19:21:11.281-0400] {processor.py:175} INFO - Processing /Users/sunanda/Downloads/airflow/py_env/lib/python3.9/site-packages/airflow/example_dags/example_task_group_decorator.py took 0.280 seconds
[2023-03-22T19:24:11.113-0400] {processor.py:153} INFO - Started process (PID=4750) to work on /Users/sunanda/Downloads/airflow/py_env/lib/python3.9/site-packages/airflow/example_dags/example_task_group_decorator.py
[2023-03-22T19:24:11.116-0400] {processor.py:743} INFO - Processing file /Users/sunanda/Downloads/airflow/py_env/lib/python3.9/site-packages/airflow/example_dags/example_task_group_decorator.py for tasks to queue
[2023-03-22T19:24:11.116-0400] {logging_mixin.py:137} INFO - [2023-03-22T19:24:11.116-0400] {dagbag.py:538} INFO - Filling up the DagBag from /Users/sunanda/Downloads/airflow/py_env/lib/python3.9/site-packages/airflow/example_dags/example_task_group_decorator.py
[2023-03-22T19:24:11.138-0400] {processor.py:753} INFO - DAG(s) dict_keys(['example_task_group_decorator']) retrieved from /Users/sunanda/Downloads/airflow/py_env/lib/python3.9/site-packages/airflow/example_dags/example_task_group_decorator.py
[2023-03-22T19:24:11.339-0400] {logging_mixin.py:137} INFO - [2023-03-22T19:24:11.339-0400] {dag.py:2690} INFO - Sync 1 DAGs
[2023-03-22T19:24:11.345-0400] {logging_mixin.py:137} INFO - [2023-03-22T19:24:11.345-0400] {dag.py:3437} INFO - Setting next_dagrun for example_task_group_decorator to 2023-03-21T23:24:11.345801+00:00, run_after=2023-03-22T23:24:11.345801+00:00
[2023-03-22T19:24:11.353-0400] {processor.py:175} INFO - Processing /Users/sunanda/Downloads/airflow/py_env/lib/python3.9/site-packages/airflow/example_dags/example_task_group_decorator.py took 0.241 seconds
[2023-03-22T19:25:23.954-0400] {processor.py:153} INFO - Started process (PID=4863) to work on /Users/sunanda/Downloads/airflow/py_env/lib/python3.9/site-packages/airflow/example_dags/example_task_group_decorator.py
[2023-03-22T19:25:23.957-0400] {processor.py:743} INFO - Processing file /Users/sunanda/Downloads/airflow/py_env/lib/python3.9/site-packages/airflow/example_dags/example_task_group_decorator.py for tasks to queue
[2023-03-22T19:25:23.957-0400] {logging_mixin.py:137} INFO - [2023-03-22T19:25:23.957-0400] {dagbag.py:538} INFO - Filling up the DagBag from /Users/sunanda/Downloads/airflow/py_env/lib/python3.9/site-packages/airflow/example_dags/example_task_group_decorator.py
[2023-03-22T19:25:23.987-0400] {processor.py:753} INFO - DAG(s) dict_keys(['example_task_group_decorator']) retrieved from /Users/sunanda/Downloads/airflow/py_env/lib/python3.9/site-packages/airflow/example_dags/example_task_group_decorator.py
[2023-03-22T19:25:24.186-0400] {logging_mixin.py:137} INFO - [2023-03-22T19:25:24.186-0400] {dag.py:2690} INFO - Sync 1 DAGs
[2023-03-22T19:25:24.193-0400] {logging_mixin.py:137} INFO - [2023-03-22T19:25:24.192-0400] {dag.py:3437} INFO - Setting next_dagrun for example_task_group_decorator to 2023-03-21T23:25:24.192907+00:00, run_after=2023-03-22T23:25:24.192907+00:00
[2023-03-22T19:25:24.200-0400] {processor.py:175} INFO - Processing /Users/sunanda/Downloads/airflow/py_env/lib/python3.9/site-packages/airflow/example_dags/example_task_group_decorator.py took 0.246 seconds
[2023-03-22T19:26:46.913-0400] {processor.py:153} INFO - Started process (PID=4991) to work on /Users/sunanda/Downloads/airflow/py_env/lib/python3.9/site-packages/airflow/example_dags/example_task_group_decorator.py
[2023-03-22T19:26:46.917-0400] {processor.py:743} INFO - Processing file /Users/sunanda/Downloads/airflow/py_env/lib/python3.9/site-packages/airflow/example_dags/example_task_group_decorator.py for tasks to queue
[2023-03-22T19:26:46.917-0400] {logging_mixin.py:137} INFO - [2023-03-22T19:26:46.917-0400] {dagbag.py:538} INFO - Filling up the DagBag from /Users/sunanda/Downloads/airflow/py_env/lib/python3.9/site-packages/airflow/example_dags/example_task_group_decorator.py
[2023-03-22T19:26:46.939-0400] {processor.py:753} INFO - DAG(s) dict_keys(['example_task_group_decorator']) retrieved from /Users/sunanda/Downloads/airflow/py_env/lib/python3.9/site-packages/airflow/example_dags/example_task_group_decorator.py
[2023-03-22T19:26:47.139-0400] {logging_mixin.py:137} INFO - [2023-03-22T19:26:47.139-0400] {dag.py:2690} INFO - Sync 1 DAGs
[2023-03-22T19:26:47.146-0400] {logging_mixin.py:137} INFO - [2023-03-22T19:26:47.146-0400] {dag.py:3437} INFO - Setting next_dagrun for example_task_group_decorator to 2023-03-21T23:26:47.146214+00:00, run_after=2023-03-22T23:26:47.146214+00:00
[2023-03-22T19:26:47.154-0400] {processor.py:175} INFO - Processing /Users/sunanda/Downloads/airflow/py_env/lib/python3.9/site-packages/airflow/example_dags/example_task_group_decorator.py took 0.241 seconds
