[2023-03-22T14:53:49.746-0400] {processor.py:153} INFO - Started process (PID=69557) to work on /Users/sunanda/Downloads/airflow/py_env/lib/python3.9/site-packages/airflow/example_dags/example_trigger_controller_dag.py
[2023-03-22T14:53:49.748-0400] {processor.py:743} INFO - Processing file /Users/sunanda/Downloads/airflow/py_env/lib/python3.9/site-packages/airflow/example_dags/example_trigger_controller_dag.py for tasks to queue
[2023-03-22T14:53:49.748-0400] {logging_mixin.py:137} INFO - [2023-03-22T14:53:49.748-0400] {dagbag.py:538} INFO - Filling up the DagBag from /Users/sunanda/Downloads/airflow/py_env/lib/python3.9/site-packages/airflow/example_dags/example_trigger_controller_dag.py
[2023-03-22T14:53:49.758-0400] {processor.py:753} INFO - DAG(s) dict_keys(['example_trigger_controller_dag']) retrieved from /Users/sunanda/Downloads/airflow/py_env/lib/python3.9/site-packages/airflow/example_dags/example_trigger_controller_dag.py
[2023-03-22T14:53:49.963-0400] {logging_mixin.py:137} INFO - [2023-03-22T14:53:49.963-0400] {dag.py:2690} INFO - Sync 1 DAGs
[2023-03-22T14:53:49.969-0400] {logging_mixin.py:137} INFO - [2023-03-22T14:53:49.969-0400] {dag.py:3437} INFO - Setting next_dagrun for example_trigger_controller_dag to 2021-01-01T00:00:00+00:00, run_after=2021-01-01T00:00:00+00:00
[2023-03-22T14:53:49.978-0400] {processor.py:175} INFO - Processing /Users/sunanda/Downloads/airflow/py_env/lib/python3.9/site-packages/airflow/example_dags/example_trigger_controller_dag.py took 0.232 seconds
[2023-03-22T14:55:02.719-0400] {processor.py:153} INFO - Started process (PID=69672) to work on /Users/sunanda/Downloads/airflow/py_env/lib/python3.9/site-packages/airflow/example_dags/example_trigger_controller_dag.py
[2023-03-22T14:55:02.722-0400] {processor.py:743} INFO - Processing file /Users/sunanda/Downloads/airflow/py_env/lib/python3.9/site-packages/airflow/example_dags/example_trigger_controller_dag.py for tasks to queue
[2023-03-22T14:55:02.722-0400] {logging_mixin.py:137} INFO - [2023-03-22T14:55:02.722-0400] {dagbag.py:538} INFO - Filling up the DagBag from /Users/sunanda/Downloads/airflow/py_env/lib/python3.9/site-packages/airflow/example_dags/example_trigger_controller_dag.py
[2023-03-22T14:55:02.732-0400] {processor.py:753} INFO - DAG(s) dict_keys(['example_trigger_controller_dag']) retrieved from /Users/sunanda/Downloads/airflow/py_env/lib/python3.9/site-packages/airflow/example_dags/example_trigger_controller_dag.py
[2023-03-22T14:55:02.930-0400] {logging_mixin.py:137} INFO - [2023-03-22T14:55:02.930-0400] {dag.py:2690} INFO - Sync 1 DAGs
[2023-03-22T14:55:02.936-0400] {logging_mixin.py:137} INFO - [2023-03-22T14:55:02.936-0400] {dag.py:3437} INFO - Setting next_dagrun for example_trigger_controller_dag to 2021-01-01T00:00:00+00:00, run_after=2021-01-01T00:00:00+00:00
[2023-03-22T14:55:02.943-0400] {processor.py:175} INFO - Processing /Users/sunanda/Downloads/airflow/py_env/lib/python3.9/site-packages/airflow/example_dags/example_trigger_controller_dag.py took 0.225 seconds
[2023-03-22T14:56:22.651-0400] {processor.py:153} INFO - Started process (PID=69798) to work on /Users/sunanda/Downloads/airflow/py_env/lib/python3.9/site-packages/airflow/example_dags/example_trigger_controller_dag.py
[2023-03-22T14:56:22.654-0400] {processor.py:743} INFO - Processing file /Users/sunanda/Downloads/airflow/py_env/lib/python3.9/site-packages/airflow/example_dags/example_trigger_controller_dag.py for tasks to queue
[2023-03-22T14:56:22.654-0400] {logging_mixin.py:137} INFO - [2023-03-22T14:56:22.654-0400] {dagbag.py:538} INFO - Filling up the DagBag from /Users/sunanda/Downloads/airflow/py_env/lib/python3.9/site-packages/airflow/example_dags/example_trigger_controller_dag.py
[2023-03-22T14:56:22.664-0400] {processor.py:753} INFO - DAG(s) dict_keys(['example_trigger_controller_dag']) retrieved from /Users/sunanda/Downloads/airflow/py_env/lib/python3.9/site-packages/airflow/example_dags/example_trigger_controller_dag.py
[2023-03-22T14:56:22.864-0400] {logging_mixin.py:137} INFO - [2023-03-22T14:56:22.864-0400] {dag.py:2690} INFO - Sync 1 DAGs
[2023-03-22T14:56:22.871-0400] {logging_mixin.py:137} INFO - [2023-03-22T14:56:22.871-0400] {dag.py:3437} INFO - Setting next_dagrun for example_trigger_controller_dag to 2021-01-01T00:00:00+00:00, run_after=2021-01-01T00:00:00+00:00
[2023-03-22T14:56:22.879-0400] {processor.py:175} INFO - Processing /Users/sunanda/Downloads/airflow/py_env/lib/python3.9/site-packages/airflow/example_dags/example_trigger_controller_dag.py took 0.229 seconds
[2023-03-22T14:57:43.208-0400] {processor.py:153} INFO - Started process (PID=69922) to work on /Users/sunanda/Downloads/airflow/py_env/lib/python3.9/site-packages/airflow/example_dags/example_trigger_controller_dag.py
[2023-03-22T14:57:43.211-0400] {processor.py:743} INFO - Processing file /Users/sunanda/Downloads/airflow/py_env/lib/python3.9/site-packages/airflow/example_dags/example_trigger_controller_dag.py for tasks to queue
[2023-03-22T14:57:43.212-0400] {logging_mixin.py:137} INFO - [2023-03-22T14:57:43.212-0400] {dagbag.py:538} INFO - Filling up the DagBag from /Users/sunanda/Downloads/airflow/py_env/lib/python3.9/site-packages/airflow/example_dags/example_trigger_controller_dag.py
[2023-03-22T14:57:43.222-0400] {processor.py:753} INFO - DAG(s) dict_keys(['example_trigger_controller_dag']) retrieved from /Users/sunanda/Downloads/airflow/py_env/lib/python3.9/site-packages/airflow/example_dags/example_trigger_controller_dag.py
[2023-03-22T14:57:43.430-0400] {logging_mixin.py:137} INFO - [2023-03-22T14:57:43.430-0400] {dag.py:2690} INFO - Sync 1 DAGs
[2023-03-22T14:57:43.436-0400] {logging_mixin.py:137} INFO - [2023-03-22T14:57:43.436-0400] {dag.py:3437} INFO - Setting next_dagrun for example_trigger_controller_dag to 2021-01-01T00:00:00+00:00, run_after=2021-01-01T00:00:00+00:00
[2023-03-22T14:57:43.444-0400] {processor.py:175} INFO - Processing /Users/sunanda/Downloads/airflow/py_env/lib/python3.9/site-packages/airflow/example_dags/example_trigger_controller_dag.py took 0.236 seconds
[2023-03-22T14:59:11.171-0400] {processor.py:153} INFO - Started process (PID=70063) to work on /Users/sunanda/Downloads/airflow/py_env/lib/python3.9/site-packages/airflow/example_dags/example_trigger_controller_dag.py
[2023-03-22T14:59:11.174-0400] {processor.py:743} INFO - Processing file /Users/sunanda/Downloads/airflow/py_env/lib/python3.9/site-packages/airflow/example_dags/example_trigger_controller_dag.py for tasks to queue
[2023-03-22T14:59:11.175-0400] {logging_mixin.py:137} INFO - [2023-03-22T14:59:11.175-0400] {dagbag.py:538} INFO - Filling up the DagBag from /Users/sunanda/Downloads/airflow/py_env/lib/python3.9/site-packages/airflow/example_dags/example_trigger_controller_dag.py
[2023-03-22T14:59:11.185-0400] {processor.py:753} INFO - DAG(s) dict_keys(['example_trigger_controller_dag']) retrieved from /Users/sunanda/Downloads/airflow/py_env/lib/python3.9/site-packages/airflow/example_dags/example_trigger_controller_dag.py
[2023-03-22T14:59:11.389-0400] {logging_mixin.py:137} INFO - [2023-03-22T14:59:11.388-0400] {dag.py:2690} INFO - Sync 1 DAGs
[2023-03-22T14:59:11.396-0400] {logging_mixin.py:137} INFO - [2023-03-22T14:59:11.396-0400] {dag.py:3437} INFO - Setting next_dagrun for example_trigger_controller_dag to 2021-01-01T00:00:00+00:00, run_after=2021-01-01T00:00:00+00:00
[2023-03-22T14:59:11.403-0400] {processor.py:175} INFO - Processing /Users/sunanda/Downloads/airflow/py_env/lib/python3.9/site-packages/airflow/example_dags/example_trigger_controller_dag.py took 0.232 seconds
[2023-03-22T15:00:36.543-0400] {processor.py:153} INFO - Started process (PID=70196) to work on /Users/sunanda/Downloads/airflow/py_env/lib/python3.9/site-packages/airflow/example_dags/example_trigger_controller_dag.py
[2023-03-22T15:00:36.545-0400] {processor.py:743} INFO - Processing file /Users/sunanda/Downloads/airflow/py_env/lib/python3.9/site-packages/airflow/example_dags/example_trigger_controller_dag.py for tasks to queue
[2023-03-22T15:00:36.546-0400] {logging_mixin.py:137} INFO - [2023-03-22T15:00:36.545-0400] {dagbag.py:538} INFO - Filling up the DagBag from /Users/sunanda/Downloads/airflow/py_env/lib/python3.9/site-packages/airflow/example_dags/example_trigger_controller_dag.py
[2023-03-22T15:00:36.555-0400] {processor.py:753} INFO - DAG(s) dict_keys(['example_trigger_controller_dag']) retrieved from /Users/sunanda/Downloads/airflow/py_env/lib/python3.9/site-packages/airflow/example_dags/example_trigger_controller_dag.py
[2023-03-22T15:00:36.763-0400] {logging_mixin.py:137} INFO - [2023-03-22T15:00:36.763-0400] {dag.py:2690} INFO - Sync 1 DAGs
[2023-03-22T15:00:36.770-0400] {logging_mixin.py:137} INFO - [2023-03-22T15:00:36.770-0400] {dag.py:3437} INFO - Setting next_dagrun for example_trigger_controller_dag to 2021-01-01T00:00:00+00:00, run_after=2021-01-01T00:00:00+00:00
[2023-03-22T15:00:36.778-0400] {processor.py:175} INFO - Processing /Users/sunanda/Downloads/airflow/py_env/lib/python3.9/site-packages/airflow/example_dags/example_trigger_controller_dag.py took 0.235 seconds
[2023-03-22T15:02:01.764-0400] {processor.py:153} INFO - Started process (PID=70335) to work on /Users/sunanda/Downloads/airflow/py_env/lib/python3.9/site-packages/airflow/example_dags/example_trigger_controller_dag.py
[2023-03-22T15:02:01.767-0400] {processor.py:743} INFO - Processing file /Users/sunanda/Downloads/airflow/py_env/lib/python3.9/site-packages/airflow/example_dags/example_trigger_controller_dag.py for tasks to queue
[2023-03-22T15:02:01.768-0400] {logging_mixin.py:137} INFO - [2023-03-22T15:02:01.768-0400] {dagbag.py:538} INFO - Filling up the DagBag from /Users/sunanda/Downloads/airflow/py_env/lib/python3.9/site-packages/airflow/example_dags/example_trigger_controller_dag.py
[2023-03-22T15:02:01.779-0400] {processor.py:753} INFO - DAG(s) dict_keys(['example_trigger_controller_dag']) retrieved from /Users/sunanda/Downloads/airflow/py_env/lib/python3.9/site-packages/airflow/example_dags/example_trigger_controller_dag.py
[2023-03-22T15:02:02.008-0400] {logging_mixin.py:137} INFO - [2023-03-22T15:02:02.008-0400] {dag.py:2690} INFO - Sync 1 DAGs
[2023-03-22T15:02:02.015-0400] {logging_mixin.py:137} INFO - [2023-03-22T15:02:02.015-0400] {dag.py:3437} INFO - Setting next_dagrun for example_trigger_controller_dag to 2021-01-01T00:00:00+00:00, run_after=2021-01-01T00:00:00+00:00
[2023-03-22T15:02:02.024-0400] {processor.py:175} INFO - Processing /Users/sunanda/Downloads/airflow/py_env/lib/python3.9/site-packages/airflow/example_dags/example_trigger_controller_dag.py took 0.260 seconds
[2023-03-22T15:03:29.009-0400] {processor.py:153} INFO - Started process (PID=70469) to work on /Users/sunanda/Downloads/airflow/py_env/lib/python3.9/site-packages/airflow/example_dags/example_trigger_controller_dag.py
[2023-03-22T15:03:29.012-0400] {processor.py:743} INFO - Processing file /Users/sunanda/Downloads/airflow/py_env/lib/python3.9/site-packages/airflow/example_dags/example_trigger_controller_dag.py for tasks to queue
[2023-03-22T15:03:29.012-0400] {logging_mixin.py:137} INFO - [2023-03-22T15:03:29.012-0400] {dagbag.py:538} INFO - Filling up the DagBag from /Users/sunanda/Downloads/airflow/py_env/lib/python3.9/site-packages/airflow/example_dags/example_trigger_controller_dag.py
[2023-03-22T15:03:29.021-0400] {processor.py:753} INFO - DAG(s) dict_keys(['example_trigger_controller_dag']) retrieved from /Users/sunanda/Downloads/airflow/py_env/lib/python3.9/site-packages/airflow/example_dags/example_trigger_controller_dag.py
[2023-03-22T15:03:29.222-0400] {logging_mixin.py:137} INFO - [2023-03-22T15:03:29.222-0400] {dag.py:2690} INFO - Sync 1 DAGs
[2023-03-22T15:03:29.229-0400] {logging_mixin.py:137} INFO - [2023-03-22T15:03:29.229-0400] {dag.py:3437} INFO - Setting next_dagrun for example_trigger_controller_dag to 2021-01-01T00:00:00+00:00, run_after=2021-01-01T00:00:00+00:00
[2023-03-22T15:03:29.236-0400] {processor.py:175} INFO - Processing /Users/sunanda/Downloads/airflow/py_env/lib/python3.9/site-packages/airflow/example_dags/example_trigger_controller_dag.py took 0.227 seconds
[2023-03-22T15:04:47.192-0400] {processor.py:153} INFO - Started process (PID=70615) to work on /Users/sunanda/Downloads/airflow/py_env/lib/python3.9/site-packages/airflow/example_dags/example_trigger_controller_dag.py
[2023-03-22T15:04:47.194-0400] {processor.py:743} INFO - Processing file /Users/sunanda/Downloads/airflow/py_env/lib/python3.9/site-packages/airflow/example_dags/example_trigger_controller_dag.py for tasks to queue
[2023-03-22T15:04:47.194-0400] {logging_mixin.py:137} INFO - [2023-03-22T15:04:47.194-0400] {dagbag.py:538} INFO - Filling up the DagBag from /Users/sunanda/Downloads/airflow/py_env/lib/python3.9/site-packages/airflow/example_dags/example_trigger_controller_dag.py
[2023-03-22T15:04:47.204-0400] {processor.py:753} INFO - DAG(s) dict_keys(['example_trigger_controller_dag']) retrieved from /Users/sunanda/Downloads/airflow/py_env/lib/python3.9/site-packages/airflow/example_dags/example_trigger_controller_dag.py
[2023-03-22T15:04:47.403-0400] {logging_mixin.py:137} INFO - [2023-03-22T15:04:47.403-0400] {dag.py:2690} INFO - Sync 1 DAGs
[2023-03-22T15:04:47.410-0400] {logging_mixin.py:137} INFO - [2023-03-22T15:04:47.410-0400] {dag.py:3437} INFO - Setting next_dagrun for example_trigger_controller_dag to 2021-01-01T00:00:00+00:00, run_after=2021-01-01T00:00:00+00:00
[2023-03-22T15:04:47.417-0400] {processor.py:175} INFO - Processing /Users/sunanda/Downloads/airflow/py_env/lib/python3.9/site-packages/airflow/example_dags/example_trigger_controller_dag.py took 0.226 seconds
[2023-03-22T16:18:29.446-0400] {processor.py:153} INFO - Started process (PID=74862) to work on /Users/sunanda/Downloads/airflow/py_env/lib/python3.9/site-packages/airflow/example_dags/example_trigger_controller_dag.py
[2023-03-22T16:18:29.449-0400] {processor.py:743} INFO - Processing file /Users/sunanda/Downloads/airflow/py_env/lib/python3.9/site-packages/airflow/example_dags/example_trigger_controller_dag.py for tasks to queue
[2023-03-22T16:18:29.449-0400] {logging_mixin.py:137} INFO - [2023-03-22T16:18:29.449-0400] {dagbag.py:538} INFO - Filling up the DagBag from /Users/sunanda/Downloads/airflow/py_env/lib/python3.9/site-packages/airflow/example_dags/example_trigger_controller_dag.py
[2023-03-22T16:18:29.459-0400] {processor.py:753} INFO - DAG(s) dict_keys(['example_trigger_controller_dag']) retrieved from /Users/sunanda/Downloads/airflow/py_env/lib/python3.9/site-packages/airflow/example_dags/example_trigger_controller_dag.py
[2023-03-22T16:18:29.881-0400] {logging_mixin.py:137} INFO - [2023-03-22T16:18:29.881-0400] {dag.py:2690} INFO - Sync 1 DAGs
[2023-03-22T16:18:29.893-0400] {logging_mixin.py:137} INFO - [2023-03-22T16:18:29.893-0400] {dag.py:3437} INFO - Setting next_dagrun for example_trigger_controller_dag to 2021-01-01T00:00:00+00:00, run_after=2021-01-01T00:00:00+00:00
[2023-03-22T16:18:29.900-0400] {processor.py:175} INFO - Processing /Users/sunanda/Downloads/airflow/py_env/lib/python3.9/site-packages/airflow/example_dags/example_trigger_controller_dag.py took 0.455 seconds
[2023-03-22T16:26:39.858-0400] {processor.py:153} INFO - Started process (PID=75406) to work on /Users/sunanda/Downloads/airflow/py_env/lib/python3.9/site-packages/airflow/example_dags/example_trigger_controller_dag.py
[2023-03-22T16:26:39.862-0400] {processor.py:743} INFO - Processing file /Users/sunanda/Downloads/airflow/py_env/lib/python3.9/site-packages/airflow/example_dags/example_trigger_controller_dag.py for tasks to queue
[2023-03-22T16:26:39.862-0400] {logging_mixin.py:137} INFO - [2023-03-22T16:26:39.862-0400] {dagbag.py:538} INFO - Filling up the DagBag from /Users/sunanda/Downloads/airflow/py_env/lib/python3.9/site-packages/airflow/example_dags/example_trigger_controller_dag.py
[2023-03-22T16:26:39.872-0400] {processor.py:753} INFO - DAG(s) dict_keys(['example_trigger_controller_dag']) retrieved from /Users/sunanda/Downloads/airflow/py_env/lib/python3.9/site-packages/airflow/example_dags/example_trigger_controller_dag.py
[2023-03-22T16:26:40.533-0400] {logging_mixin.py:137} INFO - [2023-03-22T16:26:40.511-0400] {dag.py:2690} INFO - Sync 1 DAGs
[2023-03-22T16:26:40.570-0400] {logging_mixin.py:137} INFO - [2023-03-22T16:26:40.570-0400] {dag.py:3437} INFO - Setting next_dagrun for example_trigger_controller_dag to 2021-01-01T00:00:00+00:00, run_after=2021-01-01T00:00:00+00:00
[2023-03-22T16:26:40.577-0400] {processor.py:175} INFO - Processing /Users/sunanda/Downloads/airflow/py_env/lib/python3.9/site-packages/airflow/example_dags/example_trigger_controller_dag.py took 0.721 seconds
[2023-03-22T19:11:16.405-0400] {processor.py:153} INFO - Started process (PID=3762) to work on /Users/sunanda/Downloads/airflow/py_env/lib/python3.9/site-packages/airflow/example_dags/example_trigger_controller_dag.py
[2023-03-22T19:11:16.407-0400] {processor.py:743} INFO - Processing file /Users/sunanda/Downloads/airflow/py_env/lib/python3.9/site-packages/airflow/example_dags/example_trigger_controller_dag.py for tasks to queue
[2023-03-22T19:11:16.407-0400] {logging_mixin.py:137} INFO - [2023-03-22T19:11:16.407-0400] {dagbag.py:538} INFO - Filling up the DagBag from /Users/sunanda/Downloads/airflow/py_env/lib/python3.9/site-packages/airflow/example_dags/example_trigger_controller_dag.py
[2023-03-22T19:11:16.417-0400] {processor.py:753} INFO - DAG(s) dict_keys(['example_trigger_controller_dag']) retrieved from /Users/sunanda/Downloads/airflow/py_env/lib/python3.9/site-packages/airflow/example_dags/example_trigger_controller_dag.py
[2023-03-22T19:11:16.612-0400] {logging_mixin.py:137} INFO - [2023-03-22T19:11:16.612-0400] {dag.py:2690} INFO - Sync 1 DAGs
[2023-03-22T19:11:16.619-0400] {logging_mixin.py:137} INFO - [2023-03-22T19:11:16.619-0400] {dag.py:3437} INFO - Setting next_dagrun for example_trigger_controller_dag to 2021-01-01T00:00:00+00:00, run_after=2021-01-01T00:00:00+00:00
[2023-03-22T19:11:16.626-0400] {processor.py:175} INFO - Processing /Users/sunanda/Downloads/airflow/py_env/lib/python3.9/site-packages/airflow/example_dags/example_trigger_controller_dag.py took 0.221 seconds
[2023-03-22T19:12:28.578-0400] {processor.py:153} INFO - Started process (PID=3881) to work on /Users/sunanda/Downloads/airflow/py_env/lib/python3.9/site-packages/airflow/example_dags/example_trigger_controller_dag.py
[2023-03-22T19:12:28.580-0400] {processor.py:743} INFO - Processing file /Users/sunanda/Downloads/airflow/py_env/lib/python3.9/site-packages/airflow/example_dags/example_trigger_controller_dag.py for tasks to queue
[2023-03-22T19:12:28.580-0400] {logging_mixin.py:137} INFO - [2023-03-22T19:12:28.580-0400] {dagbag.py:538} INFO - Filling up the DagBag from /Users/sunanda/Downloads/airflow/py_env/lib/python3.9/site-packages/airflow/example_dags/example_trigger_controller_dag.py
[2023-03-22T19:12:28.589-0400] {processor.py:753} INFO - DAG(s) dict_keys(['example_trigger_controller_dag']) retrieved from /Users/sunanda/Downloads/airflow/py_env/lib/python3.9/site-packages/airflow/example_dags/example_trigger_controller_dag.py
[2023-03-22T19:12:28.787-0400] {logging_mixin.py:137} INFO - [2023-03-22T19:12:28.786-0400] {dag.py:2690} INFO - Sync 1 DAGs
[2023-03-22T19:12:28.793-0400] {logging_mixin.py:137} INFO - [2023-03-22T19:12:28.793-0400] {dag.py:3437} INFO - Setting next_dagrun for example_trigger_controller_dag to 2021-01-01T00:00:00+00:00, run_after=2021-01-01T00:00:00+00:00
[2023-03-22T19:12:28.800-0400] {processor.py:175} INFO - Processing /Users/sunanda/Downloads/airflow/py_env/lib/python3.9/site-packages/airflow/example_dags/example_trigger_controller_dag.py took 0.223 seconds
[2023-03-22T19:14:09.557-0400] {processor.py:153} INFO - Started process (PID=4045) to work on /Users/sunanda/Downloads/airflow/py_env/lib/python3.9/site-packages/airflow/example_dags/example_trigger_controller_dag.py
[2023-03-22T19:14:09.559-0400] {processor.py:743} INFO - Processing file /Users/sunanda/Downloads/airflow/py_env/lib/python3.9/site-packages/airflow/example_dags/example_trigger_controller_dag.py for tasks to queue
[2023-03-22T19:14:09.559-0400] {logging_mixin.py:137} INFO - [2023-03-22T19:14:09.559-0400] {dagbag.py:538} INFO - Filling up the DagBag from /Users/sunanda/Downloads/airflow/py_env/lib/python3.9/site-packages/airflow/example_dags/example_trigger_controller_dag.py
[2023-03-22T19:14:09.569-0400] {processor.py:753} INFO - DAG(s) dict_keys(['example_trigger_controller_dag']) retrieved from /Users/sunanda/Downloads/airflow/py_env/lib/python3.9/site-packages/airflow/example_dags/example_trigger_controller_dag.py
[2023-03-22T19:14:09.774-0400] {logging_mixin.py:137} INFO - [2023-03-22T19:14:09.774-0400] {dag.py:2690} INFO - Sync 1 DAGs
[2023-03-22T19:14:09.781-0400] {logging_mixin.py:137} INFO - [2023-03-22T19:14:09.781-0400] {dag.py:3437} INFO - Setting next_dagrun for example_trigger_controller_dag to 2021-01-01T00:00:00+00:00, run_after=2021-01-01T00:00:00+00:00
[2023-03-22T19:14:09.788-0400] {processor.py:175} INFO - Processing /Users/sunanda/Downloads/airflow/py_env/lib/python3.9/site-packages/airflow/example_dags/example_trigger_controller_dag.py took 0.232 seconds
[2023-03-22T19:21:07.127-0400] {processor.py:153} INFO - Started process (PID=4529) to work on /Users/sunanda/Downloads/airflow/py_env/lib/python3.9/site-packages/airflow/example_dags/example_trigger_controller_dag.py
[2023-03-22T19:21:07.130-0400] {processor.py:743} INFO - Processing file /Users/sunanda/Downloads/airflow/py_env/lib/python3.9/site-packages/airflow/example_dags/example_trigger_controller_dag.py for tasks to queue
[2023-03-22T19:21:07.130-0400] {logging_mixin.py:137} INFO - [2023-03-22T19:21:07.130-0400] {dagbag.py:538} INFO - Filling up the DagBag from /Users/sunanda/Downloads/airflow/py_env/lib/python3.9/site-packages/airflow/example_dags/example_trigger_controller_dag.py
[2023-03-22T19:21:07.141-0400] {processor.py:753} INFO - DAG(s) dict_keys(['example_trigger_controller_dag']) retrieved from /Users/sunanda/Downloads/airflow/py_env/lib/python3.9/site-packages/airflow/example_dags/example_trigger_controller_dag.py
[2023-03-22T19:21:07.344-0400] {logging_mixin.py:137} INFO - [2023-03-22T19:21:07.343-0400] {dag.py:2690} INFO - Sync 1 DAGs
[2023-03-22T19:21:07.350-0400] {logging_mixin.py:137} INFO - [2023-03-22T19:21:07.350-0400] {dag.py:3437} INFO - Setting next_dagrun for example_trigger_controller_dag to 2021-01-01T00:00:00+00:00, run_after=2021-01-01T00:00:00+00:00
[2023-03-22T19:21:07.358-0400] {processor.py:175} INFO - Processing /Users/sunanda/Downloads/airflow/py_env/lib/python3.9/site-packages/airflow/example_dags/example_trigger_controller_dag.py took 0.231 seconds
[2023-03-22T19:24:07.345-0400] {processor.py:153} INFO - Started process (PID=4745) to work on /Users/sunanda/Downloads/airflow/py_env/lib/python3.9/site-packages/airflow/example_dags/example_trigger_controller_dag.py
[2023-03-22T19:24:07.348-0400] {processor.py:743} INFO - Processing file /Users/sunanda/Downloads/airflow/py_env/lib/python3.9/site-packages/airflow/example_dags/example_trigger_controller_dag.py for tasks to queue
[2023-03-22T19:24:07.349-0400] {logging_mixin.py:137} INFO - [2023-03-22T19:24:07.348-0400] {dagbag.py:538} INFO - Filling up the DagBag from /Users/sunanda/Downloads/airflow/py_env/lib/python3.9/site-packages/airflow/example_dags/example_trigger_controller_dag.py
[2023-03-22T19:24:07.358-0400] {processor.py:753} INFO - DAG(s) dict_keys(['example_trigger_controller_dag']) retrieved from /Users/sunanda/Downloads/airflow/py_env/lib/python3.9/site-packages/airflow/example_dags/example_trigger_controller_dag.py
[2023-03-22T19:24:07.565-0400] {logging_mixin.py:137} INFO - [2023-03-22T19:24:07.565-0400] {dag.py:2690} INFO - Sync 1 DAGs
[2023-03-22T19:24:07.572-0400] {logging_mixin.py:137} INFO - [2023-03-22T19:24:07.572-0400] {dag.py:3437} INFO - Setting next_dagrun for example_trigger_controller_dag to 2021-01-01T00:00:00+00:00, run_after=2021-01-01T00:00:00+00:00
[2023-03-22T19:24:07.580-0400] {processor.py:175} INFO - Processing /Users/sunanda/Downloads/airflow/py_env/lib/python3.9/site-packages/airflow/example_dags/example_trigger_controller_dag.py took 0.235 seconds
[2023-03-22T19:25:20.205-0400] {processor.py:153} INFO - Started process (PID=4857) to work on /Users/sunanda/Downloads/airflow/py_env/lib/python3.9/site-packages/airflow/example_dags/example_trigger_controller_dag.py
[2023-03-22T19:25:20.208-0400] {processor.py:743} INFO - Processing file /Users/sunanda/Downloads/airflow/py_env/lib/python3.9/site-packages/airflow/example_dags/example_trigger_controller_dag.py for tasks to queue
[2023-03-22T19:25:20.209-0400] {logging_mixin.py:137} INFO - [2023-03-22T19:25:20.208-0400] {dagbag.py:538} INFO - Filling up the DagBag from /Users/sunanda/Downloads/airflow/py_env/lib/python3.9/site-packages/airflow/example_dags/example_trigger_controller_dag.py
[2023-03-22T19:25:20.219-0400] {processor.py:753} INFO - DAG(s) dict_keys(['example_trigger_controller_dag']) retrieved from /Users/sunanda/Downloads/airflow/py_env/lib/python3.9/site-packages/airflow/example_dags/example_trigger_controller_dag.py
[2023-03-22T19:25:20.426-0400] {logging_mixin.py:137} INFO - [2023-03-22T19:25:20.426-0400] {dag.py:2690} INFO - Sync 1 DAGs
[2023-03-22T19:25:20.433-0400] {logging_mixin.py:137} INFO - [2023-03-22T19:25:20.433-0400] {dag.py:3437} INFO - Setting next_dagrun for example_trigger_controller_dag to 2021-01-01T00:00:00+00:00, run_after=2021-01-01T00:00:00+00:00
[2023-03-22T19:25:20.440-0400] {processor.py:175} INFO - Processing /Users/sunanda/Downloads/airflow/py_env/lib/python3.9/site-packages/airflow/example_dags/example_trigger_controller_dag.py took 0.236 seconds
[2023-03-22T19:26:42.559-0400] {processor.py:153} INFO - Started process (PID=4984) to work on /Users/sunanda/Downloads/airflow/py_env/lib/python3.9/site-packages/airflow/example_dags/example_trigger_controller_dag.py
[2023-03-22T19:26:42.562-0400] {processor.py:743} INFO - Processing file /Users/sunanda/Downloads/airflow/py_env/lib/python3.9/site-packages/airflow/example_dags/example_trigger_controller_dag.py for tasks to queue
[2023-03-22T19:26:42.562-0400] {logging_mixin.py:137} INFO - [2023-03-22T19:26:42.562-0400] {dagbag.py:538} INFO - Filling up the DagBag from /Users/sunanda/Downloads/airflow/py_env/lib/python3.9/site-packages/airflow/example_dags/example_trigger_controller_dag.py
[2023-03-22T19:26:42.572-0400] {processor.py:753} INFO - DAG(s) dict_keys(['example_trigger_controller_dag']) retrieved from /Users/sunanda/Downloads/airflow/py_env/lib/python3.9/site-packages/airflow/example_dags/example_trigger_controller_dag.py
[2023-03-22T19:26:42.783-0400] {logging_mixin.py:137} INFO - [2023-03-22T19:26:42.782-0400] {dag.py:2690} INFO - Sync 1 DAGs
[2023-03-22T19:26:42.789-0400] {logging_mixin.py:137} INFO - [2023-03-22T19:26:42.789-0400] {dag.py:3437} INFO - Setting next_dagrun for example_trigger_controller_dag to 2021-01-01T00:00:00+00:00, run_after=2021-01-01T00:00:00+00:00
[2023-03-22T19:26:42.797-0400] {processor.py:175} INFO - Processing /Users/sunanda/Downloads/airflow/py_env/lib/python3.9/site-packages/airflow/example_dags/example_trigger_controller_dag.py took 0.238 seconds
