[2023-03-22T14:54:01.244-0400] {processor.py:153} INFO - Started process (PID=69575) to work on /Users/sunanda/Downloads/airflow/py_env/lib/python3.9/site-packages/airflow/example_dags/example_short_circuit_operator.py
[2023-03-22T14:54:01.246-0400] {processor.py:743} INFO - Processing file /Users/sunanda/Downloads/airflow/py_env/lib/python3.9/site-packages/airflow/example_dags/example_short_circuit_operator.py for tasks to queue
[2023-03-22T14:54:01.247-0400] {logging_mixin.py:137} INFO - [2023-03-22T14:54:01.247-0400] {dagbag.py:538} INFO - Filling up the DagBag from /Users/sunanda/Downloads/airflow/py_env/lib/python3.9/site-packages/airflow/example_dags/example_short_circuit_operator.py
[2023-03-22T14:54:01.263-0400] {processor.py:753} INFO - DAG(s) dict_keys(['example_short_circuit_operator']) retrieved from /Users/sunanda/Downloads/airflow/py_env/lib/python3.9/site-packages/airflow/example_dags/example_short_circuit_operator.py
[2023-03-22T14:54:01.469-0400] {logging_mixin.py:137} INFO - [2023-03-22T14:54:01.469-0400] {dag.py:2690} INFO - Sync 1 DAGs
[2023-03-22T14:54:01.477-0400] {logging_mixin.py:137} INFO - [2023-03-22T14:54:01.477-0400] {dag.py:3437} INFO - Setting next_dagrun for example_short_circuit_operator to 2023-03-21T18:54:01.477306+00:00, run_after=2023-03-22T18:54:01.477306+00:00
[2023-03-22T14:54:01.485-0400] {processor.py:175} INFO - Processing /Users/sunanda/Downloads/airflow/py_env/lib/python3.9/site-packages/airflow/example_dags/example_short_circuit_operator.py took 0.242 seconds
[2023-03-22T14:55:14.673-0400] {processor.py:153} INFO - Started process (PID=69691) to work on /Users/sunanda/Downloads/airflow/py_env/lib/python3.9/site-packages/airflow/example_dags/example_short_circuit_operator.py
[2023-03-22T14:55:14.676-0400] {processor.py:743} INFO - Processing file /Users/sunanda/Downloads/airflow/py_env/lib/python3.9/site-packages/airflow/example_dags/example_short_circuit_operator.py for tasks to queue
[2023-03-22T14:55:14.676-0400] {logging_mixin.py:137} INFO - [2023-03-22T14:55:14.676-0400] {dagbag.py:538} INFO - Filling up the DagBag from /Users/sunanda/Downloads/airflow/py_env/lib/python3.9/site-packages/airflow/example_dags/example_short_circuit_operator.py
[2023-03-22T14:55:14.691-0400] {processor.py:753} INFO - DAG(s) dict_keys(['example_short_circuit_operator']) retrieved from /Users/sunanda/Downloads/airflow/py_env/lib/python3.9/site-packages/airflow/example_dags/example_short_circuit_operator.py
[2023-03-22T14:55:14.886-0400] {logging_mixin.py:137} INFO - [2023-03-22T14:55:14.886-0400] {dag.py:2690} INFO - Sync 1 DAGs
[2023-03-22T14:55:14.893-0400] {logging_mixin.py:137} INFO - [2023-03-22T14:55:14.893-0400] {dag.py:3437} INFO - Setting next_dagrun for example_short_circuit_operator to 2023-03-21T18:55:14.893686+00:00, run_after=2023-03-22T18:55:14.893686+00:00
[2023-03-22T14:55:14.901-0400] {processor.py:175} INFO - Processing /Users/sunanda/Downloads/airflow/py_env/lib/python3.9/site-packages/airflow/example_dags/example_short_circuit_operator.py took 0.227 seconds
[2023-03-22T14:56:35.698-0400] {processor.py:153} INFO - Started process (PID=69817) to work on /Users/sunanda/Downloads/airflow/py_env/lib/python3.9/site-packages/airflow/example_dags/example_short_circuit_operator.py
[2023-03-22T14:56:35.701-0400] {processor.py:743} INFO - Processing file /Users/sunanda/Downloads/airflow/py_env/lib/python3.9/site-packages/airflow/example_dags/example_short_circuit_operator.py for tasks to queue
[2023-03-22T14:56:35.701-0400] {logging_mixin.py:137} INFO - [2023-03-22T14:56:35.701-0400] {dagbag.py:538} INFO - Filling up the DagBag from /Users/sunanda/Downloads/airflow/py_env/lib/python3.9/site-packages/airflow/example_dags/example_short_circuit_operator.py
[2023-03-22T14:56:35.718-0400] {processor.py:753} INFO - DAG(s) dict_keys(['example_short_circuit_operator']) retrieved from /Users/sunanda/Downloads/airflow/py_env/lib/python3.9/site-packages/airflow/example_dags/example_short_circuit_operator.py
[2023-03-22T14:56:35.918-0400] {logging_mixin.py:137} INFO - [2023-03-22T14:56:35.918-0400] {dag.py:2690} INFO - Sync 1 DAGs
[2023-03-22T14:56:35.925-0400] {logging_mixin.py:137} INFO - [2023-03-22T14:56:35.925-0400] {dag.py:3437} INFO - Setting next_dagrun for example_short_circuit_operator to 2023-03-21T18:56:35.924935+00:00, run_after=2023-03-22T18:56:35.924935+00:00
[2023-03-22T14:56:35.932-0400] {processor.py:175} INFO - Processing /Users/sunanda/Downloads/airflow/py_env/lib/python3.9/site-packages/airflow/example_dags/example_short_circuit_operator.py took 0.235 seconds
[2023-03-22T14:57:55.782-0400] {processor.py:153} INFO - Started process (PID=69943) to work on /Users/sunanda/Downloads/airflow/py_env/lib/python3.9/site-packages/airflow/example_dags/example_short_circuit_operator.py
[2023-03-22T14:57:55.785-0400] {processor.py:743} INFO - Processing file /Users/sunanda/Downloads/airflow/py_env/lib/python3.9/site-packages/airflow/example_dags/example_short_circuit_operator.py for tasks to queue
[2023-03-22T14:57:55.786-0400] {logging_mixin.py:137} INFO - [2023-03-22T14:57:55.786-0400] {dagbag.py:538} INFO - Filling up the DagBag from /Users/sunanda/Downloads/airflow/py_env/lib/python3.9/site-packages/airflow/example_dags/example_short_circuit_operator.py
[2023-03-22T14:57:55.803-0400] {processor.py:753} INFO - DAG(s) dict_keys(['example_short_circuit_operator']) retrieved from /Users/sunanda/Downloads/airflow/py_env/lib/python3.9/site-packages/airflow/example_dags/example_short_circuit_operator.py
[2023-03-22T14:57:56.011-0400] {logging_mixin.py:137} INFO - [2023-03-22T14:57:56.011-0400] {dag.py:2690} INFO - Sync 1 DAGs
[2023-03-22T14:57:56.018-0400] {logging_mixin.py:137} INFO - [2023-03-22T14:57:56.018-0400] {dag.py:3437} INFO - Setting next_dagrun for example_short_circuit_operator to 2023-03-21T18:57:56.017972+00:00, run_after=2023-03-22T18:57:56.017972+00:00
[2023-03-22T14:57:56.025-0400] {processor.py:175} INFO - Processing /Users/sunanda/Downloads/airflow/py_env/lib/python3.9/site-packages/airflow/example_dags/example_short_circuit_operator.py took 0.244 seconds
[2023-03-22T14:59:23.979-0400] {processor.py:153} INFO - Started process (PID=70082) to work on /Users/sunanda/Downloads/airflow/py_env/lib/python3.9/site-packages/airflow/example_dags/example_short_circuit_operator.py
[2023-03-22T14:59:23.982-0400] {processor.py:743} INFO - Processing file /Users/sunanda/Downloads/airflow/py_env/lib/python3.9/site-packages/airflow/example_dags/example_short_circuit_operator.py for tasks to queue
[2023-03-22T14:59:23.982-0400] {logging_mixin.py:137} INFO - [2023-03-22T14:59:23.982-0400] {dagbag.py:538} INFO - Filling up the DagBag from /Users/sunanda/Downloads/airflow/py_env/lib/python3.9/site-packages/airflow/example_dags/example_short_circuit_operator.py
[2023-03-22T14:59:23.999-0400] {processor.py:753} INFO - DAG(s) dict_keys(['example_short_circuit_operator']) retrieved from /Users/sunanda/Downloads/airflow/py_env/lib/python3.9/site-packages/airflow/example_dags/example_short_circuit_operator.py
[2023-03-22T14:59:24.222-0400] {logging_mixin.py:137} INFO - [2023-03-22T14:59:24.222-0400] {dag.py:2690} INFO - Sync 1 DAGs
[2023-03-22T14:59:24.230-0400] {logging_mixin.py:137} INFO - [2023-03-22T14:59:24.230-0400] {dag.py:3437} INFO - Setting next_dagrun for example_short_circuit_operator to 2023-03-21T18:59:24.230402+00:00, run_after=2023-03-22T18:59:24.230402+00:00
[2023-03-22T14:59:24.240-0400] {processor.py:175} INFO - Processing /Users/sunanda/Downloads/airflow/py_env/lib/python3.9/site-packages/airflow/example_dags/example_short_circuit_operator.py took 0.260 seconds
[2023-03-22T15:00:48.881-0400] {processor.py:153} INFO - Started process (PID=70214) to work on /Users/sunanda/Downloads/airflow/py_env/lib/python3.9/site-packages/airflow/example_dags/example_short_circuit_operator.py
[2023-03-22T15:00:48.884-0400] {processor.py:743} INFO - Processing file /Users/sunanda/Downloads/airflow/py_env/lib/python3.9/site-packages/airflow/example_dags/example_short_circuit_operator.py for tasks to queue
[2023-03-22T15:00:48.884-0400] {logging_mixin.py:137} INFO - [2023-03-22T15:00:48.884-0400] {dagbag.py:538} INFO - Filling up the DagBag from /Users/sunanda/Downloads/airflow/py_env/lib/python3.9/site-packages/airflow/example_dags/example_short_circuit_operator.py
[2023-03-22T15:00:48.903-0400] {processor.py:753} INFO - DAG(s) dict_keys(['example_short_circuit_operator']) retrieved from /Users/sunanda/Downloads/airflow/py_env/lib/python3.9/site-packages/airflow/example_dags/example_short_circuit_operator.py
[2023-03-22T15:00:49.128-0400] {logging_mixin.py:137} INFO - [2023-03-22T15:00:49.128-0400] {dag.py:2690} INFO - Sync 1 DAGs
[2023-03-22T15:00:49.135-0400] {logging_mixin.py:137} INFO - [2023-03-22T15:00:49.135-0400] {dag.py:3437} INFO - Setting next_dagrun for example_short_circuit_operator to 2023-03-21T19:00:49.135692+00:00, run_after=2023-03-22T19:00:49.135692+00:00
[2023-03-22T15:00:49.144-0400] {processor.py:175} INFO - Processing /Users/sunanda/Downloads/airflow/py_env/lib/python3.9/site-packages/airflow/example_dags/example_short_circuit_operator.py took 0.263 seconds
[2023-03-22T15:02:14.550-0400] {processor.py:153} INFO - Started process (PID=70355) to work on /Users/sunanda/Downloads/airflow/py_env/lib/python3.9/site-packages/airflow/example_dags/example_short_circuit_operator.py
[2023-03-22T15:02:14.553-0400] {processor.py:743} INFO - Processing file /Users/sunanda/Downloads/airflow/py_env/lib/python3.9/site-packages/airflow/example_dags/example_short_circuit_operator.py for tasks to queue
[2023-03-22T15:02:14.553-0400] {logging_mixin.py:137} INFO - [2023-03-22T15:02:14.553-0400] {dagbag.py:538} INFO - Filling up the DagBag from /Users/sunanda/Downloads/airflow/py_env/lib/python3.9/site-packages/airflow/example_dags/example_short_circuit_operator.py
[2023-03-22T15:02:14.571-0400] {processor.py:753} INFO - DAG(s) dict_keys(['example_short_circuit_operator']) retrieved from /Users/sunanda/Downloads/airflow/py_env/lib/python3.9/site-packages/airflow/example_dags/example_short_circuit_operator.py
[2023-03-22T15:02:14.778-0400] {logging_mixin.py:137} INFO - [2023-03-22T15:02:14.778-0400] {dag.py:2690} INFO - Sync 1 DAGs
[2023-03-22T15:02:14.785-0400] {logging_mixin.py:137} INFO - [2023-03-22T15:02:14.785-0400] {dag.py:3437} INFO - Setting next_dagrun for example_short_circuit_operator to 2023-03-21T19:02:14.785501+00:00, run_after=2023-03-22T19:02:14.785501+00:00
[2023-03-22T15:02:14.793-0400] {processor.py:175} INFO - Processing /Users/sunanda/Downloads/airflow/py_env/lib/python3.9/site-packages/airflow/example_dags/example_short_circuit_operator.py took 0.244 seconds
[2023-03-22T15:03:41.020-0400] {processor.py:153} INFO - Started process (PID=70490) to work on /Users/sunanda/Downloads/airflow/py_env/lib/python3.9/site-packages/airflow/example_dags/example_short_circuit_operator.py
[2023-03-22T15:03:41.022-0400] {processor.py:743} INFO - Processing file /Users/sunanda/Downloads/airflow/py_env/lib/python3.9/site-packages/airflow/example_dags/example_short_circuit_operator.py for tasks to queue
[2023-03-22T15:03:41.023-0400] {logging_mixin.py:137} INFO - [2023-03-22T15:03:41.023-0400] {dagbag.py:538} INFO - Filling up the DagBag from /Users/sunanda/Downloads/airflow/py_env/lib/python3.9/site-packages/airflow/example_dags/example_short_circuit_operator.py
[2023-03-22T15:03:41.038-0400] {processor.py:753} INFO - DAG(s) dict_keys(['example_short_circuit_operator']) retrieved from /Users/sunanda/Downloads/airflow/py_env/lib/python3.9/site-packages/airflow/example_dags/example_short_circuit_operator.py
[2023-03-22T15:03:41.257-0400] {logging_mixin.py:137} INFO - [2023-03-22T15:03:41.257-0400] {dag.py:2690} INFO - Sync 1 DAGs
[2023-03-22T15:03:41.265-0400] {logging_mixin.py:137} INFO - [2023-03-22T15:03:41.265-0400] {dag.py:3437} INFO - Setting next_dagrun for example_short_circuit_operator to 2023-03-21T19:03:41.265004+00:00, run_after=2023-03-22T19:03:41.265004+00:00
[2023-03-22T15:03:41.273-0400] {processor.py:175} INFO - Processing /Users/sunanda/Downloads/airflow/py_env/lib/python3.9/site-packages/airflow/example_dags/example_short_circuit_operator.py took 0.253 seconds
[2023-03-22T15:04:59.989-0400] {processor.py:153} INFO - Started process (PID=70635) to work on /Users/sunanda/Downloads/airflow/py_env/lib/python3.9/site-packages/airflow/example_dags/example_short_circuit_operator.py
[2023-03-22T15:04:59.992-0400] {processor.py:743} INFO - Processing file /Users/sunanda/Downloads/airflow/py_env/lib/python3.9/site-packages/airflow/example_dags/example_short_circuit_operator.py for tasks to queue
[2023-03-22T15:04:59.993-0400] {logging_mixin.py:137} INFO - [2023-03-22T15:04:59.993-0400] {dagbag.py:538} INFO - Filling up the DagBag from /Users/sunanda/Downloads/airflow/py_env/lib/python3.9/site-packages/airflow/example_dags/example_short_circuit_operator.py
[2023-03-22T15:05:00.013-0400] {processor.py:753} INFO - DAG(s) dict_keys(['example_short_circuit_operator']) retrieved from /Users/sunanda/Downloads/airflow/py_env/lib/python3.9/site-packages/airflow/example_dags/example_short_circuit_operator.py
[2023-03-22T15:05:00.229-0400] {logging_mixin.py:137} INFO - [2023-03-22T15:05:00.228-0400] {dag.py:2690} INFO - Sync 1 DAGs
[2023-03-22T15:05:00.235-0400] {logging_mixin.py:137} INFO - [2023-03-22T15:05:00.235-0400] {dag.py:3437} INFO - Setting next_dagrun for example_short_circuit_operator to 2023-03-21T19:05:00.235657+00:00, run_after=2023-03-22T19:05:00.235657+00:00
[2023-03-22T15:05:00.243-0400] {processor.py:175} INFO - Processing /Users/sunanda/Downloads/airflow/py_env/lib/python3.9/site-packages/airflow/example_dags/example_short_circuit_operator.py took 0.254 seconds
[2023-03-22T16:18:48.268-0400] {processor.py:153} INFO - Started process (PID=74888) to work on /Users/sunanda/Downloads/airflow/py_env/lib/python3.9/site-packages/airflow/example_dags/example_short_circuit_operator.py
[2023-03-22T16:18:48.275-0400] {processor.py:743} INFO - Processing file /Users/sunanda/Downloads/airflow/py_env/lib/python3.9/site-packages/airflow/example_dags/example_short_circuit_operator.py for tasks to queue
[2023-03-22T16:18:48.275-0400] {logging_mixin.py:137} INFO - [2023-03-22T16:18:48.275-0400] {dagbag.py:538} INFO - Filling up the DagBag from /Users/sunanda/Downloads/airflow/py_env/lib/python3.9/site-packages/airflow/example_dags/example_short_circuit_operator.py
[2023-03-22T16:18:48.304-0400] {processor.py:753} INFO - DAG(s) dict_keys(['example_short_circuit_operator']) retrieved from /Users/sunanda/Downloads/airflow/py_env/lib/python3.9/site-packages/airflow/example_dags/example_short_circuit_operator.py
[2023-03-22T16:18:48.778-0400] {logging_mixin.py:137} INFO - [2023-03-22T16:18:48.778-0400] {dag.py:2690} INFO - Sync 1 DAGs
[2023-03-22T16:18:48.798-0400] {logging_mixin.py:137} INFO - [2023-03-22T16:18:48.798-0400] {dag.py:3437} INFO - Setting next_dagrun for example_short_circuit_operator to 2023-03-21T20:18:48.798784+00:00, run_after=2023-03-22T20:18:48.798784+00:00
[2023-03-22T16:18:48.806-0400] {processor.py:175} INFO - Processing /Users/sunanda/Downloads/airflow/py_env/lib/python3.9/site-packages/airflow/example_dags/example_short_circuit_operator.py took 0.541 seconds
[2023-03-22T19:11:29.203-0400] {processor.py:153} INFO - Started process (PID=3791) to work on /Users/sunanda/Downloads/airflow/py_env/lib/python3.9/site-packages/airflow/example_dags/example_short_circuit_operator.py
[2023-03-22T19:11:29.205-0400] {processor.py:743} INFO - Processing file /Users/sunanda/Downloads/airflow/py_env/lib/python3.9/site-packages/airflow/example_dags/example_short_circuit_operator.py for tasks to queue
[2023-03-22T19:11:29.206-0400] {logging_mixin.py:137} INFO - [2023-03-22T19:11:29.206-0400] {dagbag.py:538} INFO - Filling up the DagBag from /Users/sunanda/Downloads/airflow/py_env/lib/python3.9/site-packages/airflow/example_dags/example_short_circuit_operator.py
[2023-03-22T19:11:29.221-0400] {processor.py:753} INFO - DAG(s) dict_keys(['example_short_circuit_operator']) retrieved from /Users/sunanda/Downloads/airflow/py_env/lib/python3.9/site-packages/airflow/example_dags/example_short_circuit_operator.py
[2023-03-22T19:11:29.416-0400] {logging_mixin.py:137} INFO - [2023-03-22T19:11:29.416-0400] {dag.py:2690} INFO - Sync 1 DAGs
[2023-03-22T19:11:29.422-0400] {logging_mixin.py:137} INFO - [2023-03-22T19:11:29.422-0400] {dag.py:3437} INFO - Setting next_dagrun for example_short_circuit_operator to 2023-03-21T23:11:29.422291+00:00, run_after=2023-03-22T23:11:29.422291+00:00
[2023-03-22T19:11:29.430-0400] {processor.py:175} INFO - Processing /Users/sunanda/Downloads/airflow/py_env/lib/python3.9/site-packages/airflow/example_dags/example_short_circuit_operator.py took 0.227 seconds
[2023-03-22T19:12:41.493-0400] {processor.py:153} INFO - Started process (PID=3901) to work on /Users/sunanda/Downloads/airflow/py_env/lib/python3.9/site-packages/airflow/example_dags/example_short_circuit_operator.py
[2023-03-22T19:12:41.495-0400] {processor.py:743} INFO - Processing file /Users/sunanda/Downloads/airflow/py_env/lib/python3.9/site-packages/airflow/example_dags/example_short_circuit_operator.py for tasks to queue
[2023-03-22T19:12:41.495-0400] {logging_mixin.py:137} INFO - [2023-03-22T19:12:41.495-0400] {dagbag.py:538} INFO - Filling up the DagBag from /Users/sunanda/Downloads/airflow/py_env/lib/python3.9/site-packages/airflow/example_dags/example_short_circuit_operator.py
[2023-03-22T19:12:41.510-0400] {processor.py:753} INFO - DAG(s) dict_keys(['example_short_circuit_operator']) retrieved from /Users/sunanda/Downloads/airflow/py_env/lib/python3.9/site-packages/airflow/example_dags/example_short_circuit_operator.py
[2023-03-22T19:12:41.706-0400] {logging_mixin.py:137} INFO - [2023-03-22T19:12:41.706-0400] {dag.py:2690} INFO - Sync 1 DAGs
[2023-03-22T19:12:41.713-0400] {logging_mixin.py:137} INFO - [2023-03-22T19:12:41.712-0400] {dag.py:3437} INFO - Setting next_dagrun for example_short_circuit_operator to 2023-03-21T23:12:41.712885+00:00, run_after=2023-03-22T23:12:41.712885+00:00
[2023-03-22T19:12:41.720-0400] {processor.py:175} INFO - Processing /Users/sunanda/Downloads/airflow/py_env/lib/python3.9/site-packages/airflow/example_dags/example_short_circuit_operator.py took 0.227 seconds
[2023-03-22T19:24:20.073-0400] {processor.py:153} INFO - Started process (PID=4764) to work on /Users/sunanda/Downloads/airflow/py_env/lib/python3.9/site-packages/airflow/example_dags/example_short_circuit_operator.py
[2023-03-22T19:24:20.076-0400] {processor.py:743} INFO - Processing file /Users/sunanda/Downloads/airflow/py_env/lib/python3.9/site-packages/airflow/example_dags/example_short_circuit_operator.py for tasks to queue
[2023-03-22T19:24:20.076-0400] {logging_mixin.py:137} INFO - [2023-03-22T19:24:20.076-0400] {dagbag.py:538} INFO - Filling up the DagBag from /Users/sunanda/Downloads/airflow/py_env/lib/python3.9/site-packages/airflow/example_dags/example_short_circuit_operator.py
[2023-03-22T19:24:20.092-0400] {processor.py:753} INFO - DAG(s) dict_keys(['example_short_circuit_operator']) retrieved from /Users/sunanda/Downloads/airflow/py_env/lib/python3.9/site-packages/airflow/example_dags/example_short_circuit_operator.py
[2023-03-22T19:24:20.296-0400] {logging_mixin.py:137} INFO - [2023-03-22T19:24:20.295-0400] {dag.py:2690} INFO - Sync 1 DAGs
[2023-03-22T19:24:20.303-0400] {logging_mixin.py:137} INFO - [2023-03-22T19:24:20.303-0400] {dag.py:3437} INFO - Setting next_dagrun for example_short_circuit_operator to 2023-03-21T23:24:20.303092+00:00, run_after=2023-03-22T23:24:20.303092+00:00
[2023-03-22T19:24:20.310-0400] {processor.py:175} INFO - Processing /Users/sunanda/Downloads/airflow/py_env/lib/python3.9/site-packages/airflow/example_dags/example_short_circuit_operator.py took 0.237 seconds
[2023-03-22T19:25:32.614-0400] {processor.py:153} INFO - Started process (PID=4876) to work on /Users/sunanda/Downloads/airflow/py_env/lib/python3.9/site-packages/airflow/example_dags/example_short_circuit_operator.py
[2023-03-22T19:25:32.617-0400] {processor.py:743} INFO - Processing file /Users/sunanda/Downloads/airflow/py_env/lib/python3.9/site-packages/airflow/example_dags/example_short_circuit_operator.py for tasks to queue
[2023-03-22T19:25:32.617-0400] {logging_mixin.py:137} INFO - [2023-03-22T19:25:32.617-0400] {dagbag.py:538} INFO - Filling up the DagBag from /Users/sunanda/Downloads/airflow/py_env/lib/python3.9/site-packages/airflow/example_dags/example_short_circuit_operator.py
[2023-03-22T19:25:32.636-0400] {processor.py:753} INFO - DAG(s) dict_keys(['example_short_circuit_operator']) retrieved from /Users/sunanda/Downloads/airflow/py_env/lib/python3.9/site-packages/airflow/example_dags/example_short_circuit_operator.py
[2023-03-22T19:25:32.834-0400] {logging_mixin.py:137} INFO - [2023-03-22T19:25:32.834-0400] {dag.py:2690} INFO - Sync 1 DAGs
[2023-03-22T19:25:32.841-0400] {logging_mixin.py:137} INFO - [2023-03-22T19:25:32.841-0400] {dag.py:3437} INFO - Setting next_dagrun for example_short_circuit_operator to 2023-03-21T23:25:32.841241+00:00, run_after=2023-03-22T23:25:32.841241+00:00
[2023-03-22T19:25:32.849-0400] {processor.py:175} INFO - Processing /Users/sunanda/Downloads/airflow/py_env/lib/python3.9/site-packages/airflow/example_dags/example_short_circuit_operator.py took 0.236 seconds
[2023-03-22T19:26:55.824-0400] {processor.py:153} INFO - Started process (PID=5005) to work on /Users/sunanda/Downloads/airflow/py_env/lib/python3.9/site-packages/airflow/example_dags/example_short_circuit_operator.py
[2023-03-22T19:26:55.827-0400] {processor.py:743} INFO - Processing file /Users/sunanda/Downloads/airflow/py_env/lib/python3.9/site-packages/airflow/example_dags/example_short_circuit_operator.py for tasks to queue
[2023-03-22T19:26:55.827-0400] {logging_mixin.py:137} INFO - [2023-03-22T19:26:55.827-0400] {dagbag.py:538} INFO - Filling up the DagBag from /Users/sunanda/Downloads/airflow/py_env/lib/python3.9/site-packages/airflow/example_dags/example_short_circuit_operator.py
[2023-03-22T19:26:55.843-0400] {processor.py:753} INFO - DAG(s) dict_keys(['example_short_circuit_operator']) retrieved from /Users/sunanda/Downloads/airflow/py_env/lib/python3.9/site-packages/airflow/example_dags/example_short_circuit_operator.py
[2023-03-22T19:26:56.041-0400] {logging_mixin.py:137} INFO - [2023-03-22T19:26:56.041-0400] {dag.py:2690} INFO - Sync 1 DAGs
[2023-03-22T19:26:56.048-0400] {logging_mixin.py:137} INFO - [2023-03-22T19:26:56.048-0400] {dag.py:3437} INFO - Setting next_dagrun for example_short_circuit_operator to 2023-03-21T23:26:56.048522+00:00, run_after=2023-03-22T23:26:56.048522+00:00
[2023-03-22T19:26:56.055-0400] {processor.py:175} INFO - Processing /Users/sunanda/Downloads/airflow/py_env/lib/python3.9/site-packages/airflow/example_dags/example_short_circuit_operator.py took 0.231 seconds
