[2023-03-22T14:54:36.089-0400] {processor.py:153} INFO - Started process (PID=69629) to work on /Users/sunanda/Downloads/airflow/py_env/lib/python3.9/site-packages/airflow/example_dags/example_branch_labels.py
[2023-03-22T14:54:36.091-0400] {processor.py:743} INFO - Processing file /Users/sunanda/Downloads/airflow/py_env/lib/python3.9/site-packages/airflow/example_dags/example_branch_labels.py for tasks to queue
[2023-03-22T14:54:36.092-0400] {logging_mixin.py:137} INFO - [2023-03-22T14:54:36.092-0400] {dagbag.py:538} INFO - Filling up the DagBag from /Users/sunanda/Downloads/airflow/py_env/lib/python3.9/site-packages/airflow/example_dags/example_branch_labels.py
[2023-03-22T14:54:36.103-0400] {processor.py:753} INFO - DAG(s) dict_keys(['example_branch_labels']) retrieved from /Users/sunanda/Downloads/airflow/py_env/lib/python3.9/site-packages/airflow/example_dags/example_branch_labels.py
[2023-03-22T14:54:36.312-0400] {logging_mixin.py:137} INFO - [2023-03-22T14:54:36.312-0400] {dag.py:2690} INFO - Sync 1 DAGs
[2023-03-22T14:54:36.320-0400] {logging_mixin.py:137} INFO - [2023-03-22T14:54:36.320-0400] {dag.py:3437} INFO - Setting next_dagrun for example_branch_labels to 2023-03-21T00:00:00+00:00, run_after=2023-03-22T00:00:00+00:00
[2023-03-22T14:54:36.328-0400] {processor.py:175} INFO - Processing /Users/sunanda/Downloads/airflow/py_env/lib/python3.9/site-packages/airflow/example_dags/example_branch_labels.py took 0.239 seconds
[2023-03-22T14:55:57.438-0400] {processor.py:153} INFO - Started process (PID=69760) to work on /Users/sunanda/Downloads/airflow/py_env/lib/python3.9/site-packages/airflow/example_dags/example_branch_labels.py
[2023-03-22T14:55:57.441-0400] {processor.py:743} INFO - Processing file /Users/sunanda/Downloads/airflow/py_env/lib/python3.9/site-packages/airflow/example_dags/example_branch_labels.py for tasks to queue
[2023-03-22T14:55:57.441-0400] {logging_mixin.py:137} INFO - [2023-03-22T14:55:57.441-0400] {dagbag.py:538} INFO - Filling up the DagBag from /Users/sunanda/Downloads/airflow/py_env/lib/python3.9/site-packages/airflow/example_dags/example_branch_labels.py
[2023-03-22T14:55:57.453-0400] {processor.py:753} INFO - DAG(s) dict_keys(['example_branch_labels']) retrieved from /Users/sunanda/Downloads/airflow/py_env/lib/python3.9/site-packages/airflow/example_dags/example_branch_labels.py
[2023-03-22T14:55:57.657-0400] {logging_mixin.py:137} INFO - [2023-03-22T14:55:57.657-0400] {dag.py:2690} INFO - Sync 1 DAGs
[2023-03-22T14:55:57.664-0400] {logging_mixin.py:137} INFO - [2023-03-22T14:55:57.664-0400] {dag.py:3437} INFO - Setting next_dagrun for example_branch_labels to 2023-03-21T00:00:00+00:00, run_after=2023-03-22T00:00:00+00:00
[2023-03-22T14:55:57.672-0400] {processor.py:175} INFO - Processing /Users/sunanda/Downloads/airflow/py_env/lib/python3.9/site-packages/airflow/example_dags/example_branch_labels.py took 0.234 seconds
[2023-03-22T14:57:19.168-0400] {processor.py:153} INFO - Started process (PID=69884) to work on /Users/sunanda/Downloads/airflow/py_env/lib/python3.9/site-packages/airflow/example_dags/example_branch_labels.py
[2023-03-22T14:57:19.171-0400] {processor.py:743} INFO - Processing file /Users/sunanda/Downloads/airflow/py_env/lib/python3.9/site-packages/airflow/example_dags/example_branch_labels.py for tasks to queue
[2023-03-22T14:57:19.171-0400] {logging_mixin.py:137} INFO - [2023-03-22T14:57:19.171-0400] {dagbag.py:538} INFO - Filling up the DagBag from /Users/sunanda/Downloads/airflow/py_env/lib/python3.9/site-packages/airflow/example_dags/example_branch_labels.py
[2023-03-22T14:57:19.183-0400] {processor.py:753} INFO - DAG(s) dict_keys(['example_branch_labels']) retrieved from /Users/sunanda/Downloads/airflow/py_env/lib/python3.9/site-packages/airflow/example_dags/example_branch_labels.py
[2023-03-22T14:57:19.391-0400] {logging_mixin.py:137} INFO - [2023-03-22T14:57:19.391-0400] {dag.py:2690} INFO - Sync 1 DAGs
[2023-03-22T14:57:19.399-0400] {logging_mixin.py:137} INFO - [2023-03-22T14:57:19.399-0400] {dag.py:3437} INFO - Setting next_dagrun for example_branch_labels to 2023-03-21T00:00:00+00:00, run_after=2023-03-22T00:00:00+00:00
[2023-03-22T14:57:19.407-0400] {processor.py:175} INFO - Processing /Users/sunanda/Downloads/airflow/py_env/lib/python3.9/site-packages/airflow/example_dags/example_branch_labels.py took 0.239 seconds
[2023-03-22T14:58:43.930-0400] {processor.py:153} INFO - Started process (PID=70019) to work on /Users/sunanda/Downloads/airflow/py_env/lib/python3.9/site-packages/airflow/example_dags/example_branch_labels.py
[2023-03-22T14:58:43.933-0400] {processor.py:743} INFO - Processing file /Users/sunanda/Downloads/airflow/py_env/lib/python3.9/site-packages/airflow/example_dags/example_branch_labels.py for tasks to queue
[2023-03-22T14:58:43.934-0400] {logging_mixin.py:137} INFO - [2023-03-22T14:58:43.933-0400] {dagbag.py:538} INFO - Filling up the DagBag from /Users/sunanda/Downloads/airflow/py_env/lib/python3.9/site-packages/airflow/example_dags/example_branch_labels.py
[2023-03-22T14:58:43.945-0400] {processor.py:753} INFO - DAG(s) dict_keys(['example_branch_labels']) retrieved from /Users/sunanda/Downloads/airflow/py_env/lib/python3.9/site-packages/airflow/example_dags/example_branch_labels.py
[2023-03-22T14:58:44.150-0400] {logging_mixin.py:137} INFO - [2023-03-22T14:58:44.150-0400] {dag.py:2690} INFO - Sync 1 DAGs
[2023-03-22T14:58:44.158-0400] {logging_mixin.py:137} INFO - [2023-03-22T14:58:44.158-0400] {dag.py:3437} INFO - Setting next_dagrun for example_branch_labels to 2023-03-21T00:00:00+00:00, run_after=2023-03-22T00:00:00+00:00
[2023-03-22T14:58:44.166-0400] {processor.py:175} INFO - Processing /Users/sunanda/Downloads/airflow/py_env/lib/python3.9/site-packages/airflow/example_dags/example_branch_labels.py took 0.236 seconds
[2023-03-22T15:00:10.943-0400] {processor.py:153} INFO - Started process (PID=70156) to work on /Users/sunanda/Downloads/airflow/py_env/lib/python3.9/site-packages/airflow/example_dags/example_branch_labels.py
[2023-03-22T15:00:10.945-0400] {processor.py:743} INFO - Processing file /Users/sunanda/Downloads/airflow/py_env/lib/python3.9/site-packages/airflow/example_dags/example_branch_labels.py for tasks to queue
[2023-03-22T15:00:10.945-0400] {logging_mixin.py:137} INFO - [2023-03-22T15:00:10.945-0400] {dagbag.py:538} INFO - Filling up the DagBag from /Users/sunanda/Downloads/airflow/py_env/lib/python3.9/site-packages/airflow/example_dags/example_branch_labels.py
[2023-03-22T15:00:10.956-0400] {processor.py:753} INFO - DAG(s) dict_keys(['example_branch_labels']) retrieved from /Users/sunanda/Downloads/airflow/py_env/lib/python3.9/site-packages/airflow/example_dags/example_branch_labels.py
[2023-03-22T15:00:11.174-0400] {logging_mixin.py:137} INFO - [2023-03-22T15:00:11.174-0400] {dag.py:2690} INFO - Sync 1 DAGs
[2023-03-22T15:00:11.182-0400] {logging_mixin.py:137} INFO - [2023-03-22T15:00:11.182-0400] {dag.py:3437} INFO - Setting next_dagrun for example_branch_labels to 2023-03-21T00:00:00+00:00, run_after=2023-03-22T00:00:00+00:00
[2023-03-22T15:00:11.189-0400] {processor.py:175} INFO - Processing /Users/sunanda/Downloads/airflow/py_env/lib/python3.9/site-packages/airflow/example_dags/example_branch_labels.py took 0.247 seconds
[2023-03-22T15:01:37.110-0400] {processor.py:153} INFO - Started process (PID=70292) to work on /Users/sunanda/Downloads/airflow/py_env/lib/python3.9/site-packages/airflow/example_dags/example_branch_labels.py
[2023-03-22T15:01:37.113-0400] {processor.py:743} INFO - Processing file /Users/sunanda/Downloads/airflow/py_env/lib/python3.9/site-packages/airflow/example_dags/example_branch_labels.py for tasks to queue
[2023-03-22T15:01:37.113-0400] {logging_mixin.py:137} INFO - [2023-03-22T15:01:37.113-0400] {dagbag.py:538} INFO - Filling up the DagBag from /Users/sunanda/Downloads/airflow/py_env/lib/python3.9/site-packages/airflow/example_dags/example_branch_labels.py
[2023-03-22T15:01:37.124-0400] {processor.py:753} INFO - DAG(s) dict_keys(['example_branch_labels']) retrieved from /Users/sunanda/Downloads/airflow/py_env/lib/python3.9/site-packages/airflow/example_dags/example_branch_labels.py
[2023-03-22T15:01:37.414-0400] {logging_mixin.py:137} INFO - [2023-03-22T15:01:37.413-0400] {dag.py:2690} INFO - Sync 1 DAGs
[2023-03-22T15:01:37.421-0400] {logging_mixin.py:137} INFO - [2023-03-22T15:01:37.421-0400] {dag.py:3437} INFO - Setting next_dagrun for example_branch_labels to 2023-03-21T00:00:00+00:00, run_after=2023-03-22T00:00:00+00:00
[2023-03-22T15:01:37.430-0400] {processor.py:175} INFO - Processing /Users/sunanda/Downloads/airflow/py_env/lib/python3.9/site-packages/airflow/example_dags/example_branch_labels.py took 0.320 seconds
[2023-03-22T15:03:03.964-0400] {processor.py:153} INFO - Started process (PID=70430) to work on /Users/sunanda/Downloads/airflow/py_env/lib/python3.9/site-packages/airflow/example_dags/example_branch_labels.py
[2023-03-22T15:03:03.966-0400] {processor.py:743} INFO - Processing file /Users/sunanda/Downloads/airflow/py_env/lib/python3.9/site-packages/airflow/example_dags/example_branch_labels.py for tasks to queue
[2023-03-22T15:03:03.966-0400] {logging_mixin.py:137} INFO - [2023-03-22T15:03:03.966-0400] {dagbag.py:538} INFO - Filling up the DagBag from /Users/sunanda/Downloads/airflow/py_env/lib/python3.9/site-packages/airflow/example_dags/example_branch_labels.py
[2023-03-22T15:03:03.978-0400] {processor.py:753} INFO - DAG(s) dict_keys(['example_branch_labels']) retrieved from /Users/sunanda/Downloads/airflow/py_env/lib/python3.9/site-packages/airflow/example_dags/example_branch_labels.py
[2023-03-22T15:03:04.180-0400] {logging_mixin.py:137} INFO - [2023-03-22T15:03:04.180-0400] {dag.py:2690} INFO - Sync 1 DAGs
[2023-03-22T15:03:04.188-0400] {logging_mixin.py:137} INFO - [2023-03-22T15:03:04.188-0400] {dag.py:3437} INFO - Setting next_dagrun for example_branch_labels to 2023-03-21T00:00:00+00:00, run_after=2023-03-22T00:00:00+00:00
[2023-03-22T15:03:04.195-0400] {processor.py:175} INFO - Processing /Users/sunanda/Downloads/airflow/py_env/lib/python3.9/site-packages/airflow/example_dags/example_branch_labels.py took 0.232 seconds
[2023-03-22T15:04:27.296-0400] {processor.py:153} INFO - Started process (PID=70582) to work on /Users/sunanda/Downloads/airflow/py_env/lib/python3.9/site-packages/airflow/example_dags/example_branch_labels.py
[2023-03-22T15:04:27.299-0400] {processor.py:743} INFO - Processing file /Users/sunanda/Downloads/airflow/py_env/lib/python3.9/site-packages/airflow/example_dags/example_branch_labels.py for tasks to queue
[2023-03-22T15:04:27.299-0400] {logging_mixin.py:137} INFO - [2023-03-22T15:04:27.299-0400] {dagbag.py:538} INFO - Filling up the DagBag from /Users/sunanda/Downloads/airflow/py_env/lib/python3.9/site-packages/airflow/example_dags/example_branch_labels.py
[2023-03-22T15:04:27.310-0400] {processor.py:753} INFO - DAG(s) dict_keys(['example_branch_labels']) retrieved from /Users/sunanda/Downloads/airflow/py_env/lib/python3.9/site-packages/airflow/example_dags/example_branch_labels.py
[2023-03-22T15:04:27.511-0400] {logging_mixin.py:137} INFO - [2023-03-22T15:04:27.511-0400] {dag.py:2690} INFO - Sync 1 DAGs
[2023-03-22T15:04:27.518-0400] {logging_mixin.py:137} INFO - [2023-03-22T15:04:27.518-0400] {dag.py:3437} INFO - Setting next_dagrun for example_branch_labels to 2023-03-21T00:00:00+00:00, run_after=2023-03-22T00:00:00+00:00
[2023-03-22T15:04:27.525-0400] {processor.py:175} INFO - Processing /Users/sunanda/Downloads/airflow/py_env/lib/python3.9/site-packages/airflow/example_dags/example_branch_labels.py took 0.230 seconds
[2023-03-22T15:05:47.412-0400] {processor.py:153} INFO - Started process (PID=70715) to work on /Users/sunanda/Downloads/airflow/py_env/lib/python3.9/site-packages/airflow/example_dags/example_branch_labels.py
[2023-03-22T15:05:47.415-0400] {processor.py:743} INFO - Processing file /Users/sunanda/Downloads/airflow/py_env/lib/python3.9/site-packages/airflow/example_dags/example_branch_labels.py for tasks to queue
[2023-03-22T15:05:47.415-0400] {logging_mixin.py:137} INFO - [2023-03-22T15:05:47.415-0400] {dagbag.py:538} INFO - Filling up the DagBag from /Users/sunanda/Downloads/airflow/py_env/lib/python3.9/site-packages/airflow/example_dags/example_branch_labels.py
[2023-03-22T15:05:47.427-0400] {processor.py:753} INFO - DAG(s) dict_keys(['example_branch_labels']) retrieved from /Users/sunanda/Downloads/airflow/py_env/lib/python3.9/site-packages/airflow/example_dags/example_branch_labels.py
[2023-03-22T15:05:47.660-0400] {logging_mixin.py:137} INFO - [2023-03-22T15:05:47.659-0400] {dag.py:2690} INFO - Sync 1 DAGs
[2023-03-22T15:05:47.667-0400] {logging_mixin.py:137} INFO - [2023-03-22T15:05:47.666-0400] {dag.py:3437} INFO - Setting next_dagrun for example_branch_labels to 2023-03-21T00:00:00+00:00, run_after=2023-03-22T00:00:00+00:00
[2023-03-22T15:05:47.673-0400] {processor.py:175} INFO - Processing /Users/sunanda/Downloads/airflow/py_env/lib/python3.9/site-packages/airflow/example_dags/example_branch_labels.py took 0.262 seconds
[2023-03-22T19:12:02.868-0400] {processor.py:153} INFO - Started process (PID=3842) to work on /Users/sunanda/Downloads/airflow/py_env/lib/python3.9/site-packages/airflow/example_dags/example_branch_labels.py
[2023-03-22T19:12:02.871-0400] {processor.py:743} INFO - Processing file /Users/sunanda/Downloads/airflow/py_env/lib/python3.9/site-packages/airflow/example_dags/example_branch_labels.py for tasks to queue
[2023-03-22T19:12:02.871-0400] {logging_mixin.py:137} INFO - [2023-03-22T19:12:02.871-0400] {dagbag.py:538} INFO - Filling up the DagBag from /Users/sunanda/Downloads/airflow/py_env/lib/python3.9/site-packages/airflow/example_dags/example_branch_labels.py
[2023-03-22T19:12:02.881-0400] {processor.py:753} INFO - DAG(s) dict_keys(['example_branch_labels']) retrieved from /Users/sunanda/Downloads/airflow/py_env/lib/python3.9/site-packages/airflow/example_dags/example_branch_labels.py
[2023-03-22T19:12:03.081-0400] {logging_mixin.py:137} INFO - [2023-03-22T19:12:03.080-0400] {dag.py:2690} INFO - Sync 1 DAGs
[2023-03-22T19:12:03.088-0400] {logging_mixin.py:137} INFO - [2023-03-22T19:12:03.088-0400] {dag.py:3437} INFO - Setting next_dagrun for example_branch_labels to 2023-03-21T00:00:00+00:00, run_after=2023-03-22T00:00:00+00:00
[2023-03-22T19:12:03.095-0400] {processor.py:175} INFO - Processing /Users/sunanda/Downloads/airflow/py_env/lib/python3.9/site-packages/airflow/example_dags/example_branch_labels.py took 0.226 seconds
[2023-03-22T19:13:29.735-0400] {processor.py:153} INFO - Started process (PID=3976) to work on /Users/sunanda/Downloads/airflow/py_env/lib/python3.9/site-packages/airflow/example_dags/example_branch_labels.py
[2023-03-22T19:13:29.738-0400] {processor.py:743} INFO - Processing file /Users/sunanda/Downloads/airflow/py_env/lib/python3.9/site-packages/airflow/example_dags/example_branch_labels.py for tasks to queue
[2023-03-22T19:13:29.738-0400] {logging_mixin.py:137} INFO - [2023-03-22T19:13:29.738-0400] {dagbag.py:538} INFO - Filling up the DagBag from /Users/sunanda/Downloads/airflow/py_env/lib/python3.9/site-packages/airflow/example_dags/example_branch_labels.py
[2023-03-22T19:13:29.748-0400] {processor.py:753} INFO - DAG(s) dict_keys(['example_branch_labels']) retrieved from /Users/sunanda/Downloads/airflow/py_env/lib/python3.9/site-packages/airflow/example_dags/example_branch_labels.py
[2023-03-22T19:13:29.944-0400] {logging_mixin.py:137} INFO - [2023-03-22T19:13:29.944-0400] {dag.py:2690} INFO - Sync 1 DAGs
[2023-03-22T19:13:29.952-0400] {logging_mixin.py:137} INFO - [2023-03-22T19:13:29.952-0400] {dag.py:3437} INFO - Setting next_dagrun for example_branch_labels to 2023-03-21T00:00:00+00:00, run_after=2023-03-22T00:00:00+00:00
[2023-03-22T19:13:29.959-0400] {processor.py:175} INFO - Processing /Users/sunanda/Downloads/airflow/py_env/lib/python3.9/site-packages/airflow/example_dags/example_branch_labels.py took 0.224 seconds
[2023-03-22T19:24:53.399-0400] {processor.py:153} INFO - Started process (PID=4817) to work on /Users/sunanda/Downloads/airflow/py_env/lib/python3.9/site-packages/airflow/example_dags/example_branch_labels.py
[2023-03-22T19:24:53.402-0400] {processor.py:743} INFO - Processing file /Users/sunanda/Downloads/airflow/py_env/lib/python3.9/site-packages/airflow/example_dags/example_branch_labels.py for tasks to queue
[2023-03-22T19:24:53.402-0400] {logging_mixin.py:137} INFO - [2023-03-22T19:24:53.402-0400] {dagbag.py:538} INFO - Filling up the DagBag from /Users/sunanda/Downloads/airflow/py_env/lib/python3.9/site-packages/airflow/example_dags/example_branch_labels.py
[2023-03-22T19:24:53.413-0400] {processor.py:753} INFO - DAG(s) dict_keys(['example_branch_labels']) retrieved from /Users/sunanda/Downloads/airflow/py_env/lib/python3.9/site-packages/airflow/example_dags/example_branch_labels.py
[2023-03-22T19:24:53.631-0400] {logging_mixin.py:137} INFO - [2023-03-22T19:24:53.631-0400] {dag.py:2690} INFO - Sync 1 DAGs
[2023-03-22T19:24:53.638-0400] {logging_mixin.py:137} INFO - [2023-03-22T19:24:53.638-0400] {dag.py:3437} INFO - Setting next_dagrun for example_branch_labels to 2023-03-21T00:00:00+00:00, run_after=2023-03-22T00:00:00+00:00
[2023-03-22T19:24:53.647-0400] {processor.py:175} INFO - Processing /Users/sunanda/Downloads/airflow/py_env/lib/python3.9/site-packages/airflow/example_dags/example_branch_labels.py took 0.249 seconds
[2023-03-22T19:26:17.975-0400] {processor.py:153} INFO - Started process (PID=4946) to work on /Users/sunanda/Downloads/airflow/py_env/lib/python3.9/site-packages/airflow/example_dags/example_branch_labels.py
[2023-03-22T19:26:17.977-0400] {processor.py:743} INFO - Processing file /Users/sunanda/Downloads/airflow/py_env/lib/python3.9/site-packages/airflow/example_dags/example_branch_labels.py for tasks to queue
[2023-03-22T19:26:17.978-0400] {logging_mixin.py:137} INFO - [2023-03-22T19:26:17.978-0400] {dagbag.py:538} INFO - Filling up the DagBag from /Users/sunanda/Downloads/airflow/py_env/lib/python3.9/site-packages/airflow/example_dags/example_branch_labels.py
[2023-03-22T19:26:17.989-0400] {processor.py:753} INFO - DAG(s) dict_keys(['example_branch_labels']) retrieved from /Users/sunanda/Downloads/airflow/py_env/lib/python3.9/site-packages/airflow/example_dags/example_branch_labels.py
[2023-03-22T19:26:18.187-0400] {logging_mixin.py:137} INFO - [2023-03-22T19:26:18.187-0400] {dag.py:2690} INFO - Sync 1 DAGs
[2023-03-22T19:26:18.194-0400] {logging_mixin.py:137} INFO - [2023-03-22T19:26:18.194-0400] {dag.py:3437} INFO - Setting next_dagrun for example_branch_labels to 2023-03-21T00:00:00+00:00, run_after=2023-03-22T00:00:00+00:00
[2023-03-22T19:26:18.201-0400] {processor.py:175} INFO - Processing /Users/sunanda/Downloads/airflow/py_env/lib/python3.9/site-packages/airflow/example_dags/example_branch_labels.py took 0.227 seconds
