[2023-03-22T14:54:25.250-0400] {processor.py:153} INFO - Started process (PID=69611) to work on /Users/sunanda/Downloads/airflow/py_env/lib/python3.9/site-packages/airflow/example_dags/example_datasets.py
[2023-03-22T14:54:25.252-0400] {processor.py:743} INFO - Processing file /Users/sunanda/Downloads/airflow/py_env/lib/python3.9/site-packages/airflow/example_dags/example_datasets.py for tasks to queue
[2023-03-22T14:54:25.252-0400] {logging_mixin.py:137} INFO - [2023-03-22T14:54:25.252-0400] {dagbag.py:538} INFO - Filling up the DagBag from /Users/sunanda/Downloads/airflow/py_env/lib/python3.9/site-packages/airflow/example_dags/example_datasets.py
[2023-03-22T14:54:25.266-0400] {processor.py:753} INFO - DAG(s) dict_keys(['dataset_produces_2', 'dataset_consumes_unknown_never_scheduled', 'dataset_consumes_1', 'dataset_produces_1', 'dataset_consumes_1_never_scheduled', 'dataset_consumes_1_and_2']) retrieved from /Users/sunanda/Downloads/airflow/py_env/lib/python3.9/site-packages/airflow/example_dags/example_datasets.py
[2023-03-22T14:54:25.483-0400] {logging_mixin.py:137} INFO - [2023-03-22T14:54:25.483-0400] {dag.py:2690} INFO - Sync 6 DAGs
[2023-03-22T14:54:25.490-0400] {logging_mixin.py:137} INFO - [2023-03-22T14:54:25.490-0400] {dag.py:3437} INFO - Setting next_dagrun for dataset_consumes_1 to None, run_after=None
[2023-03-22T14:54:25.491-0400] {logging_mixin.py:137} INFO - [2023-03-22T14:54:25.491-0400] {dag.py:3437} INFO - Setting next_dagrun for dataset_consumes_1_and_2 to None, run_after=None
[2023-03-22T14:54:25.492-0400] {logging_mixin.py:137} INFO - [2023-03-22T14:54:25.492-0400] {dag.py:3437} INFO - Setting next_dagrun for dataset_consumes_1_never_scheduled to None, run_after=None
[2023-03-22T14:54:25.492-0400] {logging_mixin.py:137} INFO - [2023-03-22T14:54:25.492-0400] {dag.py:3437} INFO - Setting next_dagrun for dataset_consumes_unknown_never_scheduled to None, run_after=None
[2023-03-22T14:54:25.493-0400] {logging_mixin.py:137} INFO - [2023-03-22T14:54:25.493-0400] {dag.py:3437} INFO - Setting next_dagrun for dataset_produces_1 to 2023-03-21T00:00:00+00:00, run_after=2023-03-22T00:00:00+00:00
[2023-03-22T14:54:25.493-0400] {logging_mixin.py:137} INFO - [2023-03-22T14:54:25.493-0400] {dag.py:3437} INFO - Setting next_dagrun for dataset_produces_2 to None, run_after=None
[2023-03-22T14:54:25.507-0400] {processor.py:175} INFO - Processing /Users/sunanda/Downloads/airflow/py_env/lib/python3.9/site-packages/airflow/example_dags/example_datasets.py took 0.257 seconds
[2023-03-22T14:55:48.430-0400] {processor.py:153} INFO - Started process (PID=69745) to work on /Users/sunanda/Downloads/airflow/py_env/lib/python3.9/site-packages/airflow/example_dags/example_datasets.py
[2023-03-22T14:55:48.433-0400] {processor.py:743} INFO - Processing file /Users/sunanda/Downloads/airflow/py_env/lib/python3.9/site-packages/airflow/example_dags/example_datasets.py for tasks to queue
[2023-03-22T14:55:48.433-0400] {logging_mixin.py:137} INFO - [2023-03-22T14:55:48.433-0400] {dagbag.py:538} INFO - Filling up the DagBag from /Users/sunanda/Downloads/airflow/py_env/lib/python3.9/site-packages/airflow/example_dags/example_datasets.py
[2023-03-22T14:55:48.446-0400] {processor.py:753} INFO - DAG(s) dict_keys(['dataset_consumes_1_and_2', 'dataset_produces_1', 'dataset_consumes_1_never_scheduled', 'dataset_consumes_1', 'dataset_consumes_unknown_never_scheduled', 'dataset_produces_2']) retrieved from /Users/sunanda/Downloads/airflow/py_env/lib/python3.9/site-packages/airflow/example_dags/example_datasets.py
[2023-03-22T14:55:48.661-0400] {logging_mixin.py:137} INFO - [2023-03-22T14:55:48.661-0400] {dag.py:2690} INFO - Sync 6 DAGs
[2023-03-22T14:55:48.669-0400] {logging_mixin.py:137} INFO - [2023-03-22T14:55:48.669-0400] {dag.py:3437} INFO - Setting next_dagrun for dataset_consumes_1 to None, run_after=None
[2023-03-22T14:55:48.670-0400] {logging_mixin.py:137} INFO - [2023-03-22T14:55:48.670-0400] {dag.py:3437} INFO - Setting next_dagrun for dataset_consumes_1_and_2 to None, run_after=None
[2023-03-22T14:55:48.670-0400] {logging_mixin.py:137} INFO - [2023-03-22T14:55:48.670-0400] {dag.py:3437} INFO - Setting next_dagrun for dataset_consumes_1_never_scheduled to None, run_after=None
[2023-03-22T14:55:48.671-0400] {logging_mixin.py:137} INFO - [2023-03-22T14:55:48.671-0400] {dag.py:3437} INFO - Setting next_dagrun for dataset_consumes_unknown_never_scheduled to None, run_after=None
[2023-03-22T14:55:48.672-0400] {logging_mixin.py:137} INFO - [2023-03-22T14:55:48.672-0400] {dag.py:3437} INFO - Setting next_dagrun for dataset_produces_1 to 2023-03-21T00:00:00+00:00, run_after=2023-03-22T00:00:00+00:00
[2023-03-22T14:55:48.672-0400] {logging_mixin.py:137} INFO - [2023-03-22T14:55:48.672-0400] {dag.py:3437} INFO - Setting next_dagrun for dataset_produces_2 to None, run_after=None
[2023-03-22T14:55:48.684-0400] {processor.py:175} INFO - Processing /Users/sunanda/Downloads/airflow/py_env/lib/python3.9/site-packages/airflow/example_dags/example_datasets.py took 0.254 seconds
[2023-03-22T14:57:09.496-0400] {processor.py:153} INFO - Started process (PID=69869) to work on /Users/sunanda/Downloads/airflow/py_env/lib/python3.9/site-packages/airflow/example_dags/example_datasets.py
[2023-03-22T14:57:09.499-0400] {processor.py:743} INFO - Processing file /Users/sunanda/Downloads/airflow/py_env/lib/python3.9/site-packages/airflow/example_dags/example_datasets.py for tasks to queue
[2023-03-22T14:57:09.500-0400] {logging_mixin.py:137} INFO - [2023-03-22T14:57:09.500-0400] {dagbag.py:538} INFO - Filling up the DagBag from /Users/sunanda/Downloads/airflow/py_env/lib/python3.9/site-packages/airflow/example_dags/example_datasets.py
[2023-03-22T14:57:09.512-0400] {processor.py:753} INFO - DAG(s) dict_keys(['dataset_consumes_unknown_never_scheduled', 'dataset_consumes_1', 'dataset_consumes_1_and_2', 'dataset_consumes_1_never_scheduled', 'dataset_produces_2', 'dataset_produces_1']) retrieved from /Users/sunanda/Downloads/airflow/py_env/lib/python3.9/site-packages/airflow/example_dags/example_datasets.py
[2023-03-22T14:57:09.727-0400] {logging_mixin.py:137} INFO - [2023-03-22T14:57:09.726-0400] {dag.py:2690} INFO - Sync 6 DAGs
[2023-03-22T14:57:09.734-0400] {logging_mixin.py:137} INFO - [2023-03-22T14:57:09.734-0400] {dag.py:3437} INFO - Setting next_dagrun for dataset_consumes_1 to None, run_after=None
[2023-03-22T14:57:09.735-0400] {logging_mixin.py:137} INFO - [2023-03-22T14:57:09.735-0400] {dag.py:3437} INFO - Setting next_dagrun for dataset_consumes_1_and_2 to None, run_after=None
[2023-03-22T14:57:09.735-0400] {logging_mixin.py:137} INFO - [2023-03-22T14:57:09.735-0400] {dag.py:3437} INFO - Setting next_dagrun for dataset_consumes_1_never_scheduled to None, run_after=None
[2023-03-22T14:57:09.735-0400] {logging_mixin.py:137} INFO - [2023-03-22T14:57:09.735-0400] {dag.py:3437} INFO - Setting next_dagrun for dataset_consumes_unknown_never_scheduled to None, run_after=None
[2023-03-22T14:57:09.736-0400] {logging_mixin.py:137} INFO - [2023-03-22T14:57:09.736-0400] {dag.py:3437} INFO - Setting next_dagrun for dataset_produces_1 to 2023-03-21T00:00:00+00:00, run_after=2023-03-22T00:00:00+00:00
[2023-03-22T14:57:09.736-0400] {logging_mixin.py:137} INFO - [2023-03-22T14:57:09.736-0400] {dag.py:3437} INFO - Setting next_dagrun for dataset_produces_2 to None, run_after=None
[2023-03-22T14:57:09.748-0400] {processor.py:175} INFO - Processing /Users/sunanda/Downloads/airflow/py_env/lib/python3.9/site-packages/airflow/example_dags/example_datasets.py took 0.252 seconds
[2023-03-22T14:58:33.003-0400] {processor.py:153} INFO - Started process (PID=70002) to work on /Users/sunanda/Downloads/airflow/py_env/lib/python3.9/site-packages/airflow/example_dags/example_datasets.py
[2023-03-22T14:58:33.007-0400] {processor.py:743} INFO - Processing file /Users/sunanda/Downloads/airflow/py_env/lib/python3.9/site-packages/airflow/example_dags/example_datasets.py for tasks to queue
[2023-03-22T14:58:33.007-0400] {logging_mixin.py:137} INFO - [2023-03-22T14:58:33.007-0400] {dagbag.py:538} INFO - Filling up the DagBag from /Users/sunanda/Downloads/airflow/py_env/lib/python3.9/site-packages/airflow/example_dags/example_datasets.py
[2023-03-22T14:58:33.019-0400] {processor.py:753} INFO - DAG(s) dict_keys(['dataset_consumes_unknown_never_scheduled', 'dataset_consumes_1_never_scheduled', 'dataset_produces_2', 'dataset_produces_1', 'dataset_consumes_1_and_2', 'dataset_consumes_1']) retrieved from /Users/sunanda/Downloads/airflow/py_env/lib/python3.9/site-packages/airflow/example_dags/example_datasets.py
[2023-03-22T14:58:33.246-0400] {logging_mixin.py:137} INFO - [2023-03-22T14:58:33.245-0400] {dag.py:2690} INFO - Sync 6 DAGs
[2023-03-22T14:58:33.253-0400] {logging_mixin.py:137} INFO - [2023-03-22T14:58:33.253-0400] {dag.py:3437} INFO - Setting next_dagrun for dataset_consumes_1 to None, run_after=None
[2023-03-22T14:58:33.254-0400] {logging_mixin.py:137} INFO - [2023-03-22T14:58:33.254-0400] {dag.py:3437} INFO - Setting next_dagrun for dataset_consumes_1_and_2 to None, run_after=None
[2023-03-22T14:58:33.254-0400] {logging_mixin.py:137} INFO - [2023-03-22T14:58:33.254-0400] {dag.py:3437} INFO - Setting next_dagrun for dataset_consumes_1_never_scheduled to None, run_after=None
[2023-03-22T14:58:33.255-0400] {logging_mixin.py:137} INFO - [2023-03-22T14:58:33.255-0400] {dag.py:3437} INFO - Setting next_dagrun for dataset_consumes_unknown_never_scheduled to None, run_after=None
[2023-03-22T14:58:33.255-0400] {logging_mixin.py:137} INFO - [2023-03-22T14:58:33.255-0400] {dag.py:3437} INFO - Setting next_dagrun for dataset_produces_1 to 2023-03-21T00:00:00+00:00, run_after=2023-03-22T00:00:00+00:00
[2023-03-22T14:58:33.256-0400] {logging_mixin.py:137} INFO - [2023-03-22T14:58:33.256-0400] {dag.py:3437} INFO - Setting next_dagrun for dataset_produces_2 to None, run_after=None
[2023-03-22T14:58:33.268-0400] {processor.py:175} INFO - Processing /Users/sunanda/Downloads/airflow/py_env/lib/python3.9/site-packages/airflow/example_dags/example_datasets.py took 0.265 seconds
[2023-03-22T15:00:00.044-0400] {processor.py:153} INFO - Started process (PID=70140) to work on /Users/sunanda/Downloads/airflow/py_env/lib/python3.9/site-packages/airflow/example_dags/example_datasets.py
[2023-03-22T15:00:00.046-0400] {processor.py:743} INFO - Processing file /Users/sunanda/Downloads/airflow/py_env/lib/python3.9/site-packages/airflow/example_dags/example_datasets.py for tasks to queue
[2023-03-22T15:00:00.046-0400] {logging_mixin.py:137} INFO - [2023-03-22T15:00:00.046-0400] {dagbag.py:538} INFO - Filling up the DagBag from /Users/sunanda/Downloads/airflow/py_env/lib/python3.9/site-packages/airflow/example_dags/example_datasets.py
[2023-03-22T15:00:00.057-0400] {processor.py:753} INFO - DAG(s) dict_keys(['dataset_produces_2', 'dataset_consumes_1', 'dataset_produces_1', 'dataset_consumes_1_never_scheduled', 'dataset_consumes_1_and_2', 'dataset_consumes_unknown_never_scheduled']) retrieved from /Users/sunanda/Downloads/airflow/py_env/lib/python3.9/site-packages/airflow/example_dags/example_datasets.py
[2023-03-22T15:00:00.276-0400] {logging_mixin.py:137} INFO - [2023-03-22T15:00:00.276-0400] {dag.py:2690} INFO - Sync 6 DAGs
[2023-03-22T15:00:00.283-0400] {logging_mixin.py:137} INFO - [2023-03-22T15:00:00.283-0400] {dag.py:3437} INFO - Setting next_dagrun for dataset_consumes_1 to None, run_after=None
[2023-03-22T15:00:00.284-0400] {logging_mixin.py:137} INFO - [2023-03-22T15:00:00.284-0400] {dag.py:3437} INFO - Setting next_dagrun for dataset_consumes_1_and_2 to None, run_after=None
[2023-03-22T15:00:00.285-0400] {logging_mixin.py:137} INFO - [2023-03-22T15:00:00.285-0400] {dag.py:3437} INFO - Setting next_dagrun for dataset_consumes_1_never_scheduled to None, run_after=None
[2023-03-22T15:00:00.285-0400] {logging_mixin.py:137} INFO - [2023-03-22T15:00:00.285-0400] {dag.py:3437} INFO - Setting next_dagrun for dataset_consumes_unknown_never_scheduled to None, run_after=None
[2023-03-22T15:00:00.286-0400] {logging_mixin.py:137} INFO - [2023-03-22T15:00:00.286-0400] {dag.py:3437} INFO - Setting next_dagrun for dataset_produces_1 to 2023-03-21T00:00:00+00:00, run_after=2023-03-22T00:00:00+00:00
[2023-03-22T15:00:00.286-0400] {logging_mixin.py:137} INFO - [2023-03-22T15:00:00.286-0400] {dag.py:3437} INFO - Setting next_dagrun for dataset_produces_2 to None, run_after=None
[2023-03-22T15:00:00.298-0400] {processor.py:175} INFO - Processing /Users/sunanda/Downloads/airflow/py_env/lib/python3.9/site-packages/airflow/example_dags/example_datasets.py took 0.255 seconds
[2023-03-22T15:01:26.731-0400] {processor.py:153} INFO - Started process (PID=70275) to work on /Users/sunanda/Downloads/airflow/py_env/lib/python3.9/site-packages/airflow/example_dags/example_datasets.py
[2023-03-22T15:01:26.733-0400] {processor.py:743} INFO - Processing file /Users/sunanda/Downloads/airflow/py_env/lib/python3.9/site-packages/airflow/example_dags/example_datasets.py for tasks to queue
[2023-03-22T15:01:26.733-0400] {logging_mixin.py:137} INFO - [2023-03-22T15:01:26.733-0400] {dagbag.py:538} INFO - Filling up the DagBag from /Users/sunanda/Downloads/airflow/py_env/lib/python3.9/site-packages/airflow/example_dags/example_datasets.py
[2023-03-22T15:01:26.745-0400] {processor.py:753} INFO - DAG(s) dict_keys(['dataset_consumes_unknown_never_scheduled', 'dataset_produces_2', 'dataset_consumes_1_never_scheduled', 'dataset_produces_1', 'dataset_consumes_1', 'dataset_consumes_1_and_2']) retrieved from /Users/sunanda/Downloads/airflow/py_env/lib/python3.9/site-packages/airflow/example_dags/example_datasets.py
[2023-03-22T15:01:26.961-0400] {logging_mixin.py:137} INFO - [2023-03-22T15:01:26.961-0400] {dag.py:2690} INFO - Sync 6 DAGs
[2023-03-22T15:01:26.969-0400] {logging_mixin.py:137} INFO - [2023-03-22T15:01:26.969-0400] {dag.py:3437} INFO - Setting next_dagrun for dataset_consumes_1 to None, run_after=None
[2023-03-22T15:01:26.969-0400] {logging_mixin.py:137} INFO - [2023-03-22T15:01:26.969-0400] {dag.py:3437} INFO - Setting next_dagrun for dataset_consumes_1_and_2 to None, run_after=None
[2023-03-22T15:01:26.970-0400] {logging_mixin.py:137} INFO - [2023-03-22T15:01:26.970-0400] {dag.py:3437} INFO - Setting next_dagrun for dataset_consumes_1_never_scheduled to None, run_after=None
[2023-03-22T15:01:26.970-0400] {logging_mixin.py:137} INFO - [2023-03-22T15:01:26.970-0400] {dag.py:3437} INFO - Setting next_dagrun for dataset_consumes_unknown_never_scheduled to None, run_after=None
[2023-03-22T15:01:26.971-0400] {logging_mixin.py:137} INFO - [2023-03-22T15:01:26.971-0400] {dag.py:3437} INFO - Setting next_dagrun for dataset_produces_1 to 2023-03-21T00:00:00+00:00, run_after=2023-03-22T00:00:00+00:00
[2023-03-22T15:01:26.971-0400] {logging_mixin.py:137} INFO - [2023-03-22T15:01:26.971-0400] {dag.py:3437} INFO - Setting next_dagrun for dataset_produces_2 to None, run_after=None
[2023-03-22T15:01:26.982-0400] {processor.py:175} INFO - Processing /Users/sunanda/Downloads/airflow/py_env/lib/python3.9/site-packages/airflow/example_dags/example_datasets.py took 0.252 seconds
[2023-03-22T15:02:53.927-0400] {processor.py:153} INFO - Started process (PID=70415) to work on /Users/sunanda/Downloads/airflow/py_env/lib/python3.9/site-packages/airflow/example_dags/example_datasets.py
[2023-03-22T15:02:53.929-0400] {processor.py:743} INFO - Processing file /Users/sunanda/Downloads/airflow/py_env/lib/python3.9/site-packages/airflow/example_dags/example_datasets.py for tasks to queue
[2023-03-22T15:02:53.929-0400] {logging_mixin.py:137} INFO - [2023-03-22T15:02:53.929-0400] {dagbag.py:538} INFO - Filling up the DagBag from /Users/sunanda/Downloads/airflow/py_env/lib/python3.9/site-packages/airflow/example_dags/example_datasets.py
[2023-03-22T15:02:53.942-0400] {processor.py:753} INFO - DAG(s) dict_keys(['dataset_consumes_1_never_scheduled', 'dataset_produces_2', 'dataset_produces_1', 'dataset_consumes_1_and_2', 'dataset_consumes_1', 'dataset_consumes_unknown_never_scheduled']) retrieved from /Users/sunanda/Downloads/airflow/py_env/lib/python3.9/site-packages/airflow/example_dags/example_datasets.py
[2023-03-22T15:02:54.161-0400] {logging_mixin.py:137} INFO - [2023-03-22T15:02:54.161-0400] {dag.py:2690} INFO - Sync 6 DAGs
[2023-03-22T15:02:54.168-0400] {logging_mixin.py:137} INFO - [2023-03-22T15:02:54.168-0400] {dag.py:3437} INFO - Setting next_dagrun for dataset_consumes_1 to None, run_after=None
[2023-03-22T15:02:54.169-0400] {logging_mixin.py:137} INFO - [2023-03-22T15:02:54.169-0400] {dag.py:3437} INFO - Setting next_dagrun for dataset_consumes_1_and_2 to None, run_after=None
[2023-03-22T15:02:54.169-0400] {logging_mixin.py:137} INFO - [2023-03-22T15:02:54.169-0400] {dag.py:3437} INFO - Setting next_dagrun for dataset_consumes_1_never_scheduled to None, run_after=None
[2023-03-22T15:02:54.170-0400] {logging_mixin.py:137} INFO - [2023-03-22T15:02:54.170-0400] {dag.py:3437} INFO - Setting next_dagrun for dataset_consumes_unknown_never_scheduled to None, run_after=None
[2023-03-22T15:02:54.170-0400] {logging_mixin.py:137} INFO - [2023-03-22T15:02:54.170-0400] {dag.py:3437} INFO - Setting next_dagrun for dataset_produces_1 to 2023-03-21T00:00:00+00:00, run_after=2023-03-22T00:00:00+00:00
[2023-03-22T15:02:54.171-0400] {logging_mixin.py:137} INFO - [2023-03-22T15:02:54.171-0400] {dag.py:3437} INFO - Setting next_dagrun for dataset_produces_2 to None, run_after=None
[2023-03-22T15:02:54.182-0400] {processor.py:175} INFO - Processing /Users/sunanda/Downloads/airflow/py_env/lib/python3.9/site-packages/airflow/example_dags/example_datasets.py took 0.256 seconds
[2023-03-22T15:04:16.456-0400] {processor.py:153} INFO - Started process (PID=70566) to work on /Users/sunanda/Downloads/airflow/py_env/lib/python3.9/site-packages/airflow/example_dags/example_datasets.py
[2023-03-22T15:04:16.459-0400] {processor.py:743} INFO - Processing file /Users/sunanda/Downloads/airflow/py_env/lib/python3.9/site-packages/airflow/example_dags/example_datasets.py for tasks to queue
[2023-03-22T15:04:16.460-0400] {logging_mixin.py:137} INFO - [2023-03-22T15:04:16.460-0400] {dagbag.py:538} INFO - Filling up the DagBag from /Users/sunanda/Downloads/airflow/py_env/lib/python3.9/site-packages/airflow/example_dags/example_datasets.py
[2023-03-22T15:04:16.471-0400] {processor.py:753} INFO - DAG(s) dict_keys(['dataset_consumes_1_and_2', 'dataset_consumes_1', 'dataset_produces_2', 'dataset_consumes_1_never_scheduled', 'dataset_consumes_unknown_never_scheduled', 'dataset_produces_1']) retrieved from /Users/sunanda/Downloads/airflow/py_env/lib/python3.9/site-packages/airflow/example_dags/example_datasets.py
[2023-03-22T15:04:16.684-0400] {logging_mixin.py:137} INFO - [2023-03-22T15:04:16.684-0400] {dag.py:2690} INFO - Sync 6 DAGs
[2023-03-22T15:04:16.691-0400] {logging_mixin.py:137} INFO - [2023-03-22T15:04:16.691-0400] {dag.py:3437} INFO - Setting next_dagrun for dataset_consumes_1 to None, run_after=None
[2023-03-22T15:04:16.693-0400] {logging_mixin.py:137} INFO - [2023-03-22T15:04:16.692-0400] {dag.py:3437} INFO - Setting next_dagrun for dataset_consumes_1_and_2 to None, run_after=None
[2023-03-22T15:04:16.693-0400] {logging_mixin.py:137} INFO - [2023-03-22T15:04:16.693-0400] {dag.py:3437} INFO - Setting next_dagrun for dataset_consumes_1_never_scheduled to None, run_after=None
[2023-03-22T15:04:16.693-0400] {logging_mixin.py:137} INFO - [2023-03-22T15:04:16.693-0400] {dag.py:3437} INFO - Setting next_dagrun for dataset_consumes_unknown_never_scheduled to None, run_after=None
[2023-03-22T15:04:16.694-0400] {logging_mixin.py:137} INFO - [2023-03-22T15:04:16.694-0400] {dag.py:3437} INFO - Setting next_dagrun for dataset_produces_1 to 2023-03-21T00:00:00+00:00, run_after=2023-03-22T00:00:00+00:00
[2023-03-22T15:04:16.695-0400] {logging_mixin.py:137} INFO - [2023-03-22T15:04:16.695-0400] {dag.py:3437} INFO - Setting next_dagrun for dataset_produces_2 to None, run_after=None
[2023-03-22T15:04:16.706-0400] {processor.py:175} INFO - Processing /Users/sunanda/Downloads/airflow/py_env/lib/python3.9/site-packages/airflow/example_dags/example_datasets.py took 0.250 seconds
[2023-03-22T15:05:37.185-0400] {processor.py:153} INFO - Started process (PID=70697) to work on /Users/sunanda/Downloads/airflow/py_env/lib/python3.9/site-packages/airflow/example_dags/example_datasets.py
[2023-03-22T15:05:37.188-0400] {processor.py:743} INFO - Processing file /Users/sunanda/Downloads/airflow/py_env/lib/python3.9/site-packages/airflow/example_dags/example_datasets.py for tasks to queue
[2023-03-22T15:05:37.188-0400] {logging_mixin.py:137} INFO - [2023-03-22T15:05:37.188-0400] {dagbag.py:538} INFO - Filling up the DagBag from /Users/sunanda/Downloads/airflow/py_env/lib/python3.9/site-packages/airflow/example_dags/example_datasets.py
[2023-03-22T15:05:37.200-0400] {processor.py:753} INFO - DAG(s) dict_keys(['dataset_produces_1', 'dataset_consumes_unknown_never_scheduled', 'dataset_consumes_1_and_2', 'dataset_consumes_1_never_scheduled', 'dataset_produces_2', 'dataset_consumes_1']) retrieved from /Users/sunanda/Downloads/airflow/py_env/lib/python3.9/site-packages/airflow/example_dags/example_datasets.py
[2023-03-22T15:05:37.415-0400] {logging_mixin.py:137} INFO - [2023-03-22T15:05:37.415-0400] {dag.py:2690} INFO - Sync 6 DAGs
[2023-03-22T15:05:37.423-0400] {logging_mixin.py:137} INFO - [2023-03-22T15:05:37.423-0400] {dag.py:3437} INFO - Setting next_dagrun for dataset_consumes_1 to None, run_after=None
[2023-03-22T15:05:37.424-0400] {logging_mixin.py:137} INFO - [2023-03-22T15:05:37.424-0400] {dag.py:3437} INFO - Setting next_dagrun for dataset_consumes_1_and_2 to None, run_after=None
[2023-03-22T15:05:37.424-0400] {logging_mixin.py:137} INFO - [2023-03-22T15:05:37.424-0400] {dag.py:3437} INFO - Setting next_dagrun for dataset_consumes_1_never_scheduled to None, run_after=None
[2023-03-22T15:05:37.424-0400] {logging_mixin.py:137} INFO - [2023-03-22T15:05:37.424-0400] {dag.py:3437} INFO - Setting next_dagrun for dataset_consumes_unknown_never_scheduled to None, run_after=None
[2023-03-22T15:05:37.425-0400] {logging_mixin.py:137} INFO - [2023-03-22T15:05:37.425-0400] {dag.py:3437} INFO - Setting next_dagrun for dataset_produces_1 to 2023-03-21T00:00:00+00:00, run_after=2023-03-22T00:00:00+00:00
[2023-03-22T15:05:37.426-0400] {logging_mixin.py:137} INFO - [2023-03-22T15:05:37.425-0400] {dag.py:3437} INFO - Setting next_dagrun for dataset_produces_2 to None, run_after=None
[2023-03-22T15:05:37.437-0400] {processor.py:175} INFO - Processing /Users/sunanda/Downloads/airflow/py_env/lib/python3.9/site-packages/airflow/example_dags/example_datasets.py took 0.253 seconds
[2023-03-22T19:11:51.952-0400] {processor.py:153} INFO - Started process (PID=3825) to work on /Users/sunanda/Downloads/airflow/py_env/lib/python3.9/site-packages/airflow/example_dags/example_datasets.py
[2023-03-22T19:11:51.954-0400] {processor.py:743} INFO - Processing file /Users/sunanda/Downloads/airflow/py_env/lib/python3.9/site-packages/airflow/example_dags/example_datasets.py for tasks to queue
[2023-03-22T19:11:51.954-0400] {logging_mixin.py:137} INFO - [2023-03-22T19:11:51.954-0400] {dagbag.py:538} INFO - Filling up the DagBag from /Users/sunanda/Downloads/airflow/py_env/lib/python3.9/site-packages/airflow/example_dags/example_datasets.py
[2023-03-22T19:11:51.965-0400] {processor.py:753} INFO - DAG(s) dict_keys(['dataset_consumes_1_and_2', 'dataset_consumes_1_never_scheduled', 'dataset_produces_2', 'dataset_consumes_1', 'dataset_produces_1', 'dataset_consumes_unknown_never_scheduled']) retrieved from /Users/sunanda/Downloads/airflow/py_env/lib/python3.9/site-packages/airflow/example_dags/example_datasets.py
[2023-03-22T19:11:52.178-0400] {logging_mixin.py:137} INFO - [2023-03-22T19:11:52.178-0400] {dag.py:2690} INFO - Sync 6 DAGs
[2023-03-22T19:11:52.185-0400] {logging_mixin.py:137} INFO - [2023-03-22T19:11:52.185-0400] {dag.py:3437} INFO - Setting next_dagrun for dataset_consumes_1 to None, run_after=None
[2023-03-22T19:11:52.186-0400] {logging_mixin.py:137} INFO - [2023-03-22T19:11:52.186-0400] {dag.py:3437} INFO - Setting next_dagrun for dataset_consumes_1_and_2 to None, run_after=None
[2023-03-22T19:11:52.186-0400] {logging_mixin.py:137} INFO - [2023-03-22T19:11:52.186-0400] {dag.py:3437} INFO - Setting next_dagrun for dataset_consumes_1_never_scheduled to None, run_after=None
[2023-03-22T19:11:52.187-0400] {logging_mixin.py:137} INFO - [2023-03-22T19:11:52.187-0400] {dag.py:3437} INFO - Setting next_dagrun for dataset_consumes_unknown_never_scheduled to None, run_after=None
[2023-03-22T19:11:52.188-0400] {logging_mixin.py:137} INFO - [2023-03-22T19:11:52.188-0400] {dag.py:3437} INFO - Setting next_dagrun for dataset_produces_1 to 2023-03-21T00:00:00+00:00, run_after=2023-03-22T00:00:00+00:00
[2023-03-22T19:11:52.188-0400] {logging_mixin.py:137} INFO - [2023-03-22T19:11:52.188-0400] {dag.py:3437} INFO - Setting next_dagrun for dataset_produces_2 to None, run_after=None
[2023-03-22T19:11:52.199-0400] {processor.py:175} INFO - Processing /Users/sunanda/Downloads/airflow/py_env/lib/python3.9/site-packages/airflow/example_dags/example_datasets.py took 0.248 seconds
[2023-03-22T19:13:20.742-0400] {processor.py:153} INFO - Started process (PID=3961) to work on /Users/sunanda/Downloads/airflow/py_env/lib/python3.9/site-packages/airflow/example_dags/example_datasets.py
[2023-03-22T19:13:20.744-0400] {processor.py:743} INFO - Processing file /Users/sunanda/Downloads/airflow/py_env/lib/python3.9/site-packages/airflow/example_dags/example_datasets.py for tasks to queue
[2023-03-22T19:13:20.744-0400] {logging_mixin.py:137} INFO - [2023-03-22T19:13:20.744-0400] {dagbag.py:538} INFO - Filling up the DagBag from /Users/sunanda/Downloads/airflow/py_env/lib/python3.9/site-packages/airflow/example_dags/example_datasets.py
[2023-03-22T19:13:20.755-0400] {processor.py:753} INFO - DAG(s) dict_keys(['dataset_produces_1', 'dataset_consumes_1', 'dataset_consumes_unknown_never_scheduled', 'dataset_produces_2', 'dataset_consumes_1_never_scheduled', 'dataset_consumes_1_and_2']) retrieved from /Users/sunanda/Downloads/airflow/py_env/lib/python3.9/site-packages/airflow/example_dags/example_datasets.py
[2023-03-22T19:13:20.969-0400] {logging_mixin.py:137} INFO - [2023-03-22T19:13:20.969-0400] {dag.py:2690} INFO - Sync 6 DAGs
[2023-03-22T19:13:20.977-0400] {logging_mixin.py:137} INFO - [2023-03-22T19:13:20.976-0400] {dag.py:3437} INFO - Setting next_dagrun for dataset_consumes_1 to None, run_after=None
[2023-03-22T19:13:20.977-0400] {logging_mixin.py:137} INFO - [2023-03-22T19:13:20.977-0400] {dag.py:3437} INFO - Setting next_dagrun for dataset_consumes_1_and_2 to None, run_after=None
[2023-03-22T19:13:20.978-0400] {logging_mixin.py:137} INFO - [2023-03-22T19:13:20.978-0400] {dag.py:3437} INFO - Setting next_dagrun for dataset_consumes_1_never_scheduled to None, run_after=None
[2023-03-22T19:13:20.978-0400] {logging_mixin.py:137} INFO - [2023-03-22T19:13:20.978-0400] {dag.py:3437} INFO - Setting next_dagrun for dataset_consumes_unknown_never_scheduled to None, run_after=None
[2023-03-22T19:13:20.979-0400] {logging_mixin.py:137} INFO - [2023-03-22T19:13:20.979-0400] {dag.py:3437} INFO - Setting next_dagrun for dataset_produces_1 to 2023-03-21T00:00:00+00:00, run_after=2023-03-22T00:00:00+00:00
[2023-03-22T19:13:20.979-0400] {logging_mixin.py:137} INFO - [2023-03-22T19:13:20.979-0400] {dag.py:3437} INFO - Setting next_dagrun for dataset_produces_2 to None, run_after=None
[2023-03-22T19:13:20.991-0400] {processor.py:175} INFO - Processing /Users/sunanda/Downloads/airflow/py_env/lib/python3.9/site-packages/airflow/example_dags/example_datasets.py took 0.249 seconds
[2023-03-22T19:24:43.735-0400] {processor.py:153} INFO - Started process (PID=4800) to work on /Users/sunanda/Downloads/airflow/py_env/lib/python3.9/site-packages/airflow/example_dags/example_datasets.py
[2023-03-22T19:24:43.738-0400] {processor.py:743} INFO - Processing file /Users/sunanda/Downloads/airflow/py_env/lib/python3.9/site-packages/airflow/example_dags/example_datasets.py for tasks to queue
[2023-03-22T19:24:43.738-0400] {logging_mixin.py:137} INFO - [2023-03-22T19:24:43.738-0400] {dagbag.py:538} INFO - Filling up the DagBag from /Users/sunanda/Downloads/airflow/py_env/lib/python3.9/site-packages/airflow/example_dags/example_datasets.py
[2023-03-22T19:24:43.751-0400] {processor.py:753} INFO - DAG(s) dict_keys(['dataset_consumes_1_never_scheduled', 'dataset_consumes_unknown_never_scheduled', 'dataset_produces_2', 'dataset_produces_1', 'dataset_consumes_1', 'dataset_consumes_1_and_2']) retrieved from /Users/sunanda/Downloads/airflow/py_env/lib/python3.9/site-packages/airflow/example_dags/example_datasets.py
[2023-03-22T19:24:43.965-0400] {logging_mixin.py:137} INFO - [2023-03-22T19:24:43.965-0400] {dag.py:2690} INFO - Sync 6 DAGs
[2023-03-22T19:24:43.972-0400] {logging_mixin.py:137} INFO - [2023-03-22T19:24:43.972-0400] {dag.py:3437} INFO - Setting next_dagrun for dataset_consumes_1 to None, run_after=None
[2023-03-22T19:24:43.973-0400] {logging_mixin.py:137} INFO - [2023-03-22T19:24:43.973-0400] {dag.py:3437} INFO - Setting next_dagrun for dataset_consumes_1_and_2 to None, run_after=None
[2023-03-22T19:24:43.974-0400] {logging_mixin.py:137} INFO - [2023-03-22T19:24:43.974-0400] {dag.py:3437} INFO - Setting next_dagrun for dataset_consumes_1_never_scheduled to None, run_after=None
[2023-03-22T19:24:43.974-0400] {logging_mixin.py:137} INFO - [2023-03-22T19:24:43.974-0400] {dag.py:3437} INFO - Setting next_dagrun for dataset_consumes_unknown_never_scheduled to None, run_after=None
[2023-03-22T19:24:43.975-0400] {logging_mixin.py:137} INFO - [2023-03-22T19:24:43.975-0400] {dag.py:3437} INFO - Setting next_dagrun for dataset_produces_1 to 2023-03-21T00:00:00+00:00, run_after=2023-03-22T00:00:00+00:00
[2023-03-22T19:24:43.975-0400] {logging_mixin.py:137} INFO - [2023-03-22T19:24:43.975-0400] {dag.py:3437} INFO - Setting next_dagrun for dataset_produces_2 to None, run_after=None
[2023-03-22T19:24:43.986-0400] {processor.py:175} INFO - Processing /Users/sunanda/Downloads/airflow/py_env/lib/python3.9/site-packages/airflow/example_dags/example_datasets.py took 0.251 seconds
[2023-03-22T19:26:07.081-0400] {processor.py:153} INFO - Started process (PID=4929) to work on /Users/sunanda/Downloads/airflow/py_env/lib/python3.9/site-packages/airflow/example_dags/example_datasets.py
[2023-03-22T19:26:07.083-0400] {processor.py:743} INFO - Processing file /Users/sunanda/Downloads/airflow/py_env/lib/python3.9/site-packages/airflow/example_dags/example_datasets.py for tasks to queue
[2023-03-22T19:26:07.083-0400] {logging_mixin.py:137} INFO - [2023-03-22T19:26:07.083-0400] {dagbag.py:538} INFO - Filling up the DagBag from /Users/sunanda/Downloads/airflow/py_env/lib/python3.9/site-packages/airflow/example_dags/example_datasets.py
[2023-03-22T19:26:07.095-0400] {processor.py:753} INFO - DAG(s) dict_keys(['dataset_produces_2', 'dataset_consumes_1', 'dataset_produces_1', 'dataset_consumes_1_and_2', 'dataset_consumes_1_never_scheduled', 'dataset_consumes_unknown_never_scheduled']) retrieved from /Users/sunanda/Downloads/airflow/py_env/lib/python3.9/site-packages/airflow/example_dags/example_datasets.py
[2023-03-22T19:26:07.309-0400] {logging_mixin.py:137} INFO - [2023-03-22T19:26:07.309-0400] {dag.py:2690} INFO - Sync 6 DAGs
[2023-03-22T19:26:07.317-0400] {logging_mixin.py:137} INFO - [2023-03-22T19:26:07.317-0400] {dag.py:3437} INFO - Setting next_dagrun for dataset_consumes_1 to None, run_after=None
[2023-03-22T19:26:07.318-0400] {logging_mixin.py:137} INFO - [2023-03-22T19:26:07.318-0400] {dag.py:3437} INFO - Setting next_dagrun for dataset_consumes_1_and_2 to None, run_after=None
[2023-03-22T19:26:07.318-0400] {logging_mixin.py:137} INFO - [2023-03-22T19:26:07.318-0400] {dag.py:3437} INFO - Setting next_dagrun for dataset_consumes_1_never_scheduled to None, run_after=None
[2023-03-22T19:26:07.318-0400] {logging_mixin.py:137} INFO - [2023-03-22T19:26:07.318-0400] {dag.py:3437} INFO - Setting next_dagrun for dataset_consumes_unknown_never_scheduled to None, run_after=None
[2023-03-22T19:26:07.319-0400] {logging_mixin.py:137} INFO - [2023-03-22T19:26:07.319-0400] {dag.py:3437} INFO - Setting next_dagrun for dataset_produces_1 to 2023-03-21T00:00:00+00:00, run_after=2023-03-22T00:00:00+00:00
[2023-03-22T19:26:07.319-0400] {logging_mixin.py:137} INFO - [2023-03-22T19:26:07.319-0400] {dag.py:3437} INFO - Setting next_dagrun for dataset_produces_2 to None, run_after=None
[2023-03-22T19:26:07.331-0400] {processor.py:175} INFO - Processing /Users/sunanda/Downloads/airflow/py_env/lib/python3.9/site-packages/airflow/example_dags/example_datasets.py took 0.250 seconds
[2023-03-22T19:27:33.106-0400] {processor.py:153} INFO - Started process (PID=5068) to work on /Users/sunanda/Downloads/airflow/py_env/lib/python3.9/site-packages/airflow/example_dags/example_datasets.py
[2023-03-22T19:27:33.109-0400] {processor.py:743} INFO - Processing file /Users/sunanda/Downloads/airflow/py_env/lib/python3.9/site-packages/airflow/example_dags/example_datasets.py for tasks to queue
[2023-03-22T19:27:33.110-0400] {logging_mixin.py:137} INFO - [2023-03-22T19:27:33.110-0400] {dagbag.py:538} INFO - Filling up the DagBag from /Users/sunanda/Downloads/airflow/py_env/lib/python3.9/site-packages/airflow/example_dags/example_datasets.py
[2023-03-22T19:27:33.128-0400] {processor.py:753} INFO - DAG(s) dict_keys(['dataset_consumes_1_never_scheduled', 'dataset_consumes_1_and_2', 'dataset_produces_2', 'dataset_produces_1', 'dataset_consumes_unknown_never_scheduled', 'dataset_consumes_1']) retrieved from /Users/sunanda/Downloads/airflow/py_env/lib/python3.9/site-packages/airflow/example_dags/example_datasets.py
[2023-03-22T19:27:33.481-0400] {logging_mixin.py:137} INFO - [2023-03-22T19:27:33.480-0400] {dag.py:2690} INFO - Sync 6 DAGs
[2023-03-22T19:27:33.490-0400] {logging_mixin.py:137} INFO - [2023-03-22T19:27:33.490-0400] {dag.py:3437} INFO - Setting next_dagrun for dataset_consumes_1 to None, run_after=None
[2023-03-22T19:27:33.491-0400] {logging_mixin.py:137} INFO - [2023-03-22T19:27:33.491-0400] {dag.py:3437} INFO - Setting next_dagrun for dataset_consumes_1_and_2 to None, run_after=None
[2023-03-22T19:27:33.491-0400] {logging_mixin.py:137} INFO - [2023-03-22T19:27:33.491-0400] {dag.py:3437} INFO - Setting next_dagrun for dataset_consumes_1_never_scheduled to None, run_after=None
[2023-03-22T19:27:33.492-0400] {logging_mixin.py:137} INFO - [2023-03-22T19:27:33.492-0400] {dag.py:3437} INFO - Setting next_dagrun for dataset_consumes_unknown_never_scheduled to None, run_after=None
[2023-03-22T19:27:33.492-0400] {logging_mixin.py:137} INFO - [2023-03-22T19:27:33.492-0400] {dag.py:3437} INFO - Setting next_dagrun for dataset_produces_1 to 2023-03-21T00:00:00+00:00, run_after=2023-03-22T00:00:00+00:00
[2023-03-22T19:27:33.493-0400] {logging_mixin.py:137} INFO - [2023-03-22T19:27:33.493-0400] {dag.py:3437} INFO - Setting next_dagrun for dataset_produces_2 to None, run_after=None
[2023-03-22T19:27:33.507-0400] {processor.py:175} INFO - Processing /Users/sunanda/Downloads/airflow/py_env/lib/python3.9/site-packages/airflow/example_dags/example_datasets.py took 0.401 seconds
