[2023-03-22T14:54:15.876-0400] {processor.py:153} INFO - Started process (PID=69598) to work on /Users/sunanda/Downloads/airflow/py_env/lib/python3.9/site-packages/airflow/example_dags/example_latest_only_with_trigger.py
[2023-03-22T14:54:15.878-0400] {processor.py:743} INFO - Processing file /Users/sunanda/Downloads/airflow/py_env/lib/python3.9/site-packages/airflow/example_dags/example_latest_only_with_trigger.py for tasks to queue
[2023-03-22T14:54:15.878-0400] {logging_mixin.py:137} INFO - [2023-03-22T14:54:15.878-0400] {dagbag.py:538} INFO - Filling up the DagBag from /Users/sunanda/Downloads/airflow/py_env/lib/python3.9/site-packages/airflow/example_dags/example_latest_only_with_trigger.py
[2023-03-22T14:54:15.890-0400] {processor.py:753} INFO - DAG(s) dict_keys(['latest_only_with_trigger']) retrieved from /Users/sunanda/Downloads/airflow/py_env/lib/python3.9/site-packages/airflow/example_dags/example_latest_only_with_trigger.py
[2023-03-22T14:54:16.101-0400] {logging_mixin.py:137} INFO - [2023-03-22T14:54:16.101-0400] {dag.py:2690} INFO - Sync 1 DAGs
[2023-03-22T14:54:16.108-0400] {logging_mixin.py:137} INFO - [2023-03-22T14:54:16.108-0400] {dag.py:3437} INFO - Setting next_dagrun for latest_only_with_trigger to 2023-03-22T14:54:16.108657+00:00, run_after=2023-03-22T18:54:16.108657+00:00
[2023-03-22T14:54:16.117-0400] {processor.py:175} INFO - Processing /Users/sunanda/Downloads/airflow/py_env/lib/python3.9/site-packages/airflow/example_dags/example_latest_only_with_trigger.py took 0.241 seconds
[2023-03-22T14:55:40.104-0400] {processor.py:153} INFO - Started process (PID=69732) to work on /Users/sunanda/Downloads/airflow/py_env/lib/python3.9/site-packages/airflow/example_dags/example_latest_only_with_trigger.py
[2023-03-22T14:55:40.107-0400] {processor.py:743} INFO - Processing file /Users/sunanda/Downloads/airflow/py_env/lib/python3.9/site-packages/airflow/example_dags/example_latest_only_with_trigger.py for tasks to queue
[2023-03-22T14:55:40.108-0400] {logging_mixin.py:137} INFO - [2023-03-22T14:55:40.108-0400] {dagbag.py:538} INFO - Filling up the DagBag from /Users/sunanda/Downloads/airflow/py_env/lib/python3.9/site-packages/airflow/example_dags/example_latest_only_with_trigger.py
[2023-03-22T14:55:40.119-0400] {processor.py:753} INFO - DAG(s) dict_keys(['latest_only_with_trigger']) retrieved from /Users/sunanda/Downloads/airflow/py_env/lib/python3.9/site-packages/airflow/example_dags/example_latest_only_with_trigger.py
[2023-03-22T14:55:40.325-0400] {logging_mixin.py:137} INFO - [2023-03-22T14:55:40.325-0400] {dag.py:2690} INFO - Sync 1 DAGs
[2023-03-22T14:55:40.331-0400] {logging_mixin.py:137} INFO - [2023-03-22T14:55:40.331-0400] {dag.py:3437} INFO - Setting next_dagrun for latest_only_with_trigger to 2023-03-22T14:55:40.331690+00:00, run_after=2023-03-22T18:55:40.331690+00:00
[2023-03-22T14:55:40.339-0400] {processor.py:175} INFO - Processing /Users/sunanda/Downloads/airflow/py_env/lib/python3.9/site-packages/airflow/example_dags/example_latest_only_with_trigger.py took 0.236 seconds
[2023-03-22T14:57:01.743-0400] {processor.py:153} INFO - Started process (PID=69857) to work on /Users/sunanda/Downloads/airflow/py_env/lib/python3.9/site-packages/airflow/example_dags/example_latest_only_with_trigger.py
[2023-03-22T14:57:01.746-0400] {processor.py:743} INFO - Processing file /Users/sunanda/Downloads/airflow/py_env/lib/python3.9/site-packages/airflow/example_dags/example_latest_only_with_trigger.py for tasks to queue
[2023-03-22T14:57:01.747-0400] {logging_mixin.py:137} INFO - [2023-03-22T14:57:01.746-0400] {dagbag.py:538} INFO - Filling up the DagBag from /Users/sunanda/Downloads/airflow/py_env/lib/python3.9/site-packages/airflow/example_dags/example_latest_only_with_trigger.py
[2023-03-22T14:57:01.758-0400] {processor.py:753} INFO - DAG(s) dict_keys(['latest_only_with_trigger']) retrieved from /Users/sunanda/Downloads/airflow/py_env/lib/python3.9/site-packages/airflow/example_dags/example_latest_only_with_trigger.py
[2023-03-22T14:57:01.960-0400] {logging_mixin.py:137} INFO - [2023-03-22T14:57:01.960-0400] {dag.py:2690} INFO - Sync 1 DAGs
[2023-03-22T14:57:01.967-0400] {logging_mixin.py:137} INFO - [2023-03-22T14:57:01.967-0400] {dag.py:3437} INFO - Setting next_dagrun for latest_only_with_trigger to 2023-03-22T14:57:01.967154+00:00, run_after=2023-03-22T18:57:01.967154+00:00
[2023-03-22T14:57:01.975-0400] {processor.py:175} INFO - Processing /Users/sunanda/Downloads/airflow/py_env/lib/python3.9/site-packages/airflow/example_dags/example_latest_only_with_trigger.py took 0.232 seconds
[2023-03-22T14:58:24.300-0400] {processor.py:153} INFO - Started process (PID=69988) to work on /Users/sunanda/Downloads/airflow/py_env/lib/python3.9/site-packages/airflow/example_dags/example_latest_only_with_trigger.py
[2023-03-22T14:58:24.303-0400] {processor.py:743} INFO - Processing file /Users/sunanda/Downloads/airflow/py_env/lib/python3.9/site-packages/airflow/example_dags/example_latest_only_with_trigger.py for tasks to queue
[2023-03-22T14:58:24.304-0400] {logging_mixin.py:137} INFO - [2023-03-22T14:58:24.304-0400] {dagbag.py:538} INFO - Filling up the DagBag from /Users/sunanda/Downloads/airflow/py_env/lib/python3.9/site-packages/airflow/example_dags/example_latest_only_with_trigger.py
[2023-03-22T14:58:24.315-0400] {processor.py:753} INFO - DAG(s) dict_keys(['latest_only_with_trigger']) retrieved from /Users/sunanda/Downloads/airflow/py_env/lib/python3.9/site-packages/airflow/example_dags/example_latest_only_with_trigger.py
[2023-03-22T14:58:24.523-0400] {logging_mixin.py:137} INFO - [2023-03-22T14:58:24.523-0400] {dag.py:2690} INFO - Sync 1 DAGs
[2023-03-22T14:58:24.530-0400] {logging_mixin.py:137} INFO - [2023-03-22T14:58:24.530-0400] {dag.py:3437} INFO - Setting next_dagrun for latest_only_with_trigger to 2023-03-22T14:58:24.530706+00:00, run_after=2023-03-22T18:58:24.530706+00:00
[2023-03-22T14:58:24.539-0400] {processor.py:175} INFO - Processing /Users/sunanda/Downloads/airflow/py_env/lib/python3.9/site-packages/airflow/example_dags/example_latest_only_with_trigger.py took 0.239 seconds
[2023-03-22T14:59:50.374-0400] {processor.py:153} INFO - Started process (PID=70124) to work on /Users/sunanda/Downloads/airflow/py_env/lib/python3.9/site-packages/airflow/example_dags/example_latest_only_with_trigger.py
[2023-03-22T14:59:50.376-0400] {processor.py:743} INFO - Processing file /Users/sunanda/Downloads/airflow/py_env/lib/python3.9/site-packages/airflow/example_dags/example_latest_only_with_trigger.py for tasks to queue
[2023-03-22T14:59:50.376-0400] {logging_mixin.py:137} INFO - [2023-03-22T14:59:50.376-0400] {dagbag.py:538} INFO - Filling up the DagBag from /Users/sunanda/Downloads/airflow/py_env/lib/python3.9/site-packages/airflow/example_dags/example_latest_only_with_trigger.py
[2023-03-22T14:59:50.386-0400] {processor.py:753} INFO - DAG(s) dict_keys(['latest_only_with_trigger']) retrieved from /Users/sunanda/Downloads/airflow/py_env/lib/python3.9/site-packages/airflow/example_dags/example_latest_only_with_trigger.py
[2023-03-22T14:59:50.593-0400] {logging_mixin.py:137} INFO - [2023-03-22T14:59:50.593-0400] {dag.py:2690} INFO - Sync 1 DAGs
[2023-03-22T14:59:50.601-0400] {logging_mixin.py:137} INFO - [2023-03-22T14:59:50.600-0400] {dag.py:3437} INFO - Setting next_dagrun for latest_only_with_trigger to 2023-03-22T14:59:50.600903+00:00, run_after=2023-03-22T18:59:50.600903+00:00
[2023-03-22T14:59:50.608-0400] {processor.py:175} INFO - Processing /Users/sunanda/Downloads/airflow/py_env/lib/python3.9/site-packages/airflow/example_dags/example_latest_only_with_trigger.py took 0.235 seconds
[2023-03-22T15:01:17.838-0400] {processor.py:153} INFO - Started process (PID=70261) to work on /Users/sunanda/Downloads/airflow/py_env/lib/python3.9/site-packages/airflow/example_dags/example_latest_only_with_trigger.py
[2023-03-22T15:01:17.840-0400] {processor.py:743} INFO - Processing file /Users/sunanda/Downloads/airflow/py_env/lib/python3.9/site-packages/airflow/example_dags/example_latest_only_with_trigger.py for tasks to queue
[2023-03-22T15:01:17.841-0400] {logging_mixin.py:137} INFO - [2023-03-22T15:01:17.841-0400] {dagbag.py:538} INFO - Filling up the DagBag from /Users/sunanda/Downloads/airflow/py_env/lib/python3.9/site-packages/airflow/example_dags/example_latest_only_with_trigger.py
[2023-03-22T15:01:17.851-0400] {processor.py:753} INFO - DAG(s) dict_keys(['latest_only_with_trigger']) retrieved from /Users/sunanda/Downloads/airflow/py_env/lib/python3.9/site-packages/airflow/example_dags/example_latest_only_with_trigger.py
[2023-03-22T15:01:18.056-0400] {logging_mixin.py:137} INFO - [2023-03-22T15:01:18.056-0400] {dag.py:2690} INFO - Sync 1 DAGs
[2023-03-22T15:01:18.062-0400] {logging_mixin.py:137} INFO - [2023-03-22T15:01:18.062-0400] {dag.py:3437} INFO - Setting next_dagrun for latest_only_with_trigger to 2023-03-22T15:01:18.062665+00:00, run_after=2023-03-22T19:01:18.062665+00:00
[2023-03-22T15:01:18.070-0400] {processor.py:175} INFO - Processing /Users/sunanda/Downloads/airflow/py_env/lib/python3.9/site-packages/airflow/example_dags/example_latest_only_with_trigger.py took 0.232 seconds
[2023-03-22T15:02:45.602-0400] {processor.py:153} INFO - Started process (PID=70402) to work on /Users/sunanda/Downloads/airflow/py_env/lib/python3.9/site-packages/airflow/example_dags/example_latest_only_with_trigger.py
[2023-03-22T15:02:45.604-0400] {processor.py:743} INFO - Processing file /Users/sunanda/Downloads/airflow/py_env/lib/python3.9/site-packages/airflow/example_dags/example_latest_only_with_trigger.py for tasks to queue
[2023-03-22T15:02:45.605-0400] {logging_mixin.py:137} INFO - [2023-03-22T15:02:45.605-0400] {dagbag.py:538} INFO - Filling up the DagBag from /Users/sunanda/Downloads/airflow/py_env/lib/python3.9/site-packages/airflow/example_dags/example_latest_only_with_trigger.py
[2023-03-22T15:02:45.616-0400] {processor.py:753} INFO - DAG(s) dict_keys(['latest_only_with_trigger']) retrieved from /Users/sunanda/Downloads/airflow/py_env/lib/python3.9/site-packages/airflow/example_dags/example_latest_only_with_trigger.py
[2023-03-22T15:02:45.816-0400] {logging_mixin.py:137} INFO - [2023-03-22T15:02:45.816-0400] {dag.py:2690} INFO - Sync 1 DAGs
[2023-03-22T15:02:45.822-0400] {logging_mixin.py:137} INFO - [2023-03-22T15:02:45.822-0400] {dag.py:3437} INFO - Setting next_dagrun for latest_only_with_trigger to 2023-03-22T15:02:45.822681+00:00, run_after=2023-03-22T19:02:45.822681+00:00
[2023-03-22T15:02:45.830-0400] {processor.py:175} INFO - Processing /Users/sunanda/Downloads/airflow/py_env/lib/python3.9/site-packages/airflow/example_dags/example_latest_only_with_trigger.py took 0.228 seconds
[2023-03-22T15:04:07.349-0400] {processor.py:153} INFO - Started process (PID=70552) to work on /Users/sunanda/Downloads/airflow/py_env/lib/python3.9/site-packages/airflow/example_dags/example_latest_only_with_trigger.py
[2023-03-22T15:04:07.353-0400] {processor.py:743} INFO - Processing file /Users/sunanda/Downloads/airflow/py_env/lib/python3.9/site-packages/airflow/example_dags/example_latest_only_with_trigger.py for tasks to queue
[2023-03-22T15:04:07.353-0400] {logging_mixin.py:137} INFO - [2023-03-22T15:04:07.353-0400] {dagbag.py:538} INFO - Filling up the DagBag from /Users/sunanda/Downloads/airflow/py_env/lib/python3.9/site-packages/airflow/example_dags/example_latest_only_with_trigger.py
[2023-03-22T15:04:07.363-0400] {processor.py:753} INFO - DAG(s) dict_keys(['latest_only_with_trigger']) retrieved from /Users/sunanda/Downloads/airflow/py_env/lib/python3.9/site-packages/airflow/example_dags/example_latest_only_with_trigger.py
[2023-03-22T15:04:07.563-0400] {logging_mixin.py:137} INFO - [2023-03-22T15:04:07.563-0400] {dag.py:2690} INFO - Sync 1 DAGs
[2023-03-22T15:04:07.570-0400] {logging_mixin.py:137} INFO - [2023-03-22T15:04:07.570-0400] {dag.py:3437} INFO - Setting next_dagrun for latest_only_with_trigger to 2023-03-22T15:04:07.570645+00:00, run_after=2023-03-22T19:04:07.570645+00:00
[2023-03-22T15:04:07.578-0400] {processor.py:175} INFO - Processing /Users/sunanda/Downloads/airflow/py_env/lib/python3.9/site-packages/airflow/example_dags/example_latest_only_with_trigger.py took 0.229 seconds
[2023-03-22T15:05:28.692-0400] {processor.py:153} INFO - Started process (PID=70684) to work on /Users/sunanda/Downloads/airflow/py_env/lib/python3.9/site-packages/airflow/example_dags/example_latest_only_with_trigger.py
[2023-03-22T15:05:28.695-0400] {processor.py:743} INFO - Processing file /Users/sunanda/Downloads/airflow/py_env/lib/python3.9/site-packages/airflow/example_dags/example_latest_only_with_trigger.py for tasks to queue
[2023-03-22T15:05:28.695-0400] {logging_mixin.py:137} INFO - [2023-03-22T15:05:28.695-0400] {dagbag.py:538} INFO - Filling up the DagBag from /Users/sunanda/Downloads/airflow/py_env/lib/python3.9/site-packages/airflow/example_dags/example_latest_only_with_trigger.py
[2023-03-22T15:05:28.707-0400] {processor.py:753} INFO - DAG(s) dict_keys(['latest_only_with_trigger']) retrieved from /Users/sunanda/Downloads/airflow/py_env/lib/python3.9/site-packages/airflow/example_dags/example_latest_only_with_trigger.py
[2023-03-22T15:05:28.926-0400] {logging_mixin.py:137} INFO - [2023-03-22T15:05:28.926-0400] {dag.py:2690} INFO - Sync 1 DAGs
[2023-03-22T15:05:28.934-0400] {logging_mixin.py:137} INFO - [2023-03-22T15:05:28.934-0400] {dag.py:3437} INFO - Setting next_dagrun for latest_only_with_trigger to 2023-03-22T15:05:28.934201+00:00, run_after=2023-03-22T19:05:28.934201+00:00
[2023-03-22T15:05:28.942-0400] {processor.py:175} INFO - Processing /Users/sunanda/Downloads/airflow/py_env/lib/python3.9/site-packages/airflow/example_dags/example_latest_only_with_trigger.py took 0.250 seconds
[2023-03-22T19:11:42.601-0400] {processor.py:153} INFO - Started process (PID=3811) to work on /Users/sunanda/Downloads/airflow/py_env/lib/python3.9/site-packages/airflow/example_dags/example_latest_only_with_trigger.py
[2023-03-22T19:11:42.603-0400] {processor.py:743} INFO - Processing file /Users/sunanda/Downloads/airflow/py_env/lib/python3.9/site-packages/airflow/example_dags/example_latest_only_with_trigger.py for tasks to queue
[2023-03-22T19:11:42.603-0400] {logging_mixin.py:137} INFO - [2023-03-22T19:11:42.603-0400] {dagbag.py:538} INFO - Filling up the DagBag from /Users/sunanda/Downloads/airflow/py_env/lib/python3.9/site-packages/airflow/example_dags/example_latest_only_with_trigger.py
[2023-03-22T19:11:42.613-0400] {processor.py:753} INFO - DAG(s) dict_keys(['latest_only_with_trigger']) retrieved from /Users/sunanda/Downloads/airflow/py_env/lib/python3.9/site-packages/airflow/example_dags/example_latest_only_with_trigger.py
[2023-03-22T19:11:42.813-0400] {logging_mixin.py:137} INFO - [2023-03-22T19:11:42.813-0400] {dag.py:2690} INFO - Sync 1 DAGs
[2023-03-22T19:11:42.819-0400] {logging_mixin.py:137} INFO - [2023-03-22T19:11:42.819-0400] {dag.py:3437} INFO - Setting next_dagrun for latest_only_with_trigger to 2023-03-22T19:11:42.819823+00:00, run_after=2023-03-22T23:11:42.819823+00:00
[2023-03-22T19:11:42.827-0400] {processor.py:175} INFO - Processing /Users/sunanda/Downloads/airflow/py_env/lib/python3.9/site-packages/airflow/example_dags/example_latest_only_with_trigger.py took 0.226 seconds
[2023-03-22T19:13:11.402-0400] {processor.py:153} INFO - Started process (PID=3947) to work on /Users/sunanda/Downloads/airflow/py_env/lib/python3.9/site-packages/airflow/example_dags/example_latest_only_with_trigger.py
[2023-03-22T19:13:11.404-0400] {processor.py:743} INFO - Processing file /Users/sunanda/Downloads/airflow/py_env/lib/python3.9/site-packages/airflow/example_dags/example_latest_only_with_trigger.py for tasks to queue
[2023-03-22T19:13:11.404-0400] {logging_mixin.py:137} INFO - [2023-03-22T19:13:11.404-0400] {dagbag.py:538} INFO - Filling up the DagBag from /Users/sunanda/Downloads/airflow/py_env/lib/python3.9/site-packages/airflow/example_dags/example_latest_only_with_trigger.py
[2023-03-22T19:13:11.414-0400] {processor.py:753} INFO - DAG(s) dict_keys(['latest_only_with_trigger']) retrieved from /Users/sunanda/Downloads/airflow/py_env/lib/python3.9/site-packages/airflow/example_dags/example_latest_only_with_trigger.py
[2023-03-22T19:13:11.630-0400] {logging_mixin.py:137} INFO - [2023-03-22T19:13:11.630-0400] {dag.py:2690} INFO - Sync 1 DAGs
[2023-03-22T19:13:11.637-0400] {logging_mixin.py:137} INFO - [2023-03-22T19:13:11.637-0400] {dag.py:3437} INFO - Setting next_dagrun for latest_only_with_trigger to 2023-03-22T19:13:11.637148+00:00, run_after=2023-03-22T23:13:11.637148+00:00
[2023-03-22T19:13:11.644-0400] {processor.py:175} INFO - Processing /Users/sunanda/Downloads/airflow/py_env/lib/python3.9/site-packages/airflow/example_dags/example_latest_only_with_trigger.py took 0.243 seconds
[2023-03-22T19:24:34.469-0400] {processor.py:153} INFO - Started process (PID=4786) to work on /Users/sunanda/Downloads/airflow/py_env/lib/python3.9/site-packages/airflow/example_dags/example_latest_only_with_trigger.py
[2023-03-22T19:24:34.472-0400] {processor.py:743} INFO - Processing file /Users/sunanda/Downloads/airflow/py_env/lib/python3.9/site-packages/airflow/example_dags/example_latest_only_with_trigger.py for tasks to queue
[2023-03-22T19:24:34.472-0400] {logging_mixin.py:137} INFO - [2023-03-22T19:24:34.472-0400] {dagbag.py:538} INFO - Filling up the DagBag from /Users/sunanda/Downloads/airflow/py_env/lib/python3.9/site-packages/airflow/example_dags/example_latest_only_with_trigger.py
[2023-03-22T19:24:34.482-0400] {processor.py:753} INFO - DAG(s) dict_keys(['latest_only_with_trigger']) retrieved from /Users/sunanda/Downloads/airflow/py_env/lib/python3.9/site-packages/airflow/example_dags/example_latest_only_with_trigger.py
[2023-03-22T19:24:34.681-0400] {logging_mixin.py:137} INFO - [2023-03-22T19:24:34.680-0400] {dag.py:2690} INFO - Sync 1 DAGs
[2023-03-22T19:24:34.687-0400] {logging_mixin.py:137} INFO - [2023-03-22T19:24:34.687-0400] {dag.py:3437} INFO - Setting next_dagrun for latest_only_with_trigger to 2023-03-22T19:24:34.687430+00:00, run_after=2023-03-22T23:24:34.687430+00:00
[2023-03-22T19:24:34.695-0400] {processor.py:175} INFO - Processing /Users/sunanda/Downloads/airflow/py_env/lib/python3.9/site-packages/airflow/example_dags/example_latest_only_with_trigger.py took 0.226 seconds
[2023-03-22T19:25:58.112-0400] {processor.py:153} INFO - Started process (PID=4916) to work on /Users/sunanda/Downloads/airflow/py_env/lib/python3.9/site-packages/airflow/example_dags/example_latest_only_with_trigger.py
[2023-03-22T19:25:58.114-0400] {processor.py:743} INFO - Processing file /Users/sunanda/Downloads/airflow/py_env/lib/python3.9/site-packages/airflow/example_dags/example_latest_only_with_trigger.py for tasks to queue
[2023-03-22T19:25:58.115-0400] {logging_mixin.py:137} INFO - [2023-03-22T19:25:58.115-0400] {dagbag.py:538} INFO - Filling up the DagBag from /Users/sunanda/Downloads/airflow/py_env/lib/python3.9/site-packages/airflow/example_dags/example_latest_only_with_trigger.py
[2023-03-22T19:25:58.125-0400] {processor.py:753} INFO - DAG(s) dict_keys(['latest_only_with_trigger']) retrieved from /Users/sunanda/Downloads/airflow/py_env/lib/python3.9/site-packages/airflow/example_dags/example_latest_only_with_trigger.py
[2023-03-22T19:25:58.322-0400] {logging_mixin.py:137} INFO - [2023-03-22T19:25:58.322-0400] {dag.py:2690} INFO - Sync 1 DAGs
[2023-03-22T19:25:58.329-0400] {logging_mixin.py:137} INFO - [2023-03-22T19:25:58.329-0400] {dag.py:3437} INFO - Setting next_dagrun for latest_only_with_trigger to 2023-03-22T19:25:58.329304+00:00, run_after=2023-03-22T23:25:58.329304+00:00
[2023-03-22T19:25:58.336-0400] {processor.py:175} INFO - Processing /Users/sunanda/Downloads/airflow/py_env/lib/python3.9/site-packages/airflow/example_dags/example_latest_only_with_trigger.py took 0.225 seconds
[2023-03-22T19:27:23.525-0400] {processor.py:153} INFO - Started process (PID=5049) to work on /Users/sunanda/Downloads/airflow/py_env/lib/python3.9/site-packages/airflow/example_dags/example_latest_only_with_trigger.py
[2023-03-22T19:27:23.528-0400] {processor.py:743} INFO - Processing file /Users/sunanda/Downloads/airflow/py_env/lib/python3.9/site-packages/airflow/example_dags/example_latest_only_with_trigger.py for tasks to queue
[2023-03-22T19:27:23.529-0400] {logging_mixin.py:137} INFO - [2023-03-22T19:27:23.529-0400] {dagbag.py:538} INFO - Filling up the DagBag from /Users/sunanda/Downloads/airflow/py_env/lib/python3.9/site-packages/airflow/example_dags/example_latest_only_with_trigger.py
[2023-03-22T19:27:23.541-0400] {processor.py:753} INFO - DAG(s) dict_keys(['latest_only_with_trigger']) retrieved from /Users/sunanda/Downloads/airflow/py_env/lib/python3.9/site-packages/airflow/example_dags/example_latest_only_with_trigger.py
[2023-03-22T19:27:23.743-0400] {logging_mixin.py:137} INFO - [2023-03-22T19:27:23.743-0400] {dag.py:2690} INFO - Sync 1 DAGs
[2023-03-22T19:27:23.750-0400] {logging_mixin.py:137} INFO - [2023-03-22T19:27:23.750-0400] {dag.py:3437} INFO - Setting next_dagrun for latest_only_with_trigger to 2023-03-22T19:27:23.750099+00:00, run_after=2023-03-22T23:27:23.750099+00:00
[2023-03-22T19:27:23.757-0400] {processor.py:175} INFO - Processing /Users/sunanda/Downloads/airflow/py_env/lib/python3.9/site-packages/airflow/example_dags/example_latest_only_with_trigger.py took 0.232 seconds
