[2023-03-22T14:54:23.383-0400] {processor.py:153} INFO - Started process (PID=69609) to work on /Users/sunanda/Downloads/airflow/py_env/lib/python3.9/site-packages/airflow/example_dags/example_dynamic_task_mapping.py
[2023-03-22T14:54:23.385-0400] {processor.py:743} INFO - Processing file /Users/sunanda/Downloads/airflow/py_env/lib/python3.9/site-packages/airflow/example_dags/example_dynamic_task_mapping.py for tasks to queue
[2023-03-22T14:54:23.386-0400] {logging_mixin.py:137} INFO - [2023-03-22T14:54:23.386-0400] {dagbag.py:538} INFO - Filling up the DagBag from /Users/sunanda/Downloads/airflow/py_env/lib/python3.9/site-packages/airflow/example_dags/example_dynamic_task_mapping.py
[2023-03-22T14:54:23.407-0400] {processor.py:753} INFO - DAG(s) dict_keys(['example_dynamic_task_mapping']) retrieved from /Users/sunanda/Downloads/airflow/py_env/lib/python3.9/site-packages/airflow/example_dags/example_dynamic_task_mapping.py
[2023-03-22T14:54:23.613-0400] {logging_mixin.py:137} INFO - [2023-03-22T14:54:23.613-0400] {dag.py:2690} INFO - Sync 1 DAGs
[2023-03-22T14:54:23.620-0400] {logging_mixin.py:137} INFO - [2023-03-22T14:54:23.620-0400] {dag.py:3437} INFO - Setting next_dagrun for example_dynamic_task_mapping to 2022-03-04T00:00:00+00:00, run_after=2022-03-05T00:00:00+00:00
[2023-03-22T14:54:23.629-0400] {processor.py:175} INFO - Processing /Users/sunanda/Downloads/airflow/py_env/lib/python3.9/site-packages/airflow/example_dags/example_dynamic_task_mapping.py took 0.246 seconds
[2023-03-22T14:55:46.570-0400] {processor.py:153} INFO - Started process (PID=69742) to work on /Users/sunanda/Downloads/airflow/py_env/lib/python3.9/site-packages/airflow/example_dags/example_dynamic_task_mapping.py
[2023-03-22T14:55:46.573-0400] {processor.py:743} INFO - Processing file /Users/sunanda/Downloads/airflow/py_env/lib/python3.9/site-packages/airflow/example_dags/example_dynamic_task_mapping.py for tasks to queue
[2023-03-22T14:55:46.573-0400] {logging_mixin.py:137} INFO - [2023-03-22T14:55:46.573-0400] {dagbag.py:538} INFO - Filling up the DagBag from /Users/sunanda/Downloads/airflow/py_env/lib/python3.9/site-packages/airflow/example_dags/example_dynamic_task_mapping.py
[2023-03-22T14:55:46.593-0400] {processor.py:753} INFO - DAG(s) dict_keys(['example_dynamic_task_mapping']) retrieved from /Users/sunanda/Downloads/airflow/py_env/lib/python3.9/site-packages/airflow/example_dags/example_dynamic_task_mapping.py
[2023-03-22T14:55:46.791-0400] {logging_mixin.py:137} INFO - [2023-03-22T14:55:46.791-0400] {dag.py:2690} INFO - Sync 1 DAGs
[2023-03-22T14:55:46.798-0400] {logging_mixin.py:137} INFO - [2023-03-22T14:55:46.798-0400] {dag.py:3437} INFO - Setting next_dagrun for example_dynamic_task_mapping to 2022-03-04T00:00:00+00:00, run_after=2022-03-05T00:00:00+00:00
[2023-03-22T14:55:46.806-0400] {processor.py:175} INFO - Processing /Users/sunanda/Downloads/airflow/py_env/lib/python3.9/site-packages/airflow/example_dags/example_dynamic_task_mapping.py took 0.236 seconds
[2023-03-22T14:57:08.431-0400] {processor.py:153} INFO - Started process (PID=69867) to work on /Users/sunanda/Downloads/airflow/py_env/lib/python3.9/site-packages/airflow/example_dags/example_dynamic_task_mapping.py
[2023-03-22T14:57:08.435-0400] {processor.py:743} INFO - Processing file /Users/sunanda/Downloads/airflow/py_env/lib/python3.9/site-packages/airflow/example_dags/example_dynamic_task_mapping.py for tasks to queue
[2023-03-22T14:57:08.435-0400] {logging_mixin.py:137} INFO - [2023-03-22T14:57:08.435-0400] {dagbag.py:538} INFO - Filling up the DagBag from /Users/sunanda/Downloads/airflow/py_env/lib/python3.9/site-packages/airflow/example_dags/example_dynamic_task_mapping.py
[2023-03-22T14:57:08.455-0400] {processor.py:753} INFO - DAG(s) dict_keys(['example_dynamic_task_mapping']) retrieved from /Users/sunanda/Downloads/airflow/py_env/lib/python3.9/site-packages/airflow/example_dags/example_dynamic_task_mapping.py
[2023-03-22T14:57:08.652-0400] {logging_mixin.py:137} INFO - [2023-03-22T14:57:08.652-0400] {dag.py:2690} INFO - Sync 1 DAGs
[2023-03-22T14:57:08.658-0400] {logging_mixin.py:137} INFO - [2023-03-22T14:57:08.658-0400] {dag.py:3437} INFO - Setting next_dagrun for example_dynamic_task_mapping to 2022-03-04T00:00:00+00:00, run_after=2022-03-05T00:00:00+00:00
[2023-03-22T14:57:08.666-0400] {processor.py:175} INFO - Processing /Users/sunanda/Downloads/airflow/py_env/lib/python3.9/site-packages/airflow/example_dags/example_dynamic_task_mapping.py took 0.235 seconds
[2023-03-22T14:58:31.110-0400] {processor.py:153} INFO - Started process (PID=69999) to work on /Users/sunanda/Downloads/airflow/py_env/lib/python3.9/site-packages/airflow/example_dags/example_dynamic_task_mapping.py
[2023-03-22T14:58:31.113-0400] {processor.py:743} INFO - Processing file /Users/sunanda/Downloads/airflow/py_env/lib/python3.9/site-packages/airflow/example_dags/example_dynamic_task_mapping.py for tasks to queue
[2023-03-22T14:58:31.113-0400] {logging_mixin.py:137} INFO - [2023-03-22T14:58:31.113-0400] {dagbag.py:538} INFO - Filling up the DagBag from /Users/sunanda/Downloads/airflow/py_env/lib/python3.9/site-packages/airflow/example_dags/example_dynamic_task_mapping.py
[2023-03-22T14:58:31.133-0400] {processor.py:753} INFO - DAG(s) dict_keys(['example_dynamic_task_mapping']) retrieved from /Users/sunanda/Downloads/airflow/py_env/lib/python3.9/site-packages/airflow/example_dags/example_dynamic_task_mapping.py
[2023-03-22T14:58:31.339-0400] {logging_mixin.py:137} INFO - [2023-03-22T14:58:31.339-0400] {dag.py:2690} INFO - Sync 1 DAGs
[2023-03-22T14:58:31.346-0400] {logging_mixin.py:137} INFO - [2023-03-22T14:58:31.346-0400] {dag.py:3437} INFO - Setting next_dagrun for example_dynamic_task_mapping to 2022-03-04T00:00:00+00:00, run_after=2022-03-05T00:00:00+00:00
[2023-03-22T14:58:31.354-0400] {processor.py:175} INFO - Processing /Users/sunanda/Downloads/airflow/py_env/lib/python3.9/site-packages/airflow/example_dags/example_dynamic_task_mapping.py took 0.245 seconds
[2023-03-22T14:59:58.105-0400] {processor.py:153} INFO - Started process (PID=70137) to work on /Users/sunanda/Downloads/airflow/py_env/lib/python3.9/site-packages/airflow/example_dags/example_dynamic_task_mapping.py
[2023-03-22T14:59:58.107-0400] {processor.py:743} INFO - Processing file /Users/sunanda/Downloads/airflow/py_env/lib/python3.9/site-packages/airflow/example_dags/example_dynamic_task_mapping.py for tasks to queue
[2023-03-22T14:59:58.107-0400] {logging_mixin.py:137} INFO - [2023-03-22T14:59:58.107-0400] {dagbag.py:538} INFO - Filling up the DagBag from /Users/sunanda/Downloads/airflow/py_env/lib/python3.9/site-packages/airflow/example_dags/example_dynamic_task_mapping.py
[2023-03-22T14:59:58.128-0400] {processor.py:753} INFO - DAG(s) dict_keys(['example_dynamic_task_mapping']) retrieved from /Users/sunanda/Downloads/airflow/py_env/lib/python3.9/site-packages/airflow/example_dags/example_dynamic_task_mapping.py
[2023-03-22T14:59:58.378-0400] {logging_mixin.py:137} INFO - [2023-03-22T14:59:58.378-0400] {dag.py:2690} INFO - Sync 1 DAGs
[2023-03-22T14:59:58.385-0400] {logging_mixin.py:137} INFO - [2023-03-22T14:59:58.385-0400] {dag.py:3437} INFO - Setting next_dagrun for example_dynamic_task_mapping to 2022-03-04T00:00:00+00:00, run_after=2022-03-05T00:00:00+00:00
[2023-03-22T14:59:58.393-0400] {processor.py:175} INFO - Processing /Users/sunanda/Downloads/airflow/py_env/lib/python3.9/site-packages/airflow/example_dags/example_dynamic_task_mapping.py took 0.289 seconds
[2023-03-22T15:01:24.871-0400] {processor.py:153} INFO - Started process (PID=70272) to work on /Users/sunanda/Downloads/airflow/py_env/lib/python3.9/site-packages/airflow/example_dags/example_dynamic_task_mapping.py
[2023-03-22T15:01:24.873-0400] {processor.py:743} INFO - Processing file /Users/sunanda/Downloads/airflow/py_env/lib/python3.9/site-packages/airflow/example_dags/example_dynamic_task_mapping.py for tasks to queue
[2023-03-22T15:01:24.874-0400] {logging_mixin.py:137} INFO - [2023-03-22T15:01:24.874-0400] {dagbag.py:538} INFO - Filling up the DagBag from /Users/sunanda/Downloads/airflow/py_env/lib/python3.9/site-packages/airflow/example_dags/example_dynamic_task_mapping.py
[2023-03-22T15:01:24.893-0400] {processor.py:753} INFO - DAG(s) dict_keys(['example_dynamic_task_mapping']) retrieved from /Users/sunanda/Downloads/airflow/py_env/lib/python3.9/site-packages/airflow/example_dags/example_dynamic_task_mapping.py
[2023-03-22T15:01:25.090-0400] {logging_mixin.py:137} INFO - [2023-03-22T15:01:25.089-0400] {dag.py:2690} INFO - Sync 1 DAGs
[2023-03-22T15:01:25.096-0400] {logging_mixin.py:137} INFO - [2023-03-22T15:01:25.096-0400] {dag.py:3437} INFO - Setting next_dagrun for example_dynamic_task_mapping to 2022-03-04T00:00:00+00:00, run_after=2022-03-05T00:00:00+00:00
[2023-03-22T15:01:25.104-0400] {processor.py:175} INFO - Processing /Users/sunanda/Downloads/airflow/py_env/lib/python3.9/site-packages/airflow/example_dags/example_dynamic_task_mapping.py took 0.234 seconds
[2023-03-22T15:02:53.012-0400] {processor.py:153} INFO - Started process (PID=70413) to work on /Users/sunanda/Downloads/airflow/py_env/lib/python3.9/site-packages/airflow/example_dags/example_dynamic_task_mapping.py
[2023-03-22T15:02:53.014-0400] {processor.py:743} INFO - Processing file /Users/sunanda/Downloads/airflow/py_env/lib/python3.9/site-packages/airflow/example_dags/example_dynamic_task_mapping.py for tasks to queue
[2023-03-22T15:02:53.014-0400] {logging_mixin.py:137} INFO - [2023-03-22T15:02:53.014-0400] {dagbag.py:538} INFO - Filling up the DagBag from /Users/sunanda/Downloads/airflow/py_env/lib/python3.9/site-packages/airflow/example_dags/example_dynamic_task_mapping.py
[2023-03-22T15:02:53.036-0400] {processor.py:753} INFO - DAG(s) dict_keys(['example_dynamic_task_mapping']) retrieved from /Users/sunanda/Downloads/airflow/py_env/lib/python3.9/site-packages/airflow/example_dags/example_dynamic_task_mapping.py
[2023-03-22T15:02:53.255-0400] {logging_mixin.py:137} INFO - [2023-03-22T15:02:53.255-0400] {dag.py:2690} INFO - Sync 1 DAGs
[2023-03-22T15:02:53.262-0400] {logging_mixin.py:137} INFO - [2023-03-22T15:02:53.262-0400] {dag.py:3437} INFO - Setting next_dagrun for example_dynamic_task_mapping to 2022-03-04T00:00:00+00:00, run_after=2022-03-05T00:00:00+00:00
[2023-03-22T15:02:53.270-0400] {processor.py:175} INFO - Processing /Users/sunanda/Downloads/airflow/py_env/lib/python3.9/site-packages/airflow/example_dags/example_dynamic_task_mapping.py took 0.259 seconds
[2023-03-22T15:04:14.616-0400] {processor.py:153} INFO - Started process (PID=70563) to work on /Users/sunanda/Downloads/airflow/py_env/lib/python3.9/site-packages/airflow/example_dags/example_dynamic_task_mapping.py
[2023-03-22T15:04:14.619-0400] {processor.py:743} INFO - Processing file /Users/sunanda/Downloads/airflow/py_env/lib/python3.9/site-packages/airflow/example_dags/example_dynamic_task_mapping.py for tasks to queue
[2023-03-22T15:04:14.619-0400] {logging_mixin.py:137} INFO - [2023-03-22T15:04:14.619-0400] {dagbag.py:538} INFO - Filling up the DagBag from /Users/sunanda/Downloads/airflow/py_env/lib/python3.9/site-packages/airflow/example_dags/example_dynamic_task_mapping.py
[2023-03-22T15:04:14.639-0400] {processor.py:753} INFO - DAG(s) dict_keys(['example_dynamic_task_mapping']) retrieved from /Users/sunanda/Downloads/airflow/py_env/lib/python3.9/site-packages/airflow/example_dags/example_dynamic_task_mapping.py
[2023-03-22T15:04:14.834-0400] {logging_mixin.py:137} INFO - [2023-03-22T15:04:14.834-0400] {dag.py:2690} INFO - Sync 1 DAGs
[2023-03-22T15:04:14.841-0400] {logging_mixin.py:137} INFO - [2023-03-22T15:04:14.841-0400] {dag.py:3437} INFO - Setting next_dagrun for example_dynamic_task_mapping to 2022-03-04T00:00:00+00:00, run_after=2022-03-05T00:00:00+00:00
[2023-03-22T15:04:14.849-0400] {processor.py:175} INFO - Processing /Users/sunanda/Downloads/airflow/py_env/lib/python3.9/site-packages/airflow/example_dags/example_dynamic_task_mapping.py took 0.233 seconds
[2023-03-22T15:05:35.975-0400] {processor.py:153} INFO - Started process (PID=70695) to work on /Users/sunanda/Downloads/airflow/py_env/lib/python3.9/site-packages/airflow/example_dags/example_dynamic_task_mapping.py
[2023-03-22T15:05:35.978-0400] {processor.py:743} INFO - Processing file /Users/sunanda/Downloads/airflow/py_env/lib/python3.9/site-packages/airflow/example_dags/example_dynamic_task_mapping.py for tasks to queue
[2023-03-22T15:05:35.978-0400] {logging_mixin.py:137} INFO - [2023-03-22T15:05:35.978-0400] {dagbag.py:538} INFO - Filling up the DagBag from /Users/sunanda/Downloads/airflow/py_env/lib/python3.9/site-packages/airflow/example_dags/example_dynamic_task_mapping.py
[2023-03-22T15:05:35.998-0400] {processor.py:753} INFO - DAG(s) dict_keys(['example_dynamic_task_mapping']) retrieved from /Users/sunanda/Downloads/airflow/py_env/lib/python3.9/site-packages/airflow/example_dags/example_dynamic_task_mapping.py
[2023-03-22T15:05:36.193-0400] {logging_mixin.py:137} INFO - [2023-03-22T15:05:36.193-0400] {dag.py:2690} INFO - Sync 1 DAGs
[2023-03-22T15:05:36.199-0400] {logging_mixin.py:137} INFO - [2023-03-22T15:05:36.199-0400] {dag.py:3437} INFO - Setting next_dagrun for example_dynamic_task_mapping to 2022-03-04T00:00:00+00:00, run_after=2022-03-05T00:00:00+00:00
[2023-03-22T15:05:36.207-0400] {processor.py:175} INFO - Processing /Users/sunanda/Downloads/airflow/py_env/lib/python3.9/site-packages/airflow/example_dags/example_dynamic_task_mapping.py took 0.232 seconds
[2023-03-22T19:11:50.071-0400] {processor.py:153} INFO - Started process (PID=3823) to work on /Users/sunanda/Downloads/airflow/py_env/lib/python3.9/site-packages/airflow/example_dags/example_dynamic_task_mapping.py
[2023-03-22T19:11:50.073-0400] {processor.py:743} INFO - Processing file /Users/sunanda/Downloads/airflow/py_env/lib/python3.9/site-packages/airflow/example_dags/example_dynamic_task_mapping.py for tasks to queue
[2023-03-22T19:11:50.074-0400] {logging_mixin.py:137} INFO - [2023-03-22T19:11:50.074-0400] {dagbag.py:538} INFO - Filling up the DagBag from /Users/sunanda/Downloads/airflow/py_env/lib/python3.9/site-packages/airflow/example_dags/example_dynamic_task_mapping.py
[2023-03-22T19:11:50.093-0400] {processor.py:753} INFO - DAG(s) dict_keys(['example_dynamic_task_mapping']) retrieved from /Users/sunanda/Downloads/airflow/py_env/lib/python3.9/site-packages/airflow/example_dags/example_dynamic_task_mapping.py
[2023-03-22T19:11:50.288-0400] {logging_mixin.py:137} INFO - [2023-03-22T19:11:50.288-0400] {dag.py:2690} INFO - Sync 1 DAGs
[2023-03-22T19:11:50.295-0400] {logging_mixin.py:137} INFO - [2023-03-22T19:11:50.295-0400] {dag.py:3437} INFO - Setting next_dagrun for example_dynamic_task_mapping to 2022-03-04T00:00:00+00:00, run_after=2022-03-05T00:00:00+00:00
[2023-03-22T19:11:50.303-0400] {processor.py:175} INFO - Processing /Users/sunanda/Downloads/airflow/py_env/lib/python3.9/site-packages/airflow/example_dags/example_dynamic_task_mapping.py took 0.232 seconds
[2023-03-22T19:13:18.858-0400] {processor.py:153} INFO - Started process (PID=3959) to work on /Users/sunanda/Downloads/airflow/py_env/lib/python3.9/site-packages/airflow/example_dags/example_dynamic_task_mapping.py
[2023-03-22T19:13:18.861-0400] {processor.py:743} INFO - Processing file /Users/sunanda/Downloads/airflow/py_env/lib/python3.9/site-packages/airflow/example_dags/example_dynamic_task_mapping.py for tasks to queue
[2023-03-22T19:13:18.861-0400] {logging_mixin.py:137} INFO - [2023-03-22T19:13:18.861-0400] {dagbag.py:538} INFO - Filling up the DagBag from /Users/sunanda/Downloads/airflow/py_env/lib/python3.9/site-packages/airflow/example_dags/example_dynamic_task_mapping.py
[2023-03-22T19:13:18.879-0400] {processor.py:753} INFO - DAG(s) dict_keys(['example_dynamic_task_mapping']) retrieved from /Users/sunanda/Downloads/airflow/py_env/lib/python3.9/site-packages/airflow/example_dags/example_dynamic_task_mapping.py
[2023-03-22T19:13:19.075-0400] {logging_mixin.py:137} INFO - [2023-03-22T19:13:19.075-0400] {dag.py:2690} INFO - Sync 1 DAGs
[2023-03-22T19:13:19.082-0400] {logging_mixin.py:137} INFO - [2023-03-22T19:13:19.082-0400] {dag.py:3437} INFO - Setting next_dagrun for example_dynamic_task_mapping to 2022-03-04T00:00:00+00:00, run_after=2022-03-05T00:00:00+00:00
[2023-03-22T19:13:19.090-0400] {processor.py:175} INFO - Processing /Users/sunanda/Downloads/airflow/py_env/lib/python3.9/site-packages/airflow/example_dags/example_dynamic_task_mapping.py took 0.232 seconds
[2023-03-22T19:24:41.875-0400] {processor.py:153} INFO - Started process (PID=4797) to work on /Users/sunanda/Downloads/airflow/py_env/lib/python3.9/site-packages/airflow/example_dags/example_dynamic_task_mapping.py
[2023-03-22T19:24:41.878-0400] {processor.py:743} INFO - Processing file /Users/sunanda/Downloads/airflow/py_env/lib/python3.9/site-packages/airflow/example_dags/example_dynamic_task_mapping.py for tasks to queue
[2023-03-22T19:24:41.878-0400] {logging_mixin.py:137} INFO - [2023-03-22T19:24:41.878-0400] {dagbag.py:538} INFO - Filling up the DagBag from /Users/sunanda/Downloads/airflow/py_env/lib/python3.9/site-packages/airflow/example_dags/example_dynamic_task_mapping.py
[2023-03-22T19:24:41.899-0400] {processor.py:753} INFO - DAG(s) dict_keys(['example_dynamic_task_mapping']) retrieved from /Users/sunanda/Downloads/airflow/py_env/lib/python3.9/site-packages/airflow/example_dags/example_dynamic_task_mapping.py
[2023-03-22T19:24:42.098-0400] {logging_mixin.py:137} INFO - [2023-03-22T19:24:42.098-0400] {dag.py:2690} INFO - Sync 1 DAGs
[2023-03-22T19:24:42.104-0400] {logging_mixin.py:137} INFO - [2023-03-22T19:24:42.104-0400] {dag.py:3437} INFO - Setting next_dagrun for example_dynamic_task_mapping to 2022-03-04T00:00:00+00:00, run_after=2022-03-05T00:00:00+00:00
[2023-03-22T19:24:42.112-0400] {processor.py:175} INFO - Processing /Users/sunanda/Downloads/airflow/py_env/lib/python3.9/site-packages/airflow/example_dags/example_dynamic_task_mapping.py took 0.238 seconds
[2023-03-22T19:26:05.213-0400] {processor.py:153} INFO - Started process (PID=4926) to work on /Users/sunanda/Downloads/airflow/py_env/lib/python3.9/site-packages/airflow/example_dags/example_dynamic_task_mapping.py
[2023-03-22T19:26:05.215-0400] {processor.py:743} INFO - Processing file /Users/sunanda/Downloads/airflow/py_env/lib/python3.9/site-packages/airflow/example_dags/example_dynamic_task_mapping.py for tasks to queue
[2023-03-22T19:26:05.215-0400] {logging_mixin.py:137} INFO - [2023-03-22T19:26:05.215-0400] {dagbag.py:538} INFO - Filling up the DagBag from /Users/sunanda/Downloads/airflow/py_env/lib/python3.9/site-packages/airflow/example_dags/example_dynamic_task_mapping.py
[2023-03-22T19:26:05.234-0400] {processor.py:753} INFO - DAG(s) dict_keys(['example_dynamic_task_mapping']) retrieved from /Users/sunanda/Downloads/airflow/py_env/lib/python3.9/site-packages/airflow/example_dags/example_dynamic_task_mapping.py
[2023-03-22T19:26:05.431-0400] {logging_mixin.py:137} INFO - [2023-03-22T19:26:05.431-0400] {dag.py:2690} INFO - Sync 1 DAGs
[2023-03-22T19:26:05.438-0400] {logging_mixin.py:137} INFO - [2023-03-22T19:26:05.437-0400] {dag.py:3437} INFO - Setting next_dagrun for example_dynamic_task_mapping to 2022-03-04T00:00:00+00:00, run_after=2022-03-05T00:00:00+00:00
[2023-03-22T19:26:05.445-0400] {processor.py:175} INFO - Processing /Users/sunanda/Downloads/airflow/py_env/lib/python3.9/site-packages/airflow/example_dags/example_dynamic_task_mapping.py took 0.233 seconds
[2023-03-22T19:27:31.210-0400] {processor.py:153} INFO - Started process (PID=5066) to work on /Users/sunanda/Downloads/airflow/py_env/lib/python3.9/site-packages/airflow/example_dags/example_dynamic_task_mapping.py
[2023-03-22T19:27:31.213-0400] {processor.py:743} INFO - Processing file /Users/sunanda/Downloads/airflow/py_env/lib/python3.9/site-packages/airflow/example_dags/example_dynamic_task_mapping.py for tasks to queue
[2023-03-22T19:27:31.214-0400] {logging_mixin.py:137} INFO - [2023-03-22T19:27:31.214-0400] {dagbag.py:538} INFO - Filling up the DagBag from /Users/sunanda/Downloads/airflow/py_env/lib/python3.9/site-packages/airflow/example_dags/example_dynamic_task_mapping.py
[2023-03-22T19:27:31.234-0400] {processor.py:753} INFO - DAG(s) dict_keys(['example_dynamic_task_mapping']) retrieved from /Users/sunanda/Downloads/airflow/py_env/lib/python3.9/site-packages/airflow/example_dags/example_dynamic_task_mapping.py
[2023-03-22T19:27:31.435-0400] {logging_mixin.py:137} INFO - [2023-03-22T19:27:31.435-0400] {dag.py:2690} INFO - Sync 1 DAGs
[2023-03-22T19:27:31.442-0400] {logging_mixin.py:137} INFO - [2023-03-22T19:27:31.441-0400] {dag.py:3437} INFO - Setting next_dagrun for example_dynamic_task_mapping to 2022-03-04T00:00:00+00:00, run_after=2022-03-05T00:00:00+00:00
[2023-03-22T19:27:31.450-0400] {processor.py:175} INFO - Processing /Users/sunanda/Downloads/airflow/py_env/lib/python3.9/site-packages/airflow/example_dags/example_dynamic_task_mapping.py took 0.240 seconds
