[2023-03-22T14:53:51.595-0400] {processor.py:153} INFO - Started process (PID=69559) to work on /Users/sunanda/Downloads/airflow/py_env/lib/python3.9/site-packages/airflow/example_dags/example_time_delta_sensor_async.py
[2023-03-22T14:53:51.597-0400] {processor.py:743} INFO - Processing file /Users/sunanda/Downloads/airflow/py_env/lib/python3.9/site-packages/airflow/example_dags/example_time_delta_sensor_async.py for tasks to queue
[2023-03-22T14:53:51.597-0400] {logging_mixin.py:137} INFO - [2023-03-22T14:53:51.597-0400] {dagbag.py:538} INFO - Filling up the DagBag from /Users/sunanda/Downloads/airflow/py_env/lib/python3.9/site-packages/airflow/example_dags/example_time_delta_sensor_async.py
[2023-03-22T14:53:51.614-0400] {processor.py:753} INFO - DAG(s) dict_keys(['example_time_delta_sensor_async']) retrieved from /Users/sunanda/Downloads/airflow/py_env/lib/python3.9/site-packages/airflow/example_dags/example_time_delta_sensor_async.py
[2023-03-22T14:53:51.889-0400] {logging_mixin.py:137} INFO - [2023-03-22T14:53:51.889-0400] {dag.py:2690} INFO - Sync 1 DAGs
[2023-03-22T14:53:51.896-0400] {logging_mixin.py:137} INFO - [2023-03-22T14:53:51.896-0400] {dag.py:3437} INFO - Setting next_dagrun for example_time_delta_sensor_async to None, run_after=None
[2023-03-22T14:53:51.904-0400] {processor.py:175} INFO - Processing /Users/sunanda/Downloads/airflow/py_env/lib/python3.9/site-packages/airflow/example_dags/example_time_delta_sensor_async.py took 0.310 seconds
[2023-03-22T14:55:04.552-0400] {processor.py:153} INFO - Started process (PID=69675) to work on /Users/sunanda/Downloads/airflow/py_env/lib/python3.9/site-packages/airflow/example_dags/example_time_delta_sensor_async.py
[2023-03-22T14:55:04.556-0400] {processor.py:743} INFO - Processing file /Users/sunanda/Downloads/airflow/py_env/lib/python3.9/site-packages/airflow/example_dags/example_time_delta_sensor_async.py for tasks to queue
[2023-03-22T14:55:04.557-0400] {logging_mixin.py:137} INFO - [2023-03-22T14:55:04.557-0400] {dagbag.py:538} INFO - Filling up the DagBag from /Users/sunanda/Downloads/airflow/py_env/lib/python3.9/site-packages/airflow/example_dags/example_time_delta_sensor_async.py
[2023-03-22T14:55:04.573-0400] {processor.py:753} INFO - DAG(s) dict_keys(['example_time_delta_sensor_async']) retrieved from /Users/sunanda/Downloads/airflow/py_env/lib/python3.9/site-packages/airflow/example_dags/example_time_delta_sensor_async.py
[2023-03-22T14:55:04.790-0400] {logging_mixin.py:137} INFO - [2023-03-22T14:55:04.790-0400] {dag.py:2690} INFO - Sync 1 DAGs
[2023-03-22T14:55:04.797-0400] {logging_mixin.py:137} INFO - [2023-03-22T14:55:04.797-0400] {dag.py:3437} INFO - Setting next_dagrun for example_time_delta_sensor_async to None, run_after=None
[2023-03-22T14:55:04.805-0400] {processor.py:175} INFO - Processing /Users/sunanda/Downloads/airflow/py_env/lib/python3.9/site-packages/airflow/example_dags/example_time_delta_sensor_async.py took 0.253 seconds
[2023-03-22T14:56:24.502-0400] {processor.py:153} INFO - Started process (PID=69800) to work on /Users/sunanda/Downloads/airflow/py_env/lib/python3.9/site-packages/airflow/example_dags/example_time_delta_sensor_async.py
[2023-03-22T14:56:24.505-0400] {processor.py:743} INFO - Processing file /Users/sunanda/Downloads/airflow/py_env/lib/python3.9/site-packages/airflow/example_dags/example_time_delta_sensor_async.py for tasks to queue
[2023-03-22T14:56:24.506-0400] {logging_mixin.py:137} INFO - [2023-03-22T14:56:24.505-0400] {dagbag.py:538} INFO - Filling up the DagBag from /Users/sunanda/Downloads/airflow/py_env/lib/python3.9/site-packages/airflow/example_dags/example_time_delta_sensor_async.py
[2023-03-22T14:56:24.522-0400] {processor.py:753} INFO - DAG(s) dict_keys(['example_time_delta_sensor_async']) retrieved from /Users/sunanda/Downloads/airflow/py_env/lib/python3.9/site-packages/airflow/example_dags/example_time_delta_sensor_async.py
[2023-03-22T14:56:24.772-0400] {logging_mixin.py:137} INFO - [2023-03-22T14:56:24.772-0400] {dag.py:2690} INFO - Sync 1 DAGs
[2023-03-22T14:56:24.778-0400] {logging_mixin.py:137} INFO - [2023-03-22T14:56:24.778-0400] {dag.py:3437} INFO - Setting next_dagrun for example_time_delta_sensor_async to None, run_after=None
[2023-03-22T14:56:24.786-0400] {processor.py:175} INFO - Processing /Users/sunanda/Downloads/airflow/py_env/lib/python3.9/site-packages/airflow/example_dags/example_time_delta_sensor_async.py took 0.284 seconds
[2023-03-22T14:57:44.754-0400] {processor.py:153} INFO - Started process (PID=69926) to work on /Users/sunanda/Downloads/airflow/py_env/lib/python3.9/site-packages/airflow/example_dags/example_time_delta_sensor_async.py
[2023-03-22T14:57:44.756-0400] {processor.py:743} INFO - Processing file /Users/sunanda/Downloads/airflow/py_env/lib/python3.9/site-packages/airflow/example_dags/example_time_delta_sensor_async.py for tasks to queue
[2023-03-22T14:57:44.757-0400] {logging_mixin.py:137} INFO - [2023-03-22T14:57:44.757-0400] {dagbag.py:538} INFO - Filling up the DagBag from /Users/sunanda/Downloads/airflow/py_env/lib/python3.9/site-packages/airflow/example_dags/example_time_delta_sensor_async.py
[2023-03-22T14:57:44.785-0400] {processor.py:753} INFO - DAG(s) dict_keys(['example_time_delta_sensor_async']) retrieved from /Users/sunanda/Downloads/airflow/py_env/lib/python3.9/site-packages/airflow/example_dags/example_time_delta_sensor_async.py
[2023-03-22T14:57:45.062-0400] {logging_mixin.py:137} INFO - [2023-03-22T14:57:45.062-0400] {dag.py:2690} INFO - Sync 1 DAGs
[2023-03-22T14:57:45.069-0400] {logging_mixin.py:137} INFO - [2023-03-22T14:57:45.069-0400] {dag.py:3437} INFO - Setting next_dagrun for example_time_delta_sensor_async to None, run_after=None
[2023-03-22T14:57:45.077-0400] {processor.py:175} INFO - Processing /Users/sunanda/Downloads/airflow/py_env/lib/python3.9/site-packages/airflow/example_dags/example_time_delta_sensor_async.py took 0.324 seconds
[2023-03-22T14:59:13.060-0400] {processor.py:153} INFO - Started process (PID=70066) to work on /Users/sunanda/Downloads/airflow/py_env/lib/python3.9/site-packages/airflow/example_dags/example_time_delta_sensor_async.py
[2023-03-22T14:59:13.063-0400] {processor.py:743} INFO - Processing file /Users/sunanda/Downloads/airflow/py_env/lib/python3.9/site-packages/airflow/example_dags/example_time_delta_sensor_async.py for tasks to queue
[2023-03-22T14:59:13.064-0400] {logging_mixin.py:137} INFO - [2023-03-22T14:59:13.064-0400] {dagbag.py:538} INFO - Filling up the DagBag from /Users/sunanda/Downloads/airflow/py_env/lib/python3.9/site-packages/airflow/example_dags/example_time_delta_sensor_async.py
[2023-03-22T14:59:13.079-0400] {processor.py:753} INFO - DAG(s) dict_keys(['example_time_delta_sensor_async']) retrieved from /Users/sunanda/Downloads/airflow/py_env/lib/python3.9/site-packages/airflow/example_dags/example_time_delta_sensor_async.py
[2023-03-22T14:59:13.311-0400] {logging_mixin.py:137} INFO - [2023-03-22T14:59:13.311-0400] {dag.py:2690} INFO - Sync 1 DAGs
[2023-03-22T14:59:13.318-0400] {logging_mixin.py:137} INFO - [2023-03-22T14:59:13.318-0400] {dag.py:3437} INFO - Setting next_dagrun for example_time_delta_sensor_async to None, run_after=None
[2023-03-22T14:59:13.326-0400] {processor.py:175} INFO - Processing /Users/sunanda/Downloads/airflow/py_env/lib/python3.9/site-packages/airflow/example_dags/example_time_delta_sensor_async.py took 0.266 seconds
[2023-03-22T15:00:37.794-0400] {processor.py:153} INFO - Started process (PID=70198) to work on /Users/sunanda/Downloads/airflow/py_env/lib/python3.9/site-packages/airflow/example_dags/example_time_delta_sensor_async.py
[2023-03-22T15:00:37.796-0400] {processor.py:743} INFO - Processing file /Users/sunanda/Downloads/airflow/py_env/lib/python3.9/site-packages/airflow/example_dags/example_time_delta_sensor_async.py for tasks to queue
[2023-03-22T15:00:37.797-0400] {logging_mixin.py:137} INFO - [2023-03-22T15:00:37.797-0400] {dagbag.py:538} INFO - Filling up the DagBag from /Users/sunanda/Downloads/airflow/py_env/lib/python3.9/site-packages/airflow/example_dags/example_time_delta_sensor_async.py
[2023-03-22T15:00:37.812-0400] {processor.py:753} INFO - DAG(s) dict_keys(['example_time_delta_sensor_async']) retrieved from /Users/sunanda/Downloads/airflow/py_env/lib/python3.9/site-packages/airflow/example_dags/example_time_delta_sensor_async.py
[2023-03-22T15:00:38.042-0400] {logging_mixin.py:137} INFO - [2023-03-22T15:00:38.042-0400] {dag.py:2690} INFO - Sync 1 DAGs
[2023-03-22T15:00:38.049-0400] {logging_mixin.py:137} INFO - [2023-03-22T15:00:38.049-0400] {dag.py:3437} INFO - Setting next_dagrun for example_time_delta_sensor_async to None, run_after=None
[2023-03-22T15:00:38.057-0400] {processor.py:175} INFO - Processing /Users/sunanda/Downloads/airflow/py_env/lib/python3.9/site-packages/airflow/example_dags/example_time_delta_sensor_async.py took 0.264 seconds
[2023-03-22T15:02:03.712-0400] {processor.py:153} INFO - Started process (PID=70339) to work on /Users/sunanda/Downloads/airflow/py_env/lib/python3.9/site-packages/airflow/example_dags/example_time_delta_sensor_async.py
[2023-03-22T15:02:03.718-0400] {processor.py:743} INFO - Processing file /Users/sunanda/Downloads/airflow/py_env/lib/python3.9/site-packages/airflow/example_dags/example_time_delta_sensor_async.py for tasks to queue
[2023-03-22T15:02:03.718-0400] {logging_mixin.py:137} INFO - [2023-03-22T15:02:03.718-0400] {dagbag.py:538} INFO - Filling up the DagBag from /Users/sunanda/Downloads/airflow/py_env/lib/python3.9/site-packages/airflow/example_dags/example_time_delta_sensor_async.py
[2023-03-22T15:02:03.735-0400] {processor.py:753} INFO - DAG(s) dict_keys(['example_time_delta_sensor_async']) retrieved from /Users/sunanda/Downloads/airflow/py_env/lib/python3.9/site-packages/airflow/example_dags/example_time_delta_sensor_async.py
[2023-03-22T15:02:04.002-0400] {logging_mixin.py:137} INFO - [2023-03-22T15:02:04.002-0400] {dag.py:2690} INFO - Sync 1 DAGs
[2023-03-22T15:02:04.009-0400] {logging_mixin.py:137} INFO - [2023-03-22T15:02:04.009-0400] {dag.py:3437} INFO - Setting next_dagrun for example_time_delta_sensor_async to None, run_after=None
[2023-03-22T15:02:04.016-0400] {processor.py:175} INFO - Processing /Users/sunanda/Downloads/airflow/py_env/lib/python3.9/site-packages/airflow/example_dags/example_time_delta_sensor_async.py took 0.305 seconds
[2023-03-22T15:03:30.123-0400] {processor.py:153} INFO - Started process (PID=70471) to work on /Users/sunanda/Downloads/airflow/py_env/lib/python3.9/site-packages/airflow/example_dags/example_time_delta_sensor_async.py
[2023-03-22T15:03:30.125-0400] {processor.py:743} INFO - Processing file /Users/sunanda/Downloads/airflow/py_env/lib/python3.9/site-packages/airflow/example_dags/example_time_delta_sensor_async.py for tasks to queue
[2023-03-22T15:03:30.125-0400] {logging_mixin.py:137} INFO - [2023-03-22T15:03:30.125-0400] {dagbag.py:538} INFO - Filling up the DagBag from /Users/sunanda/Downloads/airflow/py_env/lib/python3.9/site-packages/airflow/example_dags/example_time_delta_sensor_async.py
[2023-03-22T15:03:30.141-0400] {processor.py:753} INFO - DAG(s) dict_keys(['example_time_delta_sensor_async']) retrieved from /Users/sunanda/Downloads/airflow/py_env/lib/python3.9/site-packages/airflow/example_dags/example_time_delta_sensor_async.py
[2023-03-22T15:03:30.372-0400] {logging_mixin.py:137} INFO - [2023-03-22T15:03:30.372-0400] {dag.py:2690} INFO - Sync 1 DAGs
[2023-03-22T15:03:30.379-0400] {logging_mixin.py:137} INFO - [2023-03-22T15:03:30.379-0400] {dag.py:3437} INFO - Setting next_dagrun for example_time_delta_sensor_async to None, run_after=None
[2023-03-22T15:03:30.387-0400] {processor.py:175} INFO - Processing /Users/sunanda/Downloads/airflow/py_env/lib/python3.9/site-packages/airflow/example_dags/example_time_delta_sensor_async.py took 0.265 seconds
[2023-03-22T15:04:49.028-0400] {processor.py:153} INFO - Started process (PID=70618) to work on /Users/sunanda/Downloads/airflow/py_env/lib/python3.9/site-packages/airflow/example_dags/example_time_delta_sensor_async.py
[2023-03-22T15:04:49.030-0400] {processor.py:743} INFO - Processing file /Users/sunanda/Downloads/airflow/py_env/lib/python3.9/site-packages/airflow/example_dags/example_time_delta_sensor_async.py for tasks to queue
[2023-03-22T15:04:49.030-0400] {logging_mixin.py:137} INFO - [2023-03-22T15:04:49.030-0400] {dagbag.py:538} INFO - Filling up the DagBag from /Users/sunanda/Downloads/airflow/py_env/lib/python3.9/site-packages/airflow/example_dags/example_time_delta_sensor_async.py
[2023-03-22T15:04:49.044-0400] {processor.py:753} INFO - DAG(s) dict_keys(['example_time_delta_sensor_async']) retrieved from /Users/sunanda/Downloads/airflow/py_env/lib/python3.9/site-packages/airflow/example_dags/example_time_delta_sensor_async.py
[2023-03-22T15:04:49.265-0400] {logging_mixin.py:137} INFO - [2023-03-22T15:04:49.264-0400] {dag.py:2690} INFO - Sync 1 DAGs
[2023-03-22T15:04:49.272-0400] {logging_mixin.py:137} INFO - [2023-03-22T15:04:49.272-0400] {dag.py:3437} INFO - Setting next_dagrun for example_time_delta_sensor_async to None, run_after=None
[2023-03-22T15:04:49.279-0400] {processor.py:175} INFO - Processing /Users/sunanda/Downloads/airflow/py_env/lib/python3.9/site-packages/airflow/example_dags/example_time_delta_sensor_async.py took 0.252 seconds
[2023-03-22T16:18:32.232-0400] {processor.py:153} INFO - Started process (PID=74865) to work on /Users/sunanda/Downloads/airflow/py_env/lib/python3.9/site-packages/airflow/example_dags/example_time_delta_sensor_async.py
[2023-03-22T16:18:32.235-0400] {processor.py:743} INFO - Processing file /Users/sunanda/Downloads/airflow/py_env/lib/python3.9/site-packages/airflow/example_dags/example_time_delta_sensor_async.py for tasks to queue
[2023-03-22T16:18:32.235-0400] {logging_mixin.py:137} INFO - [2023-03-22T16:18:32.235-0400] {dagbag.py:538} INFO - Filling up the DagBag from /Users/sunanda/Downloads/airflow/py_env/lib/python3.9/site-packages/airflow/example_dags/example_time_delta_sensor_async.py
[2023-03-22T16:18:32.252-0400] {processor.py:753} INFO - DAG(s) dict_keys(['example_time_delta_sensor_async']) retrieved from /Users/sunanda/Downloads/airflow/py_env/lib/python3.9/site-packages/airflow/example_dags/example_time_delta_sensor_async.py
[2023-03-22T16:18:32.841-0400] {logging_mixin.py:137} INFO - [2023-03-22T16:18:32.841-0400] {dag.py:2690} INFO - Sync 1 DAGs
[2023-03-22T16:18:32.874-0400] {logging_mixin.py:137} INFO - [2023-03-22T16:18:32.871-0400] {dag.py:3437} INFO - Setting next_dagrun for example_time_delta_sensor_async to None, run_after=None
[2023-03-22T16:18:32.883-0400] {processor.py:175} INFO - Processing /Users/sunanda/Downloads/airflow/py_env/lib/python3.9/site-packages/airflow/example_dags/example_time_delta_sensor_async.py took 0.652 seconds
[2023-03-22T16:26:43.359-0400] {processor.py:153} INFO - Started process (PID=75410) to work on /Users/sunanda/Downloads/airflow/py_env/lib/python3.9/site-packages/airflow/example_dags/example_time_delta_sensor_async.py
[2023-03-22T16:26:43.363-0400] {processor.py:743} INFO - Processing file /Users/sunanda/Downloads/airflow/py_env/lib/python3.9/site-packages/airflow/example_dags/example_time_delta_sensor_async.py for tasks to queue
[2023-03-22T16:26:43.363-0400] {logging_mixin.py:137} INFO - [2023-03-22T16:26:43.363-0400] {dagbag.py:538} INFO - Filling up the DagBag from /Users/sunanda/Downloads/airflow/py_env/lib/python3.9/site-packages/airflow/example_dags/example_time_delta_sensor_async.py
[2023-03-22T16:26:43.381-0400] {processor.py:753} INFO - DAG(s) dict_keys(['example_time_delta_sensor_async']) retrieved from /Users/sunanda/Downloads/airflow/py_env/lib/python3.9/site-packages/airflow/example_dags/example_time_delta_sensor_async.py
[2023-03-22T16:26:44.070-0400] {logging_mixin.py:137} INFO - [2023-03-22T16:26:44.070-0400] {dag.py:2690} INFO - Sync 1 DAGs
[2023-03-22T16:26:44.087-0400] {logging_mixin.py:137} INFO - [2023-03-22T16:26:44.087-0400] {dag.py:3437} INFO - Setting next_dagrun for example_time_delta_sensor_async to None, run_after=None
[2023-03-22T16:26:44.095-0400] {processor.py:175} INFO - Processing /Users/sunanda/Downloads/airflow/py_env/lib/python3.9/site-packages/airflow/example_dags/example_time_delta_sensor_async.py took 0.736 seconds
[2023-03-22T19:11:18.264-0400] {processor.py:153} INFO - Started process (PID=3771) to work on /Users/sunanda/Downloads/airflow/py_env/lib/python3.9/site-packages/airflow/example_dags/example_time_delta_sensor_async.py
[2023-03-22T19:11:18.266-0400] {processor.py:743} INFO - Processing file /Users/sunanda/Downloads/airflow/py_env/lib/python3.9/site-packages/airflow/example_dags/example_time_delta_sensor_async.py for tasks to queue
[2023-03-22T19:11:18.267-0400] {logging_mixin.py:137} INFO - [2023-03-22T19:11:18.267-0400] {dagbag.py:538} INFO - Filling up the DagBag from /Users/sunanda/Downloads/airflow/py_env/lib/python3.9/site-packages/airflow/example_dags/example_time_delta_sensor_async.py
[2023-03-22T19:11:18.281-0400] {processor.py:753} INFO - DAG(s) dict_keys(['example_time_delta_sensor_async']) retrieved from /Users/sunanda/Downloads/airflow/py_env/lib/python3.9/site-packages/airflow/example_dags/example_time_delta_sensor_async.py
[2023-03-22T19:11:18.505-0400] {logging_mixin.py:137} INFO - [2023-03-22T19:11:18.505-0400] {dag.py:2690} INFO - Sync 1 DAGs
[2023-03-22T19:11:18.511-0400] {logging_mixin.py:137} INFO - [2023-03-22T19:11:18.511-0400] {dag.py:3437} INFO - Setting next_dagrun for example_time_delta_sensor_async to None, run_after=None
[2023-03-22T19:11:18.519-0400] {processor.py:175} INFO - Processing /Users/sunanda/Downloads/airflow/py_env/lib/python3.9/site-packages/airflow/example_dags/example_time_delta_sensor_async.py took 0.255 seconds
[2023-03-22T19:12:30.444-0400] {processor.py:153} INFO - Started process (PID=3884) to work on /Users/sunanda/Downloads/airflow/py_env/lib/python3.9/site-packages/airflow/example_dags/example_time_delta_sensor_async.py
[2023-03-22T19:12:30.447-0400] {processor.py:743} INFO - Processing file /Users/sunanda/Downloads/airflow/py_env/lib/python3.9/site-packages/airflow/example_dags/example_time_delta_sensor_async.py for tasks to queue
[2023-03-22T19:12:30.447-0400] {logging_mixin.py:137} INFO - [2023-03-22T19:12:30.447-0400] {dagbag.py:538} INFO - Filling up the DagBag from /Users/sunanda/Downloads/airflow/py_env/lib/python3.9/site-packages/airflow/example_dags/example_time_delta_sensor_async.py
[2023-03-22T19:12:30.462-0400] {processor.py:753} INFO - DAG(s) dict_keys(['example_time_delta_sensor_async']) retrieved from /Users/sunanda/Downloads/airflow/py_env/lib/python3.9/site-packages/airflow/example_dags/example_time_delta_sensor_async.py
[2023-03-22T19:12:30.684-0400] {logging_mixin.py:137} INFO - [2023-03-22T19:12:30.684-0400] {dag.py:2690} INFO - Sync 1 DAGs
[2023-03-22T19:12:30.691-0400] {logging_mixin.py:137} INFO - [2023-03-22T19:12:30.691-0400] {dag.py:3437} INFO - Setting next_dagrun for example_time_delta_sensor_async to None, run_after=None
[2023-03-22T19:12:30.698-0400] {processor.py:175} INFO - Processing /Users/sunanda/Downloads/airflow/py_env/lib/python3.9/site-packages/airflow/example_dags/example_time_delta_sensor_async.py took 0.254 seconds
[2023-03-22T19:14:11.460-0400] {processor.py:153} INFO - Started process (PID=4048) to work on /Users/sunanda/Downloads/airflow/py_env/lib/python3.9/site-packages/airflow/example_dags/example_time_delta_sensor_async.py
[2023-03-22T19:14:11.462-0400] {processor.py:743} INFO - Processing file /Users/sunanda/Downloads/airflow/py_env/lib/python3.9/site-packages/airflow/example_dags/example_time_delta_sensor_async.py for tasks to queue
[2023-03-22T19:14:11.463-0400] {logging_mixin.py:137} INFO - [2023-03-22T19:14:11.463-0400] {dagbag.py:538} INFO - Filling up the DagBag from /Users/sunanda/Downloads/airflow/py_env/lib/python3.9/site-packages/airflow/example_dags/example_time_delta_sensor_async.py
[2023-03-22T19:14:11.479-0400] {processor.py:753} INFO - DAG(s) dict_keys(['example_time_delta_sensor_async']) retrieved from /Users/sunanda/Downloads/airflow/py_env/lib/python3.9/site-packages/airflow/example_dags/example_time_delta_sensor_async.py
[2023-03-22T19:14:11.715-0400] {logging_mixin.py:137} INFO - [2023-03-22T19:14:11.715-0400] {dag.py:2690} INFO - Sync 1 DAGs
[2023-03-22T19:14:11.722-0400] {logging_mixin.py:137} INFO - [2023-03-22T19:14:11.722-0400] {dag.py:3437} INFO - Setting next_dagrun for example_time_delta_sensor_async to None, run_after=None
[2023-03-22T19:14:11.730-0400] {processor.py:175} INFO - Processing /Users/sunanda/Downloads/airflow/py_env/lib/python3.9/site-packages/airflow/example_dags/example_time_delta_sensor_async.py took 0.270 seconds
[2023-03-22T19:21:09.045-0400] {processor.py:153} INFO - Started process (PID=4532) to work on /Users/sunanda/Downloads/airflow/py_env/lib/python3.9/site-packages/airflow/example_dags/example_time_delta_sensor_async.py
[2023-03-22T19:21:09.048-0400] {processor.py:743} INFO - Processing file /Users/sunanda/Downloads/airflow/py_env/lib/python3.9/site-packages/airflow/example_dags/example_time_delta_sensor_async.py for tasks to queue
[2023-03-22T19:21:09.048-0400] {logging_mixin.py:137} INFO - [2023-03-22T19:21:09.048-0400] {dagbag.py:538} INFO - Filling up the DagBag from /Users/sunanda/Downloads/airflow/py_env/lib/python3.9/site-packages/airflow/example_dags/example_time_delta_sensor_async.py
[2023-03-22T19:21:09.066-0400] {processor.py:753} INFO - DAG(s) dict_keys(['example_time_delta_sensor_async']) retrieved from /Users/sunanda/Downloads/airflow/py_env/lib/python3.9/site-packages/airflow/example_dags/example_time_delta_sensor_async.py
[2023-03-22T19:21:09.340-0400] {logging_mixin.py:137} INFO - [2023-03-22T19:21:09.340-0400] {dag.py:2690} INFO - Sync 1 DAGs
[2023-03-22T19:21:09.348-0400] {logging_mixin.py:137} INFO - [2023-03-22T19:21:09.348-0400] {dag.py:3437} INFO - Setting next_dagrun for example_time_delta_sensor_async to None, run_after=None
[2023-03-22T19:21:09.356-0400] {processor.py:175} INFO - Processing /Users/sunanda/Downloads/airflow/py_env/lib/python3.9/site-packages/airflow/example_dags/example_time_delta_sensor_async.py took 0.311 seconds
[2023-03-22T19:24:09.224-0400] {processor.py:153} INFO - Started process (PID=4748) to work on /Users/sunanda/Downloads/airflow/py_env/lib/python3.9/site-packages/airflow/example_dags/example_time_delta_sensor_async.py
[2023-03-22T19:24:09.228-0400] {processor.py:743} INFO - Processing file /Users/sunanda/Downloads/airflow/py_env/lib/python3.9/site-packages/airflow/example_dags/example_time_delta_sensor_async.py for tasks to queue
[2023-03-22T19:24:09.228-0400] {logging_mixin.py:137} INFO - [2023-03-22T19:24:09.228-0400] {dagbag.py:538} INFO - Filling up the DagBag from /Users/sunanda/Downloads/airflow/py_env/lib/python3.9/site-packages/airflow/example_dags/example_time_delta_sensor_async.py
[2023-03-22T19:24:09.243-0400] {processor.py:753} INFO - DAG(s) dict_keys(['example_time_delta_sensor_async']) retrieved from /Users/sunanda/Downloads/airflow/py_env/lib/python3.9/site-packages/airflow/example_dags/example_time_delta_sensor_async.py
[2023-03-22T19:24:09.465-0400] {logging_mixin.py:137} INFO - [2023-03-22T19:24:09.465-0400] {dag.py:2690} INFO - Sync 1 DAGs
[2023-03-22T19:24:09.471-0400] {logging_mixin.py:137} INFO - [2023-03-22T19:24:09.471-0400] {dag.py:3437} INFO - Setting next_dagrun for example_time_delta_sensor_async to None, run_after=None
[2023-03-22T19:24:09.479-0400] {processor.py:175} INFO - Processing /Users/sunanda/Downloads/airflow/py_env/lib/python3.9/site-packages/airflow/example_dags/example_time_delta_sensor_async.py took 0.255 seconds
[2023-03-22T19:25:22.076-0400] {processor.py:153} INFO - Started process (PID=4860) to work on /Users/sunanda/Downloads/airflow/py_env/lib/python3.9/site-packages/airflow/example_dags/example_time_delta_sensor_async.py
[2023-03-22T19:25:22.079-0400] {processor.py:743} INFO - Processing file /Users/sunanda/Downloads/airflow/py_env/lib/python3.9/site-packages/airflow/example_dags/example_time_delta_sensor_async.py for tasks to queue
[2023-03-22T19:25:22.079-0400] {logging_mixin.py:137} INFO - [2023-03-22T19:25:22.079-0400] {dagbag.py:538} INFO - Filling up the DagBag from /Users/sunanda/Downloads/airflow/py_env/lib/python3.9/site-packages/airflow/example_dags/example_time_delta_sensor_async.py
[2023-03-22T19:25:22.095-0400] {processor.py:753} INFO - DAG(s) dict_keys(['example_time_delta_sensor_async']) retrieved from /Users/sunanda/Downloads/airflow/py_env/lib/python3.9/site-packages/airflow/example_dags/example_time_delta_sensor_async.py
[2023-03-22T19:25:22.316-0400] {logging_mixin.py:137} INFO - [2023-03-22T19:25:22.316-0400] {dag.py:2690} INFO - Sync 1 DAGs
[2023-03-22T19:25:22.323-0400] {logging_mixin.py:137} INFO - [2023-03-22T19:25:22.323-0400] {dag.py:3437} INFO - Setting next_dagrun for example_time_delta_sensor_async to None, run_after=None
[2023-03-22T19:25:22.331-0400] {processor.py:175} INFO - Processing /Users/sunanda/Downloads/airflow/py_env/lib/python3.9/site-packages/airflow/example_dags/example_time_delta_sensor_async.py took 0.255 seconds
[2023-03-22T19:26:44.612-0400] {processor.py:153} INFO - Started process (PID=4987) to work on /Users/sunanda/Downloads/airflow/py_env/lib/python3.9/site-packages/airflow/example_dags/example_time_delta_sensor_async.py
[2023-03-22T19:26:44.619-0400] {processor.py:743} INFO - Processing file /Users/sunanda/Downloads/airflow/py_env/lib/python3.9/site-packages/airflow/example_dags/example_time_delta_sensor_async.py for tasks to queue
[2023-03-22T19:26:44.619-0400] {logging_mixin.py:137} INFO - [2023-03-22T19:26:44.619-0400] {dagbag.py:538} INFO - Filling up the DagBag from /Users/sunanda/Downloads/airflow/py_env/lib/python3.9/site-packages/airflow/example_dags/example_time_delta_sensor_async.py
[2023-03-22T19:26:44.641-0400] {processor.py:753} INFO - DAG(s) dict_keys(['example_time_delta_sensor_async']) retrieved from /Users/sunanda/Downloads/airflow/py_env/lib/python3.9/site-packages/airflow/example_dags/example_time_delta_sensor_async.py
[2023-03-22T19:26:45.182-0400] {logging_mixin.py:137} INFO - [2023-03-22T19:26:45.181-0400] {dag.py:2690} INFO - Sync 1 DAGs
[2023-03-22T19:26:45.192-0400] {logging_mixin.py:137} INFO - [2023-03-22T19:26:45.192-0400] {dag.py:3437} INFO - Setting next_dagrun for example_time_delta_sensor_async to None, run_after=None
[2023-03-22T19:26:45.201-0400] {processor.py:175} INFO - Processing /Users/sunanda/Downloads/airflow/py_env/lib/python3.9/site-packages/airflow/example_dags/example_time_delta_sensor_async.py took 0.590 seconds
