[2023-03-22T14:54:12.454-0400] {processor.py:153} INFO - Started process (PID=69592) to work on /Users/sunanda/Downloads/airflow/py_env/lib/python3.9/site-packages/airflow/example_dags/example_nested_branch_dag.py
[2023-03-22T14:54:12.456-0400] {processor.py:743} INFO - Processing file /Users/sunanda/Downloads/airflow/py_env/lib/python3.9/site-packages/airflow/example_dags/example_nested_branch_dag.py for tasks to queue
[2023-03-22T14:54:12.456-0400] {logging_mixin.py:137} INFO - [2023-03-22T14:54:12.456-0400] {dagbag.py:538} INFO - Filling up the DagBag from /Users/sunanda/Downloads/airflow/py_env/lib/python3.9/site-packages/airflow/example_dags/example_nested_branch_dag.py
[2023-03-22T14:54:12.477-0400] {processor.py:753} INFO - DAG(s) dict_keys(['example_nested_branch_dag']) retrieved from /Users/sunanda/Downloads/airflow/py_env/lib/python3.9/site-packages/airflow/example_dags/example_nested_branch_dag.py
[2023-03-22T14:54:12.681-0400] {logging_mixin.py:137} INFO - [2023-03-22T14:54:12.681-0400] {dag.py:2690} INFO - Sync 1 DAGs
[2023-03-22T14:54:12.688-0400] {logging_mixin.py:137} INFO - [2023-03-22T14:54:12.688-0400] {dag.py:3437} INFO - Setting next_dagrun for example_nested_branch_dag to 2023-03-21T00:00:00+00:00, run_after=2023-03-22T00:00:00+00:00
[2023-03-22T14:54:12.697-0400] {processor.py:175} INFO - Processing /Users/sunanda/Downloads/airflow/py_env/lib/python3.9/site-packages/airflow/example_dags/example_nested_branch_dag.py took 0.244 seconds
[2023-03-22T14:55:36.371-0400] {processor.py:153} INFO - Started process (PID=69726) to work on /Users/sunanda/Downloads/airflow/py_env/lib/python3.9/site-packages/airflow/example_dags/example_nested_branch_dag.py
[2023-03-22T14:55:36.373-0400] {processor.py:743} INFO - Processing file /Users/sunanda/Downloads/airflow/py_env/lib/python3.9/site-packages/airflow/example_dags/example_nested_branch_dag.py for tasks to queue
[2023-03-22T14:55:36.373-0400] {logging_mixin.py:137} INFO - [2023-03-22T14:55:36.373-0400] {dagbag.py:538} INFO - Filling up the DagBag from /Users/sunanda/Downloads/airflow/py_env/lib/python3.9/site-packages/airflow/example_dags/example_nested_branch_dag.py
[2023-03-22T14:55:36.394-0400] {processor.py:753} INFO - DAG(s) dict_keys(['example_nested_branch_dag']) retrieved from /Users/sunanda/Downloads/airflow/py_env/lib/python3.9/site-packages/airflow/example_dags/example_nested_branch_dag.py
[2023-03-22T14:55:36.592-0400] {logging_mixin.py:137} INFO - [2023-03-22T14:55:36.592-0400] {dag.py:2690} INFO - Sync 1 DAGs
[2023-03-22T14:55:36.600-0400] {logging_mixin.py:137} INFO - [2023-03-22T14:55:36.600-0400] {dag.py:3437} INFO - Setting next_dagrun for example_nested_branch_dag to 2023-03-21T00:00:00+00:00, run_after=2023-03-22T00:00:00+00:00
[2023-03-22T14:55:36.609-0400] {processor.py:175} INFO - Processing /Users/sunanda/Downloads/airflow/py_env/lib/python3.9/site-packages/airflow/example_dags/example_nested_branch_dag.py took 0.238 seconds
[2023-03-22T14:56:58.180-0400] {processor.py:153} INFO - Started process (PID=69851) to work on /Users/sunanda/Downloads/airflow/py_env/lib/python3.9/site-packages/airflow/example_dags/example_nested_branch_dag.py
[2023-03-22T14:56:58.184-0400] {processor.py:743} INFO - Processing file /Users/sunanda/Downloads/airflow/py_env/lib/python3.9/site-packages/airflow/example_dags/example_nested_branch_dag.py for tasks to queue
[2023-03-22T14:56:58.184-0400] {logging_mixin.py:137} INFO - [2023-03-22T14:56:58.184-0400] {dagbag.py:538} INFO - Filling up the DagBag from /Users/sunanda/Downloads/airflow/py_env/lib/python3.9/site-packages/airflow/example_dags/example_nested_branch_dag.py
[2023-03-22T14:56:58.204-0400] {processor.py:753} INFO - DAG(s) dict_keys(['example_nested_branch_dag']) retrieved from /Users/sunanda/Downloads/airflow/py_env/lib/python3.9/site-packages/airflow/example_dags/example_nested_branch_dag.py
[2023-03-22T14:56:58.399-0400] {logging_mixin.py:137} INFO - [2023-03-22T14:56:58.399-0400] {dag.py:2690} INFO - Sync 1 DAGs
[2023-03-22T14:56:58.406-0400] {logging_mixin.py:137} INFO - [2023-03-22T14:56:58.406-0400] {dag.py:3437} INFO - Setting next_dagrun for example_nested_branch_dag to 2023-03-21T00:00:00+00:00, run_after=2023-03-22T00:00:00+00:00
[2023-03-22T14:56:58.414-0400] {processor.py:175} INFO - Processing /Users/sunanda/Downloads/airflow/py_env/lib/python3.9/site-packages/airflow/example_dags/example_nested_branch_dag.py took 0.234 seconds
[2023-03-22T14:58:20.495-0400] {processor.py:153} INFO - Started process (PID=69983) to work on /Users/sunanda/Downloads/airflow/py_env/lib/python3.9/site-packages/airflow/example_dags/example_nested_branch_dag.py
[2023-03-22T14:58:20.499-0400] {processor.py:743} INFO - Processing file /Users/sunanda/Downloads/airflow/py_env/lib/python3.9/site-packages/airflow/example_dags/example_nested_branch_dag.py for tasks to queue
[2023-03-22T14:58:20.499-0400] {logging_mixin.py:137} INFO - [2023-03-22T14:58:20.499-0400] {dagbag.py:538} INFO - Filling up the DagBag from /Users/sunanda/Downloads/airflow/py_env/lib/python3.9/site-packages/airflow/example_dags/example_nested_branch_dag.py
[2023-03-22T14:58:20.520-0400] {processor.py:753} INFO - DAG(s) dict_keys(['example_nested_branch_dag']) retrieved from /Users/sunanda/Downloads/airflow/py_env/lib/python3.9/site-packages/airflow/example_dags/example_nested_branch_dag.py
[2023-03-22T14:58:20.721-0400] {logging_mixin.py:137} INFO - [2023-03-22T14:58:20.721-0400] {dag.py:2690} INFO - Sync 1 DAGs
[2023-03-22T14:58:20.729-0400] {logging_mixin.py:137} INFO - [2023-03-22T14:58:20.729-0400] {dag.py:3437} INFO - Setting next_dagrun for example_nested_branch_dag to 2023-03-21T00:00:00+00:00, run_after=2023-03-22T00:00:00+00:00
[2023-03-22T14:58:20.737-0400] {processor.py:175} INFO - Processing /Users/sunanda/Downloads/airflow/py_env/lib/python3.9/site-packages/airflow/example_dags/example_nested_branch_dag.py took 0.242 seconds
[2023-03-22T14:59:32.964-0400] {processor.py:153} INFO - Started process (PID=70097) to work on /Users/sunanda/Downloads/airflow/py_env/lib/python3.9/site-packages/airflow/example_dags/example_nested_branch_dag.py
[2023-03-22T14:59:32.967-0400] {processor.py:743} INFO - Processing file /Users/sunanda/Downloads/airflow/py_env/lib/python3.9/site-packages/airflow/example_dags/example_nested_branch_dag.py for tasks to queue
[2023-03-22T14:59:32.967-0400] {logging_mixin.py:137} INFO - [2023-03-22T14:59:32.967-0400] {dagbag.py:538} INFO - Filling up the DagBag from /Users/sunanda/Downloads/airflow/py_env/lib/python3.9/site-packages/airflow/example_dags/example_nested_branch_dag.py
[2023-03-22T14:59:32.988-0400] {processor.py:753} INFO - DAG(s) dict_keys(['example_nested_branch_dag']) retrieved from /Users/sunanda/Downloads/airflow/py_env/lib/python3.9/site-packages/airflow/example_dags/example_nested_branch_dag.py
[2023-03-22T14:59:33.197-0400] {logging_mixin.py:137} INFO - [2023-03-22T14:59:33.196-0400] {dag.py:2690} INFO - Sync 1 DAGs
[2023-03-22T14:59:33.204-0400] {logging_mixin.py:137} INFO - [2023-03-22T14:59:33.204-0400] {dag.py:3437} INFO - Setting next_dagrun for example_nested_branch_dag to 2023-03-21T00:00:00+00:00, run_after=2023-03-22T00:00:00+00:00
[2023-03-22T14:59:33.212-0400] {processor.py:175} INFO - Processing /Users/sunanda/Downloads/airflow/py_env/lib/python3.9/site-packages/airflow/example_dags/example_nested_branch_dag.py took 0.248 seconds
[2023-03-22T15:00:59.808-0400] {processor.py:153} INFO - Started process (PID=70233) to work on /Users/sunanda/Downloads/airflow/py_env/lib/python3.9/site-packages/airflow/example_dags/example_nested_branch_dag.py
[2023-03-22T15:00:59.810-0400] {processor.py:743} INFO - Processing file /Users/sunanda/Downloads/airflow/py_env/lib/python3.9/site-packages/airflow/example_dags/example_nested_branch_dag.py for tasks to queue
[2023-03-22T15:00:59.811-0400] {logging_mixin.py:137} INFO - [2023-03-22T15:00:59.810-0400] {dagbag.py:538} INFO - Filling up the DagBag from /Users/sunanda/Downloads/airflow/py_env/lib/python3.9/site-packages/airflow/example_dags/example_nested_branch_dag.py
[2023-03-22T15:00:59.831-0400] {processor.py:753} INFO - DAG(s) dict_keys(['example_nested_branch_dag']) retrieved from /Users/sunanda/Downloads/airflow/py_env/lib/python3.9/site-packages/airflow/example_dags/example_nested_branch_dag.py
[2023-03-22T15:01:00.031-0400] {logging_mixin.py:137} INFO - [2023-03-22T15:01:00.031-0400] {dag.py:2690} INFO - Sync 1 DAGs
[2023-03-22T15:01:00.038-0400] {logging_mixin.py:137} INFO - [2023-03-22T15:01:00.038-0400] {dag.py:3437} INFO - Setting next_dagrun for example_nested_branch_dag to 2023-03-21T00:00:00+00:00, run_after=2023-03-22T00:00:00+00:00
[2023-03-22T15:01:00.046-0400] {processor.py:175} INFO - Processing /Users/sunanda/Downloads/airflow/py_env/lib/python3.9/site-packages/airflow/example_dags/example_nested_branch_dag.py took 0.238 seconds
[2023-03-22T15:02:25.471-0400] {processor.py:153} INFO - Started process (PID=70372) to work on /Users/sunanda/Downloads/airflow/py_env/lib/python3.9/site-packages/airflow/example_dags/example_nested_branch_dag.py
[2023-03-22T15:02:25.474-0400] {processor.py:743} INFO - Processing file /Users/sunanda/Downloads/airflow/py_env/lib/python3.9/site-packages/airflow/example_dags/example_nested_branch_dag.py for tasks to queue
[2023-03-22T15:02:25.475-0400] {logging_mixin.py:137} INFO - [2023-03-22T15:02:25.475-0400] {dagbag.py:538} INFO - Filling up the DagBag from /Users/sunanda/Downloads/airflow/py_env/lib/python3.9/site-packages/airflow/example_dags/example_nested_branch_dag.py
[2023-03-22T15:02:25.498-0400] {processor.py:753} INFO - DAG(s) dict_keys(['example_nested_branch_dag']) retrieved from /Users/sunanda/Downloads/airflow/py_env/lib/python3.9/site-packages/airflow/example_dags/example_nested_branch_dag.py
[2023-03-22T15:02:25.714-0400] {logging_mixin.py:137} INFO - [2023-03-22T15:02:25.714-0400] {dag.py:2690} INFO - Sync 1 DAGs
[2023-03-22T15:02:25.722-0400] {logging_mixin.py:137} INFO - [2023-03-22T15:02:25.722-0400] {dag.py:3437} INFO - Setting next_dagrun for example_nested_branch_dag to 2023-03-21T00:00:00+00:00, run_after=2023-03-22T00:00:00+00:00
[2023-03-22T15:02:25.731-0400] {processor.py:175} INFO - Processing /Users/sunanda/Downloads/airflow/py_env/lib/python3.9/site-packages/airflow/example_dags/example_nested_branch_dag.py took 0.260 seconds
[2023-03-22T15:03:51.913-0400] {processor.py:153} INFO - Started process (PID=70527) to work on /Users/sunanda/Downloads/airflow/py_env/lib/python3.9/site-packages/airflow/example_dags/example_nested_branch_dag.py
[2023-03-22T15:03:51.916-0400] {processor.py:743} INFO - Processing file /Users/sunanda/Downloads/airflow/py_env/lib/python3.9/site-packages/airflow/example_dags/example_nested_branch_dag.py for tasks to queue
[2023-03-22T15:03:51.916-0400] {logging_mixin.py:137} INFO - [2023-03-22T15:03:51.916-0400] {dagbag.py:538} INFO - Filling up the DagBag from /Users/sunanda/Downloads/airflow/py_env/lib/python3.9/site-packages/airflow/example_dags/example_nested_branch_dag.py
[2023-03-22T15:03:51.937-0400] {processor.py:753} INFO - DAG(s) dict_keys(['example_nested_branch_dag']) retrieved from /Users/sunanda/Downloads/airflow/py_env/lib/python3.9/site-packages/airflow/example_dags/example_nested_branch_dag.py
[2023-03-22T15:03:52.132-0400] {logging_mixin.py:137} INFO - [2023-03-22T15:03:52.131-0400] {dag.py:2690} INFO - Sync 1 DAGs
[2023-03-22T15:03:52.139-0400] {logging_mixin.py:137} INFO - [2023-03-22T15:03:52.139-0400] {dag.py:3437} INFO - Setting next_dagrun for example_nested_branch_dag to 2023-03-21T00:00:00+00:00, run_after=2023-03-22T00:00:00+00:00
[2023-03-22T15:03:52.147-0400] {processor.py:175} INFO - Processing /Users/sunanda/Downloads/airflow/py_env/lib/python3.9/site-packages/airflow/example_dags/example_nested_branch_dag.py took 0.234 seconds
[2023-03-22T15:05:10.631-0400] {processor.py:153} INFO - Started process (PID=70655) to work on /Users/sunanda/Downloads/airflow/py_env/lib/python3.9/site-packages/airflow/example_dags/example_nested_branch_dag.py
[2023-03-22T15:05:10.633-0400] {processor.py:743} INFO - Processing file /Users/sunanda/Downloads/airflow/py_env/lib/python3.9/site-packages/airflow/example_dags/example_nested_branch_dag.py for tasks to queue
[2023-03-22T15:05:10.633-0400] {logging_mixin.py:137} INFO - [2023-03-22T15:05:10.633-0400] {dagbag.py:538} INFO - Filling up the DagBag from /Users/sunanda/Downloads/airflow/py_env/lib/python3.9/site-packages/airflow/example_dags/example_nested_branch_dag.py
[2023-03-22T15:05:10.653-0400] {processor.py:753} INFO - DAG(s) dict_keys(['example_nested_branch_dag']) retrieved from /Users/sunanda/Downloads/airflow/py_env/lib/python3.9/site-packages/airflow/example_dags/example_nested_branch_dag.py
[2023-03-22T15:05:10.847-0400] {logging_mixin.py:137} INFO - [2023-03-22T15:05:10.847-0400] {dag.py:2690} INFO - Sync 1 DAGs
[2023-03-22T15:05:10.854-0400] {logging_mixin.py:137} INFO - [2023-03-22T15:05:10.854-0400] {dag.py:3437} INFO - Setting next_dagrun for example_nested_branch_dag to 2023-03-21T00:00:00+00:00, run_after=2023-03-22T00:00:00+00:00
[2023-03-22T15:05:10.862-0400] {processor.py:175} INFO - Processing /Users/sunanda/Downloads/airflow/py_env/lib/python3.9/site-packages/airflow/example_dags/example_nested_branch_dag.py took 0.231 seconds
[2023-03-22T19:11:38.842-0400] {processor.py:153} INFO - Started process (PID=3806) to work on /Users/sunanda/Downloads/airflow/py_env/lib/python3.9/site-packages/airflow/example_dags/example_nested_branch_dag.py
[2023-03-22T19:11:38.844-0400] {processor.py:743} INFO - Processing file /Users/sunanda/Downloads/airflow/py_env/lib/python3.9/site-packages/airflow/example_dags/example_nested_branch_dag.py for tasks to queue
[2023-03-22T19:11:38.844-0400] {logging_mixin.py:137} INFO - [2023-03-22T19:11:38.844-0400] {dagbag.py:538} INFO - Filling up the DagBag from /Users/sunanda/Downloads/airflow/py_env/lib/python3.9/site-packages/airflow/example_dags/example_nested_branch_dag.py
[2023-03-22T19:11:38.864-0400] {processor.py:753} INFO - DAG(s) dict_keys(['example_nested_branch_dag']) retrieved from /Users/sunanda/Downloads/airflow/py_env/lib/python3.9/site-packages/airflow/example_dags/example_nested_branch_dag.py
[2023-03-22T19:11:39.059-0400] {logging_mixin.py:137} INFO - [2023-03-22T19:11:39.059-0400] {dag.py:2690} INFO - Sync 1 DAGs
[2023-03-22T19:11:39.066-0400] {logging_mixin.py:137} INFO - [2023-03-22T19:11:39.066-0400] {dag.py:3437} INFO - Setting next_dagrun for example_nested_branch_dag to 2023-03-21T00:00:00+00:00, run_after=2023-03-22T00:00:00+00:00
[2023-03-22T19:11:39.074-0400] {processor.py:175} INFO - Processing /Users/sunanda/Downloads/airflow/py_env/lib/python3.9/site-packages/airflow/example_dags/example_nested_branch_dag.py took 0.232 seconds
[2023-03-22T19:12:52.710-0400] {processor.py:153} INFO - Started process (PID=3918) to work on /Users/sunanda/Downloads/airflow/py_env/lib/python3.9/site-packages/airflow/example_dags/example_nested_branch_dag.py
[2023-03-22T19:12:52.712-0400] {processor.py:743} INFO - Processing file /Users/sunanda/Downloads/airflow/py_env/lib/python3.9/site-packages/airflow/example_dags/example_nested_branch_dag.py for tasks to queue
[2023-03-22T19:12:52.712-0400] {logging_mixin.py:137} INFO - [2023-03-22T19:12:52.712-0400] {dagbag.py:538} INFO - Filling up the DagBag from /Users/sunanda/Downloads/airflow/py_env/lib/python3.9/site-packages/airflow/example_dags/example_nested_branch_dag.py
[2023-03-22T19:12:52.732-0400] {processor.py:753} INFO - DAG(s) dict_keys(['example_nested_branch_dag']) retrieved from /Users/sunanda/Downloads/airflow/py_env/lib/python3.9/site-packages/airflow/example_dags/example_nested_branch_dag.py
[2023-03-22T19:12:52.927-0400] {logging_mixin.py:137} INFO - [2023-03-22T19:12:52.927-0400] {dag.py:2690} INFO - Sync 1 DAGs
[2023-03-22T19:12:52.934-0400] {logging_mixin.py:137} INFO - [2023-03-22T19:12:52.934-0400] {dag.py:3437} INFO - Setting next_dagrun for example_nested_branch_dag to 2023-03-21T00:00:00+00:00, run_after=2023-03-22T00:00:00+00:00
[2023-03-22T19:12:52.942-0400] {processor.py:175} INFO - Processing /Users/sunanda/Downloads/airflow/py_env/lib/python3.9/site-packages/airflow/example_dags/example_nested_branch_dag.py took 0.232 seconds
[2023-03-22T19:24:30.957-0400] {processor.py:153} INFO - Started process (PID=4780) to work on /Users/sunanda/Downloads/airflow/py_env/lib/python3.9/site-packages/airflow/example_dags/example_nested_branch_dag.py
[2023-03-22T19:24:30.960-0400] {processor.py:743} INFO - Processing file /Users/sunanda/Downloads/airflow/py_env/lib/python3.9/site-packages/airflow/example_dags/example_nested_branch_dag.py for tasks to queue
[2023-03-22T19:24:30.961-0400] {logging_mixin.py:137} INFO - [2023-03-22T19:24:30.961-0400] {dagbag.py:538} INFO - Filling up the DagBag from /Users/sunanda/Downloads/airflow/py_env/lib/python3.9/site-packages/airflow/example_dags/example_nested_branch_dag.py
[2023-03-22T19:24:30.981-0400] {processor.py:753} INFO - DAG(s) dict_keys(['example_nested_branch_dag']) retrieved from /Users/sunanda/Downloads/airflow/py_env/lib/python3.9/site-packages/airflow/example_dags/example_nested_branch_dag.py
[2023-03-22T19:24:31.179-0400] {logging_mixin.py:137} INFO - [2023-03-22T19:24:31.179-0400] {dag.py:2690} INFO - Sync 1 DAGs
[2023-03-22T19:24:31.186-0400] {logging_mixin.py:137} INFO - [2023-03-22T19:24:31.186-0400] {dag.py:3437} INFO - Setting next_dagrun for example_nested_branch_dag to 2023-03-21T00:00:00+00:00, run_after=2023-03-22T00:00:00+00:00
[2023-03-22T19:24:31.194-0400] {processor.py:175} INFO - Processing /Users/sunanda/Downloads/airflow/py_env/lib/python3.9/site-packages/airflow/example_dags/example_nested_branch_dag.py took 0.237 seconds
[2023-03-22T19:25:54.340-0400] {processor.py:153} INFO - Started process (PID=4910) to work on /Users/sunanda/Downloads/airflow/py_env/lib/python3.9/site-packages/airflow/example_dags/example_nested_branch_dag.py
[2023-03-22T19:25:54.343-0400] {processor.py:743} INFO - Processing file /Users/sunanda/Downloads/airflow/py_env/lib/python3.9/site-packages/airflow/example_dags/example_nested_branch_dag.py for tasks to queue
[2023-03-22T19:25:54.343-0400] {logging_mixin.py:137} INFO - [2023-03-22T19:25:54.343-0400] {dagbag.py:538} INFO - Filling up the DagBag from /Users/sunanda/Downloads/airflow/py_env/lib/python3.9/site-packages/airflow/example_dags/example_nested_branch_dag.py
[2023-03-22T19:25:54.365-0400] {processor.py:753} INFO - DAG(s) dict_keys(['example_nested_branch_dag']) retrieved from /Users/sunanda/Downloads/airflow/py_env/lib/python3.9/site-packages/airflow/example_dags/example_nested_branch_dag.py
[2023-03-22T19:25:54.566-0400] {logging_mixin.py:137} INFO - [2023-03-22T19:25:54.566-0400] {dag.py:2690} INFO - Sync 1 DAGs
[2023-03-22T19:25:54.574-0400] {logging_mixin.py:137} INFO - [2023-03-22T19:25:54.574-0400] {dag.py:3437} INFO - Setting next_dagrun for example_nested_branch_dag to 2023-03-21T00:00:00+00:00, run_after=2023-03-22T00:00:00+00:00
[2023-03-22T19:25:54.583-0400] {processor.py:175} INFO - Processing /Users/sunanda/Downloads/airflow/py_env/lib/python3.9/site-packages/airflow/example_dags/example_nested_branch_dag.py took 0.243 seconds
[2023-03-22T19:27:20.697-0400] {processor.py:153} INFO - Started process (PID=5045) to work on /Users/sunanda/Downloads/airflow/py_env/lib/python3.9/site-packages/airflow/example_dags/example_nested_branch_dag.py
[2023-03-22T19:27:20.700-0400] {processor.py:743} INFO - Processing file /Users/sunanda/Downloads/airflow/py_env/lib/python3.9/site-packages/airflow/example_dags/example_nested_branch_dag.py for tasks to queue
[2023-03-22T19:27:20.701-0400] {logging_mixin.py:137} INFO - [2023-03-22T19:27:20.701-0400] {dagbag.py:538} INFO - Filling up the DagBag from /Users/sunanda/Downloads/airflow/py_env/lib/python3.9/site-packages/airflow/example_dags/example_nested_branch_dag.py
[2023-03-22T19:27:20.722-0400] {processor.py:753} INFO - DAG(s) dict_keys(['example_nested_branch_dag']) retrieved from /Users/sunanda/Downloads/airflow/py_env/lib/python3.9/site-packages/airflow/example_dags/example_nested_branch_dag.py
[2023-03-22T19:27:20.919-0400] {logging_mixin.py:137} INFO - [2023-03-22T19:27:20.919-0400] {dag.py:2690} INFO - Sync 1 DAGs
[2023-03-22T19:27:20.926-0400] {logging_mixin.py:137} INFO - [2023-03-22T19:27:20.926-0400] {dag.py:3437} INFO - Setting next_dagrun for example_nested_branch_dag to 2023-03-21T00:00:00+00:00, run_after=2023-03-22T00:00:00+00:00
[2023-03-22T19:27:20.934-0400] {processor.py:175} INFO - Processing /Users/sunanda/Downloads/airflow/py_env/lib/python3.9/site-packages/airflow/example_dags/example_nested_branch_dag.py took 0.237 seconds
