[2023-03-22T14:54:19.579-0400] {processor.py:153} INFO - Started process (PID=69603) to work on /Users/sunanda/Downloads/airflow/py_env/lib/python3.9/site-packages/airflow/example_dags/example_kubernetes_executor.py
[2023-03-22T14:54:19.581-0400] {processor.py:743} INFO - Processing file /Users/sunanda/Downloads/airflow/py_env/lib/python3.9/site-packages/airflow/example_dags/example_kubernetes_executor.py for tasks to queue
[2023-03-22T14:54:19.582-0400] {logging_mixin.py:137} INFO - [2023-03-22T14:54:19.581-0400] {dagbag.py:538} INFO - Filling up the DagBag from /Users/sunanda/Downloads/airflow/py_env/lib/python3.9/site-packages/airflow/example_dags/example_kubernetes_executor.py
[2023-03-22T14:54:19.603-0400] {processor.py:753} INFO - DAG(s) dict_keys(['example_kubernetes_executor']) retrieved from /Users/sunanda/Downloads/airflow/py_env/lib/python3.9/site-packages/airflow/example_dags/example_kubernetes_executor.py
[2023-03-22T14:54:19.804-0400] {logging_mixin.py:137} INFO - [2023-03-22T14:54:19.804-0400] {dag.py:2690} INFO - Sync 1 DAGs
[2023-03-22T14:54:19.811-0400] {logging_mixin.py:137} INFO - [2023-03-22T14:54:19.811-0400] {dag.py:3437} INFO - Setting next_dagrun for example_kubernetes_executor to None, run_after=None
[2023-03-22T14:54:19.819-0400] {processor.py:175} INFO - Processing /Users/sunanda/Downloads/airflow/py_env/lib/python3.9/site-packages/airflow/example_dags/example_kubernetes_executor.py took 0.241 seconds
[2023-03-22T14:55:42.860-0400] {processor.py:153} INFO - Started process (PID=69737) to work on /Users/sunanda/Downloads/airflow/py_env/lib/python3.9/site-packages/airflow/example_dags/example_kubernetes_executor.py
[2023-03-22T14:55:42.864-0400] {processor.py:743} INFO - Processing file /Users/sunanda/Downloads/airflow/py_env/lib/python3.9/site-packages/airflow/example_dags/example_kubernetes_executor.py for tasks to queue
[2023-03-22T14:55:42.864-0400] {logging_mixin.py:137} INFO - [2023-03-22T14:55:42.864-0400] {dagbag.py:538} INFO - Filling up the DagBag from /Users/sunanda/Downloads/airflow/py_env/lib/python3.9/site-packages/airflow/example_dags/example_kubernetes_executor.py
[2023-03-22T14:55:42.885-0400] {processor.py:753} INFO - DAG(s) dict_keys(['example_kubernetes_executor']) retrieved from /Users/sunanda/Downloads/airflow/py_env/lib/python3.9/site-packages/airflow/example_dags/example_kubernetes_executor.py
[2023-03-22T14:55:43.079-0400] {logging_mixin.py:137} INFO - [2023-03-22T14:55:43.079-0400] {dag.py:2690} INFO - Sync 1 DAGs
[2023-03-22T14:55:43.086-0400] {logging_mixin.py:137} INFO - [2023-03-22T14:55:43.086-0400] {dag.py:3437} INFO - Setting next_dagrun for example_kubernetes_executor to None, run_after=None
[2023-03-22T14:55:43.094-0400] {processor.py:175} INFO - Processing /Users/sunanda/Downloads/airflow/py_env/lib/python3.9/site-packages/airflow/example_dags/example_kubernetes_executor.py took 0.234 seconds
[2023-03-22T14:57:05.477-0400] {processor.py:153} INFO - Started process (PID=69862) to work on /Users/sunanda/Downloads/airflow/py_env/lib/python3.9/site-packages/airflow/example_dags/example_kubernetes_executor.py
[2023-03-22T14:57:05.480-0400] {processor.py:743} INFO - Processing file /Users/sunanda/Downloads/airflow/py_env/lib/python3.9/site-packages/airflow/example_dags/example_kubernetes_executor.py for tasks to queue
[2023-03-22T14:57:05.480-0400] {logging_mixin.py:137} INFO - [2023-03-22T14:57:05.480-0400] {dagbag.py:538} INFO - Filling up the DagBag from /Users/sunanda/Downloads/airflow/py_env/lib/python3.9/site-packages/airflow/example_dags/example_kubernetes_executor.py
[2023-03-22T14:57:05.503-0400] {processor.py:753} INFO - DAG(s) dict_keys(['example_kubernetes_executor']) retrieved from /Users/sunanda/Downloads/airflow/py_env/lib/python3.9/site-packages/airflow/example_dags/example_kubernetes_executor.py
[2023-03-22T14:57:05.702-0400] {logging_mixin.py:137} INFO - [2023-03-22T14:57:05.701-0400] {dag.py:2690} INFO - Sync 1 DAGs
[2023-03-22T14:57:05.708-0400] {logging_mixin.py:137} INFO - [2023-03-22T14:57:05.708-0400] {dag.py:3437} INFO - Setting next_dagrun for example_kubernetes_executor to None, run_after=None
[2023-03-22T14:57:05.716-0400] {processor.py:175} INFO - Processing /Users/sunanda/Downloads/airflow/py_env/lib/python3.9/site-packages/airflow/example_dags/example_kubernetes_executor.py took 0.240 seconds
[2023-03-22T14:58:27.591-0400] {processor.py:153} INFO - Started process (PID=69994) to work on /Users/sunanda/Downloads/airflow/py_env/lib/python3.9/site-packages/airflow/example_dags/example_kubernetes_executor.py
[2023-03-22T14:58:27.594-0400] {processor.py:743} INFO - Processing file /Users/sunanda/Downloads/airflow/py_env/lib/python3.9/site-packages/airflow/example_dags/example_kubernetes_executor.py for tasks to queue
[2023-03-22T14:58:27.594-0400] {logging_mixin.py:137} INFO - [2023-03-22T14:58:27.594-0400] {dagbag.py:538} INFO - Filling up the DagBag from /Users/sunanda/Downloads/airflow/py_env/lib/python3.9/site-packages/airflow/example_dags/example_kubernetes_executor.py
[2023-03-22T14:58:27.617-0400] {processor.py:753} INFO - DAG(s) dict_keys(['example_kubernetes_executor']) retrieved from /Users/sunanda/Downloads/airflow/py_env/lib/python3.9/site-packages/airflow/example_dags/example_kubernetes_executor.py
[2023-03-22T14:58:27.823-0400] {logging_mixin.py:137} INFO - [2023-03-22T14:58:27.823-0400] {dag.py:2690} INFO - Sync 1 DAGs
[2023-03-22T14:58:27.830-0400] {logging_mixin.py:137} INFO - [2023-03-22T14:58:27.830-0400] {dag.py:3437} INFO - Setting next_dagrun for example_kubernetes_executor to None, run_after=None
[2023-03-22T14:58:27.838-0400] {processor.py:175} INFO - Processing /Users/sunanda/Downloads/airflow/py_env/lib/python3.9/site-packages/airflow/example_dags/example_kubernetes_executor.py took 0.247 seconds
[2023-03-22T14:59:54.160-0400] {processor.py:153} INFO - Started process (PID=70129) to work on /Users/sunanda/Downloads/airflow/py_env/lib/python3.9/site-packages/airflow/example_dags/example_kubernetes_executor.py
[2023-03-22T14:59:54.162-0400] {processor.py:743} INFO - Processing file /Users/sunanda/Downloads/airflow/py_env/lib/python3.9/site-packages/airflow/example_dags/example_kubernetes_executor.py for tasks to queue
[2023-03-22T14:59:54.163-0400] {logging_mixin.py:137} INFO - [2023-03-22T14:59:54.163-0400] {dagbag.py:538} INFO - Filling up the DagBag from /Users/sunanda/Downloads/airflow/py_env/lib/python3.9/site-packages/airflow/example_dags/example_kubernetes_executor.py
[2023-03-22T14:59:54.183-0400] {processor.py:753} INFO - DAG(s) dict_keys(['example_kubernetes_executor']) retrieved from /Users/sunanda/Downloads/airflow/py_env/lib/python3.9/site-packages/airflow/example_dags/example_kubernetes_executor.py
[2023-03-22T14:59:54.393-0400] {logging_mixin.py:137} INFO - [2023-03-22T14:59:54.393-0400] {dag.py:2690} INFO - Sync 1 DAGs
[2023-03-22T14:59:54.401-0400] {logging_mixin.py:137} INFO - [2023-03-22T14:59:54.400-0400] {dag.py:3437} INFO - Setting next_dagrun for example_kubernetes_executor to None, run_after=None
[2023-03-22T14:59:54.408-0400] {processor.py:175} INFO - Processing /Users/sunanda/Downloads/airflow/py_env/lib/python3.9/site-packages/airflow/example_dags/example_kubernetes_executor.py took 0.249 seconds
[2023-03-22T15:01:21.048-0400] {processor.py:153} INFO - Started process (PID=70266) to work on /Users/sunanda/Downloads/airflow/py_env/lib/python3.9/site-packages/airflow/example_dags/example_kubernetes_executor.py
[2023-03-22T15:01:21.050-0400] {processor.py:743} INFO - Processing file /Users/sunanda/Downloads/airflow/py_env/lib/python3.9/site-packages/airflow/example_dags/example_kubernetes_executor.py for tasks to queue
[2023-03-22T15:01:21.050-0400] {logging_mixin.py:137} INFO - [2023-03-22T15:01:21.050-0400] {dagbag.py:538} INFO - Filling up the DagBag from /Users/sunanda/Downloads/airflow/py_env/lib/python3.9/site-packages/airflow/example_dags/example_kubernetes_executor.py
[2023-03-22T15:01:21.072-0400] {processor.py:753} INFO - DAG(s) dict_keys(['example_kubernetes_executor']) retrieved from /Users/sunanda/Downloads/airflow/py_env/lib/python3.9/site-packages/airflow/example_dags/example_kubernetes_executor.py
[2023-03-22T15:01:21.271-0400] {logging_mixin.py:137} INFO - [2023-03-22T15:01:21.271-0400] {dag.py:2690} INFO - Sync 1 DAGs
[2023-03-22T15:01:21.277-0400] {logging_mixin.py:137} INFO - [2023-03-22T15:01:21.277-0400] {dag.py:3437} INFO - Setting next_dagrun for example_kubernetes_executor to None, run_after=None
[2023-03-22T15:01:21.285-0400] {processor.py:175} INFO - Processing /Users/sunanda/Downloads/airflow/py_env/lib/python3.9/site-packages/airflow/example_dags/example_kubernetes_executor.py took 0.238 seconds
[2023-03-22T15:02:49.149-0400] {processor.py:153} INFO - Started process (PID=70407) to work on /Users/sunanda/Downloads/airflow/py_env/lib/python3.9/site-packages/airflow/example_dags/example_kubernetes_executor.py
[2023-03-22T15:02:49.151-0400] {processor.py:743} INFO - Processing file /Users/sunanda/Downloads/airflow/py_env/lib/python3.9/site-packages/airflow/example_dags/example_kubernetes_executor.py for tasks to queue
[2023-03-22T15:02:49.151-0400] {logging_mixin.py:137} INFO - [2023-03-22T15:02:49.151-0400] {dagbag.py:538} INFO - Filling up the DagBag from /Users/sunanda/Downloads/airflow/py_env/lib/python3.9/site-packages/airflow/example_dags/example_kubernetes_executor.py
[2023-03-22T15:02:49.174-0400] {processor.py:753} INFO - DAG(s) dict_keys(['example_kubernetes_executor']) retrieved from /Users/sunanda/Downloads/airflow/py_env/lib/python3.9/site-packages/airflow/example_dags/example_kubernetes_executor.py
[2023-03-22T15:02:49.374-0400] {logging_mixin.py:137} INFO - [2023-03-22T15:02:49.374-0400] {dag.py:2690} INFO - Sync 1 DAGs
[2023-03-22T15:02:49.381-0400] {logging_mixin.py:137} INFO - [2023-03-22T15:02:49.381-0400] {dag.py:3437} INFO - Setting next_dagrun for example_kubernetes_executor to None, run_after=None
[2023-03-22T15:02:49.390-0400] {processor.py:175} INFO - Processing /Users/sunanda/Downloads/airflow/py_env/lib/python3.9/site-packages/airflow/example_dags/example_kubernetes_executor.py took 0.241 seconds
[2023-03-22T15:04:11.023-0400] {processor.py:153} INFO - Started process (PID=70557) to work on /Users/sunanda/Downloads/airflow/py_env/lib/python3.9/site-packages/airflow/example_dags/example_kubernetes_executor.py
[2023-03-22T15:04:11.026-0400] {processor.py:743} INFO - Processing file /Users/sunanda/Downloads/airflow/py_env/lib/python3.9/site-packages/airflow/example_dags/example_kubernetes_executor.py for tasks to queue
[2023-03-22T15:04:11.026-0400] {logging_mixin.py:137} INFO - [2023-03-22T15:04:11.026-0400] {dagbag.py:538} INFO - Filling up the DagBag from /Users/sunanda/Downloads/airflow/py_env/lib/python3.9/site-packages/airflow/example_dags/example_kubernetes_executor.py
[2023-03-22T15:04:11.047-0400] {processor.py:753} INFO - DAG(s) dict_keys(['example_kubernetes_executor']) retrieved from /Users/sunanda/Downloads/airflow/py_env/lib/python3.9/site-packages/airflow/example_dags/example_kubernetes_executor.py
[2023-03-22T15:04:11.246-0400] {logging_mixin.py:137} INFO - [2023-03-22T15:04:11.246-0400] {dag.py:2690} INFO - Sync 1 DAGs
[2023-03-22T15:04:11.253-0400] {logging_mixin.py:137} INFO - [2023-03-22T15:04:11.253-0400] {dag.py:3437} INFO - Setting next_dagrun for example_kubernetes_executor to None, run_after=None
[2023-03-22T15:04:11.261-0400] {processor.py:175} INFO - Processing /Users/sunanda/Downloads/airflow/py_env/lib/python3.9/site-packages/airflow/example_dags/example_kubernetes_executor.py took 0.238 seconds
[2023-03-22T15:05:32.124-0400] {processor.py:153} INFO - Started process (PID=70689) to work on /Users/sunanda/Downloads/airflow/py_env/lib/python3.9/site-packages/airflow/example_dags/example_kubernetes_executor.py
[2023-03-22T15:05:32.127-0400] {processor.py:743} INFO - Processing file /Users/sunanda/Downloads/airflow/py_env/lib/python3.9/site-packages/airflow/example_dags/example_kubernetes_executor.py for tasks to queue
[2023-03-22T15:05:32.128-0400] {logging_mixin.py:137} INFO - [2023-03-22T15:05:32.128-0400] {dagbag.py:538} INFO - Filling up the DagBag from /Users/sunanda/Downloads/airflow/py_env/lib/python3.9/site-packages/airflow/example_dags/example_kubernetes_executor.py
[2023-03-22T15:05:32.153-0400] {processor.py:753} INFO - DAG(s) dict_keys(['example_kubernetes_executor']) retrieved from /Users/sunanda/Downloads/airflow/py_env/lib/python3.9/site-packages/airflow/example_dags/example_kubernetes_executor.py
[2023-03-22T15:05:32.380-0400] {logging_mixin.py:137} INFO - [2023-03-22T15:05:32.380-0400] {dag.py:2690} INFO - Sync 1 DAGs
[2023-03-22T15:05:32.388-0400] {logging_mixin.py:137} INFO - [2023-03-22T15:05:32.388-0400] {dag.py:3437} INFO - Setting next_dagrun for example_kubernetes_executor to None, run_after=None
[2023-03-22T15:05:32.397-0400] {processor.py:175} INFO - Processing /Users/sunanda/Downloads/airflow/py_env/lib/python3.9/site-packages/airflow/example_dags/example_kubernetes_executor.py took 0.273 seconds
[2023-03-22T19:11:46.354-0400] {processor.py:153} INFO - Started process (PID=3817) to work on /Users/sunanda/Downloads/airflow/py_env/lib/python3.9/site-packages/airflow/example_dags/example_kubernetes_executor.py
[2023-03-22T19:11:46.357-0400] {processor.py:743} INFO - Processing file /Users/sunanda/Downloads/airflow/py_env/lib/python3.9/site-packages/airflow/example_dags/example_kubernetes_executor.py for tasks to queue
[2023-03-22T19:11:46.357-0400] {logging_mixin.py:137} INFO - [2023-03-22T19:11:46.357-0400] {dagbag.py:538} INFO - Filling up the DagBag from /Users/sunanda/Downloads/airflow/py_env/lib/python3.9/site-packages/airflow/example_dags/example_kubernetes_executor.py
[2023-03-22T19:11:46.377-0400] {processor.py:753} INFO - DAG(s) dict_keys(['example_kubernetes_executor']) retrieved from /Users/sunanda/Downloads/airflow/py_env/lib/python3.9/site-packages/airflow/example_dags/example_kubernetes_executor.py
[2023-03-22T19:11:46.574-0400] {logging_mixin.py:137} INFO - [2023-03-22T19:11:46.574-0400] {dag.py:2690} INFO - Sync 1 DAGs
[2023-03-22T19:11:46.581-0400] {logging_mixin.py:137} INFO - [2023-03-22T19:11:46.581-0400] {dag.py:3437} INFO - Setting next_dagrun for example_kubernetes_executor to None, run_after=None
[2023-03-22T19:11:46.590-0400] {processor.py:175} INFO - Processing /Users/sunanda/Downloads/airflow/py_env/lib/python3.9/site-packages/airflow/example_dags/example_kubernetes_executor.py took 0.235 seconds
[2023-03-22T19:13:15.210-0400] {processor.py:153} INFO - Started process (PID=3953) to work on /Users/sunanda/Downloads/airflow/py_env/lib/python3.9/site-packages/airflow/example_dags/example_kubernetes_executor.py
[2023-03-22T19:13:15.213-0400] {processor.py:743} INFO - Processing file /Users/sunanda/Downloads/airflow/py_env/lib/python3.9/site-packages/airflow/example_dags/example_kubernetes_executor.py for tasks to queue
[2023-03-22T19:13:15.213-0400] {logging_mixin.py:137} INFO - [2023-03-22T19:13:15.213-0400] {dagbag.py:538} INFO - Filling up the DagBag from /Users/sunanda/Downloads/airflow/py_env/lib/python3.9/site-packages/airflow/example_dags/example_kubernetes_executor.py
[2023-03-22T19:13:15.233-0400] {processor.py:753} INFO - DAG(s) dict_keys(['example_kubernetes_executor']) retrieved from /Users/sunanda/Downloads/airflow/py_env/lib/python3.9/site-packages/airflow/example_dags/example_kubernetes_executor.py
[2023-03-22T19:13:15.428-0400] {logging_mixin.py:137} INFO - [2023-03-22T19:13:15.428-0400] {dag.py:2690} INFO - Sync 1 DAGs
[2023-03-22T19:13:15.435-0400] {logging_mixin.py:137} INFO - [2023-03-22T19:13:15.435-0400] {dag.py:3437} INFO - Setting next_dagrun for example_kubernetes_executor to None, run_after=None
[2023-03-22T19:13:15.443-0400] {processor.py:175} INFO - Processing /Users/sunanda/Downloads/airflow/py_env/lib/python3.9/site-packages/airflow/example_dags/example_kubernetes_executor.py took 0.233 seconds
[2023-03-22T19:24:38.219-0400] {processor.py:153} INFO - Started process (PID=4791) to work on /Users/sunanda/Downloads/airflow/py_env/lib/python3.9/site-packages/airflow/example_dags/example_kubernetes_executor.py
[2023-03-22T19:24:38.227-0400] {processor.py:743} INFO - Processing file /Users/sunanda/Downloads/airflow/py_env/lib/python3.9/site-packages/airflow/example_dags/example_kubernetes_executor.py for tasks to queue
[2023-03-22T19:24:38.229-0400] {logging_mixin.py:137} INFO - [2023-03-22T19:24:38.229-0400] {dagbag.py:538} INFO - Filling up the DagBag from /Users/sunanda/Downloads/airflow/py_env/lib/python3.9/site-packages/airflow/example_dags/example_kubernetes_executor.py
[2023-03-22T19:24:38.267-0400] {processor.py:753} INFO - DAG(s) dict_keys(['example_kubernetes_executor']) retrieved from /Users/sunanda/Downloads/airflow/py_env/lib/python3.9/site-packages/airflow/example_dags/example_kubernetes_executor.py
[2023-03-22T19:24:38.547-0400] {logging_mixin.py:137} INFO - [2023-03-22T19:24:38.547-0400] {dag.py:2690} INFO - Sync 1 DAGs
[2023-03-22T19:24:38.554-0400] {logging_mixin.py:137} INFO - [2023-03-22T19:24:38.554-0400] {dag.py:3437} INFO - Setting next_dagrun for example_kubernetes_executor to None, run_after=None
[2023-03-22T19:24:38.562-0400] {processor.py:175} INFO - Processing /Users/sunanda/Downloads/airflow/py_env/lib/python3.9/site-packages/airflow/example_dags/example_kubernetes_executor.py took 0.349 seconds
[2023-03-22T19:26:01.836-0400] {processor.py:153} INFO - Started process (PID=4921) to work on /Users/sunanda/Downloads/airflow/py_env/lib/python3.9/site-packages/airflow/example_dags/example_kubernetes_executor.py
[2023-03-22T19:26:01.838-0400] {processor.py:743} INFO - Processing file /Users/sunanda/Downloads/airflow/py_env/lib/python3.9/site-packages/airflow/example_dags/example_kubernetes_executor.py for tasks to queue
[2023-03-22T19:26:01.839-0400] {logging_mixin.py:137} INFO - [2023-03-22T19:26:01.839-0400] {dagbag.py:538} INFO - Filling up the DagBag from /Users/sunanda/Downloads/airflow/py_env/lib/python3.9/site-packages/airflow/example_dags/example_kubernetes_executor.py
[2023-03-22T19:26:01.860-0400] {processor.py:753} INFO - DAG(s) dict_keys(['example_kubernetes_executor']) retrieved from /Users/sunanda/Downloads/airflow/py_env/lib/python3.9/site-packages/airflow/example_dags/example_kubernetes_executor.py
[2023-03-22T19:26:02.058-0400] {logging_mixin.py:137} INFO - [2023-03-22T19:26:02.058-0400] {dag.py:2690} INFO - Sync 1 DAGs
[2023-03-22T19:26:02.064-0400] {logging_mixin.py:137} INFO - [2023-03-22T19:26:02.064-0400] {dag.py:3437} INFO - Setting next_dagrun for example_kubernetes_executor to None, run_after=None
[2023-03-22T19:26:02.072-0400] {processor.py:175} INFO - Processing /Users/sunanda/Downloads/airflow/py_env/lib/python3.9/site-packages/airflow/example_dags/example_kubernetes_executor.py took 0.236 seconds
[2023-03-22T19:27:27.317-0400] {processor.py:153} INFO - Started process (PID=5060) to work on /Users/sunanda/Downloads/airflow/py_env/lib/python3.9/site-packages/airflow/example_dags/example_kubernetes_executor.py
[2023-03-22T19:27:27.321-0400] {processor.py:743} INFO - Processing file /Users/sunanda/Downloads/airflow/py_env/lib/python3.9/site-packages/airflow/example_dags/example_kubernetes_executor.py for tasks to queue
[2023-03-22T19:27:27.321-0400] {logging_mixin.py:137} INFO - [2023-03-22T19:27:27.321-0400] {dagbag.py:538} INFO - Filling up the DagBag from /Users/sunanda/Downloads/airflow/py_env/lib/python3.9/site-packages/airflow/example_dags/example_kubernetes_executor.py
[2023-03-22T19:27:27.344-0400] {processor.py:753} INFO - DAG(s) dict_keys(['example_kubernetes_executor']) retrieved from /Users/sunanda/Downloads/airflow/py_env/lib/python3.9/site-packages/airflow/example_dags/example_kubernetes_executor.py
[2023-03-22T19:27:27.546-0400] {logging_mixin.py:137} INFO - [2023-03-22T19:27:27.546-0400] {dag.py:2690} INFO - Sync 1 DAGs
[2023-03-22T19:27:27.553-0400] {logging_mixin.py:137} INFO - [2023-03-22T19:27:27.553-0400] {dag.py:3437} INFO - Setting next_dagrun for example_kubernetes_executor to None, run_after=None
[2023-03-22T19:27:27.561-0400] {processor.py:175} INFO - Processing /Users/sunanda/Downloads/airflow/py_env/lib/python3.9/site-packages/airflow/example_dags/example_kubernetes_executor.py took 0.245 seconds
