[2023-03-22T14:54:00.003-0400] {processor.py:153} INFO - Started process (PID=69572) to work on /Users/sunanda/Downloads/airflow/py_env/lib/python3.9/site-packages/airflow/example_dags/example_skip_dag.py
[2023-03-22T14:54:00.005-0400] {processor.py:743} INFO - Processing file /Users/sunanda/Downloads/airflow/py_env/lib/python3.9/site-packages/airflow/example_dags/example_skip_dag.py for tasks to queue
[2023-03-22T14:54:00.005-0400] {logging_mixin.py:137} INFO - [2023-03-22T14:54:00.005-0400] {dagbag.py:538} INFO - Filling up the DagBag from /Users/sunanda/Downloads/airflow/py_env/lib/python3.9/site-packages/airflow/example_dags/example_skip_dag.py
[2023-03-22T14:54:00.017-0400] {processor.py:753} INFO - DAG(s) dict_keys(['example_skip_dag']) retrieved from /Users/sunanda/Downloads/airflow/py_env/lib/python3.9/site-packages/airflow/example_dags/example_skip_dag.py
[2023-03-22T14:54:00.226-0400] {logging_mixin.py:137} INFO - [2023-03-22T14:54:00.226-0400] {dag.py:2690} INFO - Sync 1 DAGs
[2023-03-22T14:54:00.233-0400] {logging_mixin.py:137} INFO - [2023-03-22T14:54:00.233-0400] {dag.py:3437} INFO - Setting next_dagrun for example_skip_dag to 2023-03-21T18:54:00.233654+00:00, run_after=2023-03-22T18:54:00.233654+00:00
[2023-03-22T14:54:00.242-0400] {processor.py:175} INFO - Processing /Users/sunanda/Downloads/airflow/py_env/lib/python3.9/site-packages/airflow/example_dags/example_skip_dag.py took 0.240 seconds
[2023-03-22T14:55:12.825-0400] {processor.py:153} INFO - Started process (PID=69688) to work on /Users/sunanda/Downloads/airflow/py_env/lib/python3.9/site-packages/airflow/example_dags/example_skip_dag.py
[2023-03-22T14:55:12.827-0400] {processor.py:743} INFO - Processing file /Users/sunanda/Downloads/airflow/py_env/lib/python3.9/site-packages/airflow/example_dags/example_skip_dag.py for tasks to queue
[2023-03-22T14:55:12.827-0400] {logging_mixin.py:137} INFO - [2023-03-22T14:55:12.827-0400] {dagbag.py:538} INFO - Filling up the DagBag from /Users/sunanda/Downloads/airflow/py_env/lib/python3.9/site-packages/airflow/example_dags/example_skip_dag.py
[2023-03-22T14:55:12.838-0400] {processor.py:753} INFO - DAG(s) dict_keys(['example_skip_dag']) retrieved from /Users/sunanda/Downloads/airflow/py_env/lib/python3.9/site-packages/airflow/example_dags/example_skip_dag.py
[2023-03-22T14:55:13.039-0400] {logging_mixin.py:137} INFO - [2023-03-22T14:55:13.039-0400] {dag.py:2690} INFO - Sync 1 DAGs
[2023-03-22T14:55:13.046-0400] {logging_mixin.py:137} INFO - [2023-03-22T14:55:13.046-0400] {dag.py:3437} INFO - Setting next_dagrun for example_skip_dag to 2023-03-21T18:55:13.046612+00:00, run_after=2023-03-22T18:55:13.046612+00:00
[2023-03-22T14:55:13.054-0400] {processor.py:175} INFO - Processing /Users/sunanda/Downloads/airflow/py_env/lib/python3.9/site-packages/airflow/example_dags/example_skip_dag.py took 0.229 seconds
[2023-03-22T14:56:33.824-0400] {processor.py:153} INFO - Started process (PID=69814) to work on /Users/sunanda/Downloads/airflow/py_env/lib/python3.9/site-packages/airflow/example_dags/example_skip_dag.py
[2023-03-22T14:56:33.827-0400] {processor.py:743} INFO - Processing file /Users/sunanda/Downloads/airflow/py_env/lib/python3.9/site-packages/airflow/example_dags/example_skip_dag.py for tasks to queue
[2023-03-22T14:56:33.827-0400] {logging_mixin.py:137} INFO - [2023-03-22T14:56:33.827-0400] {dagbag.py:538} INFO - Filling up the DagBag from /Users/sunanda/Downloads/airflow/py_env/lib/python3.9/site-packages/airflow/example_dags/example_skip_dag.py
[2023-03-22T14:56:33.838-0400] {processor.py:753} INFO - DAG(s) dict_keys(['example_skip_dag']) retrieved from /Users/sunanda/Downloads/airflow/py_env/lib/python3.9/site-packages/airflow/example_dags/example_skip_dag.py
[2023-03-22T14:56:34.039-0400] {logging_mixin.py:137} INFO - [2023-03-22T14:56:34.039-0400] {dag.py:2690} INFO - Sync 1 DAGs
[2023-03-22T14:56:34.046-0400] {logging_mixin.py:137} INFO - [2023-03-22T14:56:34.046-0400] {dag.py:3437} INFO - Setting next_dagrun for example_skip_dag to 2023-03-21T18:56:34.046348+00:00, run_after=2023-03-22T18:56:34.046348+00:00
[2023-03-22T14:56:34.054-0400] {processor.py:175} INFO - Processing /Users/sunanda/Downloads/airflow/py_env/lib/python3.9/site-packages/airflow/example_dags/example_skip_dag.py took 0.230 seconds
[2023-03-22T14:57:54.593-0400] {processor.py:153} INFO - Started process (PID=69941) to work on /Users/sunanda/Downloads/airflow/py_env/lib/python3.9/site-packages/airflow/example_dags/example_skip_dag.py
[2023-03-22T14:57:54.597-0400] {processor.py:743} INFO - Processing file /Users/sunanda/Downloads/airflow/py_env/lib/python3.9/site-packages/airflow/example_dags/example_skip_dag.py for tasks to queue
[2023-03-22T14:57:54.597-0400] {logging_mixin.py:137} INFO - [2023-03-22T14:57:54.597-0400] {dagbag.py:538} INFO - Filling up the DagBag from /Users/sunanda/Downloads/airflow/py_env/lib/python3.9/site-packages/airflow/example_dags/example_skip_dag.py
[2023-03-22T14:57:54.609-0400] {processor.py:753} INFO - DAG(s) dict_keys(['example_skip_dag']) retrieved from /Users/sunanda/Downloads/airflow/py_env/lib/python3.9/site-packages/airflow/example_dags/example_skip_dag.py
[2023-03-22T14:57:54.954-0400] {logging_mixin.py:137} INFO - [2023-03-22T14:57:54.954-0400] {dag.py:2690} INFO - Sync 1 DAGs
[2023-03-22T14:57:54.962-0400] {logging_mixin.py:137} INFO - [2023-03-22T14:57:54.962-0400] {dag.py:3437} INFO - Setting next_dagrun for example_skip_dag to 2023-03-21T18:57:54.961955+00:00, run_after=2023-03-22T18:57:54.961955+00:00
[2023-03-22T14:57:54.970-0400] {processor.py:175} INFO - Processing /Users/sunanda/Downloads/airflow/py_env/lib/python3.9/site-packages/airflow/example_dags/example_skip_dag.py took 0.377 seconds
[2023-03-22T14:59:22.068-0400] {processor.py:153} INFO - Started process (PID=70080) to work on /Users/sunanda/Downloads/airflow/py_env/lib/python3.9/site-packages/airflow/example_dags/example_skip_dag.py
[2023-03-22T14:59:22.070-0400] {processor.py:743} INFO - Processing file /Users/sunanda/Downloads/airflow/py_env/lib/python3.9/site-packages/airflow/example_dags/example_skip_dag.py for tasks to queue
[2023-03-22T14:59:22.070-0400] {logging_mixin.py:137} INFO - [2023-03-22T14:59:22.070-0400] {dagbag.py:538} INFO - Filling up the DagBag from /Users/sunanda/Downloads/airflow/py_env/lib/python3.9/site-packages/airflow/example_dags/example_skip_dag.py
[2023-03-22T14:59:22.082-0400] {processor.py:753} INFO - DAG(s) dict_keys(['example_skip_dag']) retrieved from /Users/sunanda/Downloads/airflow/py_env/lib/python3.9/site-packages/airflow/example_dags/example_skip_dag.py
[2023-03-22T14:59:22.291-0400] {logging_mixin.py:137} INFO - [2023-03-22T14:59:22.290-0400] {dag.py:2690} INFO - Sync 1 DAGs
[2023-03-22T14:59:22.297-0400] {logging_mixin.py:137} INFO - [2023-03-22T14:59:22.297-0400] {dag.py:3437} INFO - Setting next_dagrun for example_skip_dag to 2023-03-21T18:59:22.297560+00:00, run_after=2023-03-22T18:59:22.297560+00:00
[2023-03-22T14:59:22.305-0400] {processor.py:175} INFO - Processing /Users/sunanda/Downloads/airflow/py_env/lib/python3.9/site-packages/airflow/example_dags/example_skip_dag.py took 0.238 seconds
[2023-03-22T15:00:47.421-0400] {processor.py:153} INFO - Started process (PID=70212) to work on /Users/sunanda/Downloads/airflow/py_env/lib/python3.9/site-packages/airflow/example_dags/example_skip_dag.py
[2023-03-22T15:00:47.423-0400] {processor.py:743} INFO - Processing file /Users/sunanda/Downloads/airflow/py_env/lib/python3.9/site-packages/airflow/example_dags/example_skip_dag.py for tasks to queue
[2023-03-22T15:00:47.423-0400] {logging_mixin.py:137} INFO - [2023-03-22T15:00:47.423-0400] {dagbag.py:538} INFO - Filling up the DagBag from /Users/sunanda/Downloads/airflow/py_env/lib/python3.9/site-packages/airflow/example_dags/example_skip_dag.py
[2023-03-22T15:00:47.433-0400] {processor.py:753} INFO - DAG(s) dict_keys(['example_skip_dag']) retrieved from /Users/sunanda/Downloads/airflow/py_env/lib/python3.9/site-packages/airflow/example_dags/example_skip_dag.py
[2023-03-22T15:00:47.651-0400] {logging_mixin.py:137} INFO - [2023-03-22T15:00:47.651-0400] {dag.py:2690} INFO - Sync 1 DAGs
[2023-03-22T15:00:47.658-0400] {logging_mixin.py:137} INFO - [2023-03-22T15:00:47.658-0400] {dag.py:3437} INFO - Setting next_dagrun for example_skip_dag to 2023-03-21T19:00:47.658795+00:00, run_after=2023-03-22T19:00:47.658795+00:00
[2023-03-22T15:00:47.666-0400] {processor.py:175} INFO - Processing /Users/sunanda/Downloads/airflow/py_env/lib/python3.9/site-packages/airflow/example_dags/example_skip_dag.py took 0.246 seconds
[2023-03-22T15:02:12.652-0400] {processor.py:153} INFO - Started process (PID=70352) to work on /Users/sunanda/Downloads/airflow/py_env/lib/python3.9/site-packages/airflow/example_dags/example_skip_dag.py
[2023-03-22T15:02:12.655-0400] {processor.py:743} INFO - Processing file /Users/sunanda/Downloads/airflow/py_env/lib/python3.9/site-packages/airflow/example_dags/example_skip_dag.py for tasks to queue
[2023-03-22T15:02:12.655-0400] {logging_mixin.py:137} INFO - [2023-03-22T15:02:12.655-0400] {dagbag.py:538} INFO - Filling up the DagBag from /Users/sunanda/Downloads/airflow/py_env/lib/python3.9/site-packages/airflow/example_dags/example_skip_dag.py
[2023-03-22T15:02:12.667-0400] {processor.py:753} INFO - DAG(s) dict_keys(['example_skip_dag']) retrieved from /Users/sunanda/Downloads/airflow/py_env/lib/python3.9/site-packages/airflow/example_dags/example_skip_dag.py
[2023-03-22T15:02:12.876-0400] {logging_mixin.py:137} INFO - [2023-03-22T15:02:12.876-0400] {dag.py:2690} INFO - Sync 1 DAGs
[2023-03-22T15:02:12.884-0400] {logging_mixin.py:137} INFO - [2023-03-22T15:02:12.884-0400] {dag.py:3437} INFO - Setting next_dagrun for example_skip_dag to 2023-03-21T19:02:12.884069+00:00, run_after=2023-03-22T19:02:12.884069+00:00
[2023-03-22T15:02:12.892-0400] {processor.py:175} INFO - Processing /Users/sunanda/Downloads/airflow/py_env/lib/python3.9/site-packages/airflow/example_dags/example_skip_dag.py took 0.241 seconds
[2023-03-22T15:03:39.604-0400] {processor.py:153} INFO - Started process (PID=70487) to work on /Users/sunanda/Downloads/airflow/py_env/lib/python3.9/site-packages/airflow/example_dags/example_skip_dag.py
[2023-03-22T15:03:39.607-0400] {processor.py:743} INFO - Processing file /Users/sunanda/Downloads/airflow/py_env/lib/python3.9/site-packages/airflow/example_dags/example_skip_dag.py for tasks to queue
[2023-03-22T15:03:39.607-0400] {logging_mixin.py:137} INFO - [2023-03-22T15:03:39.607-0400] {dagbag.py:538} INFO - Filling up the DagBag from /Users/sunanda/Downloads/airflow/py_env/lib/python3.9/site-packages/airflow/example_dags/example_skip_dag.py
[2023-03-22T15:03:39.617-0400] {processor.py:753} INFO - DAG(s) dict_keys(['example_skip_dag']) retrieved from /Users/sunanda/Downloads/airflow/py_env/lib/python3.9/site-packages/airflow/example_dags/example_skip_dag.py
[2023-03-22T15:03:39.821-0400] {logging_mixin.py:137} INFO - [2023-03-22T15:03:39.821-0400] {dag.py:2690} INFO - Sync 1 DAGs
[2023-03-22T15:03:39.827-0400] {logging_mixin.py:137} INFO - [2023-03-22T15:03:39.827-0400] {dag.py:3437} INFO - Setting next_dagrun for example_skip_dag to 2023-03-21T19:03:39.827605+00:00, run_after=2023-03-22T19:03:39.827605+00:00
[2023-03-22T15:03:39.835-0400] {processor.py:175} INFO - Processing /Users/sunanda/Downloads/airflow/py_env/lib/python3.9/site-packages/airflow/example_dags/example_skip_dag.py took 0.231 seconds
[2023-03-22T15:04:57.970-0400] {processor.py:153} INFO - Started process (PID=70632) to work on /Users/sunanda/Downloads/airflow/py_env/lib/python3.9/site-packages/airflow/example_dags/example_skip_dag.py
[2023-03-22T15:04:57.972-0400] {processor.py:743} INFO - Processing file /Users/sunanda/Downloads/airflow/py_env/lib/python3.9/site-packages/airflow/example_dags/example_skip_dag.py for tasks to queue
[2023-03-22T15:04:57.972-0400] {logging_mixin.py:137} INFO - [2023-03-22T15:04:57.972-0400] {dagbag.py:538} INFO - Filling up the DagBag from /Users/sunanda/Downloads/airflow/py_env/lib/python3.9/site-packages/airflow/example_dags/example_skip_dag.py
[2023-03-22T15:04:57.982-0400] {processor.py:753} INFO - DAG(s) dict_keys(['example_skip_dag']) retrieved from /Users/sunanda/Downloads/airflow/py_env/lib/python3.9/site-packages/airflow/example_dags/example_skip_dag.py
[2023-03-22T15:04:58.192-0400] {logging_mixin.py:137} INFO - [2023-03-22T15:04:58.192-0400] {dag.py:2690} INFO - Sync 1 DAGs
[2023-03-22T15:04:58.198-0400] {logging_mixin.py:137} INFO - [2023-03-22T15:04:58.198-0400] {dag.py:3437} INFO - Setting next_dagrun for example_skip_dag to 2023-03-21T19:04:58.198563+00:00, run_after=2023-03-22T19:04:58.198563+00:00
[2023-03-22T15:04:58.206-0400] {processor.py:175} INFO - Processing /Users/sunanda/Downloads/airflow/py_env/lib/python3.9/site-packages/airflow/example_dags/example_skip_dag.py took 0.236 seconds
[2023-03-22T16:18:46.110-0400] {processor.py:153} INFO - Started process (PID=74886) to work on /Users/sunanda/Downloads/airflow/py_env/lib/python3.9/site-packages/airflow/example_dags/example_skip_dag.py
[2023-03-22T16:18:46.136-0400] {processor.py:743} INFO - Processing file /Users/sunanda/Downloads/airflow/py_env/lib/python3.9/site-packages/airflow/example_dags/example_skip_dag.py for tasks to queue
[2023-03-22T16:18:46.136-0400] {logging_mixin.py:137} INFO - [2023-03-22T16:18:46.136-0400] {dagbag.py:538} INFO - Filling up the DagBag from /Users/sunanda/Downloads/airflow/py_env/lib/python3.9/site-packages/airflow/example_dags/example_skip_dag.py
[2023-03-22T16:18:46.161-0400] {processor.py:753} INFO - DAG(s) dict_keys(['example_skip_dag']) retrieved from /Users/sunanda/Downloads/airflow/py_env/lib/python3.9/site-packages/airflow/example_dags/example_skip_dag.py
[2023-03-22T16:18:46.618-0400] {logging_mixin.py:137} INFO - [2023-03-22T16:18:46.618-0400] {dag.py:2690} INFO - Sync 1 DAGs
[2023-03-22T16:18:46.636-0400] {logging_mixin.py:137} INFO - [2023-03-22T16:18:46.636-0400] {dag.py:3437} INFO - Setting next_dagrun for example_skip_dag to 2023-03-21T20:18:46.636057+00:00, run_after=2023-03-22T20:18:46.636057+00:00
[2023-03-22T16:18:46.644-0400] {processor.py:175} INFO - Processing /Users/sunanda/Downloads/airflow/py_env/lib/python3.9/site-packages/airflow/example_dags/example_skip_dag.py took 0.536 seconds
[2023-03-22T19:11:27.327-0400] {processor.py:153} INFO - Started process (PID=3787) to work on /Users/sunanda/Downloads/airflow/py_env/lib/python3.9/site-packages/airflow/example_dags/example_skip_dag.py
[2023-03-22T19:11:27.329-0400] {processor.py:743} INFO - Processing file /Users/sunanda/Downloads/airflow/py_env/lib/python3.9/site-packages/airflow/example_dags/example_skip_dag.py for tasks to queue
[2023-03-22T19:11:27.329-0400] {logging_mixin.py:137} INFO - [2023-03-22T19:11:27.329-0400] {dagbag.py:538} INFO - Filling up the DagBag from /Users/sunanda/Downloads/airflow/py_env/lib/python3.9/site-packages/airflow/example_dags/example_skip_dag.py
[2023-03-22T19:11:27.339-0400] {processor.py:753} INFO - DAG(s) dict_keys(['example_skip_dag']) retrieved from /Users/sunanda/Downloads/airflow/py_env/lib/python3.9/site-packages/airflow/example_dags/example_skip_dag.py
[2023-03-22T19:11:27.537-0400] {logging_mixin.py:137} INFO - [2023-03-22T19:11:27.537-0400] {dag.py:2690} INFO - Sync 1 DAGs
[2023-03-22T19:11:27.544-0400] {logging_mixin.py:137} INFO - [2023-03-22T19:11:27.544-0400] {dag.py:3437} INFO - Setting next_dagrun for example_skip_dag to 2023-03-21T23:11:27.544586+00:00, run_after=2023-03-22T23:11:27.544586+00:00
[2023-03-22T19:11:27.552-0400] {processor.py:175} INFO - Processing /Users/sunanda/Downloads/airflow/py_env/lib/python3.9/site-packages/airflow/example_dags/example_skip_dag.py took 0.225 seconds
[2023-03-22T19:12:39.624-0400] {processor.py:153} INFO - Started process (PID=3898) to work on /Users/sunanda/Downloads/airflow/py_env/lib/python3.9/site-packages/airflow/example_dags/example_skip_dag.py
[2023-03-22T19:12:39.626-0400] {processor.py:743} INFO - Processing file /Users/sunanda/Downloads/airflow/py_env/lib/python3.9/site-packages/airflow/example_dags/example_skip_dag.py for tasks to queue
[2023-03-22T19:12:39.626-0400] {logging_mixin.py:137} INFO - [2023-03-22T19:12:39.626-0400] {dagbag.py:538} INFO - Filling up the DagBag from /Users/sunanda/Downloads/airflow/py_env/lib/python3.9/site-packages/airflow/example_dags/example_skip_dag.py
[2023-03-22T19:12:39.635-0400] {processor.py:753} INFO - DAG(s) dict_keys(['example_skip_dag']) retrieved from /Users/sunanda/Downloads/airflow/py_env/lib/python3.9/site-packages/airflow/example_dags/example_skip_dag.py
[2023-03-22T19:12:39.839-0400] {logging_mixin.py:137} INFO - [2023-03-22T19:12:39.838-0400] {dag.py:2690} INFO - Sync 1 DAGs
[2023-03-22T19:12:39.845-0400] {logging_mixin.py:137} INFO - [2023-03-22T19:12:39.845-0400] {dag.py:3437} INFO - Setting next_dagrun for example_skip_dag to 2023-03-21T23:12:39.845568+00:00, run_after=2023-03-22T23:12:39.845568+00:00
[2023-03-22T19:12:39.852-0400] {processor.py:175} INFO - Processing /Users/sunanda/Downloads/airflow/py_env/lib/python3.9/site-packages/airflow/example_dags/example_skip_dag.py took 0.229 seconds
[2023-03-22T19:14:20.034-0400] {processor.py:153} INFO - Started process (PID=4062) to work on /Users/sunanda/Downloads/airflow/py_env/lib/python3.9/site-packages/airflow/example_dags/example_skip_dag.py
[2023-03-22T19:14:20.036-0400] {processor.py:743} INFO - Processing file /Users/sunanda/Downloads/airflow/py_env/lib/python3.9/site-packages/airflow/example_dags/example_skip_dag.py for tasks to queue
[2023-03-22T19:14:20.037-0400] {logging_mixin.py:137} INFO - [2023-03-22T19:14:20.037-0400] {dagbag.py:538} INFO - Filling up the DagBag from /Users/sunanda/Downloads/airflow/py_env/lib/python3.9/site-packages/airflow/example_dags/example_skip_dag.py
[2023-03-22T19:14:20.047-0400] {processor.py:753} INFO - DAG(s) dict_keys(['example_skip_dag']) retrieved from /Users/sunanda/Downloads/airflow/py_env/lib/python3.9/site-packages/airflow/example_dags/example_skip_dag.py
[2023-03-22T19:14:20.253-0400] {logging_mixin.py:137} INFO - [2023-03-22T19:14:20.253-0400] {dag.py:2690} INFO - Sync 1 DAGs
[2023-03-22T19:14:20.260-0400] {logging_mixin.py:137} INFO - [2023-03-22T19:14:20.260-0400] {dag.py:3437} INFO - Setting next_dagrun for example_skip_dag to 2023-03-21T23:14:20.259971+00:00, run_after=2023-03-22T23:14:20.259971+00:00
[2023-03-22T19:14:20.270-0400] {processor.py:175} INFO - Processing /Users/sunanda/Downloads/airflow/py_env/lib/python3.9/site-packages/airflow/example_dags/example_skip_dag.py took 0.236 seconds
[2023-03-22T19:24:18.213-0400] {processor.py:153} INFO - Started process (PID=4761) to work on /Users/sunanda/Downloads/airflow/py_env/lib/python3.9/site-packages/airflow/example_dags/example_skip_dag.py
[2023-03-22T19:24:18.216-0400] {processor.py:743} INFO - Processing file /Users/sunanda/Downloads/airflow/py_env/lib/python3.9/site-packages/airflow/example_dags/example_skip_dag.py for tasks to queue
[2023-03-22T19:24:18.217-0400] {logging_mixin.py:137} INFO - [2023-03-22T19:24:18.217-0400] {dagbag.py:538} INFO - Filling up the DagBag from /Users/sunanda/Downloads/airflow/py_env/lib/python3.9/site-packages/airflow/example_dags/example_skip_dag.py
[2023-03-22T19:24:18.227-0400] {processor.py:753} INFO - DAG(s) dict_keys(['example_skip_dag']) retrieved from /Users/sunanda/Downloads/airflow/py_env/lib/python3.9/site-packages/airflow/example_dags/example_skip_dag.py
[2023-03-22T19:24:18.431-0400] {logging_mixin.py:137} INFO - [2023-03-22T19:24:18.431-0400] {dag.py:2690} INFO - Sync 1 DAGs
[2023-03-22T19:24:18.437-0400] {logging_mixin.py:137} INFO - [2023-03-22T19:24:18.437-0400] {dag.py:3437} INFO - Setting next_dagrun for example_skip_dag to 2023-03-21T23:24:18.437670+00:00, run_after=2023-03-22T23:24:18.437670+00:00
[2023-03-22T19:24:18.445-0400] {processor.py:175} INFO - Processing /Users/sunanda/Downloads/airflow/py_env/lib/python3.9/site-packages/airflow/example_dags/example_skip_dag.py took 0.232 seconds
[2023-03-22T19:25:30.738-0400] {processor.py:153} INFO - Started process (PID=4874) to work on /Users/sunanda/Downloads/airflow/py_env/lib/python3.9/site-packages/airflow/example_dags/example_skip_dag.py
[2023-03-22T19:25:30.741-0400] {processor.py:743} INFO - Processing file /Users/sunanda/Downloads/airflow/py_env/lib/python3.9/site-packages/airflow/example_dags/example_skip_dag.py for tasks to queue
[2023-03-22T19:25:30.742-0400] {logging_mixin.py:137} INFO - [2023-03-22T19:25:30.742-0400] {dagbag.py:538} INFO - Filling up the DagBag from /Users/sunanda/Downloads/airflow/py_env/lib/python3.9/site-packages/airflow/example_dags/example_skip_dag.py
[2023-03-22T19:25:30.752-0400] {processor.py:753} INFO - DAG(s) dict_keys(['example_skip_dag']) retrieved from /Users/sunanda/Downloads/airflow/py_env/lib/python3.9/site-packages/airflow/example_dags/example_skip_dag.py
[2023-03-22T19:25:30.952-0400] {logging_mixin.py:137} INFO - [2023-03-22T19:25:30.952-0400] {dag.py:2690} INFO - Sync 1 DAGs
[2023-03-22T19:25:30.959-0400] {logging_mixin.py:137} INFO - [2023-03-22T19:25:30.959-0400] {dag.py:3437} INFO - Setting next_dagrun for example_skip_dag to 2023-03-21T23:25:30.959130+00:00, run_after=2023-03-22T23:25:30.959130+00:00
[2023-03-22T19:25:30.966-0400] {processor.py:175} INFO - Processing /Users/sunanda/Downloads/airflow/py_env/lib/python3.9/site-packages/airflow/example_dags/example_skip_dag.py took 0.228 seconds
[2023-03-22T19:26:53.950-0400] {processor.py:153} INFO - Started process (PID=5002) to work on /Users/sunanda/Downloads/airflow/py_env/lib/python3.9/site-packages/airflow/example_dags/example_skip_dag.py
[2023-03-22T19:26:53.954-0400] {processor.py:743} INFO - Processing file /Users/sunanda/Downloads/airflow/py_env/lib/python3.9/site-packages/airflow/example_dags/example_skip_dag.py for tasks to queue
[2023-03-22T19:26:53.954-0400] {logging_mixin.py:137} INFO - [2023-03-22T19:26:53.954-0400] {dagbag.py:538} INFO - Filling up the DagBag from /Users/sunanda/Downloads/airflow/py_env/lib/python3.9/site-packages/airflow/example_dags/example_skip_dag.py
[2023-03-22T19:26:53.965-0400] {processor.py:753} INFO - DAG(s) dict_keys(['example_skip_dag']) retrieved from /Users/sunanda/Downloads/airflow/py_env/lib/python3.9/site-packages/airflow/example_dags/example_skip_dag.py
[2023-03-22T19:26:54.172-0400] {logging_mixin.py:137} INFO - [2023-03-22T19:26:54.172-0400] {dag.py:2690} INFO - Sync 1 DAGs
[2023-03-22T19:26:54.178-0400] {logging_mixin.py:137} INFO - [2023-03-22T19:26:54.178-0400] {dag.py:3437} INFO - Setting next_dagrun for example_skip_dag to 2023-03-21T23:26:54.178762+00:00, run_after=2023-03-22T23:26:54.178762+00:00
[2023-03-22T19:26:54.186-0400] {processor.py:175} INFO - Processing /Users/sunanda/Downloads/airflow/py_env/lib/python3.9/site-packages/airflow/example_dags/example_skip_dag.py took 0.236 seconds
