[2023-03-22T14:53:57.235-0400] {processor.py:153} INFO - Started process (PID=69568) to work on /Users/sunanda/Downloads/airflow/py_env/lib/python3.9/site-packages/airflow/example_dags/example_subdag_operator.py
[2023-03-22T14:53:57.237-0400] {processor.py:743} INFO - Processing file /Users/sunanda/Downloads/airflow/py_env/lib/python3.9/site-packages/airflow/example_dags/example_subdag_operator.py for tasks to queue
[2023-03-22T14:53:57.238-0400] {logging_mixin.py:137} INFO - [2023-03-22T14:53:57.238-0400] {dagbag.py:538} INFO - Filling up the DagBag from /Users/sunanda/Downloads/airflow/py_env/lib/python3.9/site-packages/airflow/example_dags/example_subdag_operator.py
[2023-03-22T14:53:57.442-0400] {processor.py:753} INFO - DAG(s) dict_keys(['example_subdag_operator.section-1', 'example_subdag_operator.section-2', 'example_subdag_operator']) retrieved from /Users/sunanda/Downloads/airflow/py_env/lib/python3.9/site-packages/airflow/example_dags/example_subdag_operator.py
[2023-03-22T14:53:57.487-0400] {logging_mixin.py:137} INFO - [2023-03-22T14:53:57.487-0400] {dag.py:2690} INFO - Sync 3 DAGs
[2023-03-22T14:53:57.494-0400] {logging_mixin.py:137} INFO - [2023-03-22T14:53:57.493-0400] {dag.py:3437} INFO - Setting next_dagrun for example_subdag_operator to 2022-01-01T00:00:00+00:00, run_after=2022-01-01T00:00:00+00:00
[2023-03-22T14:53:57.494-0400] {logging_mixin.py:137} INFO - [2023-03-22T14:53:57.494-0400] {dag.py:3437} INFO - Setting next_dagrun for example_subdag_operator.section-1 to None, run_after=None
[2023-03-22T14:53:57.495-0400] {logging_mixin.py:137} INFO - [2023-03-22T14:53:57.495-0400] {dag.py:3437} INFO - Setting next_dagrun for example_subdag_operator.section-2 to None, run_after=None
[2023-03-22T14:53:57.498-0400] {logging_mixin.py:137} INFO - [2023-03-22T14:53:57.498-0400] {dag.py:2690} INFO - Sync 2 DAGs
[2023-03-22T14:53:57.500-0400] {logging_mixin.py:137} INFO - [2023-03-22T14:53:57.499-0400] {dag.py:3437} INFO - Setting next_dagrun for example_subdag_operator.section-1 to None, run_after=None
[2023-03-22T14:53:57.500-0400] {logging_mixin.py:137} INFO - [2023-03-22T14:53:57.500-0400] {dag.py:3437} INFO - Setting next_dagrun for example_subdag_operator.section-2 to None, run_after=None
[2023-03-22T14:53:57.506-0400] {processor.py:175} INFO - Processing /Users/sunanda/Downloads/airflow/py_env/lib/python3.9/site-packages/airflow/example_dags/example_subdag_operator.py took 0.271 seconds
[2023-03-22T14:55:09.110-0400] {processor.py:153} INFO - Started process (PID=69682) to work on /Users/sunanda/Downloads/airflow/py_env/lib/python3.9/site-packages/airflow/example_dags/example_subdag_operator.py
[2023-03-22T14:55:09.112-0400] {processor.py:743} INFO - Processing file /Users/sunanda/Downloads/airflow/py_env/lib/python3.9/site-packages/airflow/example_dags/example_subdag_operator.py for tasks to queue
[2023-03-22T14:55:09.112-0400] {logging_mixin.py:137} INFO - [2023-03-22T14:55:09.112-0400] {dagbag.py:538} INFO - Filling up the DagBag from /Users/sunanda/Downloads/airflow/py_env/lib/python3.9/site-packages/airflow/example_dags/example_subdag_operator.py
[2023-03-22T14:55:09.322-0400] {processor.py:753} INFO - DAG(s) dict_keys(['example_subdag_operator.section-1', 'example_subdag_operator.section-2', 'example_subdag_operator']) retrieved from /Users/sunanda/Downloads/airflow/py_env/lib/python3.9/site-packages/airflow/example_dags/example_subdag_operator.py
[2023-03-22T14:55:09.356-0400] {logging_mixin.py:137} INFO - [2023-03-22T14:55:09.356-0400] {dag.py:2690} INFO - Sync 3 DAGs
[2023-03-22T14:55:09.362-0400] {logging_mixin.py:137} INFO - [2023-03-22T14:55:09.362-0400] {dag.py:3437} INFO - Setting next_dagrun for example_subdag_operator to 2022-01-01T00:00:00+00:00, run_after=2022-01-01T00:00:00+00:00
[2023-03-22T14:55:09.363-0400] {logging_mixin.py:137} INFO - [2023-03-22T14:55:09.363-0400] {dag.py:3437} INFO - Setting next_dagrun for example_subdag_operator.section-1 to None, run_after=None
[2023-03-22T14:55:09.364-0400] {logging_mixin.py:137} INFO - [2023-03-22T14:55:09.364-0400] {dag.py:3437} INFO - Setting next_dagrun for example_subdag_operator.section-2 to None, run_after=None
[2023-03-22T14:55:09.366-0400] {logging_mixin.py:137} INFO - [2023-03-22T14:55:09.366-0400] {dag.py:2690} INFO - Sync 2 DAGs
[2023-03-22T14:55:09.368-0400] {logging_mixin.py:137} INFO - [2023-03-22T14:55:09.367-0400] {dag.py:3437} INFO - Setting next_dagrun for example_subdag_operator.section-1 to None, run_after=None
[2023-03-22T14:55:09.368-0400] {logging_mixin.py:137} INFO - [2023-03-22T14:55:09.368-0400] {dag.py:3437} INFO - Setting next_dagrun for example_subdag_operator.section-2 to None, run_after=None
[2023-03-22T14:55:09.373-0400] {processor.py:175} INFO - Processing /Users/sunanda/Downloads/airflow/py_env/lib/python3.9/site-packages/airflow/example_dags/example_subdag_operator.py took 0.263 seconds
[2023-03-22T14:56:30.059-0400] {processor.py:153} INFO - Started process (PID=69809) to work on /Users/sunanda/Downloads/airflow/py_env/lib/python3.9/site-packages/airflow/example_dags/example_subdag_operator.py
[2023-03-22T14:56:30.062-0400] {processor.py:743} INFO - Processing file /Users/sunanda/Downloads/airflow/py_env/lib/python3.9/site-packages/airflow/example_dags/example_subdag_operator.py for tasks to queue
[2023-03-22T14:56:30.063-0400] {logging_mixin.py:137} INFO - [2023-03-22T14:56:30.063-0400] {dagbag.py:538} INFO - Filling up the DagBag from /Users/sunanda/Downloads/airflow/py_env/lib/python3.9/site-packages/airflow/example_dags/example_subdag_operator.py
[2023-03-22T14:56:30.272-0400] {processor.py:753} INFO - DAG(s) dict_keys(['example_subdag_operator.section-1', 'example_subdag_operator.section-2', 'example_subdag_operator']) retrieved from /Users/sunanda/Downloads/airflow/py_env/lib/python3.9/site-packages/airflow/example_dags/example_subdag_operator.py
[2023-03-22T14:56:30.309-0400] {logging_mixin.py:137} INFO - [2023-03-22T14:56:30.309-0400] {dag.py:2690} INFO - Sync 3 DAGs
[2023-03-22T14:56:30.315-0400] {logging_mixin.py:137} INFO - [2023-03-22T14:56:30.315-0400] {dag.py:3437} INFO - Setting next_dagrun for example_subdag_operator to 2022-01-01T00:00:00+00:00, run_after=2022-01-01T00:00:00+00:00
[2023-03-22T14:56:30.316-0400] {logging_mixin.py:137} INFO - [2023-03-22T14:56:30.316-0400] {dag.py:3437} INFO - Setting next_dagrun for example_subdag_operator.section-1 to None, run_after=None
[2023-03-22T14:56:30.317-0400] {logging_mixin.py:137} INFO - [2023-03-22T14:56:30.317-0400] {dag.py:3437} INFO - Setting next_dagrun for example_subdag_operator.section-2 to None, run_after=None
[2023-03-22T14:56:30.319-0400] {logging_mixin.py:137} INFO - [2023-03-22T14:56:30.319-0400] {dag.py:2690} INFO - Sync 2 DAGs
[2023-03-22T14:56:30.321-0400] {logging_mixin.py:137} INFO - [2023-03-22T14:56:30.320-0400] {dag.py:3437} INFO - Setting next_dagrun for example_subdag_operator.section-1 to None, run_after=None
[2023-03-22T14:56:30.321-0400] {logging_mixin.py:137} INFO - [2023-03-22T14:56:30.321-0400] {dag.py:3437} INFO - Setting next_dagrun for example_subdag_operator.section-2 to None, run_after=None
[2023-03-22T14:56:30.326-0400] {processor.py:175} INFO - Processing /Users/sunanda/Downloads/airflow/py_env/lib/python3.9/site-packages/airflow/example_dags/example_subdag_operator.py took 0.267 seconds
[2023-03-22T14:57:50.636-0400] {processor.py:153} INFO - Started process (PID=69934) to work on /Users/sunanda/Downloads/airflow/py_env/lib/python3.9/site-packages/airflow/example_dags/example_subdag_operator.py
[2023-03-22T14:57:50.639-0400] {processor.py:743} INFO - Processing file /Users/sunanda/Downloads/airflow/py_env/lib/python3.9/site-packages/airflow/example_dags/example_subdag_operator.py for tasks to queue
[2023-03-22T14:57:50.639-0400] {logging_mixin.py:137} INFO - [2023-03-22T14:57:50.639-0400] {dagbag.py:538} INFO - Filling up the DagBag from /Users/sunanda/Downloads/airflow/py_env/lib/python3.9/site-packages/airflow/example_dags/example_subdag_operator.py
[2023-03-22T14:57:50.866-0400] {processor.py:753} INFO - DAG(s) dict_keys(['example_subdag_operator.section-1', 'example_subdag_operator.section-2', 'example_subdag_operator']) retrieved from /Users/sunanda/Downloads/airflow/py_env/lib/python3.9/site-packages/airflow/example_dags/example_subdag_operator.py
[2023-03-22T14:57:50.904-0400] {logging_mixin.py:137} INFO - [2023-03-22T14:57:50.904-0400] {dag.py:2690} INFO - Sync 3 DAGs
[2023-03-22T14:57:50.912-0400] {logging_mixin.py:137} INFO - [2023-03-22T14:57:50.912-0400] {dag.py:3437} INFO - Setting next_dagrun for example_subdag_operator to 2022-01-01T00:00:00+00:00, run_after=2022-01-01T00:00:00+00:00
[2023-03-22T14:57:50.914-0400] {logging_mixin.py:137} INFO - [2023-03-22T14:57:50.914-0400] {dag.py:3437} INFO - Setting next_dagrun for example_subdag_operator.section-1 to None, run_after=None
[2023-03-22T14:57:50.914-0400] {logging_mixin.py:137} INFO - [2023-03-22T14:57:50.914-0400] {dag.py:3437} INFO - Setting next_dagrun for example_subdag_operator.section-2 to None, run_after=None
[2023-03-22T14:57:50.917-0400] {logging_mixin.py:137} INFO - [2023-03-22T14:57:50.917-0400] {dag.py:2690} INFO - Sync 2 DAGs
[2023-03-22T14:57:50.919-0400] {logging_mixin.py:137} INFO - [2023-03-22T14:57:50.919-0400] {dag.py:3437} INFO - Setting next_dagrun for example_subdag_operator.section-1 to None, run_after=None
[2023-03-22T14:57:50.919-0400] {logging_mixin.py:137} INFO - [2023-03-22T14:57:50.919-0400] {dag.py:3437} INFO - Setting next_dagrun for example_subdag_operator.section-2 to None, run_after=None
[2023-03-22T14:57:50.970-0400] {processor.py:175} INFO - Processing /Users/sunanda/Downloads/airflow/py_env/lib/python3.9/site-packages/airflow/example_dags/example_subdag_operator.py took 0.334 seconds
[2023-03-22T14:59:18.801-0400] {processor.py:153} INFO - Started process (PID=70074) to work on /Users/sunanda/Downloads/airflow/py_env/lib/python3.9/site-packages/airflow/example_dags/example_subdag_operator.py
[2023-03-22T14:59:18.805-0400] {processor.py:743} INFO - Processing file /Users/sunanda/Downloads/airflow/py_env/lib/python3.9/site-packages/airflow/example_dags/example_subdag_operator.py for tasks to queue
[2023-03-22T14:59:18.805-0400] {logging_mixin.py:137} INFO - [2023-03-22T14:59:18.805-0400] {dagbag.py:538} INFO - Filling up the DagBag from /Users/sunanda/Downloads/airflow/py_env/lib/python3.9/site-packages/airflow/example_dags/example_subdag_operator.py
[2023-03-22T14:59:19.021-0400] {processor.py:753} INFO - DAG(s) dict_keys(['example_subdag_operator.section-1', 'example_subdag_operator.section-2', 'example_subdag_operator']) retrieved from /Users/sunanda/Downloads/airflow/py_env/lib/python3.9/site-packages/airflow/example_dags/example_subdag_operator.py
[2023-03-22T14:59:19.094-0400] {logging_mixin.py:137} INFO - [2023-03-22T14:59:19.094-0400] {dag.py:2690} INFO - Sync 3 DAGs
[2023-03-22T14:59:19.101-0400] {logging_mixin.py:137} INFO - [2023-03-22T14:59:19.101-0400] {dag.py:3437} INFO - Setting next_dagrun for example_subdag_operator to 2022-01-01T00:00:00+00:00, run_after=2022-01-01T00:00:00+00:00
[2023-03-22T14:59:19.102-0400] {logging_mixin.py:137} INFO - [2023-03-22T14:59:19.102-0400] {dag.py:3437} INFO - Setting next_dagrun for example_subdag_operator.section-1 to None, run_after=None
[2023-03-22T14:59:19.103-0400] {logging_mixin.py:137} INFO - [2023-03-22T14:59:19.103-0400] {dag.py:3437} INFO - Setting next_dagrun for example_subdag_operator.section-2 to None, run_after=None
[2023-03-22T14:59:19.105-0400] {logging_mixin.py:137} INFO - [2023-03-22T14:59:19.105-0400] {dag.py:2690} INFO - Sync 2 DAGs
[2023-03-22T14:59:19.107-0400] {logging_mixin.py:137} INFO - [2023-03-22T14:59:19.107-0400] {dag.py:3437} INFO - Setting next_dagrun for example_subdag_operator.section-1 to None, run_after=None
[2023-03-22T14:59:19.107-0400] {logging_mixin.py:137} INFO - [2023-03-22T14:59:19.107-0400] {dag.py:3437} INFO - Setting next_dagrun for example_subdag_operator.section-2 to None, run_after=None
[2023-03-22T14:59:19.113-0400] {processor.py:175} INFO - Processing /Users/sunanda/Downloads/airflow/py_env/lib/python3.9/site-packages/airflow/example_dags/example_subdag_operator.py took 0.312 seconds
[2023-03-22T15:00:43.541-0400] {processor.py:153} INFO - Started process (PID=70206) to work on /Users/sunanda/Downloads/airflow/py_env/lib/python3.9/site-packages/airflow/example_dags/example_subdag_operator.py
[2023-03-22T15:00:43.543-0400] {processor.py:743} INFO - Processing file /Users/sunanda/Downloads/airflow/py_env/lib/python3.9/site-packages/airflow/example_dags/example_subdag_operator.py for tasks to queue
[2023-03-22T15:00:43.544-0400] {logging_mixin.py:137} INFO - [2023-03-22T15:00:43.543-0400] {dagbag.py:538} INFO - Filling up the DagBag from /Users/sunanda/Downloads/airflow/py_env/lib/python3.9/site-packages/airflow/example_dags/example_subdag_operator.py
[2023-03-22T15:00:43.756-0400] {processor.py:753} INFO - DAG(s) dict_keys(['example_subdag_operator.section-1', 'example_subdag_operator.section-2', 'example_subdag_operator']) retrieved from /Users/sunanda/Downloads/airflow/py_env/lib/python3.9/site-packages/airflow/example_dags/example_subdag_operator.py
[2023-03-22T15:00:43.793-0400] {logging_mixin.py:137} INFO - [2023-03-22T15:00:43.792-0400] {dag.py:2690} INFO - Sync 3 DAGs
[2023-03-22T15:00:43.800-0400] {logging_mixin.py:137} INFO - [2023-03-22T15:00:43.800-0400] {dag.py:3437} INFO - Setting next_dagrun for example_subdag_operator to 2022-01-01T00:00:00+00:00, run_after=2022-01-01T00:00:00+00:00
[2023-03-22T15:00:43.801-0400] {logging_mixin.py:137} INFO - [2023-03-22T15:00:43.801-0400] {dag.py:3437} INFO - Setting next_dagrun for example_subdag_operator.section-1 to None, run_after=None
[2023-03-22T15:00:43.801-0400] {logging_mixin.py:137} INFO - [2023-03-22T15:00:43.801-0400] {dag.py:3437} INFO - Setting next_dagrun for example_subdag_operator.section-2 to None, run_after=None
[2023-03-22T15:00:43.804-0400] {logging_mixin.py:137} INFO - [2023-03-22T15:00:43.804-0400] {dag.py:2690} INFO - Sync 2 DAGs
[2023-03-22T15:00:43.805-0400] {logging_mixin.py:137} INFO - [2023-03-22T15:00:43.805-0400] {dag.py:3437} INFO - Setting next_dagrun for example_subdag_operator.section-1 to None, run_after=None
[2023-03-22T15:00:43.805-0400] {logging_mixin.py:137} INFO - [2023-03-22T15:00:43.805-0400] {dag.py:3437} INFO - Setting next_dagrun for example_subdag_operator.section-2 to None, run_after=None
[2023-03-22T15:00:43.811-0400] {processor.py:175} INFO - Processing /Users/sunanda/Downloads/airflow/py_env/lib/python3.9/site-packages/airflow/example_dags/example_subdag_operator.py took 0.270 seconds
[2023-03-22T15:02:08.793-0400] {processor.py:153} INFO - Started process (PID=70347) to work on /Users/sunanda/Downloads/airflow/py_env/lib/python3.9/site-packages/airflow/example_dags/example_subdag_operator.py
[2023-03-22T15:02:08.796-0400] {processor.py:743} INFO - Processing file /Users/sunanda/Downloads/airflow/py_env/lib/python3.9/site-packages/airflow/example_dags/example_subdag_operator.py for tasks to queue
[2023-03-22T15:02:08.797-0400] {logging_mixin.py:137} INFO - [2023-03-22T15:02:08.797-0400] {dagbag.py:538} INFO - Filling up the DagBag from /Users/sunanda/Downloads/airflow/py_env/lib/python3.9/site-packages/airflow/example_dags/example_subdag_operator.py
[2023-03-22T15:02:09.014-0400] {processor.py:753} INFO - DAG(s) dict_keys(['example_subdag_operator.section-1', 'example_subdag_operator.section-2', 'example_subdag_operator']) retrieved from /Users/sunanda/Downloads/airflow/py_env/lib/python3.9/site-packages/airflow/example_dags/example_subdag_operator.py
[2023-03-22T15:02:09.050-0400] {logging_mixin.py:137} INFO - [2023-03-22T15:02:09.050-0400] {dag.py:2690} INFO - Sync 3 DAGs
[2023-03-22T15:02:09.058-0400] {logging_mixin.py:137} INFO - [2023-03-22T15:02:09.058-0400] {dag.py:3437} INFO - Setting next_dagrun for example_subdag_operator to 2022-01-01T00:00:00+00:00, run_after=2022-01-01T00:00:00+00:00
[2023-03-22T15:02:09.060-0400] {logging_mixin.py:137} INFO - [2023-03-22T15:02:09.059-0400] {dag.py:3437} INFO - Setting next_dagrun for example_subdag_operator.section-1 to None, run_after=None
[2023-03-22T15:02:09.060-0400] {logging_mixin.py:137} INFO - [2023-03-22T15:02:09.060-0400] {dag.py:3437} INFO - Setting next_dagrun for example_subdag_operator.section-2 to None, run_after=None
[2023-03-22T15:02:09.063-0400] {logging_mixin.py:137} INFO - [2023-03-22T15:02:09.063-0400] {dag.py:2690} INFO - Sync 2 DAGs
[2023-03-22T15:02:09.064-0400] {logging_mixin.py:137} INFO - [2023-03-22T15:02:09.064-0400] {dag.py:3437} INFO - Setting next_dagrun for example_subdag_operator.section-1 to None, run_after=None
[2023-03-22T15:02:09.064-0400] {logging_mixin.py:137} INFO - [2023-03-22T15:02:09.064-0400] {dag.py:3437} INFO - Setting next_dagrun for example_subdag_operator.section-2 to None, run_after=None
[2023-03-22T15:02:09.070-0400] {processor.py:175} INFO - Processing /Users/sunanda/Downloads/airflow/py_env/lib/python3.9/site-packages/airflow/example_dags/example_subdag_operator.py took 0.277 seconds
[2023-03-22T15:03:35.577-0400] {processor.py:153} INFO - Started process (PID=70481) to work on /Users/sunanda/Downloads/airflow/py_env/lib/python3.9/site-packages/airflow/example_dags/example_subdag_operator.py
[2023-03-22T15:03:35.580-0400] {processor.py:743} INFO - Processing file /Users/sunanda/Downloads/airflow/py_env/lib/python3.9/site-packages/airflow/example_dags/example_subdag_operator.py for tasks to queue
[2023-03-22T15:03:35.580-0400] {logging_mixin.py:137} INFO - [2023-03-22T15:03:35.580-0400] {dagbag.py:538} INFO - Filling up the DagBag from /Users/sunanda/Downloads/airflow/py_env/lib/python3.9/site-packages/airflow/example_dags/example_subdag_operator.py
[2023-03-22T15:03:35.792-0400] {processor.py:753} INFO - DAG(s) dict_keys(['example_subdag_operator.section-1', 'example_subdag_operator.section-2', 'example_subdag_operator']) retrieved from /Users/sunanda/Downloads/airflow/py_env/lib/python3.9/site-packages/airflow/example_dags/example_subdag_operator.py
[2023-03-22T15:03:35.830-0400] {logging_mixin.py:137} INFO - [2023-03-22T15:03:35.830-0400] {dag.py:2690} INFO - Sync 3 DAGs
[2023-03-22T15:03:35.837-0400] {logging_mixin.py:137} INFO - [2023-03-22T15:03:35.836-0400] {dag.py:3437} INFO - Setting next_dagrun for example_subdag_operator to 2022-01-01T00:00:00+00:00, run_after=2022-01-01T00:00:00+00:00
[2023-03-22T15:03:35.838-0400] {logging_mixin.py:137} INFO - [2023-03-22T15:03:35.838-0400] {dag.py:3437} INFO - Setting next_dagrun for example_subdag_operator.section-1 to None, run_after=None
[2023-03-22T15:03:35.838-0400] {logging_mixin.py:137} INFO - [2023-03-22T15:03:35.838-0400] {dag.py:3437} INFO - Setting next_dagrun for example_subdag_operator.section-2 to None, run_after=None
[2023-03-22T15:03:35.841-0400] {logging_mixin.py:137} INFO - [2023-03-22T15:03:35.841-0400] {dag.py:2690} INFO - Sync 2 DAGs
[2023-03-22T15:03:35.843-0400] {logging_mixin.py:137} INFO - [2023-03-22T15:03:35.843-0400] {dag.py:3437} INFO - Setting next_dagrun for example_subdag_operator.section-1 to None, run_after=None
[2023-03-22T15:03:35.843-0400] {logging_mixin.py:137} INFO - [2023-03-22T15:03:35.843-0400] {dag.py:3437} INFO - Setting next_dagrun for example_subdag_operator.section-2 to None, run_after=None
[2023-03-22T15:03:35.848-0400] {processor.py:175} INFO - Processing /Users/sunanda/Downloads/airflow/py_env/lib/python3.9/site-packages/airflow/example_dags/example_subdag_operator.py took 0.271 seconds
[2023-03-22T15:04:54.020-0400] {processor.py:153} INFO - Started process (PID=70626) to work on /Users/sunanda/Downloads/airflow/py_env/lib/python3.9/site-packages/airflow/example_dags/example_subdag_operator.py
[2023-03-22T15:04:54.023-0400] {processor.py:743} INFO - Processing file /Users/sunanda/Downloads/airflow/py_env/lib/python3.9/site-packages/airflow/example_dags/example_subdag_operator.py for tasks to queue
[2023-03-22T15:04:54.023-0400] {logging_mixin.py:137} INFO - [2023-03-22T15:04:54.023-0400] {dagbag.py:538} INFO - Filling up the DagBag from /Users/sunanda/Downloads/airflow/py_env/lib/python3.9/site-packages/airflow/example_dags/example_subdag_operator.py
[2023-03-22T15:04:54.230-0400] {processor.py:753} INFO - DAG(s) dict_keys(['example_subdag_operator.section-1', 'example_subdag_operator.section-2', 'example_subdag_operator']) retrieved from /Users/sunanda/Downloads/airflow/py_env/lib/python3.9/site-packages/airflow/example_dags/example_subdag_operator.py
[2023-03-22T15:04:54.266-0400] {logging_mixin.py:137} INFO - [2023-03-22T15:04:54.266-0400] {dag.py:2690} INFO - Sync 3 DAGs
[2023-03-22T15:04:54.272-0400] {logging_mixin.py:137} INFO - [2023-03-22T15:04:54.272-0400] {dag.py:3437} INFO - Setting next_dagrun for example_subdag_operator to 2022-01-01T00:00:00+00:00, run_after=2022-01-01T00:00:00+00:00
[2023-03-22T15:04:54.273-0400] {logging_mixin.py:137} INFO - [2023-03-22T15:04:54.273-0400] {dag.py:3437} INFO - Setting next_dagrun for example_subdag_operator.section-1 to None, run_after=None
[2023-03-22T15:04:54.273-0400] {logging_mixin.py:137} INFO - [2023-03-22T15:04:54.273-0400] {dag.py:3437} INFO - Setting next_dagrun for example_subdag_operator.section-2 to None, run_after=None
[2023-03-22T15:04:54.276-0400] {logging_mixin.py:137} INFO - [2023-03-22T15:04:54.276-0400] {dag.py:2690} INFO - Sync 2 DAGs
[2023-03-22T15:04:54.278-0400] {logging_mixin.py:137} INFO - [2023-03-22T15:04:54.278-0400] {dag.py:3437} INFO - Setting next_dagrun for example_subdag_operator.section-1 to None, run_after=None
[2023-03-22T15:04:54.278-0400] {logging_mixin.py:137} INFO - [2023-03-22T15:04:54.278-0400] {dag.py:3437} INFO - Setting next_dagrun for example_subdag_operator.section-2 to None, run_after=None
[2023-03-22T15:04:54.283-0400] {processor.py:175} INFO - Processing /Users/sunanda/Downloads/airflow/py_env/lib/python3.9/site-packages/airflow/example_dags/example_subdag_operator.py took 0.263 seconds
[2023-03-22T16:18:40.895-0400] {processor.py:153} INFO - Started process (PID=74878) to work on /Users/sunanda/Downloads/airflow/py_env/lib/python3.9/site-packages/airflow/example_dags/example_subdag_operator.py
[2023-03-22T16:18:40.898-0400] {processor.py:743} INFO - Processing file /Users/sunanda/Downloads/airflow/py_env/lib/python3.9/site-packages/airflow/example_dags/example_subdag_operator.py for tasks to queue
[2023-03-22T16:18:40.899-0400] {logging_mixin.py:137} INFO - [2023-03-22T16:18:40.898-0400] {dagbag.py:538} INFO - Filling up the DagBag from /Users/sunanda/Downloads/airflow/py_env/lib/python3.9/site-packages/airflow/example_dags/example_subdag_operator.py
[2023-03-22T16:18:41.473-0400] {processor.py:753} INFO - DAG(s) dict_keys(['example_subdag_operator.section-1', 'example_subdag_operator.section-2', 'example_subdag_operator']) retrieved from /Users/sunanda/Downloads/airflow/py_env/lib/python3.9/site-packages/airflow/example_dags/example_subdag_operator.py
[2023-03-22T16:18:41.548-0400] {logging_mixin.py:137} INFO - [2023-03-22T16:18:41.548-0400] {dag.py:2690} INFO - Sync 3 DAGs
[2023-03-22T16:18:41.582-0400] {logging_mixin.py:137} INFO - [2023-03-22T16:18:41.575-0400] {dag.py:3437} INFO - Setting next_dagrun for example_subdag_operator to 2022-01-01T00:00:00+00:00, run_after=2022-01-01T00:00:00+00:00
[2023-03-22T16:18:41.585-0400] {logging_mixin.py:137} INFO - [2023-03-22T16:18:41.585-0400] {dag.py:3437} INFO - Setting next_dagrun for example_subdag_operator.section-1 to None, run_after=None
[2023-03-22T16:18:41.586-0400] {logging_mixin.py:137} INFO - [2023-03-22T16:18:41.586-0400] {dag.py:3437} INFO - Setting next_dagrun for example_subdag_operator.section-2 to None, run_after=None
[2023-03-22T16:18:41.640-0400] {logging_mixin.py:137} INFO - [2023-03-22T16:18:41.629-0400] {dag.py:2690} INFO - Sync 2 DAGs
[2023-03-22T16:18:41.656-0400] {logging_mixin.py:137} INFO - [2023-03-22T16:18:41.656-0400] {dag.py:3437} INFO - Setting next_dagrun for example_subdag_operator.section-1 to None, run_after=None
[2023-03-22T16:18:41.656-0400] {logging_mixin.py:137} INFO - [2023-03-22T16:18:41.656-0400] {dag.py:3437} INFO - Setting next_dagrun for example_subdag_operator.section-2 to None, run_after=None
[2023-03-22T16:18:41.687-0400] {processor.py:175} INFO - Processing /Users/sunanda/Downloads/airflow/py_env/lib/python3.9/site-packages/airflow/example_dags/example_subdag_operator.py took 0.793 seconds
[2023-03-22T19:11:23.525-0400] {processor.py:153} INFO - Started process (PID=3781) to work on /Users/sunanda/Downloads/airflow/py_env/lib/python3.9/site-packages/airflow/example_dags/example_subdag_operator.py
[2023-03-22T19:11:23.527-0400] {processor.py:743} INFO - Processing file /Users/sunanda/Downloads/airflow/py_env/lib/python3.9/site-packages/airflow/example_dags/example_subdag_operator.py for tasks to queue
[2023-03-22T19:11:23.527-0400] {logging_mixin.py:137} INFO - [2023-03-22T19:11:23.527-0400] {dagbag.py:538} INFO - Filling up the DagBag from /Users/sunanda/Downloads/airflow/py_env/lib/python3.9/site-packages/airflow/example_dags/example_subdag_operator.py
[2023-03-22T19:11:23.738-0400] {processor.py:753} INFO - DAG(s) dict_keys(['example_subdag_operator.section-1', 'example_subdag_operator.section-2', 'example_subdag_operator']) retrieved from /Users/sunanda/Downloads/airflow/py_env/lib/python3.9/site-packages/airflow/example_dags/example_subdag_operator.py
[2023-03-22T19:11:23.775-0400] {logging_mixin.py:137} INFO - [2023-03-22T19:11:23.774-0400] {dag.py:2690} INFO - Sync 3 DAGs
[2023-03-22T19:11:23.782-0400] {logging_mixin.py:137} INFO - [2023-03-22T19:11:23.781-0400] {dag.py:3437} INFO - Setting next_dagrun for example_subdag_operator to 2022-01-01T00:00:00+00:00, run_after=2022-01-01T00:00:00+00:00
[2023-03-22T19:11:23.783-0400] {logging_mixin.py:137} INFO - [2023-03-22T19:11:23.783-0400] {dag.py:3437} INFO - Setting next_dagrun for example_subdag_operator.section-1 to None, run_after=None
[2023-03-22T19:11:23.783-0400] {logging_mixin.py:137} INFO - [2023-03-22T19:11:23.783-0400] {dag.py:3437} INFO - Setting next_dagrun for example_subdag_operator.section-2 to None, run_after=None
[2023-03-22T19:11:23.785-0400] {logging_mixin.py:137} INFO - [2023-03-22T19:11:23.785-0400] {dag.py:2690} INFO - Sync 2 DAGs
[2023-03-22T19:11:23.787-0400] {logging_mixin.py:137} INFO - [2023-03-22T19:11:23.787-0400] {dag.py:3437} INFO - Setting next_dagrun for example_subdag_operator.section-1 to None, run_after=None
[2023-03-22T19:11:23.787-0400] {logging_mixin.py:137} INFO - [2023-03-22T19:11:23.787-0400] {dag.py:3437} INFO - Setting next_dagrun for example_subdag_operator.section-2 to None, run_after=None
[2023-03-22T19:11:23.792-0400] {processor.py:175} INFO - Processing /Users/sunanda/Downloads/airflow/py_env/lib/python3.9/site-packages/airflow/example_dags/example_subdag_operator.py took 0.268 seconds
[2023-03-22T19:12:36.102-0400] {processor.py:153} INFO - Started process (PID=3893) to work on /Users/sunanda/Downloads/airflow/py_env/lib/python3.9/site-packages/airflow/example_dags/example_subdag_operator.py
[2023-03-22T19:12:36.104-0400] {processor.py:743} INFO - Processing file /Users/sunanda/Downloads/airflow/py_env/lib/python3.9/site-packages/airflow/example_dags/example_subdag_operator.py for tasks to queue
[2023-03-22T19:12:36.104-0400] {logging_mixin.py:137} INFO - [2023-03-22T19:12:36.104-0400] {dagbag.py:538} INFO - Filling up the DagBag from /Users/sunanda/Downloads/airflow/py_env/lib/python3.9/site-packages/airflow/example_dags/example_subdag_operator.py
[2023-03-22T19:12:36.308-0400] {processor.py:753} INFO - DAG(s) dict_keys(['example_subdag_operator.section-1', 'example_subdag_operator.section-2', 'example_subdag_operator']) retrieved from /Users/sunanda/Downloads/airflow/py_env/lib/python3.9/site-packages/airflow/example_dags/example_subdag_operator.py
[2023-03-22T19:12:36.343-0400] {logging_mixin.py:137} INFO - [2023-03-22T19:12:36.343-0400] {dag.py:2690} INFO - Sync 3 DAGs
[2023-03-22T19:12:36.350-0400] {logging_mixin.py:137} INFO - [2023-03-22T19:12:36.350-0400] {dag.py:3437} INFO - Setting next_dagrun for example_subdag_operator to 2022-01-01T00:00:00+00:00, run_after=2022-01-01T00:00:00+00:00
[2023-03-22T19:12:36.351-0400] {logging_mixin.py:137} INFO - [2023-03-22T19:12:36.351-0400] {dag.py:3437} INFO - Setting next_dagrun for example_subdag_operator.section-1 to None, run_after=None
[2023-03-22T19:12:36.352-0400] {logging_mixin.py:137} INFO - [2023-03-22T19:12:36.351-0400] {dag.py:3437} INFO - Setting next_dagrun for example_subdag_operator.section-2 to None, run_after=None
[2023-03-22T19:12:36.354-0400] {logging_mixin.py:137} INFO - [2023-03-22T19:12:36.354-0400] {dag.py:2690} INFO - Sync 2 DAGs
[2023-03-22T19:12:36.356-0400] {logging_mixin.py:137} INFO - [2023-03-22T19:12:36.356-0400] {dag.py:3437} INFO - Setting next_dagrun for example_subdag_operator.section-1 to None, run_after=None
[2023-03-22T19:12:36.356-0400] {logging_mixin.py:137} INFO - [2023-03-22T19:12:36.356-0400] {dag.py:3437} INFO - Setting next_dagrun for example_subdag_operator.section-2 to None, run_after=None
[2023-03-22T19:12:36.361-0400] {processor.py:175} INFO - Processing /Users/sunanda/Downloads/airflow/py_env/lib/python3.9/site-packages/airflow/example_dags/example_subdag_operator.py took 0.259 seconds
[2023-03-22T19:14:16.237-0400] {processor.py:153} INFO - Started process (PID=4056) to work on /Users/sunanda/Downloads/airflow/py_env/lib/python3.9/site-packages/airflow/example_dags/example_subdag_operator.py
[2023-03-22T19:14:16.239-0400] {processor.py:743} INFO - Processing file /Users/sunanda/Downloads/airflow/py_env/lib/python3.9/site-packages/airflow/example_dags/example_subdag_operator.py for tasks to queue
[2023-03-22T19:14:16.239-0400] {logging_mixin.py:137} INFO - [2023-03-22T19:14:16.239-0400] {dagbag.py:538} INFO - Filling up the DagBag from /Users/sunanda/Downloads/airflow/py_env/lib/python3.9/site-packages/airflow/example_dags/example_subdag_operator.py
[2023-03-22T19:14:16.443-0400] {processor.py:753} INFO - DAG(s) dict_keys(['example_subdag_operator.section-1', 'example_subdag_operator.section-2', 'example_subdag_operator']) retrieved from /Users/sunanda/Downloads/airflow/py_env/lib/python3.9/site-packages/airflow/example_dags/example_subdag_operator.py
[2023-03-22T19:14:16.480-0400] {logging_mixin.py:137} INFO - [2023-03-22T19:14:16.480-0400] {dag.py:2690} INFO - Sync 3 DAGs
[2023-03-22T19:14:16.486-0400] {logging_mixin.py:137} INFO - [2023-03-22T19:14:16.486-0400] {dag.py:3437} INFO - Setting next_dagrun for example_subdag_operator to 2022-01-01T00:00:00+00:00, run_after=2022-01-01T00:00:00+00:00
[2023-03-22T19:14:16.487-0400] {logging_mixin.py:137} INFO - [2023-03-22T19:14:16.487-0400] {dag.py:3437} INFO - Setting next_dagrun for example_subdag_operator.section-1 to None, run_after=None
[2023-03-22T19:14:16.488-0400] {logging_mixin.py:137} INFO - [2023-03-22T19:14:16.488-0400] {dag.py:3437} INFO - Setting next_dagrun for example_subdag_operator.section-2 to None, run_after=None
[2023-03-22T19:14:16.490-0400] {logging_mixin.py:137} INFO - [2023-03-22T19:14:16.490-0400] {dag.py:2690} INFO - Sync 2 DAGs
[2023-03-22T19:14:16.492-0400] {logging_mixin.py:137} INFO - [2023-03-22T19:14:16.492-0400] {dag.py:3437} INFO - Setting next_dagrun for example_subdag_operator.section-1 to None, run_after=None
[2023-03-22T19:14:16.492-0400] {logging_mixin.py:137} INFO - [2023-03-22T19:14:16.492-0400] {dag.py:3437} INFO - Setting next_dagrun for example_subdag_operator.section-2 to None, run_after=None
[2023-03-22T19:14:16.497-0400] {processor.py:175} INFO - Processing /Users/sunanda/Downloads/airflow/py_env/lib/python3.9/site-packages/airflow/example_dags/example_subdag_operator.py took 0.260 seconds
[2023-03-22T19:21:14.819-0400] {processor.py:153} INFO - Started process (PID=4542) to work on /Users/sunanda/Downloads/airflow/py_env/lib/python3.9/site-packages/airflow/example_dags/example_subdag_operator.py
[2023-03-22T19:21:14.822-0400] {processor.py:743} INFO - Processing file /Users/sunanda/Downloads/airflow/py_env/lib/python3.9/site-packages/airflow/example_dags/example_subdag_operator.py for tasks to queue
[2023-03-22T19:21:14.823-0400] {logging_mixin.py:137} INFO - [2023-03-22T19:21:14.823-0400] {dagbag.py:538} INFO - Filling up the DagBag from /Users/sunanda/Downloads/airflow/py_env/lib/python3.9/site-packages/airflow/example_dags/example_subdag_operator.py
[2023-03-22T19:21:15.038-0400] {processor.py:753} INFO - DAG(s) dict_keys(['example_subdag_operator.section-1', 'example_subdag_operator.section-2', 'example_subdag_operator']) retrieved from /Users/sunanda/Downloads/airflow/py_env/lib/python3.9/site-packages/airflow/example_dags/example_subdag_operator.py
[2023-03-22T19:21:15.075-0400] {logging_mixin.py:137} INFO - [2023-03-22T19:21:15.075-0400] {dag.py:2690} INFO - Sync 3 DAGs
[2023-03-22T19:21:15.082-0400] {logging_mixin.py:137} INFO - [2023-03-22T19:21:15.082-0400] {dag.py:3437} INFO - Setting next_dagrun for example_subdag_operator to 2022-01-01T00:00:00+00:00, run_after=2022-01-01T00:00:00+00:00
[2023-03-22T19:21:15.083-0400] {logging_mixin.py:137} INFO - [2023-03-22T19:21:15.083-0400] {dag.py:3437} INFO - Setting next_dagrun for example_subdag_operator.section-1 to None, run_after=None
[2023-03-22T19:21:15.084-0400] {logging_mixin.py:137} INFO - [2023-03-22T19:21:15.084-0400] {dag.py:3437} INFO - Setting next_dagrun for example_subdag_operator.section-2 to None, run_after=None
[2023-03-22T19:21:15.086-0400] {logging_mixin.py:137} INFO - [2023-03-22T19:21:15.086-0400] {dag.py:2690} INFO - Sync 2 DAGs
[2023-03-22T19:21:15.088-0400] {logging_mixin.py:137} INFO - [2023-03-22T19:21:15.088-0400] {dag.py:3437} INFO - Setting next_dagrun for example_subdag_operator.section-1 to None, run_after=None
[2023-03-22T19:21:15.088-0400] {logging_mixin.py:137} INFO - [2023-03-22T19:21:15.088-0400] {dag.py:3437} INFO - Setting next_dagrun for example_subdag_operator.section-2 to None, run_after=None
[2023-03-22T19:21:15.093-0400] {processor.py:175} INFO - Processing /Users/sunanda/Downloads/airflow/py_env/lib/python3.9/site-packages/airflow/example_dags/example_subdag_operator.py took 0.274 seconds
[2023-03-22T19:24:14.844-0400] {processor.py:153} INFO - Started process (PID=4756) to work on /Users/sunanda/Downloads/airflow/py_env/lib/python3.9/site-packages/airflow/example_dags/example_subdag_operator.py
[2023-03-22T19:24:14.847-0400] {processor.py:743} INFO - Processing file /Users/sunanda/Downloads/airflow/py_env/lib/python3.9/site-packages/airflow/example_dags/example_subdag_operator.py for tasks to queue
[2023-03-22T19:24:14.847-0400] {logging_mixin.py:137} INFO - [2023-03-22T19:24:14.847-0400] {dagbag.py:538} INFO - Filling up the DagBag from /Users/sunanda/Downloads/airflow/py_env/lib/python3.9/site-packages/airflow/example_dags/example_subdag_operator.py
[2023-03-22T19:24:15.051-0400] {processor.py:753} INFO - DAG(s) dict_keys(['example_subdag_operator.section-1', 'example_subdag_operator.section-2', 'example_subdag_operator']) retrieved from /Users/sunanda/Downloads/airflow/py_env/lib/python3.9/site-packages/airflow/example_dags/example_subdag_operator.py
[2023-03-22T19:24:15.086-0400] {logging_mixin.py:137} INFO - [2023-03-22T19:24:15.086-0400] {dag.py:2690} INFO - Sync 3 DAGs
[2023-03-22T19:24:15.093-0400] {logging_mixin.py:137} INFO - [2023-03-22T19:24:15.093-0400] {dag.py:3437} INFO - Setting next_dagrun for example_subdag_operator to 2022-01-01T00:00:00+00:00, run_after=2022-01-01T00:00:00+00:00
[2023-03-22T19:24:15.094-0400] {logging_mixin.py:137} INFO - [2023-03-22T19:24:15.094-0400] {dag.py:3437} INFO - Setting next_dagrun for example_subdag_operator.section-1 to None, run_after=None
[2023-03-22T19:24:15.094-0400] {logging_mixin.py:137} INFO - [2023-03-22T19:24:15.094-0400] {dag.py:3437} INFO - Setting next_dagrun for example_subdag_operator.section-2 to None, run_after=None
[2023-03-22T19:24:15.097-0400] {logging_mixin.py:137} INFO - [2023-03-22T19:24:15.097-0400] {dag.py:2690} INFO - Sync 2 DAGs
[2023-03-22T19:24:15.098-0400] {logging_mixin.py:137} INFO - [2023-03-22T19:24:15.098-0400] {dag.py:3437} INFO - Setting next_dagrun for example_subdag_operator.section-1 to None, run_after=None
[2023-03-22T19:24:15.098-0400] {logging_mixin.py:137} INFO - [2023-03-22T19:24:15.098-0400] {dag.py:3437} INFO - Setting next_dagrun for example_subdag_operator.section-2 to None, run_after=None
[2023-03-22T19:24:15.103-0400] {processor.py:175} INFO - Processing /Users/sunanda/Downloads/airflow/py_env/lib/python3.9/site-packages/airflow/example_dags/example_subdag_operator.py took 0.260 seconds
[2023-03-22T19:25:26.983-0400] {processor.py:153} INFO - Started process (PID=4868) to work on /Users/sunanda/Downloads/airflow/py_env/lib/python3.9/site-packages/airflow/example_dags/example_subdag_operator.py
[2023-03-22T19:25:26.986-0400] {processor.py:743} INFO - Processing file /Users/sunanda/Downloads/airflow/py_env/lib/python3.9/site-packages/airflow/example_dags/example_subdag_operator.py for tasks to queue
[2023-03-22T19:25:26.987-0400] {logging_mixin.py:137} INFO - [2023-03-22T19:25:26.986-0400] {dagbag.py:538} INFO - Filling up the DagBag from /Users/sunanda/Downloads/airflow/py_env/lib/python3.9/site-packages/airflow/example_dags/example_subdag_operator.py
[2023-03-22T19:25:27.191-0400] {processor.py:753} INFO - DAG(s) dict_keys(['example_subdag_operator.section-1', 'example_subdag_operator.section-2', 'example_subdag_operator']) retrieved from /Users/sunanda/Downloads/airflow/py_env/lib/python3.9/site-packages/airflow/example_dags/example_subdag_operator.py
[2023-03-22T19:25:27.226-0400] {logging_mixin.py:137} INFO - [2023-03-22T19:25:27.226-0400] {dag.py:2690} INFO - Sync 3 DAGs
[2023-03-22T19:25:27.232-0400] {logging_mixin.py:137} INFO - [2023-03-22T19:25:27.232-0400] {dag.py:3437} INFO - Setting next_dagrun for example_subdag_operator to 2022-01-01T00:00:00+00:00, run_after=2022-01-01T00:00:00+00:00
[2023-03-22T19:25:27.233-0400] {logging_mixin.py:137} INFO - [2023-03-22T19:25:27.233-0400] {dag.py:3437} INFO - Setting next_dagrun for example_subdag_operator.section-1 to None, run_after=None
[2023-03-22T19:25:27.234-0400] {logging_mixin.py:137} INFO - [2023-03-22T19:25:27.234-0400] {dag.py:3437} INFO - Setting next_dagrun for example_subdag_operator.section-2 to None, run_after=None
[2023-03-22T19:25:27.236-0400] {logging_mixin.py:137} INFO - [2023-03-22T19:25:27.236-0400] {dag.py:2690} INFO - Sync 2 DAGs
[2023-03-22T19:25:27.238-0400] {logging_mixin.py:137} INFO - [2023-03-22T19:25:27.238-0400] {dag.py:3437} INFO - Setting next_dagrun for example_subdag_operator.section-1 to None, run_after=None
[2023-03-22T19:25:27.238-0400] {logging_mixin.py:137} INFO - [2023-03-22T19:25:27.238-0400] {dag.py:3437} INFO - Setting next_dagrun for example_subdag_operator.section-2 to None, run_after=None
[2023-03-22T19:25:27.243-0400] {processor.py:175} INFO - Processing /Users/sunanda/Downloads/airflow/py_env/lib/python3.9/site-packages/airflow/example_dags/example_subdag_operator.py took 0.260 seconds
[2023-03-22T19:26:50.101-0400] {processor.py:153} INFO - Started process (PID=4996) to work on /Users/sunanda/Downloads/airflow/py_env/lib/python3.9/site-packages/airflow/example_dags/example_subdag_operator.py
[2023-03-22T19:26:50.105-0400] {processor.py:743} INFO - Processing file /Users/sunanda/Downloads/airflow/py_env/lib/python3.9/site-packages/airflow/example_dags/example_subdag_operator.py for tasks to queue
[2023-03-22T19:26:50.106-0400] {logging_mixin.py:137} INFO - [2023-03-22T19:26:50.105-0400] {dagbag.py:538} INFO - Filling up the DagBag from /Users/sunanda/Downloads/airflow/py_env/lib/python3.9/site-packages/airflow/example_dags/example_subdag_operator.py
[2023-03-22T19:26:50.345-0400] {processor.py:753} INFO - DAG(s) dict_keys(['example_subdag_operator.section-1', 'example_subdag_operator.section-2', 'example_subdag_operator']) retrieved from /Users/sunanda/Downloads/airflow/py_env/lib/python3.9/site-packages/airflow/example_dags/example_subdag_operator.py
[2023-03-22T19:26:50.382-0400] {logging_mixin.py:137} INFO - [2023-03-22T19:26:50.382-0400] {dag.py:2690} INFO - Sync 3 DAGs
[2023-03-22T19:26:50.389-0400] {logging_mixin.py:137} INFO - [2023-03-22T19:26:50.389-0400] {dag.py:3437} INFO - Setting next_dagrun for example_subdag_operator to 2022-01-01T00:00:00+00:00, run_after=2022-01-01T00:00:00+00:00
[2023-03-22T19:26:50.390-0400] {logging_mixin.py:137} INFO - [2023-03-22T19:26:50.390-0400] {dag.py:3437} INFO - Setting next_dagrun for example_subdag_operator.section-1 to None, run_after=None
[2023-03-22T19:26:50.391-0400] {logging_mixin.py:137} INFO - [2023-03-22T19:26:50.391-0400] {dag.py:3437} INFO - Setting next_dagrun for example_subdag_operator.section-2 to None, run_after=None
[2023-03-22T19:26:50.393-0400] {logging_mixin.py:137} INFO - [2023-03-22T19:26:50.393-0400] {dag.py:2690} INFO - Sync 2 DAGs
[2023-03-22T19:26:50.395-0400] {logging_mixin.py:137} INFO - [2023-03-22T19:26:50.395-0400] {dag.py:3437} INFO - Setting next_dagrun for example_subdag_operator.section-1 to None, run_after=None
[2023-03-22T19:26:50.395-0400] {logging_mixin.py:137} INFO - [2023-03-22T19:26:50.395-0400] {dag.py:3437} INFO - Setting next_dagrun for example_subdag_operator.section-2 to None, run_after=None
[2023-03-22T19:26:50.400-0400] {processor.py:175} INFO - Processing /Users/sunanda/Downloads/airflow/py_env/lib/python3.9/site-packages/airflow/example_dags/example_subdag_operator.py took 0.299 seconds
