[2023-03-22T14:54:31.069-0400] {processor.py:153} INFO - Started process (PID=69621) to work on /Users/sunanda/Downloads/airflow/py_env/lib/python3.9/site-packages/airflow/example_dags/example_branch_python_dop_operator_3.py
[2023-03-22T14:54:31.071-0400] {processor.py:743} INFO - Processing file /Users/sunanda/Downloads/airflow/py_env/lib/python3.9/site-packages/airflow/example_dags/example_branch_python_dop_operator_3.py for tasks to queue
[2023-03-22T14:54:31.072-0400] {logging_mixin.py:137} INFO - [2023-03-22T14:54:31.072-0400] {dagbag.py:538} INFO - Filling up the DagBag from /Users/sunanda/Downloads/airflow/py_env/lib/python3.9/site-packages/airflow/example_dags/example_branch_python_dop_operator_3.py
[2023-03-22T14:54:31.094-0400] {processor.py:753} INFO - DAG(s) dict_keys(['example_branch_dop_operator_v3']) retrieved from /Users/sunanda/Downloads/airflow/py_env/lib/python3.9/site-packages/airflow/example_dags/example_branch_python_dop_operator_3.py
[2023-03-22T14:54:31.299-0400] {logging_mixin.py:137} INFO - [2023-03-22T14:54:31.299-0400] {dag.py:2690} INFO - Sync 1 DAGs
[2023-03-22T14:54:31.308-0400] {logging_mixin.py:137} INFO - [2023-03-22T14:54:31.308-0400] {dag.py:3437} INFO - Setting next_dagrun for example_branch_dop_operator_v3 to 2023-03-22T18:53:00+00:00, run_after=2023-03-22T18:54:00+00:00
[2023-03-22T14:54:31.317-0400] {processor.py:175} INFO - Processing /Users/sunanda/Downloads/airflow/py_env/lib/python3.9/site-packages/airflow/example_dags/example_branch_python_dop_operator_3.py took 0.248 seconds
[2023-03-22T14:55:52.426-0400] {processor.py:153} INFO - Started process (PID=69752) to work on /Users/sunanda/Downloads/airflow/py_env/lib/python3.9/site-packages/airflow/example_dags/example_branch_python_dop_operator_3.py
[2023-03-22T14:55:52.429-0400] {processor.py:743} INFO - Processing file /Users/sunanda/Downloads/airflow/py_env/lib/python3.9/site-packages/airflow/example_dags/example_branch_python_dop_operator_3.py for tasks to queue
[2023-03-22T14:55:52.429-0400] {logging_mixin.py:137} INFO - [2023-03-22T14:55:52.429-0400] {dagbag.py:538} INFO - Filling up the DagBag from /Users/sunanda/Downloads/airflow/py_env/lib/python3.9/site-packages/airflow/example_dags/example_branch_python_dop_operator_3.py
[2023-03-22T14:55:52.450-0400] {processor.py:753} INFO - DAG(s) dict_keys(['example_branch_dop_operator_v3']) retrieved from /Users/sunanda/Downloads/airflow/py_env/lib/python3.9/site-packages/airflow/example_dags/example_branch_python_dop_operator_3.py
[2023-03-22T14:55:52.643-0400] {logging_mixin.py:137} INFO - [2023-03-22T14:55:52.643-0400] {dag.py:2690} INFO - Sync 1 DAGs
[2023-03-22T14:55:52.651-0400] {logging_mixin.py:137} INFO - [2023-03-22T14:55:52.651-0400] {dag.py:3437} INFO - Setting next_dagrun for example_branch_dop_operator_v3 to 2023-03-22T18:54:00+00:00, run_after=2023-03-22T18:55:00+00:00
[2023-03-22T14:55:52.659-0400] {processor.py:175} INFO - Processing /Users/sunanda/Downloads/airflow/py_env/lib/python3.9/site-packages/airflow/example_dags/example_branch_python_dop_operator_3.py took 0.234 seconds
[2023-03-22T14:57:14.461-0400] {processor.py:153} INFO - Started process (PID=69877) to work on /Users/sunanda/Downloads/airflow/py_env/lib/python3.9/site-packages/airflow/example_dags/example_branch_python_dop_operator_3.py
[2023-03-22T14:57:14.464-0400] {processor.py:743} INFO - Processing file /Users/sunanda/Downloads/airflow/py_env/lib/python3.9/site-packages/airflow/example_dags/example_branch_python_dop_operator_3.py for tasks to queue
[2023-03-22T14:57:14.464-0400] {logging_mixin.py:137} INFO - [2023-03-22T14:57:14.464-0400] {dagbag.py:538} INFO - Filling up the DagBag from /Users/sunanda/Downloads/airflow/py_env/lib/python3.9/site-packages/airflow/example_dags/example_branch_python_dop_operator_3.py
[2023-03-22T14:57:14.484-0400] {processor.py:753} INFO - DAG(s) dict_keys(['example_branch_dop_operator_v3']) retrieved from /Users/sunanda/Downloads/airflow/py_env/lib/python3.9/site-packages/airflow/example_dags/example_branch_python_dop_operator_3.py
[2023-03-22T14:57:14.712-0400] {logging_mixin.py:137} INFO - [2023-03-22T14:57:14.712-0400] {dag.py:2690} INFO - Sync 1 DAGs
[2023-03-22T14:57:14.721-0400] {logging_mixin.py:137} INFO - [2023-03-22T14:57:14.721-0400] {dag.py:3437} INFO - Setting next_dagrun for example_branch_dop_operator_v3 to 2023-03-22T18:56:00+00:00, run_after=2023-03-22T18:57:00+00:00
[2023-03-22T14:57:14.733-0400] {processor.py:175} INFO - Processing /Users/sunanda/Downloads/airflow/py_env/lib/python3.9/site-packages/airflow/example_dags/example_branch_python_dop_operator_3.py took 0.273 seconds
[2023-03-22T14:58:38.527-0400] {processor.py:153} INFO - Started process (PID=70011) to work on /Users/sunanda/Downloads/airflow/py_env/lib/python3.9/site-packages/airflow/example_dags/example_branch_python_dop_operator_3.py
[2023-03-22T14:58:38.531-0400] {processor.py:743} INFO - Processing file /Users/sunanda/Downloads/airflow/py_env/lib/python3.9/site-packages/airflow/example_dags/example_branch_python_dop_operator_3.py for tasks to queue
[2023-03-22T14:58:38.531-0400] {logging_mixin.py:137} INFO - [2023-03-22T14:58:38.531-0400] {dagbag.py:538} INFO - Filling up the DagBag from /Users/sunanda/Downloads/airflow/py_env/lib/python3.9/site-packages/airflow/example_dags/example_branch_python_dop_operator_3.py
[2023-03-22T14:58:38.553-0400] {processor.py:753} INFO - DAG(s) dict_keys(['example_branch_dop_operator_v3']) retrieved from /Users/sunanda/Downloads/airflow/py_env/lib/python3.9/site-packages/airflow/example_dags/example_branch_python_dop_operator_3.py
[2023-03-22T14:58:38.771-0400] {logging_mixin.py:137} INFO - [2023-03-22T14:58:38.771-0400] {dag.py:2690} INFO - Sync 1 DAGs
[2023-03-22T14:58:38.780-0400] {logging_mixin.py:137} INFO - [2023-03-22T14:58:38.780-0400] {dag.py:3437} INFO - Setting next_dagrun for example_branch_dop_operator_v3 to 2023-03-22T18:57:00+00:00, run_after=2023-03-22T18:58:00+00:00
[2023-03-22T14:58:38.789-0400] {processor.py:175} INFO - Processing /Users/sunanda/Downloads/airflow/py_env/lib/python3.9/site-packages/airflow/example_dags/example_branch_python_dop_operator_3.py took 0.262 seconds
[2023-03-22T15:00:05.046-0400] {processor.py:153} INFO - Started process (PID=70148) to work on /Users/sunanda/Downloads/airflow/py_env/lib/python3.9/site-packages/airflow/example_dags/example_branch_python_dop_operator_3.py
[2023-03-22T15:00:05.049-0400] {processor.py:743} INFO - Processing file /Users/sunanda/Downloads/airflow/py_env/lib/python3.9/site-packages/airflow/example_dags/example_branch_python_dop_operator_3.py for tasks to queue
[2023-03-22T15:00:05.049-0400] {logging_mixin.py:137} INFO - [2023-03-22T15:00:05.049-0400] {dagbag.py:538} INFO - Filling up the DagBag from /Users/sunanda/Downloads/airflow/py_env/lib/python3.9/site-packages/airflow/example_dags/example_branch_python_dop_operator_3.py
[2023-03-22T15:00:05.068-0400] {processor.py:753} INFO - DAG(s) dict_keys(['example_branch_dop_operator_v3']) retrieved from /Users/sunanda/Downloads/airflow/py_env/lib/python3.9/site-packages/airflow/example_dags/example_branch_python_dop_operator_3.py
[2023-03-22T15:00:05.272-0400] {logging_mixin.py:137} INFO - [2023-03-22T15:00:05.272-0400] {dag.py:2690} INFO - Sync 1 DAGs
[2023-03-22T15:00:05.280-0400] {logging_mixin.py:137} INFO - [2023-03-22T15:00:05.280-0400] {dag.py:3437} INFO - Setting next_dagrun for example_branch_dop_operator_v3 to 2023-03-22T18:59:00+00:00, run_after=2023-03-22T19:00:00+00:00
[2023-03-22T15:00:05.288-0400] {processor.py:175} INFO - Processing /Users/sunanda/Downloads/airflow/py_env/lib/python3.9/site-packages/airflow/example_dags/example_branch_python_dop_operator_3.py took 0.242 seconds
[2023-03-22T15:01:31.913-0400] {processor.py:153} INFO - Started process (PID=70283) to work on /Users/sunanda/Downloads/airflow/py_env/lib/python3.9/site-packages/airflow/example_dags/example_branch_python_dop_operator_3.py
[2023-03-22T15:01:31.915-0400] {processor.py:743} INFO - Processing file /Users/sunanda/Downloads/airflow/py_env/lib/python3.9/site-packages/airflow/example_dags/example_branch_python_dop_operator_3.py for tasks to queue
[2023-03-22T15:01:31.916-0400] {logging_mixin.py:137} INFO - [2023-03-22T15:01:31.916-0400] {dagbag.py:538} INFO - Filling up the DagBag from /Users/sunanda/Downloads/airflow/py_env/lib/python3.9/site-packages/airflow/example_dags/example_branch_python_dop_operator_3.py
[2023-03-22T15:01:31.936-0400] {processor.py:753} INFO - DAG(s) dict_keys(['example_branch_dop_operator_v3']) retrieved from /Users/sunanda/Downloads/airflow/py_env/lib/python3.9/site-packages/airflow/example_dags/example_branch_python_dop_operator_3.py
[2023-03-22T15:01:32.133-0400] {logging_mixin.py:137} INFO - [2023-03-22T15:01:32.133-0400] {dag.py:2690} INFO - Sync 1 DAGs
[2023-03-22T15:01:32.142-0400] {logging_mixin.py:137} INFO - [2023-03-22T15:01:32.142-0400] {dag.py:3437} INFO - Setting next_dagrun for example_branch_dop_operator_v3 to 2023-03-22T19:00:00+00:00, run_after=2023-03-22T19:01:00+00:00
[2023-03-22T15:01:32.150-0400] {processor.py:175} INFO - Processing /Users/sunanda/Downloads/airflow/py_env/lib/python3.9/site-packages/airflow/example_dags/example_branch_python_dop_operator_3.py took 0.237 seconds
[2023-03-22T15:02:58.181-0400] {processor.py:153} INFO - Started process (PID=70422) to work on /Users/sunanda/Downloads/airflow/py_env/lib/python3.9/site-packages/airflow/example_dags/example_branch_python_dop_operator_3.py
[2023-03-22T15:02:58.183-0400] {processor.py:743} INFO - Processing file /Users/sunanda/Downloads/airflow/py_env/lib/python3.9/site-packages/airflow/example_dags/example_branch_python_dop_operator_3.py for tasks to queue
[2023-03-22T15:02:58.183-0400] {logging_mixin.py:137} INFO - [2023-03-22T15:02:58.183-0400] {dagbag.py:538} INFO - Filling up the DagBag from /Users/sunanda/Downloads/airflow/py_env/lib/python3.9/site-packages/airflow/example_dags/example_branch_python_dop_operator_3.py
[2023-03-22T15:02:58.206-0400] {processor.py:753} INFO - DAG(s) dict_keys(['example_branch_dop_operator_v3']) retrieved from /Users/sunanda/Downloads/airflow/py_env/lib/python3.9/site-packages/airflow/example_dags/example_branch_python_dop_operator_3.py
[2023-03-22T15:02:58.413-0400] {logging_mixin.py:137} INFO - [2023-03-22T15:02:58.413-0400] {dag.py:2690} INFO - Sync 1 DAGs
[2023-03-22T15:02:58.422-0400] {logging_mixin.py:137} INFO - [2023-03-22T15:02:58.422-0400] {dag.py:3437} INFO - Setting next_dagrun for example_branch_dop_operator_v3 to 2023-03-22T19:01:00+00:00, run_after=2023-03-22T19:02:00+00:00
[2023-03-22T15:02:58.431-0400] {processor.py:175} INFO - Processing /Users/sunanda/Downloads/airflow/py_env/lib/python3.9/site-packages/airflow/example_dags/example_branch_python_dop_operator_3.py took 0.250 seconds
[2023-03-22T15:04:22.016-0400] {processor.py:153} INFO - Started process (PID=70574) to work on /Users/sunanda/Downloads/airflow/py_env/lib/python3.9/site-packages/airflow/example_dags/example_branch_python_dop_operator_3.py
[2023-03-22T15:04:22.020-0400] {processor.py:743} INFO - Processing file /Users/sunanda/Downloads/airflow/py_env/lib/python3.9/site-packages/airflow/example_dags/example_branch_python_dop_operator_3.py for tasks to queue
[2023-03-22T15:04:22.020-0400] {logging_mixin.py:137} INFO - [2023-03-22T15:04:22.020-0400] {dagbag.py:538} INFO - Filling up the DagBag from /Users/sunanda/Downloads/airflow/py_env/lib/python3.9/site-packages/airflow/example_dags/example_branch_python_dop_operator_3.py
[2023-03-22T15:04:22.040-0400] {processor.py:753} INFO - DAG(s) dict_keys(['example_branch_dop_operator_v3']) retrieved from /Users/sunanda/Downloads/airflow/py_env/lib/python3.9/site-packages/airflow/example_dags/example_branch_python_dop_operator_3.py
[2023-03-22T15:04:22.235-0400] {logging_mixin.py:137} INFO - [2023-03-22T15:04:22.235-0400] {dag.py:2690} INFO - Sync 1 DAGs
[2023-03-22T15:04:22.244-0400] {logging_mixin.py:137} INFO - [2023-03-22T15:04:22.244-0400] {dag.py:3437} INFO - Setting next_dagrun for example_branch_dop_operator_v3 to 2023-03-22T19:03:00+00:00, run_after=2023-03-22T19:04:00+00:00
[2023-03-22T15:04:22.252-0400] {processor.py:175} INFO - Processing /Users/sunanda/Downloads/airflow/py_env/lib/python3.9/site-packages/airflow/example_dags/example_branch_python_dop_operator_3.py took 0.236 seconds
[2023-03-22T15:05:41.860-0400] {processor.py:153} INFO - Started process (PID=70704) to work on /Users/sunanda/Downloads/airflow/py_env/lib/python3.9/site-packages/airflow/example_dags/example_branch_python_dop_operator_3.py
[2023-03-22T15:05:41.863-0400] {processor.py:743} INFO - Processing file /Users/sunanda/Downloads/airflow/py_env/lib/python3.9/site-packages/airflow/example_dags/example_branch_python_dop_operator_3.py for tasks to queue
[2023-03-22T15:05:41.864-0400] {logging_mixin.py:137} INFO - [2023-03-22T15:05:41.864-0400] {dagbag.py:538} INFO - Filling up the DagBag from /Users/sunanda/Downloads/airflow/py_env/lib/python3.9/site-packages/airflow/example_dags/example_branch_python_dop_operator_3.py
[2023-03-22T15:05:41.887-0400] {processor.py:753} INFO - DAG(s) dict_keys(['example_branch_dop_operator_v3']) retrieved from /Users/sunanda/Downloads/airflow/py_env/lib/python3.9/site-packages/airflow/example_dags/example_branch_python_dop_operator_3.py
[2023-03-22T15:05:42.093-0400] {logging_mixin.py:137} INFO - [2023-03-22T15:05:42.093-0400] {dag.py:2690} INFO - Sync 1 DAGs
[2023-03-22T15:05:42.102-0400] {logging_mixin.py:137} INFO - [2023-03-22T15:05:42.102-0400] {dag.py:3437} INFO - Setting next_dagrun for example_branch_dop_operator_v3 to 2023-03-22T19:04:00+00:00, run_after=2023-03-22T19:05:00+00:00
[2023-03-22T15:05:42.111-0400] {processor.py:175} INFO - Processing /Users/sunanda/Downloads/airflow/py_env/lib/python3.9/site-packages/airflow/example_dags/example_branch_python_dop_operator_3.py took 0.252 seconds
[2023-03-22T19:11:57.244-0400] {processor.py:153} INFO - Started process (PID=3833) to work on /Users/sunanda/Downloads/airflow/py_env/lib/python3.9/site-packages/airflow/example_dags/example_branch_python_dop_operator_3.py
[2023-03-22T19:11:57.246-0400] {processor.py:743} INFO - Processing file /Users/sunanda/Downloads/airflow/py_env/lib/python3.9/site-packages/airflow/example_dags/example_branch_python_dop_operator_3.py for tasks to queue
[2023-03-22T19:11:57.246-0400] {logging_mixin.py:137} INFO - [2023-03-22T19:11:57.246-0400] {dagbag.py:538} INFO - Filling up the DagBag from /Users/sunanda/Downloads/airflow/py_env/lib/python3.9/site-packages/airflow/example_dags/example_branch_python_dop_operator_3.py
[2023-03-22T19:11:57.267-0400] {processor.py:753} INFO - DAG(s) dict_keys(['example_branch_dop_operator_v3']) retrieved from /Users/sunanda/Downloads/airflow/py_env/lib/python3.9/site-packages/airflow/example_dags/example_branch_python_dop_operator_3.py
[2023-03-22T19:11:57.462-0400] {logging_mixin.py:137} INFO - [2023-03-22T19:11:57.462-0400] {dag.py:2690} INFO - Sync 1 DAGs
[2023-03-22T19:11:57.471-0400] {logging_mixin.py:137} INFO - [2023-03-22T19:11:57.471-0400] {dag.py:3437} INFO - Setting next_dagrun for example_branch_dop_operator_v3 to 2023-03-22T23:10:00+00:00, run_after=2023-03-22T23:11:00+00:00
[2023-03-22T19:11:57.479-0400] {processor.py:175} INFO - Processing /Users/sunanda/Downloads/airflow/py_env/lib/python3.9/site-packages/airflow/example_dags/example_branch_python_dop_operator_3.py took 0.236 seconds
[2023-03-22T19:13:26.415-0400] {processor.py:153} INFO - Started process (PID=3970) to work on /Users/sunanda/Downloads/airflow/py_env/lib/python3.9/site-packages/airflow/example_dags/example_branch_python_dop_operator_3.py
[2023-03-22T19:13:26.417-0400] {processor.py:743} INFO - Processing file /Users/sunanda/Downloads/airflow/py_env/lib/python3.9/site-packages/airflow/example_dags/example_branch_python_dop_operator_3.py for tasks to queue
[2023-03-22T19:13:26.418-0400] {logging_mixin.py:137} INFO - [2023-03-22T19:13:26.418-0400] {dagbag.py:538} INFO - Filling up the DagBag from /Users/sunanda/Downloads/airflow/py_env/lib/python3.9/site-packages/airflow/example_dags/example_branch_python_dop_operator_3.py
[2023-03-22T19:13:26.437-0400] {processor.py:753} INFO - DAG(s) dict_keys(['example_branch_dop_operator_v3']) retrieved from /Users/sunanda/Downloads/airflow/py_env/lib/python3.9/site-packages/airflow/example_dags/example_branch_python_dop_operator_3.py
[2023-03-22T19:13:26.631-0400] {logging_mixin.py:137} INFO - [2023-03-22T19:13:26.631-0400] {dag.py:2690} INFO - Sync 1 DAGs
[2023-03-22T19:13:26.640-0400] {logging_mixin.py:137} INFO - [2023-03-22T19:13:26.640-0400] {dag.py:3437} INFO - Setting next_dagrun for example_branch_dop_operator_v3 to 2023-03-22T23:12:00+00:00, run_after=2023-03-22T23:13:00+00:00
[2023-03-22T19:13:26.648-0400] {processor.py:175} INFO - Processing /Users/sunanda/Downloads/airflow/py_env/lib/python3.9/site-packages/airflow/example_dags/example_branch_python_dop_operator_3.py took 0.233 seconds
[2023-03-22T19:24:48.468-0400] {processor.py:153} INFO - Started process (PID=4807) to work on /Users/sunanda/Downloads/airflow/py_env/lib/python3.9/site-packages/airflow/example_dags/example_branch_python_dop_operator_3.py
[2023-03-22T19:24:48.470-0400] {processor.py:743} INFO - Processing file /Users/sunanda/Downloads/airflow/py_env/lib/python3.9/site-packages/airflow/example_dags/example_branch_python_dop_operator_3.py for tasks to queue
[2023-03-22T19:24:48.473-0400] {logging_mixin.py:137} INFO - [2023-03-22T19:24:48.473-0400] {dagbag.py:538} INFO - Filling up the DagBag from /Users/sunanda/Downloads/airflow/py_env/lib/python3.9/site-packages/airflow/example_dags/example_branch_python_dop_operator_3.py
[2023-03-22T19:24:48.523-0400] {processor.py:753} INFO - DAG(s) dict_keys(['example_branch_dop_operator_v3']) retrieved from /Users/sunanda/Downloads/airflow/py_env/lib/python3.9/site-packages/airflow/example_dags/example_branch_python_dop_operator_3.py
[2023-03-22T19:24:48.717-0400] {logging_mixin.py:137} INFO - [2023-03-22T19:24:48.717-0400] {dag.py:2690} INFO - Sync 1 DAGs
[2023-03-22T19:24:48.726-0400] {logging_mixin.py:137} INFO - [2023-03-22T19:24:48.726-0400] {dag.py:3437} INFO - Setting next_dagrun for example_branch_dop_operator_v3 to 2023-03-22T23:23:00+00:00, run_after=2023-03-22T23:24:00+00:00
[2023-03-22T19:24:48.734-0400] {processor.py:175} INFO - Processing /Users/sunanda/Downloads/airflow/py_env/lib/python3.9/site-packages/airflow/example_dags/example_branch_python_dop_operator_3.py took 0.266 seconds
[2023-03-22T19:26:12.701-0400] {processor.py:153} INFO - Started process (PID=4938) to work on /Users/sunanda/Downloads/airflow/py_env/lib/python3.9/site-packages/airflow/example_dags/example_branch_python_dop_operator_3.py
[2023-03-22T19:26:12.703-0400] {processor.py:743} INFO - Processing file /Users/sunanda/Downloads/airflow/py_env/lib/python3.9/site-packages/airflow/example_dags/example_branch_python_dop_operator_3.py for tasks to queue
[2023-03-22T19:26:12.703-0400] {logging_mixin.py:137} INFO - [2023-03-22T19:26:12.703-0400] {dagbag.py:538} INFO - Filling up the DagBag from /Users/sunanda/Downloads/airflow/py_env/lib/python3.9/site-packages/airflow/example_dags/example_branch_python_dop_operator_3.py
[2023-03-22T19:26:12.725-0400] {processor.py:753} INFO - DAG(s) dict_keys(['example_branch_dop_operator_v3']) retrieved from /Users/sunanda/Downloads/airflow/py_env/lib/python3.9/site-packages/airflow/example_dags/example_branch_python_dop_operator_3.py
[2023-03-22T19:26:12.921-0400] {logging_mixin.py:137} INFO - [2023-03-22T19:26:12.921-0400] {dag.py:2690} INFO - Sync 1 DAGs
[2023-03-22T19:26:12.930-0400] {logging_mixin.py:137} INFO - [2023-03-22T19:26:12.930-0400] {dag.py:3437} INFO - Setting next_dagrun for example_branch_dop_operator_v3 to 2023-03-22T23:25:00+00:00, run_after=2023-03-22T23:26:00+00:00
[2023-03-22T19:26:12.938-0400] {processor.py:175} INFO - Processing /Users/sunanda/Downloads/airflow/py_env/lib/python3.9/site-packages/airflow/example_dags/example_branch_python_dop_operator_3.py took 0.238 seconds
