[2023-03-22T14:53:59.123-0400] {processor.py:153} INFO - Started process (PID=69570) to work on /Users/sunanda/Downloads/airflow/py_env/lib/python3.9/site-packages/airflow/example_dags/example_sla_dag.py
[2023-03-22T14:53:59.125-0400] {processor.py:743} INFO - Processing file /Users/sunanda/Downloads/airflow/py_env/lib/python3.9/site-packages/airflow/example_dags/example_sla_dag.py for tasks to queue
[2023-03-22T14:53:59.126-0400] {logging_mixin.py:137} INFO - [2023-03-22T14:53:59.126-0400] {dagbag.py:538} INFO - Filling up the DagBag from /Users/sunanda/Downloads/airflow/py_env/lib/python3.9/site-packages/airflow/example_dags/example_sla_dag.py
[2023-03-22T14:53:59.146-0400] {processor.py:753} INFO - DAG(s) dict_keys(['example_sla_dag']) retrieved from /Users/sunanda/Downloads/airflow/py_env/lib/python3.9/site-packages/airflow/example_dags/example_sla_dag.py
[2023-03-22T14:53:59.348-0400] {logging_mixin.py:137} INFO - [2023-03-22T14:53:59.347-0400] {dag.py:2690} INFO - Sync 1 DAGs
[2023-03-22T14:53:59.355-0400] {logging_mixin.py:137} INFO - [2023-03-22T14:53:59.355-0400] {dag.py:3437} INFO - Setting next_dagrun for example_sla_dag to 2023-03-22T18:50:00+00:00, run_after=2023-03-22T18:52:00+00:00
[2023-03-22T14:53:59.364-0400] {processor.py:175} INFO - Processing /Users/sunanda/Downloads/airflow/py_env/lib/python3.9/site-packages/airflow/example_dags/example_sla_dag.py took 0.241 seconds
[2023-03-22T14:55:10.978-0400] {processor.py:153} INFO - Started process (PID=69685) to work on /Users/sunanda/Downloads/airflow/py_env/lib/python3.9/site-packages/airflow/example_dags/example_sla_dag.py
[2023-03-22T14:55:10.980-0400] {processor.py:743} INFO - Processing file /Users/sunanda/Downloads/airflow/py_env/lib/python3.9/site-packages/airflow/example_dags/example_sla_dag.py for tasks to queue
[2023-03-22T14:55:10.981-0400] {logging_mixin.py:137} INFO - [2023-03-22T14:55:10.980-0400] {dagbag.py:538} INFO - Filling up the DagBag from /Users/sunanda/Downloads/airflow/py_env/lib/python3.9/site-packages/airflow/example_dags/example_sla_dag.py
[2023-03-22T14:55:11.002-0400] {processor.py:753} INFO - DAG(s) dict_keys(['example_sla_dag']) retrieved from /Users/sunanda/Downloads/airflow/py_env/lib/python3.9/site-packages/airflow/example_dags/example_sla_dag.py
[2023-03-22T14:55:11.193-0400] {logging_mixin.py:137} INFO - [2023-03-22T14:55:11.193-0400] {dag.py:2690} INFO - Sync 1 DAGs
[2023-03-22T14:55:11.201-0400] {logging_mixin.py:137} INFO - [2023-03-22T14:55:11.201-0400] {dag.py:3437} INFO - Setting next_dagrun for example_sla_dag to 2023-03-22T18:52:00+00:00, run_after=2023-03-22T18:54:00+00:00
[2023-03-22T14:55:11.209-0400] {processor.py:175} INFO - Processing /Users/sunanda/Downloads/airflow/py_env/lib/python3.9/site-packages/airflow/example_dags/example_sla_dag.py took 0.231 seconds
[2023-03-22T14:56:31.957-0400] {processor.py:153} INFO - Started process (PID=69812) to work on /Users/sunanda/Downloads/airflow/py_env/lib/python3.9/site-packages/airflow/example_dags/example_sla_dag.py
[2023-03-22T14:56:31.960-0400] {processor.py:743} INFO - Processing file /Users/sunanda/Downloads/airflow/py_env/lib/python3.9/site-packages/airflow/example_dags/example_sla_dag.py for tasks to queue
[2023-03-22T14:56:31.960-0400] {logging_mixin.py:137} INFO - [2023-03-22T14:56:31.960-0400] {dagbag.py:538} INFO - Filling up the DagBag from /Users/sunanda/Downloads/airflow/py_env/lib/python3.9/site-packages/airflow/example_dags/example_sla_dag.py
[2023-03-22T14:56:31.980-0400] {processor.py:753} INFO - DAG(s) dict_keys(['example_sla_dag']) retrieved from /Users/sunanda/Downloads/airflow/py_env/lib/python3.9/site-packages/airflow/example_dags/example_sla_dag.py
[2023-03-22T14:56:32.175-0400] {logging_mixin.py:137} INFO - [2023-03-22T14:56:32.174-0400] {dag.py:2690} INFO - Sync 1 DAGs
[2023-03-22T14:56:32.182-0400] {logging_mixin.py:137} INFO - [2023-03-22T14:56:32.182-0400] {dag.py:3437} INFO - Setting next_dagrun for example_sla_dag to 2023-03-22T18:54:00+00:00, run_after=2023-03-22T18:56:00+00:00
[2023-03-22T14:56:32.190-0400] {processor.py:175} INFO - Processing /Users/sunanda/Downloads/airflow/py_env/lib/python3.9/site-packages/airflow/example_dags/example_sla_dag.py took 0.233 seconds
[2023-03-22T14:57:52.710-0400] {processor.py:153} INFO - Started process (PID=69937) to work on /Users/sunanda/Downloads/airflow/py_env/lib/python3.9/site-packages/airflow/example_dags/example_sla_dag.py
[2023-03-22T14:57:52.712-0400] {processor.py:743} INFO - Processing file /Users/sunanda/Downloads/airflow/py_env/lib/python3.9/site-packages/airflow/example_dags/example_sla_dag.py for tasks to queue
[2023-03-22T14:57:52.713-0400] {logging_mixin.py:137} INFO - [2023-03-22T14:57:52.713-0400] {dagbag.py:538} INFO - Filling up the DagBag from /Users/sunanda/Downloads/airflow/py_env/lib/python3.9/site-packages/airflow/example_dags/example_sla_dag.py
[2023-03-22T14:57:52.733-0400] {processor.py:753} INFO - DAG(s) dict_keys(['example_sla_dag']) retrieved from /Users/sunanda/Downloads/airflow/py_env/lib/python3.9/site-packages/airflow/example_dags/example_sla_dag.py
[2023-03-22T14:57:52.933-0400] {logging_mixin.py:137} INFO - [2023-03-22T14:57:52.933-0400] {dag.py:2690} INFO - Sync 1 DAGs
[2023-03-22T14:57:52.940-0400] {logging_mixin.py:137} INFO - [2023-03-22T14:57:52.940-0400] {dag.py:3437} INFO - Setting next_dagrun for example_sla_dag to 2023-03-22T18:54:00+00:00, run_after=2023-03-22T18:56:00+00:00
[2023-03-22T14:57:52.948-0400] {processor.py:175} INFO - Processing /Users/sunanda/Downloads/airflow/py_env/lib/python3.9/site-packages/airflow/example_dags/example_sla_dag.py took 0.239 seconds
[2023-03-22T14:59:20.787-0400] {processor.py:153} INFO - Started process (PID=70077) to work on /Users/sunanda/Downloads/airflow/py_env/lib/python3.9/site-packages/airflow/example_dags/example_sla_dag.py
[2023-03-22T14:59:20.789-0400] {processor.py:743} INFO - Processing file /Users/sunanda/Downloads/airflow/py_env/lib/python3.9/site-packages/airflow/example_dags/example_sla_dag.py for tasks to queue
[2023-03-22T14:59:20.789-0400] {logging_mixin.py:137} INFO - [2023-03-22T14:59:20.789-0400] {dagbag.py:538} INFO - Filling up the DagBag from /Users/sunanda/Downloads/airflow/py_env/lib/python3.9/site-packages/airflow/example_dags/example_sla_dag.py
[2023-03-22T14:59:20.811-0400] {processor.py:753} INFO - DAG(s) dict_keys(['example_sla_dag']) retrieved from /Users/sunanda/Downloads/airflow/py_env/lib/python3.9/site-packages/airflow/example_dags/example_sla_dag.py
[2023-03-22T14:59:21.016-0400] {logging_mixin.py:137} INFO - [2023-03-22T14:59:21.016-0400] {dag.py:2690} INFO - Sync 1 DAGs
[2023-03-22T14:59:21.024-0400] {logging_mixin.py:137} INFO - [2023-03-22T14:59:21.024-0400] {dag.py:3437} INFO - Setting next_dagrun for example_sla_dag to 2023-03-22T18:56:00+00:00, run_after=2023-03-22T18:58:00+00:00
[2023-03-22T14:59:21.033-0400] {processor.py:175} INFO - Processing /Users/sunanda/Downloads/airflow/py_env/lib/python3.9/site-packages/airflow/example_dags/example_sla_dag.py took 0.246 seconds
[2023-03-22T15:00:45.474-0400] {processor.py:153} INFO - Started process (PID=70209) to work on /Users/sunanda/Downloads/airflow/py_env/lib/python3.9/site-packages/airflow/example_dags/example_sla_dag.py
[2023-03-22T15:00:45.477-0400] {processor.py:743} INFO - Processing file /Users/sunanda/Downloads/airflow/py_env/lib/python3.9/site-packages/airflow/example_dags/example_sla_dag.py for tasks to queue
[2023-03-22T15:00:45.477-0400] {logging_mixin.py:137} INFO - [2023-03-22T15:00:45.477-0400] {dagbag.py:538} INFO - Filling up the DagBag from /Users/sunanda/Downloads/airflow/py_env/lib/python3.9/site-packages/airflow/example_dags/example_sla_dag.py
[2023-03-22T15:00:45.497-0400] {processor.py:753} INFO - DAG(s) dict_keys(['example_sla_dag']) retrieved from /Users/sunanda/Downloads/airflow/py_env/lib/python3.9/site-packages/airflow/example_dags/example_sla_dag.py
[2023-03-22T15:00:45.704-0400] {logging_mixin.py:137} INFO - [2023-03-22T15:00:45.704-0400] {dag.py:2690} INFO - Sync 1 DAGs
[2023-03-22T15:00:45.712-0400] {logging_mixin.py:137} INFO - [2023-03-22T15:00:45.712-0400] {dag.py:3437} INFO - Setting next_dagrun for example_sla_dag to 2023-03-22T18:58:00+00:00, run_after=2023-03-22T19:00:00+00:00
[2023-03-22T15:00:45.721-0400] {processor.py:175} INFO - Processing /Users/sunanda/Downloads/airflow/py_env/lib/python3.9/site-packages/airflow/example_dags/example_sla_dag.py took 0.247 seconds
[2023-03-22T15:02:10.739-0400] {processor.py:153} INFO - Started process (PID=70349) to work on /Users/sunanda/Downloads/airflow/py_env/lib/python3.9/site-packages/airflow/example_dags/example_sla_dag.py
[2023-03-22T15:02:10.742-0400] {processor.py:743} INFO - Processing file /Users/sunanda/Downloads/airflow/py_env/lib/python3.9/site-packages/airflow/example_dags/example_sla_dag.py for tasks to queue
[2023-03-22T15:02:10.742-0400] {logging_mixin.py:137} INFO - [2023-03-22T15:02:10.742-0400] {dagbag.py:538} INFO - Filling up the DagBag from /Users/sunanda/Downloads/airflow/py_env/lib/python3.9/site-packages/airflow/example_dags/example_sla_dag.py
[2023-03-22T15:02:10.764-0400] {processor.py:753} INFO - DAG(s) dict_keys(['example_sla_dag']) retrieved from /Users/sunanda/Downloads/airflow/py_env/lib/python3.9/site-packages/airflow/example_dags/example_sla_dag.py
[2023-03-22T15:02:10.965-0400] {logging_mixin.py:137} INFO - [2023-03-22T15:02:10.965-0400] {dag.py:2690} INFO - Sync 1 DAGs
[2023-03-22T15:02:10.973-0400] {logging_mixin.py:137} INFO - [2023-03-22T15:02:10.973-0400] {dag.py:3437} INFO - Setting next_dagrun for example_sla_dag to 2023-03-22T19:00:00+00:00, run_after=2023-03-22T19:02:00+00:00
[2023-03-22T15:02:10.981-0400] {processor.py:175} INFO - Processing /Users/sunanda/Downloads/airflow/py_env/lib/python3.9/site-packages/airflow/example_dags/example_sla_dag.py took 0.242 seconds
[2023-03-22T15:03:37.499-0400] {processor.py:153} INFO - Started process (PID=70483) to work on /Users/sunanda/Downloads/airflow/py_env/lib/python3.9/site-packages/airflow/example_dags/example_sla_dag.py
[2023-03-22T15:03:37.501-0400] {processor.py:743} INFO - Processing file /Users/sunanda/Downloads/airflow/py_env/lib/python3.9/site-packages/airflow/example_dags/example_sla_dag.py for tasks to queue
[2023-03-22T15:03:37.501-0400] {logging_mixin.py:137} INFO - [2023-03-22T15:03:37.501-0400] {dagbag.py:538} INFO - Filling up the DagBag from /Users/sunanda/Downloads/airflow/py_env/lib/python3.9/site-packages/airflow/example_dags/example_sla_dag.py
[2023-03-22T15:03:37.521-0400] {processor.py:753} INFO - DAG(s) dict_keys(['example_sla_dag']) retrieved from /Users/sunanda/Downloads/airflow/py_env/lib/python3.9/site-packages/airflow/example_dags/example_sla_dag.py
[2023-03-22T15:03:37.852-0400] {logging_mixin.py:137} INFO - [2023-03-22T15:03:37.851-0400] {dag.py:2690} INFO - Sync 1 DAGs
[2023-03-22T15:03:37.861-0400] {logging_mixin.py:137} INFO - [2023-03-22T15:03:37.861-0400] {dag.py:3437} INFO - Setting next_dagrun for example_sla_dag to 2023-03-22T19:00:00+00:00, run_after=2023-03-22T19:02:00+00:00
[2023-03-22T15:03:37.873-0400] {processor.py:175} INFO - Processing /Users/sunanda/Downloads/airflow/py_env/lib/python3.9/site-packages/airflow/example_dags/example_sla_dag.py took 0.375 seconds
[2023-03-22T15:04:55.905-0400] {processor.py:153} INFO - Started process (PID=70629) to work on /Users/sunanda/Downloads/airflow/py_env/lib/python3.9/site-packages/airflow/example_dags/example_sla_dag.py
[2023-03-22T15:04:55.907-0400] {processor.py:743} INFO - Processing file /Users/sunanda/Downloads/airflow/py_env/lib/python3.9/site-packages/airflow/example_dags/example_sla_dag.py for tasks to queue
[2023-03-22T15:04:55.908-0400] {logging_mixin.py:137} INFO - [2023-03-22T15:04:55.908-0400] {dagbag.py:538} INFO - Filling up the DagBag from /Users/sunanda/Downloads/airflow/py_env/lib/python3.9/site-packages/airflow/example_dags/example_sla_dag.py
[2023-03-22T15:04:55.932-0400] {processor.py:753} INFO - DAG(s) dict_keys(['example_sla_dag']) retrieved from /Users/sunanda/Downloads/airflow/py_env/lib/python3.9/site-packages/airflow/example_dags/example_sla_dag.py
[2023-03-22T15:04:56.186-0400] {logging_mixin.py:137} INFO - [2023-03-22T15:04:56.186-0400] {dag.py:2690} INFO - Sync 1 DAGs
[2023-03-22T15:04:56.194-0400] {logging_mixin.py:137} INFO - [2023-03-22T15:04:56.194-0400] {dag.py:3437} INFO - Setting next_dagrun for example_sla_dag to 2023-03-22T19:02:00+00:00, run_after=2023-03-22T19:04:00+00:00
[2023-03-22T15:04:56.202-0400] {processor.py:175} INFO - Processing /Users/sunanda/Downloads/airflow/py_env/lib/python3.9/site-packages/airflow/example_dags/example_sla_dag.py took 0.297 seconds
[2023-03-22T16:18:44.070-0400] {processor.py:153} INFO - Started process (PID=74883) to work on /Users/sunanda/Downloads/airflow/py_env/lib/python3.9/site-packages/airflow/example_dags/example_sla_dag.py
[2023-03-22T16:18:44.073-0400] {processor.py:743} INFO - Processing file /Users/sunanda/Downloads/airflow/py_env/lib/python3.9/site-packages/airflow/example_dags/example_sla_dag.py for tasks to queue
[2023-03-22T16:18:44.074-0400] {logging_mixin.py:137} INFO - [2023-03-22T16:18:44.074-0400] {dagbag.py:538} INFO - Filling up the DagBag from /Users/sunanda/Downloads/airflow/py_env/lib/python3.9/site-packages/airflow/example_dags/example_sla_dag.py
[2023-03-22T16:18:44.094-0400] {processor.py:753} INFO - DAG(s) dict_keys(['example_sla_dag']) retrieved from /Users/sunanda/Downloads/airflow/py_env/lib/python3.9/site-packages/airflow/example_dags/example_sla_dag.py
[2023-03-22T16:18:44.533-0400] {logging_mixin.py:137} INFO - [2023-03-22T16:18:44.532-0400] {dag.py:2690} INFO - Sync 1 DAGs
[2023-03-22T16:18:44.542-0400] {logging_mixin.py:137} INFO - [2023-03-22T16:18:44.542-0400] {dag.py:3437} INFO - Setting next_dagrun for example_sla_dag to 2023-03-22T20:16:00+00:00, run_after=2023-03-22T20:18:00+00:00
[2023-03-22T16:18:44.550-0400] {processor.py:175} INFO - Processing /Users/sunanda/Downloads/airflow/py_env/lib/python3.9/site-packages/airflow/example_dags/example_sla_dag.py took 0.484 seconds
[2023-03-22T19:11:25.443-0400] {processor.py:153} INFO - Started process (PID=3784) to work on /Users/sunanda/Downloads/airflow/py_env/lib/python3.9/site-packages/airflow/example_dags/example_sla_dag.py
[2023-03-22T19:11:25.446-0400] {processor.py:743} INFO - Processing file /Users/sunanda/Downloads/airflow/py_env/lib/python3.9/site-packages/airflow/example_dags/example_sla_dag.py for tasks to queue
[2023-03-22T19:11:25.446-0400] {logging_mixin.py:137} INFO - [2023-03-22T19:11:25.446-0400] {dagbag.py:538} INFO - Filling up the DagBag from /Users/sunanda/Downloads/airflow/py_env/lib/python3.9/site-packages/airflow/example_dags/example_sla_dag.py
[2023-03-22T19:11:25.466-0400] {processor.py:753} INFO - DAG(s) dict_keys(['example_sla_dag']) retrieved from /Users/sunanda/Downloads/airflow/py_env/lib/python3.9/site-packages/airflow/example_dags/example_sla_dag.py
[2023-03-22T19:11:25.661-0400] {logging_mixin.py:137} INFO - [2023-03-22T19:11:25.661-0400] {dag.py:2690} INFO - Sync 1 DAGs
[2023-03-22T19:11:25.669-0400] {logging_mixin.py:137} INFO - [2023-03-22T19:11:25.669-0400] {dag.py:3437} INFO - Setting next_dagrun for example_sla_dag to 2023-03-22T23:08:00+00:00, run_after=2023-03-22T23:10:00+00:00
[2023-03-22T19:11:25.677-0400] {processor.py:175} INFO - Processing /Users/sunanda/Downloads/airflow/py_env/lib/python3.9/site-packages/airflow/example_dags/example_sla_dag.py took 0.234 seconds
[2023-03-22T19:12:38.011-0400] {processor.py:153} INFO - Started process (PID=3896) to work on /Users/sunanda/Downloads/airflow/py_env/lib/python3.9/site-packages/airflow/example_dags/example_sla_dag.py
[2023-03-22T19:12:38.013-0400] {processor.py:743} INFO - Processing file /Users/sunanda/Downloads/airflow/py_env/lib/python3.9/site-packages/airflow/example_dags/example_sla_dag.py for tasks to queue
[2023-03-22T19:12:38.013-0400] {logging_mixin.py:137} INFO - [2023-03-22T19:12:38.013-0400] {dagbag.py:538} INFO - Filling up the DagBag from /Users/sunanda/Downloads/airflow/py_env/lib/python3.9/site-packages/airflow/example_dags/example_sla_dag.py
[2023-03-22T19:12:38.032-0400] {processor.py:753} INFO - DAG(s) dict_keys(['example_sla_dag']) retrieved from /Users/sunanda/Downloads/airflow/py_env/lib/python3.9/site-packages/airflow/example_dags/example_sla_dag.py
[2023-03-22T19:12:38.229-0400] {logging_mixin.py:137} INFO - [2023-03-22T19:12:38.229-0400] {dag.py:2690} INFO - Sync 1 DAGs
[2023-03-22T19:12:38.237-0400] {logging_mixin.py:137} INFO - [2023-03-22T19:12:38.237-0400] {dag.py:3437} INFO - Setting next_dagrun for example_sla_dag to 2023-03-22T23:10:00+00:00, run_after=2023-03-22T23:12:00+00:00
[2023-03-22T19:12:38.245-0400] {processor.py:175} INFO - Processing /Users/sunanda/Downloads/airflow/py_env/lib/python3.9/site-packages/airflow/example_dags/example_sla_dag.py took 0.234 seconds
[2023-03-22T19:14:18.144-0400] {processor.py:153} INFO - Started process (PID=4058) to work on /Users/sunanda/Downloads/airflow/py_env/lib/python3.9/site-packages/airflow/example_dags/example_sla_dag.py
[2023-03-22T19:14:18.146-0400] {processor.py:743} INFO - Processing file /Users/sunanda/Downloads/airflow/py_env/lib/python3.9/site-packages/airflow/example_dags/example_sla_dag.py for tasks to queue
[2023-03-22T19:14:18.147-0400] {logging_mixin.py:137} INFO - [2023-03-22T19:14:18.147-0400] {dagbag.py:538} INFO - Filling up the DagBag from /Users/sunanda/Downloads/airflow/py_env/lib/python3.9/site-packages/airflow/example_dags/example_sla_dag.py
[2023-03-22T19:14:18.167-0400] {processor.py:753} INFO - DAG(s) dict_keys(['example_sla_dag']) retrieved from /Users/sunanda/Downloads/airflow/py_env/lib/python3.9/site-packages/airflow/example_dags/example_sla_dag.py
[2023-03-22T19:14:18.364-0400] {logging_mixin.py:137} INFO - [2023-03-22T19:14:18.364-0400] {dag.py:2690} INFO - Sync 1 DAGs
[2023-03-22T19:14:18.372-0400] {logging_mixin.py:137} INFO - [2023-03-22T19:14:18.372-0400] {dag.py:3437} INFO - Setting next_dagrun for example_sla_dag to 2023-03-22T23:12:00+00:00, run_after=2023-03-22T23:14:00+00:00
[2023-03-22T19:14:18.380-0400] {processor.py:175} INFO - Processing /Users/sunanda/Downloads/airflow/py_env/lib/python3.9/site-packages/airflow/example_dags/example_sla_dag.py took 0.236 seconds
[2023-03-22T19:24:16.740-0400] {processor.py:153} INFO - Started process (PID=4759) to work on /Users/sunanda/Downloads/airflow/py_env/lib/python3.9/site-packages/airflow/example_dags/example_sla_dag.py
[2023-03-22T19:24:16.743-0400] {processor.py:743} INFO - Processing file /Users/sunanda/Downloads/airflow/py_env/lib/python3.9/site-packages/airflow/example_dags/example_sla_dag.py for tasks to queue
[2023-03-22T19:24:16.743-0400] {logging_mixin.py:137} INFO - [2023-03-22T19:24:16.743-0400] {dagbag.py:538} INFO - Filling up the DagBag from /Users/sunanda/Downloads/airflow/py_env/lib/python3.9/site-packages/airflow/example_dags/example_sla_dag.py
[2023-03-22T19:24:16.763-0400] {processor.py:753} INFO - DAG(s) dict_keys(['example_sla_dag']) retrieved from /Users/sunanda/Downloads/airflow/py_env/lib/python3.9/site-packages/airflow/example_dags/example_sla_dag.py
[2023-03-22T19:24:16.960-0400] {logging_mixin.py:137} INFO - [2023-03-22T19:24:16.960-0400] {dag.py:2690} INFO - Sync 1 DAGs
[2023-03-22T19:24:16.968-0400] {logging_mixin.py:137} INFO - [2023-03-22T19:24:16.968-0400] {dag.py:3437} INFO - Setting next_dagrun for example_sla_dag to 2023-03-22T23:22:00+00:00, run_after=2023-03-22T23:24:00+00:00
[2023-03-22T19:24:16.975-0400] {processor.py:175} INFO - Processing /Users/sunanda/Downloads/airflow/py_env/lib/python3.9/site-packages/airflow/example_dags/example_sla_dag.py took 0.236 seconds
[2023-03-22T19:25:28.873-0400] {processor.py:153} INFO - Started process (PID=4871) to work on /Users/sunanda/Downloads/airflow/py_env/lib/python3.9/site-packages/airflow/example_dags/example_sla_dag.py
[2023-03-22T19:25:28.876-0400] {processor.py:743} INFO - Processing file /Users/sunanda/Downloads/airflow/py_env/lib/python3.9/site-packages/airflow/example_dags/example_sla_dag.py for tasks to queue
[2023-03-22T19:25:28.876-0400] {logging_mixin.py:137} INFO - [2023-03-22T19:25:28.876-0400] {dagbag.py:538} INFO - Filling up the DagBag from /Users/sunanda/Downloads/airflow/py_env/lib/python3.9/site-packages/airflow/example_dags/example_sla_dag.py
[2023-03-22T19:25:28.896-0400] {processor.py:753} INFO - DAG(s) dict_keys(['example_sla_dag']) retrieved from /Users/sunanda/Downloads/airflow/py_env/lib/python3.9/site-packages/airflow/example_dags/example_sla_dag.py
[2023-03-22T19:25:29.096-0400] {logging_mixin.py:137} INFO - [2023-03-22T19:25:29.096-0400] {dag.py:2690} INFO - Sync 1 DAGs
[2023-03-22T19:25:29.104-0400] {logging_mixin.py:137} INFO - [2023-03-22T19:25:29.104-0400] {dag.py:3437} INFO - Setting next_dagrun for example_sla_dag to 2023-03-22T23:22:00+00:00, run_after=2023-03-22T23:24:00+00:00
[2023-03-22T19:25:29.111-0400] {processor.py:175} INFO - Processing /Users/sunanda/Downloads/airflow/py_env/lib/python3.9/site-packages/airflow/example_dags/example_sla_dag.py took 0.238 seconds
[2023-03-22T19:26:52.267-0400] {processor.py:153} INFO - Started process (PID=4999) to work on /Users/sunanda/Downloads/airflow/py_env/lib/python3.9/site-packages/airflow/example_dags/example_sla_dag.py
[2023-03-22T19:26:52.271-0400] {processor.py:743} INFO - Processing file /Users/sunanda/Downloads/airflow/py_env/lib/python3.9/site-packages/airflow/example_dags/example_sla_dag.py for tasks to queue
[2023-03-22T19:26:52.271-0400] {logging_mixin.py:137} INFO - [2023-03-22T19:26:52.271-0400] {dagbag.py:538} INFO - Filling up the DagBag from /Users/sunanda/Downloads/airflow/py_env/lib/python3.9/site-packages/airflow/example_dags/example_sla_dag.py
[2023-03-22T19:26:52.301-0400] {processor.py:753} INFO - DAG(s) dict_keys(['example_sla_dag']) retrieved from /Users/sunanda/Downloads/airflow/py_env/lib/python3.9/site-packages/airflow/example_dags/example_sla_dag.py
[2023-03-22T19:26:52.604-0400] {logging_mixin.py:137} INFO - [2023-03-22T19:26:52.604-0400] {dag.py:2690} INFO - Sync 1 DAGs
[2023-03-22T19:26:52.619-0400] {logging_mixin.py:137} INFO - [2023-03-22T19:26:52.618-0400] {dag.py:3437} INFO - Setting next_dagrun for example_sla_dag to 2023-03-22T23:24:00+00:00, run_after=2023-03-22T23:26:00+00:00
[2023-03-22T19:26:52.628-0400] {processor.py:175} INFO - Processing /Users/sunanda/Downloads/airflow/py_env/lib/python3.9/site-packages/airflow/example_dags/example_sla_dag.py took 0.362 seconds
