[2023-03-22T14:54:32.364-0400] {processor.py:153} INFO - Started process (PID=69623) to work on /Users/sunanda/Downloads/airflow/py_env/lib/python3.9/site-packages/airflow/example_dags/example_branch_operator_decorator.py
[2023-03-22T14:54:32.367-0400] {processor.py:743} INFO - Processing file /Users/sunanda/Downloads/airflow/py_env/lib/python3.9/site-packages/airflow/example_dags/example_branch_operator_decorator.py for tasks to queue
[2023-03-22T14:54:32.367-0400] {logging_mixin.py:137} INFO - [2023-03-22T14:54:32.367-0400] {dagbag.py:538} INFO - Filling up the DagBag from /Users/sunanda/Downloads/airflow/py_env/lib/python3.9/site-packages/airflow/example_dags/example_branch_operator_decorator.py
[2023-03-22T14:54:32.388-0400] {processor.py:753} INFO - DAG(s) dict_keys(['example_branch_python_operator_decorator']) retrieved from /Users/sunanda/Downloads/airflow/py_env/lib/python3.9/site-packages/airflow/example_dags/example_branch_operator_decorator.py
[2023-03-22T14:54:32.592-0400] {logging_mixin.py:137} INFO - [2023-03-22T14:54:32.592-0400] {dag.py:2690} INFO - Sync 1 DAGs
[2023-03-22T14:54:32.600-0400] {logging_mixin.py:137} INFO - [2023-03-22T14:54:32.600-0400] {dag.py:3437} INFO - Setting next_dagrun for example_branch_python_operator_decorator to 2023-03-21T00:00:00+00:00, run_after=2023-03-22T00:00:00+00:00
[2023-03-22T14:54:32.608-0400] {processor.py:175} INFO - Processing /Users/sunanda/Downloads/airflow/py_env/lib/python3.9/site-packages/airflow/example_dags/example_branch_operator_decorator.py took 0.244 seconds
[2023-03-22T14:55:54.275-0400] {processor.py:153} INFO - Started process (PID=69755) to work on /Users/sunanda/Downloads/airflow/py_env/lib/python3.9/site-packages/airflow/example_dags/example_branch_operator_decorator.py
[2023-03-22T14:55:54.278-0400] {processor.py:743} INFO - Processing file /Users/sunanda/Downloads/airflow/py_env/lib/python3.9/site-packages/airflow/example_dags/example_branch_operator_decorator.py for tasks to queue
[2023-03-22T14:55:54.278-0400] {logging_mixin.py:137} INFO - [2023-03-22T14:55:54.278-0400] {dagbag.py:538} INFO - Filling up the DagBag from /Users/sunanda/Downloads/airflow/py_env/lib/python3.9/site-packages/airflow/example_dags/example_branch_operator_decorator.py
[2023-03-22T14:55:54.299-0400] {processor.py:753} INFO - DAG(s) dict_keys(['example_branch_python_operator_decorator']) retrieved from /Users/sunanda/Downloads/airflow/py_env/lib/python3.9/site-packages/airflow/example_dags/example_branch_operator_decorator.py
[2023-03-22T14:55:54.493-0400] {logging_mixin.py:137} INFO - [2023-03-22T14:55:54.493-0400] {dag.py:2690} INFO - Sync 1 DAGs
[2023-03-22T14:55:54.500-0400] {logging_mixin.py:137} INFO - [2023-03-22T14:55:54.500-0400] {dag.py:3437} INFO - Setting next_dagrun for example_branch_python_operator_decorator to 2023-03-21T00:00:00+00:00, run_after=2023-03-22T00:00:00+00:00
[2023-03-22T14:55:54.508-0400] {processor.py:175} INFO - Processing /Users/sunanda/Downloads/airflow/py_env/lib/python3.9/site-packages/airflow/example_dags/example_branch_operator_decorator.py took 0.234 seconds
[2023-03-22T14:57:15.381-0400] {processor.py:153} INFO - Started process (PID=69879) to work on /Users/sunanda/Downloads/airflow/py_env/lib/python3.9/site-packages/airflow/example_dags/example_branch_operator_decorator.py
[2023-03-22T14:57:15.384-0400] {processor.py:743} INFO - Processing file /Users/sunanda/Downloads/airflow/py_env/lib/python3.9/site-packages/airflow/example_dags/example_branch_operator_decorator.py for tasks to queue
[2023-03-22T14:57:15.384-0400] {logging_mixin.py:137} INFO - [2023-03-22T14:57:15.384-0400] {dagbag.py:538} INFO - Filling up the DagBag from /Users/sunanda/Downloads/airflow/py_env/lib/python3.9/site-packages/airflow/example_dags/example_branch_operator_decorator.py
[2023-03-22T14:57:15.405-0400] {processor.py:753} INFO - DAG(s) dict_keys(['example_branch_python_operator_decorator']) retrieved from /Users/sunanda/Downloads/airflow/py_env/lib/python3.9/site-packages/airflow/example_dags/example_branch_operator_decorator.py
[2023-03-22T14:57:15.607-0400] {logging_mixin.py:137} INFO - [2023-03-22T14:57:15.607-0400] {dag.py:2690} INFO - Sync 1 DAGs
[2023-03-22T14:57:15.614-0400] {logging_mixin.py:137} INFO - [2023-03-22T14:57:15.614-0400] {dag.py:3437} INFO - Setting next_dagrun for example_branch_python_operator_decorator to 2023-03-21T00:00:00+00:00, run_after=2023-03-22T00:00:00+00:00
[2023-03-22T14:57:15.622-0400] {processor.py:175} INFO - Processing /Users/sunanda/Downloads/airflow/py_env/lib/python3.9/site-packages/airflow/example_dags/example_branch_operator_decorator.py took 0.242 seconds
[2023-03-22T14:58:40.480-0400] {processor.py:153} INFO - Started process (PID=70014) to work on /Users/sunanda/Downloads/airflow/py_env/lib/python3.9/site-packages/airflow/example_dags/example_branch_operator_decorator.py
[2023-03-22T14:58:40.483-0400] {processor.py:743} INFO - Processing file /Users/sunanda/Downloads/airflow/py_env/lib/python3.9/site-packages/airflow/example_dags/example_branch_operator_decorator.py for tasks to queue
[2023-03-22T14:58:40.484-0400] {logging_mixin.py:137} INFO - [2023-03-22T14:58:40.484-0400] {dagbag.py:538} INFO - Filling up the DagBag from /Users/sunanda/Downloads/airflow/py_env/lib/python3.9/site-packages/airflow/example_dags/example_branch_operator_decorator.py
[2023-03-22T14:58:40.505-0400] {processor.py:753} INFO - DAG(s) dict_keys(['example_branch_python_operator_decorator']) retrieved from /Users/sunanda/Downloads/airflow/py_env/lib/python3.9/site-packages/airflow/example_dags/example_branch_operator_decorator.py
[2023-03-22T14:58:40.711-0400] {logging_mixin.py:137} INFO - [2023-03-22T14:58:40.710-0400] {dag.py:2690} INFO - Sync 1 DAGs
[2023-03-22T14:58:40.718-0400] {logging_mixin.py:137} INFO - [2023-03-22T14:58:40.718-0400] {dag.py:3437} INFO - Setting next_dagrun for example_branch_python_operator_decorator to 2023-03-21T00:00:00+00:00, run_after=2023-03-22T00:00:00+00:00
[2023-03-22T14:58:40.726-0400] {processor.py:175} INFO - Processing /Users/sunanda/Downloads/airflow/py_env/lib/python3.9/site-packages/airflow/example_dags/example_branch_operator_decorator.py took 0.246 seconds
[2023-03-22T15:00:06.955-0400] {processor.py:153} INFO - Started process (PID=70150) to work on /Users/sunanda/Downloads/airflow/py_env/lib/python3.9/site-packages/airflow/example_dags/example_branch_operator_decorator.py
[2023-03-22T15:00:06.957-0400] {processor.py:743} INFO - Processing file /Users/sunanda/Downloads/airflow/py_env/lib/python3.9/site-packages/airflow/example_dags/example_branch_operator_decorator.py for tasks to queue
[2023-03-22T15:00:06.957-0400] {logging_mixin.py:137} INFO - [2023-03-22T15:00:06.957-0400] {dagbag.py:538} INFO - Filling up the DagBag from /Users/sunanda/Downloads/airflow/py_env/lib/python3.9/site-packages/airflow/example_dags/example_branch_operator_decorator.py
[2023-03-22T15:00:06.977-0400] {processor.py:753} INFO - DAG(s) dict_keys(['example_branch_python_operator_decorator']) retrieved from /Users/sunanda/Downloads/airflow/py_env/lib/python3.9/site-packages/airflow/example_dags/example_branch_operator_decorator.py
[2023-03-22T15:00:07.180-0400] {logging_mixin.py:137} INFO - [2023-03-22T15:00:07.180-0400] {dag.py:2690} INFO - Sync 1 DAGs
[2023-03-22T15:00:07.188-0400] {logging_mixin.py:137} INFO - [2023-03-22T15:00:07.188-0400] {dag.py:3437} INFO - Setting next_dagrun for example_branch_python_operator_decorator to 2023-03-21T00:00:00+00:00, run_after=2023-03-22T00:00:00+00:00
[2023-03-22T15:00:07.196-0400] {processor.py:175} INFO - Processing /Users/sunanda/Downloads/airflow/py_env/lib/python3.9/site-packages/airflow/example_dags/example_branch_operator_decorator.py took 0.241 seconds
[2023-03-22T15:01:33.777-0400] {processor.py:153} INFO - Started process (PID=70286) to work on /Users/sunanda/Downloads/airflow/py_env/lib/python3.9/site-packages/airflow/example_dags/example_branch_operator_decorator.py
[2023-03-22T15:01:33.779-0400] {processor.py:743} INFO - Processing file /Users/sunanda/Downloads/airflow/py_env/lib/python3.9/site-packages/airflow/example_dags/example_branch_operator_decorator.py for tasks to queue
[2023-03-22T15:01:33.779-0400] {logging_mixin.py:137} INFO - [2023-03-22T15:01:33.779-0400] {dagbag.py:538} INFO - Filling up the DagBag from /Users/sunanda/Downloads/airflow/py_env/lib/python3.9/site-packages/airflow/example_dags/example_branch_operator_decorator.py
[2023-03-22T15:01:33.799-0400] {processor.py:753} INFO - DAG(s) dict_keys(['example_branch_python_operator_decorator']) retrieved from /Users/sunanda/Downloads/airflow/py_env/lib/python3.9/site-packages/airflow/example_dags/example_branch_operator_decorator.py
[2023-03-22T15:01:33.991-0400] {logging_mixin.py:137} INFO - [2023-03-22T15:01:33.991-0400] {dag.py:2690} INFO - Sync 1 DAGs
[2023-03-22T15:01:33.998-0400] {logging_mixin.py:137} INFO - [2023-03-22T15:01:33.998-0400] {dag.py:3437} INFO - Setting next_dagrun for example_branch_python_operator_decorator to 2023-03-21T00:00:00+00:00, run_after=2023-03-22T00:00:00+00:00
[2023-03-22T15:01:34.006-0400] {processor.py:175} INFO - Processing /Users/sunanda/Downloads/airflow/py_env/lib/python3.9/site-packages/airflow/example_dags/example_branch_operator_decorator.py took 0.230 seconds
[2023-03-22T15:03:00.141-0400] {processor.py:153} INFO - Started process (PID=70425) to work on /Users/sunanda/Downloads/airflow/py_env/lib/python3.9/site-packages/airflow/example_dags/example_branch_operator_decorator.py
[2023-03-22T15:03:00.144-0400] {processor.py:743} INFO - Processing file /Users/sunanda/Downloads/airflow/py_env/lib/python3.9/site-packages/airflow/example_dags/example_branch_operator_decorator.py for tasks to queue
[2023-03-22T15:03:00.144-0400] {logging_mixin.py:137} INFO - [2023-03-22T15:03:00.144-0400] {dagbag.py:538} INFO - Filling up the DagBag from /Users/sunanda/Downloads/airflow/py_env/lib/python3.9/site-packages/airflow/example_dags/example_branch_operator_decorator.py
[2023-03-22T15:03:00.167-0400] {processor.py:753} INFO - DAG(s) dict_keys(['example_branch_python_operator_decorator']) retrieved from /Users/sunanda/Downloads/airflow/py_env/lib/python3.9/site-packages/airflow/example_dags/example_branch_operator_decorator.py
[2023-03-22T15:03:00.370-0400] {logging_mixin.py:137} INFO - [2023-03-22T15:03:00.369-0400] {dag.py:2690} INFO - Sync 1 DAGs
[2023-03-22T15:03:00.377-0400] {logging_mixin.py:137} INFO - [2023-03-22T15:03:00.377-0400] {dag.py:3437} INFO - Setting next_dagrun for example_branch_python_operator_decorator to 2023-03-21T00:00:00+00:00, run_after=2023-03-22T00:00:00+00:00
[2023-03-22T15:03:00.386-0400] {processor.py:175} INFO - Processing /Users/sunanda/Downloads/airflow/py_env/lib/python3.9/site-packages/airflow/example_dags/example_branch_operator_decorator.py took 0.245 seconds
[2023-03-22T15:04:23.615-0400] {processor.py:153} INFO - Started process (PID=70577) to work on /Users/sunanda/Downloads/airflow/py_env/lib/python3.9/site-packages/airflow/example_dags/example_branch_operator_decorator.py
[2023-03-22T15:04:23.619-0400] {processor.py:743} INFO - Processing file /Users/sunanda/Downloads/airflow/py_env/lib/python3.9/site-packages/airflow/example_dags/example_branch_operator_decorator.py for tasks to queue
[2023-03-22T15:04:23.619-0400] {logging_mixin.py:137} INFO - [2023-03-22T15:04:23.619-0400] {dagbag.py:538} INFO - Filling up the DagBag from /Users/sunanda/Downloads/airflow/py_env/lib/python3.9/site-packages/airflow/example_dags/example_branch_operator_decorator.py
[2023-03-22T15:04:23.639-0400] {processor.py:753} INFO - DAG(s) dict_keys(['example_branch_python_operator_decorator']) retrieved from /Users/sunanda/Downloads/airflow/py_env/lib/python3.9/site-packages/airflow/example_dags/example_branch_operator_decorator.py
[2023-03-22T15:04:23.833-0400] {logging_mixin.py:137} INFO - [2023-03-22T15:04:23.833-0400] {dag.py:2690} INFO - Sync 1 DAGs
[2023-03-22T15:04:23.840-0400] {logging_mixin.py:137} INFO - [2023-03-22T15:04:23.840-0400] {dag.py:3437} INFO - Setting next_dagrun for example_branch_python_operator_decorator to 2023-03-21T00:00:00+00:00, run_after=2023-03-22T00:00:00+00:00
[2023-03-22T15:04:23.848-0400] {processor.py:175} INFO - Processing /Users/sunanda/Downloads/airflow/py_env/lib/python3.9/site-packages/airflow/example_dags/example_branch_operator_decorator.py took 0.233 seconds
[2023-03-22T15:05:43.723-0400] {processor.py:153} INFO - Started process (PID=70708) to work on /Users/sunanda/Downloads/airflow/py_env/lib/python3.9/site-packages/airflow/example_dags/example_branch_operator_decorator.py
[2023-03-22T15:05:43.726-0400] {processor.py:743} INFO - Processing file /Users/sunanda/Downloads/airflow/py_env/lib/python3.9/site-packages/airflow/example_dags/example_branch_operator_decorator.py for tasks to queue
[2023-03-22T15:05:43.726-0400] {logging_mixin.py:137} INFO - [2023-03-22T15:05:43.726-0400] {dagbag.py:538} INFO - Filling up the DagBag from /Users/sunanda/Downloads/airflow/py_env/lib/python3.9/site-packages/airflow/example_dags/example_branch_operator_decorator.py
[2023-03-22T15:05:43.747-0400] {processor.py:753} INFO - DAG(s) dict_keys(['example_branch_python_operator_decorator']) retrieved from /Users/sunanda/Downloads/airflow/py_env/lib/python3.9/site-packages/airflow/example_dags/example_branch_operator_decorator.py
[2023-03-22T15:05:43.939-0400] {logging_mixin.py:137} INFO - [2023-03-22T15:05:43.939-0400] {dag.py:2690} INFO - Sync 1 DAGs
[2023-03-22T15:05:43.947-0400] {logging_mixin.py:137} INFO - [2023-03-22T15:05:43.947-0400] {dag.py:3437} INFO - Setting next_dagrun for example_branch_python_operator_decorator to 2023-03-21T00:00:00+00:00, run_after=2023-03-22T00:00:00+00:00
[2023-03-22T15:05:43.955-0400] {processor.py:175} INFO - Processing /Users/sunanda/Downloads/airflow/py_env/lib/python3.9/site-packages/airflow/example_dags/example_branch_operator_decorator.py took 0.233 seconds
[2023-03-22T19:11:59.129-0400] {processor.py:153} INFO - Started process (PID=3836) to work on /Users/sunanda/Downloads/airflow/py_env/lib/python3.9/site-packages/airflow/example_dags/example_branch_operator_decorator.py
[2023-03-22T19:11:59.131-0400] {processor.py:743} INFO - Processing file /Users/sunanda/Downloads/airflow/py_env/lib/python3.9/site-packages/airflow/example_dags/example_branch_operator_decorator.py for tasks to queue
[2023-03-22T19:11:59.131-0400] {logging_mixin.py:137} INFO - [2023-03-22T19:11:59.131-0400] {dagbag.py:538} INFO - Filling up the DagBag from /Users/sunanda/Downloads/airflow/py_env/lib/python3.9/site-packages/airflow/example_dags/example_branch_operator_decorator.py
[2023-03-22T19:11:59.152-0400] {processor.py:753} INFO - DAG(s) dict_keys(['example_branch_python_operator_decorator']) retrieved from /Users/sunanda/Downloads/airflow/py_env/lib/python3.9/site-packages/airflow/example_dags/example_branch_operator_decorator.py
[2023-03-22T19:11:59.348-0400] {logging_mixin.py:137} INFO - [2023-03-22T19:11:59.348-0400] {dag.py:2690} INFO - Sync 1 DAGs
[2023-03-22T19:11:59.355-0400] {logging_mixin.py:137} INFO - [2023-03-22T19:11:59.354-0400] {dag.py:3437} INFO - Setting next_dagrun for example_branch_python_operator_decorator to 2023-03-21T00:00:00+00:00, run_after=2023-03-22T00:00:00+00:00
[2023-03-22T19:11:59.363-0400] {processor.py:175} INFO - Processing /Users/sunanda/Downloads/airflow/py_env/lib/python3.9/site-packages/airflow/example_dags/example_branch_operator_decorator.py took 0.234 seconds
[2023-03-22T19:13:27.315-0400] {processor.py:153} INFO - Started process (PID=3972) to work on /Users/sunanda/Downloads/airflow/py_env/lib/python3.9/site-packages/airflow/example_dags/example_branch_operator_decorator.py
[2023-03-22T19:13:27.317-0400] {processor.py:743} INFO - Processing file /Users/sunanda/Downloads/airflow/py_env/lib/python3.9/site-packages/airflow/example_dags/example_branch_operator_decorator.py for tasks to queue
[2023-03-22T19:13:27.317-0400] {logging_mixin.py:137} INFO - [2023-03-22T19:13:27.317-0400] {dagbag.py:538} INFO - Filling up the DagBag from /Users/sunanda/Downloads/airflow/py_env/lib/python3.9/site-packages/airflow/example_dags/example_branch_operator_decorator.py
[2023-03-22T19:13:27.338-0400] {processor.py:753} INFO - DAG(s) dict_keys(['example_branch_python_operator_decorator']) retrieved from /Users/sunanda/Downloads/airflow/py_env/lib/python3.9/site-packages/airflow/example_dags/example_branch_operator_decorator.py
[2023-03-22T19:13:27.534-0400] {logging_mixin.py:137} INFO - [2023-03-22T19:13:27.534-0400] {dag.py:2690} INFO - Sync 1 DAGs
[2023-03-22T19:13:27.541-0400] {logging_mixin.py:137} INFO - [2023-03-22T19:13:27.541-0400] {dag.py:3437} INFO - Setting next_dagrun for example_branch_python_operator_decorator to 2023-03-21T00:00:00+00:00, run_after=2023-03-22T00:00:00+00:00
[2023-03-22T19:13:27.548-0400] {processor.py:175} INFO - Processing /Users/sunanda/Downloads/airflow/py_env/lib/python3.9/site-packages/airflow/example_dags/example_branch_operator_decorator.py took 0.234 seconds
[2023-03-22T19:24:50.364-0400] {processor.py:153} INFO - Started process (PID=4812) to work on /Users/sunanda/Downloads/airflow/py_env/lib/python3.9/site-packages/airflow/example_dags/example_branch_operator_decorator.py
[2023-03-22T19:24:50.367-0400] {processor.py:743} INFO - Processing file /Users/sunanda/Downloads/airflow/py_env/lib/python3.9/site-packages/airflow/example_dags/example_branch_operator_decorator.py for tasks to queue
[2023-03-22T19:24:50.367-0400] {logging_mixin.py:137} INFO - [2023-03-22T19:24:50.367-0400] {dagbag.py:538} INFO - Filling up the DagBag from /Users/sunanda/Downloads/airflow/py_env/lib/python3.9/site-packages/airflow/example_dags/example_branch_operator_decorator.py
[2023-03-22T19:24:50.388-0400] {processor.py:753} INFO - DAG(s) dict_keys(['example_branch_python_operator_decorator']) retrieved from /Users/sunanda/Downloads/airflow/py_env/lib/python3.9/site-packages/airflow/example_dags/example_branch_operator_decorator.py
[2023-03-22T19:24:50.588-0400] {logging_mixin.py:137} INFO - [2023-03-22T19:24:50.588-0400] {dag.py:2690} INFO - Sync 1 DAGs
[2023-03-22T19:24:50.595-0400] {logging_mixin.py:137} INFO - [2023-03-22T19:24:50.595-0400] {dag.py:3437} INFO - Setting next_dagrun for example_branch_python_operator_decorator to 2023-03-21T00:00:00+00:00, run_after=2023-03-22T00:00:00+00:00
[2023-03-22T19:24:50.603-0400] {processor.py:175} INFO - Processing /Users/sunanda/Downloads/airflow/py_env/lib/python3.9/site-packages/airflow/example_dags/example_branch_operator_decorator.py took 0.240 seconds
[2023-03-22T19:26:14.579-0400] {processor.py:153} INFO - Started process (PID=4940) to work on /Users/sunanda/Downloads/airflow/py_env/lib/python3.9/site-packages/airflow/example_dags/example_branch_operator_decorator.py
[2023-03-22T19:26:14.582-0400] {processor.py:743} INFO - Processing file /Users/sunanda/Downloads/airflow/py_env/lib/python3.9/site-packages/airflow/example_dags/example_branch_operator_decorator.py for tasks to queue
[2023-03-22T19:26:14.582-0400] {logging_mixin.py:137} INFO - [2023-03-22T19:26:14.582-0400] {dagbag.py:538} INFO - Filling up the DagBag from /Users/sunanda/Downloads/airflow/py_env/lib/python3.9/site-packages/airflow/example_dags/example_branch_operator_decorator.py
[2023-03-22T19:26:14.602-0400] {processor.py:753} INFO - DAG(s) dict_keys(['example_branch_python_operator_decorator']) retrieved from /Users/sunanda/Downloads/airflow/py_env/lib/python3.9/site-packages/airflow/example_dags/example_branch_operator_decorator.py
[2023-03-22T19:26:14.796-0400] {logging_mixin.py:137} INFO - [2023-03-22T19:26:14.795-0400] {dag.py:2690} INFO - Sync 1 DAGs
[2023-03-22T19:26:14.803-0400] {logging_mixin.py:137} INFO - [2023-03-22T19:26:14.803-0400] {dag.py:3437} INFO - Setting next_dagrun for example_branch_python_operator_decorator to 2023-03-21T00:00:00+00:00, run_after=2023-03-22T00:00:00+00:00
[2023-03-22T19:26:14.811-0400] {processor.py:175} INFO - Processing /Users/sunanda/Downloads/airflow/py_env/lib/python3.9/site-packages/airflow/example_dags/example_branch_operator_decorator.py took 0.232 seconds
