[2023-03-22T14:53:47.896-0400] {processor.py:153} INFO - Started process (PID=69554) to work on /Users/sunanda/Downloads/airflow/py_env/lib/python3.9/site-packages/airflow/example_dags/example_trigger_target_dag.py
[2023-03-22T14:53:47.898-0400] {processor.py:743} INFO - Processing file /Users/sunanda/Downloads/airflow/py_env/lib/python3.9/site-packages/airflow/example_dags/example_trigger_target_dag.py for tasks to queue
[2023-03-22T14:53:47.898-0400] {logging_mixin.py:137} INFO - [2023-03-22T14:53:47.898-0400] {dagbag.py:538} INFO - Filling up the DagBag from /Users/sunanda/Downloads/airflow/py_env/lib/python3.9/site-packages/airflow/example_dags/example_trigger_target_dag.py
[2023-03-22T14:53:47.919-0400] {processor.py:753} INFO - DAG(s) dict_keys(['example_trigger_target_dag']) retrieved from /Users/sunanda/Downloads/airflow/py_env/lib/python3.9/site-packages/airflow/example_dags/example_trigger_target_dag.py
[2023-03-22T14:53:48.124-0400] {logging_mixin.py:137} INFO - [2023-03-22T14:53:48.124-0400] {dag.py:2690} INFO - Sync 1 DAGs
[2023-03-22T14:53:48.132-0400] {logging_mixin.py:137} INFO - [2023-03-22T14:53:48.132-0400] {dag.py:3437} INFO - Setting next_dagrun for example_trigger_target_dag to None, run_after=None
[2023-03-22T14:53:48.140-0400] {processor.py:175} INFO - Processing /Users/sunanda/Downloads/airflow/py_env/lib/python3.9/site-packages/airflow/example_dags/example_trigger_target_dag.py took 0.244 seconds
[2023-03-22T14:55:01.425-0400] {processor.py:153} INFO - Started process (PID=69670) to work on /Users/sunanda/Downloads/airflow/py_env/lib/python3.9/site-packages/airflow/example_dags/example_trigger_target_dag.py
[2023-03-22T14:55:01.427-0400] {processor.py:743} INFO - Processing file /Users/sunanda/Downloads/airflow/py_env/lib/python3.9/site-packages/airflow/example_dags/example_trigger_target_dag.py for tasks to queue
[2023-03-22T14:55:01.427-0400] {logging_mixin.py:137} INFO - [2023-03-22T14:55:01.427-0400] {dagbag.py:538} INFO - Filling up the DagBag from /Users/sunanda/Downloads/airflow/py_env/lib/python3.9/site-packages/airflow/example_dags/example_trigger_target_dag.py
[2023-03-22T14:55:01.448-0400] {processor.py:753} INFO - DAG(s) dict_keys(['example_trigger_target_dag']) retrieved from /Users/sunanda/Downloads/airflow/py_env/lib/python3.9/site-packages/airflow/example_dags/example_trigger_target_dag.py
[2023-03-22T14:55:01.644-0400] {logging_mixin.py:137} INFO - [2023-03-22T14:55:01.643-0400] {dag.py:2690} INFO - Sync 1 DAGs
[2023-03-22T14:55:01.650-0400] {logging_mixin.py:137} INFO - [2023-03-22T14:55:01.650-0400] {dag.py:3437} INFO - Setting next_dagrun for example_trigger_target_dag to None, run_after=None
[2023-03-22T14:55:01.658-0400] {processor.py:175} INFO - Processing /Users/sunanda/Downloads/airflow/py_env/lib/python3.9/site-packages/airflow/example_dags/example_trigger_target_dag.py took 0.234 seconds
[2023-03-22T14:56:20.777-0400] {processor.py:153} INFO - Started process (PID=69795) to work on /Users/sunanda/Downloads/airflow/py_env/lib/python3.9/site-packages/airflow/example_dags/example_trigger_target_dag.py
[2023-03-22T14:56:20.780-0400] {processor.py:743} INFO - Processing file /Users/sunanda/Downloads/airflow/py_env/lib/python3.9/site-packages/airflow/example_dags/example_trigger_target_dag.py for tasks to queue
[2023-03-22T14:56:20.780-0400] {logging_mixin.py:137} INFO - [2023-03-22T14:56:20.780-0400] {dagbag.py:538} INFO - Filling up the DagBag from /Users/sunanda/Downloads/airflow/py_env/lib/python3.9/site-packages/airflow/example_dags/example_trigger_target_dag.py
[2023-03-22T14:56:20.801-0400] {processor.py:753} INFO - DAG(s) dict_keys(['example_trigger_target_dag']) retrieved from /Users/sunanda/Downloads/airflow/py_env/lib/python3.9/site-packages/airflow/example_dags/example_trigger_target_dag.py
[2023-03-22T14:56:21.000-0400] {logging_mixin.py:137} INFO - [2023-03-22T14:56:21.000-0400] {dag.py:2690} INFO - Sync 1 DAGs
[2023-03-22T14:56:21.007-0400] {logging_mixin.py:137} INFO - [2023-03-22T14:56:21.007-0400] {dag.py:3437} INFO - Setting next_dagrun for example_trigger_target_dag to None, run_after=None
[2023-03-22T14:56:21.015-0400] {processor.py:175} INFO - Processing /Users/sunanda/Downloads/airflow/py_env/lib/python3.9/site-packages/airflow/example_dags/example_trigger_target_dag.py took 0.238 seconds
[2023-03-22T14:57:41.322-0400] {processor.py:153} INFO - Started process (PID=69920) to work on /Users/sunanda/Downloads/airflow/py_env/lib/python3.9/site-packages/airflow/example_dags/example_trigger_target_dag.py
[2023-03-22T14:57:41.325-0400] {processor.py:743} INFO - Processing file /Users/sunanda/Downloads/airflow/py_env/lib/python3.9/site-packages/airflow/example_dags/example_trigger_target_dag.py for tasks to queue
[2023-03-22T14:57:41.326-0400] {logging_mixin.py:137} INFO - [2023-03-22T14:57:41.326-0400] {dagbag.py:538} INFO - Filling up the DagBag from /Users/sunanda/Downloads/airflow/py_env/lib/python3.9/site-packages/airflow/example_dags/example_trigger_target_dag.py
[2023-03-22T14:57:41.346-0400] {processor.py:753} INFO - DAG(s) dict_keys(['example_trigger_target_dag']) retrieved from /Users/sunanda/Downloads/airflow/py_env/lib/python3.9/site-packages/airflow/example_dags/example_trigger_target_dag.py
[2023-03-22T14:57:41.561-0400] {logging_mixin.py:137} INFO - [2023-03-22T14:57:41.561-0400] {dag.py:2690} INFO - Sync 1 DAGs
[2023-03-22T14:57:41.568-0400] {logging_mixin.py:137} INFO - [2023-03-22T14:57:41.568-0400] {dag.py:3437} INFO - Setting next_dagrun for example_trigger_target_dag to None, run_after=None
[2023-03-22T14:57:41.576-0400] {processor.py:175} INFO - Processing /Users/sunanda/Downloads/airflow/py_env/lib/python3.9/site-packages/airflow/example_dags/example_trigger_target_dag.py took 0.254 seconds
[2023-03-22T14:59:09.268-0400] {processor.py:153} INFO - Started process (PID=70060) to work on /Users/sunanda/Downloads/airflow/py_env/lib/python3.9/site-packages/airflow/example_dags/example_trigger_target_dag.py
[2023-03-22T14:59:09.272-0400] {processor.py:743} INFO - Processing file /Users/sunanda/Downloads/airflow/py_env/lib/python3.9/site-packages/airflow/example_dags/example_trigger_target_dag.py for tasks to queue
[2023-03-22T14:59:09.272-0400] {logging_mixin.py:137} INFO - [2023-03-22T14:59:09.272-0400] {dagbag.py:538} INFO - Filling up the DagBag from /Users/sunanda/Downloads/airflow/py_env/lib/python3.9/site-packages/airflow/example_dags/example_trigger_target_dag.py
[2023-03-22T14:59:09.293-0400] {processor.py:753} INFO - DAG(s) dict_keys(['example_trigger_target_dag']) retrieved from /Users/sunanda/Downloads/airflow/py_env/lib/python3.9/site-packages/airflow/example_dags/example_trigger_target_dag.py
[2023-03-22T14:59:09.497-0400] {logging_mixin.py:137} INFO - [2023-03-22T14:59:09.497-0400] {dag.py:2690} INFO - Sync 1 DAGs
[2023-03-22T14:59:09.504-0400] {logging_mixin.py:137} INFO - [2023-03-22T14:59:09.504-0400] {dag.py:3437} INFO - Setting next_dagrun for example_trigger_target_dag to None, run_after=None
[2023-03-22T14:59:09.513-0400] {processor.py:175} INFO - Processing /Users/sunanda/Downloads/airflow/py_env/lib/python3.9/site-packages/airflow/example_dags/example_trigger_target_dag.py took 0.244 seconds
[2023-03-22T15:00:34.841-0400] {processor.py:153} INFO - Started process (PID=70193) to work on /Users/sunanda/Downloads/airflow/py_env/lib/python3.9/site-packages/airflow/example_dags/example_trigger_target_dag.py
[2023-03-22T15:00:34.843-0400] {processor.py:743} INFO - Processing file /Users/sunanda/Downloads/airflow/py_env/lib/python3.9/site-packages/airflow/example_dags/example_trigger_target_dag.py for tasks to queue
[2023-03-22T15:00:34.843-0400] {logging_mixin.py:137} INFO - [2023-03-22T15:00:34.843-0400] {dagbag.py:538} INFO - Filling up the DagBag from /Users/sunanda/Downloads/airflow/py_env/lib/python3.9/site-packages/airflow/example_dags/example_trigger_target_dag.py
[2023-03-22T15:00:34.863-0400] {processor.py:753} INFO - DAG(s) dict_keys(['example_trigger_target_dag']) retrieved from /Users/sunanda/Downloads/airflow/py_env/lib/python3.9/site-packages/airflow/example_dags/example_trigger_target_dag.py
[2023-03-22T15:00:35.068-0400] {logging_mixin.py:137} INFO - [2023-03-22T15:00:35.068-0400] {dag.py:2690} INFO - Sync 1 DAGs
[2023-03-22T15:00:35.075-0400] {logging_mixin.py:137} INFO - [2023-03-22T15:00:35.075-0400] {dag.py:3437} INFO - Setting next_dagrun for example_trigger_target_dag to None, run_after=None
[2023-03-22T15:00:35.083-0400] {processor.py:175} INFO - Processing /Users/sunanda/Downloads/airflow/py_env/lib/python3.9/site-packages/airflow/example_dags/example_trigger_target_dag.py took 0.242 seconds
[2023-03-22T15:01:59.766-0400] {processor.py:153} INFO - Started process (PID=70332) to work on /Users/sunanda/Downloads/airflow/py_env/lib/python3.9/site-packages/airflow/example_dags/example_trigger_target_dag.py
[2023-03-22T15:01:59.768-0400] {processor.py:743} INFO - Processing file /Users/sunanda/Downloads/airflow/py_env/lib/python3.9/site-packages/airflow/example_dags/example_trigger_target_dag.py for tasks to queue
[2023-03-22T15:01:59.768-0400] {logging_mixin.py:137} INFO - [2023-03-22T15:01:59.768-0400] {dagbag.py:538} INFO - Filling up the DagBag from /Users/sunanda/Downloads/airflow/py_env/lib/python3.9/site-packages/airflow/example_dags/example_trigger_target_dag.py
[2023-03-22T15:01:59.788-0400] {processor.py:753} INFO - DAG(s) dict_keys(['example_trigger_target_dag']) retrieved from /Users/sunanda/Downloads/airflow/py_env/lib/python3.9/site-packages/airflow/example_dags/example_trigger_target_dag.py
[2023-03-22T15:01:59.981-0400] {logging_mixin.py:137} INFO - [2023-03-22T15:01:59.981-0400] {dag.py:2690} INFO - Sync 1 DAGs
[2023-03-22T15:01:59.988-0400] {logging_mixin.py:137} INFO - [2023-03-22T15:01:59.988-0400] {dag.py:3437} INFO - Setting next_dagrun for example_trigger_target_dag to None, run_after=None
[2023-03-22T15:01:59.995-0400] {processor.py:175} INFO - Processing /Users/sunanda/Downloads/airflow/py_env/lib/python3.9/site-packages/airflow/example_dags/example_trigger_target_dag.py took 0.230 seconds
[2023-03-22T15:03:27.017-0400] {processor.py:153} INFO - Started process (PID=70466) to work on /Users/sunanda/Downloads/airflow/py_env/lib/python3.9/site-packages/airflow/example_dags/example_trigger_target_dag.py
[2023-03-22T15:03:27.019-0400] {processor.py:743} INFO - Processing file /Users/sunanda/Downloads/airflow/py_env/lib/python3.9/site-packages/airflow/example_dags/example_trigger_target_dag.py for tasks to queue
[2023-03-22T15:03:27.020-0400] {logging_mixin.py:137} INFO - [2023-03-22T15:03:27.020-0400] {dagbag.py:538} INFO - Filling up the DagBag from /Users/sunanda/Downloads/airflow/py_env/lib/python3.9/site-packages/airflow/example_dags/example_trigger_target_dag.py
[2023-03-22T15:03:27.041-0400] {processor.py:753} INFO - DAG(s) dict_keys(['example_trigger_target_dag']) retrieved from /Users/sunanda/Downloads/airflow/py_env/lib/python3.9/site-packages/airflow/example_dags/example_trigger_target_dag.py
[2023-03-22T15:03:27.267-0400] {logging_mixin.py:137} INFO - [2023-03-22T15:03:27.267-0400] {dag.py:2690} INFO - Sync 1 DAGs
[2023-03-22T15:03:27.273-0400] {logging_mixin.py:137} INFO - [2023-03-22T15:03:27.273-0400] {dag.py:3437} INFO - Setting next_dagrun for example_trigger_target_dag to None, run_after=None
[2023-03-22T15:03:27.281-0400] {processor.py:175} INFO - Processing /Users/sunanda/Downloads/airflow/py_env/lib/python3.9/site-packages/airflow/example_dags/example_trigger_target_dag.py took 0.265 seconds
[2023-03-22T15:04:45.359-0400] {processor.py:153} INFO - Started process (PID=70612) to work on /Users/sunanda/Downloads/airflow/py_env/lib/python3.9/site-packages/airflow/example_dags/example_trigger_target_dag.py
[2023-03-22T15:04:45.361-0400] {processor.py:743} INFO - Processing file /Users/sunanda/Downloads/airflow/py_env/lib/python3.9/site-packages/airflow/example_dags/example_trigger_target_dag.py for tasks to queue
[2023-03-22T15:04:45.361-0400] {logging_mixin.py:137} INFO - [2023-03-22T15:04:45.361-0400] {dagbag.py:538} INFO - Filling up the DagBag from /Users/sunanda/Downloads/airflow/py_env/lib/python3.9/site-packages/airflow/example_dags/example_trigger_target_dag.py
[2023-03-22T15:04:45.381-0400] {processor.py:753} INFO - DAG(s) dict_keys(['example_trigger_target_dag']) retrieved from /Users/sunanda/Downloads/airflow/py_env/lib/python3.9/site-packages/airflow/example_dags/example_trigger_target_dag.py
[2023-03-22T15:04:45.571-0400] {logging_mixin.py:137} INFO - [2023-03-22T15:04:45.570-0400] {dag.py:2690} INFO - Sync 1 DAGs
[2023-03-22T15:04:45.577-0400] {logging_mixin.py:137} INFO - [2023-03-22T15:04:45.577-0400] {dag.py:3437} INFO - Setting next_dagrun for example_trigger_target_dag to None, run_after=None
[2023-03-22T15:04:45.585-0400] {processor.py:175} INFO - Processing /Users/sunanda/Downloads/airflow/py_env/lib/python3.9/site-packages/airflow/example_dags/example_trigger_target_dag.py took 0.226 seconds
[2023-03-22T16:18:26.423-0400] {processor.py:153} INFO - Started process (PID=74858) to work on /Users/sunanda/Downloads/airflow/py_env/lib/python3.9/site-packages/airflow/example_dags/example_trigger_target_dag.py
[2023-03-22T16:18:26.433-0400] {processor.py:743} INFO - Processing file /Users/sunanda/Downloads/airflow/py_env/lib/python3.9/site-packages/airflow/example_dags/example_trigger_target_dag.py for tasks to queue
[2023-03-22T16:18:26.433-0400] {logging_mixin.py:137} INFO - [2023-03-22T16:18:26.433-0400] {dagbag.py:538} INFO - Filling up the DagBag from /Users/sunanda/Downloads/airflow/py_env/lib/python3.9/site-packages/airflow/example_dags/example_trigger_target_dag.py
[2023-03-22T16:18:26.458-0400] {processor.py:753} INFO - DAG(s) dict_keys(['example_trigger_target_dag']) retrieved from /Users/sunanda/Downloads/airflow/py_env/lib/python3.9/site-packages/airflow/example_dags/example_trigger_target_dag.py
[2023-03-22T16:18:26.972-0400] {logging_mixin.py:137} INFO - [2023-03-22T16:18:26.971-0400] {dag.py:2690} INFO - Sync 1 DAGs
[2023-03-22T16:18:26.999-0400] {logging_mixin.py:137} INFO - [2023-03-22T16:18:26.999-0400] {dag.py:3437} INFO - Setting next_dagrun for example_trigger_target_dag to None, run_after=None
[2023-03-22T16:18:27.008-0400] {processor.py:175} INFO - Processing /Users/sunanda/Downloads/airflow/py_env/lib/python3.9/site-packages/airflow/example_dags/example_trigger_target_dag.py took 0.585 seconds
[2023-03-22T16:26:36.190-0400] {processor.py:153} INFO - Started process (PID=75402) to work on /Users/sunanda/Downloads/airflow/py_env/lib/python3.9/site-packages/airflow/example_dags/example_trigger_target_dag.py
[2023-03-22T16:26:36.193-0400] {processor.py:743} INFO - Processing file /Users/sunanda/Downloads/airflow/py_env/lib/python3.9/site-packages/airflow/example_dags/example_trigger_target_dag.py for tasks to queue
[2023-03-22T16:26:36.194-0400] {logging_mixin.py:137} INFO - [2023-03-22T16:26:36.194-0400] {dagbag.py:538} INFO - Filling up the DagBag from /Users/sunanda/Downloads/airflow/py_env/lib/python3.9/site-packages/airflow/example_dags/example_trigger_target_dag.py
[2023-03-22T16:26:36.230-0400] {processor.py:753} INFO - DAG(s) dict_keys(['example_trigger_target_dag']) retrieved from /Users/sunanda/Downloads/airflow/py_env/lib/python3.9/site-packages/airflow/example_dags/example_trigger_target_dag.py
[2023-03-22T16:26:36.858-0400] {logging_mixin.py:137} INFO - [2023-03-22T16:26:36.857-0400] {dag.py:2690} INFO - Sync 1 DAGs
[2023-03-22T16:26:36.887-0400] {logging_mixin.py:137} INFO - [2023-03-22T16:26:36.887-0400] {dag.py:3437} INFO - Setting next_dagrun for example_trigger_target_dag to None, run_after=None
[2023-03-22T16:26:36.896-0400] {processor.py:175} INFO - Processing /Users/sunanda/Downloads/airflow/py_env/lib/python3.9/site-packages/airflow/example_dags/example_trigger_target_dag.py took 0.706 seconds
[2023-03-22T19:11:14.521-0400] {processor.py:153} INFO - Started process (PID=3759) to work on /Users/sunanda/Downloads/airflow/py_env/lib/python3.9/site-packages/airflow/example_dags/example_trigger_target_dag.py
[2023-03-22T19:11:14.524-0400] {processor.py:743} INFO - Processing file /Users/sunanda/Downloads/airflow/py_env/lib/python3.9/site-packages/airflow/example_dags/example_trigger_target_dag.py for tasks to queue
[2023-03-22T19:11:14.524-0400] {logging_mixin.py:137} INFO - [2023-03-22T19:11:14.524-0400] {dagbag.py:538} INFO - Filling up the DagBag from /Users/sunanda/Downloads/airflow/py_env/lib/python3.9/site-packages/airflow/example_dags/example_trigger_target_dag.py
[2023-03-22T19:11:14.544-0400] {processor.py:753} INFO - DAG(s) dict_keys(['example_trigger_target_dag']) retrieved from /Users/sunanda/Downloads/airflow/py_env/lib/python3.9/site-packages/airflow/example_dags/example_trigger_target_dag.py
[2023-03-22T19:11:14.737-0400] {logging_mixin.py:137} INFO - [2023-03-22T19:11:14.737-0400] {dag.py:2690} INFO - Sync 1 DAGs
[2023-03-22T19:11:14.744-0400] {logging_mixin.py:137} INFO - [2023-03-22T19:11:14.744-0400] {dag.py:3437} INFO - Setting next_dagrun for example_trigger_target_dag to None, run_after=None
[2023-03-22T19:11:14.752-0400] {processor.py:175} INFO - Processing /Users/sunanda/Downloads/airflow/py_env/lib/python3.9/site-packages/airflow/example_dags/example_trigger_target_dag.py took 0.231 seconds
[2023-03-22T19:12:26.696-0400] {processor.py:153} INFO - Started process (PID=3879) to work on /Users/sunanda/Downloads/airflow/py_env/lib/python3.9/site-packages/airflow/example_dags/example_trigger_target_dag.py
[2023-03-22T19:12:26.699-0400] {processor.py:743} INFO - Processing file /Users/sunanda/Downloads/airflow/py_env/lib/python3.9/site-packages/airflow/example_dags/example_trigger_target_dag.py for tasks to queue
[2023-03-22T19:12:26.699-0400] {logging_mixin.py:137} INFO - [2023-03-22T19:12:26.699-0400] {dagbag.py:538} INFO - Filling up the DagBag from /Users/sunanda/Downloads/airflow/py_env/lib/python3.9/site-packages/airflow/example_dags/example_trigger_target_dag.py
[2023-03-22T19:12:26.718-0400] {processor.py:753} INFO - DAG(s) dict_keys(['example_trigger_target_dag']) retrieved from /Users/sunanda/Downloads/airflow/py_env/lib/python3.9/site-packages/airflow/example_dags/example_trigger_target_dag.py
[2023-03-22T19:12:26.914-0400] {logging_mixin.py:137} INFO - [2023-03-22T19:12:26.913-0400] {dag.py:2690} INFO - Sync 1 DAGs
[2023-03-22T19:12:26.921-0400] {logging_mixin.py:137} INFO - [2023-03-22T19:12:26.920-0400] {dag.py:3437} INFO - Setting next_dagrun for example_trigger_target_dag to None, run_after=None
[2023-03-22T19:12:26.928-0400] {processor.py:175} INFO - Processing /Users/sunanda/Downloads/airflow/py_env/lib/python3.9/site-packages/airflow/example_dags/example_trigger_target_dag.py took 0.232 seconds
[2023-03-22T19:14:07.631-0400] {processor.py:153} INFO - Started process (PID=4040) to work on /Users/sunanda/Downloads/airflow/py_env/lib/python3.9/site-packages/airflow/example_dags/example_trigger_target_dag.py
[2023-03-22T19:14:07.633-0400] {processor.py:743} INFO - Processing file /Users/sunanda/Downloads/airflow/py_env/lib/python3.9/site-packages/airflow/example_dags/example_trigger_target_dag.py for tasks to queue
[2023-03-22T19:14:07.633-0400] {logging_mixin.py:137} INFO - [2023-03-22T19:14:07.633-0400] {dagbag.py:538} INFO - Filling up the DagBag from /Users/sunanda/Downloads/airflow/py_env/lib/python3.9/site-packages/airflow/example_dags/example_trigger_target_dag.py
[2023-03-22T19:14:07.653-0400] {processor.py:753} INFO - DAG(s) dict_keys(['example_trigger_target_dag']) retrieved from /Users/sunanda/Downloads/airflow/py_env/lib/python3.9/site-packages/airflow/example_dags/example_trigger_target_dag.py
[2023-03-22T19:14:07.852-0400] {logging_mixin.py:137} INFO - [2023-03-22T19:14:07.852-0400] {dag.py:2690} INFO - Sync 1 DAGs
[2023-03-22T19:14:07.859-0400] {logging_mixin.py:137} INFO - [2023-03-22T19:14:07.858-0400] {dag.py:3437} INFO - Setting next_dagrun for example_trigger_target_dag to None, run_after=None
[2023-03-22T19:14:07.867-0400] {processor.py:175} INFO - Processing /Users/sunanda/Downloads/airflow/py_env/lib/python3.9/site-packages/airflow/example_dags/example_trigger_target_dag.py took 0.237 seconds
[2023-03-22T19:21:05.319-0400] {processor.py:153} INFO - Started process (PID=4527) to work on /Users/sunanda/Downloads/airflow/py_env/lib/python3.9/site-packages/airflow/example_dags/example_trigger_target_dag.py
[2023-03-22T19:21:05.322-0400] {processor.py:743} INFO - Processing file /Users/sunanda/Downloads/airflow/py_env/lib/python3.9/site-packages/airflow/example_dags/example_trigger_target_dag.py for tasks to queue
[2023-03-22T19:21:05.322-0400] {logging_mixin.py:137} INFO - [2023-03-22T19:21:05.322-0400] {dagbag.py:538} INFO - Filling up the DagBag from /Users/sunanda/Downloads/airflow/py_env/lib/python3.9/site-packages/airflow/example_dags/example_trigger_target_dag.py
[2023-03-22T19:21:05.342-0400] {processor.py:753} INFO - DAG(s) dict_keys(['example_trigger_target_dag']) retrieved from /Users/sunanda/Downloads/airflow/py_env/lib/python3.9/site-packages/airflow/example_dags/example_trigger_target_dag.py
[2023-03-22T19:21:05.537-0400] {logging_mixin.py:137} INFO - [2023-03-22T19:21:05.537-0400] {dag.py:2690} INFO - Sync 1 DAGs
[2023-03-22T19:21:05.544-0400] {logging_mixin.py:137} INFO - [2023-03-22T19:21:05.544-0400] {dag.py:3437} INFO - Setting next_dagrun for example_trigger_target_dag to None, run_after=None
[2023-03-22T19:21:05.552-0400] {processor.py:175} INFO - Processing /Users/sunanda/Downloads/airflow/py_env/lib/python3.9/site-packages/airflow/example_dags/example_trigger_target_dag.py took 0.233 seconds
[2023-03-22T19:24:05.480-0400] {processor.py:153} INFO - Started process (PID=4742) to work on /Users/sunanda/Downloads/airflow/py_env/lib/python3.9/site-packages/airflow/example_dags/example_trigger_target_dag.py
[2023-03-22T19:24:05.483-0400] {processor.py:743} INFO - Processing file /Users/sunanda/Downloads/airflow/py_env/lib/python3.9/site-packages/airflow/example_dags/example_trigger_target_dag.py for tasks to queue
[2023-03-22T19:24:05.483-0400] {logging_mixin.py:137} INFO - [2023-03-22T19:24:05.483-0400] {dagbag.py:538} INFO - Filling up the DagBag from /Users/sunanda/Downloads/airflow/py_env/lib/python3.9/site-packages/airflow/example_dags/example_trigger_target_dag.py
[2023-03-22T19:24:05.505-0400] {processor.py:753} INFO - DAG(s) dict_keys(['example_trigger_target_dag']) retrieved from /Users/sunanda/Downloads/airflow/py_env/lib/python3.9/site-packages/airflow/example_dags/example_trigger_target_dag.py
[2023-03-22T19:24:05.705-0400] {logging_mixin.py:137} INFO - [2023-03-22T19:24:05.705-0400] {dag.py:2690} INFO - Sync 1 DAGs
[2023-03-22T19:24:05.712-0400] {logging_mixin.py:137} INFO - [2023-03-22T19:24:05.712-0400] {dag.py:3437} INFO - Setting next_dagrun for example_trigger_target_dag to None, run_after=None
[2023-03-22T19:24:05.720-0400] {processor.py:175} INFO - Processing /Users/sunanda/Downloads/airflow/py_env/lib/python3.9/site-packages/airflow/example_dags/example_trigger_target_dag.py took 0.241 seconds
[2023-03-22T19:25:19.225-0400] {processor.py:153} INFO - Started process (PID=4856) to work on /Users/sunanda/Downloads/airflow/py_env/lib/python3.9/site-packages/airflow/example_dags/example_trigger_target_dag.py
[2023-03-22T19:25:19.228-0400] {processor.py:743} INFO - Processing file /Users/sunanda/Downloads/airflow/py_env/lib/python3.9/site-packages/airflow/example_dags/example_trigger_target_dag.py for tasks to queue
[2023-03-22T19:25:19.228-0400] {logging_mixin.py:137} INFO - [2023-03-22T19:25:19.228-0400] {dagbag.py:538} INFO - Filling up the DagBag from /Users/sunanda/Downloads/airflow/py_env/lib/python3.9/site-packages/airflow/example_dags/example_trigger_target_dag.py
[2023-03-22T19:25:19.248-0400] {processor.py:753} INFO - DAG(s) dict_keys(['example_trigger_target_dag']) retrieved from /Users/sunanda/Downloads/airflow/py_env/lib/python3.9/site-packages/airflow/example_dags/example_trigger_target_dag.py
[2023-03-22T19:25:19.444-0400] {logging_mixin.py:137} INFO - [2023-03-22T19:25:19.444-0400] {dag.py:2690} INFO - Sync 1 DAGs
[2023-03-22T19:25:19.450-0400] {logging_mixin.py:137} INFO - [2023-03-22T19:25:19.450-0400] {dag.py:3437} INFO - Setting next_dagrun for example_trigger_target_dag to None, run_after=None
[2023-03-22T19:25:19.458-0400] {processor.py:175} INFO - Processing /Users/sunanda/Downloads/airflow/py_env/lib/python3.9/site-packages/airflow/example_dags/example_trigger_target_dag.py took 0.234 seconds
[2023-03-22T19:26:40.704-0400] {processor.py:153} INFO - Started process (PID=4981) to work on /Users/sunanda/Downloads/airflow/py_env/lib/python3.9/site-packages/airflow/example_dags/example_trigger_target_dag.py
[2023-03-22T19:26:40.706-0400] {processor.py:743} INFO - Processing file /Users/sunanda/Downloads/airflow/py_env/lib/python3.9/site-packages/airflow/example_dags/example_trigger_target_dag.py for tasks to queue
[2023-03-22T19:26:40.707-0400] {logging_mixin.py:137} INFO - [2023-03-22T19:26:40.707-0400] {dagbag.py:538} INFO - Filling up the DagBag from /Users/sunanda/Downloads/airflow/py_env/lib/python3.9/site-packages/airflow/example_dags/example_trigger_target_dag.py
[2023-03-22T19:26:40.726-0400] {processor.py:753} INFO - DAG(s) dict_keys(['example_trigger_target_dag']) retrieved from /Users/sunanda/Downloads/airflow/py_env/lib/python3.9/site-packages/airflow/example_dags/example_trigger_target_dag.py
[2023-03-22T19:26:40.925-0400] {logging_mixin.py:137} INFO - [2023-03-22T19:26:40.925-0400] {dag.py:2690} INFO - Sync 1 DAGs
[2023-03-22T19:26:40.932-0400] {logging_mixin.py:137} INFO - [2023-03-22T19:26:40.932-0400] {dag.py:3437} INFO - Setting next_dagrun for example_trigger_target_dag to None, run_after=None
[2023-03-22T19:26:40.939-0400] {processor.py:175} INFO - Processing /Users/sunanda/Downloads/airflow/py_env/lib/python3.9/site-packages/airflow/example_dags/example_trigger_target_dag.py took 0.236 seconds
