[2023-03-22T14:54:34.225-0400] {processor.py:153} INFO - Started process (PID=69626) to work on /Users/sunanda/Downloads/airflow/py_env/lib/python3.9/site-packages/airflow/example_dags/example_branch_operator.py
[2023-03-22T14:54:34.227-0400] {processor.py:743} INFO - Processing file /Users/sunanda/Downloads/airflow/py_env/lib/python3.9/site-packages/airflow/example_dags/example_branch_operator.py for tasks to queue
[2023-03-22T14:54:34.227-0400] {logging_mixin.py:137} INFO - [2023-03-22T14:54:34.227-0400] {dagbag.py:538} INFO - Filling up the DagBag from /Users/sunanda/Downloads/airflow/py_env/lib/python3.9/site-packages/airflow/example_dags/example_branch_operator.py
[2023-03-22T14:54:34.246-0400] {processor.py:753} INFO - DAG(s) dict_keys(['example_branch_operator']) retrieved from /Users/sunanda/Downloads/airflow/py_env/lib/python3.9/site-packages/airflow/example_dags/example_branch_operator.py
[2023-03-22T14:54:34.451-0400] {logging_mixin.py:137} INFO - [2023-03-22T14:54:34.451-0400] {dag.py:2690} INFO - Sync 1 DAGs
[2023-03-22T14:54:34.458-0400] {logging_mixin.py:137} INFO - [2023-03-22T14:54:34.458-0400] {dag.py:3437} INFO - Setting next_dagrun for example_branch_operator to 2023-03-21T00:00:00+00:00, run_after=2023-03-22T00:00:00+00:00
[2023-03-22T14:54:34.466-0400] {processor.py:175} INFO - Processing /Users/sunanda/Downloads/airflow/py_env/lib/python3.9/site-packages/airflow/example_dags/example_branch_operator.py took 0.242 seconds
[2023-03-22T14:55:56.116-0400] {processor.py:153} INFO - Started process (PID=69757) to work on /Users/sunanda/Downloads/airflow/py_env/lib/python3.9/site-packages/airflow/example_dags/example_branch_operator.py
[2023-03-22T14:55:56.119-0400] {processor.py:743} INFO - Processing file /Users/sunanda/Downloads/airflow/py_env/lib/python3.9/site-packages/airflow/example_dags/example_branch_operator.py for tasks to queue
[2023-03-22T14:55:56.119-0400] {logging_mixin.py:137} INFO - [2023-03-22T14:55:56.119-0400] {dagbag.py:538} INFO - Filling up the DagBag from /Users/sunanda/Downloads/airflow/py_env/lib/python3.9/site-packages/airflow/example_dags/example_branch_operator.py
[2023-03-22T14:55:56.136-0400] {processor.py:753} INFO - DAG(s) dict_keys(['example_branch_operator']) retrieved from /Users/sunanda/Downloads/airflow/py_env/lib/python3.9/site-packages/airflow/example_dags/example_branch_operator.py
[2023-03-22T14:55:56.330-0400] {logging_mixin.py:137} INFO - [2023-03-22T14:55:56.330-0400] {dag.py:2690} INFO - Sync 1 DAGs
[2023-03-22T14:55:56.337-0400] {logging_mixin.py:137} INFO - [2023-03-22T14:55:56.337-0400] {dag.py:3437} INFO - Setting next_dagrun for example_branch_operator to 2023-03-21T00:00:00+00:00, run_after=2023-03-22T00:00:00+00:00
[2023-03-22T14:55:56.345-0400] {processor.py:175} INFO - Processing /Users/sunanda/Downloads/airflow/py_env/lib/python3.9/site-packages/airflow/example_dags/example_branch_operator.py took 0.229 seconds
[2023-03-22T14:57:17.267-0400] {processor.py:153} INFO - Started process (PID=69882) to work on /Users/sunanda/Downloads/airflow/py_env/lib/python3.9/site-packages/airflow/example_dags/example_branch_operator.py
[2023-03-22T14:57:17.270-0400] {processor.py:743} INFO - Processing file /Users/sunanda/Downloads/airflow/py_env/lib/python3.9/site-packages/airflow/example_dags/example_branch_operator.py for tasks to queue
[2023-03-22T14:57:17.270-0400] {logging_mixin.py:137} INFO - [2023-03-22T14:57:17.270-0400] {dagbag.py:538} INFO - Filling up the DagBag from /Users/sunanda/Downloads/airflow/py_env/lib/python3.9/site-packages/airflow/example_dags/example_branch_operator.py
[2023-03-22T14:57:17.290-0400] {processor.py:753} INFO - DAG(s) dict_keys(['example_branch_operator']) retrieved from /Users/sunanda/Downloads/airflow/py_env/lib/python3.9/site-packages/airflow/example_dags/example_branch_operator.py
[2023-03-22T14:57:17.503-0400] {logging_mixin.py:137} INFO - [2023-03-22T14:57:17.503-0400] {dag.py:2690} INFO - Sync 1 DAGs
[2023-03-22T14:57:17.511-0400] {logging_mixin.py:137} INFO - [2023-03-22T14:57:17.511-0400] {dag.py:3437} INFO - Setting next_dagrun for example_branch_operator to 2023-03-21T00:00:00+00:00, run_after=2023-03-22T00:00:00+00:00
[2023-03-22T14:57:17.520-0400] {processor.py:175} INFO - Processing /Users/sunanda/Downloads/airflow/py_env/lib/python3.9/site-packages/airflow/example_dags/example_branch_operator.py took 0.253 seconds
[2023-03-22T14:58:42.051-0400] {processor.py:153} INFO - Started process (PID=70016) to work on /Users/sunanda/Downloads/airflow/py_env/lib/python3.9/site-packages/airflow/example_dags/example_branch_operator.py
[2023-03-22T14:58:42.054-0400] {processor.py:743} INFO - Processing file /Users/sunanda/Downloads/airflow/py_env/lib/python3.9/site-packages/airflow/example_dags/example_branch_operator.py for tasks to queue
[2023-03-22T14:58:42.055-0400] {logging_mixin.py:137} INFO - [2023-03-22T14:58:42.055-0400] {dagbag.py:538} INFO - Filling up the DagBag from /Users/sunanda/Downloads/airflow/py_env/lib/python3.9/site-packages/airflow/example_dags/example_branch_operator.py
[2023-03-22T14:58:42.071-0400] {processor.py:753} INFO - DAG(s) dict_keys(['example_branch_operator']) retrieved from /Users/sunanda/Downloads/airflow/py_env/lib/python3.9/site-packages/airflow/example_dags/example_branch_operator.py
[2023-03-22T14:58:42.275-0400] {logging_mixin.py:137} INFO - [2023-03-22T14:58:42.275-0400] {dag.py:2690} INFO - Sync 1 DAGs
[2023-03-22T14:58:42.282-0400] {logging_mixin.py:137} INFO - [2023-03-22T14:58:42.282-0400] {dag.py:3437} INFO - Setting next_dagrun for example_branch_operator to 2023-03-21T00:00:00+00:00, run_after=2023-03-22T00:00:00+00:00
[2023-03-22T14:58:42.290-0400] {processor.py:175} INFO - Processing /Users/sunanda/Downloads/airflow/py_env/lib/python3.9/site-packages/airflow/example_dags/example_branch_operator.py took 0.239 seconds
[2023-03-22T15:00:08.965-0400] {processor.py:153} INFO - Started process (PID=70153) to work on /Users/sunanda/Downloads/airflow/py_env/lib/python3.9/site-packages/airflow/example_dags/example_branch_operator.py
[2023-03-22T15:00:08.968-0400] {processor.py:743} INFO - Processing file /Users/sunanda/Downloads/airflow/py_env/lib/python3.9/site-packages/airflow/example_dags/example_branch_operator.py for tasks to queue
[2023-03-22T15:00:08.968-0400] {logging_mixin.py:137} INFO - [2023-03-22T15:00:08.968-0400] {dagbag.py:538} INFO - Filling up the DagBag from /Users/sunanda/Downloads/airflow/py_env/lib/python3.9/site-packages/airflow/example_dags/example_branch_operator.py
[2023-03-22T15:00:09.000-0400] {processor.py:753} INFO - DAG(s) dict_keys(['example_branch_operator']) retrieved from /Users/sunanda/Downloads/airflow/py_env/lib/python3.9/site-packages/airflow/example_dags/example_branch_operator.py
[2023-03-22T15:00:09.221-0400] {logging_mixin.py:137} INFO - [2023-03-22T15:00:09.221-0400] {dag.py:2690} INFO - Sync 1 DAGs
[2023-03-22T15:00:09.228-0400] {logging_mixin.py:137} INFO - [2023-03-22T15:00:09.228-0400] {dag.py:3437} INFO - Setting next_dagrun for example_branch_operator to 2023-03-21T00:00:00+00:00, run_after=2023-03-22T00:00:00+00:00
[2023-03-22T15:00:09.238-0400] {processor.py:175} INFO - Processing /Users/sunanda/Downloads/airflow/py_env/lib/python3.9/site-packages/airflow/example_dags/example_branch_operator.py took 0.273 seconds
[2023-03-22T15:01:35.175-0400] {processor.py:153} INFO - Started process (PID=70288) to work on /Users/sunanda/Downloads/airflow/py_env/lib/python3.9/site-packages/airflow/example_dags/example_branch_operator.py
[2023-03-22T15:01:35.177-0400] {processor.py:743} INFO - Processing file /Users/sunanda/Downloads/airflow/py_env/lib/python3.9/site-packages/airflow/example_dags/example_branch_operator.py for tasks to queue
[2023-03-22T15:01:35.177-0400] {logging_mixin.py:137} INFO - [2023-03-22T15:01:35.177-0400] {dagbag.py:538} INFO - Filling up the DagBag from /Users/sunanda/Downloads/airflow/py_env/lib/python3.9/site-packages/airflow/example_dags/example_branch_operator.py
[2023-03-22T15:01:35.195-0400] {processor.py:753} INFO - DAG(s) dict_keys(['example_branch_operator']) retrieved from /Users/sunanda/Downloads/airflow/py_env/lib/python3.9/site-packages/airflow/example_dags/example_branch_operator.py
[2023-03-22T15:01:35.393-0400] {logging_mixin.py:137} INFO - [2023-03-22T15:01:35.393-0400] {dag.py:2690} INFO - Sync 1 DAGs
[2023-03-22T15:01:35.400-0400] {logging_mixin.py:137} INFO - [2023-03-22T15:01:35.400-0400] {dag.py:3437} INFO - Setting next_dagrun for example_branch_operator to 2023-03-21T00:00:00+00:00, run_after=2023-03-22T00:00:00+00:00
[2023-03-22T15:01:35.408-0400] {processor.py:175} INFO - Processing /Users/sunanda/Downloads/airflow/py_env/lib/python3.9/site-packages/airflow/example_dags/example_branch_operator.py took 0.233 seconds
[2023-03-22T15:03:02.077-0400] {processor.py:153} INFO - Started process (PID=70428) to work on /Users/sunanda/Downloads/airflow/py_env/lib/python3.9/site-packages/airflow/example_dags/example_branch_operator.py
[2023-03-22T15:03:02.079-0400] {processor.py:743} INFO - Processing file /Users/sunanda/Downloads/airflow/py_env/lib/python3.9/site-packages/airflow/example_dags/example_branch_operator.py for tasks to queue
[2023-03-22T15:03:02.079-0400] {logging_mixin.py:137} INFO - [2023-03-22T15:03:02.079-0400] {dagbag.py:538} INFO - Filling up the DagBag from /Users/sunanda/Downloads/airflow/py_env/lib/python3.9/site-packages/airflow/example_dags/example_branch_operator.py
[2023-03-22T15:03:02.098-0400] {processor.py:753} INFO - DAG(s) dict_keys(['example_branch_operator']) retrieved from /Users/sunanda/Downloads/airflow/py_env/lib/python3.9/site-packages/airflow/example_dags/example_branch_operator.py
[2023-03-22T15:03:02.305-0400] {logging_mixin.py:137} INFO - [2023-03-22T15:03:02.305-0400] {dag.py:2690} INFO - Sync 1 DAGs
[2023-03-22T15:03:02.312-0400] {logging_mixin.py:137} INFO - [2023-03-22T15:03:02.312-0400] {dag.py:3437} INFO - Setting next_dagrun for example_branch_operator to 2023-03-21T00:00:00+00:00, run_after=2023-03-22T00:00:00+00:00
[2023-03-22T15:03:02.319-0400] {processor.py:175} INFO - Processing /Users/sunanda/Downloads/airflow/py_env/lib/python3.9/site-packages/airflow/example_dags/example_branch_operator.py took 0.243 seconds
[2023-03-22T15:04:25.461-0400] {processor.py:153} INFO - Started process (PID=70579) to work on /Users/sunanda/Downloads/airflow/py_env/lib/python3.9/site-packages/airflow/example_dags/example_branch_operator.py
[2023-03-22T15:04:25.465-0400] {processor.py:743} INFO - Processing file /Users/sunanda/Downloads/airflow/py_env/lib/python3.9/site-packages/airflow/example_dags/example_branch_operator.py for tasks to queue
[2023-03-22T15:04:25.465-0400] {logging_mixin.py:137} INFO - [2023-03-22T15:04:25.465-0400] {dagbag.py:538} INFO - Filling up the DagBag from /Users/sunanda/Downloads/airflow/py_env/lib/python3.9/site-packages/airflow/example_dags/example_branch_operator.py
[2023-03-22T15:04:25.481-0400] {processor.py:753} INFO - DAG(s) dict_keys(['example_branch_operator']) retrieved from /Users/sunanda/Downloads/airflow/py_env/lib/python3.9/site-packages/airflow/example_dags/example_branch_operator.py
[2023-03-22T15:04:25.675-0400] {logging_mixin.py:137} INFO - [2023-03-22T15:04:25.675-0400] {dag.py:2690} INFO - Sync 1 DAGs
[2023-03-22T15:04:25.682-0400] {logging_mixin.py:137} INFO - [2023-03-22T15:04:25.682-0400] {dag.py:3437} INFO - Setting next_dagrun for example_branch_operator to 2023-03-21T00:00:00+00:00, run_after=2023-03-22T00:00:00+00:00
[2023-03-22T15:04:25.689-0400] {processor.py:175} INFO - Processing /Users/sunanda/Downloads/airflow/py_env/lib/python3.9/site-packages/airflow/example_dags/example_branch_operator.py took 0.228 seconds
[2023-03-22T15:05:45.559-0400] {processor.py:153} INFO - Started process (PID=70712) to work on /Users/sunanda/Downloads/airflow/py_env/lib/python3.9/site-packages/airflow/example_dags/example_branch_operator.py
[2023-03-22T15:05:45.561-0400] {processor.py:743} INFO - Processing file /Users/sunanda/Downloads/airflow/py_env/lib/python3.9/site-packages/airflow/example_dags/example_branch_operator.py for tasks to queue
[2023-03-22T15:05:45.561-0400] {logging_mixin.py:137} INFO - [2023-03-22T15:05:45.561-0400] {dagbag.py:538} INFO - Filling up the DagBag from /Users/sunanda/Downloads/airflow/py_env/lib/python3.9/site-packages/airflow/example_dags/example_branch_operator.py
[2023-03-22T15:05:45.578-0400] {processor.py:753} INFO - DAG(s) dict_keys(['example_branch_operator']) retrieved from /Users/sunanda/Downloads/airflow/py_env/lib/python3.9/site-packages/airflow/example_dags/example_branch_operator.py
[2023-03-22T15:05:45.784-0400] {logging_mixin.py:137} INFO - [2023-03-22T15:05:45.784-0400] {dag.py:2690} INFO - Sync 1 DAGs
[2023-03-22T15:05:45.791-0400] {logging_mixin.py:137} INFO - [2023-03-22T15:05:45.791-0400] {dag.py:3437} INFO - Setting next_dagrun for example_branch_operator to 2023-03-21T00:00:00+00:00, run_after=2023-03-22T00:00:00+00:00
[2023-03-22T15:05:45.799-0400] {processor.py:175} INFO - Processing /Users/sunanda/Downloads/airflow/py_env/lib/python3.9/site-packages/airflow/example_dags/example_branch_operator.py took 0.241 seconds
[2023-03-22T19:12:00.998-0400] {processor.py:153} INFO - Started process (PID=3839) to work on /Users/sunanda/Downloads/airflow/py_env/lib/python3.9/site-packages/airflow/example_dags/example_branch_operator.py
[2023-03-22T19:12:01.000-0400] {processor.py:743} INFO - Processing file /Users/sunanda/Downloads/airflow/py_env/lib/python3.9/site-packages/airflow/example_dags/example_branch_operator.py for tasks to queue
[2023-03-22T19:12:01.000-0400] {logging_mixin.py:137} INFO - [2023-03-22T19:12:01.000-0400] {dagbag.py:538} INFO - Filling up the DagBag from /Users/sunanda/Downloads/airflow/py_env/lib/python3.9/site-packages/airflow/example_dags/example_branch_operator.py
[2023-03-22T19:12:01.016-0400] {processor.py:753} INFO - DAG(s) dict_keys(['example_branch_operator']) retrieved from /Users/sunanda/Downloads/airflow/py_env/lib/python3.9/site-packages/airflow/example_dags/example_branch_operator.py
[2023-03-22T19:12:01.215-0400] {logging_mixin.py:137} INFO - [2023-03-22T19:12:01.215-0400] {dag.py:2690} INFO - Sync 1 DAGs
[2023-03-22T19:12:01.222-0400] {logging_mixin.py:137} INFO - [2023-03-22T19:12:01.222-0400] {dag.py:3437} INFO - Setting next_dagrun for example_branch_operator to 2023-03-21T00:00:00+00:00, run_after=2023-03-22T00:00:00+00:00
[2023-03-22T19:12:01.229-0400] {processor.py:175} INFO - Processing /Users/sunanda/Downloads/airflow/py_env/lib/python3.9/site-packages/airflow/example_dags/example_branch_operator.py took 0.232 seconds
[2023-03-22T19:13:28.547-0400] {processor.py:153} INFO - Started process (PID=3974) to work on /Users/sunanda/Downloads/airflow/py_env/lib/python3.9/site-packages/airflow/example_dags/example_branch_operator.py
[2023-03-22T19:13:28.549-0400] {processor.py:743} INFO - Processing file /Users/sunanda/Downloads/airflow/py_env/lib/python3.9/site-packages/airflow/example_dags/example_branch_operator.py for tasks to queue
[2023-03-22T19:13:28.549-0400] {logging_mixin.py:137} INFO - [2023-03-22T19:13:28.549-0400] {dagbag.py:538} INFO - Filling up the DagBag from /Users/sunanda/Downloads/airflow/py_env/lib/python3.9/site-packages/airflow/example_dags/example_branch_operator.py
[2023-03-22T19:13:28.565-0400] {processor.py:753} INFO - DAG(s) dict_keys(['example_branch_operator']) retrieved from /Users/sunanda/Downloads/airflow/py_env/lib/python3.9/site-packages/airflow/example_dags/example_branch_operator.py
[2023-03-22T19:13:28.763-0400] {logging_mixin.py:137} INFO - [2023-03-22T19:13:28.763-0400] {dag.py:2690} INFO - Sync 1 DAGs
[2023-03-22T19:13:28.770-0400] {logging_mixin.py:137} INFO - [2023-03-22T19:13:28.770-0400] {dag.py:3437} INFO - Setting next_dagrun for example_branch_operator to 2023-03-21T00:00:00+00:00, run_after=2023-03-22T00:00:00+00:00
[2023-03-22T19:13:28.778-0400] {processor.py:175} INFO - Processing /Users/sunanda/Downloads/airflow/py_env/lib/python3.9/site-packages/airflow/example_dags/example_branch_operator.py took 0.231 seconds
[2023-03-22T19:24:51.515-0400] {processor.py:153} INFO - Started process (PID=4814) to work on /Users/sunanda/Downloads/airflow/py_env/lib/python3.9/site-packages/airflow/example_dags/example_branch_operator.py
[2023-03-22T19:24:51.519-0400] {processor.py:743} INFO - Processing file /Users/sunanda/Downloads/airflow/py_env/lib/python3.9/site-packages/airflow/example_dags/example_branch_operator.py for tasks to queue
[2023-03-22T19:24:51.519-0400] {logging_mixin.py:137} INFO - [2023-03-22T19:24:51.519-0400] {dagbag.py:538} INFO - Filling up the DagBag from /Users/sunanda/Downloads/airflow/py_env/lib/python3.9/site-packages/airflow/example_dags/example_branch_operator.py
[2023-03-22T19:24:51.536-0400] {processor.py:753} INFO - DAG(s) dict_keys(['example_branch_operator']) retrieved from /Users/sunanda/Downloads/airflow/py_env/lib/python3.9/site-packages/airflow/example_dags/example_branch_operator.py
[2023-03-22T19:24:51.747-0400] {logging_mixin.py:137} INFO - [2023-03-22T19:24:51.747-0400] {dag.py:2690} INFO - Sync 1 DAGs
[2023-03-22T19:24:51.754-0400] {logging_mixin.py:137} INFO - [2023-03-22T19:24:51.754-0400] {dag.py:3437} INFO - Setting next_dagrun for example_branch_operator to 2023-03-21T00:00:00+00:00, run_after=2023-03-22T00:00:00+00:00
[2023-03-22T19:24:51.762-0400] {processor.py:175} INFO - Processing /Users/sunanda/Downloads/airflow/py_env/lib/python3.9/site-packages/airflow/example_dags/example_branch_operator.py took 0.247 seconds
[2023-03-22T19:26:16.096-0400] {processor.py:153} INFO - Started process (PID=4943) to work on /Users/sunanda/Downloads/airflow/py_env/lib/python3.9/site-packages/airflow/example_dags/example_branch_operator.py
[2023-03-22T19:26:16.098-0400] {processor.py:743} INFO - Processing file /Users/sunanda/Downloads/airflow/py_env/lib/python3.9/site-packages/airflow/example_dags/example_branch_operator.py for tasks to queue
[2023-03-22T19:26:16.098-0400] {logging_mixin.py:137} INFO - [2023-03-22T19:26:16.098-0400] {dagbag.py:538} INFO - Filling up the DagBag from /Users/sunanda/Downloads/airflow/py_env/lib/python3.9/site-packages/airflow/example_dags/example_branch_operator.py
[2023-03-22T19:26:16.115-0400] {processor.py:753} INFO - DAG(s) dict_keys(['example_branch_operator']) retrieved from /Users/sunanda/Downloads/airflow/py_env/lib/python3.9/site-packages/airflow/example_dags/example_branch_operator.py
[2023-03-22T19:26:16.316-0400] {logging_mixin.py:137} INFO - [2023-03-22T19:26:16.316-0400] {dag.py:2690} INFO - Sync 1 DAGs
[2023-03-22T19:26:16.323-0400] {logging_mixin.py:137} INFO - [2023-03-22T19:26:16.323-0400] {dag.py:3437} INFO - Setting next_dagrun for example_branch_operator to 2023-03-21T00:00:00+00:00, run_after=2023-03-22T00:00:00+00:00
[2023-03-22T19:26:16.331-0400] {processor.py:175} INFO - Processing /Users/sunanda/Downloads/airflow/py_env/lib/python3.9/site-packages/airflow/example_dags/example_branch_operator.py took 0.236 seconds
