[2023-03-22T14:54:08.736-0400] {processor.py:153} INFO - Started process (PID=69587) to work on /Users/sunanda/Downloads/airflow/py_env/lib/python3.9/site-packages/airflow/example_dags/example_python_operator.py
[2023-03-22T14:54:08.738-0400] {processor.py:743} INFO - Processing file /Users/sunanda/Downloads/airflow/py_env/lib/python3.9/site-packages/airflow/example_dags/example_python_operator.py for tasks to queue
[2023-03-22T14:54:08.738-0400] {logging_mixin.py:137} INFO - [2023-03-22T14:54:08.738-0400] {dagbag.py:538} INFO - Filling up the DagBag from /Users/sunanda/Downloads/airflow/py_env/lib/python3.9/site-packages/airflow/example_dags/example_python_operator.py
[2023-03-22T14:54:08.756-0400] {logging_mixin.py:137} INFO - [2023-03-22T14:54:08.756-0400] {taskmixin.py:205} WARNING - Dependency <Task(_PythonDecoratedOperator): print_the_context>, log_sql_query already registered for DAG: example_python_operator
[2023-03-22T14:54:08.756-0400] {logging_mixin.py:137} INFO - [2023-03-22T14:54:08.756-0400] {taskmixin.py:205} WARNING - Dependency <Task(_PythonDecoratedOperator): log_sql_query>, print_the_context already registered for DAG: example_python_operator
[2023-03-22T14:54:08.756-0400] {logging_mixin.py:137} INFO - [2023-03-22T14:54:08.756-0400] {taskmixin.py:205} WARNING - Dependency <Task(_PythonDecoratedOperator): print_the_context>, log_sql_query already registered for DAG: example_python_operator
[2023-03-22T14:54:08.756-0400] {logging_mixin.py:137} INFO - [2023-03-22T14:54:08.756-0400] {taskmixin.py:205} WARNING - Dependency <Task(_PythonDecoratedOperator): log_sql_query>, print_the_context already registered for DAG: example_python_operator
[2023-03-22T14:54:08.757-0400] {logging_mixin.py:137} INFO - [2023-03-22T14:54:08.757-0400] {taskmixin.py:205} WARNING - Dependency <Task(_PythonDecoratedOperator): print_the_context>, log_sql_query already registered for DAG: example_python_operator
[2023-03-22T14:54:08.757-0400] {logging_mixin.py:137} INFO - [2023-03-22T14:54:08.757-0400] {taskmixin.py:205} WARNING - Dependency <Task(_PythonDecoratedOperator): log_sql_query>, print_the_context already registered for DAG: example_python_operator
[2023-03-22T14:54:08.757-0400] {logging_mixin.py:137} INFO - [2023-03-22T14:54:08.757-0400] {taskmixin.py:205} WARNING - Dependency <Task(_PythonDecoratedOperator): print_the_context>, log_sql_query already registered for DAG: example_python_operator
[2023-03-22T14:54:08.757-0400] {logging_mixin.py:137} INFO - [2023-03-22T14:54:08.757-0400] {taskmixin.py:205} WARNING - Dependency <Task(_PythonDecoratedOperator): log_sql_query>, print_the_context already registered for DAG: example_python_operator
[2023-03-22T14:54:08.760-0400] {processor.py:753} INFO - DAG(s) dict_keys(['example_python_operator']) retrieved from /Users/sunanda/Downloads/airflow/py_env/lib/python3.9/site-packages/airflow/example_dags/example_python_operator.py
[2023-03-22T14:54:08.967-0400] {logging_mixin.py:137} INFO - [2023-03-22T14:54:08.966-0400] {dag.py:2690} INFO - Sync 1 DAGs
[2023-03-22T14:54:08.974-0400] {logging_mixin.py:137} INFO - [2023-03-22T14:54:08.974-0400] {dag.py:3437} INFO - Setting next_dagrun for example_python_operator to None, run_after=None
[2023-03-22T14:54:08.982-0400] {processor.py:175} INFO - Processing /Users/sunanda/Downloads/airflow/py_env/lib/python3.9/site-packages/airflow/example_dags/example_python_operator.py took 0.247 seconds
[2023-03-22T14:55:22.090-0400] {processor.py:153} INFO - Started process (PID=69702) to work on /Users/sunanda/Downloads/airflow/py_env/lib/python3.9/site-packages/airflow/example_dags/example_python_operator.py
[2023-03-22T14:55:22.092-0400] {processor.py:743} INFO - Processing file /Users/sunanda/Downloads/airflow/py_env/lib/python3.9/site-packages/airflow/example_dags/example_python_operator.py for tasks to queue
[2023-03-22T14:55:22.092-0400] {logging_mixin.py:137} INFO - [2023-03-22T14:55:22.092-0400] {dagbag.py:538} INFO - Filling up the DagBag from /Users/sunanda/Downloads/airflow/py_env/lib/python3.9/site-packages/airflow/example_dags/example_python_operator.py
[2023-03-22T14:55:22.111-0400] {logging_mixin.py:137} INFO - [2023-03-22T14:55:22.111-0400] {taskmixin.py:205} WARNING - Dependency <Task(_PythonDecoratedOperator): print_the_context>, log_sql_query already registered for DAG: example_python_operator
[2023-03-22T14:55:22.111-0400] {logging_mixin.py:137} INFO - [2023-03-22T14:55:22.111-0400] {taskmixin.py:205} WARNING - Dependency <Task(_PythonDecoratedOperator): log_sql_query>, print_the_context already registered for DAG: example_python_operator
[2023-03-22T14:55:22.112-0400] {logging_mixin.py:137} INFO - [2023-03-22T14:55:22.111-0400] {taskmixin.py:205} WARNING - Dependency <Task(_PythonDecoratedOperator): print_the_context>, log_sql_query already registered for DAG: example_python_operator
[2023-03-22T14:55:22.112-0400] {logging_mixin.py:137} INFO - [2023-03-22T14:55:22.112-0400] {taskmixin.py:205} WARNING - Dependency <Task(_PythonDecoratedOperator): log_sql_query>, print_the_context already registered for DAG: example_python_operator
[2023-03-22T14:55:22.112-0400] {logging_mixin.py:137} INFO - [2023-03-22T14:55:22.112-0400] {taskmixin.py:205} WARNING - Dependency <Task(_PythonDecoratedOperator): print_the_context>, log_sql_query already registered for DAG: example_python_operator
[2023-03-22T14:55:22.112-0400] {logging_mixin.py:137} INFO - [2023-03-22T14:55:22.112-0400] {taskmixin.py:205} WARNING - Dependency <Task(_PythonDecoratedOperator): log_sql_query>, print_the_context already registered for DAG: example_python_operator
[2023-03-22T14:55:22.112-0400] {logging_mixin.py:137} INFO - [2023-03-22T14:55:22.112-0400] {taskmixin.py:205} WARNING - Dependency <Task(_PythonDecoratedOperator): print_the_context>, log_sql_query already registered for DAG: example_python_operator
[2023-03-22T14:55:22.112-0400] {logging_mixin.py:137} INFO - [2023-03-22T14:55:22.112-0400] {taskmixin.py:205} WARNING - Dependency <Task(_PythonDecoratedOperator): log_sql_query>, print_the_context already registered for DAG: example_python_operator
[2023-03-22T14:55:22.115-0400] {processor.py:753} INFO - DAG(s) dict_keys(['example_python_operator']) retrieved from /Users/sunanda/Downloads/airflow/py_env/lib/python3.9/site-packages/airflow/example_dags/example_python_operator.py
[2023-03-22T14:55:22.321-0400] {logging_mixin.py:137} INFO - [2023-03-22T14:55:22.321-0400] {dag.py:2690} INFO - Sync 1 DAGs
[2023-03-22T14:55:22.328-0400] {logging_mixin.py:137} INFO - [2023-03-22T14:55:22.328-0400] {dag.py:3437} INFO - Setting next_dagrun for example_python_operator to None, run_after=None
[2023-03-22T14:55:22.337-0400] {processor.py:175} INFO - Processing /Users/sunanda/Downloads/airflow/py_env/lib/python3.9/site-packages/airflow/example_dags/example_python_operator.py took 0.247 seconds
[2023-03-22T14:56:41.575-0400] {processor.py:153} INFO - Started process (PID=69827) to work on /Users/sunanda/Downloads/airflow/py_env/lib/python3.9/site-packages/airflow/example_dags/example_python_operator.py
[2023-03-22T14:56:41.578-0400] {processor.py:743} INFO - Processing file /Users/sunanda/Downloads/airflow/py_env/lib/python3.9/site-packages/airflow/example_dags/example_python_operator.py for tasks to queue
[2023-03-22T14:56:41.578-0400] {logging_mixin.py:137} INFO - [2023-03-22T14:56:41.578-0400] {dagbag.py:538} INFO - Filling up the DagBag from /Users/sunanda/Downloads/airflow/py_env/lib/python3.9/site-packages/airflow/example_dags/example_python_operator.py
[2023-03-22T14:56:41.597-0400] {logging_mixin.py:137} INFO - [2023-03-22T14:56:41.596-0400] {taskmixin.py:205} WARNING - Dependency <Task(_PythonDecoratedOperator): print_the_context>, log_sql_query already registered for DAG: example_python_operator
[2023-03-22T14:56:41.597-0400] {logging_mixin.py:137} INFO - [2023-03-22T14:56:41.597-0400] {taskmixin.py:205} WARNING - Dependency <Task(_PythonDecoratedOperator): log_sql_query>, print_the_context already registered for DAG: example_python_operator
[2023-03-22T14:56:41.597-0400] {logging_mixin.py:137} INFO - [2023-03-22T14:56:41.597-0400] {taskmixin.py:205} WARNING - Dependency <Task(_PythonDecoratedOperator): print_the_context>, log_sql_query already registered for DAG: example_python_operator
[2023-03-22T14:56:41.597-0400] {logging_mixin.py:137} INFO - [2023-03-22T14:56:41.597-0400] {taskmixin.py:205} WARNING - Dependency <Task(_PythonDecoratedOperator): log_sql_query>, print_the_context already registered for DAG: example_python_operator
[2023-03-22T14:56:41.597-0400] {logging_mixin.py:137} INFO - [2023-03-22T14:56:41.597-0400] {taskmixin.py:205} WARNING - Dependency <Task(_PythonDecoratedOperator): print_the_context>, log_sql_query already registered for DAG: example_python_operator
[2023-03-22T14:56:41.597-0400] {logging_mixin.py:137} INFO - [2023-03-22T14:56:41.597-0400] {taskmixin.py:205} WARNING - Dependency <Task(_PythonDecoratedOperator): log_sql_query>, print_the_context already registered for DAG: example_python_operator
[2023-03-22T14:56:41.598-0400] {logging_mixin.py:137} INFO - [2023-03-22T14:56:41.598-0400] {taskmixin.py:205} WARNING - Dependency <Task(_PythonDecoratedOperator): print_the_context>, log_sql_query already registered for DAG: example_python_operator
[2023-03-22T14:56:41.598-0400] {logging_mixin.py:137} INFO - [2023-03-22T14:56:41.598-0400] {taskmixin.py:205} WARNING - Dependency <Task(_PythonDecoratedOperator): log_sql_query>, print_the_context already registered for DAG: example_python_operator
[2023-03-22T14:56:41.601-0400] {processor.py:753} INFO - DAG(s) dict_keys(['example_python_operator']) retrieved from /Users/sunanda/Downloads/airflow/py_env/lib/python3.9/site-packages/airflow/example_dags/example_python_operator.py
[2023-03-22T14:56:41.806-0400] {logging_mixin.py:137} INFO - [2023-03-22T14:56:41.806-0400] {dag.py:2690} INFO - Sync 1 DAGs
[2023-03-22T14:56:41.813-0400] {logging_mixin.py:137} INFO - [2023-03-22T14:56:41.813-0400] {dag.py:3437} INFO - Setting next_dagrun for example_python_operator to None, run_after=None
[2023-03-22T14:56:41.821-0400] {processor.py:175} INFO - Processing /Users/sunanda/Downloads/airflow/py_env/lib/python3.9/site-packages/airflow/example_dags/example_python_operator.py took 0.247 seconds
[2023-03-22T14:58:03.899-0400] {processor.py:153} INFO - Started process (PID=69956) to work on /Users/sunanda/Downloads/airflow/py_env/lib/python3.9/site-packages/airflow/example_dags/example_python_operator.py
[2023-03-22T14:58:03.904-0400] {processor.py:743} INFO - Processing file /Users/sunanda/Downloads/airflow/py_env/lib/python3.9/site-packages/airflow/example_dags/example_python_operator.py for tasks to queue
[2023-03-22T14:58:03.904-0400] {logging_mixin.py:137} INFO - [2023-03-22T14:58:03.904-0400] {dagbag.py:538} INFO - Filling up the DagBag from /Users/sunanda/Downloads/airflow/py_env/lib/python3.9/site-packages/airflow/example_dags/example_python_operator.py
[2023-03-22T14:58:03.924-0400] {logging_mixin.py:137} INFO - [2023-03-22T14:58:03.924-0400] {taskmixin.py:205} WARNING - Dependency <Task(_PythonDecoratedOperator): print_the_context>, log_sql_query already registered for DAG: example_python_operator
[2023-03-22T14:58:03.924-0400] {logging_mixin.py:137} INFO - [2023-03-22T14:58:03.924-0400] {taskmixin.py:205} WARNING - Dependency <Task(_PythonDecoratedOperator): log_sql_query>, print_the_context already registered for DAG: example_python_operator
[2023-03-22T14:58:03.924-0400] {logging_mixin.py:137} INFO - [2023-03-22T14:58:03.924-0400] {taskmixin.py:205} WARNING - Dependency <Task(_PythonDecoratedOperator): print_the_context>, log_sql_query already registered for DAG: example_python_operator
[2023-03-22T14:58:03.924-0400] {logging_mixin.py:137} INFO - [2023-03-22T14:58:03.924-0400] {taskmixin.py:205} WARNING - Dependency <Task(_PythonDecoratedOperator): log_sql_query>, print_the_context already registered for DAG: example_python_operator
[2023-03-22T14:58:03.925-0400] {logging_mixin.py:137} INFO - [2023-03-22T14:58:03.924-0400] {taskmixin.py:205} WARNING - Dependency <Task(_PythonDecoratedOperator): print_the_context>, log_sql_query already registered for DAG: example_python_operator
[2023-03-22T14:58:03.925-0400] {logging_mixin.py:137} INFO - [2023-03-22T14:58:03.925-0400] {taskmixin.py:205} WARNING - Dependency <Task(_PythonDecoratedOperator): log_sql_query>, print_the_context already registered for DAG: example_python_operator
[2023-03-22T14:58:03.925-0400] {logging_mixin.py:137} INFO - [2023-03-22T14:58:03.925-0400] {taskmixin.py:205} WARNING - Dependency <Task(_PythonDecoratedOperator): print_the_context>, log_sql_query already registered for DAG: example_python_operator
[2023-03-22T14:58:03.925-0400] {logging_mixin.py:137} INFO - [2023-03-22T14:58:03.925-0400] {taskmixin.py:205} WARNING - Dependency <Task(_PythonDecoratedOperator): log_sql_query>, print_the_context already registered for DAG: example_python_operator
[2023-03-22T14:58:03.929-0400] {processor.py:753} INFO - DAG(s) dict_keys(['example_python_operator']) retrieved from /Users/sunanda/Downloads/airflow/py_env/lib/python3.9/site-packages/airflow/example_dags/example_python_operator.py
[2023-03-22T14:58:04.170-0400] {logging_mixin.py:137} INFO - [2023-03-22T14:58:04.169-0400] {dag.py:2690} INFO - Sync 1 DAGs
[2023-03-22T14:58:04.178-0400] {logging_mixin.py:137} INFO - [2023-03-22T14:58:04.178-0400] {dag.py:3437} INFO - Setting next_dagrun for example_python_operator to None, run_after=None
[2023-03-22T14:58:04.187-0400] {processor.py:175} INFO - Processing /Users/sunanda/Downloads/airflow/py_env/lib/python3.9/site-packages/airflow/example_dags/example_python_operator.py took 0.289 seconds
[2023-03-22T14:59:31.038-0400] {processor.py:153} INFO - Started process (PID=70093) to work on /Users/sunanda/Downloads/airflow/py_env/lib/python3.9/site-packages/airflow/example_dags/example_python_operator.py
[2023-03-22T14:59:31.040-0400] {processor.py:743} INFO - Processing file /Users/sunanda/Downloads/airflow/py_env/lib/python3.9/site-packages/airflow/example_dags/example_python_operator.py for tasks to queue
[2023-03-22T14:59:31.041-0400] {logging_mixin.py:137} INFO - [2023-03-22T14:59:31.040-0400] {dagbag.py:538} INFO - Filling up the DagBag from /Users/sunanda/Downloads/airflow/py_env/lib/python3.9/site-packages/airflow/example_dags/example_python_operator.py
[2023-03-22T14:59:31.060-0400] {logging_mixin.py:137} INFO - [2023-03-22T14:59:31.059-0400] {taskmixin.py:205} WARNING - Dependency <Task(_PythonDecoratedOperator): print_the_context>, log_sql_query already registered for DAG: example_python_operator
[2023-03-22T14:59:31.060-0400] {logging_mixin.py:137} INFO - [2023-03-22T14:59:31.060-0400] {taskmixin.py:205} WARNING - Dependency <Task(_PythonDecoratedOperator): log_sql_query>, print_the_context already registered for DAG: example_python_operator
[2023-03-22T14:59:31.060-0400] {logging_mixin.py:137} INFO - [2023-03-22T14:59:31.060-0400] {taskmixin.py:205} WARNING - Dependency <Task(_PythonDecoratedOperator): print_the_context>, log_sql_query already registered for DAG: example_python_operator
[2023-03-22T14:59:31.060-0400] {logging_mixin.py:137} INFO - [2023-03-22T14:59:31.060-0400] {taskmixin.py:205} WARNING - Dependency <Task(_PythonDecoratedOperator): log_sql_query>, print_the_context already registered for DAG: example_python_operator
[2023-03-22T14:59:31.060-0400] {logging_mixin.py:137} INFO - [2023-03-22T14:59:31.060-0400] {taskmixin.py:205} WARNING - Dependency <Task(_PythonDecoratedOperator): print_the_context>, log_sql_query already registered for DAG: example_python_operator
[2023-03-22T14:59:31.060-0400] {logging_mixin.py:137} INFO - [2023-03-22T14:59:31.060-0400] {taskmixin.py:205} WARNING - Dependency <Task(_PythonDecoratedOperator): log_sql_query>, print_the_context already registered for DAG: example_python_operator
[2023-03-22T14:59:31.060-0400] {logging_mixin.py:137} INFO - [2023-03-22T14:59:31.060-0400] {taskmixin.py:205} WARNING - Dependency <Task(_PythonDecoratedOperator): print_the_context>, log_sql_query already registered for DAG: example_python_operator
[2023-03-22T14:59:31.060-0400] {logging_mixin.py:137} INFO - [2023-03-22T14:59:31.060-0400] {taskmixin.py:205} WARNING - Dependency <Task(_PythonDecoratedOperator): log_sql_query>, print_the_context already registered for DAG: example_python_operator
[2023-03-22T14:59:31.064-0400] {processor.py:753} INFO - DAG(s) dict_keys(['example_python_operator']) retrieved from /Users/sunanda/Downloads/airflow/py_env/lib/python3.9/site-packages/airflow/example_dags/example_python_operator.py
[2023-03-22T14:59:31.288-0400] {logging_mixin.py:137} INFO - [2023-03-22T14:59:31.288-0400] {dag.py:2690} INFO - Sync 1 DAGs
[2023-03-22T14:59:31.296-0400] {logging_mixin.py:137} INFO - [2023-03-22T14:59:31.296-0400] {dag.py:3437} INFO - Setting next_dagrun for example_python_operator to None, run_after=None
[2023-03-22T14:59:31.305-0400] {processor.py:175} INFO - Processing /Users/sunanda/Downloads/airflow/py_env/lib/python3.9/site-packages/airflow/example_dags/example_python_operator.py took 0.267 seconds
[2023-03-22T15:00:56.575-0400] {processor.py:153} INFO - Started process (PID=70228) to work on /Users/sunanda/Downloads/airflow/py_env/lib/python3.9/site-packages/airflow/example_dags/example_python_operator.py
[2023-03-22T15:00:56.577-0400] {processor.py:743} INFO - Processing file /Users/sunanda/Downloads/airflow/py_env/lib/python3.9/site-packages/airflow/example_dags/example_python_operator.py for tasks to queue
[2023-03-22T15:00:56.577-0400] {logging_mixin.py:137} INFO - [2023-03-22T15:00:56.577-0400] {dagbag.py:538} INFO - Filling up the DagBag from /Users/sunanda/Downloads/airflow/py_env/lib/python3.9/site-packages/airflow/example_dags/example_python_operator.py
[2023-03-22T15:00:56.595-0400] {logging_mixin.py:137} INFO - [2023-03-22T15:00:56.595-0400] {taskmixin.py:205} WARNING - Dependency <Task(_PythonDecoratedOperator): print_the_context>, log_sql_query already registered for DAG: example_python_operator
[2023-03-22T15:00:56.595-0400] {logging_mixin.py:137} INFO - [2023-03-22T15:00:56.595-0400] {taskmixin.py:205} WARNING - Dependency <Task(_PythonDecoratedOperator): log_sql_query>, print_the_context already registered for DAG: example_python_operator
[2023-03-22T15:00:56.595-0400] {logging_mixin.py:137} INFO - [2023-03-22T15:00:56.595-0400] {taskmixin.py:205} WARNING - Dependency <Task(_PythonDecoratedOperator): print_the_context>, log_sql_query already registered for DAG: example_python_operator
[2023-03-22T15:00:56.595-0400] {logging_mixin.py:137} INFO - [2023-03-22T15:00:56.595-0400] {taskmixin.py:205} WARNING - Dependency <Task(_PythonDecoratedOperator): log_sql_query>, print_the_context already registered for DAG: example_python_operator
[2023-03-22T15:00:56.595-0400] {logging_mixin.py:137} INFO - [2023-03-22T15:00:56.595-0400] {taskmixin.py:205} WARNING - Dependency <Task(_PythonDecoratedOperator): print_the_context>, log_sql_query already registered for DAG: example_python_operator
[2023-03-22T15:00:56.595-0400] {logging_mixin.py:137} INFO - [2023-03-22T15:00:56.595-0400] {taskmixin.py:205} WARNING - Dependency <Task(_PythonDecoratedOperator): log_sql_query>, print_the_context already registered for DAG: example_python_operator
[2023-03-22T15:00:56.596-0400] {logging_mixin.py:137} INFO - [2023-03-22T15:00:56.596-0400] {taskmixin.py:205} WARNING - Dependency <Task(_PythonDecoratedOperator): print_the_context>, log_sql_query already registered for DAG: example_python_operator
[2023-03-22T15:00:56.596-0400] {logging_mixin.py:137} INFO - [2023-03-22T15:00:56.596-0400] {taskmixin.py:205} WARNING - Dependency <Task(_PythonDecoratedOperator): log_sql_query>, print_the_context already registered for DAG: example_python_operator
[2023-03-22T15:00:56.599-0400] {processor.py:753} INFO - DAG(s) dict_keys(['example_python_operator']) retrieved from /Users/sunanda/Downloads/airflow/py_env/lib/python3.9/site-packages/airflow/example_dags/example_python_operator.py
[2023-03-22T15:00:56.809-0400] {logging_mixin.py:137} INFO - [2023-03-22T15:00:56.808-0400] {dag.py:2690} INFO - Sync 1 DAGs
[2023-03-22T15:00:56.816-0400] {logging_mixin.py:137} INFO - [2023-03-22T15:00:56.816-0400] {dag.py:3437} INFO - Setting next_dagrun for example_python_operator to None, run_after=None
[2023-03-22T15:00:56.825-0400] {processor.py:175} INFO - Processing /Users/sunanda/Downloads/airflow/py_env/lib/python3.9/site-packages/airflow/example_dags/example_python_operator.py took 0.250 seconds
[2023-03-22T15:02:22.156-0400] {processor.py:153} INFO - Started process (PID=70366) to work on /Users/sunanda/Downloads/airflow/py_env/lib/python3.9/site-packages/airflow/example_dags/example_python_operator.py
[2023-03-22T15:02:22.160-0400] {processor.py:743} INFO - Processing file /Users/sunanda/Downloads/airflow/py_env/lib/python3.9/site-packages/airflow/example_dags/example_python_operator.py for tasks to queue
[2023-03-22T15:02:22.160-0400] {logging_mixin.py:137} INFO - [2023-03-22T15:02:22.160-0400] {dagbag.py:538} INFO - Filling up the DagBag from /Users/sunanda/Downloads/airflow/py_env/lib/python3.9/site-packages/airflow/example_dags/example_python_operator.py
[2023-03-22T15:02:22.178-0400] {logging_mixin.py:137} INFO - [2023-03-22T15:02:22.178-0400] {taskmixin.py:205} WARNING - Dependency <Task(_PythonDecoratedOperator): print_the_context>, log_sql_query already registered for DAG: example_python_operator
[2023-03-22T15:02:22.178-0400] {logging_mixin.py:137} INFO - [2023-03-22T15:02:22.178-0400] {taskmixin.py:205} WARNING - Dependency <Task(_PythonDecoratedOperator): log_sql_query>, print_the_context already registered for DAG: example_python_operator
[2023-03-22T15:02:22.179-0400] {logging_mixin.py:137} INFO - [2023-03-22T15:02:22.178-0400] {taskmixin.py:205} WARNING - Dependency <Task(_PythonDecoratedOperator): print_the_context>, log_sql_query already registered for DAG: example_python_operator
[2023-03-22T15:02:22.179-0400] {logging_mixin.py:137} INFO - [2023-03-22T15:02:22.179-0400] {taskmixin.py:205} WARNING - Dependency <Task(_PythonDecoratedOperator): log_sql_query>, print_the_context already registered for DAG: example_python_operator
[2023-03-22T15:02:22.179-0400] {logging_mixin.py:137} INFO - [2023-03-22T15:02:22.179-0400] {taskmixin.py:205} WARNING - Dependency <Task(_PythonDecoratedOperator): print_the_context>, log_sql_query already registered for DAG: example_python_operator
[2023-03-22T15:02:22.179-0400] {logging_mixin.py:137} INFO - [2023-03-22T15:02:22.179-0400] {taskmixin.py:205} WARNING - Dependency <Task(_PythonDecoratedOperator): log_sql_query>, print_the_context already registered for DAG: example_python_operator
[2023-03-22T15:02:22.179-0400] {logging_mixin.py:137} INFO - [2023-03-22T15:02:22.179-0400] {taskmixin.py:205} WARNING - Dependency <Task(_PythonDecoratedOperator): print_the_context>, log_sql_query already registered for DAG: example_python_operator
[2023-03-22T15:02:22.179-0400] {logging_mixin.py:137} INFO - [2023-03-22T15:02:22.179-0400] {taskmixin.py:205} WARNING - Dependency <Task(_PythonDecoratedOperator): log_sql_query>, print_the_context already registered for DAG: example_python_operator
[2023-03-22T15:02:22.182-0400] {processor.py:753} INFO - DAG(s) dict_keys(['example_python_operator']) retrieved from /Users/sunanda/Downloads/airflow/py_env/lib/python3.9/site-packages/airflow/example_dags/example_python_operator.py
[2023-03-22T15:02:22.395-0400] {logging_mixin.py:137} INFO - [2023-03-22T15:02:22.395-0400] {dag.py:2690} INFO - Sync 1 DAGs
[2023-03-22T15:02:22.403-0400] {logging_mixin.py:137} INFO - [2023-03-22T15:02:22.403-0400] {dag.py:3437} INFO - Setting next_dagrun for example_python_operator to None, run_after=None
[2023-03-22T15:02:22.410-0400] {processor.py:175} INFO - Processing /Users/sunanda/Downloads/airflow/py_env/lib/python3.9/site-packages/airflow/example_dags/example_python_operator.py took 0.254 seconds
[2023-03-22T15:03:48.544-0400] {processor.py:153} INFO - Started process (PID=70510) to work on /Users/sunanda/Downloads/airflow/py_env/lib/python3.9/site-packages/airflow/example_dags/example_python_operator.py
[2023-03-22T15:03:48.546-0400] {processor.py:743} INFO - Processing file /Users/sunanda/Downloads/airflow/py_env/lib/python3.9/site-packages/airflow/example_dags/example_python_operator.py for tasks to queue
[2023-03-22T15:03:48.546-0400] {logging_mixin.py:137} INFO - [2023-03-22T15:03:48.546-0400] {dagbag.py:538} INFO - Filling up the DagBag from /Users/sunanda/Downloads/airflow/py_env/lib/python3.9/site-packages/airflow/example_dags/example_python_operator.py
[2023-03-22T15:03:48.564-0400] {logging_mixin.py:137} INFO - [2023-03-22T15:03:48.564-0400] {taskmixin.py:205} WARNING - Dependency <Task(_PythonDecoratedOperator): print_the_context>, log_sql_query already registered for DAG: example_python_operator
[2023-03-22T15:03:48.564-0400] {logging_mixin.py:137} INFO - [2023-03-22T15:03:48.564-0400] {taskmixin.py:205} WARNING - Dependency <Task(_PythonDecoratedOperator): log_sql_query>, print_the_context already registered for DAG: example_python_operator
[2023-03-22T15:03:48.564-0400] {logging_mixin.py:137} INFO - [2023-03-22T15:03:48.564-0400] {taskmixin.py:205} WARNING - Dependency <Task(_PythonDecoratedOperator): print_the_context>, log_sql_query already registered for DAG: example_python_operator
[2023-03-22T15:03:48.564-0400] {logging_mixin.py:137} INFO - [2023-03-22T15:03:48.564-0400] {taskmixin.py:205} WARNING - Dependency <Task(_PythonDecoratedOperator): log_sql_query>, print_the_context already registered for DAG: example_python_operator
[2023-03-22T15:03:48.565-0400] {logging_mixin.py:137} INFO - [2023-03-22T15:03:48.565-0400] {taskmixin.py:205} WARNING - Dependency <Task(_PythonDecoratedOperator): print_the_context>, log_sql_query already registered for DAG: example_python_operator
[2023-03-22T15:03:48.565-0400] {logging_mixin.py:137} INFO - [2023-03-22T15:03:48.565-0400] {taskmixin.py:205} WARNING - Dependency <Task(_PythonDecoratedOperator): log_sql_query>, print_the_context already registered for DAG: example_python_operator
[2023-03-22T15:03:48.565-0400] {logging_mixin.py:137} INFO - [2023-03-22T15:03:48.565-0400] {taskmixin.py:205} WARNING - Dependency <Task(_PythonDecoratedOperator): print_the_context>, log_sql_query already registered for DAG: example_python_operator
[2023-03-22T15:03:48.565-0400] {logging_mixin.py:137} INFO - [2023-03-22T15:03:48.565-0400] {taskmixin.py:205} WARNING - Dependency <Task(_PythonDecoratedOperator): log_sql_query>, print_the_context already registered for DAG: example_python_operator
[2023-03-22T15:03:48.568-0400] {processor.py:753} INFO - DAG(s) dict_keys(['example_python_operator']) retrieved from /Users/sunanda/Downloads/airflow/py_env/lib/python3.9/site-packages/airflow/example_dags/example_python_operator.py
[2023-03-22T15:03:48.780-0400] {logging_mixin.py:137} INFO - [2023-03-22T15:03:48.779-0400] {dag.py:2690} INFO - Sync 1 DAGs
[2023-03-22T15:03:48.787-0400] {logging_mixin.py:137} INFO - [2023-03-22T15:03:48.787-0400] {dag.py:3437} INFO - Setting next_dagrun for example_python_operator to None, run_after=None
[2023-03-22T15:03:48.794-0400] {processor.py:175} INFO - Processing /Users/sunanda/Downloads/airflow/py_env/lib/python3.9/site-packages/airflow/example_dags/example_python_operator.py took 0.250 seconds
[2023-03-22T15:05:06.932-0400] {processor.py:153} INFO - Started process (PID=70649) to work on /Users/sunanda/Downloads/airflow/py_env/lib/python3.9/site-packages/airflow/example_dags/example_python_operator.py
[2023-03-22T15:05:06.934-0400] {processor.py:743} INFO - Processing file /Users/sunanda/Downloads/airflow/py_env/lib/python3.9/site-packages/airflow/example_dags/example_python_operator.py for tasks to queue
[2023-03-22T15:05:06.934-0400] {logging_mixin.py:137} INFO - [2023-03-22T15:05:06.934-0400] {dagbag.py:538} INFO - Filling up the DagBag from /Users/sunanda/Downloads/airflow/py_env/lib/python3.9/site-packages/airflow/example_dags/example_python_operator.py
[2023-03-22T15:05:06.951-0400] {logging_mixin.py:137} INFO - [2023-03-22T15:05:06.951-0400] {taskmixin.py:205} WARNING - Dependency <Task(_PythonDecoratedOperator): print_the_context>, log_sql_query already registered for DAG: example_python_operator
[2023-03-22T15:05:06.951-0400] {logging_mixin.py:137} INFO - [2023-03-22T15:05:06.951-0400] {taskmixin.py:205} WARNING - Dependency <Task(_PythonDecoratedOperator): log_sql_query>, print_the_context already registered for DAG: example_python_operator
[2023-03-22T15:05:06.951-0400] {logging_mixin.py:137} INFO - [2023-03-22T15:05:06.951-0400] {taskmixin.py:205} WARNING - Dependency <Task(_PythonDecoratedOperator): print_the_context>, log_sql_query already registered for DAG: example_python_operator
[2023-03-22T15:05:06.951-0400] {logging_mixin.py:137} INFO - [2023-03-22T15:05:06.951-0400] {taskmixin.py:205} WARNING - Dependency <Task(_PythonDecoratedOperator): log_sql_query>, print_the_context already registered for DAG: example_python_operator
[2023-03-22T15:05:06.952-0400] {logging_mixin.py:137} INFO - [2023-03-22T15:05:06.952-0400] {taskmixin.py:205} WARNING - Dependency <Task(_PythonDecoratedOperator): print_the_context>, log_sql_query already registered for DAG: example_python_operator
[2023-03-22T15:05:06.952-0400] {logging_mixin.py:137} INFO - [2023-03-22T15:05:06.952-0400] {taskmixin.py:205} WARNING - Dependency <Task(_PythonDecoratedOperator): log_sql_query>, print_the_context already registered for DAG: example_python_operator
[2023-03-22T15:05:06.952-0400] {logging_mixin.py:137} INFO - [2023-03-22T15:05:06.952-0400] {taskmixin.py:205} WARNING - Dependency <Task(_PythonDecoratedOperator): print_the_context>, log_sql_query already registered for DAG: example_python_operator
[2023-03-22T15:05:06.952-0400] {logging_mixin.py:137} INFO - [2023-03-22T15:05:06.952-0400] {taskmixin.py:205} WARNING - Dependency <Task(_PythonDecoratedOperator): log_sql_query>, print_the_context already registered for DAG: example_python_operator
[2023-03-22T15:05:06.955-0400] {processor.py:753} INFO - DAG(s) dict_keys(['example_python_operator']) retrieved from /Users/sunanda/Downloads/airflow/py_env/lib/python3.9/site-packages/airflow/example_dags/example_python_operator.py
[2023-03-22T15:05:07.163-0400] {logging_mixin.py:137} INFO - [2023-03-22T15:05:07.163-0400] {dag.py:2690} INFO - Sync 1 DAGs
[2023-03-22T15:05:07.170-0400] {logging_mixin.py:137} INFO - [2023-03-22T15:05:07.170-0400] {dag.py:3437} INFO - Setting next_dagrun for example_python_operator to None, run_after=None
[2023-03-22T15:05:07.178-0400] {processor.py:175} INFO - Processing /Users/sunanda/Downloads/airflow/py_env/lib/python3.9/site-packages/airflow/example_dags/example_python_operator.py took 0.247 seconds
[2023-03-22T16:18:59.627-0400] {processor.py:153} INFO - Started process (PID=74903) to work on /Users/sunanda/Downloads/airflow/py_env/lib/python3.9/site-packages/airflow/example_dags/example_python_operator.py
[2023-03-22T16:18:59.630-0400] {processor.py:743} INFO - Processing file /Users/sunanda/Downloads/airflow/py_env/lib/python3.9/site-packages/airflow/example_dags/example_python_operator.py for tasks to queue
[2023-03-22T16:18:59.631-0400] {logging_mixin.py:137} INFO - [2023-03-22T16:18:59.631-0400] {dagbag.py:538} INFO - Filling up the DagBag from /Users/sunanda/Downloads/airflow/py_env/lib/python3.9/site-packages/airflow/example_dags/example_python_operator.py
[2023-03-22T16:18:59.649-0400] {logging_mixin.py:137} INFO - [2023-03-22T16:18:59.649-0400] {taskmixin.py:205} WARNING - Dependency <Task(_PythonDecoratedOperator): print_the_context>, log_sql_query already registered for DAG: example_python_operator
[2023-03-22T16:18:59.649-0400] {logging_mixin.py:137} INFO - [2023-03-22T16:18:59.649-0400] {taskmixin.py:205} WARNING - Dependency <Task(_PythonDecoratedOperator): log_sql_query>, print_the_context already registered for DAG: example_python_operator
[2023-03-22T16:18:59.650-0400] {logging_mixin.py:137} INFO - [2023-03-22T16:18:59.650-0400] {taskmixin.py:205} WARNING - Dependency <Task(_PythonDecoratedOperator): print_the_context>, log_sql_query already registered for DAG: example_python_operator
[2023-03-22T16:18:59.650-0400] {logging_mixin.py:137} INFO - [2023-03-22T16:18:59.650-0400] {taskmixin.py:205} WARNING - Dependency <Task(_PythonDecoratedOperator): log_sql_query>, print_the_context already registered for DAG: example_python_operator
[2023-03-22T16:18:59.650-0400] {logging_mixin.py:137} INFO - [2023-03-22T16:18:59.650-0400] {taskmixin.py:205} WARNING - Dependency <Task(_PythonDecoratedOperator): print_the_context>, log_sql_query already registered for DAG: example_python_operator
[2023-03-22T16:18:59.650-0400] {logging_mixin.py:137} INFO - [2023-03-22T16:18:59.650-0400] {taskmixin.py:205} WARNING - Dependency <Task(_PythonDecoratedOperator): log_sql_query>, print_the_context already registered for DAG: example_python_operator
[2023-03-22T16:18:59.650-0400] {logging_mixin.py:137} INFO - [2023-03-22T16:18:59.650-0400] {taskmixin.py:205} WARNING - Dependency <Task(_PythonDecoratedOperator): print_the_context>, log_sql_query already registered for DAG: example_python_operator
[2023-03-22T16:18:59.651-0400] {logging_mixin.py:137} INFO - [2023-03-22T16:18:59.651-0400] {taskmixin.py:205} WARNING - Dependency <Task(_PythonDecoratedOperator): log_sql_query>, print_the_context already registered for DAG: example_python_operator
[2023-03-22T16:18:59.654-0400] {processor.py:753} INFO - DAG(s) dict_keys(['example_python_operator']) retrieved from /Users/sunanda/Downloads/airflow/py_env/lib/python3.9/site-packages/airflow/example_dags/example_python_operator.py
[2023-03-22T16:19:00.189-0400] {logging_mixin.py:137} INFO - [2023-03-22T16:19:00.189-0400] {dag.py:2690} INFO - Sync 1 DAGs
[2023-03-22T16:19:00.196-0400] {logging_mixin.py:137} INFO - [2023-03-22T16:19:00.196-0400] {dag.py:3437} INFO - Setting next_dagrun for example_python_operator to None, run_after=None
[2023-03-22T16:19:00.204-0400] {processor.py:175} INFO - Processing /Users/sunanda/Downloads/airflow/py_env/lib/python3.9/site-packages/airflow/example_dags/example_python_operator.py took 0.578 seconds
[2023-03-22T19:11:36.055-0400] {processor.py:153} INFO - Started process (PID=3801) to work on /Users/sunanda/Downloads/airflow/py_env/lib/python3.9/site-packages/airflow/example_dags/example_python_operator.py
[2023-03-22T19:11:36.058-0400] {processor.py:743} INFO - Processing file /Users/sunanda/Downloads/airflow/py_env/lib/python3.9/site-packages/airflow/example_dags/example_python_operator.py for tasks to queue
[2023-03-22T19:11:36.058-0400] {logging_mixin.py:137} INFO - [2023-03-22T19:11:36.058-0400] {dagbag.py:538} INFO - Filling up the DagBag from /Users/sunanda/Downloads/airflow/py_env/lib/python3.9/site-packages/airflow/example_dags/example_python_operator.py
[2023-03-22T19:11:36.075-0400] {logging_mixin.py:137} INFO - [2023-03-22T19:11:36.075-0400] {taskmixin.py:205} WARNING - Dependency <Task(_PythonDecoratedOperator): print_the_context>, log_sql_query already registered for DAG: example_python_operator
[2023-03-22T19:11:36.075-0400] {logging_mixin.py:137} INFO - [2023-03-22T19:11:36.075-0400] {taskmixin.py:205} WARNING - Dependency <Task(_PythonDecoratedOperator): log_sql_query>, print_the_context already registered for DAG: example_python_operator
[2023-03-22T19:11:36.076-0400] {logging_mixin.py:137} INFO - [2023-03-22T19:11:36.075-0400] {taskmixin.py:205} WARNING - Dependency <Task(_PythonDecoratedOperator): print_the_context>, log_sql_query already registered for DAG: example_python_operator
[2023-03-22T19:11:36.076-0400] {logging_mixin.py:137} INFO - [2023-03-22T19:11:36.076-0400] {taskmixin.py:205} WARNING - Dependency <Task(_PythonDecoratedOperator): log_sql_query>, print_the_context already registered for DAG: example_python_operator
[2023-03-22T19:11:36.076-0400] {logging_mixin.py:137} INFO - [2023-03-22T19:11:36.076-0400] {taskmixin.py:205} WARNING - Dependency <Task(_PythonDecoratedOperator): print_the_context>, log_sql_query already registered for DAG: example_python_operator
[2023-03-22T19:11:36.076-0400] {logging_mixin.py:137} INFO - [2023-03-22T19:11:36.076-0400] {taskmixin.py:205} WARNING - Dependency <Task(_PythonDecoratedOperator): log_sql_query>, print_the_context already registered for DAG: example_python_operator
[2023-03-22T19:11:36.076-0400] {logging_mixin.py:137} INFO - [2023-03-22T19:11:36.076-0400] {taskmixin.py:205} WARNING - Dependency <Task(_PythonDecoratedOperator): print_the_context>, log_sql_query already registered for DAG: example_python_operator
[2023-03-22T19:11:36.076-0400] {logging_mixin.py:137} INFO - [2023-03-22T19:11:36.076-0400] {taskmixin.py:205} WARNING - Dependency <Task(_PythonDecoratedOperator): log_sql_query>, print_the_context already registered for DAG: example_python_operator
[2023-03-22T19:11:36.079-0400] {processor.py:753} INFO - DAG(s) dict_keys(['example_python_operator']) retrieved from /Users/sunanda/Downloads/airflow/py_env/lib/python3.9/site-packages/airflow/example_dags/example_python_operator.py
[2023-03-22T19:11:36.280-0400] {logging_mixin.py:137} INFO - [2023-03-22T19:11:36.280-0400] {dag.py:2690} INFO - Sync 1 DAGs
[2023-03-22T19:11:36.287-0400] {logging_mixin.py:137} INFO - [2023-03-22T19:11:36.287-0400] {dag.py:3437} INFO - Setting next_dagrun for example_python_operator to None, run_after=None
[2023-03-22T19:11:36.294-0400] {processor.py:175} INFO - Processing /Users/sunanda/Downloads/airflow/py_env/lib/python3.9/site-packages/airflow/example_dags/example_python_operator.py took 0.239 seconds
[2023-03-22T19:12:48.919-0400] {processor.py:153} INFO - Started process (PID=3912) to work on /Users/sunanda/Downloads/airflow/py_env/lib/python3.9/site-packages/airflow/example_dags/example_python_operator.py
[2023-03-22T19:12:48.922-0400] {processor.py:743} INFO - Processing file /Users/sunanda/Downloads/airflow/py_env/lib/python3.9/site-packages/airflow/example_dags/example_python_operator.py for tasks to queue
[2023-03-22T19:12:48.922-0400] {logging_mixin.py:137} INFO - [2023-03-22T19:12:48.922-0400] {dagbag.py:538} INFO - Filling up the DagBag from /Users/sunanda/Downloads/airflow/py_env/lib/python3.9/site-packages/airflow/example_dags/example_python_operator.py
[2023-03-22T19:12:48.939-0400] {logging_mixin.py:137} INFO - [2023-03-22T19:12:48.939-0400] {taskmixin.py:205} WARNING - Dependency <Task(_PythonDecoratedOperator): print_the_context>, log_sql_query already registered for DAG: example_python_operator
[2023-03-22T19:12:48.939-0400] {logging_mixin.py:137} INFO - [2023-03-22T19:12:48.939-0400] {taskmixin.py:205} WARNING - Dependency <Task(_PythonDecoratedOperator): log_sql_query>, print_the_context already registered for DAG: example_python_operator
[2023-03-22T19:12:48.940-0400] {logging_mixin.py:137} INFO - [2023-03-22T19:12:48.940-0400] {taskmixin.py:205} WARNING - Dependency <Task(_PythonDecoratedOperator): print_the_context>, log_sql_query already registered for DAG: example_python_operator
[2023-03-22T19:12:48.940-0400] {logging_mixin.py:137} INFO - [2023-03-22T19:12:48.940-0400] {taskmixin.py:205} WARNING - Dependency <Task(_PythonDecoratedOperator): log_sql_query>, print_the_context already registered for DAG: example_python_operator
[2023-03-22T19:12:48.940-0400] {logging_mixin.py:137} INFO - [2023-03-22T19:12:48.940-0400] {taskmixin.py:205} WARNING - Dependency <Task(_PythonDecoratedOperator): print_the_context>, log_sql_query already registered for DAG: example_python_operator
[2023-03-22T19:12:48.940-0400] {logging_mixin.py:137} INFO - [2023-03-22T19:12:48.940-0400] {taskmixin.py:205} WARNING - Dependency <Task(_PythonDecoratedOperator): log_sql_query>, print_the_context already registered for DAG: example_python_operator
[2023-03-22T19:12:48.940-0400] {logging_mixin.py:137} INFO - [2023-03-22T19:12:48.940-0400] {taskmixin.py:205} WARNING - Dependency <Task(_PythonDecoratedOperator): print_the_context>, log_sql_query already registered for DAG: example_python_operator
[2023-03-22T19:12:48.940-0400] {logging_mixin.py:137} INFO - [2023-03-22T19:12:48.940-0400] {taskmixin.py:205} WARNING - Dependency <Task(_PythonDecoratedOperator): log_sql_query>, print_the_context already registered for DAG: example_python_operator
[2023-03-22T19:12:48.943-0400] {processor.py:753} INFO - DAG(s) dict_keys(['example_python_operator']) retrieved from /Users/sunanda/Downloads/airflow/py_env/lib/python3.9/site-packages/airflow/example_dags/example_python_operator.py
[2023-03-22T19:12:49.150-0400] {logging_mixin.py:137} INFO - [2023-03-22T19:12:49.150-0400] {dag.py:2690} INFO - Sync 1 DAGs
[2023-03-22T19:12:49.158-0400] {logging_mixin.py:137} INFO - [2023-03-22T19:12:49.157-0400] {dag.py:3437} INFO - Setting next_dagrun for example_python_operator to None, run_after=None
[2023-03-22T19:12:49.165-0400] {processor.py:175} INFO - Processing /Users/sunanda/Downloads/airflow/py_env/lib/python3.9/site-packages/airflow/example_dags/example_python_operator.py took 0.246 seconds
[2023-03-22T19:24:27.602-0400] {processor.py:153} INFO - Started process (PID=4775) to work on /Users/sunanda/Downloads/airflow/py_env/lib/python3.9/site-packages/airflow/example_dags/example_python_operator.py
[2023-03-22T19:24:27.606-0400] {processor.py:743} INFO - Processing file /Users/sunanda/Downloads/airflow/py_env/lib/python3.9/site-packages/airflow/example_dags/example_python_operator.py for tasks to queue
[2023-03-22T19:24:27.606-0400] {logging_mixin.py:137} INFO - [2023-03-22T19:24:27.606-0400] {dagbag.py:538} INFO - Filling up the DagBag from /Users/sunanda/Downloads/airflow/py_env/lib/python3.9/site-packages/airflow/example_dags/example_python_operator.py
[2023-03-22T19:24:27.624-0400] {logging_mixin.py:137} INFO - [2023-03-22T19:24:27.623-0400] {taskmixin.py:205} WARNING - Dependency <Task(_PythonDecoratedOperator): print_the_context>, log_sql_query already registered for DAG: example_python_operator
[2023-03-22T19:24:27.624-0400] {logging_mixin.py:137} INFO - [2023-03-22T19:24:27.624-0400] {taskmixin.py:205} WARNING - Dependency <Task(_PythonDecoratedOperator): log_sql_query>, print_the_context already registered for DAG: example_python_operator
[2023-03-22T19:24:27.624-0400] {logging_mixin.py:137} INFO - [2023-03-22T19:24:27.624-0400] {taskmixin.py:205} WARNING - Dependency <Task(_PythonDecoratedOperator): print_the_context>, log_sql_query already registered for DAG: example_python_operator
[2023-03-22T19:24:27.624-0400] {logging_mixin.py:137} INFO - [2023-03-22T19:24:27.624-0400] {taskmixin.py:205} WARNING - Dependency <Task(_PythonDecoratedOperator): log_sql_query>, print_the_context already registered for DAG: example_python_operator
[2023-03-22T19:24:27.624-0400] {logging_mixin.py:137} INFO - [2023-03-22T19:24:27.624-0400] {taskmixin.py:205} WARNING - Dependency <Task(_PythonDecoratedOperator): print_the_context>, log_sql_query already registered for DAG: example_python_operator
[2023-03-22T19:24:27.624-0400] {logging_mixin.py:137} INFO - [2023-03-22T19:24:27.624-0400] {taskmixin.py:205} WARNING - Dependency <Task(_PythonDecoratedOperator): log_sql_query>, print_the_context already registered for DAG: example_python_operator
[2023-03-22T19:24:27.624-0400] {logging_mixin.py:137} INFO - [2023-03-22T19:24:27.624-0400] {taskmixin.py:205} WARNING - Dependency <Task(_PythonDecoratedOperator): print_the_context>, log_sql_query already registered for DAG: example_python_operator
[2023-03-22T19:24:27.625-0400] {logging_mixin.py:137} INFO - [2023-03-22T19:24:27.624-0400] {taskmixin.py:205} WARNING - Dependency <Task(_PythonDecoratedOperator): log_sql_query>, print_the_context already registered for DAG: example_python_operator
[2023-03-22T19:24:27.628-0400] {processor.py:753} INFO - DAG(s) dict_keys(['example_python_operator']) retrieved from /Users/sunanda/Downloads/airflow/py_env/lib/python3.9/site-packages/airflow/example_dags/example_python_operator.py
[2023-03-22T19:24:27.837-0400] {logging_mixin.py:137} INFO - [2023-03-22T19:24:27.837-0400] {dag.py:2690} INFO - Sync 1 DAGs
[2023-03-22T19:24:27.844-0400] {logging_mixin.py:137} INFO - [2023-03-22T19:24:27.844-0400] {dag.py:3437} INFO - Setting next_dagrun for example_python_operator to None, run_after=None
[2023-03-22T19:24:27.852-0400] {processor.py:175} INFO - Processing /Users/sunanda/Downloads/airflow/py_env/lib/python3.9/site-packages/airflow/example_dags/example_python_operator.py took 0.250 seconds
[2023-03-22T19:25:39.891-0400] {processor.py:153} INFO - Started process (PID=4887) to work on /Users/sunanda/Downloads/airflow/py_env/lib/python3.9/site-packages/airflow/example_dags/example_python_operator.py
[2023-03-22T19:25:39.894-0400] {processor.py:743} INFO - Processing file /Users/sunanda/Downloads/airflow/py_env/lib/python3.9/site-packages/airflow/example_dags/example_python_operator.py for tasks to queue
[2023-03-22T19:25:39.895-0400] {logging_mixin.py:137} INFO - [2023-03-22T19:25:39.895-0400] {dagbag.py:538} INFO - Filling up the DagBag from /Users/sunanda/Downloads/airflow/py_env/lib/python3.9/site-packages/airflow/example_dags/example_python_operator.py
[2023-03-22T19:25:39.912-0400] {logging_mixin.py:137} INFO - [2023-03-22T19:25:39.912-0400] {taskmixin.py:205} WARNING - Dependency <Task(_PythonDecoratedOperator): print_the_context>, log_sql_query already registered for DAG: example_python_operator
[2023-03-22T19:25:39.912-0400] {logging_mixin.py:137} INFO - [2023-03-22T19:25:39.912-0400] {taskmixin.py:205} WARNING - Dependency <Task(_PythonDecoratedOperator): log_sql_query>, print_the_context already registered for DAG: example_python_operator
[2023-03-22T19:25:39.913-0400] {logging_mixin.py:137} INFO - [2023-03-22T19:25:39.913-0400] {taskmixin.py:205} WARNING - Dependency <Task(_PythonDecoratedOperator): print_the_context>, log_sql_query already registered for DAG: example_python_operator
[2023-03-22T19:25:39.913-0400] {logging_mixin.py:137} INFO - [2023-03-22T19:25:39.913-0400] {taskmixin.py:205} WARNING - Dependency <Task(_PythonDecoratedOperator): log_sql_query>, print_the_context already registered for DAG: example_python_operator
[2023-03-22T19:25:39.913-0400] {logging_mixin.py:137} INFO - [2023-03-22T19:25:39.913-0400] {taskmixin.py:205} WARNING - Dependency <Task(_PythonDecoratedOperator): print_the_context>, log_sql_query already registered for DAG: example_python_operator
[2023-03-22T19:25:39.913-0400] {logging_mixin.py:137} INFO - [2023-03-22T19:25:39.913-0400] {taskmixin.py:205} WARNING - Dependency <Task(_PythonDecoratedOperator): log_sql_query>, print_the_context already registered for DAG: example_python_operator
[2023-03-22T19:25:39.913-0400] {logging_mixin.py:137} INFO - [2023-03-22T19:25:39.913-0400] {taskmixin.py:205} WARNING - Dependency <Task(_PythonDecoratedOperator): print_the_context>, log_sql_query already registered for DAG: example_python_operator
[2023-03-22T19:25:39.913-0400] {logging_mixin.py:137} INFO - [2023-03-22T19:25:39.913-0400] {taskmixin.py:205} WARNING - Dependency <Task(_PythonDecoratedOperator): log_sql_query>, print_the_context already registered for DAG: example_python_operator
[2023-03-22T19:25:39.916-0400] {processor.py:753} INFO - DAG(s) dict_keys(['example_python_operator']) retrieved from /Users/sunanda/Downloads/airflow/py_env/lib/python3.9/site-packages/airflow/example_dags/example_python_operator.py
[2023-03-22T19:25:40.127-0400] {logging_mixin.py:137} INFO - [2023-03-22T19:25:40.127-0400] {dag.py:2690} INFO - Sync 1 DAGs
[2023-03-22T19:25:40.134-0400] {logging_mixin.py:137} INFO - [2023-03-22T19:25:40.134-0400] {dag.py:3437} INFO - Setting next_dagrun for example_python_operator to None, run_after=None
[2023-03-22T19:25:40.142-0400] {processor.py:175} INFO - Processing /Users/sunanda/Downloads/airflow/py_env/lib/python3.9/site-packages/airflow/example_dags/example_python_operator.py took 0.251 seconds
[2023-03-22T19:27:02.753-0400] {processor.py:153} INFO - Started process (PID=5017) to work on /Users/sunanda/Downloads/airflow/py_env/lib/python3.9/site-packages/airflow/example_dags/example_python_operator.py
[2023-03-22T19:27:02.757-0400] {processor.py:743} INFO - Processing file /Users/sunanda/Downloads/airflow/py_env/lib/python3.9/site-packages/airflow/example_dags/example_python_operator.py for tasks to queue
[2023-03-22T19:27:02.757-0400] {logging_mixin.py:137} INFO - [2023-03-22T19:27:02.757-0400] {dagbag.py:538} INFO - Filling up the DagBag from /Users/sunanda/Downloads/airflow/py_env/lib/python3.9/site-packages/airflow/example_dags/example_python_operator.py
[2023-03-22T19:27:02.775-0400] {logging_mixin.py:137} INFO - [2023-03-22T19:27:02.775-0400] {taskmixin.py:205} WARNING - Dependency <Task(_PythonDecoratedOperator): print_the_context>, log_sql_query already registered for DAG: example_python_operator
[2023-03-22T19:27:02.775-0400] {logging_mixin.py:137} INFO - [2023-03-22T19:27:02.775-0400] {taskmixin.py:205} WARNING - Dependency <Task(_PythonDecoratedOperator): log_sql_query>, print_the_context already registered for DAG: example_python_operator
[2023-03-22T19:27:02.775-0400] {logging_mixin.py:137} INFO - [2023-03-22T19:27:02.775-0400] {taskmixin.py:205} WARNING - Dependency <Task(_PythonDecoratedOperator): print_the_context>, log_sql_query already registered for DAG: example_python_operator
[2023-03-22T19:27:02.775-0400] {logging_mixin.py:137} INFO - [2023-03-22T19:27:02.775-0400] {taskmixin.py:205} WARNING - Dependency <Task(_PythonDecoratedOperator): log_sql_query>, print_the_context already registered for DAG: example_python_operator
[2023-03-22T19:27:02.776-0400] {logging_mixin.py:137} INFO - [2023-03-22T19:27:02.775-0400] {taskmixin.py:205} WARNING - Dependency <Task(_PythonDecoratedOperator): print_the_context>, log_sql_query already registered for DAG: example_python_operator
[2023-03-22T19:27:02.776-0400] {logging_mixin.py:137} INFO - [2023-03-22T19:27:02.776-0400] {taskmixin.py:205} WARNING - Dependency <Task(_PythonDecoratedOperator): log_sql_query>, print_the_context already registered for DAG: example_python_operator
[2023-03-22T19:27:02.776-0400] {logging_mixin.py:137} INFO - [2023-03-22T19:27:02.776-0400] {taskmixin.py:205} WARNING - Dependency <Task(_PythonDecoratedOperator): print_the_context>, log_sql_query already registered for DAG: example_python_operator
[2023-03-22T19:27:02.776-0400] {logging_mixin.py:137} INFO - [2023-03-22T19:27:02.776-0400] {taskmixin.py:205} WARNING - Dependency <Task(_PythonDecoratedOperator): log_sql_query>, print_the_context already registered for DAG: example_python_operator
[2023-03-22T19:27:02.779-0400] {processor.py:753} INFO - DAG(s) dict_keys(['example_python_operator']) retrieved from /Users/sunanda/Downloads/airflow/py_env/lib/python3.9/site-packages/airflow/example_dags/example_python_operator.py
[2023-03-22T19:27:02.983-0400] {logging_mixin.py:137} INFO - [2023-03-22T19:27:02.983-0400] {dag.py:2690} INFO - Sync 1 DAGs
[2023-03-22T19:27:02.990-0400] {logging_mixin.py:137} INFO - [2023-03-22T19:27:02.990-0400] {dag.py:3437} INFO - Setting next_dagrun for example_python_operator to None, run_after=None
[2023-03-22T19:27:02.998-0400] {processor.py:175} INFO - Processing /Users/sunanda/Downloads/airflow/py_env/lib/python3.9/site-packages/airflow/example_dags/example_python_operator.py took 0.245 seconds
