[2023-03-22T14:54:29.185-0400] {processor.py:153} INFO - Started process (PID=69618) to work on /Users/sunanda/Downloads/airflow/py_env/lib/python3.9/site-packages/airflow/example_dags/example_complex.py
[2023-03-22T14:54:29.188-0400] {processor.py:743} INFO - Processing file /Users/sunanda/Downloads/airflow/py_env/lib/python3.9/site-packages/airflow/example_dags/example_complex.py for tasks to queue
[2023-03-22T14:54:29.188-0400] {logging_mixin.py:137} INFO - [2023-03-22T14:54:29.188-0400] {dagbag.py:538} INFO - Filling up the DagBag from /Users/sunanda/Downloads/airflow/py_env/lib/python3.9/site-packages/airflow/example_dags/example_complex.py
[2023-03-22T14:54:29.198-0400] {logging_mixin.py:137} INFO - [2023-03-22T14:54:29.198-0400] {taskmixin.py:205} WARNING - Dependency <Task(BashOperator): create_entry_group>, delete_entry_group already registered for DAG: example_complex
[2023-03-22T14:54:29.198-0400] {logging_mixin.py:137} INFO - [2023-03-22T14:54:29.198-0400] {taskmixin.py:205} WARNING - Dependency <Task(BashOperator): delete_entry_group>, create_entry_group already registered for DAG: example_complex
[2023-03-22T14:54:29.198-0400] {logging_mixin.py:137} INFO - [2023-03-22T14:54:29.198-0400] {taskmixin.py:205} WARNING - Dependency <Task(BashOperator): create_entry_gcs>, delete_entry already registered for DAG: example_complex
[2023-03-22T14:54:29.198-0400] {logging_mixin.py:137} INFO - [2023-03-22T14:54:29.198-0400] {taskmixin.py:205} WARNING - Dependency <Task(BashOperator): delete_entry>, create_entry_gcs already registered for DAG: example_complex
[2023-03-22T14:54:29.198-0400] {logging_mixin.py:137} INFO - [2023-03-22T14:54:29.198-0400] {taskmixin.py:205} WARNING - Dependency <Task(BashOperator): create_tag>, delete_tag already registered for DAG: example_complex
[2023-03-22T14:54:29.198-0400] {logging_mixin.py:137} INFO - [2023-03-22T14:54:29.198-0400] {taskmixin.py:205} WARNING - Dependency <Task(BashOperator): delete_tag>, create_tag already registered for DAG: example_complex
[2023-03-22T14:54:29.202-0400] {processor.py:753} INFO - DAG(s) dict_keys(['example_complex']) retrieved from /Users/sunanda/Downloads/airflow/py_env/lib/python3.9/site-packages/airflow/example_dags/example_complex.py
[2023-03-22T14:54:29.417-0400] {logging_mixin.py:137} INFO - [2023-03-22T14:54:29.416-0400] {dag.py:2690} INFO - Sync 1 DAGs
[2023-03-22T14:54:29.423-0400] {logging_mixin.py:137} INFO - [2023-03-22T14:54:29.423-0400] {dag.py:3437} INFO - Setting next_dagrun for example_complex to None, run_after=None
[2023-03-22T14:54:29.432-0400] {processor.py:175} INFO - Processing /Users/sunanda/Downloads/airflow/py_env/lib/python3.9/site-packages/airflow/example_dags/example_complex.py took 0.247 seconds
[2023-03-22T14:55:51.475-0400] {processor.py:153} INFO - Started process (PID=69750) to work on /Users/sunanda/Downloads/airflow/py_env/lib/python3.9/site-packages/airflow/example_dags/example_complex.py
[2023-03-22T14:55:51.478-0400] {processor.py:743} INFO - Processing file /Users/sunanda/Downloads/airflow/py_env/lib/python3.9/site-packages/airflow/example_dags/example_complex.py for tasks to queue
[2023-03-22T14:55:51.479-0400] {logging_mixin.py:137} INFO - [2023-03-22T14:55:51.479-0400] {dagbag.py:538} INFO - Filling up the DagBag from /Users/sunanda/Downloads/airflow/py_env/lib/python3.9/site-packages/airflow/example_dags/example_complex.py
[2023-03-22T14:55:51.489-0400] {logging_mixin.py:137} INFO - [2023-03-22T14:55:51.489-0400] {taskmixin.py:205} WARNING - Dependency <Task(BashOperator): create_entry_group>, delete_entry_group already registered for DAG: example_complex
[2023-03-22T14:55:51.489-0400] {logging_mixin.py:137} INFO - [2023-03-22T14:55:51.489-0400] {taskmixin.py:205} WARNING - Dependency <Task(BashOperator): delete_entry_group>, create_entry_group already registered for DAG: example_complex
[2023-03-22T14:55:51.489-0400] {logging_mixin.py:137} INFO - [2023-03-22T14:55:51.489-0400] {taskmixin.py:205} WARNING - Dependency <Task(BashOperator): create_entry_gcs>, delete_entry already registered for DAG: example_complex
[2023-03-22T14:55:51.489-0400] {logging_mixin.py:137} INFO - [2023-03-22T14:55:51.489-0400] {taskmixin.py:205} WARNING - Dependency <Task(BashOperator): delete_entry>, create_entry_gcs already registered for DAG: example_complex
[2023-03-22T14:55:51.489-0400] {logging_mixin.py:137} INFO - [2023-03-22T14:55:51.489-0400] {taskmixin.py:205} WARNING - Dependency <Task(BashOperator): create_tag>, delete_tag already registered for DAG: example_complex
[2023-03-22T14:55:51.489-0400] {logging_mixin.py:137} INFO - [2023-03-22T14:55:51.489-0400] {taskmixin.py:205} WARNING - Dependency <Task(BashOperator): delete_tag>, create_tag already registered for DAG: example_complex
[2023-03-22T14:55:51.492-0400] {processor.py:753} INFO - DAG(s) dict_keys(['example_complex']) retrieved from /Users/sunanda/Downloads/airflow/py_env/lib/python3.9/site-packages/airflow/example_dags/example_complex.py
[2023-03-22T14:55:51.694-0400] {logging_mixin.py:137} INFO - [2023-03-22T14:55:51.693-0400] {dag.py:2690} INFO - Sync 1 DAGs
[2023-03-22T14:55:51.700-0400] {logging_mixin.py:137} INFO - [2023-03-22T14:55:51.700-0400] {dag.py:3437} INFO - Setting next_dagrun for example_complex to None, run_after=None
[2023-03-22T14:55:51.707-0400] {processor.py:175} INFO - Processing /Users/sunanda/Downloads/airflow/py_env/lib/python3.9/site-packages/airflow/example_dags/example_complex.py took 0.232 seconds
[2023-03-22T14:57:12.602-0400] {processor.py:153} INFO - Started process (PID=69874) to work on /Users/sunanda/Downloads/airflow/py_env/lib/python3.9/site-packages/airflow/example_dags/example_complex.py
[2023-03-22T14:57:12.605-0400] {processor.py:743} INFO - Processing file /Users/sunanda/Downloads/airflow/py_env/lib/python3.9/site-packages/airflow/example_dags/example_complex.py for tasks to queue
[2023-03-22T14:57:12.606-0400] {logging_mixin.py:137} INFO - [2023-03-22T14:57:12.606-0400] {dagbag.py:538} INFO - Filling up the DagBag from /Users/sunanda/Downloads/airflow/py_env/lib/python3.9/site-packages/airflow/example_dags/example_complex.py
[2023-03-22T14:57:12.615-0400] {logging_mixin.py:137} INFO - [2023-03-22T14:57:12.615-0400] {taskmixin.py:205} WARNING - Dependency <Task(BashOperator): create_entry_group>, delete_entry_group already registered for DAG: example_complex
[2023-03-22T14:57:12.615-0400] {logging_mixin.py:137} INFO - [2023-03-22T14:57:12.615-0400] {taskmixin.py:205} WARNING - Dependency <Task(BashOperator): delete_entry_group>, create_entry_group already registered for DAG: example_complex
[2023-03-22T14:57:12.615-0400] {logging_mixin.py:137} INFO - [2023-03-22T14:57:12.615-0400] {taskmixin.py:205} WARNING - Dependency <Task(BashOperator): create_entry_gcs>, delete_entry already registered for DAG: example_complex
[2023-03-22T14:57:12.615-0400] {logging_mixin.py:137} INFO - [2023-03-22T14:57:12.615-0400] {taskmixin.py:205} WARNING - Dependency <Task(BashOperator): delete_entry>, create_entry_gcs already registered for DAG: example_complex
[2023-03-22T14:57:12.615-0400] {logging_mixin.py:137} INFO - [2023-03-22T14:57:12.615-0400] {taskmixin.py:205} WARNING - Dependency <Task(BashOperator): create_tag>, delete_tag already registered for DAG: example_complex
[2023-03-22T14:57:12.615-0400] {logging_mixin.py:137} INFO - [2023-03-22T14:57:12.615-0400] {taskmixin.py:205} WARNING - Dependency <Task(BashOperator): delete_tag>, create_tag already registered for DAG: example_complex
[2023-03-22T14:57:12.619-0400] {processor.py:753} INFO - DAG(s) dict_keys(['example_complex']) retrieved from /Users/sunanda/Downloads/airflow/py_env/lib/python3.9/site-packages/airflow/example_dags/example_complex.py
[2023-03-22T14:57:12.822-0400] {logging_mixin.py:137} INFO - [2023-03-22T14:57:12.822-0400] {dag.py:2690} INFO - Sync 1 DAGs
[2023-03-22T14:57:12.829-0400] {logging_mixin.py:137} INFO - [2023-03-22T14:57:12.829-0400] {dag.py:3437} INFO - Setting next_dagrun for example_complex to None, run_after=None
[2023-03-22T14:57:12.836-0400] {processor.py:175} INFO - Processing /Users/sunanda/Downloads/airflow/py_env/lib/python3.9/site-packages/airflow/example_dags/example_complex.py took 0.235 seconds
[2023-03-22T14:58:36.938-0400] {processor.py:153} INFO - Started process (PID=70008) to work on /Users/sunanda/Downloads/airflow/py_env/lib/python3.9/site-packages/airflow/example_dags/example_complex.py
[2023-03-22T14:58:36.941-0400] {processor.py:743} INFO - Processing file /Users/sunanda/Downloads/airflow/py_env/lib/python3.9/site-packages/airflow/example_dags/example_complex.py for tasks to queue
[2023-03-22T14:58:36.942-0400] {logging_mixin.py:137} INFO - [2023-03-22T14:58:36.942-0400] {dagbag.py:538} INFO - Filling up the DagBag from /Users/sunanda/Downloads/airflow/py_env/lib/python3.9/site-packages/airflow/example_dags/example_complex.py
[2023-03-22T14:58:36.952-0400] {logging_mixin.py:137} INFO - [2023-03-22T14:58:36.951-0400] {taskmixin.py:205} WARNING - Dependency <Task(BashOperator): create_entry_group>, delete_entry_group already registered for DAG: example_complex
[2023-03-22T14:58:36.952-0400] {logging_mixin.py:137} INFO - [2023-03-22T14:58:36.952-0400] {taskmixin.py:205} WARNING - Dependency <Task(BashOperator): delete_entry_group>, create_entry_group already registered for DAG: example_complex
[2023-03-22T14:58:36.952-0400] {logging_mixin.py:137} INFO - [2023-03-22T14:58:36.952-0400] {taskmixin.py:205} WARNING - Dependency <Task(BashOperator): create_entry_gcs>, delete_entry already registered for DAG: example_complex
[2023-03-22T14:58:36.952-0400] {logging_mixin.py:137} INFO - [2023-03-22T14:58:36.952-0400] {taskmixin.py:205} WARNING - Dependency <Task(BashOperator): delete_entry>, create_entry_gcs already registered for DAG: example_complex
[2023-03-22T14:58:36.952-0400] {logging_mixin.py:137} INFO - [2023-03-22T14:58:36.952-0400] {taskmixin.py:205} WARNING - Dependency <Task(BashOperator): create_tag>, delete_tag already registered for DAG: example_complex
[2023-03-22T14:58:36.952-0400] {logging_mixin.py:137} INFO - [2023-03-22T14:58:36.952-0400] {taskmixin.py:205} WARNING - Dependency <Task(BashOperator): delete_tag>, create_tag already registered for DAG: example_complex
[2023-03-22T14:58:36.956-0400] {processor.py:753} INFO - DAG(s) dict_keys(['example_complex']) retrieved from /Users/sunanda/Downloads/airflow/py_env/lib/python3.9/site-packages/airflow/example_dags/example_complex.py
[2023-03-22T14:58:37.174-0400] {logging_mixin.py:137} INFO - [2023-03-22T14:58:37.174-0400] {dag.py:2690} INFO - Sync 1 DAGs
[2023-03-22T14:58:37.181-0400] {logging_mixin.py:137} INFO - [2023-03-22T14:58:37.181-0400] {dag.py:3437} INFO - Setting next_dagrun for example_complex to None, run_after=None
[2023-03-22T14:58:37.190-0400] {processor.py:175} INFO - Processing /Users/sunanda/Downloads/airflow/py_env/lib/python3.9/site-packages/airflow/example_dags/example_complex.py took 0.252 seconds
[2023-03-22T15:00:03.877-0400] {processor.py:153} INFO - Started process (PID=70145) to work on /Users/sunanda/Downloads/airflow/py_env/lib/python3.9/site-packages/airflow/example_dags/example_complex.py
[2023-03-22T15:00:03.880-0400] {processor.py:743} INFO - Processing file /Users/sunanda/Downloads/airflow/py_env/lib/python3.9/site-packages/airflow/example_dags/example_complex.py for tasks to queue
[2023-03-22T15:00:03.880-0400] {logging_mixin.py:137} INFO - [2023-03-22T15:00:03.880-0400] {dagbag.py:538} INFO - Filling up the DagBag from /Users/sunanda/Downloads/airflow/py_env/lib/python3.9/site-packages/airflow/example_dags/example_complex.py
[2023-03-22T15:00:03.888-0400] {logging_mixin.py:137} INFO - [2023-03-22T15:00:03.888-0400] {taskmixin.py:205} WARNING - Dependency <Task(BashOperator): create_entry_group>, delete_entry_group already registered for DAG: example_complex
[2023-03-22T15:00:03.888-0400] {logging_mixin.py:137} INFO - [2023-03-22T15:00:03.888-0400] {taskmixin.py:205} WARNING - Dependency <Task(BashOperator): delete_entry_group>, create_entry_group already registered for DAG: example_complex
[2023-03-22T15:00:03.889-0400] {logging_mixin.py:137} INFO - [2023-03-22T15:00:03.889-0400] {taskmixin.py:205} WARNING - Dependency <Task(BashOperator): create_entry_gcs>, delete_entry already registered for DAG: example_complex
[2023-03-22T15:00:03.889-0400] {logging_mixin.py:137} INFO - [2023-03-22T15:00:03.889-0400] {taskmixin.py:205} WARNING - Dependency <Task(BashOperator): delete_entry>, create_entry_gcs already registered for DAG: example_complex
[2023-03-22T15:00:03.889-0400] {logging_mixin.py:137} INFO - [2023-03-22T15:00:03.889-0400] {taskmixin.py:205} WARNING - Dependency <Task(BashOperator): create_tag>, delete_tag already registered for DAG: example_complex
[2023-03-22T15:00:03.889-0400] {logging_mixin.py:137} INFO - [2023-03-22T15:00:03.889-0400] {taskmixin.py:205} WARNING - Dependency <Task(BashOperator): delete_tag>, create_tag already registered for DAG: example_complex
[2023-03-22T15:00:03.892-0400] {processor.py:753} INFO - DAG(s) dict_keys(['example_complex']) retrieved from /Users/sunanda/Downloads/airflow/py_env/lib/python3.9/site-packages/airflow/example_dags/example_complex.py
[2023-03-22T15:00:04.102-0400] {logging_mixin.py:137} INFO - [2023-03-22T15:00:04.102-0400] {dag.py:2690} INFO - Sync 1 DAGs
[2023-03-22T15:00:04.109-0400] {logging_mixin.py:137} INFO - [2023-03-22T15:00:04.109-0400] {dag.py:3437} INFO - Setting next_dagrun for example_complex to None, run_after=None
[2023-03-22T15:00:04.117-0400] {processor.py:175} INFO - Processing /Users/sunanda/Downloads/airflow/py_env/lib/python3.9/site-packages/airflow/example_dags/example_complex.py took 0.240 seconds
[2023-03-22T15:01:30.485-0400] {processor.py:153} INFO - Started process (PID=70281) to work on /Users/sunanda/Downloads/airflow/py_env/lib/python3.9/site-packages/airflow/example_dags/example_complex.py
[2023-03-22T15:01:30.487-0400] {processor.py:743} INFO - Processing file /Users/sunanda/Downloads/airflow/py_env/lib/python3.9/site-packages/airflow/example_dags/example_complex.py for tasks to queue
[2023-03-22T15:01:30.488-0400] {logging_mixin.py:137} INFO - [2023-03-22T15:01:30.488-0400] {dagbag.py:538} INFO - Filling up the DagBag from /Users/sunanda/Downloads/airflow/py_env/lib/python3.9/site-packages/airflow/example_dags/example_complex.py
[2023-03-22T15:01:30.496-0400] {logging_mixin.py:137} INFO - [2023-03-22T15:01:30.496-0400] {taskmixin.py:205} WARNING - Dependency <Task(BashOperator): create_entry_group>, delete_entry_group already registered for DAG: example_complex
[2023-03-22T15:01:30.496-0400] {logging_mixin.py:137} INFO - [2023-03-22T15:01:30.496-0400] {taskmixin.py:205} WARNING - Dependency <Task(BashOperator): delete_entry_group>, create_entry_group already registered for DAG: example_complex
[2023-03-22T15:01:30.497-0400] {logging_mixin.py:137} INFO - [2023-03-22T15:01:30.496-0400] {taskmixin.py:205} WARNING - Dependency <Task(BashOperator): create_entry_gcs>, delete_entry already registered for DAG: example_complex
[2023-03-22T15:01:30.497-0400] {logging_mixin.py:137} INFO - [2023-03-22T15:01:30.497-0400] {taskmixin.py:205} WARNING - Dependency <Task(BashOperator): delete_entry>, create_entry_gcs already registered for DAG: example_complex
[2023-03-22T15:01:30.497-0400] {logging_mixin.py:137} INFO - [2023-03-22T15:01:30.497-0400] {taskmixin.py:205} WARNING - Dependency <Task(BashOperator): create_tag>, delete_tag already registered for DAG: example_complex
[2023-03-22T15:01:30.497-0400] {logging_mixin.py:137} INFO - [2023-03-22T15:01:30.497-0400] {taskmixin.py:205} WARNING - Dependency <Task(BashOperator): delete_tag>, create_tag already registered for DAG: example_complex
[2023-03-22T15:01:30.501-0400] {processor.py:753} INFO - DAG(s) dict_keys(['example_complex']) retrieved from /Users/sunanda/Downloads/airflow/py_env/lib/python3.9/site-packages/airflow/example_dags/example_complex.py
[2023-03-22T15:01:30.703-0400] {logging_mixin.py:137} INFO - [2023-03-22T15:01:30.703-0400] {dag.py:2690} INFO - Sync 1 DAGs
[2023-03-22T15:01:30.709-0400] {logging_mixin.py:137} INFO - [2023-03-22T15:01:30.709-0400] {dag.py:3437} INFO - Setting next_dagrun for example_complex to None, run_after=None
[2023-03-22T15:01:30.717-0400] {processor.py:175} INFO - Processing /Users/sunanda/Downloads/airflow/py_env/lib/python3.9/site-packages/airflow/example_dags/example_complex.py took 0.232 seconds
[2023-03-22T15:02:57.014-0400] {processor.py:153} INFO - Started process (PID=70420) to work on /Users/sunanda/Downloads/airflow/py_env/lib/python3.9/site-packages/airflow/example_dags/example_complex.py
[2023-03-22T15:02:57.017-0400] {processor.py:743} INFO - Processing file /Users/sunanda/Downloads/airflow/py_env/lib/python3.9/site-packages/airflow/example_dags/example_complex.py for tasks to queue
[2023-03-22T15:02:57.017-0400] {logging_mixin.py:137} INFO - [2023-03-22T15:02:57.017-0400] {dagbag.py:538} INFO - Filling up the DagBag from /Users/sunanda/Downloads/airflow/py_env/lib/python3.9/site-packages/airflow/example_dags/example_complex.py
[2023-03-22T15:02:57.027-0400] {logging_mixin.py:137} INFO - [2023-03-22T15:02:57.027-0400] {taskmixin.py:205} WARNING - Dependency <Task(BashOperator): create_entry_group>, delete_entry_group already registered for DAG: example_complex
[2023-03-22T15:02:57.027-0400] {logging_mixin.py:137} INFO - [2023-03-22T15:02:57.027-0400] {taskmixin.py:205} WARNING - Dependency <Task(BashOperator): delete_entry_group>, create_entry_group already registered for DAG: example_complex
[2023-03-22T15:02:57.027-0400] {logging_mixin.py:137} INFO - [2023-03-22T15:02:57.027-0400] {taskmixin.py:205} WARNING - Dependency <Task(BashOperator): create_entry_gcs>, delete_entry already registered for DAG: example_complex
[2023-03-22T15:02:57.027-0400] {logging_mixin.py:137} INFO - [2023-03-22T15:02:57.027-0400] {taskmixin.py:205} WARNING - Dependency <Task(BashOperator): delete_entry>, create_entry_gcs already registered for DAG: example_complex
[2023-03-22T15:02:57.027-0400] {logging_mixin.py:137} INFO - [2023-03-22T15:02:57.027-0400] {taskmixin.py:205} WARNING - Dependency <Task(BashOperator): create_tag>, delete_tag already registered for DAG: example_complex
[2023-03-22T15:02:57.027-0400] {logging_mixin.py:137} INFO - [2023-03-22T15:02:57.027-0400] {taskmixin.py:205} WARNING - Dependency <Task(BashOperator): delete_tag>, create_tag already registered for DAG: example_complex
[2023-03-22T15:02:57.031-0400] {processor.py:753} INFO - DAG(s) dict_keys(['example_complex']) retrieved from /Users/sunanda/Downloads/airflow/py_env/lib/python3.9/site-packages/airflow/example_dags/example_complex.py
[2023-03-22T15:02:57.260-0400] {logging_mixin.py:137} INFO - [2023-03-22T15:02:57.260-0400] {dag.py:2690} INFO - Sync 1 DAGs
[2023-03-22T15:02:57.268-0400] {logging_mixin.py:137} INFO - [2023-03-22T15:02:57.268-0400] {dag.py:3437} INFO - Setting next_dagrun for example_complex to None, run_after=None
[2023-03-22T15:02:57.276-0400] {processor.py:175} INFO - Processing /Users/sunanda/Downloads/airflow/py_env/lib/python3.9/site-packages/airflow/example_dags/example_complex.py took 0.262 seconds
[2023-03-22T15:04:20.184-0400] {processor.py:153} INFO - Started process (PID=70571) to work on /Users/sunanda/Downloads/airflow/py_env/lib/python3.9/site-packages/airflow/example_dags/example_complex.py
[2023-03-22T15:04:20.187-0400] {processor.py:743} INFO - Processing file /Users/sunanda/Downloads/airflow/py_env/lib/python3.9/site-packages/airflow/example_dags/example_complex.py for tasks to queue
[2023-03-22T15:04:20.187-0400] {logging_mixin.py:137} INFO - [2023-03-22T15:04:20.187-0400] {dagbag.py:538} INFO - Filling up the DagBag from /Users/sunanda/Downloads/airflow/py_env/lib/python3.9/site-packages/airflow/example_dags/example_complex.py
[2023-03-22T15:04:20.196-0400] {logging_mixin.py:137} INFO - [2023-03-22T15:04:20.196-0400] {taskmixin.py:205} WARNING - Dependency <Task(BashOperator): create_entry_group>, delete_entry_group already registered for DAG: example_complex
[2023-03-22T15:04:20.196-0400] {logging_mixin.py:137} INFO - [2023-03-22T15:04:20.196-0400] {taskmixin.py:205} WARNING - Dependency <Task(BashOperator): delete_entry_group>, create_entry_group already registered for DAG: example_complex
[2023-03-22T15:04:20.196-0400] {logging_mixin.py:137} INFO - [2023-03-22T15:04:20.196-0400] {taskmixin.py:205} WARNING - Dependency <Task(BashOperator): create_entry_gcs>, delete_entry already registered for DAG: example_complex
[2023-03-22T15:04:20.196-0400] {logging_mixin.py:137} INFO - [2023-03-22T15:04:20.196-0400] {taskmixin.py:205} WARNING - Dependency <Task(BashOperator): delete_entry>, create_entry_gcs already registered for DAG: example_complex
[2023-03-22T15:04:20.196-0400] {logging_mixin.py:137} INFO - [2023-03-22T15:04:20.196-0400] {taskmixin.py:205} WARNING - Dependency <Task(BashOperator): create_tag>, delete_tag already registered for DAG: example_complex
[2023-03-22T15:04:20.196-0400] {logging_mixin.py:137} INFO - [2023-03-22T15:04:20.196-0400] {taskmixin.py:205} WARNING - Dependency <Task(BashOperator): delete_tag>, create_tag already registered for DAG: example_complex
[2023-03-22T15:04:20.200-0400] {processor.py:753} INFO - DAG(s) dict_keys(['example_complex']) retrieved from /Users/sunanda/Downloads/airflow/py_env/lib/python3.9/site-packages/airflow/example_dags/example_complex.py
[2023-03-22T15:04:20.402-0400] {logging_mixin.py:137} INFO - [2023-03-22T15:04:20.402-0400] {dag.py:2690} INFO - Sync 1 DAGs
[2023-03-22T15:04:20.409-0400] {logging_mixin.py:137} INFO - [2023-03-22T15:04:20.409-0400] {dag.py:3437} INFO - Setting next_dagrun for example_complex to None, run_after=None
[2023-03-22T15:04:20.416-0400] {processor.py:175} INFO - Processing /Users/sunanda/Downloads/airflow/py_env/lib/python3.9/site-packages/airflow/example_dags/example_complex.py took 0.233 seconds
[2023-03-22T15:05:39.988-0400] {processor.py:153} INFO - Started process (PID=70702) to work on /Users/sunanda/Downloads/airflow/py_env/lib/python3.9/site-packages/airflow/example_dags/example_complex.py
[2023-03-22T15:05:39.991-0400] {processor.py:743} INFO - Processing file /Users/sunanda/Downloads/airflow/py_env/lib/python3.9/site-packages/airflow/example_dags/example_complex.py for tasks to queue
[2023-03-22T15:05:39.991-0400] {logging_mixin.py:137} INFO - [2023-03-22T15:05:39.991-0400] {dagbag.py:538} INFO - Filling up the DagBag from /Users/sunanda/Downloads/airflow/py_env/lib/python3.9/site-packages/airflow/example_dags/example_complex.py
[2023-03-22T15:05:40.001-0400] {logging_mixin.py:137} INFO - [2023-03-22T15:05:40.000-0400] {taskmixin.py:205} WARNING - Dependency <Task(BashOperator): create_entry_group>, delete_entry_group already registered for DAG: example_complex
[2023-03-22T15:05:40.001-0400] {logging_mixin.py:137} INFO - [2023-03-22T15:05:40.001-0400] {taskmixin.py:205} WARNING - Dependency <Task(BashOperator): delete_entry_group>, create_entry_group already registered for DAG: example_complex
[2023-03-22T15:05:40.001-0400] {logging_mixin.py:137} INFO - [2023-03-22T15:05:40.001-0400] {taskmixin.py:205} WARNING - Dependency <Task(BashOperator): create_entry_gcs>, delete_entry already registered for DAG: example_complex
[2023-03-22T15:05:40.001-0400] {logging_mixin.py:137} INFO - [2023-03-22T15:05:40.001-0400] {taskmixin.py:205} WARNING - Dependency <Task(BashOperator): delete_entry>, create_entry_gcs already registered for DAG: example_complex
[2023-03-22T15:05:40.001-0400] {logging_mixin.py:137} INFO - [2023-03-22T15:05:40.001-0400] {taskmixin.py:205} WARNING - Dependency <Task(BashOperator): create_tag>, delete_tag already registered for DAG: example_complex
[2023-03-22T15:05:40.001-0400] {logging_mixin.py:137} INFO - [2023-03-22T15:05:40.001-0400] {taskmixin.py:205} WARNING - Dependency <Task(BashOperator): delete_tag>, create_tag already registered for DAG: example_complex
[2023-03-22T15:05:40.005-0400] {processor.py:753} INFO - DAG(s) dict_keys(['example_complex']) retrieved from /Users/sunanda/Downloads/airflow/py_env/lib/python3.9/site-packages/airflow/example_dags/example_complex.py
[2023-03-22T15:05:40.209-0400] {logging_mixin.py:137} INFO - [2023-03-22T15:05:40.208-0400] {dag.py:2690} INFO - Sync 1 DAGs
[2023-03-22T15:05:40.216-0400] {logging_mixin.py:137} INFO - [2023-03-22T15:05:40.216-0400] {dag.py:3437} INFO - Setting next_dagrun for example_complex to None, run_after=None
[2023-03-22T15:05:40.224-0400] {processor.py:175} INFO - Processing /Users/sunanda/Downloads/airflow/py_env/lib/python3.9/site-packages/airflow/example_dags/example_complex.py took 0.237 seconds
[2023-03-22T19:11:55.362-0400] {processor.py:153} INFO - Started process (PID=3831) to work on /Users/sunanda/Downloads/airflow/py_env/lib/python3.9/site-packages/airflow/example_dags/example_complex.py
[2023-03-22T19:11:55.364-0400] {processor.py:743} INFO - Processing file /Users/sunanda/Downloads/airflow/py_env/lib/python3.9/site-packages/airflow/example_dags/example_complex.py for tasks to queue
[2023-03-22T19:11:55.365-0400] {logging_mixin.py:137} INFO - [2023-03-22T19:11:55.365-0400] {dagbag.py:538} INFO - Filling up the DagBag from /Users/sunanda/Downloads/airflow/py_env/lib/python3.9/site-packages/airflow/example_dags/example_complex.py
[2023-03-22T19:11:55.373-0400] {logging_mixin.py:137} INFO - [2023-03-22T19:11:55.373-0400] {taskmixin.py:205} WARNING - Dependency <Task(BashOperator): create_entry_group>, delete_entry_group already registered for DAG: example_complex
[2023-03-22T19:11:55.373-0400] {logging_mixin.py:137} INFO - [2023-03-22T19:11:55.373-0400] {taskmixin.py:205} WARNING - Dependency <Task(BashOperator): delete_entry_group>, create_entry_group already registered for DAG: example_complex
[2023-03-22T19:11:55.373-0400] {logging_mixin.py:137} INFO - [2023-03-22T19:11:55.373-0400] {taskmixin.py:205} WARNING - Dependency <Task(BashOperator): create_entry_gcs>, delete_entry already registered for DAG: example_complex
[2023-03-22T19:11:55.373-0400] {logging_mixin.py:137} INFO - [2023-03-22T19:11:55.373-0400] {taskmixin.py:205} WARNING - Dependency <Task(BashOperator): delete_entry>, create_entry_gcs already registered for DAG: example_complex
[2023-03-22T19:11:55.374-0400] {logging_mixin.py:137} INFO - [2023-03-22T19:11:55.374-0400] {taskmixin.py:205} WARNING - Dependency <Task(BashOperator): create_tag>, delete_tag already registered for DAG: example_complex
[2023-03-22T19:11:55.374-0400] {logging_mixin.py:137} INFO - [2023-03-22T19:11:55.374-0400] {taskmixin.py:205} WARNING - Dependency <Task(BashOperator): delete_tag>, create_tag already registered for DAG: example_complex
[2023-03-22T19:11:55.377-0400] {processor.py:753} INFO - DAG(s) dict_keys(['example_complex']) retrieved from /Users/sunanda/Downloads/airflow/py_env/lib/python3.9/site-packages/airflow/example_dags/example_complex.py
[2023-03-22T19:11:55.578-0400] {logging_mixin.py:137} INFO - [2023-03-22T19:11:55.578-0400] {dag.py:2690} INFO - Sync 1 DAGs
[2023-03-22T19:11:55.584-0400] {logging_mixin.py:137} INFO - [2023-03-22T19:11:55.584-0400] {dag.py:3437} INFO - Setting next_dagrun for example_complex to None, run_after=None
[2023-03-22T19:11:55.592-0400] {processor.py:175} INFO - Processing /Users/sunanda/Downloads/airflow/py_env/lib/python3.9/site-packages/airflow/example_dags/example_complex.py took 0.230 seconds
[2023-03-22T19:13:24.542-0400] {processor.py:153} INFO - Started process (PID=3967) to work on /Users/sunanda/Downloads/airflow/py_env/lib/python3.9/site-packages/airflow/example_dags/example_complex.py
[2023-03-22T19:13:24.545-0400] {processor.py:743} INFO - Processing file /Users/sunanda/Downloads/airflow/py_env/lib/python3.9/site-packages/airflow/example_dags/example_complex.py for tasks to queue
[2023-03-22T19:13:24.545-0400] {logging_mixin.py:137} INFO - [2023-03-22T19:13:24.545-0400] {dagbag.py:538} INFO - Filling up the DagBag from /Users/sunanda/Downloads/airflow/py_env/lib/python3.9/site-packages/airflow/example_dags/example_complex.py
[2023-03-22T19:13:24.553-0400] {logging_mixin.py:137} INFO - [2023-03-22T19:13:24.553-0400] {taskmixin.py:205} WARNING - Dependency <Task(BashOperator): create_entry_group>, delete_entry_group already registered for DAG: example_complex
[2023-03-22T19:13:24.553-0400] {logging_mixin.py:137} INFO - [2023-03-22T19:13:24.553-0400] {taskmixin.py:205} WARNING - Dependency <Task(BashOperator): delete_entry_group>, create_entry_group already registered for DAG: example_complex
[2023-03-22T19:13:24.553-0400] {logging_mixin.py:137} INFO - [2023-03-22T19:13:24.553-0400] {taskmixin.py:205} WARNING - Dependency <Task(BashOperator): create_entry_gcs>, delete_entry already registered for DAG: example_complex
[2023-03-22T19:13:24.553-0400] {logging_mixin.py:137} INFO - [2023-03-22T19:13:24.553-0400] {taskmixin.py:205} WARNING - Dependency <Task(BashOperator): delete_entry>, create_entry_gcs already registered for DAG: example_complex
[2023-03-22T19:13:24.553-0400] {logging_mixin.py:137} INFO - [2023-03-22T19:13:24.553-0400] {taskmixin.py:205} WARNING - Dependency <Task(BashOperator): create_tag>, delete_tag already registered for DAG: example_complex
[2023-03-22T19:13:24.553-0400] {logging_mixin.py:137} INFO - [2023-03-22T19:13:24.553-0400] {taskmixin.py:205} WARNING - Dependency <Task(BashOperator): delete_tag>, create_tag already registered for DAG: example_complex
[2023-03-22T19:13:24.556-0400] {processor.py:753} INFO - DAG(s) dict_keys(['example_complex']) retrieved from /Users/sunanda/Downloads/airflow/py_env/lib/python3.9/site-packages/airflow/example_dags/example_complex.py
[2023-03-22T19:13:24.757-0400] {logging_mixin.py:137} INFO - [2023-03-22T19:13:24.757-0400] {dag.py:2690} INFO - Sync 1 DAGs
[2023-03-22T19:13:24.764-0400] {logging_mixin.py:137} INFO - [2023-03-22T19:13:24.764-0400] {dag.py:3437} INFO - Setting next_dagrun for example_complex to None, run_after=None
[2023-03-22T19:13:24.771-0400] {processor.py:175} INFO - Processing /Users/sunanda/Downloads/airflow/py_env/lib/python3.9/site-packages/airflow/example_dags/example_complex.py took 0.229 seconds
[2023-03-22T19:24:46.736-0400] {processor.py:153} INFO - Started process (PID=4804) to work on /Users/sunanda/Downloads/airflow/py_env/lib/python3.9/site-packages/airflow/example_dags/example_complex.py
[2023-03-22T19:24:46.740-0400] {processor.py:743} INFO - Processing file /Users/sunanda/Downloads/airflow/py_env/lib/python3.9/site-packages/airflow/example_dags/example_complex.py for tasks to queue
[2023-03-22T19:24:46.740-0400] {logging_mixin.py:137} INFO - [2023-03-22T19:24:46.740-0400] {dagbag.py:538} INFO - Filling up the DagBag from /Users/sunanda/Downloads/airflow/py_env/lib/python3.9/site-packages/airflow/example_dags/example_complex.py
[2023-03-22T19:24:46.749-0400] {logging_mixin.py:137} INFO - [2023-03-22T19:24:46.749-0400] {taskmixin.py:205} WARNING - Dependency <Task(BashOperator): create_entry_group>, delete_entry_group already registered for DAG: example_complex
[2023-03-22T19:24:46.749-0400] {logging_mixin.py:137} INFO - [2023-03-22T19:24:46.749-0400] {taskmixin.py:205} WARNING - Dependency <Task(BashOperator): delete_entry_group>, create_entry_group already registered for DAG: example_complex
[2023-03-22T19:24:46.749-0400] {logging_mixin.py:137} INFO - [2023-03-22T19:24:46.749-0400] {taskmixin.py:205} WARNING - Dependency <Task(BashOperator): create_entry_gcs>, delete_entry already registered for DAG: example_complex
[2023-03-22T19:24:46.749-0400] {logging_mixin.py:137} INFO - [2023-03-22T19:24:46.749-0400] {taskmixin.py:205} WARNING - Dependency <Task(BashOperator): delete_entry>, create_entry_gcs already registered for DAG: example_complex
[2023-03-22T19:24:46.750-0400] {logging_mixin.py:137} INFO - [2023-03-22T19:24:46.750-0400] {taskmixin.py:205} WARNING - Dependency <Task(BashOperator): create_tag>, delete_tag already registered for DAG: example_complex
[2023-03-22T19:24:46.750-0400] {logging_mixin.py:137} INFO - [2023-03-22T19:24:46.750-0400] {taskmixin.py:205} WARNING - Dependency <Task(BashOperator): delete_tag>, create_tag already registered for DAG: example_complex
[2023-03-22T19:24:46.754-0400] {processor.py:753} INFO - DAG(s) dict_keys(['example_complex']) retrieved from /Users/sunanda/Downloads/airflow/py_env/lib/python3.9/site-packages/airflow/example_dags/example_complex.py
[2023-03-22T19:24:46.958-0400] {logging_mixin.py:137} INFO - [2023-03-22T19:24:46.958-0400] {dag.py:2690} INFO - Sync 1 DAGs
[2023-03-22T19:24:46.965-0400] {logging_mixin.py:137} INFO - [2023-03-22T19:24:46.965-0400] {dag.py:3437} INFO - Setting next_dagrun for example_complex to None, run_after=None
[2023-03-22T19:24:46.973-0400] {processor.py:175} INFO - Processing /Users/sunanda/Downloads/airflow/py_env/lib/python3.9/site-packages/airflow/example_dags/example_complex.py took 0.237 seconds
[2023-03-22T19:26:10.837-0400] {processor.py:153} INFO - Started process (PID=4935) to work on /Users/sunanda/Downloads/airflow/py_env/lib/python3.9/site-packages/airflow/example_dags/example_complex.py
[2023-03-22T19:26:10.840-0400] {processor.py:743} INFO - Processing file /Users/sunanda/Downloads/airflow/py_env/lib/python3.9/site-packages/airflow/example_dags/example_complex.py for tasks to queue
[2023-03-22T19:26:10.840-0400] {logging_mixin.py:137} INFO - [2023-03-22T19:26:10.840-0400] {dagbag.py:538} INFO - Filling up the DagBag from /Users/sunanda/Downloads/airflow/py_env/lib/python3.9/site-packages/airflow/example_dags/example_complex.py
[2023-03-22T19:26:10.849-0400] {logging_mixin.py:137} INFO - [2023-03-22T19:26:10.849-0400] {taskmixin.py:205} WARNING - Dependency <Task(BashOperator): create_entry_group>, delete_entry_group already registered for DAG: example_complex
[2023-03-22T19:26:10.849-0400] {logging_mixin.py:137} INFO - [2023-03-22T19:26:10.849-0400] {taskmixin.py:205} WARNING - Dependency <Task(BashOperator): delete_entry_group>, create_entry_group already registered for DAG: example_complex
[2023-03-22T19:26:10.849-0400] {logging_mixin.py:137} INFO - [2023-03-22T19:26:10.849-0400] {taskmixin.py:205} WARNING - Dependency <Task(BashOperator): create_entry_gcs>, delete_entry already registered for DAG: example_complex
[2023-03-22T19:26:10.849-0400] {logging_mixin.py:137} INFO - [2023-03-22T19:26:10.849-0400] {taskmixin.py:205} WARNING - Dependency <Task(BashOperator): delete_entry>, create_entry_gcs already registered for DAG: example_complex
[2023-03-22T19:26:10.849-0400] {logging_mixin.py:137} INFO - [2023-03-22T19:26:10.849-0400] {taskmixin.py:205} WARNING - Dependency <Task(BashOperator): create_tag>, delete_tag already registered for DAG: example_complex
[2023-03-22T19:26:10.849-0400] {logging_mixin.py:137} INFO - [2023-03-22T19:26:10.849-0400] {taskmixin.py:205} WARNING - Dependency <Task(BashOperator): delete_tag>, create_tag already registered for DAG: example_complex
[2023-03-22T19:26:10.853-0400] {processor.py:753} INFO - DAG(s) dict_keys(['example_complex']) retrieved from /Users/sunanda/Downloads/airflow/py_env/lib/python3.9/site-packages/airflow/example_dags/example_complex.py
[2023-03-22T19:26:11.055-0400] {logging_mixin.py:137} INFO - [2023-03-22T19:26:11.055-0400] {dag.py:2690} INFO - Sync 1 DAGs
[2023-03-22T19:26:11.062-0400] {logging_mixin.py:137} INFO - [2023-03-22T19:26:11.062-0400] {dag.py:3437} INFO - Setting next_dagrun for example_complex to None, run_after=None
[2023-03-22T19:26:11.069-0400] {processor.py:175} INFO - Processing /Users/sunanda/Downloads/airflow/py_env/lib/python3.9/site-packages/airflow/example_dags/example_complex.py took 0.232 seconds
