[2023-03-22T14:54:27.270-0400] {processor.py:153} INFO - Started process (PID=69615) to work on /Users/sunanda/Downloads/airflow/py_env/lib/python3.9/site-packages/airflow/example_dags/example_dag_decorator.py
[2023-03-22T14:54:27.273-0400] {processor.py:743} INFO - Processing file /Users/sunanda/Downloads/airflow/py_env/lib/python3.9/site-packages/airflow/example_dags/example_dag_decorator.py for tasks to queue
[2023-03-22T14:54:27.274-0400] {logging_mixin.py:137} INFO - [2023-03-22T14:54:27.273-0400] {dagbag.py:538} INFO - Filling up the DagBag from /Users/sunanda/Downloads/airflow/py_env/lib/python3.9/site-packages/airflow/example_dags/example_dag_decorator.py
[2023-03-22T14:54:27.356-0400] {logging_mixin.py:137} INFO - [2023-03-22T14:54:27.356-0400] {taskmixin.py:205} WARNING - Dependency <Task(_PythonDecoratedOperator): prepare_email>, send_email already registered for DAG: example_dag_decorator
[2023-03-22T14:54:27.356-0400] {logging_mixin.py:137} INFO - [2023-03-22T14:54:27.356-0400] {taskmixin.py:205} WARNING - Dependency <Task(EmailOperator): send_email>, prepare_email already registered for DAG: example_dag_decorator
[2023-03-22T14:54:27.369-0400] {processor.py:753} INFO - DAG(s) dict_keys(['example_dag_decorator']) retrieved from /Users/sunanda/Downloads/airflow/py_env/lib/python3.9/site-packages/airflow/example_dags/example_dag_decorator.py
[2023-03-22T14:54:27.549-0400] {logging_mixin.py:137} INFO - [2023-03-22T14:54:27.549-0400] {dag.py:2690} INFO - Sync 1 DAGs
[2023-03-22T14:54:27.559-0400] {logging_mixin.py:137} INFO - [2023-03-22T14:54:27.559-0400] {dag.py:3437} INFO - Setting next_dagrun for example_dag_decorator to None, run_after=None
[2023-03-22T14:54:27.568-0400] {processor.py:175} INFO - Processing /Users/sunanda/Downloads/airflow/py_env/lib/python3.9/site-packages/airflow/example_dags/example_dag_decorator.py took 0.299 seconds
[2023-03-22T14:55:49.621-0400] {processor.py:153} INFO - Started process (PID=69747) to work on /Users/sunanda/Downloads/airflow/py_env/lib/python3.9/site-packages/airflow/example_dags/example_dag_decorator.py
[2023-03-22T14:55:49.625-0400] {processor.py:743} INFO - Processing file /Users/sunanda/Downloads/airflow/py_env/lib/python3.9/site-packages/airflow/example_dags/example_dag_decorator.py for tasks to queue
[2023-03-22T14:55:49.625-0400] {logging_mixin.py:137} INFO - [2023-03-22T14:55:49.625-0400] {dagbag.py:538} INFO - Filling up the DagBag from /Users/sunanda/Downloads/airflow/py_env/lib/python3.9/site-packages/airflow/example_dags/example_dag_decorator.py
[2023-03-22T14:55:49.683-0400] {logging_mixin.py:137} INFO - [2023-03-22T14:55:49.683-0400] {taskmixin.py:205} WARNING - Dependency <Task(_PythonDecoratedOperator): prepare_email>, send_email already registered for DAG: example_dag_decorator
[2023-03-22T14:55:49.683-0400] {logging_mixin.py:137} INFO - [2023-03-22T14:55:49.683-0400] {taskmixin.py:205} WARNING - Dependency <Task(EmailOperator): send_email>, prepare_email already registered for DAG: example_dag_decorator
[2023-03-22T14:55:49.696-0400] {processor.py:753} INFO - DAG(s) dict_keys(['example_dag_decorator']) retrieved from /Users/sunanda/Downloads/airflow/py_env/lib/python3.9/site-packages/airflow/example_dags/example_dag_decorator.py
[2023-03-22T14:55:49.851-0400] {logging_mixin.py:137} INFO - [2023-03-22T14:55:49.851-0400] {dag.py:2690} INFO - Sync 1 DAGs
[2023-03-22T14:55:49.858-0400] {logging_mixin.py:137} INFO - [2023-03-22T14:55:49.858-0400] {dag.py:3437} INFO - Setting next_dagrun for example_dag_decorator to None, run_after=None
[2023-03-22T14:55:49.865-0400] {processor.py:175} INFO - Processing /Users/sunanda/Downloads/airflow/py_env/lib/python3.9/site-packages/airflow/example_dags/example_dag_decorator.py took 0.244 seconds
[2023-03-22T14:57:11.386-0400] {processor.py:153} INFO - Started process (PID=69872) to work on /Users/sunanda/Downloads/airflow/py_env/lib/python3.9/site-packages/airflow/example_dags/example_dag_decorator.py
[2023-03-22T14:57:11.389-0400] {processor.py:743} INFO - Processing file /Users/sunanda/Downloads/airflow/py_env/lib/python3.9/site-packages/airflow/example_dags/example_dag_decorator.py for tasks to queue
[2023-03-22T14:57:11.389-0400] {logging_mixin.py:137} INFO - [2023-03-22T14:57:11.389-0400] {dagbag.py:538} INFO - Filling up the DagBag from /Users/sunanda/Downloads/airflow/py_env/lib/python3.9/site-packages/airflow/example_dags/example_dag_decorator.py
[2023-03-22T14:57:11.449-0400] {logging_mixin.py:137} INFO - [2023-03-22T14:57:11.449-0400] {taskmixin.py:205} WARNING - Dependency <Task(_PythonDecoratedOperator): prepare_email>, send_email already registered for DAG: example_dag_decorator
[2023-03-22T14:57:11.449-0400] {logging_mixin.py:137} INFO - [2023-03-22T14:57:11.449-0400] {taskmixin.py:205} WARNING - Dependency <Task(EmailOperator): send_email>, prepare_email already registered for DAG: example_dag_decorator
[2023-03-22T14:57:11.462-0400] {processor.py:753} INFO - DAG(s) dict_keys(['example_dag_decorator']) retrieved from /Users/sunanda/Downloads/airflow/py_env/lib/python3.9/site-packages/airflow/example_dags/example_dag_decorator.py
[2023-03-22T14:57:11.621-0400] {logging_mixin.py:137} INFO - [2023-03-22T14:57:11.621-0400] {dag.py:2690} INFO - Sync 1 DAGs
[2023-03-22T14:57:11.628-0400] {logging_mixin.py:137} INFO - [2023-03-22T14:57:11.628-0400] {dag.py:3437} INFO - Setting next_dagrun for example_dag_decorator to None, run_after=None
[2023-03-22T14:57:11.635-0400] {processor.py:175} INFO - Processing /Users/sunanda/Downloads/airflow/py_env/lib/python3.9/site-packages/airflow/example_dags/example_dag_decorator.py took 0.250 seconds
[2023-03-22T14:58:34.964-0400] {processor.py:153} INFO - Started process (PID=70005) to work on /Users/sunanda/Downloads/airflow/py_env/lib/python3.9/site-packages/airflow/example_dags/example_dag_decorator.py
[2023-03-22T14:58:34.967-0400] {processor.py:743} INFO - Processing file /Users/sunanda/Downloads/airflow/py_env/lib/python3.9/site-packages/airflow/example_dags/example_dag_decorator.py for tasks to queue
[2023-03-22T14:58:34.968-0400] {logging_mixin.py:137} INFO - [2023-03-22T14:58:34.968-0400] {dagbag.py:538} INFO - Filling up the DagBag from /Users/sunanda/Downloads/airflow/py_env/lib/python3.9/site-packages/airflow/example_dags/example_dag_decorator.py
[2023-03-22T14:58:35.032-0400] {logging_mixin.py:137} INFO - [2023-03-22T14:58:35.032-0400] {taskmixin.py:205} WARNING - Dependency <Task(_PythonDecoratedOperator): prepare_email>, send_email already registered for DAG: example_dag_decorator
[2023-03-22T14:58:35.033-0400] {logging_mixin.py:137} INFO - [2023-03-22T14:58:35.032-0400] {taskmixin.py:205} WARNING - Dependency <Task(EmailOperator): send_email>, prepare_email already registered for DAG: example_dag_decorator
[2023-03-22T14:58:35.046-0400] {processor.py:753} INFO - DAG(s) dict_keys(['example_dag_decorator']) retrieved from /Users/sunanda/Downloads/airflow/py_env/lib/python3.9/site-packages/airflow/example_dags/example_dag_decorator.py
[2023-03-22T14:58:35.222-0400] {logging_mixin.py:137} INFO - [2023-03-22T14:58:35.221-0400] {dag.py:2690} INFO - Sync 1 DAGs
[2023-03-22T14:58:35.230-0400] {logging_mixin.py:137} INFO - [2023-03-22T14:58:35.230-0400] {dag.py:3437} INFO - Setting next_dagrun for example_dag_decorator to None, run_after=None
[2023-03-22T14:58:35.238-0400] {processor.py:175} INFO - Processing /Users/sunanda/Downloads/airflow/py_env/lib/python3.9/site-packages/airflow/example_dags/example_dag_decorator.py took 0.274 seconds
[2023-03-22T15:00:01.955-0400] {processor.py:153} INFO - Started process (PID=70143) to work on /Users/sunanda/Downloads/airflow/py_env/lib/python3.9/site-packages/airflow/example_dags/example_dag_decorator.py
[2023-03-22T15:00:01.958-0400] {processor.py:743} INFO - Processing file /Users/sunanda/Downloads/airflow/py_env/lib/python3.9/site-packages/airflow/example_dags/example_dag_decorator.py for tasks to queue
[2023-03-22T15:00:01.958-0400] {logging_mixin.py:137} INFO - [2023-03-22T15:00:01.958-0400] {dagbag.py:538} INFO - Filling up the DagBag from /Users/sunanda/Downloads/airflow/py_env/lib/python3.9/site-packages/airflow/example_dags/example_dag_decorator.py
[2023-03-22T15:00:02.016-0400] {logging_mixin.py:137} INFO - [2023-03-22T15:00:02.016-0400] {taskmixin.py:205} WARNING - Dependency <Task(_PythonDecoratedOperator): prepare_email>, send_email already registered for DAG: example_dag_decorator
[2023-03-22T15:00:02.016-0400] {logging_mixin.py:137} INFO - [2023-03-22T15:00:02.016-0400] {taskmixin.py:205} WARNING - Dependency <Task(EmailOperator): send_email>, prepare_email already registered for DAG: example_dag_decorator
[2023-03-22T15:00:02.028-0400] {processor.py:753} INFO - DAG(s) dict_keys(['example_dag_decorator']) retrieved from /Users/sunanda/Downloads/airflow/py_env/lib/python3.9/site-packages/airflow/example_dags/example_dag_decorator.py
[2023-03-22T15:00:02.188-0400] {logging_mixin.py:137} INFO - [2023-03-22T15:00:02.188-0400] {dag.py:2690} INFO - Sync 1 DAGs
[2023-03-22T15:00:02.195-0400] {logging_mixin.py:137} INFO - [2023-03-22T15:00:02.194-0400] {dag.py:3437} INFO - Setting next_dagrun for example_dag_decorator to None, run_after=None
[2023-03-22T15:00:02.203-0400] {processor.py:175} INFO - Processing /Users/sunanda/Downloads/airflow/py_env/lib/python3.9/site-packages/airflow/example_dags/example_dag_decorator.py took 0.248 seconds
[2023-03-22T15:01:28.615-0400] {processor.py:153} INFO - Started process (PID=70278) to work on /Users/sunanda/Downloads/airflow/py_env/lib/python3.9/site-packages/airflow/example_dags/example_dag_decorator.py
[2023-03-22T15:01:28.617-0400] {processor.py:743} INFO - Processing file /Users/sunanda/Downloads/airflow/py_env/lib/python3.9/site-packages/airflow/example_dags/example_dag_decorator.py for tasks to queue
[2023-03-22T15:01:28.617-0400] {logging_mixin.py:137} INFO - [2023-03-22T15:01:28.617-0400] {dagbag.py:538} INFO - Filling up the DagBag from /Users/sunanda/Downloads/airflow/py_env/lib/python3.9/site-packages/airflow/example_dags/example_dag_decorator.py
[2023-03-22T15:01:28.674-0400] {logging_mixin.py:137} INFO - [2023-03-22T15:01:28.674-0400] {taskmixin.py:205} WARNING - Dependency <Task(_PythonDecoratedOperator): prepare_email>, send_email already registered for DAG: example_dag_decorator
[2023-03-22T15:01:28.675-0400] {logging_mixin.py:137} INFO - [2023-03-22T15:01:28.674-0400] {taskmixin.py:205} WARNING - Dependency <Task(EmailOperator): send_email>, prepare_email already registered for DAG: example_dag_decorator
[2023-03-22T15:01:28.687-0400] {processor.py:753} INFO - DAG(s) dict_keys(['example_dag_decorator']) retrieved from /Users/sunanda/Downloads/airflow/py_env/lib/python3.9/site-packages/airflow/example_dags/example_dag_decorator.py
[2023-03-22T15:01:28.844-0400] {logging_mixin.py:137} INFO - [2023-03-22T15:01:28.844-0400] {dag.py:2690} INFO - Sync 1 DAGs
[2023-03-22T15:01:28.850-0400] {logging_mixin.py:137} INFO - [2023-03-22T15:01:28.850-0400] {dag.py:3437} INFO - Setting next_dagrun for example_dag_decorator to None, run_after=None
[2023-03-22T15:01:28.859-0400] {processor.py:175} INFO - Processing /Users/sunanda/Downloads/airflow/py_env/lib/python3.9/site-packages/airflow/example_dags/example_dag_decorator.py took 0.244 seconds
[2023-03-22T15:02:55.033-0400] {processor.py:153} INFO - Started process (PID=70417) to work on /Users/sunanda/Downloads/airflow/py_env/lib/python3.9/site-packages/airflow/example_dags/example_dag_decorator.py
[2023-03-22T15:02:55.035-0400] {processor.py:743} INFO - Processing file /Users/sunanda/Downloads/airflow/py_env/lib/python3.9/site-packages/airflow/example_dags/example_dag_decorator.py for tasks to queue
[2023-03-22T15:02:55.035-0400] {logging_mixin.py:137} INFO - [2023-03-22T15:02:55.035-0400] {dagbag.py:538} INFO - Filling up the DagBag from /Users/sunanda/Downloads/airflow/py_env/lib/python3.9/site-packages/airflow/example_dags/example_dag_decorator.py
[2023-03-22T15:02:55.096-0400] {logging_mixin.py:137} INFO - [2023-03-22T15:02:55.096-0400] {taskmixin.py:205} WARNING - Dependency <Task(_PythonDecoratedOperator): prepare_email>, send_email already registered for DAG: example_dag_decorator
[2023-03-22T15:02:55.096-0400] {logging_mixin.py:137} INFO - [2023-03-22T15:02:55.096-0400] {taskmixin.py:205} WARNING - Dependency <Task(EmailOperator): send_email>, prepare_email already registered for DAG: example_dag_decorator
[2023-03-22T15:02:55.109-0400] {processor.py:753} INFO - DAG(s) dict_keys(['example_dag_decorator']) retrieved from /Users/sunanda/Downloads/airflow/py_env/lib/python3.9/site-packages/airflow/example_dags/example_dag_decorator.py
[2023-03-22T15:02:55.273-0400] {logging_mixin.py:137} INFO - [2023-03-22T15:02:55.273-0400] {dag.py:2690} INFO - Sync 1 DAGs
[2023-03-22T15:02:55.280-0400] {logging_mixin.py:137} INFO - [2023-03-22T15:02:55.279-0400] {dag.py:3437} INFO - Setting next_dagrun for example_dag_decorator to None, run_after=None
[2023-03-22T15:02:55.288-0400] {processor.py:175} INFO - Processing /Users/sunanda/Downloads/airflow/py_env/lib/python3.9/site-packages/airflow/example_dags/example_dag_decorator.py took 0.256 seconds
[2023-03-22T15:04:18.317-0400] {processor.py:153} INFO - Started process (PID=70568) to work on /Users/sunanda/Downloads/airflow/py_env/lib/python3.9/site-packages/airflow/example_dags/example_dag_decorator.py
[2023-03-22T15:04:18.320-0400] {processor.py:743} INFO - Processing file /Users/sunanda/Downloads/airflow/py_env/lib/python3.9/site-packages/airflow/example_dags/example_dag_decorator.py for tasks to queue
[2023-03-22T15:04:18.320-0400] {logging_mixin.py:137} INFO - [2023-03-22T15:04:18.320-0400] {dagbag.py:538} INFO - Filling up the DagBag from /Users/sunanda/Downloads/airflow/py_env/lib/python3.9/site-packages/airflow/example_dags/example_dag_decorator.py
[2023-03-22T15:04:18.380-0400] {logging_mixin.py:137} INFO - [2023-03-22T15:04:18.380-0400] {taskmixin.py:205} WARNING - Dependency <Task(_PythonDecoratedOperator): prepare_email>, send_email already registered for DAG: example_dag_decorator
[2023-03-22T15:04:18.381-0400] {logging_mixin.py:137} INFO - [2023-03-22T15:04:18.381-0400] {taskmixin.py:205} WARNING - Dependency <Task(EmailOperator): send_email>, prepare_email already registered for DAG: example_dag_decorator
[2023-03-22T15:04:18.393-0400] {processor.py:753} INFO - DAG(s) dict_keys(['example_dag_decorator']) retrieved from /Users/sunanda/Downloads/airflow/py_env/lib/python3.9/site-packages/airflow/example_dags/example_dag_decorator.py
[2023-03-22T15:04:18.552-0400] {logging_mixin.py:137} INFO - [2023-03-22T15:04:18.552-0400] {dag.py:2690} INFO - Sync 1 DAGs
[2023-03-22T15:04:18.558-0400] {logging_mixin.py:137} INFO - [2023-03-22T15:04:18.558-0400] {dag.py:3437} INFO - Setting next_dagrun for example_dag_decorator to None, run_after=None
[2023-03-22T15:04:18.566-0400] {processor.py:175} INFO - Processing /Users/sunanda/Downloads/airflow/py_env/lib/python3.9/site-packages/airflow/example_dags/example_dag_decorator.py took 0.250 seconds
[2023-03-22T15:05:39.063-0400] {processor.py:153} INFO - Started process (PID=70700) to work on /Users/sunanda/Downloads/airflow/py_env/lib/python3.9/site-packages/airflow/example_dags/example_dag_decorator.py
[2023-03-22T15:05:39.066-0400] {processor.py:743} INFO - Processing file /Users/sunanda/Downloads/airflow/py_env/lib/python3.9/site-packages/airflow/example_dags/example_dag_decorator.py for tasks to queue
[2023-03-22T15:05:39.066-0400] {logging_mixin.py:137} INFO - [2023-03-22T15:05:39.066-0400] {dagbag.py:538} INFO - Filling up the DagBag from /Users/sunanda/Downloads/airflow/py_env/lib/python3.9/site-packages/airflow/example_dags/example_dag_decorator.py
[2023-03-22T15:05:39.126-0400] {logging_mixin.py:137} INFO - [2023-03-22T15:05:39.126-0400] {taskmixin.py:205} WARNING - Dependency <Task(_PythonDecoratedOperator): prepare_email>, send_email already registered for DAG: example_dag_decorator
[2023-03-22T15:05:39.126-0400] {logging_mixin.py:137} INFO - [2023-03-22T15:05:39.126-0400] {taskmixin.py:205} WARNING - Dependency <Task(EmailOperator): send_email>, prepare_email already registered for DAG: example_dag_decorator
[2023-03-22T15:05:39.139-0400] {processor.py:753} INFO - DAG(s) dict_keys(['example_dag_decorator']) retrieved from /Users/sunanda/Downloads/airflow/py_env/lib/python3.9/site-packages/airflow/example_dags/example_dag_decorator.py
[2023-03-22T15:05:39.295-0400] {logging_mixin.py:137} INFO - [2023-03-22T15:05:39.295-0400] {dag.py:2690} INFO - Sync 1 DAGs
[2023-03-22T15:05:39.302-0400] {logging_mixin.py:137} INFO - [2023-03-22T15:05:39.302-0400] {dag.py:3437} INFO - Setting next_dagrun for example_dag_decorator to None, run_after=None
[2023-03-22T15:05:39.311-0400] {processor.py:175} INFO - Processing /Users/sunanda/Downloads/airflow/py_env/lib/python3.9/site-packages/airflow/example_dags/example_dag_decorator.py took 0.248 seconds
[2023-03-22T19:11:53.467-0400] {processor.py:153} INFO - Started process (PID=3828) to work on /Users/sunanda/Downloads/airflow/py_env/lib/python3.9/site-packages/airflow/example_dags/example_dag_decorator.py
[2023-03-22T19:11:53.469-0400] {processor.py:743} INFO - Processing file /Users/sunanda/Downloads/airflow/py_env/lib/python3.9/site-packages/airflow/example_dags/example_dag_decorator.py for tasks to queue
[2023-03-22T19:11:53.469-0400] {logging_mixin.py:137} INFO - [2023-03-22T19:11:53.469-0400] {dagbag.py:538} INFO - Filling up the DagBag from /Users/sunanda/Downloads/airflow/py_env/lib/python3.9/site-packages/airflow/example_dags/example_dag_decorator.py
[2023-03-22T19:11:53.527-0400] {logging_mixin.py:137} INFO - [2023-03-22T19:11:53.527-0400] {taskmixin.py:205} WARNING - Dependency <Task(_PythonDecoratedOperator): prepare_email>, send_email already registered for DAG: example_dag_decorator
[2023-03-22T19:11:53.527-0400] {logging_mixin.py:137} INFO - [2023-03-22T19:11:53.527-0400] {taskmixin.py:205} WARNING - Dependency <Task(EmailOperator): send_email>, prepare_email already registered for DAG: example_dag_decorator
[2023-03-22T19:11:53.539-0400] {processor.py:753} INFO - DAG(s) dict_keys(['example_dag_decorator']) retrieved from /Users/sunanda/Downloads/airflow/py_env/lib/python3.9/site-packages/airflow/example_dags/example_dag_decorator.py
[2023-03-22T19:11:53.695-0400] {logging_mixin.py:137} INFO - [2023-03-22T19:11:53.695-0400] {dag.py:2690} INFO - Sync 1 DAGs
[2023-03-22T19:11:53.703-0400] {logging_mixin.py:137} INFO - [2023-03-22T19:11:53.703-0400] {dag.py:3437} INFO - Setting next_dagrun for example_dag_decorator to None, run_after=None
[2023-03-22T19:11:53.711-0400] {processor.py:175} INFO - Processing /Users/sunanda/Downloads/airflow/py_env/lib/python3.9/site-packages/airflow/example_dags/example_dag_decorator.py took 0.244 seconds
[2023-03-22T19:13:22.642-0400] {processor.py:153} INFO - Started process (PID=3964) to work on /Users/sunanda/Downloads/airflow/py_env/lib/python3.9/site-packages/airflow/example_dags/example_dag_decorator.py
[2023-03-22T19:13:22.644-0400] {processor.py:743} INFO - Processing file /Users/sunanda/Downloads/airflow/py_env/lib/python3.9/site-packages/airflow/example_dags/example_dag_decorator.py for tasks to queue
[2023-03-22T19:13:22.644-0400] {logging_mixin.py:137} INFO - [2023-03-22T19:13:22.644-0400] {dagbag.py:538} INFO - Filling up the DagBag from /Users/sunanda/Downloads/airflow/py_env/lib/python3.9/site-packages/airflow/example_dags/example_dag_decorator.py
[2023-03-22T19:13:22.702-0400] {logging_mixin.py:137} INFO - [2023-03-22T19:13:22.702-0400] {taskmixin.py:205} WARNING - Dependency <Task(_PythonDecoratedOperator): prepare_email>, send_email already registered for DAG: example_dag_decorator
[2023-03-22T19:13:22.702-0400] {logging_mixin.py:137} INFO - [2023-03-22T19:13:22.702-0400] {taskmixin.py:205} WARNING - Dependency <Task(EmailOperator): send_email>, prepare_email already registered for DAG: example_dag_decorator
[2023-03-22T19:13:22.715-0400] {processor.py:753} INFO - DAG(s) dict_keys(['example_dag_decorator']) retrieved from /Users/sunanda/Downloads/airflow/py_env/lib/python3.9/site-packages/airflow/example_dags/example_dag_decorator.py
[2023-03-22T19:13:22.874-0400] {logging_mixin.py:137} INFO - [2023-03-22T19:13:22.874-0400] {dag.py:2690} INFO - Sync 1 DAGs
[2023-03-22T19:13:22.882-0400] {logging_mixin.py:137} INFO - [2023-03-22T19:13:22.882-0400] {dag.py:3437} INFO - Setting next_dagrun for example_dag_decorator to None, run_after=None
[2023-03-22T19:13:22.890-0400] {processor.py:175} INFO - Processing /Users/sunanda/Downloads/airflow/py_env/lib/python3.9/site-packages/airflow/example_dags/example_dag_decorator.py took 0.249 seconds
[2023-03-22T19:24:45.636-0400] {processor.py:153} INFO - Started process (PID=4802) to work on /Users/sunanda/Downloads/airflow/py_env/lib/python3.9/site-packages/airflow/example_dags/example_dag_decorator.py
[2023-03-22T19:24:45.638-0400] {processor.py:743} INFO - Processing file /Users/sunanda/Downloads/airflow/py_env/lib/python3.9/site-packages/airflow/example_dags/example_dag_decorator.py for tasks to queue
[2023-03-22T19:24:45.639-0400] {logging_mixin.py:137} INFO - [2023-03-22T19:24:45.639-0400] {dagbag.py:538} INFO - Filling up the DagBag from /Users/sunanda/Downloads/airflow/py_env/lib/python3.9/site-packages/airflow/example_dags/example_dag_decorator.py
[2023-03-22T19:24:45.699-0400] {logging_mixin.py:137} INFO - [2023-03-22T19:24:45.699-0400] {taskmixin.py:205} WARNING - Dependency <Task(_PythonDecoratedOperator): prepare_email>, send_email already registered for DAG: example_dag_decorator
[2023-03-22T19:24:45.699-0400] {logging_mixin.py:137} INFO - [2023-03-22T19:24:45.699-0400] {taskmixin.py:205} WARNING - Dependency <Task(EmailOperator): send_email>, prepare_email already registered for DAG: example_dag_decorator
[2023-03-22T19:24:45.712-0400] {processor.py:753} INFO - DAG(s) dict_keys(['example_dag_decorator']) retrieved from /Users/sunanda/Downloads/airflow/py_env/lib/python3.9/site-packages/airflow/example_dags/example_dag_decorator.py
[2023-03-22T19:24:45.868-0400] {logging_mixin.py:137} INFO - [2023-03-22T19:24:45.868-0400] {dag.py:2690} INFO - Sync 1 DAGs
[2023-03-22T19:24:45.875-0400] {logging_mixin.py:137} INFO - [2023-03-22T19:24:45.875-0400] {dag.py:3437} INFO - Setting next_dagrun for example_dag_decorator to None, run_after=None
[2023-03-22T19:24:45.883-0400] {processor.py:175} INFO - Processing /Users/sunanda/Downloads/airflow/py_env/lib/python3.9/site-packages/airflow/example_dags/example_dag_decorator.py took 0.247 seconds
[2023-03-22T19:26:08.964-0400] {processor.py:153} INFO - Started process (PID=4932) to work on /Users/sunanda/Downloads/airflow/py_env/lib/python3.9/site-packages/airflow/example_dags/example_dag_decorator.py
[2023-03-22T19:26:08.967-0400] {processor.py:743} INFO - Processing file /Users/sunanda/Downloads/airflow/py_env/lib/python3.9/site-packages/airflow/example_dags/example_dag_decorator.py for tasks to queue
[2023-03-22T19:26:08.967-0400] {logging_mixin.py:137} INFO - [2023-03-22T19:26:08.967-0400] {dagbag.py:538} INFO - Filling up the DagBag from /Users/sunanda/Downloads/airflow/py_env/lib/python3.9/site-packages/airflow/example_dags/example_dag_decorator.py
[2023-03-22T19:26:09.033-0400] {logging_mixin.py:137} INFO - [2023-03-22T19:26:09.033-0400] {taskmixin.py:205} WARNING - Dependency <Task(_PythonDecoratedOperator): prepare_email>, send_email already registered for DAG: example_dag_decorator
[2023-03-22T19:26:09.033-0400] {logging_mixin.py:137} INFO - [2023-03-22T19:26:09.033-0400] {taskmixin.py:205} WARNING - Dependency <Task(EmailOperator): send_email>, prepare_email already registered for DAG: example_dag_decorator
[2023-03-22T19:26:09.046-0400] {processor.py:753} INFO - DAG(s) dict_keys(['example_dag_decorator']) retrieved from /Users/sunanda/Downloads/airflow/py_env/lib/python3.9/site-packages/airflow/example_dags/example_dag_decorator.py
[2023-03-22T19:26:09.202-0400] {logging_mixin.py:137} INFO - [2023-03-22T19:26:09.202-0400] {dag.py:2690} INFO - Sync 1 DAGs
[2023-03-22T19:26:09.209-0400] {logging_mixin.py:137} INFO - [2023-03-22T19:26:09.209-0400] {dag.py:3437} INFO - Setting next_dagrun for example_dag_decorator to None, run_after=None
[2023-03-22T19:26:09.217-0400] {processor.py:175} INFO - Processing /Users/sunanda/Downloads/airflow/py_env/lib/python3.9/site-packages/airflow/example_dags/example_dag_decorator.py took 0.253 seconds
[2023-03-22T19:27:35.182-0400] {processor.py:153} INFO - Started process (PID=5071) to work on /Users/sunanda/Downloads/airflow/py_env/lib/python3.9/site-packages/airflow/example_dags/example_dag_decorator.py
[2023-03-22T19:27:35.185-0400] {processor.py:743} INFO - Processing file /Users/sunanda/Downloads/airflow/py_env/lib/python3.9/site-packages/airflow/example_dags/example_dag_decorator.py for tasks to queue
[2023-03-22T19:27:35.186-0400] {logging_mixin.py:137} INFO - [2023-03-22T19:27:35.186-0400] {dagbag.py:538} INFO - Filling up the DagBag from /Users/sunanda/Downloads/airflow/py_env/lib/python3.9/site-packages/airflow/example_dags/example_dag_decorator.py
[2023-03-22T19:27:35.246-0400] {logging_mixin.py:137} INFO - [2023-03-22T19:27:35.246-0400] {taskmixin.py:205} WARNING - Dependency <Task(_PythonDecoratedOperator): prepare_email>, send_email already registered for DAG: example_dag_decorator
[2023-03-22T19:27:35.246-0400] {logging_mixin.py:137} INFO - [2023-03-22T19:27:35.246-0400] {taskmixin.py:205} WARNING - Dependency <Task(EmailOperator): send_email>, prepare_email already registered for DAG: example_dag_decorator
[2023-03-22T19:27:35.259-0400] {processor.py:753} INFO - DAG(s) dict_keys(['example_dag_decorator']) retrieved from /Users/sunanda/Downloads/airflow/py_env/lib/python3.9/site-packages/airflow/example_dags/example_dag_decorator.py
[2023-03-22T19:27:35.417-0400] {logging_mixin.py:137} INFO - [2023-03-22T19:27:35.417-0400] {dag.py:2690} INFO - Sync 1 DAGs
[2023-03-22T19:27:35.424-0400] {logging_mixin.py:137} INFO - [2023-03-22T19:27:35.424-0400] {dag.py:3437} INFO - Setting next_dagrun for example_dag_decorator to None, run_after=None
[2023-03-22T19:27:35.432-0400] {processor.py:175} INFO - Processing /Users/sunanda/Downloads/airflow/py_env/lib/python3.9/site-packages/airflow/example_dags/example_dag_decorator.py took 0.250 seconds
