[2023-03-22T14:54:06.845-0400] {processor.py:153} INFO - Started process (PID=69584) to work on /Users/sunanda/Downloads/airflow/py_env/lib/python3.9/site-packages/airflow/example_dags/example_sensor_decorator.py
[2023-03-22T14:54:06.847-0400] {processor.py:743} INFO - Processing file /Users/sunanda/Downloads/airflow/py_env/lib/python3.9/site-packages/airflow/example_dags/example_sensor_decorator.py for tasks to queue
[2023-03-22T14:54:06.848-0400] {logging_mixin.py:137} INFO - [2023-03-22T14:54:06.848-0400] {dagbag.py:538} INFO - Filling up the DagBag from /Users/sunanda/Downloads/airflow/py_env/lib/python3.9/site-packages/airflow/example_dags/example_sensor_decorator.py
[2023-03-22T14:54:06.868-0400] {processor.py:753} INFO - DAG(s) dict_keys(['example_sensor_decorator']) retrieved from /Users/sunanda/Downloads/airflow/py_env/lib/python3.9/site-packages/airflow/example_dags/example_sensor_decorator.py
[2023-03-22T14:54:07.096-0400] {logging_mixin.py:137} INFO - [2023-03-22T14:54:07.096-0400] {dag.py:2690} INFO - Sync 1 DAGs
[2023-03-22T14:54:07.103-0400] {logging_mixin.py:137} INFO - [2023-03-22T14:54:07.103-0400] {dag.py:3437} INFO - Setting next_dagrun for example_sensor_decorator to None, run_after=None
[2023-03-22T14:54:07.112-0400] {processor.py:175} INFO - Processing /Users/sunanda/Downloads/airflow/py_env/lib/python3.9/site-packages/airflow/example_dags/example_sensor_decorator.py took 0.267 seconds
[2023-03-22T14:55:20.231-0400] {processor.py:153} INFO - Started process (PID=69699) to work on /Users/sunanda/Downloads/airflow/py_env/lib/python3.9/site-packages/airflow/example_dags/example_sensor_decorator.py
[2023-03-22T14:55:20.233-0400] {processor.py:743} INFO - Processing file /Users/sunanda/Downloads/airflow/py_env/lib/python3.9/site-packages/airflow/example_dags/example_sensor_decorator.py for tasks to queue
[2023-03-22T14:55:20.233-0400] {logging_mixin.py:137} INFO - [2023-03-22T14:55:20.233-0400] {dagbag.py:538} INFO - Filling up the DagBag from /Users/sunanda/Downloads/airflow/py_env/lib/python3.9/site-packages/airflow/example_dags/example_sensor_decorator.py
[2023-03-22T14:55:20.252-0400] {processor.py:753} INFO - DAG(s) dict_keys(['example_sensor_decorator']) retrieved from /Users/sunanda/Downloads/airflow/py_env/lib/python3.9/site-packages/airflow/example_dags/example_sensor_decorator.py
[2023-03-22T14:55:20.476-0400] {logging_mixin.py:137} INFO - [2023-03-22T14:55:20.476-0400] {dag.py:2690} INFO - Sync 1 DAGs
[2023-03-22T14:55:20.483-0400] {logging_mixin.py:137} INFO - [2023-03-22T14:55:20.483-0400] {dag.py:3437} INFO - Setting next_dagrun for example_sensor_decorator to None, run_after=None
[2023-03-22T14:55:20.490-0400] {processor.py:175} INFO - Processing /Users/sunanda/Downloads/airflow/py_env/lib/python3.9/site-packages/airflow/example_dags/example_sensor_decorator.py took 0.259 seconds
[2023-03-22T14:56:40.452-0400] {processor.py:153} INFO - Started process (PID=69825) to work on /Users/sunanda/Downloads/airflow/py_env/lib/python3.9/site-packages/airflow/example_dags/example_sensor_decorator.py
[2023-03-22T14:56:40.455-0400] {processor.py:743} INFO - Processing file /Users/sunanda/Downloads/airflow/py_env/lib/python3.9/site-packages/airflow/example_dags/example_sensor_decorator.py for tasks to queue
[2023-03-22T14:56:40.456-0400] {logging_mixin.py:137} INFO - [2023-03-22T14:56:40.456-0400] {dagbag.py:538} INFO - Filling up the DagBag from /Users/sunanda/Downloads/airflow/py_env/lib/python3.9/site-packages/airflow/example_dags/example_sensor_decorator.py
[2023-03-22T14:56:40.475-0400] {processor.py:753} INFO - DAG(s) dict_keys(['example_sensor_decorator']) retrieved from /Users/sunanda/Downloads/airflow/py_env/lib/python3.9/site-packages/airflow/example_dags/example_sensor_decorator.py
[2023-03-22T14:56:40.698-0400] {logging_mixin.py:137} INFO - [2023-03-22T14:56:40.698-0400] {dag.py:2690} INFO - Sync 1 DAGs
[2023-03-22T14:56:40.705-0400] {logging_mixin.py:137} INFO - [2023-03-22T14:56:40.705-0400] {dag.py:3437} INFO - Setting next_dagrun for example_sensor_decorator to None, run_after=None
[2023-03-22T14:56:40.713-0400] {processor.py:175} INFO - Processing /Users/sunanda/Downloads/airflow/py_env/lib/python3.9/site-packages/airflow/example_dags/example_sensor_decorator.py took 0.261 seconds
[2023-03-22T14:58:01.782-0400] {processor.py:153} INFO - Started process (PID=69953) to work on /Users/sunanda/Downloads/airflow/py_env/lib/python3.9/site-packages/airflow/example_dags/example_sensor_decorator.py
[2023-03-22T14:58:01.785-0400] {processor.py:743} INFO - Processing file /Users/sunanda/Downloads/airflow/py_env/lib/python3.9/site-packages/airflow/example_dags/example_sensor_decorator.py for tasks to queue
[2023-03-22T14:58:01.785-0400] {logging_mixin.py:137} INFO - [2023-03-22T14:58:01.785-0400] {dagbag.py:538} INFO - Filling up the DagBag from /Users/sunanda/Downloads/airflow/py_env/lib/python3.9/site-packages/airflow/example_dags/example_sensor_decorator.py
[2023-03-22T14:58:01.806-0400] {processor.py:753} INFO - DAG(s) dict_keys(['example_sensor_decorator']) retrieved from /Users/sunanda/Downloads/airflow/py_env/lib/python3.9/site-packages/airflow/example_dags/example_sensor_decorator.py
[2023-03-22T14:58:02.047-0400] {logging_mixin.py:137} INFO - [2023-03-22T14:58:02.047-0400] {dag.py:2690} INFO - Sync 1 DAGs
[2023-03-22T14:58:02.055-0400] {logging_mixin.py:137} INFO - [2023-03-22T14:58:02.055-0400] {dag.py:3437} INFO - Setting next_dagrun for example_sensor_decorator to None, run_after=None
[2023-03-22T14:58:02.099-0400] {processor.py:175} INFO - Processing /Users/sunanda/Downloads/airflow/py_env/lib/python3.9/site-packages/airflow/example_dags/example_sensor_decorator.py took 0.318 seconds
[2023-03-22T14:59:29.041-0400] {processor.py:153} INFO - Started process (PID=70090) to work on /Users/sunanda/Downloads/airflow/py_env/lib/python3.9/site-packages/airflow/example_dags/example_sensor_decorator.py
[2023-03-22T14:59:29.044-0400] {processor.py:743} INFO - Processing file /Users/sunanda/Downloads/airflow/py_env/lib/python3.9/site-packages/airflow/example_dags/example_sensor_decorator.py for tasks to queue
[2023-03-22T14:59:29.044-0400] {logging_mixin.py:137} INFO - [2023-03-22T14:59:29.044-0400] {dagbag.py:538} INFO - Filling up the DagBag from /Users/sunanda/Downloads/airflow/py_env/lib/python3.9/site-packages/airflow/example_dags/example_sensor_decorator.py
[2023-03-22T14:59:29.065-0400] {processor.py:753} INFO - DAG(s) dict_keys(['example_sensor_decorator']) retrieved from /Users/sunanda/Downloads/airflow/py_env/lib/python3.9/site-packages/airflow/example_dags/example_sensor_decorator.py
[2023-03-22T14:59:29.307-0400] {logging_mixin.py:137} INFO - [2023-03-22T14:59:29.307-0400] {dag.py:2690} INFO - Sync 1 DAGs
[2023-03-22T14:59:29.315-0400] {logging_mixin.py:137} INFO - [2023-03-22T14:59:29.315-0400] {dag.py:3437} INFO - Setting next_dagrun for example_sensor_decorator to None, run_after=None
[2023-03-22T14:59:29.324-0400] {processor.py:175} INFO - Processing /Users/sunanda/Downloads/airflow/py_env/lib/python3.9/site-packages/airflow/example_dags/example_sensor_decorator.py took 0.283 seconds
[2023-03-22T15:00:54.667-0400] {processor.py:153} INFO - Started process (PID=70225) to work on /Users/sunanda/Downloads/airflow/py_env/lib/python3.9/site-packages/airflow/example_dags/example_sensor_decorator.py
[2023-03-22T15:00:54.669-0400] {processor.py:743} INFO - Processing file /Users/sunanda/Downloads/airflow/py_env/lib/python3.9/site-packages/airflow/example_dags/example_sensor_decorator.py for tasks to queue
[2023-03-22T15:00:54.669-0400] {logging_mixin.py:137} INFO - [2023-03-22T15:00:54.669-0400] {dagbag.py:538} INFO - Filling up the DagBag from /Users/sunanda/Downloads/airflow/py_env/lib/python3.9/site-packages/airflow/example_dags/example_sensor_decorator.py
[2023-03-22T15:00:54.688-0400] {processor.py:753} INFO - DAG(s) dict_keys(['example_sensor_decorator']) retrieved from /Users/sunanda/Downloads/airflow/py_env/lib/python3.9/site-packages/airflow/example_dags/example_sensor_decorator.py
[2023-03-22T15:00:54.915-0400] {logging_mixin.py:137} INFO - [2023-03-22T15:00:54.915-0400] {dag.py:2690} INFO - Sync 1 DAGs
[2023-03-22T15:00:54.923-0400] {logging_mixin.py:137} INFO - [2023-03-22T15:00:54.923-0400] {dag.py:3437} INFO - Setting next_dagrun for example_sensor_decorator to None, run_after=None
[2023-03-22T15:00:54.931-0400] {processor.py:175} INFO - Processing /Users/sunanda/Downloads/airflow/py_env/lib/python3.9/site-packages/airflow/example_dags/example_sensor_decorator.py took 0.264 seconds
[2023-03-22T15:02:20.268-0400] {processor.py:153} INFO - Started process (PID=70364) to work on /Users/sunanda/Downloads/airflow/py_env/lib/python3.9/site-packages/airflow/example_dags/example_sensor_decorator.py
[2023-03-22T15:02:20.271-0400] {processor.py:743} INFO - Processing file /Users/sunanda/Downloads/airflow/py_env/lib/python3.9/site-packages/airflow/example_dags/example_sensor_decorator.py for tasks to queue
[2023-03-22T15:02:20.271-0400] {logging_mixin.py:137} INFO - [2023-03-22T15:02:20.271-0400] {dagbag.py:538} INFO - Filling up the DagBag from /Users/sunanda/Downloads/airflow/py_env/lib/python3.9/site-packages/airflow/example_dags/example_sensor_decorator.py
[2023-03-22T15:02:20.291-0400] {processor.py:753} INFO - DAG(s) dict_keys(['example_sensor_decorator']) retrieved from /Users/sunanda/Downloads/airflow/py_env/lib/python3.9/site-packages/airflow/example_dags/example_sensor_decorator.py
[2023-03-22T15:02:20.522-0400] {logging_mixin.py:137} INFO - [2023-03-22T15:02:20.521-0400] {dag.py:2690} INFO - Sync 1 DAGs
[2023-03-22T15:02:20.528-0400] {logging_mixin.py:137} INFO - [2023-03-22T15:02:20.528-0400] {dag.py:3437} INFO - Setting next_dagrun for example_sensor_decorator to None, run_after=None
[2023-03-22T15:02:20.535-0400] {processor.py:175} INFO - Processing /Users/sunanda/Downloads/airflow/py_env/lib/python3.9/site-packages/airflow/example_dags/example_sensor_decorator.py took 0.268 seconds
[2023-03-22T15:03:46.682-0400] {processor.py:153} INFO - Started process (PID=70506) to work on /Users/sunanda/Downloads/airflow/py_env/lib/python3.9/site-packages/airflow/example_dags/example_sensor_decorator.py
[2023-03-22T15:03:46.684-0400] {processor.py:743} INFO - Processing file /Users/sunanda/Downloads/airflow/py_env/lib/python3.9/site-packages/airflow/example_dags/example_sensor_decorator.py for tasks to queue
[2023-03-22T15:03:46.684-0400] {logging_mixin.py:137} INFO - [2023-03-22T15:03:46.684-0400] {dagbag.py:538} INFO - Filling up the DagBag from /Users/sunanda/Downloads/airflow/py_env/lib/python3.9/site-packages/airflow/example_dags/example_sensor_decorator.py
[2023-03-22T15:03:46.703-0400] {processor.py:753} INFO - DAG(s) dict_keys(['example_sensor_decorator']) retrieved from /Users/sunanda/Downloads/airflow/py_env/lib/python3.9/site-packages/airflow/example_dags/example_sensor_decorator.py
[2023-03-22T15:03:46.922-0400] {logging_mixin.py:137} INFO - [2023-03-22T15:03:46.922-0400] {dag.py:2690} INFO - Sync 1 DAGs
[2023-03-22T15:03:46.930-0400] {logging_mixin.py:137} INFO - [2023-03-22T15:03:46.930-0400] {dag.py:3437} INFO - Setting next_dagrun for example_sensor_decorator to None, run_after=None
[2023-03-22T15:03:46.937-0400] {processor.py:175} INFO - Processing /Users/sunanda/Downloads/airflow/py_env/lib/python3.9/site-packages/airflow/example_dags/example_sensor_decorator.py took 0.256 seconds
[2023-03-22T15:05:05.696-0400] {processor.py:153} INFO - Started process (PID=70647) to work on /Users/sunanda/Downloads/airflow/py_env/lib/python3.9/site-packages/airflow/example_dags/example_sensor_decorator.py
[2023-03-22T15:05:05.698-0400] {processor.py:743} INFO - Processing file /Users/sunanda/Downloads/airflow/py_env/lib/python3.9/site-packages/airflow/example_dags/example_sensor_decorator.py for tasks to queue
[2023-03-22T15:05:05.698-0400] {logging_mixin.py:137} INFO - [2023-03-22T15:05:05.698-0400] {dagbag.py:538} INFO - Filling up the DagBag from /Users/sunanda/Downloads/airflow/py_env/lib/python3.9/site-packages/airflow/example_dags/example_sensor_decorator.py
[2023-03-22T15:05:05.717-0400] {processor.py:753} INFO - DAG(s) dict_keys(['example_sensor_decorator']) retrieved from /Users/sunanda/Downloads/airflow/py_env/lib/python3.9/site-packages/airflow/example_dags/example_sensor_decorator.py
[2023-03-22T15:05:05.941-0400] {logging_mixin.py:137} INFO - [2023-03-22T15:05:05.940-0400] {dag.py:2690} INFO - Sync 1 DAGs
[2023-03-22T15:05:05.948-0400] {logging_mixin.py:137} INFO - [2023-03-22T15:05:05.948-0400] {dag.py:3437} INFO - Setting next_dagrun for example_sensor_decorator to None, run_after=None
[2023-03-22T15:05:05.955-0400] {processor.py:175} INFO - Processing /Users/sunanda/Downloads/airflow/py_env/lib/python3.9/site-packages/airflow/example_dags/example_sensor_decorator.py took 0.259 seconds
[2023-03-22T16:18:56.836-0400] {processor.py:153} INFO - Started process (PID=74900) to work on /Users/sunanda/Downloads/airflow/py_env/lib/python3.9/site-packages/airflow/example_dags/example_sensor_decorator.py
[2023-03-22T16:18:56.842-0400] {processor.py:743} INFO - Processing file /Users/sunanda/Downloads/airflow/py_env/lib/python3.9/site-packages/airflow/example_dags/example_sensor_decorator.py for tasks to queue
[2023-03-22T16:18:56.842-0400] {logging_mixin.py:137} INFO - [2023-03-22T16:18:56.842-0400] {dagbag.py:538} INFO - Filling up the DagBag from /Users/sunanda/Downloads/airflow/py_env/lib/python3.9/site-packages/airflow/example_dags/example_sensor_decorator.py
[2023-03-22T16:18:56.879-0400] {processor.py:753} INFO - DAG(s) dict_keys(['example_sensor_decorator']) retrieved from /Users/sunanda/Downloads/airflow/py_env/lib/python3.9/site-packages/airflow/example_dags/example_sensor_decorator.py
[2023-03-22T16:18:57.408-0400] {logging_mixin.py:137} INFO - [2023-03-22T16:18:57.408-0400] {dag.py:2690} INFO - Sync 1 DAGs
[2023-03-22T16:18:57.436-0400] {logging_mixin.py:137} INFO - [2023-03-22T16:18:57.436-0400] {dag.py:3437} INFO - Setting next_dagrun for example_sensor_decorator to None, run_after=None
[2023-03-22T16:18:57.446-0400] {processor.py:175} INFO - Processing /Users/sunanda/Downloads/airflow/py_env/lib/python3.9/site-packages/airflow/example_dags/example_sensor_decorator.py took 0.610 seconds
[2023-03-22T19:11:34.418-0400] {processor.py:153} INFO - Started process (PID=3799) to work on /Users/sunanda/Downloads/airflow/py_env/lib/python3.9/site-packages/airflow/example_dags/example_sensor_decorator.py
[2023-03-22T19:11:34.420-0400] {processor.py:743} INFO - Processing file /Users/sunanda/Downloads/airflow/py_env/lib/python3.9/site-packages/airflow/example_dags/example_sensor_decorator.py for tasks to queue
[2023-03-22T19:11:34.420-0400] {logging_mixin.py:137} INFO - [2023-03-22T19:11:34.420-0400] {dagbag.py:538} INFO - Filling up the DagBag from /Users/sunanda/Downloads/airflow/py_env/lib/python3.9/site-packages/airflow/example_dags/example_sensor_decorator.py
[2023-03-22T19:11:34.438-0400] {processor.py:753} INFO - DAG(s) dict_keys(['example_sensor_decorator']) retrieved from /Users/sunanda/Downloads/airflow/py_env/lib/python3.9/site-packages/airflow/example_dags/example_sensor_decorator.py
[2023-03-22T19:11:34.659-0400] {logging_mixin.py:137} INFO - [2023-03-22T19:11:34.658-0400] {dag.py:2690} INFO - Sync 1 DAGs
[2023-03-22T19:11:34.665-0400] {logging_mixin.py:137} INFO - [2023-03-22T19:11:34.665-0400] {dag.py:3437} INFO - Setting next_dagrun for example_sensor_decorator to None, run_after=None
[2023-03-22T19:11:34.672-0400] {processor.py:175} INFO - Processing /Users/sunanda/Downloads/airflow/py_env/lib/python3.9/site-packages/airflow/example_dags/example_sensor_decorator.py took 0.255 seconds
[2023-03-22T19:12:47.012-0400] {processor.py:153} INFO - Started process (PID=3909) to work on /Users/sunanda/Downloads/airflow/py_env/lib/python3.9/site-packages/airflow/example_dags/example_sensor_decorator.py
[2023-03-22T19:12:47.014-0400] {processor.py:743} INFO - Processing file /Users/sunanda/Downloads/airflow/py_env/lib/python3.9/site-packages/airflow/example_dags/example_sensor_decorator.py for tasks to queue
[2023-03-22T19:12:47.014-0400] {logging_mixin.py:137} INFO - [2023-03-22T19:12:47.014-0400] {dagbag.py:538} INFO - Filling up the DagBag from /Users/sunanda/Downloads/airflow/py_env/lib/python3.9/site-packages/airflow/example_dags/example_sensor_decorator.py
[2023-03-22T19:12:47.031-0400] {processor.py:753} INFO - DAG(s) dict_keys(['example_sensor_decorator']) retrieved from /Users/sunanda/Downloads/airflow/py_env/lib/python3.9/site-packages/airflow/example_dags/example_sensor_decorator.py
[2023-03-22T19:12:47.253-0400] {logging_mixin.py:137} INFO - [2023-03-22T19:12:47.252-0400] {dag.py:2690} INFO - Sync 1 DAGs
[2023-03-22T19:12:47.259-0400] {logging_mixin.py:137} INFO - [2023-03-22T19:12:47.259-0400] {dag.py:3437} INFO - Setting next_dagrun for example_sensor_decorator to None, run_after=None
[2023-03-22T19:12:47.266-0400] {processor.py:175} INFO - Processing /Users/sunanda/Downloads/airflow/py_env/lib/python3.9/site-packages/airflow/example_dags/example_sensor_decorator.py took 0.255 seconds
[2023-03-22T19:24:25.709-0400] {processor.py:153} INFO - Started process (PID=4772) to work on /Users/sunanda/Downloads/airflow/py_env/lib/python3.9/site-packages/airflow/example_dags/example_sensor_decorator.py
[2023-03-22T19:24:25.712-0400] {processor.py:743} INFO - Processing file /Users/sunanda/Downloads/airflow/py_env/lib/python3.9/site-packages/airflow/example_dags/example_sensor_decorator.py for tasks to queue
[2023-03-22T19:24:25.713-0400] {logging_mixin.py:137} INFO - [2023-03-22T19:24:25.712-0400] {dagbag.py:538} INFO - Filling up the DagBag from /Users/sunanda/Downloads/airflow/py_env/lib/python3.9/site-packages/airflow/example_dags/example_sensor_decorator.py
[2023-03-22T19:24:25.732-0400] {processor.py:753} INFO - DAG(s) dict_keys(['example_sensor_decorator']) retrieved from /Users/sunanda/Downloads/airflow/py_env/lib/python3.9/site-packages/airflow/example_dags/example_sensor_decorator.py
[2023-03-22T19:24:25.954-0400] {logging_mixin.py:137} INFO - [2023-03-22T19:24:25.954-0400] {dag.py:2690} INFO - Sync 1 DAGs
[2023-03-22T19:24:25.961-0400] {logging_mixin.py:137} INFO - [2023-03-22T19:24:25.961-0400] {dag.py:3437} INFO - Setting next_dagrun for example_sensor_decorator to None, run_after=None
[2023-03-22T19:24:25.969-0400] {processor.py:175} INFO - Processing /Users/sunanda/Downloads/airflow/py_env/lib/python3.9/site-packages/airflow/example_dags/example_sensor_decorator.py took 0.260 seconds
[2023-03-22T19:25:37.978-0400] {processor.py:153} INFO - Started process (PID=4884) to work on /Users/sunanda/Downloads/airflow/py_env/lib/python3.9/site-packages/airflow/example_dags/example_sensor_decorator.py
[2023-03-22T19:25:37.981-0400] {processor.py:743} INFO - Processing file /Users/sunanda/Downloads/airflow/py_env/lib/python3.9/site-packages/airflow/example_dags/example_sensor_decorator.py for tasks to queue
[2023-03-22T19:25:37.981-0400] {logging_mixin.py:137} INFO - [2023-03-22T19:25:37.981-0400] {dagbag.py:538} INFO - Filling up the DagBag from /Users/sunanda/Downloads/airflow/py_env/lib/python3.9/site-packages/airflow/example_dags/example_sensor_decorator.py
[2023-03-22T19:25:38.001-0400] {processor.py:753} INFO - DAG(s) dict_keys(['example_sensor_decorator']) retrieved from /Users/sunanda/Downloads/airflow/py_env/lib/python3.9/site-packages/airflow/example_dags/example_sensor_decorator.py
[2023-03-22T19:25:38.229-0400] {logging_mixin.py:137} INFO - [2023-03-22T19:25:38.228-0400] {dag.py:2690} INFO - Sync 1 DAGs
[2023-03-22T19:25:38.236-0400] {logging_mixin.py:137} INFO - [2023-03-22T19:25:38.236-0400] {dag.py:3437} INFO - Setting next_dagrun for example_sensor_decorator to None, run_after=None
[2023-03-22T19:25:38.243-0400] {processor.py:175} INFO - Processing /Users/sunanda/Downloads/airflow/py_env/lib/python3.9/site-packages/airflow/example_dags/example_sensor_decorator.py took 0.266 seconds
[2023-03-22T19:27:00.857-0400] {processor.py:153} INFO - Started process (PID=5015) to work on /Users/sunanda/Downloads/airflow/py_env/lib/python3.9/site-packages/airflow/example_dags/example_sensor_decorator.py
[2023-03-22T19:27:00.860-0400] {processor.py:743} INFO - Processing file /Users/sunanda/Downloads/airflow/py_env/lib/python3.9/site-packages/airflow/example_dags/example_sensor_decorator.py for tasks to queue
[2023-03-22T19:27:00.860-0400] {logging_mixin.py:137} INFO - [2023-03-22T19:27:00.860-0400] {dagbag.py:538} INFO - Filling up the DagBag from /Users/sunanda/Downloads/airflow/py_env/lib/python3.9/site-packages/airflow/example_dags/example_sensor_decorator.py
[2023-03-22T19:27:00.880-0400] {processor.py:753} INFO - DAG(s) dict_keys(['example_sensor_decorator']) retrieved from /Users/sunanda/Downloads/airflow/py_env/lib/python3.9/site-packages/airflow/example_dags/example_sensor_decorator.py
[2023-03-22T19:27:01.103-0400] {logging_mixin.py:137} INFO - [2023-03-22T19:27:01.103-0400] {dag.py:2690} INFO - Sync 1 DAGs
[2023-03-22T19:27:01.110-0400] {logging_mixin.py:137} INFO - [2023-03-22T19:27:01.110-0400] {dag.py:3437} INFO - Setting next_dagrun for example_sensor_decorator to None, run_after=None
[2023-03-22T19:27:01.117-0400] {processor.py:175} INFO - Processing /Users/sunanda/Downloads/airflow/py_env/lib/python3.9/site-packages/airflow/example_dags/example_sensor_decorator.py took 0.260 seconds
