[2023-03-22T14:53:55.388-0400] {processor.py:153} INFO - Started process (PID=69565) to work on /Users/sunanda/Downloads/airflow/py_env/lib/python3.9/site-packages/airflow/example_dags/example_task_group.py
[2023-03-22T14:53:55.390-0400] {processor.py:743} INFO - Processing file /Users/sunanda/Downloads/airflow/py_env/lib/python3.9/site-packages/airflow/example_dags/example_task_group.py for tasks to queue
[2023-03-22T14:53:55.391-0400] {logging_mixin.py:137} INFO - [2023-03-22T14:53:55.391-0400] {dagbag.py:538} INFO - Filling up the DagBag from /Users/sunanda/Downloads/airflow/py_env/lib/python3.9/site-packages/airflow/example_dags/example_task_group.py
[2023-03-22T14:53:55.402-0400] {processor.py:753} INFO - DAG(s) dict_keys(['example_task_group']) retrieved from /Users/sunanda/Downloads/airflow/py_env/lib/python3.9/site-packages/airflow/example_dags/example_task_group.py
[2023-03-22T14:53:55.611-0400] {logging_mixin.py:137} INFO - [2023-03-22T14:53:55.611-0400] {dag.py:2690} INFO - Sync 1 DAGs
[2023-03-22T14:53:55.617-0400] {logging_mixin.py:137} INFO - [2023-03-22T14:53:55.617-0400] {dag.py:3437} INFO - Setting next_dagrun for example_task_group to 2023-03-21T18:53:55.617677+00:00, run_after=2023-03-22T18:53:55.617677+00:00
[2023-03-22T14:53:55.626-0400] {processor.py:175} INFO - Processing /Users/sunanda/Downloads/airflow/py_env/lib/python3.9/site-packages/airflow/example_dags/example_task_group.py took 0.238 seconds
[2023-03-22T14:55:07.270-0400] {processor.py:153} INFO - Started process (PID=69680) to work on /Users/sunanda/Downloads/airflow/py_env/lib/python3.9/site-packages/airflow/example_dags/example_task_group.py
[2023-03-22T14:55:07.273-0400] {processor.py:743} INFO - Processing file /Users/sunanda/Downloads/airflow/py_env/lib/python3.9/site-packages/airflow/example_dags/example_task_group.py for tasks to queue
[2023-03-22T14:55:07.273-0400] {logging_mixin.py:137} INFO - [2023-03-22T14:55:07.273-0400] {dagbag.py:538} INFO - Filling up the DagBag from /Users/sunanda/Downloads/airflow/py_env/lib/python3.9/site-packages/airflow/example_dags/example_task_group.py
[2023-03-22T14:55:07.284-0400] {processor.py:753} INFO - DAG(s) dict_keys(['example_task_group']) retrieved from /Users/sunanda/Downloads/airflow/py_env/lib/python3.9/site-packages/airflow/example_dags/example_task_group.py
[2023-03-22T14:55:07.482-0400] {logging_mixin.py:137} INFO - [2023-03-22T14:55:07.482-0400] {dag.py:2690} INFO - Sync 1 DAGs
[2023-03-22T14:55:07.489-0400] {logging_mixin.py:137} INFO - [2023-03-22T14:55:07.489-0400] {dag.py:3437} INFO - Setting next_dagrun for example_task_group to 2023-03-21T18:55:07.488945+00:00, run_after=2023-03-22T18:55:07.488945+00:00
[2023-03-22T14:55:07.496-0400] {processor.py:175} INFO - Processing /Users/sunanda/Downloads/airflow/py_env/lib/python3.9/site-packages/airflow/example_dags/example_task_group.py took 0.226 seconds
[2023-03-22T14:56:28.289-0400] {processor.py:153} INFO - Started process (PID=69806) to work on /Users/sunanda/Downloads/airflow/py_env/lib/python3.9/site-packages/airflow/example_dags/example_task_group.py
[2023-03-22T14:56:28.292-0400] {processor.py:743} INFO - Processing file /Users/sunanda/Downloads/airflow/py_env/lib/python3.9/site-packages/airflow/example_dags/example_task_group.py for tasks to queue
[2023-03-22T14:56:28.292-0400] {logging_mixin.py:137} INFO - [2023-03-22T14:56:28.292-0400] {dagbag.py:538} INFO - Filling up the DagBag from /Users/sunanda/Downloads/airflow/py_env/lib/python3.9/site-packages/airflow/example_dags/example_task_group.py
[2023-03-22T14:56:28.304-0400] {processor.py:753} INFO - DAG(s) dict_keys(['example_task_group']) retrieved from /Users/sunanda/Downloads/airflow/py_env/lib/python3.9/site-packages/airflow/example_dags/example_task_group.py
[2023-03-22T14:56:28.520-0400] {logging_mixin.py:137} INFO - [2023-03-22T14:56:28.520-0400] {dag.py:2690} INFO - Sync 1 DAGs
[2023-03-22T14:56:28.527-0400] {logging_mixin.py:137} INFO - [2023-03-22T14:56:28.527-0400] {dag.py:3437} INFO - Setting next_dagrun for example_task_group to 2023-03-21T18:56:28.527512+00:00, run_after=2023-03-22T18:56:28.527512+00:00
[2023-03-22T14:56:28.535-0400] {processor.py:175} INFO - Processing /Users/sunanda/Downloads/airflow/py_env/lib/python3.9/site-packages/airflow/example_dags/example_task_group.py took 0.247 seconds
[2023-03-22T14:57:48.703-0400] {processor.py:153} INFO - Started process (PID=69932) to work on /Users/sunanda/Downloads/airflow/py_env/lib/python3.9/site-packages/airflow/example_dags/example_task_group.py
[2023-03-22T14:57:48.706-0400] {processor.py:743} INFO - Processing file /Users/sunanda/Downloads/airflow/py_env/lib/python3.9/site-packages/airflow/example_dags/example_task_group.py for tasks to queue
[2023-03-22T14:57:48.706-0400] {logging_mixin.py:137} INFO - [2023-03-22T14:57:48.706-0400] {dagbag.py:538} INFO - Filling up the DagBag from /Users/sunanda/Downloads/airflow/py_env/lib/python3.9/site-packages/airflow/example_dags/example_task_group.py
[2023-03-22T14:57:48.718-0400] {processor.py:753} INFO - DAG(s) dict_keys(['example_task_group']) retrieved from /Users/sunanda/Downloads/airflow/py_env/lib/python3.9/site-packages/airflow/example_dags/example_task_group.py
[2023-03-22T14:57:48.927-0400] {logging_mixin.py:137} INFO - [2023-03-22T14:57:48.927-0400] {dag.py:2690} INFO - Sync 1 DAGs
[2023-03-22T14:57:48.934-0400] {logging_mixin.py:137} INFO - [2023-03-22T14:57:48.934-0400] {dag.py:3437} INFO - Setting next_dagrun for example_task_group to 2023-03-21T18:57:48.934791+00:00, run_after=2023-03-22T18:57:48.934791+00:00
[2023-03-22T14:57:48.943-0400] {processor.py:175} INFO - Processing /Users/sunanda/Downloads/airflow/py_env/lib/python3.9/site-packages/airflow/example_dags/example_task_group.py took 0.240 seconds
[2023-03-22T14:59:16.899-0400] {processor.py:153} INFO - Started process (PID=70072) to work on /Users/sunanda/Downloads/airflow/py_env/lib/python3.9/site-packages/airflow/example_dags/example_task_group.py
[2023-03-22T14:59:16.902-0400] {processor.py:743} INFO - Processing file /Users/sunanda/Downloads/airflow/py_env/lib/python3.9/site-packages/airflow/example_dags/example_task_group.py for tasks to queue
[2023-03-22T14:59:16.902-0400] {logging_mixin.py:137} INFO - [2023-03-22T14:59:16.902-0400] {dagbag.py:538} INFO - Filling up the DagBag from /Users/sunanda/Downloads/airflow/py_env/lib/python3.9/site-packages/airflow/example_dags/example_task_group.py
[2023-03-22T14:59:16.914-0400] {processor.py:753} INFO - DAG(s) dict_keys(['example_task_group']) retrieved from /Users/sunanda/Downloads/airflow/py_env/lib/python3.9/site-packages/airflow/example_dags/example_task_group.py
[2023-03-22T14:59:17.123-0400] {logging_mixin.py:137} INFO - [2023-03-22T14:59:17.123-0400] {dag.py:2690} INFO - Sync 1 DAGs
[2023-03-22T14:59:17.130-0400] {logging_mixin.py:137} INFO - [2023-03-22T14:59:17.130-0400] {dag.py:3437} INFO - Setting next_dagrun for example_task_group to 2023-03-21T18:59:17.130142+00:00, run_after=2023-03-22T18:59:17.130142+00:00
[2023-03-22T14:59:17.138-0400] {processor.py:175} INFO - Processing /Users/sunanda/Downloads/airflow/py_env/lib/python3.9/site-packages/airflow/example_dags/example_task_group.py took 0.240 seconds
[2023-03-22T15:00:41.637-0400] {processor.py:153} INFO - Started process (PID=70203) to work on /Users/sunanda/Downloads/airflow/py_env/lib/python3.9/site-packages/airflow/example_dags/example_task_group.py
[2023-03-22T15:00:41.639-0400] {processor.py:743} INFO - Processing file /Users/sunanda/Downloads/airflow/py_env/lib/python3.9/site-packages/airflow/example_dags/example_task_group.py for tasks to queue
[2023-03-22T15:00:41.640-0400] {logging_mixin.py:137} INFO - [2023-03-22T15:00:41.640-0400] {dagbag.py:538} INFO - Filling up the DagBag from /Users/sunanda/Downloads/airflow/py_env/lib/python3.9/site-packages/airflow/example_dags/example_task_group.py
[2023-03-22T15:00:41.651-0400] {processor.py:753} INFO - DAG(s) dict_keys(['example_task_group']) retrieved from /Users/sunanda/Downloads/airflow/py_env/lib/python3.9/site-packages/airflow/example_dags/example_task_group.py
[2023-03-22T15:00:41.859-0400] {logging_mixin.py:137} INFO - [2023-03-22T15:00:41.859-0400] {dag.py:2690} INFO - Sync 1 DAGs
[2023-03-22T15:00:41.866-0400] {logging_mixin.py:137} INFO - [2023-03-22T15:00:41.866-0400] {dag.py:3437} INFO - Setting next_dagrun for example_task_group to 2023-03-21T19:00:41.866328+00:00, run_after=2023-03-22T19:00:41.866328+00:00
[2023-03-22T15:00:41.874-0400] {processor.py:175} INFO - Processing /Users/sunanda/Downloads/airflow/py_env/lib/python3.9/site-packages/airflow/example_dags/example_task_group.py took 0.237 seconds
[2023-03-22T15:02:06.891-0400] {processor.py:153} INFO - Started process (PID=70344) to work on /Users/sunanda/Downloads/airflow/py_env/lib/python3.9/site-packages/airflow/example_dags/example_task_group.py
[2023-03-22T15:02:06.894-0400] {processor.py:743} INFO - Processing file /Users/sunanda/Downloads/airflow/py_env/lib/python3.9/site-packages/airflow/example_dags/example_task_group.py for tasks to queue
[2023-03-22T15:02:06.894-0400] {logging_mixin.py:137} INFO - [2023-03-22T15:02:06.894-0400] {dagbag.py:538} INFO - Filling up the DagBag from /Users/sunanda/Downloads/airflow/py_env/lib/python3.9/site-packages/airflow/example_dags/example_task_group.py
[2023-03-22T15:02:06.907-0400] {processor.py:753} INFO - DAG(s) dict_keys(['example_task_group']) retrieved from /Users/sunanda/Downloads/airflow/py_env/lib/python3.9/site-packages/airflow/example_dags/example_task_group.py
[2023-03-22T15:02:07.118-0400] {logging_mixin.py:137} INFO - [2023-03-22T15:02:07.118-0400] {dag.py:2690} INFO - Sync 1 DAGs
[2023-03-22T15:02:07.124-0400] {logging_mixin.py:137} INFO - [2023-03-22T15:02:07.124-0400] {dag.py:3437} INFO - Setting next_dagrun for example_task_group to 2023-03-21T19:02:07.124740+00:00, run_after=2023-03-22T19:02:07.124740+00:00
[2023-03-22T15:02:07.132-0400] {processor.py:175} INFO - Processing /Users/sunanda/Downloads/airflow/py_env/lib/python3.9/site-packages/airflow/example_dags/example_task_group.py took 0.241 seconds
[2023-03-22T15:03:33.942-0400] {processor.py:153} INFO - Started process (PID=70478) to work on /Users/sunanda/Downloads/airflow/py_env/lib/python3.9/site-packages/airflow/example_dags/example_task_group.py
[2023-03-22T15:03:33.945-0400] {processor.py:743} INFO - Processing file /Users/sunanda/Downloads/airflow/py_env/lib/python3.9/site-packages/airflow/example_dags/example_task_group.py for tasks to queue
[2023-03-22T15:03:33.945-0400] {logging_mixin.py:137} INFO - [2023-03-22T15:03:33.945-0400] {dagbag.py:538} INFO - Filling up the DagBag from /Users/sunanda/Downloads/airflow/py_env/lib/python3.9/site-packages/airflow/example_dags/example_task_group.py
[2023-03-22T15:03:33.956-0400] {processor.py:753} INFO - DAG(s) dict_keys(['example_task_group']) retrieved from /Users/sunanda/Downloads/airflow/py_env/lib/python3.9/site-packages/airflow/example_dags/example_task_group.py
[2023-03-22T15:03:34.174-0400] {logging_mixin.py:137} INFO - [2023-03-22T15:03:34.173-0400] {dag.py:2690} INFO - Sync 1 DAGs
[2023-03-22T15:03:34.180-0400] {logging_mixin.py:137} INFO - [2023-03-22T15:03:34.180-0400] {dag.py:3437} INFO - Setting next_dagrun for example_task_group to 2023-03-21T19:03:34.180640+00:00, run_after=2023-03-22T19:03:34.180640+00:00
[2023-03-22T15:03:34.188-0400] {processor.py:175} INFO - Processing /Users/sunanda/Downloads/airflow/py_env/lib/python3.9/site-packages/airflow/example_dags/example_task_group.py took 0.246 seconds
[2023-03-22T15:04:52.198-0400] {processor.py:153} INFO - Started process (PID=70623) to work on /Users/sunanda/Downloads/airflow/py_env/lib/python3.9/site-packages/airflow/example_dags/example_task_group.py
[2023-03-22T15:04:52.200-0400] {processor.py:743} INFO - Processing file /Users/sunanda/Downloads/airflow/py_env/lib/python3.9/site-packages/airflow/example_dags/example_task_group.py for tasks to queue
[2023-03-22T15:04:52.200-0400] {logging_mixin.py:137} INFO - [2023-03-22T15:04:52.200-0400] {dagbag.py:538} INFO - Filling up the DagBag from /Users/sunanda/Downloads/airflow/py_env/lib/python3.9/site-packages/airflow/example_dags/example_task_group.py
[2023-03-22T15:04:52.211-0400] {processor.py:753} INFO - DAG(s) dict_keys(['example_task_group']) retrieved from /Users/sunanda/Downloads/airflow/py_env/lib/python3.9/site-packages/airflow/example_dags/example_task_group.py
[2023-03-22T15:04:52.408-0400] {logging_mixin.py:137} INFO - [2023-03-22T15:04:52.408-0400] {dag.py:2690} INFO - Sync 1 DAGs
[2023-03-22T15:04:52.415-0400] {logging_mixin.py:137} INFO - [2023-03-22T15:04:52.414-0400] {dag.py:3437} INFO - Setting next_dagrun for example_task_group to 2023-03-21T19:04:52.414905+00:00, run_after=2023-03-22T19:04:52.414905+00:00
[2023-03-22T15:04:52.422-0400] {processor.py:175} INFO - Processing /Users/sunanda/Downloads/airflow/py_env/lib/python3.9/site-packages/airflow/example_dags/example_task_group.py took 0.225 seconds
[2023-03-22T16:18:38.219-0400] {processor.py:153} INFO - Started process (PID=74874) to work on /Users/sunanda/Downloads/airflow/py_env/lib/python3.9/site-packages/airflow/example_dags/example_task_group.py
[2023-03-22T16:18:38.229-0400] {processor.py:743} INFO - Processing file /Users/sunanda/Downloads/airflow/py_env/lib/python3.9/site-packages/airflow/example_dags/example_task_group.py for tasks to queue
[2023-03-22T16:18:38.229-0400] {logging_mixin.py:137} INFO - [2023-03-22T16:18:38.229-0400] {dagbag.py:538} INFO - Filling up the DagBag from /Users/sunanda/Downloads/airflow/py_env/lib/python3.9/site-packages/airflow/example_dags/example_task_group.py
[2023-03-22T16:18:38.240-0400] {processor.py:753} INFO - DAG(s) dict_keys(['example_task_group']) retrieved from /Users/sunanda/Downloads/airflow/py_env/lib/python3.9/site-packages/airflow/example_dags/example_task_group.py
[2023-03-22T16:18:38.700-0400] {logging_mixin.py:137} INFO - [2023-03-22T16:18:38.700-0400] {dag.py:2690} INFO - Sync 1 DAGs
[2023-03-22T16:18:38.725-0400] {logging_mixin.py:137} INFO - [2023-03-22T16:18:38.725-0400] {dag.py:3437} INFO - Setting next_dagrun for example_task_group to 2023-03-21T20:18:38.725201+00:00, run_after=2023-03-22T20:18:38.725201+00:00
[2023-03-22T16:18:38.733-0400] {processor.py:175} INFO - Processing /Users/sunanda/Downloads/airflow/py_env/lib/python3.9/site-packages/airflow/example_dags/example_task_group.py took 0.515 seconds
[2023-03-22T19:11:21.619-0400] {processor.py:153} INFO - Started process (PID=3778) to work on /Users/sunanda/Downloads/airflow/py_env/lib/python3.9/site-packages/airflow/example_dags/example_task_group.py
[2023-03-22T19:11:21.622-0400] {processor.py:743} INFO - Processing file /Users/sunanda/Downloads/airflow/py_env/lib/python3.9/site-packages/airflow/example_dags/example_task_group.py for tasks to queue
[2023-03-22T19:11:21.622-0400] {logging_mixin.py:137} INFO - [2023-03-22T19:11:21.622-0400] {dagbag.py:538} INFO - Filling up the DagBag from /Users/sunanda/Downloads/airflow/py_env/lib/python3.9/site-packages/airflow/example_dags/example_task_group.py
[2023-03-22T19:11:21.632-0400] {processor.py:753} INFO - DAG(s) dict_keys(['example_task_group']) retrieved from /Users/sunanda/Downloads/airflow/py_env/lib/python3.9/site-packages/airflow/example_dags/example_task_group.py
[2023-03-22T19:11:21.841-0400] {logging_mixin.py:137} INFO - [2023-03-22T19:11:21.841-0400] {dag.py:2690} INFO - Sync 1 DAGs
[2023-03-22T19:11:21.848-0400] {logging_mixin.py:137} INFO - [2023-03-22T19:11:21.848-0400] {dag.py:3437} INFO - Setting next_dagrun for example_task_group to 2023-03-21T23:11:21.848205+00:00, run_after=2023-03-22T23:11:21.848205+00:00
[2023-03-22T19:11:21.856-0400] {processor.py:175} INFO - Processing /Users/sunanda/Downloads/airflow/py_env/lib/python3.9/site-packages/airflow/example_dags/example_task_group.py took 0.237 seconds
[2023-03-22T19:12:34.221-0400] {processor.py:153} INFO - Started process (PID=3890) to work on /Users/sunanda/Downloads/airflow/py_env/lib/python3.9/site-packages/airflow/example_dags/example_task_group.py
[2023-03-22T19:12:34.223-0400] {processor.py:743} INFO - Processing file /Users/sunanda/Downloads/airflow/py_env/lib/python3.9/site-packages/airflow/example_dags/example_task_group.py for tasks to queue
[2023-03-22T19:12:34.223-0400] {logging_mixin.py:137} INFO - [2023-03-22T19:12:34.223-0400] {dagbag.py:538} INFO - Filling up the DagBag from /Users/sunanda/Downloads/airflow/py_env/lib/python3.9/site-packages/airflow/example_dags/example_task_group.py
[2023-03-22T19:12:34.234-0400] {processor.py:753} INFO - DAG(s) dict_keys(['example_task_group']) retrieved from /Users/sunanda/Downloads/airflow/py_env/lib/python3.9/site-packages/airflow/example_dags/example_task_group.py
[2023-03-22T19:12:34.434-0400] {logging_mixin.py:137} INFO - [2023-03-22T19:12:34.434-0400] {dag.py:2690} INFO - Sync 1 DAGs
[2023-03-22T19:12:34.441-0400] {logging_mixin.py:137} INFO - [2023-03-22T19:12:34.441-0400] {dag.py:3437} INFO - Setting next_dagrun for example_task_group to 2023-03-21T23:12:34.441299+00:00, run_after=2023-03-22T23:12:34.441299+00:00
[2023-03-22T19:12:34.448-0400] {processor.py:175} INFO - Processing /Users/sunanda/Downloads/airflow/py_env/lib/python3.9/site-packages/airflow/example_dags/example_task_group.py took 0.228 seconds
[2023-03-22T19:14:14.315-0400] {processor.py:153} INFO - Started process (PID=4053) to work on /Users/sunanda/Downloads/airflow/py_env/lib/python3.9/site-packages/airflow/example_dags/example_task_group.py
[2023-03-22T19:14:14.317-0400] {processor.py:743} INFO - Processing file /Users/sunanda/Downloads/airflow/py_env/lib/python3.9/site-packages/airflow/example_dags/example_task_group.py for tasks to queue
[2023-03-22T19:14:14.317-0400] {logging_mixin.py:137} INFO - [2023-03-22T19:14:14.317-0400] {dagbag.py:538} INFO - Filling up the DagBag from /Users/sunanda/Downloads/airflow/py_env/lib/python3.9/site-packages/airflow/example_dags/example_task_group.py
[2023-03-22T19:14:14.329-0400] {processor.py:753} INFO - DAG(s) dict_keys(['example_task_group']) retrieved from /Users/sunanda/Downloads/airflow/py_env/lib/python3.9/site-packages/airflow/example_dags/example_task_group.py
[2023-03-22T19:14:14.545-0400] {logging_mixin.py:137} INFO - [2023-03-22T19:14:14.544-0400] {dag.py:2690} INFO - Sync 1 DAGs
[2023-03-22T19:14:14.551-0400] {logging_mixin.py:137} INFO - [2023-03-22T19:14:14.551-0400] {dag.py:3437} INFO - Setting next_dagrun for example_task_group to 2023-03-21T23:14:14.551789+00:00, run_after=2023-03-22T23:14:14.551789+00:00
[2023-03-22T19:14:14.560-0400] {processor.py:175} INFO - Processing /Users/sunanda/Downloads/airflow/py_env/lib/python3.9/site-packages/airflow/example_dags/example_task_group.py took 0.246 seconds
[2023-03-22T19:21:12.935-0400] {processor.py:153} INFO - Started process (PID=4539) to work on /Users/sunanda/Downloads/airflow/py_env/lib/python3.9/site-packages/airflow/example_dags/example_task_group.py
[2023-03-22T19:21:12.939-0400] {processor.py:743} INFO - Processing file /Users/sunanda/Downloads/airflow/py_env/lib/python3.9/site-packages/airflow/example_dags/example_task_group.py for tasks to queue
[2023-03-22T19:21:12.939-0400] {logging_mixin.py:137} INFO - [2023-03-22T19:21:12.939-0400] {dagbag.py:538} INFO - Filling up the DagBag from /Users/sunanda/Downloads/airflow/py_env/lib/python3.9/site-packages/airflow/example_dags/example_task_group.py
[2023-03-22T19:21:12.950-0400] {processor.py:753} INFO - DAG(s) dict_keys(['example_task_group']) retrieved from /Users/sunanda/Downloads/airflow/py_env/lib/python3.9/site-packages/airflow/example_dags/example_task_group.py
[2023-03-22T19:21:13.157-0400] {logging_mixin.py:137} INFO - [2023-03-22T19:21:13.157-0400] {dag.py:2690} INFO - Sync 1 DAGs
[2023-03-22T19:21:13.164-0400] {logging_mixin.py:137} INFO - [2023-03-22T19:21:13.164-0400] {dag.py:3437} INFO - Setting next_dagrun for example_task_group to 2023-03-21T23:21:13.164204+00:00, run_after=2023-03-22T23:21:13.164204+00:00
[2023-03-22T19:21:13.172-0400] {processor.py:175} INFO - Processing /Users/sunanda/Downloads/airflow/py_env/lib/python3.9/site-packages/airflow/example_dags/example_task_group.py took 0.237 seconds
[2023-03-22T19:24:12.976-0400] {processor.py:153} INFO - Started process (PID=4753) to work on /Users/sunanda/Downloads/airflow/py_env/lib/python3.9/site-packages/airflow/example_dags/example_task_group.py
[2023-03-22T19:24:12.979-0400] {processor.py:743} INFO - Processing file /Users/sunanda/Downloads/airflow/py_env/lib/python3.9/site-packages/airflow/example_dags/example_task_group.py for tasks to queue
[2023-03-22T19:24:12.980-0400] {logging_mixin.py:137} INFO - [2023-03-22T19:24:12.980-0400] {dagbag.py:538} INFO - Filling up the DagBag from /Users/sunanda/Downloads/airflow/py_env/lib/python3.9/site-packages/airflow/example_dags/example_task_group.py
[2023-03-22T19:24:12.990-0400] {processor.py:753} INFO - DAG(s) dict_keys(['example_task_group']) retrieved from /Users/sunanda/Downloads/airflow/py_env/lib/python3.9/site-packages/airflow/example_dags/example_task_group.py
[2023-03-22T19:24:13.193-0400] {logging_mixin.py:137} INFO - [2023-03-22T19:24:13.193-0400] {dag.py:2690} INFO - Sync 1 DAGs
[2023-03-22T19:24:13.200-0400] {logging_mixin.py:137} INFO - [2023-03-22T19:24:13.200-0400] {dag.py:3437} INFO - Setting next_dagrun for example_task_group to 2023-03-21T23:24:13.200008+00:00, run_after=2023-03-22T23:24:13.200008+00:00
[2023-03-22T19:24:13.207-0400] {processor.py:175} INFO - Processing /Users/sunanda/Downloads/airflow/py_env/lib/python3.9/site-packages/airflow/example_dags/example_task_group.py took 0.232 seconds
[2023-03-22T19:25:25.106-0400] {processor.py:153} INFO - Started process (PID=4865) to work on /Users/sunanda/Downloads/airflow/py_env/lib/python3.9/site-packages/airflow/example_dags/example_task_group.py
[2023-03-22T19:25:25.108-0400] {processor.py:743} INFO - Processing file /Users/sunanda/Downloads/airflow/py_env/lib/python3.9/site-packages/airflow/example_dags/example_task_group.py for tasks to queue
[2023-03-22T19:25:25.109-0400] {logging_mixin.py:137} INFO - [2023-03-22T19:25:25.108-0400] {dagbag.py:538} INFO - Filling up the DagBag from /Users/sunanda/Downloads/airflow/py_env/lib/python3.9/site-packages/airflow/example_dags/example_task_group.py
[2023-03-22T19:25:25.120-0400] {processor.py:753} INFO - DAG(s) dict_keys(['example_task_group']) retrieved from /Users/sunanda/Downloads/airflow/py_env/lib/python3.9/site-packages/airflow/example_dags/example_task_group.py
[2023-03-22T19:25:25.323-0400] {logging_mixin.py:137} INFO - [2023-03-22T19:25:25.323-0400] {dag.py:2690} INFO - Sync 1 DAGs
[2023-03-22T19:25:25.330-0400] {logging_mixin.py:137} INFO - [2023-03-22T19:25:25.330-0400] {dag.py:3437} INFO - Setting next_dagrun for example_task_group to 2023-03-21T23:25:25.330104+00:00, run_after=2023-03-22T23:25:25.330104+00:00
[2023-03-22T19:25:25.337-0400] {processor.py:175} INFO - Processing /Users/sunanda/Downloads/airflow/py_env/lib/python3.9/site-packages/airflow/example_dags/example_task_group.py took 0.232 seconds
[2023-03-22T19:26:48.045-0400] {processor.py:153} INFO - Started process (PID=4993) to work on /Users/sunanda/Downloads/airflow/py_env/lib/python3.9/site-packages/airflow/example_dags/example_task_group.py
[2023-03-22T19:26:48.049-0400] {processor.py:743} INFO - Processing file /Users/sunanda/Downloads/airflow/py_env/lib/python3.9/site-packages/airflow/example_dags/example_task_group.py for tasks to queue
[2023-03-22T19:26:48.049-0400] {logging_mixin.py:137} INFO - [2023-03-22T19:26:48.049-0400] {dagbag.py:538} INFO - Filling up the DagBag from /Users/sunanda/Downloads/airflow/py_env/lib/python3.9/site-packages/airflow/example_dags/example_task_group.py
[2023-03-22T19:26:48.061-0400] {processor.py:753} INFO - DAG(s) dict_keys(['example_task_group']) retrieved from /Users/sunanda/Downloads/airflow/py_env/lib/python3.9/site-packages/airflow/example_dags/example_task_group.py
[2023-03-22T19:26:48.272-0400] {logging_mixin.py:137} INFO - [2023-03-22T19:26:48.272-0400] {dag.py:2690} INFO - Sync 1 DAGs
[2023-03-22T19:26:48.279-0400] {logging_mixin.py:137} INFO - [2023-03-22T19:26:48.279-0400] {dag.py:3437} INFO - Setting next_dagrun for example_task_group to 2023-03-21T23:26:48.279782+00:00, run_after=2023-03-22T23:26:48.279782+00:00
[2023-03-22T19:26:48.287-0400] {processor.py:175} INFO - Processing /Users/sunanda/Downloads/airflow/py_env/lib/python3.9/site-packages/airflow/example_dags/example_task_group.py took 0.242 seconds
