[2023-03-22T14:54:03.108-0400] {processor.py:153} INFO - Started process (PID=69578) to work on /Users/sunanda/Downloads/airflow/py_env/lib/python3.9/site-packages/airflow/example_dags/example_short_circuit_decorator.py
[2023-03-22T14:54:03.110-0400] {processor.py:743} INFO - Processing file /Users/sunanda/Downloads/airflow/py_env/lib/python3.9/site-packages/airflow/example_dags/example_short_circuit_decorator.py for tasks to queue
[2023-03-22T14:54:03.111-0400] {logging_mixin.py:137} INFO - [2023-03-22T14:54:03.111-0400] {dagbag.py:538} INFO - Filling up the DagBag from /Users/sunanda/Downloads/airflow/py_env/lib/python3.9/site-packages/airflow/example_dags/example_short_circuit_decorator.py
[2023-03-22T14:54:03.131-0400] {processor.py:753} INFO - DAG(s) dict_keys(['example_short_circuit_decorator']) retrieved from /Users/sunanda/Downloads/airflow/py_env/lib/python3.9/site-packages/airflow/example_dags/example_short_circuit_decorator.py
[2023-03-22T14:54:03.335-0400] {logging_mixin.py:137} INFO - [2023-03-22T14:54:03.335-0400] {dag.py:2690} INFO - Sync 1 DAGs
[2023-03-22T14:54:03.342-0400] {logging_mixin.py:137} INFO - [2023-03-22T14:54:03.342-0400] {dag.py:3437} INFO - Setting next_dagrun for example_short_circuit_decorator to 2023-03-21T18:54:03.342686+00:00, run_after=2023-03-22T18:54:03.342686+00:00
[2023-03-22T14:54:03.351-0400] {processor.py:175} INFO - Processing /Users/sunanda/Downloads/airflow/py_env/lib/python3.9/site-packages/airflow/example_dags/example_short_circuit_decorator.py took 0.243 seconds
[2023-03-22T14:55:16.509-0400] {processor.py:153} INFO - Started process (PID=69693) to work on /Users/sunanda/Downloads/airflow/py_env/lib/python3.9/site-packages/airflow/example_dags/example_short_circuit_decorator.py
[2023-03-22T14:55:16.511-0400] {processor.py:743} INFO - Processing file /Users/sunanda/Downloads/airflow/py_env/lib/python3.9/site-packages/airflow/example_dags/example_short_circuit_decorator.py for tasks to queue
[2023-03-22T14:55:16.511-0400] {logging_mixin.py:137} INFO - [2023-03-22T14:55:16.511-0400] {dagbag.py:538} INFO - Filling up the DagBag from /Users/sunanda/Downloads/airflow/py_env/lib/python3.9/site-packages/airflow/example_dags/example_short_circuit_decorator.py
[2023-03-22T14:55:16.532-0400] {processor.py:753} INFO - DAG(s) dict_keys(['example_short_circuit_decorator']) retrieved from /Users/sunanda/Downloads/airflow/py_env/lib/python3.9/site-packages/airflow/example_dags/example_short_circuit_decorator.py
[2023-03-22T14:55:16.724-0400] {logging_mixin.py:137} INFO - [2023-03-22T14:55:16.724-0400] {dag.py:2690} INFO - Sync 1 DAGs
[2023-03-22T14:55:16.730-0400] {logging_mixin.py:137} INFO - [2023-03-22T14:55:16.730-0400] {dag.py:3437} INFO - Setting next_dagrun for example_short_circuit_decorator to 2023-03-21T18:55:16.730545+00:00, run_after=2023-03-22T18:55:16.730545+00:00
[2023-03-22T14:55:16.738-0400] {processor.py:175} INFO - Processing /Users/sunanda/Downloads/airflow/py_env/lib/python3.9/site-packages/airflow/example_dags/example_short_circuit_decorator.py took 0.230 seconds
[2023-03-22T14:56:36.654-0400] {processor.py:153} INFO - Started process (PID=69819) to work on /Users/sunanda/Downloads/airflow/py_env/lib/python3.9/site-packages/airflow/example_dags/example_short_circuit_decorator.py
[2023-03-22T14:56:36.658-0400] {processor.py:743} INFO - Processing file /Users/sunanda/Downloads/airflow/py_env/lib/python3.9/site-packages/airflow/example_dags/example_short_circuit_decorator.py for tasks to queue
[2023-03-22T14:56:36.658-0400] {logging_mixin.py:137} INFO - [2023-03-22T14:56:36.658-0400] {dagbag.py:538} INFO - Filling up the DagBag from /Users/sunanda/Downloads/airflow/py_env/lib/python3.9/site-packages/airflow/example_dags/example_short_circuit_decorator.py
[2023-03-22T14:56:36.680-0400] {processor.py:753} INFO - DAG(s) dict_keys(['example_short_circuit_decorator']) retrieved from /Users/sunanda/Downloads/airflow/py_env/lib/python3.9/site-packages/airflow/example_dags/example_short_circuit_decorator.py
[2023-03-22T14:56:36.878-0400] {logging_mixin.py:137} INFO - [2023-03-22T14:56:36.878-0400] {dag.py:2690} INFO - Sync 1 DAGs
[2023-03-22T14:56:36.885-0400] {logging_mixin.py:137} INFO - [2023-03-22T14:56:36.885-0400] {dag.py:3437} INFO - Setting next_dagrun for example_short_circuit_decorator to 2023-03-21T18:56:36.885100+00:00, run_after=2023-03-22T18:56:36.885100+00:00
[2023-03-22T14:56:36.893-0400] {processor.py:175} INFO - Processing /Users/sunanda/Downloads/airflow/py_env/lib/python3.9/site-packages/airflow/example_dags/example_short_circuit_decorator.py took 0.239 seconds
[2023-03-22T14:57:57.710-0400] {processor.py:153} INFO - Started process (PID=69946) to work on /Users/sunanda/Downloads/airflow/py_env/lib/python3.9/site-packages/airflow/example_dags/example_short_circuit_decorator.py
[2023-03-22T14:57:57.713-0400] {processor.py:743} INFO - Processing file /Users/sunanda/Downloads/airflow/py_env/lib/python3.9/site-packages/airflow/example_dags/example_short_circuit_decorator.py for tasks to queue
[2023-03-22T14:57:57.714-0400] {logging_mixin.py:137} INFO - [2023-03-22T14:57:57.714-0400] {dagbag.py:538} INFO - Filling up the DagBag from /Users/sunanda/Downloads/airflow/py_env/lib/python3.9/site-packages/airflow/example_dags/example_short_circuit_decorator.py
[2023-03-22T14:57:57.735-0400] {processor.py:753} INFO - DAG(s) dict_keys(['example_short_circuit_decorator']) retrieved from /Users/sunanda/Downloads/airflow/py_env/lib/python3.9/site-packages/airflow/example_dags/example_short_circuit_decorator.py
[2023-03-22T14:57:57.957-0400] {logging_mixin.py:137} INFO - [2023-03-22T14:57:57.957-0400] {dag.py:2690} INFO - Sync 1 DAGs
[2023-03-22T14:57:57.964-0400] {logging_mixin.py:137} INFO - [2023-03-22T14:57:57.964-0400] {dag.py:3437} INFO - Setting next_dagrun for example_short_circuit_decorator to 2023-03-21T18:57:57.964344+00:00, run_after=2023-03-22T18:57:57.964344+00:00
[2023-03-22T14:57:57.973-0400] {processor.py:175} INFO - Processing /Users/sunanda/Downloads/airflow/py_env/lib/python3.9/site-packages/airflow/example_dags/example_short_circuit_decorator.py took 0.263 seconds
[2023-03-22T14:59:25.949-0400] {processor.py:153} INFO - Started process (PID=70085) to work on /Users/sunanda/Downloads/airflow/py_env/lib/python3.9/site-packages/airflow/example_dags/example_short_circuit_decorator.py
[2023-03-22T14:59:25.952-0400] {processor.py:743} INFO - Processing file /Users/sunanda/Downloads/airflow/py_env/lib/python3.9/site-packages/airflow/example_dags/example_short_circuit_decorator.py for tasks to queue
[2023-03-22T14:59:25.952-0400] {logging_mixin.py:137} INFO - [2023-03-22T14:59:25.952-0400] {dagbag.py:538} INFO - Filling up the DagBag from /Users/sunanda/Downloads/airflow/py_env/lib/python3.9/site-packages/airflow/example_dags/example_short_circuit_decorator.py
[2023-03-22T14:59:25.974-0400] {processor.py:753} INFO - DAG(s) dict_keys(['example_short_circuit_decorator']) retrieved from /Users/sunanda/Downloads/airflow/py_env/lib/python3.9/site-packages/airflow/example_dags/example_short_circuit_decorator.py
[2023-03-22T14:59:26.191-0400] {logging_mixin.py:137} INFO - [2023-03-22T14:59:26.191-0400] {dag.py:2690} INFO - Sync 1 DAGs
[2023-03-22T14:59:26.199-0400] {logging_mixin.py:137} INFO - [2023-03-22T14:59:26.199-0400] {dag.py:3437} INFO - Setting next_dagrun for example_short_circuit_decorator to 2023-03-21T18:59:26.198793+00:00, run_after=2023-03-22T18:59:26.198793+00:00
[2023-03-22T14:59:26.208-0400] {processor.py:175} INFO - Processing /Users/sunanda/Downloads/airflow/py_env/lib/python3.9/site-packages/airflow/example_dags/example_short_circuit_decorator.py took 0.260 seconds
[2023-03-22T15:00:50.824-0400] {processor.py:153} INFO - Started process (PID=70219) to work on /Users/sunanda/Downloads/airflow/py_env/lib/python3.9/site-packages/airflow/example_dags/example_short_circuit_decorator.py
[2023-03-22T15:00:50.827-0400] {processor.py:743} INFO - Processing file /Users/sunanda/Downloads/airflow/py_env/lib/python3.9/site-packages/airflow/example_dags/example_short_circuit_decorator.py for tasks to queue
[2023-03-22T15:00:50.827-0400] {logging_mixin.py:137} INFO - [2023-03-22T15:00:50.827-0400] {dagbag.py:538} INFO - Filling up the DagBag from /Users/sunanda/Downloads/airflow/py_env/lib/python3.9/site-packages/airflow/example_dags/example_short_circuit_decorator.py
[2023-03-22T15:00:50.849-0400] {processor.py:753} INFO - DAG(s) dict_keys(['example_short_circuit_decorator']) retrieved from /Users/sunanda/Downloads/airflow/py_env/lib/python3.9/site-packages/airflow/example_dags/example_short_circuit_decorator.py
[2023-03-22T15:00:51.055-0400] {logging_mixin.py:137} INFO - [2023-03-22T15:00:51.055-0400] {dag.py:2690} INFO - Sync 1 DAGs
[2023-03-22T15:00:51.062-0400] {logging_mixin.py:137} INFO - [2023-03-22T15:00:51.062-0400] {dag.py:3437} INFO - Setting next_dagrun for example_short_circuit_decorator to 2023-03-21T19:00:51.061956+00:00, run_after=2023-03-22T19:00:51.061956+00:00
[2023-03-22T15:00:51.070-0400] {processor.py:175} INFO - Processing /Users/sunanda/Downloads/airflow/py_env/lib/python3.9/site-packages/airflow/example_dags/example_short_circuit_decorator.py took 0.246 seconds
[2023-03-22T15:02:16.471-0400] {processor.py:153} INFO - Started process (PID=70358) to work on /Users/sunanda/Downloads/airflow/py_env/lib/python3.9/site-packages/airflow/example_dags/example_short_circuit_decorator.py
[2023-03-22T15:02:16.474-0400] {processor.py:743} INFO - Processing file /Users/sunanda/Downloads/airflow/py_env/lib/python3.9/site-packages/airflow/example_dags/example_short_circuit_decorator.py for tasks to queue
[2023-03-22T15:02:16.475-0400] {logging_mixin.py:137} INFO - [2023-03-22T15:02:16.474-0400] {dagbag.py:538} INFO - Filling up the DagBag from /Users/sunanda/Downloads/airflow/py_env/lib/python3.9/site-packages/airflow/example_dags/example_short_circuit_decorator.py
[2023-03-22T15:02:16.496-0400] {processor.py:753} INFO - DAG(s) dict_keys(['example_short_circuit_decorator']) retrieved from /Users/sunanda/Downloads/airflow/py_env/lib/python3.9/site-packages/airflow/example_dags/example_short_circuit_decorator.py
[2023-03-22T15:02:16.704-0400] {logging_mixin.py:137} INFO - [2023-03-22T15:02:16.704-0400] {dag.py:2690} INFO - Sync 1 DAGs
[2023-03-22T15:02:16.712-0400] {logging_mixin.py:137} INFO - [2023-03-22T15:02:16.712-0400] {dag.py:3437} INFO - Setting next_dagrun for example_short_circuit_decorator to 2023-03-21T19:02:16.711965+00:00, run_after=2023-03-22T19:02:16.711965+00:00
[2023-03-22T15:02:16.720-0400] {processor.py:175} INFO - Processing /Users/sunanda/Downloads/airflow/py_env/lib/python3.9/site-packages/airflow/example_dags/example_short_circuit_decorator.py took 0.249 seconds
[2023-03-22T15:03:42.919-0400] {processor.py:153} INFO - Started process (PID=70494) to work on /Users/sunanda/Downloads/airflow/py_env/lib/python3.9/site-packages/airflow/example_dags/example_short_circuit_decorator.py
[2023-03-22T15:03:42.921-0400] {processor.py:743} INFO - Processing file /Users/sunanda/Downloads/airflow/py_env/lib/python3.9/site-packages/airflow/example_dags/example_short_circuit_decorator.py for tasks to queue
[2023-03-22T15:03:42.921-0400] {logging_mixin.py:137} INFO - [2023-03-22T15:03:42.921-0400] {dagbag.py:538} INFO - Filling up the DagBag from /Users/sunanda/Downloads/airflow/py_env/lib/python3.9/site-packages/airflow/example_dags/example_short_circuit_decorator.py
[2023-03-22T15:03:42.941-0400] {processor.py:753} INFO - DAG(s) dict_keys(['example_short_circuit_decorator']) retrieved from /Users/sunanda/Downloads/airflow/py_env/lib/python3.9/site-packages/airflow/example_dags/example_short_circuit_decorator.py
[2023-03-22T15:03:43.139-0400] {logging_mixin.py:137} INFO - [2023-03-22T15:03:43.138-0400] {dag.py:2690} INFO - Sync 1 DAGs
[2023-03-22T15:03:43.146-0400] {logging_mixin.py:137} INFO - [2023-03-22T15:03:43.146-0400] {dag.py:3437} INFO - Setting next_dagrun for example_short_circuit_decorator to 2023-03-21T19:03:43.146093+00:00, run_after=2023-03-22T19:03:43.146093+00:00
[2023-03-22T15:03:43.154-0400] {processor.py:175} INFO - Processing /Users/sunanda/Downloads/airflow/py_env/lib/python3.9/site-packages/airflow/example_dags/example_short_circuit_decorator.py took 0.235 seconds
[2023-03-22T15:05:01.876-0400] {processor.py:153} INFO - Started process (PID=70639) to work on /Users/sunanda/Downloads/airflow/py_env/lib/python3.9/site-packages/airflow/example_dags/example_short_circuit_decorator.py
[2023-03-22T15:05:01.878-0400] {processor.py:743} INFO - Processing file /Users/sunanda/Downloads/airflow/py_env/lib/python3.9/site-packages/airflow/example_dags/example_short_circuit_decorator.py for tasks to queue
[2023-03-22T15:05:01.878-0400] {logging_mixin.py:137} INFO - [2023-03-22T15:05:01.878-0400] {dagbag.py:538} INFO - Filling up the DagBag from /Users/sunanda/Downloads/airflow/py_env/lib/python3.9/site-packages/airflow/example_dags/example_short_circuit_decorator.py
[2023-03-22T15:05:01.897-0400] {processor.py:753} INFO - DAG(s) dict_keys(['example_short_circuit_decorator']) retrieved from /Users/sunanda/Downloads/airflow/py_env/lib/python3.9/site-packages/airflow/example_dags/example_short_circuit_decorator.py
[2023-03-22T15:05:02.099-0400] {logging_mixin.py:137} INFO - [2023-03-22T15:05:02.099-0400] {dag.py:2690} INFO - Sync 1 DAGs
[2023-03-22T15:05:02.106-0400] {logging_mixin.py:137} INFO - [2023-03-22T15:05:02.106-0400] {dag.py:3437} INFO - Setting next_dagrun for example_short_circuit_decorator to 2023-03-21T19:05:02.106002+00:00, run_after=2023-03-22T19:05:02.106002+00:00
[2023-03-22T15:05:02.114-0400] {processor.py:175} INFO - Processing /Users/sunanda/Downloads/airflow/py_env/lib/python3.9/site-packages/airflow/example_dags/example_short_circuit_decorator.py took 0.239 seconds
[2023-03-22T16:18:51.121-0400] {processor.py:153} INFO - Started process (PID=74892) to work on /Users/sunanda/Downloads/airflow/py_env/lib/python3.9/site-packages/airflow/example_dags/example_short_circuit_decorator.py
[2023-03-22T16:18:51.125-0400] {processor.py:743} INFO - Processing file /Users/sunanda/Downloads/airflow/py_env/lib/python3.9/site-packages/airflow/example_dags/example_short_circuit_decorator.py for tasks to queue
[2023-03-22T16:18:51.125-0400] {logging_mixin.py:137} INFO - [2023-03-22T16:18:51.125-0400] {dagbag.py:538} INFO - Filling up the DagBag from /Users/sunanda/Downloads/airflow/py_env/lib/python3.9/site-packages/airflow/example_dags/example_short_circuit_decorator.py
[2023-03-22T16:18:51.147-0400] {processor.py:753} INFO - DAG(s) dict_keys(['example_short_circuit_decorator']) retrieved from /Users/sunanda/Downloads/airflow/py_env/lib/python3.9/site-packages/airflow/example_dags/example_short_circuit_decorator.py
[2023-03-22T16:18:51.909-0400] {logging_mixin.py:137} INFO - [2023-03-22T16:18:51.909-0400] {dag.py:2690} INFO - Sync 1 DAGs
[2023-03-22T16:18:51.919-0400] {logging_mixin.py:137} INFO - [2023-03-22T16:18:51.919-0400] {dag.py:3437} INFO - Setting next_dagrun for example_short_circuit_decorator to 2023-03-21T20:18:51.919715+00:00, run_after=2023-03-22T20:18:51.919715+00:00
[2023-03-22T16:18:51.939-0400] {processor.py:175} INFO - Processing /Users/sunanda/Downloads/airflow/py_env/lib/python3.9/site-packages/airflow/example_dags/example_short_circuit_decorator.py took 0.818 seconds
[2023-03-22T19:11:31.075-0400] {processor.py:153} INFO - Started process (PID=3793) to work on /Users/sunanda/Downloads/airflow/py_env/lib/python3.9/site-packages/airflow/example_dags/example_short_circuit_decorator.py
[2023-03-22T19:11:31.077-0400] {processor.py:743} INFO - Processing file /Users/sunanda/Downloads/airflow/py_env/lib/python3.9/site-packages/airflow/example_dags/example_short_circuit_decorator.py for tasks to queue
[2023-03-22T19:11:31.078-0400] {logging_mixin.py:137} INFO - [2023-03-22T19:11:31.078-0400] {dagbag.py:538} INFO - Filling up the DagBag from /Users/sunanda/Downloads/airflow/py_env/lib/python3.9/site-packages/airflow/example_dags/example_short_circuit_decorator.py
[2023-03-22T19:11:31.097-0400] {processor.py:753} INFO - DAG(s) dict_keys(['example_short_circuit_decorator']) retrieved from /Users/sunanda/Downloads/airflow/py_env/lib/python3.9/site-packages/airflow/example_dags/example_short_circuit_decorator.py
[2023-03-22T19:11:31.293-0400] {logging_mixin.py:137} INFO - [2023-03-22T19:11:31.292-0400] {dag.py:2690} INFO - Sync 1 DAGs
[2023-03-22T19:11:31.299-0400] {logging_mixin.py:137} INFO - [2023-03-22T19:11:31.299-0400] {dag.py:3437} INFO - Setting next_dagrun for example_short_circuit_decorator to 2023-03-21T23:11:31.299471+00:00, run_after=2023-03-22T23:11:31.299471+00:00
[2023-03-22T19:11:31.307-0400] {processor.py:175} INFO - Processing /Users/sunanda/Downloads/airflow/py_env/lib/python3.9/site-packages/airflow/example_dags/example_short_circuit_decorator.py took 0.232 seconds
[2023-03-22T19:12:43.362-0400] {processor.py:153} INFO - Started process (PID=3904) to work on /Users/sunanda/Downloads/airflow/py_env/lib/python3.9/site-packages/airflow/example_dags/example_short_circuit_decorator.py
[2023-03-22T19:12:43.365-0400] {processor.py:743} INFO - Processing file /Users/sunanda/Downloads/airflow/py_env/lib/python3.9/site-packages/airflow/example_dags/example_short_circuit_decorator.py for tasks to queue
[2023-03-22T19:12:43.365-0400] {logging_mixin.py:137} INFO - [2023-03-22T19:12:43.365-0400] {dagbag.py:538} INFO - Filling up the DagBag from /Users/sunanda/Downloads/airflow/py_env/lib/python3.9/site-packages/airflow/example_dags/example_short_circuit_decorator.py
[2023-03-22T19:12:43.384-0400] {processor.py:753} INFO - DAG(s) dict_keys(['example_short_circuit_decorator']) retrieved from /Users/sunanda/Downloads/airflow/py_env/lib/python3.9/site-packages/airflow/example_dags/example_short_circuit_decorator.py
[2023-03-22T19:12:43.581-0400] {logging_mixin.py:137} INFO - [2023-03-22T19:12:43.581-0400] {dag.py:2690} INFO - Sync 1 DAGs
[2023-03-22T19:12:43.588-0400] {logging_mixin.py:137} INFO - [2023-03-22T19:12:43.587-0400] {dag.py:3437} INFO - Setting next_dagrun for example_short_circuit_decorator to 2023-03-21T23:12:43.587886+00:00, run_after=2023-03-22T23:12:43.587886+00:00
[2023-03-22T19:12:43.595-0400] {processor.py:175} INFO - Processing /Users/sunanda/Downloads/airflow/py_env/lib/python3.9/site-packages/airflow/example_dags/example_short_circuit_decorator.py took 0.234 seconds
[2023-03-22T19:24:21.934-0400] {processor.py:153} INFO - Started process (PID=4767) to work on /Users/sunanda/Downloads/airflow/py_env/lib/python3.9/site-packages/airflow/example_dags/example_short_circuit_decorator.py
[2023-03-22T19:24:21.938-0400] {processor.py:743} INFO - Processing file /Users/sunanda/Downloads/airflow/py_env/lib/python3.9/site-packages/airflow/example_dags/example_short_circuit_decorator.py for tasks to queue
[2023-03-22T19:24:21.938-0400] {logging_mixin.py:137} INFO - [2023-03-22T19:24:21.938-0400] {dagbag.py:538} INFO - Filling up the DagBag from /Users/sunanda/Downloads/airflow/py_env/lib/python3.9/site-packages/airflow/example_dags/example_short_circuit_decorator.py
[2023-03-22T19:24:21.958-0400] {processor.py:753} INFO - DAG(s) dict_keys(['example_short_circuit_decorator']) retrieved from /Users/sunanda/Downloads/airflow/py_env/lib/python3.9/site-packages/airflow/example_dags/example_short_circuit_decorator.py
[2023-03-22T19:24:22.158-0400] {logging_mixin.py:137} INFO - [2023-03-22T19:24:22.158-0400] {dag.py:2690} INFO - Sync 1 DAGs
[2023-03-22T19:24:22.165-0400] {logging_mixin.py:137} INFO - [2023-03-22T19:24:22.165-0400] {dag.py:3437} INFO - Setting next_dagrun for example_short_circuit_decorator to 2023-03-21T23:24:22.165296+00:00, run_after=2023-03-22T23:24:22.165296+00:00
[2023-03-22T19:24:22.173-0400] {processor.py:175} INFO - Processing /Users/sunanda/Downloads/airflow/py_env/lib/python3.9/site-packages/airflow/example_dags/example_short_circuit_decorator.py took 0.239 seconds
[2023-03-22T19:25:34.486-0400] {processor.py:153} INFO - Started process (PID=4879) to work on /Users/sunanda/Downloads/airflow/py_env/lib/python3.9/site-packages/airflow/example_dags/example_short_circuit_decorator.py
[2023-03-22T19:25:34.489-0400] {processor.py:743} INFO - Processing file /Users/sunanda/Downloads/airflow/py_env/lib/python3.9/site-packages/airflow/example_dags/example_short_circuit_decorator.py for tasks to queue
[2023-03-22T19:25:34.490-0400] {logging_mixin.py:137} INFO - [2023-03-22T19:25:34.490-0400] {dagbag.py:538} INFO - Filling up the DagBag from /Users/sunanda/Downloads/airflow/py_env/lib/python3.9/site-packages/airflow/example_dags/example_short_circuit_decorator.py
[2023-03-22T19:25:34.511-0400] {processor.py:753} INFO - DAG(s) dict_keys(['example_short_circuit_decorator']) retrieved from /Users/sunanda/Downloads/airflow/py_env/lib/python3.9/site-packages/airflow/example_dags/example_short_circuit_decorator.py
[2023-03-22T19:25:34.706-0400] {logging_mixin.py:137} INFO - [2023-03-22T19:25:34.706-0400] {dag.py:2690} INFO - Sync 1 DAGs
[2023-03-22T19:25:34.713-0400] {logging_mixin.py:137} INFO - [2023-03-22T19:25:34.713-0400] {dag.py:3437} INFO - Setting next_dagrun for example_short_circuit_decorator to 2023-03-21T23:25:34.713344+00:00, run_after=2023-03-22T23:25:34.713344+00:00
[2023-03-22T19:25:34.721-0400] {processor.py:175} INFO - Processing /Users/sunanda/Downloads/airflow/py_env/lib/python3.9/site-packages/airflow/example_dags/example_short_circuit_decorator.py took 0.235 seconds
[2023-03-22T19:26:57.693-0400] {processor.py:153} INFO - Started process (PID=5010) to work on /Users/sunanda/Downloads/airflow/py_env/lib/python3.9/site-packages/airflow/example_dags/example_short_circuit_decorator.py
[2023-03-22T19:26:57.696-0400] {processor.py:743} INFO - Processing file /Users/sunanda/Downloads/airflow/py_env/lib/python3.9/site-packages/airflow/example_dags/example_short_circuit_decorator.py for tasks to queue
[2023-03-22T19:26:57.696-0400] {logging_mixin.py:137} INFO - [2023-03-22T19:26:57.696-0400] {dagbag.py:538} INFO - Filling up the DagBag from /Users/sunanda/Downloads/airflow/py_env/lib/python3.9/site-packages/airflow/example_dags/example_short_circuit_decorator.py
[2023-03-22T19:26:57.717-0400] {processor.py:753} INFO - DAG(s) dict_keys(['example_short_circuit_decorator']) retrieved from /Users/sunanda/Downloads/airflow/py_env/lib/python3.9/site-packages/airflow/example_dags/example_short_circuit_decorator.py
[2023-03-22T19:26:57.916-0400] {logging_mixin.py:137} INFO - [2023-03-22T19:26:57.916-0400] {dag.py:2690} INFO - Sync 1 DAGs
[2023-03-22T19:26:57.923-0400] {logging_mixin.py:137} INFO - [2023-03-22T19:26:57.923-0400] {dag.py:3437} INFO - Setting next_dagrun for example_short_circuit_decorator to 2023-03-21T23:26:57.923744+00:00, run_after=2023-03-22T23:26:57.923744+00:00
[2023-03-22T19:26:57.931-0400] {processor.py:175} INFO - Processing /Users/sunanda/Downloads/airflow/py_env/lib/python3.9/site-packages/airflow/example_dags/example_short_circuit_decorator.py took 0.239 seconds
