[2023-03-22T14:54:21.435-0400] {processor.py:153} INFO - Started process (PID=69606) to work on /Users/sunanda/Downloads/airflow/py_env/lib/python3.9/site-packages/airflow/example_dags/example_external_task_marker_dag.py
[2023-03-22T14:54:21.437-0400] {processor.py:743} INFO - Processing file /Users/sunanda/Downloads/airflow/py_env/lib/python3.9/site-packages/airflow/example_dags/example_external_task_marker_dag.py for tasks to queue
[2023-03-22T14:54:21.437-0400] {logging_mixin.py:137} INFO - [2023-03-22T14:54:21.437-0400] {dagbag.py:538} INFO - Filling up the DagBag from /Users/sunanda/Downloads/airflow/py_env/lib/python3.9/site-packages/airflow/example_dags/example_external_task_marker_dag.py
[2023-03-22T14:54:21.449-0400] {processor.py:753} INFO - DAG(s) dict_keys(['example_external_task_marker_child', 'example_external_task_marker_parent']) retrieved from /Users/sunanda/Downloads/airflow/py_env/lib/python3.9/site-packages/airflow/example_dags/example_external_task_marker_dag.py
[2023-03-22T14:54:21.728-0400] {logging_mixin.py:137} INFO - [2023-03-22T14:54:21.728-0400] {dag.py:2690} INFO - Sync 2 DAGs
[2023-03-22T14:54:21.736-0400] {logging_mixin.py:137} INFO - [2023-03-22T14:54:21.736-0400] {dag.py:3437} INFO - Setting next_dagrun for example_external_task_marker_child to None, run_after=None
[2023-03-22T14:54:21.737-0400] {logging_mixin.py:137} INFO - [2023-03-22T14:54:21.737-0400] {dag.py:3437} INFO - Setting next_dagrun for example_external_task_marker_parent to None, run_after=None
[2023-03-22T14:54:21.745-0400] {processor.py:175} INFO - Processing /Users/sunanda/Downloads/airflow/py_env/lib/python3.9/site-packages/airflow/example_dags/example_external_task_marker_dag.py took 0.310 seconds
[2023-03-22T14:55:44.711-0400] {processor.py:153} INFO - Started process (PID=69739) to work on /Users/sunanda/Downloads/airflow/py_env/lib/python3.9/site-packages/airflow/example_dags/example_external_task_marker_dag.py
[2023-03-22T14:55:44.714-0400] {processor.py:743} INFO - Processing file /Users/sunanda/Downloads/airflow/py_env/lib/python3.9/site-packages/airflow/example_dags/example_external_task_marker_dag.py for tasks to queue
[2023-03-22T14:55:44.714-0400] {logging_mixin.py:137} INFO - [2023-03-22T14:55:44.714-0400] {dagbag.py:538} INFO - Filling up the DagBag from /Users/sunanda/Downloads/airflow/py_env/lib/python3.9/site-packages/airflow/example_dags/example_external_task_marker_dag.py
[2023-03-22T14:55:44.725-0400] {processor.py:753} INFO - DAG(s) dict_keys(['example_external_task_marker_parent', 'example_external_task_marker_child']) retrieved from /Users/sunanda/Downloads/airflow/py_env/lib/python3.9/site-packages/airflow/example_dags/example_external_task_marker_dag.py
[2023-03-22T14:55:44.953-0400] {logging_mixin.py:137} INFO - [2023-03-22T14:55:44.953-0400] {dag.py:2690} INFO - Sync 2 DAGs
[2023-03-22T14:55:44.960-0400] {logging_mixin.py:137} INFO - [2023-03-22T14:55:44.960-0400] {dag.py:3437} INFO - Setting next_dagrun for example_external_task_marker_child to None, run_after=None
[2023-03-22T14:55:44.961-0400] {logging_mixin.py:137} INFO - [2023-03-22T14:55:44.961-0400] {dag.py:3437} INFO - Setting next_dagrun for example_external_task_marker_parent to None, run_after=None
[2023-03-22T14:55:44.968-0400] {processor.py:175} INFO - Processing /Users/sunanda/Downloads/airflow/py_env/lib/python3.9/site-packages/airflow/example_dags/example_external_task_marker_dag.py took 0.258 seconds
[2023-03-22T14:57:07.348-0400] {processor.py:153} INFO - Started process (PID=69865) to work on /Users/sunanda/Downloads/airflow/py_env/lib/python3.9/site-packages/airflow/example_dags/example_external_task_marker_dag.py
[2023-03-22T14:57:07.351-0400] {processor.py:743} INFO - Processing file /Users/sunanda/Downloads/airflow/py_env/lib/python3.9/site-packages/airflow/example_dags/example_external_task_marker_dag.py for tasks to queue
[2023-03-22T14:57:07.352-0400] {logging_mixin.py:137} INFO - [2023-03-22T14:57:07.351-0400] {dagbag.py:538} INFO - Filling up the DagBag from /Users/sunanda/Downloads/airflow/py_env/lib/python3.9/site-packages/airflow/example_dags/example_external_task_marker_dag.py
[2023-03-22T14:57:07.363-0400] {processor.py:753} INFO - DAG(s) dict_keys(['example_external_task_marker_child', 'example_external_task_marker_parent']) retrieved from /Users/sunanda/Downloads/airflow/py_env/lib/python3.9/site-packages/airflow/example_dags/example_external_task_marker_dag.py
[2023-03-22T14:57:07.599-0400] {logging_mixin.py:137} INFO - [2023-03-22T14:57:07.599-0400] {dag.py:2690} INFO - Sync 2 DAGs
[2023-03-22T14:57:07.605-0400] {logging_mixin.py:137} INFO - [2023-03-22T14:57:07.605-0400] {dag.py:3437} INFO - Setting next_dagrun for example_external_task_marker_child to None, run_after=None
[2023-03-22T14:57:07.606-0400] {logging_mixin.py:137} INFO - [2023-03-22T14:57:07.606-0400] {dag.py:3437} INFO - Setting next_dagrun for example_external_task_marker_parent to None, run_after=None
[2023-03-22T14:57:07.614-0400] {processor.py:175} INFO - Processing /Users/sunanda/Downloads/airflow/py_env/lib/python3.9/site-packages/airflow/example_dags/example_external_task_marker_dag.py took 0.267 seconds
[2023-03-22T14:58:29.175-0400] {processor.py:153} INFO - Started process (PID=69996) to work on /Users/sunanda/Downloads/airflow/py_env/lib/python3.9/site-packages/airflow/example_dags/example_external_task_marker_dag.py
[2023-03-22T14:58:29.178-0400] {processor.py:743} INFO - Processing file /Users/sunanda/Downloads/airflow/py_env/lib/python3.9/site-packages/airflow/example_dags/example_external_task_marker_dag.py for tasks to queue
[2023-03-22T14:58:29.178-0400] {logging_mixin.py:137} INFO - [2023-03-22T14:58:29.178-0400] {dagbag.py:538} INFO - Filling up the DagBag from /Users/sunanda/Downloads/airflow/py_env/lib/python3.9/site-packages/airflow/example_dags/example_external_task_marker_dag.py
[2023-03-22T14:58:29.191-0400] {processor.py:753} INFO - DAG(s) dict_keys(['example_external_task_marker_child', 'example_external_task_marker_parent']) retrieved from /Users/sunanda/Downloads/airflow/py_env/lib/python3.9/site-packages/airflow/example_dags/example_external_task_marker_dag.py
[2023-03-22T14:58:29.428-0400] {logging_mixin.py:137} INFO - [2023-03-22T14:58:29.428-0400] {dag.py:2690} INFO - Sync 2 DAGs
[2023-03-22T14:58:29.436-0400] {logging_mixin.py:137} INFO - [2023-03-22T14:58:29.435-0400] {dag.py:3437} INFO - Setting next_dagrun for example_external_task_marker_child to None, run_after=None
[2023-03-22T14:58:29.437-0400] {logging_mixin.py:137} INFO - [2023-03-22T14:58:29.436-0400] {dag.py:3437} INFO - Setting next_dagrun for example_external_task_marker_parent to None, run_after=None
[2023-03-22T14:58:29.444-0400] {processor.py:175} INFO - Processing /Users/sunanda/Downloads/airflow/py_env/lib/python3.9/site-packages/airflow/example_dags/example_external_task_marker_dag.py took 0.269 seconds
[2023-03-22T14:59:56.170-0400] {processor.py:153} INFO - Started process (PID=70133) to work on /Users/sunanda/Downloads/airflow/py_env/lib/python3.9/site-packages/airflow/example_dags/example_external_task_marker_dag.py
[2023-03-22T14:59:56.172-0400] {processor.py:743} INFO - Processing file /Users/sunanda/Downloads/airflow/py_env/lib/python3.9/site-packages/airflow/example_dags/example_external_task_marker_dag.py for tasks to queue
[2023-03-22T14:59:56.172-0400] {logging_mixin.py:137} INFO - [2023-03-22T14:59:56.172-0400] {dagbag.py:538} INFO - Filling up the DagBag from /Users/sunanda/Downloads/airflow/py_env/lib/python3.9/site-packages/airflow/example_dags/example_external_task_marker_dag.py
[2023-03-22T14:59:56.183-0400] {processor.py:753} INFO - DAG(s) dict_keys(['example_external_task_marker_parent', 'example_external_task_marker_child']) retrieved from /Users/sunanda/Downloads/airflow/py_env/lib/python3.9/site-packages/airflow/example_dags/example_external_task_marker_dag.py
[2023-03-22T14:59:56.436-0400] {logging_mixin.py:137} INFO - [2023-03-22T14:59:56.436-0400] {dag.py:2690} INFO - Sync 2 DAGs
[2023-03-22T14:59:56.443-0400] {logging_mixin.py:137} INFO - [2023-03-22T14:59:56.443-0400] {dag.py:3437} INFO - Setting next_dagrun for example_external_task_marker_child to None, run_after=None
[2023-03-22T14:59:56.444-0400] {logging_mixin.py:137} INFO - [2023-03-22T14:59:56.444-0400] {dag.py:3437} INFO - Setting next_dagrun for example_external_task_marker_parent to None, run_after=None
[2023-03-22T14:59:56.452-0400] {processor.py:175} INFO - Processing /Users/sunanda/Downloads/airflow/py_env/lib/python3.9/site-packages/airflow/example_dags/example_external_task_marker_dag.py took 0.283 seconds
[2023-03-22T15:01:22.925-0400] {processor.py:153} INFO - Started process (PID=70269) to work on /Users/sunanda/Downloads/airflow/py_env/lib/python3.9/site-packages/airflow/example_dags/example_external_task_marker_dag.py
[2023-03-22T15:01:22.927-0400] {processor.py:743} INFO - Processing file /Users/sunanda/Downloads/airflow/py_env/lib/python3.9/site-packages/airflow/example_dags/example_external_task_marker_dag.py for tasks to queue
[2023-03-22T15:01:22.927-0400] {logging_mixin.py:137} INFO - [2023-03-22T15:01:22.927-0400] {dagbag.py:538} INFO - Filling up the DagBag from /Users/sunanda/Downloads/airflow/py_env/lib/python3.9/site-packages/airflow/example_dags/example_external_task_marker_dag.py
[2023-03-22T15:01:22.937-0400] {processor.py:753} INFO - DAG(s) dict_keys(['example_external_task_marker_child', 'example_external_task_marker_parent']) retrieved from /Users/sunanda/Downloads/airflow/py_env/lib/python3.9/site-packages/airflow/example_dags/example_external_task_marker_dag.py
[2023-03-22T15:01:23.172-0400] {logging_mixin.py:137} INFO - [2023-03-22T15:01:23.172-0400] {dag.py:2690} INFO - Sync 2 DAGs
[2023-03-22T15:01:23.179-0400] {logging_mixin.py:137} INFO - [2023-03-22T15:01:23.179-0400] {dag.py:3437} INFO - Setting next_dagrun for example_external_task_marker_child to None, run_after=None
[2023-03-22T15:01:23.180-0400] {logging_mixin.py:137} INFO - [2023-03-22T15:01:23.180-0400] {dag.py:3437} INFO - Setting next_dagrun for example_external_task_marker_parent to None, run_after=None
[2023-03-22T15:01:23.188-0400] {processor.py:175} INFO - Processing /Users/sunanda/Downloads/airflow/py_env/lib/python3.9/site-packages/airflow/example_dags/example_external_task_marker_dag.py took 0.263 seconds
[2023-03-22T15:02:51.032-0400] {processor.py:153} INFO - Started process (PID=70410) to work on /Users/sunanda/Downloads/airflow/py_env/lib/python3.9/site-packages/airflow/example_dags/example_external_task_marker_dag.py
[2023-03-22T15:02:51.035-0400] {processor.py:743} INFO - Processing file /Users/sunanda/Downloads/airflow/py_env/lib/python3.9/site-packages/airflow/example_dags/example_external_task_marker_dag.py for tasks to queue
[2023-03-22T15:02:51.035-0400] {logging_mixin.py:137} INFO - [2023-03-22T15:02:51.035-0400] {dagbag.py:538} INFO - Filling up the DagBag from /Users/sunanda/Downloads/airflow/py_env/lib/python3.9/site-packages/airflow/example_dags/example_external_task_marker_dag.py
[2023-03-22T15:02:51.051-0400] {processor.py:753} INFO - DAG(s) dict_keys(['example_external_task_marker_parent', 'example_external_task_marker_child']) retrieved from /Users/sunanda/Downloads/airflow/py_env/lib/python3.9/site-packages/airflow/example_dags/example_external_task_marker_dag.py
[2023-03-22T15:02:51.309-0400] {logging_mixin.py:137} INFO - [2023-03-22T15:02:51.309-0400] {dag.py:2690} INFO - Sync 2 DAGs
[2023-03-22T15:02:51.316-0400] {logging_mixin.py:137} INFO - [2023-03-22T15:02:51.316-0400] {dag.py:3437} INFO - Setting next_dagrun for example_external_task_marker_child to None, run_after=None
[2023-03-22T15:02:51.318-0400] {logging_mixin.py:137} INFO - [2023-03-22T15:02:51.318-0400] {dag.py:3437} INFO - Setting next_dagrun for example_external_task_marker_parent to None, run_after=None
[2023-03-22T15:02:51.326-0400] {processor.py:175} INFO - Processing /Users/sunanda/Downloads/airflow/py_env/lib/python3.9/site-packages/airflow/example_dags/example_external_task_marker_dag.py took 0.294 seconds
[2023-03-22T15:04:12.734-0400] {processor.py:153} INFO - Started process (PID=70560) to work on /Users/sunanda/Downloads/airflow/py_env/lib/python3.9/site-packages/airflow/example_dags/example_external_task_marker_dag.py
[2023-03-22T15:04:12.737-0400] {processor.py:743} INFO - Processing file /Users/sunanda/Downloads/airflow/py_env/lib/python3.9/site-packages/airflow/example_dags/example_external_task_marker_dag.py for tasks to queue
[2023-03-22T15:04:12.737-0400] {logging_mixin.py:137} INFO - [2023-03-22T15:04:12.737-0400] {dagbag.py:538} INFO - Filling up the DagBag from /Users/sunanda/Downloads/airflow/py_env/lib/python3.9/site-packages/airflow/example_dags/example_external_task_marker_dag.py
[2023-03-22T15:04:12.748-0400] {processor.py:753} INFO - DAG(s) dict_keys(['example_external_task_marker_parent', 'example_external_task_marker_child']) retrieved from /Users/sunanda/Downloads/airflow/py_env/lib/python3.9/site-packages/airflow/example_dags/example_external_task_marker_dag.py
[2023-03-22T15:04:12.985-0400] {logging_mixin.py:137} INFO - [2023-03-22T15:04:12.985-0400] {dag.py:2690} INFO - Sync 2 DAGs
[2023-03-22T15:04:12.992-0400] {logging_mixin.py:137} INFO - [2023-03-22T15:04:12.992-0400] {dag.py:3437} INFO - Setting next_dagrun for example_external_task_marker_child to None, run_after=None
[2023-03-22T15:04:12.993-0400] {logging_mixin.py:137} INFO - [2023-03-22T15:04:12.993-0400] {dag.py:3437} INFO - Setting next_dagrun for example_external_task_marker_parent to None, run_after=None
[2023-03-22T15:04:13.000-0400] {processor.py:175} INFO - Processing /Users/sunanda/Downloads/airflow/py_env/lib/python3.9/site-packages/airflow/example_dags/example_external_task_marker_dag.py took 0.267 seconds
[2023-03-22T15:05:34.051-0400] {processor.py:153} INFO - Started process (PID=70692) to work on /Users/sunanda/Downloads/airflow/py_env/lib/python3.9/site-packages/airflow/example_dags/example_external_task_marker_dag.py
[2023-03-22T15:05:34.054-0400] {processor.py:743} INFO - Processing file /Users/sunanda/Downloads/airflow/py_env/lib/python3.9/site-packages/airflow/example_dags/example_external_task_marker_dag.py for tasks to queue
[2023-03-22T15:05:34.054-0400] {logging_mixin.py:137} INFO - [2023-03-22T15:05:34.054-0400] {dagbag.py:538} INFO - Filling up the DagBag from /Users/sunanda/Downloads/airflow/py_env/lib/python3.9/site-packages/airflow/example_dags/example_external_task_marker_dag.py
[2023-03-22T15:05:34.065-0400] {processor.py:753} INFO - DAG(s) dict_keys(['example_external_task_marker_parent', 'example_external_task_marker_child']) retrieved from /Users/sunanda/Downloads/airflow/py_env/lib/python3.9/site-packages/airflow/example_dags/example_external_task_marker_dag.py
[2023-03-22T15:05:34.334-0400] {logging_mixin.py:137} INFO - [2023-03-22T15:05:34.334-0400] {dag.py:2690} INFO - Sync 2 DAGs
[2023-03-22T15:05:34.342-0400] {logging_mixin.py:137} INFO - [2023-03-22T15:05:34.341-0400] {dag.py:3437} INFO - Setting next_dagrun for example_external_task_marker_child to None, run_after=None
[2023-03-22T15:05:34.343-0400] {logging_mixin.py:137} INFO - [2023-03-22T15:05:34.343-0400] {dag.py:3437} INFO - Setting next_dagrun for example_external_task_marker_parent to None, run_after=None
[2023-03-22T15:05:34.350-0400] {processor.py:175} INFO - Processing /Users/sunanda/Downloads/airflow/py_env/lib/python3.9/site-packages/airflow/example_dags/example_external_task_marker_dag.py took 0.299 seconds
[2023-03-22T19:11:48.237-0400] {processor.py:153} INFO - Started process (PID=3820) to work on /Users/sunanda/Downloads/airflow/py_env/lib/python3.9/site-packages/airflow/example_dags/example_external_task_marker_dag.py
[2023-03-22T19:11:48.240-0400] {processor.py:743} INFO - Processing file /Users/sunanda/Downloads/airflow/py_env/lib/python3.9/site-packages/airflow/example_dags/example_external_task_marker_dag.py for tasks to queue
[2023-03-22T19:11:48.240-0400] {logging_mixin.py:137} INFO - [2023-03-22T19:11:48.240-0400] {dagbag.py:538} INFO - Filling up the DagBag from /Users/sunanda/Downloads/airflow/py_env/lib/python3.9/site-packages/airflow/example_dags/example_external_task_marker_dag.py
[2023-03-22T19:11:48.250-0400] {processor.py:753} INFO - DAG(s) dict_keys(['example_external_task_marker_parent', 'example_external_task_marker_child']) retrieved from /Users/sunanda/Downloads/airflow/py_env/lib/python3.9/site-packages/airflow/example_dags/example_external_task_marker_dag.py
[2023-03-22T19:11:48.477-0400] {logging_mixin.py:137} INFO - [2023-03-22T19:11:48.477-0400] {dag.py:2690} INFO - Sync 2 DAGs
[2023-03-22T19:11:48.483-0400] {logging_mixin.py:137} INFO - [2023-03-22T19:11:48.483-0400] {dag.py:3437} INFO - Setting next_dagrun for example_external_task_marker_child to None, run_after=None
[2023-03-22T19:11:48.484-0400] {logging_mixin.py:137} INFO - [2023-03-22T19:11:48.484-0400] {dag.py:3437} INFO - Setting next_dagrun for example_external_task_marker_parent to None, run_after=None
[2023-03-22T19:11:48.492-0400] {processor.py:175} INFO - Processing /Users/sunanda/Downloads/airflow/py_env/lib/python3.9/site-packages/airflow/example_dags/example_external_task_marker_dag.py took 0.254 seconds
[2023-03-22T19:13:17.094-0400] {processor.py:153} INFO - Started process (PID=3956) to work on /Users/sunanda/Downloads/airflow/py_env/lib/python3.9/site-packages/airflow/example_dags/example_external_task_marker_dag.py
[2023-03-22T19:13:17.096-0400] {processor.py:743} INFO - Processing file /Users/sunanda/Downloads/airflow/py_env/lib/python3.9/site-packages/airflow/example_dags/example_external_task_marker_dag.py for tasks to queue
[2023-03-22T19:13:17.097-0400] {logging_mixin.py:137} INFO - [2023-03-22T19:13:17.097-0400] {dagbag.py:538} INFO - Filling up the DagBag from /Users/sunanda/Downloads/airflow/py_env/lib/python3.9/site-packages/airflow/example_dags/example_external_task_marker_dag.py
[2023-03-22T19:13:17.107-0400] {processor.py:753} INFO - DAG(s) dict_keys(['example_external_task_marker_child', 'example_external_task_marker_parent']) retrieved from /Users/sunanda/Downloads/airflow/py_env/lib/python3.9/site-packages/airflow/example_dags/example_external_task_marker_dag.py
[2023-03-22T19:13:17.344-0400] {logging_mixin.py:137} INFO - [2023-03-22T19:13:17.344-0400] {dag.py:2690} INFO - Sync 2 DAGs
[2023-03-22T19:13:17.351-0400] {logging_mixin.py:137} INFO - [2023-03-22T19:13:17.351-0400] {dag.py:3437} INFO - Setting next_dagrun for example_external_task_marker_child to None, run_after=None
[2023-03-22T19:13:17.352-0400] {logging_mixin.py:137} INFO - [2023-03-22T19:13:17.352-0400] {dag.py:3437} INFO - Setting next_dagrun for example_external_task_marker_parent to None, run_after=None
[2023-03-22T19:13:17.359-0400] {processor.py:175} INFO - Processing /Users/sunanda/Downloads/airflow/py_env/lib/python3.9/site-packages/airflow/example_dags/example_external_task_marker_dag.py took 0.265 seconds
[2023-03-22T19:24:39.947-0400] {processor.py:153} INFO - Started process (PID=4794) to work on /Users/sunanda/Downloads/airflow/py_env/lib/python3.9/site-packages/airflow/example_dags/example_external_task_marker_dag.py
[2023-03-22T19:24:39.951-0400] {processor.py:743} INFO - Processing file /Users/sunanda/Downloads/airflow/py_env/lib/python3.9/site-packages/airflow/example_dags/example_external_task_marker_dag.py for tasks to queue
[2023-03-22T19:24:39.951-0400] {logging_mixin.py:137} INFO - [2023-03-22T19:24:39.951-0400] {dagbag.py:538} INFO - Filling up the DagBag from /Users/sunanda/Downloads/airflow/py_env/lib/python3.9/site-packages/airflow/example_dags/example_external_task_marker_dag.py
[2023-03-22T19:24:39.962-0400] {processor.py:753} INFO - DAG(s) dict_keys(['example_external_task_marker_parent', 'example_external_task_marker_child']) retrieved from /Users/sunanda/Downloads/airflow/py_env/lib/python3.9/site-packages/airflow/example_dags/example_external_task_marker_dag.py
[2023-03-22T19:24:40.226-0400] {logging_mixin.py:137} INFO - [2023-03-22T19:24:40.226-0400] {dag.py:2690} INFO - Sync 2 DAGs
[2023-03-22T19:24:40.233-0400] {logging_mixin.py:137} INFO - [2023-03-22T19:24:40.233-0400] {dag.py:3437} INFO - Setting next_dagrun for example_external_task_marker_child to None, run_after=None
[2023-03-22T19:24:40.234-0400] {logging_mixin.py:137} INFO - [2023-03-22T19:24:40.234-0400] {dag.py:3437} INFO - Setting next_dagrun for example_external_task_marker_parent to None, run_after=None
[2023-03-22T19:24:40.241-0400] {processor.py:175} INFO - Processing /Users/sunanda/Downloads/airflow/py_env/lib/python3.9/site-packages/airflow/example_dags/example_external_task_marker_dag.py took 0.294 seconds
[2023-03-22T19:26:03.707-0400] {processor.py:153} INFO - Started process (PID=4924) to work on /Users/sunanda/Downloads/airflow/py_env/lib/python3.9/site-packages/airflow/example_dags/example_external_task_marker_dag.py
[2023-03-22T19:26:03.710-0400] {processor.py:743} INFO - Processing file /Users/sunanda/Downloads/airflow/py_env/lib/python3.9/site-packages/airflow/example_dags/example_external_task_marker_dag.py for tasks to queue
[2023-03-22T19:26:03.710-0400] {logging_mixin.py:137} INFO - [2023-03-22T19:26:03.710-0400] {dagbag.py:538} INFO - Filling up the DagBag from /Users/sunanda/Downloads/airflow/py_env/lib/python3.9/site-packages/airflow/example_dags/example_external_task_marker_dag.py
[2023-03-22T19:26:03.720-0400] {processor.py:753} INFO - DAG(s) dict_keys(['example_external_task_marker_child', 'example_external_task_marker_parent']) retrieved from /Users/sunanda/Downloads/airflow/py_env/lib/python3.9/site-packages/airflow/example_dags/example_external_task_marker_dag.py
[2023-03-22T19:26:03.956-0400] {logging_mixin.py:137} INFO - [2023-03-22T19:26:03.956-0400] {dag.py:2690} INFO - Sync 2 DAGs
[2023-03-22T19:26:03.963-0400] {logging_mixin.py:137} INFO - [2023-03-22T19:26:03.963-0400] {dag.py:3437} INFO - Setting next_dagrun for example_external_task_marker_child to None, run_after=None
[2023-03-22T19:26:03.964-0400] {logging_mixin.py:137} INFO - [2023-03-22T19:26:03.964-0400] {dag.py:3437} INFO - Setting next_dagrun for example_external_task_marker_parent to None, run_after=None
[2023-03-22T19:26:03.971-0400] {processor.py:175} INFO - Processing /Users/sunanda/Downloads/airflow/py_env/lib/python3.9/site-packages/airflow/example_dags/example_external_task_marker_dag.py took 0.264 seconds
[2023-03-22T19:27:29.253-0400] {processor.py:153} INFO - Started process (PID=5063) to work on /Users/sunanda/Downloads/airflow/py_env/lib/python3.9/site-packages/airflow/example_dags/example_external_task_marker_dag.py
[2023-03-22T19:27:29.256-0400] {processor.py:743} INFO - Processing file /Users/sunanda/Downloads/airflow/py_env/lib/python3.9/site-packages/airflow/example_dags/example_external_task_marker_dag.py for tasks to queue
[2023-03-22T19:27:29.257-0400] {logging_mixin.py:137} INFO - [2023-03-22T19:27:29.257-0400] {dagbag.py:538} INFO - Filling up the DagBag from /Users/sunanda/Downloads/airflow/py_env/lib/python3.9/site-packages/airflow/example_dags/example_external_task_marker_dag.py
[2023-03-22T19:27:29.269-0400] {processor.py:753} INFO - DAG(s) dict_keys(['example_external_task_marker_child', 'example_external_task_marker_parent']) retrieved from /Users/sunanda/Downloads/airflow/py_env/lib/python3.9/site-packages/airflow/example_dags/example_external_task_marker_dag.py
[2023-03-22T19:27:29.537-0400] {logging_mixin.py:137} INFO - [2023-03-22T19:27:29.536-0400] {dag.py:2690} INFO - Sync 2 DAGs
[2023-03-22T19:27:29.548-0400] {logging_mixin.py:137} INFO - [2023-03-22T19:27:29.548-0400] {dag.py:3437} INFO - Setting next_dagrun for example_external_task_marker_child to None, run_after=None
[2023-03-22T19:27:29.549-0400] {logging_mixin.py:137} INFO - [2023-03-22T19:27:29.549-0400] {dag.py:3437} INFO - Setting next_dagrun for example_external_task_marker_parent to None, run_after=None
[2023-03-22T19:27:29.556-0400] {processor.py:175} INFO - Processing /Users/sunanda/Downloads/airflow/py_env/lib/python3.9/site-packages/airflow/example_dags/example_external_task_marker_dag.py took 0.303 seconds
