[2023-03-22T14:54:37.931-0400] {processor.py:153} INFO - Started process (PID=69633) to work on /Users/sunanda/Downloads/airflow/py_env/lib/python3.9/site-packages/airflow/example_dags/example_branch_day_of_week_operator.py
[2023-03-22T14:54:37.933-0400] {processor.py:743} INFO - Processing file /Users/sunanda/Downloads/airflow/py_env/lib/python3.9/site-packages/airflow/example_dags/example_branch_day_of_week_operator.py for tasks to queue
[2023-03-22T14:54:37.933-0400] {logging_mixin.py:137} INFO - [2023-03-22T14:54:37.933-0400] {dagbag.py:538} INFO - Filling up the DagBag from /Users/sunanda/Downloads/airflow/py_env/lib/python3.9/site-packages/airflow/example_dags/example_branch_day_of_week_operator.py
[2023-03-22T14:54:37.947-0400] {processor.py:753} INFO - DAG(s) dict_keys(['example_weekday_branch_operator']) retrieved from /Users/sunanda/Downloads/airflow/py_env/lib/python3.9/site-packages/airflow/example_dags/example_branch_day_of_week_operator.py
[2023-03-22T14:54:38.153-0400] {logging_mixin.py:137} INFO - [2023-03-22T14:54:38.153-0400] {dag.py:2690} INFO - Sync 1 DAGs
[2023-03-22T14:54:38.161-0400] {logging_mixin.py:137} INFO - [2023-03-22T14:54:38.161-0400] {dag.py:3437} INFO - Setting next_dagrun for example_weekday_branch_operator to 2023-03-21T00:00:00+00:00, run_after=2023-03-22T00:00:00+00:00
[2023-03-22T14:54:38.169-0400] {processor.py:175} INFO - Processing /Users/sunanda/Downloads/airflow/py_env/lib/python3.9/site-packages/airflow/example_dags/example_branch_day_of_week_operator.py took 0.239 seconds
[2023-03-22T14:55:59.290-0400] {processor.py:153} INFO - Started process (PID=69762) to work on /Users/sunanda/Downloads/airflow/py_env/lib/python3.9/site-packages/airflow/example_dags/example_branch_day_of_week_operator.py
[2023-03-22T14:55:59.294-0400] {processor.py:743} INFO - Processing file /Users/sunanda/Downloads/airflow/py_env/lib/python3.9/site-packages/airflow/example_dags/example_branch_day_of_week_operator.py for tasks to queue
[2023-03-22T14:55:59.294-0400] {logging_mixin.py:137} INFO - [2023-03-22T14:55:59.294-0400] {dagbag.py:538} INFO - Filling up the DagBag from /Users/sunanda/Downloads/airflow/py_env/lib/python3.9/site-packages/airflow/example_dags/example_branch_day_of_week_operator.py
[2023-03-22T14:55:59.307-0400] {processor.py:753} INFO - DAG(s) dict_keys(['example_weekday_branch_operator']) retrieved from /Users/sunanda/Downloads/airflow/py_env/lib/python3.9/site-packages/airflow/example_dags/example_branch_day_of_week_operator.py
[2023-03-22T14:55:59.504-0400] {logging_mixin.py:137} INFO - [2023-03-22T14:55:59.504-0400] {dag.py:2690} INFO - Sync 1 DAGs
[2023-03-22T14:55:59.511-0400] {logging_mixin.py:137} INFO - [2023-03-22T14:55:59.511-0400] {dag.py:3437} INFO - Setting next_dagrun for example_weekday_branch_operator to 2023-03-21T00:00:00+00:00, run_after=2023-03-22T00:00:00+00:00
[2023-03-22T14:55:59.519-0400] {processor.py:175} INFO - Processing /Users/sunanda/Downloads/airflow/py_env/lib/python3.9/site-packages/airflow/example_dags/example_branch_day_of_week_operator.py took 0.229 seconds
[2023-03-22T14:57:21.053-0400] {processor.py:153} INFO - Started process (PID=69887) to work on /Users/sunanda/Downloads/airflow/py_env/lib/python3.9/site-packages/airflow/example_dags/example_branch_day_of_week_operator.py
[2023-03-22T14:57:21.056-0400] {processor.py:743} INFO - Processing file /Users/sunanda/Downloads/airflow/py_env/lib/python3.9/site-packages/airflow/example_dags/example_branch_day_of_week_operator.py for tasks to queue
[2023-03-22T14:57:21.057-0400] {logging_mixin.py:137} INFO - [2023-03-22T14:57:21.057-0400] {dagbag.py:538} INFO - Filling up the DagBag from /Users/sunanda/Downloads/airflow/py_env/lib/python3.9/site-packages/airflow/example_dags/example_branch_day_of_week_operator.py
[2023-03-22T14:57:21.070-0400] {processor.py:753} INFO - DAG(s) dict_keys(['example_weekday_branch_operator']) retrieved from /Users/sunanda/Downloads/airflow/py_env/lib/python3.9/site-packages/airflow/example_dags/example_branch_day_of_week_operator.py
[2023-03-22T14:57:21.271-0400] {logging_mixin.py:137} INFO - [2023-03-22T14:57:21.271-0400] {dag.py:2690} INFO - Sync 1 DAGs
[2023-03-22T14:57:21.278-0400] {logging_mixin.py:137} INFO - [2023-03-22T14:57:21.278-0400] {dag.py:3437} INFO - Setting next_dagrun for example_weekday_branch_operator to 2023-03-21T00:00:00+00:00, run_after=2023-03-22T00:00:00+00:00
[2023-03-22T14:57:21.285-0400] {processor.py:175} INFO - Processing /Users/sunanda/Downloads/airflow/py_env/lib/python3.9/site-packages/airflow/example_dags/example_branch_day_of_week_operator.py took 0.233 seconds
[2023-03-22T14:58:45.821-0400] {processor.py:153} INFO - Started process (PID=70022) to work on /Users/sunanda/Downloads/airflow/py_env/lib/python3.9/site-packages/airflow/example_dags/example_branch_day_of_week_operator.py
[2023-03-22T14:58:45.824-0400] {processor.py:743} INFO - Processing file /Users/sunanda/Downloads/airflow/py_env/lib/python3.9/site-packages/airflow/example_dags/example_branch_day_of_week_operator.py for tasks to queue
[2023-03-22T14:58:45.824-0400] {logging_mixin.py:137} INFO - [2023-03-22T14:58:45.824-0400] {dagbag.py:538} INFO - Filling up the DagBag from /Users/sunanda/Downloads/airflow/py_env/lib/python3.9/site-packages/airflow/example_dags/example_branch_day_of_week_operator.py
[2023-03-22T14:58:45.837-0400] {processor.py:753} INFO - DAG(s) dict_keys(['example_weekday_branch_operator']) retrieved from /Users/sunanda/Downloads/airflow/py_env/lib/python3.9/site-packages/airflow/example_dags/example_branch_day_of_week_operator.py
[2023-03-22T14:58:46.045-0400] {logging_mixin.py:137} INFO - [2023-03-22T14:58:46.045-0400] {dag.py:2690} INFO - Sync 1 DAGs
[2023-03-22T14:58:46.052-0400] {logging_mixin.py:137} INFO - [2023-03-22T14:58:46.052-0400] {dag.py:3437} INFO - Setting next_dagrun for example_weekday_branch_operator to 2023-03-21T00:00:00+00:00, run_after=2023-03-22T00:00:00+00:00
[2023-03-22T14:58:46.060-0400] {processor.py:175} INFO - Processing /Users/sunanda/Downloads/airflow/py_env/lib/python3.9/site-packages/airflow/example_dags/example_branch_day_of_week_operator.py took 0.240 seconds
[2023-03-22T15:00:12.850-0400] {processor.py:153} INFO - Started process (PID=70159) to work on /Users/sunanda/Downloads/airflow/py_env/lib/python3.9/site-packages/airflow/example_dags/example_branch_day_of_week_operator.py
[2023-03-22T15:00:12.852-0400] {processor.py:743} INFO - Processing file /Users/sunanda/Downloads/airflow/py_env/lib/python3.9/site-packages/airflow/example_dags/example_branch_day_of_week_operator.py for tasks to queue
[2023-03-22T15:00:12.852-0400] {logging_mixin.py:137} INFO - [2023-03-22T15:00:12.852-0400] {dagbag.py:538} INFO - Filling up the DagBag from /Users/sunanda/Downloads/airflow/py_env/lib/python3.9/site-packages/airflow/example_dags/example_branch_day_of_week_operator.py
[2023-03-22T15:00:12.863-0400] {processor.py:753} INFO - DAG(s) dict_keys(['example_weekday_branch_operator']) retrieved from /Users/sunanda/Downloads/airflow/py_env/lib/python3.9/site-packages/airflow/example_dags/example_branch_day_of_week_operator.py
[2023-03-22T15:00:13.071-0400] {logging_mixin.py:137} INFO - [2023-03-22T15:00:13.070-0400] {dag.py:2690} INFO - Sync 1 DAGs
[2023-03-22T15:00:13.078-0400] {logging_mixin.py:137} INFO - [2023-03-22T15:00:13.078-0400] {dag.py:3437} INFO - Setting next_dagrun for example_weekday_branch_operator to 2023-03-21T00:00:00+00:00, run_after=2023-03-22T00:00:00+00:00
[2023-03-22T15:00:13.085-0400] {processor.py:175} INFO - Processing /Users/sunanda/Downloads/airflow/py_env/lib/python3.9/site-packages/airflow/example_dags/example_branch_day_of_week_operator.py took 0.236 seconds
[2023-03-22T15:01:39.067-0400] {processor.py:153} INFO - Started process (PID=70296) to work on /Users/sunanda/Downloads/airflow/py_env/lib/python3.9/site-packages/airflow/example_dags/example_branch_day_of_week_operator.py
[2023-03-22T15:01:39.069-0400] {processor.py:743} INFO - Processing file /Users/sunanda/Downloads/airflow/py_env/lib/python3.9/site-packages/airflow/example_dags/example_branch_day_of_week_operator.py for tasks to queue
[2023-03-22T15:01:39.069-0400] {logging_mixin.py:137} INFO - [2023-03-22T15:01:39.069-0400] {dagbag.py:538} INFO - Filling up the DagBag from /Users/sunanda/Downloads/airflow/py_env/lib/python3.9/site-packages/airflow/example_dags/example_branch_day_of_week_operator.py
[2023-03-22T15:01:39.080-0400] {processor.py:753} INFO - DAG(s) dict_keys(['example_weekday_branch_operator']) retrieved from /Users/sunanda/Downloads/airflow/py_env/lib/python3.9/site-packages/airflow/example_dags/example_branch_day_of_week_operator.py
[2023-03-22T15:01:39.281-0400] {logging_mixin.py:137} INFO - [2023-03-22T15:01:39.281-0400] {dag.py:2690} INFO - Sync 1 DAGs
[2023-03-22T15:01:39.288-0400] {logging_mixin.py:137} INFO - [2023-03-22T15:01:39.288-0400] {dag.py:3437} INFO - Setting next_dagrun for example_weekday_branch_operator to 2023-03-21T00:00:00+00:00, run_after=2023-03-22T00:00:00+00:00
[2023-03-22T15:01:39.295-0400] {processor.py:175} INFO - Processing /Users/sunanda/Downloads/airflow/py_env/lib/python3.9/site-packages/airflow/example_dags/example_branch_day_of_week_operator.py took 0.229 seconds
[2023-03-22T15:03:05.855-0400] {processor.py:153} INFO - Started process (PID=70433) to work on /Users/sunanda/Downloads/airflow/py_env/lib/python3.9/site-packages/airflow/example_dags/example_branch_day_of_week_operator.py
[2023-03-22T15:03:05.857-0400] {processor.py:743} INFO - Processing file /Users/sunanda/Downloads/airflow/py_env/lib/python3.9/site-packages/airflow/example_dags/example_branch_day_of_week_operator.py for tasks to queue
[2023-03-22T15:03:05.857-0400] {logging_mixin.py:137} INFO - [2023-03-22T15:03:05.857-0400] {dagbag.py:538} INFO - Filling up the DagBag from /Users/sunanda/Downloads/airflow/py_env/lib/python3.9/site-packages/airflow/example_dags/example_branch_day_of_week_operator.py
[2023-03-22T15:03:05.871-0400] {processor.py:753} INFO - DAG(s) dict_keys(['example_weekday_branch_operator']) retrieved from /Users/sunanda/Downloads/airflow/py_env/lib/python3.9/site-packages/airflow/example_dags/example_branch_day_of_week_operator.py
[2023-03-22T15:03:06.091-0400] {logging_mixin.py:137} INFO - [2023-03-22T15:03:06.091-0400] {dag.py:2690} INFO - Sync 1 DAGs
[2023-03-22T15:03:06.099-0400] {logging_mixin.py:137} INFO - [2023-03-22T15:03:06.099-0400] {dag.py:3437} INFO - Setting next_dagrun for example_weekday_branch_operator to 2023-03-21T00:00:00+00:00, run_after=2023-03-22T00:00:00+00:00
[2023-03-22T15:03:06.107-0400] {processor.py:175} INFO - Processing /Users/sunanda/Downloads/airflow/py_env/lib/python3.9/site-packages/airflow/example_dags/example_branch_day_of_week_operator.py took 0.253 seconds
[2023-03-22T15:04:28.608-0400] {processor.py:153} INFO - Started process (PID=70584) to work on /Users/sunanda/Downloads/airflow/py_env/lib/python3.9/site-packages/airflow/example_dags/example_branch_day_of_week_operator.py
[2023-03-22T15:04:28.611-0400] {processor.py:743} INFO - Processing file /Users/sunanda/Downloads/airflow/py_env/lib/python3.9/site-packages/airflow/example_dags/example_branch_day_of_week_operator.py for tasks to queue
[2023-03-22T15:04:28.611-0400] {logging_mixin.py:137} INFO - [2023-03-22T15:04:28.611-0400] {dagbag.py:538} INFO - Filling up the DagBag from /Users/sunanda/Downloads/airflow/py_env/lib/python3.9/site-packages/airflow/example_dags/example_branch_day_of_week_operator.py
[2023-03-22T15:04:28.623-0400] {processor.py:753} INFO - DAG(s) dict_keys(['example_weekday_branch_operator']) retrieved from /Users/sunanda/Downloads/airflow/py_env/lib/python3.9/site-packages/airflow/example_dags/example_branch_day_of_week_operator.py
[2023-03-22T15:04:28.826-0400] {logging_mixin.py:137} INFO - [2023-03-22T15:04:28.825-0400] {dag.py:2690} INFO - Sync 1 DAGs
[2023-03-22T15:04:28.832-0400] {logging_mixin.py:137} INFO - [2023-03-22T15:04:28.832-0400] {dag.py:3437} INFO - Setting next_dagrun for example_weekday_branch_operator to 2023-03-21T00:00:00+00:00, run_after=2023-03-22T00:00:00+00:00
[2023-03-22T15:04:28.840-0400] {processor.py:175} INFO - Processing /Users/sunanda/Downloads/airflow/py_env/lib/python3.9/site-packages/airflow/example_dags/example_branch_day_of_week_operator.py took 0.232 seconds
[2023-03-22T15:05:49.311-0400] {processor.py:153} INFO - Started process (PID=70718) to work on /Users/sunanda/Downloads/airflow/py_env/lib/python3.9/site-packages/airflow/example_dags/example_branch_day_of_week_operator.py
[2023-03-22T15:05:49.314-0400] {processor.py:743} INFO - Processing file /Users/sunanda/Downloads/airflow/py_env/lib/python3.9/site-packages/airflow/example_dags/example_branch_day_of_week_operator.py for tasks to queue
[2023-03-22T15:05:49.315-0400] {logging_mixin.py:137} INFO - [2023-03-22T15:05:49.314-0400] {dagbag.py:538} INFO - Filling up the DagBag from /Users/sunanda/Downloads/airflow/py_env/lib/python3.9/site-packages/airflow/example_dags/example_branch_day_of_week_operator.py
[2023-03-22T15:05:49.328-0400] {processor.py:753} INFO - DAG(s) dict_keys(['example_weekday_branch_operator']) retrieved from /Users/sunanda/Downloads/airflow/py_env/lib/python3.9/site-packages/airflow/example_dags/example_branch_day_of_week_operator.py
[2023-03-22T15:05:49.557-0400] {logging_mixin.py:137} INFO - [2023-03-22T15:05:49.557-0400] {dag.py:2690} INFO - Sync 1 DAGs
[2023-03-22T15:05:49.564-0400] {logging_mixin.py:137} INFO - [2023-03-22T15:05:49.564-0400] {dag.py:3437} INFO - Setting next_dagrun for example_weekday_branch_operator to 2023-03-21T00:00:00+00:00, run_after=2023-03-22T00:00:00+00:00
[2023-03-22T15:05:49.572-0400] {processor.py:175} INFO - Processing /Users/sunanda/Downloads/airflow/py_env/lib/python3.9/site-packages/airflow/example_dags/example_branch_day_of_week_operator.py took 0.262 seconds
[2023-03-22T19:12:04.365-0400] {processor.py:153} INFO - Started process (PID=3844) to work on /Users/sunanda/Downloads/airflow/py_env/lib/python3.9/site-packages/airflow/example_dags/example_branch_day_of_week_operator.py
[2023-03-22T19:12:04.367-0400] {processor.py:743} INFO - Processing file /Users/sunanda/Downloads/airflow/py_env/lib/python3.9/site-packages/airflow/example_dags/example_branch_day_of_week_operator.py for tasks to queue
[2023-03-22T19:12:04.367-0400] {logging_mixin.py:137} INFO - [2023-03-22T19:12:04.367-0400] {dagbag.py:538} INFO - Filling up the DagBag from /Users/sunanda/Downloads/airflow/py_env/lib/python3.9/site-packages/airflow/example_dags/example_branch_day_of_week_operator.py
[2023-03-22T19:12:04.378-0400] {processor.py:753} INFO - DAG(s) dict_keys(['example_weekday_branch_operator']) retrieved from /Users/sunanda/Downloads/airflow/py_env/lib/python3.9/site-packages/airflow/example_dags/example_branch_day_of_week_operator.py
[2023-03-22T19:12:04.577-0400] {logging_mixin.py:137} INFO - [2023-03-22T19:12:04.577-0400] {dag.py:2690} INFO - Sync 1 DAGs
[2023-03-22T19:12:04.584-0400] {logging_mixin.py:137} INFO - [2023-03-22T19:12:04.584-0400] {dag.py:3437} INFO - Setting next_dagrun for example_weekday_branch_operator to 2023-03-21T00:00:00+00:00, run_after=2023-03-22T00:00:00+00:00
[2023-03-22T19:12:04.591-0400] {processor.py:175} INFO - Processing /Users/sunanda/Downloads/airflow/py_env/lib/python3.9/site-packages/airflow/example_dags/example_branch_day_of_week_operator.py took 0.227 seconds
[2023-03-22T19:13:31.604-0400] {processor.py:153} INFO - Started process (PID=3980) to work on /Users/sunanda/Downloads/airflow/py_env/lib/python3.9/site-packages/airflow/example_dags/example_branch_day_of_week_operator.py
[2023-03-22T19:13:31.606-0400] {processor.py:743} INFO - Processing file /Users/sunanda/Downloads/airflow/py_env/lib/python3.9/site-packages/airflow/example_dags/example_branch_day_of_week_operator.py for tasks to queue
[2023-03-22T19:13:31.607-0400] {logging_mixin.py:137} INFO - [2023-03-22T19:13:31.607-0400] {dagbag.py:538} INFO - Filling up the DagBag from /Users/sunanda/Downloads/airflow/py_env/lib/python3.9/site-packages/airflow/example_dags/example_branch_day_of_week_operator.py
[2023-03-22T19:13:31.618-0400] {processor.py:753} INFO - DAG(s) dict_keys(['example_weekday_branch_operator']) retrieved from /Users/sunanda/Downloads/airflow/py_env/lib/python3.9/site-packages/airflow/example_dags/example_branch_day_of_week_operator.py
[2023-03-22T19:13:31.816-0400] {logging_mixin.py:137} INFO - [2023-03-22T19:13:31.816-0400] {dag.py:2690} INFO - Sync 1 DAGs
[2023-03-22T19:13:31.824-0400] {logging_mixin.py:137} INFO - [2023-03-22T19:13:31.824-0400] {dag.py:3437} INFO - Setting next_dagrun for example_weekday_branch_operator to 2023-03-21T00:00:00+00:00, run_after=2023-03-22T00:00:00+00:00
[2023-03-22T19:13:31.831-0400] {processor.py:175} INFO - Processing /Users/sunanda/Downloads/airflow/py_env/lib/python3.9/site-packages/airflow/example_dags/example_branch_day_of_week_operator.py took 0.227 seconds
[2023-03-22T19:24:55.286-0400] {processor.py:153} INFO - Started process (PID=4820) to work on /Users/sunanda/Downloads/airflow/py_env/lib/python3.9/site-packages/airflow/example_dags/example_branch_day_of_week_operator.py
[2023-03-22T19:24:55.289-0400] {processor.py:743} INFO - Processing file /Users/sunanda/Downloads/airflow/py_env/lib/python3.9/site-packages/airflow/example_dags/example_branch_day_of_week_operator.py for tasks to queue
[2023-03-22T19:24:55.290-0400] {logging_mixin.py:137} INFO - [2023-03-22T19:24:55.290-0400] {dagbag.py:538} INFO - Filling up the DagBag from /Users/sunanda/Downloads/airflow/py_env/lib/python3.9/site-packages/airflow/example_dags/example_branch_day_of_week_operator.py
[2023-03-22T19:24:55.302-0400] {processor.py:753} INFO - DAG(s) dict_keys(['example_weekday_branch_operator']) retrieved from /Users/sunanda/Downloads/airflow/py_env/lib/python3.9/site-packages/airflow/example_dags/example_branch_day_of_week_operator.py
[2023-03-22T19:24:55.503-0400] {logging_mixin.py:137} INFO - [2023-03-22T19:24:55.503-0400] {dag.py:2690} INFO - Sync 1 DAGs
[2023-03-22T19:24:55.510-0400] {logging_mixin.py:137} INFO - [2023-03-22T19:24:55.510-0400] {dag.py:3437} INFO - Setting next_dagrun for example_weekday_branch_operator to 2023-03-21T00:00:00+00:00, run_after=2023-03-22T00:00:00+00:00
[2023-03-22T19:24:55.518-0400] {processor.py:175} INFO - Processing /Users/sunanda/Downloads/airflow/py_env/lib/python3.9/site-packages/airflow/example_dags/example_branch_day_of_week_operator.py took 0.232 seconds
[2023-03-22T19:26:19.838-0400] {processor.py:153} INFO - Started process (PID=4948) to work on /Users/sunanda/Downloads/airflow/py_env/lib/python3.9/site-packages/airflow/example_dags/example_branch_day_of_week_operator.py
[2023-03-22T19:26:19.840-0400] {processor.py:743} INFO - Processing file /Users/sunanda/Downloads/airflow/py_env/lib/python3.9/site-packages/airflow/example_dags/example_branch_day_of_week_operator.py for tasks to queue
[2023-03-22T19:26:19.840-0400] {logging_mixin.py:137} INFO - [2023-03-22T19:26:19.840-0400] {dagbag.py:538} INFO - Filling up the DagBag from /Users/sunanda/Downloads/airflow/py_env/lib/python3.9/site-packages/airflow/example_dags/example_branch_day_of_week_operator.py
[2023-03-22T19:26:19.852-0400] {processor.py:753} INFO - DAG(s) dict_keys(['example_weekday_branch_operator']) retrieved from /Users/sunanda/Downloads/airflow/py_env/lib/python3.9/site-packages/airflow/example_dags/example_branch_day_of_week_operator.py
[2023-03-22T19:26:20.052-0400] {logging_mixin.py:137} INFO - [2023-03-22T19:26:20.052-0400] {dag.py:2690} INFO - Sync 1 DAGs
[2023-03-22T19:26:20.059-0400] {logging_mixin.py:137} INFO - [2023-03-22T19:26:20.059-0400] {dag.py:3437} INFO - Setting next_dagrun for example_weekday_branch_operator to 2023-03-21T00:00:00+00:00, run_after=2023-03-22T00:00:00+00:00
[2023-03-22T19:26:20.066-0400] {processor.py:175} INFO - Processing /Users/sunanda/Downloads/airflow/py_env/lib/python3.9/site-packages/airflow/example_dags/example_branch_day_of_week_operator.py took 0.229 seconds
