[2023-03-22T14:54:39.773-0400] {processor.py:153} INFO - Started process (PID=69635) to work on /Users/sunanda/Downloads/airflow/py_env/lib/python3.9/site-packages/airflow/example_dags/example_branch_datetime_operator.py
[2023-03-22T14:54:39.775-0400] {processor.py:743} INFO - Processing file /Users/sunanda/Downloads/airflow/py_env/lib/python3.9/site-packages/airflow/example_dags/example_branch_datetime_operator.py for tasks to queue
[2023-03-22T14:54:39.775-0400] {logging_mixin.py:137} INFO - [2023-03-22T14:54:39.775-0400] {dagbag.py:538} INFO - Filling up the DagBag from /Users/sunanda/Downloads/airflow/py_env/lib/python3.9/site-packages/airflow/example_dags/example_branch_datetime_operator.py
[2023-03-22T14:54:39.789-0400] {processor.py:753} INFO - DAG(s) dict_keys(['example_branch_datetime_operator', 'example_branch_datetime_operator_3', 'example_branch_datetime_operator_2']) retrieved from /Users/sunanda/Downloads/airflow/py_env/lib/python3.9/site-packages/airflow/example_dags/example_branch_datetime_operator.py
[2023-03-22T14:54:40.000-0400] {logging_mixin.py:137} INFO - [2023-03-22T14:54:39.999-0400] {dag.py:2690} INFO - Sync 3 DAGs
[2023-03-22T14:54:40.007-0400] {logging_mixin.py:137} INFO - [2023-03-22T14:54:40.007-0400] {dag.py:3437} INFO - Setting next_dagrun for example_branch_datetime_operator to 2023-03-21T00:00:00+00:00, run_after=2023-03-22T00:00:00+00:00
[2023-03-22T14:54:40.008-0400] {logging_mixin.py:137} INFO - [2023-03-22T14:54:40.008-0400] {dag.py:3437} INFO - Setting next_dagrun for example_branch_datetime_operator_2 to 2023-03-21T00:00:00+00:00, run_after=2023-03-22T00:00:00+00:00
[2023-03-22T14:54:40.009-0400] {logging_mixin.py:137} INFO - [2023-03-22T14:54:40.009-0400] {dag.py:3437} INFO - Setting next_dagrun for example_branch_datetime_operator_3 to 2023-03-21T00:00:00+00:00, run_after=2023-03-22T00:00:00+00:00
[2023-03-22T14:54:40.017-0400] {processor.py:175} INFO - Processing /Users/sunanda/Downloads/airflow/py_env/lib/python3.9/site-packages/airflow/example_dags/example_branch_datetime_operator.py took 0.245 seconds
[2023-03-22T14:56:01.145-0400] {processor.py:153} INFO - Started process (PID=69765) to work on /Users/sunanda/Downloads/airflow/py_env/lib/python3.9/site-packages/airflow/example_dags/example_branch_datetime_operator.py
[2023-03-22T14:56:01.148-0400] {processor.py:743} INFO - Processing file /Users/sunanda/Downloads/airflow/py_env/lib/python3.9/site-packages/airflow/example_dags/example_branch_datetime_operator.py for tasks to queue
[2023-03-22T14:56:01.148-0400] {logging_mixin.py:137} INFO - [2023-03-22T14:56:01.148-0400] {dagbag.py:538} INFO - Filling up the DagBag from /Users/sunanda/Downloads/airflow/py_env/lib/python3.9/site-packages/airflow/example_dags/example_branch_datetime_operator.py
[2023-03-22T14:56:01.161-0400] {processor.py:753} INFO - DAG(s) dict_keys(['example_branch_datetime_operator_2', 'example_branch_datetime_operator', 'example_branch_datetime_operator_3']) retrieved from /Users/sunanda/Downloads/airflow/py_env/lib/python3.9/site-packages/airflow/example_dags/example_branch_datetime_operator.py
[2023-03-22T14:56:01.367-0400] {logging_mixin.py:137} INFO - [2023-03-22T14:56:01.367-0400] {dag.py:2690} INFO - Sync 3 DAGs
[2023-03-22T14:56:01.375-0400] {logging_mixin.py:137} INFO - [2023-03-22T14:56:01.375-0400] {dag.py:3437} INFO - Setting next_dagrun for example_branch_datetime_operator to 2023-03-21T00:00:00+00:00, run_after=2023-03-22T00:00:00+00:00
[2023-03-22T14:56:01.376-0400] {logging_mixin.py:137} INFO - [2023-03-22T14:56:01.376-0400] {dag.py:3437} INFO - Setting next_dagrun for example_branch_datetime_operator_2 to 2023-03-21T00:00:00+00:00, run_after=2023-03-22T00:00:00+00:00
[2023-03-22T14:56:01.377-0400] {logging_mixin.py:137} INFO - [2023-03-22T14:56:01.377-0400] {dag.py:3437} INFO - Setting next_dagrun for example_branch_datetime_operator_3 to 2023-03-21T00:00:00+00:00, run_after=2023-03-22T00:00:00+00:00
[2023-03-22T14:56:01.384-0400] {processor.py:175} INFO - Processing /Users/sunanda/Downloads/airflow/py_env/lib/python3.9/site-packages/airflow/example_dags/example_branch_datetime_operator.py took 0.240 seconds
[2023-03-22T14:57:22.929-0400] {processor.py:153} INFO - Started process (PID=69890) to work on /Users/sunanda/Downloads/airflow/py_env/lib/python3.9/site-packages/airflow/example_dags/example_branch_datetime_operator.py
[2023-03-22T14:57:22.932-0400] {processor.py:743} INFO - Processing file /Users/sunanda/Downloads/airflow/py_env/lib/python3.9/site-packages/airflow/example_dags/example_branch_datetime_operator.py for tasks to queue
[2023-03-22T14:57:22.933-0400] {logging_mixin.py:137} INFO - [2023-03-22T14:57:22.933-0400] {dagbag.py:538} INFO - Filling up the DagBag from /Users/sunanda/Downloads/airflow/py_env/lib/python3.9/site-packages/airflow/example_dags/example_branch_datetime_operator.py
[2023-03-22T14:57:22.946-0400] {processor.py:753} INFO - DAG(s) dict_keys(['example_branch_datetime_operator_3', 'example_branch_datetime_operator_2', 'example_branch_datetime_operator']) retrieved from /Users/sunanda/Downloads/airflow/py_env/lib/python3.9/site-packages/airflow/example_dags/example_branch_datetime_operator.py
[2023-03-22T14:57:23.160-0400] {logging_mixin.py:137} INFO - [2023-03-22T14:57:23.160-0400] {dag.py:2690} INFO - Sync 3 DAGs
[2023-03-22T14:57:23.167-0400] {logging_mixin.py:137} INFO - [2023-03-22T14:57:23.167-0400] {dag.py:3437} INFO - Setting next_dagrun for example_branch_datetime_operator to 2023-03-21T00:00:00+00:00, run_after=2023-03-22T00:00:00+00:00
[2023-03-22T14:57:23.168-0400] {logging_mixin.py:137} INFO - [2023-03-22T14:57:23.168-0400] {dag.py:3437} INFO - Setting next_dagrun for example_branch_datetime_operator_2 to 2023-03-21T00:00:00+00:00, run_after=2023-03-22T00:00:00+00:00
[2023-03-22T14:57:23.170-0400] {logging_mixin.py:137} INFO - [2023-03-22T14:57:23.169-0400] {dag.py:3437} INFO - Setting next_dagrun for example_branch_datetime_operator_3 to 2023-03-21T00:00:00+00:00, run_after=2023-03-22T00:00:00+00:00
[2023-03-22T14:57:23.177-0400] {processor.py:175} INFO - Processing /Users/sunanda/Downloads/airflow/py_env/lib/python3.9/site-packages/airflow/example_dags/example_branch_datetime_operator.py took 0.248 seconds
[2023-03-22T14:58:47.729-0400] {processor.py:153} INFO - Started process (PID=70025) to work on /Users/sunanda/Downloads/airflow/py_env/lib/python3.9/site-packages/airflow/example_dags/example_branch_datetime_operator.py
[2023-03-22T14:58:47.733-0400] {processor.py:743} INFO - Processing file /Users/sunanda/Downloads/airflow/py_env/lib/python3.9/site-packages/airflow/example_dags/example_branch_datetime_operator.py for tasks to queue
[2023-03-22T14:58:47.733-0400] {logging_mixin.py:137} INFO - [2023-03-22T14:58:47.733-0400] {dagbag.py:538} INFO - Filling up the DagBag from /Users/sunanda/Downloads/airflow/py_env/lib/python3.9/site-packages/airflow/example_dags/example_branch_datetime_operator.py
[2023-03-22T14:58:47.746-0400] {processor.py:753} INFO - DAG(s) dict_keys(['example_branch_datetime_operator_2', 'example_branch_datetime_operator_3', 'example_branch_datetime_operator']) retrieved from /Users/sunanda/Downloads/airflow/py_env/lib/python3.9/site-packages/airflow/example_dags/example_branch_datetime_operator.py
[2023-03-22T14:58:47.960-0400] {logging_mixin.py:137} INFO - [2023-03-22T14:58:47.960-0400] {dag.py:2690} INFO - Sync 3 DAGs
[2023-03-22T14:58:47.968-0400] {logging_mixin.py:137} INFO - [2023-03-22T14:58:47.968-0400] {dag.py:3437} INFO - Setting next_dagrun for example_branch_datetime_operator to 2023-03-21T00:00:00+00:00, run_after=2023-03-22T00:00:00+00:00
[2023-03-22T14:58:47.969-0400] {logging_mixin.py:137} INFO - [2023-03-22T14:58:47.969-0400] {dag.py:3437} INFO - Setting next_dagrun for example_branch_datetime_operator_2 to 2023-03-21T00:00:00+00:00, run_after=2023-03-22T00:00:00+00:00
[2023-03-22T14:58:47.970-0400] {logging_mixin.py:137} INFO - [2023-03-22T14:58:47.970-0400] {dag.py:3437} INFO - Setting next_dagrun for example_branch_datetime_operator_3 to 2023-03-21T00:00:00+00:00, run_after=2023-03-22T00:00:00+00:00
[2023-03-22T14:58:47.977-0400] {processor.py:175} INFO - Processing /Users/sunanda/Downloads/airflow/py_env/lib/python3.9/site-packages/airflow/example_dags/example_branch_datetime_operator.py took 0.248 seconds
[2023-03-22T15:00:14.738-0400] {processor.py:153} INFO - Started process (PID=70162) to work on /Users/sunanda/Downloads/airflow/py_env/lib/python3.9/site-packages/airflow/example_dags/example_branch_datetime_operator.py
[2023-03-22T15:00:14.740-0400] {processor.py:743} INFO - Processing file /Users/sunanda/Downloads/airflow/py_env/lib/python3.9/site-packages/airflow/example_dags/example_branch_datetime_operator.py for tasks to queue
[2023-03-22T15:00:14.740-0400] {logging_mixin.py:137} INFO - [2023-03-22T15:00:14.740-0400] {dagbag.py:538} INFO - Filling up the DagBag from /Users/sunanda/Downloads/airflow/py_env/lib/python3.9/site-packages/airflow/example_dags/example_branch_datetime_operator.py
[2023-03-22T15:00:14.752-0400] {processor.py:753} INFO - DAG(s) dict_keys(['example_branch_datetime_operator_3', 'example_branch_datetime_operator_2', 'example_branch_datetime_operator']) retrieved from /Users/sunanda/Downloads/airflow/py_env/lib/python3.9/site-packages/airflow/example_dags/example_branch_datetime_operator.py
[2023-03-22T15:00:14.964-0400] {logging_mixin.py:137} INFO - [2023-03-22T15:00:14.964-0400] {dag.py:2690} INFO - Sync 3 DAGs
[2023-03-22T15:00:14.972-0400] {logging_mixin.py:137} INFO - [2023-03-22T15:00:14.972-0400] {dag.py:3437} INFO - Setting next_dagrun for example_branch_datetime_operator to 2023-03-21T00:00:00+00:00, run_after=2023-03-22T00:00:00+00:00
[2023-03-22T15:00:14.974-0400] {logging_mixin.py:137} INFO - [2023-03-22T15:00:14.974-0400] {dag.py:3437} INFO - Setting next_dagrun for example_branch_datetime_operator_2 to 2023-03-21T00:00:00+00:00, run_after=2023-03-22T00:00:00+00:00
[2023-03-22T15:00:14.975-0400] {logging_mixin.py:137} INFO - [2023-03-22T15:00:14.975-0400] {dag.py:3437} INFO - Setting next_dagrun for example_branch_datetime_operator_3 to 2023-03-21T00:00:00+00:00, run_after=2023-03-22T00:00:00+00:00
[2023-03-22T15:00:14.982-0400] {processor.py:175} INFO - Processing /Users/sunanda/Downloads/airflow/py_env/lib/python3.9/site-packages/airflow/example_dags/example_branch_datetime_operator.py took 0.244 seconds
[2023-03-22T15:01:40.932-0400] {processor.py:153} INFO - Started process (PID=70300) to work on /Users/sunanda/Downloads/airflow/py_env/lib/python3.9/site-packages/airflow/example_dags/example_branch_datetime_operator.py
[2023-03-22T15:01:40.935-0400] {processor.py:743} INFO - Processing file /Users/sunanda/Downloads/airflow/py_env/lib/python3.9/site-packages/airflow/example_dags/example_branch_datetime_operator.py for tasks to queue
[2023-03-22T15:01:40.935-0400] {logging_mixin.py:137} INFO - [2023-03-22T15:01:40.935-0400] {dagbag.py:538} INFO - Filling up the DagBag from /Users/sunanda/Downloads/airflow/py_env/lib/python3.9/site-packages/airflow/example_dags/example_branch_datetime_operator.py
[2023-03-22T15:01:40.947-0400] {processor.py:753} INFO - DAG(s) dict_keys(['example_branch_datetime_operator_3', 'example_branch_datetime_operator_2', 'example_branch_datetime_operator']) retrieved from /Users/sunanda/Downloads/airflow/py_env/lib/python3.9/site-packages/airflow/example_dags/example_branch_datetime_operator.py
[2023-03-22T15:01:41.150-0400] {logging_mixin.py:137} INFO - [2023-03-22T15:01:41.150-0400] {dag.py:2690} INFO - Sync 3 DAGs
[2023-03-22T15:01:41.157-0400] {logging_mixin.py:137} INFO - [2023-03-22T15:01:41.157-0400] {dag.py:3437} INFO - Setting next_dagrun for example_branch_datetime_operator to 2023-03-21T00:00:00+00:00, run_after=2023-03-22T00:00:00+00:00
[2023-03-22T15:01:41.159-0400] {logging_mixin.py:137} INFO - [2023-03-22T15:01:41.159-0400] {dag.py:3437} INFO - Setting next_dagrun for example_branch_datetime_operator_2 to 2023-03-21T00:00:00+00:00, run_after=2023-03-22T00:00:00+00:00
[2023-03-22T15:01:41.160-0400] {logging_mixin.py:137} INFO - [2023-03-22T15:01:41.160-0400] {dag.py:3437} INFO - Setting next_dagrun for example_branch_datetime_operator_3 to 2023-03-21T00:00:00+00:00, run_after=2023-03-22T00:00:00+00:00
[2023-03-22T15:01:41.167-0400] {processor.py:175} INFO - Processing /Users/sunanda/Downloads/airflow/py_env/lib/python3.9/site-packages/airflow/example_dags/example_branch_datetime_operator.py took 0.235 seconds
[2023-03-22T15:03:07.801-0400] {processor.py:153} INFO - Started process (PID=70436) to work on /Users/sunanda/Downloads/airflow/py_env/lib/python3.9/site-packages/airflow/example_dags/example_branch_datetime_operator.py
[2023-03-22T15:03:07.803-0400] {processor.py:743} INFO - Processing file /Users/sunanda/Downloads/airflow/py_env/lib/python3.9/site-packages/airflow/example_dags/example_branch_datetime_operator.py for tasks to queue
[2023-03-22T15:03:07.804-0400] {logging_mixin.py:137} INFO - [2023-03-22T15:03:07.803-0400] {dagbag.py:538} INFO - Filling up the DagBag from /Users/sunanda/Downloads/airflow/py_env/lib/python3.9/site-packages/airflow/example_dags/example_branch_datetime_operator.py
[2023-03-22T15:03:07.818-0400] {processor.py:753} INFO - DAG(s) dict_keys(['example_branch_datetime_operator_2', 'example_branch_datetime_operator_3', 'example_branch_datetime_operator']) retrieved from /Users/sunanda/Downloads/airflow/py_env/lib/python3.9/site-packages/airflow/example_dags/example_branch_datetime_operator.py
[2023-03-22T15:03:08.038-0400] {logging_mixin.py:137} INFO - [2023-03-22T15:03:08.038-0400] {dag.py:2690} INFO - Sync 3 DAGs
[2023-03-22T15:03:08.046-0400] {logging_mixin.py:137} INFO - [2023-03-22T15:03:08.046-0400] {dag.py:3437} INFO - Setting next_dagrun for example_branch_datetime_operator to 2023-03-21T00:00:00+00:00, run_after=2023-03-22T00:00:00+00:00
[2023-03-22T15:03:08.047-0400] {logging_mixin.py:137} INFO - [2023-03-22T15:03:08.047-0400] {dag.py:3437} INFO - Setting next_dagrun for example_branch_datetime_operator_2 to 2023-03-21T00:00:00+00:00, run_after=2023-03-22T00:00:00+00:00
[2023-03-22T15:03:08.048-0400] {logging_mixin.py:137} INFO - [2023-03-22T15:03:08.048-0400] {dag.py:3437} INFO - Setting next_dagrun for example_branch_datetime_operator_3 to 2023-03-21T00:00:00+00:00, run_after=2023-03-22T00:00:00+00:00
[2023-03-22T15:03:08.055-0400] {processor.py:175} INFO - Processing /Users/sunanda/Downloads/airflow/py_env/lib/python3.9/site-packages/airflow/example_dags/example_branch_datetime_operator.py took 0.255 seconds
[2023-03-22T15:04:30.456-0400] {processor.py:153} INFO - Started process (PID=70587) to work on /Users/sunanda/Downloads/airflow/py_env/lib/python3.9/site-packages/airflow/example_dags/example_branch_datetime_operator.py
[2023-03-22T15:04:30.459-0400] {processor.py:743} INFO - Processing file /Users/sunanda/Downloads/airflow/py_env/lib/python3.9/site-packages/airflow/example_dags/example_branch_datetime_operator.py for tasks to queue
[2023-03-22T15:04:30.460-0400] {logging_mixin.py:137} INFO - [2023-03-22T15:04:30.459-0400] {dagbag.py:538} INFO - Filling up the DagBag from /Users/sunanda/Downloads/airflow/py_env/lib/python3.9/site-packages/airflow/example_dags/example_branch_datetime_operator.py
[2023-03-22T15:04:30.472-0400] {processor.py:753} INFO - DAG(s) dict_keys(['example_branch_datetime_operator_2', 'example_branch_datetime_operator_3', 'example_branch_datetime_operator']) retrieved from /Users/sunanda/Downloads/airflow/py_env/lib/python3.9/site-packages/airflow/example_dags/example_branch_datetime_operator.py
[2023-03-22T15:04:30.672-0400] {logging_mixin.py:137} INFO - [2023-03-22T15:04:30.672-0400] {dag.py:2690} INFO - Sync 3 DAGs
[2023-03-22T15:04:30.680-0400] {logging_mixin.py:137} INFO - [2023-03-22T15:04:30.680-0400] {dag.py:3437} INFO - Setting next_dagrun for example_branch_datetime_operator to 2023-03-21T00:00:00+00:00, run_after=2023-03-22T00:00:00+00:00
[2023-03-22T15:04:30.681-0400] {logging_mixin.py:137} INFO - [2023-03-22T15:04:30.681-0400] {dag.py:3437} INFO - Setting next_dagrun for example_branch_datetime_operator_2 to 2023-03-21T00:00:00+00:00, run_after=2023-03-22T00:00:00+00:00
[2023-03-22T15:04:30.682-0400] {logging_mixin.py:137} INFO - [2023-03-22T15:04:30.682-0400] {dag.py:3437} INFO - Setting next_dagrun for example_branch_datetime_operator_3 to 2023-03-21T00:00:00+00:00, run_after=2023-03-22T00:00:00+00:00
[2023-03-22T15:04:30.689-0400] {processor.py:175} INFO - Processing /Users/sunanda/Downloads/airflow/py_env/lib/python3.9/site-packages/airflow/example_dags/example_branch_datetime_operator.py took 0.233 seconds
[2023-03-22T15:05:51.190-0400] {processor.py:153} INFO - Started process (PID=70721) to work on /Users/sunanda/Downloads/airflow/py_env/lib/python3.9/site-packages/airflow/example_dags/example_branch_datetime_operator.py
[2023-03-22T15:05:51.193-0400] {processor.py:743} INFO - Processing file /Users/sunanda/Downloads/airflow/py_env/lib/python3.9/site-packages/airflow/example_dags/example_branch_datetime_operator.py for tasks to queue
[2023-03-22T15:05:51.194-0400] {logging_mixin.py:137} INFO - [2023-03-22T15:05:51.194-0400] {dagbag.py:538} INFO - Filling up the DagBag from /Users/sunanda/Downloads/airflow/py_env/lib/python3.9/site-packages/airflow/example_dags/example_branch_datetime_operator.py
[2023-03-22T15:05:51.207-0400] {processor.py:753} INFO - DAG(s) dict_keys(['example_branch_datetime_operator_3', 'example_branch_datetime_operator', 'example_branch_datetime_operator_2']) retrieved from /Users/sunanda/Downloads/airflow/py_env/lib/python3.9/site-packages/airflow/example_dags/example_branch_datetime_operator.py
[2023-03-22T15:05:51.404-0400] {logging_mixin.py:137} INFO - [2023-03-22T15:05:51.404-0400] {dag.py:2690} INFO - Sync 3 DAGs
[2023-03-22T15:05:51.411-0400] {logging_mixin.py:137} INFO - [2023-03-22T15:05:51.411-0400] {dag.py:3437} INFO - Setting next_dagrun for example_branch_datetime_operator to 2023-03-21T00:00:00+00:00, run_after=2023-03-22T00:00:00+00:00
[2023-03-22T15:05:51.413-0400] {logging_mixin.py:137} INFO - [2023-03-22T15:05:51.413-0400] {dag.py:3437} INFO - Setting next_dagrun for example_branch_datetime_operator_2 to 2023-03-21T00:00:00+00:00, run_after=2023-03-22T00:00:00+00:00
[2023-03-22T15:05:51.414-0400] {logging_mixin.py:137} INFO - [2023-03-22T15:05:51.414-0400] {dag.py:3437} INFO - Setting next_dagrun for example_branch_datetime_operator_3 to 2023-03-21T00:00:00+00:00, run_after=2023-03-22T00:00:00+00:00
[2023-03-22T15:05:51.421-0400] {processor.py:175} INFO - Processing /Users/sunanda/Downloads/airflow/py_env/lib/python3.9/site-packages/airflow/example_dags/example_branch_datetime_operator.py took 0.231 seconds
[2023-03-22T19:12:06.240-0400] {processor.py:153} INFO - Started process (PID=3847) to work on /Users/sunanda/Downloads/airflow/py_env/lib/python3.9/site-packages/airflow/example_dags/example_branch_datetime_operator.py
[2023-03-22T19:12:06.242-0400] {processor.py:743} INFO - Processing file /Users/sunanda/Downloads/airflow/py_env/lib/python3.9/site-packages/airflow/example_dags/example_branch_datetime_operator.py for tasks to queue
[2023-03-22T19:12:06.242-0400] {logging_mixin.py:137} INFO - [2023-03-22T19:12:06.242-0400] {dagbag.py:538} INFO - Filling up the DagBag from /Users/sunanda/Downloads/airflow/py_env/lib/python3.9/site-packages/airflow/example_dags/example_branch_datetime_operator.py
[2023-03-22T19:12:06.255-0400] {processor.py:753} INFO - DAG(s) dict_keys(['example_branch_datetime_operator_2', 'example_branch_datetime_operator_3', 'example_branch_datetime_operator']) retrieved from /Users/sunanda/Downloads/airflow/py_env/lib/python3.9/site-packages/airflow/example_dags/example_branch_datetime_operator.py
[2023-03-22T19:12:06.457-0400] {logging_mixin.py:137} INFO - [2023-03-22T19:12:06.457-0400] {dag.py:2690} INFO - Sync 3 DAGs
[2023-03-22T19:12:06.464-0400] {logging_mixin.py:137} INFO - [2023-03-22T19:12:06.464-0400] {dag.py:3437} INFO - Setting next_dagrun for example_branch_datetime_operator to 2023-03-21T00:00:00+00:00, run_after=2023-03-22T00:00:00+00:00
[2023-03-22T19:12:06.466-0400] {logging_mixin.py:137} INFO - [2023-03-22T19:12:06.466-0400] {dag.py:3437} INFO - Setting next_dagrun for example_branch_datetime_operator_2 to 2023-03-21T00:00:00+00:00, run_after=2023-03-22T00:00:00+00:00
[2023-03-22T19:12:06.467-0400] {logging_mixin.py:137} INFO - [2023-03-22T19:12:06.467-0400] {dag.py:3437} INFO - Setting next_dagrun for example_branch_datetime_operator_3 to 2023-03-21T00:00:00+00:00, run_after=2023-03-22T00:00:00+00:00
[2023-03-22T19:12:06.474-0400] {processor.py:175} INFO - Processing /Users/sunanda/Downloads/airflow/py_env/lib/python3.9/site-packages/airflow/example_dags/example_branch_datetime_operator.py took 0.234 seconds
[2023-03-22T19:13:33.478-0400] {processor.py:153} INFO - Started process (PID=3983) to work on /Users/sunanda/Downloads/airflow/py_env/lib/python3.9/site-packages/airflow/example_dags/example_branch_datetime_operator.py
[2023-03-22T19:13:33.480-0400] {processor.py:743} INFO - Processing file /Users/sunanda/Downloads/airflow/py_env/lib/python3.9/site-packages/airflow/example_dags/example_branch_datetime_operator.py for tasks to queue
[2023-03-22T19:13:33.480-0400] {logging_mixin.py:137} INFO - [2023-03-22T19:13:33.480-0400] {dagbag.py:538} INFO - Filling up the DagBag from /Users/sunanda/Downloads/airflow/py_env/lib/python3.9/site-packages/airflow/example_dags/example_branch_datetime_operator.py
[2023-03-22T19:13:33.492-0400] {processor.py:753} INFO - DAG(s) dict_keys(['example_branch_datetime_operator', 'example_branch_datetime_operator_3', 'example_branch_datetime_operator_2']) retrieved from /Users/sunanda/Downloads/airflow/py_env/lib/python3.9/site-packages/airflow/example_dags/example_branch_datetime_operator.py
[2023-03-22T19:13:33.693-0400] {logging_mixin.py:137} INFO - [2023-03-22T19:13:33.693-0400] {dag.py:2690} INFO - Sync 3 DAGs
[2023-03-22T19:13:33.700-0400] {logging_mixin.py:137} INFO - [2023-03-22T19:13:33.700-0400] {dag.py:3437} INFO - Setting next_dagrun for example_branch_datetime_operator to 2023-03-21T00:00:00+00:00, run_after=2023-03-22T00:00:00+00:00
[2023-03-22T19:13:33.701-0400] {logging_mixin.py:137} INFO - [2023-03-22T19:13:33.701-0400] {dag.py:3437} INFO - Setting next_dagrun for example_branch_datetime_operator_2 to 2023-03-21T00:00:00+00:00, run_after=2023-03-22T00:00:00+00:00
[2023-03-22T19:13:33.702-0400] {logging_mixin.py:137} INFO - [2023-03-22T19:13:33.702-0400] {dag.py:3437} INFO - Setting next_dagrun for example_branch_datetime_operator_3 to 2023-03-21T00:00:00+00:00, run_after=2023-03-22T00:00:00+00:00
[2023-03-22T19:13:33.709-0400] {processor.py:175} INFO - Processing /Users/sunanda/Downloads/airflow/py_env/lib/python3.9/site-packages/airflow/example_dags/example_branch_datetime_operator.py took 0.231 seconds
[2023-03-22T19:24:57.141-0400] {processor.py:153} INFO - Started process (PID=4822) to work on /Users/sunanda/Downloads/airflow/py_env/lib/python3.9/site-packages/airflow/example_dags/example_branch_datetime_operator.py
[2023-03-22T19:24:57.145-0400] {processor.py:743} INFO - Processing file /Users/sunanda/Downloads/airflow/py_env/lib/python3.9/site-packages/airflow/example_dags/example_branch_datetime_operator.py for tasks to queue
[2023-03-22T19:24:57.145-0400] {logging_mixin.py:137} INFO - [2023-03-22T19:24:57.145-0400] {dagbag.py:538} INFO - Filling up the DagBag from /Users/sunanda/Downloads/airflow/py_env/lib/python3.9/site-packages/airflow/example_dags/example_branch_datetime_operator.py
[2023-03-22T19:24:57.158-0400] {processor.py:753} INFO - DAG(s) dict_keys(['example_branch_datetime_operator', 'example_branch_datetime_operator_2', 'example_branch_datetime_operator_3']) retrieved from /Users/sunanda/Downloads/airflow/py_env/lib/python3.9/site-packages/airflow/example_dags/example_branch_datetime_operator.py
[2023-03-22T19:24:57.360-0400] {logging_mixin.py:137} INFO - [2023-03-22T19:24:57.360-0400] {dag.py:2690} INFO - Sync 3 DAGs
[2023-03-22T19:24:57.368-0400] {logging_mixin.py:137} INFO - [2023-03-22T19:24:57.368-0400] {dag.py:3437} INFO - Setting next_dagrun for example_branch_datetime_operator to 2023-03-21T00:00:00+00:00, run_after=2023-03-22T00:00:00+00:00
[2023-03-22T19:24:57.369-0400] {logging_mixin.py:137} INFO - [2023-03-22T19:24:57.369-0400] {dag.py:3437} INFO - Setting next_dagrun for example_branch_datetime_operator_2 to 2023-03-21T00:00:00+00:00, run_after=2023-03-22T00:00:00+00:00
[2023-03-22T19:24:57.370-0400] {logging_mixin.py:137} INFO - [2023-03-22T19:24:57.370-0400] {dag.py:3437} INFO - Setting next_dagrun for example_branch_datetime_operator_3 to 2023-03-21T00:00:00+00:00, run_after=2023-03-22T00:00:00+00:00
[2023-03-22T19:24:57.377-0400] {processor.py:175} INFO - Processing /Users/sunanda/Downloads/airflow/py_env/lib/python3.9/site-packages/airflow/example_dags/example_branch_datetime_operator.py took 0.236 seconds
[2023-03-22T19:26:21.703-0400] {processor.py:153} INFO - Started process (PID=4951) to work on /Users/sunanda/Downloads/airflow/py_env/lib/python3.9/site-packages/airflow/example_dags/example_branch_datetime_operator.py
[2023-03-22T19:26:21.706-0400] {processor.py:743} INFO - Processing file /Users/sunanda/Downloads/airflow/py_env/lib/python3.9/site-packages/airflow/example_dags/example_branch_datetime_operator.py for tasks to queue
[2023-03-22T19:26:21.706-0400] {logging_mixin.py:137} INFO - [2023-03-22T19:26:21.706-0400] {dagbag.py:538} INFO - Filling up the DagBag from /Users/sunanda/Downloads/airflow/py_env/lib/python3.9/site-packages/airflow/example_dags/example_branch_datetime_operator.py
[2023-03-22T19:26:21.718-0400] {processor.py:753} INFO - DAG(s) dict_keys(['example_branch_datetime_operator_3', 'example_branch_datetime_operator', 'example_branch_datetime_operator_2']) retrieved from /Users/sunanda/Downloads/airflow/py_env/lib/python3.9/site-packages/airflow/example_dags/example_branch_datetime_operator.py
[2023-03-22T19:26:21.920-0400] {logging_mixin.py:137} INFO - [2023-03-22T19:26:21.920-0400] {dag.py:2690} INFO - Sync 3 DAGs
[2023-03-22T19:26:21.927-0400] {logging_mixin.py:137} INFO - [2023-03-22T19:26:21.927-0400] {dag.py:3437} INFO - Setting next_dagrun for example_branch_datetime_operator to 2023-03-21T00:00:00+00:00, run_after=2023-03-22T00:00:00+00:00
[2023-03-22T19:26:21.929-0400] {logging_mixin.py:137} INFO - [2023-03-22T19:26:21.929-0400] {dag.py:3437} INFO - Setting next_dagrun for example_branch_datetime_operator_2 to 2023-03-21T00:00:00+00:00, run_after=2023-03-22T00:00:00+00:00
[2023-03-22T19:26:21.929-0400] {logging_mixin.py:137} INFO - [2023-03-22T19:26:21.929-0400] {dag.py:3437} INFO - Setting next_dagrun for example_branch_datetime_operator_3 to 2023-03-21T00:00:00+00:00, run_after=2023-03-22T00:00:00+00:00
[2023-03-22T19:26:21.937-0400] {processor.py:175} INFO - Processing /Users/sunanda/Downloads/airflow/py_env/lib/python3.9/site-packages/airflow/example_dags/example_branch_datetime_operator.py took 0.233 seconds
