[2023-03-22T14:53:40.957-0400] {processor.py:153} INFO - Started process (PID=69543) to work on /Users/sunanda/Downloads/airflow/py_env/lib/python3.9/site-packages/airflow/example_dags/tutorial_dag.py
[2023-03-22T14:53:40.959-0400] {processor.py:743} INFO - Processing file /Users/sunanda/Downloads/airflow/py_env/lib/python3.9/site-packages/airflow/example_dags/tutorial_dag.py for tasks to queue
[2023-03-22T14:53:40.959-0400] {logging_mixin.py:137} INFO - [2023-03-22T14:53:40.959-0400] {dagbag.py:538} INFO - Filling up the DagBag from /Users/sunanda/Downloads/airflow/py_env/lib/python3.9/site-packages/airflow/example_dags/tutorial_dag.py
[2023-03-22T14:53:40.976-0400] {processor.py:753} INFO - DAG(s) dict_keys(['tutorial_dag']) retrieved from /Users/sunanda/Downloads/airflow/py_env/lib/python3.9/site-packages/airflow/example_dags/tutorial_dag.py
[2023-03-22T14:53:41.177-0400] {logging_mixin.py:137} INFO - [2023-03-22T14:53:41.177-0400] {dag.py:2690} INFO - Sync 1 DAGs
[2023-03-22T14:53:41.184-0400] {logging_mixin.py:137} INFO - [2023-03-22T14:53:41.184-0400] {dag.py:3437} INFO - Setting next_dagrun for tutorial_dag to None, run_after=None
[2023-03-22T14:53:41.193-0400] {processor.py:175} INFO - Processing /Users/sunanda/Downloads/airflow/py_env/lib/python3.9/site-packages/airflow/example_dags/tutorial_dag.py took 0.236 seconds
[2023-03-22T14:54:54.048-0400] {processor.py:153} INFO - Started process (PID=69658) to work on /Users/sunanda/Downloads/airflow/py_env/lib/python3.9/site-packages/airflow/example_dags/tutorial_dag.py
[2023-03-22T14:54:54.050-0400] {processor.py:743} INFO - Processing file /Users/sunanda/Downloads/airflow/py_env/lib/python3.9/site-packages/airflow/example_dags/tutorial_dag.py for tasks to queue
[2023-03-22T14:54:54.050-0400] {logging_mixin.py:137} INFO - [2023-03-22T14:54:54.050-0400] {dagbag.py:538} INFO - Filling up the DagBag from /Users/sunanda/Downloads/airflow/py_env/lib/python3.9/site-packages/airflow/example_dags/tutorial_dag.py
[2023-03-22T14:54:54.066-0400] {processor.py:753} INFO - DAG(s) dict_keys(['tutorial_dag']) retrieved from /Users/sunanda/Downloads/airflow/py_env/lib/python3.9/site-packages/airflow/example_dags/tutorial_dag.py
[2023-03-22T14:54:54.265-0400] {logging_mixin.py:137} INFO - [2023-03-22T14:54:54.265-0400] {dag.py:2690} INFO - Sync 1 DAGs
[2023-03-22T14:54:54.271-0400] {logging_mixin.py:137} INFO - [2023-03-22T14:54:54.271-0400] {dag.py:3437} INFO - Setting next_dagrun for tutorial_dag to None, run_after=None
[2023-03-22T14:54:54.279-0400] {processor.py:175} INFO - Processing /Users/sunanda/Downloads/airflow/py_env/lib/python3.9/site-packages/airflow/example_dags/tutorial_dag.py took 0.231 seconds
[2023-03-22T14:55:35.027-0400] {processor.py:153} INFO - Started process (PID=69723) to work on /Users/sunanda/Downloads/airflow/py_env/lib/python3.9/site-packages/airflow/example_dags/tutorial_dag.py
[2023-03-22T14:55:35.029-0400] {processor.py:743} INFO - Processing file /Users/sunanda/Downloads/airflow/py_env/lib/python3.9/site-packages/airflow/example_dags/tutorial_dag.py for tasks to queue
[2023-03-22T14:55:35.030-0400] {logging_mixin.py:137} INFO - [2023-03-22T14:55:35.030-0400] {dagbag.py:538} INFO - Filling up the DagBag from /Users/sunanda/Downloads/airflow/py_env/lib/python3.9/site-packages/airflow/example_dags/tutorial_dag.py
[2023-03-22T14:55:35.045-0400] {processor.py:753} INFO - DAG(s) dict_keys(['tutorial_dag']) retrieved from /Users/sunanda/Downloads/airflow/py_env/lib/python3.9/site-packages/airflow/example_dags/tutorial_dag.py
[2023-03-22T14:55:35.292-0400] {logging_mixin.py:137} INFO - [2023-03-22T14:55:35.292-0400] {dag.py:2690} INFO - Sync 1 DAGs
[2023-03-22T14:55:35.299-0400] {logging_mixin.py:137} INFO - [2023-03-22T14:55:35.299-0400] {dag.py:3437} INFO - Setting next_dagrun for tutorial_dag to None, run_after=None
[2023-03-22T14:55:35.307-0400] {processor.py:175} INFO - Processing /Users/sunanda/Downloads/airflow/py_env/lib/python3.9/site-packages/airflow/example_dags/tutorial_dag.py took 0.280 seconds
[2023-03-22T14:56:56.312-0400] {processor.py:153} INFO - Started process (PID=69849) to work on /Users/sunanda/Downloads/airflow/py_env/lib/python3.9/site-packages/airflow/example_dags/tutorial_dag.py
[2023-03-22T14:56:56.315-0400] {processor.py:743} INFO - Processing file /Users/sunanda/Downloads/airflow/py_env/lib/python3.9/site-packages/airflow/example_dags/tutorial_dag.py for tasks to queue
[2023-03-22T14:56:56.316-0400] {logging_mixin.py:137} INFO - [2023-03-22T14:56:56.315-0400] {dagbag.py:538} INFO - Filling up the DagBag from /Users/sunanda/Downloads/airflow/py_env/lib/python3.9/site-packages/airflow/example_dags/tutorial_dag.py
[2023-03-22T14:56:56.332-0400] {processor.py:753} INFO - DAG(s) dict_keys(['tutorial_dag']) retrieved from /Users/sunanda/Downloads/airflow/py_env/lib/python3.9/site-packages/airflow/example_dags/tutorial_dag.py
[2023-03-22T14:56:56.538-0400] {logging_mixin.py:137} INFO - [2023-03-22T14:56:56.538-0400] {dag.py:2690} INFO - Sync 1 DAGs
[2023-03-22T14:56:56.545-0400] {logging_mixin.py:137} INFO - [2023-03-22T14:56:56.545-0400] {dag.py:3437} INFO - Setting next_dagrun for tutorial_dag to None, run_after=None
[2023-03-22T14:56:56.552-0400] {processor.py:175} INFO - Processing /Users/sunanda/Downloads/airflow/py_env/lib/python3.9/site-packages/airflow/example_dags/tutorial_dag.py took 0.241 seconds
[2023-03-22T14:58:16.697-0400] {processor.py:153} INFO - Started process (PID=69977) to work on /Users/sunanda/Downloads/airflow/py_env/lib/python3.9/site-packages/airflow/example_dags/tutorial_dag.py
[2023-03-22T14:58:16.701-0400] {processor.py:743} INFO - Processing file /Users/sunanda/Downloads/airflow/py_env/lib/python3.9/site-packages/airflow/example_dags/tutorial_dag.py for tasks to queue
[2023-03-22T14:58:16.701-0400] {logging_mixin.py:137} INFO - [2023-03-22T14:58:16.701-0400] {dagbag.py:538} INFO - Filling up the DagBag from /Users/sunanda/Downloads/airflow/py_env/lib/python3.9/site-packages/airflow/example_dags/tutorial_dag.py
[2023-03-22T14:58:16.717-0400] {processor.py:753} INFO - DAG(s) dict_keys(['tutorial_dag']) retrieved from /Users/sunanda/Downloads/airflow/py_env/lib/python3.9/site-packages/airflow/example_dags/tutorial_dag.py
[2023-03-22T14:58:16.924-0400] {logging_mixin.py:137} INFO - [2023-03-22T14:58:16.924-0400] {dag.py:2690} INFO - Sync 1 DAGs
[2023-03-22T14:58:16.931-0400] {logging_mixin.py:137} INFO - [2023-03-22T14:58:16.931-0400] {dag.py:3437} INFO - Setting next_dagrun for tutorial_dag to None, run_after=None
[2023-03-22T14:58:16.940-0400] {processor.py:175} INFO - Processing /Users/sunanda/Downloads/airflow/py_env/lib/python3.9/site-packages/airflow/example_dags/tutorial_dag.py took 0.243 seconds
[2023-03-22T14:59:01.649-0400] {processor.py:153} INFO - Started process (PID=70047) to work on /Users/sunanda/Downloads/airflow/py_env/lib/python3.9/site-packages/airflow/example_dags/tutorial_dag.py
[2023-03-22T14:59:01.651-0400] {processor.py:743} INFO - Processing file /Users/sunanda/Downloads/airflow/py_env/lib/python3.9/site-packages/airflow/example_dags/tutorial_dag.py for tasks to queue
[2023-03-22T14:59:01.652-0400] {logging_mixin.py:137} INFO - [2023-03-22T14:59:01.652-0400] {dagbag.py:538} INFO - Filling up the DagBag from /Users/sunanda/Downloads/airflow/py_env/lib/python3.9/site-packages/airflow/example_dags/tutorial_dag.py
[2023-03-22T14:59:01.666-0400] {processor.py:753} INFO - DAG(s) dict_keys(['tutorial_dag']) retrieved from /Users/sunanda/Downloads/airflow/py_env/lib/python3.9/site-packages/airflow/example_dags/tutorial_dag.py
[2023-03-22T14:59:01.867-0400] {logging_mixin.py:137} INFO - [2023-03-22T14:59:01.867-0400] {dag.py:2690} INFO - Sync 1 DAGs
[2023-03-22T14:59:01.874-0400] {logging_mixin.py:137} INFO - [2023-03-22T14:59:01.874-0400] {dag.py:3437} INFO - Setting next_dagrun for tutorial_dag to None, run_after=None
[2023-03-22T14:59:01.881-0400] {processor.py:175} INFO - Processing /Users/sunanda/Downloads/airflow/py_env/lib/python3.9/site-packages/airflow/example_dags/tutorial_dag.py took 0.232 seconds
[2023-03-22T14:59:45.009-0400] {processor.py:153} INFO - Started process (PID=70115) to work on /Users/sunanda/Downloads/airflow/py_env/lib/python3.9/site-packages/airflow/example_dags/tutorial_dag.py
[2023-03-22T14:59:45.011-0400] {processor.py:743} INFO - Processing file /Users/sunanda/Downloads/airflow/py_env/lib/python3.9/site-packages/airflow/example_dags/tutorial_dag.py for tasks to queue
[2023-03-22T14:59:45.011-0400] {logging_mixin.py:137} INFO - [2023-03-22T14:59:45.011-0400] {dagbag.py:538} INFO - Filling up the DagBag from /Users/sunanda/Downloads/airflow/py_env/lib/python3.9/site-packages/airflow/example_dags/tutorial_dag.py
[2023-03-22T14:59:45.025-0400] {processor.py:753} INFO - DAG(s) dict_keys(['tutorial_dag']) retrieved from /Users/sunanda/Downloads/airflow/py_env/lib/python3.9/site-packages/airflow/example_dags/tutorial_dag.py
[2023-03-22T14:59:45.231-0400] {logging_mixin.py:137} INFO - [2023-03-22T14:59:45.230-0400] {dag.py:2690} INFO - Sync 1 DAGs
[2023-03-22T14:59:45.237-0400] {logging_mixin.py:137} INFO - [2023-03-22T14:59:45.237-0400] {dag.py:3437} INFO - Setting next_dagrun for tutorial_dag to None, run_after=None
[2023-03-22T14:59:45.244-0400] {processor.py:175} INFO - Processing /Users/sunanda/Downloads/airflow/py_env/lib/python3.9/site-packages/airflow/example_dags/tutorial_dag.py took 0.236 seconds
[2023-03-22T15:00:28.740-0400] {processor.py:153} INFO - Started process (PID=70183) to work on /Users/sunanda/Downloads/airflow/py_env/lib/python3.9/site-packages/airflow/example_dags/tutorial_dag.py
[2023-03-22T15:00:28.743-0400] {processor.py:743} INFO - Processing file /Users/sunanda/Downloads/airflow/py_env/lib/python3.9/site-packages/airflow/example_dags/tutorial_dag.py for tasks to queue
[2023-03-22T15:00:28.743-0400] {logging_mixin.py:137} INFO - [2023-03-22T15:00:28.743-0400] {dagbag.py:538} INFO - Filling up the DagBag from /Users/sunanda/Downloads/airflow/py_env/lib/python3.9/site-packages/airflow/example_dags/tutorial_dag.py
[2023-03-22T15:00:28.759-0400] {processor.py:753} INFO - DAG(s) dict_keys(['tutorial_dag']) retrieved from /Users/sunanda/Downloads/airflow/py_env/lib/python3.9/site-packages/airflow/example_dags/tutorial_dag.py
[2023-03-22T15:00:28.967-0400] {logging_mixin.py:137} INFO - [2023-03-22T15:00:28.967-0400] {dag.py:2690} INFO - Sync 1 DAGs
[2023-03-22T15:00:28.974-0400] {logging_mixin.py:137} INFO - [2023-03-22T15:00:28.974-0400] {dag.py:3437} INFO - Setting next_dagrun for tutorial_dag to None, run_after=None
[2023-03-22T15:00:28.982-0400] {processor.py:175} INFO - Processing /Users/sunanda/Downloads/airflow/py_env/lib/python3.9/site-packages/airflow/example_dags/tutorial_dag.py took 0.242 seconds
[2023-03-22T15:01:12.057-0400] {processor.py:153} INFO - Started process (PID=70251) to work on /Users/sunanda/Downloads/airflow/py_env/lib/python3.9/site-packages/airflow/example_dags/tutorial_dag.py
[2023-03-22T15:01:12.059-0400] {processor.py:743} INFO - Processing file /Users/sunanda/Downloads/airflow/py_env/lib/python3.9/site-packages/airflow/example_dags/tutorial_dag.py for tasks to queue
[2023-03-22T15:01:12.059-0400] {logging_mixin.py:137} INFO - [2023-03-22T15:01:12.059-0400] {dagbag.py:538} INFO - Filling up the DagBag from /Users/sunanda/Downloads/airflow/py_env/lib/python3.9/site-packages/airflow/example_dags/tutorial_dag.py
[2023-03-22T15:01:12.074-0400] {processor.py:753} INFO - DAG(s) dict_keys(['tutorial_dag']) retrieved from /Users/sunanda/Downloads/airflow/py_env/lib/python3.9/site-packages/airflow/example_dags/tutorial_dag.py
[2023-03-22T15:01:12.281-0400] {logging_mixin.py:137} INFO - [2023-03-22T15:01:12.281-0400] {dag.py:2690} INFO - Sync 1 DAGs
[2023-03-22T15:01:12.287-0400] {logging_mixin.py:137} INFO - [2023-03-22T15:01:12.287-0400] {dag.py:3437} INFO - Setting next_dagrun for tutorial_dag to None, run_after=None
[2023-03-22T15:01:12.296-0400] {processor.py:175} INFO - Processing /Users/sunanda/Downloads/airflow/py_env/lib/python3.9/site-packages/airflow/example_dags/tutorial_dag.py took 0.240 seconds
[2023-03-22T15:01:54.158-0400] {processor.py:153} INFO - Started process (PID=70323) to work on /Users/sunanda/Downloads/airflow/py_env/lib/python3.9/site-packages/airflow/example_dags/tutorial_dag.py
[2023-03-22T15:01:54.160-0400] {processor.py:743} INFO - Processing file /Users/sunanda/Downloads/airflow/py_env/lib/python3.9/site-packages/airflow/example_dags/tutorial_dag.py for tasks to queue
[2023-03-22T15:01:54.160-0400] {logging_mixin.py:137} INFO - [2023-03-22T15:01:54.160-0400] {dagbag.py:538} INFO - Filling up the DagBag from /Users/sunanda/Downloads/airflow/py_env/lib/python3.9/site-packages/airflow/example_dags/tutorial_dag.py
[2023-03-22T15:01:54.175-0400] {processor.py:753} INFO - DAG(s) dict_keys(['tutorial_dag']) retrieved from /Users/sunanda/Downloads/airflow/py_env/lib/python3.9/site-packages/airflow/example_dags/tutorial_dag.py
[2023-03-22T15:01:54.370-0400] {logging_mixin.py:137} INFO - [2023-03-22T15:01:54.370-0400] {dag.py:2690} INFO - Sync 1 DAGs
[2023-03-22T15:01:54.377-0400] {logging_mixin.py:137} INFO - [2023-03-22T15:01:54.376-0400] {dag.py:3437} INFO - Setting next_dagrun for tutorial_dag to None, run_after=None
[2023-03-22T15:01:54.384-0400] {processor.py:175} INFO - Processing /Users/sunanda/Downloads/airflow/py_env/lib/python3.9/site-packages/airflow/example_dags/tutorial_dag.py took 0.226 seconds
[2023-03-22T15:02:38.046-0400] {processor.py:153} INFO - Started process (PID=70391) to work on /Users/sunanda/Downloads/airflow/py_env/lib/python3.9/site-packages/airflow/example_dags/tutorial_dag.py
[2023-03-22T15:02:38.048-0400] {processor.py:743} INFO - Processing file /Users/sunanda/Downloads/airflow/py_env/lib/python3.9/site-packages/airflow/example_dags/tutorial_dag.py for tasks to queue
[2023-03-22T15:02:38.049-0400] {logging_mixin.py:137} INFO - [2023-03-22T15:02:38.049-0400] {dagbag.py:538} INFO - Filling up the DagBag from /Users/sunanda/Downloads/airflow/py_env/lib/python3.9/site-packages/airflow/example_dags/tutorial_dag.py
[2023-03-22T15:02:38.064-0400] {processor.py:753} INFO - DAG(s) dict_keys(['tutorial_dag']) retrieved from /Users/sunanda/Downloads/airflow/py_env/lib/python3.9/site-packages/airflow/example_dags/tutorial_dag.py
[2023-03-22T15:02:38.265-0400] {logging_mixin.py:137} INFO - [2023-03-22T15:02:38.265-0400] {dag.py:2690} INFO - Sync 1 DAGs
[2023-03-22T15:02:38.272-0400] {logging_mixin.py:137} INFO - [2023-03-22T15:02:38.272-0400] {dag.py:3437} INFO - Setting next_dagrun for tutorial_dag to None, run_after=None
[2023-03-22T15:02:38.279-0400] {processor.py:175} INFO - Processing /Users/sunanda/Downloads/airflow/py_env/lib/python3.9/site-packages/airflow/example_dags/tutorial_dag.py took 0.234 seconds
[2023-03-22T15:03:21.924-0400] {processor.py:153} INFO - Started process (PID=70458) to work on /Users/sunanda/Downloads/airflow/py_env/lib/python3.9/site-packages/airflow/example_dags/tutorial_dag.py
[2023-03-22T15:03:21.927-0400] {processor.py:743} INFO - Processing file /Users/sunanda/Downloads/airflow/py_env/lib/python3.9/site-packages/airflow/example_dags/tutorial_dag.py for tasks to queue
[2023-03-22T15:03:21.927-0400] {logging_mixin.py:137} INFO - [2023-03-22T15:03:21.927-0400] {dagbag.py:538} INFO - Filling up the DagBag from /Users/sunanda/Downloads/airflow/py_env/lib/python3.9/site-packages/airflow/example_dags/tutorial_dag.py
[2023-03-22T15:03:21.942-0400] {processor.py:753} INFO - DAG(s) dict_keys(['tutorial_dag']) retrieved from /Users/sunanda/Downloads/airflow/py_env/lib/python3.9/site-packages/airflow/example_dags/tutorial_dag.py
[2023-03-22T15:03:22.149-0400] {logging_mixin.py:137} INFO - [2023-03-22T15:03:22.148-0400] {dag.py:2690} INFO - Sync 1 DAGs
[2023-03-22T15:03:22.155-0400] {logging_mixin.py:137} INFO - [2023-03-22T15:03:22.155-0400] {dag.py:3437} INFO - Setting next_dagrun for tutorial_dag to None, run_after=None
[2023-03-22T15:03:22.164-0400] {processor.py:175} INFO - Processing /Users/sunanda/Downloads/airflow/py_env/lib/python3.9/site-packages/airflow/example_dags/tutorial_dag.py took 0.240 seconds
[2023-03-22T15:04:02.752-0400] {processor.py:153} INFO - Started process (PID=70545) to work on /Users/sunanda/Downloads/airflow/py_env/lib/python3.9/site-packages/airflow/example_dags/tutorial_dag.py
[2023-03-22T15:04:02.755-0400] {processor.py:743} INFO - Processing file /Users/sunanda/Downloads/airflow/py_env/lib/python3.9/site-packages/airflow/example_dags/tutorial_dag.py for tasks to queue
[2023-03-22T15:04:02.755-0400] {logging_mixin.py:137} INFO - [2023-03-22T15:04:02.755-0400] {dagbag.py:538} INFO - Filling up the DagBag from /Users/sunanda/Downloads/airflow/py_env/lib/python3.9/site-packages/airflow/example_dags/tutorial_dag.py
[2023-03-22T15:04:02.771-0400] {processor.py:753} INFO - DAG(s) dict_keys(['tutorial_dag']) retrieved from /Users/sunanda/Downloads/airflow/py_env/lib/python3.9/site-packages/airflow/example_dags/tutorial_dag.py
[2023-03-22T15:04:02.965-0400] {logging_mixin.py:137} INFO - [2023-03-22T15:04:02.965-0400] {dag.py:2690} INFO - Sync 1 DAGs
[2023-03-22T15:04:02.971-0400] {logging_mixin.py:137} INFO - [2023-03-22T15:04:02.971-0400] {dag.py:3437} INFO - Setting next_dagrun for tutorial_dag to None, run_after=None
[2023-03-22T15:04:02.978-0400] {processor.py:175} INFO - Processing /Users/sunanda/Downloads/airflow/py_env/lib/python3.9/site-packages/airflow/example_dags/tutorial_dag.py took 0.227 seconds
[2023-03-22T15:05:23.325-0400] {processor.py:153} INFO - Started process (PID=70675) to work on /Users/sunanda/Downloads/airflow/py_env/lib/python3.9/site-packages/airflow/example_dags/tutorial_dag.py
[2023-03-22T15:05:23.328-0400] {processor.py:743} INFO - Processing file /Users/sunanda/Downloads/airflow/py_env/lib/python3.9/site-packages/airflow/example_dags/tutorial_dag.py for tasks to queue
[2023-03-22T15:05:23.328-0400] {logging_mixin.py:137} INFO - [2023-03-22T15:05:23.328-0400] {dagbag.py:538} INFO - Filling up the DagBag from /Users/sunanda/Downloads/airflow/py_env/lib/python3.9/site-packages/airflow/example_dags/tutorial_dag.py
[2023-03-22T15:05:23.343-0400] {processor.py:753} INFO - DAG(s) dict_keys(['tutorial_dag']) retrieved from /Users/sunanda/Downloads/airflow/py_env/lib/python3.9/site-packages/airflow/example_dags/tutorial_dag.py
[2023-03-22T15:05:23.539-0400] {logging_mixin.py:137} INFO - [2023-03-22T15:05:23.539-0400] {dag.py:2690} INFO - Sync 1 DAGs
[2023-03-22T15:05:23.545-0400] {logging_mixin.py:137} INFO - [2023-03-22T15:05:23.545-0400] {dag.py:3437} INFO - Setting next_dagrun for tutorial_dag to None, run_after=None
[2023-03-22T15:05:23.553-0400] {processor.py:175} INFO - Processing /Users/sunanda/Downloads/airflow/py_env/lib/python3.9/site-packages/airflow/example_dags/tutorial_dag.py took 0.229 seconds
[2023-03-22T15:06:05.119-0400] {processor.py:153} INFO - Started process (PID=70743) to work on /Users/sunanda/Downloads/airflow/py_env/lib/python3.9/site-packages/airflow/example_dags/tutorial_dag.py
[2023-03-22T15:06:05.122-0400] {processor.py:743} INFO - Processing file /Users/sunanda/Downloads/airflow/py_env/lib/python3.9/site-packages/airflow/example_dags/tutorial_dag.py for tasks to queue
[2023-03-22T15:06:05.122-0400] {logging_mixin.py:137} INFO - [2023-03-22T15:06:05.122-0400] {dagbag.py:538} INFO - Filling up the DagBag from /Users/sunanda/Downloads/airflow/py_env/lib/python3.9/site-packages/airflow/example_dags/tutorial_dag.py
[2023-03-22T15:06:05.138-0400] {processor.py:753} INFO - DAG(s) dict_keys(['tutorial_dag']) retrieved from /Users/sunanda/Downloads/airflow/py_env/lib/python3.9/site-packages/airflow/example_dags/tutorial_dag.py
[2023-03-22T15:06:05.331-0400] {logging_mixin.py:137} INFO - [2023-03-22T15:06:05.330-0400] {dag.py:2690} INFO - Sync 1 DAGs
[2023-03-22T15:06:05.337-0400] {logging_mixin.py:137} INFO - [2023-03-22T15:06:05.337-0400] {dag.py:3437} INFO - Setting next_dagrun for tutorial_dag to None, run_after=None
[2023-03-22T15:06:05.344-0400] {processor.py:175} INFO - Processing /Users/sunanda/Downloads/airflow/py_env/lib/python3.9/site-packages/airflow/example_dags/tutorial_dag.py took 0.226 seconds
[2023-03-22T16:18:15.134-0400] {processor.py:153} INFO - Started process (PID=74843) to work on /Users/sunanda/Downloads/airflow/py_env/lib/python3.9/site-packages/airflow/example_dags/tutorial_dag.py
[2023-03-22T16:18:15.137-0400] {processor.py:743} INFO - Processing file /Users/sunanda/Downloads/airflow/py_env/lib/python3.9/site-packages/airflow/example_dags/tutorial_dag.py for tasks to queue
[2023-03-22T16:18:15.137-0400] {logging_mixin.py:137} INFO - [2023-03-22T16:18:15.137-0400] {dagbag.py:538} INFO - Filling up the DagBag from /Users/sunanda/Downloads/airflow/py_env/lib/python3.9/site-packages/airflow/example_dags/tutorial_dag.py
[2023-03-22T16:18:15.152-0400] {processor.py:753} INFO - DAG(s) dict_keys(['tutorial_dag']) retrieved from /Users/sunanda/Downloads/airflow/py_env/lib/python3.9/site-packages/airflow/example_dags/tutorial_dag.py
[2023-03-22T16:18:15.647-0400] {logging_mixin.py:137} INFO - [2023-03-22T16:18:15.647-0400] {dag.py:2690} INFO - Sync 1 DAGs
[2023-03-22T16:18:15.655-0400] {logging_mixin.py:137} INFO - [2023-03-22T16:18:15.655-0400] {dag.py:3437} INFO - Setting next_dagrun for tutorial_dag to None, run_after=None
[2023-03-22T16:18:15.684-0400] {processor.py:175} INFO - Processing /Users/sunanda/Downloads/airflow/py_env/lib/python3.9/site-packages/airflow/example_dags/tutorial_dag.py took 0.551 seconds
[2023-03-22T16:26:23.464-0400] {processor.py:153} INFO - Started process (PID=75379) to work on /Users/sunanda/Downloads/airflow/py_env/lib/python3.9/site-packages/airflow/example_dags/tutorial_dag.py
[2023-03-22T16:26:23.467-0400] {processor.py:743} INFO - Processing file /Users/sunanda/Downloads/airflow/py_env/lib/python3.9/site-packages/airflow/example_dags/tutorial_dag.py for tasks to queue
[2023-03-22T16:26:23.467-0400] {logging_mixin.py:137} INFO - [2023-03-22T16:26:23.467-0400] {dagbag.py:538} INFO - Filling up the DagBag from /Users/sunanda/Downloads/airflow/py_env/lib/python3.9/site-packages/airflow/example_dags/tutorial_dag.py
[2023-03-22T16:26:23.486-0400] {processor.py:753} INFO - DAG(s) dict_keys(['tutorial_dag']) retrieved from /Users/sunanda/Downloads/airflow/py_env/lib/python3.9/site-packages/airflow/example_dags/tutorial_dag.py
[2023-03-22T16:26:24.341-0400] {logging_mixin.py:137} INFO - [2023-03-22T16:26:24.341-0400] {dag.py:2690} INFO - Sync 1 DAGs
[2023-03-22T16:26:24.352-0400] {logging_mixin.py:137} INFO - [2023-03-22T16:26:24.352-0400] {dag.py:3437} INFO - Setting next_dagrun for tutorial_dag to None, run_after=None
[2023-03-22T16:26:24.360-0400] {processor.py:175} INFO - Processing /Users/sunanda/Downloads/airflow/py_env/lib/python3.9/site-packages/airflow/example_dags/tutorial_dag.py took 0.897 seconds
[2023-03-22T19:11:06.939-0400] {processor.py:153} INFO - Started process (PID=3748) to work on /Users/sunanda/Downloads/airflow/py_env/lib/python3.9/site-packages/airflow/example_dags/tutorial_dag.py
[2023-03-22T19:11:06.941-0400] {processor.py:743} INFO - Processing file /Users/sunanda/Downloads/airflow/py_env/lib/python3.9/site-packages/airflow/example_dags/tutorial_dag.py for tasks to queue
[2023-03-22T19:11:06.941-0400] {logging_mixin.py:137} INFO - [2023-03-22T19:11:06.941-0400] {dagbag.py:538} INFO - Filling up the DagBag from /Users/sunanda/Downloads/airflow/py_env/lib/python3.9/site-packages/airflow/example_dags/tutorial_dag.py
[2023-03-22T19:11:06.956-0400] {processor.py:753} INFO - DAG(s) dict_keys(['tutorial_dag']) retrieved from /Users/sunanda/Downloads/airflow/py_env/lib/python3.9/site-packages/airflow/example_dags/tutorial_dag.py
[2023-03-22T19:11:07.155-0400] {logging_mixin.py:137} INFO - [2023-03-22T19:11:07.154-0400] {dag.py:2690} INFO - Sync 1 DAGs
[2023-03-22T19:11:07.161-0400] {logging_mixin.py:137} INFO - [2023-03-22T19:11:07.161-0400] {dag.py:3437} INFO - Setting next_dagrun for tutorial_dag to None, run_after=None
[2023-03-22T19:11:07.169-0400] {processor.py:175} INFO - Processing /Users/sunanda/Downloads/airflow/py_env/lib/python3.9/site-packages/airflow/example_dags/tutorial_dag.py took 0.230 seconds
[2023-03-22T19:12:20.820-0400] {processor.py:153} INFO - Started process (PID=3869) to work on /Users/sunanda/Downloads/airflow/py_env/lib/python3.9/site-packages/airflow/example_dags/tutorial_dag.py
[2023-03-22T19:12:20.822-0400] {processor.py:743} INFO - Processing file /Users/sunanda/Downloads/airflow/py_env/lib/python3.9/site-packages/airflow/example_dags/tutorial_dag.py for tasks to queue
[2023-03-22T19:12:20.823-0400] {logging_mixin.py:137} INFO - [2023-03-22T19:12:20.823-0400] {dagbag.py:538} INFO - Filling up the DagBag from /Users/sunanda/Downloads/airflow/py_env/lib/python3.9/site-packages/airflow/example_dags/tutorial_dag.py
[2023-03-22T19:12:20.838-0400] {processor.py:753} INFO - DAG(s) dict_keys(['tutorial_dag']) retrieved from /Users/sunanda/Downloads/airflow/py_env/lib/python3.9/site-packages/airflow/example_dags/tutorial_dag.py
[2023-03-22T19:12:21.035-0400] {logging_mixin.py:137} INFO - [2023-03-22T19:12:21.035-0400] {dag.py:2690} INFO - Sync 1 DAGs
[2023-03-22T19:12:21.041-0400] {logging_mixin.py:137} INFO - [2023-03-22T19:12:21.041-0400] {dag.py:3437} INFO - Setting next_dagrun for tutorial_dag to None, run_after=None
[2023-03-22T19:12:21.049-0400] {processor.py:175} INFO - Processing /Users/sunanda/Downloads/airflow/py_env/lib/python3.9/site-packages/airflow/example_dags/tutorial_dag.py took 0.229 seconds
[2023-03-22T19:13:04.220-0400] {processor.py:153} INFO - Started process (PID=3936) to work on /Users/sunanda/Downloads/airflow/py_env/lib/python3.9/site-packages/airflow/example_dags/tutorial_dag.py
[2023-03-22T19:13:04.222-0400] {processor.py:743} INFO - Processing file /Users/sunanda/Downloads/airflow/py_env/lib/python3.9/site-packages/airflow/example_dags/tutorial_dag.py for tasks to queue
[2023-03-22T19:13:04.222-0400] {logging_mixin.py:137} INFO - [2023-03-22T19:13:04.222-0400] {dagbag.py:538} INFO - Filling up the DagBag from /Users/sunanda/Downloads/airflow/py_env/lib/python3.9/site-packages/airflow/example_dags/tutorial_dag.py
[2023-03-22T19:13:04.237-0400] {processor.py:753} INFO - DAG(s) dict_keys(['tutorial_dag']) retrieved from /Users/sunanda/Downloads/airflow/py_env/lib/python3.9/site-packages/airflow/example_dags/tutorial_dag.py
[2023-03-22T19:13:04.431-0400] {logging_mixin.py:137} INFO - [2023-03-22T19:13:04.431-0400] {dag.py:2690} INFO - Sync 1 DAGs
[2023-03-22T19:13:04.437-0400] {logging_mixin.py:137} INFO - [2023-03-22T19:13:04.437-0400] {dag.py:3437} INFO - Setting next_dagrun for tutorial_dag to None, run_after=None
[2023-03-22T19:13:04.445-0400] {processor.py:175} INFO - Processing /Users/sunanda/Downloads/airflow/py_env/lib/python3.9/site-packages/airflow/example_dags/tutorial_dag.py took 0.225 seconds
[2023-03-22T19:13:46.963-0400] {processor.py:153} INFO - Started process (PID=4005) to work on /Users/sunanda/Downloads/airflow/py_env/lib/python3.9/site-packages/airflow/example_dags/tutorial_dag.py
[2023-03-22T19:13:46.965-0400] {processor.py:743} INFO - Processing file /Users/sunanda/Downloads/airflow/py_env/lib/python3.9/site-packages/airflow/example_dags/tutorial_dag.py for tasks to queue
[2023-03-22T19:13:46.965-0400] {logging_mixin.py:137} INFO - [2023-03-22T19:13:46.965-0400] {dagbag.py:538} INFO - Filling up the DagBag from /Users/sunanda/Downloads/airflow/py_env/lib/python3.9/site-packages/airflow/example_dags/tutorial_dag.py
[2023-03-22T19:13:46.979-0400] {processor.py:753} INFO - DAG(s) dict_keys(['tutorial_dag']) retrieved from /Users/sunanda/Downloads/airflow/py_env/lib/python3.9/site-packages/airflow/example_dags/tutorial_dag.py
[2023-03-22T19:13:47.176-0400] {logging_mixin.py:137} INFO - [2023-03-22T19:13:47.176-0400] {dag.py:2690} INFO - Sync 1 DAGs
[2023-03-22T19:13:47.182-0400] {logging_mixin.py:137} INFO - [2023-03-22T19:13:47.182-0400] {dag.py:3437} INFO - Setting next_dagrun for tutorial_dag to None, run_after=None
[2023-03-22T19:13:47.190-0400] {processor.py:175} INFO - Processing /Users/sunanda/Downloads/airflow/py_env/lib/python3.9/site-packages/airflow/example_dags/tutorial_dag.py took 0.228 seconds
[2023-03-22T19:14:00.293-0400] {processor.py:153} INFO - Started process (PID=4026) to work on /Users/sunanda/Downloads/airflow/py_env/lib/python3.9/site-packages/airflow/example_dags/tutorial_dag.py
[2023-03-22T19:14:00.295-0400] {processor.py:743} INFO - Processing file /Users/sunanda/Downloads/airflow/py_env/lib/python3.9/site-packages/airflow/example_dags/tutorial_dag.py for tasks to queue
[2023-03-22T19:14:00.295-0400] {logging_mixin.py:137} INFO - [2023-03-22T19:14:00.295-0400] {dagbag.py:538} INFO - Filling up the DagBag from /Users/sunanda/Downloads/airflow/py_env/lib/python3.9/site-packages/airflow/example_dags/tutorial_dag.py
[2023-03-22T19:14:00.310-0400] {processor.py:753} INFO - DAG(s) dict_keys(['tutorial_dag']) retrieved from /Users/sunanda/Downloads/airflow/py_env/lib/python3.9/site-packages/airflow/example_dags/tutorial_dag.py
[2023-03-22T19:14:00.506-0400] {logging_mixin.py:137} INFO - [2023-03-22T19:14:00.506-0400] {dag.py:2690} INFO - Sync 1 DAGs
[2023-03-22T19:14:00.512-0400] {logging_mixin.py:137} INFO - [2023-03-22T19:14:00.512-0400] {dag.py:3437} INFO - Setting next_dagrun for tutorial_dag to None, run_after=None
[2023-03-22T19:14:00.519-0400] {processor.py:175} INFO - Processing /Users/sunanda/Downloads/airflow/py_env/lib/python3.9/site-packages/airflow/example_dags/tutorial_dag.py took 0.227 seconds
[2023-03-22T19:20:58.140-0400] {processor.py:153} INFO - Started process (PID=4512) to work on /Users/sunanda/Downloads/airflow/py_env/lib/python3.9/site-packages/airflow/example_dags/tutorial_dag.py
[2023-03-22T19:20:58.142-0400] {processor.py:743} INFO - Processing file /Users/sunanda/Downloads/airflow/py_env/lib/python3.9/site-packages/airflow/example_dags/tutorial_dag.py for tasks to queue
[2023-03-22T19:20:58.142-0400] {logging_mixin.py:137} INFO - [2023-03-22T19:20:58.142-0400] {dagbag.py:538} INFO - Filling up the DagBag from /Users/sunanda/Downloads/airflow/py_env/lib/python3.9/site-packages/airflow/example_dags/tutorial_dag.py
[2023-03-22T19:20:58.157-0400] {processor.py:753} INFO - DAG(s) dict_keys(['tutorial_dag']) retrieved from /Users/sunanda/Downloads/airflow/py_env/lib/python3.9/site-packages/airflow/example_dags/tutorial_dag.py
[2023-03-22T19:20:58.357-0400] {logging_mixin.py:137} INFO - [2023-03-22T19:20:58.357-0400] {dag.py:2690} INFO - Sync 1 DAGs
[2023-03-22T19:20:58.364-0400] {logging_mixin.py:137} INFO - [2023-03-22T19:20:58.364-0400] {dag.py:3437} INFO - Setting next_dagrun for tutorial_dag to None, run_after=None
[2023-03-22T19:20:58.372-0400] {processor.py:175} INFO - Processing /Users/sunanda/Downloads/airflow/py_env/lib/python3.9/site-packages/airflow/example_dags/tutorial_dag.py took 0.232 seconds
[2023-03-22T19:23:58.588-0400] {processor.py:153} INFO - Started process (PID=4731) to work on /Users/sunanda/Downloads/airflow/py_env/lib/python3.9/site-packages/airflow/example_dags/tutorial_dag.py
[2023-03-22T19:23:58.592-0400] {processor.py:743} INFO - Processing file /Users/sunanda/Downloads/airflow/py_env/lib/python3.9/site-packages/airflow/example_dags/tutorial_dag.py for tasks to queue
[2023-03-22T19:23:58.592-0400] {logging_mixin.py:137} INFO - [2023-03-22T19:23:58.592-0400] {dagbag.py:538} INFO - Filling up the DagBag from /Users/sunanda/Downloads/airflow/py_env/lib/python3.9/site-packages/airflow/example_dags/tutorial_dag.py
[2023-03-22T19:23:58.607-0400] {processor.py:753} INFO - DAG(s) dict_keys(['tutorial_dag']) retrieved from /Users/sunanda/Downloads/airflow/py_env/lib/python3.9/site-packages/airflow/example_dags/tutorial_dag.py
[2023-03-22T19:23:58.802-0400] {logging_mixin.py:137} INFO - [2023-03-22T19:23:58.802-0400] {dag.py:2690} INFO - Sync 1 DAGs
[2023-03-22T19:23:58.809-0400] {logging_mixin.py:137} INFO - [2023-03-22T19:23:58.809-0400] {dag.py:3437} INFO - Setting next_dagrun for tutorial_dag to None, run_after=None
[2023-03-22T19:23:58.816-0400] {processor.py:175} INFO - Processing /Users/sunanda/Downloads/airflow/py_env/lib/python3.9/site-packages/airflow/example_dags/tutorial_dag.py took 0.228 seconds
[2023-03-22T19:25:11.743-0400] {processor.py:153} INFO - Started process (PID=4844) to work on /Users/sunanda/Downloads/airflow/py_env/lib/python3.9/site-packages/airflow/example_dags/tutorial_dag.py
[2023-03-22T19:25:11.746-0400] {processor.py:743} INFO - Processing file /Users/sunanda/Downloads/airflow/py_env/lib/python3.9/site-packages/airflow/example_dags/tutorial_dag.py for tasks to queue
[2023-03-22T19:25:11.747-0400] {logging_mixin.py:137} INFO - [2023-03-22T19:25:11.747-0400] {dagbag.py:538} INFO - Filling up the DagBag from /Users/sunanda/Downloads/airflow/py_env/lib/python3.9/site-packages/airflow/example_dags/tutorial_dag.py
[2023-03-22T19:25:11.763-0400] {processor.py:753} INFO - DAG(s) dict_keys(['tutorial_dag']) retrieved from /Users/sunanda/Downloads/airflow/py_env/lib/python3.9/site-packages/airflow/example_dags/tutorial_dag.py
[2023-03-22T19:25:11.966-0400] {logging_mixin.py:137} INFO - [2023-03-22T19:25:11.966-0400] {dag.py:2690} INFO - Sync 1 DAGs
[2023-03-22T19:25:11.972-0400] {logging_mixin.py:137} INFO - [2023-03-22T19:25:11.972-0400] {dag.py:3437} INFO - Setting next_dagrun for tutorial_dag to None, run_after=None
[2023-03-22T19:25:11.979-0400] {processor.py:175} INFO - Processing /Users/sunanda/Downloads/airflow/py_env/lib/python3.9/site-packages/airflow/example_dags/tutorial_dag.py took 0.237 seconds
[2023-03-22T19:25:53.052-0400] {processor.py:153} INFO - Started process (PID=4908) to work on /Users/sunanda/Downloads/airflow/py_env/lib/python3.9/site-packages/airflow/example_dags/tutorial_dag.py
[2023-03-22T19:25:53.054-0400] {processor.py:743} INFO - Processing file /Users/sunanda/Downloads/airflow/py_env/lib/python3.9/site-packages/airflow/example_dags/tutorial_dag.py for tasks to queue
[2023-03-22T19:25:53.054-0400] {logging_mixin.py:137} INFO - [2023-03-22T19:25:53.054-0400] {dagbag.py:538} INFO - Filling up the DagBag from /Users/sunanda/Downloads/airflow/py_env/lib/python3.9/site-packages/airflow/example_dags/tutorial_dag.py
[2023-03-22T19:25:53.069-0400] {processor.py:753} INFO - DAG(s) dict_keys(['tutorial_dag']) retrieved from /Users/sunanda/Downloads/airflow/py_env/lib/python3.9/site-packages/airflow/example_dags/tutorial_dag.py
[2023-03-22T19:25:53.269-0400] {logging_mixin.py:137} INFO - [2023-03-22T19:25:53.269-0400] {dag.py:2690} INFO - Sync 1 DAGs
[2023-03-22T19:25:53.276-0400] {logging_mixin.py:137} INFO - [2023-03-22T19:25:53.276-0400] {dag.py:3437} INFO - Setting next_dagrun for tutorial_dag to None, run_after=None
[2023-03-22T19:25:53.284-0400] {processor.py:175} INFO - Processing /Users/sunanda/Downloads/airflow/py_env/lib/python3.9/site-packages/airflow/example_dags/tutorial_dag.py took 0.233 seconds
[2023-03-22T19:26:33.460-0400] {processor.py:153} INFO - Started process (PID=4970) to work on /Users/sunanda/Downloads/airflow/py_env/lib/python3.9/site-packages/airflow/example_dags/tutorial_dag.py
[2023-03-22T19:26:33.463-0400] {processor.py:743} INFO - Processing file /Users/sunanda/Downloads/airflow/py_env/lib/python3.9/site-packages/airflow/example_dags/tutorial_dag.py for tasks to queue
[2023-03-22T19:26:33.463-0400] {logging_mixin.py:137} INFO - [2023-03-22T19:26:33.463-0400] {dagbag.py:538} INFO - Filling up the DagBag from /Users/sunanda/Downloads/airflow/py_env/lib/python3.9/site-packages/airflow/example_dags/tutorial_dag.py
[2023-03-22T19:26:33.477-0400] {processor.py:753} INFO - DAG(s) dict_keys(['tutorial_dag']) retrieved from /Users/sunanda/Downloads/airflow/py_env/lib/python3.9/site-packages/airflow/example_dags/tutorial_dag.py
[2023-03-22T19:26:33.680-0400] {logging_mixin.py:137} INFO - [2023-03-22T19:26:33.680-0400] {dag.py:2690} INFO - Sync 1 DAGs
[2023-03-22T19:26:33.687-0400] {logging_mixin.py:137} INFO - [2023-03-22T19:26:33.687-0400] {dag.py:3437} INFO - Setting next_dagrun for tutorial_dag to None, run_after=None
[2023-03-22T19:26:33.694-0400] {processor.py:175} INFO - Processing /Users/sunanda/Downloads/airflow/py_env/lib/python3.9/site-packages/airflow/example_dags/tutorial_dag.py took 0.234 seconds
[2023-03-22T19:27:17.649-0400] {processor.py:153} INFO - Started process (PID=5040) to work on /Users/sunanda/Downloads/airflow/py_env/lib/python3.9/site-packages/airflow/example_dags/tutorial_dag.py
[2023-03-22T19:27:17.652-0400] {processor.py:743} INFO - Processing file /Users/sunanda/Downloads/airflow/py_env/lib/python3.9/site-packages/airflow/example_dags/tutorial_dag.py for tasks to queue
[2023-03-22T19:27:17.652-0400] {logging_mixin.py:137} INFO - [2023-03-22T19:27:17.652-0400] {dagbag.py:538} INFO - Filling up the DagBag from /Users/sunanda/Downloads/airflow/py_env/lib/python3.9/site-packages/airflow/example_dags/tutorial_dag.py
[2023-03-22T19:27:17.669-0400] {processor.py:753} INFO - DAG(s) dict_keys(['tutorial_dag']) retrieved from /Users/sunanda/Downloads/airflow/py_env/lib/python3.9/site-packages/airflow/example_dags/tutorial_dag.py
[2023-03-22T19:27:17.879-0400] {logging_mixin.py:137} INFO - [2023-03-22T19:27:17.879-0400] {dag.py:2690} INFO - Sync 1 DAGs
[2023-03-22T19:27:17.886-0400] {logging_mixin.py:137} INFO - [2023-03-22T19:27:17.885-0400] {dag.py:3437} INFO - Setting next_dagrun for tutorial_dag to None, run_after=None
[2023-03-22T19:27:17.893-0400] {processor.py:175} INFO - Processing /Users/sunanda/Downloads/airflow/py_env/lib/python3.9/site-packages/airflow/example_dags/tutorial_dag.py took 0.244 seconds
