[2023-03-22T14:53:42.802-0400] {processor.py:153} INFO - Started process (PID=69546) to work on /Users/sunanda/Downloads/airflow/py_env/lib/python3.9/site-packages/airflow/example_dags/tutorial.py
[2023-03-22T14:53:42.804-0400] {processor.py:743} INFO - Processing file /Users/sunanda/Downloads/airflow/py_env/lib/python3.9/site-packages/airflow/example_dags/tutorial.py for tasks to queue
[2023-03-22T14:53:42.804-0400] {logging_mixin.py:137} INFO - [2023-03-22T14:53:42.804-0400] {dagbag.py:538} INFO - Filling up the DagBag from /Users/sunanda/Downloads/airflow/py_env/lib/python3.9/site-packages/airflow/example_dags/tutorial.py
[2023-03-22T14:53:42.815-0400] {processor.py:753} INFO - DAG(s) dict_keys(['tutorial']) retrieved from /Users/sunanda/Downloads/airflow/py_env/lib/python3.9/site-packages/airflow/example_dags/tutorial.py
[2023-03-22T14:53:43.026-0400] {logging_mixin.py:137} INFO - [2023-03-22T14:53:43.026-0400] {dag.py:2690} INFO - Sync 1 DAGs
[2023-03-22T14:53:43.033-0400] {logging_mixin.py:137} INFO - [2023-03-22T14:53:43.033-0400] {dag.py:3437} INFO - Setting next_dagrun for tutorial to 2023-03-21T18:53:43.033798+00:00, run_after=2023-03-22T18:53:43.033798+00:00
[2023-03-22T14:53:43.043-0400] {processor.py:175} INFO - Processing /Users/sunanda/Downloads/airflow/py_env/lib/python3.9/site-packages/airflow/example_dags/tutorial.py took 0.241 seconds
[2023-03-22T14:54:55.890-0400] {processor.py:153} INFO - Started process (PID=69661) to work on /Users/sunanda/Downloads/airflow/py_env/lib/python3.9/site-packages/airflow/example_dags/tutorial.py
[2023-03-22T14:54:55.892-0400] {processor.py:743} INFO - Processing file /Users/sunanda/Downloads/airflow/py_env/lib/python3.9/site-packages/airflow/example_dags/tutorial.py for tasks to queue
[2023-03-22T14:54:55.892-0400] {logging_mixin.py:137} INFO - [2023-03-22T14:54:55.892-0400] {dagbag.py:538} INFO - Filling up the DagBag from /Users/sunanda/Downloads/airflow/py_env/lib/python3.9/site-packages/airflow/example_dags/tutorial.py
[2023-03-22T14:54:55.902-0400] {processor.py:753} INFO - DAG(s) dict_keys(['tutorial']) retrieved from /Users/sunanda/Downloads/airflow/py_env/lib/python3.9/site-packages/airflow/example_dags/tutorial.py
[2023-03-22T14:54:56.105-0400] {logging_mixin.py:137} INFO - [2023-03-22T14:54:56.105-0400] {dag.py:2690} INFO - Sync 1 DAGs
[2023-03-22T14:54:56.112-0400] {logging_mixin.py:137} INFO - [2023-03-22T14:54:56.112-0400] {dag.py:3437} INFO - Setting next_dagrun for tutorial to 2023-03-21T18:54:56.111907+00:00, run_after=2023-03-22T18:54:56.111907+00:00
[2023-03-22T14:54:56.119-0400] {processor.py:175} INFO - Processing /Users/sunanda/Downloads/airflow/py_env/lib/python3.9/site-packages/airflow/example_dags/tutorial.py took 0.230 seconds
[2023-03-22T14:56:15.821-0400] {processor.py:153} INFO - Started process (PID=69787) to work on /Users/sunanda/Downloads/airflow/py_env/lib/python3.9/site-packages/airflow/example_dags/tutorial.py
[2023-03-22T14:56:15.824-0400] {processor.py:743} INFO - Processing file /Users/sunanda/Downloads/airflow/py_env/lib/python3.9/site-packages/airflow/example_dags/tutorial.py for tasks to queue
[2023-03-22T14:56:15.824-0400] {logging_mixin.py:137} INFO - [2023-03-22T14:56:15.824-0400] {dagbag.py:538} INFO - Filling up the DagBag from /Users/sunanda/Downloads/airflow/py_env/lib/python3.9/site-packages/airflow/example_dags/tutorial.py
[2023-03-22T14:56:15.835-0400] {processor.py:753} INFO - DAG(s) dict_keys(['tutorial']) retrieved from /Users/sunanda/Downloads/airflow/py_env/lib/python3.9/site-packages/airflow/example_dags/tutorial.py
[2023-03-22T14:56:16.049-0400] {logging_mixin.py:137} INFO - [2023-03-22T14:56:16.049-0400] {dag.py:2690} INFO - Sync 1 DAGs
[2023-03-22T14:56:16.056-0400] {logging_mixin.py:137} INFO - [2023-03-22T14:56:16.056-0400] {dag.py:3437} INFO - Setting next_dagrun for tutorial to 2023-03-21T18:56:16.056207+00:00, run_after=2023-03-22T18:56:16.056207+00:00
[2023-03-22T14:56:16.064-0400] {processor.py:175} INFO - Processing /Users/sunanda/Downloads/airflow/py_env/lib/python3.9/site-packages/airflow/example_dags/tutorial.py took 0.244 seconds
[2023-03-22T14:57:35.669-0400] {processor.py:153} INFO - Started process (PID=69911) to work on /Users/sunanda/Downloads/airflow/py_env/lib/python3.9/site-packages/airflow/example_dags/tutorial.py
[2023-03-22T14:57:35.671-0400] {processor.py:743} INFO - Processing file /Users/sunanda/Downloads/airflow/py_env/lib/python3.9/site-packages/airflow/example_dags/tutorial.py for tasks to queue
[2023-03-22T14:57:35.671-0400] {logging_mixin.py:137} INFO - [2023-03-22T14:57:35.671-0400] {dagbag.py:538} INFO - Filling up the DagBag from /Users/sunanda/Downloads/airflow/py_env/lib/python3.9/site-packages/airflow/example_dags/tutorial.py
[2023-03-22T14:57:35.681-0400] {processor.py:753} INFO - DAG(s) dict_keys(['tutorial']) retrieved from /Users/sunanda/Downloads/airflow/py_env/lib/python3.9/site-packages/airflow/example_dags/tutorial.py
[2023-03-22T14:57:35.883-0400] {logging_mixin.py:137} INFO - [2023-03-22T14:57:35.883-0400] {dag.py:2690} INFO - Sync 1 DAGs
[2023-03-22T14:57:35.890-0400] {logging_mixin.py:137} INFO - [2023-03-22T14:57:35.890-0400] {dag.py:3437} INFO - Setting next_dagrun for tutorial to 2023-03-21T18:57:35.890007+00:00, run_after=2023-03-22T18:57:35.890007+00:00
[2023-03-22T14:57:35.898-0400] {processor.py:175} INFO - Processing /Users/sunanda/Downloads/airflow/py_env/lib/python3.9/site-packages/airflow/example_dags/tutorial.py took 0.229 seconds
[2023-03-22T14:58:18.601-0400] {processor.py:153} INFO - Started process (PID=69980) to work on /Users/sunanda/Downloads/airflow/py_env/lib/python3.9/site-packages/airflow/example_dags/tutorial.py
[2023-03-22T14:58:18.604-0400] {processor.py:743} INFO - Processing file /Users/sunanda/Downloads/airflow/py_env/lib/python3.9/site-packages/airflow/example_dags/tutorial.py for tasks to queue
[2023-03-22T14:58:18.604-0400] {logging_mixin.py:137} INFO - [2023-03-22T14:58:18.604-0400] {dagbag.py:538} INFO - Filling up the DagBag from /Users/sunanda/Downloads/airflow/py_env/lib/python3.9/site-packages/airflow/example_dags/tutorial.py
[2023-03-22T14:58:18.616-0400] {processor.py:753} INFO - DAG(s) dict_keys(['tutorial']) retrieved from /Users/sunanda/Downloads/airflow/py_env/lib/python3.9/site-packages/airflow/example_dags/tutorial.py
[2023-03-22T14:58:18.827-0400] {logging_mixin.py:137} INFO - [2023-03-22T14:58:18.827-0400] {dag.py:2690} INFO - Sync 1 DAGs
[2023-03-22T14:58:18.834-0400] {logging_mixin.py:137} INFO - [2023-03-22T14:58:18.834-0400] {dag.py:3437} INFO - Setting next_dagrun for tutorial to 2023-03-21T18:58:18.834641+00:00, run_after=2023-03-22T18:58:18.834641+00:00
[2023-03-22T14:58:18.842-0400] {processor.py:175} INFO - Processing /Users/sunanda/Downloads/airflow/py_env/lib/python3.9/site-packages/airflow/example_dags/tutorial.py took 0.242 seconds
[2023-03-22T14:59:03.547-0400] {processor.py:153} INFO - Started process (PID=70051) to work on /Users/sunanda/Downloads/airflow/py_env/lib/python3.9/site-packages/airflow/example_dags/tutorial.py
[2023-03-22T14:59:03.550-0400] {processor.py:743} INFO - Processing file /Users/sunanda/Downloads/airflow/py_env/lib/python3.9/site-packages/airflow/example_dags/tutorial.py for tasks to queue
[2023-03-22T14:59:03.550-0400] {logging_mixin.py:137} INFO - [2023-03-22T14:59:03.550-0400] {dagbag.py:538} INFO - Filling up the DagBag from /Users/sunanda/Downloads/airflow/py_env/lib/python3.9/site-packages/airflow/example_dags/tutorial.py
[2023-03-22T14:59:03.560-0400] {processor.py:753} INFO - DAG(s) dict_keys(['tutorial']) retrieved from /Users/sunanda/Downloads/airflow/py_env/lib/python3.9/site-packages/airflow/example_dags/tutorial.py
[2023-03-22T14:59:03.768-0400] {logging_mixin.py:137} INFO - [2023-03-22T14:59:03.768-0400] {dag.py:2690} INFO - Sync 1 DAGs
[2023-03-22T14:59:03.775-0400] {logging_mixin.py:137} INFO - [2023-03-22T14:59:03.775-0400] {dag.py:3437} INFO - Setting next_dagrun for tutorial to 2023-03-21T18:59:03.775148+00:00, run_after=2023-03-22T18:59:03.775148+00:00
[2023-03-22T14:59:03.783-0400] {processor.py:175} INFO - Processing /Users/sunanda/Downloads/airflow/py_env/lib/python3.9/site-packages/airflow/example_dags/tutorial.py took 0.236 seconds
[2023-03-22T14:59:46.550-0400] {processor.py:153} INFO - Started process (PID=70118) to work on /Users/sunanda/Downloads/airflow/py_env/lib/python3.9/site-packages/airflow/example_dags/tutorial.py
[2023-03-22T14:59:46.552-0400] {processor.py:743} INFO - Processing file /Users/sunanda/Downloads/airflow/py_env/lib/python3.9/site-packages/airflow/example_dags/tutorial.py for tasks to queue
[2023-03-22T14:59:46.552-0400] {logging_mixin.py:137} INFO - [2023-03-22T14:59:46.552-0400] {dagbag.py:538} INFO - Filling up the DagBag from /Users/sunanda/Downloads/airflow/py_env/lib/python3.9/site-packages/airflow/example_dags/tutorial.py
[2023-03-22T14:59:46.562-0400] {processor.py:753} INFO - DAG(s) dict_keys(['tutorial']) retrieved from /Users/sunanda/Downloads/airflow/py_env/lib/python3.9/site-packages/airflow/example_dags/tutorial.py
[2023-03-22T14:59:46.771-0400] {logging_mixin.py:137} INFO - [2023-03-22T14:59:46.771-0400] {dag.py:2690} INFO - Sync 1 DAGs
[2023-03-22T14:59:46.778-0400] {logging_mixin.py:137} INFO - [2023-03-22T14:59:46.778-0400] {dag.py:3437} INFO - Setting next_dagrun for tutorial to 2023-03-21T18:59:46.778098+00:00, run_after=2023-03-22T18:59:46.778098+00:00
[2023-03-22T14:59:46.786-0400] {processor.py:175} INFO - Processing /Users/sunanda/Downloads/airflow/py_env/lib/python3.9/site-packages/airflow/example_dags/tutorial.py took 0.237 seconds
[2023-03-22T15:00:30.632-0400] {processor.py:153} INFO - Started process (PID=70186) to work on /Users/sunanda/Downloads/airflow/py_env/lib/python3.9/site-packages/airflow/example_dags/tutorial.py
[2023-03-22T15:00:30.634-0400] {processor.py:743} INFO - Processing file /Users/sunanda/Downloads/airflow/py_env/lib/python3.9/site-packages/airflow/example_dags/tutorial.py for tasks to queue
[2023-03-22T15:00:30.634-0400] {logging_mixin.py:137} INFO - [2023-03-22T15:00:30.634-0400] {dagbag.py:538} INFO - Filling up the DagBag from /Users/sunanda/Downloads/airflow/py_env/lib/python3.9/site-packages/airflow/example_dags/tutorial.py
[2023-03-22T15:00:30.646-0400] {processor.py:753} INFO - DAG(s) dict_keys(['tutorial']) retrieved from /Users/sunanda/Downloads/airflow/py_env/lib/python3.9/site-packages/airflow/example_dags/tutorial.py
[2023-03-22T15:00:30.856-0400] {logging_mixin.py:137} INFO - [2023-03-22T15:00:30.856-0400] {dag.py:2690} INFO - Sync 1 DAGs
[2023-03-22T15:00:30.863-0400] {logging_mixin.py:137} INFO - [2023-03-22T15:00:30.863-0400] {dag.py:3437} INFO - Setting next_dagrun for tutorial to 2023-03-21T19:00:30.863585+00:00, run_after=2023-03-22T19:00:30.863585+00:00
[2023-03-22T15:00:30.871-0400] {processor.py:175} INFO - Processing /Users/sunanda/Downloads/airflow/py_env/lib/python3.9/site-packages/airflow/example_dags/tutorial.py took 0.240 seconds
[2023-03-22T15:01:13.956-0400] {processor.py:153} INFO - Started process (PID=70254) to work on /Users/sunanda/Downloads/airflow/py_env/lib/python3.9/site-packages/airflow/example_dags/tutorial.py
[2023-03-22T15:01:13.958-0400] {processor.py:743} INFO - Processing file /Users/sunanda/Downloads/airflow/py_env/lib/python3.9/site-packages/airflow/example_dags/tutorial.py for tasks to queue
[2023-03-22T15:01:13.959-0400] {logging_mixin.py:137} INFO - [2023-03-22T15:01:13.958-0400] {dagbag.py:538} INFO - Filling up the DagBag from /Users/sunanda/Downloads/airflow/py_env/lib/python3.9/site-packages/airflow/example_dags/tutorial.py
[2023-03-22T15:01:13.969-0400] {processor.py:753} INFO - DAG(s) dict_keys(['tutorial']) retrieved from /Users/sunanda/Downloads/airflow/py_env/lib/python3.9/site-packages/airflow/example_dags/tutorial.py
[2023-03-22T15:01:14.202-0400] {logging_mixin.py:137} INFO - [2023-03-22T15:01:14.202-0400] {dag.py:2690} INFO - Sync 1 DAGs
[2023-03-22T15:01:14.209-0400] {logging_mixin.py:137} INFO - [2023-03-22T15:01:14.209-0400] {dag.py:3437} INFO - Setting next_dagrun for tutorial to 2023-03-21T19:01:14.209533+00:00, run_after=2023-03-22T19:01:14.209533+00:00
[2023-03-22T15:01:14.217-0400] {processor.py:175} INFO - Processing /Users/sunanda/Downloads/airflow/py_env/lib/python3.9/site-packages/airflow/example_dags/tutorial.py took 0.262 seconds
[2023-03-22T15:02:39.957-0400] {processor.py:153} INFO - Started process (PID=70393) to work on /Users/sunanda/Downloads/airflow/py_env/lib/python3.9/site-packages/airflow/example_dags/tutorial.py
[2023-03-22T15:02:39.959-0400] {processor.py:743} INFO - Processing file /Users/sunanda/Downloads/airflow/py_env/lib/python3.9/site-packages/airflow/example_dags/tutorial.py for tasks to queue
[2023-03-22T15:02:39.960-0400] {logging_mixin.py:137} INFO - [2023-03-22T15:02:39.960-0400] {dagbag.py:538} INFO - Filling up the DagBag from /Users/sunanda/Downloads/airflow/py_env/lib/python3.9/site-packages/airflow/example_dags/tutorial.py
[2023-03-22T15:02:39.972-0400] {processor.py:753} INFO - DAG(s) dict_keys(['tutorial']) retrieved from /Users/sunanda/Downloads/airflow/py_env/lib/python3.9/site-packages/airflow/example_dags/tutorial.py
[2023-03-22T15:02:40.177-0400] {logging_mixin.py:137} INFO - [2023-03-22T15:02:40.177-0400] {dag.py:2690} INFO - Sync 1 DAGs
[2023-03-22T15:02:40.184-0400] {logging_mixin.py:137} INFO - [2023-03-22T15:02:40.184-0400] {dag.py:3437} INFO - Setting next_dagrun for tutorial to 2023-03-21T19:02:40.184645+00:00, run_after=2023-03-22T19:02:40.184645+00:00
[2023-03-22T15:02:40.193-0400] {processor.py:175} INFO - Processing /Users/sunanda/Downloads/airflow/py_env/lib/python3.9/site-packages/airflow/example_dags/tutorial.py took 0.236 seconds
[2023-03-22T15:03:23.891-0400] {processor.py:153} INFO - Started process (PID=70460) to work on /Users/sunanda/Downloads/airflow/py_env/lib/python3.9/site-packages/airflow/example_dags/tutorial.py
[2023-03-22T15:03:23.893-0400] {processor.py:743} INFO - Processing file /Users/sunanda/Downloads/airflow/py_env/lib/python3.9/site-packages/airflow/example_dags/tutorial.py for tasks to queue
[2023-03-22T15:03:23.894-0400] {logging_mixin.py:137} INFO - [2023-03-22T15:03:23.893-0400] {dagbag.py:538} INFO - Filling up the DagBag from /Users/sunanda/Downloads/airflow/py_env/lib/python3.9/site-packages/airflow/example_dags/tutorial.py
[2023-03-22T15:03:23.905-0400] {processor.py:753} INFO - DAG(s) dict_keys(['tutorial']) retrieved from /Users/sunanda/Downloads/airflow/py_env/lib/python3.9/site-packages/airflow/example_dags/tutorial.py
[2023-03-22T15:03:24.129-0400] {logging_mixin.py:137} INFO - [2023-03-22T15:03:24.129-0400] {dag.py:2690} INFO - Sync 1 DAGs
[2023-03-22T15:03:24.136-0400] {logging_mixin.py:137} INFO - [2023-03-22T15:03:24.136-0400] {dag.py:3437} INFO - Setting next_dagrun for tutorial to 2023-03-21T19:03:24.136570+00:00, run_after=2023-03-22T19:03:24.136570+00:00
[2023-03-22T15:03:24.144-0400] {processor.py:175} INFO - Processing /Users/sunanda/Downloads/airflow/py_env/lib/python3.9/site-packages/airflow/example_dags/tutorial.py took 0.254 seconds
[2023-03-22T15:04:42.672-0400] {processor.py:153} INFO - Started process (PID=70608) to work on /Users/sunanda/Downloads/airflow/py_env/lib/python3.9/site-packages/airflow/example_dags/tutorial.py
[2023-03-22T15:04:42.675-0400] {processor.py:743} INFO - Processing file /Users/sunanda/Downloads/airflow/py_env/lib/python3.9/site-packages/airflow/example_dags/tutorial.py for tasks to queue
[2023-03-22T15:04:42.676-0400] {logging_mixin.py:137} INFO - [2023-03-22T15:04:42.676-0400] {dagbag.py:538} INFO - Filling up the DagBag from /Users/sunanda/Downloads/airflow/py_env/lib/python3.9/site-packages/airflow/example_dags/tutorial.py
[2023-03-22T15:04:42.686-0400] {processor.py:753} INFO - DAG(s) dict_keys(['tutorial']) retrieved from /Users/sunanda/Downloads/airflow/py_env/lib/python3.9/site-packages/airflow/example_dags/tutorial.py
[2023-03-22T15:04:42.885-0400] {logging_mixin.py:137} INFO - [2023-03-22T15:04:42.884-0400] {dag.py:2690} INFO - Sync 1 DAGs
[2023-03-22T15:04:42.891-0400] {logging_mixin.py:137} INFO - [2023-03-22T15:04:42.891-0400] {dag.py:3437} INFO - Setting next_dagrun for tutorial to 2023-03-21T19:04:42.891262+00:00, run_after=2023-03-22T19:04:42.891262+00:00
[2023-03-22T15:04:42.898-0400] {processor.py:175} INFO - Processing /Users/sunanda/Downloads/airflow/py_env/lib/python3.9/site-packages/airflow/example_dags/tutorial.py took 0.226 seconds
[2023-03-22T16:18:17.820-0400] {processor.py:153} INFO - Started process (PID=74847) to work on /Users/sunanda/Downloads/airflow/py_env/lib/python3.9/site-packages/airflow/example_dags/tutorial.py
[2023-03-22T16:18:17.823-0400] {processor.py:743} INFO - Processing file /Users/sunanda/Downloads/airflow/py_env/lib/python3.9/site-packages/airflow/example_dags/tutorial.py for tasks to queue
[2023-03-22T16:18:17.823-0400] {logging_mixin.py:137} INFO - [2023-03-22T16:18:17.823-0400] {dagbag.py:538} INFO - Filling up the DagBag from /Users/sunanda/Downloads/airflow/py_env/lib/python3.9/site-packages/airflow/example_dags/tutorial.py
[2023-03-22T16:18:17.834-0400] {processor.py:753} INFO - DAG(s) dict_keys(['tutorial']) retrieved from /Users/sunanda/Downloads/airflow/py_env/lib/python3.9/site-packages/airflow/example_dags/tutorial.py
[2023-03-22T16:18:18.294-0400] {logging_mixin.py:137} INFO - [2023-03-22T16:18:18.294-0400] {dag.py:2690} INFO - Sync 1 DAGs
[2023-03-22T16:18:18.307-0400] {logging_mixin.py:137} INFO - [2023-03-22T16:18:18.307-0400] {dag.py:3437} INFO - Setting next_dagrun for tutorial to 2023-03-21T20:18:18.306993+00:00, run_after=2023-03-22T20:18:18.306993+00:00
[2023-03-22T16:18:18.323-0400] {processor.py:175} INFO - Processing /Users/sunanda/Downloads/airflow/py_env/lib/python3.9/site-packages/airflow/example_dags/tutorial.py took 0.503 seconds
[2023-03-22T16:26:27.370-0400] {processor.py:153} INFO - Started process (PID=75384) to work on /Users/sunanda/Downloads/airflow/py_env/lib/python3.9/site-packages/airflow/example_dags/tutorial.py
[2023-03-22T16:26:27.409-0400] {processor.py:743} INFO - Processing file /Users/sunanda/Downloads/airflow/py_env/lib/python3.9/site-packages/airflow/example_dags/tutorial.py for tasks to queue
[2023-03-22T16:26:27.410-0400] {logging_mixin.py:137} INFO - [2023-03-22T16:26:27.410-0400] {dagbag.py:538} INFO - Filling up the DagBag from /Users/sunanda/Downloads/airflow/py_env/lib/python3.9/site-packages/airflow/example_dags/tutorial.py
[2023-03-22T16:26:27.422-0400] {processor.py:753} INFO - DAG(s) dict_keys(['tutorial']) retrieved from /Users/sunanda/Downloads/airflow/py_env/lib/python3.9/site-packages/airflow/example_dags/tutorial.py
[2023-03-22T16:26:28.024-0400] {logging_mixin.py:137} INFO - [2023-03-22T16:26:28.024-0400] {dag.py:2690} INFO - Sync 1 DAGs
[2023-03-22T16:26:28.031-0400] {logging_mixin.py:137} INFO - [2023-03-22T16:26:28.031-0400] {dag.py:3437} INFO - Setting next_dagrun for tutorial to 2023-03-21T20:26:28.031116+00:00, run_after=2023-03-22T20:26:28.031116+00:00
[2023-03-22T16:26:28.038-0400] {processor.py:175} INFO - Processing /Users/sunanda/Downloads/airflow/py_env/lib/python3.9/site-packages/airflow/example_dags/tutorial.py took 0.681 seconds
[2023-03-22T19:11:08.810-0400] {processor.py:153} INFO - Started process (PID=3751) to work on /Users/sunanda/Downloads/airflow/py_env/lib/python3.9/site-packages/airflow/example_dags/tutorial.py
[2023-03-22T19:11:08.812-0400] {processor.py:743} INFO - Processing file /Users/sunanda/Downloads/airflow/py_env/lib/python3.9/site-packages/airflow/example_dags/tutorial.py for tasks to queue
[2023-03-22T19:11:08.812-0400] {logging_mixin.py:137} INFO - [2023-03-22T19:11:08.812-0400] {dagbag.py:538} INFO - Filling up the DagBag from /Users/sunanda/Downloads/airflow/py_env/lib/python3.9/site-packages/airflow/example_dags/tutorial.py
[2023-03-22T19:11:08.822-0400] {processor.py:753} INFO - DAG(s) dict_keys(['tutorial']) retrieved from /Users/sunanda/Downloads/airflow/py_env/lib/python3.9/site-packages/airflow/example_dags/tutorial.py
[2023-03-22T19:11:09.025-0400] {logging_mixin.py:137} INFO - [2023-03-22T19:11:09.025-0400] {dag.py:2690} INFO - Sync 1 DAGs
[2023-03-22T19:11:09.032-0400] {logging_mixin.py:137} INFO - [2023-03-22T19:11:09.032-0400] {dag.py:3437} INFO - Setting next_dagrun for tutorial to 2023-03-21T23:11:09.032036+00:00, run_after=2023-03-22T23:11:09.032036+00:00
[2023-03-22T19:11:09.039-0400] {processor.py:175} INFO - Processing /Users/sunanda/Downloads/airflow/py_env/lib/python3.9/site-packages/airflow/example_dags/tutorial.py took 0.230 seconds
[2023-03-22T19:12:22.695-0400] {processor.py:153} INFO - Started process (PID=3872) to work on /Users/sunanda/Downloads/airflow/py_env/lib/python3.9/site-packages/airflow/example_dags/tutorial.py
[2023-03-22T19:12:22.697-0400] {processor.py:743} INFO - Processing file /Users/sunanda/Downloads/airflow/py_env/lib/python3.9/site-packages/airflow/example_dags/tutorial.py for tasks to queue
[2023-03-22T19:12:22.698-0400] {logging_mixin.py:137} INFO - [2023-03-22T19:12:22.698-0400] {dagbag.py:538} INFO - Filling up the DagBag from /Users/sunanda/Downloads/airflow/py_env/lib/python3.9/site-packages/airflow/example_dags/tutorial.py
[2023-03-22T19:12:22.708-0400] {processor.py:753} INFO - DAG(s) dict_keys(['tutorial']) retrieved from /Users/sunanda/Downloads/airflow/py_env/lib/python3.9/site-packages/airflow/example_dags/tutorial.py
[2023-03-22T19:12:22.905-0400] {logging_mixin.py:137} INFO - [2023-03-22T19:12:22.905-0400] {dag.py:2690} INFO - Sync 1 DAGs
[2023-03-22T19:12:22.912-0400] {logging_mixin.py:137} INFO - [2023-03-22T19:12:22.912-0400] {dag.py:3437} INFO - Setting next_dagrun for tutorial to 2023-03-21T23:12:22.912171+00:00, run_after=2023-03-22T23:12:22.912171+00:00
[2023-03-22T19:12:22.919-0400] {processor.py:175} INFO - Processing /Users/sunanda/Downloads/airflow/py_env/lib/python3.9/site-packages/airflow/example_dags/tutorial.py took 0.225 seconds
[2023-03-22T19:13:06.097-0400] {processor.py:153} INFO - Started process (PID=3938) to work on /Users/sunanda/Downloads/airflow/py_env/lib/python3.9/site-packages/airflow/example_dags/tutorial.py
[2023-03-22T19:13:06.099-0400] {processor.py:743} INFO - Processing file /Users/sunanda/Downloads/airflow/py_env/lib/python3.9/site-packages/airflow/example_dags/tutorial.py for tasks to queue
[2023-03-22T19:13:06.099-0400] {logging_mixin.py:137} INFO - [2023-03-22T19:13:06.099-0400] {dagbag.py:538} INFO - Filling up the DagBag from /Users/sunanda/Downloads/airflow/py_env/lib/python3.9/site-packages/airflow/example_dags/tutorial.py
[2023-03-22T19:13:06.109-0400] {processor.py:753} INFO - DAG(s) dict_keys(['tutorial']) retrieved from /Users/sunanda/Downloads/airflow/py_env/lib/python3.9/site-packages/airflow/example_dags/tutorial.py
[2023-03-22T19:13:06.308-0400] {logging_mixin.py:137} INFO - [2023-03-22T19:13:06.308-0400] {dag.py:2690} INFO - Sync 1 DAGs
[2023-03-22T19:13:06.315-0400] {logging_mixin.py:137} INFO - [2023-03-22T19:13:06.315-0400] {dag.py:3437} INFO - Setting next_dagrun for tutorial to 2023-03-21T23:13:06.315711+00:00, run_after=2023-03-22T23:13:06.315711+00:00
[2023-03-22T19:13:06.323-0400] {processor.py:175} INFO - Processing /Users/sunanda/Downloads/airflow/py_env/lib/python3.9/site-packages/airflow/example_dags/tutorial.py took 0.226 seconds
[2023-03-22T19:14:01.848-0400] {processor.py:153} INFO - Started process (PID=4029) to work on /Users/sunanda/Downloads/airflow/py_env/lib/python3.9/site-packages/airflow/example_dags/tutorial.py
[2023-03-22T19:14:01.851-0400] {processor.py:743} INFO - Processing file /Users/sunanda/Downloads/airflow/py_env/lib/python3.9/site-packages/airflow/example_dags/tutorial.py for tasks to queue
[2023-03-22T19:14:01.851-0400] {logging_mixin.py:137} INFO - [2023-03-22T19:14:01.851-0400] {dagbag.py:538} INFO - Filling up the DagBag from /Users/sunanda/Downloads/airflow/py_env/lib/python3.9/site-packages/airflow/example_dags/tutorial.py
[2023-03-22T19:14:01.860-0400] {processor.py:753} INFO - DAG(s) dict_keys(['tutorial']) retrieved from /Users/sunanda/Downloads/airflow/py_env/lib/python3.9/site-packages/airflow/example_dags/tutorial.py
[2023-03-22T19:14:02.059-0400] {logging_mixin.py:137} INFO - [2023-03-22T19:14:02.059-0400] {dag.py:2690} INFO - Sync 1 DAGs
[2023-03-22T19:14:02.066-0400] {logging_mixin.py:137} INFO - [2023-03-22T19:14:02.066-0400] {dag.py:3437} INFO - Setting next_dagrun for tutorial to 2023-03-21T23:14:02.066184+00:00, run_after=2023-03-22T23:14:02.066184+00:00
[2023-03-22T19:14:02.073-0400] {processor.py:175} INFO - Processing /Users/sunanda/Downloads/airflow/py_env/lib/python3.9/site-packages/airflow/example_dags/tutorial.py took 0.225 seconds
[2023-03-22T19:21:00.059-0400] {processor.py:153} INFO - Started process (PID=4517) to work on /Users/sunanda/Downloads/airflow/py_env/lib/python3.9/site-packages/airflow/example_dags/tutorial.py
[2023-03-22T19:21:00.061-0400] {processor.py:743} INFO - Processing file /Users/sunanda/Downloads/airflow/py_env/lib/python3.9/site-packages/airflow/example_dags/tutorial.py for tasks to queue
[2023-03-22T19:21:00.061-0400] {logging_mixin.py:137} INFO - [2023-03-22T19:21:00.061-0400] {dagbag.py:538} INFO - Filling up the DagBag from /Users/sunanda/Downloads/airflow/py_env/lib/python3.9/site-packages/airflow/example_dags/tutorial.py
[2023-03-22T19:21:00.072-0400] {processor.py:753} INFO - DAG(s) dict_keys(['tutorial']) retrieved from /Users/sunanda/Downloads/airflow/py_env/lib/python3.9/site-packages/airflow/example_dags/tutorial.py
[2023-03-22T19:21:00.278-0400] {logging_mixin.py:137} INFO - [2023-03-22T19:21:00.278-0400] {dag.py:2690} INFO - Sync 1 DAGs
[2023-03-22T19:21:00.285-0400] {logging_mixin.py:137} INFO - [2023-03-22T19:21:00.285-0400] {dag.py:3437} INFO - Setting next_dagrun for tutorial to 2023-03-21T23:21:00.285340+00:00, run_after=2023-03-22T23:21:00.285340+00:00
[2023-03-22T19:21:00.293-0400] {processor.py:175} INFO - Processing /Users/sunanda/Downloads/airflow/py_env/lib/python3.9/site-packages/airflow/example_dags/tutorial.py took 0.235 seconds
[2023-03-22T19:24:00.436-0400] {processor.py:153} INFO - Started process (PID=4734) to work on /Users/sunanda/Downloads/airflow/py_env/lib/python3.9/site-packages/airflow/example_dags/tutorial.py
[2023-03-22T19:24:00.439-0400] {processor.py:743} INFO - Processing file /Users/sunanda/Downloads/airflow/py_env/lib/python3.9/site-packages/airflow/example_dags/tutorial.py for tasks to queue
[2023-03-22T19:24:00.439-0400] {logging_mixin.py:137} INFO - [2023-03-22T19:24:00.439-0400] {dagbag.py:538} INFO - Filling up the DagBag from /Users/sunanda/Downloads/airflow/py_env/lib/python3.9/site-packages/airflow/example_dags/tutorial.py
[2023-03-22T19:24:00.449-0400] {processor.py:753} INFO - DAG(s) dict_keys(['tutorial']) retrieved from /Users/sunanda/Downloads/airflow/py_env/lib/python3.9/site-packages/airflow/example_dags/tutorial.py
[2023-03-22T19:24:00.647-0400] {logging_mixin.py:137} INFO - [2023-03-22T19:24:00.647-0400] {dag.py:2690} INFO - Sync 1 DAGs
[2023-03-22T19:24:00.654-0400] {logging_mixin.py:137} INFO - [2023-03-22T19:24:00.654-0400] {dag.py:3437} INFO - Setting next_dagrun for tutorial to 2023-03-21T23:24:00.654470+00:00, run_after=2023-03-22T23:24:00.654470+00:00
[2023-03-22T19:24:00.662-0400] {processor.py:175} INFO - Processing /Users/sunanda/Downloads/airflow/py_env/lib/python3.9/site-packages/airflow/example_dags/tutorial.py took 0.226 seconds
[2023-03-22T19:25:13.601-0400] {processor.py:153} INFO - Started process (PID=4847) to work on /Users/sunanda/Downloads/airflow/py_env/lib/python3.9/site-packages/airflow/example_dags/tutorial.py
[2023-03-22T19:25:13.605-0400] {processor.py:743} INFO - Processing file /Users/sunanda/Downloads/airflow/py_env/lib/python3.9/site-packages/airflow/example_dags/tutorial.py for tasks to queue
[2023-03-22T19:25:13.605-0400] {logging_mixin.py:137} INFO - [2023-03-22T19:25:13.605-0400] {dagbag.py:538} INFO - Filling up the DagBag from /Users/sunanda/Downloads/airflow/py_env/lib/python3.9/site-packages/airflow/example_dags/tutorial.py
[2023-03-22T19:25:13.615-0400] {processor.py:753} INFO - DAG(s) dict_keys(['tutorial']) retrieved from /Users/sunanda/Downloads/airflow/py_env/lib/python3.9/site-packages/airflow/example_dags/tutorial.py
[2023-03-22T19:25:13.819-0400] {logging_mixin.py:137} INFO - [2023-03-22T19:25:13.819-0400] {dag.py:2690} INFO - Sync 1 DAGs
[2023-03-22T19:25:13.826-0400] {logging_mixin.py:137} INFO - [2023-03-22T19:25:13.826-0400] {dag.py:3437} INFO - Setting next_dagrun for tutorial to 2023-03-21T23:25:13.826296+00:00, run_after=2023-03-22T23:25:13.826296+00:00
[2023-03-22T19:25:13.833-0400] {processor.py:175} INFO - Processing /Users/sunanda/Downloads/airflow/py_env/lib/python3.9/site-packages/airflow/example_dags/tutorial.py took 0.232 seconds
[2023-03-22T19:26:35.320-0400] {processor.py:153} INFO - Started process (PID=4973) to work on /Users/sunanda/Downloads/airflow/py_env/lib/python3.9/site-packages/airflow/example_dags/tutorial.py
[2023-03-22T19:26:35.323-0400] {processor.py:743} INFO - Processing file /Users/sunanda/Downloads/airflow/py_env/lib/python3.9/site-packages/airflow/example_dags/tutorial.py for tasks to queue
[2023-03-22T19:26:35.323-0400] {logging_mixin.py:137} INFO - [2023-03-22T19:26:35.323-0400] {dagbag.py:538} INFO - Filling up the DagBag from /Users/sunanda/Downloads/airflow/py_env/lib/python3.9/site-packages/airflow/example_dags/tutorial.py
[2023-03-22T19:26:35.333-0400] {processor.py:753} INFO - DAG(s) dict_keys(['tutorial']) retrieved from /Users/sunanda/Downloads/airflow/py_env/lib/python3.9/site-packages/airflow/example_dags/tutorial.py
[2023-03-22T19:26:35.550-0400] {logging_mixin.py:137} INFO - [2023-03-22T19:26:35.550-0400] {dag.py:2690} INFO - Sync 1 DAGs
[2023-03-22T19:26:35.557-0400] {logging_mixin.py:137} INFO - [2023-03-22T19:26:35.557-0400] {dag.py:3437} INFO - Setting next_dagrun for tutorial to 2023-03-21T23:26:35.557239+00:00, run_after=2023-03-22T23:26:35.557239+00:00
[2023-03-22T19:26:35.564-0400] {processor.py:175} INFO - Processing /Users/sunanda/Downloads/airflow/py_env/lib/python3.9/site-packages/airflow/example_dags/tutorial.py took 0.244 seconds
[2023-03-22T19:27:19.551-0400] {processor.py:153} INFO - Started process (PID=5042) to work on /Users/sunanda/Downloads/airflow/py_env/lib/python3.9/site-packages/airflow/example_dags/tutorial.py
[2023-03-22T19:27:19.555-0400] {processor.py:743} INFO - Processing file /Users/sunanda/Downloads/airflow/py_env/lib/python3.9/site-packages/airflow/example_dags/tutorial.py for tasks to queue
[2023-03-22T19:27:19.555-0400] {logging_mixin.py:137} INFO - [2023-03-22T19:27:19.555-0400] {dagbag.py:538} INFO - Filling up the DagBag from /Users/sunanda/Downloads/airflow/py_env/lib/python3.9/site-packages/airflow/example_dags/tutorial.py
[2023-03-22T19:27:19.566-0400] {processor.py:753} INFO - DAG(s) dict_keys(['tutorial']) retrieved from /Users/sunanda/Downloads/airflow/py_env/lib/python3.9/site-packages/airflow/example_dags/tutorial.py
[2023-03-22T19:27:19.775-0400] {logging_mixin.py:137} INFO - [2023-03-22T19:27:19.775-0400] {dag.py:2690} INFO - Sync 1 DAGs
[2023-03-22T19:27:19.784-0400] {logging_mixin.py:137} INFO - [2023-03-22T19:27:19.784-0400] {dag.py:3437} INFO - Setting next_dagrun for tutorial to 2023-03-21T23:27:19.784191+00:00, run_after=2023-03-22T23:27:19.784191+00:00
[2023-03-22T19:27:19.809-0400] {processor.py:175} INFO - Processing /Users/sunanda/Downloads/airflow/py_env/lib/python3.9/site-packages/airflow/example_dags/tutorial.py took 0.258 seconds
