[2023-03-22T14:53:37.175-0400] {processor.py:153} INFO - Started process (PID=69537) to work on /Users/sunanda/Downloads/airflow/py_env/lib/python3.9/site-packages/airflow/example_dags/tutorial_taskflow_api_virtualenv.py
[2023-03-22T14:53:37.177-0400] {processor.py:743} INFO - Processing file /Users/sunanda/Downloads/airflow/py_env/lib/python3.9/site-packages/airflow/example_dags/tutorial_taskflow_api_virtualenv.py for tasks to queue
[2023-03-22T14:53:37.177-0400] {logging_mixin.py:137} INFO - [2023-03-22T14:53:37.177-0400] {dagbag.py:538} INFO - Filling up the DagBag from /Users/sunanda/Downloads/airflow/py_env/lib/python3.9/site-packages/airflow/example_dags/tutorial_taskflow_api_virtualenv.py
[2023-03-22T14:53:37.199-0400] {processor.py:753} INFO - DAG(s) dict_keys(['tutorial_taskflow_api_virtualenv']) retrieved from /Users/sunanda/Downloads/airflow/py_env/lib/python3.9/site-packages/airflow/example_dags/tutorial_taskflow_api_virtualenv.py
[2023-03-22T14:53:37.431-0400] {logging_mixin.py:137} INFO - [2023-03-22T14:53:37.431-0400] {manager.py:504} INFO - Created Permission View: can edit on DAG:tutorial_taskflow_api_virtualenv
[2023-03-22T14:53:37.434-0400] {logging_mixin.py:137} INFO - [2023-03-22T14:53:37.434-0400] {manager.py:504} INFO - Created Permission View: can read on DAG:tutorial_taskflow_api_virtualenv
[2023-03-22T14:53:37.436-0400] {logging_mixin.py:137} INFO - [2023-03-22T14:53:37.436-0400] {manager.py:504} INFO - Created Permission View: can delete on DAG:tutorial_taskflow_api_virtualenv
[2023-03-22T14:53:37.436-0400] {logging_mixin.py:137} INFO - [2023-03-22T14:53:37.436-0400] {dag.py:2690} INFO - Sync 1 DAGs
[2023-03-22T14:53:37.440-0400] {logging_mixin.py:137} INFO - [2023-03-22T14:53:37.440-0400] {dag.py:2711} INFO - Creating ORM DAG for tutorial_taskflow_api_virtualenv
[2023-03-22T14:53:37.444-0400] {logging_mixin.py:137} INFO - [2023-03-22T14:53:37.444-0400] {dag.py:3437} INFO - Setting next_dagrun for tutorial_taskflow_api_virtualenv to None, run_after=None
[2023-03-22T14:53:37.450-0400] {processor.py:175} INFO - Processing /Users/sunanda/Downloads/airflow/py_env/lib/python3.9/site-packages/airflow/example_dags/tutorial_taskflow_api_virtualenv.py took 0.276 seconds
[2023-03-22T14:54:50.691-0400] {processor.py:153} INFO - Started process (PID=69653) to work on /Users/sunanda/Downloads/airflow/py_env/lib/python3.9/site-packages/airflow/example_dags/tutorial_taskflow_api_virtualenv.py
[2023-03-22T14:54:50.693-0400] {processor.py:743} INFO - Processing file /Users/sunanda/Downloads/airflow/py_env/lib/python3.9/site-packages/airflow/example_dags/tutorial_taskflow_api_virtualenv.py for tasks to queue
[2023-03-22T14:54:50.694-0400] {logging_mixin.py:137} INFO - [2023-03-22T14:54:50.694-0400] {dagbag.py:538} INFO - Filling up the DagBag from /Users/sunanda/Downloads/airflow/py_env/lib/python3.9/site-packages/airflow/example_dags/tutorial_taskflow_api_virtualenv.py
[2023-03-22T14:54:50.714-0400] {processor.py:753} INFO - DAG(s) dict_keys(['tutorial_taskflow_api_virtualenv']) retrieved from /Users/sunanda/Downloads/airflow/py_env/lib/python3.9/site-packages/airflow/example_dags/tutorial_taskflow_api_virtualenv.py
[2023-03-22T14:54:50.920-0400] {logging_mixin.py:137} INFO - [2023-03-22T14:54:50.920-0400] {dag.py:2690} INFO - Sync 1 DAGs
[2023-03-22T14:54:50.927-0400] {logging_mixin.py:137} INFO - [2023-03-22T14:54:50.926-0400] {dag.py:3437} INFO - Setting next_dagrun for tutorial_taskflow_api_virtualenv to None, run_after=None
[2023-03-22T14:54:50.934-0400] {processor.py:175} INFO - Processing /Users/sunanda/Downloads/airflow/py_env/lib/python3.9/site-packages/airflow/example_dags/tutorial_taskflow_api_virtualenv.py took 0.243 seconds
[2023-03-22T14:55:31.875-0400] {processor.py:153} INFO - Started process (PID=69717) to work on /Users/sunanda/Downloads/airflow/py_env/lib/python3.9/site-packages/airflow/example_dags/tutorial_taskflow_api_virtualenv.py
[2023-03-22T14:55:31.877-0400] {processor.py:743} INFO - Processing file /Users/sunanda/Downloads/airflow/py_env/lib/python3.9/site-packages/airflow/example_dags/tutorial_taskflow_api_virtualenv.py for tasks to queue
[2023-03-22T14:55:31.877-0400] {logging_mixin.py:137} INFO - [2023-03-22T14:55:31.877-0400] {dagbag.py:538} INFO - Filling up the DagBag from /Users/sunanda/Downloads/airflow/py_env/lib/python3.9/site-packages/airflow/example_dags/tutorial_taskflow_api_virtualenv.py
[2023-03-22T14:55:31.896-0400] {processor.py:753} INFO - DAG(s) dict_keys(['tutorial_taskflow_api_virtualenv']) retrieved from /Users/sunanda/Downloads/airflow/py_env/lib/python3.9/site-packages/airflow/example_dags/tutorial_taskflow_api_virtualenv.py
[2023-03-22T14:55:32.094-0400] {logging_mixin.py:137} INFO - [2023-03-22T14:55:32.094-0400] {dag.py:2690} INFO - Sync 1 DAGs
[2023-03-22T14:55:32.101-0400] {logging_mixin.py:137} INFO - [2023-03-22T14:55:32.101-0400] {dag.py:3437} INFO - Setting next_dagrun for tutorial_taskflow_api_virtualenv to None, run_after=None
[2023-03-22T14:55:32.109-0400] {processor.py:175} INFO - Processing /Users/sunanda/Downloads/airflow/py_env/lib/python3.9/site-packages/airflow/example_dags/tutorial_taskflow_api_virtualenv.py took 0.234 seconds
[2023-03-22T14:56:12.029-0400] {processor.py:153} INFO - Started process (PID=69782) to work on /Users/sunanda/Downloads/airflow/py_env/lib/python3.9/site-packages/airflow/example_dags/tutorial_taskflow_api_virtualenv.py
[2023-03-22T14:56:12.032-0400] {processor.py:743} INFO - Processing file /Users/sunanda/Downloads/airflow/py_env/lib/python3.9/site-packages/airflow/example_dags/tutorial_taskflow_api_virtualenv.py for tasks to queue
[2023-03-22T14:56:12.032-0400] {logging_mixin.py:137} INFO - [2023-03-22T14:56:12.032-0400] {dagbag.py:538} INFO - Filling up the DagBag from /Users/sunanda/Downloads/airflow/py_env/lib/python3.9/site-packages/airflow/example_dags/tutorial_taskflow_api_virtualenv.py
[2023-03-22T14:56:12.052-0400] {processor.py:753} INFO - DAG(s) dict_keys(['tutorial_taskflow_api_virtualenv']) retrieved from /Users/sunanda/Downloads/airflow/py_env/lib/python3.9/site-packages/airflow/example_dags/tutorial_taskflow_api_virtualenv.py
[2023-03-22T14:56:12.257-0400] {logging_mixin.py:137} INFO - [2023-03-22T14:56:12.257-0400] {dag.py:2690} INFO - Sync 1 DAGs
[2023-03-22T14:56:12.264-0400] {logging_mixin.py:137} INFO - [2023-03-22T14:56:12.264-0400] {dag.py:3437} INFO - Setting next_dagrun for tutorial_taskflow_api_virtualenv to None, run_after=None
[2023-03-22T14:56:12.272-0400] {processor.py:175} INFO - Processing /Users/sunanda/Downloads/airflow/py_env/lib/python3.9/site-packages/airflow/example_dags/tutorial_taskflow_api_virtualenv.py took 0.243 seconds
[2023-03-22T14:56:52.526-0400] {processor.py:153} INFO - Started process (PID=69843) to work on /Users/sunanda/Downloads/airflow/py_env/lib/python3.9/site-packages/airflow/example_dags/tutorial_taskflow_api_virtualenv.py
[2023-03-22T14:56:52.529-0400] {processor.py:743} INFO - Processing file /Users/sunanda/Downloads/airflow/py_env/lib/python3.9/site-packages/airflow/example_dags/tutorial_taskflow_api_virtualenv.py for tasks to queue
[2023-03-22T14:56:52.529-0400] {logging_mixin.py:137} INFO - [2023-03-22T14:56:52.529-0400] {dagbag.py:538} INFO - Filling up the DagBag from /Users/sunanda/Downloads/airflow/py_env/lib/python3.9/site-packages/airflow/example_dags/tutorial_taskflow_api_virtualenv.py
[2023-03-22T14:56:52.548-0400] {processor.py:753} INFO - DAG(s) dict_keys(['tutorial_taskflow_api_virtualenv']) retrieved from /Users/sunanda/Downloads/airflow/py_env/lib/python3.9/site-packages/airflow/example_dags/tutorial_taskflow_api_virtualenv.py
[2023-03-22T14:56:52.761-0400] {logging_mixin.py:137} INFO - [2023-03-22T14:56:52.761-0400] {dag.py:2690} INFO - Sync 1 DAGs
[2023-03-22T14:56:52.768-0400] {logging_mixin.py:137} INFO - [2023-03-22T14:56:52.768-0400] {dag.py:3437} INFO - Setting next_dagrun for tutorial_taskflow_api_virtualenv to None, run_after=None
[2023-03-22T14:56:52.776-0400] {processor.py:175} INFO - Processing /Users/sunanda/Downloads/airflow/py_env/lib/python3.9/site-packages/airflow/example_dags/tutorial_taskflow_api_virtualenv.py took 0.250 seconds
[2023-03-22T14:57:32.052-0400] {processor.py:153} INFO - Started process (PID=69906) to work on /Users/sunanda/Downloads/airflow/py_env/lib/python3.9/site-packages/airflow/example_dags/tutorial_taskflow_api_virtualenv.py
[2023-03-22T14:57:32.055-0400] {processor.py:743} INFO - Processing file /Users/sunanda/Downloads/airflow/py_env/lib/python3.9/site-packages/airflow/example_dags/tutorial_taskflow_api_virtualenv.py for tasks to queue
[2023-03-22T14:57:32.055-0400] {logging_mixin.py:137} INFO - [2023-03-22T14:57:32.055-0400] {dagbag.py:538} INFO - Filling up the DagBag from /Users/sunanda/Downloads/airflow/py_env/lib/python3.9/site-packages/airflow/example_dags/tutorial_taskflow_api_virtualenv.py
[2023-03-22T14:57:32.075-0400] {processor.py:753} INFO - DAG(s) dict_keys(['tutorial_taskflow_api_virtualenv']) retrieved from /Users/sunanda/Downloads/airflow/py_env/lib/python3.9/site-packages/airflow/example_dags/tutorial_taskflow_api_virtualenv.py
[2023-03-22T14:57:32.282-0400] {logging_mixin.py:137} INFO - [2023-03-22T14:57:32.282-0400] {dag.py:2690} INFO - Sync 1 DAGs
[2023-03-22T14:57:32.290-0400] {logging_mixin.py:137} INFO - [2023-03-22T14:57:32.289-0400] {dag.py:3437} INFO - Setting next_dagrun for tutorial_taskflow_api_virtualenv to None, run_after=None
[2023-03-22T14:57:32.298-0400] {processor.py:175} INFO - Processing /Users/sunanda/Downloads/airflow/py_env/lib/python3.9/site-packages/airflow/example_dags/tutorial_taskflow_api_virtualenv.py took 0.246 seconds
[2023-03-22T14:58:13.559-0400] {processor.py:153} INFO - Started process (PID=69972) to work on /Users/sunanda/Downloads/airflow/py_env/lib/python3.9/site-packages/airflow/example_dags/tutorial_taskflow_api_virtualenv.py
[2023-03-22T14:58:13.563-0400] {processor.py:743} INFO - Processing file /Users/sunanda/Downloads/airflow/py_env/lib/python3.9/site-packages/airflow/example_dags/tutorial_taskflow_api_virtualenv.py for tasks to queue
[2023-03-22T14:58:13.563-0400] {logging_mixin.py:137} INFO - [2023-03-22T14:58:13.563-0400] {dagbag.py:538} INFO - Filling up the DagBag from /Users/sunanda/Downloads/airflow/py_env/lib/python3.9/site-packages/airflow/example_dags/tutorial_taskflow_api_virtualenv.py
[2023-03-22T14:58:13.583-0400] {processor.py:753} INFO - DAG(s) dict_keys(['tutorial_taskflow_api_virtualenv']) retrieved from /Users/sunanda/Downloads/airflow/py_env/lib/python3.9/site-packages/airflow/example_dags/tutorial_taskflow_api_virtualenv.py
[2023-03-22T14:58:13.784-0400] {logging_mixin.py:137} INFO - [2023-03-22T14:58:13.784-0400] {dag.py:2690} INFO - Sync 1 DAGs
[2023-03-22T14:58:13.790-0400] {logging_mixin.py:137} INFO - [2023-03-22T14:58:13.790-0400] {dag.py:3437} INFO - Setting next_dagrun for tutorial_taskflow_api_virtualenv to None, run_after=None
[2023-03-22T14:58:13.798-0400] {processor.py:175} INFO - Processing /Users/sunanda/Downloads/airflow/py_env/lib/python3.9/site-packages/airflow/example_dags/tutorial_taskflow_api_virtualenv.py took 0.239 seconds
[2023-03-22T14:58:59.633-0400] {processor.py:153} INFO - Started process (PID=70042) to work on /Users/sunanda/Downloads/airflow/py_env/lib/python3.9/site-packages/airflow/example_dags/tutorial_taskflow_api_virtualenv.py
[2023-03-22T14:58:59.636-0400] {processor.py:743} INFO - Processing file /Users/sunanda/Downloads/airflow/py_env/lib/python3.9/site-packages/airflow/example_dags/tutorial_taskflow_api_virtualenv.py for tasks to queue
[2023-03-22T14:58:59.636-0400] {logging_mixin.py:137} INFO - [2023-03-22T14:58:59.636-0400] {dagbag.py:538} INFO - Filling up the DagBag from /Users/sunanda/Downloads/airflow/py_env/lib/python3.9/site-packages/airflow/example_dags/tutorial_taskflow_api_virtualenv.py
[2023-03-22T14:58:59.656-0400] {processor.py:753} INFO - DAG(s) dict_keys(['tutorial_taskflow_api_virtualenv']) retrieved from /Users/sunanda/Downloads/airflow/py_env/lib/python3.9/site-packages/airflow/example_dags/tutorial_taskflow_api_virtualenv.py
[2023-03-22T14:58:59.863-0400] {logging_mixin.py:137} INFO - [2023-03-22T14:58:59.863-0400] {dag.py:2690} INFO - Sync 1 DAGs
[2023-03-22T14:58:59.871-0400] {logging_mixin.py:137} INFO - [2023-03-22T14:58:59.871-0400] {dag.py:3437} INFO - Setting next_dagrun for tutorial_taskflow_api_virtualenv to None, run_after=None
[2023-03-22T14:58:59.879-0400] {processor.py:175} INFO - Processing /Users/sunanda/Downloads/airflow/py_env/lib/python3.9/site-packages/airflow/example_dags/tutorial_taskflow_api_virtualenv.py took 0.246 seconds
[2023-03-22T14:59:42.538-0400] {processor.py:153} INFO - Started process (PID=70111) to work on /Users/sunanda/Downloads/airflow/py_env/lib/python3.9/site-packages/airflow/example_dags/tutorial_taskflow_api_virtualenv.py
[2023-03-22T14:59:42.540-0400] {processor.py:743} INFO - Processing file /Users/sunanda/Downloads/airflow/py_env/lib/python3.9/site-packages/airflow/example_dags/tutorial_taskflow_api_virtualenv.py for tasks to queue
[2023-03-22T14:59:42.541-0400] {logging_mixin.py:137} INFO - [2023-03-22T14:59:42.541-0400] {dagbag.py:538} INFO - Filling up the DagBag from /Users/sunanda/Downloads/airflow/py_env/lib/python3.9/site-packages/airflow/example_dags/tutorial_taskflow_api_virtualenv.py
[2023-03-22T14:59:42.560-0400] {processor.py:753} INFO - DAG(s) dict_keys(['tutorial_taskflow_api_virtualenv']) retrieved from /Users/sunanda/Downloads/airflow/py_env/lib/python3.9/site-packages/airflow/example_dags/tutorial_taskflow_api_virtualenv.py
[2023-03-22T14:59:42.766-0400] {logging_mixin.py:137} INFO - [2023-03-22T14:59:42.766-0400] {dag.py:2690} INFO - Sync 1 DAGs
[2023-03-22T14:59:42.773-0400] {logging_mixin.py:137} INFO - [2023-03-22T14:59:42.773-0400] {dag.py:3437} INFO - Setting next_dagrun for tutorial_taskflow_api_virtualenv to None, run_after=None
[2023-03-22T14:59:42.780-0400] {processor.py:175} INFO - Processing /Users/sunanda/Downloads/airflow/py_env/lib/python3.9/site-packages/airflow/example_dags/tutorial_taskflow_api_virtualenv.py took 0.242 seconds
[2023-03-22T15:00:25.395-0400] {processor.py:153} INFO - Started process (PID=70178) to work on /Users/sunanda/Downloads/airflow/py_env/lib/python3.9/site-packages/airflow/example_dags/tutorial_taskflow_api_virtualenv.py
[2023-03-22T15:00:25.398-0400] {processor.py:743} INFO - Processing file /Users/sunanda/Downloads/airflow/py_env/lib/python3.9/site-packages/airflow/example_dags/tutorial_taskflow_api_virtualenv.py for tasks to queue
[2023-03-22T15:00:25.398-0400] {logging_mixin.py:137} INFO - [2023-03-22T15:00:25.398-0400] {dagbag.py:538} INFO - Filling up the DagBag from /Users/sunanda/Downloads/airflow/py_env/lib/python3.9/site-packages/airflow/example_dags/tutorial_taskflow_api_virtualenv.py
[2023-03-22T15:00:25.419-0400] {processor.py:753} INFO - DAG(s) dict_keys(['tutorial_taskflow_api_virtualenv']) retrieved from /Users/sunanda/Downloads/airflow/py_env/lib/python3.9/site-packages/airflow/example_dags/tutorial_taskflow_api_virtualenv.py
[2023-03-22T15:00:25.628-0400] {logging_mixin.py:137} INFO - [2023-03-22T15:00:25.628-0400] {dag.py:2690} INFO - Sync 1 DAGs
[2023-03-22T15:00:25.635-0400] {logging_mixin.py:137} INFO - [2023-03-22T15:00:25.635-0400] {dag.py:3437} INFO - Setting next_dagrun for tutorial_taskflow_api_virtualenv to None, run_after=None
[2023-03-22T15:00:25.644-0400] {processor.py:175} INFO - Processing /Users/sunanda/Downloads/airflow/py_env/lib/python3.9/site-packages/airflow/example_dags/tutorial_taskflow_api_virtualenv.py took 0.249 seconds
[2023-03-22T15:01:08.276-0400] {processor.py:153} INFO - Started process (PID=70246) to work on /Users/sunanda/Downloads/airflow/py_env/lib/python3.9/site-packages/airflow/example_dags/tutorial_taskflow_api_virtualenv.py
[2023-03-22T15:01:08.279-0400] {processor.py:743} INFO - Processing file /Users/sunanda/Downloads/airflow/py_env/lib/python3.9/site-packages/airflow/example_dags/tutorial_taskflow_api_virtualenv.py for tasks to queue
[2023-03-22T15:01:08.279-0400] {logging_mixin.py:137} INFO - [2023-03-22T15:01:08.279-0400] {dagbag.py:538} INFO - Filling up the DagBag from /Users/sunanda/Downloads/airflow/py_env/lib/python3.9/site-packages/airflow/example_dags/tutorial_taskflow_api_virtualenv.py
[2023-03-22T15:01:08.299-0400] {processor.py:753} INFO - DAG(s) dict_keys(['tutorial_taskflow_api_virtualenv']) retrieved from /Users/sunanda/Downloads/airflow/py_env/lib/python3.9/site-packages/airflow/example_dags/tutorial_taskflow_api_virtualenv.py
[2023-03-22T15:01:08.502-0400] {logging_mixin.py:137} INFO - [2023-03-22T15:01:08.502-0400] {dag.py:2690} INFO - Sync 1 DAGs
[2023-03-22T15:01:08.510-0400] {logging_mixin.py:137} INFO - [2023-03-22T15:01:08.510-0400] {dag.py:3437} INFO - Setting next_dagrun for tutorial_taskflow_api_virtualenv to None, run_after=None
[2023-03-22T15:01:08.518-0400] {processor.py:175} INFO - Processing /Users/sunanda/Downloads/airflow/py_env/lib/python3.9/site-packages/airflow/example_dags/tutorial_taskflow_api_virtualenv.py took 0.242 seconds
[2023-03-22T15:01:51.026-0400] {processor.py:153} INFO - Started process (PID=70317) to work on /Users/sunanda/Downloads/airflow/py_env/lib/python3.9/site-packages/airflow/example_dags/tutorial_taskflow_api_virtualenv.py
[2023-03-22T15:01:51.029-0400] {processor.py:743} INFO - Processing file /Users/sunanda/Downloads/airflow/py_env/lib/python3.9/site-packages/airflow/example_dags/tutorial_taskflow_api_virtualenv.py for tasks to queue
[2023-03-22T15:01:51.029-0400] {logging_mixin.py:137} INFO - [2023-03-22T15:01:51.029-0400] {dagbag.py:538} INFO - Filling up the DagBag from /Users/sunanda/Downloads/airflow/py_env/lib/python3.9/site-packages/airflow/example_dags/tutorial_taskflow_api_virtualenv.py
[2023-03-22T15:01:51.048-0400] {processor.py:753} INFO - DAG(s) dict_keys(['tutorial_taskflow_api_virtualenv']) retrieved from /Users/sunanda/Downloads/airflow/py_env/lib/python3.9/site-packages/airflow/example_dags/tutorial_taskflow_api_virtualenv.py
[2023-03-22T15:01:51.245-0400] {logging_mixin.py:137} INFO - [2023-03-22T15:01:51.245-0400] {dag.py:2690} INFO - Sync 1 DAGs
[2023-03-22T15:01:51.252-0400] {logging_mixin.py:137} INFO - [2023-03-22T15:01:51.252-0400] {dag.py:3437} INFO - Setting next_dagrun for tutorial_taskflow_api_virtualenv to None, run_after=None
[2023-03-22T15:01:51.260-0400] {processor.py:175} INFO - Processing /Users/sunanda/Downloads/airflow/py_env/lib/python3.9/site-packages/airflow/example_dags/tutorial_taskflow_api_virtualenv.py took 0.234 seconds
[2023-03-22T15:02:34.663-0400] {processor.py:153} INFO - Started process (PID=70385) to work on /Users/sunanda/Downloads/airflow/py_env/lib/python3.9/site-packages/airflow/example_dags/tutorial_taskflow_api_virtualenv.py
[2023-03-22T15:02:34.666-0400] {processor.py:743} INFO - Processing file /Users/sunanda/Downloads/airflow/py_env/lib/python3.9/site-packages/airflow/example_dags/tutorial_taskflow_api_virtualenv.py for tasks to queue
[2023-03-22T15:02:34.666-0400] {logging_mixin.py:137} INFO - [2023-03-22T15:02:34.666-0400] {dagbag.py:538} INFO - Filling up the DagBag from /Users/sunanda/Downloads/airflow/py_env/lib/python3.9/site-packages/airflow/example_dags/tutorial_taskflow_api_virtualenv.py
[2023-03-22T15:02:34.688-0400] {processor.py:753} INFO - DAG(s) dict_keys(['tutorial_taskflow_api_virtualenv']) retrieved from /Users/sunanda/Downloads/airflow/py_env/lib/python3.9/site-packages/airflow/example_dags/tutorial_taskflow_api_virtualenv.py
[2023-03-22T15:02:34.904-0400] {logging_mixin.py:137} INFO - [2023-03-22T15:02:34.904-0400] {dag.py:2690} INFO - Sync 1 DAGs
[2023-03-22T15:02:34.911-0400] {logging_mixin.py:137} INFO - [2023-03-22T15:02:34.911-0400] {dag.py:3437} INFO - Setting next_dagrun for tutorial_taskflow_api_virtualenv to None, run_after=None
[2023-03-22T15:02:34.921-0400] {processor.py:175} INFO - Processing /Users/sunanda/Downloads/airflow/py_env/lib/python3.9/site-packages/airflow/example_dags/tutorial_taskflow_api_virtualenv.py took 0.258 seconds
[2023-03-22T15:03:18.586-0400] {processor.py:153} INFO - Started process (PID=70452) to work on /Users/sunanda/Downloads/airflow/py_env/lib/python3.9/site-packages/airflow/example_dags/tutorial_taskflow_api_virtualenv.py
[2023-03-22T15:03:18.588-0400] {processor.py:743} INFO - Processing file /Users/sunanda/Downloads/airflow/py_env/lib/python3.9/site-packages/airflow/example_dags/tutorial_taskflow_api_virtualenv.py for tasks to queue
[2023-03-22T15:03:18.588-0400] {logging_mixin.py:137} INFO - [2023-03-22T15:03:18.588-0400] {dagbag.py:538} INFO - Filling up the DagBag from /Users/sunanda/Downloads/airflow/py_env/lib/python3.9/site-packages/airflow/example_dags/tutorial_taskflow_api_virtualenv.py
[2023-03-22T15:03:18.607-0400] {processor.py:753} INFO - DAG(s) dict_keys(['tutorial_taskflow_api_virtualenv']) retrieved from /Users/sunanda/Downloads/airflow/py_env/lib/python3.9/site-packages/airflow/example_dags/tutorial_taskflow_api_virtualenv.py
[2023-03-22T15:03:18.810-0400] {logging_mixin.py:137} INFO - [2023-03-22T15:03:18.810-0400] {dag.py:2690} INFO - Sync 1 DAGs
[2023-03-22T15:03:18.817-0400] {logging_mixin.py:137} INFO - [2023-03-22T15:03:18.817-0400] {dag.py:3437} INFO - Setting next_dagrun for tutorial_taskflow_api_virtualenv to None, run_after=None
[2023-03-22T15:03:18.826-0400] {processor.py:175} INFO - Processing /Users/sunanda/Downloads/airflow/py_env/lib/python3.9/site-packages/airflow/example_dags/tutorial_taskflow_api_virtualenv.py took 0.241 seconds
[2023-03-22T15:03:59.660-0400] {processor.py:153} INFO - Started process (PID=70540) to work on /Users/sunanda/Downloads/airflow/py_env/lib/python3.9/site-packages/airflow/example_dags/tutorial_taskflow_api_virtualenv.py
[2023-03-22T15:03:59.663-0400] {processor.py:743} INFO - Processing file /Users/sunanda/Downloads/airflow/py_env/lib/python3.9/site-packages/airflow/example_dags/tutorial_taskflow_api_virtualenv.py for tasks to queue
[2023-03-22T15:03:59.663-0400] {logging_mixin.py:137} INFO - [2023-03-22T15:03:59.663-0400] {dagbag.py:538} INFO - Filling up the DagBag from /Users/sunanda/Downloads/airflow/py_env/lib/python3.9/site-packages/airflow/example_dags/tutorial_taskflow_api_virtualenv.py
[2023-03-22T15:03:59.683-0400] {processor.py:753} INFO - DAG(s) dict_keys(['tutorial_taskflow_api_virtualenv']) retrieved from /Users/sunanda/Downloads/airflow/py_env/lib/python3.9/site-packages/airflow/example_dags/tutorial_taskflow_api_virtualenv.py
[2023-03-22T15:03:59.878-0400] {logging_mixin.py:137} INFO - [2023-03-22T15:03:59.878-0400] {dag.py:2690} INFO - Sync 1 DAGs
[2023-03-22T15:03:59.885-0400] {logging_mixin.py:137} INFO - [2023-03-22T15:03:59.885-0400] {dag.py:3437} INFO - Setting next_dagrun for tutorial_taskflow_api_virtualenv to None, run_after=None
[2023-03-22T15:03:59.892-0400] {processor.py:175} INFO - Processing /Users/sunanda/Downloads/airflow/py_env/lib/python3.9/site-packages/airflow/example_dags/tutorial_taskflow_api_virtualenv.py took 0.233 seconds
[2023-03-22T15:04:38.995-0400] {processor.py:153} INFO - Started process (PID=70602) to work on /Users/sunanda/Downloads/airflow/py_env/lib/python3.9/site-packages/airflow/example_dags/tutorial_taskflow_api_virtualenv.py
[2023-03-22T15:04:38.997-0400] {processor.py:743} INFO - Processing file /Users/sunanda/Downloads/airflow/py_env/lib/python3.9/site-packages/airflow/example_dags/tutorial_taskflow_api_virtualenv.py for tasks to queue
[2023-03-22T15:04:38.998-0400] {logging_mixin.py:137} INFO - [2023-03-22T15:04:38.998-0400] {dagbag.py:538} INFO - Filling up the DagBag from /Users/sunanda/Downloads/airflow/py_env/lib/python3.9/site-packages/airflow/example_dags/tutorial_taskflow_api_virtualenv.py
[2023-03-22T15:04:39.017-0400] {processor.py:753} INFO - DAG(s) dict_keys(['tutorial_taskflow_api_virtualenv']) retrieved from /Users/sunanda/Downloads/airflow/py_env/lib/python3.9/site-packages/airflow/example_dags/tutorial_taskflow_api_virtualenv.py
[2023-03-22T15:04:39.212-0400] {logging_mixin.py:137} INFO - [2023-03-22T15:04:39.212-0400] {dag.py:2690} INFO - Sync 1 DAGs
[2023-03-22T15:04:39.218-0400] {logging_mixin.py:137} INFO - [2023-03-22T15:04:39.218-0400] {dag.py:3437} INFO - Setting next_dagrun for tutorial_taskflow_api_virtualenv to None, run_after=None
[2023-03-22T15:04:39.226-0400] {processor.py:175} INFO - Processing /Users/sunanda/Downloads/airflow/py_env/lib/python3.9/site-packages/airflow/example_dags/tutorial_taskflow_api_virtualenv.py took 0.231 seconds
[2023-03-22T15:05:19.630-0400] {processor.py:153} INFO - Started process (PID=70669) to work on /Users/sunanda/Downloads/airflow/py_env/lib/python3.9/site-packages/airflow/example_dags/tutorial_taskflow_api_virtualenv.py
[2023-03-22T15:05:19.633-0400] {processor.py:743} INFO - Processing file /Users/sunanda/Downloads/airflow/py_env/lib/python3.9/site-packages/airflow/example_dags/tutorial_taskflow_api_virtualenv.py for tasks to queue
[2023-03-22T15:05:19.633-0400] {logging_mixin.py:137} INFO - [2023-03-22T15:05:19.633-0400] {dagbag.py:538} INFO - Filling up the DagBag from /Users/sunanda/Downloads/airflow/py_env/lib/python3.9/site-packages/airflow/example_dags/tutorial_taskflow_api_virtualenv.py
[2023-03-22T15:05:19.654-0400] {processor.py:753} INFO - DAG(s) dict_keys(['tutorial_taskflow_api_virtualenv']) retrieved from /Users/sunanda/Downloads/airflow/py_env/lib/python3.9/site-packages/airflow/example_dags/tutorial_taskflow_api_virtualenv.py
[2023-03-22T15:05:19.849-0400] {logging_mixin.py:137} INFO - [2023-03-22T15:05:19.849-0400] {dag.py:2690} INFO - Sync 1 DAGs
[2023-03-22T15:05:19.856-0400] {logging_mixin.py:137} INFO - [2023-03-22T15:05:19.856-0400] {dag.py:3437} INFO - Setting next_dagrun for tutorial_taskflow_api_virtualenv to None, run_after=None
[2023-03-22T15:05:19.863-0400] {processor.py:175} INFO - Processing /Users/sunanda/Downloads/airflow/py_env/lib/python3.9/site-packages/airflow/example_dags/tutorial_taskflow_api_virtualenv.py took 0.234 seconds
[2023-03-22T15:06:02.006-0400] {processor.py:153} INFO - Started process (PID=70738) to work on /Users/sunanda/Downloads/airflow/py_env/lib/python3.9/site-packages/airflow/example_dags/tutorial_taskflow_api_virtualenv.py
[2023-03-22T15:06:02.009-0400] {processor.py:743} INFO - Processing file /Users/sunanda/Downloads/airflow/py_env/lib/python3.9/site-packages/airflow/example_dags/tutorial_taskflow_api_virtualenv.py for tasks to queue
[2023-03-22T15:06:02.010-0400] {logging_mixin.py:137} INFO - [2023-03-22T15:06:02.009-0400] {dagbag.py:538} INFO - Filling up the DagBag from /Users/sunanda/Downloads/airflow/py_env/lib/python3.9/site-packages/airflow/example_dags/tutorial_taskflow_api_virtualenv.py
[2023-03-22T15:06:02.031-0400] {processor.py:753} INFO - DAG(s) dict_keys(['tutorial_taskflow_api_virtualenv']) retrieved from /Users/sunanda/Downloads/airflow/py_env/lib/python3.9/site-packages/airflow/example_dags/tutorial_taskflow_api_virtualenv.py
[2023-03-22T15:06:02.226-0400] {logging_mixin.py:137} INFO - [2023-03-22T15:06:02.226-0400] {dag.py:2690} INFO - Sync 1 DAGs
[2023-03-22T15:06:02.233-0400] {logging_mixin.py:137} INFO - [2023-03-22T15:06:02.232-0400] {dag.py:3437} INFO - Setting next_dagrun for tutorial_taskflow_api_virtualenv to None, run_after=None
[2023-03-22T15:06:02.241-0400] {processor.py:175} INFO - Processing /Users/sunanda/Downloads/airflow/py_env/lib/python3.9/site-packages/airflow/example_dags/tutorial_taskflow_api_virtualenv.py took 0.235 seconds
[2023-03-22T16:18:09.779-0400] {processor.py:153} INFO - Started process (PID=74836) to work on /Users/sunanda/Downloads/airflow/py_env/lib/python3.9/site-packages/airflow/example_dags/tutorial_taskflow_api_virtualenv.py
[2023-03-22T16:18:09.782-0400] {processor.py:743} INFO - Processing file /Users/sunanda/Downloads/airflow/py_env/lib/python3.9/site-packages/airflow/example_dags/tutorial_taskflow_api_virtualenv.py for tasks to queue
[2023-03-22T16:18:09.783-0400] {logging_mixin.py:137} INFO - [2023-03-22T16:18:09.782-0400] {dagbag.py:538} INFO - Filling up the DagBag from /Users/sunanda/Downloads/airflow/py_env/lib/python3.9/site-packages/airflow/example_dags/tutorial_taskflow_api_virtualenv.py
[2023-03-22T16:18:09.808-0400] {processor.py:753} INFO - DAG(s) dict_keys(['tutorial_taskflow_api_virtualenv']) retrieved from /Users/sunanda/Downloads/airflow/py_env/lib/python3.9/site-packages/airflow/example_dags/tutorial_taskflow_api_virtualenv.py
[2023-03-22T16:18:10.277-0400] {logging_mixin.py:137} INFO - [2023-03-22T16:18:10.277-0400] {dag.py:2690} INFO - Sync 1 DAGs
[2023-03-22T16:18:10.291-0400] {logging_mixin.py:137} INFO - [2023-03-22T16:18:10.291-0400] {dag.py:3437} INFO - Setting next_dagrun for tutorial_taskflow_api_virtualenv to None, run_after=None
[2023-03-22T16:18:10.300-0400] {processor.py:175} INFO - Processing /Users/sunanda/Downloads/airflow/py_env/lib/python3.9/site-packages/airflow/example_dags/tutorial_taskflow_api_virtualenv.py took 0.522 seconds
[2023-03-22T16:26:17.140-0400] {processor.py:153} INFO - Started process (PID=75371) to work on /Users/sunanda/Downloads/airflow/py_env/lib/python3.9/site-packages/airflow/example_dags/tutorial_taskflow_api_virtualenv.py
[2023-03-22T16:26:17.143-0400] {processor.py:743} INFO - Processing file /Users/sunanda/Downloads/airflow/py_env/lib/python3.9/site-packages/airflow/example_dags/tutorial_taskflow_api_virtualenv.py for tasks to queue
[2023-03-22T16:26:17.144-0400] {logging_mixin.py:137} INFO - [2023-03-22T16:26:17.144-0400] {dagbag.py:538} INFO - Filling up the DagBag from /Users/sunanda/Downloads/airflow/py_env/lib/python3.9/site-packages/airflow/example_dags/tutorial_taskflow_api_virtualenv.py
[2023-03-22T16:26:17.164-0400] {processor.py:753} INFO - DAG(s) dict_keys(['tutorial_taskflow_api_virtualenv']) retrieved from /Users/sunanda/Downloads/airflow/py_env/lib/python3.9/site-packages/airflow/example_dags/tutorial_taskflow_api_virtualenv.py
[2023-03-22T16:26:17.687-0400] {logging_mixin.py:137} INFO - [2023-03-22T16:26:17.687-0400] {dag.py:2690} INFO - Sync 1 DAGs
[2023-03-22T16:26:17.694-0400] {logging_mixin.py:137} INFO - [2023-03-22T16:26:17.693-0400] {dag.py:3437} INFO - Setting next_dagrun for tutorial_taskflow_api_virtualenv to None, run_after=None
[2023-03-22T16:26:17.701-0400] {processor.py:175} INFO - Processing /Users/sunanda/Downloads/airflow/py_env/lib/python3.9/site-packages/airflow/example_dags/tutorial_taskflow_api_virtualenv.py took 0.563 seconds
[2023-03-22T19:11:03.657-0400] {processor.py:153} INFO - Started process (PID=3743) to work on /Users/sunanda/Downloads/airflow/py_env/lib/python3.9/site-packages/airflow/example_dags/tutorial_taskflow_api_virtualenv.py
[2023-03-22T19:11:03.659-0400] {processor.py:743} INFO - Processing file /Users/sunanda/Downloads/airflow/py_env/lib/python3.9/site-packages/airflow/example_dags/tutorial_taskflow_api_virtualenv.py for tasks to queue
[2023-03-22T19:11:03.659-0400] {logging_mixin.py:137} INFO - [2023-03-22T19:11:03.659-0400] {dagbag.py:538} INFO - Filling up the DagBag from /Users/sunanda/Downloads/airflow/py_env/lib/python3.9/site-packages/airflow/example_dags/tutorial_taskflow_api_virtualenv.py
[2023-03-22T19:11:03.678-0400] {processor.py:753} INFO - DAG(s) dict_keys(['tutorial_taskflow_api_virtualenv']) retrieved from /Users/sunanda/Downloads/airflow/py_env/lib/python3.9/site-packages/airflow/example_dags/tutorial_taskflow_api_virtualenv.py
[2023-03-22T19:11:03.874-0400] {logging_mixin.py:137} INFO - [2023-03-22T19:11:03.873-0400] {dag.py:2690} INFO - Sync 1 DAGs
[2023-03-22T19:11:03.880-0400] {logging_mixin.py:137} INFO - [2023-03-22T19:11:03.880-0400] {dag.py:3437} INFO - Setting next_dagrun for tutorial_taskflow_api_virtualenv to None, run_after=None
[2023-03-22T19:11:03.888-0400] {processor.py:175} INFO - Processing /Users/sunanda/Downloads/airflow/py_env/lib/python3.9/site-packages/airflow/example_dags/tutorial_taskflow_api_virtualenv.py took 0.232 seconds
[2023-03-22T19:12:17.069-0400] {processor.py:153} INFO - Started process (PID=3863) to work on /Users/sunanda/Downloads/airflow/py_env/lib/python3.9/site-packages/airflow/example_dags/tutorial_taskflow_api_virtualenv.py
[2023-03-22T19:12:17.072-0400] {processor.py:743} INFO - Processing file /Users/sunanda/Downloads/airflow/py_env/lib/python3.9/site-packages/airflow/example_dags/tutorial_taskflow_api_virtualenv.py for tasks to queue
[2023-03-22T19:12:17.072-0400] {logging_mixin.py:137} INFO - [2023-03-22T19:12:17.072-0400] {dagbag.py:538} INFO - Filling up the DagBag from /Users/sunanda/Downloads/airflow/py_env/lib/python3.9/site-packages/airflow/example_dags/tutorial_taskflow_api_virtualenv.py
[2023-03-22T19:12:17.091-0400] {processor.py:753} INFO - DAG(s) dict_keys(['tutorial_taskflow_api_virtualenv']) retrieved from /Users/sunanda/Downloads/airflow/py_env/lib/python3.9/site-packages/airflow/example_dags/tutorial_taskflow_api_virtualenv.py
[2023-03-22T19:12:17.287-0400] {logging_mixin.py:137} INFO - [2023-03-22T19:12:17.287-0400] {dag.py:2690} INFO - Sync 1 DAGs
[2023-03-22T19:12:17.294-0400] {logging_mixin.py:137} INFO - [2023-03-22T19:12:17.294-0400] {dag.py:3437} INFO - Setting next_dagrun for tutorial_taskflow_api_virtualenv to None, run_after=None
[2023-03-22T19:12:17.301-0400] {processor.py:175} INFO - Processing /Users/sunanda/Downloads/airflow/py_env/lib/python3.9/site-packages/airflow/example_dags/tutorial_taskflow_api_virtualenv.py took 0.232 seconds
[2023-03-22T19:13:00.457-0400] {processor.py:153} INFO - Started process (PID=3930) to work on /Users/sunanda/Downloads/airflow/py_env/lib/python3.9/site-packages/airflow/example_dags/tutorial_taskflow_api_virtualenv.py
[2023-03-22T19:13:00.459-0400] {processor.py:743} INFO - Processing file /Users/sunanda/Downloads/airflow/py_env/lib/python3.9/site-packages/airflow/example_dags/tutorial_taskflow_api_virtualenv.py for tasks to queue
[2023-03-22T19:13:00.460-0400] {logging_mixin.py:137} INFO - [2023-03-22T19:13:00.460-0400] {dagbag.py:538} INFO - Filling up the DagBag from /Users/sunanda/Downloads/airflow/py_env/lib/python3.9/site-packages/airflow/example_dags/tutorial_taskflow_api_virtualenv.py
[2023-03-22T19:13:00.478-0400] {processor.py:753} INFO - DAG(s) dict_keys(['tutorial_taskflow_api_virtualenv']) retrieved from /Users/sunanda/Downloads/airflow/py_env/lib/python3.9/site-packages/airflow/example_dags/tutorial_taskflow_api_virtualenv.py
[2023-03-22T19:13:00.675-0400] {logging_mixin.py:137} INFO - [2023-03-22T19:13:00.675-0400] {dag.py:2690} INFO - Sync 1 DAGs
[2023-03-22T19:13:00.682-0400] {logging_mixin.py:137} INFO - [2023-03-22T19:13:00.682-0400] {dag.py:3437} INFO - Setting next_dagrun for tutorial_taskflow_api_virtualenv to None, run_after=None
[2023-03-22T19:13:00.689-0400] {processor.py:175} INFO - Processing /Users/sunanda/Downloads/airflow/py_env/lib/python3.9/site-packages/airflow/example_dags/tutorial_taskflow_api_virtualenv.py took 0.233 seconds
[2023-03-22T19:13:43.181-0400] {processor.py:153} INFO - Started process (PID=3999) to work on /Users/sunanda/Downloads/airflow/py_env/lib/python3.9/site-packages/airflow/example_dags/tutorial_taskflow_api_virtualenv.py
[2023-03-22T19:13:43.183-0400] {processor.py:743} INFO - Processing file /Users/sunanda/Downloads/airflow/py_env/lib/python3.9/site-packages/airflow/example_dags/tutorial_taskflow_api_virtualenv.py for tasks to queue
[2023-03-22T19:13:43.183-0400] {logging_mixin.py:137} INFO - [2023-03-22T19:13:43.183-0400] {dagbag.py:538} INFO - Filling up the DagBag from /Users/sunanda/Downloads/airflow/py_env/lib/python3.9/site-packages/airflow/example_dags/tutorial_taskflow_api_virtualenv.py
[2023-03-22T19:13:43.202-0400] {processor.py:753} INFO - DAG(s) dict_keys(['tutorial_taskflow_api_virtualenv']) retrieved from /Users/sunanda/Downloads/airflow/py_env/lib/python3.9/site-packages/airflow/example_dags/tutorial_taskflow_api_virtualenv.py
[2023-03-22T19:13:43.397-0400] {logging_mixin.py:137} INFO - [2023-03-22T19:13:43.397-0400] {dag.py:2690} INFO - Sync 1 DAGs
[2023-03-22T19:13:43.404-0400] {logging_mixin.py:137} INFO - [2023-03-22T19:13:43.404-0400] {dag.py:3437} INFO - Setting next_dagrun for tutorial_taskflow_api_virtualenv to None, run_after=None
[2023-03-22T19:13:43.412-0400] {processor.py:175} INFO - Processing /Users/sunanda/Downloads/airflow/py_env/lib/python3.9/site-packages/airflow/example_dags/tutorial_taskflow_api_virtualenv.py took 0.232 seconds
[2023-03-22T19:13:56.529-0400] {processor.py:153} INFO - Started process (PID=4021) to work on /Users/sunanda/Downloads/airflow/py_env/lib/python3.9/site-packages/airflow/example_dags/tutorial_taskflow_api_virtualenv.py
[2023-03-22T19:13:56.532-0400] {processor.py:743} INFO - Processing file /Users/sunanda/Downloads/airflow/py_env/lib/python3.9/site-packages/airflow/example_dags/tutorial_taskflow_api_virtualenv.py for tasks to queue
[2023-03-22T19:13:56.532-0400] {logging_mixin.py:137} INFO - [2023-03-22T19:13:56.532-0400] {dagbag.py:538} INFO - Filling up the DagBag from /Users/sunanda/Downloads/airflow/py_env/lib/python3.9/site-packages/airflow/example_dags/tutorial_taskflow_api_virtualenv.py
[2023-03-22T19:13:56.550-0400] {processor.py:753} INFO - DAG(s) dict_keys(['tutorial_taskflow_api_virtualenv']) retrieved from /Users/sunanda/Downloads/airflow/py_env/lib/python3.9/site-packages/airflow/example_dags/tutorial_taskflow_api_virtualenv.py
[2023-03-22T19:13:56.743-0400] {logging_mixin.py:137} INFO - [2023-03-22T19:13:56.742-0400] {dag.py:2690} INFO - Sync 1 DAGs
[2023-03-22T19:13:56.749-0400] {logging_mixin.py:137} INFO - [2023-03-22T19:13:56.749-0400] {dag.py:3437} INFO - Setting next_dagrun for tutorial_taskflow_api_virtualenv to None, run_after=None
[2023-03-22T19:13:56.757-0400] {processor.py:175} INFO - Processing /Users/sunanda/Downloads/airflow/py_env/lib/python3.9/site-packages/airflow/example_dags/tutorial_taskflow_api_virtualenv.py took 0.228 seconds
[2023-03-22T19:20:54.429-0400] {processor.py:153} INFO - Started process (PID=4506) to work on /Users/sunanda/Downloads/airflow/py_env/lib/python3.9/site-packages/airflow/example_dags/tutorial_taskflow_api_virtualenv.py
[2023-03-22T19:20:54.431-0400] {processor.py:743} INFO - Processing file /Users/sunanda/Downloads/airflow/py_env/lib/python3.9/site-packages/airflow/example_dags/tutorial_taskflow_api_virtualenv.py for tasks to queue
[2023-03-22T19:20:54.432-0400] {logging_mixin.py:137} INFO - [2023-03-22T19:20:54.432-0400] {dagbag.py:538} INFO - Filling up the DagBag from /Users/sunanda/Downloads/airflow/py_env/lib/python3.9/site-packages/airflow/example_dags/tutorial_taskflow_api_virtualenv.py
[2023-03-22T19:20:54.451-0400] {processor.py:753} INFO - DAG(s) dict_keys(['tutorial_taskflow_api_virtualenv']) retrieved from /Users/sunanda/Downloads/airflow/py_env/lib/python3.9/site-packages/airflow/example_dags/tutorial_taskflow_api_virtualenv.py
[2023-03-22T19:20:54.645-0400] {logging_mixin.py:137} INFO - [2023-03-22T19:20:54.645-0400] {dag.py:2690} INFO - Sync 1 DAGs
[2023-03-22T19:20:54.652-0400] {logging_mixin.py:137} INFO - [2023-03-22T19:20:54.651-0400] {dag.py:3437} INFO - Setting next_dagrun for tutorial_taskflow_api_virtualenv to None, run_after=None
[2023-03-22T19:20:54.659-0400] {processor.py:175} INFO - Processing /Users/sunanda/Downloads/airflow/py_env/lib/python3.9/site-packages/airflow/example_dags/tutorial_taskflow_api_virtualenv.py took 0.231 seconds
[2023-03-22T19:23:55.029-0400] {processor.py:153} INFO - Started process (PID=4726) to work on /Users/sunanda/Downloads/airflow/py_env/lib/python3.9/site-packages/airflow/example_dags/tutorial_taskflow_api_virtualenv.py
[2023-03-22T19:23:55.032-0400] {processor.py:743} INFO - Processing file /Users/sunanda/Downloads/airflow/py_env/lib/python3.9/site-packages/airflow/example_dags/tutorial_taskflow_api_virtualenv.py for tasks to queue
[2023-03-22T19:23:55.033-0400] {logging_mixin.py:137} INFO - [2023-03-22T19:23:55.033-0400] {dagbag.py:538} INFO - Filling up the DagBag from /Users/sunanda/Downloads/airflow/py_env/lib/python3.9/site-packages/airflow/example_dags/tutorial_taskflow_api_virtualenv.py
[2023-03-22T19:23:55.052-0400] {processor.py:753} INFO - DAG(s) dict_keys(['tutorial_taskflow_api_virtualenv']) retrieved from /Users/sunanda/Downloads/airflow/py_env/lib/python3.9/site-packages/airflow/example_dags/tutorial_taskflow_api_virtualenv.py
[2023-03-22T19:23:55.253-0400] {logging_mixin.py:137} INFO - [2023-03-22T19:23:55.253-0400] {dag.py:2690} INFO - Sync 1 DAGs
[2023-03-22T19:23:55.260-0400] {logging_mixin.py:137} INFO - [2023-03-22T19:23:55.260-0400] {dag.py:3437} INFO - Setting next_dagrun for tutorial_taskflow_api_virtualenv to None, run_after=None
[2023-03-22T19:23:55.268-0400] {processor.py:175} INFO - Processing /Users/sunanda/Downloads/airflow/py_env/lib/python3.9/site-packages/airflow/example_dags/tutorial_taskflow_api_virtualenv.py took 0.239 seconds
[2023-03-22T19:25:08.028-0400] {processor.py:153} INFO - Started process (PID=4839) to work on /Users/sunanda/Downloads/airflow/py_env/lib/python3.9/site-packages/airflow/example_dags/tutorial_taskflow_api_virtualenv.py
[2023-03-22T19:25:08.032-0400] {processor.py:743} INFO - Processing file /Users/sunanda/Downloads/airflow/py_env/lib/python3.9/site-packages/airflow/example_dags/tutorial_taskflow_api_virtualenv.py for tasks to queue
[2023-03-22T19:25:08.032-0400] {logging_mixin.py:137} INFO - [2023-03-22T19:25:08.032-0400] {dagbag.py:538} INFO - Filling up the DagBag from /Users/sunanda/Downloads/airflow/py_env/lib/python3.9/site-packages/airflow/example_dags/tutorial_taskflow_api_virtualenv.py
[2023-03-22T19:25:08.052-0400] {processor.py:753} INFO - DAG(s) dict_keys(['tutorial_taskflow_api_virtualenv']) retrieved from /Users/sunanda/Downloads/airflow/py_env/lib/python3.9/site-packages/airflow/example_dags/tutorial_taskflow_api_virtualenv.py
[2023-03-22T19:25:08.252-0400] {logging_mixin.py:137} INFO - [2023-03-22T19:25:08.252-0400] {dag.py:2690} INFO - Sync 1 DAGs
[2023-03-22T19:25:08.259-0400] {logging_mixin.py:137} INFO - [2023-03-22T19:25:08.259-0400] {dag.py:3437} INFO - Setting next_dagrun for tutorial_taskflow_api_virtualenv to None, run_after=None
[2023-03-22T19:25:08.266-0400] {processor.py:175} INFO - Processing /Users/sunanda/Downloads/airflow/py_env/lib/python3.9/site-packages/airflow/example_dags/tutorial_taskflow_api_virtualenv.py took 0.237 seconds
[2023-03-22T19:25:50.886-0400] {processor.py:153} INFO - Started process (PID=4904) to work on /Users/sunanda/Downloads/airflow/py_env/lib/python3.9/site-packages/airflow/example_dags/tutorial_taskflow_api_virtualenv.py
[2023-03-22T19:25:50.888-0400] {processor.py:743} INFO - Processing file /Users/sunanda/Downloads/airflow/py_env/lib/python3.9/site-packages/airflow/example_dags/tutorial_taskflow_api_virtualenv.py for tasks to queue
[2023-03-22T19:25:50.889-0400] {logging_mixin.py:137} INFO - [2023-03-22T19:25:50.889-0400] {dagbag.py:538} INFO - Filling up the DagBag from /Users/sunanda/Downloads/airflow/py_env/lib/python3.9/site-packages/airflow/example_dags/tutorial_taskflow_api_virtualenv.py
[2023-03-22T19:25:50.909-0400] {processor.py:753} INFO - DAG(s) dict_keys(['tutorial_taskflow_api_virtualenv']) retrieved from /Users/sunanda/Downloads/airflow/py_env/lib/python3.9/site-packages/airflow/example_dags/tutorial_taskflow_api_virtualenv.py
[2023-03-22T19:25:51.110-0400] {logging_mixin.py:137} INFO - [2023-03-22T19:25:51.110-0400] {dag.py:2690} INFO - Sync 1 DAGs
[2023-03-22T19:25:51.117-0400] {logging_mixin.py:137} INFO - [2023-03-22T19:25:51.117-0400] {dag.py:3437} INFO - Setting next_dagrun for tutorial_taskflow_api_virtualenv to None, run_after=None
[2023-03-22T19:25:51.125-0400] {processor.py:175} INFO - Processing /Users/sunanda/Downloads/airflow/py_env/lib/python3.9/site-packages/airflow/example_dags/tutorial_taskflow_api_virtualenv.py took 0.239 seconds
[2023-03-22T19:26:30.627-0400] {processor.py:153} INFO - Started process (PID=4966) to work on /Users/sunanda/Downloads/airflow/py_env/lib/python3.9/site-packages/airflow/example_dags/tutorial_taskflow_api_virtualenv.py
[2023-03-22T19:26:30.629-0400] {processor.py:743} INFO - Processing file /Users/sunanda/Downloads/airflow/py_env/lib/python3.9/site-packages/airflow/example_dags/tutorial_taskflow_api_virtualenv.py for tasks to queue
[2023-03-22T19:26:30.630-0400] {logging_mixin.py:137} INFO - [2023-03-22T19:26:30.630-0400] {dagbag.py:538} INFO - Filling up the DagBag from /Users/sunanda/Downloads/airflow/py_env/lib/python3.9/site-packages/airflow/example_dags/tutorial_taskflow_api_virtualenv.py
[2023-03-22T19:26:30.649-0400] {processor.py:753} INFO - DAG(s) dict_keys(['tutorial_taskflow_api_virtualenv']) retrieved from /Users/sunanda/Downloads/airflow/py_env/lib/python3.9/site-packages/airflow/example_dags/tutorial_taskflow_api_virtualenv.py
[2023-03-22T19:26:30.843-0400] {logging_mixin.py:137} INFO - [2023-03-22T19:26:30.843-0400] {dag.py:2690} INFO - Sync 1 DAGs
[2023-03-22T19:26:30.850-0400] {logging_mixin.py:137} INFO - [2023-03-22T19:26:30.850-0400] {dag.py:3437} INFO - Setting next_dagrun for tutorial_taskflow_api_virtualenv to None, run_after=None
[2023-03-22T19:26:30.857-0400] {processor.py:175} INFO - Processing /Users/sunanda/Downloads/airflow/py_env/lib/python3.9/site-packages/airflow/example_dags/tutorial_taskflow_api_virtualenv.py took 0.231 seconds
[2023-03-22T19:27:13.631-0400] {processor.py:153} INFO - Started process (PID=5034) to work on /Users/sunanda/Downloads/airflow/py_env/lib/python3.9/site-packages/airflow/example_dags/tutorial_taskflow_api_virtualenv.py
[2023-03-22T19:27:13.634-0400] {processor.py:743} INFO - Processing file /Users/sunanda/Downloads/airflow/py_env/lib/python3.9/site-packages/airflow/example_dags/tutorial_taskflow_api_virtualenv.py for tasks to queue
[2023-03-22T19:27:13.634-0400] {logging_mixin.py:137} INFO - [2023-03-22T19:27:13.634-0400] {dagbag.py:538} INFO - Filling up the DagBag from /Users/sunanda/Downloads/airflow/py_env/lib/python3.9/site-packages/airflow/example_dags/tutorial_taskflow_api_virtualenv.py
[2023-03-22T19:27:13.655-0400] {processor.py:753} INFO - DAG(s) dict_keys(['tutorial_taskflow_api_virtualenv']) retrieved from /Users/sunanda/Downloads/airflow/py_env/lib/python3.9/site-packages/airflow/example_dags/tutorial_taskflow_api_virtualenv.py
[2023-03-22T19:27:13.922-0400] {logging_mixin.py:137} INFO - [2023-03-22T19:27:13.922-0400] {dag.py:2690} INFO - Sync 1 DAGs
[2023-03-22T19:27:13.928-0400] {logging_mixin.py:137} INFO - [2023-03-22T19:27:13.928-0400] {dag.py:3437} INFO - Setting next_dagrun for tutorial_taskflow_api_virtualenv to None, run_after=None
[2023-03-22T19:27:13.940-0400] {processor.py:175} INFO - Processing /Users/sunanda/Downloads/airflow/py_env/lib/python3.9/site-packages/airflow/example_dags/tutorial_taskflow_api_virtualenv.py took 0.310 seconds
