[2023-03-22T16:35:31.675-0400] {taskinstance.py:1083} INFO - Dependencies all met for <TaskInstance: my_api_connection.api_sensor scheduled__2023-03-19T00:00:00+00:00 [queued]>
[2023-03-22T16:35:31.687-0400] {taskinstance.py:1083} INFO - Dependencies all met for <TaskInstance: my_api_connection.api_sensor scheduled__2023-03-19T00:00:00+00:00 [queued]>
[2023-03-22T16:35:31.687-0400] {taskinstance.py:1279} INFO - 
--------------------------------------------------------------------------------
[2023-03-22T16:35:31.687-0400] {taskinstance.py:1280} INFO - Starting attempt 4 of 1
[2023-03-22T16:35:31.687-0400] {taskinstance.py:1281} INFO - 
--------------------------------------------------------------------------------
[2023-03-22T16:35:31.692-0400] {taskinstance.py:1300} INFO - Executing <Task(HttpSensor): api_sensor> on 2023-03-19 00:00:00+00:00
[2023-03-22T16:35:31.695-0400] {standard_task_runner.py:55} INFO - Started process 76012 to run task
[2023-03-22T16:35:31.697-0400] {standard_task_runner.py:82} INFO - Running: ['airflow', 'tasks', 'run', 'my_api_connection', 'api_sensor', 'scheduled__2023-03-19T00:00:00+00:00', '--job-id', '55', '--raw', '--subdir', 'DAGS_FOLDER/cities.py', '--cfg-path', '/var/folders/71/zhs_yc7n05l7c97rnhn92bb80000gn/T/tmpdll2qise']
[2023-03-22T16:35:31.698-0400] {standard_task_runner.py:83} INFO - Job 55: Subtask api_sensor
[2023-03-22T16:35:31.718-0400] {task_command.py:388} INFO - Running <TaskInstance: my_api_connection.api_sensor scheduled__2023-03-19T00:00:00+00:00 [running]> on host sunandas-laptop.local
[2023-03-22T16:35:31.736-0400] {taskinstance.py:1507} INFO - Exporting the following env vars:
AIRFLOW_CTX_DAG_OWNER=airflow
AIRFLOW_CTX_DAG_ID=my_api_connection
AIRFLOW_CTX_TASK_ID=api_sensor
AIRFLOW_CTX_EXECUTION_DATE=2023-03-19T00:00:00+00:00
AIRFLOW_CTX_TRY_NUMBER=4
AIRFLOW_CTX_DAG_RUN_ID=scheduled__2023-03-19T00:00:00+00:00
[2023-03-22T16:35:31.736-0400] {http.py:122} INFO - Poking: weather?q=cities,states,US&units=standard&appid=94ca56afa3eee20f7100985fdfe682aa
[2023-03-22T16:35:31.739-0400] {base.py:73} INFO - Using connection ID 'my_api_connection' for task execution.
