[2023-03-22T16:19:04.971-0400] {taskinstance.py:1083} INFO - Dependencies all met for <TaskInstance: my_api_connection.api_sensor manual__2023-03-22T20:19:00.228833+00:00 [queued]>
[2023-03-22T16:19:04.976-0400] {taskinstance.py:1083} INFO - Dependencies all met for <TaskInstance: my_api_connection.api_sensor manual__2023-03-22T20:19:00.228833+00:00 [queued]>
[2023-03-22T16:19:04.976-0400] {taskinstance.py:1279} INFO - 
--------------------------------------------------------------------------------
[2023-03-22T16:19:04.976-0400] {taskinstance.py:1280} INFO - Starting attempt 1 of 1
[2023-03-22T16:19:04.976-0400] {taskinstance.py:1281} INFO - 
--------------------------------------------------------------------------------
[2023-03-22T16:19:04.981-0400] {taskinstance.py:1300} INFO - Executing <Task(HttpSensor): api_sensor> on 2023-03-22 20:19:00.228833+00:00
[2023-03-22T16:19:04.984-0400] {standard_task_runner.py:55} INFO - Started process 74913 to run task
[2023-03-22T16:19:04.987-0400] {standard_task_runner.py:82} INFO - Running: ['airflow', 'tasks', 'run', 'my_api_connection', 'api_sensor', 'manual__2023-03-22T20:19:00.228833+00:00', '--job-id', '36', '--raw', '--subdir', 'DAGS_FOLDER/cities.py', '--cfg-path', '/var/folders/71/zhs_yc7n05l7c97rnhn92bb80000gn/T/tmp499ygzr_']
[2023-03-22T16:19:04.987-0400] {standard_task_runner.py:83} INFO - Job 36: Subtask api_sensor
[2023-03-22T16:19:05.009-0400] {task_command.py:388} INFO - Running <TaskInstance: my_api_connection.api_sensor manual__2023-03-22T20:19:00.228833+00:00 [running]> on host sunandas-laptop.local
[2023-03-22T16:19:05.033-0400] {taskinstance.py:1507} INFO - Exporting the following env vars:
AIRFLOW_CTX_DAG_OWNER=airflow
AIRFLOW_CTX_DAG_ID=my_api_connection
AIRFLOW_CTX_TASK_ID=api_sensor
AIRFLOW_CTX_EXECUTION_DATE=2023-03-22T20:19:00.228833+00:00
AIRFLOW_CTX_TRY_NUMBER=1
AIRFLOW_CTX_DAG_RUN_ID=manual__2023-03-22T20:19:00.228833+00:00
[2023-03-22T16:19:05.034-0400] {http.py:122} INFO - Poking: weather?q=cities,states,US&units=standard&appid=94ca56afa3eee20f7100985fdfe682aa
[2023-03-22T16:19:05.036-0400] {base.py:73} INFO - Using connection ID 'my_api_connection' for task execution.
