[2023-03-25T14:19:57.292-0400] {taskinstance.py:1084} INFO - Dependencies all met for dep_context=non-requeueable deps ti=<TaskInstance: api_dag.wait_for_file manual__2023-03-22T23:39:09.715241+00:00 [queued]>
[2023-03-25T14:19:57.297-0400] {taskinstance.py:1084} INFO - Dependencies all met for dep_context=requeueable deps ti=<TaskInstance: api_dag.wait_for_file manual__2023-03-22T23:39:09.715241+00:00 [queued]>
[2023-03-25T14:19:57.297-0400] {taskinstance.py:1282} INFO - 
--------------------------------------------------------------------------------
[2023-03-25T14:19:57.297-0400] {taskinstance.py:1283} INFO - Starting attempt 1 of 1
[2023-03-25T14:19:57.297-0400] {taskinstance.py:1284} INFO - 
--------------------------------------------------------------------------------
[2023-03-25T14:19:57.301-0400] {taskinstance.py:1303} INFO - Executing <Task(FileSensor): wait_for_file> on 2023-03-22 23:39:09.715241+00:00
[2023-03-25T14:19:57.303-0400] {standard_task_runner.py:55} INFO - Started process 9135 to run task
[2023-03-25T14:19:57.305-0400] {standard_task_runner.py:82} INFO - Running: ['airflow', 'tasks', 'run', 'api_dag', 'wait_for_file', 'manual__2023-03-22T23:39:09.715241+00:00', '--job-id', '101', '--raw', '--subdir', 'DAGS_FOLDER/weatherapi_test.py', '--cfg-path', '/var/folders/71/zhs_yc7n05l7c97rnhn92bb80000gn/T/tmpzdqlm0dv']
[2023-03-25T14:19:57.306-0400] {standard_task_runner.py:83} INFO - Job 101: Subtask wait_for_file
[2023-03-25T14:19:57.325-0400] {task_command.py:388} INFO - Running <TaskInstance: api_dag.wait_for_file manual__2023-03-22T23:39:09.715241+00:00 [running]> on host sunandas-laptop.hsd1.ga.comcast.net
[2023-03-25T14:19:57.343-0400] {taskinstance.py:1509} INFO - Exporting the following env vars:
AIRFLOW_CTX_DAG_OWNER=airflow
AIRFLOW_CTX_DAG_ID=api_dag
AIRFLOW_CTX_TASK_ID=wait_for_file
AIRFLOW_CTX_EXECUTION_DATE=2023-03-22T23:39:09.715241+00:00
AIRFLOW_CTX_TRY_NUMBER=1
AIRFLOW_CTX_DAG_RUN_ID=manual__2023-03-22T23:39:09.715241+00:00
[2023-03-25T14:19:57.346-0400] {base.py:73} INFO - Using connection ID 'fs_default' for task execution.
[2023-03-25T14:19:57.346-0400] {filesystem.py:64} INFO - Poking for file /Users/sunanda/Downloads/airflow/california_cities_data.csv
[2023-03-25T14:19:57.346-0400] {filesystem.py:69} INFO - Found File /Users/sunanda/Downloads/airflow/california_cities_data.csv last modified: 20230322235046
[2023-03-25T14:19:57.347-0400] {base.py:228} INFO - Success criteria met. Exiting.
[2023-03-25T14:19:57.348-0400] {taskinstance.py:1321} INFO - Marking task as SUCCESS. dag_id=api_dag, task_id=wait_for_file, execution_date=20230322T233909, start_date=20230325T181957, end_date=20230325T181957
[2023-03-25T14:19:57.367-0400] {local_task_job.py:212} INFO - Task exited with return code 0
[2023-03-25T14:19:57.372-0400] {taskinstance.py:2585} INFO - 0 downstream tasks scheduled from follow-on schedule check
